{"Output": [
{"Acceptance":[0.8484593837535014],"Energy":{"Mean":-153.44354838709683,"Sigma":0.7424992014603584,"Taucorr":-0.05390676942902434},"EnergyVariance":{"Mean":76.00487773152966,"Sigma":11.056970240930537,"Taucorr":-0.02686750962615675},"Iteration":0},
{"Acceptance":[0.826750700280112],"Energy":{"Mean":-154.83870967741936,"Sigma":0.8379882132688521,"Taucorr":0.022007990013269696},"EnergyVariance":{"Mean":82.73204994797084,"Sigma":9.415561826876015,"Taucorr":-0.13974206218285679},"Iteration":1},
{"Acceptance":[0.7011204481792717],"Energy":{"Mean":-159.2016129032258,"Sigma":0.8249649190031344,"Taucorr":0.0767979658470962},"EnergyVariance":{"Mean":72.56419094693027,"Sigma":9.467279809410206,"Taucorr":0.1981693060472467},"Iteration":2},
{"Acceptance":[0.41876750700280113],"Energy":{"Mean":-172.16935483870964,"Sigma":0.7043821261743871,"Taucorr":0.18009529373053024},"EnergyVariance":{"Mean":44.866480228928204,"Sigma":6.566985306094314,"Taucorr":-0.025174038902752882},"Iteration":3},
{"Acceptance":[0.13879551820728292],"Energy":{"Mean":-187.81451612903226,"Sigma":0.45199196841034384,"Taucorr":0.3482268226822679},"EnergyVariance":{"Mean":14.812369927159208,"Sigma":2.898522000086273,"Taucorr":0.3138573486938855},"Iteration":4},
{"Acceptance":[0.04285714285714286],"Energy":{"Mean":-191.2983870967742,"Sigma":0.168970377739976,"Taucorr":0.4306297611250932},"EnergyVariance":{"Mean":1.8867715920915709,"Sigma":0.7002564946317693,"Taucorr":0.4040192096607125},"Iteration":5},
{"Acceptance":[0.0376750700280112],"Energy":{"Mean":-191.75806451612905,"Sigma":0.11209387325092918,"Taucorr":0.18082741233096356},"EnergyVariance":{"Mean":1.135015608740895,"Sigma":0.27606021043003315,"Taucorr":-0.00015348748598398299},"Iteration":6},
{"Acceptance":[0.0365546218487395],"Energy":{"Mean":-192.2661290322581,"Sigma":0.111764611918445,"Taucorr":0.2547185483355715},"EnergyVariance":{"Mean":1.017885015608741,"Sigma":0.22439935127454178,"Taucorr":0.2035673092963194},"Iteration":7},
{"Acceptance":[0.02226890756302521],"Energy":{"Mean":-192.61290322580643,"Sigma":0.1488480451602916,"Taucorr":0.4417026249550514},"EnergyVariance":{"Mean":1.4469302809573361,"Sigma":0.7058878079193548,"Taucorr":0.4568362067594903},"Iteration":8},
{"Acceptance":[0.010224089635854342],"Energy":{"Mean":-192.83064516129028,"Sigma":0.09726577654475442,"Taucorr":0.21120120836315148},"EnergyVariance":{"Mean":0.8180931321540061,"Sigma":0.5216966302496738,"Taucorr":0.14956517135392866},"Iteration":9},
{"Acceptance":[0.01288515406162465],"Energy":{"Mean":-192.79838709677415,"Sigma":0.08473500346170063,"Taucorr":0.09542225730070297},"EnergyVariance":{"Mean":0.7416103017689906,"Sigma":0.37202731663096533,"Taucorr":0.06018899354899543},"Iteration":10},
{"Acceptance":[0.013585434173669468],"Energy":{"Mean":-192.8709677419355,"Sigma":0.06646909677082234,"Taucorr":-0.018231088560886288},"EnergyVariance":{"Mean":0.5639958376690944,"Sigma":0.3946515967097522,"Taucorr":-0.010792625454564664},"Iteration":11},
{"Acceptance":[0.01330532212885154],"Energy":{"Mean":-192.66129032258067,"Sigma":0.12516032035983624,"Taucorr":0.04855947267070637},"EnergyVariance":{"Mean":1.7562434963579612,"Sigma":0.7891965013345419,"Taucorr":-0.02941664901961777},"Iteration":12},
{"Acceptance":[0.006442577030812325],"Energy":{"Mean":-192.69354838709683,"Sigma":0.1492407655593882,"Taucorr":0.7642076830732352},"EnergyVariance":{"Mean":1.0835067637877211,"Sigma":0.5107120938212572,"Taucorr":0.6980977225968275},"Iteration":13},
{"Acceptance":[0.010364145658263305],"Energy":{"Mean":-192.991935483871,"Sigma":0.024549354960926348,"Taucorr":0.011121076233174265},"EnergyVariance":{"Mean":0.07251560874089491,"Sigma":0.04517479260232939,"Taucorr":-0.01846420210814087},"Iteration":14},
{"Acceptance":[0.008683473389355743],"Energy":{"Mean":-192.9838709677419,"Sigma":0.01612903225806496,"Taucorr":1.84297022087776e-14},"EnergyVariance":{"Mean":0.031997918834547334,"Sigma":0.03173777315296429,"Taucorr":-2.220446049250313e-16},"Iteration":15},
{"Acceptance":[0.007282913165266107],"Energy":{"Mean":-192.91935483870967,"Sigma":0.06597806002856978,"Taucorr":1.2295798319327758},"EnergyVariance":{"Mean":0.15478668054110303,"Sigma":0.12131449747188455,"Taucorr":1.2295798319327729},"Iteration":16},
{"Acceptance":[0.011204481792717087],"Energy":{"Mean":-192.94354838709677,"Sigma":0.025159911735049147,"Taucorr":-0.04479087452469943},"EnergyVariance":{"Mean":0.08552289281997918,"Sigma":0.042979893025049586,"Taucorr":-0.03056872718791992},"Iteration":17},
{"Acceptance":[0.00980392156862745],"Energy":{"Mean":-192.9677419354839,"Sigma":0.025245928778223334,"Taucorr":0.7556250000000031},"EnergyVariance":{"Mean":0.031217481789802284,"Sigma":0.023617159179629855,"Taucorr":0.7556249999999998},"Iteration":18},
{"Acceptance":[0.005322128851540616],"Energy":{"Mean":-192.94354838709677,"Sigma":0.04878865632985264,"Taucorr":0.3809784735812237},"EnergyVariance":{"Mean":0.16616805411030178,"Sigma":0.15575299837176132,"Taucorr":0.22980824760487728},"Iteration":19},
{"Acceptance":[0.009523809523809525],"Energy":{"Mean":-192.90322580645164,"Sigma":0.05397806622800567,"Taucorr":0.22050209205022364},"EnergyVariance":{"Mean":0.24869927159209157,"Sigma":0.15675749332984623,"Taucorr":0.17666876763602357},"Iteration":20},
{"Acceptance":[0.009663865546218488],"Energy":{"Mean":-192.93548387096772,"Sigma":0.038394776497542034,"Taucorr":0.4789325842696629},"EnergyVariance":{"Mean":0.0926118626430801,"Sigma":0.049365022264692464,"Taucorr":0.11805199560599655},"Iteration":21},
{"Acceptance":[0.007983193277310924],"Energy":{"Mean":-192.76612903225808,"Sigma":0.11647573693471433,"Taucorr":0.6467685706623714},"EnergyVariance":{"Mean":0.7275624349635796,"Sigma":0.36221457099178533,"Taucorr":0.22935809536991025},"Iteration":22},
{"Acceptance":[0.008403361344537815],"Energy":{"Mean":-192.98387096774192,"Sigma":0.01612903225806431,"Taucorr":-1.1213252548714081e-14},"EnergyVariance":{"Mean":0.03199791883454734,"Sigma":0.031737773152965214,"Taucorr":0.0},"Iteration":23},
{"Acceptance":[0.008963585434173669],"Energy":{"Mean":-192.79032258064515,"Sigma":0.16358581574218592,"Taucorr":0.48802124004373637},"EnergyVariance":{"Mean":1.6657127991675342,"Sigma":1.5437386575211636,"Taucorr":0.5062085730801842},"Iteration":24},
{"Acceptance":[0.010644257703081233],"Energy":{"Mean":-193.0,"Sigma":0.0,"Taucorr":null},"EnergyVariance":{"Mean":0.0,"Sigma":0.0,"Taucorr":null},"Iteration":25},
{"Acceptance":[0.011484593837535015],"Energy":{"Mean":-192.76612903225805,"Sigma":0.12320511564172613,"Taucorr":0.47920049116582697},"EnergyVariance":{"Mean":0.9533688865764829,"Sigma":0.4747757293745998,"Taucorr":0.33546531337254537},"Iteration":26},
{"Acceptance":[0.011484593837535015],"Energy":{"Mean":-192.9354838709677,"Sigma":0.03839477649754218,"Taucorr":0.22604166666666914},"EnergyVariance":{"Mean":0.12486992715920912,"Sigma":0.08187706671719146,"Taucorr":0.07666932468228049},"Iteration":27},
{"Acceptance":[0.011064425770308124],"Energy":{"Mean":-192.92741935483875,"Sigma":0.050791515128202354,"Taucorr":-0.012392564461319533},"EnergyVariance":{"Mean":0.3253772112382935,"Sigma":0.22838962391960826,"Taucorr":-0.011491419486613308},"Iteration":28},
{"Acceptance":[0.015546218487394958],"Energy":{"Mean":-192.85483870967738,"Sigma":0.10674446521144727,"Taucorr":0.32451790633608946},"EnergyVariance":{"Mean":0.8498959417273673,"Sigma":0.6094764626588993,"Taucorr":0.32451790633608824},"Iteration":29},
{"Acceptance":[0.009523809523809525],"Energy":{"Mean":-193.0,"Sigma":0.0,"Taucorr":null},"EnergyVariance":{"Mean":0.0,"Sigma":0.0,"Taucorr":null},"Iteration":30},
{"Acceptance":[0.010364145658263305],"Energy":{"Mean":-193.0,"Sigma":0.0,"Taucorr":null},"EnergyVariance":{"Mean":0.0,"Sigma":0.0,"Taucorr":null},"Iteration":31},
{"Acceptance":[0.01050420168067227],"Energy":{"Mean":-192.9516129032258,"Sigma":0.03558148840381491,"Taucorr":-0.010147299509018992},"EnergyVariance":{"Mean":0.15894901144640997,"Sigma":0.128600547198732,"Taucorr":-0.005821639123296196},"Iteration":32},
{"Acceptance":[0.01134453781512605],"Energy":{"Mean":-192.99999999999997,"Sigma":0.0518475847365222,"Taucorr":0.3541666666666844},"EnergyVariance":{"Mean":0.19354838709677422,"Sigma":0.097488403928113,"Taucorr":0.2933615819209039},"Iteration":33},
{"Acceptance":[0.01330532212885154],"Energy":{"Mean":-192.96774193548393,"Sigma":0.032258064516128955,"Taucorr":4.440892098500626e-16},"EnergyVariance":{"Mean":0.1279916753381894,"Sigma":0.12695109261186638,"Taucorr":0.0},"Iteration":34},
{"Acceptance":[0.010364145658263305],"Energy":{"Mean":-192.95161290322582,"Sigma":0.035581488403816135,"Taucorr":-0.010147299508992735},"EnergyVariance":{"Mean":0.15894901144640997,"Sigma":0.128600547198734,"Taucorr":-0.005821639123296196},"Iteration":35},
{"Acceptance":[0.00742296918767507],"Energy":{"Mean":-192.98387096774192,"Sigma":0.016129032258064,"Taucorr":-2.453592884421596e-14},"EnergyVariance":{"Mean":0.03199791883454735,"Sigma":0.03173777315296522,"Taucorr":0.0},"Iteration":36},
{"Acceptance":[0.011764705882352941],"Energy":{"Mean":-193.0,"Sigma":0.0,"Taucorr":null},"EnergyVariance":{"Mean":0.0,"Sigma":0.0,"Taucorr":null},"Iteration":37},
{"Acceptance":[0.012324929971988795],"Energy":{"Mean":-193.0,"Sigma":0.0,"Taucorr":null},"EnergyVariance":{"Mean":0.0,"Sigma":0.0,"Taucorr":null},"Iteration":38},
{"Acceptance":[0.010644257703081233],"Energy":{"Mean":-192.88709677419357,"Sigma":0.0722513437734725,"Taucorr":0.2895713371721059},"EnergyVariance":{"Mean":0.4066077003121748,"Sigma":0.26881003201692777,"Taucorr":0.3138405127725392},"Iteration":39},
{"Acceptance":[0.004481792717086834],"Energy":{"Mean":-193.0,"Sigma":0.0,"Taucorr":null},"EnergyVariance":{"Mean":0.0,"Sigma":0.0,"Taucorr":null},"Iteration":40},
{"Acceptance":[0.005742296918767507],"Energy":{"Mean":-193.0161290322581,"Sigma":0.0161290322580648,"Taucorr":1.532107773982716e-14},"EnergyVariance":{"Mean":0.031997918834547334,"Sigma":0.0317377731529643,"Taucorr":0.0},"Iteration":41},
{"Acceptance":[0.00938375350140056],"Energy":{"Mean":-192.99193548387098,"Sigma":0.04561979233461591,"Taucorr":0.012099921935986524},"EnergyVariance":{"Mean":0.2499349635796046,"Sigma":0.20219405349012445,"Taucorr":-0.006347450677116673},"Iteration":42},
{"Acceptance":[0.01134453781512605],"Energy":{"Mean":-192.93548387096774,"Sigma":0.03839477649754181,"Taucorr":0.6853741496598527},"EnergyVariance":{"Mean":0.0764828303850156,"Sigma":0.04226418688085968,"Taucorr":0.260793124975395},"Iteration":43},
{"Acceptance":[0.010784313725490196],"Energy":{"Mean":-193.0,"Sigma":0.0,"Taucorr":null},"EnergyVariance":{"Mean":0.0,"Sigma":0.0,"Taucorr":null},"Iteration":44},
{"Acceptance":[0.0070028011204481795],"Energy":{"Mean":-193.0,"Sigma":0.0,"Taucorr":null},"EnergyVariance":{"Mean":0.0,"Sigma":0.0,"Taucorr":null},"Iteration":45},
{"Acceptance":[0.00938375350140056],"Energy":{"Mean":-192.9838709677419,"Sigma":0.028245001153900603,"Taucorr":0.11035598705502181},"EnergyVariance":{"Mean":0.08038501560874088,"Sigma":0.046785159472430254,"Taucorr":0.004519583135489058},"Iteration":46},
{"Acceptance":[0.010784313725490196],"Energy":{"Mean":-193.0,"Sigma":0.0,"Taucorr":null},"EnergyVariance":{"Mean":0.0,"Sigma":0.0,"Taucorr":null},"Iteration":47},
{"Acceptance":[0.01050420168067227],"Energy":{"Mean":-193.0,"Sigma":0.0,"Taucorr":null},"EnergyVariance":{"Mean":0.0,"Sigma":0.0,"Taucorr":null},"Iteration":48},
{"Acceptance":[0.012184873949579832],"Energy":{"Mean":-192.92741935483875,"Sigma":0.05337223260572363,"Taucorr":0.3245179063360917},"EnergyVariance":{"Mean":0.21247398543184184,"Sigma":0.1523691156647309,"Taucorr":0.324517906336088},"Iteration":49},
{"Acceptance":[0.013585434173669468],"Energy":{"Mean":-192.96774193548387,"Sigma":0.03225806451612992,"Taucorr":2.0872192862952943e-14},"EnergyVariance":{"Mean":0.12799167533818936,"Sigma":0.12695109261186271,"Taucorr":2.220446049250313e-16},"Iteration":50},
{"Acceptance":[0.010924369747899159],"Energy":{"Mean":-193.0322580645161,"Sigma":0.022426509263026122,"Taucorr":-0.012704918032783397},"EnergyVariance":{"Mean":0.06347554630593133,"Sigma":0.04340614696069686,"Taucorr":-0.012704918032786894},"Iteration":51},
{"Acceptance":[0.015546218487394958],"Energy":{"Mean":-193.0,"Sigma":0.0,"Taucorr":null},"EnergyVariance":{"Mean":0.0,"Sigma":0.0,"Taucorr":null},"Iteration":52},
{"Acceptance":[0.012184873949579832],"Energy":{"Mean":-192.98387096774192,"Sigma":0.016129032258064287,"Taucorr":-1.2434497875801753e-14},"EnergyVariance":{"Mean":0.03199791883454734,"Sigma":0.031737773152965214,"Taucorr":0.0},"Iteration":53},
{"Acceptance":[0.01442577030812325],"Energy":{"Mean":-192.9516129032258,"Sigma":0.048387096774193644,"Taucorr":0.5081967213114775},"EnergyVariance":{"Mean":0.14281997918834546,"Sigma":0.14047866805410905,"Taucorr":0.5081967213114753},"Iteration":54},
{"Acceptance":[0.01526610644257703],"Energy":{"Mean":-192.99193548387098,"Sigma":0.00806451612903242,"Taucorr":1.6209256159527285e-14},"EnergyVariance":{"Mean":0.007999479708636837,"Sigma":0.007934443288241534,"Taucorr":0.0},"Iteration":55},
{"Acceptance":[0.013585434173669468],"Energy":{"Mean":-193.00806451612905,"Sigma":0.01827166179351304,"Taucorr":0.010016155088884093},"EnergyVariance":{"Mean":0.040257544224765886,"Sigma":0.03276488127976858,"Taucorr":-0.006080986408855793},"Iteration":56},
{"Acceptance":[0.017086834733893556],"Energy":{"Mean":-193.01612903225808,"Sigma":0.016129032258064235,"Taucorr":-9.880984919163893e-15},"EnergyVariance":{"Mean":0.03199791883454734,"Sigma":0.03173777315296522,"Taucorr":0.0},"Iteration":57},
{"Acceptance":[0.018487394957983194],"Energy":{"Mean":-193.0645161290323,"Sigma":0.030602687033887327,"Taucorr":-0.03875000000000517},"EnergyVariance":{"Mean":0.12486992715920915,"Sigma":0.05725664025694752,"Taucorr":-0.03875000000000006},"Iteration":58},
{"Acceptance":[0.0226890756302521],"Energy":{"Mean":-193.0645161290323,"Sigma":0.03060268703388775,"Taucorr":-0.03874999999999579},"EnergyVariance":{"Mean":0.12486992715920912,"Sigma":0.057256640256947516,"Taucorr":-0.03875000000000006},"Iteration":59},
{"Acceptance":[0.020028011204481794],"Energy":{"Mean":-193.1935483870968,"Sigma":0.05524831216630149,"Taucorr":0.036904761904758554},"EnergyVariance":{"Mean":0.34963579604578565,"Sigma":0.0891101809133872,"Taucorr":0.036904761904761774},"Iteration":60},
{"Acceptance":[0.01442577030812325],"Energy":{"Mean":-194.36290322580643,"Sigma":0.10096224520404878,"Taucorr":0.13369272237197116},"EnergyVariance":{"Mean":0.9892689906347553,"Sigma":0.16284085908351095,"Taucorr":0.02825677620310485},"Iteration":61},
{"Acceptance":[0.0005602240896358543],"Energy":{"Mean":-195.0,"Sigma":0.0,"Taucorr":null},"EnergyVariance":{"Mean":0.0,"Sigma":0.0,"Taucorr":null},"Iteration":62},
{"Acceptance":[0.0014005602240896359],"Energy":{"Mean":-194.91935483870967,"Sigma":0.040803582711850604,"Taucorr":-0.03309608540924164},"EnergyVariance":{"Mean":0.21930280957336112,"Sigma":0.13062111295484824,"Taucorr":-0.01938940656546384},"Iteration":63},
{"Acceptance":[0.0014005602240896359],"Energy":{"Mean":-194.8870967741935,"Sigma":0.06006124750008069,"Taucorr":-0.02909994478189748},"EnergyVariance":{"Mean":0.471123829344433,"Sigma":0.3011143880303601,"Taucorr":-0.015564542478107235},"Iteration":64},
{"Acceptance":[0.0014005602240896359],"Energy":{"Mean":-194.90322580645162,"Sigma":0.04874420196405633,"Taucorr":0.2933615819208991},"EnergyVariance":{"Mean":0.18418314255983356,"Sigma":0.08805404225765073,"Taucorr":0.2933615819209039},"Iteration":65},
{"Acceptance":[0.0011204481792717086],"Energy":{"Mean":-194.98387096774192,"Sigma":0.016129032258063652,"Taucorr":-4.196643033083092e-14},"EnergyVariance":{"Mean":0.03199791883454735,"Sigma":0.03173777315296523,"Taucorr":2.220446049250313e-16},"Iteration":66},
{"Acceptance":[0.0014005602240896359],"Energy":{"Mean":-194.90322580645162,"Sigma":0.09677419354838701,"Taucorr":1.5499999999999976},"EnergyVariance":{"Mean":0.2809573361082206,"Sigma":0.2715920915712805,"Taucorr":1.5500000000000003},"Iteration":67},
{"Acceptance":[0.0008403361344537816],"Energy":{"Mean":-194.91935483870967,"Sigma":0.06597806002857018,"Taucorr":0.44326306141155913},"EnergyVariance":{"Mean":0.2838189386056192,"Sigma":0.24844454668808508,"Taucorr":0.48987027775881664},"Iteration":68},
{"Acceptance":[0.0008403361344537816],"Energy":{"Mean":-195.0,"Sigma":0.0,"Taucorr":null},"EnergyVariance":{"Mean":0.0,"Sigma":0.0,"Taucorr":null},"Iteration":69},
{"Acceptance":[0.0011204481792717086],"Energy":{"Mean":-194.98387096774192,"Sigma":0.01612903225806424,"Taucorr":-1.2878587085651816e-14},"EnergyVariance":{"Mean":0.031997918834547334,"Sigma":0.031737773152965214,"Taucorr":-2.220446049250313e-16},"Iteration":70},
{"Acceptance":[0.0025210084033613447],"Energy":{"Mean":-194.9838709677419,"Sigma":0.016129032258064613,"Taucorr":0.5081967213114842},"EnergyVariance":{"Mean":0.01586888657648283,"Sigma":0.015608740894899786,"Taucorr":0.5081967213114753},"Iteration":71},
{"Acceptance":[0.0016806722689075631],"Energy":{"Mean":-194.9032258064516,"Sigma":0.05874747690171015,"Taucorr":0.08697841726617961},"EnergyVariance":{"Mean":0.3616024973985431,"Sigma":0.2848091903769643,"Taucorr":0.004661475540856275},"Iteration":72},
{"Acceptance":[0.0008403361344537816],"Energy":{"Mean":-195.0,"Sigma":0.0,"Taucorr":null},"EnergyVariance":{"Mean":0.0,"Sigma":0.0,"Taucorr":null},"Iteration":73},
{"Acceptance":[0.0005602240896358543],"Energy":{"Mean":-195.0,"Sigma":0.0,"Taucorr":null},"EnergyVariance":{"Mean":0.0,"Sigma":0.0,"Taucorr":null},"Iteration":74},
{"Acceptance":[0.0025210084033613447],"Energy":{"Mean":-194.90322580645164,"Sigma":0.0672795277890782,"Taucorr":0.38878737541528563},"EnergyVariance":{"Mean":0.3132154006243498,"Sigma":0.24697276155237946,"Taucorr":0.4724943295380525},"Iteration":75},
{"Acceptance":[0.0014005602240896359],"Energy":{"Mean":-195.0,"Sigma":0.0,"Taucorr":null},"EnergyVariance":{"Mean":0.0,"Sigma":0.0,"Taucorr":null},"Iteration":76},
{"Acceptance":[0.0014005602240896359],"Energy":{"Mean":-194.9677419354839,"Sigma":0.022426509263025925,"Taucorr":-0.012704918032791834},"EnergyVariance":{"Mean":0.06347554630593133,"Sigma":0.043406146960696855,"Taucorr":-0.012704918032786894},"Iteration":77},
{"Acceptance":[0.0011204481792717086],"Energy":{"Mean":-195.0,"Sigma":0.0,"Taucorr":null},"EnergyVariance":{"Mean":0.0,"Sigma":0.0,"Taucorr":null},"Iteration":78},
{"Acceptance":[0.0008403361344537816],"Energy":{"Mean":-195.0,"Sigma":0.0,"Taucorr":null},"EnergyVariance":{"Mean":0.0,"Sigma":0.0,"Taucorr":null},"Iteration":79},
{"Acceptance":[0.0011204481792717086],"Energy":{"Mean":-194.98387096774192,"Sigma":0.01612903225806461,"Taucorr":7.327471962526033e-15},"EnergyVariance":{"Mean":0.03199791883454734,"Sigma":0.031737773152965214,"Taucorr":-2.220446049250313e-16},"Iteration":80},
{"Acceptance":[0.0008403361344537816],"Energy":{"Mean":-195.0,"Sigma":0.0,"Taucorr":null},"EnergyVariance":{"Mean":0.0,"Sigma":0.0,"Taucorr":null},"Iteration":81},
{"Acceptance":[0.0008403361344537816],"Energy":{"Mean":-195.0,"Sigma":0.0,"Taucorr":null},"EnergyVariance":{"Mean":0.0,"Sigma":0.0,"Taucorr":null},"Iteration":82},
{"Acceptance":[0.00028011204481792715],"Energy":{"Mean":-195.0,"Sigma":0.0,"Taucorr":null},"EnergyVariance":{"Mean":0.0,"Sigma":0.0,"Taucorr":null},"Iteration":83},
{"Acceptance":[0.0011204481792717086],"Energy":{"Mean":-195.0,"Sigma":0.0,"Taucorr":null},"EnergyVariance":{"Mean":0.0,"Sigma":0.0,"Taucorr":null},"Iteration":84},
{"Acceptance":[0.0011204481792717086],"Energy":{"Mean":-195.0,"Sigma":0.0,"Taucorr":null},"EnergyVariance":{"Mean":0.0,"Sigma":0.0,"Taucorr":null},"Iteration":85},
{"Acceptance":[0.00028011204481792715],"Energy":{"Mean":-195.0,"Sigma":0.0,"Taucorr":null},"EnergyVariance":{"Mean":0.0,"Sigma":0.0,"Taucorr":null},"Iteration":86},
{"Acceptance":[0.0011204481792717086],"Energy":{"Mean":-194.9838709677419,"Sigma":0.016129032258064613,"Taucorr":5.10702591327572e-15},"EnergyVariance":{"Mean":0.031997918834547334,"Sigma":0.03173777315296429,"Taucorr":-2.220446049250313e-16},"Iteration":87},
{"Acceptance":[0.0014005602240896359],"Energy":{"Mean":-194.98387096774192,"Sigma":0.016129032258064474,"Taucorr":-1.1102230246251565e-15},"EnergyVariance":{"Mean":0.03199791883454734,"Sigma":0.031737773152965214,"Taucorr":-2.220446049250313e-16},"Iteration":88},
{"Acceptance":[0.0025210084033613447],"Energy":{"Mean":-194.91935483870967,"Sigma":0.052346930944679855,"Taucorr":0.5887394957983165},"EnergyVariance":{"Mean":0.15478668054110298,"Sigma":0.09625080851118445,"Taucorr":0.5887394957983194},"Iteration":89},
{"Acceptance":[0.000980392156862745],"Energy":{"Mean":-195.0,"Sigma":0.0,"Taucorr":null},"EnergyVariance":{"Mean":0.0,"Sigma":0.0,"Taucorr":null},"Iteration":90},
{"Acceptance":[0.0007002801120448179],"Energy":{"Mean":-195.0,"Sigma":0.0,"Taucorr":null},"EnergyVariance":{"Mean":0.0,"Sigma":0.0,"Taucorr":null},"Iteration":91},
{"Acceptance":[0.0005602240896358543],"Energy":{"Mean":-195.0,"Sigma":0.0,"Taucorr":null},"EnergyVariance":{"Mean":0.0,"Sigma":0.0,"Taucorr":null},"Iteration":92},
{"Acceptance":[0.0016806722689075631],"Energy":{"Mean":-194.93548387096772,"Sigma":0.0645161290322581,"Taucorr":0.5081967213114762},"EnergyVariance":{"Mean":0.2539021852237254,"Sigma":0.2497398543184149,"Taucorr":0.5081967213114753},"Iteration":93},
{"Acceptance":[0.0011204481792717086],"Energy":{"Mean":-194.99193548387095,"Sigma":0.008064516129032485,"Taucorr":1.7763568394002505e-14},"EnergyVariance":{"Mean":0.007999479708636834,"Sigma":0.007934443288241074,"Taucorr":0.0},"Iteration":94},
{"Acceptance":[0.0011204481792717086],"Energy":{"Mean":-195.0,"Sigma":0.0,"Taucorr":null},"EnergyVariance":{"Mean":0.0,"Sigma":0.0,"Taucorr":null},"Iteration":95},
{"Acceptance":[0.0008403361344537816],"Energy":{"Mean":-194.9677419354839,"Sigma":0.022426509263026008,"Taucorr":-0.012704918032787449},"EnergyVariance":{"Mean":0.06347554630593132,"Sigma":0.04340614696069686,"Taucorr":-0.012704918032786894},"Iteration":96},
{"Acceptance":[0.0005602240896358543],"Energy":{"Mean":-195.0,"Sigma":0.0,"Taucorr":null},"EnergyVariance":{"Mean":0.0,"Sigma":0.0,"Taucorr":null},"Iteration":97},
{"Acceptance":[0.0007002801120448179],"Energy":{"Mean":-195.0,"Sigma":0.0,"Taucorr":null},"EnergyVariance":{"Mean":0.0,"Sigma":0.0,"Taucorr":null},"Iteration":98},
{"Acceptance":[0.000980392156862745],"Energy":{"Mean":-194.96774193548387,"Sigma":0.0322580645161298,"Taucorr":0.5081967213114962},"EnergyVariance":{"Mean":0.0634755463059313,"Sigma":0.06243496357960465,"Taucorr":0.508196721311476},"Iteration":99} 
]}