{"Output": [
{"Acceptance":[0.04222919937205651],"Energy":{"Mean":-577.2661290322579,"Sigma":0.23954916321198272,"Taucorr":0.17928720754103644},"EnergyVariance":{"Mean":5.19530437044745,"Sigma":0.6639945580372706,"Taucorr":0.10025685697092634},"Iteration":0},
{"Acceptance":[0.015384615384615385],"Energy":{"Mean":-580.6935483870968,"Sigma":0.119198531768306,"Taucorr":0.3186509870826286},"EnergyVariance":{"Mean":1.0673777315296562,"Sigma":0.07553178033152508,"Taucorr":0.11132719070066366},"Iteration":1},
{"Acceptance":[0.0032967032967032967],"Energy":{"Mean":-581.7419354838709,"Sigma":0.095238714630562,"Taucorr":0.34621152328335625},"EnergyVariance":{"Mean":0.6592091571279916,"Sigma":0.2590349510193473,"Taucorr":0.18862404780509834},"Iteration":2},
{"Acceptance":[0.0015698587127158557],"Energy":{"Mean":-581.9758064516129,"Sigma":0.017790744201909913,"Taucorr":-0.010147299508902419},"EnergyVariance":{"Mean":0.0397372528616025,"Sigma":0.032150136799683995,"Taucorr":-0.005821639123296307},"Iteration":3},
{"Acceptance":[0.0020408163265306124],"Energy":{"Mean":-581.991935483871,"Sigma":0.008064516129032698,"Taucorr":4.6407322429331543e-14},"EnergyVariance":{"Mean":0.007999479708636839,"Sigma":0.007934443288241534,"Taucorr":0.0},"Iteration":4},
{"Acceptance":[0.002354788069073783],"Energy":{"Mean":-582.0645161290324,"Sigma":0.04174896485659552,"Taucorr":-0.016373239436629827},"EnergyVariance":{"Mean":0.22164412070759626,"Sigma":0.1160393219407919,"Taucorr":-0.028872686631159827},"Iteration":5},
{"Acceptance":[0.004395604395604396],"Energy":{"Mean":-582.3064516129033,"Sigma":0.12578232467849515,"Taucorr":0.30245119073160875},"EnergyVariance":{"Mean":1.2125390218522372,"Sigma":0.332917580889467,"Taucorr":0.1153207925729649},"Iteration":6},
{"Acceptance":[0.0015698587127158557],"Energy":{"Mean":-584.5483870967741,"Sigma":0.26851326903965844,"Taucorr":0.47021431010928694},"EnergyVariance":{"Mean":4.570239334027054,"Sigma":3.054340037514952,"Taucorr":0.49117232799627963},"Iteration":7},
{"Acceptance":[0.001805337519623234],"Energy":{"Mean":-584.9919354838709,"Sigma":0.008064516129033219,"Taucorr":7.993605777301127e-14},"EnergyVariance":{"Mean":0.007999479708636837,"Sigma":0.007934443288239699,"Taucorr":-2.220446049250313e-16},"Iteration":8},
{"Acceptance":[0.00141287284144427],"Energy":{"Mean":-584.967741935484,"Sigma":0.02524592877822389,"Taucorr":-0.007598039215670038},"EnergyVariance":{"Mean":0.07960457856399585,"Sigma":0.07116884104735804,"Taucorr":-0.0026519242813042854},"Iteration":9},
{"Acceptance":[0.0007849293563579278],"Energy":{"Mean":-585.0,"Sigma":0.0,"Taucorr":null},"EnergyVariance":{"Mean":0.0,"Sigma":0.0,"Taucorr":null},"Iteration":10},
{"Acceptance":[0.0012558869701726845],"Energy":{"Mean":-584.8467741935485,"Sigma":0.11039848360417875,"Taucorr":0.48783749035742396},"EnergyVariance":{"Mean":0.7587799167533819,"Sigma":0.5114085147812589,"Taucorr":0.216628389711353},"Iteration":11},
{"Acceptance":[0.0007849293563579278],"Energy":{"Mean":-584.9758064516128,"Sigma":0.017790744201907054,"Taucorr":0.3245179063360182},"EnergyVariance":{"Mean":0.02360822060353798,"Sigma":0.016929901740521947,"Taucorr":0.324517906336088},"Iteration":12},
{"Acceptance":[0.0012558869701726845],"Energy":{"Mean":-584.6370967741935,"Sigma":0.24914874149139996,"Taucorr":1.1513264129181064},"EnergyVariance":{"Mean":2.311849635796046,"Sigma":1.5611897837325397,"Taucorr":1.1850314482313025},"Iteration":13},
{"Acceptance":[0.001098901098901099],"Energy":{"Mean":-585.0,"Sigma":0.0,"Taucorr":null},"EnergyVariance":{"Mean":0.0,"Sigma":0.0,"Taucorr":null},"Iteration":14},
{"Acceptance":[0.0012558869701726845],"Energy":{"Mean":-585.0,"Sigma":0.0,"Taucorr":null},"EnergyVariance":{"Mean":0.0,"Sigma":0.0,"Taucorr":null},"Iteration":15},
{"Acceptance":[0.0007849293563579278],"Energy":{"Mean":-585.0,"Sigma":0.0,"Taucorr":null},"EnergyVariance":{"Mean":0.0,"Sigma":0.0,"Taucorr":null},"Iteration":16},
{"Acceptance":[0.0012558869701726845],"Energy":{"Mean":-584.983870967742,"Sigma":0.016129032258064762,"Taucorr":2.2426505097428162e-14},"EnergyVariance":{"Mean":0.03199791883454735,"Sigma":0.03173777315296614,"Taucorr":0.0},"Iteration":17},
{"Acceptance":[0.0018838304552590266],"Energy":{"Mean":-584.8870967741937,"Sigma":0.08266292943562215,"Taucorr":-0.010336465595650879},"EnergyVariance":{"Mean":0.8582206035379816,"Sigma":0.7873373985359088,"Taucorr":-0.0018604881074297808},"Iteration":18},
{"Acceptance":[0.0009419152276295133],"Energy":{"Mean":-584.9677419354839,"Sigma":0.02524592877822404,"Taucorr":0.7556250000000297},"EnergyVariance":{"Mean":0.03121748178980229,"Sigma":0.023617159179629855,"Taucorr":0.7556250000000002},"Iteration":19},
{"Acceptance":[0.00141287284144427],"Energy":{"Mean":-585.0,"Sigma":0.0,"Taucorr":null},"EnergyVariance":{"Mean":0.0,"Sigma":0.0,"Taucorr":null},"Iteration":20},
{"Acceptance":[0.0006279434850863422],"Energy":{"Mean":-584.9354838709678,"Sigma":0.05049185755644866,"Taucorr":0.4049549549550058},"EnergyVariance":{"Mean":0.1732570239334027,"Sigma":0.14117126065166186,"Taucorr":0.4569343426689888},"Iteration":21},
{"Acceptance":[0.0015698587127158557],"Energy":{"Mean":-584.9919354838709,"Sigma":0.008064516129035627,"Taucorr":2.9753977059954195e-13},"EnergyVariance":{"Mean":0.007999479708636839,"Sigma":0.0079344432882397,"Taucorr":0.0},"Iteration":22},
{"Acceptance":[0.0018838304552590266],"Energy":{"Mean":-584.9838709677418,"Sigma":0.011213254631513313,"Taucorr":-0.012704918032756862},"EnergyVariance":{"Mean":0.015868886576482832,"Sigma":0.010851536740171665,"Taucorr":-0.012704918032786894},"Iteration":23},
{"Acceptance":[0.00141287284144427],"Energy":{"Mean":-585.0,"Sigma":0.0,"Taucorr":null},"EnergyVariance":{"Mean":0.0,"Sigma":0.0,"Taucorr":null},"Iteration":24},
{"Acceptance":[0.0015698587127158557],"Energy":{"Mean":-584.9032258064517,"Sigma":0.06727952778907953,"Taucorr":-0.012704918032767576},"EnergyVariance":{"Mean":0.5712799167533819,"Sigma":0.39065532264627173,"Taucorr":-0.012704918032786894},"Iteration":25},
{"Acceptance":[0.002511773940345369],"Energy":{"Mean":-584.983870967742,"Sigma":0.016129032258066493,"Taucorr":1.0413891970983968e-13},"EnergyVariance":{"Mean":0.031997918834547355,"Sigma":0.03173777315296613,"Taucorr":-2.220446049250313e-16},"Iteration":26},
{"Acceptance":[0.001726844583987441],"Energy":{"Mean":-585.0,"Sigma":0.0,"Taucorr":null},"EnergyVariance":{"Mean":0.0,"Sigma":0.0,"Taucorr":null},"Iteration":27},
{"Acceptance":[0.002354788069073783],"Energy":{"Mean":-584.9758064516129,"Sigma":0.02419354838709714,"Taucorr":1.509903313490213e-14},"EnergyVariance":{"Mean":0.07199531737773153,"Sigma":0.0714099895941738,"Taucorr":0.0},"Iteration":28},
{"Acceptance":[0.00141287284144427],"Energy":{"Mean":-585.0,"Sigma":0.0,"Taucorr":null},"EnergyVariance":{"Mean":0.0,"Sigma":0.0,"Taucorr":null},"Iteration":29},
{"Acceptance":[0.0007849293563579278],"Energy":{"Mean":-584.983870967742,"Sigma":0.011213254631515287,"Taucorr":-0.012704918032628632},"EnergyVariance":{"Mean":0.01586888657648283,"Sigma":0.010851536740174214,"Taucorr":-0.012704918032787116},"Iteration":30},
{"Acceptance":[0.002197802197802198],"Energy":{"Mean":-585.0,"Sigma":0.0,"Taucorr":null},"EnergyVariance":{"Mean":0.0,"Sigma":0.0,"Taucorr":null},"Iteration":31},
{"Acceptance":[0.0014913657770800628],"Energy":{"Mean":-585.0,"Sigma":0.0,"Taucorr":null},"EnergyVariance":{"Mean":0.0,"Sigma":0.0,"Taucorr":null},"Iteration":32},
{"Acceptance":[0.001805337519623234],"Energy":{"Mean":-584.9919354838709,"Sigma":0.008064516129035016,"Taucorr":2.395861287141088e-13},"EnergyVariance":{"Mean":0.007999479708636839,"Sigma":0.0079344432882397,"Taucorr":0.0},"Iteration":33},
{"Acceptance":[0.0016483516483516484],"Energy":{"Mean":-585.0,"Sigma":0.0,"Taucorr":null},"EnergyVariance":{"Mean":0.0,"Sigma":0.0,"Taucorr":null},"Iteration":34},
{"Acceptance":[0.0015698587127158557],"Energy":{"Mean":-584.9758064516129,"Sigma":0.024193548387096402,"Taucorr":1.024793388429737},"EnergyVariance":{"Mean":0.02360822060353798,"Sigma":0.023022892819980253,"Taucorr":1.0247933884297518},"Iteration":35},
{"Acceptance":[0.0010204081632653062],"Energy":{"Mean":-585.0,"Sigma":0.0,"Taucorr":null},"EnergyVariance":{"Mean":0.0,"Sigma":0.0,"Taucorr":null},"Iteration":36},
{"Acceptance":[0.001726844583987441],"Energy":{"Mean":-585.0,"Sigma":0.0,"Taucorr":null},"EnergyVariance":{"Mean":0.0,"Sigma":0.0,"Taucorr":null},"Iteration":37},
{"Acceptance":[0.0018838304552590266],"Energy":{"Mean":-585.0,"Sigma":0.0,"Taucorr":null},"EnergyVariance":{"Mean":0.0,"Sigma":0.0,"Taucorr":null},"Iteration":38},
{"Acceptance":[0.002197802197802198],"Energy":{"Mean":-585.0,"Sigma":0.0,"Taucorr":null},"EnergyVariance":{"Mean":0.0,"Sigma":0.0,"Taucorr":null},"Iteration":39},
{"Acceptance":[0.00141287284144427],"Energy":{"Mean":-584.8709677419356,"Sigma":0.12903225806451574,"Taucorr":0.5081967213114711},"EnergyVariance":{"Mean":1.015608740894901,"Sigma":0.9989594172737036,"Taucorr":0.5081967213114755},"Iteration":40},
{"Acceptance":[0.001726844583987441],"Energy":{"Mean":-584.8870967741934,"Sigma":0.08266292943562152,"Taucorr":-0.010336465595657263},"EnergyVariance":{"Mean":0.8582206035379814,"Sigma":0.7873373985358723,"Taucorr":-0.0018604881074292257},"Iteration":41},
{"Acceptance":[0.002354788069073783],"Energy":{"Mean":-585.0,"Sigma":0.0,"Taucorr":null},"EnergyVariance":{"Mean":0.0,"Sigma":0.0,"Taucorr":null},"Iteration":42},
{"Acceptance":[0.0020408163265306124],"Energy":{"Mean":-585.0,"Sigma":0.0,"Taucorr":null},"EnergyVariance":{"Mean":0.0,"Sigma":0.0,"Taucorr":null},"Iteration":43},
{"Acceptance":[0.002904238618524333],"Energy":{"Mean":-584.9435483870968,"Sigma":0.0487886563298521,"Taucorr":-0.004097818902839112},"EnergyVariance":{"Mean":0.2952003121748178,"Sigma":0.2847108490718112,"Taucorr":-0.0006328176706951738},"Iteration":44},
{"Acceptance":[0.003532182103610675],"Energy":{"Mean":-584.8870967741935,"Sigma":0.07849278242059413,"Taucorr":-0.012704918032758195},"EnergyVariance":{"Mean":0.777575442247659,"Sigma":0.5317253002685189,"Taucorr":-0.012704918032786339},"Iteration":45},
{"Acceptance":[0.003453689167974882],"Energy":{"Mean":-585.0,"Sigma":0.0,"Taucorr":null},"EnergyVariance":{"Mean":0.0,"Sigma":0.0,"Taucorr":null},"Iteration":46},
{"Acceptance":[0.00282574568288854],"Energy":{"Mean":-585.0,"Sigma":0.0,"Taucorr":null},"EnergyVariance":{"Mean":0.0,"Sigma":0.0,"Taucorr":null},"Iteration":47},
{"Acceptance":[0.004081632653061225],"Energy":{"Mean":-585.0,"Sigma":0.0,"Taucorr":null},"EnergyVariance":{"Mean":0.0,"Sigma":0.0,"Taucorr":null},"Iteration":48},
{"Acceptance":[0.004552590266875981],"Energy":{"Mean":-585.0,"Sigma":0.0,"Taucorr":null},"EnergyVariance":{"Mean":0.0,"Sigma":0.0,"Taucorr":null},"Iteration":49},
{"Acceptance":[0.0032967032967032967],"Energy":{"Mean":-585.0,"Sigma":0.0,"Taucorr":null},"EnergyVariance":{"Mean":0.0,"Sigma":0.0,"Taucorr":null},"Iteration":50},
{"Acceptance":[0.0037676609105180532],"Energy":{"Mean":-585.0,"Sigma":0.0,"Taucorr":null},"EnergyVariance":{"Mean":0.0,"Sigma":0.0,"Taucorr":null},"Iteration":51},
{"Acceptance":[0.003453689167974882],"Energy":{"Mean":-585.0,"Sigma":0.0,"Taucorr":null},"EnergyVariance":{"Mean":0.0,"Sigma":0.0,"Taucorr":null},"Iteration":52},
{"Acceptance":[0.003610675039246468],"Energy":{"Mean":-585.0,"Sigma":0.0,"Taucorr":null},"EnergyVariance":{"Mean":0.0,"Sigma":0.0,"Taucorr":null},"Iteration":53},
{"Acceptance":[0.0032967032967032967],"Energy":{"Mean":-585.0,"Sigma":0.0,"Taucorr":null},"EnergyVariance":{"Mean":0.0,"Sigma":0.0,"Taucorr":null},"Iteration":54},
{"Acceptance":[0.0037676609105180532],"Energy":{"Mean":-584.983870967742,"Sigma":0.01612903225806475,"Taucorr":2.19824158875781e-14},"EnergyVariance":{"Mean":0.031997918834547355,"Sigma":0.03173777315296614,"Taucorr":0.0},"Iteration":55},
{"Acceptance":[0.003924646781789639],"Energy":{"Mean":-584.9919354838709,"Sigma":0.008064516129036437,"Taucorr":4.2543746303636e-13},"EnergyVariance":{"Mean":0.007999479708636839,"Sigma":0.0079344432882397,"Taucorr":0.0},"Iteration":56},
{"Acceptance":[0.003453689167974882],"Energy":{"Mean":-585.0,"Sigma":0.0,"Taucorr":null},"EnergyVariance":{"Mean":0.0,"Sigma":0.0,"Taucorr":null},"Iteration":57},
{"Acceptance":[0.0037676609105180532],"Energy":{"Mean":-584.9919354838709,"Sigma":0.008064516129032756,"Taucorr":4.0190073491430667e-14},"EnergyVariance":{"Mean":0.007999479708636837,"Sigma":0.007934443288239699,"Taucorr":-2.220446049250313e-16},"Iteration":58},
{"Acceptance":[0.004709576138147566],"Energy":{"Mean":-584.9758064516127,"Sigma":0.02419354838710017,"Taucorr":1.0591527654923993e-13},"EnergyVariance":{"Mean":0.07199531737773153,"Sigma":0.07140998959416281,"Taucorr":4.440892098500626e-16},"Iteration":59},
{"Acceptance":[0.004709576138147566],"Energy":{"Mean":-585.0,"Sigma":0.0,"Taucorr":null},"EnergyVariance":{"Mean":0.0,"Sigma":0.0,"Taucorr":null},"Iteration":60},
{"Acceptance":[0.0043171114599686025],"Energy":{"Mean":-585.0,"Sigma":0.0,"Taucorr":null},"EnergyVariance":{"Mean":0.0,"Sigma":0.0,"Taucorr":null},"Iteration":61},
{"Acceptance":[0.005572998430141287],"Energy":{"Mean":-585.0,"Sigma":0.0,"Taucorr":null},"EnergyVariance":{"Mean":0.0,"Sigma":0.0,"Taucorr":null},"Iteration":62},
{"Acceptance":[0.004866562009419153],"Energy":{"Mean":-585.0,"Sigma":0.0,"Taucorr":null},"EnergyVariance":{"Mean":0.0,"Sigma":0.0,"Taucorr":null},"Iteration":63},
{"Acceptance":[0.004552590266875981],"Energy":{"Mean":-585.0,"Sigma":0.0,"Taucorr":null},"EnergyVariance":{"Mean":0.0,"Sigma":0.0,"Taucorr":null},"Iteration":64},
{"Acceptance":[0.004866562009419153],"Energy":{"Mean":-585.0,"Sigma":0.0,"Taucorr":null},"EnergyVariance":{"Mean":0.0,"Sigma":0.0,"Taucorr":null},"Iteration":65},
{"Acceptance":[0.0052590266875981164],"Energy":{"Mean":-585.016129032258,"Sigma":0.025755999068824285,"Taucorr":0.007524271844644659},"EnergyVariance":{"Mean":0.08038501560874091,"Sigma":0.07200501637483514,"Taucorr":-0.002888730204550549},"Iteration":66},
{"Acceptance":[0.0033751962323390894],"Energy":{"Mean":-585.0,"Sigma":0.0,"Taucorr":null},"EnergyVariance":{"Mean":0.0,"Sigma":0.0,"Taucorr":null},"Iteration":67},
{"Acceptance":[0.0032967032967032967],"Energy":{"Mean":-585.0,"Sigma":0.0,"Taucorr":null},"EnergyVariance":{"Mean":0.0,"Sigma":0.0,"Taucorr":null},"Iteration":68},
{"Acceptance":[0.003610675039246468],"Energy":{"Mean":-584.983870967742,"Sigma":0.016129032258065248,"Taucorr":5.5067062021407764e-14},"EnergyVariance":{"Mean":0.03199791883454735,"Sigma":0.03173777315296614,"Taucorr":0.0},"Iteration":69},
{"Acceptance":[0.002354788069073783],"Energy":{"Mean":-585.0,"Sigma":0.0,"Taucorr":null},"EnergyVariance":{"Mean":0.0,"Sigma":0.0,"Taucorr":null},"Iteration":70},
{"Acceptance":[0.002904238618524333],"Energy":{"Mean":-585.0,"Sigma":0.0,"Taucorr":null},"EnergyVariance":{"Mean":0.0,"Sigma":0.0,"Taucorr":null},"Iteration":71},
{"Acceptance":[0.001805337519623234],"Energy":{"Mean":-584.9758064516128,"Sigma":0.024193548387096264,"Taucorr":-2.4202861936828413e-14},"EnergyVariance":{"Mean":0.07199531737773153,"Sigma":0.0714099895941683,"Taucorr":0.0},"Iteration":72},
{"Acceptance":[0.0029827315541601255],"Energy":{"Mean":-585.0,"Sigma":0.0,"Taucorr":null},"EnergyVariance":{"Mean":0.0,"Sigma":0.0,"Taucorr":null},"Iteration":73},
{"Acceptance":[0.0020408163265306124],"Energy":{"Mean":-585.0,"Sigma":0.0,"Taucorr":null},"EnergyVariance":{"Mean":0.0,"Sigma":0.0,"Taucorr":null},"Iteration":74},
{"Acceptance":[0.002511773940345369],"Energy":{"Mean":-585.0,"Sigma":0.0,"Taucorr":null},"EnergyVariance":{"Mean":0.0,"Sigma":0.0,"Taucorr":null},"Iteration":75},
{"Acceptance":[0.001726844583987441],"Energy":{"Mean":-585.0,"Sigma":0.0,"Taucorr":null},"EnergyVariance":{"Mean":0.0,"Sigma":0.0,"Taucorr":null},"Iteration":76},
{"Acceptance":[0.0029827315541601255],"Energy":{"Mean":-584.9758064516127,"Sigma":0.017790744201909264,"Taucorr":0.32451790633621913},"EnergyVariance":{"Mean":0.02360822060353798,"Sigma":0.016929901740517905,"Taucorr":0.32451790633608824},"Iteration":77},
{"Acceptance":[0.00282574568288854],"Energy":{"Mean":-585.0,"Sigma":0.0,"Taucorr":null},"EnergyVariance":{"Mean":0.0,"Sigma":0.0,"Taucorr":null},"Iteration":78},
{"Acceptance":[0.002197802197802198],"Energy":{"Mean":-585.0,"Sigma":0.0,"Taucorr":null},"EnergyVariance":{"Mean":0.0,"Sigma":0.0,"Taucorr":null},"Iteration":79},
{"Acceptance":[0.003532182103610675],"Energy":{"Mean":-585.0,"Sigma":0.0,"Taucorr":null},"EnergyVariance":{"Mean":0.0,"Sigma":0.0,"Taucorr":null},"Iteration":80},
{"Acceptance":[0.0024332810047095763],"Energy":{"Mean":-584.983870967742,"Sigma":0.016129032258065012,"Taucorr":0.5081967213114575},"EnergyVariance":{"Mean":0.01586888657648283,"Sigma":0.015608740894901618,"Taucorr":0.5081967213114755},"Iteration":81},
{"Acceptance":[0.0015698587127158557],"Energy":{"Mean":-585.0,"Sigma":0.0,"Taucorr":null},"EnergyVariance":{"Mean":0.0,"Sigma":0.0,"Taucorr":null},"Iteration":82},
{"Acceptance":[0.002354788069073783],"Energy":{"Mean":-585.0403225806454,"Sigma":0.04032258064516134,"Taucorr":2.220446049250313e-16},"EnergyVariance":{"Mean":0.1999869927159209,"Sigma":0.19836108220602,"Taucorr":2.220446049250313e-16},"Iteration":83},
{"Acceptance":[0.0018838304552590266],"Energy":{"Mean":-585.0,"Sigma":0.0,"Taucorr":null},"EnergyVariance":{"Mean":0.0,"Sigma":0.0,"Taucorr":null},"Iteration":84},
{"Acceptance":[0.00282574568288854],"Energy":{"Mean":-585.0,"Sigma":0.0,"Taucorr":null},"EnergyVariance":{"Mean":0.0,"Sigma":0.0,"Taucorr":null},"Iteration":85},
{"Acceptance":[0.002197802197802198],"Energy":{"Mean":-585.0806451612904,"Sigma":0.056066273157565474,"Taucorr":-0.012704918032782286},"EnergyVariance":{"Mean":0.39672216441207087,"Sigma":0.2712884185043426,"Taucorr":-0.012704918032787005},"Iteration":86},
{"Acceptance":[0.00141287284144427],"Energy":{"Mean":-584.991935483871,"Sigma":0.00806451612903313,"Taucorr":9.592326932761353e-14},"EnergyVariance":{"Mean":0.007999479708636837,"Sigma":0.007934443288241534,"Taucorr":0.0},"Iteration":87},
{"Acceptance":[0.0018838304552590266],"Energy":{"Mean":-584.9758064516128,"Sigma":0.02419354838709764,"Taucorr":2.7977620220553945e-14},"EnergyVariance":{"Mean":0.07199531737773154,"Sigma":0.0714099895941683,"Taucorr":2.220446049250313e-16},"Iteration":88},
{"Acceptance":[0.0026687598116169543],"Energy":{"Mean":-585.0806451612904,"Sigma":0.05606627315756446,"Taucorr":-0.012704918032793222},"EnergyVariance":{"Mean":0.39672216441207087,"Sigma":0.2712884185043426,"Taucorr":-0.012704918032787005},"Iteration":89},
{"Acceptance":[0.005965463108320251],"Energy":{"Mean":-585.5241935483871,"Sigma":0.16162599479093892,"Taucorr":0.18475398475398064},"EnergyVariance":{"Mean":2.3461888657648284,"Sigma":0.6386833665125923,"Taucorr":0.18475398475398486},"Iteration":90},
{"Acceptance":[0.008869701726844583],"Energy":{"Mean":-590.0,"Sigma":0.0,"Taucorr":null},"EnergyVariance":{"Mean":0.0,"Sigma":0.0,"Taucorr":null},"Iteration":91},
{"Acceptance":[0.008555729984301413],"Energy":{"Mean":-589.9516129032259,"Sigma":0.04838709677419418,"Taucorr":0.5081967213114928},"EnergyVariance":{"Mean":0.14281997918834546,"Sigma":0.14047866805411452,"Taucorr":0.5081967213114753},"Iteration":92},
{"Acceptance":[0.010518053375196233],"Energy":{"Mean":-589.9596774193548,"Sigma":0.023465755744942456,"Taucorr":-0.02273143904669911},"EnergyVariance":{"Mean":0.07095473465140477,"Sigma":0.04332654540726442,"Taucorr":-0.018332376969073028},"Iteration":93},
{"Acceptance":[0.008791208791208791],"Energy":{"Mean":-590.0,"Sigma":0.0,"Taucorr":null},"EnergyVariance":{"Mean":0.0,"Sigma":0.0,"Taucorr":null},"Iteration":94},
{"Acceptance":[0.00847723704866562],"Energy":{"Mean":-590.0,"Sigma":0.0,"Taucorr":null},"EnergyVariance":{"Mean":0.0,"Sigma":0.0,"Taucorr":null},"Iteration":95},
{"Acceptance":[0.010282574568288854],"Energy":{"Mean":-590.0,"Sigma":0.0,"Taucorr":null},"EnergyVariance":{"Mean":0.0,"Sigma":0.0,"Taucorr":null},"Iteration":96},
{"Acceptance":[0.008948194662480377],"Energy":{"Mean":-590.0,"Sigma":0.0,"Taucorr":null},"EnergyVariance":{"Mean":0.0,"Sigma":0.0,"Taucorr":null},"Iteration":97},
{"Acceptance":[0.009183673469387756],"Energy":{"Mean":-589.9919354838709,"Sigma":0.008064516129033637,"Taucorr":1.3278267374516872e-13},"EnergyVariance":{"Mean":0.007999479708636837,"Sigma":0.007934443288239699,"Taucorr":-2.220446049250313e-16},"Iteration":98},
{"Acceptance":[0.007927786499215071],"Energy":{"Mean":-590.0,"Sigma":0.0,"Taucorr":null},"EnergyVariance":{"Mean":0.0,"Sigma":0.0,"Taucorr":null},"Iteration":99} 
]}