{"Output": [
{"Acceptance":[0.8046499614331307],"Energy":{"Mean":-3932.9526209677415,"Sigma":1.40678892821842,"Taucorr":0.06536781467668651},"EnergyVariance":{"Mean":1734.4846503885926,"Sigma":77.09195650999425,"Taucorr":-0.053280127434883195},"Iteration":0},
{"Acceptance":[0.743622313587568],"Energy":{"Mean":-3951.7540322580644,"Sigma":1.895369719435349,"Taucorr":0.48724873325129225},"EnergyVariance":{"Mean":1803.0382901925077,"Sigma":75.71547270164567,"Taucorr":-0.08771824282976154},"Iteration":1},
{"Acceptance":[0.5949664928209011],"Energy":{"Mean":-4015.998991935483,"Sigma":1.8337541618237554,"Taucorr":0.32853440633310016},"EnergyVariance":{"Mean":2011.0151199515478,"Sigma":89.96789175398992,"Taucorr":-0.03956417598004269},"Iteration":2},
{"Acceptance":[0.46401604947881653],"Energy":{"Mean":-4103.024193548387,"Sigma":1.644586205951226,"Taucorr":0.328211481597283},"EnergyVariance":{"Mean":1618.1385275754426,"Sigma":78.6841211504356,"Taucorr":0.06915021194944326},"Iteration":3},
{"Acceptance":[0.36773332955920546],"Energy":{"Mean":-4175.462701612904,"Sigma":1.6019865566678586,"Taucorr":0.6434080548935266},"EnergyVariance":{"Mean":1112.1417539916104,"Sigma":63.01113768929004,"Taucorr":0.33069642170845515},"Iteration":4},
{"Acceptance":[0.29020330755132223],"Energy":{"Mean":-4231.315524193548,"Sigma":1.7365514804543096,"Taucorr":1.193536057066689},"EnergyVariance":{"Mean":882.3167751284469,"Sigma":49.936530520732276,"Taucorr":0.17262414067946497},"Iteration":5},
{"Acceptance":[0.23642552348333132],"Energy":{"Mean":-4273.852822580646,"Sigma":1.061066190953717,"Taucorr":0.46932113129678854},"EnergyVariance":{"Mean":575.5206775169092,"Sigma":29.002075608408497,"Taucorr":0.17861141505831768},"Iteration":6},
{"Acceptance":[0.19473084571129337],"Energy":{"Mean":-4307.524193548386,"Sigma":0.7615785648538898,"Taucorr":0.1634340440382719},"EnergyVariance":{"Mean":433.18691467221635,"Sigma":23.064806933935333,"Taucorr":0.0319841930453022},"Iteration":7},
{"Acceptance":[0.16645673080325235],"Energy":{"Mean":-4329.884072580644,"Sigma":0.6276292036149523,"Taucorr":0.09471972692060027},"EnergyVariance":{"Mean":328.1992624463449,"Sigma":12.246525547014969,"Taucorr":-0.16055972469340635},"Iteration":8},
{"Acceptance":[0.1408469142966323],"Energy":{"Mean":-4347.493951612902,"Sigma":0.7041355780582905,"Taucorr":0.49800561298020496},"EnergyVariance":{"Mean":246.16326986862646,"Sigma":11.444356107286955,"Taucorr":0.024169123305663565},"Iteration":9},
{"Acceptance":[0.12377134446229292],"Energy":{"Mean":-4362.061491935483,"Sigma":0.5893200685622165,"Taucorr":0.5267918826986198},"EnergyVariance":{"Mean":167.59601712896725,"Sigma":9.78139290824918,"Taucorr":0.24227720011545595},"Iteration":10},
{"Acceptance":[0.11086028886231274],"Energy":{"Mean":-4370.043346774194,"Sigma":0.4492977210725269,"Taucorr":0.29125299159855245},"EnergyVariance":{"Mean":126.41445170232831,"Sigma":8.627252280984804,"Taucorr":0.5422197573658731},"Iteration":11},
{"Acceptance":[0.1012787217028865],"Energy":{"Mean":-4378.261088709677,"Sigma":0.437184382091424,"Taucorr":0.38047003548651914},"EnergyVariance":{"Mean":107.56187300825962,"Sigma":6.62966386582751,"Taucorr":0.2889497269912896},"Iteration":12},
{"Acceptance":[0.09140701846256183],"Energy":{"Mean":-4385.322580645161,"Sigma":0.5117556781425767,"Taucorr":0.8514027573886251},"EnergyVariance":{"Mean":96.02497398543183,"Sigma":4.946494677886497,"Taucorr":0.04780171662655652},"Iteration":13},
{"Acceptance":[0.08164146256890732],"Energy":{"Mean":-4392.180443548387,"Sigma":0.40037026524074476,"Taucorr":0.37090545134870767},"EnergyVariance":{"Mean":91.2003030290713,"Sigma":5.54382472922564,"Taucorr":0.34496840667736817},"Iteration":14},
{"Acceptance":[0.07337612250819103],"Energy":{"Mean":-4396.827620967742,"Sigma":0.44426620496020125,"Taucorr":0.7288004842939695},"EnergyVariance":{"Mean":79.58822901762488,"Sigma":4.424129841425394,"Taucorr":0.13129040527921587},"Iteration":15},
{"Acceptance":[0.06438190400033968],"Energy":{"Mean":-4402.279233870968,"Sigma":0.5491010483341431,"Taucorr":1.616424177524332},"EnergyVariance":{"Mean":70.59037521949791,"Sigma":4.110437194512215,"Taucorr":0.26911064373071936},"Iteration":16},
{"Acceptance":[0.05702943112098675],"Energy":{"Mean":-4407.131048387096,"Sigma":0.4262065301865053,"Taucorr":1.1034004128931127},"EnergyVariance":{"Mean":56.136052126690956,"Sigma":3.918383079101752,"Taucorr":0.35199180628472626},"Iteration":17},
{"Acceptance":[0.053232894355084104],"Energy":{"Mean":-4410.219758064515,"Sigma":0.3425366043707322,"Taucorr":0.7231179355057424},"EnergyVariance":{"Mean":47.53235155437045,"Sigma":3.0092841614521375,"Taucorr":0.16384100785723144},"Iteration":18},
{"Acceptance":[0.04704450404421391],"Energy":{"Mean":-4413.78629032258,"Sigma":0.3101968108116506,"Taucorr":0.4887097891289228},"EnergyVariance":{"Mean":48.22247333506765,"Sigma":4.488544777933949,"Taucorr":0.6780961337682612},"Iteration":19},
{"Acceptance":[0.04190343422048927],"Energy":{"Mean":-4416.501008064515,"Sigma":0.3658278027266936,"Taucorr":0.8987891271733421},"EnergyVariance":{"Mean":47.40725704832206,"Sigma":3.979784946037329,"Taucorr":0.1800516100387377},"Iteration":20},
{"Acceptance":[0.037416939701230605],"Energy":{"Mean":-4419.298387096774,"Sigma":0.26253775454011136,"Taucorr":0.577813631200601},"EnergyVariance":{"Mean":31.687174817898043,"Sigma":2.1831595667572916,"Taucorr":0.07269962099273308},"Iteration":21},
{"Acceptance":[0.0341865221175688],"Energy":{"Mean":-4420.953629032259,"Sigma":0.26410507970853386,"Taucorr":0.7774046163679755},"EnergyVariance":{"Mean":27.056317475286157,"Sigma":1.827085587144318,"Taucorr":0.14525559235610164},"Iteration":22},
{"Acceptance":[0.03131346726769653],"Energy":{"Mean":-4422.607862903226,"Sigma":0.26390210026961114,"Taucorr":0.9201808147165476},"EnergyVariance":{"Mean":24.29884946507544,"Sigma":2.0780322872571766,"Taucorr":0.20243961324629045},"Iteration":23},
{"Acceptance":[0.029176367354737356],"Energy":{"Mean":-4424.3699596774195,"Sigma":0.20351155719233252,"Taucorr":0.5305083371759562},"EnergyVariance":{"Mean":19.91454112740635,"Sigma":1.796049726772583,"Taucorr":0.43476883088851814},"Iteration":24},
{"Acceptance":[0.02706757340089022],"Energy":{"Mean":-4425.548387096774,"Sigma":0.21572329412670546,"Taucorr":0.6392943548823045},"EnergyVariance":{"Mean":20.239594172736734,"Sigma":1.9999997298607475,"Taucorr":0.27594513634320794},"Iteration":25},
{"Acceptance":[0.026020252913744667],"Energy":{"Mean":-4426.511088709676,"Sigma":0.17711820727386143,"Taucorr":0.33055090097749174},"EnergyVariance":{"Mean":18.7156028469693,"Sigma":1.7782813297682902,"Taucorr":0.412668200352831},"Iteration":26},
{"Acceptance":[0.02372039373589125],"Energy":{"Mean":-4427.993951612903,"Sigma":0.22108213132888113,"Taucorr":0.7215274143004622},"EnergyVariance":{"Mean":19.826576320239333,"Sigma":2.235589097818541,"Taucorr":0.38770666760343453},"Iteration":27},
{"Acceptance":[0.02259169361629857],"Energy":{"Mean":-4429.090725806452,"Sigma":0.1957544319506693,"Taucorr":0.6680362861101261},"EnergyVariance":{"Mean":16.25588173126951,"Sigma":1.2072305295932617,"Taucorr":0.31526671170356746},"Iteration":28},
{"Acceptance":[0.020942871498022122],"Energy":{"Mean":-4429.740927419354,"Sigma":0.1982852055527083,"Taucorr":0.6448609680785866},"EnergyVariance":{"Mean":17.016550752796565,"Sigma":2.5187021833742573,"Taucorr":0.6301094264274063},"Iteration":29},
{"Acceptance":[0.020298910928223165],"Energy":{"Mean":-4430.877016129032,"Sigma":0.27326991017767277,"Taucorr":1.7437905453515188},"EnergyVariance":{"Mean":16.49092335457857,"Sigma":1.6824852784748556,"Taucorr":0.5966623826798725},"Iteration":30},
{"Acceptance":[0.017539079914799062],"Energy":{"Mean":-4431.918346774194,"Sigma":0.1643254416184496,"Taucorr":0.330884716256567},"EnergyVariance":{"Mean":16.103211782973467,"Sigma":1.6489356935959454,"Taucorr":0.004494515141833522},"Iteration":31},
{"Acceptance":[0.01757092411880011],"Energy":{"Mean":-4432.629032258064,"Sigma":0.25524052875486053,"Taucorr":1.7024477400984503},"EnergyVariance":{"Mean":14.656737773152969,"Sigma":1.3354371693113098,"Taucorr":0.5332533345439325},"Iteration":32},
{"Acceptance":[0.016374997346316332],"Energy":{"Mean":-4433.589717741936,"Sigma":0.18692644093373106,"Taucorr":0.8124700065973856},"EnergyVariance":{"Mean":13.191547500975549,"Sigma":1.26261453715969,"Taucorr":0.2309356245865699},"Iteration":33},
{"Acceptance":[0.015327676859170776],"Energy":{"Mean":-4434.096774193549,"Sigma":0.17837539488196136,"Taucorr":0.634231223437073},"EnergyVariance":{"Mean":13.899908949011445,"Sigma":1.2913848298503787,"Taucorr":0.25847822806713616},"Iteration":34},
{"Acceptance":[0.015203838288055592],"Energy":{"Mean":-4434.709677419354,"Sigma":0.15858598935800639,"Taucorr":0.5285816563561363},"EnergyVariance":{"Mean":12.115309573361081,"Sigma":1.0668919054962935,"Taucorr":0.16807163774780454},"Iteration":35},
{"Acceptance":[0.014347583024916321],"Energy":{"Mean":-4435.46068548387,"Sigma":0.19244142593271665,"Taucorr":1.0457435886021924},"EnergyVariance":{"Mean":11.87143823978928,"Sigma":1.5147290973805916,"Taucorr":0.38659684188687327},"Iteration":36},
{"Acceptance":[0.01351963372088909],"Energy":{"Mean":-4436.33064516129,"Sigma":0.183296143017051,"Taucorr":1.3436259868836615},"EnergyVariance":{"Mean":9.029786680541102,"Sigma":1.1395741910503332,"Taucorr":0.48688488080549097},"Iteration":37},
{"Acceptance":[0.013017202946650343],"Energy":{"Mean":-4436.478830645162,"Sigma":0.18910817450584833,"Taucorr":1.1246750791648301},"EnergyVariance":{"Mean":10.906809922931844,"Sigma":1.1772641313406587,"Taucorr":0.17161429047142762},"Iteration":38},
{"Acceptance":[0.011913270541280703],"Energy":{"Mean":-4437.286290322581,"Sigma":0.11182309022573425,"Taucorr":0.3479272080546655},"EnergyVariance":{"Mean":7.307150754422477,"Sigma":1.1443692329258226,"Taucorr":0.519296394422704},"Iteration":39},
{"Acceptance":[0.011202083318590647],"Energy":{"Mean":-4437.709677419354,"Sigma":0.1331451877487019,"Taucorr":0.6661298650442602},"EnergyVariance":{"Mean":7.532648283038502,"Sigma":0.9958459532539515,"Taucorr":0.18133078355411358},"Iteration":40},
{"Acceptance":[0.010689037809684884],"Energy":{"Mean":-4438.214717741935,"Sigma":0.10787169595353215,"Taucorr":0.43044005986332134},"EnergyVariance":{"Mean":6.196839839685223,"Sigma":1.0023279329666277,"Taucorr":0.31168592789721483},"Iteration":41},
{"Acceptance":[0.010568737483458705],"Energy":{"Mean":-4438.376008064517,"Sigma":0.12499566416343362,"Taucorr":0.7966474207765433},"EnergyVariance":{"Mean":5.970513096709157,"Sigma":1.102042657424638,"Taucorr":0.49751174897073225},"Iteration":42},
{"Acceptance":[0.010359981035007395],"Energy":{"Mean":-4438.683467741937,"Sigma":0.09923199217875082,"Taucorr":0.7002525863580671},"EnergyVariance":{"Mean":4.065129910249741,"Sigma":0.34215994722222737,"Taucorr":0.046645561806970104},"Iteration":43},
{"Acceptance":[0.01071380552390792],"Energy":{"Mean":-4438.75,"Sigma":0.11712419885312056,"Taucorr":0.6290906173250246},"EnergyVariance":{"Mean":6.020161290322581,"Sigma":1.2591162438514951,"Taucorr":0.7161041478245704},"Iteration":44},
{"Acceptance":[0.010190145280335143],"Energy":{"Mean":-4439.32560483871,"Sigma":0.13571958102628046,"Taucorr":1.144438296675712},"EnergyVariance":{"Mean":5.550231489008844,"Sigma":0.9022429690303599,"Taucorr":0.2701285531051856},"Iteration":45},
{"Acceptance":[0.009503725771868123],"Energy":{"Mean":-4439.358870967741,"Sigma":0.11195236114280281,"Taucorr":0.49811114537218304},"EnergyVariance":{"Mean":6.222018080124871,"Sigma":1.0641026426283318,"Taucorr":0.20950931874126288},"Iteration":46},
{"Acceptance":[0.008806691528734086],"Energy":{"Mean":-4439.748991935483,"Sigma":0.11050428790634312,"Taucorr":0.8408342673110552},"EnergyVariance":{"Mean":4.512599790257544,"Sigma":0.6391542739581408,"Taucorr":0.17648548425434385},"Iteration":47},
{"Acceptance":[0.009029600956741417],"Energy":{"Mean":-4440.056451612903,"Sigma":0.09582624033079534,"Taucorr":0.3196375999246793},"EnergyVariance":{"Mean":5.551248699271593,"Sigma":0.8584283950394754,"Taucorr":0.31200122800841046},"Iteration":48},
{"Acceptance":[0.008817306263401102],"Energy":{"Mean":-4440.349798387097,"Sigma":0.10895338626654279,"Taucorr":0.7415781375025017},"EnergyVariance":{"Mean":4.737520120642561,"Sigma":0.7198374545103294,"Taucorr":0.40291519594706304},"Iteration":49} 
]}