{"Output": [
{"Acceptance":[0.853501400560224],"Energy":{"Mean":-154.5806451612903,"Sigma":0.8365304608512558,"Taucorr":0.14465112382318024},"EnergyVariance":{"Mean":66.75962539021853,"Sigma":8.722044665713563,"Taucorr":-0.044900827481721084},"Iteration":0},
{"Acceptance":[0.8399159663865546],"Energy":{"Mean":-155.9435483870968,"Sigma":0.708218808966247,"Taucorr":-0.04227793545572883},"EnergyVariance":{"Mean":67.39197450572318,"Sigma":10.450869450571224,"Taucorr":0.13328287216390444},"Iteration":1},
{"Acceptance":[0.8198879551820728],"Energy":{"Mean":-157.91129032258067,"Sigma":0.7231342685205193,"Taucorr":0.0734538715689107},"EnergyVariance":{"Mean":56.0808402705515,"Sigma":7.063371841692394,"Taucorr":-0.08352060333506511},"Iteration":2},
{"Acceptance":[0.7763305322128852],"Energy":{"Mean":-159.20967741935482,"Sigma":0.5904819398276073,"Taucorr":-0.14398045567433282},"EnergyVariance":{"Mean":60.23022892819979,"Sigma":8.29516085156036,"Taucorr":0.055402556819038384},"Iteration":3},
{"Acceptance":[0.6977591036414565],"Energy":{"Mean":-160.75806451612908,"Sigma":0.9232280231107368,"Taucorr":0.179581426408148},"EnergyVariance":{"Mean":77.13501560874091,"Sigma":9.768162660450239,"Taucorr":-0.04294186280786699},"Iteration":4},
{"Acceptance":[0.6484593837535014],"Energy":{"Mean":-163.8790322580645,"Sigma":0.8632172074728005,"Taucorr":0.18968804659871719},"EnergyVariance":{"Mean":66.44504422476587,"Sigma":8.196806565308842,"Taucorr":0.0011724130819001921},"Iteration":5},
{"Acceptance":[0.561344537815126],"Energy":{"Mean":-168.6209677419355,"Sigma":1.0368785201539819,"Taucorr":0.24594708222938144},"EnergyVariance":{"Mean":88.63859261186265,"Sigma":9.47306881799008,"Taucorr":-0.05218657788439468},"Iteration":6},
{"Acceptance":[0.5092436974789916],"Energy":{"Mean":-171.7661290322581,"Sigma":0.9674080965401703,"Taucorr":0.3663292346156152},"EnergyVariance":{"Mean":66.43723985431842,"Sigma":8.050776564949713,"Taucorr":-0.04604100117828902},"Iteration":7},
{"Acceptance":[0.4492997198879552],"Energy":{"Mean":-177.36290322580643,"Sigma":0.9163859816855343,"Taucorr":0.2901660631714693},"EnergyVariance":{"Mean":65.36023673257026,"Sigma":10.259329923748162,"Taucorr":0.19289649866584402},"Iteration":8},
{"Acceptance":[0.39285714285714285],"Energy":{"Mean":-180.48387096774198,"Sigma":0.7492770246444745,"Taucorr":0.140254153481013},"EnergyVariance":{"Mean":53.927159209157125,"Sigma":9.520671906171264,"Taucorr":0.014225015870071966},"Iteration":9},
{"Acceptance":[0.3408963585434174],"Energy":{"Mean":-182.56451612903226,"Sigma":0.6394267995482954,"Taucorr":0.16674386601458224},"EnergyVariance":{"Mean":37.71357960457856,"Sigma":5.45208606413381,"Taucorr":0.012470893722654863},"Iteration":10},
{"Acceptance":[0.33599439775910367],"Energy":{"Mean":-183.56451612903226,"Sigma":0.6920213245999033,"Taucorr":0.1992921425350671},"EnergyVariance":{"Mean":42.11680541103018,"Sigma":4.899270845429242,"Taucorr":-0.08829395801770967},"Iteration":11},
{"Acceptance":[0.3072829131652661],"Energy":{"Mean":-186.42741935483875,"Sigma":0.5348341050685738,"Taucorr":0.1522644134661526},"EnergyVariance":{"Mean":26.97053850156088,"Sigma":3.274249014038454,"Taucorr":0.055759422291865035},"Iteration":12},
{"Acceptance":[0.27324929971988793],"Energy":{"Mean":-188.95967741935485,"Sigma":0.5144546091916059,"Taucorr":0.2642856052208067},"EnergyVariance":{"Mean":21.296761186264312,"Sigma":2.4123738122706606,"Taucorr":-0.023631315842860323},"Iteration":13},
{"Acceptance":[0.2589635854341737],"Energy":{"Mean":-189.38709677419354,"Sigma":0.42373129889862937,"Taucorr":0.027558166993958966},"EnergyVariance":{"Mean":20.930801248699275,"Sigma":3.260309669015994,"Taucorr":0.0878060450007585},"Iteration":14},
{"Acceptance":[0.2473389355742297],"Energy":{"Mean":-191.3951612903226,"Sigma":0.5193531690349167,"Taucorr":0.3769231827105226},"EnergyVariance":{"Mean":18.916428199791884,"Sigma":2.3672342841969125,"Taucorr":0.13622440927361357},"Iteration":15},
{"Acceptance":[0.22759103641456582],"Energy":{"Mean":-192.258064516129,"Sigma":0.3901481437285136,"Taucorr":0.17734583819598992},"EnergyVariance":{"Mean":13.820499479708637,"Sigma":2.391393890083356,"Taucorr":0.17446920066774152},"Iteration":16},
{"Acceptance":[0.20518207282913165],"Energy":{"Mean":-193.75806451612905,"Sigma":0.33188202961547375,"Taucorr":-0.00495066446129977},"EnergyVariance":{"Mean":13.683402705515089,"Sigma":2.045094456648107,"Taucorr":0.021749005976481994},"Iteration":17},
{"Acceptance":[0.18179271708683473],"Energy":{"Mean":-194.8951612903226,"Sigma":0.3548387096774191,"Taucorr":0.0481692241819861},"EnergyVariance":{"Mean":14.12610561914672,"Sigma":1.7323581438220341,"Taucorr":0.012568466082185203},"Iteration":18},
{"Acceptance":[0.17857142857142858],"Energy":{"Mean":-194.8225806451613,"Sigma":0.4851551060575876,"Taucorr":0.4537094009769461},"EnergyVariance":{"Mean":15.178199791883458,"Sigma":2.957030746232826,"Taucorr":0.4657044752641091},"Iteration":19},
{"Acceptance":[0.14145658263305322],"Energy":{"Mean":-196.41129032258064,"Sigma":0.3759483326247503,"Taucorr":0.16779488255662345},"EnergyVariance":{"Mean":13.016324141519249,"Sigma":2.4691536675771153,"Taucorr":0.13413361599022156},"Iteration":20},
{"Acceptance":[0.1361344537815126],"Energy":{"Mean":-197.07258064516128,"Sigma":0.37301329439306125,"Taucorr":0.32873906388768137},"EnergyVariance":{"Mean":10.325377211238296,"Sigma":1.5413514545760187,"Taucorr":0.015858905633774456},"Iteration":21},
{"Acceptance":[0.12829131652661063],"Energy":{"Mean":-196.87903225806454,"Sigma":0.31470906682125915,"Taucorr":0.10657046819038651},"EnergyVariance":{"Mean":10.041818418314257,"Sigma":1.7093514695905023,"Taucorr":0.12330525954535021},"Iteration":22},
{"Acceptance":[0.11022408963585434],"Energy":{"Mean":-198.3870967741935,"Sigma":0.2578964506497079,"Taucorr":0.11005276635368677},"EnergyVariance":{"Mean":6.704994797086369,"Sigma":1.3043849298853694,"Taucorr":0.055276214771084575},"Iteration":23},
{"Acceptance":[0.10714285714285714],"Energy":{"Mean":-198.32258064516128,"Sigma":0.32132821385581767,"Taucorr":0.40184548880513715},"EnergyVariance":{"Mean":7.041103017689905,"Sigma":1.3031863664899481,"Taucorr":-0.08107695532740905},"Iteration":24},
{"Acceptance":[0.10196078431372549],"Energy":{"Mean":-199.0806451612903,"Sigma":0.26548472020663977,"Taucorr":0.20060126981457194},"EnergyVariance":{"Mean":6.187044745057231,"Sigma":1.0483490532745838,"Taucorr":0.007932429949693676},"Iteration":25},
{"Acceptance":[0.09705882352941177],"Energy":{"Mean":-199.3306451612903,"Sigma":0.23742205760499907,"Taucorr":0.19173101130302694},"EnergyVariance":{"Mean":5.011641519250779,"Sigma":0.7608009248914263,"Taucorr":0.06169056422617081},"Iteration":26},
{"Acceptance":[0.08403361344537816],"Energy":{"Mean":-199.79032258064515,"Sigma":0.24921834097358858,"Taucorr":0.5849866991797865},"EnergyVariance":{"Mean":3.5205515088449535,"Sigma":0.7139576403685655,"Taucorr":0.21036073439239122},"Iteration":27},
{"Acceptance":[0.08417366946778712],"Energy":{"Mean":-200.21774193548387,"Sigma":0.272074353245705,"Taucorr":0.4781493229741621},"EnergyVariance":{"Mean":4.654201352757545,"Sigma":0.5741357090654137,"Taucorr":0.0986452945341848},"Iteration":28},
{"Acceptance":[0.07464985994397759],"Energy":{"Mean":-200.06451612903226,"Sigma":0.3106461662128253,"Taucorr":0.49517645262606813},"EnergyVariance":{"Mean":5.963579604578564,"Sigma":1.2979302525002805,"Taucorr":0.3210433667913579},"Iteration":29} 
]}