{"Output": [
{"Acceptance":[0.8743460764587525],"Energy":{"Mean":-304.18548387096774,"Sigma":0.7818478028486611,"Taucorr":-0.1536840427743572},"EnergyVariance":{"Mean":108.55430541103016,"Sigma":13.945267773997855,"Taucorr":-0.0195797844664794},"Iteration":0},
{"Acceptance":[0.8588531187122737],"Energy":{"Mean":-304.30645161290323,"Sigma":1.0236261234031465,"Taucorr":0.06445338580416415},"EnergyVariance":{"Mean":114.16415192507804,"Sigma":14.08601749162023,"Taucorr":-0.04795923770911309},"Iteration":1},
{"Acceptance":[0.8421529175050302],"Energy":{"Mean":-305.0887096774194,"Sigma":0.9887504596125247,"Taucorr":-0.04678564547654718},"EnergyVariance":{"Mean":132.6614854318418,"Sigma":16.928233094431768,"Taucorr":-0.06932612237298552},"Iteration":2},
{"Acceptance":[0.8193158953722334],"Energy":{"Mean":-307.44354838709677,"Sigma":1.0542865445089913,"Taucorr":0.04001820817014601},"EnergyVariance":{"Mean":126.58552289281998,"Sigma":19.43411330806352,"Taucorr":-0.0854031173315079},"Iteration":3},
{"Acceptance":[0.7898390342052314],"Energy":{"Mean":-308.008064516129,"Sigma":1.243287561729618,"Taucorr":0.2589005400056382},"EnergyVariance":{"Mean":125.26606399583767,"Sigma":14.207158183260615,"Taucorr":0.07868328666077185},"Iteration":4},
{"Acceptance":[0.7275653923541248],"Energy":{"Mean":-311.43548387096774,"Sigma":1.0999735909547008,"Taucorr":0.037126384655974176},"EnergyVariance":{"Mean":138.53616024973988,"Sigma":13.722868312287895,"Taucorr":-0.09084240581296299},"Iteration":5},
{"Acceptance":[0.7106639839034206],"Energy":{"Mean":-313.5887096774194,"Sigma":1.259456081775622,"Taucorr":0.382574474256961},"EnergyVariance":{"Mean":110.53245317377731,"Sigma":14.948657258105952,"Taucorr":-0.026505428492071437},"Iteration":6},
{"Acceptance":[0.637122736418511],"Energy":{"Mean":-317.6129032258066,"Sigma":1.3171143265298504,"Taucorr":0.3088762134677637},"EnergyVariance":{"Mean":131.89854318418318,"Sigma":15.28780382224409,"Taucorr":-0.06428498342757694},"Iteration":7},
{"Acceptance":[0.5744466800804829],"Energy":{"Mean":-322.5725806451612,"Sigma":1.2830152630057803,"Taucorr":0.36584860899045735},"EnergyVariance":{"Mean":116.92215140478666,"Sigma":18.588760516434867,"Taucorr":0.29932214101329446},"Iteration":8},
{"Acceptance":[0.4670020120724346],"Energy":{"Mean":-328.1612903225806,"Sigma":0.9190010637942398,"Taucorr":0.04329479344105347},"EnergyVariance":{"Mean":95.60301768990634,"Sigma":9.876971419177403,"Taucorr":-0.006290807829116729},"Iteration":9},
{"Acceptance":[0.4130784708249497],"Energy":{"Mean":-334.9919354838709,"Sigma":1.17709341489456,"Taucorr":0.301380540803051},"EnergyVariance":{"Mean":106.33058012486994,"Sigma":11.976724792678459,"Taucorr":-0.05552353745888816},"Iteration":10},
{"Acceptance":[0.3745472837022133],"Energy":{"Mean":-341.2338709677419,"Sigma":1.0674771461298544,"Taucorr":0.1508195146994431},"EnergyVariance":{"Mean":107.67917533818938,"Sigma":14.750772688461637,"Taucorr":-0.014566036503134872},"Iteration":11},
{"Acceptance":[0.3158953722334004],"Energy":{"Mean":-345.86290322580646,"Sigma":1.0154610366193892,"Taucorr":0.37096274859207357},"EnergyVariance":{"Mean":72.81184963579604,"Sigma":8.015536191776858,"Taucorr":0.029710789952346106},"Iteration":12},
{"Acceptance":[0.28490945674044266],"Energy":{"Mean":-348.79838709677415,"Sigma":0.9927437916529176,"Taucorr":0.46653405502276535},"EnergyVariance":{"Mean":62.709352237252865,"Sigma":5.807197442707834,"Taucorr":-0.08774666114470764},"Iteration":13},
{"Acceptance":[0.24979879275653924],"Energy":{"Mean":-354.4677419354839,"Sigma":0.8452700414313629,"Taucorr":0.4876314881624093},"EnergyVariance":{"Mean":44.49089490114463,"Sigma":7.341908095445389,"Taucorr":-0.03546928584701642},"Iteration":14},
{"Acceptance":[0.22464788732394367],"Energy":{"Mean":-357.6048387096773,"Sigma":0.636245518135807,"Taucorr":0.12168629890261984},"EnergyVariance":{"Mean":40.04546045785639,"Sigma":5.02262024133431,"Taucorr":-0.0422399049486033},"Iteration":15},
{"Acceptance":[0.2017102615694165],"Energy":{"Mean":-358.54838709677426,"Sigma":0.5341080589741335,"Taucorr":0.0035005823416099924},"EnergyVariance":{"Mean":34.844432882414154,"Sigma":5.283839603182573,"Taucorr":0.35871257617875385},"Iteration":16},
{"Acceptance":[0.19346076458752515],"Energy":{"Mean":-359.5564516129033,"Sigma":0.7003944431513046,"Taucorr":0.30683011589055664},"EnergyVariance":{"Mean":37.39197450572321,"Sigma":5.60826670515436,"Taucorr":0.30729245322774246},"Iteration":17},
{"Acceptance":[0.16378269617706237],"Energy":{"Mean":-361.98387096774195,"Sigma":0.3495264622773489,"Taucorr":-0.06053158143002879},"EnergyVariance":{"Mean":17.096514047866798,"Sigma":2.090471394183716,"Taucorr":0.0486455257370807},"Iteration":18},
{"Acceptance":[0.15482897384305835],"Energy":{"Mean":-363.94354838709677,"Sigma":0.4848109150061015,"Taucorr":0.2684230906193069},"EnergyVariance":{"Mean":18.81132934443288,"Sigma":2.738707259134577,"Taucorr":0.06048799115884185},"Iteration":19},
{"Acceptance":[0.14567404426559355],"Energy":{"Mean":-364.8951612903225,"Sigma":0.5026507949993633,"Taucorr":0.25275067345106084},"EnergyVariance":{"Mean":20.642234651404785,"Sigma":3.636214661068766,"Taucorr":-0.08831036161486538},"Iteration":20},
{"Acceptance":[0.14406438631790744],"Energy":{"Mean":-364.3709677419355,"Sigma":0.5744177706461842,"Taucorr":0.4810159973840774},"EnergyVariance":{"Mean":20.684963579604577,"Sigma":3.9379571741343087,"Taucorr":0.18890909804883016},"Iteration":21},
{"Acceptance":[0.11941649899396378],"Energy":{"Mean":-366.1693548387096,"Sigma":0.5227855366288948,"Taucorr":0.2981109817521559},"EnergyVariance":{"Mean":21.060028616024972,"Sigma":2.7537619593385747,"Taucorr":0.012257112339084664},"Iteration":22},
{"Acceptance":[0.11247484909456741],"Energy":{"Mean":-367.983870967742,"Sigma":0.4042674717217961,"Taucorr":0.15322586099041036},"EnergyVariance":{"Mean":15.386836628511963,"Sigma":2.9182588096568893,"Taucorr":0.2220563780876742},"Iteration":23},
{"Acceptance":[0.1005030181086519],"Energy":{"Mean":-368.89516129032256,"Sigma":0.38131320092197507,"Taucorr":0.31552537145229276},"EnergyVariance":{"Mean":10.964815296566078,"Sigma":1.4434998431776263,"Taucorr":0.09280805713799967},"Iteration":24},
{"Acceptance":[0.0959758551307847],"Energy":{"Mean":-369.258064516129,"Sigma":0.37984926816820785,"Taucorr":0.10799882357135449},"EnergyVariance":{"Mean":14.594693028095731,"Sigma":2.054498568305692,"Taucorr":-0.05676830909516295},"Iteration":25},
{"Acceptance":[0.08400402414486921],"Energy":{"Mean":-370.88709677419365,"Sigma":0.3980528396189185,"Taucorr":0.22422420293497547},"EnergyVariance":{"Mean":13.45499479708637,"Sigma":2.3727031544260497,"Taucorr":0.11944896841072883},"Iteration":26},
{"Acceptance":[0.07766599597585513],"Energy":{"Mean":-371.5080645161291,"Sigma":0.4416921078543612,"Taucorr":0.6313917048430417},"EnergyVariance":{"Mean":10.604773673257023,"Sigma":1.8207186882559132,"Taucorr":0.6283304986385658},"Iteration":27},
{"Acceptance":[0.07303822937625755],"Energy":{"Mean":-372.0564516129032,"Sigma":0.37418543743526844,"Taucorr":0.2882390412630754},"EnergyVariance":{"Mean":10.924232570239333,"Sigma":1.8320988383471848,"Taucorr":0.342546146327256},"Iteration":28},
{"Acceptance":[0.06780684104627767],"Energy":{"Mean":-373.0241935483871,"Sigma":0.2517024930108175,"Taucorr":-0.05303316297981403},"EnergyVariance":{"Mean":8.717156607700314,"Sigma":1.155148466058919,"Taucorr":-0.005571557968138019},"Iteration":29},
{"Acceptance":[0.06317907444668008],"Energy":{"Mean":-373.0403225806451,"Sigma":0.3533816614963599,"Taucorr":0.3635523996870099},"EnergyVariance":{"Mean":8.893535379812693,"Sigma":1.4630116614660755,"Taucorr":0.4129850668803311},"Iteration":30},
{"Acceptance":[0.06217303822937626],"Energy":{"Mean":-373.8064516129032,"Sigma":0.2698340981294888,"Taucorr":0.10527551163935855},"EnergyVariance":{"Mean":7.39802289281998,"Sigma":1.0545373904650637,"Taucorr":0.08502629877146684},"Iteration":31},
{"Acceptance":[0.056539235412474846],"Energy":{"Mean":-373.7983870967742,"Sigma":0.31801200246984507,"Taucorr":0.2636243861540326},"EnergyVariance":{"Mean":8.144836108220604,"Sigma":1.1977164781281902,"Taucorr":0.2287948662908047},"Iteration":32},
{"Acceptance":[0.055231388329979876],"Energy":{"Mean":-374.9516129032258,"Sigma":0.2036030804286655,"Taucorr":-0.00736314281405509},"EnergyVariance":{"Mean":5.175078043704475,"Sigma":0.8190873412315389,"Taucorr":-0.1152192211096193},"Iteration":33},
{"Acceptance":[0.05211267605633803],"Energy":{"Mean":-375.4112903225806,"Sigma":0.24250828250371131,"Taucorr":0.2549980314693393},"EnergyVariance":{"Mean":4.790517689906349,"Sigma":0.9859524786826288,"Taucorr":-0.027665010442737892},"Iteration":34},
{"Acceptance":[0.05603621730382294],"Energy":{"Mean":-375.4274193548387,"Sigma":0.3256906533275584,"Taucorr":0.3319289049605616},"EnergyVariance":{"Mean":7.84150624349636,"Sigma":2.2274355101018197,"Taucorr":0.2117841761954503},"Iteration":35},
{"Acceptance":[0.04507042253521127],"Energy":{"Mean":-376.14516129032256,"Sigma":0.23238310552834468,"Taucorr":0.2309690810191778},"EnergyVariance":{"Mean":4.543444328824142,"Sigma":0.8619218707123002,"Taucorr":0.3501705698513278},"Iteration":36},
{"Acceptance":[0.04748490945674044],"Energy":{"Mean":-375.1209677419353,"Sigma":0.2923465886961993,"Taucorr":0.5070802856039274},"EnergyVariance":{"Mean":5.2192377731529644,"Sigma":0.9292024468481658,"Taucorr":0.4165324643813495},"Iteration":37},
{"Acceptance":[0.045975855130784705],"Energy":{"Mean":-376.48387096774195,"Sigma":0.21249145582790122,"Taucorr":0.3502748128086618},"EnergyVariance":{"Mean":3.2658688865764827,"Sigma":0.5365862053077277,"Taucorr":0.11495637291972827},"Iteration":38},
{"Acceptance":[0.044567404426559355],"Energy":{"Mean":-376.4032258064517,"Sigma":0.19935292479159425,"Taucorr":0.2083729171379125},"EnergyVariance":{"Mean":3.4503121748178986,"Sigma":0.6262128517131492,"Taucorr":-0.022509245949530854},"Iteration":39},
{"Acceptance":[0.04637826961770624],"Energy":{"Mean":-376.8629032258066,"Sigma":0.17879476643635459,"Taucorr":0.06870096886465549},"EnergyVariance":{"Mean":3.457010926118626,"Sigma":1.0222079511609792,"Taucorr":0.060740818876997005},"Iteration":40},
{"Acceptance":[0.03360160965794769],"Energy":{"Mean":-376.49193548387103,"Sigma":0.2098014521485045,"Taucorr":0.36292526173940076},"EnergyVariance":{"Mean":3.137031737773153,"Sigma":0.4934816842642244,"Taucorr":0.17142376576627927},"Iteration":41},
{"Acceptance":[0.040643863179074445],"Energy":{"Mean":-376.7419354838709,"Sigma":0.24497198407069865,"Taucorr":0.4619626390018946},"EnergyVariance":{"Mean":3.836628511966702,"Sigma":0.9336650353837161,"Taucorr":0.2562053369581021},"Iteration":42},
{"Acceptance":[0.03501006036217304],"Energy":{"Mean":-377.5403225806451,"Sigma":0.2263242910149813,"Taucorr":0.42390180632117247},"EnergyVariance":{"Mean":3.40966441207076,"Sigma":0.9824330638096256,"Taucorr":0.1876157443843952},"Iteration":43},
{"Acceptance":[0.0317907444668008],"Energy":{"Mean":-377.2338709677419,"Sigma":0.2086617252254333,"Taucorr":0.5369002946583665},"EnergyVariance":{"Mean":2.5824011446409996,"Sigma":0.5272413909334768,"Taucorr":0.16596471390625778},"Iteration":44},
{"Acceptance":[0.03370221327967807],"Energy":{"Mean":-377.4274193548387,"Sigma":0.2654357212114441,"Taucorr":0.42902461130864755},"EnergyVariance":{"Mean":4.664086888657648,"Sigma":1.6578094761139477,"Taucorr":0.516582824715357},"Iteration":45},
{"Acceptance":[0.028269617706237423],"Energy":{"Mean":-377.63709677419354,"Sigma":0.2594552579359695,"Taucorr":0.4935942060655235},"EnergyVariance":{"Mean":4.166688345473464,"Sigma":1.2557015080359275,"Taucorr":0.3881591130907682},"Iteration":46},
{"Acceptance":[0.022937625754527163],"Energy":{"Mean":-378.0241935483871,"Sigma":0.23826062092272682,"Taucorr":0.5187944810309166},"EnergyVariance":{"Mean":3.426834027055152,"Sigma":1.7527255030183877,"Taucorr":0.48183930037933165},"Iteration":47},
{"Acceptance":[0.018209255533199194],"Energy":{"Mean":-378.46774193548384,"Sigma":0.10352778410246055,"Taucorr":0.12455016021691956},"EnergyVariance":{"Mean":1.055411030176899,"Sigma":0.21486647490038627,"Taucorr":0.09570043345805457},"Iteration":48},
{"Acceptance":[0.024346076458752516],"Energy":{"Mean":-377.81451612903237,"Sigma":0.32086235909803,"Taucorr":0.8853361792956296},"EnergyVariance":{"Mean":4.570434443288241,"Sigma":2.7961249700517223,"Taucorr":0.9855140096954134},"Iteration":49} 
]}