{"Output": [
{"Acceptance":[0.9434173669467787],"Energy":{"Mean":-154.5806451612903,"Sigma":0.8648129806506767,"Taucorr":0.03173539601578279},"EnergyVariance":{"Mean":86.5015608740895,"Sigma":10.044940860786012,"Taucorr":-0.046222685271049946},"Iteration":0},
{"Acceptance":[0.930812324929972],"Energy":{"Mean":-155.0241935483871,"Sigma":0.6787237825101228,"Taucorr":-0.005688112121408628},"EnergyVariance":{"Mean":57.313930801248695,"Sigma":5.006370776958197,"Taucorr":-0.18515267847507172},"Iteration":1},
{"Acceptance":[0.9203081232492997],"Energy":{"Mean":-156.4516129032258,"Sigma":0.6391589057763025,"Taucorr":-0.06961876114081944},"EnergyVariance":{"Mean":58.37669094693028,"Sigma":5.436727986265387,"Taucorr":-0.16191973222468853},"Iteration":2},
{"Acceptance":[0.9106442577030812],"Energy":{"Mean":-155.24999999999997,"Sigma":0.7360713791941755,"Taucorr":0.04356520309159562},"EnergyVariance":{"Mean":61.30040322580645,"Sigma":6.816050679798402,"Taucorr":-0.10097670243052448},"Iteration":3},
{"Acceptance":[0.8917366946778712],"Energy":{"Mean":-155.54838709677418,"Sigma":0.6128572421912609,"Taucorr":-0.06711417330512215},"EnergyVariance":{"Mean":53.36056191467221,"Sigma":6.709600331724367,"Taucorr":0.01723463112828716},"Iteration":4},
{"Acceptance":[0.8851540616246498],"Energy":{"Mean":-155.9193548387097,"Sigma":0.8828097781544627,"Taucorr":0.13747971586643015},"EnergyVariance":{"Mean":75.18704474505725,"Sigma":11.171293614642723,"Taucorr":0.06602351428477149},"Iteration":5},
{"Acceptance":[0.8637254901960785],"Energy":{"Mean":-156.758064516129,"Sigma":0.6225472162176907,"Taucorr":-0.1554773427188731},"EnergyVariance":{"Mean":69.18340270551508,"Sigma":8.54299992450041,"Taucorr":-0.1342963303254207},"Iteration":6},
{"Acceptance":[0.846218487394958],"Energy":{"Mean":-158.15322580645156,"Sigma":0.8412801800298967,"Taucorr":0.14917750379020522},"EnergyVariance":{"Mean":67.04910249739851,"Sigma":7.058182527780599,"Taucorr":-0.03439206893465063},"Iteration":7},
{"Acceptance":[0.8358543417366947],"Energy":{"Mean":-159.70161290322582,"Sigma":0.6712629881844209,"Taucorr":-0.05442844848230083},"EnergyVariance":{"Mean":62.193223204994794,"Sigma":7.287691061389705,"Taucorr":-0.06087068627349623},"Iteration":8},
{"Acceptance":[0.7715686274509804],"Energy":{"Mean":-160.3870967741935,"Sigma":0.903237807139938,"Taucorr":0.09166301100074192},"EnergyVariance":{"Mean":84.80176899063474,"Sigma":9.00898440435273,"Taucorr":-0.1707118876379734},"Iteration":9},
{"Acceptance":[0.7264705882352941],"Energy":{"Mean":-161.25,"Sigma":0.92384772752652,"Taucorr":0.1476851506331326},"EnergyVariance":{"Mean":81.0423387096774,"Sigma":11.360522064815257,"Taucorr":0.007349807535740438},"Iteration":10},
{"Acceptance":[0.6816526610644258],"Energy":{"Mean":-164.25,"Sigma":1.0780682644414028,"Taucorr":0.235334868189077},"EnergyVariance":{"Mean":97.20362903225806,"Sigma":9.176514886832702,"Taucorr":-0.11459860229760027},"Iteration":11},
{"Acceptance":[0.5763305322128851],"Energy":{"Mean":-167.84677419354838,"Sigma":1.111745540923258,"Taucorr":0.5143649774912582},"EnergyVariance":{"Mean":74.93619927159209,"Sigma":9.335748428718539,"Taucorr":0.15160830610308706},"Iteration":12},
{"Acceptance":[0.4448179271708683],"Energy":{"Mean":-172.40322580645162,"Sigma":1.4443846319339757,"Taucorr":0.6161708560682004},"EnergyVariance":{"Mean":114.9503121748179,"Sigma":14.033555983861575,"Taucorr":0.026753102303915144},"Iteration":13},
{"Acceptance":[0.3521008403361345],"Energy":{"Mean":-178.11290322580646,"Sigma":0.8982389213916733,"Taucorr":0.3282932591051789},"EnergyVariance":{"Mean":59.90660770031217,"Sigma":6.726380401833399,"Taucorr":-0.006072988498478649},"Iteration":14},
{"Acceptance":[0.28557422969187674],"Energy":{"Mean":-181.87096774193546,"Sigma":0.8829988437307436,"Taucorr":0.5198899727767692},"EnergyVariance":{"Mean":47.0156087408949,"Sigma":8.85347138409144,"Taucorr":0.44421608962111025},"Iteration":15},
{"Acceptance":[0.21470588235294116],"Energy":{"Mean":-186.31451612903228,"Sigma":0.8791161053036345,"Taucorr":0.6101925767489051},"EnergyVariance":{"Mean":42.8123699271592,"Sigma":12.423645134427547,"Taucorr":1.1095270483856703},"Iteration":16},
{"Acceptance":[0.17142857142857143],"Energy":{"Mean":-187.93548387096772,"Sigma":0.7016654287593628,"Taucorr":0.3340676192796648},"EnergyVariance":{"Mean":36.30228928199793,"Sigma":8.370111986683597,"Taucorr":0.24913218267826653},"Iteration":17},
{"Acceptance":[0.1453781512605042],"Energy":{"Mean":-190.87903225806448,"Sigma":0.39805828579498864,"Taucorr":0.2613116136801287},"EnergyVariance":{"Mean":12.799882934443286,"Sigma":1.5730494374913044,"Taucorr":-0.007099244877661948},"Iteration":18},
{"Acceptance":[0.12408963585434174],"Energy":{"Mean":-191.51612903225805,"Sigma":0.44539692999781066,"Taucorr":0.3760058652121949},"EnergyVariance":{"Mean":13.927159209157129,"Sigma":2.5872990748413076,"Taucorr":0.23771591364347866},"Iteration":19},
{"Acceptance":[0.11386554621848739],"Energy":{"Mean":-192.2741935483871,"Sigma":0.4288573901857029,"Taucorr":0.342543842650906},"EnergyVariance":{"Mean":13.424817898022892,"Sigma":1.8680891815288467,"Taucorr":0.06659328712832957},"Iteration":20},
{"Acceptance":[0.10812324929971989],"Energy":{"Mean":-193.04032258064518,"Sigma":0.35584534633726195,"Taucorr":0.19531272682929746},"EnergyVariance":{"Mean":11.199986992715921,"Sigma":1.736558956079087,"Taucorr":0.19928437824940237},"Iteration":21},
{"Acceptance":[0.09747899159663866],"Energy":{"Mean":-194.62903225806454,"Sigma":0.2620409369802485,"Taucorr":0.06370194811959928},"EnergyVariance":{"Mean":7.491415192507805,"Sigma":1.4418832084787867,"Taucorr":0.26042733302820076},"Iteration":22},
{"Acceptance":[0.07717086834733894],"Energy":{"Mean":-195.87096774193552,"Sigma":0.22236236764785333,"Taucorr":0.08922774473233175},"EnergyVariance":{"Mean":5.160770031217481,"Sigma":0.8972786018961332,"Taucorr":0.19395660517632196},"Iteration":23},
{"Acceptance":[0.06890756302521009],"Energy":{"Mean":-195.83870967741936,"Sigma":0.28716925507685326,"Taucorr":0.08513416171439048},"EnergyVariance":{"Mean":8.667533818938605,"Sigma":1.938700314702796,"Taucorr":0.20020620911535392},"Iteration":24},
{"Acceptance":[0.05672268907563025],"Energy":{"Mean":-196.26612903225808,"Sigma":0.2998511019089147,"Taucorr":0.5109715930034846},"EnergyVariance":{"Mean":5.469497918834547,"Sigma":0.7522629942424146,"Taucorr":0.04541378944795815},"Iteration":25},
{"Acceptance":[0.047619047619047616],"Energy":{"Mean":-197.04838709677418,"Sigma":0.18923280125210623,"Taucorr":0.18319546445000423},"EnergyVariance":{"Mean":3.2234651404786683,"Sigma":0.5970306250106406,"Taucorr":0.11867319056899361},"Iteration":26},
{"Acceptance":[0.03515406162464986],"Energy":{"Mean":-197.47580645161298,"Sigma":0.16162599479093914,"Taucorr":0.04890785058773439},"EnergyVariance":{"Mean":2.926834027055151,"Sigma":0.5902002779910601,"Taucorr":-0.04036790168164056},"Iteration":27},
{"Acceptance":[0.033473389355742296],"Energy":{"Mean":-197.64516129032256,"Sigma":0.1959859941055357,"Taucorr":0.25032845810608706},"EnergyVariance":{"Mean":3.1482830385015608,"Sigma":0.8093561732795425,"Taucorr":0.12338048416395275},"Iteration":28},
{"Acceptance":[0.035434173669467786],"Energy":{"Mean":-198.10483870967738,"Sigma":0.10923376429419593,"Taucorr":-0.1037506584723451},"EnergyVariance":{"Mean":1.8519120707596255,"Sigma":0.5102918914223743,"Taucorr":-0.06808628164617925},"Iteration":29},
{"Acceptance":[0.034873949579831934],"Energy":{"Mean":-198.1048387096774,"Sigma":0.14093304363690445,"Taucorr":0.12169739498857757},"EnergyVariance":{"Mean":1.9648152965660766,"Sigma":0.7224255921203058,"Taucorr":0.2792795539219618},"Iteration":30},
{"Acceptance":[0.029831932773109245],"Energy":{"Mean":-197.96774193548384,"Sigma":0.1592750442334698,"Taucorr":0.22764802232467252},"EnergyVariance":{"Mean":2.1441207075962536,"Sigma":0.576719100527438,"Taucorr":0.15046938812226995},"Iteration":31},
{"Acceptance":[0.021148459383753503],"Energy":{"Mean":-198.21774193548387,"Sigma":0.1289650362531998,"Taucorr":0.19263222794732981},"EnergyVariance":{"Mean":1.4767819979188346,"Sigma":0.53634087814071,"Taucorr":0.11221861117475707},"Iteration":32},
{"Acceptance":[0.02030812324929972],"Energy":{"Mean":-198.56451612903226,"Sigma":0.06952966213106146,"Taucorr":0.054524502668598984},"EnergyVariance":{"Mean":0.5361602497398542,"Sigma":0.1789732209906652,"Taucorr":-0.01511369793753059},"Iteration":33},
{"Acceptance":[0.01246498599439776],"Energy":{"Mean":-198.20161290322582,"Sigma":0.28098792564813546,"Taucorr":0.9758930159922525},"EnergyVariance":{"Mean":3.2899973985431834,"Sigma":1.3575155798903327,"Taucorr":0.9067283105853357},"Iteration":34},
{"Acceptance":[0.014005602240896359],"Energy":{"Mean":-198.87903225806454,"Sigma":0.03453019510393883,"Taucorr":0.02909432191460115},"EnergyVariance":{"Mean":0.13859261186264307,"Sigma":0.03456459057432771,"Taucorr":-0.04548974247149473},"Iteration":35},
{"Acceptance":[0.011484593837535015],"Energy":{"Mean":-198.71774193548382,"Sigma":0.10672415421036739,"Taucorr":0.34231641510910205},"EnergyVariance":{"Mean":0.8316207075962536,"Sigma":0.3400595834720846,"Taucorr":0.20472101938306608},"Iteration":36},
{"Acceptance":[0.009943977591036414],"Energy":{"Mean":-198.66129032258067,"Sigma":0.09598694124385558,"Taucorr":0.26559753954305887},"EnergyVariance":{"Mean":0.7401144640998959,"Sigma":0.362969092321048,"Taucorr":0.006215680209795904},"Iteration":37},
{"Acceptance":[0.0060224089635854345],"Energy":{"Mean":-198.71774193548387,"Sigma":0.1580041578855506,"Taucorr":0.40178387256960857},"EnergyVariance":{"Mean":1.7025884495317376,"Sigma":0.9198380705832313,"Taucorr":0.26393089742401366},"Iteration":38},
{"Acceptance":[0.004481792717086834],"Energy":{"Mean":-198.93548387096774,"Sigma":0.032725113534479995,"Taucorr":0.027447916666668015},"EnergyVariance":{"Mean":0.12486992715920917,"Sigma":0.07546906480922214,"Taucorr":-0.010063002921545161},"Iteration":39},
{"Acceptance":[0.0061624649859943975],"Energy":{"Mean":-198.90322580645162,"Sigma":0.0711629768076314,"Taucorr":0.4456556082148476},"EnergyVariance":{"Mean":0.32934443288241416,"Sigma":0.2457874608979775,"Taucorr":0.48133988291549357},"Iteration":40},
{"Acceptance":[0.0033613445378151263],"Energy":{"Mean":-198.99193548387095,"Sigma":0.008064516129033366,"Taucorr":1.0103029524088925e-13},"EnergyVariance":{"Mean":0.007999479708636837,"Sigma":0.007934443288241074,"Taucorr":0.0},"Iteration":41},
{"Acceptance":[0.004481792717086834],"Energy":{"Mean":-198.9758064516129,"Sigma":0.021234857696915355,"Taucorr":-0.0036088474970970563},"EnergyVariance":{"Mean":0.05586628511966701,"Sigma":0.02461634382706574,"Taucorr":0.2280595095846979},"Iteration":42},
{"Acceptance":[0.004201680672268907],"Energy":{"Mean":-199.02419354838707,"Sigma":0.039066456181902756,"Taucorr":0.5650922509224989},"EnergyVariance":{"Mean":0.08812434963579607,"Sigma":0.034587963870098305,"Taucorr":0.43234500648456864},"Iteration":43},
{"Acceptance":[0.0030812324929971988],"Energy":{"Mean":-199.00806451612905,"Sigma":0.008064516129032718,"Taucorr":4.907185768843192e-14},"EnergyVariance":{"Mean":0.007999479708636837,"Sigma":0.007934443288241074,"Taucorr":0.0},"Iteration":44},
{"Acceptance":[0.0036414565826330533],"Energy":{"Mean":-198.99193548387092,"Sigma":0.03753827968755021,"Taucorr":0.32712600869023445},"EnergyVariance":{"Mean":0.10477367325702394,"Sigma":0.06487782431581927,"Taucorr":0.4112645459601879},"Iteration":45},
{"Acceptance":[0.0028011204481792717],"Energy":{"Mean":-198.95161290322577,"Sigma":0.048387096774194074,"Taucorr":0.5081967213114875},"EnergyVariance":{"Mean":0.14281997918834552,"Sigma":0.1404786680541063,"Taucorr":0.5081967213114753},"Iteration":46},
{"Acceptance":[0.0028011204481792717],"Energy":{"Mean":-198.94354838709674,"Sigma":0.034214844250962384,"Taucorr":-0.020156046814035433},"EnergyVariance":{"Mean":0.15003902185223728,"Sigma":0.09704169695889665,"Taucorr":-0.015252369750746508},"Iteration":47},
{"Acceptance":[0.00392156862745098],"Energy":{"Mean":-198.758064516129,"Sigma":0.1721479854471546,"Taucorr":0.6371327706541159},"EnergyVariance":{"Mean":1.6027575442247657,"Sigma":1.1120606299554359,"Taucorr":0.5320811778463093},"Iteration":48},
{"Acceptance":[0.0014005602240896359],"Energy":{"Mean":-199.02419354838707,"Sigma":0.017790744201907106,"Taucorr":0.32451790633604927},"EnergyVariance":{"Mean":0.023608220603537983,"Sigma":0.016929901740525992,"Taucorr":0.324517906336088},"Iteration":49},
{"Acceptance":[0.0036414565826330533],"Energy":{"Mean":-199.00806451612902,"Sigma":0.031715873556457434,"Taucorr":0.5971164936562894},"EnergyVariance":{"Mean":0.05638657648283039,"Sigma":0.02986218613107468,"Taucorr":0.5341025874156058},"Iteration":50},
{"Acceptance":[0.0036414565826330533],"Energy":{"Mean":-198.96774193548387,"Sigma":0.03225806451613009,"Taucorr":2.6645352591003757e-14},"EnergyVariance":{"Mean":0.1279916753381894,"Sigma":0.12695109261186271,"Taucorr":2.220446049250313e-16},"Iteration":51},
{"Acceptance":[0.0025210084033613447],"Energy":{"Mean":-198.99193548387095,"Sigma":0.037538279687550635,"Taucorr":0.06581740976644901},"EnergyVariance":{"Mean":0.15316077003121745,"Sigma":0.12896320395092878,"Taucorr":-0.0009189981639600719},"Iteration":52},
{"Acceptance":[0.0033613445378151263],"Energy":{"Mean":-198.79032258064512,"Sigma":0.11364960664485757,"Taucorr":0.7228574289147054},"EnergyVariance":{"Mean":0.6495837669094692,"Sigma":0.36677480727330547,"Taucorr":0.7399031825193825},"Iteration":53},
{"Acceptance":[0.004761904761904762],"Energy":{"Mean":-198.9435483870968,"Sigma":0.04133146471781289,"Taucorr":-0.3044073132340398},"EnergyVariance":{"Mean":0.5371357960457857,"Sigma":0.30334070393398155,"Taucorr":0.09097787111517197},"Iteration":54},
{"Acceptance":[0.0025210084033613447],"Energy":{"Mean":-198.99193548387103,"Sigma":0.06708591723576078,"Taucorr":0.12410910690718802},"EnergyVariance":{"Mean":0.4434833506763788,"Sigma":0.3940936704064487,"Taucorr":-0.000627612206470396},"Iteration":55},
{"Acceptance":[0.0035014005602240898],"Energy":{"Mean":-199.04032258064518,"Sigma":0.03088474541149505,"Taucorr":0.17363704256909585},"EnergyVariance":{"Mean":0.08708376690946931,"Sigma":0.03930800387859728,"Taucorr":0.027744228074458643},"Iteration":56},
{"Acceptance":[0.002661064425770308],"Energy":{"Mean":-198.90322580645162,"Sigma":0.05988050304120366,"Taucorr":0.3866893305439396},"EnergyVariance":{"Mean":0.24869927159209157,"Sigma":0.14791742538006597,"Taucorr":0.1243182403358013},"Iteration":57},
{"Acceptance":[0.00196078431372549],"Energy":{"Mean":-198.8387096774193,"Sigma":0.13195612005713947,"Taucorr":0.5000971817298347},"EnergyVariance":{"Mean":1.0707596253902183,"Sigma":0.9903088274799918,"Taucorr":0.5063331989171547},"Iteration":58},
{"Acceptance":[0.0036414565826330533],"Energy":{"Mean":-198.90322580645164,"Sigma":0.060992485165126294,"Taucorr":0.058026649746197756},"EnergyVariance":{"Mean":0.4099895941727367,"Sigma":0.1853893601291972,"Taucorr":-0.019095357596683626},"Iteration":59},
{"Acceptance":[0.00196078431372549],"Energy":{"Mean":-199.02419354838707,"Sigma":0.02419354838709684,"Taucorr":1.0247933884297562},"EnergyVariance":{"Mean":0.023608220603537976,"Sigma":0.023022892819980253,"Taucorr":1.0247933884297518},"Iteration":60},
{"Acceptance":[0.002240896358543417],"Energy":{"Mean":-199.0,"Sigma":0.0,"Taucorr":null},"EnergyVariance":{"Mean":0.0,"Sigma":0.0,"Taucorr":null},"Iteration":61},
{"Acceptance":[0.00196078431372549],"Energy":{"Mean":-198.94354838709677,"Sigma":0.05991669555163502,"Taucorr":0.0013735046521986538},"EnergyVariance":{"Mean":0.4403616024973984,"Sigma":0.3885195759019588,"Taucorr":-0.0032247736317717046},"Iteration":62},
{"Acceptance":[0.004201680672268907],"Energy":{"Mean":-198.7822580645161,"Sigma":0.14328234377673502,"Taucorr":1.0794890570335962},"EnergyVariance":{"Mean":0.7993626430801248,"Sigma":0.5083037137049073,"Taucorr":1.1299621284494283},"Iteration":63},
{"Acceptance":[0.0030812324929971988],"Energy":{"Mean":-198.94354838709677,"Sigma":0.0692797793384346,"Taucorr":0.44813035303949067},"EnergyVariance":{"Mean":0.31132934443288257,"Sigma":0.2513873546465378,"Taucorr":0.4841508350633663},"Iteration":64},
{"Acceptance":[0.0030812324929971988],"Energy":{"Mean":-198.90322580645162,"Sigma":0.07021225438606145,"Taucorr":0.3384352517985696},"EnergyVariance":{"Mean":0.3616024973985433,"Sigma":0.25153389855801217,"Taucorr":0.4208712785090529},"Iteration":65},
{"Acceptance":[0.005742296918767507],"Energy":{"Mean":-198.8225806451613,"Sigma":0.08919709689804964,"Taucorr":0.14479773740144875},"EnergyVariance":{"Mean":0.7588449531737773,"Sigma":0.31521894210057366,"Taucorr":-0.020835072845549474},"Iteration":66},
{"Acceptance":[0.004061624649859944],"Energy":{"Mean":-199.01612903225814,"Sigma":0.011213254631513942,"Taucorr":-0.012704918032726498},"EnergyVariance":{"Mean":0.01586888657648283,"Sigma":0.010851536740172304,"Taucorr":-0.012704918032786783},"Iteration":67},
{"Acceptance":[0.002240896358543417],"Energy":{"Mean":-198.99193548387095,"Sigma":0.008064516129032431,"Taucorr":1.176836406102666e-14},"EnergyVariance":{"Mean":0.007999479708636832,"Sigma":0.007934443288241074,"Taucorr":0.0},"Iteration":68},
{"Acceptance":[0.0030812324929971988],"Energy":{"Mean":-198.77419354838707,"Sigma":0.16162599479094034,"Taucorr":0.7634257364975505},"EnergyVariance":{"Mean":1.2715920915712802,"Sigma":0.8305632870003589,"Taucorr":0.89823256566849},"Iteration":69},
{"Acceptance":[0.005042016806722689],"Energy":{"Mean":-198.82258064516128,"Sigma":0.07964432728847193,"Taucorr":0.3326346474180847},"EnergyVariance":{"Mean":0.46852237252861595,"Sigma":0.21895527211305355,"Taucorr":0.05858889192502448},"Iteration":70},
{"Acceptance":[0.0021008403361344537],"Energy":{"Mean":-198.98387096774192,"Sigma":0.040052861359546055,"Taucorr":0.05690161527164905},"EnergyVariance":{"Mean":0.17715920915712793,"Sigma":0.1282199628486437,"Taucorr":-0.0066776953597597055},"Iteration":71},
{"Acceptance":[0.0035014005602240898],"Energy":{"Mean":-199.0,"Sigma":0.0,"Taucorr":null},"EnergyVariance":{"Mean":0.0,"Sigma":0.0,"Taucorr":null},"Iteration":72},
{"Acceptance":[0.00392156862745098],"Energy":{"Mean":-198.84677419354833,"Sigma":0.10018626426658132,"Taucorr":-0.055204086414549935},"EnergyVariance":{"Mean":1.3878121748178982,"Sigma":0.7335366698747325,"Taucorr":-0.0192181621855545},"Iteration":73},
{"Acceptance":[0.0033613445378151263],"Energy":{"Mean":-198.99999999999997,"Sigma":0.028398091712352188,"Taucorr":0.01249999999996998},"EnergyVariance":{"Mean":0.09677419354838711,"Sigma":0.07302729950110694,"Taucorr":-0.009053738317757798},"Iteration":74},
{"Acceptance":[0.0033613445378151263],"Energy":{"Mean":-198.94354838709683,"Sigma":0.08496494961977871,"Taucorr":0.5081967213114575},"EnergyVariance":{"Mean":0.4403616024973986,"Sigma":0.39351859423282076,"Taucorr":0.5040050101306768},"Iteration":75},
{"Acceptance":[0.0036414565826330533],"Energy":{"Mean":-198.9032258064516,"Sigma":0.0910493037850179,"Taucorr":0.060263007432823645},"EnergyVariance":{"Mean":0.9099895941727367,"Sigma":0.46859580749323204,"Taucorr":-0.028191042206662353},"Iteration":76},
{"Acceptance":[0.0036414565826330533],"Energy":{"Mean":-199.09677419354836,"Sigma":0.037883202214952144,"Taucorr":0.509747023809523},"EnergyVariance":{"Mean":0.08740894901144641,"Sigma":0.03055096952818969,"Taucorr":0.5097470238095236},"Iteration":77},
{"Acceptance":[0.0036414565826330533],"Energy":{"Mean":-199.07258064516128,"Sigma":0.028852490032256737,"Taucorr":0.26057971014497494},"EnergyVariance":{"Mean":0.06731269510926118,"Sigma":0.024664225350154296,"Taucorr":0.26057971014492753},"Iteration":78},
{"Acceptance":[0.002240896358543417],"Energy":{"Mean":-199.0,"Sigma":0.0,"Taucorr":null},"EnergyVariance":{"Mean":0.0,"Sigma":0.0,"Taucorr":null},"Iteration":79},
{"Acceptance":[0.004481792717086834],"Energy":{"Mean":-198.89516129032253,"Sigma":0.08888057829111949,"Taucorr":0.5101690331304927},"EnergyVariance":{"Mean":0.4809443288241415,"Sigma":0.401555020937521,"Taucorr":0.3674163766125962},"Iteration":80},
{"Acceptance":[0.0025210084033613447],"Energy":{"Mean":-199.01612903225808,"Sigma":0.032658801179543055,"Taucorr":0.08233256351039786},"EnergyVariance":{"Mean":0.11264308012486994,"Sigma":0.0747048536765773,"Taucorr":-0.004362633341777167},"Iteration":81},
{"Acceptance":[0.00392156862745098],"Energy":{"Mean":-199.04032258064515,"Sigma":0.020401791355925566,"Taucorr":0.16151260504204445},"EnergyVariance":{"Mean":0.03869667013527576,"Sigma":0.018756485601415282,"Taucorr":0.1615126050420166},"Iteration":82},
{"Acceptance":[0.002240896358543417],"Energy":{"Mean":-199.00806451612897,"Sigma":0.03928779764826778,"Taucorr":0.2851533082301979},"EnergyVariance":{"Mean":0.12090270551508847,"Sigma":0.07701041602822516,"Taucorr":0.026289297870387918},"Iteration":83},
{"Acceptance":[0.0028011204481792717],"Energy":{"Mean":-198.94354838709683,"Sigma":0.06630582190675773,"Taucorr":0.13734478000921668},"EnergyVariance":{"Mean":0.4242325702393341,"Sigma":0.28921017990597586,"Taucorr":0.0004265642995704422},"Iteration":84},
{"Acceptance":[0.00392156862745098],"Energy":{"Mean":-199.13709677419357,"Sigma":0.04757381033468583,"Taucorr":0.5354136429608125},"EnergyVariance":{"Mean":0.13443028095733606,"Sigma":0.0339163529368354,"Taucorr":0.42850276559982836},"Iteration":85},
{"Acceptance":[0.004761904761904762],"Energy":{"Mean":-199.09677419354838,"Sigma":0.041278980296999564,"Taucorr":0.6988839285714512},"EnergyVariance":{"Mean":0.08740894901144641,"Sigma":0.03328950023951565,"Taucorr":0.6988839285714286},"Iteration":86},
{"Acceptance":[0.0033613445378151263],"Energy":{"Mean":-198.89516129032256,"Sigma":0.09473661390702177,"Taucorr":0.6874912550720584},"EnergyVariance":{"Mean":0.464815296566077,"Sigma":0.330752207589492,"Taucorr":0.6318847686905698},"Iteration":87},
{"Acceptance":[0.004201680672268907],"Energy":{"Mean":-199.01612903225805,"Sigma":0.03654332358702506,"Taucorr":0.3509433962264289},"EnergyVariance":{"Mean":0.09651404786680541,"Sigma":0.04272898429408024,"Taucorr":0.10217386570348241},"Iteration":88},
{"Acceptance":[0.004761904761904762],"Energy":{"Mean":-199.0806451612903,"Sigma":0.06993381738283555,"Taucorr":0.228544423440464},"EnergyVariance":{"Mean":0.41285119667013537,"Sigma":0.29703424353789865,"Taucorr":-0.004317202493854366},"Iteration":89},
{"Acceptance":[0.0061624649859943975],"Energy":{"Mean":-198.96774193548393,"Sigma":0.10022953192753345,"Taucorr":0.5097470238095072},"EnergyVariance":{"Mean":0.611862643080125,"Sigma":0.4844989519166408,"Taucorr":0.46337324504757005},"Iteration":90},
{"Acceptance":[0.00196078431372549],"Energy":{"Mean":-199.04032258064515,"Sigma":0.020401791355924827,"Taucorr":0.16151260504201148},"EnergyVariance":{"Mean":0.03869667013527576,"Sigma":0.018756485601415282,"Taucorr":0.1615126050420168},"Iteration":91},
{"Acceptance":[0.004761904761904762],"Energy":{"Mean":-199.008064516129,"Sigma":0.042571683644794224,"Taucorr":0.5638112973308631},"EnergyVariance":{"Mean":0.10477367325702398,"Sigma":0.06870849165751426,"Taucorr":0.5000710298009872},"Iteration":92},
{"Acceptance":[0.005322128851540616],"Energy":{"Mean":-198.95967741935488,"Sigma":0.0828724682494528,"Taucorr":0.30826384567517584},"EnergyVariance":{"Mean":0.5225676378772112,"Sigma":0.31429556262669595,"Taucorr":0.20254643856789034},"Iteration":93},
{"Acceptance":[0.0063025210084033615],"Energy":{"Mean":-199.07258064516134,"Sigma":0.06679444916402713,"Taucorr":0.34327403557864},"EnergyVariance":{"Mean":0.32537721123829355,"Sigma":0.21617062870602047,"Taucorr":0.48189505289994294},"Iteration":94},
{"Acceptance":[0.007142857142857143],"Energy":{"Mean":-199.1370967741936,"Sigma":0.0633291343515571,"Taucorr":0.334066417418067},"EnergyVariance":{"Mean":0.29572060353798113,"Sigma":0.13797683640165723,"Taucorr":-0.009530139882007793},"Iteration":95},
{"Acceptance":[0.007563025210084034],"Energy":{"Mean":-199.07258064516128,"Sigma":0.052097856109142915,"Taucorr":0.23018492176387573},"EnergyVariance":{"Mean":0.22860301768990637,"Sigma":0.07694686813341625,"Taucorr":0.22780258469001569},"Iteration":96},
{"Acceptance":[0.0070028011204481795],"Energy":{"Mean":-199.10483870967744,"Sigma":0.03232519895818819,"Taucorr":0.18475398475399207},"EnergyVariance":{"Mean":0.09384755463059313,"Sigma":0.02554733466050222,"Taucorr":0.18475398475398452},"Iteration":97},
{"Acceptance":[0.009103641456582634],"Energy":{"Mean":-199.1935483870968,"Sigma":0.0459512326512724,"Taucorr":0.25404078549849785},"EnergyVariance":{"Mean":0.17221644120707594,"Sigma":0.02758664750511424,"Taucorr":0.1403170402906403},"Iteration":98},
{"Acceptance":[0.007983193277310924],"Energy":{"Mean":-199.14516129032262,"Sigma":0.03805449111652835,"Taucorr":0.21771488469598066},"EnergyVariance":{"Mean":0.12408949011446407,"Sigma":0.02700641305043762,"Taucorr":0.21771488469601685},"Iteration":99} 
]}