{"Output": [
{"Acceptance":[0.9190665907797382],"Energy":{"Mean":-3900.5645161290327,"Sigma":3.8518772085607758,"Taucorr":-0.007566681197298086},"EnergyVariance":{"Mean":1852.9877731529657,"Sigma":270.426858439032,"Taucorr":-0.07680795563462417},"Iteration":0},
{"Acceptance":[0.916505406943654],"Energy":{"Mean":-3895.7096774193546,"Sigma":4.108002562109082,"Taucorr":-0.01941045307416195},"EnergyVariance":{"Mean":2159.5447450572324,"Sigma":326.0869037521316,"Taucorr":-0.013504698418528804},"Iteration":1},
{"Acceptance":[0.9112976664769493],"Energy":{"Mean":-3900.5806451612907,"Sigma":4.270528962615078,"Taucorr":0.1350786955612331},"EnergyVariance":{"Mean":1766.08220603538,"Sigma":253.64491529534945,"Taucorr":-0.10332192058545281},"Iteration":2},
{"Acceptance":[0.9064883323847467],"Energy":{"Mean":-3903.411290322581,"Sigma":2.564164444676077,"Taucorr":-0.14820118023720225},"EnergyVariance":{"Mean":1149.4034209157123,"Sigma":138.43447650108422,"Taucorr":0.07669820501857705},"Iteration":3},
{"Acceptance":[0.9083665338645418],"Energy":{"Mean":-3903.1693548387093,"Sigma":4.004808720694575,"Taucorr":-0.07799183791312203},"EnergyVariance":{"Mean":2337.318093132154,"Sigma":287.3753665583209,"Taucorr":-0.0954814667362443},"Iteration":4},
{"Acceptance":[0.898605577689243],"Energy":{"Mean":-3904.870967741935,"Sigma":4.061040820950671,"Taucorr":0.059896490483331455},"EnergyVariance":{"Mean":1811.5156087408948,"Sigma":220.0655233385639,"Taucorr":0.08423827465639877},"Iteration":5},
{"Acceptance":[0.897410358565737],"Energy":{"Mean":-3906.0564516129034,"Sigma":4.264912321159739,"Taucorr":0.14483879279580913},"EnergyVariance":{"Mean":1734.779071279917,"Sigma":203.59650870070465,"Taucorr":-0.01798857448106428},"Iteration":6},
{"Acceptance":[0.8984632896983494],"Energy":{"Mean":-3902.5645161290327,"Sigma":4.200453888395866,"Taucorr":-0.0321738097841735},"EnergyVariance":{"Mean":2319.4393860561913,"Sigma":322.96355680291157,"Taucorr":0.054558897021604436},"Iteration":7},
{"Acceptance":[0.8894991462720546],"Energy":{"Mean":-3910.048387096774,"Sigma":4.076641752447833,"Taucorr":0.09140966951455654},"EnergyVariance":{"Mean":1728.1912070759627,"Sigma":207.72696544724073,"Taucorr":0.06500397482836351},"Iteration":8},
{"Acceptance":[0.8830392714854867],"Energy":{"Mean":-3901.362903225806,"Sigma":4.906776621756552,"Taucorr":0.2680418374825275},"EnergyVariance":{"Mean":1927.8924947970863,"Sigma":191.37660210369737,"Taucorr":-0.11182304560252898},"Iteration":9},
{"Acceptance":[0.8806203756402959],"Energy":{"Mean":-3910.556451612904,"Sigma":4.504757187932976,"Taucorr":0.1890885964301504},"EnergyVariance":{"Mean":1811.101651925078,"Sigma":241.98451158891206,"Taucorr":-0.07980805985487294},"Iteration":10},
{"Acceptance":[0.8780591918042118],"Energy":{"Mean":-3906.91129032258,"Sigma":4.1837266081328695,"Taucorr":0.09284317430489897},"EnergyVariance":{"Mean":1815.7743886576484,"Sigma":263.2143531047186,"Taucorr":0.0679365782802257},"Iteration":11},
{"Acceptance":[0.8745873648264086],"Energy":{"Mean":-3909.330645161291,"Sigma":4.6435784526957935,"Taucorr":0.21065502925507118},"EnergyVariance":{"Mean":1866.043899583767,"Sigma":281.36328480248153,"Taucorr":0.1913078951434325},"Iteration":12},
{"Acceptance":[0.8697211155378486],"Energy":{"Mean":-3912.0483870967737,"Sigma":3.8727823927600062,"Taucorr":-0.014700615513523752},"EnergyVariance":{"Mean":1900.6912070759624,"Sigma":244.0293193006615,"Taucorr":0.013430917598074243},"Iteration":13},
{"Acceptance":[0.8655663062037564],"Energy":{"Mean":-3913.6129032258054,"Sigma":4.84534804488099,"Taucorr":0.17579238096189242},"EnergyVariance":{"Mean":2136.5437044745054,"Sigma":239.5517235446916,"Taucorr":-0.08892575598942432},"Iteration":14},
{"Acceptance":[0.8615822424587365],"Energy":{"Mean":-3910.8064516129034,"Sigma":3.932831712547978,"Taucorr":0.03330385346540421},"EnergyVariance":{"Mean":1783.6560874089494,"Sigma":203.41297722746984,"Taucorr":-0.08269794674454622},"Iteration":15},
{"Acceptance":[0.8544678429140581],"Energy":{"Mean":-3921.895161290322,"Sigma":2.682800008615927,"Taucorr":-0.21164604727674213},"EnergyVariance":{"Mean":1535.0615894901143,"Sigma":193.13529389603076,"Taucorr":-0.011345498670778609},"Iteration":16},
{"Acceptance":[0.848605577689243],"Energy":{"Mean":-3910.233870967742,"Sigma":3.3738983762420145,"Taucorr":-0.05359399532212006},"EnergyVariance":{"Mean":1568.2275624349631,"Sigma":202.3223860401656,"Taucorr":-0.022355912922037813},"Iteration":17},
{"Acceptance":[0.8363118952760387],"Energy":{"Mean":-3914.9112903225814,"Sigma":3.561829985797762,"Taucorr":0.0001718967887158751},"EnergyVariance":{"Mean":1559.9195499479708,"Sigma":223.84666106590177,"Taucorr":0.28243227882916644},"Iteration":18},
{"Acceptance":[0.837080250426864],"Energy":{"Mean":-3925.4516129032263,"Sigma":4.018596210703757,"Taucorr":0.020387336604892226},"EnergyVariance":{"Mean":1908.521852237253,"Sigma":265.562405842994,"Taucorr":-0.031237098166623067},"Iteration":19},
{"Acceptance":[0.8192088787706318],"Energy":{"Mean":-3922.2419354838717,"Sigma":3.7936790217797016,"Taucorr":-0.023384797590668138},"EnergyVariance":{"Mean":1857.0704994797086,"Sigma":289.31647146532276,"Taucorr":0.002697614933570458},"Iteration":20},
{"Acceptance":[0.7848321001707456],"Energy":{"Mean":-3932.620967741935,"Sigma":4.264189957106495,"Taucorr":0.002432613433105968},"EnergyVariance":{"Mean":2225.719237773152,"Sigma":245.33203188431543,"Taucorr":-0.11792462824903466},"Iteration":21},
{"Acceptance":[0.6645418326693228],"Energy":{"Mean":-3953.137096774193,"Sigma":4.553679811599579,"Taucorr":0.22558364766352834},"EnergyVariance":{"Mean":1757.569914151925,"Sigma":241.9881414918164,"Taucorr":0.07664126158470708},"Iteration":22},
{"Acceptance":[0.5682413204325555],"Energy":{"Mean":-3989.6935483870966,"Sigma":4.442701361418509,"Taucorr":0.22617497802139364},"EnergyVariance":{"Mean":1671.5835067637881,"Sigma":252.18723604355804,"Taucorr":0.09899326484917015},"Iteration":23},
{"Acceptance":[0.4663915765509391],"Energy":{"Mean":-4030.8870967741937,"Sigma":4.3802746806772745,"Taucorr":0.32166176300895655},"EnergyVariance":{"Mean":1436.100156087409,"Sigma":146.02767509720113,"Taucorr":-0.11649524565121866},"Iteration":24},
{"Acceptance":[0.392344906089926],"Energy":{"Mean":-4078.4516129032268,"Sigma":4.414440796714033,"Taucorr":0.2812917321571351},"EnergyVariance":{"Mean":1533.9573361082207,"Sigma":197.4438664113077,"Taucorr":0.10324282117854777},"Iteration":25},
{"Acceptance":[0.344735344336938],"Energy":{"Mean":-4123.701612903225,"Sigma":3.4412585874898878,"Taucorr":0.13011334789150164},"EnergyVariance":{"Mean":1155.8222554630595,"Sigma":162.51967193161158,"Taucorr":0.04538800575744728},"Iteration":26},
{"Acceptance":[0.30216277746158227],"Energy":{"Mean":-4152.693548387097,"Sigma":3.0266004758661684,"Taucorr":0.008808446650413915},"EnergyVariance":{"Mean":1107.2125390218523,"Sigma":125.62053488161818,"Taucorr":-0.05908366973253748},"Iteration":27},
{"Acceptance":[0.24362549800796812],"Energy":{"Mean":-4192.7661290322585,"Sigma":3.1562136931558156,"Taucorr":0.291131765062959},"EnergyVariance":{"Mean":774.3888527575442,"Sigma":91.86573625650882,"Taucorr":-0.0298849881078479},"Iteration":28},
{"Acceptance":[0.22023335230506547],"Energy":{"Mean":-4217.0887096774195,"Sigma":2.72196235908714,"Taucorr":0.23399697756219895},"EnergyVariance":{"Mean":620.7905176899062,"Sigma":81.2353077146438,"Taucorr":0.037374203943331685},"Iteration":29},
{"Acceptance":[0.19106431417188388],"Energy":{"Mean":-4244.193548387096,"Sigma":3.639809564567871,"Taucorr":0.633149489496875},"EnergyVariance":{"Mean":719.0270551508845,"Sigma":118.1707805645519,"Taucorr":0.31056873169181287},"Iteration":30},
{"Acceptance":[0.1698918611269209],"Energy":{"Mean":-4275.129032258064,"Sigma":2.352357287380502,"Taucorr":0.11942808479930489},"EnergyVariance":{"Mean":549.4027055150883,"Sigma":67.19401196200292,"Taucorr":-0.023545297578712987},"Iteration":31},
{"Acceptance":[0.15813887307911212],"Energy":{"Mean":-4295.4838709677415,"Sigma":2.240509719147743,"Taucorr":0.18979685609094143},"EnergyVariance":{"Mean":447.55619146722154,"Sigma":65.63915209952225,"Taucorr":0.03811007323774129},"Iteration":32},
{"Acceptance":[0.1423164484917473],"Energy":{"Mean":-4312.475806451614,"Sigma":2.4570874783309207,"Taucorr":0.3765416911877908},"EnergyVariance":{"Mean":423.58812434963585,"Sigma":54.58874741377357,"Taucorr":0.16502515873512147},"Iteration":33},
{"Acceptance":[0.11599317017643711],"Energy":{"Mean":-4331.346774193548,"Sigma":1.9877540893696406,"Taucorr":0.317414189199975},"EnergyVariance":{"Mean":297.2749089490115,"Sigma":45.08598921899374,"Taucorr":0.20497908973752776},"Iteration":34},
{"Acceptance":[0.09951622083096187],"Energy":{"Mean":-4346.4838709677415,"Sigma":2.122965043468479,"Taucorr":0.3832137315105597},"EnergyVariance":{"Mean":313.8303850156087,"Sigma":53.04855433368724,"Taucorr":0.24767783958929013},"Iteration":35},
{"Acceptance":[0.08944223107569721],"Energy":{"Mean":-4361.459677419356,"Sigma":1.0740772968190704,"Taucorr":-0.025649979585203653},"EnergyVariance":{"Mean":149.57095473465137,"Sigma":17.57007347040721,"Taucorr":-0.051598390439279274},"Iteration":36},
{"Acceptance":[0.08229937393284006],"Energy":{"Mean":-4365.185483870968,"Sigma":1.452101172362405,"Taucorr":0.2271903614141464},"EnergyVariance":{"Mean":178.32849895941726,"Sigma":21.579185537601816,"Taucorr":-0.015583637239284798},"Iteration":37},
{"Acceptance":[0.0788560045532157],"Energy":{"Mean":-4374.596774193547,"Sigma":1.1608347373970334,"Taucorr":0.3410914236982725},"EnergyVariance":{"Mean":98.53095733610822,"Sigma":16.960944294235027,"Taucorr":0.31415340031519723},"Iteration":38},
{"Acceptance":[0.06863972680705749],"Energy":{"Mean":-4379.467741935483,"Sigma":1.021854071781604,"Taucorr":0.17845684814603957},"EnergyVariance":{"Mean":94.65218522372528,"Sigma":13.377922643767727,"Taucorr":0.26848070567091054},"Iteration":39},
{"Acceptance":[0.06630620375640296],"Energy":{"Mean":-4381.741935483871,"Sigma":0.9526056421933974,"Taucorr":0.23170435553737356},"EnergyVariance":{"Mean":76.27211238293445,"Sigma":11.253481726383033,"Taucorr":0.01197531790000117},"Iteration":40},
{"Acceptance":[0.05873648264086511],"Energy":{"Mean":-4385.749999999999,"Sigma":0.9286364150720195,"Taucorr":0.1281634310002896},"EnergyVariance":{"Mean":84.42943548387096,"Sigma":20.55979178286273,"Taucorr":0.024495164526318725},"Iteration":41},
{"Acceptance":[0.0558053500284576],"Energy":{"Mean":-4388.99193548387,"Sigma":0.7269286426288093,"Taucorr":0.2285801560998686},"EnergyVariance":{"Mean":44.60477367325702,"Sigma":6.28774637595569,"Taucorr":0.19922395920418046},"Iteration":42},
{"Acceptance":[0.053813318155947636],"Energy":{"Mean":-4389.7338709677415,"Sigma":0.7860455919113739,"Taucorr":0.22823806847005168},"EnergyVariance":{"Mean":52.17917533818939,"Sigma":7.424638567895126,"Taucorr":0.22224190958777956},"Iteration":43},
{"Acceptance":[0.05036994877632328],"Energy":{"Mean":-4393.233870967741,"Sigma":0.6689077403023694,"Taucorr":0.10777102488929347},"EnergyVariance":{"Mean":45.275949531737766,"Sigma":8.715616340560505,"Taucorr":0.03287205860768394},"Iteration":44},
{"Acceptance":[0.046528173022196924],"Energy":{"Mean":-4393.225806451613,"Sigma":1.015031836377,"Taucorr":0.5739933241029282},"EnergyVariance":{"Mean":58.99739854318418,"Sigma":12.994269310931772,"Taucorr":0.27028022414995656},"Iteration":45},
{"Acceptance":[0.04285714285714286],"Energy":{"Mean":-4396.3709677419365,"Sigma":0.6324418210037711,"Taucorr":0.16095566288978136},"EnergyVariance":{"Mean":37.21722164412071,"Sigma":8.346120818941598,"Taucorr":0.24982447272967423},"Iteration":46},
{"Acceptance":[0.038161639157655095],"Energy":{"Mean":-4398.2016129032245,"Sigma":0.7003665855428833,"Taucorr":0.3054882252527197},"EnergyVariance":{"Mean":37.45128772112383,"Sigma":10.890338161467188,"Taucorr":0.19508610595409526},"Iteration":47},
{"Acceptance":[0.03440523619806488],"Energy":{"Mean":-4399.830645161291,"Sigma":0.6081201309383215,"Taucorr":0.2210053626765035},"EnergyVariance":{"Mean":31.54389958376691,"Sigma":10.272878009329064,"Taucorr":0.2916990371257372},"Iteration":48},
{"Acceptance":[0.031189527603870233],"Energy":{"Mean":-4401.024193548387,"Sigma":0.6227491554223572,"Taucorr":0.23297197255417157},"EnergyVariance":{"Mean":32.53973725286162,"Sigma":6.947554402038166,"Taucorr":0.29455154452160004},"Iteration":49} 
]}