{"Output": [
{"Acceptance":[0.9148533585619678],"Energy":{"Mean":-1428.524193548387,"Sigma":2.7483219425363115,"Taucorr":0.23460760643240686},"EnergyVariance":{"Mean":632.3461888657646,"Sigma":94.39407137459963,"Taucorr":0.20601012378296513},"Iteration":0},
{"Acceptance":[0.9046830652790918],"Energy":{"Mean":-1431.1209677419354,"Sigma":2.109275182791352,"Taucorr":-0.052674334248693666},"EnergyVariance":{"Mean":611.6708506763787,"Sigma":77.77270492213356,"Taucorr":0.07878682494091604},"Iteration":1},
{"Acceptance":[0.8980132450331125],"Energy":{"Mean":-1431.7419354838707,"Sigma":2.240256197875437,"Taucorr":-0.014214500904454586},"EnergyVariance":{"Mean":635.368886576483,"Sigma":105.6872505777954,"Taucorr":0.12475260591750992},"Iteration":2},
{"Acceptance":[0.8921948912015137],"Energy":{"Mean":-1430.290322580645,"Sigma":2.7941975393669827,"Taucorr":0.23871752863419493},"EnergyVariance":{"Mean":649.9963579604578,"Sigma":74.72361724876475,"Taucorr":-0.06869193842434546},"Iteration":3},
{"Acceptance":[0.8849101229895932],"Energy":{"Mean":-1436.032258064516,"Sigma":2.498379634439113,"Taucorr":0.08507843085943878},"EnergyVariance":{"Mean":656.1118626430803,"Sigma":75.44045656203896,"Taucorr":-0.02026852285521913},"Iteration":4},
{"Acceptance":[0.8703405865657521],"Energy":{"Mean":-1432.5725806451615,"Sigma":1.4996053938115852,"Taucorr":-0.19761666381565052},"EnergyVariance":{"Mean":457.3737643080124,"Sigma":50.71357730558607,"Taucorr":-0.06787227112223554},"Iteration":5},
{"Acceptance":[0.8726111636707663],"Energy":{"Mean":-1435.491935483871,"Sigma":2.5123748530049834,"Taucorr":0.07679802546749692},"EnergyVariance":{"Mean":673.0079994797086,"Sigma":90.51382461480861,"Taucorr":0.07804290352128807},"Iteration":6},
{"Acceptance":[0.8655156102175969],"Energy":{"Mean":-1435.1048387096773,"Sigma":2.259025333218299,"Taucorr":-0.04432787025182533},"EnergyVariance":{"Mean":688.7551378772113,"Sigma":128.7184319363079,"Taucorr":0.07946343332540662},"Iteration":7},
{"Acceptance":[0.8423841059602649],"Energy":{"Mean":-1436.3225806451612,"Sigma":1.8192220934566634,"Taucorr":-0.10213234202293653},"EnergyVariance":{"Mean":511.573361082206,"Sigma":68.14702495919354,"Taucorr":0.01843453457879929},"Iteration":8},
{"Acceptance":[0.8360454115421003],"Energy":{"Mean":-1436.524193548387,"Sigma":2.1798920647144553,"Taucorr":-0.06654372247151874},"EnergyVariance":{"Mean":674.2171566077003,"Sigma":83.79335347114443,"Taucorr":-0.06948251024499619},"Iteration":9},
{"Acceptance":[0.8359508041627247],"Energy":{"Mean":-1437.741935483871,"Sigma":1.8628543493099454,"Taucorr":-0.13994504918165146},"EnergyVariance":{"Mean":592.7398543184183,"Sigma":82.21567180122085,"Taucorr":-0.04511989483030865},"Iteration":10},
{"Acceptance":[0.8091296121097445],"Energy":{"Mean":-1437.6129032258066,"Sigma":2.71215004951527,"Taucorr":0.2145367815166247},"EnergyVariance":{"Mean":633.108220603538,"Sigma":94.64758380102954,"Taucorr":0.01047821707154728},"Iteration":11},
{"Acceptance":[0.8072847682119205],"Energy":{"Mean":-1440.4354838709678,"Sigma":2.4880350168122223,"Taucorr":0.009928277264029672},"EnergyVariance":{"Mean":746.584547346514,"Sigma":121.13981471590529,"Taucorr":0.2591564070502269},"Iteration":12},
{"Acceptance":[0.7775307473982971],"Energy":{"Mean":-1446.9999999999998,"Sigma":2.0836988926590987,"Taucorr":-0.03771675695298199},"EnergyVariance":{"Mean":577.6129032258066,"Sigma":54.14993104413519,"Taucorr":-0.23312568113675286},"Iteration":13},
{"Acceptance":[0.7348628192999054],"Energy":{"Mean":-1453.983870967742,"Sigma":2.523117191240893,"Taucorr":0.09601803591420865},"EnergyVariance":{"Mean":656.886836628512,"Sigma":89.69268447873161,"Taucorr":0.07482883447442923},"Iteration":14},
{"Acceptance":[0.6438978240302744],"Energy":{"Mean":-1468.677419354839,"Sigma":3.159730523685544,"Taucorr":0.3160725362266239},"EnergyVariance":{"Mean":752.3959417273675,"Sigma":68.62015800345108,"Taucorr":-0.15489331559373304},"Iteration":15},
{"Acceptance":[0.5276726584673604],"Energy":{"Mean":-1487.241935483871,"Sigma":2.3412638999744515,"Taucorr":0.052712361375491734},"EnergyVariance":{"Mean":609.9253381893861,"Sigma":77.80050318818921,"Taucorr":-0.04928527006371153},"Iteration":16},
{"Acceptance":[0.4584673604541154],"Energy":{"Mean":-1510.0887096774195,"Sigma":2.5909931977822422,"Taucorr":0.19420979173617425},"EnergyVariance":{"Mean":594.726001560874,"Sigma":104.09959946944483,"Taucorr":0.15892844699406872},"Iteration":17},
{"Acceptance":[0.37213812677388836],"Energy":{"Mean":-1532.3790322580646,"Sigma":2.5381198847626703,"Taucorr":0.3576779213414093},"EnergyVariance":{"Mean":461.9289151925078,"Sigma":77.71609882786856,"Taucorr":0.20057674638643785},"Iteration":18},
{"Acceptance":[0.2990066225165563],"Energy":{"Mean":-1555.4435483870966,"Sigma":1.9595612603300985,"Taucorr":0.150751896071331},"EnergyVariance":{"Mean":362.8919745057232,"Sigma":27.498148447268694,"Taucorr":-0.24646592294085123},"Iteration":19},
{"Acceptance":[0.2697729422894986],"Energy":{"Mean":-1573.274193548387,"Sigma":1.9223625570900627,"Taucorr":0.12502861744132954},"EnergyVariance":{"Mean":363.6183662851197,"Sigma":43.04521983337476,"Taucorr":0.003725377886721004},"Iteration":20},
{"Acceptance":[0.2229422894985809],"Energy":{"Mean":-1592.9999999999998,"Sigma":1.510136004698966,"Taucorr":-0.0027967579621506755},"EnergyVariance":{"Mean":282.0806451612904,"Sigma":42.646845278920246,"Taucorr":0.1104083283362618},"Iteration":21},
{"Acceptance":[0.20567644276253547],"Energy":{"Mean":-1602.2258064516134,"Sigma":1.1201571293573918,"Taucorr":-0.006401633397463413},"EnergyVariance":{"Mean":156.33610822060356,"Sigma":21.717848693639894,"Taucorr":0.14470260316936057},"Iteration":22},
{"Acceptance":[0.17218543046357615],"Energy":{"Mean":-1609.7983870967741,"Sigma":1.3472103472496035,"Taucorr":0.18263130618295575},"EnergyVariance":{"Mean":163.5158038501561,"Sigma":20.875370629430382,"Taucorr":0.04326323699252632},"Iteration":23},
{"Acceptance":[0.1444654683065279],"Energy":{"Mean":-1618.9758064516127,"Sigma":1.0199854283371461,"Taucorr":0.17898271208221495},"EnergyVariance":{"Mean":94.23328563995838,"Sigma":10.385689669106528,"Taucorr":0.04780466546634665},"Iteration":24},
{"Acceptance":[0.13188268684957427],"Energy":{"Mean":-1626.0,"Sigma":0.9766769422190597,"Taucorr":0.24228826530612524},"EnergyVariance":{"Mean":79.03225806451611,"Sigma":10.500657569882499,"Taucorr":0.2135442180995386},"Iteration":25},
{"Acceptance":[0.12388836329233681],"Energy":{"Mean":-1627.483870967742,"Sigma":0.9875526040072954,"Taucorr":0.0929484970372848},"EnergyVariance":{"Mean":101.15296566077001,"Sigma":17.092446866673345,"Taucorr":0.2505208609718239},"Iteration":26},
{"Acceptance":[0.1075685903500473],"Energy":{"Mean":-1633.1854838709678,"Sigma":0.9969690452275333,"Taucorr":0.4426803643946171},"EnergyVariance":{"Mean":64.84462799167534,"Sigma":9.529213349117956,"Taucorr":0.20230622764860584},"Iteration":27},
{"Acceptance":[0.09484389782403027],"Energy":{"Mean":-1636.8145161290317,"Sigma":0.7569541169756373,"Taucorr":0.19152175494528012},"EnergyVariance":{"Mean":50.95753121748178,"Sigma":8.346849082358213,"Taucorr":0.1868876059415867},"Iteration":28},
{"Acceptance":[0.08954588457899716],"Energy":{"Mean":-1639.7338709677422,"Sigma":0.8418597790707564,"Taucorr":0.38194628496681604},"EnergyVariance":{"Mean":49.42111082206035,"Sigma":11.524090501142444,"Taucorr":0.30852214581154735},"Iteration":29},
{"Acceptance":[0.07753074739829707],"Energy":{"Mean":-1641.2096774193549,"Sigma":0.6340576758594898,"Taucorr":0.05195741937731979},"EnergyVariance":{"Mean":44.794745057232056,"Sigma":7.2117327172103405,"Taucorr":0.21126504789626477},"Iteration":30},
{"Acceptance":[0.07076631977294229],"Energy":{"Mean":-1643.4596774193546,"Sigma":0.9187486211088605,"Taucorr":0.6355315102051124},"EnergyVariance":{"Mean":45.71611602497399,"Sigma":11.217123993639664,"Taucorr":0.4377471092375259},"Iteration":31},
{"Acceptance":[0.061163670766319775],"Energy":{"Mean":-1644.572580645161,"Sigma":0.8562855477580704,"Taucorr":0.6286197034536307},"EnergyVariance":{"Mean":39.9544094693028,"Sigma":6.225754373614332,"Taucorr":0.19278333409335568},"Iteration":32},
{"Acceptance":[0.059413434247871336],"Energy":{"Mean":-1645.9919354838707,"Sigma":0.7905255390044325,"Taucorr":0.716678779593465},"EnergyVariance":{"Mean":31.58864464099896,"Sigma":8.077210217192349,"Taucorr":0.6462105966237601},"Iteration":33},
{"Acceptance":[0.05534531693472091],"Energy":{"Mean":-1648.1290322580644,"Sigma":0.6116994403640221,"Taucorr":0.33387537707390746},"EnergyVariance":{"Mean":27.59625390218523,"Sigma":4.461664256795196,"Taucorr":-0.010204825485243818},"Iteration":34},
{"Acceptance":[0.05383159886471145],"Energy":{"Mean":-1648.879032258065,"Sigma":0.48745980917067655,"Taucorr":0.22045093833264529},"EnergyVariance":{"Mean":20.28375390218522,"Sigma":2.9068217012379014,"Taucorr":-0.04525988162451061},"Iteration":35},
{"Acceptance":[0.05350047303689688],"Energy":{"Mean":-1649.653225806452,"Sigma":0.5233367687915728,"Taucorr":0.33341796592171613},"EnergyVariance":{"Mean":20.210392819979187,"Sigma":4.861728234708207,"Taucorr":0.25893693411334573},"Iteration":36},
{"Acceptance":[0.0489120151371807],"Energy":{"Mean":-1652.0645161290324,"Sigma":0.37080407796926806,"Taucorr":0.04286859509652996},"EnergyVariance":{"Mean":15.576482830385016,"Sigma":2.1463295245780936,"Taucorr":-0.06243689466977548},"Iteration":37},
{"Acceptance":[0.0456480605487228],"Energy":{"Mean":-1652.2903225806454,"Sigma":0.3873151265882573,"Taucorr":0.07616283792565182},"EnergyVariance":{"Mean":16.01248699271592,"Sigma":2.9669725292342335,"Taucorr":0.03996827650101997},"Iteration":38},
{"Acceptance":[0.0423368022705771],"Energy":{"Mean":-1653.6048387096773,"Sigma":0.3454337684421644,"Taucorr":0.03350654140207021},"EnergyVariance":{"Mean":13.755137877211236,"Sigma":2.8665835816309726,"Taucorr":0.4298892324425888},"Iteration":39},
{"Acceptance":[0.039924314096499526],"Energy":{"Mean":-1654.0967741935483,"Sigma":0.3705701469145232,"Taucorr":0.2149042061219958},"EnergyVariance":{"Mean":11.81321540062435,"Sigma":1.21892409920201,"Taucorr":-0.10704217973174618},"Iteration":40},
{"Acceptance":[0.035477767265846734],"Energy":{"Mean":-1654.717741935484,"Sigma":0.4103404591357618,"Taucorr":0.18772217015156756},"EnergyVariance":{"Mean":15.057427159209158,"Sigma":2.5931746115408925,"Taucorr":-0.016200934142051482},"Iteration":41},
{"Acceptance":[0.03462630085146642],"Energy":{"Mean":-1656.314516129032,"Sigma":0.43548387096775204,"Taucorr":0.22069443607211636},"EnergyVariance":{"Mean":16.183337669094694,"Sigma":3.3085531227573557,"Taucorr":0.14036090998014394},"Iteration":42},
{"Acceptance":[0.033538315988647115],"Energy":{"Mean":-1656.048387096774,"Sigma":0.5325960152266632,"Taucorr":0.4097745865498291},"EnergyVariance":{"Mean":19.17507804370447,"Sigma":5.2064066751777975,"Taucorr":0.6005690372628678},"Iteration":43},
{"Acceptance":[0.032213812677388834],"Energy":{"Mean":-1657.443548387097,"Sigma":0.3201792335374581,"Taucorr":0.18420629150997214},"EnergyVariance":{"Mean":9.214555150884495,"Sigma":2.209713946847119,"Taucorr":0.04680323332605807},"Iteration":44},
{"Acceptance":[0.033396404919583726],"Energy":{"Mean":-1657.1532258064515,"Sigma":0.4882596671868903,"Taucorr":0.6139218990112454},"EnergyVariance":{"Mean":13.162005723204993,"Sigma":4.099388035247691,"Taucorr":0.5928232898607904},"Iteration":45},
{"Acceptance":[0.031173131504257334],"Energy":{"Mean":-1657.6612903225807,"Sigma":0.36340467148200706,"Taucorr":0.0510046592894664},"EnergyVariance":{"Mean":14.740114464099893,"Sigma":2.2849953323175582,"Taucorr":-0.12357690915290515},"Iteration":46},
{"Acceptance":[0.02781456953642384],"Energy":{"Mean":-1658.3467741935485,"Sigma":0.44004481372393106,"Taucorr":0.3737377786048678},"EnergyVariance":{"Mean":13.629747658688867,"Sigma":3.9527315507158742,"Taucorr":0.26900740322527905},"Iteration":47},
{"Acceptance":[0.025165562913907286],"Energy":{"Mean":-1658.806451612903,"Sigma":0.24640143327466577,"Taucorr":0.07065342716287915},"EnergyVariance":{"Mean":6.543184183142561,"Sigma":1.0888593436229659,"Taucorr":0.06244542031434541},"Iteration":48},
{"Acceptance":[0.026773888363292336],"Energy":{"Mean":-1659.0806451612902,"Sigma":0.326966157034628,"Taucorr":0.2890794280183556},"EnergyVariance":{"Mean":8.332206035379812,"Sigma":1.9019544039561815,"Taucorr":-0.0039304453956005014},"Iteration":49} 
]}