{"Output": [
{"Acceptance":[0.935010060362173],"Energy":{"Mean":-300.8709677419355,"Sigma":1.030311504710836,"Taucorr":-0.07898143829710158},"EnergyVariance":{"Mean":155.06399583766913,"Sigma":15.964212514836781,"Taucorr":-0.14878401661464669},"Iteration":0},
{"Acceptance":[0.9181086519114688],"Energy":{"Mean":-303.7741935483871,"Sigma":1.2096362000145793,"Taucorr":0.12605002588076097},"EnergyVariance":{"Mean":143.73933402705515,"Sigma":14.92010432325623,"Taucorr":-0.06362167206080382},"Iteration":1},
{"Acceptance":[0.9090543259557344],"Energy":{"Mean":-304.59677419354836,"Sigma":0.9758975341833346,"Taucorr":-0.0005570134672587823},"EnergyVariance":{"Mean":117.27289281997919,"Sigma":13.322988391489142,"Taucorr":0.06334583006287298},"Iteration":2},
{"Acceptance":[0.8872233400402415],"Energy":{"Mean":-305.00806451612897,"Sigma":0.9822677754344528,"Taucorr":-0.05219100607968119},"EnergyVariance":{"Mean":132.50799947970862,"Sigma":15.875460424841007,"Taucorr":-0.05035344727172958},"Iteration":3},
{"Acceptance":[0.8733400402414487],"Energy":{"Mean":-305.7822580645161,"Sigma":1.0989206542019787,"Taucorr":0.03701647455832213},"EnergyVariance":{"Mean":138.29936264308012,"Sigma":18.945796142851478,"Taucorr":0.05379926075437147},"Iteration":4},
{"Acceptance":[0.8643863179074447],"Energy":{"Mean":-307.16935483870964,"Sigma":1.0125812788811663,"Taucorr":0.0192844820614394},"EnergyVariance":{"Mean":121.43099635796044,"Sigma":18.0410826221569,"Taucorr":0.28195870414417235},"Iteration":5},
{"Acceptance":[0.8444668008048289],"Energy":{"Mean":-306.2903225806452,"Sigma":1.168360719437684,"Taucorr":0.12121253975098467},"EnergyVariance":{"Mean":135.14151925078042,"Sigma":18.12010191719357,"Taucorr":0.17232662033448287},"Iteration":6},
{"Acceptance":[0.8233400402414487],"Energy":{"Mean":-308.03225806451616,"Sigma":1.0425582379419,"Taucorr":-0.09522596382562465},"EnergyVariance":{"Mean":165.1441207075963,"Sigma":26.042392790076505,"Taucorr":0.11079032910722209},"Iteration":7},
{"Acceptance":[0.791046277665996],"Energy":{"Mean":-309.4758064516129,"Sigma":1.2569887874020707,"Taucorr":0.12125722098104341},"EnergyVariance":{"Mean":156.41070499479713,"Sigma":22.985738474824384,"Taucorr":0.12725832941911897},"Iteration":8},
{"Acceptance":[0.7272635814889336],"Energy":{"Mean":-312.4596774193548,"Sigma":1.6713548353891543,"Taucorr":0.5052794521663591},"EnergyVariance":{"Mean":170.8935353798127,"Sigma":21.01176462147876,"Taucorr":0.2252993949268961},"Iteration":9},
{"Acceptance":[0.6780684104627767],"Energy":{"Mean":-313.67741935483866,"Sigma":1.4174030446250083,"Taucorr":0.3415705545061821},"EnergyVariance":{"Mean":146.81529656607697,"Sigma":18.313954214214252,"Taucorr":-0.03759514403782682},"Iteration":10},
{"Acceptance":[0.5140845070422535],"Energy":{"Mean":-325.6290322580645,"Sigma":1.5627068021313795,"Taucorr":0.41473804004582315},"EnergyVariance":{"Mean":164.18496357960458,"Sigma":24.590500270975664,"Taucorr":0.22302116024131247},"Iteration":11},
{"Acceptance":[0.3893360160965795],"Energy":{"Mean":-335.8709677419355,"Sigma":1.6605750626439588,"Taucorr":0.4568997760013146},"EnergyVariance":{"Mean":177.22528616024974,"Sigma":26.729516035233573,"Taucorr":0.3188211195190017},"Iteration":12},
{"Acceptance":[0.2994969818913481],"Energy":{"Mean":-342.4838709677419,"Sigma":1.326423737207614,"Taucorr":0.5025566921845752},"EnergyVariance":{"Mean":107.92715920915713,"Sigma":27.772490025197456,"Taucorr":0.616461103555759},"Iteration":13},
{"Acceptance":[0.23390342052313884],"Energy":{"Mean":-349.89516129032256,"Sigma":0.9579024880185897,"Taucorr":0.2426993288441256},"EnergyVariance":{"Mean":75.98094432882417,"Sigma":11.971341987939859,"Taucorr":-0.012464898568393667},"Iteration":14},
{"Acceptance":[0.18380281690140846],"Energy":{"Mean":-354.37096774193554,"Sigma":0.8672561297500125,"Taucorr":0.3852947766210103},"EnergyVariance":{"Mean":52.24947970863683,"Sigma":6.940462399146594,"Taucorr":-0.01757217327151439},"Iteration":15},
{"Acceptance":[0.13108651911468813],"Energy":{"Mean":-358.6451612903226,"Sigma":0.6213900253858088,"Taucorr":0.1035998148515499},"EnergyVariance":{"Mean":39.34183142559833,"Sigma":5.173729735067476,"Taucorr":0.003515426632437646},"Iteration":16},
{"Acceptance":[0.10201207243460765],"Energy":{"Mean":-361.91935483870964,"Sigma":0.49964867990405604,"Taucorr":0.3266008627571836},"EnergyVariance":{"Mean":18.574141519250784,"Sigma":2.1404822260312955,"Taucorr":-0.045854604896349016},"Iteration":17},
{"Acceptance":[0.0846076458752515],"Energy":{"Mean":-363.18548387096774,"Sigma":0.5099767733926022,"Taucorr":0.3275186325476517},"EnergyVariance":{"Mean":19.328498959417274,"Sigma":3.9279714531426198,"Taucorr":0.10635916049444882},"Iteration":18},
{"Acceptance":[0.06951710261569416],"Energy":{"Mean":-364.1612903225807,"Sigma":0.47157770929095216,"Taucorr":0.37744967955136666},"EnergyVariance":{"Mean":15.586888657648286,"Sigma":3.0633915419870084,"Taucorr":0.2841745991002902},"Iteration":19},
{"Acceptance":[0.05030181086519115],"Energy":{"Mean":-364.5967741935484,"Sigma":0.32743656928103215,"Taucorr":0.2461128609696509},"EnergyVariance":{"Mean":8.837408949011445,"Sigma":1.2490825735558773,"Taucorr":-0.06495282149230902},"Iteration":20},
{"Acceptance":[0.047082494969818915],"Energy":{"Mean":-365.95161290322574,"Sigma":0.26574589559710465,"Taucorr":0.14288959913742594},"EnergyVariance":{"Mean":6.755723204994797,"Sigma":1.4498662157775617,"Taucorr":0.06877479186880109},"Iteration":21},
{"Acceptance":[0.045975855130784705],"Energy":{"Mean":-366.7741935483872,"Sigma":0.31072989833461806,"Taucorr":0.3294834290282693},"EnergyVariance":{"Mean":7.158688865764828,"Sigma":1.18674249365292,"Taucorr":0.04551168854172427},"Iteration":22},
{"Acceptance":[0.04356136820925553],"Energy":{"Mean":-367.06451612903226,"Sigma":0.20444250905195058,"Taucorr":0.04071358213855192},"EnergyVariance":{"Mean":4.753902185223724,"Sigma":1.2586873488209516,"Taucorr":-0.036548249277120914},"Iteration":23},
{"Acceptance":[0.0420523138832998],"Energy":{"Mean":-367.06451612903226,"Sigma":0.17504520995720593,"Taucorr":0.008542193204148507},"EnergyVariance":{"Mean":3.705515088449532,"Sigma":0.8523383484558679,"Taucorr":0.018623027800090286},"Iteration":24},
{"Acceptance":[0.04154929577464789],"Energy":{"Mean":-367.5161290322581,"Sigma":0.27310822519804984,"Taucorr":0.2066231866634578},"EnergyVariance":{"Mean":6.491675338189384,"Sigma":0.9643305388131046,"Taucorr":0.004729191651772435},"Iteration":25},
{"Acceptance":[0.038028169014084505],"Energy":{"Mean":-368.1370967741936,"Sigma":0.178418496526786,"Taucorr":0.15140767349764883},"EnergyVariance":{"Mean":3.00539802289282,"Sigma":0.46183924246580715,"Taucorr":0.014028884123785113},"Iteration":26},
{"Acceptance":[0.04004024144869215],"Energy":{"Mean":-368.41129032258056,"Sigma":0.2371845349976244,"Taucorr":0.31248568155784406},"EnergyVariance":{"Mean":4.258259625390218,"Sigma":0.8281472134560723,"Taucorr":-0.006963087805920032},"Iteration":27},
{"Acceptance":[0.03993963782696177],"Energy":{"Mean":-369.0725806451613,"Sigma":0.2999089351901137,"Taucorr":0.6057096057096056},"EnergyVariance":{"Mean":5.002796566077002,"Sigma":0.8876096780849759,"Taucorr":0.20020695242377562},"Iteration":28},
{"Acceptance":[0.048490945674044265],"Energy":{"Mean":-369.60483870967755,"Sigma":0.25367571838981656,"Taucorr":0.1528995847773129},"EnergyVariance":{"Mean":6.061589490114465,"Sigma":0.940502747340217,"Taucorr":-0.07655474477237562},"Iteration":29},
{"Acceptance":[0.04094567404426559],"Energy":{"Mean":-370.2258064516129,"Sigma":0.2179310210458724,"Taucorr":0.08637194485063726},"EnergyVariance":{"Mean":4.981269510926119,"Sigma":1.01125879954056,"Taucorr":0.18414441400905823},"Iteration":30},
{"Acceptance":[0.033903420523138834],"Energy":{"Mean":-371.09677419354836,"Sigma":0.15669529852536004,"Taucorr":0.08360898853810894},"EnergyVariance":{"Mean":2.587408949011446,"Sigma":0.31706994936111443,"Taucorr":0.1508653376693201},"Iteration":31},
{"Acceptance":[0.03430583501006036],"Energy":{"Mean":-371.4032258064516,"Sigma":0.17416367724765436,"Taucorr":0.10264728128415002},"EnergyVariance":{"Mean":3.095473465140479,"Sigma":0.6385965420312119,"Taucorr":0.17316348513544688},"Iteration":32},
{"Acceptance":[0.0227364185110664],"Energy":{"Mean":-371.6935483870968,"Sigma":0.18933587859134524,"Taucorr":0.4613953488372128},"EnergyVariance":{"Mean":2.29318418314256,"Sigma":0.5150181791270981,"Taucorr":0.3941240096129661},"Iteration":33},
{"Acceptance":[0.016800804828973843],"Energy":{"Mean":-372.3548387096774,"Sigma":0.09185527533008692,"Taucorr":0.08289012273524599},"EnergyVariance":{"Mean":0.8902185223725286,"Sigma":0.24176103945591076,"Taucorr":-0.014145440809238852},"Iteration":34},
{"Acceptance":[0.013279678068410463],"Energy":{"Mean":-372.51612903225805,"Sigma":0.11355419095626529,"Taucorr":0.3861482558139423},"EnergyVariance":{"Mean":0.8949011446409991,"Sigma":0.2530789929807118,"Taucorr":0.011778556430538045},"Iteration":35},
{"Acceptance":[0.01317907444668008],"Energy":{"Mean":-372.38709677419354,"Sigma":0.11813896824019338,"Taucorr":0.013137636080869486},"EnergyVariance":{"Mean":1.6727367325702387,"Sigma":0.4260061941469274,"Taucorr":0.1361862524142614},"Iteration":36},
{"Acceptance":[0.009054325955734407],"Energy":{"Mean":-372.59677419354847,"Sigma":0.13303600215833936,"Taucorr":0.400764262647998},"EnergyVariance":{"Mean":1.20837669094693,"Sigma":0.7091384359377578,"Taucorr":0.17311172184053503},"Iteration":37},
{"Acceptance":[0.00925553319919517],"Energy":{"Mean":-372.8306451612903,"Sigma":0.15044159763046316,"Taucorr":0.23307073128959488},"EnergyVariance":{"Mean":1.89873829344433,"Sigma":0.8374223589196376,"Taucorr":0.44183111771386296},"Iteration":38},
{"Acceptance":[0.007645875251509054],"Energy":{"Mean":-372.8790322580645,"Sigma":0.04317843657045424,"Taucorr":-0.17077497665733132},"EnergyVariance":{"Mean":0.34827003121748173,"Sigma":0.15620998337808073,"Taucorr":0.3057074156071723},"Iteration":39},
{"Acceptance":[0.006740442655935613],"Energy":{"Mean":-373.0967741935484,"Sigma":0.17646370189171467,"Taucorr":0.5377149703975233},"EnergyVariance":{"Mean":1.8454734651404785,"Sigma":0.5539926904116118,"Taucorr":0.5250491393489285},"Iteration":40},
{"Acceptance":[0.007746478873239437],"Energy":{"Mean":-373.2016129032258,"Sigma":0.15829202411263787,"Taucorr":0.22389783385780937},"EnergyVariance":{"Mean":2.1287070759625397,"Sigma":0.538605871912505,"Taucorr":0.04314289987035003},"Iteration":41},
{"Acceptance":[0.006338028169014085],"Energy":{"Mean":-373.17741935483866,"Sigma":0.09850600957808048,"Taucorr":0.006502539191874934},"EnergyVariance":{"Mean":1.1781997918834546,"Sigma":0.3648558904182514,"Taucorr":0.08088265675370754},"Iteration":42},
{"Acceptance":[0.005935613682092555],"Energy":{"Mean":-373.25806451612897,"Sigma":0.10400829097931724,"Taucorr":0.1358465937344554},"EnergyVariance":{"Mean":1.04630593132154,"Sigma":0.35874479360664835,"Taucorr":0.17544885206896432},"Iteration":43},
{"Acceptance":[0.008853118712273641],"Energy":{"Mean":-373.3467741935483,"Sigma":0.14088688904466182,"Taucorr":0.052264100979791395},"EnergyVariance":{"Mean":2.210392819979188,"Sigma":0.5022291907870987,"Taucorr":0.008420612749373335},"Iteration":44},
{"Acceptance":[0.0113682092555332],"Energy":{"Mean":-374.0000000000001,"Sigma":0.2271847336988285,"Taucorr":0.3986301369863119},"EnergyVariance":{"Mean":3.5322580645161286,"Sigma":0.4383715490133397,"Taucorr":0.27998197270150205},"Iteration":45},
{"Acceptance":[0.011066398390342052],"Energy":{"Mean":-374.6129032258064,"Sigma":0.22114034542795888,"Taucorr":0.2910890242233449},"EnergyVariance":{"Mean":3.8017689906347556,"Sigma":0.17168633497632527,"Taucorr":0.257693559046576},"Iteration":46},
{"Acceptance":[0.015593561368209255],"Energy":{"Mean":-374.50000000000006,"Sigma":0.28136571693556955,"Taucorr":0.5284923339011969},"EnergyVariance":{"Mean":4.733870967741935,"Sigma":0.5552698999681335,"Taucorr":0.31332068734659324},"Iteration":47},
{"Acceptance":[0.013782696177062374],"Energy":{"Mean":-375.44354838709677,"Sigma":0.24965289813181166,"Taucorr":0.3271813728930155},"EnergyVariance":{"Mean":4.633909989594172,"Sigma":0.9973542340888742,"Taucorr":0.512149213203897},"Iteration":48},
{"Acceptance":[0.011670020120724347],"Energy":{"Mean":-375.5725806451612,"Sigma":0.21130468637050445,"Taucorr":0.10983317686142013},"EnergyVariance":{"Mean":4.502796566077003,"Sigma":1.0292563965501293,"Taucorr":-0.03724474075449802},"Iteration":49},
{"Acceptance":[0.008853118712273641],"Energy":{"Mean":-376.25,"Sigma":0.18621874061124466,"Taucorr":0.35513338722715093},"EnergyVariance":{"Mean":2.4939516129032264,"Sigma":0.4551393614738419,"Taucorr":0.3447051163051432},"Iteration":50},
{"Acceptance":[0.0058350100603621734],"Energy":{"Mean":-376.51612903225805,"Sigma":0.16061687361601776,"Taucorr":0.44145569620252956},"EnergyVariance":{"Mean":1.6852237252861604,"Sigma":0.498991678997168,"Taucorr":0.45468326826725525},"Iteration":51},
{"Acceptance":[0.0036217303822937627],"Energy":{"Mean":-376.7258064516129,"Sigma":0.13337776748329397,"Taucorr":0.35496544013010944},"EnergyVariance":{"Mean":1.279656607700312,"Sigma":0.4803423116502771,"Taucorr":0.31555701865254737},"Iteration":52},
{"Acceptance":[0.003420523138832998],"Energy":{"Mean":-376.91129032258067,"Sigma":0.06814396830412012,"Taucorr":-0.17814263724988144},"EnergyVariance":{"Mean":0.8872918834547348,"Sigma":0.31092408097153396,"Taucorr":-0.011905382500680795},"Iteration":53},
{"Acceptance":[0.0030181086519114686],"Energy":{"Mean":-376.9596774193549,"Sigma":0.034966908691416027,"Taucorr":-0.003989703989736859},"EnergyVariance":{"Mean":0.15159989594172732,"Sigma":0.09817523720301997,"Taucorr":-0.015751175964200226},"Iteration":54},
{"Acceptance":[0.0032193158953722333],"Energy":{"Mean":-376.8629032258064,"Sigma":0.09335352340959832,"Taucorr":0.5276842499064667},"EnergyVariance":{"Mean":0.5215270551508846,"Sigma":0.24376479095963308,"Taucorr":0.5223367571653679},"Iteration":55},
{"Acceptance":[0.0026156941649899397],"Energy":{"Mean":-377.0322580645161,"Sigma":0.022426509263029117,"Taucorr":0.15329670329683343},"EnergyVariance":{"Mean":0.047346514047866814,"Sigma":0.020405108234999043,"Taucorr":0.10561708911411671},"Iteration":56},
{"Acceptance":[0.0030181086519114686],"Energy":{"Mean":-377.1451612903226,"Sigma":0.08658251203858724,"Taucorr":0.6125078468298679},"EnergyVariance":{"Mean":0.41441207075962533,"Sigma":0.24664700952144122,"Taucorr":0.48664502457471714},"Iteration":57},
{"Acceptance":[0.0028169014084507044],"Energy":{"Mean":-376.983870967742,"Sigma":0.059041952315236776,"Taucorr":-0.02501440922189102},"EnergyVariance":{"Mean":0.4513527575442248,"Sigma":0.2947132854483292,"Taucorr":-0.008486893320822309},"Iteration":58},
{"Acceptance":[0.0026156941649899397],"Energy":{"Mean":-376.9193548387096,"Sigma":0.06284805962543231,"Taucorr":-0.07690303579519964},"EnergyVariance":{"Mean":0.5741415192507804,"Sigma":0.30452726526367596,"Taucorr":-0.00046004744845556944},"Iteration":59},
{"Acceptance":[0.0028169014084507044],"Energy":{"Mean":-376.98387096774184,"Sigma":0.07326440174670602,"Taucorr":0.3533624747814973},"EnergyVariance":{"Mean":0.38683662851196665,"Sigma":0.30308267766780195,"Taucorr":0.04906303449246996},"Iteration":60},
{"Acceptance":[0.0030181086519114686],"Energy":{"Mean":-377.00806451612897,"Sigma":0.029520976157618756,"Taucorr":0.011545623836152097},"EnergyVariance":{"Mean":0.10477367325702393,"Sigma":0.07346421467109666,"Taucorr":-0.012270369225367228},"Iteration":61},
{"Acceptance":[0.004225352112676056],"Energy":{"Mean":-377.1774193548387,"Sigma":0.05702474041827252,"Taucorr":0.08908045977015011},"EnergyVariance":{"Mean":0.33949011446409993,"Sigma":0.13792491272295382,"Taucorr":-0.033331692046149386},"Iteration":62},
{"Acceptance":[0.005030181086519115],"Energy":{"Mean":-376.95967741935476,"Sigma":0.10694736306648821,"Taucorr":0.33230473258947757},"EnergyVariance":{"Mean":0.8451482830385016,"Sigma":0.4323613427684014,"Taucorr":0.4164453186138213},"Iteration":63},
{"Acceptance":[0.004225352112676056],"Energy":{"Mean":-377.09677419354847,"Sigma":0.029958347775819513,"Taucorr":0.13147321428578218},"EnergyVariance":{"Mean":0.08740894901144641,"Sigma":0.024159957883718663,"Taucorr":0.13147321428571412},"Iteration":64},
{"Acceptance":[0.004426559356136821],"Energy":{"Mean":-376.9435483870968,"Sigma":0.08007865540197749,"Taucorr":0.17354215261580042},"EnergyVariance":{"Mean":0.5855228928199792,"Sigma":0.22593167194328234,"Taucorr":0.16016647524826821},"Iteration":65},
{"Acceptance":[0.0058350100603621734],"Energy":{"Mean":-377.2177419354839,"Sigma":0.05528753710000776,"Taucorr":0.6036655211912827},"EnergyVariance":{"Mean":0.17033038501560877,"Sigma":0.031210706427420867,"Taucorr":0.6036655211912945},"Iteration":66},
{"Acceptance":[0.008651911468812877],"Energy":{"Mean":-376.96774193548384,"Sigma":0.09955677007749161,"Taucorr":0.2568313953488527},"EnergyVariance":{"Mean":0.8054110301768991,"Sigma":0.2940864260091022,"Taucorr":0.17913862126976043},"Iteration":67},
{"Acceptance":[0.008048289738430584],"Energy":{"Mean":-377.24999999999994,"Sigma":0.05560034037182109,"Taucorr":0.16879432624113777},"EnergyVariance":{"Mean":0.28427419354838707,"Sigma":0.05366590615257556,"Taucorr":-0.08285659582616534},"Iteration":68},
{"Acceptance":[0.008853118712273641],"Energy":{"Mean":-377.258064516129,"Sigma":0.042571683644793176,"Taucorr":0.08213315217389738},"EnergyVariance":{"Mean":0.19146722164412075,"Sigma":0.020599201763610568,"Taucorr":0.08213315217391304},"Iteration":69},
{"Acceptance":[0.01187122736418511],"Energy":{"Mean":-377.4758064516129,"Sigma":0.0454293122027519,"Taucorr":0.008891786179995309},"EnergyVariance":{"Mean":0.2494146722164412,"Sigma":0.0021981925259374,"Taucorr":0.008891786179921812},"Iteration":70},
{"Acceptance":[0.01448692152917505],"Energy":{"Mean":-377.6209677419355,"Sigma":0.07937166531978784,"Taucorr":0.31173184357541617},"EnergyVariance":{"Mean":0.47730228928199797,"Sigma":0.18536601087976481,"Taucorr":0.45612123915346003},"Iteration":71},
{"Acceptance":[0.012977867203219315],"Energy":{"Mean":-377.5483870967742,"Sigma":0.07370691272667403,"Taucorr":0.08591468978102201},"EnergyVariance":{"Mean":0.5702393340270551,"Sigma":0.22918895572737435,"Taucorr":-0.013257855678926733},"Iteration":72},
{"Acceptance":[0.009154929577464789],"Energy":{"Mean":-377.758064516129,"Sigma":0.04096266161032358,"Taucorr":0.06265957446809067},"EnergyVariance":{"Mean":0.18340270551508847,"Sigma":0.021142018895650257,"Taucorr":0.06265957446808557},"Iteration":73},
{"Acceptance":[0.007746478873239437],"Energy":{"Mean":-377.6129032258065,"Sigma":0.13210389650866267,"Taucorr":0.8661009933774777},"EnergyVariance":{"Mean":0.7856399583766911,"Sigma":0.45078744006567034,"Taucorr":0.8462034414973219},"Iteration":74},
{"Acceptance":[0.005231388329979879],"Energy":{"Mean":-377.8225806451614,"Sigma":0.04945067650566334,"Taucorr":0.5304812834224435},"EnergyVariance":{"Mean":0.14594172736732572,"Sigma":0.03190366226172915,"Taucorr":0.5304812834224601},"Iteration":75},
{"Acceptance":[0.003420523138832998],"Energy":{"Mean":-377.9274193548387,"Sigma":0.04519008298749047,"Taucorr":0.2653983353151155},"EnergyVariance":{"Mean":0.16408688865764826,"Sigma":0.07950430406111925,"Taucorr":0.009175343315816376},"Iteration":76},
{"Acceptance":[0.003822937625754527],"Energy":{"Mean":-377.8790322580645,"Sigma":0.03994446370108867,"Taucorr":0.13421605716685459},"EnergyVariance":{"Mean":0.1547216441207076,"Sigma":0.06925629845893226,"Taucorr":0.001580232162703421},"Iteration":77},
{"Acceptance":[0.0018108651911468814],"Energy":{"Mean":-377.9516129032258,"Sigma":0.039177283230616575,"Taucorr":0.1609289617486348},"EnergyVariance":{"Mean":0.14281997918834546,"Sigma":0.07723339307594705,"Taucorr":-0.0012458871591042309},"Iteration":78},
{"Acceptance":[0.002012072434607646],"Energy":{"Mean":-377.89516129032256,"Sigma":0.07670481187712919,"Taucorr":0.07792666458917608},"EnergyVariance":{"Mean":0.6261056191467221,"Sigma":0.503540614841166,"Taucorr":-0.0021935614547064497},"Iteration":79},
{"Acceptance":[0.0018108651911468814],"Energy":{"Mean":-377.92741935483866,"Sigma":0.10053188414353245,"Taucorr":0.0059075750357378},"EnergyVariance":{"Mean":1.2286030176899063,"Sigma":1.1472295147818528,"Taucorr":-0.0016661115633260226},"Iteration":80},
{"Acceptance":[0.0016096579476861167],"Energy":{"Mean":-377.9193548387097,"Sigma":0.04397441945522438,"Taucorr":-0.02724922440534916},"EnergyVariance":{"Mean":0.2515608740894901,"Sigma":0.19592199785394745,"Taucorr":-0.006790354815169375},"Iteration":81},
{"Acceptance":[0.0006036217303822937],"Energy":{"Mean":-378.0241935483871,"Sigma":0.024193548387097166,"Taucorr":1.4432899320127035e-14},"EnergyVariance":{"Mean":0.07199531737773152,"Sigma":0.0714099895941738,"Taucorr":0.0},"Iteration":82},
{"Acceptance":[0.0013078470824949698],"Energy":{"Mean":-377.98387096774195,"Sigma":0.05176389205122934,"Taucorr":0.10156695156694484},"EnergyVariance":{"Mean":0.27393340270551514,"Sigma":0.12474108858014411,"Taucorr":-0.032418008002780385},"Iteration":83},
{"Acceptance":[0.0011066398390342052],"Energy":{"Mean":-377.89516129032256,"Sigma":0.07582360821640864,"Taucorr":0.7302783435166529},"EnergyVariance":{"Mean":0.2873959417273672,"Sigma":0.2111574309687037,"Taucorr":0.752651185524337},"Iteration":84},
{"Acceptance":[0.00040241448692152917],"Energy":{"Mean":-378.0322580645162,"Sigma":0.02242650926302571,"Taucorr":-0.012704918032801271},"EnergyVariance":{"Mean":0.06347554630593133,"Sigma":0.04340614696069177,"Taucorr":-0.012704918032786894},"Iteration":85},
{"Acceptance":[0.0008048289738430583],"Energy":{"Mean":-378.0806451612904,"Sigma":0.09863796678336051,"Taucorr":1.3930864197530972},"EnergyVariance":{"Mean":0.31607700312174797,"Sigma":0.2757615886607189,"Taucorr":1.453240692533477},"Iteration":86},
{"Acceptance":[0.001006036217303823],"Energy":{"Mean":-377.96774193548384,"Sigma":0.01919738824877169,"Taucorr":0.22604166666668468},"EnergyVariance":{"Mean":0.031217481789802288,"Sigma":0.017958847071429977,"Taucorr":0.22604166666666647},"Iteration":87},
{"Acceptance":[0.0008048289738430583],"Energy":{"Mean":-377.9596774193549,"Sigma":0.04032258064516157,"Taucorr":7.549516567451064e-15},"EnergyVariance":{"Mean":0.19998699271592094,"Sigma":0.19836108220603835,"Taucorr":0.0},"Iteration":88},
{"Acceptance":[0.0008048289738430583],"Energy":{"Mean":-378.1209677419355,"Sigma":0.08587857749660795,"Taucorr":0.8023529411764787},"EnergyVariance":{"Mean":0.34827003121748173,"Sigma":0.23685865728902925,"Taucorr":0.8023529411764705},"Iteration":89},
{"Acceptance":[0.0012072434607645875],"Energy":{"Mean":-377.86290322580646,"Sigma":0.089681867298992,"Taucorr":-0.01578913860061376},"EnergyVariance":{"Mean":1.0215270551508844,"Sigma":0.6927955067435001,"Taucorr":-0.013004910740554099},"Iteration":90},
{"Acceptance":[0.0008048289738430583],"Energy":{"Mean":-378.03225806451616,"Sigma":0.022426509263024055,"Taucorr":-0.012704918032852675},"EnergyVariance":{"Mean":0.06347554630593133,"Sigma":0.04340614696069431,"Taucorr":-0.012704918032787005},"Iteration":91},
{"Acceptance":[0.0008048289738430583],"Energy":{"Mean":-377.9596774193548,"Sigma":0.04032258064516118,"Taucorr":-4.6629367034256575e-15},"EnergyVariance":{"Mean":0.1999869927159209,"Sigma":0.19836108220603374,"Taucorr":-1.1102230246251565e-16},"Iteration":92},
{"Acceptance":[0.0014084507042253522],"Energy":{"Mean":-378.1048387096774,"Sigma":0.050233585491604435,"Taucorr":0.07209302325580824},"EnergyVariance":{"Mean":0.2712669094693028,"Sigma":0.12375797508709206,"Taucorr":0.013494688649144493},"Iteration":93},
{"Acceptance":[0.00040241448692152917],"Energy":{"Mean":-378.0241935483871,"Sigma":0.024193548387096607,"Taucorr":-5.88418203051333e-15},"EnergyVariance":{"Mean":0.07199531737773152,"Sigma":0.07140998959417381,"Taucorr":0.0},"Iteration":94},
{"Acceptance":[0.0008048289738430583],"Energy":{"Mean":-377.78225806451616,"Sigma":0.13154475887142683,"Taucorr":0.3618054458313572},"EnergyVariance":{"Mean":1.2348465140478666,"Sigma":0.8175868611039456,"Taucorr":0.32362814609051005},"Iteration":95},
{"Acceptance":[0.0016096579476861167],"Energy":{"Mean":-378.0967741935484,"Sigma":0.05759216474631276,"Taucorr":0.22604166666665582},"EnergyVariance":{"Mean":0.2809573361082206,"Sigma":0.16162962364287634,"Taucorr":0.2260416666666667},"Iteration":96},
{"Acceptance":[0.0016096579476861167],"Energy":{"Mean":-377.96774193548384,"Sigma":0.13996060096720392,"Taucorr":0.411604330708663},"EnergyVariance":{"Mean":1.3215400624349638,"Sigma":1.0237111047112306,"Taucorr":0.47673765967602544},"Iteration":97},
{"Acceptance":[0.00040241448692152917],"Energy":{"Mean":-377.9596774193548,"Sigma":0.028626192498869593,"Taucorr":0.0787154592979954},"EnergyVariance":{"Mean":0.0870837669094693,"Sigma":0.0716839674590574,"Taucorr":0.005712133074361581},"Iteration":98},
{"Acceptance":[0.0012072434607645875],"Energy":{"Mean":-378.0806451612903,"Sigma":0.06993381738283522,"Taucorr":0.29029391660971515},"EnergyVariance":{"Mean":0.3805931321540062,"Sigma":0.19970889962082683,"Taucorr":0.4397936792141405},"Iteration":99} 
]}