{"Output": [
{"Acceptance":[0.8554621848739495],"Energy":{"Mean":-156.0967741935484,"Sigma":0.694416810642234,"Taucorr":-0.04425048174178614},"EnergyVariance":{"Mean":65.0712799167534,"Sigma":6.9141380567616135,"Taucorr":-0.11169106171084281},"Iteration":0},
{"Acceptance":[0.8313725490196079],"Energy":{"Mean":-156.53225806451613,"Sigma":0.8604779504185067,"Taucorr":-0.001674628548328061},"EnergyVariance":{"Mean":91.3779916753382,"Sigma":10.321568106935358,"Taucorr":-0.03114292940079577},"Iteration":1},
{"Acceptance":[0.7901960784313725],"Energy":{"Mean":-159.2016129032258,"Sigma":0.9881297743308739,"Taucorr":0.26985741122283247},"EnergyVariance":{"Mean":77.99967481789801,"Sigma":11.01051292636865,"Taucorr":-0.08418503128041877},"Iteration":2},
{"Acceptance":[0.7502801120448179],"Energy":{"Mean":-160.55645161290317,"Sigma":0.739506308491213,"Taucorr":0.024542157981489177},"EnergyVariance":{"Mean":64.11778095733612,"Sigma":8.612626639523416,"Taucorr":0.06347516199270742},"Iteration":3},
{"Acceptance":[0.6767507002801121],"Energy":{"Mean":-164.54032258064512,"Sigma":0.9171379610190298,"Taucorr":0.12127597586456007},"EnergyVariance":{"Mean":83.26450312174818,"Sigma":11.919543722132945,"Taucorr":0.027551734484739798},"Iteration":4},
{"Acceptance":[0.6348739495798319],"Energy":{"Mean":-166.0806451612903,"Sigma":0.8577906022499663,"Taucorr":0.1281344676794418},"EnergyVariance":{"Mean":72.04188345473463,"Sigma":8.25118962237388,"Taucorr":-0.031641789476201054},"Iteration":5},
{"Acceptance":[0.5788515406162466],"Energy":{"Mean":-170.34677419354838,"Sigma":1.170348113555335,"Taucorr":0.3244176180755919},"EnergyVariance":{"Mean":102.17813475546306,"Sigma":11.075244040007968,"Taucorr":0.03523260439192599},"Iteration":6},
{"Acceptance":[0.4680672268907563],"Energy":{"Mean":-175.8387096774193,"Sigma":0.9393967112255583,"Taucorr":0.4319896892478695},"EnergyVariance":{"Mean":58.23204994797088,"Sigma":12.326297017411822,"Taucorr":0.15639881653464605},"Iteration":7},
{"Acceptance":[0.40980392156862744],"Energy":{"Mean":-179.70967741935485,"Sigma":0.7313171919496146,"Taucorr":0.02092074688112955},"EnergyVariance":{"Mean":63.14151925078044,"Sigma":11.068058241593002,"Taucorr":0.1663816599236747},"Iteration":8},
{"Acceptance":[0.3633053221288515],"Energy":{"Mean":-184.12903225806446,"Sigma":0.8618926853388335,"Taucorr":0.47910575700809754},"EnergyVariance":{"Mean":46.660770031217496,"Sigma":6.358033744928908,"Taucorr":0.05779983019766033},"Iteration":9},
{"Acceptance":[0.3058823529411765],"Energy":{"Mean":-188.24193548387095,"Sigma":0.7903554963520809,"Taucorr":0.571754229354003},"EnergyVariance":{"Mean":35.844693028095726,"Sigma":4.367340450362041,"Taucorr":0.0467756630047379},"Iteration":10},
{"Acceptance":[0.25910364145658266],"Energy":{"Mean":-191.12903225806454,"Sigma":0.6844932753879592,"Taucorr":0.32595261886297366},"EnergyVariance":{"Mean":34.886576482830385,"Sigma":4.6185867537987555,"Taucorr":-0.09044304885175486},"Iteration":11},
{"Acceptance":[0.23375350140056023],"Energy":{"Mean":-192.27419354838707,"Sigma":0.6983423959470786,"Taucorr":0.29016753822640384},"EnergyVariance":{"Mean":37.957075962539015,"Sigma":4.108549884168809,"Taucorr":-0.13613560884910159},"Iteration":12},
{"Acceptance":[0.20490196078431372],"Energy":{"Mean":-195.52419354838713,"Sigma":0.7499421876203559,"Taucorr":0.506579856346584},"EnergyVariance":{"Mean":34.3623178980229,"Sigma":5.324096694903612,"Taucorr":0.17832195090422587},"Iteration":13},
{"Acceptance":[0.16946778711484595],"Energy":{"Mean":-198.06451612903228,"Sigma":0.5054764256884912,"Taucorr":0.34883712759977614},"EnergyVariance":{"Mean":18.51196670135276,"Sigma":2.3683871637378884,"Taucorr":0.11674390977266724},"Iteration":14},
{"Acceptance":[0.16204481792717088],"Energy":{"Mean":-198.72580645161287,"Sigma":0.7005522820079679,"Taucorr":0.6620656844382591},"EnergyVariance":{"Mean":25.97320499479709,"Sigma":6.446418581324719,"Taucorr":0.5895148192227375},"Iteration":15},
{"Acceptance":[0.1396358543417367],"Energy":{"Mean":-200.24999999999997,"Sigma":0.44525575591118705,"Taucorr":0.5248263006270111},"EnergyVariance":{"Mean":11.89717741935484,"Sigma":2.3444583130176433,"Taucorr":0.5662073147072455},"Iteration":16},
{"Acceptance":[0.13389355742296918],"Energy":{"Mean":-200.1290322580645,"Sigma":0.4264240796017954,"Taucorr":0.4016585913247752},"EnergyVariance":{"Mean":12.40270551508845,"Sigma":1.8908229153748672,"Taucorr":0.15306738031290257},"Iteration":17},
{"Acceptance":[0.12899159663865548],"Energy":{"Mean":-200.9596774193549,"Sigma":0.366268743179535,"Taucorr":0.3952140684652157},"EnergyVariance":{"Mean":9.216116024973985,"Sigma":1.585161443884735,"Taucorr":0.16640975385728263},"Iteration":18},
{"Acceptance":[0.1180672268907563],"Energy":{"Mean":-201.11290322580643,"Sigma":0.3654866231900089,"Taucorr":0.3673943197736683},"EnergyVariance":{"Mean":9.471123829344432,"Sigma":2.2881403201187145,"Taucorr":0.07877835081100659},"Iteration":19},
{"Acceptance":[0.115406162464986],"Energy":{"Mean":-201.55645161290323,"Sigma":0.3561498260253267,"Taucorr":0.466717711061858},"EnergyVariance":{"Mean":8.069393860561915,"Sigma":2.3310772104255473,"Taucorr":0.603717983462777},"Iteration":20},
{"Acceptance":[0.11358543417366947],"Energy":{"Mean":-202.04838709677418,"Sigma":0.3878912098825223,"Taucorr":0.7557652250661941},"EnergyVariance":{"Mean":7.36862643080125,"Sigma":2.9643839861920047,"Taucorr":1.1198125027296204},"Iteration":21},
{"Acceptance":[0.1004201680672269],"Energy":{"Mean":-202.8306451612903,"Sigma":0.23600252207686004,"Taucorr":0.5030776848801095},"EnergyVariance":{"Mean":3.414867325702393,"Sigma":0.913311246008223,"Taucorr":0.41802204783108465},"Iteration":22},
{"Acceptance":[0.10504201680672269],"Energy":{"Mean":-202.55645161290326,"Sigma":0.23523886208231848,"Taucorr":0.31060026334133517},"EnergyVariance":{"Mean":4.198426118626433,"Sigma":0.6872240713011387,"Taucorr":-0.05962409502946481},"Iteration":23},
{"Acceptance":[0.09131652661064425],"Energy":{"Mean":-203.0806451612903,"Sigma":0.16735895071261636,"Taucorr":0.01694121320945874},"EnergyVariance":{"Mean":3.332206035379813,"Sigma":0.7236760731280288,"Taucorr":0.05084285684972856},"Iteration":24},
{"Acceptance":[0.10140056022408964],"Energy":{"Mean":-202.78225806451618,"Sigma":0.26658481660956707,"Taucorr":0.33234991763583654},"EnergyVariance":{"Mean":5.250975546305931,"Sigma":1.0071889515490484,"Taucorr":0.031387080976835624},"Iteration":25},
{"Acceptance":[0.08599439775910364],"Energy":{"Mean":-203.6935483870968,"Sigma":0.10670383934310074,"Taucorr":-0.11299065420561283},"EnergyVariance":{"Mean":1.8093132154006244,"Sigma":0.33347838059138646,"Taucorr":-0.07898570319343362},"Iteration":26},
{"Acceptance":[0.08599439775910364],"Energy":{"Mean":-203.66129032258064,"Sigma":0.14598036540199402,"Taucorr":-0.02727080791967862},"EnergyVariance":{"Mean":2.7723725286160246,"Sigma":0.7024872690629302,"Taucorr":-0.018992892572319786},"Iteration":27},
{"Acceptance":[0.08585434173669468],"Energy":{"Mean":-203.8790322580645,"Sigma":0.1597507163150245,"Taucorr":0.16380415348645438},"EnergyVariance":{"Mean":2.364399063475545,"Sigma":0.581434605397289,"Taucorr":0.10010110400388184},"Iteration":28},
{"Acceptance":[0.08207282913165266],"Energy":{"Mean":-203.62096774193552,"Sigma":0.1936043825809773,"Taucorr":0.19856520625160357},"EnergyVariance":{"Mean":3.2998829344432883,"Sigma":0.7579302332649268,"Taucorr":0.1777189087567087},"Iteration":29} 
]}