{"Output": [
{"Acceptance":[0.8815988647114474],"Energy":{"Mean":-1429.1290322580644,"Sigma":2.1148117867823832,"Taucorr":-0.023834625254338826},"EnergyVariance":{"Mean":577.6446409989595,"Sigma":65.77269598907309,"Taucorr":-0.03570697514347626},"Iteration":0},
{"Acceptance":[0.8534058656575213],"Energy":{"Mean":-1434.6129032258063,"Sigma":2.2034869333125706,"Taucorr":0.018428995277463445},"EnergyVariance":{"Mean":575.9791883454735,"Sigma":58.4794930649134,"Taucorr":-0.19148796318586636},"Iteration":1},
{"Acceptance":[0.8133396404919584],"Energy":{"Mean":-1433.5322580645156,"Sigma":2.85587354429532,"Taucorr":0.20272911408552163},"EnergyVariance":{"Mean":713.7812174817898,"Sigma":106.66559608333986,"Taucorr":0.2825431594324791},"Iteration":2},
{"Acceptance":[0.7237937559129612],"Energy":{"Mean":-1447.483870967742,"Sigma":1.5708592729328112,"Taucorr":-0.22638433010134995},"EnergyVariance":{"Mean":554.6368366285119,"Sigma":74.16869556050455,"Taucorr":0.07516621335172469},"Iteration":3},
{"Acceptance":[0.5503311258278145],"Energy":{"Mean":-1468.5483870967746,"Sigma":2.721983862891902,"Taucorr":0.2265458058013221},"EnergyVariance":{"Mean":627.1670135275755,"Sigma":82.39567174562482,"Taucorr":-0.05909267496645798},"Iteration":4},
{"Acceptance":[0.40260170293282876],"Energy":{"Mean":-1499.8306451612905,"Sigma":2.8954308437729632,"Taucorr":0.29766894121475407},"EnergyVariance":{"Mean":646.366480228928,"Sigma":65.44840467096346,"Taucorr":-0.01346080867754118},"Iteration":5},
{"Acceptance":[0.26873226111636705],"Energy":{"Mean":-1537.2419354838705,"Sigma":2.301223490352343,"Taucorr":0.2168916260812045},"EnergyVariance":{"Mean":454.29630593132157,"Sigma":53.509208150158614,"Taucorr":-0.004619092597186181},"Iteration":6},
{"Acceptance":[0.18221381267738884],"Energy":{"Mean":-1568.6451612903227,"Sigma":2.167104200866309,"Taucorr":0.5865200218430766},"EnergyVariance":{"Mean":265.82570239334024,"Sigma":41.62166301332529,"Taucorr":0.30881099033110027},"Iteration":7},
{"Acceptance":[0.13514664143803218],"Energy":{"Mean":-1583.5887096774193,"Sigma":1.1290725799251489,"Taucorr":0.09510576022614348},"EnergyVariance":{"Mean":131.74213059313215,"Sigma":16.177012382919305,"Taucorr":-0.029648395934831484},"Iteration":8},
{"Acceptance":[0.0988174077578051],"Energy":{"Mean":-1596.6774193548388,"Sigma":1.3694631212174402,"Taucorr":0.5275108808506304},"EnergyVariance":{"Mean":112.25078043704474,"Sigma":14.779348846258545,"Taucorr":0.17662217808894543},"Iteration":9},
{"Acceptance":[0.08282876064333018],"Energy":{"Mean":-1606.5645161290324,"Sigma":0.9805204716993169,"Taucorr":0.3621089823584598},"EnergyVariance":{"Mean":68.58454734651406,"Sigma":9.437454809579473,"Taucorr":-0.0037416090420275827},"Iteration":10},
{"Acceptance":[0.07303689687795648],"Energy":{"Mean":-1615.1532258064517,"Sigma":0.7200729334471435,"Taucorr":0.2231264093870131},"EnergyVariance":{"Mean":44.097489594172735,"Sigma":7.3767446532340495,"Taucorr":0.38155957871374735},"Iteration":11},
{"Acceptance":[0.059508041627246926],"Energy":{"Mean":-1620.4435483870966,"Sigma":0.873113148191928,"Taucorr":0.28533199407793974},"EnergyVariance":{"Mean":59.69842611862642,"Sigma":6.514493799055858,"Taucorr":-0.06305949518536313},"Iteration":12},
{"Acceptance":[0.0391674550614948],"Energy":{"Mean":-1627.7983870967744,"Sigma":0.629304462746895,"Taucorr":0.3856643844525627},"EnergyVariance":{"Mean":27.49967481789802,"Sigma":5.720296761231981,"Taucorr":0.34427773462682976},"Iteration":13},
{"Acceptance":[0.026915799432355725],"Energy":{"Mean":-1630.4516129032259,"Sigma":0.4412255894796372,"Taucorr":0.1596274293412807},"EnergyVariance":{"Mean":18.150884495317392,"Sigma":3.5144908023281367,"Taucorr":0.2620411954009656},"Iteration":14},
{"Acceptance":[0.023320719016083253],"Energy":{"Mean":-1633.6693548387098,"Sigma":0.3428194093336678,"Taucorr":0.3706128428292691},"EnergyVariance":{"Mean":8.30196409989594,"Sigma":1.3843493740846577,"Taucorr":0.2091969054871492},"Iteration":15},
{"Acceptance":[0.02185430463576159],"Energy":{"Mean":-1634.7419354838712,"Sigma":0.3463488263855925,"Taucorr":0.2524590055190079},"EnergyVariance":{"Mean":9.804370447450571,"Sigma":1.0440915542281597,"Taucorr":0.03896781230355517},"Iteration":16},
{"Acceptance":[0.02204351939451277],"Energy":{"Mean":-1635.9354838709678,"Sigma":0.3888513104748394,"Taucorr":0.3227650416609301},"EnergyVariance":{"Mean":11.30228928199792,"Sigma":1.9075241401145797,"Taucorr":0.15055354415303868},"Iteration":17},
{"Acceptance":[0.016225165562913906],"Energy":{"Mean":-1636.6612903225807,"Sigma":0.2687956980644466,"Taucorr":0.15611339453770234},"EnergyVariance":{"Mean":6.7723725286160255,"Sigma":1.0974553876300062,"Taucorr":0.20006870257108889},"Iteration":18},
{"Acceptance":[0.011636707663197729],"Energy":{"Mean":-1637.9193548387095,"Sigma":0.18012357495507308,"Taucorr":0.058270252565688185},"EnergyVariance":{"Mean":3.5741415192507793,"Sigma":0.5887126087928665,"Taucorr":-0.014284097469019319},"Iteration":19},
{"Acceptance":[0.0076158940397350995],"Energy":{"Mean":-1638.5806451612902,"Sigma":0.09931695269844691,"Taucorr":0.13642876637553714},"EnergyVariance":{"Mean":0.9531737773152964,"Sigma":0.3758394386880933,"Taucorr":0.24125161479862867},"Iteration":20},
{"Acceptance":[0.005392620624408704],"Energy":{"Mean":-1638.8467741935485,"Sigma":0.047345418183417295,"Taucorr":-0.17182226350822694},"EnergyVariance":{"Mean":0.42007023933402704,"Sigma":0.16969109915952116,"Taucorr":0.2584329266243681},"Iteration":21},
{"Acceptance":[0.0043992431409649955],"Energy":{"Mean":-1638.8709677419351,"Sigma":0.05168006383096255,"Taucorr":0.18038793103456707},"EnergyVariance":{"Mean":0.24141519250780438,"Sigma":0.10857991692575655,"Taucorr":0.07397204278674796},"Iteration":22},
{"Acceptance":[0.002980132450331126],"Energy":{"Mean":-1638.8790322580644,"Sigma":0.055444159331916695,"Taucorr":-0.0031789437703771406},"EnergyVariance":{"Mean":0.3805280957336107,"Sigma":0.278856790504026,"Taucorr":-0.007711022909065668},"Iteration":23},
{"Acceptance":[0.0030274361400189215],"Energy":{"Mean":-1638.7903225806451,"Sigma":0.11997803013129457,"Taucorr":0.32818203942563606},"EnergyVariance":{"Mean":1.0689386056191468,"Sigma":0.601739354080125,"Taucorr":0.3129807450748392},"Iteration":24},
{"Acceptance":[0.0020813623462630085],"Energy":{"Mean":-1638.8467741935483,"Sigma":0.07749212529784671,"Taucorr":0.11810166539674916},"EnergyVariance":{"Mean":0.5974895941727367,"Sigma":0.33491154945789703,"Taucorr":-0.003485611322067539},"Iteration":25},
{"Acceptance":[0.0035950804162724692],"Energy":{"Mean":-1638.967741935484,"Sigma":0.015301343516943044,"Taucorr":-0.03875000000003065},"EnergyVariance":{"Mean":0.031217481789802284,"Sigma":0.01431416006423862,"Taucorr":-0.03874999999999995},"Iteration":26},
{"Acceptance":[0.0026490066225165563],"Energy":{"Mean":-1638.983870967742,"Sigma":0.016129032258064363,"Taucorr":1.2212453270876722e-14},"EnergyVariance":{"Mean":0.03199791883454735,"Sigma":0.03173777315296613,"Taucorr":-2.220446049250313e-16},"Iteration":27},
{"Acceptance":[0.0021759697256386],"Energy":{"Mean":-1638.9112903225805,"Sigma":0.06814396830412787,"Taucorr":-0.00833053409465645},"EnergyVariance":{"Mean":0.5808402705515088,"Sigma":0.5070209468573968,"Taucorr":-0.0033561711299682218},"Iteration":28},
{"Acceptance":[0.0020813623462630085],"Energy":{"Mean":-1639.008064516129,"Sigma":0.008064516129031198,"Taucorr":-1.1879386363489175e-13},"EnergyVariance":{"Mean":0.007999479708636839,"Sigma":0.007934443288241534,"Taucorr":0.0},"Iteration":29},
{"Acceptance":[0.00293282876064333],"Energy":{"Mean":-1638.9919354838707,"Sigma":0.018271661793523023,"Taucorr":0.010016155089334622},"EnergyVariance":{"Mean":0.04025754422476586,"Sigma":0.032764881279763056,"Taucorr":-0.006080986408858902},"Iteration":30},
{"Acceptance":[0.0019867549668874172],"Energy":{"Mean":-1638.9193548387093,"Sigma":0.057252384997738826,"Taucorr":0.07871545929799872},"EnergyVariance":{"Mean":0.34833506763787725,"Sigma":0.2867358698361935,"Taucorr":0.00571213307435714},"Iteration":31},
{"Acceptance":[0.0019867549668874172],"Energy":{"Mean":-1638.9516129032256,"Sigma":0.04838709677419381,"Taucorr":1.0247933884296845},"EnergyVariance":{"Mean":0.09443288241415192,"Sigma":0.092091571279899,"Taucorr":1.0247933884297522},"Iteration":32},
{"Acceptance":[0.0026490066225165563],"Energy":{"Mean":-1638.9193548387098,"Sigma":0.06597806002857111,"Taucorr":0.7207591933570874},"EnergyVariance":{"Mean":0.2193028095733611,"Sigma":0.18454977413329215,"Taucorr":0.459386527530693},"Iteration":33},
{"Acceptance":[0.0024597918637653737],"Energy":{"Mean":-1639.0,"Sigma":0.0,"Taucorr":null},"EnergyVariance":{"Mean":0.0,"Sigma":0.0,"Taucorr":null},"Iteration":34},
{"Acceptance":[0.002270577105014191],"Energy":{"Mean":-1639.0,"Sigma":0.0,"Taucorr":null},"EnergyVariance":{"Mean":0.0,"Sigma":0.0,"Taucorr":null},"Iteration":35},
{"Acceptance":[0.0031220435193945128],"Energy":{"Mean":-1639.0,"Sigma":0.0,"Taucorr":null},"EnergyVariance":{"Mean":0.0,"Sigma":0.0,"Taucorr":null},"Iteration":36},
{"Acceptance":[0.002554399243140965],"Energy":{"Mean":-1638.9516129032256,"Sigma":0.04838709677419528,"Taucorr":1.024793388429788},"EnergyVariance":{"Mean":0.09443288241415192,"Sigma":0.092091571279899,"Taucorr":1.0247933884297515},"Iteration":37},
{"Acceptance":[0.0019394512771996216],"Energy":{"Mean":-1639.008064516129,"Sigma":0.008064516129031689,"Taucorr":-6.38378239159465e-14},"EnergyVariance":{"Mean":0.007999479708636839,"Sigma":0.007934443288241534,"Taucorr":0.0},"Iteration":38},
{"Acceptance":[0.001466414380321665],"Energy":{"Mean":-1638.9838709677417,"Sigma":0.01612903225807098,"Taucorr":3.079758670310184e-13},"EnergyVariance":{"Mean":0.031997918834547355,"Sigma":0.0317377731529588,"Taucorr":0.0},"Iteration":39},
{"Acceptance":[0.0021759697256386],"Energy":{"Mean":-1638.9838709677417,"Sigma":0.016129032258067274,"Taucorr":1.3278267374516872e-13},"EnergyVariance":{"Mean":0.03199791883454735,"Sigma":0.031737773152958795,"Taucorr":-2.220446049250313e-16},"Iteration":40},
{"Acceptance":[0.0019394512771996216],"Energy":{"Mean":-1639.008064516129,"Sigma":0.008064516129032976,"Taucorr":9.015010959956271e-14},"EnergyVariance":{"Mean":0.007999479708636839,"Sigma":0.007934443288241534,"Taucorr":0.0},"Iteration":41},
{"Acceptance":[0.0016556291390728477],"Energy":{"Mean":-1639.0,"Sigma":0.0,"Taucorr":null},"EnergyVariance":{"Mean":0.0,"Sigma":0.0,"Taucorr":null},"Iteration":42},
{"Acceptance":[0.0015610217596972564],"Energy":{"Mean":-1639.0,"Sigma":0.0,"Taucorr":null},"EnergyVariance":{"Mean":0.0,"Sigma":0.0,"Taucorr":null},"Iteration":43},
{"Acceptance":[0.0028855250709555347],"Energy":{"Mean":-1638.9193548387093,"Sigma":0.08064516129032354,"Taucorr":8.659739592076221e-15},"EnergyVariance":{"Mean":0.7999479708636836,"Sigma":0.79344432882408,"Taucorr":2.220446049250313e-16},"Iteration":44},
{"Acceptance":[0.0025070955534531696],"Energy":{"Mean":-1638.9516129032256,"Sigma":0.04838709677419381,"Taucorr":-3.552713678800501e-15},"EnergyVariance":{"Mean":0.2879812695109262,"Sigma":0.28563995837667316,"Taucorr":-2.220446049250313e-16},"Iteration":45},
{"Acceptance":[0.0016556291390728477],"Energy":{"Mean":-1639.0,"Sigma":0.0,"Taucorr":null},"EnergyVariance":{"Mean":0.0,"Sigma":0.0,"Taucorr":null},"Iteration":46},
{"Acceptance":[0.001750236518448439],"Energy":{"Mean":-1639.0,"Sigma":0.0,"Taucorr":null},"EnergyVariance":{"Mean":0.0,"Sigma":0.0,"Taucorr":null},"Iteration":47},
{"Acceptance":[0.0019394512771996216],"Energy":{"Mean":-1639.0,"Sigma":0.0,"Taucorr":null},"EnergyVariance":{"Mean":0.0,"Sigma":0.0,"Taucorr":null},"Iteration":48},
{"Acceptance":[0.002270577105014191],"Energy":{"Mean":-1638.9596774193549,"Sigma":0.026173465472337173,"Taucorr":-0.016206123973197706},"EnergyVariance":{"Mean":0.0870837669094693,"Sigma":0.07088714446134876,"Taucorr":-0.005468147490784003},"Iteration":49},
{"Acceptance":[0.0026490066225165563],"Energy":{"Mean":-1639.0,"Sigma":0.0,"Taucorr":null},"EnergyVariance":{"Mean":0.0,"Sigma":0.0,"Taucorr":null},"Iteration":50},
{"Acceptance":[0.0017975402081362346],"Energy":{"Mean":-1639.0161290322583,"Sigma":0.016129032258072874,"Taucorr":4.2543746303636e-13},"EnergyVariance":{"Mean":0.031997918834547355,"Sigma":0.0317377731529588,"Taucorr":0.0},"Iteration":51},
{"Acceptance":[0.0021759697256386],"Energy":{"Mean":-1639.0,"Sigma":0.0,"Taucorr":null},"EnergyVariance":{"Mean":0.0,"Sigma":0.0,"Taucorr":null},"Iteration":52},
{"Acceptance":[0.001750236518448439],"Energy":{"Mean":-1639.0,"Sigma":0.0,"Taucorr":null},"EnergyVariance":{"Mean":0.0,"Sigma":0.0,"Taucorr":null},"Iteration":53},
{"Acceptance":[0.002601702932828761],"Energy":{"Mean":-1639.0,"Sigma":0.0,"Taucorr":null},"EnergyVariance":{"Mean":0.0,"Sigma":0.0,"Taucorr":null},"Iteration":54},
{"Acceptance":[0.002034058656575213],"Energy":{"Mean":-1639.0,"Sigma":0.0,"Taucorr":null},"EnergyVariance":{"Mean":0.0,"Sigma":0.0,"Taucorr":null},"Iteration":55},
{"Acceptance":[0.0013718070009460738],"Energy":{"Mean":-1639.0,"Sigma":0.0,"Taucorr":null},"EnergyVariance":{"Mean":0.0,"Sigma":0.0,"Taucorr":null},"Iteration":56},
{"Acceptance":[0.001892147587511826],"Energy":{"Mean":-1638.967741935484,"Sigma":0.03225806451613143,"Taucorr":6.039613253960852e-14},"EnergyVariance":{"Mean":0.12799167533818942,"Sigma":0.12695109261186452,"Taucorr":-2.220446049250313e-16},"Iteration":57},
{"Acceptance":[0.0021759697256386],"Energy":{"Mean":-1639.0,"Sigma":0.0,"Taucorr":null},"EnergyVariance":{"Mean":0.0,"Sigma":0.0,"Taucorr":null},"Iteration":58},
{"Acceptance":[0.0021759697256386],"Energy":{"Mean":-1639.0,"Sigma":0.0,"Taucorr":null},"EnergyVariance":{"Mean":0.0,"Sigma":0.0,"Taucorr":null},"Iteration":59},
{"Acceptance":[0.001608325449385052],"Energy":{"Mean":-1639.0,"Sigma":0.0,"Taucorr":null},"EnergyVariance":{"Mean":0.0,"Sigma":0.0,"Taucorr":null},"Iteration":60},
{"Acceptance":[0.0017029328287606433],"Energy":{"Mean":-1639.0,"Sigma":0.023186944788013322,"Taucorr":0.01250000000014484},"EnergyVariance":{"Mean":0.06451612903225808,"Sigma":0.044853018526052064,"Taucorr":-0.012704918032786783},"Iteration":61},
{"Acceptance":[0.0020813623462630085],"Energy":{"Mean":-1638.975806451613,"Sigma":0.024193548387099563,"Taucorr":8.903988657493755e-14},"EnergyVariance":{"Mean":0.07199531737773152,"Sigma":0.07140998959417381,"Taucorr":0.0},"Iteration":62},
{"Acceptance":[0.0024597918637653737],"Energy":{"Mean":-1638.983870967742,"Sigma":0.03654332358703197,"Taucorr":0.06678635547594391},"EnergyVariance":{"Mean":0.14490114464099893,"Sigma":0.12851849650803515,"Taucorr":0.0009800555072849715},"Iteration":63},
{"Acceptance":[0.0030274361400189215],"Energy":{"Mean":-1639.0,"Sigma":0.0,"Taucorr":null},"EnergyVariance":{"Mean":0.0,"Sigma":0.0,"Taucorr":null},"Iteration":64},
{"Acceptance":[0.001750236518448439],"Energy":{"Mean":-1639.0,"Sigma":0.0,"Taucorr":null},"EnergyVariance":{"Mean":0.0,"Sigma":0.0,"Taucorr":null},"Iteration":65},
{"Acceptance":[0.0016556291390728477],"Energy":{"Mean":-1638.967741935484,"Sigma":0.032258064516130024,"Taucorr":1.0880185641326534e-14},"EnergyVariance":{"Mean":0.12799167533818942,"Sigma":0.12695109261186452,"Taucorr":0.0},"Iteration":66},
{"Acceptance":[0.0020813623462630085],"Energy":{"Mean":-1639.0,"Sigma":0.0,"Taucorr":null},"EnergyVariance":{"Mean":0.0,"Sigma":0.0,"Taucorr":null},"Iteration":67},
{"Acceptance":[0.001608325449385052],"Energy":{"Mean":-1638.983870967742,"Sigma":0.01612903225806626,"Taucorr":9.592326932761353e-14},"EnergyVariance":{"Mean":0.031997918834547355,"Sigma":0.03173777315296614,"Taucorr":0.0},"Iteration":68},
{"Acceptance":[0.0021759697256386],"Energy":{"Mean":-1638.9919354838707,"Sigma":0.00806451612904405,"Taucorr":1.0942358130705543e-12},"EnergyVariance":{"Mean":0.007999479708636837,"Sigma":0.007934443288237865,"Taucorr":-2.220446049250313e-16},"Iteration":69},
{"Acceptance":[0.0019867549668874172],"Energy":{"Mean":-1638.9677419354837,"Sigma":0.07308664717405833,"Taucorr":0.3509433962265407},"EnergyVariance":{"Mean":0.3860561914672216,"Sigma":0.2818469747425975,"Taucorr":0.3169153619908863},"Iteration":70},
{"Acceptance":[0.0021759697256386],"Energy":{"Mean":-1638.9354838709678,"Sigma":0.044853018526053744,"Taucorr":0.15329670329674538},"EnergyVariance":{"Mean":0.18938605619146723,"Sigma":0.1368672886364868,"Taucorr":0.042144547420516876},"Iteration":71},
{"Acceptance":[0.0015137180700094607],"Energy":{"Mean":-1638.967741935484,"Sigma":0.032258064516132876,"Taucorr":1.0236256287043943e-13},"EnergyVariance":{"Mean":0.12799167533818942,"Sigma":0.12695109261186452,"Taucorr":-2.220446049250313e-16},"Iteration":72},
{"Acceptance":[0.001892147587511826],"Energy":{"Mean":-1639.0,"Sigma":0.0,"Taucorr":null},"EnergyVariance":{"Mean":0.0,"Sigma":0.0,"Taucorr":null},"Iteration":73},
{"Acceptance":[0.0021759697256386],"Energy":{"Mean":-1639.0,"Sigma":0.0,"Taucorr":null},"EnergyVariance":{"Mean":0.0,"Sigma":0.0,"Taucorr":null},"Iteration":74},
{"Acceptance":[0.0018448438978240303],"Energy":{"Mean":-1639.0,"Sigma":0.0,"Taucorr":null},"EnergyVariance":{"Mean":0.0,"Sigma":0.0,"Taucorr":null},"Iteration":75},
{"Acceptance":[0.0016556291390728477],"Energy":{"Mean":-1639.0,"Sigma":0.0,"Taucorr":null},"EnergyVariance":{"Mean":0.0,"Sigma":0.0,"Taucorr":null},"Iteration":76},
{"Acceptance":[0.0013245033112582781],"Energy":{"Mean":-1639.0,"Sigma":0.0,"Taucorr":null},"EnergyVariance":{"Mean":0.0,"Sigma":0.0,"Taucorr":null},"Iteration":77},
{"Acceptance":[0.002270577105014191],"Energy":{"Mean":-1639.0,"Sigma":0.0,"Taucorr":null},"EnergyVariance":{"Mean":0.0,"Sigma":0.0,"Taucorr":null},"Iteration":78},
{"Acceptance":[0.0017029328287606433],"Energy":{"Mean":-1638.9354838709676,"Sigma":0.06451612903226978,"Taucorr":1.4277468096679513e-13},"EnergyVariance":{"Mean":0.5119667013527576,"Sigma":0.5078043704474288,"Taucorr":-2.220446049250313e-16},"Iteration":79},
{"Acceptance":[0.0023651844843897824],"Energy":{"Mean":-1638.975806451613,"Sigma":0.024193548387099563,"Taucorr":1.0247933884298603},"EnergyVariance":{"Mean":0.023608220603537976,"Sigma":0.023022892819980253,"Taucorr":1.0247933884297515},"Iteration":80},
{"Acceptance":[0.0019394512771996216],"Energy":{"Mean":-1638.967741935484,"Sigma":0.03225806451613155,"Taucorr":0.508196721311561},"EnergyVariance":{"Mean":0.06347554630593132,"Sigma":0.06243496357960647,"Taucorr":0.5081967213114753},"Iteration":81},
{"Acceptance":[0.001466414380321665],"Energy":{"Mean":-1638.7580645161293,"Sigma":0.14823507874634007,"Taucorr":0.32652346857598313},"EnergyVariance":{"Mean":1.6350156087408954,"Sigma":1.0711486187368862,"Taucorr":0.32139802692425545},"Iteration":82},
{"Acceptance":[0.0020813623462630085],"Energy":{"Mean":-1639.0,"Sigma":0.0,"Taucorr":null},"EnergyVariance":{"Mean":0.0,"Sigma":0.0,"Taucorr":null},"Iteration":83},
{"Acceptance":[0.0015137180700094607],"Energy":{"Mean":-1639.0,"Sigma":0.0,"Taucorr":null},"EnergyVariance":{"Mean":0.0,"Sigma":0.0,"Taucorr":null},"Iteration":84},
{"Acceptance":[0.0013245033112582781],"Energy":{"Mean":-1639.0,"Sigma":0.0,"Taucorr":null},"EnergyVariance":{"Mean":0.0,"Sigma":0.0,"Taucorr":null},"Iteration":85},
{"Acceptance":[0.0021759697256386],"Energy":{"Mean":-1639.0,"Sigma":0.0,"Taucorr":null},"EnergyVariance":{"Mean":0.0,"Sigma":0.0,"Taucorr":null},"Iteration":86},
{"Acceptance":[0.0020813623462630085],"Energy":{"Mean":-1639.0,"Sigma":0.0,"Taucorr":null},"EnergyVariance":{"Mean":0.0,"Sigma":0.0,"Taucorr":null},"Iteration":87},
{"Acceptance":[0.0026490066225165563],"Energy":{"Mean":-1639.0,"Sigma":0.0,"Taucorr":null},"EnergyVariance":{"Mean":0.0,"Sigma":0.0,"Taucorr":null},"Iteration":88},
{"Acceptance":[0.0019867549668874172],"Energy":{"Mean":-1639.0,"Sigma":0.0,"Taucorr":null},"EnergyVariance":{"Mean":0.0,"Sigma":0.0,"Taucorr":null},"Iteration":89},
{"Acceptance":[0.0021759697256386],"Energy":{"Mean":-1639.0,"Sigma":0.0,"Taucorr":null},"EnergyVariance":{"Mean":0.0,"Sigma":0.0,"Taucorr":null},"Iteration":90},
{"Acceptance":[0.0021286660359508044],"Energy":{"Mean":-1638.919354838709,"Sigma":0.05725238499774566,"Taucorr":-0.011720226843008441},"EnergyVariance":{"Mean":0.41285119667013537,"Sigma":0.3046604273372972,"Taucorr":-0.009322252609535286},"Iteration":91},
{"Acceptance":[0.0025070955534531696],"Energy":{"Mean":-1639.0,"Sigma":0.0,"Taucorr":null},"EnergyVariance":{"Mean":0.0,"Sigma":0.0,"Taucorr":null},"Iteration":92},
{"Acceptance":[0.0020813623462630085],"Energy":{"Mean":-1639.016129032258,"Sigma":0.016129032258064363,"Taucorr":-1.63202784619898e-14},"EnergyVariance":{"Mean":0.03199791883454735,"Sigma":0.03173777315296613,"Taucorr":-2.220446049250313e-16},"Iteration":93},
{"Acceptance":[0.0023651844843897824],"Energy":{"Mean":-1639.0,"Sigma":0.0,"Taucorr":null},"EnergyVariance":{"Mean":0.0,"Sigma":0.0,"Taucorr":null},"Iteration":94},
{"Acceptance":[0.0023651844843897824],"Energy":{"Mean":-1639.008064516129,"Sigma":0.008064516129031654,"Taucorr":-1.0647038806155251e-13},"EnergyVariance":{"Mean":0.007999479708636839,"Sigma":0.007934443288241532,"Taucorr":-2.220446049250313e-16},"Iteration":95},
{"Acceptance":[0.0021759697256386],"Energy":{"Mean":-1639.0,"Sigma":0.0,"Taucorr":null},"EnergyVariance":{"Mean":0.0,"Sigma":0.0,"Taucorr":null},"Iteration":96},
{"Acceptance":[0.0017975402081362346],"Energy":{"Mean":-1639.0,"Sigma":0.0,"Taucorr":null},"EnergyVariance":{"Mean":0.0,"Sigma":0.0,"Taucorr":null},"Iteration":97},
{"Acceptance":[0.0023651844843897824],"Energy":{"Mean":-1638.9516129032259,"Sigma":0.048387096774195115,"Taucorr":3.3084646133829665e-14},"EnergyVariance":{"Mean":0.2879812695109261,"Sigma":0.2856399583766952,"Taucorr":0.0},"Iteration":98},
{"Acceptance":[0.0017029328287606433],"Energy":{"Mean":-1639.0,"Sigma":0.0,"Taucorr":null},"EnergyVariance":{"Mean":0.0,"Sigma":0.0,"Taucorr":null},"Iteration":99} 
]}