{"Output": [
{"Acceptance":[0.019094766619519095],"Energy":{"Mean":-708.1209677419356,"Sigma":0.26535403611297126,"Taucorr":0.17357942762340017},"EnergyVariance":{"Mean":6.428915192507803,"Sigma":1.8214201618694636,"Taucorr":0.22758301573214068},"Iteration":0},
{"Acceptance":[0.005374823196605375],"Energy":{"Mean":-710.3387096774193,"Sigma":0.25834158513445243,"Taucorr":0.6069827404756882},"EnergyVariance":{"Mean":3.707856399583767,"Sigma":1.823200087147099,"Taucorr":0.42848251312308405},"Iteration":1},
{"Acceptance":[0.002333804809052334],"Energy":{"Mean":-712.9112903225808,"Sigma":0.1938393869757042,"Taucorr":0.6742159357546829},"EnergyVariance":{"Mean":1.967937044745058,"Sigma":1.2104073609186639,"Taucorr":0.6846994722535109},"Iteration":2},
{"Acceptance":[0.006506364922206506],"Energy":{"Mean":-713.233870967742,"Sigma":0.1433730958245389,"Taucorr":0.2456976253500488},"EnergyVariance":{"Mean":1.6953043704474509,"Sigma":0.5692285945467028,"Taucorr":0.2772346309159298},"Iteration":3},
{"Acceptance":[0.005162659123055162],"Energy":{"Mean":-715.9435483870968,"Sigma":0.21178633399263835,"Taucorr":0.18601905316446543},"EnergyVariance":{"Mean":4.021006763787721,"Sigma":0.6356685369565042,"Taucorr":0.14014941390656155},"Iteration":4},
{"Acceptance":[0.0003536067892503536],"Energy":{"Mean":-720.0,"Sigma":0.0,"Taucorr":null},"EnergyVariance":{"Mean":0.0,"Sigma":0.0,"Taucorr":null},"Iteration":5},
{"Acceptance":[0.0008486562942008486],"Energy":{"Mean":-719.9677419354839,"Sigma":0.03225806451612968,"Taucorr":0.5081967213115002},"EnergyVariance":{"Mean":0.0634755463059313,"Sigma":0.06243496357960647,"Taucorr":0.5081967213114755},"Iteration":6},
{"Acceptance":[0.0008486562942008486],"Energy":{"Mean":-719.7903225806451,"Sigma":0.09979601115885676,"Taucorr":-0.038438541462465003},"EnergyVariance":{"Mean":1.3270031217481788,"Sigma":0.6172753485017151,"Taucorr":-0.03745879423422238},"Iteration":7},
{"Acceptance":[0.0008486562942008486],"Energy":{"Mean":-719.9758064516129,"Sigma":0.024193548387096402,"Taucorr":-1.2101430968414206e-14},"EnergyVariance":{"Mean":0.07199531737773153,"Sigma":0.0714099895941738,"Taucorr":0.0},"Iteration":8},
{"Acceptance":[0.0005657708628005657],"Energy":{"Mean":-720.0322580645161,"Sigma":0.032258064516129566,"Taucorr":0.5081967213115135},"EnergyVariance":{"Mean":0.06347554630593132,"Sigma":0.06243496357960647,"Taucorr":0.5081967213114753},"Iteration":9},
{"Acceptance":[0.0005657708628005657],"Energy":{"Mean":-720.1048387096773,"Sigma":0.06109902233830752,"Taucorr":0.5300846221184483},"EnergyVariance":{"Mean":0.22287981269510926,"Sigma":0.1200575420823324,"Taucorr":0.3546682968588273},"Iteration":10},
{"Acceptance":[0.003253182461103253],"Energy":{"Mean":-720.1612903225806,"Sigma":0.10209392885331572,"Taucorr":0.4602883865939067},"EnergyVariance":{"Mean":0.6675338189386056,"Sigma":0.1983389529515543,"Taucorr":0.3341069689456596},"Iteration":11},
{"Acceptance":[0.0003536067892503536],"Energy":{"Mean":-721.9193548387096,"Sigma":0.05725238499773818,"Taucorr":0.4921895006401973},"EnergyVariance":{"Mean":0.20317377731529668,"Sigma":0.14778985842648712,"Taucorr":0.49561486510888875},"Iteration":12},
{"Acceptance":[0.0007072135785007072],"Energy":{"Mean":-721.9758064516129,"Sigma":0.07179986251154424,"Taucorr":0.3750493627714584},"EnergyVariance":{"Mean":0.3623178980228929,"Sigma":0.2637217293372731,"Taucorr":0.40837485458968636},"Iteration":13},
{"Acceptance":[0.0007072135785007072],"Energy":{"Mean":-721.9596774193546,"Sigma":0.06253684311223649,"Taucorr":0.357056778678997},"EnergyVariance":{"Mean":0.28063215400624353,"Sigma":0.1357696548805069,"Taucorr":0.15433670763194385},"Iteration":14},
{"Acceptance":[0.0014144271570014145],"Energy":{"Mean":-722.1129032258065,"Sigma":0.08892934678767886,"Taucorr":0.3814710042432843},"EnergyVariance":{"Mean":0.5517689906347554,"Sigma":0.25568707844953603,"Taucorr":0.24938938812875788},"Iteration":15},
{"Acceptance":[0.003041018387553041],"Energy":{"Mean":-724.5645161290322,"Sigma":0.12430870237417774,"Taucorr":0.3509433962264069},"EnergyVariance":{"Mean":1.1168054110301768,"Sigma":0.26465723731275287,"Taucorr":0.35094339622641524},"Iteration":16},
{"Acceptance":[0.0004243281471004243],"Energy":{"Mean":-724.9354838709677,"Sigma":0.06451612903225709,"Taucorr":1.5500000000000074},"EnergyVariance":{"Mean":0.12486992715920912,"Sigma":0.1207075962538951,"Taucorr":1.5500000000000003},"Iteration":17},
{"Acceptance":[0.00014144271570014144],"Energy":{"Mean":-725.0,"Sigma":0.0,"Taucorr":null},"EnergyVariance":{"Mean":0.0,"Sigma":0.0,"Taucorr":null},"Iteration":18},
{"Acceptance":[0.00014144271570014144],"Energy":{"Mean":-725.0,"Sigma":0.0,"Taucorr":null},"EnergyVariance":{"Mean":0.0,"Sigma":0.0,"Taucorr":null},"Iteration":19},
{"Acceptance":[0.0004243281471004243],"Energy":{"Mean":-725.0080645161291,"Sigma":0.008064516129035963,"Taucorr":3.5704772471945034e-13},"EnergyVariance":{"Mean":0.007999479708636839,"Sigma":0.007934443288239699,"Taucorr":-2.220446049250313e-16},"Iteration":20},
{"Acceptance":[0.0005657708628005657],"Energy":{"Mean":-725.016129032258,"Sigma":0.016129032258065248,"Taucorr":4.773959005888173e-14},"EnergyVariance":{"Mean":0.03199791883454735,"Sigma":0.03173777315296614,"Taucorr":0.0},"Iteration":21},
{"Acceptance":[0.0002828854314002829],"Energy":{"Mean":-725.0,"Sigma":0.0,"Taucorr":null},"EnergyVariance":{"Mean":0.0,"Sigma":0.0,"Taucorr":null},"Iteration":22},
{"Acceptance":[0.0005657708628005657],"Energy":{"Mean":-724.709677419355,"Sigma":0.16193419868401493,"Taucorr":0.11426872770511542},"EnergyVariance":{"Mean":2.625390218522372,"Sigma":1.5562169858165311,"Taucorr":-0.005074678936594246},"Iteration":23},
{"Acceptance":[0.00014144271570014144],"Energy":{"Mean":-725.0,"Sigma":0.0,"Taucorr":null},"EnergyVariance":{"Mean":0.0,"Sigma":0.0,"Taucorr":null},"Iteration":24},
{"Acceptance":[0.0002828854314002829],"Energy":{"Mean":-724.9516129032259,"Sigma":0.03558148840381814,"Taucorr":-0.010147299508950991},"EnergyVariance":{"Mean":0.15894901144641,"Sigma":0.12860054719873595,"Taucorr":-0.005821639123296529},"Iteration":25},
{"Acceptance":[0.0002828854314002829],"Energy":{"Mean":-725.0,"Sigma":0.0,"Taucorr":null},"EnergyVariance":{"Mean":0.0,"Sigma":0.0,"Taucorr":null},"Iteration":26},
{"Acceptance":[0.0005657708628005657],"Energy":{"Mean":-725.0322580645161,"Sigma":0.03225806451612955,"Taucorr":0.5081967213115008},"EnergyVariance":{"Mean":0.06347554630593132,"Sigma":0.06243496357960647,"Taucorr":0.5081967213114753},"Iteration":27},
{"Acceptance":[0.00014144271570014144],"Energy":{"Mean":-725.0,"Sigma":0.0,"Taucorr":null},"EnergyVariance":{"Mean":0.0,"Sigma":0.0,"Taucorr":null},"Iteration":28},
{"Acceptance":[0.00014144271570014144],"Energy":{"Mean":-725.0322580645162,"Sigma":0.02242650926302782,"Taucorr":-0.012704918032724333},"EnergyVariance":{"Mean":0.06347554630593132,"Sigma":0.04340614696069176,"Taucorr":-0.012704918032787005},"Iteration":29},
{"Acceptance":[0.0015558698727015559],"Energy":{"Mean":-725.1451612903224,"Sigma":0.11866993257050878,"Taucorr":0.38471963858624936},"EnergyVariance":{"Mean":0.9789281997918834,"Sigma":0.5443310023785667,"Taucorr":0.005540114347631686},"Iteration":30},
{"Acceptance":[0.0006364922206506365],"Energy":{"Mean":-726.467741935484,"Sigma":0.3084260109518964,"Taucorr":0.7235975841993361},"EnergyVariance":{"Mean":4.7812174817898025,"Sigma":2.6699600991663632,"Taucorr":0.7477339546351587},"Iteration":31},
{"Acceptance":[0.0002828854314002829],"Energy":{"Mean":-726.983870967742,"Sigma":0.01612903225806502,"Taucorr":3.885780586188048e-14},"EnergyVariance":{"Mean":0.03199791883454735,"Sigma":0.03173777315296613,"Taucorr":-2.220446049250313e-16},"Iteration":32},
{"Acceptance":[0.00014144271570014144],"Energy":{"Mean":-727.016129032258,"Sigma":0.016129032258065133,"Taucorr":0.5081967213115586},"EnergyVariance":{"Mean":0.01586888657648283,"Sigma":0.01560874089490162,"Taucorr":0.5081967213114755},"Iteration":33},
{"Acceptance":[0.0004243281471004243],"Energy":{"Mean":-726.8709677419355,"Sigma":0.0926542362344895,"Taucorr":0.2799769408148114},"EnergyVariance":{"Mean":0.6768990634755463,"Sigma":0.46513436782331297,"Taucorr":0.23095744500020587},"Iteration":34},
{"Acceptance":[0.0005657708628005657],"Energy":{"Mean":-726.9354838709677,"Sigma":0.061311541318545465,"Taucorr":0.13026595744684766},"EnergyVariance":{"Mean":0.3668054110301769,"Sigma":0.21192876164183658,"Taucorr":0.035818292021086884},"Iteration":35},
{"Acceptance":[0.0004243281471004243],"Energy":{"Mean":-726.983870967742,"Sigma":0.0161290322580653,"Taucorr":3.086420008457935e-14},"EnergyVariance":{"Mean":0.031997918834547355,"Sigma":0.03173777315296614,"Taucorr":0.0},"Iteration":36},
{"Acceptance":[0.0005657708628005657],"Energy":{"Mean":-726.8387096774194,"Sigma":0.16981504292414654,"Taucorr":0.5052012680625126},"EnergyVariance":{"Mean":1.7643080124869928,"Sigma":1.7273048334524657,"Taucorr":0.4984907070276049},"Iteration":37},
{"Acceptance":[0.0002828854314002829],"Energy":{"Mean":-726.9274193548388,"Sigma":0.07258064516129069,"Taucorr":5.551115123125783e-15},"EnergyVariance":{"Mean":0.6479578563995837,"Sigma":0.6426899063475642,"Taucorr":2.220446049250313e-16},"Iteration":38},
{"Acceptance":[0.00014144271570014144],"Energy":{"Mean":-727.0,"Sigma":0.0,"Taucorr":null},"EnergyVariance":{"Mean":0.0,"Sigma":0.0,"Taucorr":null},"Iteration":39},
{"Acceptance":[0.0005657708628005657],"Energy":{"Mean":-726.9354838709677,"Sigma":0.04485301852605131,"Taucorr":0.15329670329668976},"EnergyVariance":{"Mean":0.18938605619146728,"Sigma":0.13686728863647724,"Taucorr":0.042144547420511325},"Iteration":40},
{"Acceptance":[0.00014144271570014144],"Energy":{"Mean":-726.9193548387096,"Sigma":0.08064516129032294,"Taucorr":0.5081967213114804},"EnergyVariance":{"Mean":0.39672216441207087,"Sigma":0.390218522372522,"Taucorr":0.5081967213114746},"Iteration":41},
{"Acceptance":[0.00014144271570014144],"Energy":{"Mean":-727.0,"Sigma":0.0,"Taucorr":null},"EnergyVariance":{"Mean":0.0,"Sigma":0.0,"Taucorr":null},"Iteration":42},
{"Acceptance":[0.0002828854314002829],"Energy":{"Mean":-727.016129032258,"Sigma":0.016129032258063843,"Taucorr":0.5081967213114298},"EnergyVariance":{"Mean":0.015868886576482825,"Sigma":0.015608740894901616,"Taucorr":0.5081967213114753},"Iteration":43},
{"Acceptance":[0.00014144271570014144],"Energy":{"Mean":-727.0,"Sigma":0.0,"Taucorr":null},"EnergyVariance":{"Mean":0.0,"Sigma":0.0,"Taucorr":null},"Iteration":44},
{"Acceptance":[0.0002828854314002829],"Energy":{"Mean":-727.0241935483873,"Sigma":0.013494516557004961,"Taucorr":-0.025619834710541467},"EnergyVariance":{"Mean":0.02360822060353797,"Sigma":0.0128415560784311,"Taucorr":-0.025619834710743805},"Iteration":45},
{"Acceptance":[0.0002828854314002829],"Energy":{"Mean":-727.0,"Sigma":0.0,"Taucorr":null},"EnergyVariance":{"Mean":0.0,"Sigma":0.0,"Taucorr":null},"Iteration":46},
{"Acceptance":[0.0002828854314002829],"Energy":{"Mean":-726.983870967742,"Sigma":0.016129032258063843,"Taucorr":-3.2085445411667024e-14},"EnergyVariance":{"Mean":0.031997918834547355,"Sigma":0.03173777315296614,"Taucorr":0.0},"Iteration":47},
{"Acceptance":[0.0002828854314002829],"Energy":{"Mean":-727.0080645161291,"Sigma":0.008064516129033875,"Taucorr":1.4788170688007085e-13},"EnergyVariance":{"Mean":0.007999479708636837,"Sigma":0.007934443288239699,"Taucorr":-2.220446049250313e-16},"Iteration":48},
{"Acceptance":[0.0004243281471004243],"Energy":{"Mean":-727.0241935483872,"Sigma":0.01779074420190635,"Taucorr":0.3245179063360213},"EnergyVariance":{"Mean":0.02360822060353798,"Sigma":0.016929901740521947,"Taucorr":0.324517906336088},"Iteration":49},
{"Acceptance":[0.0002828854314002829],"Energy":{"Mean":-727.0241935483872,"Sigma":0.024193548387097977,"Taucorr":1.024793388429869},"EnergyVariance":{"Mean":0.023608220603537986,"Sigma":0.02302289281997475,"Taucorr":1.0247933884297518},"Iteration":50},
{"Acceptance":[0.0002828854314002829],"Energy":{"Mean":-727.0,"Sigma":0.0,"Taucorr":null},"EnergyVariance":{"Mean":0.0,"Sigma":0.0,"Taucorr":null},"Iteration":51},
{"Acceptance":[0.0008486562942008486],"Energy":{"Mean":-726.983870967742,"Sigma":0.01612903225806475,"Taucorr":1.4654943925052066e-14},"EnergyVariance":{"Mean":0.031997918834547355,"Sigma":0.03173777315296614,"Taucorr":0.0},"Iteration":52},
{"Acceptance":[0.0008486562942008486],"Energy":{"Mean":-726.9838709677418,"Sigma":0.02575599906882489,"Taucorr":0.0075242718446629775},"EnergyVariance":{"Mean":0.08038501560874091,"Sigma":0.04484356216719703,"Taucorr":-0.025380851461699938},"Iteration":53},
{"Acceptance":[0.0002828854314002829],"Energy":{"Mean":-727.0080645161291,"Sigma":0.008064516129033875,"Taucorr":1.6298074001497298e-13},"EnergyVariance":{"Mean":0.007999479708636837,"Sigma":0.007934443288239699,"Taucorr":-2.220446049250313e-16},"Iteration":54},
{"Acceptance":[0.0],"Energy":{"Mean":-727.0,"Sigma":0.0,"Taucorr":null},"EnergyVariance":{"Mean":0.0,"Sigma":0.0,"Taucorr":null},"Iteration":55},
{"Acceptance":[0.00014144271570014144],"Energy":{"Mean":-727.0,"Sigma":0.0,"Taucorr":null},"EnergyVariance":{"Mean":0.0,"Sigma":0.0,"Taucorr":null},"Iteration":56},
{"Acceptance":[0.00014144271570014144],"Energy":{"Mean":-727.0,"Sigma":0.0,"Taucorr":null},"EnergyVariance":{"Mean":0.0,"Sigma":0.0,"Taucorr":null},"Iteration":57},
{"Acceptance":[0.0009900990099009901],"Energy":{"Mean":-727.0483870967745,"Sigma":0.033639763894535095,"Taucorr":-0.012704918032878543},"EnergyVariance":{"Mean":0.14281997918834546,"Sigma":0.12583222684893872,"Taucorr":-0.0029862203777898944},"Iteration":58},
{"Acceptance":[0.0004243281471004243],"Energy":{"Mean":-727.008064516129,"Sigma":0.008064516129032381,"Taucorr":1.532107773982716e-14},"EnergyVariance":{"Mean":0.007999479708636837,"Sigma":0.007934443288241532,"Taucorr":-2.220446049250313e-16},"Iteration":59},
{"Acceptance":[0.0007072135785007072],"Energy":{"Mean":-727.0322580645162,"Sigma":0.032258064516133944,"Taucorr":1.13464793116691e-13},"EnergyVariance":{"Mean":0.1279916753381893,"Sigma":0.1269510926118572,"Taucorr":0.0},"Iteration":60},
{"Acceptance":[0.0009900990099009901],"Energy":{"Mean":-727.0322580645161,"Sigma":0.015301343516944057,"Taucorr":-0.0387499999999959},"EnergyVariance":{"Mean":0.031217481789802284,"Sigma":0.014314160064238617,"Taucorr":-0.038750000000000284},"Iteration":61},
{"Acceptance":[0.0018387553041018388],"Energy":{"Mean":-727.0483870967741,"Sigma":0.04697768121230478,"Taucorr":0.4503187613844152},"EnergyVariance":{"Mean":0.14281997918834546,"Sigma":0.07110868587073513,"Taucorr":0.4431945744453639},"Iteration":62},
{"Acceptance":[0.006294200848656294],"Energy":{"Mean":-727.766129032258,"Sigma":0.05904195231523619,"Taucorr":-0.009683177153055722},"EnergyVariance":{"Mean":0.4372398543184182,"Sigma":0.16743453828885346,"Taucorr":0.00944634892423668},"Iteration":63},
{"Acceptance":[0.001272984441301273],"Energy":{"Mean":-728.2258064516129,"Sigma":0.10063964694019688,"Taucorr":0.23089133089135838},"EnergyVariance":{"Mean":0.8522372528616028,"Sigma":0.35710842462649156,"Taucorr":0.23089133089133052},"Iteration":64},
{"Acceptance":[0.0004950495049504951],"Energy":{"Mean":-731.9516129032259,"Sigma":0.035581488403815455,"Taucorr":-0.010147299509005392},"EnergyVariance":{"Mean":0.15894901144641005,"Sigma":0.12860054719873595,"Taucorr":-0.005821639123296751},"Iteration":65},
{"Acceptance":[0.0002828854314002829],"Energy":{"Mean":-731.9677419354838,"Sigma":0.022426509263026737,"Taucorr":-0.012704918032768908},"EnergyVariance":{"Mean":0.06347554630593132,"Sigma":0.04340614696069177,"Taucorr":-0.012704918032786894},"Iteration":66},
{"Acceptance":[0.0004243281471004243],"Energy":{"Mean":-731.9919354838709,"Sigma":0.008064516129033495,"Taucorr":1.2967404927621828e-13},"EnergyVariance":{"Mean":0.007999479708636839,"Sigma":0.007934443288239699,"Taucorr":-2.220446049250313e-16},"Iteration":67},
{"Acceptance":[0.0004243281471004243],"Energy":{"Mean":-731.9435483870969,"Sigma":0.039672173794350056,"Taucorr":0.1451235370611037},"EnergyVariance":{"Mean":0.15003902185223722,"Sigma":0.12650658744841173,"Taucorr":0.005493530806885749},"Iteration":68},
{"Acceptance":[0.0002828854314002829],"Energy":{"Mean":-731.9354838709676,"Sigma":0.06451612903225984,"Taucorr":1.84297022087776e-14},"EnergyVariance":{"Mean":0.5119667013527573,"Sigma":0.5078043704474288,"Taucorr":0.0},"Iteration":69},
{"Acceptance":[0.0],"Energy":{"Mean":-732.0,"Sigma":0.0,"Taucorr":null},"EnergyVariance":{"Mean":0.0,"Sigma":0.0,"Taucorr":null},"Iteration":70},
{"Acceptance":[0.0],"Energy":{"Mean":-732.0,"Sigma":0.0,"Taucorr":null},"EnergyVariance":{"Mean":0.0,"Sigma":0.0,"Taucorr":null},"Iteration":71},
{"Acceptance":[0.00014144271570014144],"Energy":{"Mean":-732.0,"Sigma":0.0,"Taucorr":null},"EnergyVariance":{"Mean":0.0,"Sigma":0.0,"Taucorr":null},"Iteration":72},
{"Acceptance":[0.00014144271570014144],"Energy":{"Mean":-731.9032258064517,"Sigma":0.09677419354838647,"Taucorr":-3.9968028886505635e-15},"EnergyVariance":{"Mean":1.1519250780437043,"Sigma":1.1425598335067808,"Taucorr":0.0},"Iteration":73},
{"Acceptance":[0.0],"Energy":{"Mean":-732.0,"Sigma":0.0,"Taucorr":null},"EnergyVariance":{"Mean":0.0,"Sigma":0.0,"Taucorr":null},"Iteration":74},
{"Acceptance":[0.0002828854314002829],"Energy":{"Mean":-731.9919354838709,"Sigma":0.00806451612903253,"Taucorr":1.4432899320127035e-14},"EnergyVariance":{"Mean":0.007999479708636837,"Sigma":0.007934443288239699,"Taucorr":-2.220446049250313e-16},"Iteration":75},
{"Acceptance":[0.0002828854314002829],"Energy":{"Mean":-731.9758064516128,"Sigma":0.02419354838709789,"Taucorr":3.68594044175552e-14},"EnergyVariance":{"Mean":0.07199531737773154,"Sigma":0.07140998959416829,"Taucorr":-2.220446049250313e-16},"Iteration":76},
{"Acceptance":[0.00014144271570014144],"Energy":{"Mean":-731.9919354838709,"Sigma":0.00806451612903539,"Taucorr":2.744471316873387e-13},"EnergyVariance":{"Mean":0.007999479708636839,"Sigma":0.0079344432882397,"Taucorr":0.0},"Iteration":77},
{"Acceptance":[0.0002828854314002829],"Energy":{"Mean":-731.9596774193546,"Sigma":0.04032258064516192,"Taucorr":1.2656542480726785e-14},"EnergyVariance":{"Mean":0.1999869927159209,"Sigma":0.19836108220602,"Taucorr":2.220446049250313e-16},"Iteration":78},
{"Acceptance":[0.0002828854314002829],"Energy":{"Mean":-732.0,"Sigma":0.0,"Taucorr":null},"EnergyVariance":{"Mean":0.0,"Sigma":0.0,"Taucorr":null},"Iteration":79},
{"Acceptance":[0.0],"Energy":{"Mean":-732.0,"Sigma":0.0,"Taucorr":null},"EnergyVariance":{"Mean":0.0,"Sigma":0.0,"Taucorr":null},"Iteration":80},
{"Acceptance":[0.0],"Energy":{"Mean":-732.0,"Sigma":0.0,"Taucorr":null},"EnergyVariance":{"Mean":0.0,"Sigma":0.0,"Taucorr":null},"Iteration":81},
{"Acceptance":[0.00014144271570014144],"Energy":{"Mean":-732.0,"Sigma":0.0,"Taucorr":null},"EnergyVariance":{"Mean":0.0,"Sigma":0.0,"Taucorr":null},"Iteration":82},
{"Acceptance":[0.0004243281471004243],"Energy":{"Mean":-731.9919354838709,"Sigma":0.008064516129032756,"Taucorr":1.1546319456101628e-14},"EnergyVariance":{"Mean":0.007999479708636837,"Sigma":0.007934443288239699,"Taucorr":-2.220446049250313e-16},"Iteration":83},
{"Acceptance":[0.0],"Energy":{"Mean":-732.0,"Sigma":0.0,"Taucorr":null},"EnergyVariance":{"Mean":0.0,"Sigma":0.0,"Taucorr":null},"Iteration":84},
{"Acceptance":[0.00014144271570014144],"Energy":{"Mean":-732.0,"Sigma":0.0,"Taucorr":null},"EnergyVariance":{"Mean":0.0,"Sigma":0.0,"Taucorr":null},"Iteration":85},
{"Acceptance":[0.0002828854314002829],"Energy":{"Mean":-731.983870967742,"Sigma":0.016129032258065477,"Taucorr":0.5081967213115384},"EnergyVariance":{"Mean":0.015868886576482832,"Sigma":0.015608740894901618,"Taucorr":0.5081967213114753},"Iteration":86},
{"Acceptance":[0.0002828854314002829],"Energy":{"Mean":-732.0,"Sigma":0.0,"Taucorr":null},"EnergyVariance":{"Mean":0.0,"Sigma":0.0,"Taucorr":null},"Iteration":87},
{"Acceptance":[0.00014144271570014144],"Energy":{"Mean":-731.9596774193549,"Sigma":0.0403225806451619,"Taucorr":1.7985612998927536e-14},"EnergyVariance":{"Mean":0.19998699271592094,"Sigma":0.19836108220603835,"Taucorr":2.220446049250313e-16},"Iteration":88},
{"Acceptance":[0.00014144271570014144],"Energy":{"Mean":-731.983870967742,"Sigma":0.016129032258065477,"Taucorr":4.551914400963142e-14},"EnergyVariance":{"Mean":0.031997918834547355,"Sigma":0.03173777315296614,"Taucorr":0.0},"Iteration":89},
{"Acceptance":[0.0],"Energy":{"Mean":-732.0,"Sigma":0.0,"Taucorr":null},"EnergyVariance":{"Mean":0.0,"Sigma":0.0,"Taucorr":null},"Iteration":90},
{"Acceptance":[0.0],"Energy":{"Mean":-732.0,"Sigma":0.0,"Taucorr":null},"EnergyVariance":{"Mean":0.0,"Sigma":0.0,"Taucorr":null},"Iteration":91},
{"Acceptance":[0.0],"Energy":{"Mean":-732.0,"Sigma":0.0,"Taucorr":null},"EnergyVariance":{"Mean":0.0,"Sigma":0.0,"Taucorr":null},"Iteration":92},
{"Acceptance":[0.0],"Energy":{"Mean":-732.0,"Sigma":0.0,"Taucorr":null},"EnergyVariance":{"Mean":0.0,"Sigma":0.0,"Taucorr":null},"Iteration":93},
{"Acceptance":[0.0],"Energy":{"Mean":-732.0,"Sigma":0.0,"Taucorr":null},"EnergyVariance":{"Mean":0.0,"Sigma":0.0,"Taucorr":null},"Iteration":94},
{"Acceptance":[0.0],"Energy":{"Mean":-732.0,"Sigma":0.0,"Taucorr":null},"EnergyVariance":{"Mean":0.0,"Sigma":0.0,"Taucorr":null},"Iteration":95},
{"Acceptance":[0.00014144271570014144],"Energy":{"Mean":-731.9677419354838,"Sigma":0.03225806451612999,"Taucorr":0.5081967213114986},"EnergyVariance":{"Mean":0.06347554630593132,"Sigma":0.06243496357959914,"Taucorr":0.5081967213114753},"Iteration":96},
{"Acceptance":[0.0005657708628005657],"Energy":{"Mean":-732.0241935483872,"Sigma":0.02419354838709693,"Taucorr":-1.3322676295501878e-15},"EnergyVariance":{"Mean":0.07199531737773154,"Sigma":0.07140998959416829,"Taucorr":-2.220446049250313e-16},"Iteration":97},
{"Acceptance":[0.0002828854314002829],"Energy":{"Mean":-731.983870967742,"Sigma":0.016129032258065012,"Taucorr":1.0880185641326534e-14},"EnergyVariance":{"Mean":0.031997918834547355,"Sigma":0.03173777315296613,"Taucorr":0.0},"Iteration":98},
{"Acceptance":[0.0],"Energy":{"Mean":-732.0,"Sigma":0.0,"Taucorr":null},"EnergyVariance":{"Mean":0.0,"Sigma":0.0,"Taucorr":null},"Iteration":99} 
]}