{"Output": [
{"Acceptance":[0.00021321961620469082],"Energy":{"Mean":-2546.0,"Sigma":0.0,"Taucorr":null},"EnergyVariance":{"Mean":0.0,"Sigma":0.0,"Taucorr":null},"Iteration":0},
{"Acceptance":[7.107320540156361e-05],"Energy":{"Mean":-2546.0,"Sigma":0.0,"Taucorr":null},"EnergyVariance":{"Mean":0.0,"Sigma":0.0,"Taucorr":null},"Iteration":1},
{"Acceptance":[0.00028429282160625445],"Energy":{"Mean":-2546.048387096774,"Sigma":0.033639763894543366,"Taucorr":-0.012704918032699186},"EnergyVariance":{"Mean":0.14281997918834546,"Sigma":0.09766383066156796,"Taucorr":-0.01270491803278645},"Iteration":2},
{"Acceptance":[0.00021321961620469082],"Energy":{"Mean":-2546.0,"Sigma":0.0,"Taucorr":null},"EnergyVariance":{"Mean":0.0,"Sigma":0.0,"Taucorr":null},"Iteration":3},
{"Acceptance":[0.00028429282160625445],"Energy":{"Mean":-2545.790322580645,"Sigma":0.1664367126780992,"Taucorr":-0.09727415288109853},"EnergyVariance":{"Mean":4.23022892819979,"Sigma":2.850720915136909,"Taucorr":0.006614728302236195},"Iteration":4},
{"Acceptance":[0.00511727078891258],"Energy":{"Mean":-2547.483870967742,"Sigma":0.1746484502234436,"Taucorr":0.27804003021144563},"EnergyVariance":{"Mean":2.411030176899064,"Sigma":0.16327556221948747,"Taucorr":0.5083255043512662},"Iteration":5},
{"Acceptance":[0.0006751954513148543],"Energy":{"Mean":-2549.3629032258063,"Sigma":0.13210389650866827,"Taucorr":0.1377777777778193},"EnergyVariance":{"Mean":1.6828173777315294,"Sigma":0.5646376221741491,"Taucorr":0.13777777777777767},"Iteration":6},
{"Acceptance":[0.00017768301350390902],"Energy":{"Mean":-2554.016129032258,"Sigma":0.01612903225806331,"Taucorr":-1.0647038806155251e-13},"EnergyVariance":{"Mean":0.031997918834547355,"Sigma":0.03173777315296614,"Taucorr":0.0},"Iteration":7},
{"Acceptance":[0.00014214641080312722],"Energy":{"Mean":-2553.870967741935,"Sigma":0.1290322580645167,"Taucorr":0.5081967213114387},"EnergyVariance":{"Mean":1.0156087408949013,"Sigma":0.9989594172735862,"Taucorr":0.5081967213114753},"Iteration":8},
{"Acceptance":[0.00021321961620469082],"Energy":{"Mean":-2554.016129032258,"Sigma":0.01612903225806758,"Taucorr":1.8096635301390052e-13},"EnergyVariance":{"Mean":0.031997918834547355,"Sigma":0.03173777315296614,"Taucorr":0.0},"Iteration":9},
{"Acceptance":[7.107320540156361e-05],"Energy":{"Mean":-2554.016129032258,"Sigma":0.01612903225806331,"Taucorr":-1.0647038806155251e-13},"EnergyVariance":{"Mean":0.031997918834547355,"Sigma":0.03173777315296613,"Taucorr":-2.220446049250313e-16},"Iteration":10},
{"Acceptance":[0.0007818052594171997],"Energy":{"Mean":-2554.0483870967746,"Sigma":0.026989033114000954,"Taucorr":-0.025619834710796263},"EnergyVariance":{"Mean":0.09443288241415193,"Sigma":0.0513662243137244,"Taucorr":-0.025619834710743805},"Iteration":11},
{"Acceptance":[0.0036247334754797443],"Energy":{"Mean":-2555.3548387096766,"Sigma":0.10674446521144162,"Taucorr":0.30169642857136647},"EnergyVariance":{"Mean":0.8740894901144641,"Sigma":0.07575413660150615,"Taucorr":0.30169642857142887},"Iteration":12},
{"Acceptance":[0.00010660980810234541],"Energy":{"Mean":-2556.0,"Sigma":0.0,"Taucorr":null},"EnergyVariance":{"Mean":0.0,"Sigma":0.0,"Taucorr":null},"Iteration":13},
{"Acceptance":[0.0],"Energy":{"Mean":-2556.0,"Sigma":0.0,"Taucorr":null},"EnergyVariance":{"Mean":0.0,"Sigma":0.0,"Taucorr":null},"Iteration":14},
{"Acceptance":[0.0],"Energy":{"Mean":-2556.0,"Sigma":0.0,"Taucorr":null},"EnergyVariance":{"Mean":0.0,"Sigma":0.0,"Taucorr":null},"Iteration":15},
{"Acceptance":[0.00014214641080312722],"Energy":{"Mean":-2556.0,"Sigma":0.0,"Taucorr":null},"EnergyVariance":{"Mean":0.0,"Sigma":0.0,"Taucorr":null},"Iteration":16},
{"Acceptance":[0.00014214641080312722],"Energy":{"Mean":-2556.0,"Sigma":0.0,"Taucorr":null},"EnergyVariance":{"Mean":0.0,"Sigma":0.0,"Taucorr":null},"Iteration":17},
{"Acceptance":[0.00021321961620469082],"Energy":{"Mean":-2555.9596774193546,"Sigma":0.06965426736029914,"Taucorr":0.008241940844256002},"EnergyVariance":{"Mean":0.5870837669094692,"Sigma":0.5138694365924128,"Taucorr":-0.0036083183680160613},"Iteration":18},
{"Acceptance":[0.00035536602700781805],"Energy":{"Mean":-2556.0725806451615,"Sigma":0.05337223260572074,"Taucorr":0.32451790633598676},"EnergyVariance":{"Mean":0.21247398543184182,"Sigma":0.15236911566470965,"Taucorr":0.324517906336088},"Iteration":19},
{"Acceptance":[0.0008173418621179816],"Energy":{"Mean":-2558.8306451612893,"Sigma":0.06698890212030785,"Taucorr":0.07570207570209198},"EnergyVariance":{"Mean":0.4793834547346515,"Sigma":0.17827691693294356,"Taucorr":0.07570207570207577},"Iteration":20},
{"Acceptance":[0.0],"Energy":{"Mean":-2559.0,"Sigma":0.0,"Taucorr":null},"EnergyVariance":{"Mean":0.0,"Sigma":0.0,"Taucorr":null},"Iteration":21},
{"Acceptance":[0.0],"Energy":{"Mean":-2559.0,"Sigma":0.0,"Taucorr":null},"EnergyVariance":{"Mean":0.0,"Sigma":0.0,"Taucorr":null},"Iteration":22},
{"Acceptance":[0.00014214641080312722],"Energy":{"Mean":-2558.9112903225796,"Sigma":0.08870967741936385,"Taucorr":7.904787935331115e-14},"EnergyVariance":{"Mean":0.967937044745057,"Sigma":0.9600676378770239,"Taucorr":2.220446049250313e-16},"Iteration":23},
{"Acceptance":[0.0],"Energy":{"Mean":-2559.0,"Sigma":0.0,"Taucorr":null},"EnergyVariance":{"Mean":0.0,"Sigma":0.0,"Taucorr":null},"Iteration":24},
{"Acceptance":[7.107320540156361e-05],"Energy":{"Mean":-2559.040322580646,"Sigma":0.04032258064518041,"Taucorr":3.4994229736184934e-13},"EnergyVariance":{"Mean":0.19998699271592085,"Sigma":0.19836108220598334,"Taucorr":-1.1102230246251565e-16},"Iteration":25},
{"Acceptance":[0.00014214641080312722],"Energy":{"Mean":-2559.0403225806454,"Sigma":0.04032258064516016,"Taucorr":-2.7755575615628914e-14},"EnergyVariance":{"Mean":0.1999869927159209,"Sigma":0.19836108220602,"Taucorr":2.220446049250313e-16},"Iteration":26},
{"Acceptance":[0.0014214641080312722],"Energy":{"Mean":-2559.927419354839,"Sigma":0.23163559058623287,"Taucorr":0.37365475678012017},"EnergyVariance":{"Mean":3.7769901144640996,"Sigma":0.728531292972624,"Taucorr":0.3736547567800259},"Iteration":27},
{"Acceptance":[0.0010305614783226724],"Energy":{"Mean":-2563.58064516129,"Sigma":0.20093434196638216,"Taucorr":0.47995893223799746},"EnergyVariance":{"Mean":2.5338189386056196,"Sigma":1.3028762841982964,"Taucorr":0.477811060903347},"Iteration":28},
{"Acceptance":[0.00028429282160625445],"Energy":{"Mean":-2563.9677419354834,"Sigma":0.0322580645161355,"Taucorr":1.6298074001497298e-13},"EnergyVariance":{"Mean":0.1279916753381894,"Sigma":0.12695109261183518,"Taucorr":-2.220446049250313e-16},"Iteration":29},
{"Acceptance":[0.00014214641080312722],"Energy":{"Mean":-2564.0725806451624,"Sigma":0.07258064516131274,"Taucorr":2.4424906541753444e-13},"EnergyVariance":{"Mean":0.6479578563995838,"Sigma":0.6426899063473992,"Taucorr":0.0},"Iteration":30},
{"Acceptance":[0.0015636105188343995],"Energy":{"Mean":-2571.233870967742,"Sigma":0.4152560234799969,"Taucorr":0.31162478161537743},"EnergyVariance":{"Mean":13.066272112382935,"Sigma":2.3173460344539847,"Taucorr":0.2618647839854339},"Iteration":31},
{"Acceptance":[0.0002487562189054726],"Energy":{"Mean":-2573.0,"Sigma":0.0,"Taucorr":null},"EnergyVariance":{"Mean":0.0,"Sigma":0.0,"Taucorr":null},"Iteration":32},
{"Acceptance":[0.00014214641080312722],"Energy":{"Mean":-2573.0,"Sigma":0.0,"Taucorr":null},"EnergyVariance":{"Mean":0.0,"Sigma":0.0,"Taucorr":null},"Iteration":33},
{"Acceptance":[7.107320540156361e-05],"Energy":{"Mean":-2573.0,"Sigma":0.0,"Taucorr":null},"EnergyVariance":{"Mean":0.0,"Sigma":0.0,"Taucorr":null},"Iteration":34},
{"Acceptance":[0.0],"Energy":{"Mean":-2573.0,"Sigma":0.0,"Taucorr":null},"EnergyVariance":{"Mean":0.0,"Sigma":0.0,"Taucorr":null},"Iteration":35},
{"Acceptance":[0.00014214641080312722],"Energy":{"Mean":-2573.016129032258,"Sigma":0.016129032258064762,"Taucorr":4.39648317751562e-14},"EnergyVariance":{"Mean":0.03199791883454735,"Sigma":0.03173777315296613,"Taucorr":-2.220446049250313e-16},"Iteration":36},
{"Acceptance":[0.0],"Energy":{"Mean":-2573.0,"Sigma":0.0,"Taucorr":null},"EnergyVariance":{"Mean":0.0,"Sigma":0.0,"Taucorr":null},"Iteration":37},
{"Acceptance":[0.00014214641080312722],"Energy":{"Mean":-2572.951612903226,"Sigma":0.035581488403814004,"Taucorr":0.32451790633610933},"EnergyVariance":{"Mean":0.09443288241415193,"Sigma":0.06771960696210397,"Taucorr":0.3245179063360877},"Iteration":38},
{"Acceptance":[7.107320540156361e-05],"Energy":{"Mean":-2572.9596774193546,"Sigma":0.04032258064516491,"Taucorr":7.971401316808624e-14},"EnergyVariance":{"Mean":0.1999869927159209,"Sigma":0.19836108220602,"Taucorr":2.220446049250313e-16},"Iteration":39},
{"Acceptance":[0.00021321961620469082],"Energy":{"Mean":-2573.0,"Sigma":0.0,"Taucorr":null},"EnergyVariance":{"Mean":0.0,"Sigma":0.0,"Taucorr":null},"Iteration":40},
{"Acceptance":[0.00014214641080312722],"Energy":{"Mean":-2573.0,"Sigma":0.0,"Taucorr":null},"EnergyVariance":{"Mean":0.0,"Sigma":0.0,"Taucorr":null},"Iteration":41},
{"Acceptance":[7.107320540156361e-05],"Energy":{"Mean":-2573.0,"Sigma":0.0,"Taucorr":null},"EnergyVariance":{"Mean":0.0,"Sigma":0.0,"Taucorr":null},"Iteration":42},
{"Acceptance":[0.00014214641080312722],"Energy":{"Mean":-2572.935483870968,"Sigma":0.06451612903226099,"Taucorr":5.5067062021407764e-14},"EnergyVariance":{"Mean":0.5119667013527576,"Sigma":0.5078043704474582,"Taucorr":0.0},"Iteration":43},
{"Acceptance":[7.107320540156361e-05],"Energy":{"Mean":-2573.0,"Sigma":0.0,"Taucorr":null},"EnergyVariance":{"Mean":0.0,"Sigma":0.0,"Taucorr":null},"Iteration":44},
{"Acceptance":[7.107320540156361e-05],"Energy":{"Mean":-2573.0,"Sigma":0.0,"Taucorr":null},"EnergyVariance":{"Mean":0.0,"Sigma":0.0,"Taucorr":null},"Iteration":45},
{"Acceptance":[0.0],"Energy":{"Mean":-2573.0,"Sigma":0.0,"Taucorr":null},"EnergyVariance":{"Mean":0.0,"Sigma":0.0,"Taucorr":null},"Iteration":46},
{"Acceptance":[0.0],"Energy":{"Mean":-2573.0,"Sigma":0.0,"Taucorr":null},"EnergyVariance":{"Mean":0.0,"Sigma":0.0,"Taucorr":null},"Iteration":47},
{"Acceptance":[7.107320540156361e-05],"Energy":{"Mean":-2573.0,"Sigma":0.0,"Taucorr":null},"EnergyVariance":{"Mean":0.0,"Sigma":0.0,"Taucorr":null},"Iteration":48},
{"Acceptance":[0.0],"Energy":{"Mean":-2573.0,"Sigma":0.0,"Taucorr":null},"EnergyVariance":{"Mean":0.0,"Sigma":0.0,"Taucorr":null},"Iteration":49},
{"Acceptance":[0.0],"Energy":{"Mean":-2573.0,"Sigma":0.0,"Taucorr":null},"EnergyVariance":{"Mean":0.0,"Sigma":0.0,"Taucorr":null},"Iteration":50},
{"Acceptance":[0.0],"Energy":{"Mean":-2573.0,"Sigma":0.0,"Taucorr":null},"EnergyVariance":{"Mean":0.0,"Sigma":0.0,"Taucorr":null},"Iteration":51},
{"Acceptance":[0.00014214641080312722],"Energy":{"Mean":-2573.064516129032,"Sigma":0.06451612903226575,"Taucorr":1.550000000000208},"EnergyVariance":{"Mean":0.12486992715920914,"Sigma":0.12070759625390977,"Taucorr":1.5500000000000003},"Iteration":52},
{"Acceptance":[0.002416488983653163],"Energy":{"Mean":-2573.5322580645156,"Sigma":0.09256059878130156,"Taucorr":0.1744588744586565},"EnergyVariance":{"Mean":0.7812174817898023,"Sigma":0.08658894724713269,"Taucorr":0.17445887445887487},"Iteration":53},
{"Acceptance":[0.00010660980810234541],"Energy":{"Mean":-2575.0,"Sigma":0.0,"Taucorr":null},"EnergyVariance":{"Mean":0.0,"Sigma":0.0,"Taucorr":null},"Iteration":54},
{"Acceptance":[7.107320540156361e-05],"Energy":{"Mean":-2575.0,"Sigma":0.0,"Taucorr":null},"EnergyVariance":{"Mean":0.0,"Sigma":0.0,"Taucorr":null},"Iteration":55},
{"Acceptance":[7.107320540156361e-05],"Energy":{"Mean":-2575.0,"Sigma":0.0,"Taucorr":null},"EnergyVariance":{"Mean":0.0,"Sigma":0.0,"Taucorr":null},"Iteration":56},
{"Acceptance":[0.0],"Energy":{"Mean":-2575.0,"Sigma":0.0,"Taucorr":null},"EnergyVariance":{"Mean":0.0,"Sigma":0.0,"Taucorr":null},"Iteration":57},
{"Acceptance":[7.107320540156361e-05],"Energy":{"Mean":-2574.983870967742,"Sigma":0.01612903225806612,"Taucorr":1.0902390101819037e-13},"EnergyVariance":{"Mean":0.03199791883454735,"Sigma":0.03173777315296614,"Taucorr":0.0},"Iteration":58},
{"Acceptance":[0.0],"Energy":{"Mean":-2575.0,"Sigma":0.0,"Taucorr":null},"EnergyVariance":{"Mean":0.0,"Sigma":0.0,"Taucorr":null},"Iteration":59},
{"Acceptance":[0.0],"Energy":{"Mean":-2575.0,"Sigma":0.0,"Taucorr":null},"EnergyVariance":{"Mean":0.0,"Sigma":0.0,"Taucorr":null},"Iteration":60},
{"Acceptance":[7.107320540156361e-05],"Energy":{"Mean":-2574.983870967742,"Sigma":0.016129032258067055,"Taucorr":1.2079226507921703e-13},"EnergyVariance":{"Mean":0.031997918834547355,"Sigma":0.03173777315296614,"Taucorr":0.0},"Iteration":61},
{"Acceptance":[7.107320540156361e-05],"Energy":{"Mean":-2575.0,"Sigma":0.0,"Taucorr":null},"EnergyVariance":{"Mean":0.0,"Sigma":0.0,"Taucorr":null},"Iteration":62},
{"Acceptance":[7.107320540156361e-05],"Energy":{"Mean":-2575.0,"Sigma":0.0,"Taucorr":null},"EnergyVariance":{"Mean":0.0,"Sigma":0.0,"Taucorr":null},"Iteration":63},
{"Acceptance":[0.00014214641080312722],"Energy":{"Mean":-2575.0,"Sigma":0.0,"Taucorr":null},"EnergyVariance":{"Mean":0.0,"Sigma":0.0,"Taucorr":null},"Iteration":64},
{"Acceptance":[0.0],"Energy":{"Mean":-2575.0,"Sigma":0.0,"Taucorr":null},"EnergyVariance":{"Mean":0.0,"Sigma":0.0,"Taucorr":null},"Iteration":65},
{"Acceptance":[0.0],"Energy":{"Mean":-2575.0,"Sigma":0.0,"Taucorr":null},"EnergyVariance":{"Mean":0.0,"Sigma":0.0,"Taucorr":null},"Iteration":66},
{"Acceptance":[7.107320540156361e-05],"Energy":{"Mean":-2575.0,"Sigma":0.0,"Taucorr":null},"EnergyVariance":{"Mean":0.0,"Sigma":0.0,"Taucorr":null},"Iteration":67},
{"Acceptance":[0.00021321961620469082],"Energy":{"Mean":-2574.9758064516122,"Sigma":0.024193548387098276,"Taucorr":8.104628079763643e-14},"EnergyVariance":{"Mean":0.07199531737773153,"Sigma":0.07140998959414081,"Taucorr":0.0},"Iteration":68},
{"Acceptance":[0.0],"Energy":{"Mean":-2575.0,"Sigma":0.0,"Taucorr":null},"EnergyVariance":{"Mean":0.0,"Sigma":0.0,"Taucorr":null},"Iteration":69},
{"Acceptance":[7.107320540156361e-05],"Energy":{"Mean":-2575.0,"Sigma":0.0,"Taucorr":null},"EnergyVariance":{"Mean":0.0,"Sigma":0.0,"Taucorr":null},"Iteration":70},
{"Acceptance":[0.0],"Energy":{"Mean":-2575.0,"Sigma":0.0,"Taucorr":null},"EnergyVariance":{"Mean":0.0,"Sigma":0.0,"Taucorr":null},"Iteration":71},
{"Acceptance":[7.107320540156361e-05],"Energy":{"Mean":-2574.951612903226,"Sigma":0.048387096774191375,"Taucorr":-2.3425705819590803e-14},"EnergyVariance":{"Mean":0.2879812695109261,"Sigma":0.2856399583766952,"Taucorr":-2.220446049250313e-16},"Iteration":72},
{"Acceptance":[0.0],"Energy":{"Mean":-2575.0,"Sigma":0.0,"Taucorr":null},"EnergyVariance":{"Mean":0.0,"Sigma":0.0,"Taucorr":null},"Iteration":73},
{"Acceptance":[0.00014214641080312722],"Energy":{"Mean":-2575.016129032258,"Sigma":0.01612903225806805,"Taucorr":0.5081967213117766},"EnergyVariance":{"Mean":0.01586888657648283,"Sigma":0.015608740894901618,"Taucorr":0.5081967213114755},"Iteration":74},
{"Acceptance":[0.0],"Energy":{"Mean":-2575.0,"Sigma":0.0,"Taucorr":null},"EnergyVariance":{"Mean":0.0,"Sigma":0.0,"Taucorr":null},"Iteration":75},
{"Acceptance":[0.00028429282160625445],"Energy":{"Mean":-2575.0,"Sigma":0.0,"Taucorr":null},"EnergyVariance":{"Mean":0.0,"Sigma":0.0,"Taucorr":null},"Iteration":76},
{"Acceptance":[7.107320540156361e-05],"Energy":{"Mean":-2575.0,"Sigma":0.0,"Taucorr":null},"EnergyVariance":{"Mean":0.0,"Sigma":0.0,"Taucorr":null},"Iteration":77},
{"Acceptance":[0.0],"Energy":{"Mean":-2575.0,"Sigma":0.0,"Taucorr":null},"EnergyVariance":{"Mean":0.0,"Sigma":0.0,"Taucorr":null},"Iteration":78},
{"Acceptance":[0.00021321961620469082],"Energy":{"Mean":-2574.9435483870966,"Sigma":0.05645161290322434,"Taucorr":-1.865174681370263e-14},"EnergyVariance":{"Mean":0.3919745057232048,"Sigma":0.3887877211238094,"Taucorr":2.220446049250313e-16},"Iteration":79},
{"Acceptance":[0.0],"Energy":{"Mean":-2575.0,"Sigma":0.0,"Taucorr":null},"EnergyVariance":{"Mean":0.0,"Sigma":0.0,"Taucorr":null},"Iteration":80},
{"Acceptance":[7.107320540156361e-05],"Energy":{"Mean":-2575.0,"Sigma":0.0,"Taucorr":null},"EnergyVariance":{"Mean":0.0,"Sigma":0.0,"Taucorr":null},"Iteration":81},
{"Acceptance":[0.0],"Energy":{"Mean":-2575.0,"Sigma":0.0,"Taucorr":null},"EnergyVariance":{"Mean":0.0,"Sigma":0.0,"Taucorr":null},"Iteration":82},
{"Acceptance":[7.107320540156361e-05],"Energy":{"Mean":-2574.9919354838707,"Sigma":0.008064516129055743,"Taucorr":2.1829205110179828e-12},"EnergyVariance":{"Mean":0.00799947970863684,"Sigma":0.007934443288237867,"Taucorr":0.0},"Iteration":83},
{"Acceptance":[7.107320540156361e-05],"Energy":{"Mean":-2575.0,"Sigma":0.0,"Taucorr":null},"EnergyVariance":{"Mean":0.0,"Sigma":0.0,"Taucorr":null},"Iteration":84},
{"Acceptance":[7.107320540156361e-05],"Energy":{"Mean":-2575.0,"Sigma":0.0,"Taucorr":null},"EnergyVariance":{"Mean":0.0,"Sigma":0.0,"Taucorr":null},"Iteration":85},
{"Acceptance":[0.00014214641080312722],"Energy":{"Mean":-2574.991935483871,"Sigma":0.008064516129033276,"Taucorr":1.1235457009206584e-13},"EnergyVariance":{"Mean":0.007999479708636837,"Sigma":0.007934443288245201,"Taucorr":0.0},"Iteration":86},
{"Acceptance":[7.107320540156361e-05],"Energy":{"Mean":-2575.0,"Sigma":0.0,"Taucorr":null},"EnergyVariance":{"Mean":0.0,"Sigma":0.0,"Taucorr":null},"Iteration":87},
{"Acceptance":[0.0],"Energy":{"Mean":-2575.0,"Sigma":0.0,"Taucorr":null},"EnergyVariance":{"Mean":0.0,"Sigma":0.0,"Taucorr":null},"Iteration":88},
{"Acceptance":[0.00021321961620469082],"Energy":{"Mean":-2575.0,"Sigma":0.0,"Taucorr":null},"EnergyVariance":{"Mean":0.0,"Sigma":0.0,"Taucorr":null},"Iteration":89},
{"Acceptance":[0.0],"Energy":{"Mean":-2575.0,"Sigma":0.0,"Taucorr":null},"EnergyVariance":{"Mean":0.0,"Sigma":0.0,"Taucorr":null},"Iteration":90},
{"Acceptance":[7.107320540156361e-05],"Energy":{"Mean":-2575.0,"Sigma":0.0,"Taucorr":null},"EnergyVariance":{"Mean":0.0,"Sigma":0.0,"Taucorr":null},"Iteration":91},
{"Acceptance":[0.0],"Energy":{"Mean":-2575.0,"Sigma":0.0,"Taucorr":null},"EnergyVariance":{"Mean":0.0,"Sigma":0.0,"Taucorr":null},"Iteration":92},
{"Acceptance":[7.107320540156361e-05],"Energy":{"Mean":-2575.0,"Sigma":0.0,"Taucorr":null},"EnergyVariance":{"Mean":0.0,"Sigma":0.0,"Taucorr":null},"Iteration":93},
{"Acceptance":[0.00035536602700781805],"Energy":{"Mean":-2575.0,"Sigma":0.0,"Taucorr":null},"EnergyVariance":{"Mean":0.0,"Sigma":0.0,"Taucorr":null},"Iteration":94},
{"Acceptance":[0.00021321961620469082],"Energy":{"Mean":-2575.0,"Sigma":0.0,"Taucorr":null},"EnergyVariance":{"Mean":0.0,"Sigma":0.0,"Taucorr":null},"Iteration":95},
{"Acceptance":[0.0],"Energy":{"Mean":-2575.0,"Sigma":0.0,"Taucorr":null},"EnergyVariance":{"Mean":0.0,"Sigma":0.0,"Taucorr":null},"Iteration":96},
{"Acceptance":[0.0],"Energy":{"Mean":-2575.0,"Sigma":0.0,"Taucorr":null},"EnergyVariance":{"Mean":0.0,"Sigma":0.0,"Taucorr":null},"Iteration":97},
{"Acceptance":[7.107320540156361e-05],"Energy":{"Mean":-2575.0,"Sigma":0.0,"Taucorr":null},"EnergyVariance":{"Mean":0.0,"Sigma":0.0,"Taucorr":null},"Iteration":98},
{"Acceptance":[0.00014214641080312722],"Energy":{"Mean":-2575.0,"Sigma":0.0,"Taucorr":null},"EnergyVariance":{"Mean":0.0,"Sigma":0.0,"Taucorr":null},"Iteration":99} 
]}