{"Output": [
{"Acceptance":[0.02315541601255887],"Energy":{"Mean":-593.4354838709678,"Sigma":0.2939734604032127,"Taucorr":0.2098043984296465},"EnergyVariance":{"Mean":7.48777315296566,"Sigma":1.364791308554222,"Taucorr":0.10547066639809632},"Iteration":0},
{"Acceptance":[0.023626373626373626],"Energy":{"Mean":-596.9274193548387,"Sigma":0.24489232557860396,"Taucorr":0.20978610495750083},"EnergyVariance":{"Mean":5.196344953173778,"Sigma":1.2172284512192308,"Taucorr":0.34541295604452205},"Iteration":1},
{"Acceptance":[0.012244897959183673],"Energy":{"Mean":-602.5725806451612,"Sigma":0.1292001595774,"Taucorr":0.4336369551073723},"EnergyVariance":{"Mean":1.09957075962539,"Sigma":0.40349781310355787,"Taucorr":0.3681623333893135},"Iteration":2},
{"Acceptance":[0.009576138147566719],"Energy":{"Mean":-602.8306451612902,"Sigma":0.11441006749809186,"Taucorr":0.788961782776197},"EnergyVariance":{"Mean":0.6245447450572321,"Sigma":0.4190186703590414,"Taucorr":0.801447069445339},"Iteration":3},
{"Acceptance":[0.011773940345368918],"Energy":{"Mean":-602.8548387096773,"Sigma":0.06218922039105761,"Taucorr":0.38338164251204154},"EnergyVariance":{"Mean":0.26925078043704487,"Sigma":0.10632350582986347,"Taucorr":0.38338164251207696},"Iteration":4},
{"Acceptance":[0.005337519623233909],"Energy":{"Mean":-602.9758064516128,"Sigma":0.017790744201907044,"Taucorr":-0.010147299509040197},"EnergyVariance":{"Mean":0.03973725286160249,"Sigma":0.03215013679968005,"Taucorr":-0.005821639123295974},"Iteration":5},
{"Acceptance":[0.003218210361067504],"Energy":{"Mean":-602.983870967742,"Sigma":0.016129032258063707,"Taucorr":-4.085620730620576e-14},"EnergyVariance":{"Mean":0.031997918834547355,"Sigma":0.03173777315296614,"Taucorr":0.0},"Iteration":6},
{"Acceptance":[0.0025902668759811617],"Energy":{"Mean":-602.9032258064517,"Sigma":0.0967741935483872,"Taucorr":0.5081967213114771},"EnergyVariance":{"Mean":0.5712799167533817,"Sigma":0.5619146722164581,"Taucorr":0.5081967213114755},"Iteration":7},
{"Acceptance":[0.003218210361067504],"Energy":{"Mean":-603.0,"Sigma":0.0,"Taucorr":null},"EnergyVariance":{"Mean":0.0,"Sigma":0.0,"Taucorr":null},"Iteration":8},
{"Acceptance":[0.003453689167974882],"Energy":{"Mean":-602.8467741935484,"Sigma":0.07920761761016934,"Taucorr":0.5380927384077452},"EnergyVariance":{"Mean":0.37168314255983353,"Sigma":0.20809679222509453,"Taucorr":0.3214502719256245},"Iteration":9},
{"Acceptance":[0.0033751962323390894],"Energy":{"Mean":-603.0,"Sigma":0.0,"Taucorr":null},"EnergyVariance":{"Mean":0.0,"Sigma":0.0,"Taucorr":null},"Iteration":10},
{"Acceptance":[0.004081632653061225],"Energy":{"Mean":-603.0,"Sigma":0.0,"Taucorr":null},"EnergyVariance":{"Mean":0.0,"Sigma":0.0,"Taucorr":null},"Iteration":11},
{"Acceptance":[0.004003139717425432],"Energy":{"Mean":-602.9596774193545,"Sigma":0.023465755744944503,"Taucorr":-0.02273143904663577},"EnergyVariance":{"Mean":0.07095473465140478,"Sigma":0.04332654540725392,"Taucorr":-0.01833237696907153},"Iteration":12},
{"Acceptance":[0.004081632653061225],"Energy":{"Mean":-603.0,"Sigma":0.0,"Taucorr":null},"EnergyVariance":{"Mean":0.0,"Sigma":0.0,"Taucorr":null},"Iteration":13},
{"Acceptance":[0.002904238618524333],"Energy":{"Mean":-602.9596774193546,"Sigma":0.04032258064516177,"Taucorr":8.659739592076221e-15},"EnergyVariance":{"Mean":0.1999869927159209,"Sigma":0.19836108220602,"Taucorr":2.220446049250313e-16},"Iteration":14},
{"Acceptance":[0.004552590266875981],"Energy":{"Mean":-603.0,"Sigma":0.0,"Taucorr":null},"EnergyVariance":{"Mean":0.0,"Sigma":0.0,"Taucorr":null},"Iteration":15},
{"Acceptance":[0.004866562009419153],"Energy":{"Mean":-602.9193548387096,"Sigma":0.05606627315756421,"Taucorr":-0.012704918032798052},"EnergyVariance":{"Mean":0.39672216441207075,"Sigma":0.27128841850434265,"Taucorr":-0.012704918032786783},"Iteration":16},
{"Acceptance":[0.0026687598116169543],"Energy":{"Mean":-603.0,"Sigma":0.0,"Taucorr":null},"EnergyVariance":{"Mean":0.0,"Sigma":0.0,"Taucorr":null},"Iteration":17},
{"Acceptance":[0.0012558869701726845],"Energy":{"Mean":-602.9516129032259,"Sigma":0.048387096774194255,"Taucorr":0.508196721311506},"EnergyVariance":{"Mean":0.14281997918834546,"Sigma":0.14047866805411455,"Taucorr":0.5081967213114749},"Iteration":18},
{"Acceptance":[0.0012558869701726845],"Energy":{"Mean":-603.0,"Sigma":0.0,"Taucorr":null},"EnergyVariance":{"Mean":0.0,"Sigma":0.0,"Taucorr":null},"Iteration":19},
{"Acceptance":[0.001098901098901099],"Energy":{"Mean":-603.0,"Sigma":0.0,"Taucorr":null},"EnergyVariance":{"Mean":0.0,"Sigma":0.0,"Taucorr":null},"Iteration":20},
{"Acceptance":[0.00141287284144427],"Energy":{"Mean":-602.9516129032259,"Sigma":0.04838709677419323,"Taucorr":0.5081967213114624},"EnergyVariance":{"Mean":0.14281997918834546,"Sigma":0.14047866805411455,"Taucorr":0.5081967213114749},"Iteration":21},
{"Acceptance":[0.0020408163265306124],"Energy":{"Mean":-602.9758064516127,"Sigma":0.01779074420190725,"Taucorr":-0.0101472995090367},"EnergyVariance":{"Mean":0.03973725286160249,"Sigma":0.03215013679967611,"Taucorr":-0.005821639123295086},"Iteration":22},
{"Acceptance":[0.0026687598116169543],"Energy":{"Mean":-602.8790322580646,"Sigma":0.0889537210095391,"Taucorr":0.32451790633608824},"EnergyVariance":{"Mean":0.5902055150884495,"Sigma":0.42324754351314975,"Taucorr":0.3245179063360877},"Iteration":23},
{"Acceptance":[0.002511773940345369],"Energy":{"Mean":-603.0,"Sigma":0.0,"Taucorr":null},"EnergyVariance":{"Mean":0.0,"Sigma":0.0,"Taucorr":null},"Iteration":24},
{"Acceptance":[0.0032967032967032967],"Energy":{"Mean":-602.9274193548388,"Sigma":0.07258064516128909,"Taucorr":-1.2101430968414206e-14},"EnergyVariance":{"Mean":0.6479578563995836,"Sigma":0.6426899063475641,"Taucorr":-2.220446049250313e-16},"Iteration":25},
{"Acceptance":[0.002197802197802198],"Energy":{"Mean":-603.0,"Sigma":0.0,"Taucorr":null},"EnergyVariance":{"Mean":0.0,"Sigma":0.0,"Taucorr":null},"Iteration":26},
{"Acceptance":[0.0033751962323390894],"Energy":{"Mean":-603.0,"Sigma":0.0,"Taucorr":null},"EnergyVariance":{"Mean":0.0,"Sigma":0.0,"Taucorr":null},"Iteration":27},
{"Acceptance":[0.003924646781789639],"Energy":{"Mean":-602.9354838709675,"Sigma":0.044853018526053653,"Taucorr":-0.012704918032762913},"EnergyVariance":{"Mean":0.2539021852237252,"Sigma":0.17362458784275683,"Taucorr":-0.012704918032787116},"Iteration":28},
{"Acceptance":[0.0033751962323390894],"Energy":{"Mean":-602.991935483871,"Sigma":0.008064516129032381,"Taucorr":8.881784197001252e-16},"EnergyVariance":{"Mean":0.007999479708636837,"Sigma":0.007934443288241532,"Taucorr":-2.220446049250313e-16},"Iteration":29},
{"Acceptance":[0.0025902668759811617],"Energy":{"Mean":-603.0,"Sigma":0.0,"Taucorr":null},"EnergyVariance":{"Mean":0.0,"Sigma":0.0,"Taucorr":null},"Iteration":30},
{"Acceptance":[0.0019623233908948193],"Energy":{"Mean":-602.9193548387096,"Sigma":0.08064516129032218,"Taucorr":-4.6629367034256575e-15},"EnergyVariance":{"Mean":0.7999479708636836,"Sigma":0.793444328824135,"Taucorr":-1.1102230246251565e-16},"Iteration":31},
{"Acceptance":[0.0015698587127158557],"Energy":{"Mean":-603.0,"Sigma":0.0,"Taucorr":null},"EnergyVariance":{"Mean":0.0,"Sigma":0.0,"Taucorr":null},"Iteration":32},
{"Acceptance":[0.0022762951334379905],"Energy":{"Mean":-602.8145161290321,"Sigma":0.1493569288504147,"Taucorr":0.8214621311783155},"EnergyVariance":{"Mean":1.0381763787721126,"Sigma":0.832077609543766,"Taucorr":0.8775351325100824},"Iteration":33},
{"Acceptance":[0.0038461538461538464],"Energy":{"Mean":-602.991935483871,"Sigma":0.008064516129032182,"Taucorr":-1.63202784619898e-14},"EnergyVariance":{"Mean":0.007999479708636839,"Sigma":0.007934443288241534,"Taucorr":0.0},"Iteration":34},
{"Acceptance":[0.0020408163265306124],"Energy":{"Mean":-603.0,"Sigma":0.0,"Taucorr":null},"EnergyVariance":{"Mean":0.0,"Sigma":0.0,"Taucorr":null},"Iteration":35},
{"Acceptance":[0.0020408163265306124],"Energy":{"Mean":-602.9112903225807,"Sigma":0.055051768277015106,"Taucorr":0.9423251132359745},"EnergyVariance":{"Mean":0.12922736732570236,"Sigma":0.09020442254500312,"Taucorr":0.9981576406884167},"Iteration":36},
{"Acceptance":[0.001726844583987441],"Energy":{"Mean":-603.0,"Sigma":0.0,"Taucorr":null},"EnergyVariance":{"Mean":0.0,"Sigma":0.0,"Taucorr":null},"Iteration":37},
{"Acceptance":[0.0036891679748822606],"Energy":{"Mean":-602.9354838709676,"Sigma":0.06451612903225841,"Taucorr":3.3306690738754696e-15},"EnergyVariance":{"Mean":0.5119667013527575,"Sigma":0.5078043704474288,"Taucorr":0.0},"Iteration":38},
{"Acceptance":[0.004709576138147566],"Energy":{"Mean":-603.0,"Sigma":0.0,"Taucorr":null},"EnergyVariance":{"Mean":0.0,"Sigma":0.0,"Taucorr":null},"Iteration":39},
{"Acceptance":[0.004160125588697017],"Energy":{"Mean":-603.0,"Sigma":0.0,"Taucorr":null},"EnergyVariance":{"Mean":0.0,"Sigma":0.0,"Taucorr":null},"Iteration":40},
{"Acceptance":[0.0031397174254317113],"Energy":{"Mean":-602.9758064516129,"Sigma":0.024193548387096833,"Taucorr":1.024793388429787},"EnergyVariance":{"Mean":0.023608220603537976,"Sigma":0.02302289281998025,"Taucorr":1.024793388429751},"Iteration":41},
{"Acceptance":[0.00423861852433281],"Energy":{"Mean":-602.983870967742,"Sigma":0.01612903225806637,"Taucorr":1.0014211682118912e-13},"EnergyVariance":{"Mean":0.031997918834547355,"Sigma":0.03173777315296613,"Taucorr":-2.220446049250313e-16},"Iteration":42},
{"Acceptance":[0.004395604395604396],"Energy":{"Mean":-603.0,"Sigma":0.0,"Taucorr":null},"EnergyVariance":{"Mean":0.0,"Sigma":0.0,"Taucorr":null},"Iteration":43},
{"Acceptance":[0.00423861852433281],"Energy":{"Mean":-602.8306451612902,"Sigma":0.10712964257903416,"Taucorr":1.1376490116191194},"EnergyVariance":{"Mean":0.43099635796045777,"Sigma":0.28359598853250134,"Taucorr":1.1863974633243428},"Iteration":44},
{"Acceptance":[0.005337519623233909],"Energy":{"Mean":-603.0,"Sigma":0.0,"Taucorr":null},"EnergyVariance":{"Mean":0.0,"Sigma":0.0,"Taucorr":null},"Iteration":45},
{"Acceptance":[0.007221350078492936],"Energy":{"Mean":-602.8870967741937,"Sigma":0.07225134377347461,"Taucorr":0.3221852098601282},"EnergyVariance":{"Mean":0.3904786680541103,"Sigma":0.26830694638035457,"Taucorr":0.3227651979578493},"Iteration":46},
{"Acceptance":[0.008791208791208791],"Energy":{"Mean":-603.0,"Sigma":0.0,"Taucorr":null},"EnergyVariance":{"Mean":0.0,"Sigma":0.0,"Taucorr":null},"Iteration":47},
{"Acceptance":[0.008869701726844583],"Energy":{"Mean":-602.9435483870969,"Sigma":0.056451612903224466,"Taucorr":-1.509903313490213e-14},"EnergyVariance":{"Mean":0.39197450572320514,"Sigma":0.38878772112384796,"Taucorr":0.0},"Iteration":48},
{"Acceptance":[0.010361067503924647],"Energy":{"Mean":-603.0,"Sigma":0.0,"Taucorr":null},"EnergyVariance":{"Mean":0.0,"Sigma":0.0,"Taucorr":null},"Iteration":49},
{"Acceptance":[0.01098901098901099],"Energy":{"Mean":-603.0,"Sigma":0.0,"Taucorr":null},"EnergyVariance":{"Mean":0.0,"Sigma":0.0,"Taucorr":null},"Iteration":50},
{"Acceptance":[0.010675039246467817],"Energy":{"Mean":-602.9435483870969,"Sigma":0.056451612903224126,"Taucorr":-2.3203661214665772e-14},"EnergyVariance":{"Mean":0.39197450572320514,"Sigma":0.3887877211238479,"Taucorr":-1.1102230246251565e-16},"Iteration":51},
{"Acceptance":[0.005494505494505495],"Energy":{"Mean":-603.0,"Sigma":0.0,"Taucorr":null},"EnergyVariance":{"Mean":0.0,"Sigma":0.0,"Taucorr":null},"Iteration":52},
{"Acceptance":[0.005337519623233909],"Energy":{"Mean":-603.0,"Sigma":0.0,"Taucorr":null},"EnergyVariance":{"Mean":0.0,"Sigma":0.0,"Taucorr":null},"Iteration":53},
{"Acceptance":[0.005494505494505495],"Energy":{"Mean":-602.983870967742,"Sigma":0.016129032258065716,"Taucorr":6.039613253960852e-14},"EnergyVariance":{"Mean":0.031997918834547355,"Sigma":0.03173777315296613,"Taucorr":-2.220446049250313e-16},"Iteration":54},
{"Acceptance":[0.0065149136577708],"Energy":{"Mean":-603.0,"Sigma":0.0,"Taucorr":null},"EnergyVariance":{"Mean":0.0,"Sigma":0.0,"Taucorr":null},"Iteration":55},
{"Acceptance":[0.0062009419152276295],"Energy":{"Mean":-603.0,"Sigma":0.0,"Taucorr":null},"EnergyVariance":{"Mean":0.0,"Sigma":0.0,"Taucorr":null},"Iteration":56},
{"Acceptance":[0.006907378335949764],"Energy":{"Mean":-603.0,"Sigma":0.0,"Taucorr":null},"EnergyVariance":{"Mean":0.0,"Sigma":0.0,"Taucorr":null},"Iteration":57},
{"Acceptance":[0.006122448979591836],"Energy":{"Mean":-603.0,"Sigma":0.0,"Taucorr":null},"EnergyVariance":{"Mean":0.0,"Sigma":0.0,"Taucorr":null},"Iteration":58},
{"Acceptance":[0.0057299843014128726],"Energy":{"Mean":-603.0,"Sigma":0.0,"Taucorr":null},"EnergyVariance":{"Mean":0.0,"Sigma":0.0,"Taucorr":null},"Iteration":59},
{"Acceptance":[0.005808477237048666],"Energy":{"Mean":-603.0,"Sigma":0.0,"Taucorr":null},"EnergyVariance":{"Mean":0.0,"Sigma":0.0,"Taucorr":null},"Iteration":60},
{"Acceptance":[0.00706436420722135],"Energy":{"Mean":-603.0,"Sigma":0.0,"Taucorr":null},"EnergyVariance":{"Mean":0.0,"Sigma":0.0,"Taucorr":null},"Iteration":61},
{"Acceptance":[0.006828885400313972],"Energy":{"Mean":-602.9354838709676,"Sigma":0.044853018526053647,"Taucorr":0.49083333333335344},"EnergyVariance":{"Mean":0.12486992715920919,"Sigma":0.08391855079066293,"Taucorr":0.49083333333333345},"Iteration":62},
{"Acceptance":[0.007849293563579277],"Energy":{"Mean":-603.0,"Sigma":0.0,"Taucorr":null},"EnergyVariance":{"Mean":0.0,"Sigma":0.0,"Taucorr":null},"Iteration":63},
{"Acceptance":[0.007299843014128728],"Energy":{"Mean":-602.9758064516129,"Sigma":0.024193548387097558,"Taucorr":3.3084646133829665e-14},"EnergyVariance":{"Mean":0.07199531737773153,"Sigma":0.0714099895941738,"Taucorr":0.0},"Iteration":64},
{"Acceptance":[0.006750392464678179],"Energy":{"Mean":-603.0,"Sigma":0.0,"Taucorr":null},"EnergyVariance":{"Mean":0.0,"Sigma":0.0,"Taucorr":null},"Iteration":65},
{"Acceptance":[0.006279434850863423],"Energy":{"Mean":-603.0,"Sigma":0.0,"Taucorr":null},"EnergyVariance":{"Mean":0.0,"Sigma":0.0,"Taucorr":null},"Iteration":66},
{"Acceptance":[0.0052590266875981164],"Energy":{"Mean":-603.0,"Sigma":0.0,"Taucorr":null},"EnergyVariance":{"Mean":0.0,"Sigma":0.0,"Taucorr":null},"Iteration":67},
{"Acceptance":[0.006122448979591836],"Energy":{"Mean":-603.0,"Sigma":0.0,"Taucorr":null},"EnergyVariance":{"Mean":0.0,"Sigma":0.0,"Taucorr":null},"Iteration":68},
{"Acceptance":[0.00510204081632653],"Energy":{"Mean":-603.0,"Sigma":0.0,"Taucorr":null},"EnergyVariance":{"Mean":0.0,"Sigma":0.0,"Taucorr":null},"Iteration":69},
{"Acceptance":[0.0065149136577708],"Energy":{"Mean":-602.983870967742,"Sigma":0.016129032258066493,"Taucorr":0.5081967213116474},"EnergyVariance":{"Mean":0.01586888657648283,"Sigma":0.015608740894901618,"Taucorr":0.5081967213114753},"Iteration":70},
{"Acceptance":[0.0052590266875981164],"Energy":{"Mean":-603.0,"Sigma":0.0,"Taucorr":null},"EnergyVariance":{"Mean":0.0,"Sigma":0.0,"Taucorr":null},"Iteration":71},
{"Acceptance":[0.005494505494505495],"Energy":{"Mean":-603.0,"Sigma":0.0,"Taucorr":null},"EnergyVariance":{"Mean":0.0,"Sigma":0.0,"Taucorr":null},"Iteration":72},
{"Acceptance":[0.005416012558869702],"Energy":{"Mean":-603.0,"Sigma":0.0,"Taucorr":null},"EnergyVariance":{"Mean":0.0,"Sigma":0.0,"Taucorr":null},"Iteration":73},
{"Acceptance":[0.0066718995290423865],"Energy":{"Mean":-603.0,"Sigma":0.0,"Taucorr":null},"EnergyVariance":{"Mean":0.0,"Sigma":0.0,"Taucorr":null},"Iteration":74},
{"Acceptance":[0.007299843014128728],"Energy":{"Mean":-603.0,"Sigma":0.0,"Taucorr":null},"EnergyVariance":{"Mean":0.0,"Sigma":0.0,"Taucorr":null},"Iteration":75},
{"Acceptance":[0.0062009419152276295],"Energy":{"Mean":-603.0,"Sigma":0.0,"Taucorr":null},"EnergyVariance":{"Mean":0.0,"Sigma":0.0,"Taucorr":null},"Iteration":76},
{"Acceptance":[0.006593406593406593],"Energy":{"Mean":-603.0,"Sigma":0.0,"Taucorr":null},"EnergyVariance":{"Mean":0.0,"Sigma":0.0,"Taucorr":null},"Iteration":77},
{"Acceptance":[0.007692307692307693],"Energy":{"Mean":-603.0,"Sigma":0.0,"Taucorr":null},"EnergyVariance":{"Mean":0.0,"Sigma":0.0,"Taucorr":null},"Iteration":78},
{"Acceptance":[0.008084772370486656],"Energy":{"Mean":-602.983870967742,"Sigma":0.0161290322580653,"Taucorr":3.574918139293004e-14},"EnergyVariance":{"Mean":0.031997918834547355,"Sigma":0.03173777315296614,"Taucorr":0.0},"Iteration":79},
{"Acceptance":[0.0065149136577708],"Energy":{"Mean":-603.0,"Sigma":0.0,"Taucorr":null},"EnergyVariance":{"Mean":0.0,"Sigma":0.0,"Taucorr":null},"Iteration":80},
{"Acceptance":[0.00816326530612245],"Energy":{"Mean":-602.9758064516128,"Sigma":0.01779074420190878,"Taucorr":0.32451790633616984},"EnergyVariance":{"Mean":0.023608220603537986,"Sigma":0.016929901740521947,"Taucorr":0.324517906336088},"Iteration":81},
{"Acceptance":[0.007849293563579277],"Energy":{"Mean":-603.0,"Sigma":0.0,"Taucorr":null},"EnergyVariance":{"Mean":0.0,"Sigma":0.0,"Taucorr":null},"Iteration":82},
{"Acceptance":[0.00902668759811617],"Energy":{"Mean":-603.0,"Sigma":0.0,"Taucorr":null},"EnergyVariance":{"Mean":0.0,"Sigma":0.0,"Taucorr":null},"Iteration":83},
{"Acceptance":[0.008712715855572999],"Energy":{"Mean":-603.0,"Sigma":0.0,"Taucorr":null},"EnergyVariance":{"Mean":0.0,"Sigma":0.0,"Taucorr":null},"Iteration":84},
{"Acceptance":[0.009419152276295133],"Energy":{"Mean":-603.0,"Sigma":0.0,"Taucorr":null},"EnergyVariance":{"Mean":0.0,"Sigma":0.0,"Taucorr":null},"Iteration":85},
{"Acceptance":[0.007770800627943485],"Energy":{"Mean":-602.9596774193548,"Sigma":0.02862619249887098,"Taucorr":0.07871545929805324},"EnergyVariance":{"Mean":0.08708376690946934,"Sigma":0.0716839674590544,"Taucorr":0.005712133074360248},"Iteration":86},
{"Acceptance":[0.006985871271585557],"Energy":{"Mean":-603.0,"Sigma":0.0,"Taucorr":null},"EnergyVariance":{"Mean":0.0,"Sigma":0.0,"Taucorr":null},"Iteration":87},
{"Acceptance":[0.006750392464678179],"Energy":{"Mean":-603.0,"Sigma":0.0,"Taucorr":null},"EnergyVariance":{"Mean":0.0,"Sigma":0.0,"Taucorr":null},"Iteration":88},
{"Acceptance":[0.006279434850863423],"Energy":{"Mean":-603.0,"Sigma":0.0,"Taucorr":null},"EnergyVariance":{"Mean":0.0,"Sigma":0.0,"Taucorr":null},"Iteration":89},
{"Acceptance":[0.006436420722135008],"Energy":{"Mean":-603.0,"Sigma":0.0,"Taucorr":null},"EnergyVariance":{"Mean":0.0,"Sigma":0.0,"Taucorr":null},"Iteration":90},
{"Acceptance":[0.006750392464678179],"Energy":{"Mean":-603.0,"Sigma":0.0,"Taucorr":null},"EnergyVariance":{"Mean":0.0,"Sigma":0.0,"Taucorr":null},"Iteration":91},
{"Acceptance":[0.006122448979591836],"Energy":{"Mean":-602.9919354838709,"Sigma":0.008064516129035963,"Taucorr":3.5704772471945034e-13},"EnergyVariance":{"Mean":0.007999479708636837,"Sigma":0.007934443288239699,"Taucorr":-2.220446049250313e-16},"Iteration":92},
{"Acceptance":[0.00706436420722135],"Energy":{"Mean":-603.0,"Sigma":0.0,"Taucorr":null},"EnergyVariance":{"Mean":0.0,"Sigma":0.0,"Taucorr":null},"Iteration":93},
{"Acceptance":[0.007770800627943485],"Energy":{"Mean":-603.0,"Sigma":0.0,"Taucorr":null},"EnergyVariance":{"Mean":0.0,"Sigma":0.0,"Taucorr":null},"Iteration":94},
{"Acceptance":[0.006985871271585557],"Energy":{"Mean":-603.0,"Sigma":0.0,"Taucorr":null},"EnergyVariance":{"Mean":0.0,"Sigma":0.0,"Taucorr":null},"Iteration":95},
{"Acceptance":[0.007378335949764521],"Energy":{"Mean":-603.0,"Sigma":0.0,"Taucorr":null},"EnergyVariance":{"Mean":0.0,"Sigma":0.0,"Taucorr":null},"Iteration":96},
{"Acceptance":[0.00706436420722135],"Energy":{"Mean":-603.0,"Sigma":0.0,"Taucorr":null},"EnergyVariance":{"Mean":0.0,"Sigma":0.0,"Taucorr":null},"Iteration":97},
{"Acceptance":[0.006750392464678179],"Energy":{"Mean":-602.983870967742,"Sigma":0.01612903225806463,"Taucorr":2.886579864025407e-15},"EnergyVariance":{"Mean":0.03199791883454735,"Sigma":0.03173777315296614,"Taucorr":0.0},"Iteration":98},
{"Acceptance":[0.00565149136577708],"Energy":{"Mean":-603.0,"Sigma":0.0,"Taucorr":null},"EnergyVariance":{"Mean":0.0,"Sigma":0.0,"Taucorr":null},"Iteration":99} 
]}