{"Output": [
{"Acceptance":[0.7486369219621254],"Energy":{"Mean":-2530.473790322581,"Sigma":1.3259029061024357,"Taucorr":0.22951780263568167},"EnergyVariance":{"Mean":1194.073909827003,"Sigma":48.29645169022094,"Taucorr":-0.07820427988660167},"Iteration":0},
{"Acceptance":[0.631544762864187],"Energy":{"Mean":-2564.602822580645,"Sigma":1.7821500706224551,"Taucorr":0.7464791958772148},"EnergyVariance":{"Mean":1262.5458791298122,"Sigma":49.072642326354675,"Taucorr":-0.09163335293186647},"Iteration":1},
{"Acceptance":[0.4925638238646908],"Energy":{"Mean":-2628.175403225806,"Sigma":1.7802420496474443,"Taucorr":0.735425163281654},"EnergyVariance":{"Mean":1271.1164111277315,"Sigma":74.68739950903428,"Taucorr":0.3136138840694255},"Iteration":2},
{"Acceptance":[0.39579191078356],"Energy":{"Mean":-2685.4455645161293,"Sigma":1.125581323579181,"Taucorr":0.28722934857274673},"EnergyVariance":{"Mean":797.4365529071281,"Sigma":46.42272849039792,"Taucorr":0.3294004633205916},"Iteration":3},
{"Acceptance":[0.32989139559750097],"Energy":{"Mean":-2726.1189516129025,"Sigma":1.1882367367927544,"Taucorr":0.6163526225612244},"EnergyVariance":{"Mean":626.683431158949,"Sigma":34.03813813137904,"Taucorr":0.14380994582706885},"Iteration":4},
{"Acceptance":[0.2705831411327024],"Energy":{"Mean":-2761.5947580645166,"Sigma":0.8608220147391819,"Taucorr":0.37498286551185855},"EnergyVariance":{"Mean":419.6341660704995,"Sigma":22.04034229359113,"Taucorr":0.20219122640531062},"Iteration":5},
{"Acceptance":[0.2233371331618992],"Energy":{"Mean":-2790.1421370967746,"Sigma":0.9378212248845101,"Taucorr":0.4913166214888409},"EnergyVariance":{"Mean":439.6138696263658,"Sigma":19.52470107773282,"Taucorr":0.03262236959781306},"Iteration":6},
{"Acceptance":[0.1762457693769165],"Energy":{"Mean":-2819.621975806452,"Sigma":1.0229149094014112,"Taucorr":0.9810954167294925},"EnergyVariance":{"Mean":350.0577025478017,"Sigma":13.808943680469504,"Taucorr":-0.07176596712356259},"Iteration":7},
{"Acceptance":[0.1349911190053286],"Energy":{"Mean":-2844.101814516129,"Sigma":0.7724843837346873,"Taucorr":0.7552399140418207},"EnergyVariance":{"Mean":235.55717412688605,"Sigma":12.167346619914605,"Taucorr":0.17243686281720683},"Iteration":8},
{"Acceptance":[0.10514037273667189],"Energy":{"Mean":-2861.5,"Sigma":0.7704427228855643,"Taucorr":1.0132196993271747},"EnergyVariance":{"Mean":194.366935483871,"Sigma":11.416743954516084,"Taucorr":0.41003965956089394},"Iteration":9},
{"Acceptance":[0.08498802612161219],"Energy":{"Mean":-2873.1209677419356,"Sigma":0.4627250386461102,"Taucorr":0.40901222198493115},"EnergyVariance":{"Mean":116.71318938605621,"Sigma":4.890605526678438,"Taucorr":-0.03831879930352944},"Iteration":10},
{"Acceptance":[0.06760160123008403],"Energy":{"Mean":-2881.764112903226,"Sigma":0.35944976054334266,"Taucorr":0.341073879907443},"EnergyVariance":{"Mean":76.11774437434964,"Sigma":4.041956010826248,"Taucorr":0.16621643194516333},"Iteration":11},
{"Acceptance":[0.05638768855544657],"Energy":{"Mean":-2887.1532258064517,"Sigma":0.38403200897667805,"Taucorr":0.6970535152282882},"EnergyVariance":{"Mean":61.04708636836629,"Sigma":3.428536000992214,"Taucorr":0.12140744791730684},"Iteration":12},
{"Acceptance":[0.04806341295299701],"Energy":{"Mean":-2891.1633064516127,"Sigma":0.36903496619994053,"Taucorr":0.9355243631087433},"EnergyVariance":{"Mean":47.00760519640999,"Sigma":3.9021377693561794,"Taucorr":0.46578021710569095},"Iteration":13},
{"Acceptance":[0.040803973030053994],"Energy":{"Mean":-2895.030241935484,"Sigma":0.28890233273673505,"Taucorr":0.8273063449374287},"EnergyVariance":{"Mean":31.158359618886575,"Sigma":1.945667017915096,"Taucorr":0.27892349597012156},"Iteration":14},
{"Acceptance":[0.03512632220778877],"Energy":{"Mean":-2896.492943548387,"Sigma":0.2951419409090501,"Taucorr":1.0040455369183756},"EnergyVariance":{"Mean":28.69753085165192,"Sigma":2.3599737556614384,"Taucorr":0.43920313812031697},"Iteration":15},
{"Acceptance":[0.031180686266712616],"Energy":{"Mean":-2898.2469758064512,"Sigma":0.22227079663542257,"Taucorr":0.7589888734732988},"EnergyVariance":{"Mean":19.444043273608216,"Sigma":1.4066466093895984,"Taucorr":0.06397677290890036},"Iteration":16},
{"Acceptance":[0.028618011187402242],"Energy":{"Mean":-2898.8346774193546,"Sigma":0.1800618823561237,"Taucorr":0.36392454536003827},"EnergyVariance":{"Mean":18.595652315296565,"Sigma":1.1544547239447551,"Taucorr":-0.08146793024590993},"Iteration":17},
{"Acceptance":[0.025560474713466414],"Energy":{"Mean":-2900.0937500000005,"Sigma":0.19858052218259736,"Taucorr":0.6842013421534845},"EnergyVariance":{"Mean":16.50028351814516,"Sigma":2.000765062557,"Taucorr":0.27152762899396177},"Iteration":18},
{"Acceptance":[0.02223783392098124],"Energy":{"Mean":-2901.429435483871,"Sigma":0.17352711432012297,"Taucorr":0.7871455574737924},"EnergyVariance":{"Mean":11.591794842611861,"Sigma":1.9041939084476036,"Taucorr":0.6428597280170336},"Iteration":19},
{"Acceptance":[0.021354152859150075],"Energy":{"Mean":-2901.774193548387,"Sigma":0.1106583662454663,"Taucorr":0.308198481107547},"EnergyVariance":{"Mean":7.5074791883454735,"Sigma":0.6383055434728501,"Taucorr":0.11366193139342529},"Iteration":20},
{"Acceptance":[0.019463075386831386],"Energy":{"Mean":-2902.323588709677,"Sigma":0.10877136024830791,"Taucorr":0.38689210158874066},"EnergyVariance":{"Mean":6.610008088904787,"Sigma":0.975501337672754,"Taucorr":0.5758859873697642},"Iteration":21},
{"Acceptance":[0.018309871601141715],"Energy":{"Mean":-2902.3518145161293,"Sigma":0.12192942111000823,"Taucorr":0.4663250427445482},"EnergyVariance":{"Mean":7.6232023526925055,"Sigma":1.1606791162671846,"Taucorr":0.7838927369890749},"Iteration":22},
{"Acceptance":[0.017991746418882498],"Energy":{"Mean":-2902.5433467741937,"Sigma":0.11334877524312524,"Taucorr":0.38076813901753404},"EnergyVariance":{"Mean":7.2279597668444335,"Sigma":1.354623986284611,"Taucorr":0.3635046611573344},"Iteration":23},
{"Acceptance":[0.017337822433127436],"Energy":{"Mean":-2902.775201612903,"Sigma":0.10222059178229444,"Taucorr":0.3654079993441769},"EnergyVariance":{"Mean":5.982731814190947,"Sigma":0.6903264161654507,"Taucorr":0.1888141648404862},"Iteration":24},
{"Acceptance":[0.016356936454494844],"Energy":{"Mean":-2903.3840725806454,"Sigma":0.0787267623963561,"Taucorr":0.2067332166716448},"EnergyVariance":{"Mean":4.345431801183662,"Sigma":0.7020682576305205,"Taucorr":0.18494402688700884},"Iteration":25},
{"Acceptance":[0.01585323824925108],"Energy":{"Mean":-2903.4284274193546,"Sigma":0.10349440545990667,"Taucorr":0.7514831200431153},"EnergyVariance":{"Mean":4.240845107635276,"Sigma":0.637442632195503,"Taucorr":0.32399009829294023},"Iteration":26},
{"Acceptance":[0.015194895858186864],"Energy":{"Mean":-2903.247983870968,"Sigma":0.11933514122917124,"Taucorr":0.6750726759106007},"EnergyVariance":{"Mean":6.005036257804372,"Sigma":1.2214726056678507,"Taucorr":0.34306446928463274},"Iteration":27},
{"Acceptance":[0.013365676060196355],"Energy":{"Mean":-2903.8276209677415,"Sigma":0.06055215679343077,"Taucorr":-0.02188964959376366},"EnergyVariance":{"Mean":3.799922566011966,"Sigma":0.6279213959155572,"Taucorr":0.002679925823199425},"Iteration":28},
{"Acceptance":[0.012990111608918109],"Energy":{"Mean":-2903.8548387096776,"Sigma":0.08604722817693343,"Taucorr":0.2705525409335371},"EnergyVariance":{"Mean":4.761186264308013,"Sigma":0.8986208382175386,"Taucorr":0.013928928103160487},"Iteration":29},
{"Acceptance":[0.012093175331159478],"Energy":{"Mean":-2904.127016129032,"Sigma":0.09502864023253516,"Taucorr":0.7412730906982159},"EnergyVariance":{"Mean":3.6048346449011452,"Sigma":0.3948243756580907,"Taucorr":-0.01903242176993969},"Iteration":30},
{"Acceptance":[0.011390648887003703],"Energy":{"Mean":-2904.1401209677424,"Sigma":0.10004483797933417,"Taucorr":0.6431956265514276},"EnergyVariance":{"Mean":4.338229017624869,"Sigma":0.7032955300544224,"Taucorr":0.03860153880025752},"Iteration":31},
{"Acceptance":[0.009327253607627935],"Energy":{"Mean":-2904.587701612903,"Sigma":0.075140149000717,"Taucorr":0.580542499747408},"EnergyVariance":{"Mean":2.5890826206425603,"Sigma":0.349168657391011,"Taucorr":-0.07159197216841273},"Iteration":32},
{"Acceptance":[0.00895168915634969],"Energy":{"Mean":-2904.6199596774195,"Sigma":0.1010289882391149,"Taucorr":0.6895127441960414},"EnergyVariance":{"Mean":4.251738708051509,"Sigma":0.9586800710422512,"Taucorr":0.20811231186839807},"Iteration":33},
{"Acceptance":[0.008143120984774176],"Energy":{"Mean":-2904.7157258064517,"Sigma":0.11974290299015745,"Taucorr":0.6766303888061111},"EnergyVariance":{"Mean":6.0381397957856375,"Sigma":1.45440460286884,"Taucorr":0.03843780719342127},"Iteration":34},
{"Acceptance":[0.008050334473281903],"Energy":{"Mean":-2904.810483870968,"Sigma":0.09609451338178823,"Taucorr":0.9564761082216349},"EnergyVariance":{"Mean":3.1415029916753374,"Sigma":0.6467873042706979,"Taucorr":0.10301699713500057},"Iteration":35},
{"Acceptance":[0.007193163843305674],"Energy":{"Mean":-2904.887096774193,"Sigma":0.10324536210091195,"Taucorr":0.8499357107036472},"EnergyVariance":{"Mean":3.91265608740895,"Sigma":0.7758980906993811,"Taucorr":0.14798608959269532},"Iteration":36},
{"Acceptance":[0.006433198130130873],"Energy":{"Mean":-2905.070564516129,"Sigma":0.08103735280368932,"Taucorr":0.6573584583781402},"EnergyVariance":{"Mean":2.8115529071279917,"Sigma":0.5424189916132675,"Taucorr":0.08424399744863753},"Iteration":37},
{"Acceptance":[0.004736530491415038],"Energy":{"Mean":-2905.278225806452,"Sigma":0.08194434033711008,"Taucorr":0.8632040158099803},"EnergyVariance":{"Mean":2.4407355619146727,"Sigma":0.476961028143544,"Taucorr":0.31922793650936754},"Iteration":38},
{"Acceptance":[0.004603978332140364],"Energy":{"Mean":-2905.351814516129,"Sigma":0.10808783450870403,"Taucorr":1.9943808102198597},"EnergyVariance":{"Mean":2.320782997853798,"Sigma":0.5470946440770461,"Taucorr":0.4576576725832536},"Iteration":39},
{"Acceptance":[0.004590723116212897],"Energy":{"Mean":-2905.2933467741937,"Sigma":0.09691864499137286,"Taucorr":1.1259504681058319},"EnergyVariance":{"Mean":2.8625363797476586,"Sigma":0.6881403892385377,"Taucorr":0.24745828308817586},"Iteration":40},
{"Acceptance":[0.004590723116212897],"Energy":{"Mean":-2905.4435483870966,"Sigma":0.0768534882650825,"Taucorr":0.9974103047763245},"EnergyVariance":{"Mean":1.9544745057232047,"Sigma":0.501465089442959,"Taucorr":0.6984093998735943},"Iteration":41},
{"Acceptance":[0.0045421206578121825],"Energy":{"Mean":-2905.4747983870966,"Sigma":0.08527336057704447,"Taucorr":2.3291211288705593},"EnergyVariance":{"Mean":1.2735584270941729,"Sigma":0.28589263881359017,"Taucorr":0.15812905126708143},"Iteration":42},
{"Acceptance":[0.0031635782013555666],"Energy":{"Mean":-2905.4133064516136,"Sigma":0.12458524670899497,"Taucorr":1.4938010129444668},"EnergyVariance":{"Mean":3.8574035835067635,"Sigma":1.1640836624902902,"Taucorr":1.386293495692985},"Iteration":43},
{"Acceptance":[0.003331477603103488],"Energy":{"Mean":-2905.6360887096766,"Sigma":0.06964454060497471,"Taucorr":1.1446478089382908},"EnergyVariance":{"Mean":1.4613185727757547,"Sigma":0.4601833556218678,"Taucorr":0.37966791628747565},"Iteration":44},
{"Acceptance":[0.00361425554288946],"Energy":{"Mean":-2905.576612903226,"Sigma":0.09003432726381036,"Taucorr":1.902927025883122},"EnergyVariance":{"Mean":1.6715498178980226,"Sigma":0.7150095483779619,"Taucorr":0.8411714705016831},"Iteration":45},
{"Acceptance":[0.002668716806730115],"Energy":{"Mean":-2905.6391129032263,"Sigma":0.06758293872977111,"Taucorr":0.486928735982342},"EnergyVariance":{"Mean":2.293147600156087,"Sigma":0.788275682923604,"Taucorr":0.07164375768652353},"Iteration":46},
{"Acceptance":[0.0026775536173484268],"Energy":{"Mean":-2905.6693548387098,"Sigma":0.08247339647158479,"Taucorr":1.80013643845104},"EnergyVariance":{"Mean":1.4652705515088453,"Sigma":0.4988260099626424,"Taucorr":0.19849188435632192},"Iteration":47},
{"Acceptance":[0.0027570849129132315],"Energy":{"Mean":-2905.5866935483873,"Sigma":0.1138943393040079,"Taucorr":2.3407395530744193},"EnergyVariance":{"Mean":2.262645518990635,"Sigma":0.6375732146511724,"Taucorr":0.3887691283962459},"Iteration":48},
{"Acceptance":[0.0024919805943638823],"Energy":{"Mean":-2905.8528225806444,"Sigma":0.026729238233652163,"Taucorr":0.04999578994279419},"EnergyVariance":{"Mean":0.643661387877211,"Sigma":0.180028307061673,"Taucorr":0.09793817148920014},"Iteration":49} 
]}