{"Output": [
{"Acceptance":[0.8329131652661065],"Energy":{"Mean":-156.84677419354836,"Sigma":0.7723965479807887,"Taucorr":0.03905172224340214},"EnergyVariance":{"Mean":68.0652315296566,"Sigma":8.865385297998985,"Taucorr":0.146535474604211},"Iteration":0},
{"Acceptance":[0.8112044817927171],"Energy":{"Mean":-157.64516129032262,"Sigma":0.6501420640397942,"Taucorr":-0.07899287122705834},"EnergyVariance":{"Mean":61.74505723204995,"Sigma":7.794720769811148,"Taucorr":-0.026447507064923326},"Iteration":1},
{"Acceptance":[0.773249299719888],"Energy":{"Mean":-159.11290322580643,"Sigma":0.8331859044059308,"Taucorr":0.14243813930546934},"EnergyVariance":{"Mean":66.45499479708636,"Sigma":8.539437679986081,"Taucorr":-0.10052377807945012},"Iteration":2},
{"Acceptance":[0.7236694677871148],"Energy":{"Mean":-161.42741935483872,"Sigma":0.9434403945183907,"Taucorr":0.16297308899574925},"EnergyVariance":{"Mean":82.56731269510925,"Sigma":14.302129434900227,"Taucorr":0.43984632569986026},"Iteration":3},
{"Acceptance":[0.6519607843137255],"Energy":{"Mean":-165.72580645161287,"Sigma":1.2684845563581155,"Taucorr":0.3834994390882346},"EnergyVariance":{"Mean":112.00546305931323,"Sigma":17.745490158630034,"Taucorr":0.21141975457274131},"Iteration":4},
{"Acceptance":[0.5491596638655463],"Energy":{"Mean":-172.71774193548387,"Sigma":1.4637529985591295,"Taucorr":0.6479745391683533},"EnergyVariance":{"Mean":114.78323361082208,"Sigma":15.285660913841225,"Taucorr":0.21064673875576279},"Iteration":5},
{"Acceptance":[0.45434173669467787],"Energy":{"Mean":-176.1048387096774,"Sigma":0.9815347726318903,"Taucorr":0.2532542451079045},"EnergyVariance":{"Mean":78.65836368366287,"Sigma":9.373707732534932,"Taucorr":0.055769955551716155},"Iteration":6},
{"Acceptance":[0.3750700280112045],"Energy":{"Mean":-183.38709677419357,"Sigma":0.9262334633989876,"Taucorr":0.4251904531644882},"EnergyVariance":{"Mean":57.02757544224765,"Sigma":6.8086899473941305,"Taucorr":-0.013897653694582679},"Iteration":7},
{"Acceptance":[0.3112044817927171],"Energy":{"Mean":-188.03225806451613,"Sigma":0.7758746309432862,"Taucorr":0.24501892491807054},"EnergyVariance":{"Mean":49.69250780437045,"Sigma":6.326052746891903,"Taucorr":-0.03646423036547569},"Iteration":8},
{"Acceptance":[0.2747899159663866],"Energy":{"Mean":-190.79032258064518,"Sigma":0.7453346630690476,"Taucorr":0.2995443061094023},"EnergyVariance":{"Mean":42.730228928199786,"Sigma":6.319104525477533,"Taucorr":0.2414470487950927},"Iteration":9},
{"Acceptance":[0.24355742296918767],"Energy":{"Mean":-193.87096774193546,"Sigma":0.6385752546719077,"Taucorr":0.3581051610261513},"EnergyVariance":{"Mean":29.225286160249738,"Sigma":4.996396267437601,"Taucorr":0.2953584869311128},"Iteration":10},
{"Acceptance":[0.19957983193277312],"Energy":{"Mean":-197.6451612903226,"Sigma":0.47769808050911744,"Taucorr":0.2378850362467516},"EnergyVariance":{"Mean":19.019250780437044,"Sigma":2.392213573603874,"Taucorr":0.01692346389490096},"Iteration":11},
{"Acceptance":[0.1887955182072829],"Energy":{"Mean":-198.91935483870967,"Sigma":0.5462958227101046,"Taucorr":0.3539330194502611},"EnergyVariance":{"Mean":21.49349635796046,"Sigma":2.357888210643041,"Taucorr":-0.11558062926583956},"Iteration":12},
{"Acceptance":[0.16470588235294117],"Energy":{"Mean":-199.54838709677415,"Sigma":0.4968204489008721,"Taucorr":0.30143146545804367},"EnergyVariance":{"Mean":18.941207075962538,"Sigma":3.036272715174119,"Taucorr":0.35639501482266445},"Iteration":13},
{"Acceptance":[0.13641456582633052],"Energy":{"Mean":-200.4193548387097,"Sigma":0.46840886824012273,"Taucorr":0.39466503380708995},"EnergyVariance":{"Mean":15.082206035379805,"Sigma":1.8122748202276733,"Taucorr":-8.264465412144428e-05},"Iteration":14},
{"Acceptance":[0.11904761904761904],"Energy":{"Mean":-202.42741935483872,"Sigma":0.39078662542514037,"Taucorr":0.4211067808826432},"EnergyVariance":{"Mean":10.196344953173778,"Sigma":3.083802041957377,"Taucorr":0.11004144321895115},"Iteration":15},
{"Acceptance":[0.11092436974789915],"Energy":{"Mean":-203.21774193548387,"Sigma":0.4424914092301176,"Taucorr":0.59700792160162},"EnergyVariance":{"Mean":10.976781997918835,"Sigma":2.880376788411298,"Taucorr":0.39373335437024937},"Iteration":16},
{"Acceptance":[0.10028011204481793],"Energy":{"Mean":-202.77419354838713,"Sigma":0.30768709639654185,"Taucorr":0.12041567333813696},"EnergyVariance":{"Mean":9.384495317377734,"Sigma":1.1586760803575966,"Taucorr":0.10119846795306531},"Iteration":17},
{"Acceptance":[0.08795518207282914],"Energy":{"Mean":-203.15322580645162,"Sigma":0.38828223497773645,"Taucorr":0.4331465711910655},"EnergyVariance":{"Mean":9.936199271592093,"Sigma":1.8361729290736915,"Taucorr":0.16289033351892546},"Iteration":18},
{"Acceptance":[0.080812324929972],"Energy":{"Mean":-204.41129032258067,"Sigma":0.2541453068135878,"Taucorr":0.1396709361875922},"EnergyVariance":{"Mean":6.209872528616025,"Sigma":0.9599351686146589,"Taucorr":0.13843788729669781},"Iteration":19},
{"Acceptance":[0.07030812324929972],"Energy":{"Mean":-204.93548387096774,"Sigma":0.19398472321497606,"Taucorr":0.15594860640023622},"EnergyVariance":{"Mean":3.5280957336108223,"Sigma":0.5812482997709976,"Taucorr":0.08989305708885176},"Iteration":20},
{"Acceptance":[0.06428571428571428],"Energy":{"Mean":-204.84677419354838,"Sigma":0.2834307436966296,"Taucorr":0.4847781277952784},"EnergyVariance":{"Mean":5.016844432882414,"Sigma":0.978589795214095,"Taucorr":0.21680404393632613},"Iteration":21},
{"Acceptance":[0.05826330532212885],"Energy":{"Mean":-205.29838709677423,"Sigma":0.3455592620772212,"Taucorr":0.7683579138912924},"EnergyVariance":{"Mean":5.789997398543183,"Sigma":2.183166178290458,"Taucorr":0.7174355243222212},"Iteration":22},
{"Acceptance":[0.05434173669467787],"Energy":{"Mean":-205.3790322580645,"Sigma":0.18067636059302847,"Taucorr":0.16000085523080765},"EnergyVariance":{"Mean":3.041818418314256,"Sigma":0.5406699112901872,"Taucorr":-0.021053412455144083},"Iteration":23},
{"Acceptance":[0.048599439775910365],"Energy":{"Mean":-205.62096774193552,"Sigma":0.23385242788953503,"Taucorr":0.27634775037156145},"EnergyVariance":{"Mean":4.332140998959416,"Sigma":1.1001841013609397,"Taucorr":0.10367231170151181},"Iteration":24},
{"Acceptance":[0.05042016806722689],"Energy":{"Mean":-205.45161290322582,"Sigma":0.25648035275492187,"Taucorr":0.4822700859019722},"EnergyVariance":{"Mean":4.118626430801248,"Sigma":1.0692644165527057,"Taucorr":0.33963795597341495},"Iteration":25},
{"Acceptance":[0.04243697478991597],"Energy":{"Mean":-205.7258064516129,"Sigma":0.22281038478604367,"Taucorr":0.27156334231805745},"EnergyVariance":{"Mean":3.957075962539022,"Sigma":1.3804666515397306,"Taucorr":0.36735180481034424},"Iteration":26},
{"Acceptance":[0.042296918767507005],"Energy":{"Mean":-206.20967741935485,"Sigma":0.15857936778228626,"Taucorr":0.25935623962191756},"EnergyVariance":{"Mean":2.0366805411030175,"Sigma":0.8212222904443277,"Taucorr":0.24284984360349082},"Iteration":27},
{"Acceptance":[0.042717086834733894],"Energy":{"Mean":-206.0241935483871,"Sigma":0.1916800505061837,"Taucorr":0.4373135133676821},"EnergyVariance":{"Mean":2.410704994797087,"Sigma":0.9042590660024477,"Taucorr":0.7609363516586571},"Iteration":28},
{"Acceptance":[0.03361344537815126],"Energy":{"Mean":-206.07258064516128,"Sigma":0.26212365453556896,"Taucorr":0.728984054325001},"EnergyVariance":{"Mean":3.438280437044746,"Sigma":1.814676551637979,"Taucorr":0.28202615638575246},"Iteration":29},
{"Acceptance":[0.031512605042016806],"Energy":{"Mean":-206.31451612903226,"Sigma":0.14197518994958672,"Taucorr":0.2225785662837927},"EnergyVariance":{"Mean":1.7155957336108225,"Sigma":0.445687810692783,"Taucorr":0.14360146936197027},"Iteration":30},
{"Acceptance":[0.02857142857142857],"Energy":{"Mean":-206.5483870967742,"Sigma":0.09589655803996712,"Taucorr":0.22515843895931653},"EnergyVariance":{"Mean":0.7799167533818938,"Sigma":0.34795489334927754,"Taucorr":-0.0044980810529605675},"Iteration":31},
{"Acceptance":[0.032913165266106444],"Energy":{"Mean":-206.64516129032262,"Sigma":0.06326063337493809,"Taucorr":0.15791029207233187},"EnergyVariance":{"Mean":0.3740894901144641,"Sigma":0.0724270059210458,"Taucorr":0.23412313188041223},"Iteration":32},
{"Acceptance":[0.03123249299719888],"Energy":{"Mean":-206.4677419354839,"Sigma":0.14139376092866587,"Taucorr":0.3523489630297606},"EnergyVariance":{"Mean":1.4425078043704471,"Sigma":0.8896673071119839,"Taucorr":0.485791597679759},"Iteration":33},
{"Acceptance":[0.027030812324929973],"Energy":{"Mean":-206.5322580645161,"Sigma":0.12255234534672407,"Taucorr":0.013909393544653481},"EnergyVariance":{"Mean":1.7973465140478664,"Sigma":0.7398754907784313,"Taucorr":0.0024288209886292877},"Iteration":34},
{"Acceptance":[0.025210084033613446],"Energy":{"Mean":-206.6209677419355,"Sigma":0.13954176531200008,"Taucorr":0.2766946471506345},"EnergyVariance":{"Mean":1.5418184183142565,"Sigma":0.9707318818608799,"Taucorr":0.040766224738347345},"Iteration":35},
{"Acceptance":[0.030392156862745098],"Energy":{"Mean":-206.38709677419357,"Sigma":0.1341233532289348,"Taucorr":0.41811852331606314},"EnergyVariance":{"Mean":1.2049947970863686,"Sigma":0.38218720333379297,"Taucorr":0.2672585696327937},"Iteration":36},
{"Acceptance":[0.025490196078431372],"Energy":{"Mean":-206.72580645161293,"Sigma":0.07633651333031732,"Taucorr":0.5412698412698367},"EnergyVariance":{"Mean":0.3441727367325702,"Sigma":0.09893920901228567,"Taucorr":0.07873971651637857},"Iteration":37},
{"Acceptance":[0.025070028011204483],"Energy":{"Mean":-206.78225806451613,"Sigma":0.06428048363064105,"Taucorr":0.397198622273253},"EnergyVariance":{"Mean":0.28323361082206033,"Sigma":0.09733959998938727,"Taucorr":0.2483281126699457},"Iteration":38},
{"Acceptance":[0.0257703081232493],"Energy":{"Mean":-206.69354838709674,"Sigma":0.09748840392811306,"Taucorr":0.700855157669698},"EnergyVariance":{"Mean":0.48673257023933414,"Sigma":0.17186224741124947,"Taucorr":0.6362577081146454},"Iteration":39},
{"Acceptance":[0.020168067226890758],"Energy":{"Mean":-206.76612903225808,"Sigma":0.07942627259513015,"Taucorr":0.11506340859882624},"EnergyVariance":{"Mean":0.6307882414151924,"Sigma":0.2854490322203029,"Taucorr":0.12771855142567778},"Iteration":40},
{"Acceptance":[0.022128851540616248],"Energy":{"Mean":-206.68548387096772,"Sigma":0.09766614045475673,"Taucorr":0.1689905807312817},"EnergyVariance":{"Mean":0.8768860561914671,"Sigma":0.49969815162738834,"Taucorr":0.004265401416486458},"Iteration":41},
{"Acceptance":[0.02492997198879552],"Energy":{"Mean":-206.6774193548387,"Sigma":0.13228428798511266,"Taucorr":0.253533697632062},"EnergyVariance":{"Mean":1.428199791883454,"Sigma":0.8632803481005131,"Taucorr":0.3741726533606541},"Iteration":42},
{"Acceptance":[0.023249299719887956],"Energy":{"Mean":-206.59677419354836,"Sigma":0.17144132015757088,"Taucorr":1.1747348758737037},"EnergyVariance":{"Mean":1.079344432882414,"Sigma":0.675674584736404,"Taucorr":1.4902538565011263},"Iteration":43},
{"Acceptance":[0.022829131652661063],"Energy":{"Mean":-206.78225806451607,"Sigma":0.07840988208157797,"Taucorr":0.24278778586940886},"EnergyVariance":{"Mean":0.5090400624349636,"Sigma":0.2564019425580409,"Taucorr":0.2755194720268309},"Iteration":44},
{"Acceptance":[0.019887955182072828],"Energy":{"Mean":-206.64516129032256,"Sigma":0.0873552516627522,"Taucorr":-0.008446866485014193},"EnergyVariance":{"Mean":0.9547346514047867,"Sigma":0.36769635195524814,"Taucorr":-0.03533467182305439},"Iteration":45},
{"Acceptance":[0.017927170868347338],"Energy":{"Mean":-206.95161290322582,"Sigma":0.021438066706856218,"Taucorr":0.11384180790957898},"EnergyVariance":{"Mean":0.046045785639958384,"Sigma":0.019363415090064933,"Taucorr":0.11384180790960452},"Iteration":46},
{"Acceptance":[0.0226890756302521],"Energy":{"Mean":-206.73387096774186,"Sigma":0.07507655937510067,"Taucorr":0.07915896990110627},"EnergyVariance":{"Mean":0.5985301768990635,"Sigma":0.22080328115850206,"Taucorr":0.022367209111964215},"Iteration":47},
{"Acceptance":[0.019187675070028012],"Energy":{"Mean":-206.81451612903228,"Sigma":0.06451612903225859,"Taucorr":-0.009654914663006608},"EnergyVariance":{"Mean":0.5220473465140478,"Sigma":0.2912495520160372,"Taucorr":-0.01965808915408379},"Iteration":48},
{"Acceptance":[0.023809523809523808],"Energy":{"Mean":-206.75806451612902,"Sigma":0.060778850585215365,"Taucorr":-0.07791203479942022},"EnergyVariance":{"Mean":0.5382414151925079,"Sigma":0.19839008277567347,"Taucorr":-0.039888311293765966},"Iteration":49} 
]}