{"Output": [
{"Acceptance":[0.6702952710901641],"Energy":{"Mean":-653.7812499999999,"Sigma":0.5525364594110399,"Taucorr":0.012130501824117124},"EnergyVariance":{"Mean":295.3825919858871,"Sigma":12.970409156826173,"Taucorr":0.0010582041041092838},"Iteration":0},
{"Acceptance":[0.5676977999753794],"Energy":{"Mean":-670.8316532258066,"Sigma":0.6275095407617055,"Taucorr":0.15652683384781374},"EnergyVariance":{"Mean":297.1883932345864,"Sigma":13.668603237652365,"Taucorr":0.03633862816730593},"Iteration":1},
{"Acceptance":[0.4793890579111197],"Energy":{"Mean":-686.2379032258066,"Sigma":0.8887429740264542,"Taucorr":1.0230981166165127},"EnergyVariance":{"Mean":256.9615472164412,"Sigma":11.131123551626125,"Taucorr":-0.051727319634837954},"Iteration":2},
{"Acceptance":[0.4108735029808487],"Energy":{"Mean":-698.1542338709678,"Sigma":0.5974786283053559,"Taucorr":0.42595025074758475},"EnergyVariance":{"Mean":191.02963933240113,"Sigma":10.801421148670517,"Taucorr":0.30602758296094534},"Iteration":3},
{"Acceptance":[0.36354923236551007],"Energy":{"Mean":-708.6532258064517,"Sigma":0.64890985085522,"Taucorr":0.7186591938518572},"EnergyVariance":{"Mean":171.21039281997918,"Sigma":8.921119267705201,"Taucorr":0.21314083501934333},"Iteration":4},
{"Acceptance":[0.31068533141058335],"Energy":{"Mean":-717.539314516129,"Sigma":0.7033679654019855,"Taucorr":0.9749869220998439},"EnergyVariance":{"Mean":166.19603501398285,"Sigma":10.061133167484895,"Taucorr":0.3897795123440294},"Iteration":5},
{"Acceptance":[0.26637708175790936],"Energy":{"Mean":-728.3669354838709,"Sigma":0.6382433728231318,"Taucorr":1.1132648175558362},"EnergyVariance":{"Mean":125.11535835067639,"Sigma":6.832687432965604,"Taucorr":0.05582531959645354},"Iteration":6},
{"Acceptance":[0.22657967395318573],"Energy":{"Mean":-735.7872983870967,"Sigma":0.5111439149629702,"Taucorr":0.9131308806250735},"EnergyVariance":{"Mean":91.61100802386838,"Sigma":4.575069263593799,"Taucorr":0.04073104172946507},"Iteration":7},
{"Acceptance":[0.1883650176740587],"Energy":{"Mean":-740.8618951612905,"Sigma":0.45425800183125087,"Taucorr":0.8214063898084369},"EnergyVariance":{"Mean":77.37709640836368,"Sigma":4.345343098841162,"Taucorr":0.12371990619225015},"Iteration":8},
{"Acceptance":[0.16759580043261876],"Energy":{"Mean":-746.1693548387099,"Sigma":0.34257734425615793,"Taucorr":0.3915199894983009},"EnergyVariance":{"Mean":65.22736732570239,"Sigma":3.1910239000939122,"Taucorr":0.10401872801394807},"Iteration":9},
{"Acceptance":[0.14451400735100153],"Energy":{"Mean":-749.8014112903226,"Sigma":0.4483006958702978,"Taucorr":1.300822823281182},"EnergyVariance":{"Mean":55.29826413729188,"Sigma":3.714693887773271,"Taucorr":0.32445643624059595},"Iteration":10},
{"Acceptance":[0.1277192550516153],"Energy":{"Mean":-754.1653225806452,"Sigma":0.42712150747728395,"Taucorr":1.6601070481481242},"EnergyVariance":{"Mean":41.847668444328825,"Sigma":2.408640368365866,"Taucorr":0.37235790861570395},"Iteration":11},
{"Acceptance":[0.11300845892759791],"Energy":{"Mean":-756.8165322580645,"Sigma":0.33067363993537674,"Taucorr":1.3107246486472868},"EnergyVariance":{"Mean":29.921984748959417,"Sigma":1.6680247780552055,"Taucorr":0.059155707556876824},"Iteration":12},
{"Acceptance":[0.10560469901341822],"Energy":{"Mean":-758.6411290322579,"Sigma":0.3077354219163082,"Taucorr":1.076743223898749},"EnergyVariance":{"Mean":29.76032453173777,"Sigma":2.0985099060961705,"Taucorr":0.36133855866062314},"Iteration":13},
{"Acceptance":[0.09083235144118319],"Energy":{"Mean":-761.2963709677418,"Sigma":0.2862308027255183,"Taucorr":1.308543479695164},"EnergyVariance":{"Mean":22.446438443028097,"Sigma":1.373557741898451,"Taucorr":0.09483090396707694},"Iteration":14},
{"Acceptance":[0.0813710145437279],"Energy":{"Mean":-762.7489919354839,"Sigma":0.2763441759105129,"Taucorr":1.3501461884500132},"EnergyVariance":{"Mean":20.452115919289806,"Sigma":1.2725347170002,"Taucorr":0.3156136370982545},"Iteration":15},
{"Acceptance":[0.07038847756889366],"Energy":{"Mean":-764.2147177419356,"Sigma":0.22544824458580578,"Taucorr":1.0382580317936136},"EnergyVariance":{"Mean":16.372243065491677,"Sigma":1.1053152371550123,"Taucorr":0.07765598770004611},"Iteration":16},
{"Acceptance":[0.06281764943812321],"Energy":{"Mean":-765.5816532258066,"Sigma":0.141417475972399,"Taucorr":0.411266219964305},"EnergyVariance":{"Mean":10.874381137812174,"Sigma":0.8107623368910248,"Taucorr":0.06601427017150774},"Iteration":17},
{"Acceptance":[0.0557744051492183],"Energy":{"Mean":-765.9153225806451,"Sigma":0.17763115107566457,"Taucorr":0.9269492046697108},"EnergyVariance":{"Mean":10.95653941207076,"Sigma":1.219270043537711,"Taucorr":0.6807382202935002},"Iteration":18},
{"Acceptance":[0.05057770430684276],"Energy":{"Mean":-766.6683467741934,"Sigma":0.15259624130321306,"Taucorr":0.8201692485433529},"EnergyVariance":{"Mean":8.739804524908948,"Sigma":0.7037956319385871,"Taucorr":0.08866142430270108},"Iteration":19},
{"Acceptance":[0.046102034715016796],"Energy":{"Mean":-767.133064516129,"Sigma":0.18967692217951354,"Taucorr":1.8181890020995928},"EnergyVariance":{"Mean":7.689955124869925,"Sigma":1.161182356814105,"Taucorr":1.7279753553948076},"Iteration":20},
{"Acceptance":[0.0402986124544959],"Energy":{"Mean":-767.717741935484,"Sigma":0.11654434956057916,"Taucorr":0.5144905682727747},"EnergyVariance":{"Mean":6.634040062434964,"Sigma":1.1671861018092848,"Taucorr":0.9449562020122586},"Iteration":21},
{"Acceptance":[0.036368112832597645],"Energy":{"Mean":-767.9788306451612,"Sigma":0.09445731270260173,"Taucorr":0.3126618252421084},"EnergyVariance":{"Mean":5.440076051964097,"Sigma":0.7052003235367275,"Taucorr":0.19454445496206352},"Iteration":22},
{"Acceptance":[0.0317517542162742],"Energy":{"Mean":-768.422379032258,"Sigma":0.08503229847376938,"Taucorr":0.46367263183089014},"EnergyVariance":{"Mean":3.7177653079474506,"Sigma":0.5121990012312958,"Taucorr":0.2277830741338427},"Iteration":23},
{"Acceptance":[0.03023055413889524],"Energy":{"Mean":-768.6048387096773,"Sigma":0.08801390450114299,"Taucorr":0.7981698372853283},"EnergyVariance":{"Mean":2.9567507804370448,"Sigma":0.31144857895484174,"Taucorr":0.23167347645980096},"Iteration":24},
{"Acceptance":[0.026282468388934808],"Energy":{"Mean":-768.7338709677418,"Sigma":0.08303294694490934,"Taucorr":0.5772912757132349},"EnergyVariance":{"Mean":3.171110822060354,"Sigma":0.4397326316266205,"Taucorr":0.47745599185843346},"Iteration":25},
{"Acceptance":[0.02579884986722473],"Energy":{"Mean":-768.9606854838709,"Sigma":0.05606989801494327,"Taucorr":0.22841459194089409},"EnergyVariance":{"Mean":2.138575336563475,"Sigma":0.29126731063218353,"Taucorr":0.5282646959561128},"Iteration":26},
{"Acceptance":[0.02385558271635334],"Energy":{"Mean":-768.8528225806451,"Sigma":0.10645530398456417,"Taucorr":1.2095058929612512},"EnergyVariance":{"Mean":3.284790420135276,"Sigma":0.5533576862610317,"Taucorr":0.687994413251964},"Iteration":27},
{"Acceptance":[0.022677312136186976],"Energy":{"Mean":-769.0917338709678,"Sigma":0.05508682898740429,"Taucorr":0.17290432253300847},"EnergyVariance":{"Mean":2.2345284453043694,"Sigma":0.3688579850094669,"Taucorr":0.5574274859193069},"Iteration":28},
{"Acceptance":[0.021674902836642456],"Energy":{"Mean":-769.21875,"Sigma":0.05140008838534815,"Taucorr":0.1600265772991949},"EnergyVariance":{"Mean":1.9833984375,"Sigma":0.30502110411442546,"Taucorr":-0.013220275509102486},"Iteration":29},
{"Acceptance":[0.01840388301707613],"Energy":{"Mean":-769.3830645161291,"Sigma":0.04227465712988745,"Taucorr":0.12816405814497334},"EnergyVariance":{"Mean":1.4097131893860557,"Sigma":0.20415468726845692,"Taucorr":-0.06684973077856893},"Iteration":30},
{"Acceptance":[0.018553365105604697],"Energy":{"Mean":-769.4002016129033,"Sigma":0.05128595305828771,"Taucorr":0.3372808440624734},"EnergyVariance":{"Mean":1.5565725399973989,"Sigma":0.29746160628431845,"Taucorr":0.26010559130247957},"Iteration":31},
{"Acceptance":[0.018351124632889577],"Energy":{"Mean":-769.4495967741935,"Sigma":0.050756156834836225,"Taucorr":0.2530800242362288},"EnergyVariance":{"Mean":1.695040159989594,"Sigma":0.4020190975492182,"Taucorr":0.08215413575962116},"Iteration":32},
{"Acceptance":[0.017295956949158503],"Energy":{"Mean":-769.4112903225805,"Sigma":0.06744697448994554,"Taucorr":0.6314902080411922},"EnergyVariance":{"Mean":1.9921305931321542,"Sigma":0.5410594254588375,"Taucorr":0.47940906230754343},"Iteration":33},
{"Acceptance":[0.016601304890702214],"Energy":{"Mean":-769.5614919354838,"Sigma":0.042584412508472676,"Taucorr":0.3086804440942327},"EnergyVariance":{"Mean":1.1111380967091569,"Sigma":0.23331481682300895,"Taucorr":0.349353008128533},"Iteration":34},
{"Acceptance":[0.016495788122329106],"Energy":{"Mean":-769.4939516129033,"Sigma":0.048745591776645066,"Taucorr":0.6230726232434622},"EnergyVariance":{"Mean":1.048350513787721,"Sigma":0.18549297735024997,"Taucorr":0.45981828235270394},"Iteration":35},
{"Acceptance":[0.014121660833934192],"Energy":{"Mean":-769.586693548387,"Sigma":0.07149207952001572,"Taucorr":0.7710558267694085},"EnergyVariance":{"Mean":1.9924842286680549,"Sigma":0.7497732351838859,"Taucorr":0.9557530198577193},"Iteration":36},
{"Acceptance":[0.01356769779997538],"Energy":{"Mean":-769.7086693548385,"Sigma":0.0430480139337749,"Taucorr":0.8418879524784901},"EnergyVariance":{"Mean":0.684279680996358,"Sigma":0.1994471383718159,"Taucorr":0.9731680430396563},"Iteration":37},
{"Acceptance":[0.01403373019362327],"Energy":{"Mean":-769.7157258064516,"Sigma":0.032898547527419955,"Taucorr":0.22892741580531506},"EnergyVariance":{"Mean":0.73572044094693,"Sigma":0.1459857070601842,"Taucorr":-0.01369053861035624},"Iteration":38},
{"Acceptance":[0.01330390587904261],"Energy":{"Mean":-769.726814516129,"Sigma":0.038093636346147604,"Taucorr":0.8333170023005301},"EnergyVariance":{"Mean":0.5392809817247658,"Sigma":0.12554600241948197,"Taucorr":0.6761572173200288},"Iteration":39},
{"Acceptance":[0.013602870056099748],"Energy":{"Mean":-769.758064516129,"Sigma":0.03543744672056562,"Taucorr":0.5087290788087038},"EnergyVariance":{"Mean":0.6168704474505722,"Sigma":0.19073147896126436,"Taucorr":0.46109864633186115},"Iteration":40},
{"Acceptance":[0.01253011624430649],"Energy":{"Mean":-769.6229838709677,"Sigma":0.08906218147310711,"Taucorr":1.2975593701066126},"EnergyVariance":{"Mean":2.1864878707075963,"Sigma":0.9830835246815597,"Taucorr":1.1230794264482455},"Iteration":41},
{"Acceptance":[0.012820287357332536],"Energy":{"Mean":-769.8185483870966,"Sigma":0.024483035105512176,"Taucorr":0.17063524113702389},"EnergyVariance":{"Mean":0.4428817637877211,"Sigma":0.10846262923404454,"Taucorr":0.03968720922667923},"Iteration":42},
{"Acceptance":[0.01275873590911489],"Energy":{"Mean":-769.7711693548389,"Sigma":0.03774525247347908,"Taucorr":0.3467308355645604},"EnergyVariance":{"Mean":0.833725245512487,"Sigma":0.34208543796809743,"Taucorr":0.6333738071343555},"Iteration":43},
{"Acceptance":[0.011773912737632555],"Energy":{"Mean":-769.790322580645,"Sigma":0.06095526430461216,"Taucorr":1.870657250579467},"EnergyVariance":{"Mean":0.7765998959417272,"Sigma":0.42222332413872143,"Taucorr":2.082535354331266},"Iteration":44},
{"Acceptance":[0.011589258392979617],"Energy":{"Mean":-769.8407258064515,"Sigma":0.0353004945189865,"Taucorr":0.44987952234167294},"EnergyVariance":{"Mean":0.6500349570759625,"Sigma":0.42425728052255657,"Taucorr":0.497810496133545},"Iteration":45},
{"Acceptance":[0.010815468758243497],"Energy":{"Mean":-769.821572580645,"Sigma":0.0350269178240314,"Taucorr":0.47358777772919536},"EnergyVariance":{"Mean":0.6244136560223724,"Sigma":0.2038416336586759,"Taucorr":0.3187792453691475},"Iteration":46},
{"Acceptance":[0.011800291929725832],"Energy":{"Mean":-769.8245967741937,"Sigma":0.03229689363333339,"Taucorr":0.200929723402835},"EnergyVariance":{"Mean":0.7373788696670137,"Sigma":0.34158642684000207,"Taucorr":0.4136037511686328},"Iteration":47},
{"Acceptance":[0.011694775161352726],"Energy":{"Mean":-769.8215725806454,"Sigma":0.04185592639521664,"Taucorr":0.7418636633904516},"EnergyVariance":{"Mean":0.6990104302159209,"Sigma":0.2883052310179096,"Taucorr":0.610592249358622},"Iteration":48},
{"Acceptance":[0.011272708087860297],"Energy":{"Mean":-769.8497983870968,"Sigma":0.036530344249518336,"Taucorr":0.9117734100231385},"EnergyVariance":{"Mean":0.46836689483610816,"Sigma":0.1930660345749951,"Taucorr":0.8074270372334049},"Iteration":49} 
]}