{"Output": [
{"Acceptance":[0.9480392156862745],"Energy":{"Mean":-154.49193548387095,"Sigma":0.7308931668627302,"Taucorr":-0.046896938961308754},"EnergyVariance":{"Mean":72.50799947970864,"Sigma":8.288356574241892,"Taucorr":-0.0792919856080665},"Iteration":0},
{"Acceptance":[0.9425770308123249],"Energy":{"Mean":-155.40322580645167,"Sigma":0.7143571268994211,"Taucorr":-0.06332307152138955},"EnergyVariance":{"Mean":71.86966701352756,"Sigma":9.836519720585791,"Taucorr":-0.001162189808959102},"Iteration":1},
{"Acceptance":[0.9252100840336135],"Energy":{"Mean":-154.98387096774195,"Sigma":0.8241919702023903,"Taucorr":-0.049930635157745484},"EnergyVariance":{"Mean":92.82232049947969,"Sigma":17.812947526897474,"Taucorr":0.0857230038866782},"Iteration":2},
{"Acceptance":[0.9165266106442577],"Energy":{"Mean":-152.79032258064515,"Sigma":0.9798436877611499,"Taucorr":0.22790564918300948},"EnergyVariance":{"Mean":81.11732570239333,"Sigma":8.841656232977952,"Taucorr":-0.17272835020143334},"Iteration":3},
{"Acceptance":[0.9023809523809524],"Energy":{"Mean":-155.66129032258064,"Sigma":0.8450956225001534,"Taucorr":0.1611478985476037},"EnergyVariance":{"Mean":66.43366285119666,"Sigma":7.58043588724048,"Taucorr":0.00028002357702683334},"Iteration":4},
{"Acceptance":[0.8829131652661064],"Energy":{"Mean":-156.6774193548387,"Sigma":0.8175817959463039,"Taucorr":0.09668332477457875},"EnergyVariance":{"Mean":68.89594172736732,"Sigma":10.167420330383967,"Taucorr":0.11997932649091148},"Iteration":5},
{"Acceptance":[0.8633053221288516],"Energy":{"Mean":-155.60483870967738,"Sigma":0.7947893304379544,"Taucorr":0.09255640701336898},"EnergyVariance":{"Mean":65.56158949011447,"Sigma":8.7074704416261,"Taucorr":-0.15464337160421787},"Iteration":6},
{"Acceptance":[0.8686274509803922],"Energy":{"Mean":-155.23387096774195,"Sigma":0.6825331812674331,"Taucorr":-0.08566670711049634},"EnergyVariance":{"Mean":69.14691727367324,"Sigma":9.706264243490995,"Taucorr":0.1654079266800792},"Iteration":7},
{"Acceptance":[0.8442577030812325],"Energy":{"Mean":-157.51612903225808,"Sigma":0.7288169346112948,"Taucorr":-0.015054529585776355},"EnergyVariance":{"Mean":67.36264308012487,"Sigma":13.068590295476726,"Taucorr":0.15708692298219284},"Iteration":8},
{"Acceptance":[0.8264705882352941],"Energy":{"Mean":-158.78225806451613,"Sigma":0.8299454198503832,"Taucorr":0.019615948867639177},"EnergyVariance":{"Mean":81.52516909469303,"Sigma":11.219933972137072,"Taucorr":-0.004876583388455924},"Iteration":9},
{"Acceptance":[0.7978991596638656],"Energy":{"Mean":-158.4112903225806,"Sigma":0.8401507470898227,"Taucorr":0.187636747624076},"EnergyVariance":{"Mean":63.1292273673257,"Sigma":7.771853642257114,"Taucorr":0.052379601106220086},"Iteration":10},
{"Acceptance":[0.7414565826330533],"Energy":{"Mean":-160.92741935483872,"Sigma":1.0586429706465441,"Taucorr":0.16118049719658512},"EnergyVariance":{"Mean":104.24473204994796,"Sigma":15.118350701587772,"Taucorr":0.16958442178156752},"Iteration":11},
{"Acceptance":[0.6964985994397759],"Energy":{"Mean":-161.75806451612902,"Sigma":1.0480706718511819,"Taucorr":0.33728256278474344},"EnergyVariance":{"Mean":80.68340270551508,"Sigma":13.81171843615624,"Taucorr":0.16563189344773466},"Iteration":12},
{"Acceptance":[0.6250700280112045],"Energy":{"Mean":-165.45967741935485,"Sigma":1.0114995239020002,"Taucorr":0.33423151773619675},"EnergyVariance":{"Mean":75.42579344432883,"Sigma":10.772562124549204,"Taucorr":0.19460338555053902},"Iteration":13},
{"Acceptance":[0.5338935574229692],"Energy":{"Mean":-170.44354838709674,"Sigma":1.0266417272896515,"Taucorr":0.2952969911882922},"EnergyVariance":{"Mean":81.50487773152965,"Sigma":11.966851949061072,"Taucorr":-0.009957660252436829},"Iteration":14},
{"Acceptance":[0.4303921568627451],"Energy":{"Mean":-174.88709677419354,"Sigma":1.2303202829395914,"Taucorr":0.609469378706939},"EnergyVariance":{"Mean":83.90660770031216,"Sigma":15.993845877623187,"Taucorr":0.29435573190714326},"Iteration":15},
{"Acceptance":[0.33361344537815124],"Energy":{"Mean":-180.75806451612902,"Sigma":0.7556671081606494,"Taucorr":0.2359955893337108},"EnergyVariance":{"Mean":47.715660770031214,"Sigma":7.006305791177172,"Taucorr":0.053850767261547694},"Iteration":16},
{"Acceptance":[0.26778711484593837],"Energy":{"Mean":-186.05645161290326,"Sigma":0.6886863837313834,"Taucorr":0.09679314451474696},"EnergyVariance":{"Mean":48.87584547346514,"Sigma":6.913562835953288,"Taucorr":0.176332196864328},"Iteration":17},
{"Acceptance":[0.22787114845938375],"Energy":{"Mean":-186.99193548387098,"Sigma":0.6306980974950193,"Taucorr":0.2697227036749803},"EnergyVariance":{"Mean":31.782193028095737,"Sigma":4.989864828124608,"Taucorr":0.19824642956967709},"Iteration":18},
{"Acceptance":[0.17955182072829132],"Energy":{"Mean":-190.4193548387097,"Sigma":0.7273818029074086,"Taucorr":0.4132231827341487},"EnergyVariance":{"Mean":35.630593132154004,"Sigma":4.263087582353478,"Taucorr":0.025673727812543512},"Iteration":19},
{"Acceptance":[0.1584033613445378],"Energy":{"Mean":-191.69354838709674,"Sigma":0.7168957195934558,"Taucorr":0.28821856976962956},"EnergyVariance":{"Mean":40.09963579604579,"Sigma":4.974161333653865,"Taucorr":-0.06203605550850633},"Iteration":20},
{"Acceptance":[0.13011204481792718],"Energy":{"Mean":-194.45161290322577,"Sigma":0.528415586034649,"Taucorr":0.26137857851391966},"EnergyVariance":{"Mean":22.554110301768997,"Sigma":3.186787664491988,"Taucorr":-0.04765563533726791},"Iteration":21},
{"Acceptance":[0.10644257703081232],"Energy":{"Mean":-196.6935483870968,"Sigma":0.4216438767406973,"Taucorr":0.1859989880359746},"EnergyVariance":{"Mean":15.938345473465143,"Sigma":2.9902085622961314,"Taucorr":0.01995390549063114},"Iteration":22},
{"Acceptance":[0.0927170868347339],"Energy":{"Mean":-197.15322580645162,"Sigma":0.44384642967933335,"Taucorr":0.23712167076206048},"EnergyVariance":{"Mean":16.436199271592088,"Sigma":2.6434801564929793,"Taucorr":0.07011963956450984},"Iteration":23},
{"Acceptance":[0.09103641456582633],"Energy":{"Mean":-199.41935483870964,"Sigma":0.38510351505583473,"Taucorr":0.23717672413793145},"EnergyVariance":{"Mean":12.372528616024974,"Sigma":2.2806642053655,"Taucorr":0.4014162395993186},"Iteration":24},
{"Acceptance":[0.09649859943977591],"Energy":{"Mean":-199.6774193548387,"Sigma":0.33943215317816994,"Taucorr":0.05570500265230238},"EnergyVariance":{"Mean":12.75078043704474,"Sigma":1.8993639580485087,"Taucorr":0.030213910324376925},"Iteration":25},
{"Acceptance":[0.08389355742296918],"Energy":{"Mean":-201.28225806451613,"Sigma":0.35860053843683387,"Taucorr":0.32887592275760535},"EnergyVariance":{"Mean":9.541298126951094,"Sigma":1.461956213568387,"Taucorr":0.2082210680238552},"Iteration":26},
{"Acceptance":[0.06974789915966387],"Energy":{"Mean":-201.9193548387097,"Sigma":0.29338291448661485,"Taucorr":0.21722181100419347},"EnergyVariance":{"Mean":7.380593132154007,"Sigma":1.1867319532072476,"Taucorr":0.18261883918445532},"Iteration":27},
{"Acceptance":[0.05854341736694678],"Energy":{"Mean":-203.09677419354836,"Sigma":0.2961848402445746,"Taucorr":0.33956056189782147},"EnergyVariance":{"Mean":6.4261186264307995,"Sigma":2.2287560004625937,"Taucorr":0.40804649621668987},"Iteration":28},
{"Acceptance":[0.044257703081232495],"Energy":{"Mean":-202.70161290322582,"Sigma":0.37034192186575954,"Taucorr":0.6369300898531673},"EnergyVariance":{"Mean":7.419029656607698,"Sigma":2.097148787351736,"Taucorr":0.6410225908866418},"Iteration":29},
{"Acceptance":[0.03459383753501401],"Energy":{"Mean":-203.70161290322582,"Sigma":0.2590873547103262,"Taucorr":0.5157654702277132},"EnergyVariance":{"Mean":4.064190946930282,"Sigma":1.139138301246034,"Taucorr":0.5643148508276872},"Iteration":30},
{"Acceptance":[0.025910364145658265],"Energy":{"Mean":-204.1693548387097,"Sigma":0.1587023558062928,"Taucorr":0.02558534701534132},"EnergyVariance":{"Mean":2.947125390218523,"Sigma":0.9445785076959979,"Taucorr":0.1944829083572417},"Iteration":31},
{"Acceptance":[0.02142857142857143],"Energy":{"Mean":-204.54838709677415,"Sigma":0.10839701695514038,"Taucorr":0.08676594845797025},"EnergyVariance":{"Mean":1.2315296566077005,"Sigma":0.39649335787710915,"Taucorr":-0.016945128964598932},"Iteration":32},
{"Acceptance":[0.013725490196078431],"Energy":{"Mean":-204.64516129032256,"Sigma":0.13358889832805643,"Taucorr":0.38150856665274124},"EnergyVariance":{"Mean":1.2450572320499482,"Sigma":0.57287731876305,"Taucorr":0.11123057481687915},"Iteration":33},
{"Acceptance":[0.011204481792717087],"Energy":{"Mean":-204.85483870967744,"Sigma":0.07311630294608412,"Taucorr":0.4396468401486906},"EnergyVariance":{"Mean":0.3498959417273674,"Sigma":0.2076338922880303,"Taucorr":0.22516650585439835},"Iteration":34},
{"Acceptance":[0.009523809523809525],"Energy":{"Mean":-204.59677419354833,"Sigma":0.16827613449377438,"Taucorr":0.7142708144386063},"EnergyVariance":{"Mean":1.4341831425598337,"Sigma":0.6656830225460719,"Taucorr":0.7196315207484643},"Iteration":35},
{"Acceptance":[0.00938375350140056],"Energy":{"Mean":-204.79838709677418,"Sigma":0.07550845110316258,"Taucorr":-0.005684422847707149},"EnergyVariance":{"Mean":0.7093522372528612,"Sigma":0.39671522002530896,"Taucorr":-0.02067259749140088},"Iteration":36},
{"Acceptance":[0.008263305322128852],"Energy":{"Mean":-204.71774193548382,"Sigma":0.11284560741749651,"Taucorr":0.3435516637478213},"EnergyVariance":{"Mean":0.9283949011446411,"Sigma":0.48169410285927944,"Taucorr":0.18424465227764597},"Iteration":37},
{"Acceptance":[0.008683473389355743],"Energy":{"Mean":-204.6612903225806,"Sigma":0.13041929233852884,"Taucorr":0.4553516274649596},"EnergyVariance":{"Mean":1.0949531737773148,"Sigma":0.5620259778508843,"Taucorr":0.11780501438301583},"Iteration":38},
{"Acceptance":[0.0067226890756302525],"Energy":{"Mean":-204.79838709677415,"Sigma":0.06996480954805334,"Taucorr":0.004732308363318172},"EnergyVariance":{"Mean":0.59644901144641,"Sigma":0.29555057078330405,"Taucorr":-0.02068720283782788},"Iteration":39},
{"Acceptance":[0.0036414565826330533],"Energy":{"Mean":-204.9354838709677,"Sigma":0.043328797222492534,"Taucorr":0.02092136150235746},"EnergyVariance":{"Mean":0.22164412070759631,"Sigma":0.19631879683797382,"Taucorr":-0.001476104496007602},"Iteration":40},
{"Acceptance":[0.0036414565826330533],"Energy":{"Mean":-204.94354838709677,"Sigma":0.0429266651147079,"Taucorr":0.4621755935946985},"EnergyVariance":{"Mean":0.11778095733610822,"Sigma":0.10082843572172136,"Taucorr":0.3690783863679057},"Iteration":41},
{"Acceptance":[0.004201680672268907],"Energy":{"Mean":-204.6612903225806,"Sigma":0.10209392885331592,"Taucorr":-0.008654037886350219},"EnergyVariance":{"Mean":1.3046305931321536,"Sigma":0.39651770829979044,"Taucorr":-0.05127558428699447},"Iteration":42},
{"Acceptance":[0.004341736694677871],"Energy":{"Mean":-204.94354838709677,"Sigma":0.032190790064349994,"Taucorr":-0.02408936376881682},"EnergyVariance":{"Mean":0.13390998959417275,"Sigma":0.0799155720475574,"Taucorr":-0.019633308508813674},"Iteration":43},
{"Acceptance":[0.002380952380952381],"Energy":{"Mean":-204.95967741935485,"Sigma":0.0403225806451611,"Taucorr":-3.9968028886505635e-15},"EnergyVariance":{"Mean":0.19998699271592094,"Sigma":0.1983610822060361,"Taucorr":4.440892098500626e-16},"Iteration":44},
{"Acceptance":[0.006442577030812325],"Energy":{"Mean":-204.84677419354836,"Sigma":0.08005157893276656,"Taucorr":0.09532370566854087},"EnergyVariance":{"Mean":0.6620057232049948,"Sigma":0.42819073304928246,"Taucorr":0.014057533660884247},"Iteration":45},
{"Acceptance":[0.0025210084033613447],"Energy":{"Mean":-204.9677419354839,"Sigma":0.0322580645161291,"Taucorr":0.5081967213114731},"EnergyVariance":{"Mean":0.06347554630593132,"Sigma":0.06243496357960647,"Taucorr":0.5081967213114753},"Iteration":46},
{"Acceptance":[0.00392156862745098],"Energy":{"Mean":-204.8790322580645,"Sigma":0.05664329974651972,"Taucorr":0.55530434782608},"EnergyVariance":{"Mean":0.18697970863683663,"Sigma":0.09651713310320406,"Taucorr":0.25492463416971667},"Iteration":47},
{"Acceptance":[0.0028011204481792717],"Energy":{"Mean":-204.9032258064516,"Sigma":0.04734541818341255,"Taucorr":-0.03596760070052252},"EnergyVariance":{"Mean":0.2970863683662851,"Sigma":0.17136069406546042,"Taucorr":-0.021242457432544826},"Iteration":48},
{"Acceptance":[0.0018207282913165266],"Energy":{"Mean":-204.95967741935485,"Sigma":0.03298903001428464,"Taucorr":0.44326306141153715},"EnergyVariance":{"Mean":0.07095473465140477,"Sigma":0.062111136672022206,"Taucorr":0.4898702777588161},"Iteration":49},
{"Acceptance":[0.0035014005602240898],"Energy":{"Mean":-204.9596774193548,"Sigma":0.032989030014285645,"Taucorr":-0.0059529524723755944},"EnergyVariance":{"Mean":0.1354708636836629,"Sigma":0.12640104960768442,"Taucorr":-0.001474304316416486},"Iteration":50},
{"Acceptance":[0.0033613445378151263],"Energy":{"Mean":-204.97580645161287,"Sigma":0.017790744201907436,"Taucorr":-0.010147299509020546},"EnergyVariance":{"Mean":0.0397372528616025,"Sigma":0.03215013679968202,"Taucorr":-0.005821639123296196},"Iteration":51},
{"Acceptance":[0.0025210084033613447],"Energy":{"Mean":-204.92741935483875,"Sigma":0.06475091686474191,"Taucorr":-0.0031081589171675916},"EnergyVariance":{"Mean":0.5189255983350675,"Sigma":0.5065808503416677,"Taucorr":-0.00034286977189240675},"Iteration":52},
{"Acceptance":[0.0016806722689075631],"Energy":{"Mean":-204.97580645161293,"Sigma":0.024193548387096694,"Taucorr":-5.551115123125783e-16},"EnergyVariance":{"Mean":0.07199531737773152,"Sigma":0.0714099895941738,"Taucorr":0.0},"Iteration":53},
{"Acceptance":[0.0014005602240896359],"Energy":{"Mean":-204.97580645161293,"Sigma":0.02419354838709672,"Taucorr":-2.886579864025407e-15},"EnergyVariance":{"Mean":0.07199531737773153,"Sigma":0.0714099895941738,"Taucorr":-2.220446049250313e-16},"Iteration":54},
{"Acceptance":[0.0036414565826330533],"Energy":{"Mean":-204.94354838709677,"Sigma":0.036125671886736224,"Taucorr":0.03493714781101076},"EnergyVariance":{"Mean":0.15003902185223728,"Sigma":0.1256677105404066,"Taucorr":-0.0011881908595248736},"Iteration":55},
{"Acceptance":[0.0008403361344537816],"Energy":{"Mean":-205.0,"Sigma":0.0,"Taucorr":null},"EnergyVariance":{"Mean":0.0,"Sigma":0.0,"Taucorr":null},"Iteration":56},
{"Acceptance":[0.0033613445378151263],"Energy":{"Mean":-204.9354838709677,"Sigma":0.04332879722249276,"Taucorr":0.020921361502360902},"EnergyVariance":{"Mean":0.22164412070759631,"Sigma":0.19631879683797382,"Taucorr":-0.001476104496007491},"Iteration":57},
{"Acceptance":[0.0030812324929971988],"Energy":{"Mean":-204.97580645161287,"Sigma":0.017790744201907554,"Taucorr":-0.010147299509013274},"EnergyVariance":{"Mean":0.0397372528616025,"Sigma":0.03215013679968202,"Taucorr":-0.005821639123296196},"Iteration":58},
{"Acceptance":[0.00196078431372549],"Energy":{"Mean":-205.0,"Sigma":0.0,"Taucorr":null},"EnergyVariance":{"Mean":0.0,"Sigma":0.0,"Taucorr":null},"Iteration":59},
{"Acceptance":[0.0028011204481792717],"Energy":{"Mean":-205.0,"Sigma":0.0,"Taucorr":null},"EnergyVariance":{"Mean":0.0,"Sigma":0.0,"Taucorr":null},"Iteration":60},
{"Acceptance":[0.00392156862745098],"Energy":{"Mean":-204.95967741935485,"Sigma":0.03298903001428456,"Taucorr":-0.005952952472402073},"EnergyVariance":{"Mean":0.13547086368366285,"Sigma":0.12640104960768808,"Taucorr":-0.001474304316417152},"Iteration":61},
{"Acceptance":[0.002240896358543417],"Energy":{"Mean":-204.94354838709677,"Sigma":0.03967217379435145,"Taucorr":0.14512353706112358},"EnergyVariance":{"Mean":0.15003902185223728,"Sigma":0.12650658744839977,"Taucorr":0.005493530806881308},"Iteration":62},
{"Acceptance":[0.0036414565826330533],"Energy":{"Mean":-204.9677419354839,"Sigma":0.022426509263026282,"Taucorr":-0.012704918032777124},"EnergyVariance":{"Mean":0.06347554630593132,"Sigma":0.04340614696069686,"Taucorr":-0.012704918032786894},"Iteration":63},
{"Acceptance":[0.0014005602240896359],"Energy":{"Mean":-204.95967741935485,"Sigma":0.032989030014285096,"Taucorr":1.2295798319327917},"EnergyVariance":{"Mean":0.03869667013527576,"Sigma":0.030328624367972082,"Taucorr":1.2295798319327733},"Iteration":64},
{"Acceptance":[0.0028011204481792717],"Energy":{"Mean":-204.98387096774192,"Sigma":0.01612903225806461,"Taucorr":7.327471962526033e-15},"EnergyVariance":{"Mean":0.03199791883454734,"Sigma":0.031737773152965214,"Taucorr":-2.220446049250313e-16},"Iteration":65},
{"Acceptance":[0.0030812324929971988],"Energy":{"Mean":-205.0,"Sigma":0.0,"Taucorr":null},"EnergyVariance":{"Mean":0.0,"Sigma":0.0,"Taucorr":null},"Iteration":66},
{"Acceptance":[0.0028011204481792717],"Energy":{"Mean":-204.9758064516129,"Sigma":0.02419354838709666,"Taucorr":-4.9960036108132044e-15},"EnergyVariance":{"Mean":0.07199531737773153,"Sigma":0.07140998959417241,"Taucorr":-2.220446049250313e-16},"Iteration":67},
{"Acceptance":[0.0014005602240896359],"Energy":{"Mean":-204.93548387096772,"Sigma":0.05675800111220642,"Taucorr":-0.003536505867012152},"EnergyVariance":{"Mean":0.39906347554630583,"Sigma":0.3877066396023691,"Taucorr":-0.0004563816413349353},"Iteration":68},
{"Acceptance":[0.0028011204481792717],"Energy":{"Mean":-205.0,"Sigma":0.0,"Taucorr":null},"EnergyVariance":{"Mean":0.0,"Sigma":0.0,"Taucorr":null},"Iteration":69},
{"Acceptance":[0.002240896358543417],"Energy":{"Mean":-204.96774193548393,"Sigma":0.019197388248771322,"Taucorr":-0.021291208791199945},"EnergyVariance":{"Mean":0.047346514047866814,"Sigma":0.03245251775869765,"Taucorr":-0.012322699191433528},"Iteration":70},
{"Acceptance":[0.0008403361344537816],"Energy":{"Mean":-204.99193548387098,"Sigma":0.008064516129032235,"Taucorr":-3.4416913763379853e-15},"EnergyVariance":{"Mean":0.007999479708636837,"Sigma":0.007934443288241534,"Taucorr":0.0},"Iteration":71},
{"Acceptance":[0.0008403361344537816],"Energy":{"Mean":-204.96774193548387,"Sigma":0.0322580645161298,"Taucorr":0.5081967213114962},"EnergyVariance":{"Mean":0.0634755463059313,"Sigma":0.06243496357960465,"Taucorr":0.508196721311476},"Iteration":72},
{"Acceptance":[0.0014005602240896359],"Energy":{"Mean":-204.81451612903228,"Sigma":0.128037157501274,"Taucorr":0.4864524339802797},"EnergyVariance":{"Mean":1.0220473465140478,"Sigma":0.7765241464129641,"Taucorr":0.49804745128004635},"Iteration":73},
{"Acceptance":[0.0028011204481792717],"Energy":{"Mean":-204.9435483870968,"Sigma":0.036125671886736904,"Taucorr":-0.016986301369848966},"EnergyVariance":{"Mean":0.16616805411030178,"Sigma":0.12795134728544805,"Taucorr":-0.007477969074583535},"Iteration":74},
{"Acceptance":[0.0011204481792717086],"Energy":{"Mean":-204.9677419354839,"Sigma":0.032258064516128934,"Taucorr":-3.4416913763379853e-15},"EnergyVariance":{"Mean":0.1279916753381894,"Sigma":0.12695109261186452,"Taucorr":-2.220446049250313e-16},"Iteration":75},
{"Acceptance":[0.0014005602240896359],"Energy":{"Mean":-204.9032258064516,"Sigma":0.05397806622800455,"Taucorr":-0.02561983471074708},"EnergyVariance":{"Mean":0.3777315296566077,"Sigma":0.20546489725498354,"Taucorr":-0.025619834710743694},"Iteration":76},
{"Acceptance":[0.0011204481792717086],"Energy":{"Mean":-204.96774193548393,"Sigma":0.0322580645161289,"Taucorr":-2.3314683517128287e-15},"EnergyVariance":{"Mean":0.1279916753381894,"Sigma":0.12695109261186638,"Taucorr":0.0},"Iteration":77},
{"Acceptance":[0.0014005602240896359],"Energy":{"Mean":-204.99193548387098,"Sigma":0.008064516129032381,"Taucorr":1.1546319456101628e-14},"EnergyVariance":{"Mean":0.007999479708636837,"Sigma":0.007934443288241534,"Taucorr":0.0},"Iteration":78},
{"Acceptance":[0.00196078431372549],"Energy":{"Mean":-204.97580645161293,"Sigma":0.02419354838709684,"Taucorr":1.9984014443252818e-15},"EnergyVariance":{"Mean":0.07199531737773152,"Sigma":0.07140998959417381,"Taucorr":0.0},"Iteration":79},
{"Acceptance":[0.0016806722689075631],"Energy":{"Mean":-204.94354838709677,"Sigma":0.041331464717812225,"Taucorr":0.39199337382662336},"EnergyVariance":{"Mean":0.11778095733610819,"Sigma":0.10030255157473912,"Taucorr":0.36003643941485797},"Iteration":80},
{"Acceptance":[0.00196078431372549],"Energy":{"Mean":-204.96774193548387,"Sigma":0.03225806451613004,"Taucorr":0.5081967213115113},"EnergyVariance":{"Mean":0.06347554630593133,"Sigma":0.06243496357960466,"Taucorr":0.5081967213114762},"Iteration":81},
{"Acceptance":[0.0025210084033613447],"Energy":{"Mean":-204.9354838709677,"Sigma":0.05049185755644716,"Taucorr":-0.007598039215681751},"EnergyVariance":{"Mean":0.31841831425598344,"Sigma":0.2846753641893986,"Taucorr":-0.0026519242813038413},"Iteration":82},
{"Acceptance":[0.0014005602240896359],"Energy":{"Mean":-204.95967741935485,"Sigma":0.028626192498869295,"Taucorr":0.41921708185054296},"EnergyVariance":{"Mean":0.05482570239334027,"Sigma":0.03751238487766684,"Taucorr":0.13421412951416312},"Iteration":83},
{"Acceptance":[0.00196078431372549],"Energy":{"Mean":-204.9838709677419,"Sigma":0.011213254631512534,"Taucorr":-0.012704918032820534},"EnergyVariance":{"Mean":0.015868886576482832,"Sigma":0.01085153674017294,"Taucorr":-0.012704918032786894},"Iteration":84},
{"Acceptance":[0.0008403361344537816],"Energy":{"Mean":-205.0,"Sigma":0.0,"Taucorr":null},"EnergyVariance":{"Mean":0.0,"Sigma":0.0,"Taucorr":null},"Iteration":85},
{"Acceptance":[0.0005602240896358543],"Energy":{"Mean":-205.0,"Sigma":0.0,"Taucorr":null},"EnergyVariance":{"Mean":0.0,"Sigma":0.0,"Taucorr":null},"Iteration":86},
{"Acceptance":[0.0030812324929971988],"Energy":{"Mean":-204.9193548387097,"Sigma":0.04693151148988192,"Taucorr":-0.022731439046749957},"EnergyVariance":{"Mean":0.2838189386056191,"Sigma":0.17330618162907344,"Taucorr":-0.01833237696907347},"Iteration":87},
{"Acceptance":[0.0014005602240896359],"Energy":{"Mean":-204.8870967741935,"Sigma":0.07225134377347078,"Taucorr":0.28957133717208294},"EnergyVariance":{"Mean":0.40660770031217475,"Sigma":0.26881003201691955,"Taucorr":0.31384051277253944},"Iteration":88},
{"Acceptance":[0.0036414565826330533],"Energy":{"Mean":-204.89516129032253,"Sigma":0.05770498006451118,"Taucorr":-0.00823051694517607},"EnergyVariance":{"Mean":0.41642819979188345,"Sigma":0.2680262495673828,"Taucorr":-0.014694631660424062},"Iteration":89},
{"Acceptance":[0.0011204481792717086],"Energy":{"Mean":-204.99193548387095,"Sigma":0.008064516129032624,"Taucorr":3.530509218307998e-14},"EnergyVariance":{"Mean":0.007999479708636834,"Sigma":0.007934443288241074,"Taucorr":-2.220446049250313e-16},"Iteration":90},
{"Acceptance":[0.00196078431372549],"Energy":{"Mean":-204.9758064516129,"Sigma":0.017790744201907675,"Taucorr":-0.010147299509005614},"EnergyVariance":{"Mean":0.03973725286160249,"Sigma":0.032150136799683,"Taucorr":-0.005821639123296196},"Iteration":91},
{"Acceptance":[0.0011204481792717086],"Energy":{"Mean":-205.0,"Sigma":0.0,"Taucorr":null},"EnergyVariance":{"Mean":0.0,"Sigma":0.0,"Taucorr":null},"Iteration":92},
{"Acceptance":[0.002240896358543417],"Energy":{"Mean":-204.89516129032256,"Sigma":0.07493204228369005,"Taucorr":0.26960429047688206},"EnergyVariance":{"Mean":0.44868626430801245,"Sigma":0.30652804049006277,"Taucorr":0.20968364179694},"Iteration":93},
{"Acceptance":[0.0014005602240896359],"Energy":{"Mean":-205.0,"Sigma":0.0,"Taucorr":null},"EnergyVariance":{"Mean":0.0,"Sigma":0.0,"Taucorr":null},"Iteration":94},
{"Acceptance":[0.0012605042016806723],"Energy":{"Mean":-205.0,"Sigma":0.0,"Taucorr":null},"EnergyVariance":{"Mean":0.0,"Sigma":0.0,"Taucorr":null},"Iteration":95},
{"Acceptance":[0.0015406162464985994],"Energy":{"Mean":-204.98387096774192,"Sigma":0.016129032258064363,"Taucorr":0.508196721311474},"EnergyVariance":{"Mean":0.015868886576482832,"Sigma":0.015608740894900703,"Taucorr":0.5081967213114753},"Iteration":96},
{"Acceptance":[0.0011204481792717086],"Energy":{"Mean":-204.98387096774192,"Sigma":0.01612903225806435,"Taucorr":-7.993605777301127e-15},"EnergyVariance":{"Mean":0.031997918834547334,"Sigma":0.031737773152965214,"Taucorr":0.0},"Iteration":97},
{"Acceptance":[0.0025210084033613447],"Energy":{"Mean":-204.81451612903223,"Sigma":0.14935692885042048,"Taucorr":0.43095458758109373},"EnergyVariance":{"Mean":1.4736602497398543,"Sigma":1.260263229026294,"Taucorr":0.4814208106258373},"Iteration":98},
{"Acceptance":[0.002240896358543417],"Energy":{"Mean":-204.91935483870964,"Sigma":0.051046964426658174,"Taucorr":0.0986637512147639},"EnergyVariance":{"Mean":0.2676899063475547,"Sigma":0.20185440874281493,"Taucorr":0.01391524879464967},"Iteration":99} 
]}