{"Output": [
{"Acceptance":[0.8674550614947966],"Energy":{"Mean":-1430.7016129032259,"Sigma":2.362350847395027,"Taucorr":-0.05351090200903974},"EnergyVariance":{"Mean":768.6932232049945,"Sigma":101.61665064232461,"Taucorr":-0.08298165029651655},"Iteration":0},
{"Acceptance":[0.8296121097445601],"Energy":{"Mean":-1440.8548387096776,"Sigma":2.6735908305573552,"Taucorr":0.1364918576467682},"EnergyVariance":{"Mean":690.6724765868887,"Sigma":111.87569219850126,"Taucorr":0.3409800772558542},"Iteration":1},
{"Acceptance":[0.760879848628193],"Energy":{"Mean":-1439.4758064516127,"Sigma":3.1829593916784185,"Taucorr":0.3209193358394763},"EnergyVariance":{"Mean":758.9913501560874,"Sigma":140.69559476697717,"Taucorr":0.08367142301516695},"Iteration":2},
{"Acceptance":[0.4587038789025544],"Energy":{"Mean":-1467.1854838709676,"Sigma":2.181698304577339,"Taucorr":0.11382354429271557},"EnergyVariance":{"Mean":476.8930150884496,"Sigma":85.37357116104452,"Taucorr":0.05235204183708775},"Iteration":3},
{"Acceptance":[0.3055345316934721],"Energy":{"Mean":-1498.040322580645,"Sigma":1.698872838461598,"Taucorr":0.035172322104552345},"EnergyVariance":{"Mean":331.6677289281999,"Sigma":38.96050524185564,"Taucorr":-0.06509220114779612},"Iteration":4},
{"Acceptance":[0.24049195837275308],"Energy":{"Mean":-1519.4274193548388,"Sigma":1.649258286712118,"Taucorr":0.21448317796806804},"EnergyVariance":{"Mean":234.13182882414154,"Sigma":30.78012676164932,"Taucorr":0.1733503442826494},"Iteration":5},
{"Acceptance":[0.18831598864711446],"Energy":{"Mean":-1539.274193548387,"Sigma":1.4537842183728733,"Taucorr":0.33559195683913245},"EnergyVariance":{"Mean":155.5538501560874,"Sigma":18.774866836652492,"Taucorr":0.018883865314294535},"Iteration":6},
{"Acceptance":[0.15151371807000946],"Energy":{"Mean":-1559.5322580645163,"Sigma":1.249663499625493,"Taucorr":0.20017642596368657},"EnergyVariance":{"Mean":137.16831425598335,"Sigma":14.508419190895935,"Taucorr":-0.06258680957546964},"Iteration":7},
{"Acceptance":[0.11239356669820245],"Energy":{"Mean":-1572.0000000000002,"Sigma":1.2554183640592436,"Taucorr":0.33745471014492134},"EnergyVariance":{"Mean":115.74193548387098,"Sigma":12.778381251238839,"Taucorr":-0.032099632317556914},"Iteration":8},
{"Acceptance":[0.07582781456953643],"Energy":{"Mean":-1584.9596774193549,"Sigma":0.9130252777561589,"Taucorr":0.4039288265695159},"EnergyVariance":{"Mean":56.71611602497398,"Sigma":6.890167596796067,"Taucorr":0.07874509206987479},"Iteration":9},
{"Acceptance":[0.06182592242194891],"Energy":{"Mean":-1592.8225806451615,"Sigma":0.7688660786029095,"Taucorr":0.21150245139217017},"EnergyVariance":{"Mean":51.09755463059312,"Sigma":11.68691989473069,"Taucorr":0.41939413125450065},"Iteration":10},
{"Acceptance":[0.05141911069063387],"Energy":{"Mean":-1597.3951612903224,"Sigma":0.6975161571285935,"Taucorr":0.2717447206813214},"EnergyVariance":{"Mean":38.771266909469304,"Sigma":5.03882872707731,"Taucorr":0.07484889591663568},"Iteration":11},
{"Acceptance":[0.03746452223273415],"Energy":{"Mean":-1603.9112903225807,"Sigma":0.6226621206924865,"Taucorr":0.24175718791664946},"EnergyVariance":{"Mean":32.14535639958377,"Sigma":6.282205039864647,"Taucorr":0.2651359148760245},"Iteration":12},
{"Acceptance":[0.025260170293282876],"Energy":{"Mean":-1609.3064516129032,"Sigma":0.27157190710456136,"Taucorr":0.055563521651853076},"EnergyVariance":{"Mean":8.164151925078045,"Sigma":1.0220027856967555,"Taucorr":-0.062339335316603905},"Iteration":13},
{"Acceptance":[0.019252601702932828],"Energy":{"Mean":-1609.8225806451612,"Sigma":0.4390534706069767,"Taucorr":0.37602122219873124},"EnergyVariance":{"Mean":13.53303850156087,"Sigma":3.7853893959938367,"Taucorr":0.1445112798825976},"Iteration":14},
{"Acceptance":[0.01726584673604541],"Energy":{"Mean":-1611.2016129032256,"Sigma":0.21137649067873215,"Taucorr":0.2538943311386125},"EnergyVariance":{"Mean":3.6448361082206038,"Sigma":0.5614697201996595,"Taucorr":0.1494170142182134},"Iteration":15},
{"Acceptance":[0.0163197729422895],"Energy":{"Mean":-1611.9354838709678,"Sigma":0.29098639760903083,"Taucorr":0.40248985572589047},"EnergyVariance":{"Mean":5.77003121748179,"Sigma":1.6459718135894132,"Taucorr":0.4947531527682709},"Iteration":16},
{"Acceptance":[0.01381267738883633],"Energy":{"Mean":-1612.5080645161293,"Sigma":0.23460211998181915,"Taucorr":0.1427659285423052},"EnergyVariance":{"Mean":5.266063995837669,"Sigma":1.7540923046790442,"Taucorr":0.08727379441105365},"Iteration":17},
{"Acceptance":[0.01348155156102176],"Energy":{"Mean":-1612.7096774193546,"Sigma":0.2760845607842546,"Taucorr":0.4826316937506884},"EnergyVariance":{"Mean":4.770551508844953,"Sigma":3.0315936828619807,"Taucorr":0.504677767995743},"Iteration":18},
{"Acceptance":[0.012677388836329235],"Energy":{"Mean":-1613.7903225806451,"Sigma":0.09061971096434134,"Taucorr":0.08775355737202384},"EnergyVariance":{"Mean":0.859261186264308,"Sigma":0.13169690243346382,"Taucorr":-0.04620443094996679},"Iteration":19},
{"Acceptance":[0.013339640491958373],"Energy":{"Mean":-1614.1451612903227,"Sigma":0.11045737850491857,"Taucorr":0.23040010129138966},"EnergyVariance":{"Mean":1.027315296566077,"Sigma":0.26029395704992686,"Taucorr":0.09619906783591392},"Iteration":20},
{"Acceptance":[0.010454115421002838],"Energy":{"Mean":-1614.2741935483873,"Sigma":0.12397690922150058,"Taucorr":0.19489864218774633},"EnergyVariance":{"Mean":1.360301768990634,"Sigma":0.6592017927945203,"Taucorr":0.3830344803516076},"Iteration":21},
{"Acceptance":[0.00804162724692526],"Energy":{"Mean":-1614.5564516129034,"Sigma":0.09539791975719195,"Taucorr":0.09519330520784675},"EnergyVariance":{"Mean":0.9403616024973985,"Sigma":0.2754377525660696,"Taucorr":0.0021878298587523215},"Iteration":22},
{"Acceptance":[0.004541154210028382],"Energy":{"Mean":-1614.6451612903227,"Sigma":0.15928865457694313,"Taucorr":0.23743545611013717},"EnergyVariance":{"Mean":2.116024973985432,"Sigma":1.0401622936637698,"Taucorr":0.07994742572194546},"Iteration":23},
{"Acceptance":[0.0036896877956480605],"Energy":{"Mean":-1614.9919354838707,"Sigma":0.12130776584706372,"Taucorr":0.30739193501601536},"EnergyVariance":{"Mean":1.1209027055150884,"Sigma":0.4136796760691924,"Taucorr":0.3216493799772311},"Iteration":24},
{"Acceptance":[0.0019394512771996216],"Energy":{"Mean":-1615.0725806451615,"Sigma":0.06045698327093964,"Taucorr":-0.05292976329065058},"EnergyVariance":{"Mean":0.5027965660770033,"Sigma":0.2183838604133004,"Taucorr":-0.02383074873518326},"Iteration":25},
{"Acceptance":[0.0028855250709555347],"Energy":{"Mean":-1614.8709677419354,"Sigma":0.08104738404129176,"Taucorr":0.06965333822444764},"EnergyVariance":{"Mean":0.7091571279916753,"Sigma":0.4017257463590776,"Taucorr":-0.013790653548622078},"Iteration":26},
{"Acceptance":[0.001892147587511826],"Energy":{"Mean":-1614.975806451613,"Sigma":0.12178932470259828,"Taucorr":0.3509433962263866},"EnergyVariance":{"Mean":1.0719953173777315,"Sigma":0.6079055440811872,"Taucorr":0.3690387052327627},"Iteration":27},
{"Acceptance":[0.0020813623462630085],"Energy":{"Mean":-1615.0,"Sigma":0.08675760324277274,"Taucorr":0.21750000000002412},"EnergyVariance":{"Mean":0.6451612903225805,"Sigma":0.3060268703388754,"Taucorr":0.1891185258964142},"Iteration":28},
{"Acceptance":[0.0030274361400189215],"Energy":{"Mean":-1615.3467741935483,"Sigma":0.15882524859324998,"Taucorr":0.6309942629558334},"EnergyVariance":{"Mean":1.3716831425598337,"Sigma":0.4447207863492599,"Taucorr":0.4293386972106281},"Iteration":29},
{"Acceptance":[0.003878902554399243],"Energy":{"Mean":-1615.2338709677422,"Sigma":0.24038932464235863,"Taucorr":0.5148914436416749},"EnergyVariance":{"Mean":3.5017559833506766,"Sigma":1.325785170105683,"Taucorr":0.5838210152998593},"Iteration":30},
{"Acceptance":[0.004635761589403974],"Energy":{"Mean":-1615.8709677419356,"Sigma":0.24535221767493146,"Taucorr":0.5482542722451891},"EnergyVariance":{"Mean":3.5317377731529653,"Sigma":0.7793494618746093,"Taucorr":0.3225023784030868},"Iteration":31},
{"Acceptance":[0.007757805108798486],"Energy":{"Mean":-1616.4112903225805,"Sigma":0.16418108409077406,"Taucorr":-0.12626717299826185},"EnergyVariance":{"Mean":4.435678980228928,"Sigma":0.542630822797066,"Taucorr":0.12749466193215664},"Iteration":32},
{"Acceptance":[0.005534531693472091],"Energy":{"Mean":-1617.8387096774197,"Sigma":0.15491429606691737,"Taucorr":-0.011673695989014354},"EnergyVariance":{"Mean":3.0223725286160255,"Sigma":0.35038549837270605,"Taucorr":-0.0217050033479671},"Iteration":33},
{"Acceptance":[0.003216650898770104],"Energy":{"Mean":-1618.3870967741932,"Sigma":0.1550401914928704,"Taucorr":0.23494568028966767},"EnergyVariance":{"Mean":2.0114464099895946,"Sigma":0.5475727841298539,"Taucorr":0.3148411356834969},"Iteration":34},
{"Acceptance":[0.002838221381267739],"Energy":{"Mean":-1618.491935483871,"Sigma":0.15916611958798707,"Taucorr":0.038162417162770024},"EnergyVariance":{"Mean":2.8950962539021856,"Sigma":1.7044984074989096,"Taucorr":-0.004085185384280321},"Iteration":35},
{"Acceptance":[0.0036896877956480605],"Energy":{"Mean":-1618.5564516129032,"Sigma":0.1191985317683076,"Taucorr":0.19188423708739766},"EnergyVariance":{"Mean":1.2629422476586887,"Sigma":0.5097274076211298,"Taucorr":0.04338951255662926},"Iteration":36},
{"Acceptance":[0.0017975402081362346],"Energy":{"Mean":-1618.8306451612905,"Sigma":0.07896090700619567,"Taucorr":-0.012058263676238135},"EnergyVariance":{"Mean":0.7858350676378774,"Sigma":0.6265109266840979,"Taucorr":-0.0053394715834350626},"Iteration":37},
{"Acceptance":[0.000946073793755913],"Energy":{"Mean":-1618.8548387096773,"Sigma":0.0703048216700097,"Taucorr":-0.02519301097115717},"EnergyVariance":{"Mean":0.6402185223725285,"Sigma":0.3829787880188704,"Taucorr":-0.018724327622675896},"Iteration":38},
{"Acceptance":[0.0005676442762535478],"Energy":{"Mean":-1618.9032258064515,"Sigma":0.04287613341370679,"Taucorr":0.1138418079094835},"EnergyVariance":{"Mean":0.1841831425598335,"Sigma":0.07745366036024512,"Taucorr":0.11384180790960452},"Iteration":39},
{"Acceptance":[0.0007568590350047304],"Energy":{"Mean":-1618.9516129032256,"Sigma":0.03558148840381569,"Taucorr":0.32451790633605404},"EnergyVariance":{"Mean":0.0944328824141519,"Sigma":0.06771960696208779,"Taucorr":0.32451790633608824},"Iteration":40},
{"Acceptance":[0.0002838221381267739],"Energy":{"Mean":-1619.0403225806451,"Sigma":0.0403225806451619,"Taucorr":9.547918011776346e-15},"EnergyVariance":{"Mean":0.19998699271592094,"Sigma":0.19836108220603835,"Taucorr":2.220446049250313e-16},"Iteration":41},
{"Acceptance":[0.0001892147587511826],"Energy":{"Mean":-1618.9838709677417,"Sigma":0.036543323587029705,"Taucorr":0.35094339622655024},"EnergyVariance":{"Mean":0.09651404786680541,"Sigma":0.07046174368564449,"Taucorr":0.3169153619908327},"Iteration":42},
{"Acceptance":[0.0004730368968779565],"Energy":{"Mean":-1618.991935483871,"Sigma":0.049843668194713676,"Taucorr":0.0121648136036},"EnergyVariance":{"Mean":0.29832206035379816,"Sigma":0.20611369604117888,"Taucorr":-0.012994222953722434},"Iteration":43},
{"Acceptance":[0.0001892147587511826],"Energy":{"Mean":-1618.9516129032256,"Sigma":0.04838709677419669,"Taucorr":0.5081967213115743},"EnergyVariance":{"Mean":0.14281997918834546,"Sigma":0.14047866805409254,"Taucorr":0.5081967213114749},"Iteration":44},
{"Acceptance":[0.0005676442762535478],"Energy":{"Mean":-1618.975806451613,"Sigma":0.024193548387098775,"Taucorr":6.306066779870889e-14},"EnergyVariance":{"Mean":0.07199531737773153,"Sigma":0.0714099895941738,"Taucorr":0.0},"Iteration":45},
{"Acceptance":[0.0004730368968779565],"Energy":{"Mean":-1618.8790322580644,"Sigma":0.09045209608264093,"Taucorr":-0.009435038995661171},"EnergyVariance":{"Mean":1.0256893860561913,"Sigma":0.9532678713542094,"Taucorr":-0.0015187568834639786},"Iteration":46},
{"Acceptance":[9.46073793755913e-05],"Energy":{"Mean":-1618.967741935484,"Sigma":0.03225806451612899,"Taucorr":1.1324274851176597e-14},"EnergyVariance":{"Mean":0.1279916753381894,"Sigma":0.12695109261186452,"Taucorr":-2.220446049250313e-16},"Iteration":47},
{"Acceptance":[0.0003784295175023652],"Energy":{"Mean":-1619.0887096774193,"Sigma":0.12462221788440296,"Taucorr":1.0179534883721073},"EnergyVariance":{"Mean":0.6292273673257024,"Sigma":0.5828677231549317,"Taucorr":1.022248986137496},"Iteration":48},
{"Acceptance":[0.0],"Energy":{"Mean":-1619.0,"Sigma":0.0,"Taucorr":null},"EnergyVariance":{"Mean":0.0,"Sigma":0.0,"Taucorr":null},"Iteration":49},
{"Acceptance":[0.0002838221381267739],"Energy":{"Mean":-1618.9516129032256,"Sigma":0.03558148840381756,"Taucorr":0.32451790633616984},"EnergyVariance":{"Mean":0.09443288241415194,"Sigma":0.06771960696208779,"Taucorr":0.324517906336088},"Iteration":50},
{"Acceptance":[0.0003784295175023652],"Energy":{"Mean":-1618.9435483870968,"Sigma":0.03612567188673649,"Taucorr":0.2895713371721296},"EnergyVariance":{"Mean":0.1016519250780437,"Sigma":0.06720250800423501,"Taucorr":0.31384051277253855},"Iteration":51},
{"Acceptance":[0.0003784295175023652],"Energy":{"Mean":-1619.008064516129,"Sigma":0.0470698847970186,"Taucorr":0.08278164116840048},"EnergyVariance":{"Mean":0.2338059313215401,"Sigma":0.1463674601371653,"Taucorr":0.04539193130129959},"Iteration":52},
{"Acceptance":[0.0005676442762535478],"Energy":{"Mean":-1618.8629032258066,"Sigma":0.09263083574510264,"Taucorr":-0.014108629259223737},"EnergyVariance":{"Mean":1.0860431841831424,"Sigma":0.8228491079782393,"Taucorr":-0.008183915401095865},"Iteration":53},
{"Acceptance":[0.0004730368968779565],"Energy":{"Mean":-1619.016129032258,"Sigma":0.04909870992185868,"Taucorr":0.01112107623326719},"EnergyVariance":{"Mean":0.2900624349635797,"Sigma":0.15552743813389072,"Taucorr":0.06203980292350253},"Iteration":54},
{"Acceptance":[0.0001892147587511826],"Energy":{"Mean":-1619.032258064516,"Sigma":0.03225806451613095,"Taucorr":0.5081967213115384},"EnergyVariance":{"Mean":0.06347554630593132,"Sigma":0.06243496357960646,"Taucorr":0.5081967213114749},"Iteration":55},
{"Acceptance":[0.0002838221381267739],"Energy":{"Mean":-1618.975806451613,"Sigma":0.024193548387099563,"Taucorr":8.903988657493755e-14},"EnergyVariance":{"Mean":0.07199531737773152,"Sigma":0.07140998959417381,"Taucorr":0.0},"Iteration":56},
{"Acceptance":[9.46073793755913e-05],"Energy":{"Mean":-1619.0,"Sigma":0.0,"Taucorr":null},"EnergyVariance":{"Mean":0.0,"Sigma":0.0,"Taucorr":null},"Iteration":57},
{"Acceptance":[0.0003784295175023652],"Energy":{"Mean":-1618.967741935484,"Sigma":0.025245928778224142,"Taucorr":-0.007598039215680641},"EnergyVariance":{"Mean":0.07960457856399585,"Sigma":0.07116884104735245,"Taucorr":-0.0026519242813040633},"Iteration":58},
{"Acceptance":[9.46073793755913e-05],"Energy":{"Mean":-1619.0,"Sigma":0.0,"Taucorr":null},"EnergyVariance":{"Mean":0.0,"Sigma":0.0,"Taucorr":null},"Iteration":59},
{"Acceptance":[0.0001892147587511826],"Energy":{"Mean":-1619.0645161290324,"Sigma":0.08276776515237146,"Taucorr":0.47677925211100314},"EnergyVariance":{"Mean":0.43132154006243495,"Sigma":0.3931760967525637,"Taucorr":0.49751404900519414},"Iteration":60},
{"Acceptance":[0.0002838221381267739],"Energy":{"Mean":-1619.0,"Sigma":0.0,"Taucorr":null},"EnergyVariance":{"Mean":0.0,"Sigma":0.0,"Taucorr":null},"Iteration":61},
{"Acceptance":[9.46073793755913e-05],"Energy":{"Mean":-1619.0403225806451,"Sigma":0.04032258064516742,"Taucorr":1.2723155862204294e-13},"EnergyVariance":{"Mean":0.19998699271592096,"Sigma":0.19836108220603835,"Taucorr":-3.3306690738754696e-16},"Iteration":62},
{"Acceptance":[0.0002838221381267739],"Energy":{"Mean":-1619.0564516129034,"Sigma":0.06211946241017415,"Taucorr":0.0021329296821953614},"EnergyVariance":{"Mean":0.47261966701352764,"Sigma":0.2806596367653988,"Taucorr":-0.021001284187582625},"Iteration":63},
{"Acceptance":[0.0001892147587511826],"Energy":{"Mean":-1618.9435483870968,"Sigma":0.05645161290322682,"Taucorr":2.220446049250313e-14},"EnergyVariance":{"Mean":0.3919745057232051,"Sigma":0.38878772112383525,"Taucorr":2.220446049250313e-16},"Iteration":64},
{"Acceptance":[0.0001892147587511826],"Energy":{"Mean":-1619.0483870967741,"Sigma":0.03558148840381694,"Taucorr":0.32451790633616895},"EnergyVariance":{"Mean":0.09443288241415193,"Sigma":0.06771960696210395,"Taucorr":0.3245179063360877},"Iteration":65},
{"Acceptance":[0.0003784295175023652],"Energy":{"Mean":-1618.991935483871,"Sigma":0.053736552415992817,"Taucorr":0.012211592571752417},"EnergyVariance":{"Mean":0.3467091571279916,"Sigma":0.23550934099084675,"Taucorr":-0.013831651168781323},"Iteration":66},
{"Acceptance":[9.46073793755913e-05],"Energy":{"Mean":-1619.0403225806451,"Sigma":0.04032258064516472,"Taucorr":6.417089082333405e-14},"EnergyVariance":{"Mean":0.19998699271592096,"Sigma":0.19836108220603837,"Taucorr":-1.1102230246251565e-16},"Iteration":67},
{"Acceptance":[0.0],"Energy":{"Mean":-1619.0,"Sigma":0.0,"Taucorr":null},"EnergyVariance":{"Mean":0.0,"Sigma":0.0,"Taucorr":null},"Iteration":68},
{"Acceptance":[0.0003784295175023652],"Energy":{"Mean":-1619.0,"Sigma":0.0,"Taucorr":null},"EnergyVariance":{"Mean":0.0,"Sigma":0.0,"Taucorr":null},"Iteration":69},
{"Acceptance":[0.00023651844843897824],"Energy":{"Mean":-1619.0806451612907,"Sigma":0.04693151148988477,"Taucorr":0.3751260504202599},"EnergyVariance":{"Mean":0.15478668054110303,"Sigma":0.08629342435232813,"Taucorr":0.375126050420168},"Iteration":70},
{"Acceptance":[0.0005203405865657521],"Energy":{"Mean":-1619.0403225806451,"Sigma":0.04032258064516742,"Taucorr":1.2723155862204294e-13},"EnergyVariance":{"Mean":0.19998699271592096,"Sigma":0.19836108220603835,"Taucorr":-3.3306690738754696e-16},"Iteration":71},
{"Acceptance":[0.0004730368968779565],"Energy":{"Mean":-1618.9354838709678,"Sigma":0.0645161290322591,"Taucorr":0.5081967213115008},"EnergyVariance":{"Mean":0.25390218522372526,"Sigma":0.24973985431842588,"Taucorr":0.5081967213114753},"Iteration":72},
{"Acceptance":[0.0001892147587511826],"Energy":{"Mean":-1619.032258064516,"Sigma":0.022426509263028596,"Taucorr":-0.012704918032697465},"EnergyVariance":{"Mean":0.06347554630593133,"Sigma":0.04340614696069686,"Taucorr":-0.012704918032786894},"Iteration":73},
{"Acceptance":[0.0001892147587511826],"Energy":{"Mean":-1618.9596774193549,"Sigma":0.040322580645162705,"Taucorr":2.6645352591003757e-14},"EnergyVariance":{"Mean":0.19998699271592096,"Sigma":0.19836108220603837,"Taucorr":-1.1102230246251565e-16},"Iteration":74},
{"Acceptance":[9.46073793755913e-05],"Energy":{"Mean":-1619.0,"Sigma":0.0,"Taucorr":null},"EnergyVariance":{"Mean":0.0,"Sigma":0.0,"Taucorr":null},"Iteration":75},
{"Acceptance":[0.0003784295175023652],"Energy":{"Mean":-1618.9838709677417,"Sigma":0.01612903225806597,"Taucorr":3.7969627442180354e-14},"EnergyVariance":{"Mean":0.03199791883454735,"Sigma":0.031737773152958795,"Taucorr":-2.220446049250313e-16},"Iteration":76},
{"Acceptance":[9.46073793755913e-05],"Energy":{"Mean":-1618.975806451613,"Sigma":0.024193548387099563,"Taucorr":8.903988657493755e-14},"EnergyVariance":{"Mean":0.07199531737773152,"Sigma":0.07140998959417381,"Taucorr":0.0},"Iteration":77},
{"Acceptance":[0.0004730368968779565],"Energy":{"Mean":-1619.0887096774195,"Sigma":0.09021210601770441,"Taucorr":0.43999022841105406},"EnergyVariance":{"Mean":0.5324531737773153,"Sigma":0.39598521505846657,"Taucorr":0.4595646429273924},"Iteration":78},
{"Acceptance":[0.0005676442762535478],"Energy":{"Mean":-1619.0403225806451,"Sigma":0.05197287106837017,"Taucorr":0.004902154575945117},"EnergyVariance":{"Mean":0.329019250780437,"Sigma":0.20345485499802146,"Taucorr":-0.01865987058545937},"Iteration":79},
{"Acceptance":[0.0003784295175023652],"Energy":{"Mean":-1619.032258064516,"Sigma":0.032258064516128636,"Taucorr":0.5081967213114933},"EnergyVariance":{"Mean":0.06347554630593132,"Sigma":0.06243496357960646,"Taucorr":0.5081967213114753},"Iteration":80},
{"Acceptance":[0.0005676442762535478],"Energy":{"Mean":-1619.1209677419358,"Sigma":0.06747258278500272,"Taucorr":-0.02561983471078144},"EnergyVariance":{"Mean":0.5902055150884498,"Sigma":0.32103890196086954,"Taucorr":-0.025619834710743916},"Iteration":81},
{"Acceptance":[0.0001892147587511826],"Energy":{"Mean":-1619.1209677419356,"Sigma":0.08895372100953162,"Taucorr":0.3245179063359962},"EnergyVariance":{"Mean":0.5902055150884494,"Sigma":0.42324754351310934,"Taucorr":0.324517906336088},"Iteration":82},
{"Acceptance":[0.0002838221381267739],"Energy":{"Mean":-1619.0,"Sigma":0.0,"Taucorr":null},"EnergyVariance":{"Mean":0.0,"Sigma":0.0,"Taucorr":null},"Iteration":83},
{"Acceptance":[0.0002838221381267739],"Energy":{"Mean":-1619.1129032258061,"Sigma":0.05893169647239464,"Taucorr":-0.030574614065292327},"EnergyVariance":{"Mean":0.4549947970863683,"Sigma":0.26788437613847765,"Taucorr":-0.020192163371976823},"Iteration":84},
{"Acceptance":[0.0007568590350047304],"Energy":{"Mean":-1619.153225806452,"Sigma":0.13799515894327377,"Taucorr":0.5220330325216991},"EnergyVariance":{"Mean":1.1458766909469302,"Sigma":0.6216977914003254,"Taucorr":0.5109902703006712},"Iteration":85},
{"Acceptance":[0.0004730368968779565],"Energy":{"Mean":-1619.0322580645166,"Sigma":0.06833458117521866,"Taucorr":0.07556047966643598},"EnergyVariance":{"Mean":0.4989594172736733,"Sigma":0.2816312766547784,"Taucorr":-0.011557268139673338},"Iteration":86},
{"Acceptance":[0.0004730368968779565],"Energy":{"Mean":-1619.1370967741934,"Sigma":0.0896818672989889,"Taucorr":0.2999894814347125},"EnergyVariance":{"Mean":0.6183012486992716,"Sigma":0.42003772322174643,"Taucorr":0.31923811785489276},"Iteration":87},
{"Acceptance":[0.0006622516556291391],"Energy":{"Mean":-1619.1048387096778,"Sigma":0.13459127371714705,"Taucorr":0.6173308981801413},"EnergyVariance":{"Mean":0.9970733610822062,"Sigma":0.6151518950034526,"Taucorr":0.6314934245975485},"Iteration":88},
{"Acceptance":[0.000946073793755913],"Energy":{"Mean":-1619.177419354839,"Sigma":0.10510718312513913,"Taucorr":0.16812484011253348},"EnergyVariance":{"Mean":1.01690946930281,"Sigma":0.4722422486961284,"Taucorr":0.15391391513944785},"Iteration":89},
{"Acceptance":[0.0011352885525070956],"Energy":{"Mean":-1619.6048387096776,"Sigma":0.2235389220482266,"Taucorr":0.6560244648318079},"EnergyVariance":{"Mean":2.6583636836628517,"Sigma":0.8472846238924042,"Taucorr":0.6560244648318045},"Iteration":90},
{"Acceptance":[0.0015610217596972564],"Energy":{"Mean":-1619.6048387096773,"Sigma":0.19112506234250845,"Taucorr":0.34507645259937514},"EnergyVariance":{"Mean":2.6583636836628513,"Sigma":0.7244256395240668,"Taucorr":0.34507645259938846},"Iteration":91},
{"Acceptance":[0.0027909176915799434],"Energy":{"Mean":-1619.3548387096773,"Sigma":0.15630743828071564,"Taucorr":0.3087195463455499},"EnergyVariance":{"Mean":1.8579604578563993,"Sigma":0.6727197816423468,"Taucorr":0.376799297754027},"Iteration":92},
{"Acceptance":[0.004162724692526017],"Energy":{"Mean":-1620.411290322581,"Sigma":0.2148856870076472,"Taucorr":0.06070626003209689},"EnergyVariance":{"Mean":5.064711238293444,"Sigma":0.4678962539681351,"Taucorr":0.06070626003210233},"Iteration":93},
{"Acceptance":[0.005629139072847682],"Energy":{"Mean":-1621.4677419354841,"Sigma":0.27866375069630944,"Taucorr":0.2375848768532397},"EnergyVariance":{"Mean":6.4747658688865775,"Sigma":0.22171576114842437,"Taucorr":0.5053644089158176},"Iteration":94},
{"Acceptance":[0.0017029328287606433],"Energy":{"Mean":-1623.4274193548388,"Sigma":0.14900816730299316,"Taucorr":0.060030407297752775},"EnergyVariance":{"Mean":2.438280437044744,"Sigma":0.574501788140599,"Taucorr":0.08007331582210031},"Iteration":95},
{"Acceptance":[0.0005676442762535478],"Energy":{"Mean":-1624.0,"Sigma":0.0,"Taucorr":null},"EnergyVariance":{"Mean":0.0,"Sigma":0.0,"Taucorr":null},"Iteration":96},
{"Acceptance":[0.006385998107852412],"Energy":{"Mean":-1621.6129032258063,"Sigma":0.29893149988468476,"Taucorr":0.3118226884943398},"EnergyVariance":{"Mean":6.769510926118627,"Sigma":0.27633194649382775,"Taucorr":0.018549096558832967},"Iteration":97},
{"Acceptance":[0.0008987701040681173],"Energy":{"Mean":-1623.7741935483873,"Sigma":0.18011153903410773,"Taucorr":0.6364922940130266},"EnergyVariance":{"Mean":1.7554630593132152,"Sigma":0.8047845715218248,"Taucorr":0.7594953654181389},"Iteration":98},
{"Acceptance":[0.0004730368968779565],"Energy":{"Mean":-1623.8870967741937,"Sigma":0.08892934678768308,"Taucorr":0.43620430645975683},"EnergyVariance":{"Mean":0.5195109261186264,"Sigma":0.3875313884271945,"Taucorr":0.48273992582792746},"Iteration":99} 
]}