{"Output": [
{"Acceptance":[0.6898768423652853],"Energy":{"Mean":-1472.7731854838705,"Sigma":1.0326714785073319,"Taucorr":0.31587092620207535},"EnergyVariance":{"Mean":647.659240659144,"Sigma":32.26351459809089,"Taucorr":0.09129168276124555},"Iteration":0},
{"Acceptance":[0.5534094785503394],"Energy":{"Mean":-1508.976814516129,"Sigma":1.540718454589575,"Taucorr":0.9787655367604002},"EnergyVariance":{"Mean":795.4097446914025,"Sigma":44.35135048808671,"Taucorr":0.3740686996451683},"Iteration":1},
{"Acceptance":[0.4420912095797113],"Energy":{"Mean":-1549.4374999999998,"Sigma":1.3275253627368844,"Taucorr":0.8839066790719796},"EnergyVariance":{"Mean":630.9900453629031,"Sigma":33.69999152333453,"Taucorr":0.24220473209205884},"Iteration":2},
{"Acceptance":[0.3493759777916319],"Energy":{"Mean":-1591.5372983870966,"Sigma":0.9837338641692575,"Taucorr":0.5906515719294969},"EnergyVariance":{"Mean":439.65586689483615,"Sigma":19.144083065825907,"Taucorr":-0.03062000920932434},"Iteration":3},
{"Acceptance":[0.2789396915765824],"Energy":{"Mean":-1618.3518145161288,"Sigma":1.0205424972559196,"Taucorr":0.9379469342971369},"EnergyVariance":{"Mean":358.8913475139828,"Sigma":24.80811562753837,"Taucorr":0.46860297789051675},"Iteration":4},
{"Acceptance":[0.22868267206191994],"Energy":{"Mean":-1637.9304435483873,"Sigma":0.8769056984609294,"Taucorr":1.0652351335873944},"EnergyVariance":{"Mean":243.42762157745838,"Sigma":12.98945404488884,"Taucorr":0.22131326105210558},"Iteration":5},
{"Acceptance":[0.18780657075976614],"Energy":{"Mean":-1654.8094758064517,"Sigma":0.480078947270365,"Taucorr":0.24673986017247684},"EnergyVariance":{"Mean":152.93245053167274,"Sigma":7.701490336003722,"Taucorr":0.07746860939079514},"Iteration":6},
{"Acceptance":[0.1530118922988249],"Energy":{"Mean":-1664.6925403225812,"Sigma":0.5841759529154047,"Taucorr":0.6886400115492115},"EnergyVariance":{"Mean":142.25929919192245,"Sigma":6.674622078204787,"Taucorr":-0.04755829871838413},"Iteration":7},
{"Acceptance":[0.12586310329008504],"Energy":{"Mean":-1674.3830645161286,"Sigma":0.40688785672793737,"Taucorr":0.34655058575867614},"EnergyVariance":{"Mean":96.9036648022893,"Sigma":5.772188076887308,"Taucorr":0.33063069260310507},"Iteration":8},
{"Acceptance":[0.10637784809382095],"Energy":{"Mean":-1681.4828629032259,"Sigma":0.3358789684245442,"Taucorr":0.1565709409479361},"EnergyVariance":{"Mean":85.13881922313996,"Sigma":5.212131486338393,"Taucorr":0.2566223693564983},"Iteration":9},
{"Acceptance":[0.08898639031677508],"Energy":{"Mean":-1687.5131048387095,"Sigma":0.3909864569427581,"Taucorr":0.7725067975980224},"EnergyVariance":{"Mean":59.52603794062175,"Sigma":2.89603110775173,"Taucorr":0.015815253523969286},"Iteration":10},
{"Acceptance":[0.0763765541740675],"Energy":{"Mean":-1691.240927419355,"Sigma":0.4135438932434227,"Taucorr":1.078286448383373},"EnergyVariance":{"Mean":53.69094591408688,"Sigma":3.8756992188702344,"Taucorr":0.7215035746874123},"Iteration":11},
{"Acceptance":[0.0671779610177267],"Energy":{"Mean":-1694.9274193548385,"Sigma":0.265866576962158,"Taucorr":0.3450137663577866},"EnergyVariance":{"Mean":41.44836108220604,"Sigma":2.0352361914684907,"Taucorr":-0.03337395277939992},"Iteration":12},
{"Acceptance":[0.059243880347711525],"Energy":{"Mean":-1697.9758064516127,"Sigma":0.31954659341668135,"Taucorr":0.8070025605992583},"EnergyVariance":{"Mean":38.71110822060354,"Sigma":2.8119426403817185,"Taucorr":0.3212720930411721},"Iteration":13},
{"Acceptance":[0.05252137908319904],"Energy":{"Mean":-1700.8729838709678,"Sigma":0.3143892337754455,"Taucorr":1.3017992755473402},"EnergyVariance":{"Mean":27.181447548126954,"Sigma":2.055758417510371,"Taucorr":0.2837998666284066},"Iteration":14},
{"Acceptance":[0.04655758531048192],"Energy":{"Mean":-1702.7449596774195,"Sigma":0.29692397294920203,"Taucorr":1.3253933181154065},"EnergyVariance":{"Mean":23.931930240309576,"Sigma":1.4543717643227627,"Taucorr":0.2033929382215195},"Iteration":15},
{"Acceptance":[0.04198181454601061],"Energy":{"Mean":-1703.8881048387095,"Sigma":0.284578475715604,"Taucorr":1.2694689056748718},"EnergyVariance":{"Mean":22.678003666428204,"Sigma":1.4522308497329526,"Taucorr":0.26985025705080545},"Iteration":16},
{"Acceptance":[0.036253278910284306],"Energy":{"Mean":-1706.5292338709676,"Sigma":0.14441710189339266,"Taucorr":0.3070140203379441},"EnergyVariance":{"Mean":12.805596993691466,"Sigma":1.0890455883147325,"Taucorr":0.5118794453249851},"Iteration":17},
{"Acceptance":[0.03318904167597897],"Energy":{"Mean":-1706.6502016129036,"Sigma":0.12865473164916733,"Taucorr":0.17542588498890743},"EnergyVariance":{"Mean":12.142762056126431,"Sigma":0.8072934781148611,"Taucorr":0.11175667650451448},"Iteration":18},
{"Acceptance":[0.02784280051286274],"Energy":{"Mean":-1707.791330645161,"Sigma":0.17601703255923343,"Taucorr":0.8171616092139531},"EnergyVariance":{"Mean":11.655045810028614,"Sigma":1.3382926679755858,"Taucorr":0.4922381667050473},"Iteration":19},
{"Acceptance":[0.024043381600461107],"Energy":{"Mean":-1708.5231854838707,"Sigma":0.13054701444129682,"Taucorr":0.4940132473737402},"EnergyVariance":{"Mean":8.495430175273151,"Sigma":0.7312167231336582,"Taucorr":0.150681828043141},"Iteration":20},
{"Acceptance":[0.022378930281251104],"Energy":{"Mean":-1708.9687499999995,"Sigma":0.1234020850584656,"Taucorr":0.417518779423796},"EnergyVariance":{"Mean":8.223821824596772,"Sigma":1.0895353643146215,"Taucorr":0.7144411598524656},"Iteration":21},
{"Acceptance":[0.019579358451060427],"Energy":{"Mean":-1709.3639112903227,"Sigma":0.12462602311805537,"Taucorr":0.43106211012298334},"EnergyVariance":{"Mean":8.265754056646722,"Sigma":1.0184121269441804,"Taucorr":0.30997393287179487},"Iteration":22},
{"Acceptance":[0.016685683366073425],"Energy":{"Mean":-1709.8830645161288,"Sigma":0.11759811790319494,"Taucorr":0.5617221122170362},"EnergyVariance":{"Mean":6.454068028095735,"Sigma":0.9338689078164706,"Taucorr":0.554355820198073},"Iteration":23},
{"Acceptance":[0.015427052333172573],"Energy":{"Mean":-1710.0806451612902,"Sigma":0.129187050129882,"Taucorr":0.8942927358040753},"EnergyVariance":{"Mean":5.930996357960458,"Sigma":1.5828727918585326,"Taucorr":1.1274781641427616},"Iteration":24},
{"Acceptance":[0.013109759683813064],"Energy":{"Mean":-1710.3336693548388,"Sigma":0.11582949346951019,"Taucorr":0.8506613165353425},"EnergyVariance":{"Mean":4.921930890673777,"Sigma":0.6456334168333823,"Taucorr":0.43043007902095},"Iteration":25},
{"Acceptance":[0.011392375283780128],"Energy":{"Mean":-1710.801411290323,"Sigma":0.07147502058992988,"Taucorr":0.43912265482658575},"EnergyVariance":{"Mean":2.6954415566467222,"Sigma":0.29980810553306636,"Taucorr":0.016707423751635364},"Iteration":26},
{"Acceptance":[0.010116099890604966],"Energy":{"Mean":-1710.7913306451615,"Sigma":0.10173630286603512,"Taucorr":0.8863222474240577},"EnergyVariance":{"Mean":3.699400648738293,"Sigma":0.8279774748726749,"Taucorr":1.24813975734297},"Iteration":27},
{"Acceptance":[0.009492665827579311],"Energy":{"Mean":-1710.8961693548385,"Sigma":0.08735331282616493,"Taucorr":0.5054713423697652},"EnergyVariance":{"Mean":3.7603885519640996,"Sigma":0.7115692091781295,"Taucorr":0.7601795029358966},"Iteration":28},
{"Acceptance":[0.008880994671403197],"Energy":{"Mean":-1711.0635080645159,"Sigma":0.0990279947682996,"Taucorr":0.8423198665493363},"EnergyVariance":{"Mean":3.6199586612252856,"Sigma":0.8632896529563806,"Taucorr":0.7221631676332045},"Iteration":29},
{"Acceptance":[0.007569430557679413],"Energy":{"Mean":-1711.2167338709678,"Sigma":0.0809980518279968,"Taucorr":0.5308177602341879},"EnergyVariance":{"Mean":3.1536312678850154,"Sigma":0.8764954902378462,"Taucorr":0.8306045517358009},"Iteration":30},
{"Acceptance":[0.007128321550821639],"Energy":{"Mean":-1711.2217741935483,"Sigma":0.0807568111535667,"Taucorr":0.5603405863595796},"EnergyVariance":{"Mean":3.0475904006243497,"Sigma":0.6921787556279284,"Taucorr":0.5253623833388859},"Iteration":31},
{"Acceptance":[0.005475633138461176],"Energy":{"Mean":-1711.5957661290324,"Sigma":0.03640122689258484,"Taucorr":0.05815254466191244},"EnergyVariance":{"Mean":1.176312719497919,"Sigma":0.32274360048181927,"Taucorr":0.32007701588500426},"Iteration":32},
{"Acceptance":[0.0059285050521684915],"Energy":{"Mean":-1711.3135080645159,"Sigma":0.08707755973339812,"Taucorr":0.6462628227408227},"EnergyVariance":{"Mean":3.2777207579994796,"Sigma":0.9353796746596573,"Taucorr":0.9434560781716166},"Iteration":33},
{"Acceptance":[0.005775587263124464],"Energy":{"Mean":-1711.4405241935483,"Sigma":0.07551562837148258,"Taucorr":0.6410740991371364},"EnergyVariance":{"Mean":2.4763013381243493,"Sigma":0.8249689966399311,"Taucorr":0.797091032998124},"Iteration":34},
{"Acceptance":[0.00483455471516121],"Energy":{"Mean":-1711.6602822580646,"Sigma":0.03348028978405443,"Taucorr":-0.038743928411324235},"EnergyVariance":{"Mean":1.204148307427159,"Sigma":0.3100165555906987,"Taucorr":0.019274514183916902},"Iteration":35},
{"Acceptance":[0.005293308082293296],"Energy":{"Mean":-1711.6391129032259,"Sigma":0.049714378881454434,"Taucorr":0.43535458119514325},"EnergyVariance":{"Mean":1.3092766324141516,"Sigma":0.3661165449961102,"Taucorr":0.05594605897811078},"Iteration":36},
{"Acceptance":[0.0046933998329667225],"Energy":{"Mean":-1711.719758064516,"Sigma":0.03948817449885748,"Taucorr":0.6269932251496464},"EnergyVariance":{"Mean":0.6855773608220603,"Sigma":0.156039468280625,"Taucorr":0.3812918036034594},"Iteration":37},
{"Acceptance":[0.004305223906931881],"Energy":{"Mean":-1711.7268145161293,"Sigma":0.061157760222641876,"Taucorr":0.44622214912542557},"EnergyVariance":{"Mean":1.9586358204344432,"Sigma":0.7106986798809085,"Taucorr":0.4576927207431696},"Iteration":38},
{"Acceptance":[0.004716925646665804],"Energy":{"Mean":-1711.7036290322585,"Sigma":0.05065662110943925,"Taucorr":0.4282198166754728},"EnergyVariance":{"Mean":1.3698255398022894,"Sigma":0.2995332142539011,"Taucorr":0.09766832302462103},"Iteration":39},
{"Acceptance":[0.004540482043922694],"Energy":{"Mean":-1711.7459677419354,"Sigma":0.06904174923447431,"Taucorr":1.1271263399004927},"EnergyVariance":{"Mean":1.4515966441207075,"Sigma":0.45015504658986694,"Taucorr":0.7175719211120386},"Iteration":40},
{"Acceptance":[0.003993506875419053],"Energy":{"Mean":-1711.8084677419351,"Sigma":0.05651338306378745,"Taucorr":0.5996353826847456},"EnergyVariance":{"Mean":1.4391218457336112,"Sigma":0.49246509817507594,"Taucorr":0.10446119244797525},"Iteration":41},
{"Acceptance":[0.0042758166398080295],"Energy":{"Mean":-1711.8870967741937,"Sigma":0.04609401868781535,"Taucorr":0.6334896453328447},"EnergyVariance":{"Mean":0.9287851196670136,"Sigma":0.25182980535739624,"Taucorr":0.25819581213238374},"Iteration":42},
{"Acceptance":[0.004022914142542905],"Energy":{"Mean":-1711.9042338709678,"Sigma":0.056758001112205844,"Taucorr":0.9996358475224505},"EnergyVariance":{"Mean":1.0644175582075965,"Sigma":0.4687539935869113,"Taucorr":0.8500254239234286},"Iteration":43},
{"Acceptance":[0.003952336701445661],"Energy":{"Mean":-1711.9183467741934,"Sigma":0.05887821707464406,"Taucorr":1.1634163262611168},"EnergyVariance":{"Mean":1.032647266844433,"Sigma":0.48988051390301934,"Taucorr":1.0127289662256251},"Iteration":44},
{"Acceptance":[0.004634585298719019],"Energy":{"Mean":-1711.9163306451608,"Sigma":0.06189877314249143,"Taucorr":0.9331964499829912},"EnergyVariance":{"Mean":1.3246526648673256,"Sigma":0.3560655992722479,"Taucorr":0.7098836293744282},"Iteration":45},
{"Acceptance":[0.004175831931586934],"Energy":{"Mean":-1711.8961693548388,"Sigma":0.05874805348764842,"Taucorr":0.3743235817577163},"EnergyVariance":{"Mean":1.9559530680931323,"Sigma":0.5760345480229132,"Taucorr":0.3557742704495862},"Iteration":46},
{"Acceptance":[0.004117017397339231],"Energy":{"Mean":-1712.0211693548388,"Sigma":0.04698993741956759,"Taucorr":0.36236815708364756},"EnergyVariance":{"Mean":1.2687050842221643,"Sigma":0.36368008627730314,"Taucorr":0.11798571332831742},"Iteration":47},
{"Acceptance":[0.003464176067189724],"Energy":{"Mean":-1712.04435483871,"Sigma":0.055349994383486346,"Taucorr":1.09851708699306},"EnergyVariance":{"Mean":0.949645551508845,"Sigma":0.1954054501297375,"Taucorr":0.1929408453653506},"Iteration":48},
{"Acceptance":[0.0040523214096667565],"Energy":{"Mean":-1712.0756048387098,"Sigma":0.056569696965879726,"Taucorr":0.6657487975038976},"EnergyVariance":{"Mean":1.3602113277185224,"Sigma":0.32691435793435,"Taucorr":0.5214480582456502},"Iteration":49} 
]}