{"Output": [
{"Acceptance":[0.10271629778672033],"Energy":{"Mean":-339.98387096774195,"Sigma":0.728724718651738,"Taucorr":0.31059548022598893},"EnergyVariance":{"Mean":40.29006243496358,"Sigma":4.529024777565002,"Taucorr":-0.06143074225978001},"Iteration":0},
{"Acceptance":[0.06971830985915493],"Energy":{"Mean":-360.45967741935476,"Sigma":0.4359664789005462,"Taucorr":0.3130191299470334},"EnergyVariance":{"Mean":14.377406347554627,"Sigma":1.9383005398275666,"Taucorr":0.1416060043689864},"Iteration":1},
{"Acceptance":[0.02595573440643863],"Energy":{"Mean":-369.95967741935493,"Sigma":0.27042796980706596,"Taucorr":0.24479219394513685},"EnergyVariance":{"Mean":6.038696670135276,"Sigma":1.1139433604770548,"Taucorr":0.4188932553962458},"Iteration":2},
{"Acceptance":[0.0032193158953722333],"Energy":{"Mean":-372.0161290322581,"Sigma":0.03265880117954198,"Taucorr":-0.16063257065950443},"EnergyVariance":{"Mean":0.19328824141519255,"Sigma":0.11041427779235308,"Taucorr":0.3011289920899266},"Iteration":3},
{"Acceptance":[0.006438631790744467],"Energy":{"Mean":-371.8870967741934,"Sigma":0.07849278242059313,"Taucorr":0.056562858234642244},"EnergyVariance":{"Mean":0.6808012486992715,"Sigma":0.3203371290808156,"Taucorr":-0.02547177204316481},"Iteration":4},
{"Acceptance":[0.005030181086519115],"Energy":{"Mean":-372.01612903225805,"Sigma":0.04771032083144766,"Taucorr":0.16847826086955442},"EnergyVariance":{"Mean":0.20941727367325702,"Sigma":0.08486854327666984,"Taucorr":0.09398205218674582},"Iteration":5},
{"Acceptance":[0.006539235412474849],"Energy":{"Mean":-372.1048387096775,"Sigma":0.10224246005561426,"Taucorr":0.3699375165009119},"EnergyVariance":{"Mean":0.7390088449531736,"Sigma":0.2840190741085489,"Taucorr":0.3920696792836209},"Iteration":6},
{"Acceptance":[0.013078470824949699],"Energy":{"Mean":-373.8225806451613,"Sigma":0.12604058720079642,"Taucorr":0.34074322811730273},"EnergyVariance":{"Mean":1.1620707596253903,"Sigma":0.4139472003965452,"Taucorr":0.056437385074222135},"Iteration":7},
{"Acceptance":[0.009356136820925553],"Energy":{"Mean":-374.7983870967742,"Sigma":0.07726799720647352,"Taucorr":0.19026775889472225},"EnergyVariance":{"Mean":0.5319328824141517,"Sigma":0.302622610432047,"Taucorr":0.13981680736812574},"Iteration":8},
{"Acceptance":[0.006338028169014085],"Energy":{"Mean":-374.93548387096774,"Sigma":0.0645161290322599,"Taucorr":0.5081967213115062},"EnergyVariance":{"Mean":0.2539021852237253,"Sigma":0.24973985431841866,"Taucorr":0.5081967213114762},"Iteration":9},
{"Acceptance":[0.007746478873239437],"Energy":{"Mean":-374.7903225806451,"Sigma":0.09135830896755912,"Taucorr":0.13302053256333746},"EnergyVariance":{"Mean":0.8108740894901145,"Sigma":0.43919796865025956,"Taucorr":0.0496870651382858},"Iteration":10},
{"Acceptance":[0.006237424547283702],"Energy":{"Mean":-374.9193548387097,"Sigma":0.057252384997737854,"Taucorr":-0.011720226843105308},"EnergyVariance":{"Mean":0.4128511966701353,"Sigma":0.3855453789799815,"Taucorr":-0.0013478391626295938},"Iteration":11},
{"Acceptance":[0.006639839034205231],"Energy":{"Mean":-374.65322580645164,"Sigma":0.22797537458826875,"Taucorr":1.1931374237778647},"EnergyVariance":{"Mean":1.8878121748178984,"Sigma":1.3272491395880759,"Taucorr":1.1588796998063116},"Iteration":12},
{"Acceptance":[0.006438631790744467],"Energy":{"Mean":-374.69354838709677,"Sigma":0.27403537499730407,"Taucorr":0.9977642790854655},"EnergyVariance":{"Mean":3.083506763787722,"Sigma":2.9435216167620375,"Taucorr":1.0123796691808231},"Iteration":13},
{"Acceptance":[0.004024144869215292],"Energy":{"Mean":-374.9354838709678,"Sigma":0.050491857556447,"Taucorr":0.40495495495495915},"EnergyVariance":{"Mean":0.17325702393340267,"Sigma":0.14117126065166183,"Taucorr":0.45693434266898847},"Iteration":14},
{"Acceptance":[0.003420523138832998],"Energy":{"Mean":-374.96774193548384,"Sigma":0.025245928778221377,"Taucorr":0.7556249999999141},"EnergyVariance":{"Mean":0.03121748178980228,"Sigma":0.023617159179626982,"Taucorr":0.7556249999999995},"Iteration":15},
{"Acceptance":[0.0032193158953722333],"Energy":{"Mean":-375.0,"Sigma":0.0,"Taucorr":null},"EnergyVariance":{"Mean":0.0,"Sigma":0.0,"Taucorr":null},"Iteration":16},
{"Acceptance":[0.0036217303822937627],"Energy":{"Mean":-374.9677419354838,"Sigma":0.0322580645161296,"Taucorr":0.5081967213115084},"EnergyVariance":{"Mean":0.06347554630593133,"Sigma":0.06243496357959914,"Taucorr":0.5081967213114753},"Iteration":17},
{"Acceptance":[0.0026156941649899397],"Energy":{"Mean":-374.991935483871,"Sigma":0.008064516129032738,"Taucorr":4.551914400963142e-14},"EnergyVariance":{"Mean":0.007999479708636839,"Sigma":0.007934443288241534,"Taucorr":0.0},"Iteration":18},
{"Acceptance":[0.0022132796780684103],"Energy":{"Mean":-375.0,"Sigma":0.0,"Taucorr":null},"EnergyVariance":{"Mean":0.0,"Sigma":0.0,"Taucorr":null},"Iteration":19},
{"Acceptance":[0.0029175050301810867],"Energy":{"Mean":-374.9838709677419,"Sigma":0.016129032258066972,"Taucorr":0.5081967213116245},"EnergyVariance":{"Mean":0.01586888657648283,"Sigma":0.015608740894899786,"Taucorr":0.5081967213114749},"Iteration":20},
{"Acceptance":[0.0033199195171026157],"Energy":{"Mean":-374.9758064516129,"Sigma":0.02419354838709724,"Taucorr":1.9095836023552692e-14},"EnergyVariance":{"Mean":0.07199531737773153,"Sigma":0.0714099895941738,"Taucorr":0.0},"Iteration":21},
{"Acceptance":[0.0026156941649899397],"Energy":{"Mean":-374.88709677419354,"Sigma":0.061169944036403044,"Taucorr":0.43804347826088175},"EnergyVariance":{"Mean":0.24531737773152965,"Sigma":0.14885043970221704,"Taucorr":0.32791175151395846},"Iteration":22},
{"Acceptance":[0.004124748490945674],"Energy":{"Mean":-374.91129032258067,"Sigma":0.08870967741935534,"Taucorr":4.440892098500626e-15},"EnergyVariance":{"Mean":0.967937044745057,"Sigma":0.9600676378772154,"Taucorr":0.0},"Iteration":23},
{"Acceptance":[0.004124748490945674],"Energy":{"Mean":-374.95161290322585,"Sigma":0.035581488403814504,"Taucorr":-0.010147299509028651},"EnergyVariance":{"Mean":0.15894901144641,"Sigma":0.12860054719873595,"Taucorr":-0.005821639123296529},"Iteration":24},
{"Acceptance":[0.002414486921529175],"Energy":{"Mean":-375.0,"Sigma":0.0,"Taucorr":null},"EnergyVariance":{"Mean":0.0,"Sigma":0.0,"Taucorr":null},"Iteration":25},
{"Acceptance":[0.0032193158953722333],"Energy":{"Mean":-374.9193548387097,"Sigma":0.06597806002856821,"Taucorr":0.5000971817298054},"EnergyVariance":{"Mean":0.2676899063475546,"Sigma":0.24757720687000345,"Taucorr":0.5063331989171547},"Iteration":26},
{"Acceptance":[0.0016096579476861167],"Energy":{"Mean":-375.0,"Sigma":0.0,"Taucorr":null},"EnergyVariance":{"Mean":0.0,"Sigma":0.0,"Taucorr":null},"Iteration":27},
{"Acceptance":[0.0012072434607645875],"Energy":{"Mean":-374.83870967741944,"Sigma":0.09386302297976686,"Taucorr":0.6055201698514086},"EnergyVariance":{"Mean":0.49011446409989595,"Sigma":0.2786197898954026,"Taucorr":0.3869752149111346},"Iteration":28},
{"Acceptance":[0.0016096579476861167],"Energy":{"Mean":-374.9758064516129,"Sigma":0.024193548387096912,"Taucorr":4.218847493575595e-15},"EnergyVariance":{"Mean":0.07199531737773152,"Sigma":0.0714099895941738,"Taucorr":0.0},"Iteration":29},
{"Acceptance":[0.0036217303822937627],"Energy":{"Mean":-374.96774193548384,"Sigma":0.032258064516128,"Taucorr":-2.453592884421596e-14},"EnergyVariance":{"Mean":0.1279916753381893,"Sigma":0.12695109261186088,"Taucorr":0.0},"Iteration":30},
{"Acceptance":[0.003722334004024145],"Energy":{"Mean":-374.9677419354838,"Sigma":0.022426509263026823,"Taucorr":-0.012704918032764523},"EnergyVariance":{"Mean":0.06347554630593132,"Sigma":0.04340614696069176,"Taucorr":-0.012704918032787005},"Iteration":31},
{"Acceptance":[0.002716297786720322],"Energy":{"Mean":-374.991935483871,"Sigma":0.00806451612903243,"Taucorr":5.551115123125783e-15},"EnergyVariance":{"Mean":0.007999479708636839,"Sigma":0.007934443288241532,"Taucorr":0.0},"Iteration":32},
{"Acceptance":[0.004426559356136821],"Energy":{"Mean":-374.991935483871,"Sigma":0.00806451612903265,"Taucorr":3.574918139293004e-14},"EnergyVariance":{"Mean":0.007999479708636839,"Sigma":0.007934443288241534,"Taucorr":0.0},"Iteration":33},
{"Acceptance":[0.004225352112676056],"Energy":{"Mean":-374.9354838709678,"Sigma":0.06451612903225858,"Taucorr":7.327471962526033e-15},"EnergyVariance":{"Mean":0.5119667013527577,"Sigma":0.5078043704474582,"Taucorr":0.0},"Iteration":34},
{"Acceptance":[0.004426559356136821],"Energy":{"Mean":-375.0,"Sigma":0.0,"Taucorr":null},"EnergyVariance":{"Mean":0.0,"Sigma":0.0,"Taucorr":null},"Iteration":35},
{"Acceptance":[0.0026156941649899397],"Energy":{"Mean":-375.0,"Sigma":0.0,"Taucorr":null},"EnergyVariance":{"Mean":0.0,"Sigma":0.0,"Taucorr":null},"Iteration":36},
{"Acceptance":[0.0022132796780684103],"Energy":{"Mean":-375.0,"Sigma":0.0,"Taucorr":null},"EnergyVariance":{"Mean":0.0,"Sigma":0.0,"Taucorr":null},"Iteration":37},
{"Acceptance":[0.004225352112676056],"Energy":{"Mean":-374.94354838709677,"Sigma":0.056451612903226464,"Taucorr":8.881784197001252e-15},"EnergyVariance":{"Mean":0.391974505723205,"Sigma":0.38878772112382876,"Taucorr":0.0},"Iteration":38},
{"Acceptance":[0.0030181086519114686],"Energy":{"Mean":-375.0,"Sigma":0.0,"Taucorr":null},"EnergyVariance":{"Mean":0.0,"Sigma":0.0,"Taucorr":null},"Iteration":39},
{"Acceptance":[0.0018108651911468814],"Energy":{"Mean":-375.0,"Sigma":0.0,"Taucorr":null},"EnergyVariance":{"Mean":0.0,"Sigma":0.0,"Taucorr":null},"Iteration":40},
{"Acceptance":[0.0028169014084507044],"Energy":{"Mean":-375.0,"Sigma":0.0,"Taucorr":null},"EnergyVariance":{"Mean":0.0,"Sigma":0.0,"Taucorr":null},"Iteration":41},
{"Acceptance":[0.002414486921529175],"Energy":{"Mean":-375.0,"Sigma":0.0,"Taucorr":null},"EnergyVariance":{"Mean":0.0,"Sigma":0.0,"Taucorr":null},"Iteration":42},
{"Acceptance":[0.0032193158953722333],"Energy":{"Mean":-374.98387096774195,"Sigma":0.01612903225806443,"Taucorr":-5.218048215738236e-15},"EnergyVariance":{"Mean":0.03199791883454735,"Sigma":0.03173777315296614,"Taucorr":0.0},"Iteration":43},
{"Acceptance":[0.004627766599597585],"Energy":{"Mean":-374.9596774193548,"Sigma":0.040322580645161095,"Taucorr":-5.995204332975845e-15},"EnergyVariance":{"Mean":0.1999869927159209,"Sigma":0.1983610822060337,"Taucorr":-3.3306690738754696e-16},"Iteration":44},
{"Acceptance":[0.0036217303822937627],"Energy":{"Mean":-375.0,"Sigma":0.0,"Taucorr":null},"EnergyVariance":{"Mean":0.0,"Sigma":0.0,"Taucorr":null},"Iteration":45},
{"Acceptance":[0.005633802816901409],"Energy":{"Mean":-374.88709677419354,"Sigma":0.07131513215946607,"Taucorr":-0.017719614921770932},"EnergyVariance":{"Mean":0.6485431841831425,"Sigma":0.5057509852212411,"Taucorr":-0.006979040538681924},"Iteration":46},
{"Acceptance":[0.002414486921529175],"Energy":{"Mean":-375.0,"Sigma":0.0,"Taucorr":null},"EnergyVariance":{"Mean":0.0,"Sigma":0.0,"Taucorr":null},"Iteration":47},
{"Acceptance":[0.0026156941649899397],"Energy":{"Mean":-374.9758064516129,"Sigma":0.024193548387096607,"Taucorr":1.0247933884297418},"EnergyVariance":{"Mean":0.023608220603537976,"Sigma":0.023022892819980253,"Taucorr":1.0247933884297515},"Iteration":48},
{"Acceptance":[0.0026156941649899397],"Energy":{"Mean":-374.96774193548384,"Sigma":0.032258064516128976,"Taucorr":4.440892098500626e-16},"EnergyVariance":{"Mean":0.1279916753381893,"Sigma":0.12695109261186086,"Taucorr":0.0},"Iteration":49},
{"Acceptance":[0.0014084507042253522],"Energy":{"Mean":-375.0,"Sigma":0.0,"Taucorr":null},"EnergyVariance":{"Mean":0.0,"Sigma":0.0,"Taucorr":null},"Iteration":50},
{"Acceptance":[0.002414486921529175],"Energy":{"Mean":-374.9758064516129,"Sigma":0.024193548387096288,"Taucorr":1.0247933884297007},"EnergyVariance":{"Mean":0.023608220603537976,"Sigma":0.02302289281998025,"Taucorr":1.024793388429751},"Iteration":51},
{"Acceptance":[0.0012072434607645875],"Energy":{"Mean":-375.0,"Sigma":0.0,"Taucorr":null},"EnergyVariance":{"Mean":0.0,"Sigma":0.0,"Taucorr":null},"Iteration":52},
{"Acceptance":[0.0018108651911468814],"Energy":{"Mean":-375.0,"Sigma":0.0,"Taucorr":null},"EnergyVariance":{"Mean":0.0,"Sigma":0.0,"Taucorr":null},"Iteration":53},
{"Acceptance":[0.0014084507042253522],"Energy":{"Mean":-374.9274193548387,"Sigma":0.07258064516129002,"Taucorr":-2.3314683517128287e-15},"EnergyVariance":{"Mean":0.6479578563995839,"Sigma":0.6426899063475559,"Taucorr":-2.220446049250313e-16},"Iteration":54},
{"Acceptance":[0.0018108651911468814],"Energy":{"Mean":-374.9193548387097,"Sigma":0.05606627315756326,"Taucorr":-0.012704918032812651},"EnergyVariance":{"Mean":0.3967221644120707,"Sigma":0.27128841850434904,"Taucorr":-0.012704918032786894},"Iteration":55},
{"Acceptance":[0.0018108651911468814],"Energy":{"Mean":-375.0,"Sigma":0.0,"Taucorr":null},"EnergyVariance":{"Mean":0.0,"Sigma":0.0,"Taucorr":null},"Iteration":56},
{"Acceptance":[0.002012072434607646],"Energy":{"Mean":-375.0,"Sigma":0.0,"Taucorr":null},"EnergyVariance":{"Mean":0.0,"Sigma":0.0,"Taucorr":null},"Iteration":57},
{"Acceptance":[0.0016096579476861167],"Energy":{"Mean":-375.0,"Sigma":0.0,"Taucorr":null},"EnergyVariance":{"Mean":0.0,"Sigma":0.0,"Taucorr":null},"Iteration":58},
{"Acceptance":[0.0014084507042253522],"Energy":{"Mean":-375.0,"Sigma":0.0,"Taucorr":null},"EnergyVariance":{"Mean":0.0,"Sigma":0.0,"Taucorr":null},"Iteration":59},
{"Acceptance":[0.002112676056338028],"Energy":{"Mean":-374.96774193548384,"Sigma":0.032258064516127775,"Taucorr":-2.864375403532904e-14},"EnergyVariance":{"Mean":0.1279916753381894,"Sigma":0.12695109261186088,"Taucorr":0.0},"Iteration":60},
{"Acceptance":[0.0023138832997987926],"Energy":{"Mean":-375.0,"Sigma":0.0,"Taucorr":null},"EnergyVariance":{"Mean":0.0,"Sigma":0.0,"Taucorr":null},"Iteration":61},
{"Acceptance":[0.0018108651911468814],"Energy":{"Mean":-374.9838709677419,"Sigma":0.016129032258067444,"Taucorr":1.4277468096679513e-13},"EnergyVariance":{"Mean":0.03199791883454735,"Sigma":0.0317377731529643,"Taucorr":-2.220446049250313e-16},"Iteration":62},
{"Acceptance":[0.002414486921529175],"Energy":{"Mean":-374.991935483871,"Sigma":0.00806451612903265,"Taucorr":3.574918139293004e-14},"EnergyVariance":{"Mean":0.007999479708636839,"Sigma":0.007934443288241534,"Taucorr":0.0},"Iteration":63},
{"Acceptance":[0.001006036217303823],"Energy":{"Mean":-374.991935483871,"Sigma":0.008064516129031854,"Taucorr":-5.5289106626332796e-14},"EnergyVariance":{"Mean":0.007999479708636837,"Sigma":0.007934443288241532,"Taucorr":-2.220446049250313e-16},"Iteration":64},
{"Acceptance":[0.002414486921529175],"Energy":{"Mean":-374.9596774193548,"Sigma":0.0403225806451616,"Taucorr":9.325873406851315e-15},"EnergyVariance":{"Mean":0.1999869927159209,"Sigma":0.19836108220603374,"Taucorr":-1.1102230246251565e-16},"Iteration":65},
{"Acceptance":[0.0016096579476861167],"Energy":{"Mean":-375.0,"Sigma":0.0,"Taucorr":null},"EnergyVariance":{"Mean":0.0,"Sigma":0.0,"Taucorr":null},"Iteration":66},
{"Acceptance":[0.0016096579476861167],"Energy":{"Mean":-374.93548387096786,"Sigma":0.03839477649754139,"Taucorr":1.0021551724137272},"EnergyVariance":{"Mean":0.060353798126951096,"Sigma":0.03344061178819079,"Taucorr":1.0021551724137934},"Iteration":67},
{"Acceptance":[0.0022132796780684103],"Energy":{"Mean":-374.95161290322585,"Sigma":0.03363976389453923,"Taucorr":-0.012704918032782508},"EnergyVariance":{"Mean":0.14281997918834544,"Sigma":0.09766383066156796,"Taucorr":-0.012704918032786339},"Iteration":68},
{"Acceptance":[0.001710261569416499],"Energy":{"Mean":-375.0,"Sigma":0.0,"Taucorr":null},"EnergyVariance":{"Mean":0.0,"Sigma":0.0,"Taucorr":null},"Iteration":69},
{"Acceptance":[0.0019114688128772635],"Energy":{"Mean":-374.991935483871,"Sigma":0.008064516129031921,"Taucorr":-3.2085445411667024e-14},"EnergyVariance":{"Mean":0.007999479708636839,"Sigma":0.007934443288241532,"Taucorr":0.0},"Iteration":70},
{"Acceptance":[0.0025150905432595573],"Energy":{"Mean":-375.0,"Sigma":0.0,"Taucorr":null},"EnergyVariance":{"Mean":0.0,"Sigma":0.0,"Taucorr":null},"Iteration":71},
{"Acceptance":[0.0023138832997987926],"Energy":{"Mean":-374.9516129032258,"Sigma":0.035581488403815906,"Taucorr":-0.010147299508999008},"EnergyVariance":{"Mean":0.15894901144641002,"Sigma":0.12860054719873204,"Taucorr":-0.005821639123296196},"Iteration":72},
{"Acceptance":[0.0016096579476861167],"Energy":{"Mean":-375.0,"Sigma":0.0,"Taucorr":null},"EnergyVariance":{"Mean":0.0,"Sigma":0.0,"Taucorr":null},"Iteration":73},
{"Acceptance":[0.0022132796780684103],"Energy":{"Mean":-375.0,"Sigma":0.0,"Taucorr":null},"EnergyVariance":{"Mean":0.0,"Sigma":0.0,"Taucorr":null},"Iteration":74},
{"Acceptance":[0.0026156941649899397],"Energy":{"Mean":-374.991935483871,"Sigma":0.008064516129032381,"Taucorr":1.532107773982716e-14},"EnergyVariance":{"Mean":0.007999479708636837,"Sigma":0.007934443288241532,"Taucorr":-2.220446049250313e-16},"Iteration":75},
{"Acceptance":[0.0012072434607645875],"Energy":{"Mean":-375.0,"Sigma":0.0,"Taucorr":null},"EnergyVariance":{"Mean":0.0,"Sigma":0.0,"Taucorr":null},"Iteration":76},
{"Acceptance":[0.0008048289738430583],"Energy":{"Mean":-375.0,"Sigma":0.0,"Taucorr":null},"EnergyVariance":{"Mean":0.0,"Sigma":0.0,"Taucorr":null},"Iteration":77},
{"Acceptance":[0.0016096579476861167],"Energy":{"Mean":-374.991935483871,"Sigma":0.008064516129032858,"Taucorr":6.128431095930864e-14},"EnergyVariance":{"Mean":0.007999479708636839,"Sigma":0.007934443288241534,"Taucorr":0.0},"Iteration":78},
{"Acceptance":[0.0015090543259557343],"Energy":{"Mean":-375.0,"Sigma":0.0,"Taucorr":null},"EnergyVariance":{"Mean":0.0,"Sigma":0.0,"Taucorr":null},"Iteration":79},
{"Acceptance":[0.0023138832997987926],"Energy":{"Mean":-375.0,"Sigma":0.0,"Taucorr":null},"EnergyVariance":{"Mean":0.0,"Sigma":0.0,"Taucorr":null},"Iteration":80},
{"Acceptance":[0.0030181086519114686],"Energy":{"Mean":-374.91129032258067,"Sigma":0.08077945807159606,"Taucorr":0.8813521379001743},"EnergyVariance":{"Mean":0.2905176899063475,"Sigma":0.2758731252081724,"Taucorr":0.7305520409617969},"Iteration":81},
{"Acceptance":[0.0026156941649899397],"Energy":{"Mean":-374.95161290322585,"Sigma":0.04838709677419368,"Taucorr":1.0247933884297562},"EnergyVariance":{"Mean":0.0944328824141519,"Sigma":0.09209157127992101,"Taucorr":1.0247933884297515},"Iteration":82},
{"Acceptance":[0.0016096579476861167],"Energy":{"Mean":-375.0,"Sigma":0.0,"Taucorr":null},"EnergyVariance":{"Mean":0.0,"Sigma":0.0,"Taucorr":null},"Iteration":83},
{"Acceptance":[0.0013078470824949698],"Energy":{"Mean":-375.0,"Sigma":0.0,"Taucorr":null},"EnergyVariance":{"Mean":0.0,"Sigma":0.0,"Taucorr":null},"Iteration":84},
{"Acceptance":[0.0019114688128772635],"Energy":{"Mean":-375.0,"Sigma":0.0,"Taucorr":null},"EnergyVariance":{"Mean":0.0,"Sigma":0.0,"Taucorr":null},"Iteration":85},
{"Acceptance":[0.0032193158953722333],"Energy":{"Mean":-374.8548387096775,"Sigma":0.14516129032257977,"Taucorr":0.5081967213114669},"EnergyVariance":{"Mean":1.2853798126951086,"Sigma":1.2643080124870145,"Taucorr":0.508196721311476},"Iteration":86},
{"Acceptance":[0.0014084507042253522],"Energy":{"Mean":-374.98387096774195,"Sigma":0.01121325463151358,"Taucorr":-0.012704918032740098},"EnergyVariance":{"Mean":0.01586888657648283,"Sigma":0.010851536740174215,"Taucorr":-0.012704918032786894},"Iteration":87},
{"Acceptance":[0.0012072434607645875],"Energy":{"Mean":-375.0,"Sigma":0.0,"Taucorr":null},"EnergyVariance":{"Mean":0.0,"Sigma":0.0,"Taucorr":null},"Iteration":88},
{"Acceptance":[0.0018108651911468814],"Energy":{"Mean":-375.0,"Sigma":0.0,"Taucorr":null},"EnergyVariance":{"Mean":0.0,"Sigma":0.0,"Taucorr":null},"Iteration":89},
{"Acceptance":[0.003822937625754527],"Energy":{"Mean":-375.0,"Sigma":0.0,"Taucorr":null},"EnergyVariance":{"Mean":0.0,"Sigma":0.0,"Taucorr":null},"Iteration":90},
{"Acceptance":[0.002414486921529175],"Energy":{"Mean":-375.0,"Sigma":0.0,"Taucorr":null},"EnergyVariance":{"Mean":0.0,"Sigma":0.0,"Taucorr":null},"Iteration":91},
{"Acceptance":[0.0036217303822937627],"Energy":{"Mean":-374.9838709677419,"Sigma":0.01121325463151397,"Taucorr":-0.012704918032712675},"EnergyVariance":{"Mean":0.01586888657648283,"Sigma":0.01085153674017294,"Taucorr":-0.012704918032787005},"Iteration":92},
{"Acceptance":[0.0022132796780684103],"Energy":{"Mean":-374.93548387096774,"Sigma":0.06451612903225941,"Taucorr":1.4432899320127035e-14},"EnergyVariance":{"Mean":0.5119667013527578,"Sigma":0.5078043704474509,"Taucorr":2.220446049250313e-16},"Iteration":93},
{"Acceptance":[0.0028169014084507044],"Energy":{"Mean":-374.83870967741933,"Sigma":0.1612903225806452,"Taucorr":0.508196721311474},"EnergyVariance":{"Mean":1.5868886576482832,"Sigma":1.560874089490107,"Taucorr":0.5081967213114753},"Iteration":94},
{"Acceptance":[0.0006036217303822937],"Energy":{"Mean":-375.0,"Sigma":0.0,"Taucorr":null},"EnergyVariance":{"Mean":0.0,"Sigma":0.0,"Taucorr":null},"Iteration":95},
{"Acceptance":[0.001006036217303823],"Energy":{"Mean":-375.0,"Sigma":0.0,"Taucorr":null},"EnergyVariance":{"Mean":0.0,"Sigma":0.0,"Taucorr":null},"Iteration":96},
{"Acceptance":[0.001006036217303823],"Energy":{"Mean":-374.96774193548384,"Sigma":0.03225806451612952,"Taucorr":0.5081967213115131},"EnergyVariance":{"Mean":0.06347554630593134,"Sigma":0.062434963579602806,"Taucorr":0.5081967213114749},"Iteration":97},
{"Acceptance":[0.001006036217303823],"Energy":{"Mean":-375.0,"Sigma":0.0,"Taucorr":null},"EnergyVariance":{"Mean":0.0,"Sigma":0.0,"Taucorr":null},"Iteration":98},
{"Acceptance":[0.001006036217303823],"Energy":{"Mean":-374.83064516129036,"Sigma":0.1338968753270138,"Taucorr":1.1001415762151945},"EnergyVariance":{"Mean":0.6890608740894902,"Sigma":0.502585809006982,"Taucorr":0.9300054340367687},"Iteration":99} 
]}