{"Output": [
{"Acceptance":[0.49789915966386555],"Energy":{"Mean":-11.032258064516132,"Sigma":0.9568472771339137,"Taucorr":0.5365453134877305},"EnergyVariance":{"Mean":54.32154006243497,"Sigma":6.3686307327336795,"Taucorr":0.06010067017553633},"Iteration":0},
{"Acceptance":[0.36134453781512604],"Energy":{"Mean":-16.903225806451612,"Sigma":0.799670414244932,"Taucorr":0.3468060316820144},"EnergyVariance":{"Mean":46.442247658688856,"Sigma":4.860691605208577,"Taucorr":-0.11702004236889302},"Iteration":1},
{"Acceptance":[0.24201680672268908],"Energy":{"Mean":-18.983870967741936,"Sigma":0.6377395695617509,"Taucorr":0.32753750419582195},"EnergyVariance":{"Mean":30.225546305931324,"Sigma":4.62129257113941,"Taucorr":0.13955234944689243},"Iteration":2},
{"Acceptance":[0.21092436974789916],"Energy":{"Mean":-20.2741935483871,"Sigma":0.6586229972562011,"Taucorr":0.31185290741400506},"EnergyVariance":{"Mean":32.86030176899063,"Sigma":8.62712422741446,"Taucorr":0.17796214089129614},"Iteration":3},
{"Acceptance":[0.1726890756302521],"Energy":{"Mean":-22.258064516129036,"Sigma":0.5554572696039536,"Taucorr":0.6932955958379685},"EnergyVariance":{"Mean":15.901144640998957,"Sigma":5.533667877900579,"Taucorr":0.884197691815233},"Iteration":4},
{"Acceptance":[0.1323529411764706],"Energy":{"Mean":-23.580645161290324,"Sigma":0.2644702294296957,"Taucorr":0.23451048329779667},"EnergyVariance":{"Mean":5.856399583766909,"Sigma":2.0111403308476485,"Taucorr":0.312508092041316},"Iteration":5},
{"Acceptance":[0.11386554621848739],"Energy":{"Mean":-24.06451612903226,"Sigma":0.2985105818299358,"Taucorr":0.8182603254067591},"EnergyVariance":{"Mean":4.157127991675339,"Sigma":2.2346974734166842,"Taucorr":0.9796249770284506},"Iteration":6},
{"Acceptance":[0.11680672268907563],"Energy":{"Mean":-23.983870967741936,"Sigma":0.17732157618436173,"Taucorr":0.060284917464385246},"EnergyVariance":{"Mean":3.4513527575442247,"Sigma":0.903290990373418,"Taucorr":-0.06271421336001842},"Iteration":7},
{"Acceptance":[0.10084033613445378],"Energy":{"Mean":-23.838709677419352,"Sigma":0.2039754053988641,"Taucorr":0.19462570621468955},"EnergyVariance":{"Mean":3.68366285119667,"Sigma":0.878695025377154,"Taucorr":0.27208098854501006},"Iteration":8},
{"Acceptance":[0.08571428571428572],"Energy":{"Mean":-24.080645161290324,"Sigma":0.22251830200618156,"Taucorr":0.04004613610149943},"EnergyVariance":{"Mean":5.63865764828304,"Sigma":1.6109801958461158,"Taucorr":-0.014463061546576061},"Iteration":9},
{"Acceptance":[0.08067226890756303],"Energy":{"Mean":-24.741935483870968,"Sigma":0.09523871463056106,"Taucorr":0.07766702586206942},"EnergyVariance":{"Mean":0.9656607700312179,"Sigma":0.39665260985948,"Taucorr":-0.021268087478206243},"Iteration":10},
{"Acceptance":[0.08361344537815125],"Energy":{"Mean":-24.56451612903226,"Sigma":0.14244775590851355,"Taucorr":0.13293310463121732},"EnergyVariance":{"Mean":1.9716441207075959,"Sigma":0.6917669734289349,"Taucorr":0.061117651323509326},"Iteration":11},
{"Acceptance":[0.08277310924369748],"Energy":{"Mean":-24.59677419354839,"Sigma":0.13404251219137558,"Taucorr":0.15925810957628395},"EnergyVariance":{"Mean":1.6761186264308012,"Sigma":0.7896108756407312,"Taucorr":-0.009386050794255807},"Iteration":12},
{"Acceptance":[0.07689075630252101],"Energy":{"Mean":-24.35483870967742,"Sigma":0.19972231850544844,"Taucorr":0.3168745668745664},"EnergyVariance":{"Mean":3.0031217481789803,"Sigma":1.1146805187942512,"Taucorr":0.3007763228707203},"Iteration":13},
{"Acceptance":[0.06470588235294118],"Energy":{"Mean":-24.903225806451612,"Sigma":0.05874747690171066,"Taucorr":0.06191460055096398},"EnergyVariance":{"Mean":0.37773152965660783,"Sigma":0.2853616074500473,"Taucorr":0.002394890598801158},"Iteration":14},
{"Acceptance":[0.07899159663865546],"Energy":{"Mean":-24.645161290322584,"Sigma":0.15928865457694644,"Taucorr":0.3623202990224267},"EnergyVariance":{"Mean":1.8095733610822065,"Sigma":0.8802608233256669,"Taucorr":0.08624327727991699},"Iteration":15},
{"Acceptance":[0.06050420168067227],"Energy":{"Mean":-24.806451612903228,"Sigma":0.10020790043231664,"Taucorr":-0.007080564784052501},"EnergyVariance":{"Mean":1.2528616024973982,"Sigma":0.8153740029157611,"Taucorr":-0.013500414397298877},"Iteration":16},
{"Acceptance":[0.07058823529411765],"Energy":{"Mean":-24.693548387096776,"Sigma":0.1284259950799637,"Taucorr":-0.009362023405059039},"EnergyVariance":{"Mean":2.067377731529657,"Sigma":1.5194638176863862,"Taucorr":-0.007603225068580133},"Iteration":17},
{"Acceptance":[0.0684873949579832],"Energy":{"Mean":-24.85483870967742,"Sigma":0.12950183372948562,"Taucorr":0.4884567439541263},"EnergyVariance":{"Mean":1.0434443288241415,"Sigma":0.9942599509628215,"Taucorr":0.5064636196719912},"Iteration":18},
{"Acceptance":[0.0680672268907563],"Energy":{"Mean":-24.854838709677413,"Sigma":0.08096709934200748,"Taucorr":0.11426872770511498},"EnergyVariance":{"Mean":0.6563475546305932,"Sigma":0.5008422060098571,"Taucorr":0.0017489064398750198},"Iteration":19},
{"Acceptance":[0.073109243697479],"Energy":{"Mean":-24.85483870967742,"Sigma":0.06637118005166,"Taucorr":0.08538504777965072},"EnergyVariance":{"Mean":0.46279916753381906,"Sigma":0.28324087101367423,"Taucorr":0.0016505855030922723},"Iteration":20},
{"Acceptance":[0.0684873949579832],"Energy":{"Mean":-24.7741935483871,"Sigma":0.1155601358075519,"Taucorr":0.1990699734278112},"EnergyVariance":{"Mean":1.1748178980228927,"Sigma":0.6372302959864309,"Taucorr":0.22089286035792755},"Iteration":21},
{"Acceptance":[0.07857142857142857],"Energy":{"Mean":-24.83870967741935,"Sigma":0.10469386188935989,"Taucorr":0.033168724279835415},"EnergyVariance":{"Mean":1.264308012486993,"Sigma":1.1289695016693289,"Taucorr":-0.0013147915844320957},"Iteration":22},
{"Acceptance":[0.05798319327731093],"Energy":{"Mean":-24.96774193548387,"Sigma":0.022426509263026032,"Taucorr":-0.012704918032787227},"EnergyVariance":{"Mean":0.06347554630593132,"Sigma":0.04340614696069543,"Taucorr":-0.012704918032786894},"Iteration":23},
{"Acceptance":[0.0634453781512605],"Energy":{"Mean":-24.935483870967747,"Sigma":0.05049185755644682,"Taucorr":0.32788461538461466},"EnergyVariance":{"Mean":0.18938605619146728,"Sigma":0.15696573319405033,"Taucorr":0.21305901092696844},"Iteration":24},
{"Acceptance":[0.06890756302521009],"Energy":{"Mean":-24.774193548387096,"Sigma":0.10327619737794921,"Taucorr":0.029282115869017966},"EnergyVariance":{"Mean":1.2393340270551512,"Sigma":0.6128924488787149,"Taucorr":-0.015181471443440897},"Iteration":25},
{"Acceptance":[0.06638655462184874],"Energy":{"Mean":-24.758064516129032,"Sigma":0.24193548387096772,"Taucorr":1.0247933884297522},"EnergyVariance":{"Mean":2.3608220603537973,"Sigma":2.302289281997919,"Taucorr":1.0247933884297526},"Iteration":26},
{"Acceptance":[0.07436974789915966],"Energy":{"Mean":-24.96774193548387,"Sigma":0.02242650926302601,"Taucorr":-0.012704918032787893},"EnergyVariance":{"Mean":0.06347554630593132,"Sigma":0.04340614696069543,"Taucorr":-0.012704918032786894},"Iteration":27},
{"Acceptance":[0.06596638655462185],"Energy":{"Mean":-24.83870967741935,"Sigma":0.12990297614732318,"Taucorr":0.4692176870748296},"EnergyVariance":{"Mean":1.0707596253902185,"Sigma":0.9895447502059193,"Taucorr":0.5047809160823895},"Iteration":28},
{"Acceptance":[0.06092436974789916],"Energy":{"Mean":-25.0,"Sigma":0.0,"Taucorr":null},"EnergyVariance":{"Mean":0.0,"Sigma":0.0,"Taucorr":null},"Iteration":29},
{"Acceptance":[0.05756302521008403],"Energy":{"Mean":-24.951612903225804,"Sigma":0.03558148840381566,"Taucorr":-0.010147299509002283},"EnergyVariance":{"Mean":0.15894901144641,"Sigma":0.12860054719873276,"Taucorr":-0.005821639123296418},"Iteration":30},
{"Acceptance":[0.0546218487394958],"Energy":{"Mean":-24.935483870967744,"Sigma":0.030602687033887507,"Taucorr":-0.038750000000000895},"EnergyVariance":{"Mean":0.12486992715920917,"Sigma":0.05725664025695099,"Taucorr":-0.03874999999999995},"Iteration":31},
{"Acceptance":[0.05126050420168067],"Energy":{"Mean":-25.0,"Sigma":0.0,"Taucorr":null},"EnergyVariance":{"Mean":0.0,"Sigma":0.0,"Taucorr":null},"Iteration":32},
{"Acceptance":[0.06260504201680672],"Energy":{"Mean":-25.0,"Sigma":0.0,"Taucorr":null},"EnergyVariance":{"Mean":0.0,"Sigma":0.0,"Taucorr":null},"Iteration":33},
{"Acceptance":[0.058823529411764705],"Energy":{"Mean":-24.951612903225808,"Sigma":0.048387096774193554,"Taucorr":2.220446049250313e-16},"EnergyVariance":{"Mean":0.28798126951092623,"Sigma":0.28563995837669115,"Taucorr":-2.220446049250313e-16},"Iteration":34},
{"Acceptance":[0.06890756302521009],"Energy":{"Mean":-24.82258064516129,"Sigma":0.08213674376115135,"Taucorr":0.035381000335682145},"EnergyVariance":{"Mean":0.7749739854318417,"Sigma":0.5037862277583772,"Taucorr":-0.008621477396847321},"Iteration":35},
{"Acceptance":[0.07058823529411765],"Energy":{"Mean":-24.806451612903228,"Sigma":0.19354838709677422,"Taucorr":1.5500000000000003},"EnergyVariance":{"Mean":1.1238293444328822,"Sigma":1.0863683662851205,"Taucorr":1.5499999999999994},"Iteration":36},
{"Acceptance":[0.06638655462184874],"Energy":{"Mean":-24.919354838709676,"Sigma":0.0572523849977382,"Taucorr":0.07871545929798318},"EnergyVariance":{"Mean":0.3483350676378772,"Sigma":0.2867358698362337,"Taucorr":0.005712133074362025},"Iteration":37},
{"Acceptance":[0.06722689075630252],"Energy":{"Mean":-24.870967741935488,"Sigma":0.09265423623448427,"Taucorr":-0.011199421965318535},"EnergyVariance":{"Mean":1.0801248699271597,"Sigma":0.8245428079461352,"Taucorr":-0.007962867310379595},"Iteration":38},
{"Acceptance":[0.06932773109243698],"Energy":{"Mean":-24.96774193548387,"Sigma":0.032258064516129066,"Taucorr":8.881784197001252e-16},"EnergyVariance":{"Mean":0.12799167533818936,"Sigma":0.1269510926118625,"Taucorr":2.220446049250313e-16},"Iteration":39} 
]}