{"Output": [
{"Acceptance":[0.6776824356440597],"Energy":{"Mean":-323.41532258064507,"Sigma":0.43668845994315025,"Taucorr":0.1768170530632056},"EnergyVariance":{"Mean":139.6097652185224,"Sigma":5.626513143371195,"Taucorr":-0.06903031171880536},"Iteration":0},
{"Acceptance":[0.5893478097715958],"Energy":{"Mean":-332.21875000000006,"Sigma":0.4582607774926553,"Taucorr":0.29518363441486484},"EnergyVariance":{"Mean":130.85839843750003,"Sigma":5.078820241482976,"Taucorr":-0.12814358032623852},"Iteration":1},
{"Acceptance":[0.5041402946989217],"Energy":{"Mean":-340.47983870967744,"Sigma":0.5346105529759722,"Taucorr":0.6085074722719623},"EnergyVariance":{"Mean":127.75564190946933,"Sigma":6.753681799813407,"Taucorr":0.18341241017093057},"Iteration":2},
{"Acceptance":[0.4349060615915743],"Energy":{"Mean":-348.2247983870967,"Sigma":0.5397824821290097,"Taucorr":0.5830951637629931},"EnergyVariance":{"Mean":133.29523181419097,"Sigma":9.5049132590148,"Taucorr":0.7586895822336484},"Iteration":3},
{"Acceptance":[0.360580892102169],"Energy":{"Mean":-358.0534274193549,"Sigma":0.6868768460495054,"Taucorr":1.7195380502882283},"EnergyVariance":{"Mean":105.32678260763527,"Sigma":5.29612598648844,"Taucorr":0.08964463270696732},"Iteration":4},
{"Acceptance":[0.29630000250168864],"Energy":{"Mean":-365.0625,"Sigma":0.694632479023249,"Taucorr":1.8869571990669067},"EnergyVariance":{"Mean":100.16343245967742,"Sigma":5.611084228807847,"Taucorr":0.197978007182377},"Iteration":5},
{"Acceptance":[0.25358366897655915],"Energy":{"Mean":-371.4122983870967,"Sigma":0.5893324262744408,"Taucorr":1.7612570598341795},"EnergyVariance":{"Mean":76.10521165290064,"Sigma":5.340910782183443,"Taucorr":0.5792019610865096},"Iteration":6},
{"Acceptance":[0.20980411777950117],"Energy":{"Mean":-376.7328629032258,"Sigma":0.4066758487371256,"Taucorr":1.0271930034372456},"EnergyVariance":{"Mean":53.659484545720595,"Sigma":3.746906610204307,"Taucorr":0.6186034946094168},"Iteration":7},
{"Acceptance":[0.17980887098791684],"Energy":{"Mean":-379.9022177419355,"Sigma":0.36084898729521253,"Taucorr":0.9912536019669271},"EnergyVariance":{"Mean":43.26564024291103,"Sigma":6.050040928458958,"Taucorr":2.3256567564279162},"Iteration":8},
{"Acceptance":[0.1534911064968854],"Energy":{"Mean":-382.32056451612897,"Sigma":0.32049899580633395,"Taucorr":1.0738868208801353},"EnergyVariance":{"Mean":32.338770649063484,"Sigma":1.6612889730756215,"Taucorr":0.09296440126340455},"Iteration":9},
{"Acceptance":[0.12939984489530432],"Energy":{"Mean":-384.89919354838696,"Sigma":0.2346949414716426,"Taucorr":0.6453904097617322},"EnergyVariance":{"Mean":23.828547736732567,"Sigma":1.3884325911389697,"Taucorr":0.2606529629145269},"Iteration":10},
{"Acceptance":[0.1183673979936457],"Energy":{"Mean":-386.14012096774184,"Sigma":0.19578938269255167,"Taucorr":0.6064482773542046},"EnergyVariance":{"Mean":17.166858049882933,"Sigma":1.216937442231464,"Taucorr":0.24816351967733807},"Iteration":11},
{"Acceptance":[0.10191879518675105],"Energy":{"Mean":-387.48286290322585,"Sigma":0.15410379995677415,"Taucorr":0.5134817612698719},"EnergyVariance":{"Mean":11.610593416688346,"Sigma":0.6080738278272771,"Taucorr":0.11389098328769287},"Iteration":12},
{"Acceptance":[0.09008580792034623],"Energy":{"Mean":-388.3185483870967,"Sigma":0.12280857417012185,"Taucorr":0.1753293809093559},"EnergyVariance":{"Mean":11.065865634755463,"Sigma":0.7094355961572484,"Taucorr":0.11383296593276426},"Iteration":13},
{"Acceptance":[0.08349385835438922],"Energy":{"Mean":-388.96270161290323,"Sigma":0.18582031781630795,"Taucorr":1.1036422559421843},"EnergyVariance":{"Mean":10.668971733545787,"Sigma":1.00628317892867,"Taucorr":0.3993315299530352},"Iteration":14},
{"Acceptance":[0.07179846396317514],"Energy":{"Mean":-389.75504032258067,"Sigma":0.13789423546434706,"Taucorr":0.7164377309020602},"EnergyVariance":{"Mean":7.7454383048257025,"Sigma":0.703034940549199,"Taucorr":0.5379068473895898},"Iteration":15},
{"Acceptance":[0.06603207164836264],"Energy":{"Mean":-390.0675403225806,"Sigma":0.12115297198391019,"Taucorr":0.5374308005545059},"EnergyVariance":{"Mean":7.0105592725676376,"Sigma":0.6801287890844747,"Taucorr":0.48612529425131634},"Iteration":16},
{"Acceptance":[0.05860205638806194],"Energy":{"Mean":-390.69254032258067,"Sigma":0.09696651476734439,"Taucorr":0.5481819145512488},"EnergyVariance":{"Mean":4.4447830628902185,"Sigma":0.3242779173411759,"Taucorr":0.16010940354793668},"Iteration":17},
{"Acceptance":[0.05646311260100568],"Energy":{"Mean":-390.68346774193543,"Sigma":0.09238183948368368,"Taucorr":0.2648616399410906},"EnergyVariance":{"Mean":5.528839587669094,"Sigma":0.5240764361019106,"Taucorr":0.1287805490568208},"Iteration":18},
{"Acceptance":[0.05050909363820579],"Energy":{"Mean":-391.22782258064507,"Sigma":0.07891327517682203,"Taucorr":0.2924750818541463},"EnergyVariance":{"Mean":3.893661387877212,"Sigma":0.3685617694672035,"Taucorr":0.07757297773235161},"Iteration":19},
{"Acceptance":[0.04740699972481425],"Energy":{"Mean":-391.3417338709678,"Sigma":0.08785134295541969,"Taucorr":0.6769860742709561},"EnergyVariance":{"Mean":3.2491453807882413,"Sigma":0.4313069987814018,"Taucorr":0.4015452135224551},"Iteration":20},
{"Acceptance":[0.04279138418432442],"Energy":{"Mean":-391.6653225806452,"Sigma":0.0748709904715173,"Taucorr":0.5164149809111998},"EnergyVariance":{"Mean":2.7327490894901145,"Sigma":0.42339565374422067,"Taucorr":0.3465040700704618},"Iteration":21},
{"Acceptance":[0.040464813749280765],"Energy":{"Mean":-391.7590725806452,"Sigma":0.07067196121011193,"Taucorr":0.3682794976277268},"EnergyVariance":{"Mean":2.850220107635275,"Sigma":0.35908623690874414,"Taucorr":0.11551361079157596},"Iteration":22},
{"Acceptance":[0.0387886823605934],"Energy":{"Mean":-391.7520161290323,"Sigma":0.07783798736012218,"Taucorr":0.7613722765986584},"EnergyVariance":{"Mean":2.38003625780437,"Sigma":0.39135613759730475,"Taucorr":0.27791022857211656},"Iteration":23},
{"Acceptance":[0.03451079478648088],"Energy":{"Mean":-392.0252016129031,"Sigma":0.07175172567269547,"Taucorr":0.7778318309359926},"EnergyVariance":{"Mean":1.9963406851586887,"Sigma":0.31650871095126604,"Taucorr":0.5583950254358345},"Iteration":24},
{"Acceptance":[0.03133365021389438],"Energy":{"Mean":-392.1663306451613,"Sigma":0.05849728119210099,"Taucorr":0.48044206504638187},"EnergyVariance":{"Mean":1.729390568093132,"Sigma":0.2229887566031342,"Taucorr":0.12486989432232753},"Iteration":25},
{"Acceptance":[0.028319115402896954],"Energy":{"Mean":-392.227822580645,"Sigma":0.07120485194137684,"Taucorr":1.0949648561861522},"EnergyVariance":{"Mean":1.575113000780437,"Sigma":0.2814206293514298,"Taucorr":0.6757089249664261},"Iteration":26},
{"Acceptance":[0.028994571335651566],"Energy":{"Mean":-392.30745967741933,"Sigma":0.04534572554095022,"Taucorr":0.16528234790086616},"EnergyVariance":{"Mean":1.5314766112773153,"Sigma":0.28514962787356735,"Taucorr":0.4028116049640972},"Iteration":27},
{"Acceptance":[0.026843119105396142],"Energy":{"Mean":-392.31149193548384,"Sigma":0.06169651321149343,"Taucorr":0.7968381932173982},"EnergyVariance":{"Mean":1.4543840644510926,"Sigma":0.3049590758725919,"Taucorr":0.6923738012239136},"Iteration":28},
{"Acceptance":[0.026818102218997823],"Energy":{"Mean":-392.35483870967744,"Sigma":0.0591250821777439,"Taucorr":0.7850972808604142},"EnergyVariance":{"Mean":1.3478798126951095,"Sigma":0.21488796718308917,"Taucorr":0.28901452888321233},"Iteration":29},
{"Acceptance":[0.02446651489755585],"Energy":{"Mean":-392.3991935483871,"Sigma":0.056401187155868227,"Taucorr":1.1221504107893836},"EnergyVariance":{"Mean":0.9716928980228926,"Sigma":0.1507668814888779,"Taucorr":0.1844661400571952},"Iteration":30},
{"Acceptance":[0.022802891952067646],"Energy":{"Mean":-392.5433467741935,"Sigma":0.03863312182316305,"Taucorr":0.4753904761392185},"EnergyVariance":{"Mean":0.7582017023283039,"Sigma":0.11633831260022824,"Taucorr":0.3420881713205055},"Iteration":31},
{"Acceptance":[0.02137692942736347],"Energy":{"Mean":-392.46673387096774,"Sigma":0.06986112562111214,"Taucorr":1.1177595563407599},"EnergyVariance":{"Mean":1.4948611065946928,"Sigma":0.6001239354749763,"Taucorr":0.7568170456856751},"Iteration":32},
{"Acceptance":[0.02010106822104921],"Energy":{"Mean":-392.56854838709677,"Sigma":0.04089728219299419,"Taucorr":0.6525199067688057},"EnergyVariance":{"Mean":0.719091441207076,"Sigma":0.10322982800996018,"Taucorr":0.2956946467624333},"Iteration":33},
{"Acceptance":[0.01806219197958622],"Energy":{"Mean":-392.6653225806451,"Sigma":0.03514662871294467,"Taucorr":0.3891474172748809},"EnergyVariance":{"Mean":0.6883942507804371,"Sigma":0.1304997243126356,"Taucorr":0.08635362270494673},"Iteration":34},
{"Acceptance":[0.019338053185900483],"Energy":{"Mean":-392.6673387096773,"Sigma":0.03527649722554139,"Taucorr":0.6281043868194485},"EnergyVariance":{"Mean":0.5465945304370449,"Sigma":0.08416148275617,"Taucorr":0.08441704319857768},"Iteration":35},
{"Acceptance":[0.016848872989267755],"Energy":{"Mean":-392.7298387096774,"Sigma":0.034341332091765035,"Taucorr":0.9015624796889719},"EnergyVariance":{"Mean":0.4169322320499479,"Sigma":0.07924232441511027,"Taucorr":0.20029386156005935},"Iteration":36},
{"Acceptance":[0.019300527856303006],"Energy":{"Mean":-392.5917338709678,"Sigma":0.052209567799619036,"Taucorr":0.7887463336354918},"EnergyVariance":{"Mean":1.0480365098204996,"Sigma":0.25405015017468996,"Taucorr":0.18443288002869318},"Iteration":37},
{"Acceptance":[0.015535486453356015],"Energy":{"Mean":-392.72076612903226,"Sigma":0.04015927954114632,"Taucorr":0.7017444635466228},"EnergyVariance":{"Mean":0.6649719936914672,"Sigma":0.18035155676674394,"Taucorr":0.41778056863929547},"Iteration":38},
{"Acceptance":[0.0159107397493308],"Energy":{"Mean":-392.7731854838709,"Sigma":0.0321107185897856,"Taucorr":0.47848351150752344},"EnergyVariance":{"Mean":0.5221438849505722,"Sigma":0.10587861313388013,"Taucorr":0.09454484783502604},"Iteration":39},
{"Acceptance":[0.015623045555750132],"Energy":{"Mean":-392.8104838709678,"Sigma":0.02912591300771123,"Taucorr":0.4136848383106384},"EnergyVariance":{"Mean":0.4600513787721125,"Sigma":0.17976251356897827,"Taucorr":-0.0019770545789314364},"Iteration":40},
{"Acceptance":[0.014122032371851],"Energy":{"Mean":-392.8034274193548,"Sigma":0.03311610845068921,"Taucorr":0.8190550544032038},"EnergyVariance":{"Mean":0.41196405924817897,"Sigma":0.10499739310259214,"Taucorr":0.37424379373249905},"Iteration":41},
{"Acceptance":[0.014947589622995522],"Energy":{"Mean":-392.7610887096773,"Sigma":0.03892747866499503,"Taucorr":0.572684274480012},"EnergyVariance":{"Mean":0.6999778469693028,"Sigma":0.22293908873057686,"Taucorr":0.23485669157419042},"Iteration":42},
{"Acceptance":[0.013346508893503115],"Energy":{"Mean":-392.81754032258067,"Sigma":0.03158745135176212,"Taucorr":0.5347352697426673},"EnergyVariance":{"Mean":0.4777971757934443,"Sigma":0.13029401562939438,"Taucorr":0.36625340718533916},"Iteration":43},
{"Acceptance":[0.013421559552698071],"Energy":{"Mean":-392.8235887096774,"Sigma":0.025206988673955974,"Taucorr":0.3303507281411544},"EnergyVariance":{"Mean":0.37916131471123826,"Sigma":0.09135483629114466,"Taucorr":0.16139918632756434},"Iteration":44},
{"Acceptance":[0.012420884096765316],"Energy":{"Mean":-392.83870967741933,"Sigma":0.03105100533577306,"Taucorr":0.370869887374108},"EnergyVariance":{"Mean":0.5485822060353799,"Sigma":0.18870083011301958,"Taucorr":0.08807003384420464},"Iteration":45},
{"Acceptance":[0.013033797813524128],"Energy":{"Mean":-392.81350806451616,"Sigma":0.03772011649892315,"Taucorr":0.7389055858243312},"EnergyVariance":{"Mean":0.5690514031607699,"Sigma":0.2922533598901324,"Taucorr":0.8534085442722077},"Iteration":46},
{"Acceptance":[0.012233257448777925],"Energy":{"Mean":-392.87600806451627,"Sigma":0.024910958323724496,"Taucorr":0.7213284036526282},"EnergyVariance":{"Mean":0.2517630967091572,"Sigma":0.07809834141791096,"Taucorr":0.24353647228529607},"Iteration":47},
{"Acceptance":[0.01188302103920146],"Energy":{"Mean":-392.7973790322581,"Sigma":0.05055286925767435,"Taucorr":0.9173572889070778},"EnergyVariance":{"Mean":0.8934205498829341,"Sigma":0.2886245110231485,"Taucorr":0.47268086279858157},"Iteration":48},
{"Acceptance":[0.011532784629624997],"Energy":{"Mean":-392.89012096774195,"Sigma":0.02501137878403824,"Taucorr":0.33779371413997594},"EnergyVariance":{"Mean":0.3699830498829344,"Sigma":0.14924489205470212,"Taucorr":0.27287727967704},"Iteration":49} 
]}