{"Output": [
{"Acceptance":[0.7174603174603175],"Energy":{"Mean":-2.5483870967741935,"Sigma":0.2468672956709122,"Taucorr":-0.13425568643379338},"EnergyVariance":{"Mean":10.247658688865764,"Sigma":1.054785351559795,"Taucorr":-0.15237897488961538},"Iteration":0},
{"Acceptance":[0.6555555555555556],"Energy":{"Mean":-3.145161290322581,"Sigma":0.28226574490318684,"Taucorr":0.20210608715100464},"EnergyVariance":{"Mean":6.978928199791883,"Sigma":0.8567053610352313,"Taucorr":0.07490327806247743},"Iteration":1},
{"Acceptance":[0.6047619047619047],"Energy":{"Mean":-3.596774193548387,"Sigma":0.2380694698904711,"Taucorr":-0.11125714451504348},"EnergyVariance":{"Mean":8.966441207075963,"Sigma":1.5610519265092104,"Taucorr":0.06473433766288361},"Iteration":2},
{"Acceptance":[0.523015873015873],"Energy":{"Mean":-4.532258064516128,"Sigma":0.2581317116818255,"Taucorr":0.09860155804674153},"EnergyVariance":{"Mean":6.84573361082206,"Sigma":0.8554853090056532,"Taucorr":-0.040760246359818064},"Iteration":3},
{"Acceptance":[0.473015873015873],"Energy":{"Mean":-4.919354838709677,"Sigma":0.2509088578403878,"Taucorr":0.22830927330560324},"EnergyVariance":{"Mean":5.316077003121747,"Sigma":0.6388204790754316,"Taucorr":0.004736693541764092},"Iteration":4},
{"Acceptance":[0.4373015873015873],"Energy":{"Mean":-5.338709677419355,"Sigma":0.24690241942376417,"Taucorr":0.13355607332835107},"EnergyVariance":{"Mean":5.9175338189386055,"Sigma":0.6697398103423905,"Taucorr":-0.037094641100618275},"Iteration":5},
{"Acceptance":[0.3476190476190476],"Energy":{"Mean":-5.983870967741934,"Sigma":0.26282570266748445,"Taucorr":0.279303268909568},"EnergyVariance":{"Mean":5.451352757544224,"Sigma":0.9428799936330355,"Taucorr":0.09210971081667452},"Iteration":6},
{"Acceptance":[0.30634920634920637],"Energy":{"Mean":-5.903225806451615,"Sigma":0.2871994500461886,"Taucorr":0.3799458483754514},"EnergyVariance":{"Mean":5.764828303850155,"Sigma":1.4680899170828108,"Taucorr":0.015671042589735618},"Iteration":7},
{"Acceptance":[0.2777777777777778],"Energy":{"Mean":-6.645161290322579,"Sigma":0.1872172396756572,"Taucorr":0.11818113995822155},"EnergyVariance":{"Mean":3.486992715920916,"Sigma":0.5697781009877116,"Taucorr":-0.041201118027370365},"Iteration":8},
{"Acceptance":[0.2722222222222222],"Energy":{"Mean":-6.354838709677419,"Sigma":0.28604980052459317,"Taucorr":0.5751333926189413},"EnergyVariance":{"Mean":4.68054110301769,"Sigma":0.5660781508221209,"Taucorr":0.03127541564396907},"Iteration":9},
{"Acceptance":[0.21746031746031746],"Energy":{"Mean":-7.145161290322581,"Sigma":0.20634237701500524,"Taucorr":0.48575066105180664},"EnergyVariance":{"Mean":2.6563475546305932,"Sigma":0.3869772892100199,"Taucorr":-0.019385456972953963},"Iteration":10},
{"Acceptance":[0.19682539682539682],"Energy":{"Mean":-7.370967741935483,"Sigma":0.20076164374631558,"Taucorr":0.3859507205950725},"EnergyVariance":{"Mean":2.79786680541103,"Sigma":0.47363785333304864,"Taucorr":0.12610700451397483},"Iteration":11},
{"Acceptance":[0.15396825396825398],"Energy":{"Mean":-7.56451612903226,"Sigma":0.17921863784946815,"Taucorr":0.3610046490531811},"EnergyVariance":{"Mean":2.294224765868887,"Sigma":0.3143129460724386,"Taucorr":0.004290518086447426},"Iteration":12},
{"Acceptance":[0.1357142857142857],"Energy":{"Mean":-7.790322580645161,"Sigma":0.21599257447957704,"Taucorr":0.563446147912448},"EnergyVariance":{"Mean":2.6979708636836626,"Sigma":0.5783382114580807,"Taucorr":0.13151753860179283},"Iteration":13},
{"Acceptance":[0.11507936507936507],"Energy":{"Mean":-7.935483870967745,"Sigma":0.18219382253474772,"Taucorr":0.36845949535192624},"EnergyVariance":{"Mean":2.3506763787721114,"Sigma":0.4301187157977591,"Taucorr":0.16901482882229002},"Iteration":14},
{"Acceptance":[0.0880952380952381],"Energy":{"Mean":-8.338709677419356,"Sigma":0.1191075613423483,"Taucorr":0.22233469739392608},"EnergyVariance":{"Mean":1.2078563995837668,"Sigma":0.19550506736647913,"Taucorr":0.02352993202992093},"Iteration":15},
{"Acceptance":[0.07857142857142857],"Energy":{"Mean":-8.548387096774194,"Sigma":0.11205518683968198,"Taucorr":0.2108237547892723},"EnergyVariance":{"Mean":1.08636836628512,"Sigma":0.3688785775585061,"Taucorr":0.24633698912071056},"Iteration":16},
{"Acceptance":[0.0873015873015873],"Energy":{"Mean":-8.532258064516132,"Sigma":0.14652880349340358,"Taucorr":0.6962762196559045},"EnergyVariance":{"Mean":1.1037981269510928,"Sigma":0.40500664116157997,"Taucorr":0.4146057964742166},"Iteration":17},
{"Acceptance":[0.05555555555555555],"Energy":{"Mean":-8.564516129032256,"Sigma":0.08902680363532109,"Taucorr":0.10150882825040075},"EnergyVariance":{"Mean":0.810353798126951,"Sigma":0.1537299717516888,"Taucorr":-0.029201628631048526},"Iteration":18},
{"Acceptance":[0.06428571428571428],"Energy":{"Mean":-8.451612903225808,"Sigma":0.14359972502309426,"Taucorr":0.3799458483754512},"EnergyVariance":{"Mean":1.441207075962539,"Sigma":0.3863258260722802,"Taucorr":0.16805146094561718},"Iteration":19},
{"Acceptance":[0.06825396825396825],"Energy":{"Mean":-8.354838709677416,"Sigma":0.16262885443284059,"Taucorr":0.48682133838383845},"EnergyVariance":{"Mean":1.6482830385015605,"Sigma":0.42919540646739984,"Taucorr":0.3234959244007022},"Iteration":20},
{"Acceptance":[0.047619047619047616],"Energy":{"Mean":-8.516129032258064,"Sigma":0.1695723130039089,"Taucorr":0.5394189602446475},"EnergyVariance":{"Mean":1.7013527575442249,"Sigma":0.655040338045674,"Taucorr":0.12656705412305547},"Iteration":21},
{"Acceptance":[0.06349206349206349],"Energy":{"Mean":-8.499999999999998,"Sigma":0.15554275420956373,"Taucorr":0.808510638297872},"EnergyVariance":{"Mean":1.1370967741935483,"Sigma":0.33737576560077126,"Taucorr":0.5303771778671256},"Iteration":22},
{"Acceptance":[0.04523809523809524],"Energy":{"Mean":-8.467741935483874,"Sigma":0.16220172604084032,"Taucorr":0.8849254063682919},"EnergyVariance":{"Mean":1.1683142559833506,"Sigma":0.3031419780801002,"Taucorr":0.3720372557012366},"Iteration":23},
{"Acceptance":[0.03333333333333333],"Energy":{"Mean":-8.709677419354835,"Sigma":0.11305673128292787,"Taucorr":0.27638746145940374},"EnergyVariance":{"Mean":1.0124869927159212,"Sigma":0.5391889624003414,"Taucorr":0.0727537116246233},"Iteration":24},
{"Acceptance":[0.020634920634920634],"Energy":{"Mean":-8.774193548387098,"Sigma":0.11321002861609795,"Taucorr":0.8265761821366029},"EnergyVariance":{"Mean":0.5941727367325702,"Sigma":0.2789786569879111,"Taucorr":0.42090077973245654},"Iteration":25},
{"Acceptance":[0.02857142857142857],"Energy":{"Mean":-8.56451612903226,"Sigma":0.14244775590851363,"Taucorr":0.6680058436815195},"EnergyVariance":{"Mean":1.0684183142559833,"Sigma":0.35746346650666044,"Taucorr":0.5584430292190938},"Iteration":26},
{"Acceptance":[0.012698412698412698],"Energy":{"Mean":-8.854838709677418,"Sigma":0.07402973969057419,"Taucorr":-0.03244316131360553},"EnergyVariance":{"Mean":0.7208636836628511,"Sigma":0.5064418241614478,"Taucorr":-0.010848658376950926},"Iteration":27},
{"Acceptance":[0.007936507936507936],"Energy":{"Mean":-8.967741935483874,"Sigma":0.022426509263025994,"Taucorr":-0.012704918032788226},"EnergyVariance":{"Mean":0.06347554630593133,"Sigma":0.04340614696069567,"Taucorr":-0.012704918032786783},"Iteration":28},
{"Acceptance":[0.025396825396825397],"Energy":{"Mean":-8.64516129032258,"Sigma":0.12528150750248437,"Taucorr":0.28545723962743474},"EnergyVariance":{"Mean":1.2289281997918835,"Sigma":0.5305001912761583,"Taucorr":0.03519117083767498},"Iteration":29},
{"Acceptance":[0.009523809523809525],"Energy":{"Mean":-8.951612903225806,"Sigma":0.02698903311400243,"Taucorr":-0.025619834710744027},"EnergyVariance":{"Mean":0.09443288241415194,"Sigma":0.051366224313746545,"Taucorr":-0.025619834710743805},"Iteration":30},
{"Acceptance":[0.01746031746031746],"Energy":{"Mean":-8.903225806451614,"Sigma":0.04287613341371371,"Taucorr":0.11384180790960408},"EnergyVariance":{"Mean":0.18418314255983348,"Sigma":0.07745366036025715,"Taucorr":0.11384180790960452},"Iteration":31},
{"Acceptance":[0.009523809523809525],"Energy":{"Mean":-9.0,"Sigma":0.0,"Taucorr":null},"EnergyVariance":{"Mean":0.0,"Sigma":0.0,"Taucorr":null},"Iteration":32},
{"Acceptance":[0.009523809523809525],"Energy":{"Mean":-8.887096774193548,"Sigma":0.07225134377347243,"Taucorr":0.43847908745247166},"EnergyVariance":{"Mean":0.3420915712799168,"Sigma":0.2487611255999694,"Taucorr":0.4828480982968586},"Iteration":33},
{"Acceptance":[0.006349206349206349],"Energy":{"Mean":-8.919354838709674,"Sigma":0.05725238499773822,"Taucorr":0.21026581118240106},"EnergyVariance":{"Mean":0.2838189386056191,"Sigma":0.1939705468778441,"Taucorr":0.10338002353298414},"Iteration":34},
{"Acceptance":[0.012698412698412698],"Energy":{"Mean":-8.951612903225808,"Sigma":0.0355814884038157,"Taucorr":0.324517906336088},"EnergyVariance":{"Mean":0.09443288241415192,"Sigma":0.06771960696210093,"Taucorr":0.324517906336088},"Iteration":35},
{"Acceptance":[0.012698412698412698],"Energy":{"Mean":-8.919354838709674,"Sigma":0.05234693094467994,"Taucorr":0.26844602609727153},"EnergyVariance":{"Mean":0.21930280957336104,"Sigma":0.15700769285230753,"Taucorr":0.19439797113600188},"Iteration":36},
{"Acceptance":[0.012698412698412698],"Energy":{"Mean":-8.870967741935484,"Sigma":0.08665759444498404,"Taucorr":0.561782296650718},"EnergyVariance":{"Mean":0.4349635796045785,"Sigma":0.29171241641465384,"Taucorr":0.4618585541372626},"Iteration":37},
{"Acceptance":[0.006349206349206349],"Energy":{"Mean":-8.93548387096774,"Sigma":0.03839477649754217,"Taucorr":0.2260416666666657},"EnergyVariance":{"Mean":0.12486992715920915,"Sigma":0.071835388285724,"Taucorr":0.2260416666666667},"Iteration":38},
{"Acceptance":[0.0015873015873015873],"Energy":{"Mean":-8.983870967741934,"Sigma":0.016129032258064526,"Taucorr":6.661338147750939e-16},"EnergyVariance":{"Mean":0.03199791883454734,"Sigma":0.031737773152965616,"Taucorr":0.0},"Iteration":39} 
]}