{"Output": [
{"Acceptance":[0.9171114599686028],"Energy":{"Mean":-509.766129032258,"Sigma":1.1654718622989624,"Taucorr":-0.1184995284945245},"EnergyVariance":{"Mean":218.96949791883455,"Sigma":26.8856281774729,"Taucorr":-0.024331030451963942},"Iteration":0},
{"Acceptance":[0.9051805337519623],"Energy":{"Mean":-512.2741935483872,"Sigma":1.5118419140058414,"Taucorr":-0.012224820022116945},"EnergyVariance":{"Mean":288.1828824141519,"Sigma":48.36571554652238,"Taucorr":0.13519582514256445},"Iteration":1},
{"Acceptance":[0.8793563579277865],"Energy":{"Mean":-512.6048387096774,"Sigma":1.3875780610390631,"Taucorr":0.08252419853597615},"EnergyVariance":{"Mean":203.2712669094693,"Sigma":28.008315776204654,"Taucorr":-0.046583385480366835},"Iteration":2},
{"Acceptance":[0.8678178963893249],"Energy":{"Mean":-511.06451612903226,"Sigma":1.1001568645444302,"Taucorr":-0.19472650165368616},"EnergyVariance":{"Mean":243.83454734651406,"Sigma":35.99737900189047,"Taucorr":-0.010189289450423189},"Iteration":3},
{"Acceptance":[0.8447409733124018],"Energy":{"Mean":-514.7822580645161,"Sigma":1.215090041327298,"Taucorr":-0.16154689205631023},"EnergyVariance":{"Mean":268.2832336108221,"Sigma":32.399680693210286,"Taucorr":0.10695841818082363},"Iteration":4},
{"Acceptance":[0.8305337519623234],"Energy":{"Mean":-518.0,"Sigma":1.2816425113430507,"Taucorr":-0.06124255691768776},"EnergyVariance":{"Mean":230.24193548387095,"Sigma":30.6297444950512,"Taucorr":0.020877471732981823},"Iteration":5},
{"Acceptance":[0.7891679748822606],"Energy":{"Mean":-518.1935483870967,"Sigma":1.1910119081035813,"Taucorr":-0.13371745342062719},"EnergyVariance":{"Mean":238.17221644120704,"Sigma":27.64463417710935,"Taucorr":-0.08835819306016557},"Iteration":6},
{"Acceptance":[0.7396389324960754],"Energy":{"Mean":-519.2580645161291,"Sigma":1.7065451119780322,"Taucorr":0.14859933263871805},"EnergyVariance":{"Mean":276.1430801248699,"Sigma":36.35111090999375,"Taucorr":0.0415102648770872},"Iteration":7},
{"Acceptance":[0.7025902668759811],"Energy":{"Mean":-523.5000000000001,"Sigma":1.5603452885034255,"Taucorr":0.05161620963189617},"EnergyVariance":{"Mean":271.4435483870968,"Sigma":27.50517720004914,"Taucorr":-0.10376059921484315},"Iteration":8},
{"Acceptance":[0.5604395604395604],"Energy":{"Mean":-534.6290322580645,"Sigma":1.8065320162598164,"Taucorr":0.4057080379457797},"EnergyVariance":{"Mean":221.60431841831422,"Sigma":32.763932847490366,"Taucorr":0.21682861913188634},"Iteration":9},
{"Acceptance":[0.39160125588697015],"Energy":{"Mean":-549.951612903226,"Sigma":1.114688065414378,"Taucorr":0.04483026766553655},"EnergyVariance":{"Mean":140.2557232049948,"Sigma":20.97207455695257,"Taucorr":-0.04560226536058931},"Iteration":10},
{"Acceptance":[0.30706436420722133],"Energy":{"Mean":-556.1129032258063,"Sigma":1.2295006586335362,"Taucorr":0.18699175113851996},"EnergyVariance":{"Mean":135.32596253902187,"Sigma":16.063208970464334,"Taucorr":0.07799874847953314},"Iteration":11},
{"Acceptance":[0.2423861852433281],"Energy":{"Mean":-562.1451612903224,"Sigma":1.1067834700927217,"Taucorr":0.20198743603480207},"EnergyVariance":{"Mean":107.31763787721124,"Sigma":17.059369446382536,"Taucorr":0.056945248269108295},"Iteration":12},
{"Acceptance":[0.19262166405023548],"Energy":{"Mean":-566.5725806451612,"Sigma":0.7370926566318721,"Taucorr":0.03750155623093909},"EnergyVariance":{"Mean":62.16408688865764,"Sigma":7.526270731910002,"Taucorr":-0.00538000776651365},"Iteration":13},
{"Acceptance":[0.1718210361067504],"Energy":{"Mean":-571.4596774193546,"Sigma":0.6856925678514039,"Taucorr":0.08123948434563988},"EnergyVariance":{"Mean":49.74837408949012,"Sigma":6.662009926714439,"Taucorr":0.08070661263607182},"Iteration":14},
{"Acceptance":[0.15533751962323392],"Energy":{"Mean":-574.8145161290324,"Sigma":0.762879355829261,"Taucorr":0.12697892255654408},"EnergyVariance":{"Mean":57.086563475546306,"Sigma":6.421268925258529,"Taucorr":-0.0423523665673991},"Iteration":15},
{"Acceptance":[0.14591836734693878],"Energy":{"Mean":-577.3145161290323,"Sigma":0.962884313857612,"Taucorr":0.44768384153162877},"EnergyVariance":{"Mean":60.16720863683663,"Sigma":8.96777926688754,"Taucorr":0.13676860005983893},"Iteration":16},
{"Acceptance":[0.13116169544740974],"Energy":{"Mean":-584.1612903225805,"Sigma":0.7175365176628082,"Taucorr":0.1454804948930306},"EnergyVariance":{"Mean":49.05463059313215,"Sigma":5.085742503470707,"Taucorr":-0.1260319362901583},"Iteration":17},
{"Acceptance":[0.10329670329670329],"Energy":{"Mean":-587.4193548387098,"Sigma":0.7729801198578505,"Taucorr":0.4008199727047782},"EnergyVariance":{"Mean":40.791883454734645,"Sigma":5.923161248325315,"Taucorr":0.19791533804397932},"Iteration":18},
{"Acceptance":[0.09160125588697017],"Energy":{"Mean":-592.2661290322579,"Sigma":0.4443394704912173,"Taucorr":0.042732766865394956},"EnergyVariance":{"Mean":22.372723725286157,"Sigma":3.2234367094667613,"Taucorr":-0.12100248457245316},"Iteration":19},
{"Acceptance":[0.07299843014128729],"Energy":{"Mean":-595.2500000000001,"Sigma":0.48678780345382583,"Taucorr":0.2832159497237021},"EnergyVariance":{"Mean":18.606854838709676,"Sigma":2.8484134684419082,"Taucorr":0.20597700023016285},"Iteration":20},
{"Acceptance":[0.07409733124018839],"Energy":{"Mean":-596.6935483870968,"Sigma":0.4168348602605211,"Taucorr":0.07401375089087348},"EnergyVariance":{"Mean":18.615764828303845,"Sigma":4.211620159535122,"Taucorr":0.08395039293781736},"Iteration":21},
{"Acceptance":[0.06075353218210361],"Energy":{"Mean":-598.7016129032259,"Sigma":0.2543755148045563,"Taucorr":-0.019966736488667758},"EnergyVariance":{"Mean":8.289997398543186,"Sigma":1.2028468718084915,"Taucorr":0.028913452008512697},"Iteration":22},
{"Acceptance":[0.05824175824175824],"Energy":{"Mean":-599.7338709677421,"Sigma":0.24836440337612237,"Taucorr":0.03564036400701476},"EnergyVariance":{"Mean":7.082401144640999,"Sigma":1.5164360185385848,"Taucorr":0.11797081378491214},"Iteration":23},
{"Acceptance":[0.05714285714285714],"Energy":{"Mean":-599.8709677419353,"Sigma":0.2738296129978616,"Taucorr":0.11622575262460977},"EnergyVariance":{"Mean":7.483350676378772,"Sigma":1.5232157266423836,"Taucorr":0.012080256356860719},"Iteration":24},
{"Acceptance":[0.056436420722135006],"Energy":{"Mean":-600.8306451612902,"Sigma":0.22877275924566579,"Taucorr":0.0822824872051292},"EnergyVariance":{"Mean":5.527770551508843,"Sigma":0.8138428141424948,"Taucorr":-0.12138941901255573},"Iteration":25},
{"Acceptance":[0.04921507064364207],"Energy":{"Mean":-601.0322580645163,"Sigma":0.2549883866963047,"Taucorr":0.22292822876494445},"EnergyVariance":{"Mean":5.531217481789803,"Sigma":0.955866769306258,"Taucorr":0.15223216673041762},"Iteration":26},
{"Acceptance":[0.04058084772370486],"Energy":{"Mean":-602.4032258064515,"Sigma":0.20236419160098112,"Taucorr":0.17913889863207821},"EnergyVariance":{"Mean":3.7083766909469293,"Sigma":0.5733129068045488,"Taucorr":0.06186396535221439},"Iteration":27},
{"Acceptance":[0.03602825745682889],"Energy":{"Mean":-602.6209677419356,"Sigma":0.21310270876139412,"Taucorr":0.413320147174554},"EnergyVariance":{"Mean":3.0579474505723208,"Sigma":0.6668798445502786,"Taucorr":0.012728311840958129},"Iteration":28},
{"Acceptance":[0.03194662480376766],"Energy":{"Mean":-603.0806451612904,"Sigma":0.16574493649890895,"Taucorr":0.3832313341493534},"EnergyVariance":{"Mean":1.9128511966701351,"Sigma":0.4110040078252997,"Taucorr":0.25319786109523335},"Iteration":29},
{"Acceptance":[0.030533751962323392],"Energy":{"Mean":-602.959677419355,"Sigma":0.2119091324184931,"Taucorr":0.3376970270856736},"EnergyVariance":{"Mean":3.2967611862643076,"Sigma":0.7156359630888002,"Taucorr":0.38446730084874203},"Iteration":30},
{"Acceptance":[0.031240188383045524],"Energy":{"Mean":-604.4274193548388,"Sigma":0.16768247498656577,"Taucorr":0.16109301573882706},"EnergyVariance":{"Mean":2.6156997918834546,"Sigma":0.5222907872889725,"Taucorr":0.09667550680642079},"Iteration":31},
{"Acceptance":[0.023312401883830457],"Energy":{"Mean":-604.3145161290322,"Sigma":0.1631213274358897,"Taucorr":0.20768387006047007},"EnergyVariance":{"Mean":2.312369927159209,"Sigma":0.3631656340899624,"Taucorr":0.5697505272158623},"Iteration":32},
{"Acceptance":[0.018759811616954475],"Energy":{"Mean":-604.5403225806452,"Sigma":0.15340962375425876,"Taucorr":0.22720975067803917},"EnergyVariance":{"Mean":1.9903095733610825,"Sigma":0.4145474996663887,"Taucorr":0.1455040103742692},"Iteration":33},
{"Acceptance":[0.014521193092621664],"Energy":{"Mean":-605.0806451612902,"Sigma":0.11263408781744134,"Taucorr":0.15727591496823212},"EnergyVariance":{"Mean":1.1870447450572317,"Sigma":0.4203711232988527,"Taucorr":-0.012660459324661866},"Iteration":34},
{"Acceptance":[0.012323390894819467],"Energy":{"Mean":-605.0,"Sigma":0.12159336427848068,"Taucorr":0.00788288288288741},"EnergyVariance":{"Mean":1.7903225806451615,"Sigma":0.818559642912176,"Taucorr":-0.023371005936745015},"Iteration":35},
{"Acceptance":[0.0141287284144427],"Energy":{"Mean":-605.2822580645162,"Sigma":0.09400149813198892,"Taucorr":0.2916437707248001},"EnergyVariance":{"Mean":0.6864594172736733,"Sigma":0.1624152014715185,"Taucorr":0.29876340871988705},"Iteration":36},
{"Acceptance":[0.015149136577708007],"Energy":{"Mean":-605.3387096774194,"Sigma":0.1224461627893032,"Taucorr":0.21561679790026855},"EnergyVariance":{"Mean":1.2885015608740893,"Sigma":0.7585432211075434,"Taucorr":0.46938399693641686},"Iteration":37},
{"Acceptance":[0.012401883830455259],"Energy":{"Mean":-605.3870967741937,"Sigma":0.08585333022941909,"Taucorr":-0.012996087199520778},"EnergyVariance":{"Mean":0.9308012486992715,"Sigma":0.5656384830130885,"Taucorr":3.754400131605884e-05},"Iteration":38},
{"Acceptance":[0.008712715855572999],"Energy":{"Mean":-605.5645161290321,"Sigma":0.061311541318539636,"Taucorr":-0.10450600801070908},"EnergyVariance":{"Mean":0.5845473465140479,"Sigma":0.2512696669969451,"Taucorr":-0.010918432128212696},"Iteration":39},
{"Acceptance":[0.008006279434850863],"Energy":{"Mean":-605.6370967741934,"Sigma":0.08585333022941358,"Taucorr":0.21450538185543544},"EnergyVariance":{"Mean":0.6344302809573361,"Sigma":0.21373122319355756,"Taucorr":0.11304171816233088},"Iteration":40},
{"Acceptance":[0.006907378335949764],"Energy":{"Mean":-605.7258064516129,"Sigma":0.056027593419842335,"Taucorr":0.08850118953214314},"EnergyVariance":{"Mean":0.32804370447450565,"Sigma":0.11347752233035645,"Taucorr":-0.020619140692849924},"Iteration":41},
{"Acceptance":[0.00423861852433281],"Energy":{"Mean":-605.8225806451613,"Sigma":0.057024740418269784,"Taucorr":0.32395498392282873},"EnergyVariance":{"Mean":0.24271592091571287,"Sigma":0.08186847010955547,"Taucorr":0.07845637140266815},"Iteration":42},
{"Acceptance":[0.0026687598116169543],"Energy":{"Mean":-605.8225806451612,"Sigma":0.040483549671002476,"Taucorr":0.19064171122991502},"EnergyVariance":{"Mean":0.1459417273673257,"Sigma":0.02611841914257766,"Taucorr":0.19064171122994666},"Iteration":43},
{"Acceptance":[0.002511773940345369],"Energy":{"Mean":-605.8870967741935,"Sigma":0.05893169647240286,"Taucorr":0.07055246699094897},"EnergyVariance":{"Mean":0.37434963579604585,"Sigma":0.22957288690326305,"Taucorr":0.004979143213228121},"Iteration":44},
{"Acceptance":[0.0026687598116169543],"Energy":{"Mean":-605.7419354838707,"Sigma":0.09523871463056204,"Taucorr":0.32600154083206634},"EnergyVariance":{"Mean":0.6753381893860563,"Sigma":0.3004849966734779,"Taucorr":0.20982623393566813},"Iteration":45},
{"Acceptance":[0.001726844583987441],"Energy":{"Mean":-605.8790322580645,"Sigma":0.03252577088656723,"Taucorr":-0.03054903801033193},"EnergyVariance":{"Mean":0.13859261186264307,"Sigma":0.041579006513069075,"Taucorr":-0.0476003826700212},"Iteration":46},
{"Acceptance":[0.0018838304552590266],"Energy":{"Mean":-605.9435483870968,"Sigma":0.030030623750039506,"Taucorr":0.2992502343017379},"EnergyVariance":{"Mean":0.06939386056191464,"Sigma":0.0403904969975992,"Taucorr":0.20544385113637187},"Iteration":47},
{"Acceptance":[0.0015698587127158557],"Energy":{"Mean":-605.9193548387095,"Sigma":0.04241863934962205,"Taucorr":0.7258645533141161},"EnergyVariance":{"Mean":0.09027055150884494,"Sigma":0.03503818865120415,"Taucorr":0.6394760817252239},"Iteration":48},
{"Acceptance":[0.001098901098901099],"Energy":{"Mean":-605.6129032258066,"Sigma":0.2708605138579552,"Taucorr":1.0063422789647465},"EnergyVariance":{"Mean":2.9953173777315296,"Sigma":1.9427483949035826,"Taucorr":1.0104914540512262},"Iteration":49},
{"Acceptance":[0.0009419152276295133],"Energy":{"Mean":-605.9435483870968,"Sigma":0.04878865632985198,"Taucorr":-0.0040978189028482714},"EnergyVariance":{"Mean":0.2952003121748178,"Sigma":0.2847108490718111,"Taucorr":-0.0006328176706956179},"Iteration":50},
{"Acceptance":[0.001098901098901099],"Energy":{"Mean":-605.9112903225808,"Sigma":0.04716190812004407,"Taucorr":-0.02914707857621235},"EnergyVariance":{"Mean":0.2905176899063476,"Sigma":0.17233498871798295,"Taucorr":-0.019793410076983153},"Iteration":51},
{"Acceptance":[0.0009419152276295133],"Energy":{"Mean":-605.7499999999999,"Sigma":0.14756081305138685,"Taucorr":0.3418250950570194},"EnergyVariance":{"Mean":1.5907258064516128,"Sigma":0.8440316570397544,"Taucorr":0.14432004120418385},"Iteration":52},
{"Acceptance":[0.0007849293563579278],"Energy":{"Mean":-606.0322580645162,"Sigma":0.02242650926303445,"Taucorr":-0.012704918032497514},"EnergyVariance":{"Mean":0.06347554630593132,"Sigma":0.04340614696069176,"Taucorr":-0.012704918032787005},"Iteration":53},
{"Acceptance":[0.0006279434850863422],"Energy":{"Mean":-605.9596774193548,"Sigma":0.04931898339167953,"Taucorr":0.004076265614729069},"EnergyVariance":{"Mean":0.296761186264308,"Sigma":0.2862624391844847,"Taucorr":-0.0007665260319602019},"Iteration":54},
{"Acceptance":[0.0006279434850863422],"Energy":{"Mean":-605.9354838709677,"Sigma":0.04914284360260424,"Taucorr":-0.008670395869185554},"EnergyVariance":{"Mean":0.30228928199791877,"Sigma":0.28377854280834636,"Taucorr":-0.001261206987286434},"Iteration":55},
{"Acceptance":[0.00015698587127158556],"Energy":{"Mean":-605.9919354838709,"Sigma":0.00806451612903539,"Taucorr":2.744471316873387e-13},"EnergyVariance":{"Mean":0.007999479708636839,"Sigma":0.0079344432882397,"Taucorr":0.0},"Iteration":56},
{"Acceptance":[0.0005494505494505495],"Energy":{"Mean":-605.9516129032259,"Sigma":0.03558148840381669,"Taucorr":0.3245179063361251},"EnergyVariance":{"Mean":0.09443288241415192,"Sigma":0.06771960696210395,"Taucorr":0.324517906336088},"Iteration":57},
{"Acceptance":[0.0008634222919937205],"Energy":{"Mean":-606.0,"Sigma":0.0,"Taucorr":null},"EnergyVariance":{"Mean":0.0,"Sigma":0.0,"Taucorr":null},"Iteration":58},
{"Acceptance":[0.00047095761381475666],"Energy":{"Mean":-606.0,"Sigma":0.0,"Taucorr":null},"EnergyVariance":{"Mean":0.0,"Sigma":0.0,"Taucorr":null},"Iteration":59},
{"Acceptance":[0.0006279434850863422],"Energy":{"Mean":-606.0,"Sigma":0.0,"Taucorr":null},"EnergyVariance":{"Mean":0.0,"Sigma":0.0,"Taucorr":null},"Iteration":60},
{"Acceptance":[0.0003139717425431711],"Energy":{"Mean":-606.0,"Sigma":0.0,"Taucorr":null},"EnergyVariance":{"Mean":0.0,"Sigma":0.0,"Taucorr":null},"Iteration":61},
{"Acceptance":[0.0007849293563579278],"Energy":{"Mean":-605.9677419354837,"Sigma":0.02524592877822751,"Taucorr":-0.00759803921556762},"EnergyVariance":{"Mean":0.07960457856399586,"Sigma":0.07116884104734124,"Taucorr":-0.002651924281302731},"Iteration":62},
{"Acceptance":[0.0015698587127158557],"Energy":{"Mean":-605.8387096774194,"Sigma":0.11509018617531142,"Taucorr":0.29678753180663187},"EnergyVariance":{"Mean":1.022372528616025,"Sigma":0.4606319447269376,"Taucorr":0.18487377007165606},"Iteration":63},
{"Acceptance":[0.0008634222919937205],"Energy":{"Mean":-605.9919354838709,"Sigma":0.018271661793514825,"Taucorr":0.010016155088963918},"EnergyVariance":{"Mean":0.04025754422476587,"Sigma":0.03276488127976621,"Taucorr":-0.006080986408856903},"Iteration":64},
{"Acceptance":[0.0005494505494505495],"Energy":{"Mean":-606.0,"Sigma":0.0,"Taucorr":null},"EnergyVariance":{"Mean":0.0,"Sigma":0.0,"Taucorr":null},"Iteration":65},
{"Acceptance":[0.0006279434850863422],"Energy":{"Mean":-605.9758064516128,"Sigma":0.017790744201906263,"Taucorr":-0.010147299509066565},"EnergyVariance":{"Mean":0.03973725286160249,"Sigma":0.032150136799680054,"Taucorr":-0.005821639123295752},"Iteration":66},
{"Acceptance":[0.0],"Energy":{"Mean":-606.0,"Sigma":0.0,"Taucorr":null},"EnergyVariance":{"Mean":0.0,"Sigma":0.0,"Taucorr":null},"Iteration":67},
{"Acceptance":[0.00015698587127158556],"Energy":{"Mean":-606.0,"Sigma":0.0,"Taucorr":null},"EnergyVariance":{"Mean":0.0,"Sigma":0.0,"Taucorr":null},"Iteration":68},
{"Acceptance":[0.00015698587127158556],"Energy":{"Mean":-606.0,"Sigma":0.0,"Taucorr":null},"EnergyVariance":{"Mean":0.0,"Sigma":0.0,"Taucorr":null},"Iteration":69},
{"Acceptance":[0.00047095761381475666],"Energy":{"Mean":-605.8548387096773,"Sigma":0.10091929168362287,"Taucorr":0.7253053435115078},"EnergyVariance":{"Mean":0.5111862643080127,"Sigma":0.3742137894307647,"Taucorr":0.7534643137610895},"Iteration":70},
{"Acceptance":[0.0009419152276295133],"Energy":{"Mean":-605.9677419354839,"Sigma":0.022426509263027885,"Taucorr":-0.012704918032717172},"EnergyVariance":{"Mean":0.06347554630593132,"Sigma":0.04340614696069686,"Taucorr":-0.012704918032786783},"Iteration":71},
{"Acceptance":[0.00047095761381475666],"Energy":{"Mean":-606.0,"Sigma":0.0,"Taucorr":null},"EnergyVariance":{"Mean":0.0,"Sigma":0.0,"Taucorr":null},"Iteration":72},
{"Acceptance":[0.0006279434850863422],"Energy":{"Mean":-605.9677419354838,"Sigma":0.032258064516133465,"Taucorr":1.0103029524088925e-13},"EnergyVariance":{"Mean":0.12799167533818934,"Sigma":0.1269510926118572,"Taucorr":0.0},"Iteration":73},
{"Acceptance":[0.0007849293563579278],"Energy":{"Mean":-606.0080645161289,"Sigma":0.044122067613648265,"Taucorr":0.2072224356512733},"EnergyVariance":{"Mean":0.169289802289282,"Sigma":0.13128007666369026,"Taucorr":0.006751801260474366},"Iteration":74},
{"Acceptance":[0.00015698587127158556],"Energy":{"Mean":-606.0080645161291,"Sigma":0.008064516129033219,"Taucorr":6.572520305780927e-14},"EnergyVariance":{"Mean":0.007999479708636837,"Sigma":0.007934443288239699,"Taucorr":-2.220446049250313e-16},"Iteration":75},
{"Acceptance":[0.00047095761381475666],"Energy":{"Mean":-605.9516129032259,"Sigma":0.03558148840381645,"Taucorr":-0.010147299508981855},"EnergyVariance":{"Mean":0.15894901144640997,"Sigma":0.12860054719873595,"Taucorr":-0.005821639123296751},"Iteration":76},
{"Acceptance":[0.00015698587127158556],"Energy":{"Mean":-606.0,"Sigma":0.0,"Taucorr":null},"EnergyVariance":{"Mean":0.0,"Sigma":0.0,"Taucorr":null},"Iteration":77},
{"Acceptance":[0.0006279434850863422],"Energy":{"Mean":-605.8870967741935,"Sigma":0.07225134377347353,"Taucorr":-0.004973926995575473},"EnergyVariance":{"Mean":0.6485431841831426,"Sigma":0.5118124942247855,"Taucorr":-0.006391254447937089},"Iteration":78},
{"Acceptance":[0.0007849293563579278],"Energy":{"Mean":-605.9516129032259,"Sigma":0.03558148840381677,"Taucorr":0.04517304189436655},"EnergyVariance":{"Mean":0.1428199791883455,"Sigma":0.12626718543306395,"Taucorr":0.0004557284110687787},"Iteration":79},
{"Acceptance":[0.0006279434850863422],"Energy":{"Mean":-606.0,"Sigma":0.0,"Taucorr":null},"EnergyVariance":{"Mean":0.0,"Sigma":0.0,"Taucorr":null},"Iteration":80},
{"Acceptance":[0.0003139717425431711],"Energy":{"Mean":-605.9919354838709,"Sigma":0.008064516129034109,"Taucorr":1.942890293094024e-13},"EnergyVariance":{"Mean":0.007999479708636837,"Sigma":0.007934443288239699,"Taucorr":-2.220446049250313e-16},"Iteration":81},
{"Acceptance":[0.00047095761381475666],"Energy":{"Mean":-605.983870967742,"Sigma":0.011213254631513361,"Taucorr":-0.012704918032767354},"EnergyVariance":{"Mean":0.015868886576482832,"Sigma":0.010851536740174215,"Taucorr":-0.012704918032786894},"Iteration":82},
{"Acceptance":[0.0009419152276295133],"Energy":{"Mean":-605.8870967741935,"Sigma":0.08585333022941602,"Taucorr":-0.0087397800958538},"EnergyVariance":{"Mean":0.9227367325702397,"Sigma":0.7935674833202618,"Taucorr":-0.00381142461019357},"Iteration":83},
{"Acceptance":[0.00015698587127158556],"Energy":{"Mean":-606.008064516129,"Sigma":0.008064516129032558,"Taucorr":4.1522341120980855e-14},"EnergyVariance":{"Mean":0.007999479708636837,"Sigma":0.007934443288241534,"Taucorr":0.0},"Iteration":84},
{"Acceptance":[0.00015698587127158556],"Energy":{"Mean":-605.9596774193546,"Sigma":0.04032258064516192,"Taucorr":1.2656542480726785e-14},"EnergyVariance":{"Mean":0.1999869927159209,"Sigma":0.19836108220602,"Taucorr":2.220446049250313e-16},"Iteration":85},
{"Acceptance":[0.0003139717425431711],"Energy":{"Mean":-605.9677419354838,"Sigma":0.032258064516133465,"Taucorr":1.0103029524088925e-13},"EnergyVariance":{"Mean":0.12799167533818934,"Sigma":0.1269510926118572,"Taucorr":0.0},"Iteration":86},
{"Acceptance":[0.0006279434850863422],"Energy":{"Mean":-606.0,"Sigma":0.01159347239400619,"Taucorr":0.012500000000124634},"EnergyVariance":{"Mean":0.01612903225806452,"Sigma":0.011213254631513016,"Taucorr":-0.012704918032786783},"Iteration":87},
{"Acceptance":[0.0003139717425431711],"Energy":{"Mean":-606.0,"Sigma":0.0,"Taucorr":null},"EnergyVariance":{"Mean":0.0,"Sigma":0.0,"Taucorr":null},"Iteration":88},
{"Acceptance":[0.0006279434850863422],"Energy":{"Mean":-605.9516129032259,"Sigma":0.048387096774193894,"Taucorr":0.5081967213114864},"EnergyVariance":{"Mean":0.14281997918834546,"Sigma":0.14047866805411455,"Taucorr":0.5081967213114753},"Iteration":89},
{"Acceptance":[0.00015698587127158556],"Energy":{"Mean":-605.9919354838709,"Sigma":0.008064516129034869,"Taucorr":2.3092638912203256e-13},"EnergyVariance":{"Mean":0.007999479708636839,"Sigma":0.007934443288239699,"Taucorr":-2.220446049250313e-16},"Iteration":90},
{"Acceptance":[0.00047095761381475666],"Energy":{"Mean":-606.0564516129033,"Sigma":0.03003062375004108,"Taucorr":0.5412698412698973},"EnergyVariance":{"Mean":0.05326482830385016,"Sigma":0.026640069455677554,"Taucorr":0.5412698412698416},"Iteration":91},
{"Acceptance":[0.00015698587127158556],"Energy":{"Mean":-606.0,"Sigma":0.0,"Taucorr":null},"EnergyVariance":{"Mean":0.0,"Sigma":0.0,"Taucorr":null},"Iteration":92},
{"Acceptance":[0.00015698587127158556],"Energy":{"Mean":-605.9919354838709,"Sigma":0.008064516129035963,"Taucorr":3.5704772471945034e-13},"EnergyVariance":{"Mean":0.007999479708636837,"Sigma":0.007934443288239699,"Taucorr":-2.220446049250313e-16},"Iteration":93},
{"Acceptance":[0.0006279434850863422],"Energy":{"Mean":-605.9919354838709,"Sigma":0.01827166179351435,"Taucorr":0.010016155088945822},"EnergyVariance":{"Mean":0.04025754422476588,"Sigma":0.03276488127976621,"Taucorr":-0.006080986408856903},"Iteration":94},
{"Acceptance":[0.0006279434850863422],"Energy":{"Mean":-605.9758064516128,"Sigma":0.024193548387097977,"Taucorr":4.618527782440651e-14},"EnergyVariance":{"Mean":0.07199531737773154,"Sigma":0.07140998959416829,"Taucorr":-2.220446049250313e-16},"Iteration":95},
{"Acceptance":[0.0006279434850863422],"Energy":{"Mean":-605.9758064516129,"Sigma":0.01779074420190946,"Taucorr":-0.0101472995089254},"EnergyVariance":{"Mean":0.03973725286160249,"Sigma":0.032150136799683995,"Taucorr":-0.005821639123296307},"Iteration":96},
{"Acceptance":[0.0003139717425431711],"Energy":{"Mean":-605.9354838709677,"Sigma":0.06451612903225709,"Taucorr":-1.099120794378905e-14},"EnergyVariance":{"Mean":0.5119667013527575,"Sigma":0.5078043704474435,"Taucorr":0.0},"Iteration":97},
{"Acceptance":[0.00047095761381475666],"Energy":{"Mean":-606.0,"Sigma":0.0,"Taucorr":null},"EnergyVariance":{"Mean":0.0,"Sigma":0.0,"Taucorr":null},"Iteration":98},
{"Acceptance":[0.0],"Energy":{"Mean":-606.0,"Sigma":0.0,"Taucorr":null},"EnergyVariance":{"Mean":0.0,"Sigma":0.0,"Taucorr":null},"Iteration":99} 
]}