{"Output": [
{"Acceptance":[0.0007398975526465567],"Energy":{"Mean":-4109.064516129033,"Sigma":0.019972231850551535,"Taucorr":-0.09353448275833454},"EnergyVariance":{"Mean":0.0603537981269511,"Sigma":0.01739516967624701,"Taucorr":-0.09353448275862081},"Iteration":0},
{"Acceptance":[0.0032726237905520775],"Energy":{"Mean":-4110.298387096774,"Sigma":0.11265333328322495,"Taucorr":0.28073645175960205},"EnergyVariance":{"Mean":0.9996748178980229,"Sigma":0.2598460618496126,"Taucorr":0.3007187807596562},"Iteration":1},
{"Acceptance":[8.537279453614115e-05],"Energy":{"Mean":-4113.1935483870975,"Sigma":0.13455905557816555,"Taucorr":0.4908333333334407},"EnergyVariance":{"Mean":1.1238293444328824,"Sigma":0.7552669571159052,"Taucorr":0.4908333333333331},"Iteration":2},
{"Acceptance":[0.00019920318725099602],"Energy":{"Mean":-4118.9838709677415,"Sigma":0.016129032258074515,"Taucorr":5.755396159656812e-13},"EnergyVariance":{"Mean":0.031997918834547355,"Sigma":0.03173777315295146,"Taucorr":-2.220446049250313e-16},"Iteration":3},
{"Acceptance":[0.0],"Energy":{"Mean":-4119.0,"Sigma":0.0,"Taucorr":null},"EnergyVariance":{"Mean":0.0,"Sigma":0.0,"Taucorr":null},"Iteration":4},
{"Acceptance":[5.6915196357427435e-05],"Energy":{"Mean":-4119.0,"Sigma":0.0,"Taucorr":null},"EnergyVariance":{"Mean":0.0,"Sigma":0.0,"Taucorr":null},"Iteration":5},
{"Acceptance":[5.6915196357427435e-05],"Energy":{"Mean":-4118.943548387097,"Sigma":0.05645161290321943,"Taucorr":-8.859579736508749e-14},"EnergyVariance":{"Mean":0.3919745057232048,"Sigma":0.3887877211238094,"Taucorr":2.220446049250313e-16},"Iteration":6},
{"Acceptance":[0.0],"Energy":{"Mean":-4119.0,"Sigma":0.0,"Taucorr":null},"EnergyVariance":{"Mean":0.0,"Sigma":0.0,"Taucorr":null},"Iteration":7},
{"Acceptance":[0.0],"Energy":{"Mean":-4119.0,"Sigma":0.0,"Taucorr":null},"EnergyVariance":{"Mean":0.0,"Sigma":0.0,"Taucorr":null},"Iteration":8},
{"Acceptance":[5.6915196357427435e-05],"Energy":{"Mean":-4119.0,"Sigma":0.0,"Taucorr":null},"EnergyVariance":{"Mean":0.0,"Sigma":0.0,"Taucorr":null},"Iteration":9},
{"Acceptance":[5.6915196357427435e-05],"Energy":{"Mean":-4119.0,"Sigma":0.0,"Taucorr":null},"EnergyVariance":{"Mean":0.0,"Sigma":0.0,"Taucorr":null},"Iteration":10},
{"Acceptance":[0.0],"Energy":{"Mean":-4119.0,"Sigma":0.0,"Taucorr":null},"EnergyVariance":{"Mean":0.0,"Sigma":0.0,"Taucorr":null},"Iteration":11},
{"Acceptance":[0.0],"Energy":{"Mean":-4119.0,"Sigma":0.0,"Taucorr":null},"EnergyVariance":{"Mean":0.0,"Sigma":0.0,"Taucorr":null},"Iteration":12},
{"Acceptance":[5.6915196357427435e-05],"Energy":{"Mean":-4118.919354838709,"Sigma":0.08064516129032032,"Taucorr":0.5081967213114198},"EnergyVariance":{"Mean":0.39672216441207087,"Sigma":0.3902185223724672,"Taucorr":0.5081967213114755},"Iteration":13},
{"Acceptance":[0.0],"Energy":{"Mean":-4119.0,"Sigma":0.0,"Taucorr":null},"EnergyVariance":{"Mean":0.0,"Sigma":0.0,"Taucorr":null},"Iteration":14},
{"Acceptance":[5.6915196357427435e-05],"Energy":{"Mean":-4118.967741935484,"Sigma":0.03225806451612217,"Taucorr":-2.4502622153477205e-13},"EnergyVariance":{"Mean":0.1279916753381894,"Sigma":0.12695109261186455,"Taucorr":0.0},"Iteration":15},
{"Acceptance":[5.6915196357427435e-05],"Energy":{"Mean":-4118.9838709677415,"Sigma":0.016129032258075507,"Taucorr":0.5081967213122185},"EnergyVariance":{"Mean":0.015868886576482836,"Sigma":0.01560874089488695,"Taucorr":0.508196721311476},"Iteration":16},
{"Acceptance":[0.0],"Energy":{"Mean":-4119.0,"Sigma":0.0,"Taucorr":null},"EnergyVariance":{"Mean":0.0,"Sigma":0.0,"Taucorr":null},"Iteration":17},
{"Acceptance":[0.00011383039271485487],"Energy":{"Mean":-4118.9516129032245,"Sigma":0.04838709677419655,"Taucorr":0.5081967213116771},"EnergyVariance":{"Mean":0.14281997918834538,"Sigma":0.14047866805398251,"Taucorr":0.5081967213114749},"Iteration":18},
{"Acceptance":[5.6915196357427435e-05],"Energy":{"Mean":-4118.927419354839,"Sigma":0.0725806451613172,"Taucorr":2.922107000813412e-13},"EnergyVariance":{"Mean":0.6479578563995839,"Sigma":0.6426899063475972,"Taucorr":-3.3306690738754696e-16},"Iteration":19},
{"Acceptance":[5.6915196357427435e-05],"Energy":{"Mean":-4119.0,"Sigma":0.0,"Taucorr":null},"EnergyVariance":{"Mean":0.0,"Sigma":0.0,"Taucorr":null},"Iteration":20},
{"Acceptance":[5.6915196357427435e-05],"Energy":{"Mean":-4119.032258064516,"Sigma":0.02242650926302535,"Taucorr":-0.012704918032805101},"EnergyVariance":{"Mean":0.06347554630593132,"Sigma":0.043406146960696855,"Taucorr":-0.012704918032786894},"Iteration":21},
{"Acceptance":[5.6915196357427435e-05],"Energy":{"Mean":-4119.0,"Sigma":0.0,"Taucorr":null},"EnergyVariance":{"Mean":0.0,"Sigma":0.0,"Taucorr":null},"Iteration":22},
{"Acceptance":[5.6915196357427435e-05],"Energy":{"Mean":-4119.0161290322585,"Sigma":0.01612903225805718,"Taucorr":-3.9757086511826856e-13},"EnergyVariance":{"Mean":0.03199791883454734,"Sigma":0.03173777315295146,"Taucorr":0.0},"Iteration":23},
{"Acceptance":[0.0002845759817871372],"Energy":{"Mean":-4119.0483870967755,"Sigma":0.02698903311403051,"Taucorr":-0.025619834709975475},"EnergyVariance":{"Mean":0.09443288241415196,"Sigma":0.051366224313675324,"Taucorr":-0.025619834710743472},"Iteration":24},
{"Acceptance":[0.0018782014797951053],"Energy":{"Mean":-4120.3709677419365,"Sigma":0.10361151058932049,"Taucorr":0.2655806938158206},"EnergyVariance":{"Mean":0.8623829344432883,"Sigma":0.07687305624391422,"Taucorr":0.2655806938159879},"Iteration":25},
{"Acceptance":[2.8457598178713718e-05],"Energy":{"Mean":-4121.0,"Sigma":0.0,"Taucorr":null},"EnergyVariance":{"Mean":0.0,"Sigma":0.0,"Taucorr":null},"Iteration":26},
{"Acceptance":[5.6915196357427435e-05],"Energy":{"Mean":-4120.870967741935,"Sigma":0.08970603705215151,"Taucorr":0.4908333333338326},"EnergyVariance":{"Mean":0.4994797086368367,"Sigma":0.33567420316257013,"Taucorr":0.49083333333333345},"Iteration":27},
{"Acceptance":[0.0],"Energy":{"Mean":-4121.0,"Sigma":0.0,"Taucorr":null},"EnergyVariance":{"Mean":0.0,"Sigma":0.0,"Taucorr":null},"Iteration":28},
{"Acceptance":[5.6915196357427435e-05],"Energy":{"Mean":-4120.903225806452,"Sigma":0.09677419354838275,"Taucorr":-2.3425705819590803e-14},"EnergyVariance":{"Mean":1.1519250780437045,"Sigma":1.1425598335067808,"Taucorr":-2.220446049250313e-16},"Iteration":29},
{"Acceptance":[0.0],"Energy":{"Mean":-4121.0,"Sigma":0.0,"Taucorr":null},"EnergyVariance":{"Mean":0.0,"Sigma":0.0,"Taucorr":null},"Iteration":30},
{"Acceptance":[0.0],"Energy":{"Mean":-4121.0,"Sigma":0.0,"Taucorr":null},"EnergyVariance":{"Mean":0.0,"Sigma":0.0,"Taucorr":null},"Iteration":31},
{"Acceptance":[0.0],"Energy":{"Mean":-4121.0,"Sigma":0.0,"Taucorr":null},"EnergyVariance":{"Mean":0.0,"Sigma":0.0,"Taucorr":null},"Iteration":32},
{"Acceptance":[0.0],"Energy":{"Mean":-4121.0,"Sigma":0.0,"Taucorr":null},"EnergyVariance":{"Mean":0.0,"Sigma":0.0,"Taucorr":null},"Iteration":33},
{"Acceptance":[0.0],"Energy":{"Mean":-4121.0,"Sigma":0.0,"Taucorr":null},"EnergyVariance":{"Mean":0.0,"Sigma":0.0,"Taucorr":null},"Iteration":34},
{"Acceptance":[0.0],"Energy":{"Mean":-4121.0,"Sigma":0.0,"Taucorr":null},"EnergyVariance":{"Mean":0.0,"Sigma":0.0,"Taucorr":null},"Iteration":35},
{"Acceptance":[0.0],"Energy":{"Mean":-4121.0,"Sigma":0.0,"Taucorr":null},"EnergyVariance":{"Mean":0.0,"Sigma":0.0,"Taucorr":null},"Iteration":36},
{"Acceptance":[5.6915196357427435e-05],"Energy":{"Mean":-4121.0,"Sigma":0.0,"Taucorr":null},"EnergyVariance":{"Mean":0.0,"Sigma":0.0,"Taucorr":null},"Iteration":37},
{"Acceptance":[5.6915196357427435e-05],"Energy":{"Mean":-4120.991935483872,"Sigma":0.008064516129017405,"Taucorr":-1.4239720513842258e-12},"EnergyVariance":{"Mean":0.007999479708636835,"Sigma":0.00793444328825987,"Taucorr":0.0},"Iteration":38},
{"Acceptance":[0.0],"Energy":{"Mean":-4121.0,"Sigma":0.0,"Taucorr":null},"EnergyVariance":{"Mean":0.0,"Sigma":0.0,"Taucorr":null},"Iteration":39},
{"Acceptance":[0.0],"Energy":{"Mean":-4121.0,"Sigma":0.0,"Taucorr":null},"EnergyVariance":{"Mean":0.0,"Sigma":0.0,"Taucorr":null},"Iteration":40},
{"Acceptance":[0.0],"Energy":{"Mean":-4121.0,"Sigma":0.0,"Taucorr":null},"EnergyVariance":{"Mean":0.0,"Sigma":0.0,"Taucorr":null},"Iteration":41},
{"Acceptance":[0.0],"Energy":{"Mean":-4121.0,"Sigma":0.0,"Taucorr":null},"EnergyVariance":{"Mean":0.0,"Sigma":0.0,"Taucorr":null},"Iteration":42},
{"Acceptance":[5.6915196357427435e-05],"Energy":{"Mean":-4121.0,"Sigma":0.0,"Taucorr":null},"EnergyVariance":{"Mean":0.0,"Sigma":0.0,"Taucorr":null},"Iteration":43},
{"Acceptance":[0.0],"Energy":{"Mean":-4121.0,"Sigma":0.0,"Taucorr":null},"EnergyVariance":{"Mean":0.0,"Sigma":0.0,"Taucorr":null},"Iteration":44},
{"Acceptance":[0.0],"Energy":{"Mean":-4121.0,"Sigma":0.0,"Taucorr":null},"EnergyVariance":{"Mean":0.0,"Sigma":0.0,"Taucorr":null},"Iteration":45},
{"Acceptance":[5.6915196357427435e-05],"Energy":{"Mean":-4121.0,"Sigma":0.0,"Taucorr":null},"EnergyVariance":{"Mean":0.0,"Sigma":0.0,"Taucorr":null},"Iteration":46},
{"Acceptance":[0.0],"Energy":{"Mean":-4121.0,"Sigma":0.0,"Taucorr":null},"EnergyVariance":{"Mean":0.0,"Sigma":0.0,"Taucorr":null},"Iteration":47},
{"Acceptance":[0.0],"Energy":{"Mean":-4121.0,"Sigma":0.0,"Taucorr":null},"EnergyVariance":{"Mean":0.0,"Sigma":0.0,"Taucorr":null},"Iteration":48},
{"Acceptance":[0.0],"Energy":{"Mean":-4121.0,"Sigma":0.0,"Taucorr":null},"EnergyVariance":{"Mean":0.0,"Sigma":0.0,"Taucorr":null},"Iteration":49},
{"Acceptance":[0.0],"Energy":{"Mean":-4121.0,"Sigma":0.0,"Taucorr":null},"EnergyVariance":{"Mean":0.0,"Sigma":0.0,"Taucorr":null},"Iteration":50},
{"Acceptance":[0.0],"Energy":{"Mean":-4121.0,"Sigma":0.0,"Taucorr":null},"EnergyVariance":{"Mean":0.0,"Sigma":0.0,"Taucorr":null},"Iteration":51},
{"Acceptance":[0.0],"Energy":{"Mean":-4121.0,"Sigma":0.0,"Taucorr":null},"EnergyVariance":{"Mean":0.0,"Sigma":0.0,"Taucorr":null},"Iteration":52},
{"Acceptance":[0.0],"Energy":{"Mean":-4121.0,"Sigma":0.0,"Taucorr":null},"EnergyVariance":{"Mean":0.0,"Sigma":0.0,"Taucorr":null},"Iteration":53},
{"Acceptance":[0.0],"Energy":{"Mean":-4121.0,"Sigma":0.0,"Taucorr":null},"EnergyVariance":{"Mean":0.0,"Sigma":0.0,"Taucorr":null},"Iteration":54},
{"Acceptance":[0.0],"Energy":{"Mean":-4121.0,"Sigma":0.0,"Taucorr":null},"EnergyVariance":{"Mean":0.0,"Sigma":0.0,"Taucorr":null},"Iteration":55},
{"Acceptance":[0.0],"Energy":{"Mean":-4121.0,"Sigma":0.0,"Taucorr":null},"EnergyVariance":{"Mean":0.0,"Sigma":0.0,"Taucorr":null},"Iteration":56},
{"Acceptance":[0.0],"Energy":{"Mean":-4121.0,"Sigma":0.0,"Taucorr":null},"EnergyVariance":{"Mean":0.0,"Sigma":0.0,"Taucorr":null},"Iteration":57},
{"Acceptance":[0.0],"Energy":{"Mean":-4121.0,"Sigma":0.0,"Taucorr":null},"EnergyVariance":{"Mean":0.0,"Sigma":0.0,"Taucorr":null},"Iteration":58},
{"Acceptance":[0.0],"Energy":{"Mean":-4121.0,"Sigma":0.0,"Taucorr":null},"EnergyVariance":{"Mean":0.0,"Sigma":0.0,"Taucorr":null},"Iteration":59},
{"Acceptance":[0.0],"Energy":{"Mean":-4121.0,"Sigma":0.0,"Taucorr":null},"EnergyVariance":{"Mean":0.0,"Sigma":0.0,"Taucorr":null},"Iteration":60},
{"Acceptance":[0.00011383039271485487],"Energy":{"Mean":-4121.032258064516,"Sigma":0.03225806451613516,"Taucorr":1.532107773982716e-13},"EnergyVariance":{"Mean":0.12799167533818942,"Sigma":0.12695109261186455,"Taucorr":0.0},"Iteration":61},
{"Acceptance":[0.00022766078542970974],"Energy":{"Mean":-4121.096774193548,"Sigma":0.05397806622798717,"Taucorr":-0.025619834710978673},"EnergyVariance":{"Mean":0.3777315296566077,"Sigma":0.2054648972549958,"Taucorr":-0.025619834710743694},"Iteration":62},
{"Acceptance":[2.8457598178713718e-05],"Energy":{"Mean":-4125.0,"Sigma":0.0,"Taucorr":null},"EnergyVariance":{"Mean":0.0,"Sigma":0.0,"Taucorr":null},"Iteration":63},
{"Acceptance":[5.6915196357427435e-05],"Energy":{"Mean":-4125.0,"Sigma":0.0,"Taucorr":null},"EnergyVariance":{"Mean":0.0,"Sigma":0.0,"Taucorr":null},"Iteration":64},
{"Acceptance":[0.0],"Energy":{"Mean":-4125.0,"Sigma":0.0,"Taucorr":null},"EnergyVariance":{"Mean":0.0,"Sigma":0.0,"Taucorr":null},"Iteration":65},
{"Acceptance":[0.0],"Energy":{"Mean":-4125.0,"Sigma":0.0,"Taucorr":null},"EnergyVariance":{"Mean":0.0,"Sigma":0.0,"Taucorr":null},"Iteration":66},
{"Acceptance":[0.0],"Energy":{"Mean":-4125.0,"Sigma":0.0,"Taucorr":null},"EnergyVariance":{"Mean":0.0,"Sigma":0.0,"Taucorr":null},"Iteration":67},
{"Acceptance":[0.00011383039271485487],"Energy":{"Mean":-4124.903225806452,"Sigma":0.07116297680761934,"Taucorr":0.32451790633593147},"EnergyVariance":{"Mean":0.3777315296566076,"Sigma":0.2708784278484158,"Taucorr":0.3245179063360877},"Iteration":68},
{"Acceptance":[0.0],"Energy":{"Mean":-4125.0,"Sigma":0.0,"Taucorr":null},"EnergyVariance":{"Mean":0.0,"Sigma":0.0,"Taucorr":null},"Iteration":69},
{"Acceptance":[0.0],"Energy":{"Mean":-4125.0,"Sigma":0.0,"Taucorr":null},"EnergyVariance":{"Mean":0.0,"Sigma":0.0,"Taucorr":null},"Iteration":70},
{"Acceptance":[0.0],"Energy":{"Mean":-4125.0,"Sigma":0.0,"Taucorr":null},"EnergyVariance":{"Mean":0.0,"Sigma":0.0,"Taucorr":null},"Iteration":71},
{"Acceptance":[0.0],"Energy":{"Mean":-4125.0,"Sigma":0.0,"Taucorr":null},"EnergyVariance":{"Mean":0.0,"Sigma":0.0,"Taucorr":null},"Iteration":72},
{"Acceptance":[0.0],"Energy":{"Mean":-4125.0,"Sigma":0.0,"Taucorr":null},"EnergyVariance":{"Mean":0.0,"Sigma":0.0,"Taucorr":null},"Iteration":73},
{"Acceptance":[0.0],"Energy":{"Mean":-4125.0,"Sigma":0.0,"Taucorr":null},"EnergyVariance":{"Mean":0.0,"Sigma":0.0,"Taucorr":null},"Iteration":74},
{"Acceptance":[0.0],"Energy":{"Mean":-4125.0,"Sigma":0.0,"Taucorr":null},"EnergyVariance":{"Mean":0.0,"Sigma":0.0,"Taucorr":null},"Iteration":75},
{"Acceptance":[0.0],"Energy":{"Mean":-4125.0,"Sigma":0.0,"Taucorr":null},"EnergyVariance":{"Mean":0.0,"Sigma":0.0,"Taucorr":null},"Iteration":76},
{"Acceptance":[0.0],"Energy":{"Mean":-4125.0,"Sigma":0.0,"Taucorr":null},"EnergyVariance":{"Mean":0.0,"Sigma":0.0,"Taucorr":null},"Iteration":77},
{"Acceptance":[5.6915196357427435e-05],"Energy":{"Mean":-4124.959677419355,"Sigma":0.04032258064515639,"Taucorr":-6.006306563222097e-14},"EnergyVariance":{"Mean":0.19998699271592088,"Sigma":0.19836108220605667,"Taucorr":0.0},"Iteration":78},
{"Acceptance":[0.0],"Energy":{"Mean":-4125.0,"Sigma":0.0,"Taucorr":null},"EnergyVariance":{"Mean":0.0,"Sigma":0.0,"Taucorr":null},"Iteration":79},
{"Acceptance":[5.6915196357427435e-05],"Energy":{"Mean":-4124.967741935484,"Sigma":0.032258064516134215,"Taucorr":1.2279066652354231e-13},"EnergyVariance":{"Mean":0.12799167533818942,"Sigma":0.12695109261186455,"Taucorr":0.0},"Iteration":80},
{"Acceptance":[0.0],"Energy":{"Mean":-4125.0,"Sigma":0.0,"Taucorr":null},"EnergyVariance":{"Mean":0.0,"Sigma":0.0,"Taucorr":null},"Iteration":81},
{"Acceptance":[0.0],"Energy":{"Mean":-4125.0,"Sigma":0.0,"Taucorr":null},"EnergyVariance":{"Mean":0.0,"Sigma":0.0,"Taucorr":null},"Iteration":82},
{"Acceptance":[0.0],"Energy":{"Mean":-4125.0,"Sigma":0.0,"Taucorr":null},"EnergyVariance":{"Mean":0.0,"Sigma":0.0,"Taucorr":null},"Iteration":83},
{"Acceptance":[0.0],"Energy":{"Mean":-4125.0,"Sigma":0.0,"Taucorr":null},"EnergyVariance":{"Mean":0.0,"Sigma":0.0,"Taucorr":null},"Iteration":84},
{"Acceptance":[0.0],"Energy":{"Mean":-4125.0,"Sigma":0.0,"Taucorr":null},"EnergyVariance":{"Mean":0.0,"Sigma":0.0,"Taucorr":null},"Iteration":85},
{"Acceptance":[0.0],"Energy":{"Mean":-4125.0,"Sigma":0.0,"Taucorr":null},"EnergyVariance":{"Mean":0.0,"Sigma":0.0,"Taucorr":null},"Iteration":86},
{"Acceptance":[0.0],"Energy":{"Mean":-4125.0,"Sigma":0.0,"Taucorr":null},"EnergyVariance":{"Mean":0.0,"Sigma":0.0,"Taucorr":null},"Iteration":87},
{"Acceptance":[0.0],"Energy":{"Mean":-4125.0,"Sigma":0.0,"Taucorr":null},"EnergyVariance":{"Mean":0.0,"Sigma":0.0,"Taucorr":null},"Iteration":88},
{"Acceptance":[5.6915196357427435e-05],"Energy":{"Mean":-4125.0,"Sigma":0.0,"Taucorr":null},"EnergyVariance":{"Mean":0.0,"Sigma":0.0,"Taucorr":null},"Iteration":89},
{"Acceptance":[5.6915196357427435e-05],"Energy":{"Mean":-4124.967741935484,"Sigma":0.03225806451613516,"Taucorr":1.5210055437364645e-13},"EnergyVariance":{"Mean":0.12799167533818942,"Sigma":0.12695109261186455,"Taucorr":2.220446049250313e-16},"Iteration":90},
{"Acceptance":[5.6915196357427435e-05],"Energy":{"Mean":-4124.9838709677415,"Sigma":0.01612903225807197,"Taucorr":2.680078381445128e-13},"EnergyVariance":{"Mean":0.031997918834547355,"Sigma":0.03173777315295146,"Taucorr":-2.220446049250313e-16},"Iteration":91},
{"Acceptance":[0.0],"Energy":{"Mean":-4125.0,"Sigma":0.0,"Taucorr":null},"EnergyVariance":{"Mean":0.0,"Sigma":0.0,"Taucorr":null},"Iteration":92},
{"Acceptance":[0.0],"Energy":{"Mean":-4125.0,"Sigma":0.0,"Taucorr":null},"EnergyVariance":{"Mean":0.0,"Sigma":0.0,"Taucorr":null},"Iteration":93},
{"Acceptance":[0.0],"Energy":{"Mean":-4125.0,"Sigma":0.0,"Taucorr":null},"EnergyVariance":{"Mean":0.0,"Sigma":0.0,"Taucorr":null},"Iteration":94},
{"Acceptance":[0.0],"Energy":{"Mean":-4125.0,"Sigma":0.0,"Taucorr":null},"EnergyVariance":{"Mean":0.0,"Sigma":0.0,"Taucorr":null},"Iteration":95},
{"Acceptance":[5.6915196357427435e-05],"Energy":{"Mean":-4125.0,"Sigma":0.0,"Taucorr":null},"EnergyVariance":{"Mean":0.0,"Sigma":0.0,"Taucorr":null},"Iteration":96},
{"Acceptance":[0.0],"Energy":{"Mean":-4125.0,"Sigma":0.0,"Taucorr":null},"EnergyVariance":{"Mean":0.0,"Sigma":0.0,"Taucorr":null},"Iteration":97},
{"Acceptance":[0.0],"Energy":{"Mean":-4125.0,"Sigma":0.0,"Taucorr":null},"EnergyVariance":{"Mean":0.0,"Sigma":0.0,"Taucorr":null},"Iteration":98},
{"Acceptance":[0.0],"Energy":{"Mean":-4125.0,"Sigma":0.0,"Taucorr":null},"EnergyVariance":{"Mean":0.0,"Sigma":0.0,"Taucorr":null},"Iteration":99} 
]}