{"Output": [
{"Acceptance":[0.179476861167002],"Energy":{"Mean":-330.008064516129,"Sigma":0.7321793098666083,"Taucorr":0.3247332295372978},"EnergyVariance":{"Mean":39.975741415192495,"Sigma":6.177128287313486,"Taucorr":0.08463929050377883},"Iteration":0},
{"Acceptance":[0.06408450704225352],"Energy":{"Mean":-355.98387096774184,"Sigma":0.5336695198662476,"Taucorr":0.25309749113564606},"EnergyVariance":{"Mean":23.257804370447445,"Sigma":3.4294607565608355,"Taucorr":0.15282536010744485},"Iteration":1},
{"Acceptance":[0.005734406438631791],"Energy":{"Mean":-362.8790322580645,"Sigma":0.10296084947422357,"Taucorr":0.33183968135424424},"EnergyVariance":{"Mean":0.7837539021852237,"Sigma":0.2918039182287854,"Taucorr":0.3718855211727544},"Iteration":2},
{"Acceptance":[0.01670020120724346],"Energy":{"Mean":-363.2580645161291,"Sigma":0.18090419216528916,"Taucorr":0.6898954167948248},"EnergyVariance":{"Mean":1.6914672216441209,"Sigma":0.8822576262607447,"Taucorr":0.902697736946517},"Iteration":3},
{"Acceptance":[0.010764587525150906],"Energy":{"Mean":-363.94354838709677,"Sigma":0.18862464769391962,"Taucorr":0.27832373285215384},"EnergyVariance":{"Mean":2.8113293444328824,"Sigma":1.6118987807841085,"Taucorr":0.28134383636786275},"Iteration":4},
{"Acceptance":[0.01488933601609658],"Energy":{"Mean":-365.2016129032259,"Sigma":0.12401187662009314,"Taucorr":0.6502570592422663},"EnergyVariance":{"Mean":0.8222554630593132,"Sigma":0.3105961917356005,"Taucorr":0.6792810344778297},"Iteration":5},
{"Acceptance":[0.004124748490945674],"Energy":{"Mean":-366.2258064516129,"Sigma":0.0930045370537965,"Taucorr":0.5359042553191538},"EnergyVariance":{"Mean":0.5135275754422476,"Sigma":0.1375711266856124,"Taucorr":0.4301461421294379},"Iteration":6},
{"Acceptance":[0.003420523138832998],"Energy":{"Mean":-367.6209677419354,"Sigma":0.1264012682312771,"Taucorr":0.41483499848622474},"EnergyVariance":{"Mean":1.0740764828303848,"Sigma":0.4771900452055764,"Taucorr":0.22761429811139078},"Iteration":7},
{"Acceptance":[0.0014084507042253522],"Energy":{"Mean":-367.86290322580646,"Sigma":0.07408828437326195,"Taucorr":0.582502606882138},"EnergyVariance":{"Mean":0.31184963579604585,"Sigma":0.18690193604926514,"Taucorr":0.26355840864945534},"Iteration":8},
{"Acceptance":[0.0012072434607645875],"Energy":{"Mean":-367.94354838709677,"Sigma":0.05645161290322656,"Taucorr":8.881784197001252e-15},"EnergyVariance":{"Mean":0.39197450572320514,"Sigma":0.38878772112382876,"Taucorr":2.220446049250313e-16},"Iteration":9},
{"Acceptance":[0.001006036217303823],"Energy":{"Mean":-367.75,"Sigma":0.19572034031470303,"Taucorr":1.311627906976743},"EnergyVariance":{"Mean":1.3004032258064517,"Sigma":1.0662269366007344,"Taucorr":1.4622195512272054},"Iteration":10},
{"Acceptance":[0.00040241448692152917],"Energy":{"Mean":-367.9516129032258,"Sigma":0.048387096774193374,"Taucorr":0.508196721311468},"EnergyVariance":{"Mean":0.14281997918834546,"Sigma":0.14047866805410905,"Taucorr":0.5081967213114753},"Iteration":11},
{"Acceptance":[0.0011066398390342052],"Energy":{"Mean":-367.983870967742,"Sigma":0.01612903225806434,"Taucorr":-1.3100631690576847e-14},"EnergyVariance":{"Mean":0.03199791883454735,"Sigma":0.01506151386694185,"Taucorr":-0.03870733868585752},"Iteration":12},
{"Acceptance":[0.002012072434607646],"Energy":{"Mean":-367.9677419354838,"Sigma":0.05882123396390476,"Taucorr":0.0752109704641375},"EnergyVariance":{"Mean":0.3699271592091571,"Sigma":0.21098838012526366,"Taucorr":-0.019301039168482192},"Iteration":13},
{"Acceptance":[0.001710261569416499],"Energy":{"Mean":-367.90322580645153,"Sigma":0.0620845540273006,"Taucorr":-0.016847826086940743},"EnergyVariance":{"Mean":0.49063475546305924,"Sigma":0.33571579303623234,"Taucorr":-0.012544268120242674},"Iteration":14},
{"Acceptance":[0.0012072434607645875],"Energy":{"Mean":-367.8064516129032,"Sigma":0.10980779727009751,"Taucorr":0.0628998815165781},"EnergyVariance":{"Mean":1.3173777315296569,"Sigma":0.8556916269306075,"Taucorr":-0.009779565861500916},"Iteration":15},
{"Acceptance":[0.0012072434607645875],"Energy":{"Mean":-368.0322580645162,"Sigma":0.051511998137649236,"Taucorr":0.13491902834007896},"EnergyVariance":{"Mean":0.25702393340270546,"Sigma":0.14704284480879004,"Taucorr":0.02156628900814228},"Iteration":16},
{"Acceptance":[0.0008048289738430583],"Energy":{"Mean":-367.94354838709677,"Sigma":0.0487886563298522,"Taucorr":-0.004097818902842332},"EnergyVariance":{"Mean":0.295200312174818,"Sigma":0.2847108490718057,"Taucorr":-0.0006328176706953959},"Iteration":17},
{"Acceptance":[0.0018108651911468814],"Energy":{"Mean":-368.0645161290322,"Sigma":0.03471803073325406,"Taucorr":0.025738007380082584},"EnergyVariance":{"Mean":0.1409989594172737,"Sigma":0.08269463416469507,"Taucorr":0.5782525275169326},"Iteration":18},
{"Acceptance":[0.0016096579476861167],"Energy":{"Mean":-367.9596774193548,"Sigma":0.07522079881523183,"Taucorr":0.46318631863185733},"EnergyVariance":{"Mean":0.3612773152965661,"Sigma":0.2597736782633135,"Taucorr":0.478254724511573},"Iteration":19},
{"Acceptance":[0.0016096579476861167],"Energy":{"Mean":-368.0887096774194,"Sigma":0.04106837188057818,"Taucorr":0.14232782923887943},"EnergyVariance":{"Mean":0.16148543184183145,"Sigma":0.07422651990767858,"Taucorr":0.15459286443422604},"Iteration":20},
{"Acceptance":[0.01006036217303823],"Energy":{"Mean":-368.5241935483871,"Sigma":0.09793214042205318,"Taucorr":0.05021537341503102},"EnergyVariance":{"Mean":1.0719953173777312,"Sigma":0.1605356731632215,"Taucorr":-0.014575713341974716},"Iteration":21},
{"Acceptance":[0.003722334004024145],"Energy":{"Mean":-370.0483870967741,"Sigma":0.0536558062360186,"Taucorr":-0.019689484827118076},"EnergyVariance":{"Mean":0.3686264308012487,"Sigma":0.17845407218214357,"Taucorr":-0.03457432258914783},"Iteration":22},
{"Acceptance":[0.0113682092555332],"Energy":{"Mean":-370.28225806451616,"Sigma":0.048833070227378386,"Taucorr":-0.035147392290258095},"EnergyVariance":{"Mean":0.31549167533818934,"Sigma":0.07173698184385108,"Taucorr":-0.020706248977200248},"Iteration":23},
{"Acceptance":[0.0012072434607645875],"Energy":{"Mean":-370.9758064516129,"Sigma":0.05481498538053715,"Taucorr":0.2921103986618383},"EnergyVariance":{"Mean":0.23328563995837667,"Sigma":0.17298129814909394,"Taucorr":0.16722278157206283},"Iteration":24},
{"Acceptance":[0.0008048289738430583],"Energy":{"Mean":-370.9274193548388,"Sigma":0.05337223260572381,"Taucorr":0.13247241136417587},"EnergyVariance":{"Mean":0.2769901144640999,"Sigma":0.21190984832098397,"Taucorr":0.023495784985339885},"Iteration":25},
{"Acceptance":[0.001006036217303823],"Energy":{"Mean":-370.9274193548388,"Sigma":0.0593349662852538,"Taucorr":0.07929354445798198},"EnergyVariance":{"Mean":0.37376430801248695,"Sigma":0.21384418091928906,"Taucorr":-0.004249807740212053},"Iteration":26},
{"Acceptance":[0.0006036217303822937],"Energy":{"Mean":-370.9274193548387,"Sigma":0.0533722326057237,"Taucorr":-0.010147299508997232},"EnergyVariance":{"Mean":0.3576352757544225,"Sigma":0.2893512311971501,"Taucorr":-0.005821639123296085},"Iteration":27},
{"Acceptance":[0.0006036217303822937],"Energy":{"Mean":-370.983870967742,"Sigma":0.01121325463151359,"Taucorr":-0.012704918032737988},"EnergyVariance":{"Mean":0.01586888657648283,"Sigma":0.01085153674017549,"Taucorr":-0.012704918032787005},"Iteration":28},
{"Acceptance":[0.0009054325955734407],"Energy":{"Mean":-371.0161290322581,"Sigma":0.03465553197738225,"Taucorr":-0.11786675639302463},"EnergyVariance":{"Mean":0.1932882414151925,"Sigma":0.10909150559313326,"Taucorr":0.02592441228847775},"Iteration":29},
{"Acceptance":[0.004124748490945674],"Energy":{"Mean":-371.04032258064524,"Sigma":0.2283933994634886,"Taucorr":0.31717442804367924},"EnergyVariance":{"Mean":3.9257934443288245,"Sigma":1.7713150112507665,"Taucorr":0.26384596546456374},"Iteration":30},
{"Acceptance":[0.0007042253521126761],"Energy":{"Mean":-373.991935483871,"Sigma":0.052471024989095026,"Taucorr":0.012197521148934576},"EnergyVariance":{"Mean":0.33058012486992716,"Sigma":0.2354445253883348,"Taucorr":-0.01156322074741617},"Iteration":31},
{"Acceptance":[0.0008048289738430583],"Energy":{"Mean":-373.96774193548384,"Sigma":0.032258064516128546,"Taucorr":0.5081967213114618},"EnergyVariance":{"Mean":0.06347554630593133,"Sigma":0.06243496357960281,"Taucorr":0.5081967213114753},"Iteration":32},
{"Acceptance":[0.0006036217303822937],"Energy":{"Mean":-373.96774193548384,"Sigma":0.03225806451612843,"Taucorr":-1.4654943925052066e-14},"EnergyVariance":{"Mean":0.12799167533818934,"Sigma":0.12695109261186088,"Taucorr":0.0},"Iteration":33},
{"Acceptance":[0.00040241448692152917],"Energy":{"Mean":-374.0,"Sigma":0.0,"Taucorr":null},"EnergyVariance":{"Mean":0.0,"Sigma":0.0,"Taucorr":null},"Iteration":34},
{"Acceptance":[0.0006036217303822937],"Energy":{"Mean":-374.0,"Sigma":0.0,"Taucorr":null},"EnergyVariance":{"Mean":0.0,"Sigma":0.0,"Taucorr":null},"Iteration":35},
{"Acceptance":[0.00040241448692152917],"Energy":{"Mean":-374.016129032258,"Sigma":0.03654332358702601,"Taucorr":0.06678635547580025},"EnergyVariance":{"Mean":0.14490114464099899,"Sigma":0.12851849650803862,"Taucorr":0.0009800555072843053},"Iteration":36},
{"Acceptance":[0.0006036217303822937],"Energy":{"Mean":-374.0161290322581,"Sigma":0.036543323587025514,"Taucorr":0.010016155088875989},"EnergyVariance":{"Mean":0.16103017689906354,"Sigma":0.13105952511907432,"Taucorr":-0.006080986408855682},"Iteration":37},
{"Acceptance":[0.0007042253521126761],"Energy":{"Mean":-373.9838709677419,"Sigma":0.016129032258064863,"Taucorr":1.176836406102666e-14},"EnergyVariance":{"Mean":0.03199791883454735,"Sigma":0.031737773152964305,"Taucorr":0.0},"Iteration":38},
{"Acceptance":[0.0011066398390342052],"Energy":{"Mean":-373.991935483871,"Sigma":0.008064516129032381,"Taucorr":1.532107773982716e-14},"EnergyVariance":{"Mean":0.007999479708636837,"Sigma":0.007934443288241532,"Taucorr":-2.220446049250313e-16},"Iteration":39},
{"Acceptance":[0.0008048289738430583],"Energy":{"Mean":-374.01612903225805,"Sigma":0.03654332358702303,"Taucorr":0.06678635547572453},"EnergyVariance":{"Mean":0.1449011446409989,"Sigma":0.12851849650803515,"Taucorr":0.0009800555072849715},"Iteration":40},
{"Acceptance":[0.002414486921529175],"Energy":{"Mean":-374.19354838709677,"Sigma":0.19354838709677324,"Taucorr":0.41167387276095735},"EnergyVariance":{"Mean":2.5270551508844967,"Sigma":0.917558549778274,"Taucorr":0.3679676839961251},"Iteration":41},
{"Acceptance":[0.0007042253521126761],"Energy":{"Mean":-377.96774193548384,"Sigma":0.0322580645161287,"Taucorr":-6.217248937900877e-15},"EnergyVariance":{"Mean":0.12799167533818936,"Sigma":0.12695109261186086,"Taucorr":-2.220446049250313e-16},"Iteration":42},
{"Acceptance":[0.0],"Energy":{"Mean":-378.0,"Sigma":0.0,"Taucorr":null},"EnergyVariance":{"Mean":0.0,"Sigma":0.0,"Taucorr":null},"Iteration":43},
{"Acceptance":[0.00040241448692152917],"Energy":{"Mean":-378.0,"Sigma":0.0,"Taucorr":null},"EnergyVariance":{"Mean":0.0,"Sigma":0.0,"Taucorr":null},"Iteration":44},
{"Acceptance":[0.0],"Energy":{"Mean":-378.0,"Sigma":0.0,"Taucorr":null},"EnergyVariance":{"Mean":0.0,"Sigma":0.0,"Taucorr":null},"Iteration":45},
{"Acceptance":[0.0],"Energy":{"Mean":-378.0,"Sigma":0.0,"Taucorr":null},"EnergyVariance":{"Mean":0.0,"Sigma":0.0,"Taucorr":null},"Iteration":46},
{"Acceptance":[0.00020120724346076458],"Energy":{"Mean":-378.0,"Sigma":0.0,"Taucorr":null},"EnergyVariance":{"Mean":0.0,"Sigma":0.0,"Taucorr":null},"Iteration":47},
{"Acceptance":[0.0006036217303822937],"Energy":{"Mean":-377.9193548387097,"Sigma":0.06067175120581818,"Taucorr":-0.009179357022013224},"EnergyVariance":{"Mean":0.4612382934443287,"Sigma":0.3898570646415828,"Taucorr":-0.004358275602686312},"Iteration":48},
{"Acceptance":[0.00020120724346076458],"Energy":{"Mean":-378.0,"Sigma":0.0,"Taucorr":null},"EnergyVariance":{"Mean":0.0,"Sigma":0.0,"Taucorr":null},"Iteration":49},
{"Acceptance":[0.0],"Energy":{"Mean":-378.0,"Sigma":0.0,"Taucorr":null},"EnergyVariance":{"Mean":0.0,"Sigma":0.0,"Taucorr":null},"Iteration":50},
{"Acceptance":[0.0],"Energy":{"Mean":-378.0,"Sigma":0.0,"Taucorr":null},"EnergyVariance":{"Mean":0.0,"Sigma":0.0,"Taucorr":null},"Iteration":51},
{"Acceptance":[0.0],"Energy":{"Mean":-378.0,"Sigma":0.0,"Taucorr":null},"EnergyVariance":{"Mean":0.0,"Sigma":0.0,"Taucorr":null},"Iteration":52},
{"Acceptance":[0.0],"Energy":{"Mean":-378.0,"Sigma":0.0,"Taucorr":null},"EnergyVariance":{"Mean":0.0,"Sigma":0.0,"Taucorr":null},"Iteration":53},
{"Acceptance":[0.0006036217303822937],"Energy":{"Mean":-377.90322580645164,"Sigma":0.06827110268387267,"Taucorr":-0.01201284322409052},"EnergyVariance":{"Mean":0.5874089490114464,"Sigma":0.4245396065797093,"Taucorr":-0.010200892050516552},"Iteration":54},
{"Acceptance":[0.00040241448692152917],"Energy":{"Mean":-377.9193548387097,"Sigma":0.0806451612903222,"Taucorr":0.5081967213114702},"EnergyVariance":{"Mean":0.3967221644120709,"Sigma":0.3902185223725314,"Taucorr":0.508196721311476},"Iteration":55},
{"Acceptance":[0.00020120724346076458],"Energy":{"Mean":-378.0,"Sigma":0.0,"Taucorr":null},"EnergyVariance":{"Mean":0.0,"Sigma":0.0,"Taucorr":null},"Iteration":56},
{"Acceptance":[0.00040241448692152917],"Energy":{"Mean":-378.0,"Sigma":0.0,"Taucorr":null},"EnergyVariance":{"Mean":0.0,"Sigma":0.0,"Taucorr":null},"Iteration":57},
{"Acceptance":[0.0],"Energy":{"Mean":-378.0,"Sigma":0.0,"Taucorr":null},"EnergyVariance":{"Mean":0.0,"Sigma":0.0,"Taucorr":null},"Iteration":58},
{"Acceptance":[0.0],"Energy":{"Mean":-378.0,"Sigma":0.0,"Taucorr":null},"EnergyVariance":{"Mean":0.0,"Sigma":0.0,"Taucorr":null},"Iteration":59},
{"Acceptance":[0.00020120724346076458],"Energy":{"Mean":-377.9596774193548,"Sigma":0.04032258064516094,"Taucorr":-6.661338147750939e-15},"EnergyVariance":{"Mean":0.1999869927159208,"Sigma":0.1983610822060337,"Taucorr":-3.3306690738754696e-16},"Iteration":60},
{"Acceptance":[0.00020120724346076458],"Energy":{"Mean":-377.9354838709678,"Sigma":0.044853018526052585,"Taucorr":-0.012704918032777568},"EnergyVariance":{"Mean":0.25390218522372526,"Sigma":0.17362458784278745,"Taucorr":-0.012704918032786894},"Iteration":61},
{"Acceptance":[0.0005030181086519115],"Energy":{"Mean":-377.95161290322585,"Sigma":0.03558148840381528,"Taucorr":-0.010147299509009},"EnergyVariance":{"Mean":0.15894901144640997,"Sigma":0.12860054719873595,"Taucorr":-0.005821639123296529},"Iteration":62},
{"Acceptance":[0.0003018108651911469],"Energy":{"Mean":-378.0,"Sigma":0.0,"Taucorr":null},"EnergyVariance":{"Mean":0.0,"Sigma":0.0,"Taucorr":null},"Iteration":63},
{"Acceptance":[0.0008048289738430583],"Energy":{"Mean":-377.93548387096786,"Sigma":0.0645161290322578,"Taucorr":0.5081967213114718},"EnergyVariance":{"Mean":0.2539021852237252,"Sigma":0.2497398543184332,"Taucorr":0.5081967213114755},"Iteration":64},
{"Acceptance":[0.00020120724346076458],"Energy":{"Mean":-378.0,"Sigma":0.0,"Taucorr":null},"EnergyVariance":{"Mean":0.0,"Sigma":0.0,"Taucorr":null},"Iteration":65},
{"Acceptance":[0.0],"Energy":{"Mean":-378.0,"Sigma":0.0,"Taucorr":null},"EnergyVariance":{"Mean":0.0,"Sigma":0.0,"Taucorr":null},"Iteration":66},
{"Acceptance":[0.00040241448692152917],"Energy":{"Mean":-377.70967741935476,"Sigma":0.2272133590040114,"Taucorr":0.7556250000000033},"EnergyVariance":{"Mean":2.5286160249739855,"Sigma":1.9129898935498628,"Taucorr":0.7556249999999995},"Iteration":67},
{"Acceptance":[0.0006036217303822937],"Energy":{"Mean":-377.8548387096775,"Sigma":0.14516129032258024,"Taucorr":0.5081967213114733},"EnergyVariance":{"Mean":1.2853798126951086,"Sigma":1.2643080124870143,"Taucorr":0.5081967213114753},"Iteration":68},
{"Acceptance":[0.0],"Energy":{"Mean":-378.0,"Sigma":0.0,"Taucorr":null},"EnergyVariance":{"Mean":0.0,"Sigma":0.0,"Taucorr":null},"Iteration":69},
{"Acceptance":[0.00020120724346076458],"Energy":{"Mean":-377.991935483871,"Sigma":0.00806451612903243,"Taucorr":5.551115123125783e-15},"EnergyVariance":{"Mean":0.007999479708636839,"Sigma":0.007934443288241532,"Taucorr":0.0},"Iteration":70},
{"Acceptance":[0.00040241448692152917],"Energy":{"Mean":-377.88709677419354,"Sigma":0.06541709609894666,"Taucorr":0.14726487523993437},"EnergyVariance":{"Mean":0.40660770031217475,"Sigma":0.23748334369516727,"Taucorr":0.06711904566205706},"Iteration":71},
{"Acceptance":[0.0006036217303822937],"Energy":{"Mean":-377.95161290322585,"Sigma":0.03363976389453825,"Taucorr":-0.01270491803280388},"EnergyVariance":{"Mean":0.14281997918834546,"Sigma":0.09766383066156795,"Taucorr":-0.012704918032786783},"Iteration":72},
{"Acceptance":[0.00020120724346076458],"Energy":{"Mean":-377.94354838709677,"Sigma":0.056451612903226464,"Taucorr":8.881784197001252e-15},"EnergyVariance":{"Mean":0.39197450572320497,"Sigma":0.3887877211238287,"Taucorr":2.220446049250313e-16},"Iteration":73},
{"Acceptance":[0.0],"Energy":{"Mean":-378.0,"Sigma":0.0,"Taucorr":null},"EnergyVariance":{"Mean":0.0,"Sigma":0.0,"Taucorr":null},"Iteration":74},
{"Acceptance":[0.00040241448692152917],"Energy":{"Mean":-377.91129032258067,"Sigma":0.07382446768610187,"Taucorr":-0.005355600345523459},"EnergyVariance":{"Mean":0.6776144640998959,"Sigma":0.6400433916230724,"Taucorr":-0.0011554323293190283},"Iteration":75},
{"Acceptance":[0.00040241448692152917],"Energy":{"Mean":-378.0,"Sigma":0.0,"Taucorr":null},"EnergyVariance":{"Mean":0.0,"Sigma":0.0,"Taucorr":null},"Iteration":76},
{"Acceptance":[0.00020120724346076458],"Energy":{"Mean":-378.0,"Sigma":0.0,"Taucorr":null},"EnergyVariance":{"Mean":0.0,"Sigma":0.0,"Taucorr":null},"Iteration":77},
{"Acceptance":[0.0],"Energy":{"Mean":-378.0,"Sigma":0.0,"Taucorr":null},"EnergyVariance":{"Mean":0.0,"Sigma":0.0,"Taucorr":null},"Iteration":78},
{"Acceptance":[0.00020120724346076458],"Energy":{"Mean":-378.0,"Sigma":0.0,"Taucorr":null},"EnergyVariance":{"Mean":0.0,"Sigma":0.0,"Taucorr":null},"Iteration":79},
{"Acceptance":[0.00020120724346076458],"Energy":{"Mean":-377.9758064516129,"Sigma":0.024193548387096614,"Taucorr":-8.215650382226158e-15},"EnergyVariance":{"Mean":0.07199531737773152,"Sigma":0.0714099895941738,"Taucorr":0.0},"Iteration":80},
{"Acceptance":[0.00040241448692152917],"Energy":{"Mean":-377.9354838709678,"Sigma":0.06451612903225762,"Taucorr":0.5081967213114595},"EnergyVariance":{"Mean":0.25390218522372526,"Sigma":0.24973985431842588,"Taucorr":0.5081967213114753},"Iteration":81},
{"Acceptance":[0.0],"Energy":{"Mean":-378.0,"Sigma":0.0,"Taucorr":null},"EnergyVariance":{"Mean":0.0,"Sigma":0.0,"Taucorr":null},"Iteration":82},
{"Acceptance":[0.0006036217303822937],"Energy":{"Mean":-377.9354838709678,"Sigma":0.05675800111220527,"Taucorr":-0.003536505867030526},"EnergyVariance":{"Mean":0.39906347554630583,"Sigma":0.3877066396023788,"Taucorr":-0.0004563816413349353},"Iteration":83},
{"Acceptance":[0.00020120724346076458],"Energy":{"Mean":-378.0,"Sigma":0.0,"Taucorr":null},"EnergyVariance":{"Mean":0.0,"Sigma":0.0,"Taucorr":null},"Iteration":84},
{"Acceptance":[0.00020120724346076458],"Energy":{"Mean":-378.0,"Sigma":0.0,"Taucorr":null},"EnergyVariance":{"Mean":0.0,"Sigma":0.0,"Taucorr":null},"Iteration":85},
{"Acceptance":[0.0006036217303822937],"Energy":{"Mean":-377.991935483871,"Sigma":0.008064516129032247,"Taucorr":1.1324274851176597e-14},"EnergyVariance":{"Mean":0.007999479708636837,"Sigma":0.007934443288241532,"Taucorr":-2.220446049250313e-16},"Iteration":86},
{"Acceptance":[0.0],"Energy":{"Mean":-378.0,"Sigma":0.0,"Taucorr":null},"EnergyVariance":{"Mean":0.0,"Sigma":0.0,"Taucorr":null},"Iteration":87},
{"Acceptance":[0.0006036217303822937],"Energy":{"Mean":-377.9193548387097,"Sigma":0.05606627315756549,"Taucorr":-0.012704918032780177},"EnergyVariance":{"Mean":0.3967221644120707,"Sigma":0.2712884185043491,"Taucorr":-0.012704918032786672},"Iteration":88},
{"Acceptance":[0.00020120724346076458],"Energy":{"Mean":-378.0,"Sigma":0.0,"Taucorr":null},"EnergyVariance":{"Mean":0.0,"Sigma":0.0,"Taucorr":null},"Iteration":89},
{"Acceptance":[0.00020120724346076458],"Energy":{"Mean":-378.0,"Sigma":0.0,"Taucorr":null},"EnergyVariance":{"Mean":0.0,"Sigma":0.0,"Taucorr":null},"Iteration":90},
{"Acceptance":[0.00020120724346076458],"Energy":{"Mean":-378.0,"Sigma":0.0,"Taucorr":null},"EnergyVariance":{"Mean":0.0,"Sigma":0.0,"Taucorr":null},"Iteration":91},
{"Acceptance":[0.00020120724346076458],"Energy":{"Mean":-378.0,"Sigma":0.0,"Taucorr":null},"EnergyVariance":{"Mean":0.0,"Sigma":0.0,"Taucorr":null},"Iteration":92},
{"Acceptance":[0.0],"Energy":{"Mean":-378.0,"Sigma":0.0,"Taucorr":null},"EnergyVariance":{"Mean":0.0,"Sigma":0.0,"Taucorr":null},"Iteration":93},
{"Acceptance":[0.0],"Energy":{"Mean":-378.0,"Sigma":0.0,"Taucorr":null},"EnergyVariance":{"Mean":0.0,"Sigma":0.0,"Taucorr":null},"Iteration":94},
{"Acceptance":[0.0006036217303822937],"Energy":{"Mean":-378.0,"Sigma":0.0,"Taucorr":null},"EnergyVariance":{"Mean":0.0,"Sigma":0.0,"Taucorr":null},"Iteration":95},
{"Acceptance":[0.00020120724346076458],"Energy":{"Mean":-377.9516129032258,"Sigma":0.048387096774193804,"Taucorr":0.5081967213114853},"EnergyVariance":{"Mean":0.14281997918834546,"Sigma":0.14047866805410905,"Taucorr":0.5081967213114753},"Iteration":96},
{"Acceptance":[0.0],"Energy":{"Mean":-378.0,"Sigma":0.0,"Taucorr":null},"EnergyVariance":{"Mean":0.0,"Sigma":0.0,"Taucorr":null},"Iteration":97},
{"Acceptance":[0.00040241448692152917],"Energy":{"Mean":-377.6774193548387,"Sigma":0.1877260459595297,"Taucorr":1.3270175438596505},"EnergyVariance":{"Mean":1.186264308012487,"Sigma":0.6297906057997122,"Taucorr":1.3270175438596497},"Iteration":98},
{"Acceptance":[0.0],"Energy":{"Mean":-378.0,"Sigma":0.0,"Taucorr":null},"EnergyVariance":{"Mean":0.0,"Sigma":0.0,"Taucorr":null},"Iteration":99} 
]}