{"Output": [
{"Acceptance":[0.37504268639726807],"Energy":{"Mean":-4001.177419354839,"Sigma":3.00897388889145,"Taucorr":-0.00702440646174185},"EnergyVariance":{"Mean":1129.5007804370448,"Sigma":151.51885352442386,"Taucorr":0.12497096857840728},"Iteration":0},
{"Acceptance":[0.164712578258395],"Energy":{"Mean":-4110.903225806451,"Sigma":3.107389679599414,"Taucorr":0.18151618533419478},"EnergyVariance":{"Mean":871.3454734651407,"Sigma":84.405912469535,"Taucorr":-0.1206636551376078},"Iteration":1},
{"Acceptance":[0.10475241889584519],"Energy":{"Mean":-4211.153225806452,"Sigma":1.7731448513564168,"Taucorr":0.05488128052532393},"EnergyVariance":{"Mean":348.4684573361082,"Sigma":50.65680845291967,"Taucorr":0.19182801543797345},"Iteration":2},
{"Acceptance":[0.04732498577120091],"Energy":{"Mean":-4261.016129032257,"Sigma":1.3544994454897283,"Taucorr":0.25278210234911624},"EnergyVariance":{"Mean":149.886836628512,"Sigma":20.609304738448305,"Taucorr":-0.008075261251570987},"Iteration":3},
{"Acceptance":[0.02712009106431417],"Energy":{"Mean":-4279.193548387096,"Sigma":0.9473157946043435,"Taucorr":0.4072392278612794},"EnergyVariance":{"Mean":60.83350676378774,"Sigma":12.60231449009154,"Taucorr":0.3560922763532869},"Iteration":4},
{"Acceptance":[0.01616391576550939],"Energy":{"Mean":-4289.459677419355,"Sigma":0.6078669711342333,"Taucorr":0.25935793314628997},"EnergyVariance":{"Mean":29.92579344432882,"Sigma":5.568917195338636,"Taucorr":0.3041040256274501},"Iteration":5},
{"Acceptance":[0.012236767216846899],"Energy":{"Mean":-4292.895161290322,"Sigma":0.3508388935685087,"Taucorr":0.07178809508604223},"EnergyVariance":{"Mean":13.239008844953172,"Sigma":3.4313570748776665,"Taucorr":0.055252034590470234},"Iteration":6},
{"Acceptance":[0.01644849174729653],"Energy":{"Mean":-4296.983870967742,"Sigma":0.2980527042299423,"Taucorr":0.3221910112359314},"EnergyVariance":{"Mean":6.644901144641,"Sigma":0.7149531473490076,"Taucorr":0.04981336636767242},"Iteration":7},
{"Acceptance":[0.008850313033579965],"Energy":{"Mean":-4299.491935483871,"Sigma":0.24986121711512085,"Taucorr":0.30287089798863065},"EnergyVariance":{"Mean":4.782193028095733,"Sigma":1.7666724876464184,"Taucorr":0.12704887821581634},"Iteration":8},
{"Acceptance":[0.00879339783722254],"Energy":{"Mean":-4300.596774193547,"Sigma":0.216173161920705,"Taucorr":0.47947069775691953},"EnergyVariance":{"Mean":2.934183142559833,"Sigma":1.467475304208046,"Taucorr":0.43355775423830667},"Iteration":9},
{"Acceptance":[0.007228229937393284],"Energy":{"Mean":-4300.112903225805,"Sigma":0.40772755861413407,"Taucorr":1.0759935036292179},"EnergyVariance":{"Mean":6.487252861602498,"Sigma":4.232290541238594,"Taucorr":1.3373676968170078},"Iteration":10},
{"Acceptance":[0.003898690950483779],"Energy":{"Mean":-4301.338709677419,"Sigma":0.2622146137079751,"Taucorr":0.8315679528138957},"EnergyVariance":{"Mean":3.1755983350676376,"Sigma":2.4463187801462536,"Taucorr":0.9319813780982891},"Iteration":11},
{"Acceptance":[0.002731929425156517],"Energy":{"Mean":-4301.717741935483,"Sigma":0.0880966107966377,"Taucorr":0.135576340174984},"EnergyVariance":{"Mean":0.7509755463059312,"Sigma":0.3262494000593641,"Taucorr":-0.003450940414542636},"Iteration":12},
{"Acceptance":[0.0013944223107569722],"Energy":{"Mean":-4301.927419354839,"Sigma":0.08919709689805694,"Taucorr":0.7051097228898839},"EnergyVariance":{"Mean":0.4060223725286161,"Sigma":0.28871865626727966,"Taucorr":0.6071063740404996},"Iteration":13},
{"Acceptance":[0.0016220830961866817],"Energy":{"Mean":-4301.822580645161,"Sigma":0.10700815740378472,"Taucorr":0.19251087234584863},"EnergyVariance":{"Mean":1.0169094693028098,"Sigma":0.4346984572396249,"Taucorr":-0.015071266798387106},"Iteration":14},
{"Acceptance":[0.0013659647125782584],"Energy":{"Mean":-4301.951612903226,"Sigma":0.10001300643825466,"Taucorr":0.5075308904985945},"EnergyVariance":{"Mean":0.6105619146722164,"Sigma":0.21829613513807974,"Taucorr":0.08649920734865435},"Iteration":15},
{"Acceptance":[0.0013659647125782584],"Energy":{"Mean":-4302.145161290324,"Sigma":0.11166758558548676,"Taucorr":0.2965144555529582},"EnergyVariance":{"Mean":0.9627991675338192,"Sigma":0.6066030123610721,"Taucorr":0.3117150987618039},"Iteration":16},
{"Acceptance":[0.0011383039271485487],"Energy":{"Mean":-4302.169354838711,"Sigma":0.1539738390598115,"Taucorr":0.8754708877846484},"EnergyVariance":{"Mean":1.0600286160249743,"Sigma":0.8316964172170628,"Taucorr":0.992611084829589},"Iteration":17},
{"Acceptance":[0.0009675583380762664],"Energy":{"Mean":-4302.193548387098,"Sigma":0.10285551865434897,"Taucorr":0.012710127101283941},"EnergyVariance":{"Mean":1.2689906347554634,"Sigma":0.5155097570306594,"Taucorr":-0.04728070631862086},"Iteration":18},
{"Acceptance":[0.0006260671599317018],"Energy":{"Mean":-4302.112903225806,"Sigma":0.14929885850273145,"Taucorr":0.2854411983908415},"EnergyVariance":{"Mean":1.7453173777315294,"Sigma":0.8757195481655539,"Taucorr":0.3099086158471325},"Iteration":19},
{"Acceptance":[0.0013944223107569722],"Energy":{"Mean":-4302.596774193548,"Sigma":0.1921431965431105,"Taucorr":0.2780935187661939},"EnergyVariance":{"Mean":2.9180541103017688,"Sigma":0.9176225828128368,"Taucorr":0.2699741725288404},"Iteration":20},
{"Acceptance":[0.0022481502561183834],"Energy":{"Mean":-4302.83870967742,"Sigma":0.26577852447505557,"Taucorr":0.6540635798202619},"EnergyVariance":{"Mean":3.7643080124869917,"Sigma":1.0903106019932107,"Taucorr":0.5772258640796368},"Iteration":21},
{"Acceptance":[0.0032726237905520775],"Energy":{"Mean":-4304.7016129032245,"Sigma":0.3439999052182257,"Taucorr":0.35948999577555085},"EnergyVariance":{"Mean":8.467416753381897,"Sigma":0.2563212135497303,"Taucorr":0.25385558744007597},"Iteration":22},
{"Acceptance":[0.004723961297666477],"Energy":{"Mean":-4305.8790322580635,"Sigma":0.33638474990005757,"Taucorr":0.4770515454504468},"EnergyVariance":{"Mean":7.12246357960458,"Sigma":0.6241497233848942,"Taucorr":0.31865024415526266},"Iteration":23},
{"Acceptance":[0.004382470119521913],"Energy":{"Mean":-4304.8387096774195,"Sigma":0.3276152811748039,"Taucorr":0.24223000643540094},"EnergyVariance":{"Mean":8.89334027055151,"Sigma":0.11474017175861945,"Taucorr":0.16931297517737842},"Iteration":24},
{"Acceptance":[0.0015936254980079682],"Energy":{"Mean":-4307.548387096774,"Sigma":0.1557238365979122,"Taucorr":0.41228914704006936},"EnergyVariance":{"Mean":1.634755463059313,"Sigma":0.8072529641712625,"Taucorr":0.5253647427881305},"Iteration":25},
{"Acceptance":[0.0018782014797951053],"Energy":{"Mean":-4307.75,"Sigma":0.05911534196732649,"Taucorr":0.6462365591397834},"EnergyVariance":{"Mean":0.1875,"Sigma":0.029557670983663357,"Taucorr":0.6462365591397854},"Iteration":26},
{"Acceptance":[0.0007968127490039841],"Energy":{"Mean":-4307.911290322582,"Sigma":0.03582436827735525,"Taucorr":0.11077000503340007},"EnergyVariance":{"Mean":0.12922736732570242,"Sigma":0.0704586701426646,"Taucorr":0.00284152821835848},"Iteration":27},
{"Acceptance":[0.0002845759817871372],"Energy":{"Mean":-4307.991935483872,"Sigma":0.008064516129024675,"Taucorr":-7.601697049608447e-13},"EnergyVariance":{"Mean":0.007999479708636837,"Sigma":0.00793444328825987,"Taucorr":2.220446049250313e-16},"Iteration":28},
{"Acceptance":[0.00039840637450199205],"Energy":{"Mean":-4307.975806451614,"Sigma":0.013494516557011246,"Taucorr":-0.025619834710125466},"EnergyVariance":{"Mean":0.02360822060353798,"Sigma":0.012841556078455647,"Taucorr":-0.025619834710743805},"Iteration":29},
{"Acceptance":[0.0001707455890722823],"Energy":{"Mean":-4308.0,"Sigma":0.0,"Taucorr":null},"EnergyVariance":{"Mean":0.0,"Sigma":0.0,"Taucorr":null},"Iteration":30},
{"Acceptance":[0.00039840637450199205],"Energy":{"Mean":-4307.919354838709,"Sigma":0.08064516129031622,"Taucorr":-6.727951529228449e-14},"EnergyVariance":{"Mean":0.7999479708636836,"Sigma":0.79344432882408,"Taucorr":0.0},"Iteration":31},
{"Acceptance":[0.0001707455890722823],"Energy":{"Mean":-4307.991935483872,"Sigma":0.008064516129023643,"Taucorr":-6.405986852087153e-13},"EnergyVariance":{"Mean":0.007999479708636835,"Sigma":0.00793444328825987,"Taucorr":0.0},"Iteration":32},
{"Acceptance":[0.0005122367672168469],"Energy":{"Mean":-4307.967741935484,"Sigma":0.022426509263057056,"Taucorr":0.15329670329792056},"EnergyVariance":{"Mean":0.047346514047866814,"Sigma":0.0342168221591217,"Taucorr":0.042144547420516876},"Iteration":33},
{"Acceptance":[0.00011383039271485487],"Energy":{"Mean":-4308.0,"Sigma":0.0,"Taucorr":null},"EnergyVariance":{"Mean":0.0,"Sigma":0.0,"Taucorr":null},"Iteration":34},
{"Acceptance":[0.0001707455890722823],"Energy":{"Mean":-4307.991935483872,"Sigma":0.008064516129023215,"Taucorr":-6.87672141452822e-13},"EnergyVariance":{"Mean":0.007999479708636835,"Sigma":0.00793444328825987,"Taucorr":2.220446049250313e-16},"Iteration":35},
{"Acceptance":[0.0001707455890722823],"Energy":{"Mean":-4307.935483870967,"Sigma":0.0645161290322691,"Taucorr":1.3278267374516872e-13},"EnergyVariance":{"Mean":0.5119667013527576,"Sigma":0.5078043704473407,"Taucorr":-2.220446049250313e-16},"Iteration":36},
{"Acceptance":[0.00011383039271485487],"Energy":{"Mean":-4307.9838709677415,"Sigma":0.016129032258111485,"Taucorr":2.1829205110179828e-12},"EnergyVariance":{"Mean":0.03199791883454736,"Sigma":0.03173777315295147,"Taucorr":0.0},"Iteration":37},
{"Acceptance":[0.00011383039271485487],"Energy":{"Mean":-4307.983870967742,"Sigma":0.016129032258067517,"Taucorr":1.467714838554457e-13},"EnergyVariance":{"Mean":0.03199791883454734,"Sigma":0.0317377731529808,"Taucorr":-2.220446049250313e-16},"Iteration":38},
{"Acceptance":[5.6915196357427435e-05],"Energy":{"Mean":-4308.0,"Sigma":0.0,"Taucorr":null},"EnergyVariance":{"Mean":0.0,"Sigma":0.0,"Taucorr":null},"Iteration":39},
{"Acceptance":[0.0],"Energy":{"Mean":-4308.0,"Sigma":0.0,"Taucorr":null},"EnergyVariance":{"Mean":0.0,"Sigma":0.0,"Taucorr":null},"Iteration":40},
{"Acceptance":[0.0001707455890722823],"Energy":{"Mean":-4307.9838709677415,"Sigma":0.01612903225806793,"Taucorr":-8.881784197001252e-16},"EnergyVariance":{"Mean":0.03199791883454735,"Sigma":0.03173777315295146,"Taucorr":0.0},"Iteration":41},
{"Acceptance":[5.6915196357427435e-05],"Energy":{"Mean":-4307.975806451614,"Sigma":0.02419354838707848,"Taucorr":-5.869749131193203e-13},"EnergyVariance":{"Mean":0.07199531737773152,"Sigma":0.07140998959420682,"Taucorr":2.220446049250313e-16},"Iteration":42},
{"Acceptance":[0.0002845759817871372],"Energy":{"Mean":-4308.0,"Sigma":0.0,"Taucorr":null},"EnergyVariance":{"Mean":0.0,"Sigma":0.0,"Taucorr":null},"Iteration":43},
{"Acceptance":[0.00022766078542970974],"Energy":{"Mean":-4308.0,"Sigma":0.0,"Taucorr":null},"EnergyVariance":{"Mean":0.0,"Sigma":0.0,"Taucorr":null},"Iteration":44},
{"Acceptance":[0.00011383039271485487],"Energy":{"Mean":-4308.0,"Sigma":0.0,"Taucorr":null},"EnergyVariance":{"Mean":0.0,"Sigma":0.0,"Taucorr":null},"Iteration":45},
{"Acceptance":[0.00011383039271485487],"Energy":{"Mean":-4308.0,"Sigma":0.0,"Taucorr":null},"EnergyVariance":{"Mean":0.0,"Sigma":0.0,"Taucorr":null},"Iteration":46},
{"Acceptance":[0.0],"Energy":{"Mean":-4308.0,"Sigma":0.0,"Taucorr":null},"EnergyVariance":{"Mean":0.0,"Sigma":0.0,"Taucorr":null},"Iteration":47},
{"Acceptance":[0.00019920318725099602],"Energy":{"Mean":-4307.943548387097,"Sigma":0.05645161290322493,"Taucorr":4.440892098500626e-16},"EnergyVariance":{"Mean":0.39197450572320497,"Sigma":0.38878772112380944,"Taucorr":0.0},"Iteration":48},
{"Acceptance":[8.537279453614115e-05],"Energy":{"Mean":-4307.8387096774195,"Sigma":0.16129032258066076,"Taucorr":6.727951529228449e-14},"EnergyVariance":{"Mean":3.1997918834547354,"Sigma":3.173777315296614,"Taucorr":-1.1102230246251565e-16},"Iteration":49},
{"Acceptance":[0.00011383039271485487],"Energy":{"Mean":-4308.0,"Sigma":0.0,"Taucorr":null},"EnergyVariance":{"Mean":0.0,"Sigma":0.0,"Taucorr":null},"Iteration":50},
{"Acceptance":[5.6915196357427435e-05],"Energy":{"Mean":-4308.0,"Sigma":0.0,"Taucorr":null},"EnergyVariance":{"Mean":0.0,"Sigma":0.0,"Taucorr":null},"Iteration":51},
{"Acceptance":[5.6915196357427435e-05],"Energy":{"Mean":-4307.983870967742,"Sigma":0.016129032258067184,"Taucorr":2.5068835896036035e-13},"EnergyVariance":{"Mean":0.03199791883454734,"Sigma":0.0317377731529808,"Taucorr":-2.220446049250313e-16},"Iteration":52},
{"Acceptance":[5.6915196357427435e-05],"Energy":{"Mean":-4308.0,"Sigma":0.0,"Taucorr":null},"EnergyVariance":{"Mean":0.0,"Sigma":0.0,"Taucorr":null},"Iteration":53},
{"Acceptance":[0.0],"Energy":{"Mean":-4308.0,"Sigma":0.0,"Taucorr":null},"EnergyVariance":{"Mean":0.0,"Sigma":0.0,"Taucorr":null},"Iteration":54},
{"Acceptance":[0.0],"Energy":{"Mean":-4308.0,"Sigma":0.0,"Taucorr":null},"EnergyVariance":{"Mean":0.0,"Sigma":0.0,"Taucorr":null},"Iteration":55},
{"Acceptance":[0.0001707455890722823],"Energy":{"Mean":-4307.9838709677415,"Sigma":0.016129032258068873,"Taucorr":1.0147438445073931e-13},"EnergyVariance":{"Mean":0.031997918834547355,"Sigma":0.03173777315295146,"Taucorr":-2.220446049250313e-16},"Iteration":56},
{"Acceptance":[5.6915196357427435e-05],"Energy":{"Mean":-4307.943548387097,"Sigma":0.05645161290321751,"Taucorr":-1.2156942119645464e-13},"EnergyVariance":{"Mean":0.3919745057232048,"Sigma":0.3887877211238095,"Taucorr":2.220446049250313e-16},"Iteration":57},
{"Acceptance":[5.6915196357427435e-05],"Energy":{"Mean":-4307.975806451614,"Sigma":0.02419354838707848,"Taucorr":-5.869749131193203e-13},"EnergyVariance":{"Mean":0.07199531737773152,"Sigma":0.07140998959420682,"Taucorr":2.220446049250313e-16},"Iteration":58},
{"Acceptance":[5.6915196357427435e-05],"Energy":{"Mean":-4308.0,"Sigma":0.0,"Taucorr":null},"EnergyVariance":{"Mean":0.0,"Sigma":0.0,"Taucorr":null},"Iteration":59},
{"Acceptance":[0.00011383039271485487],"Energy":{"Mean":-4308.0,"Sigma":0.0,"Taucorr":null},"EnergyVariance":{"Mean":0.0,"Sigma":0.0,"Taucorr":null},"Iteration":60},
{"Acceptance":[0.0],"Energy":{"Mean":-4308.0,"Sigma":0.0,"Taucorr":null},"EnergyVariance":{"Mean":0.0,"Sigma":0.0,"Taucorr":null},"Iteration":61},
{"Acceptance":[0.00022766078542970974],"Energy":{"Mean":-4307.9838709677415,"Sigma":0.016129032258111485,"Taucorr":2.1829205110179828e-12},"EnergyVariance":{"Mean":0.03199791883454736,"Sigma":0.03173777315295147,"Taucorr":0.0},"Iteration":62},
{"Acceptance":[5.6915196357427435e-05],"Energy":{"Mean":-4308.0,"Sigma":0.0,"Taucorr":null},"EnergyVariance":{"Mean":0.0,"Sigma":0.0,"Taucorr":null},"Iteration":63},
{"Acceptance":[5.6915196357427435e-05],"Energy":{"Mean":-4308.0,"Sigma":0.0,"Taucorr":null},"EnergyVariance":{"Mean":0.0,"Sigma":0.0,"Taucorr":null},"Iteration":64},
{"Acceptance":[0.00011383039271485487],"Energy":{"Mean":-4308.0,"Sigma":0.0,"Taucorr":null},"EnergyVariance":{"Mean":0.0,"Sigma":0.0,"Taucorr":null},"Iteration":65},
{"Acceptance":[5.6915196357427435e-05],"Energy":{"Mean":-4308.0,"Sigma":0.0,"Taucorr":null},"EnergyVariance":{"Mean":0.0,"Sigma":0.0,"Taucorr":null},"Iteration":66},
{"Acceptance":[0.00011383039271485487],"Energy":{"Mean":-4307.9838709677415,"Sigma":0.01612903225808509,"Taucorr":1.0687006835041757e-12},"EnergyVariance":{"Mean":0.03199791883454736,"Sigma":0.03173777315295147,"Taucorr":0.0},"Iteration":67},
{"Acceptance":[0.00011383039271485487],"Energy":{"Mean":-4307.903225806452,"Sigma":0.09677419354838715,"Taucorr":-1.2656542480726785e-14},"EnergyVariance":{"Mean":1.1519250780437045,"Sigma":1.1425598335067808,"Taucorr":0.0},"Iteration":68},
{"Acceptance":[0.00011383039271485487],"Energy":{"Mean":-4308.0483870967755,"Sigma":0.04838709677421777,"Taucorr":3.9013237085328e-13},"EnergyVariance":{"Mean":0.28798126951092606,"Sigma":0.1767087487001831,"Taucorr":-0.018924954485422196},"Iteration":69},
{"Acceptance":[0.00011383039271485487],"Energy":{"Mean":-4307.919354838708,"Sigma":0.0806451612903601,"Taucorr":3.452793606584237e-13},"EnergyVariance":{"Mean":0.7999479708636834,"Sigma":0.7934443288239335,"Taucorr":0.0},"Iteration":70},
{"Acceptance":[5.6915196357427435e-05],"Energy":{"Mean":-4308.1612903225805,"Sigma":0.1612903225806402,"Taucorr":0.5081967213113876},"EnergyVariance":{"Mean":1.586888657648283,"Sigma":1.5608740894901616,"Taucorr":0.5081967213114755},"Iteration":71},
{"Acceptance":[0.0],"Energy":{"Mean":-4308.0,"Sigma":0.0,"Taucorr":null},"EnergyVariance":{"Mean":0.0,"Sigma":0.0,"Taucorr":null},"Iteration":72},
{"Acceptance":[5.6915196357427435e-05],"Energy":{"Mean":-4308.0,"Sigma":0.0,"Taucorr":null},"EnergyVariance":{"Mean":0.0,"Sigma":0.0,"Taucorr":null},"Iteration":73},
{"Acceptance":[0.00011383039271485487],"Energy":{"Mean":-4308.0,"Sigma":0.0,"Taucorr":null},"EnergyVariance":{"Mean":0.0,"Sigma":0.0,"Taucorr":null},"Iteration":74},
{"Acceptance":[0.0],"Energy":{"Mean":-4308.0,"Sigma":0.0,"Taucorr":null},"EnergyVariance":{"Mean":0.0,"Sigma":0.0,"Taucorr":null},"Iteration":75},
{"Acceptance":[0.0],"Energy":{"Mean":-4308.0,"Sigma":0.0,"Taucorr":null},"EnergyVariance":{"Mean":0.0,"Sigma":0.0,"Taucorr":null},"Iteration":76},
{"Acceptance":[0.0001707455890722823],"Energy":{"Mean":-4307.943548387097,"Sigma":0.056451612903230045,"Taucorr":1.0391687510491465e-13},"EnergyVariance":{"Mean":0.3919745057232049,"Sigma":0.3887877211238095,"Taucorr":2.220446049250313e-16},"Iteration":77},
{"Acceptance":[0.0003414911781445646],"Energy":{"Mean":-4308.080645161292,"Sigma":0.08064516129036389,"Taucorr":3.956834859764058e-13},"EnergyVariance":{"Mean":0.7999479708636834,"Sigma":0.7934443288239335,"Taucorr":0.0},"Iteration":78},
{"Acceptance":[0.00011383039271485487],"Energy":{"Mean":-4308.0,"Sigma":0.0,"Taucorr":null},"EnergyVariance":{"Mean":0.0,"Sigma":0.0,"Taucorr":null},"Iteration":79},
{"Acceptance":[0.0001707455890722823],"Energy":{"Mean":-4308.0,"Sigma":0.0,"Taucorr":null},"EnergyVariance":{"Mean":0.0,"Sigma":0.0,"Taucorr":null},"Iteration":80},
{"Acceptance":[0.0001707455890722823],"Energy":{"Mean":-4308.241935483872,"Sigma":0.1349451655700054,"Taucorr":-0.02561983471076662},"EnergyVariance":{"Mean":2.360822060353798,"Sigma":1.2841556078433554,"Taucorr":-0.025619834710743805},"Iteration":81},
{"Acceptance":[0.0],"Energy":{"Mean":-4308.0,"Sigma":0.0,"Taucorr":null},"EnergyVariance":{"Mean":0.0,"Sigma":0.0,"Taucorr":null},"Iteration":82},
{"Acceptance":[0.0],"Energy":{"Mean":-4308.0,"Sigma":0.0,"Taucorr":null},"EnergyVariance":{"Mean":0.0,"Sigma":0.0,"Taucorr":null},"Iteration":83},
{"Acceptance":[0.0002845759817871372],"Energy":{"Mean":-4308.080645161291,"Sigma":0.08064516129032528,"Taucorr":3.3306690738754696e-14},"EnergyVariance":{"Mean":0.7999479708636836,"Sigma":0.79344432882408,"Taucorr":2.220446049250313e-16},"Iteration":84},
{"Acceptance":[0.0003414911781445646],"Energy":{"Mean":-4308.4032258064535,"Sigma":0.2040179135591894,"Taucorr":0.16151260504176346},"EnergyVariance":{"Mean":3.8696670135275753,"Sigma":1.8756485601407162,"Taucorr":0.1615126050420166},"Iteration":85},
{"Acceptance":[0.00022766078542970974],"Energy":{"Mean":-4308.0,"Sigma":0.0,"Taucorr":null},"EnergyVariance":{"Mean":0.0,"Sigma":0.0,"Taucorr":null},"Iteration":86},
{"Acceptance":[0.0007398975526465567],"Energy":{"Mean":-4309.209677419354,"Sigma":0.43178436570454204,"Taucorr":0.57828746177369},"EnergyVariance":{"Mean":10.633454734651405,"Sigma":3.2732040625995147,"Taucorr":0.5782874617737006},"Iteration":87},
{"Acceptance":[0.0016789982925441093],"Energy":{"Mean":-4310.661290322581,"Sigma":0.5044890403309903,"Taucorr":0.3014319014319067},"EnergyVariance":{"Mean":19.530437044745057,"Sigma":2.3597068015474063,"Taucorr":0.3014319014319017},"Iteration":88},
{"Acceptance":[0.0031587933978372224],"Energy":{"Mean":-4311.137096774194,"Sigma":0.5325227429235591,"Taucorr":0.15124962660558527},"EnergyVariance":{"Mean":26.77959157127992,"Sigma":5.204053879671575,"Taucorr":0.09111130581168048},"Iteration":89},
{"Acceptance":[0.002105862265224815],"Energy":{"Mean":-4315.41935483871,"Sigma":0.45619792334616377,"Taucorr":0.16847826086957052},"EnergyVariance":{"Mean":19.14672216441207,"Sigma":2.207409306514158,"Taucorr":0.1684782608695652},"Iteration":90},
{"Acceptance":[0.000597609561752988],"Energy":{"Mean":-4317.516129032257,"Sigma":0.21438066706855402,"Taucorr":0.11384180790955756},"EnergyVariance":{"Mean":4.6045785639958385,"Sigma":1.9363415090058356,"Taucorr":0.11384180790960452},"Iteration":91},
{"Acceptance":[0.0001707455890722823],"Energy":{"Mean":-4318.0,"Sigma":0.0,"Taucorr":null},"EnergyVariance":{"Mean":0.0,"Sigma":0.0,"Taucorr":null},"Iteration":92},
{"Acceptance":[0.00199203187250996],"Energy":{"Mean":-4316.056451612905,"Sigma":0.48688576929430155,"Taucorr":0.4354226912532294},"EnergyVariance":{"Mean":15.585522892819984,"Sigma":2.9855714010850667,"Taucorr":0.4388743872473062},"Iteration":93},
{"Acceptance":[0.00011383039271485487],"Energy":{"Mean":-4317.919354838708,"Sigma":0.08064516129034427,"Taucorr":2.0827783941967937e-13},"EnergyVariance":{"Mean":0.7999479708636835,"Sigma":0.7934443288239336,"Taucorr":2.220446049250313e-16},"Iteration":94},
{"Acceptance":[0.00011383039271485487],"Energy":{"Mean":-4318.0,"Sigma":0.0,"Taucorr":null},"EnergyVariance":{"Mean":0.0,"Sigma":0.0,"Taucorr":null},"Iteration":95},
{"Acceptance":[5.6915196357427435e-05],"Energy":{"Mean":-4317.927419354839,"Sigma":0.053372232605757755,"Taucorr":0.3245179063367538},"EnergyVariance":{"Mean":0.21247398543184184,"Sigma":0.15236911566475825,"Taucorr":0.3245179063360891},"Iteration":96},
{"Acceptance":[0.0],"Energy":{"Mean":-4318.0,"Sigma":0.0,"Taucorr":null},"EnergyVariance":{"Mean":0.0,"Sigma":0.0,"Taucorr":null},"Iteration":97},
{"Acceptance":[5.6915196357427435e-05],"Energy":{"Mean":-4317.967741935484,"Sigma":0.03225806451612401,"Taucorr":-1.6842083283563625e-13},"EnergyVariance":{"Mean":0.1279916753381894,"Sigma":0.12695109261186452,"Taucorr":-2.220446049250313e-16},"Iteration":98},
{"Acceptance":[0.0],"Energy":{"Mean":-4318.0,"Sigma":0.0,"Taucorr":null},"EnergyVariance":{"Mean":0.0,"Sigma":0.0,"Taucorr":null},"Iteration":99} 
]}