{"Output": [
{"Acceptance":[0.8344537815126051],"Energy":{"Mean":-156.8387096774193,"Sigma":0.800415583176999,"Taucorr":0.13559979436820557},"EnergyVariance":{"Mean":61.990114464099904,"Sigma":8.669170507108777,"Taucorr":-0.0318798683368936},"Iteration":0},
{"Acceptance":[0.7719887955182073],"Energy":{"Mean":-156.83064516129033,"Sigma":0.840777537667363,"Taucorr":0.25635418752821637},"EnergyVariance":{"Mean":57.479383454734645,"Sigma":7.229124912627334,"Taucorr":0.12763304743039994},"Iteration":1},
{"Acceptance":[0.6280112044817927],"Energy":{"Mean":-162.4435483870968,"Sigma":0.923171665717878,"Taucorr":0.25182469767177174},"EnergyVariance":{"Mean":69.7145551508845,"Sigma":8.141000598593697,"Taucorr":-0.06872361726349352},"Iteration":2},
{"Acceptance":[0.20504201680672268],"Energy":{"Mean":-184.5483870967742,"Sigma":0.4083173172476805,"Taucorr":-0.00387285383414665},"EnergyVariance":{"Mean":20.667013527575445,"Sigma":2.87476515448598,"Taucorr":-0.04453327220401637},"Iteration":3},
{"Acceptance":[0.1361344537815126],"Energy":{"Mean":-189.74193548387098,"Sigma":0.2340284971871251,"Taucorr":0.0033745431925977787},"EnergyVariance":{"Mean":6.6914672216441184,"Sigma":1.1768807580630793,"Taucorr":0.05218220458374878},"Iteration":4},
{"Acceptance":[0.048599439775910365],"Energy":{"Mean":-192.3467741935484,"Sigma":0.22200134994105494,"Taucorr":0.39043925180076455},"EnergyVariance":{"Mean":3.403941207075963,"Sigma":0.601541555041168,"Taucorr":0.14159696908506203},"Iteration":5},
{"Acceptance":[0.02296918767507003],"Energy":{"Mean":-193.16935483870964,"Sigma":0.20783933801530183,"Taucorr":0.512224011894437},"EnergyVariance":{"Mean":2.624544745057232,"Sigma":0.937561751509966,"Taucorr":0.40958211786412124},"Iteration":6},
{"Acceptance":[0.017086834733893556],"Energy":{"Mean":-193.5161290322581,"Sigma":0.13616062416886465,"Taucorr":0.30805678466076636},"EnergyVariance":{"Mean":1.4110301768990634,"Sigma":0.4696648454017464,"Taucorr":0.16387576452411368},"Iteration":7},
{"Acceptance":[0.020168067226890758],"Energy":{"Mean":-193.7983870967742,"Sigma":0.10839701695514012,"Taucorr":0.23470872181446067},"EnergyVariance":{"Mean":0.9835457856399585,"Sigma":0.5284006674527193,"Taucorr":0.22805918094008326},"Iteration":8},
{"Acceptance":[0.0196078431372549],"Energy":{"Mean":-193.8548387096774,"Sigma":0.10419571221828537,"Taucorr":0.5172810146650844},"EnergyVariance":{"Mean":0.656347554630593,"Sigma":0.3346014481257384,"Taucorr":0.503010177490022},"Iteration":9},
{"Acceptance":[0.02661064425770308],"Energy":{"Mean":-193.83064516129033,"Sigma":0.1149959657860613,"Taucorr":0.303921568627449},"EnergyVariance":{"Mean":1.0116415192507804,"Sigma":0.45384898354651265,"Taucorr":0.10876934364004642},"Iteration":10},
{"Acceptance":[0.020028011204481794],"Energy":{"Mean":-193.82258064516125,"Sigma":0.10053188414353156,"Taucorr":0.09243119266054856},"EnergyVariance":{"Mean":1.0491675338189381,"Sigma":0.49960338898252543,"Taucorr":0.018067290374066514},"Iteration":11},
{"Acceptance":[0.028291316526610644],"Energy":{"Mean":-193.7741935483871,"Sigma":0.11321002861609715,"Taucorr":0.11986497545007535},"EnergyVariance":{"Mean":1.27159209157128,"Sigma":0.45154903114599027,"Taucorr":0.10609159636012744},"Iteration":12},
{"Acceptance":[0.03333333333333333],"Energy":{"Mean":-194.01612903225805,"Sigma":0.08435036687092184,"Taucorr":0.14618709181713452},"EnergyVariance":{"Mean":0.6771592091571279,"Sigma":0.2659589465532258,"Taucorr":0.32158091907134134},"Iteration":13},
{"Acceptance":[0.028011204481792718],"Energy":{"Mean":-194.70967741935485,"Sigma":0.11540996012902142,"Taucorr":0.2963581183611541},"EnergyVariance":{"Mean":1.0286160249739853,"Sigma":0.08022379935315566,"Taucorr":0.06847644408363718},"Iteration":14},
{"Acceptance":[0.0035014005602240898],"Energy":{"Mean":-195.85483870967744,"Sigma":0.06934233445667543,"Taucorr":0.34514869888475164},"EnergyVariance":{"Mean":0.34989594172736715,"Sigma":0.1674736999571042,"Taucorr":0.14458703880395796},"Iteration":15},
{"Acceptance":[0.006442577030812325],"Energy":{"Mean":-195.62903225806448,"Sigma":0.19151032698436352,"Taucorr":1.0988336713995919},"EnergyVariance":{"Mean":1.4107700312174818,"Sigma":0.9171691270020318,"Taucorr":1.0085429183024974},"Iteration":16},
{"Acceptance":[0.0033613445378151263],"Energy":{"Mean":-195.73387096774192,"Sigma":0.19672571234242736,"Taucorr":0.31932075133767635},"EnergyVariance":{"Mean":2.904981789802289,"Sigma":2.0465230810320896,"Taucorr":0.32334560489474584},"Iteration":17},
{"Acceptance":[0.004481792717086834],"Energy":{"Mean":-195.8064516129032,"Sigma":0.1073318123051549,"Taucorr":0.07287021455616338},"EnergyVariance":{"Mean":1.2367325702393337,"Sigma":0.7773206509517205,"Taucorr":-0.012020448667334482},"Iteration":18},
{"Acceptance":[0.00196078431372549],"Energy":{"Mean":-195.91935483870967,"Sigma":0.05725238499773845,"Taucorr":0.8023529411764758},"EnergyVariance":{"Mean":0.15478668054110303,"Sigma":0.10527051435067858,"Taucorr":0.8023529411764707},"Iteration":19},
{"Acceptance":[0.0033613445378151263],"Energy":{"Mean":-195.89516129032256,"Sigma":0.07493204228368981,"Taucorr":0.0661051284785128},"EnergyVariance":{"Mean":0.6099765868886574,"Sigma":0.39450967384926067,"Taucorr":-0.0032692677995080355},"Iteration":20},
{"Acceptance":[0.0036414565826330533],"Energy":{"Mean":-195.9193548387097,"Sigma":0.0708882741776538,"Taucorr":0.6544946550048591},"EnergyVariance":{"Mean":0.2676899063475547,"Sigma":0.16561395244436986,"Taucorr":0.40977521846258236},"Iteration":21},
{"Acceptance":[0.0036414565826330533],"Energy":{"Mean":-196.05645161290323,"Sigma":0.030030623750040994,"Taucorr":0.5412698412698513},"EnergyVariance":{"Mean":0.05326482830385016,"Sigma":0.026640069455680968,"Taucorr":0.5412698412698409},"Iteration":22},
{"Acceptance":[0.004761904761904762],"Energy":{"Mean":-195.75806451612905,"Sigma":0.12186050491014146,"Taucorr":0.5609323058325806},"EnergyVariance":{"Mean":0.860822060353798,"Sigma":0.38464578989662285,"Taucorr":0.509864889208721},"Iteration":23},
{"Acceptance":[0.0036414565826330533],"Energy":{"Mean":-196.09677419354838,"Sigma":0.03788320221495256,"Taucorr":0.08095034246576016},"EnergyVariance":{"Mean":0.15192507804370445,"Sigma":0.046739475281162006,"Taucorr":0.005774116460133927},"Iteration":24},
{"Acceptance":[0.0056022408963585435],"Energy":{"Mean":-196.0967741935484,"Sigma":0.03415142465195115,"Taucorr":0.19277638190955015},"EnergyVariance":{"Mean":0.10353798126951093,"Sigma":0.036991032802265254,"Taucorr":0.06536406093991909},"Iteration":25},
{"Acceptance":[0.014005602240896359],"Energy":{"Mean":-196.12903225806454,"Sigma":0.10296084947422388,"Taucorr":0.36061984890110255},"EnergyVariance":{"Mean":0.7575442247658688,"Sigma":0.2877289876796468,"Taucorr":0.38670995811103326},"Iteration":26},
{"Acceptance":[0.003781512605042017],"Energy":{"Mean":-196.8709677419355,"Sigma":0.06846136158323174,"Taucorr":0.1169404231625788},"EnergyVariance":{"Mean":0.46722164412070755,"Sigma":0.18645995640750346,"Taucorr":0.07949121935766179},"Iteration":27},
{"Acceptance":[0.006442577030812325],"Energy":{"Mean":-197.03225806451616,"Sigma":0.05649000230780269,"Taucorr":0.26356275303646626},"EnergyVariance":{"Mean":0.2570239334027055,"Sigma":0.10292550278095579,"Taucorr":0.18496696311070815},"Iteration":28},
{"Acceptance":[0.01568627450980392],"Energy":{"Mean":-197.72580645161293,"Sigma":0.11380210534699499,"Taucorr":0.3050683670786334},"EnergyVariance":{"Mean":0.9893340270551507,"Sigma":0.07623526181307892,"Taucorr":0.3448561485052516},"Iteration":29},
{"Acceptance":[0.0021008403361344537],"Energy":{"Mean":-198.97580645161293,"Sigma":0.017790744201907085,"Taucorr":0.32451790633605127},"EnergyVariance":{"Mean":0.023608220603537983,"Sigma":0.016929901740525992,"Taucorr":0.3245179063360877},"Iteration":30},
{"Acceptance":[0.0011204481792717086],"Energy":{"Mean":-198.99193548387098,"Sigma":0.008064516129032376,"Taucorr":1.1102230246251565e-14},"EnergyVariance":{"Mean":0.007999479708636837,"Sigma":0.007934443288241534,"Taucorr":0.0},"Iteration":31},
{"Acceptance":[0.0014005602240896359],"Energy":{"Mean":-198.9032258064516,"Sigma":0.0711629768076321,"Taucorr":0.3245179063361002},"EnergyVariance":{"Mean":0.37773152965660767,"Sigma":0.2708784278483997,"Taucorr":0.32451790633608857},"Iteration":32},
{"Acceptance":[0.0014005602240896359],"Energy":{"Mean":-198.87096774193546,"Sigma":0.10098371511289393,"Taucorr":0.49784768211920516},"EnergyVariance":{"Mean":0.6285119667013527,"Sigma":0.5566384267105934,"Taucorr":0.5047662994327056},"Iteration":33},
{"Acceptance":[0.0011204481792717086],"Energy":{"Mean":-199.0,"Sigma":0.0,"Taucorr":null},"EnergyVariance":{"Mean":0.0,"Sigma":0.0,"Taucorr":null},"Iteration":34},
{"Acceptance":[0.0005602240896358543],"Energy":{"Mean":-199.0,"Sigma":0.0,"Taucorr":null},"EnergyVariance":{"Mean":0.0,"Sigma":0.0,"Taucorr":null},"Iteration":35},
{"Acceptance":[0.0014005602240896359],"Energy":{"Mean":-198.91935483870967,"Sigma":0.08064516129032238,"Taucorr":0.5081967213114689},"EnergyVariance":{"Mean":0.39672216441207075,"Sigma":0.39021852237252674,"Taucorr":0.508196721311476},"Iteration":36},
{"Acceptance":[0.0030812324929971988],"Energy":{"Mean":-199.0,"Sigma":0.0,"Taucorr":null},"EnergyVariance":{"Mean":0.0,"Sigma":0.0,"Taucorr":null},"Iteration":37},
{"Acceptance":[0.00196078431372549],"Energy":{"Mean":-198.96774193548393,"Sigma":0.0322580645161289,"Taucorr":-3.219646771412954e-15},"EnergyVariance":{"Mean":0.1279916753381894,"Sigma":0.12695109261186638,"Taucorr":0.0},"Iteration":38},
{"Acceptance":[0.0008403361344537816],"Energy":{"Mean":-198.84677419354836,"Sigma":0.11632674328634564,"Taucorr":0.4206489675516222},"EnergyVariance":{"Mean":0.9039412070759623,"Sigma":0.7609308597852287,"Taucorr":0.4783291924759967},"Iteration":39},
{"Acceptance":[0.0005602240896358543],"Energy":{"Mean":-198.9677419354839,"Sigma":0.03225806451612916,"Taucorr":0.5081967213114793},"EnergyVariance":{"Mean":0.0634755463059313,"Sigma":0.06243496357960646,"Taucorr":0.5081967213114753},"Iteration":40},
{"Acceptance":[0.0008403361344537816],"Energy":{"Mean":-198.90322580645164,"Sigma":0.06827110268387299,"Taucorr":-0.012012843224087077},"EnergyVariance":{"Mean":0.5874089490114464,"Sigma":0.42453960657970924,"Taucorr":-0.010200892050516608},"Iteration":41},
{"Acceptance":[0.0014005602240896359],"Energy":{"Mean":-198.9677419354839,"Sigma":0.022426509263025796,"Taucorr":-0.012704918032794221},"EnergyVariance":{"Mean":0.06347554630593132,"Sigma":0.04340614696069686,"Taucorr":-0.012704918032786894},"Iteration":42},
{"Acceptance":[0.002240896358543417],"Energy":{"Mean":-198.85483870967738,"Sigma":0.1009192916836174,"Taucorr":0.47835229581471284},"EnergyVariance":{"Mean":0.6402185223725286,"Sigma":0.5531008149178812,"Taucorr":0.5038135766048804},"Iteration":43},
{"Acceptance":[0.00196078431372549],"Energy":{"Mean":-199.0,"Sigma":0.0,"Taucorr":null},"EnergyVariance":{"Mean":0.0,"Sigma":0.0,"Taucorr":null},"Iteration":44},
{"Acceptance":[0.0016806722689075631],"Energy":{"Mean":-198.87903225806454,"Sigma":0.12096774193548353,"Taucorr":1.024793388429749},"EnergyVariance":{"Mean":0.5902055150884495,"Sigma":0.5755723204994857,"Taucorr":1.0247933884297518},"Iteration":45},
{"Acceptance":[0.0011204481792717086],"Energy":{"Mean":-198.99193548387098,"Sigma":0.008064516129032412,"Taucorr":1.9095836023552692e-14},"EnergyVariance":{"Mean":0.007999479708636837,"Sigma":0.007934443288241532,"Taucorr":-2.220446049250313e-16},"Iteration":46},
{"Acceptance":[0.0008403361344537816],"Energy":{"Mean":-199.0,"Sigma":0.0,"Taucorr":null},"EnergyVariance":{"Mean":0.0,"Sigma":0.0,"Taucorr":null},"Iteration":47},
{"Acceptance":[0.0011204481792717086],"Energy":{"Mean":-198.92741935483875,"Sigma":0.05079151512820105,"Taucorr":0.7035027133694876},"EnergyVariance":{"Mean":0.1318288241415193,"Sigma":0.09361434916180214,"Taucorr":0.7424213592619981},"Iteration":48},
{"Acceptance":[0.0014005602240896359],"Energy":{"Mean":-198.93548387096772,"Sigma":0.04485301852605175,"Taucorr":-0.012704918032793056},"EnergyVariance":{"Mean":0.2539021852237254,"Sigma":0.17362458784277982,"Taucorr":-0.012704918032786894},"Iteration":49},
{"Acceptance":[0.00196078431372549],"Energy":{"Mean":-198.97580645161293,"Sigma":0.017790744201907717,"Taucorr":0.3245179063360837},"EnergyVariance":{"Mean":0.023608220603537976,"Sigma":0.016929901740525992,"Taucorr":0.3245179063360877},"Iteration":50},
{"Acceptance":[0.0012605042016806723],"Energy":{"Mean":-198.99193548387098,"Sigma":0.00806451612903242,"Taucorr":1.9761969838327786e-14},"EnergyVariance":{"Mean":0.007999479708636837,"Sigma":0.007934443288241534,"Taucorr":0.0},"Iteration":51},
{"Acceptance":[0.0015406162464985994],"Energy":{"Mean":-198.9516129032258,"Sigma":0.048387096774193644,"Taucorr":1.0247933884297562},"EnergyVariance":{"Mean":0.09443288241415193,"Sigma":0.0920915712799155,"Taucorr":1.0247933884297518},"Iteration":52},
{"Acceptance":[0.0008403361344537816],"Energy":{"Mean":-198.85483870967738,"Sigma":0.14516129032258082,"Taucorr":1.02479338842975},"EnergyVariance":{"Mean":0.8498959417273673,"Sigma":0.8288241415192396,"Taucorr":1.0247933884297518},"Iteration":53},
{"Acceptance":[0.0025210084033613447],"Energy":{"Mean":-198.99193548387095,"Sigma":0.008064516129032846,"Taucorr":6.661338147750939e-14},"EnergyVariance":{"Mean":0.007999479708636834,"Sigma":0.007934443288241073,"Taucorr":-2.220446049250313e-16},"Iteration":54},
{"Acceptance":[0.002240896358543417],"Energy":{"Mean":-198.99193548387095,"Sigma":0.008064516129033722,"Taucorr":1.4277468096679513e-13},"EnergyVariance":{"Mean":0.007999479708636837,"Sigma":0.007934443288241074,"Taucorr":-2.220446049250313e-16},"Iteration":55},
{"Acceptance":[0.00196078431372549],"Energy":{"Mean":-199.0,"Sigma":0.0,"Taucorr":null},"EnergyVariance":{"Mean":0.0,"Sigma":0.0,"Taucorr":null},"Iteration":56},
{"Acceptance":[0.0008403361344537816],"Energy":{"Mean":-198.96774193548387,"Sigma":0.02524592877822452,"Taucorr":0.7556250000000484},"EnergyVariance":{"Mean":0.031217481789802284,"Sigma":0.023617159179628415,"Taucorr":0.7556249999999998},"Iteration":57},
{"Acceptance":[0.0028011204481792717],"Energy":{"Mean":-198.86290322580646,"Sigma":0.07934434758870293,"Taucorr":0.09514145756273862},"EnergyVariance":{"Mean":0.6505593132154006,"Sigma":0.4310233102176054,"Taucorr":0.015228928789349006},"Iteration":58},
{"Acceptance":[0.00028011204481792715],"Energy":{"Mean":-199.0,"Sigma":0.0,"Taucorr":null},"EnergyVariance":{"Mean":0.0,"Sigma":0.0,"Taucorr":null},"Iteration":59},
{"Acceptance":[0.00028011204481792715],"Energy":{"Mean":-199.0,"Sigma":0.0,"Taucorr":null},"EnergyVariance":{"Mean":0.0,"Sigma":0.0,"Taucorr":null},"Iteration":60},
{"Acceptance":[0.0005602240896358543],"Energy":{"Mean":-199.0,"Sigma":0.0,"Taucorr":null},"EnergyVariance":{"Mean":0.0,"Sigma":0.0,"Taucorr":null},"Iteration":61},
{"Acceptance":[0.0008403361344537816],"Energy":{"Mean":-198.99193548387095,"Sigma":0.008064516129033366,"Taucorr":1.0103029524088925e-13},"EnergyVariance":{"Mean":0.007999479708636839,"Sigma":0.007934443288241076,"Taucorr":0.0},"Iteration":62},
{"Acceptance":[0.0011204481792717086],"Energy":{"Mean":-199.0,"Sigma":0.0,"Taucorr":null},"EnergyVariance":{"Mean":0.0,"Sigma":0.0,"Taucorr":null},"Iteration":63},
{"Acceptance":[0.0008403361344537816],"Energy":{"Mean":-199.0,"Sigma":0.0,"Taucorr":null},"EnergyVariance":{"Mean":0.0,"Sigma":0.0,"Taucorr":null},"Iteration":64},
{"Acceptance":[0.00028011204481792715],"Energy":{"Mean":-199.0,"Sigma":0.0,"Taucorr":null},"EnergyVariance":{"Mean":0.0,"Sigma":0.0,"Taucorr":null},"Iteration":65},
{"Acceptance":[0.0011204481792717086],"Energy":{"Mean":-198.9032258064516,"Sigma":0.07116297680763112,"Taucorr":0.3245179063360849},"EnergyVariance":{"Mean":0.3777315296566077,"Sigma":0.2708784278483997,"Taucorr":0.32451790633608857},"Iteration":66},
{"Acceptance":[0.002240896358543417],"Energy":{"Mean":-198.70967741935482,"Sigma":0.161934198684014,"Taucorr":0.4728813559321997},"EnergyVariance":{"Mean":1.6576482830385013,"Sigma":0.8775788831907824,"Taucorr":0.4728813559322035},"Iteration":67},
{"Acceptance":[0.0008403361344537816],"Energy":{"Mean":-199.0,"Sigma":0.0,"Taucorr":null},"EnergyVariance":{"Mean":0.0,"Sigma":0.0,"Taucorr":null},"Iteration":68},
{"Acceptance":[0.0016806722689075631],"Energy":{"Mean":-198.96774193548387,"Sigma":0.032258064516129045,"Taucorr":0.5081967213114729},"EnergyVariance":{"Mean":0.06347554630593133,"Sigma":0.062434963579604645,"Taucorr":0.5081967213114755},"Iteration":69},
{"Acceptance":[0.0008403361344537816],"Energy":{"Mean":-198.9758064516129,"Sigma":0.024193548387096687,"Taucorr":-3.885780586188048e-15},"EnergyVariance":{"Mean":0.07199531737773156,"Sigma":0.07140998959417244,"Taucorr":0.0},"Iteration":70},
{"Acceptance":[0.0014005602240896359],"Energy":{"Mean":-199.0,"Sigma":0.0,"Taucorr":null},"EnergyVariance":{"Mean":0.0,"Sigma":0.0,"Taucorr":null},"Iteration":71},
{"Acceptance":[0.0005602240896358543],"Energy":{"Mean":-199.0,"Sigma":0.0,"Taucorr":null},"EnergyVariance":{"Mean":0.0,"Sigma":0.0,"Taucorr":null},"Iteration":72},
{"Acceptance":[0.0008403361344537816],"Energy":{"Mean":-199.0,"Sigma":0.0,"Taucorr":null},"EnergyVariance":{"Mean":0.0,"Sigma":0.0,"Taucorr":null},"Iteration":73},
{"Acceptance":[0.0005602240896358543],"Energy":{"Mean":-199.0,"Sigma":0.0,"Taucorr":null},"EnergyVariance":{"Mean":0.0,"Sigma":0.0,"Taucorr":null},"Iteration":74},
{"Acceptance":[0.0008403361344537816],"Energy":{"Mean":-199.0,"Sigma":0.0,"Taucorr":null},"EnergyVariance":{"Mean":0.0,"Sigma":0.0,"Taucorr":null},"Iteration":75},
{"Acceptance":[0.00028011204481792715],"Energy":{"Mean":-199.0,"Sigma":0.0,"Taucorr":null},"EnergyVariance":{"Mean":0.0,"Sigma":0.0,"Taucorr":null},"Iteration":76},
{"Acceptance":[0.00028011204481792715],"Energy":{"Mean":-199.0,"Sigma":0.0,"Taucorr":null},"EnergyVariance":{"Mean":0.0,"Sigma":0.0,"Taucorr":null},"Iteration":77},
{"Acceptance":[0.0025210084033613447],"Energy":{"Mean":-198.91935483870967,"Sigma":0.05234693094468019,"Taucorr":0.5887394957983276},"EnergyVariance":{"Mean":0.154786680541103,"Sigma":0.09625080851118444,"Taucorr":0.5887394957983194},"Iteration":78},
{"Acceptance":[0.0008403361344537816],"Energy":{"Mean":-199.0,"Sigma":0.0,"Taucorr":null},"EnergyVariance":{"Mean":0.0,"Sigma":0.0,"Taucorr":null},"Iteration":79},
{"Acceptance":[0.0011204481792717086],"Energy":{"Mean":-199.0,"Sigma":0.0,"Taucorr":null},"EnergyVariance":{"Mean":0.0,"Sigma":0.0,"Taucorr":null},"Iteration":80},
{"Acceptance":[0.0011204481792717086],"Energy":{"Mean":-199.0,"Sigma":0.0,"Taucorr":null},"EnergyVariance":{"Mean":0.0,"Sigma":0.0,"Taucorr":null},"Iteration":81},
{"Acceptance":[0.0012605042016806723],"Energy":{"Mean":-198.96774193548387,"Sigma":0.032258064516129975,"Taucorr":2.2648549702353193e-14},"EnergyVariance":{"Mean":0.12799167533818936,"Sigma":0.1269510926118627,"Taucorr":0.0},"Iteration":82},
{"Acceptance":[0.000980392156862745],"Energy":{"Mean":-199.0,"Sigma":0.0,"Taucorr":null},"EnergyVariance":{"Mean":0.0,"Sigma":0.0,"Taucorr":null},"Iteration":83},
{"Acceptance":[0.0008403361344537816],"Energy":{"Mean":-198.9838709677419,"Sigma":0.011213254631513535,"Taucorr":-0.012704918032752921},"EnergyVariance":{"Mean":0.01586888657648283,"Sigma":0.010851536740172942,"Taucorr":-0.012704918032786894},"Iteration":84},
{"Acceptance":[0.0008403361344537816],"Energy":{"Mean":-199.0,"Sigma":0.0,"Taucorr":null},"EnergyVariance":{"Mean":0.0,"Sigma":0.0,"Taucorr":null},"Iteration":85},
{"Acceptance":[0.0016806722689075631],"Energy":{"Mean":-198.9838709677419,"Sigma":0.0161290322580648,"Taucorr":1.532107773982716e-14},"EnergyVariance":{"Mean":0.031997918834547334,"Sigma":0.0317377731529643,"Taucorr":0.0},"Iteration":86},
{"Acceptance":[0.0],"Energy":{"Mean":-199.0,"Sigma":0.0,"Taucorr":null},"EnergyVariance":{"Mean":0.0,"Sigma":0.0,"Taucorr":null},"Iteration":87},
{"Acceptance":[0.0014005602240896359],"Energy":{"Mean":-198.9758064516129,"Sigma":0.017790744201907606,"Taucorr":0.3245179063360717},"EnergyVariance":{"Mean":0.023608220603537983,"Sigma":0.01692990174052498,"Taucorr":0.324517906336088},"Iteration":88},
{"Acceptance":[0.0008403361344537816],"Energy":{"Mean":-199.0,"Sigma":0.0,"Taucorr":null},"EnergyVariance":{"Mean":0.0,"Sigma":0.0,"Taucorr":null},"Iteration":89},
{"Acceptance":[0.0008403361344537816],"Energy":{"Mean":-198.9677419354839,"Sigma":0.03225806451612916,"Taucorr":2.886579864025407e-15},"EnergyVariance":{"Mean":0.12799167533818942,"Sigma":0.12695109261186455,"Taucorr":0.0},"Iteration":90},
{"Acceptance":[0.0028011204481792717],"Energy":{"Mean":-198.9677419354839,"Sigma":0.0322580645161291,"Taucorr":2.220446049250313e-16},"EnergyVariance":{"Mean":0.12799167533818942,"Sigma":0.12695109261186455,"Taucorr":0.0},"Iteration":91},
{"Acceptance":[0.0011204481792717086],"Energy":{"Mean":-198.98387096774192,"Sigma":0.01612903225806435,"Taucorr":-4.551914400963142e-15},"EnergyVariance":{"Mean":0.031997918834547334,"Sigma":0.031737773152965214,"Taucorr":0.0},"Iteration":92},
{"Acceptance":[0.0005602240896358543],"Energy":{"Mean":-199.0,"Sigma":0.0,"Taucorr":null},"EnergyVariance":{"Mean":0.0,"Sigma":0.0,"Taucorr":null},"Iteration":93},
{"Acceptance":[0.00196078431372549],"Energy":{"Mean":-198.87096774193546,"Sigma":0.1290322580645165,"Taucorr":1.549999999999995},"EnergyVariance":{"Mean":0.49947970863683655,"Sigma":0.4828303850156023,"Taucorr":1.5500000000000003},"Iteration":94},
{"Acceptance":[0.0005602240896358543],"Energy":{"Mean":-199.0,"Sigma":0.0,"Taucorr":null},"EnergyVariance":{"Mean":0.0,"Sigma":0.0,"Taucorr":null},"Iteration":95},
{"Acceptance":[0.00028011204481792715],"Energy":{"Mean":-198.87903225806454,"Sigma":0.08587857749660781,"Taucorr":0.8023529411764811},"EnergyVariance":{"Mean":0.3482700312174818,"Sigma":0.23685865728903416,"Taucorr":0.8023529411764707},"Iteration":96},
{"Acceptance":[0.00196078431372549],"Energy":{"Mean":-198.9677419354839,"Sigma":0.03225806451612932,"Taucorr":8.215650382226158e-15},"EnergyVariance":{"Mean":0.12799167533818942,"Sigma":0.12695109261186452,"Taucorr":-2.220446049250313e-16},"Iteration":97},
{"Acceptance":[0.00028011204481792715],"Energy":{"Mean":-199.0,"Sigma":0.0,"Taucorr":null},"EnergyVariance":{"Mean":0.0,"Sigma":0.0,"Taucorr":null},"Iteration":98},
{"Acceptance":[0.0016806722689075631],"Energy":{"Mean":-198.96774193548393,"Sigma":0.0322580645161289,"Taucorr":-2.1094237467877974e-15},"EnergyVariance":{"Mean":0.1279916753381894,"Sigma":0.12695109261186638,"Taucorr":0.0},"Iteration":99} 
]}