{"Output": [
{"Acceptance":[0.00014191106906338694],"Energy":{"Mean":-1529.0,"Sigma":0.0,"Taucorr":null},"EnergyVariance":{"Mean":0.0,"Sigma":0.0,"Taucorr":null},"Iteration":0},
{"Acceptance":[9.46073793755913e-05],"Energy":{"Mean":-1529.0,"Sigma":0.0,"Taucorr":null},"EnergyVariance":{"Mean":0.0,"Sigma":0.0,"Taucorr":null},"Iteration":1},
{"Acceptance":[9.46073793755913e-05],"Energy":{"Mean":-1529.024193548387,"Sigma":0.017790744201907235,"Taucorr":0.32451790633596655},"EnergyVariance":{"Mean":0.023608220603537983,"Sigma":0.016929901740525992,"Taucorr":0.3245179063360877},"Iteration":2},
{"Acceptance":[0.0001892147587511826],"Energy":{"Mean":-1528.9193548387093,"Sigma":0.08064516129032384,"Taucorr":1.2656542480726785e-14},"EnergyVariance":{"Mean":0.7999479708636836,"Sigma":0.79344432882408,"Taucorr":2.220446049250313e-16},"Iteration":3},
{"Acceptance":[9.46073793755913e-05],"Energy":{"Mean":-1529.0,"Sigma":0.0,"Taucorr":null},"EnergyVariance":{"Mean":0.0,"Sigma":0.0,"Taucorr":null},"Iteration":4},
{"Acceptance":[9.46073793755913e-05],"Energy":{"Mean":-1529.0161290322583,"Sigma":0.01612903225807078,"Taucorr":0.508196721311795},"EnergyVariance":{"Mean":0.01586888657648283,"Sigma":0.015608740894894281,"Taucorr":0.5081967213114753},"Iteration":5},
{"Acceptance":[0.0002838221381267739],"Energy":{"Mean":-1529.0403225806451,"Sigma":0.023465755744943587,"Taucorr":0.37512605042028135},"EnergyVariance":{"Mean":0.03869667013527577,"Sigma":0.02157335608809271,"Taucorr":0.3751260504201682},"Iteration":6},
{"Acceptance":[0.0012298959318826868],"Energy":{"Mean":-1529.1209677419356,"Sigma":0.03822501246850234,"Taucorr":0.3450764525993607},"EnergyVariance":{"Mean":0.10633454734651403,"Sigma":0.02897702558095224,"Taucorr":0.34507645259938846},"Iteration":7},
{"Acceptance":[0.00023651844843897824],"Energy":{"Mean":-1529.975806451613,"Sigma":0.01779074420190891,"Taucorr":0.3245179063361404},"EnergyVariance":{"Mean":0.02360822060353798,"Sigma":0.01692990174052599,"Taucorr":0.324517906336088},"Iteration":8},
{"Acceptance":[0.0],"Energy":{"Mean":-1530.0,"Sigma":0.0,"Taucorr":null},"EnergyVariance":{"Mean":0.0,"Sigma":0.0,"Taucorr":null},"Iteration":9},
{"Acceptance":[0.0001892147587511826],"Energy":{"Mean":-1529.991935483871,"Sigma":0.008064516129031689,"Taucorr":-1.2112533198660458e-13},"EnergyVariance":{"Mean":0.007999479708636837,"Sigma":0.007934443288241532,"Taucorr":-2.220446049250313e-16},"Iteration":10},
{"Acceptance":[0.0],"Energy":{"Mean":-1530.0,"Sigma":0.0,"Taucorr":null},"EnergyVariance":{"Mean":0.0,"Sigma":0.0,"Taucorr":null},"Iteration":11},
{"Acceptance":[0.0],"Energy":{"Mean":-1530.0,"Sigma":0.0,"Taucorr":null},"EnergyVariance":{"Mean":0.0,"Sigma":0.0,"Taucorr":null},"Iteration":12},
{"Acceptance":[0.0],"Energy":{"Mean":-1530.0,"Sigma":0.0,"Taucorr":null},"EnergyVariance":{"Mean":0.0,"Sigma":0.0,"Taucorr":null},"Iteration":13},
{"Acceptance":[9.46073793755913e-05],"Energy":{"Mean":-1530.0,"Sigma":0.0,"Taucorr":null},"EnergyVariance":{"Mean":0.0,"Sigma":0.0,"Taucorr":null},"Iteration":14},
{"Acceptance":[9.46073793755913e-05],"Energy":{"Mean":-1530.0,"Sigma":0.0,"Taucorr":null},"EnergyVariance":{"Mean":0.0,"Sigma":0.0,"Taucorr":null},"Iteration":15},
{"Acceptance":[0.0],"Energy":{"Mean":-1530.0,"Sigma":0.0,"Taucorr":null},"EnergyVariance":{"Mean":0.0,"Sigma":0.0,"Taucorr":null},"Iteration":16},
{"Acceptance":[0.0],"Energy":{"Mean":-1530.0,"Sigma":0.0,"Taucorr":null},"EnergyVariance":{"Mean":0.0,"Sigma":0.0,"Taucorr":null},"Iteration":17},
{"Acceptance":[0.0],"Energy":{"Mean":-1530.0,"Sigma":0.0,"Taucorr":null},"EnergyVariance":{"Mean":0.0,"Sigma":0.0,"Taucorr":null},"Iteration":18},
{"Acceptance":[0.0001892147587511826],"Energy":{"Mean":-1530.0,"Sigma":0.0,"Taucorr":null},"EnergyVariance":{"Mean":0.0,"Sigma":0.0,"Taucorr":null},"Iteration":19},
{"Acceptance":[9.46073793755913e-05],"Energy":{"Mean":-1530.0,"Sigma":0.0,"Taucorr":null},"EnergyVariance":{"Mean":0.0,"Sigma":0.0,"Taucorr":null},"Iteration":20},
{"Acceptance":[0.0001892147587511826],"Energy":{"Mean":-1529.9274193548385,"Sigma":0.07258064516129266,"Taucorr":2.5757174171303632e-14},"EnergyVariance":{"Mean":0.647957856399584,"Sigma":0.6426899063475312,"Taucorr":0.0},"Iteration":21},
{"Acceptance":[9.46073793755913e-05],"Energy":{"Mean":-1530.0,"Sigma":0.0,"Taucorr":null},"EnergyVariance":{"Mean":0.0,"Sigma":0.0,"Taucorr":null},"Iteration":22},
{"Acceptance":[0.0],"Energy":{"Mean":-1530.0,"Sigma":0.0,"Taucorr":null},"EnergyVariance":{"Mean":0.0,"Sigma":0.0,"Taucorr":null},"Iteration":23},
{"Acceptance":[9.46073793755913e-05],"Energy":{"Mean":-1530.0,"Sigma":0.0,"Taucorr":null},"EnergyVariance":{"Mean":0.0,"Sigma":0.0,"Taucorr":null},"Iteration":24},
{"Acceptance":[0.0],"Energy":{"Mean":-1530.0,"Sigma":0.0,"Taucorr":null},"EnergyVariance":{"Mean":0.0,"Sigma":0.0,"Taucorr":null},"Iteration":25},
{"Acceptance":[9.46073793755913e-05],"Energy":{"Mean":-1529.991935483871,"Sigma":0.008064516129033004,"Taucorr":9.836575998178887e-14},"EnergyVariance":{"Mean":0.007999479708636837,"Sigma":0.007934443288241534,"Taucorr":0.0},"Iteration":26},
{"Acceptance":[0.0],"Energy":{"Mean":-1530.0,"Sigma":0.0,"Taucorr":null},"EnergyVariance":{"Mean":0.0,"Sigma":0.0,"Taucorr":null},"Iteration":27},
{"Acceptance":[0.0],"Energy":{"Mean":-1530.0,"Sigma":0.0,"Taucorr":null},"EnergyVariance":{"Mean":0.0,"Sigma":0.0,"Taucorr":null},"Iteration":28},
{"Acceptance":[0.0],"Energy":{"Mean":-1530.0,"Sigma":0.0,"Taucorr":null},"EnergyVariance":{"Mean":0.0,"Sigma":0.0,"Taucorr":null},"Iteration":29},
{"Acceptance":[0.0],"Energy":{"Mean":-1530.0,"Sigma":0.0,"Taucorr":null},"EnergyVariance":{"Mean":0.0,"Sigma":0.0,"Taucorr":null},"Iteration":30},
{"Acceptance":[0.0],"Energy":{"Mean":-1530.0,"Sigma":0.0,"Taucorr":null},"EnergyVariance":{"Mean":0.0,"Sigma":0.0,"Taucorr":null},"Iteration":31},
{"Acceptance":[0.0],"Energy":{"Mean":-1530.0,"Sigma":0.0,"Taucorr":null},"EnergyVariance":{"Mean":0.0,"Sigma":0.0,"Taucorr":null},"Iteration":32},
{"Acceptance":[9.46073793755913e-05],"Energy":{"Mean":-1530.0,"Sigma":0.0,"Taucorr":null},"EnergyVariance":{"Mean":0.0,"Sigma":0.0,"Taucorr":null},"Iteration":33},
{"Acceptance":[0.0003784295175023652],"Energy":{"Mean":-1530.0,"Sigma":0.0,"Taucorr":null},"EnergyVariance":{"Mean":0.0,"Sigma":0.0,"Taucorr":null},"Iteration":34},
{"Acceptance":[0.0],"Energy":{"Mean":-1530.0,"Sigma":0.0,"Taucorr":null},"EnergyVariance":{"Mean":0.0,"Sigma":0.0,"Taucorr":null},"Iteration":35},
{"Acceptance":[0.0],"Energy":{"Mean":-1530.0,"Sigma":0.0,"Taucorr":null},"EnergyVariance":{"Mean":0.0,"Sigma":0.0,"Taucorr":null},"Iteration":36},
{"Acceptance":[0.0],"Energy":{"Mean":-1530.0,"Sigma":0.0,"Taucorr":null},"EnergyVariance":{"Mean":0.0,"Sigma":0.0,"Taucorr":null},"Iteration":37},
{"Acceptance":[0.0],"Energy":{"Mean":-1530.0,"Sigma":0.0,"Taucorr":null},"EnergyVariance":{"Mean":0.0,"Sigma":0.0,"Taucorr":null},"Iteration":38},
{"Acceptance":[0.0001892147587511826],"Energy":{"Mean":-1530.0161290322583,"Sigma":0.016129032258073127,"Taucorr":4.334310688136611e-13},"EnergyVariance":{"Mean":0.031997918834547355,"Sigma":0.0317377731529588,"Taucorr":0.0},"Iteration":39},
{"Acceptance":[0.0003784295175023652],"Energy":{"Mean":-1529.9838709677417,"Sigma":0.01612903225806597,"Taucorr":0.508196721311504},"EnergyVariance":{"Mean":0.01586888657648283,"Sigma":0.015608740894894281,"Taucorr":0.5081967213114755},"Iteration":40},
{"Acceptance":[0.0],"Energy":{"Mean":-1530.0,"Sigma":0.0,"Taucorr":null},"EnergyVariance":{"Mean":0.0,"Sigma":0.0,"Taucorr":null},"Iteration":41},
{"Acceptance":[0.0],"Energy":{"Mean":-1530.0,"Sigma":0.0,"Taucorr":null},"EnergyVariance":{"Mean":0.0,"Sigma":0.0,"Taucorr":null},"Iteration":42},
{"Acceptance":[0.0],"Energy":{"Mean":-1530.0,"Sigma":0.0,"Taucorr":null},"EnergyVariance":{"Mean":0.0,"Sigma":0.0,"Taucorr":null},"Iteration":43},
{"Acceptance":[0.0],"Energy":{"Mean":-1530.0,"Sigma":0.0,"Taucorr":null},"EnergyVariance":{"Mean":0.0,"Sigma":0.0,"Taucorr":null},"Iteration":44},
{"Acceptance":[9.46073793755913e-05],"Energy":{"Mean":-1530.0,"Sigma":0.0,"Taucorr":null},"EnergyVariance":{"Mean":0.0,"Sigma":0.0,"Taucorr":null},"Iteration":45},
{"Acceptance":[0.0],"Energy":{"Mean":-1530.0,"Sigma":0.0,"Taucorr":null},"EnergyVariance":{"Mean":0.0,"Sigma":0.0,"Taucorr":null},"Iteration":46},
{"Acceptance":[0.0],"Energy":{"Mean":-1530.0,"Sigma":0.0,"Taucorr":null},"EnergyVariance":{"Mean":0.0,"Sigma":0.0,"Taucorr":null},"Iteration":47},
{"Acceptance":[0.0],"Energy":{"Mean":-1530.0,"Sigma":0.0,"Taucorr":null},"EnergyVariance":{"Mean":0.0,"Sigma":0.0,"Taucorr":null},"Iteration":48},
{"Acceptance":[9.46073793755913e-05],"Energy":{"Mean":-1529.9838709677417,"Sigma":0.016129032258071926,"Taucorr":0.508196721311986},"EnergyVariance":{"Mean":0.01586888657648283,"Sigma":0.015608740894894281,"Taucorr":0.5081967213114753},"Iteration":49},
{"Acceptance":[0.0],"Energy":{"Mean":-1530.0,"Sigma":0.0,"Taucorr":null},"EnergyVariance":{"Mean":0.0,"Sigma":0.0,"Taucorr":null},"Iteration":50},
{"Acceptance":[0.0],"Energy":{"Mean":-1530.0,"Sigma":0.0,"Taucorr":null},"EnergyVariance":{"Mean":0.0,"Sigma":0.0,"Taucorr":null},"Iteration":51},
{"Acceptance":[0.0],"Energy":{"Mean":-1530.0,"Sigma":0.0,"Taucorr":null},"EnergyVariance":{"Mean":0.0,"Sigma":0.0,"Taucorr":null},"Iteration":52},
{"Acceptance":[0.0],"Energy":{"Mean":-1530.0,"Sigma":0.0,"Taucorr":null},"EnergyVariance":{"Mean":0.0,"Sigma":0.0,"Taucorr":null},"Iteration":53},
{"Acceptance":[0.0],"Energy":{"Mean":-1530.0,"Sigma":0.0,"Taucorr":null},"EnergyVariance":{"Mean":0.0,"Sigma":0.0,"Taucorr":null},"Iteration":54},
{"Acceptance":[9.46073793755913e-05],"Energy":{"Mean":-1530.0,"Sigma":0.0,"Taucorr":null},"EnergyVariance":{"Mean":0.0,"Sigma":0.0,"Taucorr":null},"Iteration":55},
{"Acceptance":[0.0],"Energy":{"Mean":-1530.0,"Sigma":0.0,"Taucorr":null},"EnergyVariance":{"Mean":0.0,"Sigma":0.0,"Taucorr":null},"Iteration":56},
{"Acceptance":[9.46073793755913e-05],"Energy":{"Mean":-1529.9838709677417,"Sigma":0.016129032258066438,"Taucorr":0.5081967213114986},"EnergyVariance":{"Mean":0.01586888657648283,"Sigma":0.015608740894894285,"Taucorr":0.5081967213114755},"Iteration":57},
{"Acceptance":[9.46073793755913e-05],"Energy":{"Mean":-1530.0,"Sigma":0.0,"Taucorr":null},"EnergyVariance":{"Mean":0.0,"Sigma":0.0,"Taucorr":null},"Iteration":58},
{"Acceptance":[0.0],"Energy":{"Mean":-1530.0,"Sigma":0.0,"Taucorr":null},"EnergyVariance":{"Mean":0.0,"Sigma":0.0,"Taucorr":null},"Iteration":59},
{"Acceptance":[9.46073793755913e-05],"Energy":{"Mean":-1529.9032258064517,"Sigma":0.09677419354838754,"Taucorr":3.3306690738754696e-15},"EnergyVariance":{"Mean":1.1519250780437045,"Sigma":1.1425598335067808,"Taucorr":0.0},"Iteration":60},
{"Acceptance":[0.0],"Energy":{"Mean":-1530.0,"Sigma":0.0,"Taucorr":null},"EnergyVariance":{"Mean":0.0,"Sigma":0.0,"Taucorr":null},"Iteration":61},
{"Acceptance":[0.0],"Energy":{"Mean":-1530.0,"Sigma":0.0,"Taucorr":null},"EnergyVariance":{"Mean":0.0,"Sigma":0.0,"Taucorr":null},"Iteration":62},
{"Acceptance":[9.46073793755913e-05],"Energy":{"Mean":-1529.991935483871,"Sigma":0.008064516129032976,"Taucorr":1.092459456231154e-13},"EnergyVariance":{"Mean":0.007999479708636839,"Sigma":0.007934443288241534,"Taucorr":0.0},"Iteration":63},
{"Acceptance":[9.46073793755913e-05],"Energy":{"Mean":-1530.016129032258,"Sigma":0.016129032258064363,"Taucorr":-1.63202784619898e-14},"EnergyVariance":{"Mean":0.03199791883454735,"Sigma":0.03173777315296613,"Taucorr":-2.220446049250313e-16},"Iteration":64},
{"Acceptance":[0.0],"Energy":{"Mean":-1530.0,"Sigma":0.0,"Taucorr":null},"EnergyVariance":{"Mean":0.0,"Sigma":0.0,"Taucorr":null},"Iteration":65},
{"Acceptance":[0.0002838221381267739],"Energy":{"Mean":-1529.9435483870966,"Sigma":0.05645161290322769,"Taucorr":2.8199664825478976e-14},"EnergyVariance":{"Mean":0.3919745057232049,"Sigma":0.38878772112380955,"Taucorr":2.220446049250313e-16},"Iteration":66},
{"Acceptance":[0.0],"Energy":{"Mean":-1530.0,"Sigma":0.0,"Taucorr":null},"EnergyVariance":{"Mean":0.0,"Sigma":0.0,"Taucorr":null},"Iteration":67},
{"Acceptance":[0.0],"Energy":{"Mean":-1530.0,"Sigma":0.0,"Taucorr":null},"EnergyVariance":{"Mean":0.0,"Sigma":0.0,"Taucorr":null},"Iteration":68},
{"Acceptance":[0.0],"Energy":{"Mean":-1530.0,"Sigma":0.0,"Taucorr":null},"EnergyVariance":{"Mean":0.0,"Sigma":0.0,"Taucorr":null},"Iteration":69},
{"Acceptance":[0.0],"Energy":{"Mean":-1530.0,"Sigma":0.0,"Taucorr":null},"EnergyVariance":{"Mean":0.0,"Sigma":0.0,"Taucorr":null},"Iteration":70},
{"Acceptance":[9.46073793755913e-05],"Energy":{"Mean":-1530.0,"Sigma":0.0,"Taucorr":null},"EnergyVariance":{"Mean":0.0,"Sigma":0.0,"Taucorr":null},"Iteration":71},
{"Acceptance":[0.0],"Energy":{"Mean":-1530.0,"Sigma":0.0,"Taucorr":null},"EnergyVariance":{"Mean":0.0,"Sigma":0.0,"Taucorr":null},"Iteration":72},
{"Acceptance":[9.46073793755913e-05],"Energy":{"Mean":-1530.0,"Sigma":0.0,"Taucorr":null},"EnergyVariance":{"Mean":0.0,"Sigma":0.0,"Taucorr":null},"Iteration":73},
{"Acceptance":[0.0],"Energy":{"Mean":-1530.0,"Sigma":0.0,"Taucorr":null},"EnergyVariance":{"Mean":0.0,"Sigma":0.0,"Taucorr":null},"Iteration":74},
{"Acceptance":[0.0],"Energy":{"Mean":-1530.0,"Sigma":0.0,"Taucorr":null},"EnergyVariance":{"Mean":0.0,"Sigma":0.0,"Taucorr":null},"Iteration":75},
{"Acceptance":[0.0],"Energy":{"Mean":-1530.0,"Sigma":0.0,"Taucorr":null},"EnergyVariance":{"Mean":0.0,"Sigma":0.0,"Taucorr":null},"Iteration":76},
{"Acceptance":[0.0],"Energy":{"Mean":-1530.0,"Sigma":0.0,"Taucorr":null},"EnergyVariance":{"Mean":0.0,"Sigma":0.0,"Taucorr":null},"Iteration":77},
{"Acceptance":[0.0],"Energy":{"Mean":-1530.0,"Sigma":0.0,"Taucorr":null},"EnergyVariance":{"Mean":0.0,"Sigma":0.0,"Taucorr":null},"Iteration":78},
{"Acceptance":[0.0],"Energy":{"Mean":-1530.0,"Sigma":0.0,"Taucorr":null},"EnergyVariance":{"Mean":0.0,"Sigma":0.0,"Taucorr":null},"Iteration":79},
{"Acceptance":[0.0],"Energy":{"Mean":-1530.0,"Sigma":0.0,"Taucorr":null},"EnergyVariance":{"Mean":0.0,"Sigma":0.0,"Taucorr":null},"Iteration":80},
{"Acceptance":[0.0],"Energy":{"Mean":-1530.0,"Sigma":0.0,"Taucorr":null},"EnergyVariance":{"Mean":0.0,"Sigma":0.0,"Taucorr":null},"Iteration":81},
{"Acceptance":[9.46073793755913e-05],"Energy":{"Mean":-1530.1129032258063,"Sigma":0.11290322580645333,"Taucorr":1.532107773982716e-14},"EnergyVariance":{"Mean":1.5678980228928199,"Sigma":1.5551508844953406,"Taucorr":0.0},"Iteration":82},
{"Acceptance":[0.0033112582781456954],"Energy":{"Mean":-1533.2741935483875,"Sigma":0.5837580833072502,"Taucorr":0.09676950998183309},"EnergyVariance":{"Mean":35.11836628511966,"Sigma":4.349939265934261,"Taucorr":0.09676950998185108},"Iteration":83},
{"Acceptance":[0.00014191106906338694],"Energy":{"Mean":-1544.0161290322583,"Sigma":0.016129032258069737,"Taucorr":2.3092638912203256e-13},"EnergyVariance":{"Mean":0.031997918834547355,"Sigma":0.031737773152958795,"Taucorr":-2.220446049250313e-16},"Iteration":84},
{"Acceptance":[0.0],"Energy":{"Mean":-1544.0,"Sigma":0.0,"Taucorr":null},"EnergyVariance":{"Mean":0.0,"Sigma":0.0,"Taucorr":null},"Iteration":85},
{"Acceptance":[0.0],"Energy":{"Mean":-1544.0,"Sigma":0.0,"Taucorr":null},"EnergyVariance":{"Mean":0.0,"Sigma":0.0,"Taucorr":null},"Iteration":86},
{"Acceptance":[9.46073793755913e-05],"Energy":{"Mean":-1543.9032258064517,"Sigma":0.09677419354838836,"Taucorr":1.5500000000000167},"EnergyVariance":{"Mean":0.2809573361082206,"Sigma":0.271592091571297,"Taucorr":1.5499999999999994},"Iteration":87},
{"Acceptance":[0.0001892147587511826],"Energy":{"Mean":-1544.032258064516,"Sigma":0.05019041093658337,"Taucorr":0.8849418604651376},"EnergyVariance":{"Mean":0.11186264308012485,"Sigma":0.09384064510163959,"Taucorr":0.9695838649751181},"Iteration":88},
{"Acceptance":[0.0005676442762535478],"Energy":{"Mean":-1544.0645161290322,"Sigma":0.03839477649754296,"Taucorr":0.22604166666670633},"EnergyVariance":{"Mean":0.12486992715920914,"Sigma":0.07183538828572864,"Taucorr":0.2260416666666667},"Iteration":89},
{"Acceptance":[0.005676442762535478],"Energy":{"Mean":-1545.274193548387,"Sigma":0.07272983472294767,"Taucorr":-0.1482419127988927},"EnergyVariance":{"Mean":0.9248178980228928,"Sigma":0.03988410291258223,"Taucorr":-0.14824191279887483},"Iteration":90},
{"Acceptance":[4.730368968779565e-05],"Energy":{"Mean":-1546.0,"Sigma":0.0,"Taucorr":null},"EnergyVariance":{"Mean":0.0,"Sigma":0.0,"Taucorr":null},"Iteration":91},
{"Acceptance":[0.0],"Energy":{"Mean":-1546.0,"Sigma":0.0,"Taucorr":null},"EnergyVariance":{"Mean":0.0,"Sigma":0.0,"Taucorr":null},"Iteration":92},
{"Acceptance":[0.0],"Energy":{"Mean":-1546.0,"Sigma":0.0,"Taucorr":null},"EnergyVariance":{"Mean":0.0,"Sigma":0.0,"Taucorr":null},"Iteration":93},
{"Acceptance":[0.0],"Energy":{"Mean":-1546.0,"Sigma":0.0,"Taucorr":null},"EnergyVariance":{"Mean":0.0,"Sigma":0.0,"Taucorr":null},"Iteration":94},
{"Acceptance":[9.46073793755913e-05],"Energy":{"Mean":-1546.008064516129,"Sigma":0.008064516129034255,"Taucorr":2.1671553440683056e-13},"EnergyVariance":{"Mean":0.007999479708636839,"Sigma":0.007934443288241532,"Taucorr":-2.220446049250313e-16},"Iteration":95},
{"Acceptance":[0.0],"Energy":{"Mean":-1546.0,"Sigma":0.0,"Taucorr":null},"EnergyVariance":{"Mean":0.0,"Sigma":0.0,"Taucorr":null},"Iteration":96},
{"Acceptance":[0.0],"Energy":{"Mean":-1546.0,"Sigma":0.0,"Taucorr":null},"EnergyVariance":{"Mean":0.0,"Sigma":0.0,"Taucorr":null},"Iteration":97},
{"Acceptance":[0.0],"Energy":{"Mean":-1546.0,"Sigma":0.0,"Taucorr":null},"EnergyVariance":{"Mean":0.0,"Sigma":0.0,"Taucorr":null},"Iteration":98},
{"Acceptance":[0.0],"Energy":{"Mean":-1546.0,"Sigma":0.0,"Taucorr":null},"EnergyVariance":{"Mean":0.0,"Sigma":0.0,"Taucorr":null},"Iteration":99} 
]}