{"Output": [
{"Acceptance":[0.91727078891258],"Energy":{"Mean":-2490.427419354839,"Sigma":3.102855811443894,"Taucorr":0.06949745505092952},"EnergyVariance":{"Mean":1039.696344953174,"Sigma":151.20737960766326,"Taucorr":-0.023652245140028394},"Iteration":0},
{"Acceptance":[0.9137171286425018],"Energy":{"Mean":-2494.4274193548385,"Sigma":3.143887941850389,"Taucorr":0.007749729286588791},"EnergyVariance":{"Mean":1197.180215920916,"Sigma":159.42389308982564,"Taucorr":0.010835973112969355},"Iteration":1},
{"Acceptance":[0.904868514570007],"Energy":{"Mean":-2493.58870967742,"Sigma":3.227414249860288,"Taucorr":0.16198264980803412},"EnergyVariance":{"Mean":967.693743496358,"Sigma":129.48359657370017,"Taucorr":-0.042874413065843775},"Iteration":2},
{"Acceptance":[0.9009950248756219],"Energy":{"Mean":-2488.0967741935483,"Sigma":3.213623499606819,"Taucorr":-0.07750624970364967},"EnergyVariance":{"Mean":1503.2970863683663,"Sigma":258.7149346259031,"Taucorr":-0.09683305529235892},"Iteration":3},
{"Acceptance":[0.8976190476190476],"Energy":{"Mean":-2498.064516129032,"Sigma":3.6935348875181715,"Taucorr":0.15368801097594798},"EnergyVariance":{"Mean":1283.479708636837,"Sigma":164.82700191708676,"Taucorr":-0.08621543305455698},"Iteration":4},
{"Acceptance":[0.8905472636815921],"Energy":{"Mean":-2491.758064516129,"Sigma":2.951477757056429,"Taucorr":-0.011641486163115},"EnergyVariance":{"Mean":1097.0221123829347,"Sigma":129.64169416240716,"Taucorr":-0.011615878202502261},"Iteration":5},
{"Acceptance":[0.885678749111585],"Energy":{"Mean":-2497.620967741936,"Sigma":3.3690333751331414,"Taucorr":0.11330751123609728},"EnergyVariance":{"Mean":1138.1708506763787,"Sigma":160.7309073582289,"Taucorr":-0.027168393965462},"Iteration":6},
{"Acceptance":[0.8753375977256574],"Energy":{"Mean":-2496.443548387097,"Sigma":2.7988983450439378,"Taucorr":0.017260546523224507},"EnergyVariance":{"Mean":931.4081035379814,"Sigma":96.41166867328107,"Taucorr":-0.07578237364651008},"Iteration":7},
{"Acceptance":[0.8679459843638948],"Energy":{"Mean":-2498.5483870967737,"Sigma":2.4932279071829266,"Taucorr":-0.05094245052568175},"EnergyVariance":{"Mean":851.3283038501561,"Sigma":135.41142771317143,"Taucorr":0.012332662267994565},"Iteration":8},
{"Acceptance":[0.8654939587775409],"Energy":{"Mean":-2497.604838709677,"Sigma":2.3614788910545674,"Taucorr":-0.12283909130070547},"EnergyVariance":{"Mean":909.3196540062435,"Sigma":91.06219877252978,"Taucorr":-0.09937377901997657},"Iteration":9},
{"Acceptance":[0.8402629708599858],"Energy":{"Mean":-2504.306451612903,"Sigma":3.5862211983540613,"Taucorr":0.13678500495640167},"EnergyVariance":{"Mean":1242.0996357960462,"Sigma":186.39588422715985,"Taucorr":0.10012800472298011},"Iteration":10},
{"Acceptance":[0.8101990049751244],"Energy":{"Mean":-2506.6612903225805,"Sigma":3.286755524827822,"Taucorr":-0.06619154913260572},"EnergyVariance":{"Mean":1531.482049947971,"Sigma":215.8205708122203,"Taucorr":0.018495330708952706},"Iteration":11},
{"Acceptance":[0.6955223880597015],"Energy":{"Mean":-2522.588709677419,"Sigma":3.631840012994249,"Taucorr":0.25822317096322234},"EnergyVariance":{"Mean":1069.8711628511967,"Sigma":96.81036580981618,"Taucorr":-0.1452880460182408},"Iteration":12},
{"Acceptance":[0.5925373134328358],"Energy":{"Mean":-2545.9274193548395,"Sigma":3.3956446160713196,"Taucorr":0.08730843802139066},"EnergyVariance":{"Mean":1207.4060223725287,"Sigma":158.48953104578396,"Taucorr":0.0621486975312876},"Iteration":13},
{"Acceptance":[0.4934257285003554],"Energy":{"Mean":-2587.9677419354834,"Sigma":3.402595110493229,"Taucorr":0.16286728591801014},"EnergyVariance":{"Mean":1074.1602497398546,"Sigma":131.0520878502866,"Taucorr":0.009064023378081543},"Iteration":14},
{"Acceptance":[0.4230277185501066],"Energy":{"Mean":-2618.5483870967746,"Sigma":3.545677729073246,"Taucorr":0.3243808453793635},"EnergyVariance":{"Mean":937.8766909469305,"Sigma":135.3539569537722,"Taucorr":0.030612012805798727},"Iteration":15},
{"Acceptance":[0.3484363894811656],"Energy":{"Mean":-2652.709677419355,"Sigma":2.6910618875367693,"Taucorr":-0.010327043888438525},"EnergyVariance":{"Mean":909.5286160249739,"Sigma":124.41991777335369,"Taucorr":0.051151348461303425},"Iteration":16},
{"Acceptance":[0.2980099502487562],"Energy":{"Mean":-2681.6612903225805,"Sigma":3.046250744836388,"Taucorr":0.3828629354374089},"EnergyVariance":{"Mean":646.4175338189385,"Sigma":118.60558108087625,"Taucorr":-0.006226875148105104},"Iteration":17},
{"Acceptance":[0.255863539445629],"Energy":{"Mean":-2703.2096774193537,"Sigma":2.3668322136801856,"Taucorr":0.23522728219045075},"EnergyVariance":{"Mean":468.5850676378773,"Sigma":61.23645093905606,"Taucorr":0.048092637401057514},"Iteration":18},
{"Acceptance":[0.21453447050461977],"Energy":{"Mean":-2725.306451612903,"Sigma":1.695967294545867,"Taucorr":0.007649562248634445},"EnergyVariance":{"Mean":348.45447450572317,"Sigma":50.09186772827857,"Taucorr":0.06857239551466987},"Iteration":19},
{"Acceptance":[0.18372423596304194],"Energy":{"Mean":-2747.604838709678,"Sigma":1.6535549108568897,"Taucorr":0.08849506421157838},"EnergyVariance":{"Mean":285.73900884495316,"Sigma":35.39782016147705,"Taucorr":0.05800951611080474},"Iteration":20},
{"Acceptance":[0.16282871357498224],"Energy":{"Mean":-2755.064516129032,"Sigma":1.6959378943988417,"Taucorr":0.23094905356943007},"EnergyVariance":{"Mean":241.9958376690946,"Sigma":39.94154073554203,"Taucorr":0.18952017558540468},"Iteration":21},
{"Acceptance":[0.1394456289978678],"Energy":{"Mean":-2768.443548387097,"Sigma":1.762349272035034,"Taucorr":0.28504897551692265},"EnergyVariance":{"Mean":243.3113293444329,"Sigma":40.040643405517244,"Taucorr":0.058775310847456685},"Iteration":22},
{"Acceptance":[0.12359630419331911],"Energy":{"Mean":-2775.822580645162,"Sigma":1.417545278542679,"Taucorr":0.2692707801976473},"EnergyVariance":{"Mean":160.64594172736733,"Sigma":25.489695275224054,"Taucorr":0.31438779023682106},"Iteration":23},
{"Acceptance":[0.10511727078891259],"Energy":{"Mean":-2786.766129032259,"Sigma":0.9466221416251007,"Taucorr":0.009582245603516948},"EnergyVariance":{"Mean":108.14691727367328,"Sigma":16.236507177406587,"Taucorr":0.09332248467052973},"Iteration":24},
{"Acceptance":[0.09530916844349681],"Energy":{"Mean":-2790.903225806451,"Sigma":1.2475609224761868,"Taucorr":0.3882221519476272},"EnergyVariance":{"Mean":107.76482830385015,"Sigma":13.253641757509147,"Taucorr":-0.05113492782001594},"Iteration":25},
{"Acceptance":[0.08752665245202558],"Energy":{"Mean":-2797.1854838709673,"Sigma":0.8894519079167066,"Taucorr":0.13448162682353804},"EnergyVariance":{"Mean":76.6833376690947,"Sigma":8.621866225757195,"Taucorr":-0.0416079287033313},"Iteration":26},
{"Acceptance":[0.07732764747690121],"Energy":{"Mean":-2801.637096774193,"Sigma":0.9621771005413413,"Taucorr":0.34302249775872073},"EnergyVariance":{"Mean":67.53765608740895,"Sigma":8.617490582195687,"Taucorr":-0.058725285849381303},"Iteration":27},
{"Acceptance":[0.07078891257995736],"Energy":{"Mean":-2806.008064516129,"Sigma":0.9368848426906115,"Taucorr":0.3491377414216644},"EnergyVariance":{"Mean":63.57251560874089,"Sigma":11.200127306202042,"Taucorr":0.4751915339122107},"Iteration":28},
{"Acceptance":[0.06112295664534471],"Energy":{"Mean":-2808.056451612903,"Sigma":0.8036132847838476,"Taucorr":0.13771583840066715},"EnergyVariance":{"Mean":62.279071279916764,"Sigma":7.195893162795131,"Taucorr":-0.0256761260852596},"Iteration":29},
{"Acceptance":[0.052665245202558636],"Energy":{"Mean":-2812.17741935484,"Sigma":0.6841321270458758,"Taucorr":0.07308813856041096},"EnergyVariance":{"Mean":50.22658688865764,"Sigma":9.528832780273786,"Taucorr":0.30970977329229854},"Iteration":30},
{"Acceptance":[0.04953802416488984],"Energy":{"Mean":-2814.6854838709673,"Sigma":0.5021416153567206,"Taucorr":-0.06893484545251632},"EnergyVariance":{"Mean":35.97366024973985,"Sigma":5.02452973240756,"Taucorr":0.22151317510153556},"Iteration":31},
{"Acceptance":[0.040973702914001424],"Energy":{"Mean":-2817.7903225806454,"Sigma":0.6466515047337316,"Taucorr":0.3886251067463685},"EnergyVariance":{"Mean":28.939906347554636,"Sigma":5.061994564751954,"Taucorr":0.28036040380523697},"Iteration":32},
{"Acceptance":[0.04076048329779673],"Energy":{"Mean":-2819.2338709677424,"Sigma":0.5115514410735008,"Taucorr":0.09888309393869343},"EnergyVariance":{"Mean":26.872723725286157,"Sigma":6.126412158643432,"Taucorr":0.33787816996003184},"Iteration":33},
{"Acceptance":[0.03649609097370291],"Energy":{"Mean":-2819.645161290322,"Sigma":0.6939421237940784,"Taucorr":0.3615696944011133},"EnergyVariance":{"Mean":34.374089490114464,"Sigma":6.588690102352544,"Taucorr":0.08350212387357114},"Iteration":34},
{"Acceptance":[0.03475479744136461],"Energy":{"Mean":-2820.870967741936,"Sigma":0.4774302527090885,"Taucorr":0.16858110623090472},"EnergyVariance":{"Mean":20.967221644120713,"Sigma":4.432814883645759,"Taucorr":-0.00908732659442002},"Iteration":35},
{"Acceptance":[0.032693674484719264],"Energy":{"Mean":-2823.1774193548385,"Sigma":0.435672997562065,"Taucorr":0.13989233511585708},"EnergyVariance":{"Mean":18.242715920915714,"Sigma":3.194490146830727,"Taucorr":0.1819082865183257},"Iteration":36},
{"Acceptance":[0.029388770433546554],"Energy":{"Mean":-2824.403225806452,"Sigma":0.42812378551038205,"Taucorr":0.21175364247114437},"EnergyVariance":{"Mean":15.83740894901145,"Sigma":2.549213402478617,"Taucorr":0.08735943403091095},"Iteration":37},
{"Acceptance":[0.030241648898365316],"Energy":{"Mean":-2823.8225806451615,"Sigma":0.6458296269460537,"Taucorr":0.48290428532979823},"EnergyVariance":{"Mean":26.09755463059314,"Sigma":4.676966222195705,"Taucorr":0.27498226101717027},"Iteration":38},
{"Acceptance":[0.025515280739161338],"Energy":{"Mean":-2826.588709677419,"Sigma":0.35346753647394746,"Taucorr":0.03346819164931192},"EnergyVariance":{"Mean":14.4034209157128,"Sigma":4.19948199507149,"Taucorr":-0.00919863176207214},"Iteration":39},
{"Acceptance":[0.024662402274342573],"Energy":{"Mean":-2826.056451612903,"Sigma":0.40885850758304254,"Taucorr":0.26125566455255056},"EnergyVariance":{"Mean":13.504877731529659,"Sigma":2.299250692541598,"Taucorr":0.2755188868339352},"Iteration":40},
{"Acceptance":[0.0216773276474769],"Energy":{"Mean":-2827.1451612903224,"Sigma":0.3946507564454377,"Taucorr":0.02522787897807488},"EnergyVariance":{"Mean":18.236992715920916,"Sigma":3.2292058638159085,"Taucorr":-0.08531173942373721},"Iteration":41},
{"Acceptance":[0.019616204690831557],"Energy":{"Mean":-2828.6290322580653,"Sigma":0.3975514722442483,"Taucorr":0.1955064127621623},"EnergyVariance":{"Mean":13.975286160249741,"Sigma":2.3043635517299523,"Taucorr":0.010435978922767708},"Iteration":42},
{"Acceptance":[0.017555081734186212],"Energy":{"Mean":-2829.4032258064503,"Sigma":0.3199624934661875,"Taucorr":0.3450818813505506},"EnergyVariance":{"Mean":7.450312174817899,"Sigma":1.1309065006217371,"Taucorr":0.11448773254679545},"Iteration":43},
{"Acceptance":[0.018407960199004977],"Energy":{"Mean":-2828.5967741935483,"Sigma":0.5407677511334963,"Taucorr":0.48857659693126787},"EnergyVariance":{"Mean":18.192247658688864,"Sigma":4.538888817360322,"Taucorr":0.5181501543482054},"Iteration":44},
{"Acceptance":[0.020362473347547975],"Energy":{"Mean":-2829.846774193548,"Sigma":0.314881232806127,"Taucorr":0.008798263464953715},"EnergyVariance":{"Mean":11.984586368366287,"Sigma":3.0985160561793803,"Taucorr":0.046027722704243934},"Iteration":45},
{"Acceptance":[0.01552949538024165],"Energy":{"Mean":-2830.1693548387093,"Sigma":0.45766869161748414,"Taucorr":0.5710071969676702},"EnergyVariance":{"Mean":12.027770551508848,"Sigma":3.6176719552206182,"Taucorr":0.15362701531141998},"Iteration":46},
{"Acceptance":[0.01808813077469794],"Energy":{"Mean":-2829.483870967742,"Sigma":0.5686637189512694,"Taucorr":0.46900398002385546},"EnergyVariance":{"Mean":20.523933402705513,"Sigma":5.834746547647088,"Taucorr":0.4097205815994147},"Iteration":47},
{"Acceptance":[0.016808813077469793],"Energy":{"Mean":-2831.475806451613,"Sigma":0.2631883802193274,"Taucorr":0.06140218555811405},"EnergyVariance":{"Mean":7.588124349635797,"Sigma":1.597104752306832,"Taucorr":0.11385649603604442},"Iteration":48},
{"Acceptance":[0.016382373845060413],"Energy":{"Mean":-2831.290322580645,"Sigma":0.3955560898119278,"Taucorr":0.28009901720937236},"EnergyVariance":{"Mean":12.335067637877213,"Sigma":4.37902812758838,"Taucorr":0.33729513606439754},"Iteration":49} 
]}