{"Output": [
{"Acceptance":[0.8774725274725275],"Energy":{"Mean":-511.8306451612903,"Sigma":1.3259905557233405,"Taucorr":0.02096944861618888},"EnergyVariance":{"Mean":207.56002861602494,"Sigma":26.35620694897397,"Taucorr":0.013325253311980978},"Iteration":0},
{"Acceptance":[0.8613814756671899],"Energy":{"Mean":-513.8145161290321,"Sigma":1.4672943308981887,"Taucorr":-0.002453124423393238},"EnergyVariance":{"Mean":266.11882154006247,"Sigma":35.12882054413776,"Taucorr":0.06199879750263648},"Iteration":1},
{"Acceptance":[0.8474882260596547],"Energy":{"Mean":-513.0806451612902,"Sigma":1.4846158719348352,"Taucorr":0.15191097226375228},"EnergyVariance":{"Mean":207.9289802289282,"Sigma":31.74887818574295,"Taucorr":-0.018900140632608142},"Iteration":2},
{"Acceptance":[0.8111459968602825],"Energy":{"Mean":-515.8709677419354,"Sigma":1.2869209193472197,"Taucorr":-0.05696834837158948},"EnergyVariance":{"Mean":229.9027055150885,"Sigma":26.736633796404714,"Taucorr":-0.11420914701677043},"Iteration":3},
{"Acceptance":[0.8072213500784929],"Energy":{"Mean":-515.1048387096772,"Sigma":1.2586674871541188,"Taucorr":-0.07809761635273571},"EnergyVariance":{"Mean":230.93255723204993,"Sigma":31.56861815120812,"Taucorr":0.004708704211706993},"Iteration":4},
{"Acceptance":[0.7846153846153846],"Energy":{"Mean":-521.016129032258,"Sigma":1.3489310524972182,"Taucorr":-0.008730449678802044},"EnergyVariance":{"Mean":227.7900624349636,"Sigma":28.818344171067963,"Taucorr":-0.05830728897387982},"Iteration":5},
{"Acceptance":[0.7624018838304553],"Energy":{"Mean":-521.9354838709676,"Sigma":1.434453538655479,"Taucorr":0.06600721642767149},"EnergyVariance":{"Mean":223.57648283038498,"Sigma":27.70854421159784,"Taucorr":0.030446506965207898},"Iteration":6},
{"Acceptance":[0.7126373626373627],"Energy":{"Mean":-523.6693548387096,"Sigma":2.074239953326284,"Taucorr":0.4557581883885531},"EnergyVariance":{"Mean":276.8503511966701,"Sigma":42.5843679233281,"Taucorr":0.0534176154797511},"Iteration":7},
{"Acceptance":[0.6312401883830455],"Energy":{"Mean":-529.1370967741935,"Sigma":1.7200524619123803,"Taucorr":0.1705208589229078},"EnergyVariance":{"Mean":271.3602367325703,"Sigma":57.36040174520741,"Taucorr":-0.02577632064402191},"Iteration":8},
{"Acceptance":[0.5610675039246468],"Energy":{"Mean":-536.5483870967741,"Sigma":1.6664953952927966,"Taucorr":0.11558373947302925},"EnergyVariance":{"Mean":277.45733610822055,"Sigma":29.280300753967982,"Taucorr":-0.026226574766683275},"Iteration":9},
{"Acceptance":[0.4725274725274725],"Energy":{"Mean":-549.2822580645162,"Sigma":2.0265622519974453,"Taucorr":0.435385787783783},"EnergyVariance":{"Mean":270.02516909469307,"Sigma":31.121723298937006,"Taucorr":0.047659041841307204},"Iteration":10},
{"Acceptance":[0.39215070643642075],"Energy":{"Mean":-561.0806451612902,"Sigma":1.1846570154226415,"Taucorr":-0.026508422304013235},"EnergyVariance":{"Mean":182.28381893860563,"Sigma":25.049892249433125,"Taucorr":0.10949460048202919},"Iteration":11},
{"Acceptance":[0.3304552590266876],"Energy":{"Mean":-568.8629032258066,"Sigma":1.056268965578761,"Taucorr":-0.007237933236088401},"EnergyVariance":{"Mean":139.24733350676377,"Sigma":18.106185575324176,"Taucorr":0.0785104122030218},"Iteration":12},
{"Acceptance":[0.2781004709576138],"Energy":{"Mean":-581.024193548387,"Sigma":1.2878336209737804,"Taucorr":0.2963165967921527},"EnergyVariance":{"Mean":128.0881243496358,"Sigma":21.799379569089638,"Taucorr":0.2688866852896642},"Iteration":13},
{"Acceptance":[0.22660910518053376],"Energy":{"Mean":-590.266129032258,"Sigma":1.1181503233830417,"Taucorr":0.30485468684370576},"EnergyVariance":{"Mean":95.5340140478668,"Sigma":14.806187747524145,"Taucorr":-0.053815631783881046},"Iteration":14},
{"Acceptance":[0.2010204081632653],"Energy":{"Mean":-594.2580645161289,"Sigma":0.9210416519313525,"Taucorr":0.29751932682212756},"EnergyVariance":{"Mean":65.41727367325704,"Sigma":7.183427957555273,"Taucorr":0.03260393286898722},"Iteration":15},
{"Acceptance":[0.17598116169544742],"Energy":{"Mean":-598.0483870967741,"Sigma":0.9674417097023853,"Taucorr":0.239506789704651},"EnergyVariance":{"Mean":77.83636836628511,"Sigma":11.570970444528651,"Taucorr":0.15755502973113011},"Iteration":16},
{"Acceptance":[0.15714285714285714],"Energy":{"Mean":-600.3548387096774,"Sigma":0.8272715707801239,"Taucorr":0.5517253988065014},"EnergyVariance":{"Mean":40.01925078043705,"Sigma":6.699191313015766,"Taucorr":0.6034800292412514},"Iteration":17},
{"Acceptance":[0.1306122448979592],"Energy":{"Mean":-605.1209677419356,"Sigma":0.7086135721173895,"Taucorr":0.32222787887603255},"EnergyVariance":{"Mean":37.55794745057233,"Sigma":5.956716405946053,"Taucorr":0.09850011689129734},"Iteration":18},
{"Acceptance":[0.12778649921507065],"Energy":{"Mean":-605.6854838709676,"Sigma":0.6459101836276512,"Taucorr":0.32323053584209216},"EnergyVariance":{"Mean":31.16720863683664,"Sigma":3.456460602745085,"Taucorr":-0.0572304245311136},"Iteration":19},
{"Acceptance":[0.10784929356357928],"Energy":{"Mean":-609.3064516129031,"Sigma":0.6717924264006423,"Taucorr":0.3642254542214379},"EnergyVariance":{"Mean":32.115764828303845,"Sigma":12.778285841725197,"Taucorr":0.2342213298331628},"Iteration":20},
{"Acceptance":[0.10180533751962323],"Energy":{"Mean":-610.2822580645161,"Sigma":0.7251012105368622,"Taucorr":0.5874434332233143},"EnergyVariance":{"Mean":29.734846514047867,"Sigma":8.024080695505619,"Taucorr":0.25221948601629185},"Iteration":21},
{"Acceptance":[0.09529042386185244],"Energy":{"Mean":-610.9032258064516,"Sigma":0.5293378674063226,"Taucorr":0.33246148142562615},"EnergyVariance":{"Mean":20.7003121748179,"Sigma":2.9474310104330463,"Taucorr":0.09122814969126569},"Iteration":22},
{"Acceptance":[0.08720565149136578],"Energy":{"Mean":-612.7338709677418,"Sigma":0.43916702126104634,"Taucorr":0.21460314475019038},"EnergyVariance":{"Mean":16.59853017689906,"Sigma":3.5022206476477895,"Taucorr":0.26914096188883074},"Iteration":23},
{"Acceptance":[0.0804552590266876],"Energy":{"Mean":-613.0483870967743,"Sigma":0.47113158145916423,"Taucorr":0.5348443015757178},"EnergyVariance":{"Mean":13.191207075962538,"Sigma":2.0297383464372825,"Taucorr":0.15855345574365765},"Iteration":24},
{"Acceptance":[0.07739403453689168],"Energy":{"Mean":-613.3870967741937,"Sigma":0.4029192382985114,"Taucorr":0.11489161432966355},"EnergyVariance":{"Mean":16.237252861602496,"Sigma":3.130874059159132,"Taucorr":-0.005941395424387208},"Iteration":25},
{"Acceptance":[0.0727629513343799],"Energy":{"Mean":-614.5483870967744,"Sigma":0.33848558895458714,"Taucorr":0.09087314572425809},"EnergyVariance":{"Mean":11.925078043704474,"Sigma":2.6940024815064656,"Taucorr":-0.05461319855193003},"Iteration":26},
{"Acceptance":[0.06216640502354788],"Energy":{"Mean":-615.0080645161291,"Sigma":0.25518385501683866,"Taucorr":0.008290754207693762},"EnergyVariance":{"Mean":7.878967221644122,"Sigma":1.3823361121372206,"Taucorr":-0.009416228986263486},"Iteration":27},
{"Acceptance":[0.06279434850863422],"Energy":{"Mean":-615.3467741935483,"Sigma":0.282956126048058,"Taucorr":-0.053052923640009075},"EnergyVariance":{"Mean":11.016844432882417,"Sigma":2.5825906668674397,"Taucorr":0.009021829970725315},"Iteration":28},
{"Acceptance":[0.05706436420722135],"Energy":{"Mean":-615.8629032258065,"Sigma":0.287003125961165,"Taucorr":0.12399801325033522},"EnergyVariance":{"Mean":8.118301248699275,"Sigma":1.9561509173191844,"Taucorr":0.1548199315935902},"Iteration":29},
{"Acceptance":[0.05078492935635793],"Energy":{"Mean":-616.2500000000001,"Sigma":0.34156502553198487,"Taucorr":0.23090983774901896},"EnergyVariance":{"Mean":9.816532258064514,"Sigma":2.2419171113968805,"Taucorr":-0.07173829710514595},"Iteration":30},
{"Acceptance":[0.049921507064364205],"Energy":{"Mean":-615.6451612903226,"Sigma":0.4982191664744816,"Taucorr":0.47054761668486567},"EnergyVariance":{"Mean":15.728928199791884,"Sigma":3.426593475606269,"Taucorr":0.16720983606393502},"Iteration":31},
{"Acceptance":[0.05047095761381476],"Energy":{"Mean":-616.7338709677418,"Sigma":0.29556204065327263,"Taucorr":0.28724876347312045},"EnergyVariance":{"Mean":6.8243366285119675,"Sigma":1.573488933222895,"Taucorr":0.3440570524834068},"Iteration":32},
{"Acceptance":[0.04521193092621664],"Energy":{"Mean":-617.0725806451613,"Sigma":0.27973526953134226,"Taucorr":0.36192123562918277},"EnergyVariance":{"Mean":5.583441727367325,"Sigma":1.4414957696230344,"Taucorr":0.31366893915986027},"Iteration":33},
{"Acceptance":[0.04073783359497645],"Energy":{"Mean":-617.9596774193549,"Sigma":0.25874406496583996,"Taucorr":0.22852506933336436},"EnergyVariance":{"Mean":5.651599895941729,"Sigma":1.1228219831326125,"Taucorr":0.038817647699297186},"Iteration":34},
{"Acceptance":[0.03791208791208791],"Energy":{"Mean":-618.233870967742,"Sigma":0.2417831061359844,"Taucorr":0.5173227332118777},"EnergyVariance":{"Mean":3.534014047866805,"Sigma":0.7159048446989392,"Taucorr":0.5927182610787325},"Iteration":35},
{"Acceptance":[0.04607535321821036],"Energy":{"Mean":-617.4354838709679,"Sigma":0.32974569501120893,"Taucorr":0.31254781096886375},"EnergyVariance":{"Mean":8.22970863683663,"Sigma":2.0424342712644425,"Taucorr":0.07402571002598546},"Iteration":36},
{"Acceptance":[0.03281004709576138],"Energy":{"Mean":-618.2983870967743,"Sigma":0.22701290606776522,"Taucorr":0.30871902952256136},"EnergyVariance":{"Mean":3.9190296566077,"Sigma":0.8689509056361491,"Taucorr":0.19951823005810454},"Iteration":37},
{"Acceptance":[0.03241758241758242],"Energy":{"Mean":-618.6612903225806,"Sigma":0.19964632273015737,"Taucorr":0.10336972529935473},"EnergyVariance":{"Mean":4.0626951092611865,"Sigma":0.8145708898930383,"Taucorr":-0.011415003534549883},"Iteration":38},
{"Acceptance":[0.03563579277864992],"Energy":{"Mean":-618.7741935483873,"Sigma":0.14263026431893103,"Taucorr":0.3093739481656095},"EnergyVariance":{"Mean":1.5457856399583767,"Sigma":0.25650313194948976,"Taucorr":0.05351024892320233},"Iteration":39},
{"Acceptance":[0.031789638932496075],"Energy":{"Mean":-618.3467741935485,"Sigma":0.20203182284027896,"Taucorr":0.12744696415507584},"EnergyVariance":{"Mean":4.00071540062435,"Sigma":0.8010465667643624,"Taucorr":0.07279912285595991},"Iteration":40},
{"Acceptance":[0.033359497645211934],"Energy":{"Mean":-618.7177419354838,"Sigma":0.2140061850565426,"Taucorr":0.09084434985469891},"EnergyVariance":{"Mean":4.767104578563996,"Sigma":1.2328555406834905,"Taucorr":-0.03674749158401058},"Iteration":41},
{"Acceptance":[0.03249607535321821],"Energy":{"Mean":-618.274193548387,"Sigma":0.26749405548355776,"Taucorr":0.2230423167343315},"EnergyVariance":{"Mean":6.086108220603538,"Sigma":1.751057388471487,"Taucorr":0.12920760092866113},"Iteration":42},
{"Acceptance":[0.022370486656200943],"Energy":{"Mean":-619.4677419354838,"Sigma":0.15104560991539392,"Taucorr":0.19909915748540685},"EnergyVariance":{"Mean":2.007023933402706,"Sigma":0.43413850452424074,"Taucorr":0.05783135633199432},"Iteration":43},
{"Acceptance":[0.024489795918367346],"Energy":{"Mean":-619.2903225806451,"Sigma":0.1581550103034336,"Taucorr":0.18234768059081552},"EnergyVariance":{"Mean":2.254422476586889,"Sigma":0.5896036331298841,"Taucorr":0.27876082440103245},"Iteration":44},
{"Acceptance":[0.021585557299843013],"Energy":{"Mean":-619.2983870967741,"Sigma":0.2588278361549319,"Taucorr":0.3963438273788471},"EnergyVariance":{"Mean":4.59644901144641,"Sigma":1.832870213905545,"Taucorr":0.02509769956210084},"Iteration":45},
{"Acceptance":[0.021350078492935635],"Energy":{"Mean":-619.508064516129,"Sigma":0.17562632579675516,"Taucorr":0.3810040172773067},"EnergyVariance":{"Mean":2.1531607700312176,"Sigma":0.528734086606105,"Taucorr":-0.014454272316366479},"Iteration":46},
{"Acceptance":[0.024411302982731555],"Energy":{"Mean":-619.3629032258063,"Sigma":0.2162232983320473,"Taucorr":0.1795416468129012},"EnergyVariance":{"Mean":4.2312044745057245,"Sigma":1.3414609127206283,"Taucorr":-0.0265102691664037},"Iteration":47},
{"Acceptance":[0.02456828885400314],"Energy":{"Mean":-619.3467741935484,"Sigma":0.24964421440172008,"Taucorr":0.6367667766140033},"EnergyVariance":{"Mean":3.3716831425598337,"Sigma":1.3617888585979228,"Taucorr":0.4872964189113479},"Iteration":48},
{"Acceptance":[0.022762951334379906],"Energy":{"Mean":-619.8870967741937,"Sigma":0.12423892482033917,"Taucorr":0.4025476131585639},"EnergyVariance":{"Mean":1.0517689906347558,"Sigma":0.2125405184010854,"Taucorr":0.13647489562259796},"Iteration":49} 
]}