{"Output": [
{"Acceptance":[0.9991596638655462],"Energy":{"Mean":-0.44430292573927754,"Sigma":0.20767481284476025,"Taucorr":0.05037006344340189},"EnergyVariance":{"Mean":4.819344458247946,"Sigma":0.4929830474797087,"Taucorr":-0.1271404473154355},"Iteration":0},
{"Acceptance":[1.0],"Energy":{"Mean":0.15662931245726897,"Sigma":0.1780729038862179,"Taucorr":-0.03663399407599488},"EnergyVariance":{"Mean":4.208686998233868,"Sigma":0.49560037524174405,"Taucorr":0.013702354985321796},"Iteration":1},
{"Acceptance":[1.0],"Energy":{"Mean":0.06553861118233957,"Sigma":0.2520231701016822,"Taucorr":0.1592350075249559},"EnergyVariance":{"Mean":5.925374364073597,"Sigma":0.6759197802023381,"Taucorr":0.08316974425437273},"Iteration":2},
{"Acceptance":[1.0],"Energy":{"Mean":0.1932440932825126,"Sigma":0.24594683439423887,"Taucorr":0.04585666616550699},"EnergyVariance":{"Mean":6.815205748183875,"Sigma":0.7385260382894231,"Taucorr":-0.07728746440713874},"Iteration":3},
{"Acceptance":[1.0],"Energy":{"Mean":0.167272997564435,"Sigma":0.19026985663366072,"Taucorr":-0.09646006513892807},"EnergyVariance":{"Mean":5.5173251412781,"Sigma":0.5914485816428113,"Taucorr":0.0037009286874808422},"Iteration":4},
{"Acceptance":[1.0],"Energy":{"Mean":0.1719378438418688,"Sigma":0.27051549653681184,"Taucorr":0.1482271578204266},"EnergyVariance":{"Mean":6.942760617937641,"Sigma":0.7800597227910733,"Taucorr":0.007263855329265101},"Iteration":5},
{"Acceptance":[0.9995798319327731],"Energy":{"Mean":0.08166330747853195,"Sigma":0.22612496029231766,"Taucorr":-0.03351909033899958},"EnergyVariance":{"Mean":6.7412160742402225,"Sigma":0.6290359641987944,"Taucorr":-0.04669841113479284},"Iteration":6},
{"Acceptance":[1.0],"Energy":{"Mean":-0.27620931406638577,"Sigma":0.22554192193190972,"Taucorr":0.017590653649866228},"EnergyVariance":{"Mean":6.044261480934293,"Sigma":0.6992904149874346,"Taucorr":-0.10047311995288183},"Iteration":7},
{"Acceptance":[1.0],"Energy":{"Mean":-0.17274557718073516,"Sigma":0.22479457487969798,"Taucorr":0.05065406649258508},"EnergyVariance":{"Mean":5.64375193823346,"Sigma":0.6346959523478954,"Taucorr":-0.06676283269208105},"Iteration":8},
{"Acceptance":[1.0],"Energy":{"Mean":-0.21569874036933592,"Sigma":0.18688039667906187,"Taucorr":-0.0724586706503122},"EnergyVariance":{"Mean":5.023709373399702,"Sigma":0.7159535224514432,"Taucorr":0.04675026065542265},"Iteration":9},
{"Acceptance":[1.0],"Energy":{"Mean":-0.1965351489170404,"Sigma":0.2190470510347205,"Taucorr":0.0319827151665677},"EnergyVariance":{"Mean":5.546926555587467,"Sigma":0.6393454485321493,"Taucorr":-0.0736880781208345},"Iteration":10},
{"Acceptance":[0.9995798319327731],"Energy":{"Mean":0.26910278981362695,"Sigma":0.21413623338205484,"Taucorr":0.08741000735094318},"EnergyVariance":{"Mean":4.800805299881454,"Sigma":0.6306114529507247,"Taucorr":0.06845241339310637},"Iteration":11},
{"Acceptance":[1.0],"Energy":{"Mean":-0.09958098736456614,"Sigma":0.19948847724190605,"Taucorr":-0.0837449229498588},"EnergyVariance":{"Mean":5.879646320016651,"Sigma":0.9580646946343335,"Taucorr":0.25317849867816467},"Iteration":12},
{"Acceptance":[0.9995798319327731],"Energy":{"Mean":-0.09452111085856732,"Sigma":0.19650078243942865,"Taucorr":-0.0032257016753862167},"EnergyVariance":{"Mean":4.7801834640320076,"Sigma":0.6699835476283601,"Taucorr":0.3179717939757861},"Iteration":13},
{"Acceptance":[0.9995798319327731],"Energy":{"Mean":-0.36632865668423176,"Sigma":0.21617586362273072,"Taucorr":0.0825175025992334},"EnergyVariance":{"Mean":4.933788656954496,"Sigma":0.5925360794396701,"Taucorr":0.03797696490479219},"Iteration":14},
{"Acceptance":[1.0],"Energy":{"Mean":-0.034914694663886345,"Sigma":0.20233294198849477,"Taucorr":-0.0020536945035048992},"EnergyVariance":{"Mean":5.05621804229146,"Sigma":0.5842650813620697,"Taucorr":-0.07651059257415344},"Iteration":15},
{"Acceptance":[0.9995798319327731],"Energy":{"Mean":0.01830365208264441,"Sigma":0.1890223498349919,"Taucorr":-0.13271687502979818},"EnergyVariance":{"Mean":5.982744504018559,"Sigma":0.711535173297144,"Taucorr":0.08188212873638934},"Iteration":16},
{"Acceptance":[1.0],"Energy":{"Mean":0.09491534397047927,"Sigma":0.19023344242904203,"Taucorr":-0.11733028654522892},"EnergyVariance":{"Mean":5.81600482812935,"Sigma":0.6460455100893214,"Taucorr":-0.06011406979453299},"Iteration":17},
{"Acceptance":[0.9995798319327731],"Energy":{"Mean":-0.14325936791609611,"Sigma":0.2516997589238531,"Taucorr":0.08668326406118732},"EnergyVariance":{"Mean":6.641054057912734,"Sigma":0.6169488571364004,"Taucorr":-0.1223092840138364},"Iteration":18},
{"Acceptance":[0.9995798319327731],"Energy":{"Mean":0.024710940828888642,"Sigma":0.19354684827793261,"Taucorr":-0.05838476791466646},"EnergyVariance":{"Mean":5.216789084783148,"Sigma":0.5797170271572416,"Taucorr":-0.0697015498367195},"Iteration":19},
{"Acceptance":[1.0],"Energy":{"Mean":0.2653979878526704,"Sigma":0.2279314395334504,"Taucorr":0.012452775371902924},"EnergyVariance":{"Mean":6.234903454353165,"Sigma":0.6970484346564857,"Taucorr":-0.10506682240351689},"Iteration":20},
{"Acceptance":[1.0],"Energy":{"Mean":0.09899377114429805,"Sigma":0.21344988115649877,"Taucorr":0.05483168342649103},"EnergyVariance":{"Mean":5.050166505069864,"Sigma":0.6666399470615023,"Taucorr":-0.09754888732844125},"Iteration":21},
{"Acceptance":[1.0],"Energy":{"Mean":0.1575696596545513,"Sigma":0.21734564215002855,"Taucorr":0.03738801386286328},"EnergyVariance":{"Mean":5.406161482939756,"Sigma":0.7610360724263644,"Taucorr":0.03039518367337668},"Iteration":22},
{"Acceptance":[1.0],"Energy":{"Mean":-0.6206347498654939,"Sigma":0.2339727736313362,"Taucorr":-0.0030969807485152767},"EnergyVariance":{"Mean":6.775387320682857,"Sigma":0.8295186847501993,"Taucorr":-0.01342486003879284},"Iteration":23},
{"Acceptance":[1.0],"Energy":{"Mean":-0.3359211349816846,"Sigma":0.2677705895731989,"Taucorr":0.24312984005165483},"EnergyVariance":{"Mean":5.933844550067814,"Sigma":0.7387378078329593,"Taucorr":0.003211575034174241},"Iteration":24},
{"Acceptance":[1.0],"Energy":{"Mean":-0.2853245283697633,"Sigma":0.22234385701543122,"Taucorr":0.037152841923375424},"EnergyVariance":{"Mean":5.660144364855404,"Sigma":0.5138386168720893,"Taucorr":-0.10814134264465075},"Iteration":25},
{"Acceptance":[0.9995798319327731],"Energy":{"Mean":-0.3685987035150582,"Sigma":0.20703113825886058,"Taucorr":-0.08770612299031172},"EnergyVariance":{"Mean":6.39351326281463,"Sigma":0.6898523648857943,"Taucorr":-0.062417203590139414},"Iteration":26},
{"Acceptance":[1.0],"Energy":{"Mean":-0.16955349222362318,"Sigma":0.22581175669087009,"Taucorr":0.10501838518633222},"EnergyVariance":{"Mean":5.1832199955591864,"Sigma":0.6725739193379646,"Taucorr":-0.044461104802482054},"Iteration":27},
{"Acceptance":[1.0],"Energy":{"Mean":0.06426371973716638,"Sigma":0.1802632498741433,"Taucorr":-0.03507454879378458},"EnergyVariance":{"Mean":4.298393665068803,"Sigma":0.5567568041460882,"Taucorr":-0.07138676775916131},"Iteration":28},
{"Acceptance":[0.9995798319327731],"Energy":{"Mean":0.10378065050353877,"Sigma":0.24897443645759015,"Taucorr":0.1830379460465198},"EnergyVariance":{"Mean":5.581356976786316,"Sigma":0.6995341739839382,"Taucorr":0.09857649531860269},"Iteration":29},
{"Acceptance":[1.0],"Energy":{"Mean":-0.25071602581129443,"Sigma":0.2013375813012458,"Taucorr":0.018661847128212727},"EnergyVariance":{"Mean":4.8066279502225076,"Sigma":0.6332234678023786,"Taucorr":0.13297181827431404},"Iteration":30},
{"Acceptance":[1.0],"Energy":{"Mean":0.19097197192949078,"Sigma":0.20325010989619186,"Taucorr":-0.01986627512141398},"EnergyVariance":{"Mean":5.291447381186399,"Sigma":0.5817591523061365,"Taucorr":-0.02798312794789004},"Iteration":31},
{"Acceptance":[1.0],"Energy":{"Mean":-0.18901968816443715,"Sigma":0.1720929513595711,"Taucorr":-0.17613574035947754},"EnergyVariance":{"Mean":5.623908647227709,"Sigma":0.6479759671224397,"Taucorr":-0.008346431204062088},"Iteration":32},
{"Acceptance":[1.0],"Energy":{"Mean":0.05013007731771755,"Sigma":0.2006064364740544,"Taucorr":-0.13788270085891535},"EnergyVariance":{"Mean":6.834638833029334,"Sigma":0.849802667245354,"Taucorr":-0.01497253134323534},"Iteration":33},
{"Acceptance":[0.9995798319327731],"Energy":{"Mean":-0.21237102264009422,"Sigma":0.19893798689713632,"Taucorr":0.003237946353126797},"EnergyVariance":{"Mean":4.836566597224006,"Sigma":0.5570421376182545,"Taucorr":-0.04401722563868138},"Iteration":34},
{"Acceptance":[1.0],"Energy":{"Mean":-0.29226630596587616,"Sigma":0.1910394783244944,"Taucorr":-0.10402739130774613},"EnergyVariance":{"Mean":5.668344251235447,"Sigma":0.6710593085768279,"Taucorr":-0.019391219936330584},"Iteration":35},
{"Acceptance":[1.0],"Energy":{"Mean":0.11250821914527549,"Sigma":0.16670792636513093,"Taucorr":-0.16543232879585973},"EnergyVariance":{"Mean":5.108620494310349,"Sigma":0.6949998022720076,"Taucorr":0.16672622823914796},"Iteration":36},
{"Acceptance":[1.0],"Energy":{"Mean":0.05773553590628605,"Sigma":0.24339501436435737,"Taucorr":0.13164188793145526},"EnergyVariance":{"Mean":5.76803050934939,"Sigma":0.7120925893838943,"Taucorr":-0.03190996877497193},"Iteration":37},
{"Acceptance":[0.9995798319327731],"Energy":{"Mean":0.08695907695398748,"Sigma":0.1938187698049076,"Taucorr":-0.04672567342203632},"EnergyVariance":{"Mean":5.096894682864693,"Sigma":0.5870775229645306,"Taucorr":-0.1249374906582566},"Iteration":38},
{"Acceptance":[1.0],"Energy":{"Mean":-0.3531049102413739,"Sigma":0.2220910003987182,"Taucorr":0.02806503728643006},"EnergyVariance":{"Mean":5.744465457818173,"Sigma":0.6482828109004088,"Taucorr":-0.010154168749409609},"Iteration":39},
{"Acceptance":[1.0],"Energy":{"Mean":0.08740252411616871,"Sigma":0.23328759296219334,"Taucorr":0.2571790436521385},"EnergyVariance":{"Mean":4.42038212944581,"Sigma":0.4123754762853955,"Taucorr":-0.10439106719550889},"Iteration":40},
{"Acceptance":[0.9995798319327731],"Energy":{"Mean":-0.13679639216376618,"Sigma":0.1951567493109968,"Taucorr":-0.10373000869970073},"EnergyVariance":{"Mean":5.91086555813796,"Sigma":0.5636912368833054,"Taucorr":-0.12283163814242476},"Iteration":41},
{"Acceptance":[0.9995798319327731],"Energy":{"Mean":-0.143399719379166,"Sigma":0.19034358228391357,"Taucorr":-0.07679595723352423},"EnergyVariance":{"Mean":5.265041334222087,"Sigma":0.6593493739569519,"Taucorr":0.03542485433415765},"Iteration":42},
{"Acceptance":[0.9995798319327731],"Energy":{"Mean":-0.05869315937764581,"Sigma":0.21291062219905235,"Taucorr":-0.02036703680607782},"EnergyVariance":{"Mean":5.812470360073793,"Sigma":0.6289824820698314,"Taucorr":-0.029935039545356534},"Iteration":43},
{"Acceptance":[1.0],"Energy":{"Mean":0.13304872639782622,"Sigma":0.21637726046352934,"Taucorr":0.028831192983513},"EnergyVariance":{"Mean":5.444791924557373,"Sigma":0.5853531052205884,"Taucorr":-0.007940711065338224},"Iteration":44},
{"Acceptance":[1.0],"Energy":{"Mean":-0.04919193416838408,"Sigma":0.25146571816612046,"Taucorr":0.15522357809755893},"EnergyVariance":{"Mean":5.935306795855758,"Sigma":0.5668721057910489,"Taucorr":-0.03157614449356616},"Iteration":45},
{"Acceptance":[1.0],"Energy":{"Mean":0.0013404223897749284,"Sigma":0.1819592355716759,"Taucorr":-0.12772857995707254},"EnergyVariance":{"Mean":5.469701513668876,"Sigma":0.6498093763097791,"Taucorr":-0.03007876736048881},"Iteration":46},
{"Acceptance":[0.9995798319327731],"Energy":{"Mean":0.06070782521503505,"Sigma":0.28870045094704244,"Taucorr":0.41727983026769155},"EnergyVariance":{"Mean":5.588151814796992,"Sigma":0.7375214312731637,"Taucorr":0.018401783191432708},"Iteration":47},
{"Acceptance":[0.9995798319327731],"Energy":{"Mean":-0.38579286985533795,"Sigma":0.21716767548350882,"Taucorr":-0.03581179636306531},"EnergyVariance":{"Mean":6.248436803610787,"Sigma":0.5900896809253426,"Taucorr":-0.05033207020219088},"Iteration":48},
{"Acceptance":[1.0],"Energy":{"Mean":0.10208695761504599,"Sigma":0.2256607978213261,"Taucorr":0.03408850591395163},"EnergyVariance":{"Mean":5.863732132846245,"Sigma":0.6577995801528199,"Taucorr":-0.016638506825382426},"Iteration":49} 
]}