{"Output": [
{"Acceptance":[0.9187250996015937],"Energy":{"Mean":-3906.3548387096776,"Sigma":4.371673454119764,"Taucorr":0.10531067977944453},"EnergyVariance":{"Mean":1941.7450572320502,"Sigma":290.22410123790286,"Taucorr":-0.02369067143858289},"Iteration":0},
{"Acceptance":[0.9164200341491178],"Energy":{"Mean":-3902.7096774193546,"Sigma":4.846641348616872,"Taucorr":0.14846012990780022},"EnergyVariance":{"Mean":2227.786680541103,"Sigma":323.1921984940213,"Taucorr":0.003644291572232339},"Iteration":1},
{"Acceptance":[0.9119237336368811],"Energy":{"Mean":-3896.3467741935488,"Sigma":4.092638247534483,"Taucorr":0.02554669338468596},"EnergyVariance":{"Mean":1960.0652315296566,"Sigma":282.23465829823704,"Taucorr":-0.03224341155685856},"Iteration":2},
{"Acceptance":[0.9076266363118953],"Energy":{"Mean":-3895.782258064516,"Sigma":4.517926389650039,"Taucorr":0.10902165903812822},"EnergyVariance":{"Mean":2061.202588449532,"Sigma":361.43489638067257,"Taucorr":0.06762858002028904},"Iteration":3},
{"Acceptance":[0.9044393853158793],"Energy":{"Mean":-3905.7741935483878,"Sigma":4.336010672679445,"Taucorr":0.03620344542294107},"EnergyVariance":{"Mean":2156.384495317378,"Sigma":299.3701817778269,"Taucorr":-0.06444612283763357},"Iteration":4},
{"Acceptance":[0.8994308480364257],"Energy":{"Mean":-3908.1048387096776,"Sigma":3.7402880364895763,"Taucorr":0.08069299966117238},"EnergyVariance":{"Mean":1481.6261056191468,"Sigma":218.77854565197336,"Taucorr":0.28989746748869416},"Iteration":5},
{"Acceptance":[0.8929709732498577],"Energy":{"Mean":-3899.4112903225805,"Sigma":4.388302332777115,"Taucorr":0.20013811624179367},"EnergyVariance":{"Mean":1691.5485822060355,"Sigma":215.9595822899663,"Taucorr":-0.0014691459379408411},"Iteration":6},
{"Acceptance":[0.8937677859988616],"Energy":{"Mean":-3906.9758064516122,"Sigma":4.566435441305564,"Taucorr":0.1549717501532185},"EnergyVariance":{"Mean":1957.9752211238297,"Sigma":220.97185480361344,"Taucorr":-0.0017964397211112093},"Iteration":7},
{"Acceptance":[0.8892999430848036],"Energy":{"Mean":-3907.8145161290327,"Sigma":3.5484164221662056,"Taucorr":-0.0015646677380870555},"EnergyVariance":{"Mean":1553.5865634755464,"Sigma":186.71839154068718,"Taucorr":-0.09064765530886498},"Iteration":8},
{"Acceptance":[0.8875924871940808],"Energy":{"Mean":-3903.2983870967737,"Sigma":4.853227771881065,"Taucorr":0.1661479172366005},"EnergyVariance":{"Mean":2174.531932882414,"Sigma":319.0667148691797,"Taucorr":-0.013132776893420073},"Iteration":9},
{"Acceptance":[0.8805065452475811],"Energy":{"Mean":-3911.1290322580653,"Sigma":4.914728125687915,"Taucorr":0.19050794818954675},"EnergyVariance":{"Mean":2151.3220603537984,"Sigma":357.56401638348507,"Taucorr":0.23531104675134928},"Iteration":10},
{"Acceptance":[0.8752134319863404],"Energy":{"Mean":-3916.556451612903,"Sigma":4.27338144039787,"Taucorr":0.10733894635567953},"EnergyVariance":{"Mean":1849.2145551508847,"Sigma":221.99610452347113,"Taucorr":-0.03123665514059132},"Iteration":11},
{"Acceptance":[0.8724815025611838],"Energy":{"Mean":-3908.354838709678,"Sigma":3.167135806933919,"Taucorr":-0.12200747527449646},"EnergyVariance":{"Mean":1632.0192507804368,"Sigma":188.45544523374593,"Taucorr":-0.07442191880633842},"Iteration":12},
{"Acceptance":[0.8686397268070575],"Energy":{"Mean":-3911.41935483871,"Sigma":4.045247893981266,"Taucorr":0.15330637395714497},"EnergyVariance":{"Mean":1540.4531737773154,"Sigma":214.7478513809404,"Taucorr":-0.005599769831432677},"Iteration":13},
{"Acceptance":[0.8589356858281161],"Energy":{"Mean":-3918.298387096774,"Sigma":4.006067631764868,"Taucorr":-0.011384425889300775},"EnergyVariance":{"Mean":2019.967416753382,"Sigma":302.2749491233864,"Taucorr":0.03305030655756214},"Iteration":14},
{"Acceptance":[0.8518782014797951],"Energy":{"Mean":-3912.8306451612902,"Sigma":3.92812417777468,"Taucorr":-0.008090436524658962},"EnergyVariance":{"Mean":1929.1245447450565,"Sigma":251.2426900991301,"Taucorr":0.06891382384945699},"Iteration":15},
{"Acceptance":[0.8381047239612976],"Energy":{"Mean":-3914.725806451613,"Sigma":4.283585744812392,"Taucorr":0.07534599300672762},"EnergyVariance":{"Mean":1961.3764308012492,"Sigma":259.62973488736327,"Taucorr":-0.01900184380132669},"Iteration":16},
{"Acceptance":[0.8185543540125213],"Energy":{"Mean":-3918.1935483870966,"Sigma":4.764320654692383,"Taucorr":0.18740566959821714},"EnergyVariance":{"Mean":2030.7851196670133,"Sigma":256.96866297238864,"Taucorr":0.0034237593892880724},"Iteration":17},
{"Acceptance":[0.7770631758679567],"Energy":{"Mean":-3931.2016129032254,"Sigma":4.343166356393263,"Taucorr":0.1146699524150474},"EnergyVariance":{"Mean":1887.3222554630593,"Sigma":255.37599656869907,"Taucorr":0.006157688647417836},"Iteration":18},
{"Acceptance":[0.6922310756972112],"Energy":{"Mean":-3948.685483870968,"Sigma":4.855228970132148,"Taucorr":0.282012432744311},"EnergyVariance":{"Mean":1853.8768860561913,"Sigma":254.3630753907021,"Taucorr":0.0675541080762444},"Iteration":19},
{"Acceptance":[0.6186681844052362],"Energy":{"Mean":-3974.0080645161293,"Sigma":4.887284410323187,"Taucorr":0.10582775132938382},"EnergyVariance":{"Mean":2424.7176768990635,"Sigma":309.4909192489997,"Taucorr":0.004010917169510297},"Iteration":20},
{"Acceptance":[0.5092487194080819],"Energy":{"Mean":-4029.3467741935483,"Sigma":3.707549646912617,"Taucorr":0.03125600415212948},"EnergyVariance":{"Mean":1591.274908949012,"Sigma":184.81583947932887,"Taucorr":0.0064532670098474965},"Iteration":21},
{"Acceptance":[0.41935116676152534],"Energy":{"Mean":-4080.225806451613,"Sigma":4.701983607363236,"Taucorr":0.3485793535777698},"EnergyVariance":{"Mean":1602.3038501560873,"Sigma":288.12888190063467,"Taucorr":0.0852238802442914},"Iteration":22},
{"Acceptance":[0.3440239043824701],"Energy":{"Mean":-4136.57258064516,"Sigma":3.258367919440486,"Taucorr":-0.02292835538464738},"EnergyVariance":{"Mean":1368.6479578563997,"Sigma":240.0777165326383,"Taucorr":0.24718224307356818},"Iteration":23},
{"Acceptance":[0.29783722253841777],"Energy":{"Mean":-4173.814516129032,"Sigma":3.603537086697795,"Taucorr":0.16871126364208644},"EnergyVariance":{"Mean":1194.2478537981267,"Sigma":126.91027055288536,"Taucorr":-0.07510933866451958},"Iteration":24},
{"Acceptance":[0.2564314171883893],"Energy":{"Mean":-4211.040322580645,"Sigma":3.2123145269707662,"Taucorr":0.2963466280832705},"EnergyVariance":{"Mean":796.9096644120707,"Sigma":106.07376252094352,"Taucorr":0.024239623254646014},"Iteration":25},
{"Acceptance":[0.2160216277746158],"Energy":{"Mean":-4246.9516129032245,"Sigma":2.7199338660830596,"Taucorr":0.2904957872703823},"EnergyVariance":{"Mean":575.5621748178979,"Sigma":75.36254829455362,"Taucorr":0.08473505857013175},"Iteration":26},
{"Acceptance":[0.17501422879908934],"Energy":{"Mean":-4277.645161290323,"Sigma":2.4835419067047275,"Taucorr":0.2730707924392971},"EnergyVariance":{"Mean":490.6805411030177,"Sigma":57.40636573000883,"Taucorr":-0.06771148386239129},"Iteration":27},
{"Acceptance":[0.15731360273192943],"Energy":{"Mean":-4289.201612903226,"Sigma":2.203230135860585,"Taucorr":0.22479801982291991},"EnergyVariance":{"Mean":411.8867715920915,"Sigma":59.4350551529563,"Taucorr":0.08224366043293263},"Iteration":28},
{"Acceptance":[0.1388161639157655],"Energy":{"Mean":-4310.822580645161,"Sigma":1.844717594596931,"Taucorr":0.21767364310865145},"EnergyVariance":{"Mean":291.61368366285114,"Sigma":34.395142138591844,"Taucorr":-0.04944803258697694},"Iteration":29},
{"Acceptance":[0.10389869095048378],"Energy":{"Mean":-4333.862903225809,"Sigma":1.4449038509179217,"Taucorr":0.323195897996978},"EnergyVariance":{"Mean":155.9731399583767,"Sigma":22.00709495751255,"Taucorr":0.032584072993066315},"Iteration":30},
{"Acceptance":[0.09652817302219692],"Energy":{"Mean":-4338.685483870968,"Sigma":1.8095834986074018,"Taucorr":0.25469922883312857},"EnergyVariance":{"Mean":266.8446279916753,"Sigma":38.17692709251744,"Taucorr":0.0692518770576892},"Iteration":31},
{"Acceptance":[0.07805919180421172],"Energy":{"Mean":-4350.169354838709,"Sigma":1.4431143096985697,"Taucorr":0.21361178399631153},"EnergyVariance":{"Mean":179.4793834547347,"Sigma":21.657832818290625,"Taucorr":0.07255854357412506},"Iteration":32},
{"Acceptance":[0.07088787706317587],"Energy":{"Mean":-4360.080645161291,"Sigma":1.0416970165540471,"Taucorr":0.055563225634592484},"EnergyVariance":{"Mean":120.12252861602497,"Sigma":15.77011480604754,"Taucorr":0.08720852299446791},"Iteration":33},
{"Acceptance":[0.059903244166192374],"Energy":{"Mean":-4365.92741935484,"Sigma":1.1128642661094235,"Taucorr":0.22985280471246938},"EnergyVariance":{"Mean":104.3576352757544,"Sigma":30.766900118535233,"Taucorr":0.016287670767112905},"Iteration":34},
{"Acceptance":[0.05461013090495162],"Energy":{"Mean":-4371.435483870969,"Sigma":0.9669239374417122,"Taucorr":0.2634929860134796},"EnergyVariance":{"Mean":75.31035379812695,"Sigma":26.19592413637557,"Taucorr":0.1248938426559617},"Iteration":35},
{"Acceptance":[0.04891861126920888],"Energy":{"Mean":-4374.298387096775,"Sigma":0.9036529328023151,"Taucorr":0.22142422710802057},"EnergyVariance":{"Mean":69.6125780437045,"Sigma":10.496679748903682,"Taucorr":-0.09012527939091325},"Iteration":36},
{"Acceptance":[0.047040409789413776],"Energy":{"Mean":-4376.129032258064,"Sigma":0.7879187713767686,"Taucorr":0.2930308048933232},"EnergyVariance":{"Mean":48.14464099895942,"Sigma":5.522916544283031,"Taucorr":-0.04403457914629971},"Iteration":37},
{"Acceptance":[0.04462151394422311],"Energy":{"Mean":-4379.475806451614,"Sigma":0.6687489160587667,"Taucorr":0.247445312237629},"EnergyVariance":{"Mean":36.79780176899064,"Sigma":8.048411708468155,"Taucorr":0.304025439982911},"Iteration":38},
{"Acceptance":[0.04035287421741605],"Energy":{"Mean":-4381.9435483870975,"Sigma":0.6675776380908571,"Taucorr":0.15856668463783052},"EnergyVariance":{"Mean":41.617780957336116,"Sigma":6.090794200942956,"Taucorr":0.20079840599113263},"Iteration":39},
{"Acceptance":[0.03628343767785999],"Energy":{"Mean":-4383.725806451614,"Sigma":0.8175950537213563,"Taucorr":0.33286348232593943},"EnergyVariance":{"Mean":49.360301768990645,"Sigma":8.898566389336725,"Taucorr":0.07675116967951223},"Iteration":40},
{"Acceptance":[0.03429140580535003],"Energy":{"Mean":-4386.298387096774,"Sigma":0.7162119733040828,"Taucorr":0.1291179167525871},"EnergyVariance":{"Mean":50.14483610822061,"Sigma":8.896867942686413,"Taucorr":-0.003415071662855984},"Iteration":41},
{"Acceptance":[0.03349459305634604],"Energy":{"Mean":-4387.629032258063,"Sigma":0.9989154715591188,"Taucorr":0.5388443364028395},"EnergyVariance":{"Mean":59.07206035379812,"Sigma":13.723274111680132,"Taucorr":0.3849714149852185},"Iteration":42},
{"Acceptance":[0.031787137165623224],"Energy":{"Mean":-4391.040322580644,"Sigma":0.7444324508984893,"Taucorr":0.2589023519581104},"EnergyVariance":{"Mean":44.90966441207076,"Sigma":7.807496079494227,"Taucorr":0.015062751096217797},"Iteration":43},
{"Acceptance":[0.027973819009675584],"Energy":{"Mean":-4391.717741935483,"Sigma":0.7562234564331237,"Taucorr":0.5351258644748489},"EnergyVariance":{"Mean":33.976781997918835,"Sigma":5.84997262878601,"Taucorr":0.12110545384662208},"Iteration":44},
{"Acceptance":[0.025156516789982927],"Energy":{"Mean":-4395.112903225808,"Sigma":0.6439168104869131,"Taucorr":0.19062255603078593},"EnergyVariance":{"Mean":36.92273673257026,"Sigma":4.19470452686738,"Taucorr":-0.0864120165416627},"Iteration":45},
{"Acceptance":[0.022481502561183836],"Energy":{"Mean":-4395.322580645161,"Sigma":0.8575403646090155,"Taucorr":0.3818820637948259},"EnergyVariance":{"Mean":51.283038501560874,"Sigma":14.960267031168405,"Taucorr":0.39355615380405773},"Iteration":46},
{"Acceptance":[0.0201195219123506],"Energy":{"Mean":-4398.7661290322585,"Sigma":0.46705084280792863,"Taucorr":0.2321080371244465},"EnergyVariance":{"Mean":18.324336628511965,"Sigma":2.9039770529908746,"Taucorr":0.04260944375911946},"Iteration":47},
{"Acceptance":[0.016676152532726238],"Energy":{"Mean":-4399.137096774194,"Sigma":0.5428962936964373,"Taucorr":0.2018082194540206},"EnergyVariance":{"Mean":25.827978668054108,"Sigma":5.106091195112637,"Taucorr":-0.028440183216985437},"Iteration":48},
{"Acceptance":[0.01789982925441093],"Energy":{"Mean":-4398.943548387097,"Sigma":0.672991803363972,"Taucorr":0.504463316189306},"EnergyVariance":{"Mean":27.730684183142557,"Sigma":6.190890095891495,"Taucorr":0.28035234106756013},"Iteration":49} 
]}