{"Output": [
{"Acceptance":[0.7564044784956213],"Energy":{"Mean":-2528.972782258065,"Sigma":1.263707388310971,"Taucorr":0.2193323463183483},"EnergyVariance":{"Mean":1100.0365575816209,"Sigma":55.39541349478846,"Taucorr":0.08088495285743835},"Iteration":0},
{"Acceptance":[0.6207992011523201],"Energy":{"Mean":-2573.108870967742,"Sigma":1.8583291543254723,"Taucorr":0.6915154328150424},"EnergyVariance":{"Mean":1436.1151632414155,"Sigma":69.04867745805005,"Taucorr":0.12501065470549044},"Iteration":1},
{"Acceptance":[0.4685851382519021],"Energy":{"Mean":-2640.67439516129,"Sigma":1.1795323517338683,"Taucorr":0.15028893905191842},"EnergyVariance":{"Mean":1060.124828263202,"Sigma":49.29322630117139,"Taucorr":0.05881410132928655},"Iteration":2},
{"Acceptance":[0.3607760487085001],"Energy":{"Mean":-2706.085685483871,"Sigma":1.1204291924967273,"Taucorr":0.18505558928157062},"EnergyVariance":{"Mean":908.001730578499,"Sigma":39.03993941087267,"Taucorr":-0.01937203306561347},"Iteration":3},
{"Acceptance":[0.2836616208478036],"Energy":{"Mean":-2754.8004032258063,"Sigma":0.8617256797462061,"Taucorr":0.19406699995336307},"EnergyVariance":{"Mean":530.127499837409,"Sigma":23.04004916938059,"Taucorr":-0.0535458639548414},"Iteration":4},
{"Acceptance":[0.22933290916642365],"Energy":{"Mean":-2786.189516129032,"Sigma":0.8443085261661633,"Taucorr":0.37804965984000405},"EnergyVariance":{"Mean":402.27859976586893,"Sigma":19.4674162315714,"Taucorr":0.10101146117838011},"Iteration":5},
{"Acceptance":[0.1890370527469226],"Energy":{"Mean":-2811.413306451613,"Sigma":0.7351131037902942,"Taucorr":0.3541811675545393},"EnergyVariance":{"Mean":313.4743390673776,"Sigma":18.101153352465506,"Taucorr":0.2732767379059885},"Iteration":6},
{"Acceptance":[0.15850587206065586],"Energy":{"Mean":-2831.084677419355,"Sigma":0.5972804517675648,"Taucorr":0.3313109829935924},"EnergyVariance":{"Mean":212.63597489594173,"Sigma":12.609740799517132,"Taucorr":0.19015886698353113},"Iteration":7},
{"Acceptance":[0.13570248226010267],"Energy":{"Mean":-2845.1169354838717,"Sigma":0.68101006882406,"Taucorr":0.9032190664713207},"EnergyVariance":{"Mean":163.76656802809578,"Sigma":7.800849863782157,"Taucorr":0.04333148820867316},"Iteration":8},
{"Acceptance":[0.11201099299240919],"Energy":{"Mean":-2857.7772177419356,"Sigma":0.6027085585515907,"Taucorr":0.7354830481371741},"EnergyVariance":{"Mean":145.68726322678202,"Sigma":7.0012186449444584,"Taucorr":0.09644866066253799},"Iteration":9},
{"Acceptance":[0.0942180748124387],"Energy":{"Mean":-2868.4022177419356,"Sigma":0.4534990853303128,"Taucorr":0.4726128667853946},"EnergyVariance":{"Mean":104.77471282355617,"Sigma":6.301164261536916,"Taucorr":0.2692872305889069},"Iteration":10},
{"Acceptance":[0.07982732872051819],"Energy":{"Mean":-2875.082661290323,"Sigma":0.373511686986675,"Taucorr":0.49476969037758656},"EnergyVariance":{"Mean":69.49115098204993,"Sigma":3.7674964252519243,"Taucorr":0.09876925938296621},"Iteration":11},
{"Acceptance":[0.06972243577847884],"Energy":{"Mean":-2879.555443548387,"Sigma":0.3366436444891784,"Taucorr":0.5030305031889717},"EnergyVariance":{"Mean":55.98482923874869,"Sigma":3.6006555552541326,"Taucorr":0.341455279225911},"Iteration":12},
{"Acceptance":[0.06191953200250965],"Energy":{"Mean":-2883.3729838709673,"Sigma":0.26204972696022416,"Taucorr":0.3204221871896673},"EnergyVariance":{"Mean":41.47378625780437,"Sigma":2.634248886644935,"Taucorr":0.33933907331132007},"Iteration":13},
{"Acceptance":[0.05497821726182586],"Energy":{"Mean":-2886.1219758064517,"Sigma":0.3440258999054648,"Taucorr":1.1078374827237496},"EnergyVariance":{"Mean":36.47403319296306,"Sigma":3.4900560813147856,"Taucorr":0.9336554319325576},"Iteration":14},
{"Acceptance":[0.051160715074715236],"Energy":{"Mean":-2887.655241935484,"Sigma":0.23785822884103744,"Taucorr":0.38026472103203},"EnergyVariance":{"Mean":31.84686768340271,"Sigma":2.801327288415355,"Taucorr":0.34092900303321594},"Iteration":15},
{"Acceptance":[0.04685718830359747],"Energy":{"Mean":-2890.0514112903224,"Sigma":0.2260659691009224,"Taucorr":0.6137683107533471},"EnergyVariance":{"Mean":22.736268169549952,"Sigma":2.257749349520353,"Taucorr":0.2334659769928512},"Iteration":16},
{"Acceptance":[0.043923367178318004],"Energy":{"Mean":-2890.8024193548385,"Sigma":0.17221152963470504,"Taucorr":0.24850757308477878},"EnergyVariance":{"Mean":19.632332856399586,"Sigma":1.4792908688887672,"Taucorr":0.20340198301544588},"Iteration":17},
{"Acceptance":[0.03970820851338335],"Energy":{"Mean":-2892.023185483871,"Sigma":0.20458130628858195,"Taucorr":0.8299642220009518},"EnergyVariance":{"Mean":15.593212433337664,"Sigma":1.0311658944748552,"Taucorr":0.25491859745824497},"Iteration":18},
{"Acceptance":[0.03619999469791363],"Energy":{"Mean":-2893.135080645161,"Sigma":0.16674679124569017,"Taucorr":0.5759736605935064},"EnergyVariance":{"Mean":12.8043338644641,"Sigma":0.9334610818656957,"Taucorr":0.031113689750960183},"Iteration":19},
{"Acceptance":[0.03582884865194454],"Energy":{"Mean":-2893.5977822580644,"Sigma":0.1633516630632409,"Taucorr":0.42702530312727704},"EnergyVariance":{"Mean":14.262616049362645,"Sigma":1.4086192534114628,"Taucorr":0.2893872292152525},"Iteration":20},
{"Acceptance":[0.03230296121523819],"Energy":{"Mean":-2894.4959677419356,"Sigma":0.17833646153745483,"Taucorr":0.8861306046369333},"EnergyVariance":{"Mean":11.368935353798127,"Sigma":1.2076574150793626,"Taucorr":0.09613189229099017},"Iteration":21},
{"Acceptance":[0.030168871450915936],"Energy":{"Mean":-2894.8175403225814,"Sigma":0.16473020346116776,"Taucorr":0.663703529174434},"EnergyVariance":{"Mean":11.55441007901925,"Sigma":1.3520563761240707,"Taucorr":0.40476093009789393},"Iteration":22},
{"Acceptance":[0.02689483311683147],"Energy":{"Mean":-2895.8618951612907,"Sigma":0.12367216612458513,"Taucorr":0.43599011089120754},"EnergyVariance":{"Mean":8.096854472879814,"Sigma":0.8742416956379272,"Taucorr":0.0833200820649439},"Iteration":23},
{"Acceptance":[0.02548094341790161],"Energy":{"Mean":-2895.859879032258,"Sigma":0.14053253357643875,"Taucorr":0.568462149754885},"EnergyVariance":{"Mean":9.158793533753903,"Sigma":0.6339705792916257,"Taucorr":-0.07250272110412709},"Iteration":24},
{"Acceptance":[0.02309500455095747],"Energy":{"Mean":-2896.53125,"Sigma":0.14127128966970673,"Taucorr":0.470790437519086},"EnergyVariance":{"Mean":10.186523437500004,"Sigma":1.6292313480789498,"Taucorr":0.10063190176160353},"Iteration":25},
{"Acceptance":[0.02161483877239027],"Energy":{"Mean":-2896.7993951612902,"Sigma":0.13410062161289524,"Taucorr":0.8621778338206105},"EnergyVariance":{"Mean":6.541410924492716,"Sigma":0.8435558235856484,"Taucorr":0.4769379191108719},"Iteration":26},
{"Acceptance":[0.020249551531861122],"Energy":{"Mean":-2896.970766129032,"Sigma":0.1619779110685291,"Taucorr":1.065822589391167},"EnergyVariance":{"Mean":8.30257280014308,"Sigma":1.2608799169012956,"Taucorr":0.3140669217361379},"Iteration":27},
{"Acceptance":[0.018985887613442557],"Energy":{"Mean":-2897.4425403225814,"Sigma":0.1326782945764669,"Taucorr":1.1454119545956793},"EnergyVariance":{"Mean":5.301133869341831,"Sigma":0.4826413766292391,"Taucorr":0.09272351764175635},"Iteration":28},
{"Acceptance":[0.017081554925196397],"Energy":{"Mean":-2897.6875,"Sigma":0.13631577035437062,"Taucorr":0.9839205810871146},"EnergyVariance":{"Mean":6.20476310483871,"Sigma":0.7999714338512997,"Taucorr":0.46715315459554163},"Iteration":29},
{"Acceptance":[0.0154511633661179],"Energy":{"Mean":-2898.2258064516127,"Sigma":0.11928914886211435,"Taucorr":1.0762559443758486},"EnergyVariance":{"Mean":4.473204994797085,"Sigma":0.7850297847446365,"Taucorr":1.0474859365754787},"Iteration":30},
{"Acceptance":[0.014739800111343813],"Energy":{"Mean":-2898.385080645161,"Sigma":0.10744883340148119,"Taucorr":0.4466225711597076},"EnergyVariance":{"Mean":6.043245154786681,"Sigma":0.7600186665366637,"Taucorr":0.15134818740696487},"Iteration":31},
{"Acceptance":[0.014134478583989467],"Energy":{"Mean":-2898.6905241935483,"Sigma":0.1669479827537342,"Taucorr":1.474052869615175},"EnergyVariance":{"Mean":6.995958596188867,"Sigma":0.9463137426052569,"Taucorr":0.20801874947221954},"Iteration":32},
{"Acceptance":[0.012742680911605384],"Energy":{"Mean":-2899.01310483871,"Sigma":0.10747215929445911,"Taucorr":0.5816451401704577},"EnergyVariance":{"Mean":5.291158908363685,"Sigma":0.7724435324472044,"Taucorr":0.6373997791799686},"Iteration":33},
{"Acceptance":[0.012199217058579218],"Energy":{"Mean":-2899.53125,"Sigma":0.09999369939829658,"Taucorr":0.31680490275016016},"EnergyVariance":{"Mean":6.065555695564516,"Sigma":0.6761308922343223,"Taucorr":-0.042197876448601845},"Iteration":34},
{"Acceptance":[0.011372975265767079],"Energy":{"Mean":-2899.631048387096,"Sigma":0.14298842320014887,"Taucorr":1.8933982206948397},"EnergyVariance":{"Mean":4.232826320239335,"Sigma":0.4219348476339048,"Taucorr":0.3181359336522829},"Iteration":35},
{"Acceptance":[0.010096056131421047],"Energy":{"Mean":-2900.1693548387098,"Sigma":0.10294077910092582,"Taucorr":0.7286003546353546},"EnergyVariance":{"Mean":4.273738293444329,"Sigma":0.4583748182508448,"Taucorr":0.4135492039331452},"Iteration":36},
{"Acceptance":[0.009238885501444818],"Energy":{"Mean":-2900.477822580645,"Sigma":0.15848663667488463,"Taucorr":1.3651537985315152},"EnergyVariance":{"Mean":6.672895258844953,"Sigma":1.0143952427623701,"Taucorr":0.5718974563687693},"Iteration":37},
{"Acceptance":[0.009234467096135663],"Energy":{"Mean":-2900.463709677419,"Sigma":0.17940697641131723,"Taucorr":1.5203832374190882},"EnergyVariance":{"Mean":7.8938443028095735,"Sigma":1.820211679982881,"Taucorr":0.6329105335601157},"Iteration":38},
{"Acceptance":[0.008717513674964431],"Energy":{"Mean":-2900.7076612903224,"Sigma":0.12614186444707196,"Taucorr":0.9464373921974798},"EnergyVariance":{"Mean":5.450828401404787,"Sigma":0.7974020170512406,"Taucorr":0.5868736895685569},"Iteration":39},
{"Acceptance":[0.007449431351236712],"Energy":{"Mean":-2901.212701612903,"Sigma":0.12507070710917895,"Taucorr":0.8446624562018392},"EnergyVariance":{"Mean":5.764233830319976,"Sigma":1.3045489174199274,"Taucorr":0.7163763539786718},"Iteration":40},
{"Acceptance":[0.006640863179661197],"Energy":{"Mean":-2901.56754032258,"Sigma":0.11453227822295568,"Taucorr":1.0938286531319898},"EnergyVariance":{"Mean":4.078099595148283,"Sigma":0.755996603914905,"Taucorr":0.9748617294418858},"Iteration":41},
{"Acceptance":[0.00563346676917367],"Energy":{"Mean":-2901.9112903225805,"Sigma":0.128684742882123,"Taucorr":1.8402147056000593},"EnergyVariance":{"Mean":3.5062434963579605,"Sigma":0.6172118111476418,"Taucorr":0.6006907549710268},"Iteration":42},
{"Acceptance":[0.004785132949815752],"Energy":{"Mean":-2902.0776209677424,"Sigma":0.10828102058136296,"Taucorr":0.9059815998321366},"EnergyVariance":{"Mean":4.132079824076483,"Sigma":1.536309831276939,"Taucorr":1.4421576993844014},"Iteration":43},
{"Acceptance":[0.0045686310896671176],"Energy":{"Mean":-2902.1995967741937,"Sigma":0.06621482600180344,"Taucorr":0.4892641485104495},"EnergyVariance":{"Mean":2.1960482245057227,"Sigma":0.3043420459874633,"Taucorr":0.22486089468224435},"Iteration":44},
{"Acceptance":[0.0038528494295838748],"Energy":{"Mean":-2902.1653225806444,"Sigma":0.11323306514504107,"Taucorr":1.2177798763355574},"EnergyVariance":{"Mean":3.698474895941727,"Sigma":1.0099560134297882,"Taucorr":0.4236079198628693},"Iteration":45},
{"Acceptance":[0.003092883716409074],"Energy":{"Mean":-2902.485887096774,"Sigma":0.07232631665216713,"Taucorr":0.6008088790831623},"EnergyVariance":{"Mean":2.3546395356399574,"Sigma":0.8805574576358921,"Taucorr":0.16555618665204574},"Iteration":46},
{"Acceptance":[0.002765921723531543],"Energy":{"Mean":-2902.579637096774,"Sigma":0.05082151701024571,"Taucorr":0.2198197034477991},"EnergyVariance":{"Mean":1.7779321263657646,"Sigma":0.5709290720927647,"Taucorr":0.3320788940557404},"Iteration":47},
{"Acceptance":[0.002765921723531543],"Energy":{"Mean":-2902.53125,"Sigma":0.07558019311565514,"Taucorr":1.1985966437925315},"EnergyVariance":{"Mean":1.6663621471774193,"Sigma":0.40251181115766405,"Taucorr":0.4503308087465905},"Iteration":48},
{"Acceptance":[0.002377102056325831],"Energy":{"Mean":-2902.458669354839,"Sigma":0.09124552455301546,"Taucorr":0.9945022926800371},"EnergyVariance":{"Mean":2.7603885519640996,"Sigma":0.8111271461469357,"Taucorr":1.0057624513004804},"Iteration":49} 
]}