{"Output": [
{"Acceptance":[0.935513078470825],"Energy":{"Mean":-303.9032258064517,"Sigma":0.9915420148019874,"Taucorr":-0.13060531435055872},"EnergyVariance":{"Mean":163.6841831425599,"Sigma":22.85197499208773,"Taucorr":0.11862640141003455},"Iteration":0},
{"Acceptance":[0.9249496981891349],"Energy":{"Mean":-301.9274193548387,"Sigma":1.2599173012408438,"Taucorr":0.2119031708685506},"EnergyVariance":{"Mean":137.1318288241415,"Sigma":22.422848651806525,"Taucorr":0.0691899117854069},"Iteration":1},
{"Acceptance":[0.9109657947686117],"Energy":{"Mean":-301.3225806451613,"Sigma":1.091831446259576,"Taucorr":-0.01559244903571777},"EnergyVariance":{"Mean":151.34755463059312,"Sigma":14.917202891645015,"Taucorr":-0.14679771425106125},"Iteration":2},
{"Acceptance":[0.8948692152917505],"Energy":{"Mean":-303.79838709677415,"Sigma":1.3508967230308628,"Taucorr":0.21596273835656554},"EnergyVariance":{"Mean":156.75773933402706,"Sigma":20.827989608520568,"Taucorr":-0.008563099694875065},"Iteration":3},
{"Acceptance":[0.86841046277666],"Energy":{"Mean":-305.29032258064524,"Sigma":0.9439320054643731,"Taucorr":-0.06087485406937959},"EnergyVariance":{"Mean":124.78668054110302,"Sigma":16.57310536042016,"Taucorr":0.1513598809361254},"Iteration":4},
{"Acceptance":[0.860764587525151],"Energy":{"Mean":-305.51612903225816,"Sigma":1.2477902771656402,"Taucorr":0.1293959275940717},"EnergyVariance":{"Mean":152.136836628512,"Sigma":20.916141922970926,"Taucorr":0.062080713530262344},"Iteration":5},
{"Acceptance":[0.8378269617706238],"Energy":{"Mean":-306.8387096774193,"Sigma":1.0387355570141417,"Taucorr":-0.013259567825848362},"EnergyVariance":{"Mean":136.32882414151925,"Sigma":15.49878246876138,"Taucorr":-0.12731482688439638},"Iteration":6},
{"Acceptance":[0.8137826961770623],"Energy":{"Mean":-308.7822580645161,"Sigma":0.9743168226497849,"Taucorr":-0.10512394498411265},"EnergyVariance":{"Mean":147.84774973985432,"Sigma":15.66165613295886,"Taucorr":-0.04539499094051613},"Iteration":7},
{"Acceptance":[0.7969818913480885],"Energy":{"Mean":-309.1451612903225,"Sigma":1.0922364223732215,"Taucorr":0.10108595110369434},"EnergyVariance":{"Mean":122.05957336108219,"Sigma":15.055970095145733,"Taucorr":0.03919681211886039},"Iteration":8},
{"Acceptance":[0.7441649899396379],"Energy":{"Mean":-312.35483870967744,"Sigma":1.3006292001708828,"Taucorr":0.3166689300125797},"EnergyVariance":{"Mean":127.39021852237255,"Sigma":18.156160098533505,"Taucorr":0.21017781541266845},"Iteration":9},
{"Acceptance":[0.6782696177062374],"Energy":{"Mean":-316.3629032258065,"Sigma":1.2598983739139644,"Taucorr":0.11576317597710983},"EnergyVariance":{"Mean":158.53765608740898,"Sigma":23.196347774785224,"Taucorr":0.14512537369901635},"Iteration":10},
{"Acceptance":[0.5562374245472838],"Energy":{"Mean":-323.66935483870964,"Sigma":1.3176524363863227,"Taucorr":0.2912490776872856},"EnergyVariance":{"Mean":134.94712539021847,"Sigma":21.597661354760273,"Taucorr":0.1267287221948139},"Iteration":11},
{"Acceptance":[0.4296780684104628],"Energy":{"Mean":-332.6774193548387,"Sigma":1.1845893047886984,"Taucorr":0.19231619258300803},"EnergyVariance":{"Mean":124.65400624349635,"Sigma":15.43745984325223,"Taucorr":-0.02332982595348393},"Iteration":12},
{"Acceptance":[0.3551307847082495],"Energy":{"Mean":-338.62096774193554,"Sigma":1.1829246019691229,"Taucorr":0.23054064752709535},"EnergyVariance":{"Mean":117.79988293444326,"Sigma":16.22369448588044,"Taucorr":0.02410960177067023},"Iteration":13},
{"Acceptance":[0.2697183098591549],"Energy":{"Mean":-345.2016129032258,"Sigma":1.192461725611439,"Taucorr":0.45339751030048003},"EnergyVariance":{"Mean":91.72548126951094,"Sigma":15.670923093142937,"Taucorr":0.08496109599438895},"Iteration":14},
{"Acceptance":[0.23038229376257546],"Energy":{"Mean":-350.8870967741936,"Sigma":0.8273580433801863,"Taucorr":0.23998431548285948},"EnergyVariance":{"Mean":56.890478668054115,"Sigma":7.88809447792234,"Taucorr":0.0911368486584313},"Iteration":15},
{"Acceptance":[0.1847082494969819],"Energy":{"Mean":-355.0483870967742,"Sigma":0.6730626673237692,"Taucorr":0.11760084772641966},"EnergyVariance":{"Mean":45.11056191467223,"Sigma":5.581814952089556,"Taucorr":-0.09968392038898122},"Iteration":16},
{"Acceptance":[0.14959758551307847],"Energy":{"Mean":-358.8387096774194,"Sigma":0.6837739584268208,"Taucorr":0.1077466047176544},"EnergyVariance":{"Mean":47.31269510926119,"Sigma":7.40295671834255,"Taucorr":0.042776247900707},"Iteration":17},
{"Acceptance":[0.11670020120724346],"Energy":{"Mean":-361.78225806451616,"Sigma":0.6782668789425113,"Taucorr":0.4896165788964868},"EnergyVariance":{"Mean":28.589685223725283,"Sigma":4.122164776457941,"Taucorr":0.1957679966932343},"Iteration":18},
{"Acceptance":[0.09386317907444668],"Energy":{"Mean":-364.1774193548388,"Sigma":0.4593990857027246,"Taucorr":0.26563953042276645},"EnergyVariance":{"Mean":16.952393340270557,"Sigma":3.112901280764345,"Taucorr":0.16752254228510854},"Iteration":19},
{"Acceptance":[0.07776659959758551],"Energy":{"Mean":-364.7661290322581,"Sigma":0.40856677832179084,"Taucorr":0.19402004018589014},"EnergyVariance":{"Mean":14.792078563995837,"Sigma":1.9914259732600568,"Taucorr":-0.01690660141442818},"Iteration":20},
{"Acceptance":[0.0716297786720322],"Energy":{"Mean":-365.4516129032258,"Sigma":0.43011928747362355,"Taucorr":0.2869817720516836},"EnergyVariance":{"Mean":14.457336108220604,"Sigma":2.578509450927933,"Taucorr":-0.07526866956391165},"Iteration":21},
{"Acceptance":[0.05482897384305835],"Energy":{"Mean":-367.241935483871,"Sigma":0.3156925887852668,"Taucorr":0.4587243133265485},"EnergyVariance":{"Mean":6.393080124869927,"Sigma":1.725596209934068,"Taucorr":0.3307430704699542},"Iteration":22},
{"Acceptance":[0.05191146881287726],"Energy":{"Mean":-368.04838709677426,"Sigma":0.20817284834999322,"Taucorr":0.03328171360158294},"EnergyVariance":{"Mean":4.997658688865764,"Sigma":1.398085079841356,"Taucorr":-0.04153642058378887},"Iteration":23},
{"Acceptance":[0.05020120724346076],"Energy":{"Mean":-368.016129032258,"Sigma":0.24809366832353297,"Taucorr":0.33525055966936756},"EnergyVariance":{"Mean":4.5319979188345485,"Sigma":0.8671137105543018,"Taucorr":0.2330601150514191},"Iteration":24},
{"Acceptance":[0.04929577464788732],"Energy":{"Mean":-368.44354838709677,"Sigma":0.19733087130861757,"Taucorr":0.1679019063684617},"EnergyVariance":{"Mean":3.5855228928199785,"Sigma":0.9909201806216409,"Taucorr":0.30010551427897325},"Iteration":25},
{"Acceptance":[0.040442655935613685],"Energy":{"Mean":-369.2822580645162,"Sigma":0.11694011855850467,"Taucorr":0.13931378850051523},"EnergyVariance":{"Mean":1.3154916753381896,"Sigma":0.24562382993901175,"Taucorr":0.07154983375369806},"Iteration":26},
{"Acceptance":[0.03350100603621731],"Energy":{"Mean":-369.40322580645164,"Sigma":0.1394485198854073,"Taucorr":0.36298573305800164},"EnergyVariance":{"Mean":1.38579604578564,"Sigma":0.2944584361708419,"Taucorr":0.13289204428930912},"Iteration":27},
{"Acceptance":[0.024949698189134808],"Energy":{"Mean":-369.6532258064516,"Sigma":0.10917420930696489,"Taucorr":0.06777492317767608},"EnergyVariance":{"Mean":1.291037981269511,"Sigma":0.4666224383708456,"Taucorr":0.312968702784863},"Iteration":28},
{"Acceptance":[0.02404426559356137],"Energy":{"Mean":-369.8629032258064,"Sigma":0.14657318150769294,"Taucorr":0.48299220980305624},"EnergyVariance":{"Mean":1.344107700312175,"Sigma":0.36620827963714864,"Taucorr":0.07382825905696011},"Iteration":29},
{"Acceptance":[0.0210261569416499],"Energy":{"Mean":-369.8790322580645,"Sigma":0.0996438332948967,"Taucorr":-0.04161987990039928},"EnergyVariance":{"Mean":1.3321409989594173,"Sigma":0.4314055771316356,"Taucorr":0.056422269027642136},"Iteration":30},
{"Acceptance":[0.01659959758551308],"Energy":{"Mean":-370.0241935483871,"Sigma":0.08780081831929312,"Taucorr":0.4648974189278733},"EnergyVariance":{"Mean":0.491350156087409,"Sigma":0.1255152006717267,"Taucorr":0.39044039936092323},"Iteration":31},
{"Acceptance":[0.01921529175050302],"Energy":{"Mean":-370.0080645161291,"Sigma":0.1144668983986091,"Taucorr":0.3689389157724897},"EnergyVariance":{"Mean":0.9273543184183144,"Sigma":0.20553329235271392,"Taucorr":0.08560753907879748},"Iteration":32},
{"Acceptance":[0.018108651911468814],"Energy":{"Mean":-370.12096774193554,"Sigma":0.0850924289857228,"Taucorr":0.32187012363462186},"EnergyVariance":{"Mean":0.541818418314256,"Sigma":0.1268062862204726,"Taucorr":0.289179816804805},"Iteration":33},
{"Acceptance":[0.018108651911468814],"Energy":{"Mean":-370.37096774193554,"Sigma":0.07852039641702109,"Taucorr":-0.05193667383952094},"EnergyVariance":{"Mean":0.8462539021852237,"Sigma":0.1615120492671962,"Taucorr":0.14605226839552743},"Iteration":34},
{"Acceptance":[0.018712273641851105],"Energy":{"Mean":-370.25000000000006,"Sigma":0.04637388957601632,"Taucorr":-0.2232067510548572},"EnergyVariance":{"Mean":0.47782258064516125,"Sigma":0.08447877365384177,"Taucorr":-0.002343159485990065},"Iteration":35},
{"Acceptance":[0.020523138832997986],"Energy":{"Mean":-370.3870967741936,"Sigma":0.08663257420642355,"Taucorr":-0.004115427613200606},"EnergyVariance":{"Mean":0.9308012486992716,"Sigma":0.14183971833452505,"Taucorr":-0.06218610331847618},"Iteration":36},
{"Acceptance":[0.020221327967806842],"Energy":{"Mean":-370.80645161290323,"Sigma":0.10020790043231659,"Taucorr":0.20026548672566424},"EnergyVariance":{"Mean":0.8818938605619147,"Sigma":0.056418395594032965,"Taucorr":0.2721639742320693},"Iteration":37},
{"Acceptance":[0.022334004024144868],"Energy":{"Mean":-370.5725806451613,"Sigma":0.1292001595773969,"Taucorr":0.36984074502672626},"EnergyVariance":{"Mean":1.1802159209157128,"Sigma":0.19073532356961506,"Taucorr":0.15705534967898338},"Iteration":38},
{"Acceptance":[0.027062374245472837],"Energy":{"Mean":-371.10483870967744,"Sigma":0.09038016597498064,"Taucorr":0.00384188898311022},"EnergyVariance":{"Mean":0.997073361082206,"Sigma":0.07611055312915682,"Taucorr":0.04590071712980204},"Iteration":39},
{"Acceptance":[0.02142857142857143],"Energy":{"Mean":-371.25806451612897,"Sigma":0.0878995264092804,"Taucorr":-0.045860268523135295},"EnergyVariance":{"Mean":1.0463059313215404,"Sigma":0.10714848718977708,"Taucorr":-0.026497676945779647},"Iteration":40},
{"Acceptance":[0.019617706237424547],"Energy":{"Mean":-371.46774193548384,"Sigma":0.16385064644129596,"Taucorr":0.8570237331622967},"EnergyVariance":{"Mean":1.2167013527575445,"Sigma":0.5196316837720997,"Taucorr":0.5440751481094179},"Iteration":41},
{"Acceptance":[0.016398390342052312],"Energy":{"Mean":-371.4193548387097,"Sigma":0.11615889699618508,"Taucorr":0.06476628895184744},"EnergyVariance":{"Mean":1.4693028095733611,"Sigma":0.5386956674600866,"Taucorr":-0.028439241829629924},"Iteration":42},
{"Acceptance":[0.015191146881287726],"Energy":{"Mean":-371.79838709677415,"Sigma":0.06288254416005797,"Taucorr":0.12875399361022455},"EnergyVariance":{"Mean":0.3867715920915713,"Sigma":0.14028638193411305,"Taucorr":-0.010600614628705374},"Iteration":43},
{"Acceptance":[0.012374245472837022],"Energy":{"Mean":-371.63709677419354,"Sigma":0.10162570323886132,"Taucorr":0.33194479938666677},"EnergyVariance":{"Mean":0.7634625390218521,"Sigma":0.2751936924552421,"Taucorr":0.03480551440987567},"Iteration":44},
{"Acceptance":[0.013078470824949699],"Energy":{"Mean":-371.87096774193543,"Sigma":0.04618651955895707,"Taucorr":0.08233256351041673},"EnergyVariance":{"Mean":0.22528616024973983,"Sigma":0.09082609359531513,"Taucorr":0.05393907732232106},"Iteration":45},
{"Acceptance":[0.01488933601609658],"Energy":{"Mean":-371.72580645161304,"Sigma":0.09996964506337347,"Taucorr":0.1886111920723046},"EnergyVariance":{"Mean":0.8925598335067638,"Sigma":0.5108839602176168,"Taucorr":0.044178835048341525},"Iteration":46},
{"Acceptance":[0.012374245472837022],"Energy":{"Mean":-371.9435483870968,"Sigma":0.05275944268966522,"Taucorr":0.022780536246279404},"EnergyVariance":{"Mean":0.3274583766909469,"Sigma":0.0860572898181392,"Taucorr":-0.07710379262352635},"Iteration":47},
{"Acceptance":[0.012072434607645875],"Energy":{"Mean":-371.91129032258067,"Sigma":0.03939800206572312,"Taucorr":0.0911397503020579},"EnergyVariance":{"Mean":0.16148543184183145,"Sigma":0.05636525120623484,"Taucorr":-0.002529606296571507},"Iteration":48},
{"Acceptance":[0.013380281690140845],"Energy":{"Mean":-371.7903225806452,"Sigma":0.07341220177941016,"Taucorr":0.22679691956647774},"EnergyVariance":{"Mean":0.45603537981269504,"Sigma":0.13377688252914527,"Taucorr":0.15096163698915654},"Iteration":49},
{"Acceptance":[0.01096579476861167],"Energy":{"Mean":-371.93548387096786,"Sigma":0.03660259909003196,"Taucorr":-0.024436936936958087},"EnergyVariance":{"Mean":0.1732570239334027,"Sigma":0.08029100510825703,"Taucorr":-0.038655413942318195},"Iteration":50},
{"Acceptance":[0.011971830985915493],"Energy":{"Mean":-371.8064516129032,"Sigma":0.07487415734474227,"Taucorr":0.13473419540228893},"EnergyVariance":{"Mean":0.5431841831425598,"Sigma":0.28019717214078654,"Taucorr":-0.010065646408288997},"Iteration":51},
{"Acceptance":[0.013682092555331992],"Energy":{"Mean":-371.7903225806452,"Sigma":0.08836688411848637,"Taucorr":0.5916765227675747},"EnergyVariance":{"Mean":0.4399063475546307,"Sigma":0.20112753050004537,"Taucorr":0.5194754640648254},"Iteration":52},
{"Acceptance":[0.014285714285714285],"Energy":{"Mean":-371.92741935483883,"Sigma":0.06045698327094072,"Taucorr":0.26687375194144125},"EnergyVariance":{"Mean":0.2931191467221644,"Sigma":0.11306827868766736,"Taucorr":0.14281892009790875},"Iteration":53},
{"Acceptance":[0.01267605633802817],"Energy":{"Mean":-372.0241935483871,"Sigma":0.03351062804784327,"Taucorr":0.0736898973527701},"EnergyVariance":{"Mean":0.12038241415192509,"Sigma":0.05442936321379093,"Taucorr":-0.021582541981488956},"Iteration":54},
{"Acceptance":[0.010261569416498993],"Energy":{"Mean":-372.008064516129,"Sigma":0.04706988479701054,"Taucorr":0.23486495966323329},"EnergyVariance":{"Mean":0.18541883454734653,"Sigma":0.07633662414839779,"Taucorr":0.17393469628754166},"Iteration":55},
{"Acceptance":[0.012575452716297788],"Energy":{"Mean":-371.9354838709678,"Sigma":0.10171099549327015,"Taucorr":0.17151290499726757},"EnergyVariance":{"Mean":0.9474505723204993,"Sigma":0.41247211479221174,"Taucorr":-0.007068487665457368},"Iteration":56},
{"Acceptance":[0.015191146881287726],"Energy":{"Mean":-371.8951612903225,"Sigma":0.044562076957208534,"Taucorr":-0.11794506612411365},"EnergyVariance":{"Mean":0.3196540062434964,"Sigma":0.11718815602081059,"Taucorr":0.03051700838296445},"Iteration":57},
{"Acceptance":[0.01448692152917505],"Energy":{"Mean":-372.01612903225805,"Sigma":0.06949847591638303,"Taucorr":0.4215899919289857},"EnergyVariance":{"Mean":0.32232049947970864,"Sigma":0.12307730197391939,"Taucorr":0.3627911501145502},"Iteration":58},
{"Acceptance":[0.012977867203219315],"Energy":{"Mean":-371.98387096774184,"Sigma":0.025755999068827005,"Taucorr":0.134919028340161},"EnergyVariance":{"Mean":0.06425598335067638,"Sigma":0.0367607112021981,"Taucorr":0.021566289008132955},"Iteration":59},
{"Acceptance":[0.019617706237424547],"Energy":{"Mean":-372.11290322580646,"Sigma":0.061169944036401996,"Taucorr":0.11471507991660601},"EnergyVariance":{"Mean":0.3743496357960458,"Sigma":0.11534880251611149,"Taucorr":0.022047562984659486},"Iteration":60},
{"Acceptance":[0.017706237424547282],"Energy":{"Mean":-372.04838709677415,"Sigma":0.03558148840381599,"Taucorr":-0.17502714440824896},"EnergyVariance":{"Mean":0.23959417273673267,"Sigma":0.07934855530251833,"Taucorr":0.050804330012492294},"Iteration":61},
{"Acceptance":[0.021830985915492956],"Energy":{"Mean":-372.1532258064516,"Sigma":0.0730272995011089,"Taucorr":0.13457908644772587},"EnergyVariance":{"Mean":0.5168444328824143,"Sigma":0.14932971685158697,"Taucorr":0.25123451303185984},"Iteration":62},
{"Acceptance":[0.02505030181086519],"Energy":{"Mean":-372.1532258064516,"Sigma":0.09883557225712061,"Taucorr":0.17667570141382705},"EnergyVariance":{"Mean":0.8878121748178979,"Sigma":0.2126957758516305,"Taucorr":0.057047851652196835},"Iteration":63},
{"Acceptance":[0.02716297786720322],"Energy":{"Mean":-372.0,"Sigma":0.22058085587488077,"Taucorr":0.762074829931974},"EnergyVariance":{"Mean":2.370967741935484,"Sigma":1.1118781316022035,"Taucorr":0.5966486557475472},"Iteration":64},
{"Acceptance":[0.028672032193158954],"Energy":{"Mean":-372.56451612903226,"Sigma":0.10367426108096124,"Taucorr":0.052025852704758346},"EnergyVariance":{"Mean":1.1974505723204996,"Sigma":0.22633463691425704,"Taucorr":0.29650269447560096},"Iteration":65},
{"Acceptance":[0.0210261569416499],"Energy":{"Mean":-372.58064516129036,"Sigma":0.10132661496249257,"Taucorr":0.16244541484716624},"EnergyVariance":{"Mean":0.9531737773152964,"Sigma":0.09631472424705824,"Taucorr":0.005971889308861167},"Iteration":66},
{"Acceptance":[0.01750503018108652],"Energy":{"Mean":-372.9274193548387,"Sigma":0.1018600850861103,"Taucorr":0.02627259561229578},"EnergyVariance":{"Mean":1.2124739854318416,"Sigma":0.08656245430723507,"Taucorr":0.40442472031331445},"Iteration":67},
{"Acceptance":[0.011770623742454729],"Energy":{"Mean":-373.36290322580635,"Sigma":0.10162570323885951,"Taucorr":0.14204851752020908},"EnergyVariance":{"Mean":0.9892689906347555,"Sigma":0.17465149204952235,"Taucorr":0.07647598278086365},"Iteration":68},
{"Acceptance":[0.007746478873239437],"Energy":{"Mean":-373.508064516129,"Sigma":0.09164261974501113,"Taucorr":0.1742253162407671},"EnergyVariance":{"Mean":0.7660639958376692,"Sigma":0.12067233033611367,"Taucorr":0.2580457276011191},"Iteration":69},
{"Acceptance":[0.006237424547283702],"Energy":{"Mean":-373.51612903225805,"Sigma":0.08110086302042342,"Taucorr":0.017273785761840355},"EnergyVariance":{"Mean":0.7819979188345475,"Sigma":0.09500708821503258,"Taucorr":-0.04773923222058035},"Iteration":70},
{"Acceptance":[0.0028169014084507044],"Energy":{"Mean":-373.8145161290323,"Sigma":0.07687420070000013,"Taucorr":0.5545952066427555},"EnergyVariance":{"Mean":0.3446279916753382,"Sigma":0.1418237614638632,"Taucorr":0.5463188584794241},"Iteration":71},
{"Acceptance":[0.0036217303822937627],"Energy":{"Mean":-373.7741935483871,"Sigma":0.05721450713385144,"Taucorr":0.002516233766231557},"EnergyVariance":{"Mean":0.4006243496357959,"Sigma":0.09808950375133728,"Taucorr":-0.009802406850753898},"Iteration":72},
{"Acceptance":[0.0018108651911468814],"Energy":{"Mean":-373.8064516129033,"Sigma":0.062119462410169114,"Taucorr":0.03161421911422824},"EnergyVariance":{"Mean":0.44640998959417266,"Sigma":0.13392569870074159,"Taucorr":-0.024206103723836525},"Iteration":73},
{"Acceptance":[0.0014084507042253522],"Energy":{"Mean":-374.0,"Sigma":0.0,"Taucorr":null},"EnergyVariance":{"Mean":0.0,"Sigma":0.0,"Taucorr":null},"Iteration":74},
{"Acceptance":[0.0014084507042253522],"Energy":{"Mean":-374.0,"Sigma":0.0,"Taucorr":null},"EnergyVariance":{"Mean":0.0,"Sigma":0.0,"Taucorr":null},"Iteration":75},
{"Acceptance":[0.0014084507042253522],"Energy":{"Mean":-373.991935483871,"Sigma":0.008064516129032738,"Taucorr":4.551914400963142e-14},"EnergyVariance":{"Mean":0.007999479708636839,"Sigma":0.007934443288241534,"Taucorr":0.0},"Iteration":76},
{"Acceptance":[0.0018108651911468814],"Energy":{"Mean":-373.92741935483866,"Sigma":0.05079151512820362,"Taucorr":0.3803680981595441},"EnergyVariance":{"Mean":0.18021592091571287,"Sigma":0.14025591835508916,"Taucorr":0.45309674337638584},"Iteration":77},
{"Acceptance":[0.00040241448692152917],"Energy":{"Mean":-373.991935483871,"Sigma":0.008064516129032858,"Taucorr":6.039613253960852e-14},"EnergyVariance":{"Mean":0.007999479708636839,"Sigma":0.007934443288241534,"Taucorr":0.0},"Iteration":78},
{"Acceptance":[0.0026156941649899397],"Energy":{"Mean":-373.83064516129036,"Sigma":0.07723993546695808,"Taucorr":-0.0024605344386731676},"EnergyVariance":{"Mean":0.7374479708636835,"Sigma":0.49801063820955715,"Taucorr":-0.00940715089352645},"Iteration":79},
{"Acceptance":[0.0012072434607645875],"Energy":{"Mean":-374.016129032258,"Sigma":0.08192532322064588,"Taucorr":0.5243382827630532},"EnergyVariance":{"Mean":0.4029656607700312,"Sigma":0.2907765016909468,"Taucorr":0.4932485736357637},"Iteration":80},
{"Acceptance":[0.0016096579476861167],"Energy":{"Mean":-374.0,"Sigma":0.0,"Taucorr":null},"EnergyVariance":{"Mean":0.0,"Sigma":0.0,"Taucorr":null},"Iteration":81},
{"Acceptance":[0.0018108651911468814],"Energy":{"Mean":-373.8548387096775,"Sigma":0.10091929168361713,"Taucorr":1.2112473347548032},"EnergyVariance":{"Mean":0.3660249739854317,"Sigma":0.26801894389318287,"Taucorr":1.2272177896257876},"Iteration":82},
{"Acceptance":[0.0008048289738430583],"Energy":{"Mean":-373.7822580645161,"Sigma":0.13154475887142564,"Taucorr":0.3293092088591497},"EnergyVariance":{"Mean":1.2832336108220601,"Sigma":0.8212973825306248,"Taucorr":0.3212396951099845},"Iteration":83},
{"Acceptance":[0.001006036217303823],"Energy":{"Mean":-373.9838709677419,"Sigma":0.016129032258065435,"Taucorr":4.907185768843192e-14},"EnergyVariance":{"Mean":0.03199791883454735,"Sigma":0.0317377731529643,"Taucorr":0.0},"Iteration":84},
{"Acceptance":[0.0006036217303822937],"Energy":{"Mean":-373.9677419354838,"Sigma":0.03225806451612908,"Taucorr":-2.7755575615628914e-15},"EnergyVariance":{"Mean":0.12799167533818934,"Sigma":0.12695109261185716,"Taucorr":-2.220446049250313e-16},"Iteration":85},
{"Acceptance":[0.0018108651911468814],"Energy":{"Mean":-373.95161290322585,"Sigma":0.04838709677419368,"Taucorr":0.5081967213114791},"EnergyVariance":{"Mean":0.1428199791883455,"Sigma":0.14047866805411455,"Taucorr":0.508196721311476},"Iteration":86},
{"Acceptance":[0.0012072434607645875],"Energy":{"Mean":-374.0,"Sigma":0.0,"Taucorr":null},"EnergyVariance":{"Mean":0.0,"Sigma":0.0,"Taucorr":null},"Iteration":87},
{"Acceptance":[0.0016096579476861167],"Energy":{"Mean":-373.91129032258067,"Sigma":0.05505176827702027,"Taucorr":0.3247194244604499},"EnergyVariance":{"Mean":0.22600156087408954,"Sigma":0.15063024660511584,"Taucorr":0.3217562251321351},"Iteration":88},
{"Acceptance":[0.002012072434607646],"Energy":{"Mean":-373.991935483871,"Sigma":0.008064516129032858,"Taucorr":6.039613253960852e-14},"EnergyVariance":{"Mean":0.007999479708636839,"Sigma":0.007934443288241532,"Taucorr":-2.220446049250313e-16},"Iteration":89},
{"Acceptance":[0.0016096579476861167],"Energy":{"Mean":-373.9516129032258,"Sigma":0.04085667783217876,"Taucorr":-0.004861982434136158},"EnergyVariance":{"Mean":0.20733610822060372,"Sigma":0.19760206591519988,"Taucorr":-0.0009278373019397379},"Iteration":90},
{"Acceptance":[0.00040241448692152917],"Energy":{"Mean":-373.9758064516129,"Sigma":0.024193548387096545,"Taucorr":-1.0658141036401503e-14},"EnergyVariance":{"Mean":0.07199531737773153,"Sigma":0.0714099895941738,"Taucorr":0.0},"Iteration":91},
{"Acceptance":[0.0016096579476861167],"Energy":{"Mean":-373.9596774193548,"Sigma":0.032989030014284736,"Taucorr":1.2295798319327649},"EnergyVariance":{"Mean":0.03869667013527575,"Sigma":0.0303286243679702,"Taucorr":1.2295798319327729},"Iteration":92},
{"Acceptance":[0.0016096579476861167],"Energy":{"Mean":-373.8951612903226,"Sigma":0.06326063337493694,"Taucorr":0.19937165034188264},"EnergyVariance":{"Mean":0.35191207075962533,"Sigma":0.23169866769133,"Taucorr":0.08429836900930843},"Iteration":93},
{"Acceptance":[0.0012072434607645875],"Energy":{"Mean":-373.98387096774195,"Sigma":0.016129032258064762,"Taucorr":0.5081967213114917},"EnergyVariance":{"Mean":0.01586888657648283,"Sigma":0.015608740894901618,"Taucorr":0.5081967213114753},"Iteration":94},
{"Acceptance":[0.0012072434607645875],"Energy":{"Mean":-373.9193548387096,"Sigma":0.06067175120581887,"Taucorr":-0.00917935702200412},"EnergyVariance":{"Mean":0.46123829344432893,"Sigma":0.38985706464156944,"Taucorr":-0.004358275602685757},"Iteration":95},
{"Acceptance":[0.0022132796780684103],"Energy":{"Mean":-373.8790322580645,"Sigma":0.07852039641702122,"Taucorr":0.5887394957983352},"EnergyVariance":{"Mean":0.34827003121748185,"Sigma":0.2165643191501672,"Taucorr":0.5887394957983192},"Iteration":96},
{"Acceptance":[0.0016096579476861167],"Energy":{"Mean":-373.991935483871,"Sigma":0.008064516129032247,"Taucorr":-2.9976021664879227e-15},"EnergyVariance":{"Mean":0.007999479708636837,"Sigma":0.007934443288241532,"Taucorr":-2.220446049250313e-16},"Iteration":97},
{"Acceptance":[0.0008048289738430583],"Energy":{"Mean":-374.0,"Sigma":0.0,"Taucorr":null},"EnergyVariance":{"Mean":0.0,"Sigma":0.0,"Taucorr":null},"Iteration":98},
{"Acceptance":[0.0014084507042253522],"Energy":{"Mean":-373.991935483871,"Sigma":0.008064516129033123,"Taucorr":9.43689570931383e-14},"EnergyVariance":{"Mean":0.007999479708636839,"Sigma":0.007934443288241534,"Taucorr":0.0},"Iteration":99} 
]}