{"Output": [
{"Acceptance":[0.719343154668617],"Energy":{"Mean":-165.77419354838707,"Sigma":0.4133852042726217,"Taucorr":0.7141243379178519},"EnergyVariance":{"Mean":69.7413501560874,"Sigma":3.7630881800507017,"Taucorr":0.31136343263139465},"Iteration":0},
{"Acceptance":[0.6361752516281823],"Energy":{"Mean":-170.65725806451613,"Sigma":0.26843756795131407,"Taucorr":0.010341342058993286},"EnergyVariance":{"Mean":69.96317312695109,"Sigma":3.1784562895554314,"Taucorr":0.058890314877947714},"Iteration":1},
{"Acceptance":[0.5407306794831609],"Energy":{"Mean":-176.24193548387098,"Sigma":0.36278541247742646,"Taucorr":0.47900599758291773},"EnergyVariance":{"Mean":66.61283818938607,"Sigma":3.426609203611558,"Taucorr":0.18834296447291377},"Iteration":2},
{"Acceptance":[0.45989621425834987],"Energy":{"Mean":-181.74495967741936,"Sigma":0.4273498466255226,"Taucorr":0.9568387732128198},"EnergyVariance":{"Mean":62.11539798224504,"Sigma":3.3023333231532366,"Taucorr":0.22977105787140106},"Iteration":3},
{"Acceptance":[0.39464702399609936],"Energy":{"Mean":-186.164314516129,"Sigma":0.42192905304341927,"Taucorr":1.0958732276861487},"EnergyVariance":{"Mean":55.27441203011186,"Sigma":2.8745334962093296,"Taucorr":0.14884043288544624},"Iteration":4},
{"Acceptance":[0.34221432800473656],"Energy":{"Mean":-190.0524193548387,"Sigma":0.3740871143705034,"Taucorr":0.8722294623052473},"EnergyVariance":{"Mean":50.53152640478668,"Sigma":3.417143964402526,"Taucorr":0.46439576411299255},"Iteration":5},
{"Acceptance":[0.29854073067948317],"Energy":{"Mean":-193.3508064516129,"Sigma":0.37609246580770744,"Taucorr":1.4259205446055043},"EnergyVariance":{"Mean":36.391047736732574,"Sigma":3.202458902481542,"Taucorr":0.9918351642263208},"Iteration":6},
{"Acceptance":[0.25472782363389407],"Energy":{"Mean":-195.70766129032256,"Sigma":0.31365896776208707,"Taucorr":1.053169255422213},"EnergyVariance":{"Mean":31.386312272372532,"Sigma":1.991721862036084,"Taucorr":0.27484627233557535},"Iteration":7},
{"Acceptance":[0.23099293003169297],"Energy":{"Mean":-197.22580645161293,"Sigma":0.26643598398701474,"Taucorr":1.0093909351859613},"EnergyVariance":{"Mean":23.303850156087414,"Sigma":1.7604575379824752,"Taucorr":0.7255758315308549},"Iteration":8},
{"Acceptance":[0.20262598822832864],"Energy":{"Mean":-199.48790322580646,"Sigma":0.1938316978906698,"Taucorr":0.5600114103994305},"EnergyVariance":{"Mean":17.56235366805411,"Sigma":1.2638919808936382,"Taucorr":0.4501847607740004},"Iteration":9},
{"Acceptance":[0.18162504788771636],"Energy":{"Mean":-200.66532258064515,"Sigma":0.1760457041377884,"Taucorr":0.5105367838308417},"EnergyVariance":{"Mean":15.196458766909469,"Sigma":1.0310081354849634,"Taucorr":0.2723537417592926},"Iteration":10},
{"Acceptance":[0.16274858078222407],"Energy":{"Mean":-201.5554435483871,"Sigma":0.20446189332292047,"Taucorr":1.1247788784139192},"EnergyVariance":{"Mean":12.748942141974505,"Sigma":0.9152401580170294,"Taucorr":0.4373451449864083},"Iteration":11},
{"Acceptance":[0.14869571274335666],"Energy":{"Mean":-202.32560483870972,"Sigma":0.1259021059880687,"Taucorr":0.2871932219038865},"EnergyVariance":{"Mean":9.977650843847554,"Sigma":0.7689181228656089,"Taucorr":0.3070929550700051},"Iteration":12},
{"Acceptance":[0.1380559328527148],"Energy":{"Mean":-203.10987903225808,"Sigma":0.14232928553284915,"Taucorr":0.5639307137507745},"EnergyVariance":{"Mean":9.434499178915193,"Sigma":0.8158740697791145,"Taucorr":0.4617225476213753},"Iteration":13},
{"Acceptance":[0.12433392539964476],"Energy":{"Mean":-203.73689516129028,"Sigma":0.09541283161813925,"Taucorr":0.1952333906409489},"EnergyVariance":{"Mean":6.488235521266912,"Sigma":0.4072931663127791,"Taucorr":0.1109679430819297},"Iteration":14},
{"Acceptance":[0.12173928185839167],"Energy":{"Mean":-203.97076612903223,"Sigma":0.12805355898928864,"Taucorr":0.912522208715385},"EnergyVariance":{"Mean":5.752169574336629,"Sigma":0.44166971034330044,"Taucorr":0.21834304497336632},"Iteration":15},
{"Acceptance":[0.10897502873262982],"Energy":{"Mean":-204.62197580645162,"Sigma":0.09572685952080022,"Taucorr":0.4789217538834658},"EnergyVariance":{"Mean":4.638347709092092,"Sigma":0.47140431841467834,"Taucorr":0.30928248370285905},"Iteration":16},
{"Acceptance":[0.10437780796155052],"Energy":{"Mean":-204.71270161290323,"Sigma":0.09407894078578519,"Taucorr":0.4592932532148464},"EnergyVariance":{"Mean":4.571693507739335,"Sigma":0.45283880230724494,"Taucorr":0.4519022800427881},"Iteration":17},
{"Acceptance":[0.09486991954863651],"Energy":{"Mean":-205.00604838709677,"Sigma":0.07291310506142332,"Taucorr":0.22267404062851937},"EnergyVariance":{"Mean":3.645124707336108,"Sigma":0.3790217067410449,"Taucorr":0.27787024725383247},"Iteration":18},
{"Acceptance":[0.08898408386445164],"Energy":{"Mean":-205.15524193548384,"Sigma":0.08226572347329604,"Taucorr":0.48299411382714386},"EnergyVariance":{"Mean":3.411383812434964,"Sigma":0.2864945206808187,"Taucorr":0.29171946971468055},"Iteration":19},
{"Acceptance":[0.08288928359976318],"Energy":{"Mean":-205.53729838709677,"Sigma":0.06550920010426296,"Taucorr":0.3263685173769232},"EnergyVariance":{"Mean":2.5732056045135274,"Sigma":0.24164493027065279,"Taucorr":0.2442968872160619},"Iteration":20},
{"Acceptance":[0.07569741928743078],"Energy":{"Mean":-205.5504032258065,"Sigma":0.0763498242012842,"Taucorr":0.6099481105329791},"EnergyVariance":{"Mean":2.6022982245057227,"Sigma":0.33907306454702857,"Taucorr":0.5921009878534482},"Iteration":21},
{"Acceptance":[0.07280674259046425],"Energy":{"Mean":-205.77923387096777,"Sigma":0.07870998038897994,"Taucorr":0.8850275148707574},"EnergyVariance":{"Mean":2.2163832840140483,"Sigma":0.3280695957277504,"Taucorr":1.2203597566421436},"Iteration":22},
{"Acceptance":[0.07127433566677115],"Energy":{"Mean":-205.90423387096777,"Sigma":0.06578937242128509,"Taucorr":0.8182251701185925},"EnergyVariance":{"Mean":1.626917558207596,"Sigma":0.18080355945453308,"Taucorr":0.5147747260838766},"Iteration":23},
{"Acceptance":[0.06711245777174102],"Energy":{"Mean":-205.99294354838705,"Sigma":0.06058403444634108,"Taucorr":0.5422863198461056},"EnergyVariance":{"Mean":1.74490988390999,"Sigma":0.2635127512415441,"Taucorr":0.37677172240488943},"Iteration":24},
{"Acceptance":[0.06469195138090761],"Energy":{"Mean":-206.14919354838713,"Sigma":0.040930398747427536,"Taucorr":0.15671611913616934},"EnergyVariance":{"Mean":1.2640316077003122,"Sigma":0.15086464880780395,"Taucorr":-0.006192111149170898},"Iteration":25},
{"Acceptance":[0.06072162435133911],"Energy":{"Mean":-206.1381048387097,"Sigma":0.05059238697855033,"Taucorr":0.3511925961037041},"EnergyVariance":{"Mean":1.4899996341701351,"Sigma":0.1935268525709072,"Taucorr":0.13879934324318854},"Iteration":26},
{"Acceptance":[0.0584056002507575],"Energy":{"Mean":-206.14616935483866,"Sigma":0.057098349865870104,"Taucorr":0.562813687467199},"EnergyVariance":{"Mean":1.5199651648673258,"Sigma":0.16003264394177383,"Taucorr":-0.07569716976724744},"Iteration":27},
{"Acceptance":[0.0553407864033713],"Energy":{"Mean":-206.27116935483866,"Sigma":0.056451012861633156,"Taucorr":0.7431088355099944},"EnergyVariance":{"Mean":1.2702171809963578,"Sigma":0.20254085693180482,"Taucorr":0.36946797036231616},"Iteration":28},
{"Acceptance":[0.05527113154320343],"Energy":{"Mean":-206.30342741935482,"Sigma":0.05418850783010462,"Taucorr":0.6814528486378897},"EnergyVariance":{"Mean":1.2315205108610823,"Sigma":0.21594634913411667,"Taucorr":0.49432720308468503},"Iteration":29},
{"Acceptance":[0.05072615191725002],"Energy":{"Mean":-206.4334677419355,"Sigma":0.04332410635108713,"Taucorr":0.34517667150560905},"EnergyVariance":{"Mean":1.100412168314256,"Sigma":0.1684985034035889,"Taucorr":0.32435829188690324},"Iteration":30},
{"Acceptance":[0.04978581130498381],"Energy":{"Mean":-206.49294354838713,"Sigma":0.04529041400520536,"Taucorr":0.7326529924767502},"EnergyVariance":{"Mean":0.8245469806841831,"Sigma":0.1079037491358817,"Taucorr":0.1352682458524591},"Iteration":31},
{"Acceptance":[0.04870616097238185],"Energy":{"Mean":-206.49092741935488,"Sigma":0.05082884811018307,"Taucorr":0.5708313534750267},"EnergyVariance":{"Mean":1.1954822044094693,"Sigma":0.4499112690498664,"Taucorr":0.8533349687421967},"Iteration":32},
{"Acceptance":[0.04715634033364678],"Energy":{"Mean":-206.58568548387098,"Sigma":0.03168274768766879,"Taucorr":0.29489095429801016},"EnergyVariance":{"Mean":0.6257225139828303,"Sigma":0.10070170231111206,"Taucorr":0.3471558016005182},"Iteration":33},
{"Acceptance":[0.04536272768432417],"Energy":{"Mean":-206.52116935483872,"Sigma":0.04213581054784173,"Taucorr":0.5674334835565296},"EnergyVariance":{"Mean":0.8241486326092612,"Sigma":0.10777682920710618,"Taucorr":0.2254086164351755},"Iteration":34},
{"Acceptance":[0.04484031623306516],"Energy":{"Mean":-206.55040322580646,"Sigma":0.04344356535346563,"Taucorr":0.6432165862513675},"EnergyVariance":{"Mean":0.8180240309573361,"Sigma":0.1385368028887218,"Taucorr":0.4458780963799708},"Iteration":35},
{"Acceptance":[0.04367359732525337],"Energy":{"Mean":-206.6320564516129,"Sigma":0.03730655969748315,"Taucorr":0.5916052611682954},"EnergyVariance":{"Mean":0.6317546419745056,"Sigma":0.11907152510883309,"Taucorr":0.2327068192640499},"Iteration":36},
{"Acceptance":[0.041949639536098635],"Energy":{"Mean":-206.65020161290323,"Sigma":0.04441741675518227,"Taucorr":0.6745776735875513},"EnergyVariance":{"Mean":0.8322781851586891,"Sigma":0.21115839034737863,"Taucorr":0.4804481881377296},"Iteration":37},
{"Acceptance":[0.040626197192909136],"Energy":{"Mean":-206.6461693548387,"Sigma":0.050020726063303,"Taucorr":0.868326127308261},"EnergyVariance":{"Mean":0.9060538745447454,"Sigma":0.29686521288494994,"Taucorr":1.0400142123439797},"Iteration":38},
{"Acceptance":[0.041148608644168146],"Energy":{"Mean":-206.68749999999997,"Sigma":0.026085312886509966,"Taucorr":0.11130911583278424},"EnergyVariance":{"Mean":0.5515372983870966,"Sigma":0.08643349871757641,"Taucorr":0.17562200040451836},"Iteration":39},
{"Acceptance":[0.038971894263922266],"Energy":{"Mean":-206.73487903225802,"Sigma":0.021634670971228752,"Taucorr":-0.01795355419202721},"EnergyVariance":{"Mean":0.48112216278616016,"Sigma":0.07456876695122196,"Taucorr":-0.08063002367820465},"Iteration":40},
{"Acceptance":[0.038902239403754396],"Energy":{"Mean":-206.76915322580643,"Sigma":0.03554720032950635,"Taucorr":0.6208556863130446},"EnergyVariance":{"Mean":0.5586049281347556,"Sigma":0.20002662310908262,"Taucorr":0.34865007547167337},"Iteration":41},
{"Acceptance":[0.03702155817922195],"Energy":{"Mean":-206.72883064516128,"Sigma":0.0295714198041516,"Taucorr":0.1865732652547013},"EnergyVariance":{"Mean":0.6311042777705514,"Sigma":0.1387844559746713,"Taucorr":0.048052726465001916},"Iteration":42},
{"Acceptance":[0.03667328387838262],"Energy":{"Mean":-206.75504032258067,"Sigma":0.028066949282733553,"Taucorr":0.3282997832813943},"EnergyVariance":{"Mean":0.4712447564386056,"Sigma":0.07624997551739553,"Taucorr":0.1835905050031832},"Iteration":43},
{"Acceptance":[0.03597673527670393],"Energy":{"Mean":-206.7993951612903,"Sigma":0.025711244909784776,"Taucorr":0.593776672333344},"EnergyVariance":{"Mean":0.29947544062174825,"Sigma":0.05050611112308899,"Taucorr":0.07405369998904787},"Iteration":44},
{"Acceptance":[0.037439487340229165],"Energy":{"Mean":-206.76310483870967,"Sigma":0.0332610374076723,"Taucorr":0.6736452121267094},"EnergyVariance":{"Mean":0.4670661664282,"Sigma":0.11330393680749548,"Taucorr":0.36355513582492005},"Iteration":45},
{"Acceptance":[0.03557621983073869],"Energy":{"Mean":-206.85080645161287,"Sigma":0.017908401605808855,"Taucorr":0.0713297188285753},"EnergyVariance":{"Mean":0.2781445109261187,"Sigma":0.048240253451985834,"Taucorr":-0.017487796885048312},"Iteration":46},
{"Acceptance":[0.035193118099815415],"Energy":{"Mean":-206.85080645161293,"Sigma":0.022390230173331256,"Taucorr":0.5717584473285189},"EnergyVariance":{"Mean":0.2317735431841831,"Sigma":0.04880844155153688,"Taucorr":0.2837700227765152},"Iteration":47},
{"Acceptance":[0.03491449865914394],"Energy":{"Mean":-206.83064516129033,"Sigma":0.02721898643112639,"Taucorr":0.28900906252911907},"EnergyVariance":{"Mean":0.46527055150884494,"Sigma":0.12542153953062984,"Taucorr":0.15725491011709447},"Iteration":48},
{"Acceptance":[0.03305123114965347],"Energy":{"Mean":-206.85987903225805,"Sigma":0.03131280542736849,"Taucorr":1.2749755275953685},"EnergyVariance":{"Mean":0.27371288859261184,"Sigma":0.08951574625965367,"Taucorr":0.9387290883865618},"Iteration":49} 
]}