{"Output": [
{"Acceptance":[0.9395604395604396],"Energy":{"Mean":-8.983870967741936,"Sigma":0.19501016098112114,"Taucorr":-0.030705486245236557},"EnergyVariance":{"Mean":4.983610822060355,"Sigma":0.6888248686084149,"Taucorr":0.06280535396752007},"Iteration":0},
{"Acceptance":[0.917032967032967],"Energy":{"Mean":-9.709677419354838,"Sigma":0.1731650240771761,"Taucorr":0.02989236059201683},"EnergyVariance":{"Mean":3.480228928199792,"Sigma":0.5029868596712163,"Taucorr":0.026165214335426734},"Iteration":1},
{"Acceptance":[0.8835164835164835],"Energy":{"Mean":-9.661290322580644,"Sigma":0.1903408046678626,"Taucorr":0.08071055664790838},"EnergyVariance":{"Mean":3.8368886576482826,"Sigma":0.4085871186402563,"Taucorr":-0.011577768378646158},"Iteration":2},
{"Acceptance":[0.8467032967032967],"Energy":{"Mean":-9.500000000000002,"Sigma":0.16230861351605894,"Taucorr":-0.0545454545454544},"EnergyVariance":{"Mean":3.637096774193548,"Sigma":0.6031769286160626,"Taucorr":0.05385853746490454},"Iteration":3},
{"Acceptance":[0.7939560439560439],"Energy":{"Mean":-10.35483870967742,"Sigma":0.20139773464452004,"Taucorr":0.13595138612548097},"EnergyVariance":{"Mean":3.922476586888659,"Sigma":0.5787076624804083,"Taucorr":-0.024465483557089662},"Iteration":4},
{"Acceptance":[0.7445054945054945],"Energy":{"Mean":-10.298387096774192,"Sigma":0.18236032909835084,"Taucorr":0.02186395393219276},"EnergyVariance":{"Mean":3.9190296566077,"Sigma":0.5727667807981702,"Taucorr":0.18408261403593218},"Iteration":5},
{"Acceptance":[0.7417582417582418],"Energy":{"Mean":-10.685483870967744,"Sigma":0.1723367787615549,"Taucorr":-0.038462802583359434},"EnergyVariance":{"Mean":3.95753121748179,"Sigma":0.48420528164577936,"Taucorr":-0.11383600859413712},"Iteration":6},
{"Acceptance":[0.6994505494505494],"Energy":{"Mean":-11.024193548387098,"Sigma":0.19686891779636387,"Taucorr":0.10950092298481617},"EnergyVariance":{"Mean":3.9107049947970878,"Sigma":0.4918598223413456,"Taucorr":0.00290794908730041},"Iteration":7},
{"Acceptance":[0.6241758241758242],"Energy":{"Mean":-11.588709677419358,"Sigma":0.2544096019758756,"Taucorr":0.24109484543572246},"EnergyVariance":{"Mean":5.37116285119667,"Sigma":0.7330407800708609,"Taucorr":0.29377178447128305},"Iteration":8},
{"Acceptance":[0.5510989010989011],"Energy":{"Mean":-11.959677419354838,"Sigma":0.24840804268617359,"Taucorr":0.27550336908416706},"EnergyVariance":{"Mean":4.893535379812693,"Sigma":0.5680641875415897,"Taucorr":0.05751660956246196},"Iteration":9},
{"Acceptance":[0.5516483516483517],"Energy":{"Mean":-11.774193548387098,"Sigma":0.2795337031994873,"Taucorr":0.4585175383976755},"EnergyVariance":{"Mean":5.013527575442248,"Sigma":0.5419723815424873,"Taucorr":0.07572888086123053},"Iteration":10},
{"Acceptance":[0.48131868131868133],"Energy":{"Mean":-12.37903225806451,"Sigma":0.30073185099332755,"Taucorr":0.5124889009909188},"EnergyVariance":{"Mean":5.493431321540062,"Sigma":0.5911646568208269,"Taucorr":0.10729393127841591},"Iteration":11},
{"Acceptance":[0.4543956043956044],"Energy":{"Mean":-12.379032258064514,"Sigma":0.2760295896709554,"Taucorr":0.585684794237753},"EnergyVariance":{"Mean":4.3160119667013515,"Sigma":0.5597722597769266,"Taucorr":0.09548450858499036},"Iteration":12},
{"Acceptance":[0.3840659340659341],"Energy":{"Mean":-13.177419354838714,"Sigma":0.28402671680403724,"Taucorr":0.43198211405952214},"EnergyVariance":{"Mean":5.323361082206036,"Sigma":0.4390543337910662,"Taucorr":-0.12055299899956079},"Iteration":13},
{"Acceptance":[0.31978021978021975],"Energy":{"Mean":-13.798387096774194,"Sigma":0.2690133692861106,"Taucorr":0.46153067963074834},"EnergyVariance":{"Mean":4.628707075962538,"Sigma":0.6942825595878483,"Taucorr":0.1955263941149088},"Iteration":14},
{"Acceptance":[0.260989010989011],"Energy":{"Mean":-14.588709677419356,"Sigma":0.2282319806148404,"Taucorr":0.45945382652564337},"EnergyVariance":{"Mean":3.3389047866805415,"Sigma":0.7000433301690099,"Taucorr":0.2215633222054183},"Iteration":15},
{"Acceptance":[0.27197802197802196],"Energy":{"Mean":-14.274193548387096,"Sigma":0.23910531003918575,"Taucorr":0.6217237945057679},"EnergyVariance":{"Mean":3.134495317377732,"Sigma":0.49496326720652045,"Taucorr":0.22176865076820862},"Iteration":16},
{"Acceptance":[0.2379120879120879],"Energy":{"Mean":-14.556451612903226,"Sigma":0.2332304911857163,"Taucorr":0.601492537313433},"EnergyVariance":{"Mean":3.037135796045786,"Sigma":0.48740366859200723,"Taucorr":0.3700473603787463},"Iteration":17},
{"Acceptance":[0.22032967032967032],"Energy":{"Mean":-14.846774193548388,"Sigma":0.2201775369167961,"Taucorr":0.6478028994216174},"EnergyVariance":{"Mean":2.5974895941727354,"Sigma":0.4496446904897813,"Taucorr":0.40462936780949643},"Iteration":18},
{"Acceptance":[0.21208791208791208],"Energy":{"Mean":-14.975806451612904,"Sigma":0.1508732817247557,"Taucorr":0.37262334292779864},"EnergyVariance":{"Mean":1.60425338189386,"Sigma":0.17206836565806186,"Taucorr":0.06452970387124257},"Iteration":19},
{"Acceptance":[0.17197802197802198],"Energy":{"Mean":-15.524193548387096,"Sigma":0.1077350136209342,"Taucorr":0.15600980216364824},"EnergyVariance":{"Mean":1.0881243496357957,"Sigma":0.314546210748494,"Taucorr":0.41878598438748826},"Iteration":20},
{"Acceptance":[0.18461538461538463],"Energy":{"Mean":-15.379032258064516,"Sigma":0.15591861320512232,"Taucorr":0.6360859896219426},"EnergyVariance":{"Mean":1.3160119667013526,"Sigma":0.2780678499009767,"Taucorr":0.4173948969276302},"Iteration":21},
{"Acceptance":[0.15164835164835164],"Energy":{"Mean":-15.475806451612904,"Sigma":0.1574130749672833,"Taucorr":0.25911167266012225},"EnergyVariance":{"Mean":2.007479188345473,"Sigma":0.9219850739370493,"Taucorr":0.34853500328352804},"Iteration":22},
{"Acceptance":[0.16703296703296702],"Energy":{"Mean":-15.500000000000002,"Sigma":0.11299919116657904,"Taucorr":0.25484496124031},"EnergyVariance":{"Mean":1.0403225806451613,"Sigma":0.2147444011417147,"Taucorr":0.23487698011459435},"Iteration":23},
{"Acceptance":[0.1576923076923077],"Energy":{"Mean":-15.596774193548386,"Sigma":0.11918034323813659,"Taucorr":0.4515160102011907},"EnergyVariance":{"Mean":0.918054110301769,"Sigma":0.28329164782773325,"Taucorr":0.2305640501907925},"Iteration":24},
{"Acceptance":[0.14505494505494507],"Energy":{"Mean":-15.903225806451614,"Sigma":0.047345418183412334,"Taucorr":0.09275727069351203},"EnergyVariance":{"Mean":0.23257023933402707,"Sigma":0.11069352106780053,"Taucorr":0.03470925574518746},"Iteration":25},
{"Acceptance":[0.16758241758241757],"Energy":{"Mean":-15.58064516129032,"Sigma":0.12453520941335491,"Taucorr":0.42260317060895836},"EnergyVariance":{"Mean":1.033818938605619,"Sigma":0.3806196377584525,"Taucorr":0.3446518060009396},"Iteration":26},
{"Acceptance":[0.16813186813186815],"Energy":{"Mean":-15.64516129032258,"Sigma":0.14926981485709492,"Taucorr":0.985469543147208},"EnergyVariance":{"Mean":0.9224765868886574,"Sigma":0.3937189569543174,"Taucorr":0.9807462754374408},"Iteration":27},
{"Acceptance":[0.15219780219780218],"Energy":{"Mean":-15.854838709677418,"Sigma":0.06737612443292072,"Taucorr":0.4782816773017321},"EnergyVariance":{"Mean":0.2853798126951093,"Sigma":0.1351350691908676,"Taucorr":0.49639298559768863},"Iteration":28},
{"Acceptance":[0.13516483516483516],"Energy":{"Mean":-15.733870967741936,"Sigma":0.09197320486296257,"Taucorr":0.34637604486297735},"EnergyVariance":{"Mean":0.614659209157128,"Sigma":0.2709261323318061,"Taucorr":0.3133847447596323},"Iteration":29},
{"Acceptance":[0.1423076923076923],"Energy":{"Mean":-15.86290322580645,"Sigma":0.05660501430804889,"Taucorr":0.29671312122008775},"EnergyVariance":{"Mean":0.2473335067637877,"Sigma":0.09748578331400308,"Taucorr":0.31103433812004455},"Iteration":30},
{"Acceptance":[0.1620879120879121],"Energy":{"Mean":-15.903225806451616,"Sigma":0.04127898029699915,"Taucorr":-0.04941275167785164},"EnergyVariance":{"Mean":0.23257023933402707,"Sigma":0.10246272859765933,"Taucorr":-0.041852700116575714},"Iteration":31},
{"Acceptance":[0.14065934065934066],"Energy":{"Mean":-15.71774193548387,"Sigma":0.08655747009676606,"Taucorr":0.3033563896133351},"EnergyVariance":{"Mean":0.5735561914672217,"Sigma":0.176446251277107,"Taucorr":0.21384052465491576},"Iteration":32},
{"Acceptance":[0.14175824175824175],"Energy":{"Mean":-15.854838709677418,"Sigma":0.05284155860346503,"Taucorr":0.10173199635369212},"EnergyVariance":{"Mean":0.2853798126951092,"Sigma":0.0999666438145862,"Taucorr":0.04526139254369088},"Iteration":33},
{"Acceptance":[0.13901098901098902],"Energy":{"Mean":-15.88709677419355,"Sigma":0.07934434758870218,"Taucorr":0.9808955223880591},"EnergyVariance":{"Mean":0.26144640998959423,"Sigma":0.17348420949789994,"Taucorr":0.7664784055371452},"Iteration":34},
{"Acceptance":[0.13736263736263737],"Energy":{"Mean":-15.887096774193548,"Sigma":0.05163809868897461,"Taucorr":0.12723880597014903},"EnergyVariance":{"Mean":0.2614464099895942,"Sigma":0.12083939125243365,"Taucorr":0.11446187767694171},"Iteration":35},
{"Acceptance":[0.13681318681318683],"Energy":{"Mean":-15.983870967741934,"Sigma":0.01612903225806453,"Taucorr":6.661338147750939e-16},"EnergyVariance":{"Mean":0.03199791883454734,"Sigma":0.031737773152965616,"Taucorr":0.0},"Iteration":36},
{"Acceptance":[0.13131868131868132],"Energy":{"Mean":-15.879032258064514,"Sigma":0.057817575254628786,"Taucorr":0.3174553917765711},"EnergyVariance":{"Mean":0.2514958376690947,"Sigma":0.11269925578215824,"Taucorr":0.21385344835623754},"Iteration":37},
{"Acceptance":[0.1445054945054945],"Energy":{"Mean":-15.951612903225806,"Sigma":0.048387096774193526,"Taucorr":0.5081967213114753},"EnergyVariance":{"Mean":0.1428199791883455,"Sigma":0.1404786680541103,"Taucorr":0.5081967213114755},"Iteration":38},
{"Acceptance":[0.1445054945054945],"Energy":{"Mean":-15.879032258064516,"Sigma":0.07411753937316905,"Taucorr":0.351729791769143},"EnergyVariance":{"Mean":0.3966571279916753,"Sigma":0.2539297597905641,"Taucorr":0.1930285176469031},"Iteration":39} 
]}