{"Output": [
{"Acceptance":[0.8907378335949765],"Energy":{"Mean":-507.12903225806446,"Sigma":1.3414339426695445,"Taucorr":0.01963803646508988},"EnergyVariance":{"Mean":212.96722164412068,"Sigma":21.75318592506791,"Taucorr":-0.07512187644543655},"Iteration":0},
{"Acceptance":[0.7255102040816327],"Energy":{"Mean":-512.6209677419356,"Sigma":1.2639475076583904,"Taucorr":-0.016531288293687108},"EnergyVariance":{"Mean":203.219237773153,"Sigma":29.456830957747925,"Taucorr":0.09951102645835685},"Iteration":1},
{"Acceptance":[0.5534536891679749],"Energy":{"Mean":-520.1612903225807,"Sigma":1.6943751182298599,"Taucorr":0.341192878301502},"EnergyVariance":{"Mean":209.89334027055153,"Sigma":23.155270660672098,"Taucorr":-0.044269036333306866},"Iteration":2},
{"Acceptance":[0.49317111459968604],"Energy":{"Mean":-528.6048387096773,"Sigma":1.070045107175823,"Taucorr":-0.13221813589368991},"EnergyVariance":{"Mean":191.46481529656606,"Sigma":23.742873731187803,"Taucorr":0.13466852676338759},"Iteration":3},
{"Acceptance":[0.4448979591836735],"Energy":{"Mean":-538.8790322580645,"Sigma":1.7344110186705328,"Taucorr":0.296563942920655},"EnergyVariance":{"Mean":232.2514958376691,"Sigma":31.237896005488437,"Taucorr":-0.044050973479483835},"Iteration":4},
{"Acceptance":[0.37331240188383047],"Energy":{"Mean":-553.4032258064518,"Sigma":1.8000775602822103,"Taucorr":0.41561127293894484},"EnergyVariance":{"Mean":217.64386056191466,"Sigma":28.049487087998084,"Taucorr":0.03492337317656102},"Iteration":5},
{"Acceptance":[0.3378335949764521],"Energy":{"Mean":-564.5645161290324,"Sigma":1.6195200297014656,"Taucorr":0.3751813013328372},"EnergyVariance":{"Mean":184.3103537981269,"Sigma":26.941185732161927,"Taucorr":0.11257136904890308},"Iteration":6},
{"Acceptance":[0.2960753532182104],"Energy":{"Mean":-575.7983870967743,"Sigma":1.3498516124561142,"Taucorr":0.3238683184635611},"EnergyVariance":{"Mean":136.01580385015603,"Sigma":15.441334352525072,"Taucorr":0.004596419022769083},"Iteration":7},
{"Acceptance":[0.27864992150706436],"Energy":{"Mean":-579.6774193548385,"Sigma":1.2567662863234017,"Taucorr":0.21461905846417328},"EnergyVariance":{"Mean":135.92819979188343,"Sigma":28.99237228271419,"Taucorr":-0.03374138963572387},"Iteration":8},
{"Acceptance":[0.25070643642072216],"Energy":{"Mean":-585.7016129032256,"Sigma":1.1507021789683918,"Taucorr":0.18440642779876426},"EnergyVariance":{"Mean":118.98354578563996,"Sigma":18.151772042284506,"Taucorr":-0.034136184690273075},"Iteration":9},
{"Acceptance":[0.2327315541601256],"Energy":{"Mean":-589.008064516129,"Sigma":0.877165819631653,"Taucorr":0.12321837426410476},"EnergyVariance":{"Mean":75.92735431841831,"Sigma":7.881456335709327,"Taucorr":-0.011755396056626177},"Iteration":10},
{"Acceptance":[0.19835164835164834],"Energy":{"Mean":-593.6532258064516,"Sigma":0.9169606629731535,"Taucorr":0.36020835068867774},"EnergyVariance":{"Mean":60.1136186264308,"Sigma":8.33047095577235,"Taucorr":0.14766323110151935},"Iteration":11},
{"Acceptance":[0.16687598116169544],"Energy":{"Mean":-599.9435483870968,"Sigma":0.6151874525733422,"Taucorr":0.04572094292811679},"EnergyVariance":{"Mean":42.65003902185223,"Sigma":4.4455663390132765,"Taucorr":-0.08320960364720015},"Iteration":12},
{"Acceptance":[0.14246467817896388],"Energy":{"Mean":-601.8387096774194,"Sigma":0.9959965822301203,"Taucorr":0.45702444010969134},"EnergyVariance":{"Mean":63.74817898022893,"Sigma":10.880457668131221,"Taucorr":0.40768513426288844},"Iteration":13},
{"Acceptance":[0.12527472527472527],"Energy":{"Mean":-605.6935483870969,"Sigma":0.872420135099061,"Taucorr":0.4119977698370503},"EnergyVariance":{"Mean":51.32544224765868,"Sigma":7.419701448281879,"Taucorr":0.024633982533062926},"Iteration":14},
{"Acceptance":[0.11538461538461539],"Energy":{"Mean":-608.6370967741937,"Sigma":0.4952514715959312,"Taucorr":-0.004470590246097028},"EnergyVariance":{"Mean":30.44088189386055,"Sigma":3.473488140525491,"Taucorr":-0.007544003449850234},"Iteration":15},
{"Acceptance":[0.09952904238618525],"Energy":{"Mean":-610.0403225806454,"Sigma":0.5193949092936986,"Taucorr":0.2691324338584469},"EnergyVariance":{"Mean":21.570954734651405,"Sigma":2.921971875196332,"Taucorr":0.04206424552952304},"Iteration":16},
{"Acceptance":[0.09183673469387756],"Energy":{"Mean":-612.3790322580647,"Sigma":0.514947404108002,"Taucorr":0.3571571653694},"EnergyVariance":{"Mean":19.025689386056197,"Sigma":4.027679363494662,"Taucorr":0.446586016618428},"Iteration":17},
{"Acceptance":[0.08194662480376766],"Energy":{"Mean":-613.7177419354839,"Sigma":0.4213301286995524,"Taucorr":0.2393069642691955},"EnergyVariance":{"Mean":14.767104578563995,"Sigma":2.233842580619518,"Taucorr":0.1351868526422545},"Iteration":18},
{"Acceptance":[0.07747252747252747],"Energy":{"Mean":-614.3951612903227,"Sigma":0.41845436820833126,"Taucorr":0.20741539815523224},"EnergyVariance":{"Mean":15.222879812695108,"Sigma":2.5156577856346574,"Taucorr":-0.011798594303002452},"Iteration":19},
{"Acceptance":[0.06255886970172685],"Energy":{"Mean":-616.1532258064516,"Sigma":0.30158127601413826,"Taucorr":0.1362733130627075},"EnergyVariance":{"Mean":8.791037981269513,"Sigma":2.406057169765104,"Taucorr":0.17432334395799742},"Iteration":20},
{"Acceptance":[0.06263736263736264],"Energy":{"Mean":-615.7983870967744,"Sigma":0.4340078530517357,"Taucorr":0.5231453665037171},"EnergyVariance":{"Mean":11.32225546305931,"Sigma":2.504758508651322,"Taucorr":0.31674112182414793},"Iteration":21},
{"Acceptance":[0.051491365777080064],"Energy":{"Mean":-617.3387096774195,"Sigma":0.3176163716750433,"Taucorr":0.3400674557046809},"EnergyVariance":{"Mean":7.385275754422475,"Sigma":1.0996841458508797,"Taucorr":-0.0012670437699717207},"Iteration":22},
{"Acceptance":[0.04709576138147567],"Energy":{"Mean":-617.4274193548384,"Sigma":0.3326323708511533,"Taucorr":0.4694680466629426},"EnergyVariance":{"Mean":7.018925598335065,"Sigma":1.3309760921565188,"Taucorr":0.2331941379818785},"Iteration":23},
{"Acceptance":[0.045054945054945054],"Energy":{"Mean":-617.3145161290321,"Sigma":0.32687995189108554,"Taucorr":0.33084918305088107},"EnergyVariance":{"Mean":7.909144120707597,"Sigma":2.6702157345126856,"Taucorr":-0.013183039226390303},"Iteration":24},
{"Acceptance":[0.043249607535321824],"Energy":{"Mean":-618.233870967742,"Sigma":0.23644303113414847,"Taucorr":0.06228421914719007},"EnergyVariance":{"Mean":6.114659209157127,"Sigma":1.1800407860016005,"Taucorr":-0.03608092938294544},"Iteration":25},
{"Acceptance":[0.038304552590266876],"Energy":{"Mean":-618.2096774193549,"Sigma":0.23131716525150867,"Taucorr":0.25209733040014903},"EnergyVariance":{"Mean":4.375390218522373,"Sigma":0.8353017955920679,"Taucorr":0.15193164670450587},"Iteration":26},
{"Acceptance":[0.039952904238618525],"Energy":{"Mean":-618.2419354838709,"Sigma":0.24359644900692562,"Taucorr":0.2900957476767203},"EnergyVariance":{"Mean":4.61888657648283,"Sigma":0.9418251731902639,"Taucorr":0.1769534103236513},"Iteration":27},
{"Acceptance":[0.03226059654631083],"Energy":{"Mean":-618.8225806451615,"Sigma":0.2734176244572647,"Taucorr":0.24029447492981604},"EnergyVariance":{"Mean":6.210457856399585,"Sigma":2.222397988811307,"Taucorr":0.10349444803887387},"Iteration":28},
{"Acceptance":[0.02967032967032967],"Energy":{"Mean":-619.2983870967741,"Sigma":0.1830958951838068,"Taucorr":0.5394176858257635},"EnergyVariance":{"Mean":1.9835457856399583,"Sigma":0.6102016575493807,"Taucorr":0.571714687632098},"Iteration":29},
{"Acceptance":[0.02770800627943485],"Energy":{"Mean":-619.2338709677418,"Sigma":0.20541574806364996,"Taucorr":0.7365946632782729},"EnergyVariance":{"Mean":2.0985301768990636,"Sigma":0.7823894615109783,"Taucorr":0.36917506020367175},"Iteration":30},
{"Acceptance":[0.027551020408163266],"Energy":{"Mean":-619.4032258064517,"Sigma":0.12735809062096629,"Taucorr":0.1955423544349757},"EnergyVariance":{"Mean":1.4341831425598335,"Sigma":0.4791520950659783,"Taucorr":0.014332754328970632},"Iteration":31},
{"Acceptance":[0.031161695447409734],"Energy":{"Mean":-619.3629032258065,"Sigma":0.15373430056983484,"Taucorr":0.24888918674396487},"EnergyVariance":{"Mean":1.940881893860562,"Sigma":0.9950101207621558,"Taucorr":0.4188514612700617},"Iteration":32},
{"Acceptance":[0.030141287284144426],"Energy":{"Mean":-619.1451612903226,"Sigma":0.20731715403857048,"Taucorr":0.4890805996300769},"EnergyVariance":{"Mean":2.672476586888657,"Sigma":0.768696767702256,"Taucorr":0.13755712995214542},"Iteration":33},
{"Acceptance":[0.025824175824175823],"Energy":{"Mean":-619.3467741935483,"Sigma":0.14967591304396183,"Taucorr":0.11880239520959435},"EnergyVariance":{"Mean":2.2265218522372527,"Sigma":0.7285142034763685,"Taucorr":0.07159522507482674},"Iteration":34},
{"Acceptance":[0.02543171114599686],"Energy":{"Mean":-619.5887096774193,"Sigma":0.11967046323580363,"Taucorr":0.2479041254763349},"EnergyVariance":{"Mean":1.177614464099896,"Sigma":0.4983903926027552,"Taucorr":-0.013876744089495796},"Iteration":35},
{"Acceptance":[0.026609105180533752],"Energy":{"Mean":-619.5403225806452,"Sigma":0.1512034048878229,"Taucorr":0.3350121663898753},"EnergyVariance":{"Mean":1.683857960457856,"Sigma":0.8220324651866302,"Taucorr":0.3160169948938656},"Iteration":36},
{"Acceptance":[0.023312401883830457],"Energy":{"Mean":-619.6693548387098,"Sigma":0.08782550574233348,"Taucorr":0.07984736465535724},"EnergyVariance":{"Mean":0.8180931321540064,"Sigma":0.3062920444186095,"Taucorr":0.08794366906414508},"Iteration":37},
{"Acceptance":[0.02511773940345369],"Energy":{"Mean":-619.532258064516,"Sigma":0.15499823771277782,"Taucorr":0.7823492887784693},"EnergyVariance":{"Mean":1.152185223725286,"Sigma":0.4364384534835197,"Taucorr":0.7327303153520308},"Iteration":38},
{"Acceptance":[0.021585557299843013],"Energy":{"Mean":-619.7822580645162,"Sigma":0.08094032007904522,"Taucorr":0.37464351263585083},"EnergyVariance":{"Mean":0.46065296566077,"Sigma":0.1989372287073985,"Taucorr":0.18653115213434301},"Iteration":39},
{"Acceptance":[0.023076923076923078],"Energy":{"Mean":-619.7983870967741,"Sigma":0.09659481583430209,"Taucorr":0.171527513509381},"EnergyVariance":{"Mean":0.8545135275754422,"Sigma":0.6505665623443397,"Taucorr":0.034499172653583265},"Iteration":40},
{"Acceptance":[0.021507064364207223],"Energy":{"Mean":-619.5967741935482,"Sigma":0.10151898715016022,"Taucorr":0.19040096344573},"EnergyVariance":{"Mean":0.9180541103017689,"Sigma":0.30114348439415484,"Taucorr":0.2747069503767706},"Iteration":41},
{"Acceptance":[0.02598116169544741],"Energy":{"Mean":-619.5725806451613,"Sigma":0.1594654833329459,"Taucorr":0.28719677873441474},"EnergyVariance":{"Mean":1.9866675338189392,"Sigma":0.7806262207130096,"Taucorr":0.09597077290312084},"Iteration":42},
{"Acceptance":[0.020094191522762952],"Energy":{"Mean":-619.7903225806449,"Sigma":0.07155790777963536,"Taucorr":0.27251116783655727},"EnergyVariance":{"Mean":0.4076482830385016,"Sigma":0.15683731293476239,"Taucorr":0.23267020421187168},"Iteration":43},
{"Acceptance":[0.023390894819466247],"Energy":{"Mean":-619.8064516129031,"Sigma":0.07487415734474112,"Taucorr":0.33249057788943215},"EnergyVariance":{"Mean":0.41415192507804366,"Sigma":0.23882413562511662,"Taucorr":0.41362377294035235},"Iteration":44},
{"Acceptance":[0.023076923076923078],"Energy":{"Mean":-619.8951612903227,"Sigma":0.05155406592590927,"Taucorr":0.03852581958433621},"EnergyVariance":{"Mean":0.3035249739854319,"Sigma":0.20373886385162468,"Taucorr":-0.002484196719759968},"Iteration":45},
{"Acceptance":[0.02032967032967033],"Energy":{"Mean":-619.798387096774,"Sigma":0.10331817104250701,"Taucorr":0.3852231868806565},"EnergyVariance":{"Mean":0.7416103017689903,"Sigma":0.5438762202874396,"Taucorr":0.47304774279393247},"Iteration":46},
{"Acceptance":[0.019309262166405022],"Energy":{"Mean":-619.741935483871,"Sigma":0.12458742178770114,"Taucorr":0.5986526946107571},"EnergyVariance":{"Mean":0.8688865764828304,"Sigma":0.4364264203720297,"Taucorr":0.4787015427186565},"Iteration":47},
{"Acceptance":[0.02315541601255887],"Energy":{"Mean":-619.5645161290323,"Sigma":0.1400689835495985,"Taucorr":0.238907917795098},"EnergyVariance":{"Mean":1.6329344432882413,"Sigma":0.628083398550338,"Taucorr":0.21863412333511423},"Iteration":48},
{"Acceptance":[0.02433281004709576],"Energy":{"Mean":-619.8387096774193,"Sigma":0.07382446768610472,"Taucorr":0.31856734434565426},"EnergyVariance":{"Mean":0.4094693028095735,"Sigma":0.24395384203613388,"Taucorr":0.4007849366958691},"Iteration":49} 
]}