{"Output": [
{"Acceptance":[0.9467532467532468],"Energy":{"Mean":-5.556451612903224,"Sigma":0.1528007687217453,"Taucorr":-0.016955827334981355},"EnergyVariance":{"Mean":2.972619667013528,"Sigma":0.4413276389053977,"Taucorr":-0.00805360175090325},"Iteration":0},
{"Acceptance":[0.9149350649350649],"Energy":{"Mean":-5.71774193548387,"Sigma":0.1310328774941284,"Taucorr":-0.05633283235414677},"EnergyVariance":{"Mean":2.3800078043704467,"Sigma":0.22800082359133084,"Taucorr":-0.09236865636985675},"Iteration":1},
{"Acceptance":[0.8805194805194805],"Energy":{"Mean":-5.919354838709677,"Sigma":0.1440519137932542,"Taucorr":0.028911051212938133},"EnergyVariance":{"Mean":2.4128511966701347,"Sigma":0.260725334095762,"Taucorr":-0.07939007720617897},"Iteration":2},
{"Acceptance":[0.8474025974025974],"Energy":{"Mean":-6.088709677419354,"Sigma":0.13093357253291876,"Taucorr":-0.06997798350088852},"EnergyVariance":{"Mean":2.4518080124869925,"Sigma":0.2895539741828431,"Taucorr":0.0035981141003801342},"Iteration":3},
{"Acceptance":[0.8396103896103896],"Energy":{"Mean":-6.201612903225806,"Sigma":0.13786942300924393,"Taucorr":-0.15151709028868343},"EnergyVariance":{"Mean":3.354513527575442,"Sigma":0.3680121318048554,"Taucorr":-0.02172006938800164},"Iteration":4},
{"Acceptance":[0.785064935064935],"Energy":{"Mean":-6.475806451612902,"Sigma":0.18122746011487284,"Taucorr":0.21371940710099968},"EnergyVariance":{"Mean":2.8300598335067635,"Sigma":0.33837148403321127,"Taucorr":0.07452382947220548},"Iteration":5},
{"Acceptance":[0.7558441558441559],"Energy":{"Mean":-6.419354838709678,"Sigma":0.19063670086570816,"Taucorr":0.3146738099753462},"EnergyVariance":{"Mean":2.743496357960458,"Sigma":0.29842381429350767,"Taucorr":-0.014775961387303416},"Iteration":6},
{"Acceptance":[0.7155844155844155],"Energy":{"Mean":-6.870967741935484,"Sigma":0.1663455109029756,"Taucorr":0.1099916076091011},"EnergyVariance":{"Mean":2.7898022892819987,"Sigma":0.3040363734299006,"Taucorr":-0.08001506518520934},"Iteration":7},
{"Acceptance":[0.6441558441558441],"Energy":{"Mean":-7.088709677419356,"Sigma":0.16170645243872955,"Taucorr":0.00867293410956338},"EnergyVariance":{"Mean":3.1614854318418306,"Sigma":0.3564499430837626,"Taucorr":-0.034078375291662966},"Iteration":8},
{"Acceptance":[0.6214285714285714],"Energy":{"Mean":-7.21774193548387,"Sigma":0.1675013783781638,"Taucorr":0.1461701454005213},"EnergyVariance":{"Mean":2.670330385015608,"Sigma":0.32495209173731066,"Taucorr":-0.13376736342368173},"Iteration":9},
{"Acceptance":[0.5811688311688312],"Energy":{"Mean":-7.45967741935484,"Sigma":0.16276210218516773,"Taucorr":0.2687421364347743},"EnergyVariance":{"Mean":2.119341831425599,"Sigma":0.24414124985020083,"Taucorr":0.10821456869059876},"Iteration":10},
{"Acceptance":[0.5292207792207793],"Energy":{"Mean":-7.596774193548388,"Sigma":0.15366377700973538,"Taucorr":0.22074241446094256},"EnergyVariance":{"Mean":2.0148283038501558,"Sigma":0.23893280247896434,"Taucorr":0.04975006553017702},"Iteration":11},
{"Acceptance":[0.5051948051948052],"Energy":{"Mean":-7.693548387096773,"Sigma":0.17799271966934385,"Taucorr":0.32078630136986297},"EnergyVariance":{"Mean":2.373829344432883,"Sigma":0.31383795039648904,"Taucorr":-0.11347036302449126},"Iteration":12},
{"Acceptance":[0.4344155844155844],"Energy":{"Mean":-8.169354838709678,"Sigma":0.1992550294741012,"Taucorr":0.45982871021347316},"EnergyVariance":{"Mean":2.543899583766909,"Sigma":0.2899418504573977,"Taucorr":0.057373416786954956},"Iteration":13},
{"Acceptance":[0.40714285714285714],"Energy":{"Mean":-8.290322580645162,"Sigma":0.15730286100315533,"Taucorr":0.07609562733897979},"EnergyVariance":{"Mean":2.6415192507804375,"Sigma":0.3927256435161834,"Taucorr":-0.05673456944044175},"Iteration":14},
{"Acceptance":[0.3564935064935065],"Energy":{"Mean":-8.580645161290324,"Sigma":0.1641150497864954,"Taucorr":0.2893999504091249},"EnergyVariance":{"Mean":2.098335067637877,"Sigma":0.2970879173908239,"Taucorr":0.12892708246523543},"Iteration":15},
{"Acceptance":[0.3448051948051948],"Energy":{"Mean":-8.532258064516132,"Sigma":0.13606506166498672,"Taucorr":0.11687808315715287},"EnergyVariance":{"Mean":1.8457336108220606,"Sigma":0.2163222327695161,"Taucorr":0.0049133372534331254},"Iteration":16},
{"Acceptance":[0.31883116883116885],"Energy":{"Mean":-8.741935483870968,"Sigma":0.14686869225427673,"Taucorr":0.22869034009717082},"EnergyVariance":{"Mean":1.820499479708637,"Sigma":0.28940311654315254,"Taucorr":0.1157175927671199},"Iteration":17},
{"Acceptance":[0.29415584415584417],"Energy":{"Mean":-8.92741935483871,"Sigma":0.16072481507552402,"Taucorr":0.4455312560479969},"EnergyVariance":{"Mean":1.6802159209157128,"Sigma":0.24573269372833167,"Taucorr":0.15010610682094794},"Iteration":18},
{"Acceptance":[0.2863636363636364],"Energy":{"Mean":-9.040322580645158,"Sigma":0.1434486786732849,"Taucorr":0.25882697032328483},"EnergyVariance":{"Mean":1.6677289281997922,"Sigma":0.40560499184943044,"Taucorr":0.2454201795526877},"Iteration":19},
{"Acceptance":[0.29415584415584417],"Energy":{"Mean":-8.854838709677418,"Sigma":0.1470014782807257,"Taucorr":0.4845056851031019},"EnergyVariance":{"Mean":1.3498959417273677,"Sigma":0.3020659189597463,"Taucorr":0.25860454653312026},"Iteration":20},
{"Acceptance":[0.2538961038961039],"Energy":{"Mean":-9.290322580645162,"Sigma":0.1286284002411412,"Taucorr":0.300859950859951},"EnergyVariance":{"Mean":1.270551508844953,"Sigma":0.2936657995794847,"Taucorr":0.0024226237477419366},"Iteration":21},
{"Acceptance":[0.21558441558441557],"Energy":{"Mean":-9.322580645161292,"Sigma":0.10887594572450558,"Taucorr":0.23436844863731687},"EnergyVariance":{"Mean":0.9927159209157127,"Sigma":0.21169069315909406,"Taucorr":0.08727989295588279},"Iteration":22},
{"Acceptance":[0.22467532467532467],"Energy":{"Mean":-9.338709677419354,"Sigma":0.1213435024116389,"Taucorr":0.6254122211445197},"EnergyVariance":{"Mean":0.804630593132154,"Sigma":0.15607006493996292,"Taucorr":0.28901869598618857},"Iteration":23},
{"Acceptance":[0.19415584415584416],"Energy":{"Mean":-9.354838709677418,"Sigma":0.10611301640763632,"Taucorr":0.29223958333333333},"EnergyVariance":{"Mean":0.8740894901144642,"Sigma":0.20673030560074188,"Taucorr":0.25038653481547246},"Iteration":24},
{"Acceptance":[0.2623376623376623],"Energy":{"Mean":-9.241935483870968,"Sigma":0.14127104989584735,"Taucorr":0.7399671484888306},"EnergyVariance":{"Mean":0.9898543184183141,"Sigma":0.2043767788003516,"Taucorr":0.3928723007875349},"Iteration":25},
{"Acceptance":[0.18051948051948052],"Energy":{"Mean":-9.64516129032258,"Sigma":0.0758236082164075,"Taucorr":0.18093687374749556},"EnergyVariance":{"Mean":0.5192507804370448,"Sigma":0.13146058186570192,"Taucorr":0.21697522748073994},"Iteration":26},
{"Acceptance":[0.16818181818181818],"Energy":{"Mean":-9.516129032258066,"Sigma":0.0802679349460693,"Taucorr":0.15540017211703938},"EnergyVariance":{"Mean":0.6045785639958378,"Sigma":0.10622297488643907,"Taucorr":-0.006379576082669647},"Iteration":27},
{"Acceptance":[0.17207792207792208],"Energy":{"Mean":-9.57258064516129,"Sigma":0.09850600957808044,"Taucorr":0.337590141487905},"EnergyVariance":{"Mean":0.7124739854318418,"Sigma":0.16044040696368392,"Taucorr":-0.06219191174203004},"Iteration":28},
{"Acceptance":[0.1512987012987013],"Energy":{"Mean":-9.758064516129032,"Sigma":0.0660765593021657,"Taucorr":0.2123360938578326},"EnergyVariance":{"Mean":0.37695109261186266,"Sigma":0.11527164449518618,"Taucorr":0.13431655353498617},"Iteration":29},
{"Acceptance":[0.16298701298701299],"Energy":{"Mean":-9.572580645161292,"Sigma":0.07440945676679958,"Taucorr":0.053047427907468414},"EnergyVariance":{"Mean":0.6156997918834546,"Sigma":0.12866219552703165,"Taucorr":0.004446496509864617},"Iteration":30},
{"Acceptance":[0.1253246753246753],"Energy":{"Mean":-9.766129032258066,"Sigma":0.06551643874706423,"Taucorr":0.3139161820733912},"EnergyVariance":{"Mean":0.3243366285119667,"Sigma":0.14403124888405835,"Taucorr":0.2057192029747945},"Iteration":31},
{"Acceptance":[0.1461038961038961],"Energy":{"Mean":-9.887096774193552,"Sigma":0.03636491736147495,"Taucorr":0.11419449901768142},"EnergyVariance":{"Mean":0.13241415192507808,"Sigma":0.04404607756332058,"Taucorr":0.003224373758363819},"Iteration":32},
{"Acceptance":[0.13766233766233765],"Energy":{"Mean":-9.725806451612904,"Sigma":0.06795282075142223,"Taucorr":0.19485996180776521},"EnergyVariance":{"Mean":0.4086888657648284,"Sigma":0.1107706706844322,"Taucorr":0.23776277577710925},"Iteration":33},
{"Acceptance":[0.1435064935064935],"Energy":{"Mean":-9.693548387096776,"Sigma":0.07664826574937232,"Taucorr":0.26775843007186273},"EnergyVariance":{"Mean":0.4706035379812696,"Sigma":0.133008766818438,"Taucorr":-0.007015720150798765},"Iteration":34},
{"Acceptance":[0.1344155844155844],"Energy":{"Mean":-9.830645161290326,"Sigma":0.06284805962543255,"Taucorr":0.45796358040523155},"EnergyVariance":{"Mean":0.2535770031217481,"Sigma":0.09064280314501327,"Taucorr":0.345947071609075},"Iteration":35},
{"Acceptance":[0.12467532467532468],"Energy":{"Mean":-9.85483870967742,"Sigma":0.04456207695720881,"Taucorr":0.015312843029637757},"EnergyVariance":{"Mean":0.23699271592091567,"Sigma":0.07518705268347904,"Taucorr":0.05215083557501854},"Iteration":36},
{"Acceptance":[0.12467532467532468],"Energy":{"Mean":-9.854838709677418,"Sigma":0.06934233445667584,"Taucorr":0.43097870597870624},"EnergyVariance":{"Mean":0.3176378772112384,"Sigma":0.17849087932525298,"Taucorr":0.366339409982807},"Iteration":37},
{"Acceptance":[0.1279220779220779],"Energy":{"Mean":-9.879032258064516,"Sigma":0.03642448319560064,"Taucorr":0.0887376818395107},"EnergyVariance":{"Mean":0.13859261186264302,"Sigma":0.04339692113458848,"Taucorr":-0.007175998765803604},"Iteration":38},
{"Acceptance":[0.12272727272727273],"Energy":{"Mean":-9.879032258064516,"Sigma":0.04159289341363751,"Taucorr":0.12272554244385248},"EnergyVariance":{"Mean":0.17085067637877208,"Sigma":0.05805414783846123,"Taucorr":0.009458726826289787},"Iteration":39} 
]}