{"Output": [
{"Acceptance":[0.8769230769230769],"Energy":{"Mean":-510.4596774193548,"Sigma":1.4797965919411493,"Taucorr":0.1374595455059},"EnergyVariance":{"Mean":211.2645031217482,"Sigma":27.26251606007535,"Taucorr":0.05460117182240287},"Iteration":0},
{"Acceptance":[0.8639717425431711],"Energy":{"Mean":-512.5725806451612,"Sigma":1.6428483635901838,"Taucorr":0.170160393096082},"EnergyVariance":{"Mean":247.68021592091574,"Sigma":36.29570996146632,"Taucorr":0.023501289382516277},"Iteration":1},
{"Acceptance":[0.8339089481946624],"Energy":{"Mean":-516.2258064516129,"Sigma":1.4382614784773016,"Taucorr":0.058813105631224105},"EnergyVariance":{"Mean":227.65868886576482,"Sigma":33.69784356092415,"Taucorr":0.17768906620032132},"Iteration":2},
{"Acceptance":[0.8185243328100471],"Energy":{"Mean":-513.75,"Sigma":1.4040551868576718,"Taucorr":0.1364470550881085},"EnergyVariance":{"Mean":190.4939516129032,"Sigma":30.98035594143033,"Taucorr":-0.05940838289712075},"Iteration":3},
{"Acceptance":[0.8066718995290424],"Energy":{"Mean":-515.4274193548388,"Sigma":1.644647294785595,"Taucorr":0.05900012304281588},"EnergyVariance":{"Mean":297.5834417273673,"Sigma":43.215441478858665,"Taucorr":0.09536911895423383},"Iteration":4},
{"Acceptance":[0.7485086342229199],"Energy":{"Mean":-522.4758064516133,"Sigma":1.2915854035507166,"Taucorr":-0.06163913971980989},"EnergyVariance":{"Mean":234.03973725286167,"Sigma":33.69153374523456,"Taucorr":0.08036409774952158},"Iteration":5},
{"Acceptance":[0.6204081632653061],"Energy":{"Mean":-533.8064516129032,"Sigma":1.601818089922048,"Taucorr":0.1329201952052208},"EnergyVariance":{"Mean":249.31737773152963,"Sigma":35.15689936049653,"Taucorr":0.12746313265302378},"Iteration":6},
{"Acceptance":[0.5042386185243328],"Energy":{"Mean":-550.6935483870967,"Sigma":1.8441169783288294,"Taucorr":0.39316488117787607},"EnergyVariance":{"Mean":234.1641519250781,"Sigma":37.95930893071171,"Taucorr":0.23589596587822637},"Iteration":7},
{"Acceptance":[0.4227629513343799],"Energy":{"Mean":-562.9274193548388,"Sigma":1.4867331559273647,"Taucorr":0.15808132979910616},"EnergyVariance":{"Mean":206.56731269510925,"Sigma":25.757178067550015,"Taucorr":-0.07898605844715234},"Iteration":8},
{"Acceptance":[0.3501569858712716],"Energy":{"Mean":-574.959677419355,"Sigma":1.4722384744203767,"Taucorr":0.28543157741453795},"EnergyVariance":{"Mean":169.71611602497399,"Sigma":27.676480955114698,"Taucorr":0.1684292124931831},"Iteration":9},
{"Acceptance":[0.29277864992150704],"Energy":{"Mean":-586.8467741935484,"Sigma":0.9507126231668374,"Taucorr":0.00868998000846366},"EnergyVariance":{"Mean":109.27490894901143,"Sigma":18.714262557346082,"Taucorr":0.000385401651644357},"Iteration":10},
{"Acceptance":[0.24976452119309261],"Energy":{"Mean":-595.2016129032256,"Sigma":1.1000622755366947,"Taucorr":0.09801250337720968},"EnergyVariance":{"Mean":124.45128772112386,"Sigma":16.74640398097234,"Taucorr":0.029161296306707274},"Iteration":11},
{"Acceptance":[0.20902668759811616],"Energy":{"Mean":-600.282258064516,"Sigma":0.8041175901914781,"Taucorr":0.015412160094673832},"EnergyVariance":{"Mean":77.15420135275757,"Sigma":12.216046576479163,"Taucorr":0.20692985687504128},"Iteration":12},
{"Acceptance":[0.1893249607535322],"Energy":{"Mean":-607.3870967741935,"Sigma":0.9604293611465331,"Taucorr":0.49985648653357384},"EnergyVariance":{"Mean":56.73725286160251,"Sigma":5.587591127959027,"Taucorr":-0.02535212119334912},"Iteration":13},
{"Acceptance":[0.16899529042386185],"Energy":{"Mean":-609.7016129032259,"Sigma":0.8621693190958211,"Taucorr":0.28189122297677094},"EnergyVariance":{"Mean":58.4674167533819,"Sigma":6.959672023758448,"Taucorr":-0.039908209736361666},"Iteration":14},
{"Acceptance":[0.15078492935635793],"Energy":{"Mean":-613.4354838709678,"Sigma":0.5990547821197799,"Taucorr":-0.0515404885371894},"EnergyVariance":{"Mean":49.21357960457856,"Sigma":6.260518695852152,"Taucorr":-0.06757879359162688},"Iteration":15},
{"Acceptance":[0.13422291993720564],"Energy":{"Mean":-616.9112903225807,"Sigma":0.7112336309790107,"Taucorr":0.320420512099284},"EnergyVariance":{"Mean":37.91954994797085,"Sigma":5.584376056571748,"Taucorr":0.2480424959432005},"Iteration":16},
{"Acceptance":[0.12786499215070643],"Energy":{"Mean":-617.7983870967743,"Sigma":0.8374965378550406,"Taucorr":0.3221507823472016},"EnergyVariance":{"Mean":52.4674167533819,"Sigma":6.6517551641346335,"Taucorr":0.06604879451025547},"Iteration":17},
{"Acceptance":[0.1129513343799058],"Energy":{"Mean":-621.4032258064517,"Sigma":0.6957703840583056,"Taucorr":0.32333901682746125},"EnergyVariance":{"Mean":36.159989594172735,"Sigma":6.2648447941970336,"Taucorr":0.19588898805594024},"Iteration":18},
{"Acceptance":[0.10196232339089482],"Energy":{"Mean":-621.8225806451611,"Sigma":0.6631824491078734,"Taucorr":0.3054563976233078},"EnergyVariance":{"Mean":33.58142559833506,"Sigma":5.54068740899577,"Taucorr":-0.0018557132378189123},"Iteration":19},
{"Acceptance":[0.0999215070643642],"Energy":{"Mean":-624.774193548387,"Sigma":0.5207205046016488,"Taucorr":0.31612153697291645},"EnergyVariance":{"Mean":20.432882414151923,"Sigma":2.5783672728459517,"Taucorr":0.046749444464504464},"Iteration":20},
{"Acceptance":[0.09230769230769231],"Energy":{"Mean":-625.4435483870967,"Sigma":0.4945549858830079,"Taucorr":0.2574103607837246},"EnergyVariance":{"Mean":19.859716441207077,"Sigma":3.035555104791504,"Taucorr":0.13830269529392036},"Iteration":21},
{"Acceptance":[0.08320251177394035],"Energy":{"Mean":-626.4274193548389,"Sigma":0.381739360427165,"Taucorr":0.042005089618986746},"EnergyVariance":{"Mean":16.535054630593134,"Sigma":4.351269572580809,"Taucorr":0.09161712260834542},"Iteration":22},
{"Acceptance":[0.07425431711145997],"Energy":{"Mean":-628.2177419354838,"Sigma":0.44582018403137863,"Taucorr":0.37153827248657634},"EnergyVariance":{"Mean":14.02516909469303,"Sigma":2.3235305462322806,"Taucorr":0.034814867608917166},"Iteration":23},
{"Acceptance":[0.08186813186813187],"Energy":{"Mean":-628.5241935483872,"Sigma":0.3730423522882656,"Taucorr":0.1712760476445515},"EnergyVariance":{"Mean":12.74941467221644,"Sigma":1.8623517159731195,"Taucorr":0.08952786919127187},"Iteration":24},
{"Acceptance":[0.07307692307692308],"Energy":{"Mean":-629.8145161290321,"Sigma":0.3575167756676631,"Taucorr":0.1841571997033984},"EnergyVariance":{"Mean":11.489789281997918,"Sigma":1.8639631205733451,"Taucorr":0.2745806128905035},"Iteration":25},
{"Acceptance":[0.06664050235478806],"Energy":{"Mean":-630.717741935484,"Sigma":0.3274498105439216,"Taucorr":0.13429693902446116},"EnergyVariance":{"Mean":10.396136836628513,"Sigma":2.741681000303703,"Taucorr":0.3238792430940769},"Iteration":26},
{"Acceptance":[0.0641287284144427],"Energy":{"Mean":-631.0806451612904,"Sigma":0.35495477085309013,"Taucorr":0.4020161412434494},"EnergyVariance":{"Mean":8.590270551508846,"Sigma":2.1378283513239364,"Taucorr":0.3719092184246603},"Iteration":27},
{"Acceptance":[0.058084772370486655],"Energy":{"Mean":-631.0806451612905,"Sigma":0.3364878484389447,"Taucorr":0.24230705233090843},"EnergyVariance":{"Mean":9.380593132154008,"Sigma":1.6761817754069654,"Taucorr":-0.009376288530740073},"Iteration":28},
{"Acceptance":[0.05204081632653061],"Energy":{"Mean":-631.1854838709677,"Sigma":0.4314528690565579,"Taucorr":0.6404782729823058},"EnergyVariance":{"Mean":10.038176378772109,"Sigma":2.1900734863734783,"Taucorr":0.5466361266399227},"Iteration":29},
{"Acceptance":[0.04921507064364207],"Energy":{"Mean":-632.1290322580644,"Sigma":0.3119206388034497,"Taucorr":0.31900726392252543},"EnergyVariance":{"Mean":7.305931321540061,"Sigma":0.9528413898792623,"Taucorr":-0.05810398466486755},"Iteration":30},
{"Acceptance":[0.0478021978021978],"Energy":{"Mean":-632.6451612903226,"Sigma":0.2886225614947922,"Taucorr":0.2577270103886068},"EnergyVariance":{"Mean":6.761186264308011,"Sigma":0.971257755994118,"Taucorr":-0.07911859354676065},"Iteration":31},
{"Acceptance":[0.044897959183673466],"Energy":{"Mean":-633.0403225806454,"Sigma":0.3080673309560099,"Taucorr":0.21179223210108233},"EnergyVariance":{"Mean":8.199986992715921,"Sigma":1.7243536479602035,"Taucorr":-0.05306841659892553},"Iteration":32},
{"Acceptance":[0.0434850863422292],"Energy":{"Mean":-633.4274193548387,"Sigma":0.2852073261142399,"Taucorr":0.474819724485793},"EnergyVariance":{"Mean":5.13182882414152,"Sigma":0.9396575363635452,"Taucorr":0.18803640647178355},"Iteration":33},
{"Acceptance":[0.03453689167974882],"Energy":{"Mean":-633.6935483870967,"Sigma":0.24884401487510158,"Taucorr":0.4075103837331756},"EnergyVariance":{"Mean":4.196409989594173,"Sigma":0.7540085101040364,"Taucorr":0.2179265156467225},"Iteration":34},
{"Acceptance":[0.03390894819466248],"Energy":{"Mean":-633.7177419354838,"Sigma":0.2980090601485656,"Taucorr":0.2400775501211927},"EnergyVariance":{"Mean":7.380007804370449,"Sigma":2.7884994670148258,"Taucorr":0.3256818684809085},"Iteration":35},
{"Acceptance":[0.032574568288854],"Energy":{"Mean":-633.9838709677422,"Sigma":0.2870257855935002,"Taucorr":0.31384083406463836},"EnergyVariance":{"Mean":6.225546305931324,"Sigma":1.5964708337934737,"Taucorr":0.15338278911482828},"Iteration":36},
{"Acceptance":[0.030690737833594977],"Energy":{"Mean":-634.0725806451613,"Sigma":0.23934092647160982,"Taucorr":0.33953318971530855},"EnergyVariance":{"Mean":4.196344953173777,"Sigma":0.704829980491071,"Taucorr":-0.09005664402010716},"Iteration":37},
{"Acceptance":[0.025902668759811617],"Energy":{"Mean":-634.5241935483871,"Sigma":0.29769609032057825,"Taucorr":0.46696551167109235},"EnergyVariance":{"Mean":5.63651144640999,"Sigma":2.0679279437387605,"Taucorr":0.24133395681190906},"Iteration":38},
{"Acceptance":[0.025667189952904238],"Energy":{"Mean":-634.9596774193549,"Sigma":0.22691739005139375,"Taucorr":0.437621074117594},"EnergyVariance":{"Mean":3.3774063475546305,"Sigma":1.0920353206089797,"Taucorr":0.380608531844433},"Iteration":39},
{"Acceptance":[0.027786499215070645],"Energy":{"Mean":-633.5403225806452,"Sigma":0.4647662110566916,"Taucorr":0.5064001813138386},"EnergyVariance":{"Mean":13.19998699271592,"Sigma":2.485627775668831,"Taucorr":0.32710414956294265},"Iteration":40},
{"Acceptance":[0.02433281004709576],"Energy":{"Mean":-635.2096774193548,"Sigma":0.37137074883535093,"Taucorr":0.7602614896988873},"EnergyVariance":{"Mean":6.730228928199791,"Sigma":2.901429844808248,"Taucorr":0.7678049134520335},"Iteration":41},
{"Acceptance":[0.02229199372056515],"Energy":{"Mean":-635.6693548387098,"Sigma":0.20059960413552091,"Taucorr":0.5046759075907659},"EnergyVariance":{"Mean":2.4632544224765867,"Sigma":1.0380322851726054,"Taucorr":0.5584425791009753},"Iteration":42},
{"Acceptance":[0.025274725274725275],"Energy":{"Mean":-635.6209677419355,"Sigma":0.28228878481057196,"Taucorr":0.5676532679692188},"EnergyVariance":{"Mean":4.59020551508845,"Sigma":1.1035516625457793,"Taucorr":0.043757469558876494},"Iteration":43},
{"Acceptance":[0.02142857142857143],"Energy":{"Mean":-636.233870967742,"Sigma":0.19223343639616403,"Taucorr":0.28232923634897733},"EnergyVariance":{"Mean":2.904981789802289,"Sigma":0.8983483921076597,"Taucorr":0.4960154850555929},"Iteration":44},
{"Acceptance":[0.01805337519623234],"Energy":{"Mean":-636.3306451612904,"Sigma":0.18345075544665837,"Taucorr":0.33477690632949697},"EnergyVariance":{"Mean":2.479383454734651,"Sigma":0.7663019117266323,"Taucorr":-0.029294412210898402},"Iteration":45},
{"Acceptance":[0.01781789638932496],"Energy":{"Mean":-636.3145161290323,"Sigma":0.21407708324800642,"Taucorr":0.5503647688989111},"EnergyVariance":{"Mean":2.683337669094693,"Sigma":0.628875371084287,"Taucorr":0.22033855648116818},"Iteration":46},
{"Acceptance":[0.01664050235478807],"Energy":{"Mean":-636.1129032258065,"Sigma":0.19873210667997326,"Taucorr":0.38474604377902555},"EnergyVariance":{"Mean":2.7453173777315305,"Sigma":0.9497170289469727,"Taucorr":0.4504076193834341},"Iteration":47},
{"Acceptance":[0.013500784929356358],"Energy":{"Mean":-636.7983870967743,"Sigma":0.1661629571791947,"Taucorr":0.4572428964252717},"EnergyVariance":{"Mean":1.7738683662851196,"Sigma":0.555991803845534,"Taucorr":0.40869420129900347},"Iteration":48},
{"Acceptance":[0.01616954474097331],"Energy":{"Mean":-636.8951612903226,"Sigma":0.16221509082692412,"Taucorr":0.5257182901191264},"EnergyVariance":{"Mean":1.5777185223725283,"Sigma":0.3774578669745562,"Taucorr":-0.019084594753275674},"Iteration":49} 
]}