{"Output": [
{"Acceptance":[0.8747899159663866],"Energy":{"Mean":-154.14516129032256,"Sigma":0.6052829909495617,"Taucorr":-0.14442141974472383},"EnergyVariance":{"Mean":63.36602497398544,"Sigma":8.125532086660492,"Taucorr":-0.09721217890706202},"Iteration":0},
{"Acceptance":[0.8567226890756302],"Energy":{"Mean":-155.24999999999997,"Sigma":0.8444155578911372,"Taucorr":0.1226347579652467},"EnergyVariance":{"Mean":70.42943548387098,"Sigma":9.512016550323306,"Taucorr":0.011576232498034966},"Iteration":1},
{"Acceptance":[0.8317927170868348],"Energy":{"Mean":-157.51612903225805,"Sigma":0.918005045716608,"Taucorr":0.17528692386433742},"EnergyVariance":{"Mean":76.74973985431842,"Sigma":13.21341378749095,"Taucorr":0.12537912410606222},"Iteration":2},
{"Acceptance":[0.7928571428571428],"Energy":{"Mean":-157.9516129032258,"Sigma":0.711504856340841,"Taucorr":0.020454426851171603},"EnergyVariance":{"Mean":59.820239334027065,"Sigma":5.568493865170061,"Taucorr":-0.14083067849972858},"Iteration":3},
{"Acceptance":[0.7644257703081232],"Energy":{"Mean":-159.54838709677418,"Sigma":0.8187503061510308,"Taucorr":0.1635038895355163},"EnergyVariance":{"Mean":62.13475546305932,"Sigma":7.792097193026004,"Taucorr":0.03563612727339016},"Iteration":4},
{"Acceptance":[0.7135854341736695],"Energy":{"Mean":-160.7016129032258,"Sigma":0.7427444164202662,"Taucorr":-0.06385575107077296},"EnergyVariance":{"Mean":77.78999739854316,"Sigma":10.17925690260199,"Taucorr":-0.04210751383797634},"Iteration":5},
{"Acceptance":[0.6763305322128852],"Energy":{"Mean":-162.03225806451607,"Sigma":0.6854617327228417,"Taucorr":-0.0408515211640223},"EnergyVariance":{"Mean":62.93444328824142,"Sigma":8.155851336657957,"Taucorr":-0.05579980384898531},"Iteration":6},
{"Acceptance":[0.6165266106442577],"Energy":{"Mean":-165.8387096774193,"Sigma":1.083822163519765,"Taucorr":0.4009595232069981},"EnergyVariance":{"Mean":80.18366285119667,"Sigma":12.08890422015715,"Taucorr":0.12815303062725059},"Iteration":7},
{"Acceptance":[0.5542016806722689],"Energy":{"Mean":-169.60483870967738,"Sigma":1.0686625015146731,"Taucorr":0.3601131430200718},"EnergyVariance":{"Mean":81.65836368366284,"Sigma":9.144221335438111,"Taucorr":0.22242967013325976},"Iteration":8},
{"Acceptance":[0.5162464985994398],"Energy":{"Mean":-172.28225806451616,"Sigma":1.0685346925476682,"Taucorr":0.3894680648613379},"EnergyVariance":{"Mean":78.94452393340272,"Sigma":8.278641619115078,"Taucorr":-0.02211246575530007},"Iteration":9},
{"Acceptance":[0.4260504201680672],"Energy":{"Mean":-178.72580645161293,"Sigma":0.7773122667510297,"Taucorr":0.2913436341778258},"EnergyVariance":{"Mean":46.95707596253902,"Sigma":6.484123359668549,"Taucorr":-0.020255848918459884},"Iteration":10},
{"Acceptance":[0.3815126050420168],"Energy":{"Mean":-182.94354838709677,"Sigma":0.655488580543576,"Taucorr":0.08651497894589488},"EnergyVariance":{"Mean":45.053264828303845,"Sigma":5.830534825536954,"Taucorr":0.07089331297179846},"Iteration":11},
{"Acceptance":[0.3369747899159664],"Energy":{"Mean":-185.49193548387098,"Sigma":0.8171123321197132,"Taucorr":0.27890121603233275},"EnergyVariance":{"Mean":52.71767689906348,"Sigma":6.5229540124775784,"Taucorr":0.11746138565136754},"Iteration":12},
{"Acceptance":[0.30168067226890755],"Energy":{"Mean":-188.76612903225805,"Sigma":0.759521592127168,"Taucorr":0.4630087967531633},"EnergyVariance":{"Mean":36.840465660770036,"Sigma":4.52679911521676,"Taucorr":0.08846498439346728},"Iteration":13},
{"Acceptance":[0.28165266106442577],"Energy":{"Mean":-190.7661290322581,"Sigma":0.5691362399813201,"Taucorr":0.09548076418360574},"EnergyVariance":{"Mean":33.453368886576484,"Sigma":3.752117490317356,"Taucorr":-0.07467067775831276},"Iteration":14},
{"Acceptance":[0.25840336134453784],"Energy":{"Mean":-191.79032258064515,"Sigma":0.5943389720821715,"Taucorr":0.365464197991481},"EnergyVariance":{"Mean":25.101196670135273,"Sigma":3.088682742484562,"Taucorr":-0.01836042911502217},"Iteration":15},
{"Acceptance":[0.22857142857142856],"Energy":{"Mean":-194.59677419354844,"Sigma":0.5586174152136248,"Taucorr":0.35729741664826653},"EnergyVariance":{"Mean":22.385796045785643,"Sigma":4.874426399711112,"Taucorr":0.4582883476743572},"Iteration":16},
{"Acceptance":[0.22240896358543416],"Energy":{"Mean":-194.78225806451616,"Sigma":0.5701751682696062,"Taucorr":0.4131123487042412},"EnergyVariance":{"Mean":21.89613683662851,"Sigma":3.0643378947964055,"Taucorr":0.058935670060162426},"Iteration":17},
{"Acceptance":[0.1984593837535014],"Energy":{"Mean":-196.15322580645162,"Sigma":0.53914974620973,"Taucorr":0.29966573475805824},"EnergyVariance":{"Mean":22.355554110301764,"Sigma":4.041336738305799,"Taucorr":0.008319968567491953},"Iteration":18},
{"Acceptance":[0.18067226890756302],"Energy":{"Mean":-198.16129032258067,"Sigma":0.4101449368618807,"Taucorr":0.16372838640763365},"EnergyVariance":{"Mean":15.58688865764828,"Sigma":2.51101939775383,"Taucorr":0.16319724648210188},"Iteration":19},
{"Acceptance":[0.16834733893557424],"Energy":{"Mean":-198.45967741935485,"Sigma":0.41007093115021237,"Taucorr":0.11926559414905569},"EnergyVariance":{"Mean":16.699986992715925,"Sigma":2.8207427333445425,"Taucorr":0.0549050856884975},"Iteration":20},
{"Acceptance":[0.16372549019607843],"Energy":{"Mean":-198.92741935483872,"Sigma":0.4099228796448549,"Taucorr":0.4137885226952511},"EnergyVariance":{"Mean":11.309248178980233,"Sigma":1.9355892783817152,"Taucorr":0.22242290789194819},"Iteration":21},
{"Acceptance":[0.157703081232493],"Energy":{"Mean":-199.50000000000003,"Sigma":0.49500190072405903,"Taucorr":0.607631890930648},"EnergyVariance":{"Mean":13.604838709677418,"Sigma":1.928589872674431,"Taucorr":0.22217929511945567},"Iteration":22},
{"Acceptance":[0.138515406162465],"Energy":{"Mean":-200.93548387096777,"Sigma":0.34741126776462367,"Taucorr":0.26479374396912125},"EnergyVariance":{"Mean":9.70551508844953,"Sigma":1.7692910099289352,"Taucorr":0.18658139846233002},"Iteration":23},
{"Acceptance":[0.13865546218487396],"Energy":{"Mean":-201.16935483870967,"Sigma":0.36979126209716323,"Taucorr":0.41040870208047175},"EnergyVariance":{"Mean":9.237447970863684,"Sigma":1.4538401577963274,"Taucorr":0.10893802853065293},"Iteration":24},
{"Acceptance":[0.13333333333333333],"Energy":{"Mean":-201.73387096774195,"Sigma":0.2643554455568498,"Taucorr":0.3456345093221782},"EnergyVariance":{"Mean":5.082401144640999,"Sigma":0.7159377874865276,"Taucorr":-0.0427268173335677},"Iteration":25},
{"Acceptance":[0.1253501400560224],"Energy":{"Mean":-202.33870967741942,"Sigma":0.25677601717621307,"Taucorr":0.38247607994112487},"EnergyVariance":{"Mean":4.5949531737773155,"Sigma":1.137341139657095,"Taucorr":0.4888772956530887},"Iteration":26},
{"Acceptance":[0.11946778711484594],"Energy":{"Mean":-202.40322580645164,"Sigma":0.20793319186430134,"Taucorr":-0.02203413607668775},"EnergyVariance":{"Mean":5.563215400624349,"Sigma":1.0815324236321284,"Taucorr":0.053413156076500545},"Iteration":27},
{"Acceptance":[0.10700280112044817],"Energy":{"Mean":-202.6048387096774,"Sigma":0.28107278013887826,"Taucorr":0.41890552159313055},"EnergyVariance":{"Mean":5.287395941727367,"Sigma":1.3503886116444344,"Taucorr":0.26794363414904243},"Iteration":28},
{"Acceptance":[0.11470588235294117],"Energy":{"Mean":-202.46774193548387,"Sigma":0.21084250335487487,"Taucorr":0.12447709311307886},"EnergyVariance":{"Mean":4.37799167533819,"Sigma":0.5424520923612224,"Taucorr":-0.002635276761719707},"Iteration":29} 
]}