{"Output": [
{"Acceptance":[0.826610644257703],"Energy":{"Mean":-155.16935483870964,"Sigma":0.812320045975295,"Taucorr":0.08353971310390751},"EnergyVariance":{"Mean":69.54389958376689,"Sigma":9.22189308915924,"Taucorr":-0.07995046921907095},"Iteration":0},
{"Acceptance":[0.7714285714285715],"Energy":{"Mean":-156.59677419354836,"Sigma":0.9505712359652314,"Taucorr":0.10787247695718116},"EnergyVariance":{"Mean":91.41805411030177,"Sigma":13.942821221018962,"Taucorr":-0.04691294753609132},"Iteration":1},
{"Acceptance":[0.36050420168067226],"Energy":{"Mean":-175.4112903225807,"Sigma":0.7297948956135168,"Taucorr":0.257194962256009},"EnergyVariance":{"Mean":43.25825962539022,"Sigma":6.783245546969422,"Taucorr":0.01521192076189204},"Iteration":2},
{"Acceptance":[0.08067226890756303],"Energy":{"Mean":-192.57258064516125,"Sigma":0.5369659823313423,"Taucorr":0.3018035529964659},"EnergyVariance":{"Mean":22.115699791883454,"Sigma":4.664675070798399,"Taucorr":0.1471911377789673},"Iteration":3},
{"Acceptance":[0.01526610644257703],"Energy":{"Mean":-197.83064516129028,"Sigma":0.10775513408307985,"Taucorr":0.6145873515379134},"EnergyVariance":{"Mean":0.6406737773152966,"Sigma":0.41590861930312845,"Taucorr":0.5600358780109844},"Iteration":4},
{"Acceptance":[0.01680672268907563],"Energy":{"Mean":-197.79838709677415,"Sigma":0.12509101785155816,"Taucorr":0.3907892360484174},"EnergyVariance":{"Mean":1.0803199791883449,"Sigma":0.683312502687184,"Taucorr":0.3138712386600261},"Iteration":5},
{"Acceptance":[0.02072829131652661],"Energy":{"Mean":-197.491935483871,"Sigma":0.2104411236615178,"Taucorr":0.25554152308441613},"EnergyVariance":{"Mean":3.6047736732570237,"Sigma":1.9548541985499974,"Taucorr":0.3071241860530536},"Iteration":6},
{"Acceptance":[0.004761904761904762],"Energy":{"Mean":-197.95161290322582,"Sigma":0.05729023781840157,"Taucorr":-0.11908443789886397},"EnergyVariance":{"Mean":0.5299167533818937,"Sigma":0.5185110192005872,"Taucorr":0.017042628264415605},"Iteration":7},
{"Acceptance":[0.0056022408963585435],"Energy":{"Mean":-197.95161290322582,"Sigma":0.056104926228793595,"Taucorr":0.003144016227176527},"EnergyVariance":{"Mean":0.3847554630593132,"Sigma":0.2911626893188537,"Taucorr":-0.008688181628042357},"Iteration":8},
{"Acceptance":[0.006442577030812325],"Energy":{"Mean":-197.98387096774192,"Sigma":0.044804659462366954,"Taucorr":0.010844994617867032},"EnergyVariance":{"Mean":0.24167533818938602,"Sigma":0.20174637811500662,"Taucorr":-0.005212364777833656},"Iteration":9},
{"Acceptance":[0.0061624649859943975],"Energy":{"Mean":-197.57258064516125,"Sigma":0.2100286553628678,"Taucorr":0.550106990912063},"EnergyVariance":{"Mean":2.583441727367325,"Sigma":1.4035814891310472,"Taucorr":0.7763255094384014},"Iteration":10},
{"Acceptance":[0.0061624649859943975],"Energy":{"Mean":-197.92741935483872,"Sigma":0.0647509168647421,"Taucorr":0.012831457767421561},"EnergyVariance":{"Mean":0.5027965660770032,"Sigma":0.3385764131233528,"Taucorr":-0.01303919440715684},"Iteration":11},
{"Acceptance":[0.0056022408963585435],"Energy":{"Mean":-197.95161290322577,"Sigma":0.04975660495236548,"Taucorr":0.45789689034370906},"EnergyVariance":{"Mean":0.15894901144640997,"Sigma":0.14039301868637546,"Taucorr":0.4974485553441158},"Iteration":12},
{"Acceptance":[0.004761904761904762],"Energy":{"Mean":-198.01612903225808,"Sigma":0.01612903225806435,"Taucorr":-4.551914400963142e-15},"EnergyVariance":{"Mean":0.031997918834547334,"Sigma":0.031737773152965214,"Taucorr":-2.220446049250313e-16},"Iteration":13},
{"Acceptance":[0.004621848739495798],"Energy":{"Mean":-198.04838709677423,"Sigma":0.03558148840381613,"Taucorr":0.3245179063361051},"EnergyVariance":{"Mean":0.09443288241415192,"Sigma":0.0677196069620979,"Taucorr":0.32451790633608857},"Iteration":14},
{"Acceptance":[0.007142857142857143],"Energy":{"Mean":-198.0,"Sigma":0.0,"Taucorr":null},"EnergyVariance":{"Mean":0.0,"Sigma":0.0,"Taucorr":null},"Iteration":15},
{"Acceptance":[0.0070028011204481795],"Energy":{"Mean":-197.97580645161293,"Sigma":0.07633651333031694,"Taucorr":0.20618992695116334},"EnergyVariance":{"Mean":0.5074791883454735,"Sigma":0.2899100405539772,"Taucorr":0.014606416361518937},"Iteration":16},
{"Acceptance":[0.0051820728291316525],"Energy":{"Mean":-198.06451612903228,"Sigma":0.04914284360260426,"Taucorr":0.8658492822966679},"EnergyVariance":{"Mean":0.10874089490114464,"Sigma":0.09058921105876985,"Taucorr":0.9841381183803619},"Iteration":17},
{"Acceptance":[0.004341736694677871],"Energy":{"Mean":-197.91935483870967,"Sigma":0.0839123140435564,"Taucorr":0.0009328919650993805},"EnergyVariance":{"Mean":0.8644640998959419,"Sigma":0.5698535739681629,"Taucorr":-0.014985444968012684},"Iteration":18},
{"Acceptance":[0.010084033613445379],"Energy":{"Mean":-198.16935483870967,"Sigma":0.058414417655917185,"Taucorr":0.1949601550721738},"EnergyVariance":{"Mean":0.3019640998959417,"Sigma":0.09700726891154722,"Taucorr":0.20653150809018794},"Iteration":19},
{"Acceptance":[0.024369747899159664],"Energy":{"Mean":-198.94354838709674,"Sigma":0.11102508520875942,"Taucorr":0.1782044568569291},"EnergyVariance":{"Mean":1.1177809573361082,"Sigma":0.1245803735799848,"Taucorr":0.5004461250527965},"Iteration":20},
{"Acceptance":[0.007282913165266107],"Energy":{"Mean":-199.98387096774186,"Sigma":0.011213254631512619,"Taucorr":-0.012704918032818369},"EnergyVariance":{"Mean":0.015868886576482825,"Sigma":0.010851536740172302,"Taucorr":-0.012704918032787005},"Iteration":21},
{"Acceptance":[0.007142857142857143],"Energy":{"Mean":-199.87903225806457,"Sigma":0.07937166531978743,"Taucorr":0.13898959562371782},"EnergyVariance":{"Mean":0.606334547346514,"Sigma":0.5046951924674843,"Taucorr":0.005029917906585468},"Iteration":22},
{"Acceptance":[0.009243697478991597],"Energy":{"Mean":-199.90322580645164,"Sigma":0.05988050304120384,"Taucorr":-0.0013676470588172562},"EnergyVariance":{"Mean":0.4422476586888658,"Sigma":0.38393672487897723,"Taucorr":-0.0030001704160168563},"Iteration":23},
{"Acceptance":[0.008403361344537815],"Energy":{"Mean":-199.93548387096772,"Sigma":0.041748964856596016,"Taucorr":-0.016373239436621},"EnergyVariance":{"Mean":0.22164412070759626,"Sigma":0.11603932194080335,"Taucorr":-0.028872686631158495},"Iteration":24},
{"Acceptance":[0.0067226890756302525],"Energy":{"Mean":-199.87903225806454,"Sigma":0.0684613615832315,"Taucorr":-0.011614325068876497},"EnergyVariance":{"Mean":0.5902055150884497,"Sigma":0.38675472876912326,"Taucorr":-0.01415024805585996},"Iteration":25},
{"Acceptance":[0.008543417366946778],"Energy":{"Mean":-199.91129032258067,"Sigma":0.08077945807159319,"Taucorr":0.4565183692450485},"EnergyVariance":{"Mean":0.4195499479708637,"Sigma":0.4048799903621195,"Taucorr":0.3718013512847492},"Iteration":26},
{"Acceptance":[0.0060224089635854345],"Energy":{"Mean":-199.9838709677419,"Sigma":0.01121325463151318,"Taucorr":-0.012704918032771628},"EnergyVariance":{"Mean":0.01586888657648283,"Sigma":0.010851536740172942,"Taucorr":-0.012704918032786894},"Iteration":27},
{"Acceptance":[0.0063025210084033615],"Energy":{"Mean":-199.96774193548387,"Sigma":0.03225806451612995,"Taucorr":0.5081967213115062},"EnergyVariance":{"Mean":0.0634755463059313,"Sigma":0.062434963579604645,"Taucorr":0.5081967213114755},"Iteration":28},
{"Acceptance":[0.007142857142857143],"Energy":{"Mean":-199.89516129032256,"Sigma":0.07493204228369002,"Taucorr":1.0493142690399762},"EnergyVariance":{"Mean":0.22287981269510931,"Sigma":0.14794936854591642,"Taucorr":1.4490809267301064},"Iteration":29},
{"Acceptance":[0.006442577030812325],"Energy":{"Mean":-200.0,"Sigma":0.0,"Taucorr":null},"EnergyVariance":{"Mean":0.0,"Sigma":0.0,"Taucorr":null},"Iteration":30},
{"Acceptance":[0.0061624649859943975],"Energy":{"Mean":-199.96774193548387,"Sigma":0.04138388257618531,"Taucorr":0.0048316708229572125},"EnergyVariance":{"Mean":0.20863683662851193,"Sigma":0.1989104230337432,"Taucorr":-0.0010859400640511607},"Iteration":31},
{"Acceptance":[0.0067226890756302525],"Energy":{"Mean":-200.00806451612905,"Sigma":0.01412250057694969,"Taucorr":0.00835579514821938},"EnergyVariance":{"Mean":0.024128511966701353,"Sigma":0.01342370202638443,"Taucorr":-0.025610705571436743},"Iteration":32},
{"Acceptance":[0.005042016806722689],"Energy":{"Mean":-199.9677419354839,"Sigma":0.02242650926302626,"Taucorr":-0.012704918032779677},"EnergyVariance":{"Mean":0.06347554630593132,"Sigma":0.04340614696069686,"Taucorr":-0.012704918032786783},"Iteration":33},
{"Acceptance":[0.0060224089635854345],"Energy":{"Mean":-199.99193548387095,"Sigma":0.008064516129032542,"Taucorr":2.4424906541753444e-14},"EnergyVariance":{"Mean":0.007999479708636837,"Sigma":0.007934443288241074,"Taucorr":-2.220446049250313e-16},"Iteration":34},
{"Acceptance":[0.0060224089635854345],"Energy":{"Mean":-200.0,"Sigma":0.0,"Taucorr":null},"EnergyVariance":{"Mean":0.0,"Sigma":0.0,"Taucorr":null},"Iteration":35},
{"Acceptance":[0.004761904761904762],"Energy":{"Mean":-200.0,"Sigma":0.0,"Taucorr":null},"EnergyVariance":{"Mean":0.0,"Sigma":0.0,"Taucorr":null},"Iteration":36},
{"Acceptance":[0.0070028011204481795],"Energy":{"Mean":-200.0161290322581,"Sigma":0.016129032258064578,"Taucorr":0.5081967213114729},"EnergyVariance":{"Mean":0.015868886576482832,"Sigma":0.015608740894899784,"Taucorr":0.5081967213114753},"Iteration":37},
{"Acceptance":[0.006442577030812325],"Energy":{"Mean":-199.991935483871,"Sigma":0.03570313487286984,"Taucorr":0.07209302325583666},"EnergyVariance":{"Mean":0.13703173777315297,"Sigma":0.07895680720276327,"Taucorr":-0.01328097771384229},"Iteration":38},
{"Acceptance":[0.0067226890756302525],"Energy":{"Mean":-199.9838709677419,"Sigma":0.01986339053968999,"Taucorr":0.2583333333333645},"EnergyVariance":{"Mean":0.03199791883454735,"Sigma":0.01878100483639856,"Taucorr":0.21726054617220625},"Iteration":39},
{"Acceptance":[0.0058823529411764705],"Energy":{"Mean":-199.96774193548393,"Sigma":0.04451340181766026,"Taucorr":0.45208333333332873},"EnergyVariance":{"Mean":0.1279916753381894,"Sigma":0.07743702804220781,"Taucorr":0.05459494167131529},"Iteration":40},
{"Acceptance":[0.007563025210084034],"Energy":{"Mean":-200.0,"Sigma":0.01159347239400414,"Taucorr":0.012500000000001843},"EnergyVariance":{"Mean":0.016129032258064523,"Sigma":0.011213254631513018,"Taucorr":-0.012704918032786783},"Iteration":41},
{"Acceptance":[0.008123249299719889],"Energy":{"Mean":-199.9758064516129,"Sigma":0.05481498538053694,"Taucorr":0.29211039866183364},"EnergyVariance":{"Mean":0.2332856399583767,"Sigma":0.1415674022174622,"Taucorr":0.047609278430869706},"Iteration":42},
{"Acceptance":[0.0061624649859943975],"Energy":{"Mean":-200.0322580645161,"Sigma":0.015301343516943896,"Taucorr":-0.03874999999999151},"EnergyVariance":{"Mean":0.031217481789802284,"Sigma":0.01431416006423862,"Taucorr":-0.03874999999999995},"Iteration":43},
{"Acceptance":[0.011624649859943978],"Energy":{"Mean":-200.08064516129033,"Sigma":0.04080358271185011,"Taucorr":0.16151260504201836},"EnergyVariance":{"Mean":0.154786680541103,"Sigma":0.040710374947634145,"Taucorr":0.3675756633140992},"Iteration":44},
{"Acceptance":[0.02464985994397759],"Energy":{"Mean":-200.25806451612905,"Sigma":0.08557511867666097,"Taucorr":0.46716480446928677},"EnergyVariance":{"Mean":0.46566077003121753,"Sigma":0.1368751503683859,"Taucorr":0.1368230380531379},"Iteration":45},
{"Acceptance":[0.0070028011204481795],"Energy":{"Mean":-200.58064516129033,"Sigma":0.1972209805213985,"Taucorr":0.7349281493419311},"EnergyVariance":{"Mean":1.9370447450572321,"Sigma":1.3963868791277025,"Taucorr":0.9224745545764226},"Iteration":46},
{"Acceptance":[0.0036414565826330533],"Energy":{"Mean":-200.95967741935485,"Sigma":0.020401791355925028,"Taucorr":0.1615126050420117},"EnergyVariance":{"Mean":0.03869667013527576,"Sigma":0.018756485601415282,"Taucorr":0.1615126050420168},"Iteration":47},
{"Acceptance":[0.0011204481792717086],"Energy":{"Mean":-200.95161290322582,"Sigma":0.035581488403816135,"Taucorr":0.4943521594684537},"EnergyVariance":{"Mean":0.07830385015608742,"Sigma":0.06262487016130186,"Taucorr":0.5004666621752119},"Iteration":48},
{"Acceptance":[0.002240896358543417],"Energy":{"Mean":-200.8790322580645,"Sigma":0.058968471325576276,"Taucorr":0.3503232479958803},"EnergyVariance":{"Mean":0.25149583766909467,"Sigma":0.14423541874768894,"Taucorr":0.43997586616782136},"Iteration":49},
{"Acceptance":[0.0007002801120448179],"Energy":{"Mean":-200.98387096774192,"Sigma":0.01612903225806434,"Taucorr":-4.9960036108132044e-15},"EnergyVariance":{"Mean":0.03199791883454733,"Sigma":0.031737773152965214,"Taucorr":-2.220446049250313e-16},"Iteration":50},
{"Acceptance":[0.0015406162464985994],"Energy":{"Mean":-200.95161290322577,"Sigma":0.026989033114003153,"Taucorr":-0.025619834710723488},"EnergyVariance":{"Mean":0.09443288241415192,"Sigma":0.05136622431374435,"Taucorr":-0.025619834710743805},"Iteration":51},
{"Acceptance":[0.0014005602240896359],"Energy":{"Mean":-200.95967741935482,"Sigma":0.04032258064516118,"Taucorr":-3.219646771412954e-15},"EnergyVariance":{"Mean":0.1999869927159209,"Sigma":0.19836108220603374,"Taucorr":-1.1102230246251565e-16},"Iteration":52},
{"Acceptance":[0.002240896358543417],"Energy":{"Mean":-200.9193548387097,"Sigma":0.039121908951025165,"Taucorr":-0.03671574903967989},"EnergyVariance":{"Mean":0.20317377731529657,"Sigma":0.12832667680578316,"Taucorr":-0.015924698743737142},"Iteration":53},
{"Acceptance":[0.0016806722689075631],"Energy":{"Mean":-200.96774193548393,"Sigma":0.022426509263025807,"Taucorr":0.15329670329669287},"EnergyVariance":{"Mean":0.04734651404786681,"Sigma":0.03421682215912289,"Taucorr":0.04214454742051943},"Iteration":54},
{"Acceptance":[0.0014005602240896359],"Energy":{"Mean":-200.9516129032258,"Sigma":0.048387096774193374,"Taucorr":-3.774758283725532e-15},"EnergyVariance":{"Mean":0.2879812695109262,"Sigma":0.28563995837668976,"Taucorr":0.0},"Iteration":55},
{"Acceptance":[0.0014005602240896359],"Energy":{"Mean":-200.85483870967738,"Sigma":0.14516129032258096,"Taucorr":0.5081967213114784},"EnergyVariance":{"Mean":1.285379812695109,"Sigma":1.2643080124869814,"Taucorr":0.5081967213114753},"Iteration":56},
{"Acceptance":[0.0014005602240896359],"Energy":{"Mean":-200.9516129032258,"Sigma":0.035581488403815274,"Taucorr":0.49435215946842426},"EnergyVariance":{"Mean":0.07830385015608743,"Sigma":0.06262487016129989,"Taucorr":0.5004666621752121},"Iteration":57},
{"Acceptance":[0.0014005602240896359],"Energy":{"Mean":-200.94354838709677,"Sigma":0.04292666511470786,"Taucorr":-0.008739780095854577},"EnergyVariance":{"Mean":0.2306841831425598,"Sigma":0.19839187083006543,"Taucorr":-0.00381142461019357},"Iteration":58},
{"Acceptance":[0.0005602240896358543],"Energy":{"Mean":-200.9032258064516,"Sigma":0.06727952778907897,"Taucorr":-0.012704918032777235},"EnergyVariance":{"Mean":0.5712799167533819,"Sigma":0.39065532264625646,"Taucorr":-0.012704918032786672},"Iteration":59},
{"Acceptance":[0.0011204481792717086],"Energy":{"Mean":-200.99193548387098,"Sigma":0.00806451612903242,"Taucorr":1.9761969838327786e-14},"EnergyVariance":{"Mean":0.007999479708636837,"Sigma":0.007934443288241534,"Taucorr":0.0},"Iteration":60},
{"Acceptance":[0.0014005602240896359],"Energy":{"Mean":-200.98387096774192,"Sigma":0.016129032258063888,"Taucorr":-2.864375403532904e-14},"EnergyVariance":{"Mean":0.03199791883454735,"Sigma":0.031737773152965214,"Taucorr":-2.220446049250313e-16},"Iteration":61},
{"Acceptance":[0.0008403361344537816],"Energy":{"Mean":-200.99193548387098,"Sigma":0.008064516129032214,"Taucorr":-5.218048215738236e-15},"EnergyVariance":{"Mean":0.007999479708636837,"Sigma":0.007934443288241534,"Taucorr":0.0},"Iteration":62},
{"Acceptance":[0.0014005602240896359],"Energy":{"Mean":-200.8064516129032,"Sigma":0.09180806110166416,"Taucorr":-0.032033818694210237},"EnergyVariance":{"Mean":1.1077003121748177,"Sigma":0.6801230045388958,"Taucorr":-0.017327251638494412},"Iteration":63},
{"Acceptance":[0.0005602240896358543],"Energy":{"Mean":-201.0,"Sigma":0.0,"Taucorr":null},"EnergyVariance":{"Mean":0.0,"Sigma":0.0,"Taucorr":null},"Iteration":64},
{"Acceptance":[0.0014005602240896359],"Energy":{"Mean":-200.83870967741936,"Sigma":0.09668454629102753,"Taucorr":0.5675845410627982},"EnergyVariance":{"Mean":0.5385015608740892,"Sigma":0.3848499001238173,"Taucorr":0.5106145681612002},"Iteration":65},
{"Acceptance":[0.00028011204481792715],"Energy":{"Mean":-201.0,"Sigma":0.0,"Taucorr":null},"EnergyVariance":{"Mean":0.0,"Sigma":0.0,"Taucorr":null},"Iteration":66},
{"Acceptance":[0.00028011204481792715],"Energy":{"Mean":-201.0,"Sigma":0.0,"Taucorr":null},"EnergyVariance":{"Mean":0.0,"Sigma":0.0,"Taucorr":null},"Iteration":67},
{"Acceptance":[0.00028011204481792715],"Energy":{"Mean":-200.99193548387095,"Sigma":0.008064516129033486,"Taucorr":1.13464793116691e-13},"EnergyVariance":{"Mean":0.007999479708636832,"Sigma":0.007934443288241074,"Taucorr":0.0},"Iteration":68},
{"Acceptance":[0.0011204481792717086],"Energy":{"Mean":-200.95967741935482,"Sigma":0.03298903001428445,"Taucorr":0.44326306141153715},"EnergyVariance":{"Mean":0.0709547346514048,"Sigma":0.06211113667202035,"Taucorr":0.48987027775881764},"Iteration":69},
{"Acceptance":[0.00028011204481792715],"Energy":{"Mean":-200.95967741935485,"Sigma":0.040322580645161143,"Taucorr":-2.7755575615628914e-15},"EnergyVariance":{"Mean":0.19998699271592085,"Sigma":0.1983610822060361,"Taucorr":2.220446049250313e-16},"Iteration":70},
{"Acceptance":[0.0008403361344537816],"Energy":{"Mean":-200.97580645161293,"Sigma":0.02419354838709656,"Taucorr":-6.772360450213455e-15},"EnergyVariance":{"Mean":0.07199531737773153,"Sigma":0.0714099895941738,"Taucorr":-2.220446049250313e-16},"Iteration":71},
{"Acceptance":[0.0008403361344537816],"Energy":{"Mean":-201.0,"Sigma":0.0,"Taucorr":null},"EnergyVariance":{"Mean":0.0,"Sigma":0.0,"Taucorr":null},"Iteration":72},
{"Acceptance":[0.00028011204481792715],"Energy":{"Mean":-201.0,"Sigma":0.0,"Taucorr":null},"EnergyVariance":{"Mean":0.0,"Sigma":0.0,"Taucorr":null},"Iteration":73},
{"Acceptance":[0.0008403361344537816],"Energy":{"Mean":-200.9032258064516,"Sigma":0.05874747690171047,"Taucorr":0.3534518828451836},"EnergyVariance":{"Mean":0.24869927159209154,"Sigma":0.14980825875591253,"Taucorr":0.11800362659632957},"Iteration":74},
{"Acceptance":[0.0],"Energy":{"Mean":-201.0,"Sigma":0.0,"Taucorr":null},"EnergyVariance":{"Mean":0.0,"Sigma":0.0,"Taucorr":null},"Iteration":75},
{"Acceptance":[0.0016806722689075631],"Energy":{"Mean":-200.99193548387098,"Sigma":0.008064516129032235,"Taucorr":-7.105427357601002e-15},"EnergyVariance":{"Mean":0.007999479708636837,"Sigma":0.007934443288241534,"Taucorr":0.0},"Iteration":76},
{"Acceptance":[0.0008403361344537816],"Energy":{"Mean":-200.90322580645156,"Sigma":0.07116297680763073,"Taucorr":-0.010147299509008778},"EnergyVariance":{"Mean":0.6357960457856402,"Sigma":0.5144021887949242,"Taucorr":-0.005821639123296085},"Iteration":77},
{"Acceptance":[0.0011204481792717086],"Energy":{"Mean":-200.91935483870967,"Sigma":0.08064516129032273,"Taucorr":1.5543122344752192e-15},"EnergyVariance":{"Mean":0.7999479708636833,"Sigma":0.7934443288241394,"Taucorr":-3.3306690738754696e-16},"Iteration":78},
{"Acceptance":[0.0005602240896358543],"Energy":{"Mean":-201.0,"Sigma":0.0,"Taucorr":null},"EnergyVariance":{"Mean":0.0,"Sigma":0.0,"Taucorr":null},"Iteration":79},
{"Acceptance":[0.0008403361344537816],"Energy":{"Mean":-200.99193548387095,"Sigma":0.00806451612903264,"Taucorr":3.863576125695545e-14},"EnergyVariance":{"Mean":0.007999479708636834,"Sigma":0.007934443288241074,"Taucorr":-2.220446049250313e-16},"Iteration":80},
{"Acceptance":[0.0],"Energy":{"Mean":-201.0,"Sigma":0.0,"Taucorr":null},"EnergyVariance":{"Mean":0.0,"Sigma":0.0,"Taucorr":null},"Iteration":81},
{"Acceptance":[0.0],"Energy":{"Mean":-201.0,"Sigma":0.0,"Taucorr":null},"EnergyVariance":{"Mean":0.0,"Sigma":0.0,"Taucorr":null},"Iteration":82},
{"Acceptance":[0.0011204481792717086],"Energy":{"Mean":-200.92741935483875,"Sigma":0.05079151512820155,"Taucorr":0.8712759977515354},"EnergyVariance":{"Mean":0.11569979188345475,"Sigma":0.09034740671002248,"Taucorr":0.983335065578083},"Iteration":83},
{"Acceptance":[0.0],"Energy":{"Mean":-201.0,"Sigma":0.0,"Taucorr":null},"EnergyVariance":{"Mean":0.0,"Sigma":0.0,"Taucorr":null},"Iteration":84},
{"Acceptance":[0.0008403361344537816],"Energy":{"Mean":-200.95967741935485,"Sigma":0.04032258064516143,"Taucorr":4.218847493575595e-15},"EnergyVariance":{"Mean":0.1999869927159209,"Sigma":0.19836108220603604,"Taucorr":0.0},"Iteration":85},
{"Acceptance":[0.0011204481792717086],"Energy":{"Mean":-200.9838709677419,"Sigma":0.016129032258064613,"Taucorr":5.10702591327572e-15},"EnergyVariance":{"Mean":0.031997918834547334,"Sigma":0.03173777315296429,"Taucorr":-2.220446049250313e-16},"Iteration":86},
{"Acceptance":[0.00028011204481792715],"Energy":{"Mean":-201.0,"Sigma":0.0,"Taucorr":null},"EnergyVariance":{"Mean":0.0,"Sigma":0.0,"Taucorr":null},"Iteration":87},
{"Acceptance":[0.0008403361344537816],"Energy":{"Mean":-200.9516129032258,"Sigma":0.048387096774193644,"Taucorr":1.0247933884297542},"EnergyVariance":{"Mean":0.09443288241415193,"Sigma":0.0920915712799155,"Taucorr":1.0247933884297518},"Iteration":88},
{"Acceptance":[0.0008403361344537816],"Energy":{"Mean":-200.91935483870967,"Sigma":0.08064516129032293,"Taucorr":0.5081967213114826},"EnergyVariance":{"Mean":0.39672216441207075,"Sigma":0.39021852237252674,"Taucorr":0.508196721311476},"Iteration":89},
{"Acceptance":[0.0005602240896358543],"Energy":{"Mean":-201.0,"Sigma":0.0,"Taucorr":null},"EnergyVariance":{"Mean":0.0,"Sigma":0.0,"Taucorr":null},"Iteration":90},
{"Acceptance":[0.00028011204481792715],"Energy":{"Mean":-201.0,"Sigma":0.0,"Taucorr":null},"EnergyVariance":{"Mean":0.0,"Sigma":0.0,"Taucorr":null},"Iteration":91},
{"Acceptance":[0.0005602240896358543],"Energy":{"Mean":-200.9838709677419,"Sigma":0.01612903225806496,"Taucorr":1.84297022087776e-14},"EnergyVariance":{"Mean":0.031997918834547334,"Sigma":0.03173777315296429,"Taucorr":-2.220446049250313e-16},"Iteration":92},
{"Acceptance":[0.0005602240896358543],"Energy":{"Mean":-200.98387096774192,"Sigma":0.016129032258064273,"Taucorr":-1.099120794378905e-14},"EnergyVariance":{"Mean":0.03199791883454734,"Sigma":0.03173777315296522,"Taucorr":0.0},"Iteration":93},
{"Acceptance":[0.0011204481792717086],"Energy":{"Mean":-200.92741935483875,"Sigma":0.0387880031944682,"Taucorr":0.2018746916625529},"EnergyVariance":{"Mean":0.13182882414151925,"Sigma":0.07116363457750176,"Taucorr":0.21796009490956403},"Iteration":94},
{"Acceptance":[0.0],"Energy":{"Mean":-201.0,"Sigma":0.0,"Taucorr":null},"EnergyVariance":{"Mean":0.0,"Sigma":0.0,"Taucorr":null},"Iteration":95},
{"Acceptance":[0.0011204481792717086],"Energy":{"Mean":-201.0,"Sigma":0.0,"Taucorr":null},"EnergyVariance":{"Mean":0.0,"Sigma":0.0,"Taucorr":null},"Iteration":96},
{"Acceptance":[0.0],"Energy":{"Mean":-201.0,"Sigma":0.0,"Taucorr":null},"EnergyVariance":{"Mean":0.0,"Sigma":0.0,"Taucorr":null},"Iteration":97},
{"Acceptance":[0.00028011204481792715],"Energy":{"Mean":-201.0,"Sigma":0.0,"Taucorr":null},"EnergyVariance":{"Mean":0.0,"Sigma":0.0,"Taucorr":null},"Iteration":98},
{"Acceptance":[0.0],"Energy":{"Mean":-201.0,"Sigma":0.0,"Taucorr":null},"EnergyVariance":{"Mean":0.0,"Sigma":0.0,"Taucorr":null},"Iteration":99} 
]}