{"Output": [
{"Acceptance":[0.5723392145702902],"Energy":{"Mean":-3949.2177419354834,"Sigma":3.162952163593053,"Taucorr":-0.057552893227840796},"EnergyVariance":{"Mean":1390.589685223725,"Sigma":172.58788742214105,"Taucorr":0.16870487663465494},"Iteration":0},
{"Acceptance":[0.24063745019920318],"Energy":{"Mean":-4057.983870967743,"Sigma":3.651813798189782,"Taucorr":0.35949098742844476},"EnergyVariance":{"Mean":954.2255463059315,"Sigma":166.8705607271605,"Taucorr":0.20021407805390057},"Iteration":1},
{"Acceptance":[0.12683551508252702],"Energy":{"Mean":-4136.49193548387,"Sigma":2.4530396951736977,"Taucorr":0.4006796645918058},"EnergyVariance":{"Mean":410.8789672216441,"Sigma":50.10344875454976,"Taucorr":0.07700808954334704},"Iteration":2},
{"Acceptance":[0.07000569151963575],"Energy":{"Mean":-4192.9112903225805,"Sigma":1.4585467610534928,"Taucorr":0.2658241393868309},"EnergyVariance":{"Mean":170.8389047866805,"Sigma":29.29837311525597,"Taucorr":0.007406456366059411},"Iteration":3},
{"Acceptance":[0.042970973249857713],"Energy":{"Mean":-4216.717741935484,"Sigma":1.2480491193185028,"Taucorr":0.42273354019095166},"EnergyVariance":{"Mean":103.81549167533818,"Sigma":13.710371140034354,"Taucorr":0.1353906129978879},"Iteration":4},
{"Acceptance":[0.029567444507683553],"Energy":{"Mean":-4234.225806451613,"Sigma":0.9464389140911834,"Taucorr":0.45622510769728764},"EnergyVariance":{"Mean":57.610301768990624,"Sigma":7.451754823434803,"Taucorr":0.13902167977280044},"Iteration":5},
{"Acceptance":[0.02381900967558338],"Energy":{"Mean":-4243.419354838711,"Sigma":0.8051737187143528,"Taucorr":0.354738302381296},"EnergyVariance":{"Mean":46.646722164412076,"Sigma":7.325352512139316,"Taucorr":0.13767017112601598},"Iteration":6},
{"Acceptance":[0.016050085372794537],"Energy":{"Mean":-4251.346774193549,"Sigma":0.48104911941465145,"Taucorr":0.2528381274791781},"EnergyVariance":{"Mean":18.90394120707596,"Sigma":2.001823873088906,"Taucorr":-0.03311950602611852},"Iteration":7},
{"Acceptance":[0.011525327262379054],"Energy":{"Mean":-4255.137096774195,"Sigma":0.5268131401493947,"Taucorr":0.3765008232610617},"EnergyVariance":{"Mean":19.473139958376695,"Sigma":2.446234413083495,"Taucorr":0.04765821803252224},"Iteration":8},
{"Acceptance":[0.007768924302788844],"Energy":{"Mean":-4258.346774193548,"Sigma":0.4912784259956961,"Taucorr":0.2872110870818343},"EnergyVariance":{"Mean":18.855554110301764,"Sigma":3.6747979831166173,"Taucorr":0.3304065611101067},"Iteration":9},
{"Acceptance":[0.011923733636881047],"Energy":{"Mean":-4264.427419354838,"Sigma":0.5672743675828732,"Taucorr":0.18427526438757247},"EnergyVariance":{"Mean":28.922151404786685,"Sigma":4.048895081732697,"Taucorr":0.20522214889854296},"Iteration":10},
{"Acceptance":[0.011610700056915196],"Energy":{"Mean":-4267.427419354838,"Sigma":0.9071248408756699,"Taucorr":0.6125642869704315},"EnergyVariance":{"Mean":45.48666753381894,"Sigma":8.607812913341583,"Taucorr":0.3599885219341423},"Iteration":11},
{"Acceptance":[0.00919180421172453],"Energy":{"Mean":-4273.08064516129,"Sigma":0.4421336185625518,"Taucorr":0.2232444402711059},"EnergyVariance":{"Mean":16.622528616024976,"Sigma":3.1247342580535693,"Taucorr":0.22426757852126045},"Iteration":12},
{"Acceptance":[0.0038417757541263516],"Energy":{"Mean":-4276.346774193547,"Sigma":0.40654547473995745,"Taucorr":0.4377501244996519},"EnergyVariance":{"Mean":10.839425078043703,"Sigma":3.1811917893415873,"Taucorr":0.7494210506456693},"Iteration":13},
{"Acceptance":[0.0041548093340922024],"Energy":{"Mean":-4278.379032258064,"Sigma":0.3872759441981172,"Taucorr":0.21611453615477305},"EnergyVariance":{"Mean":12.880528095733608,"Sigma":2.5604528306048158,"Taucorr":0.06362441356170656},"Iteration":14},
{"Acceptance":[0.004723961297666477],"Energy":{"Mean":-4279.298387096775,"Sigma":0.5754170244218159,"Taucorr":0.35420814701847114},"EnergyVariance":{"Mean":23.838384495317378,"Sigma":3.479653036152184,"Taucorr":0.059950273828354494},"Iteration":15},
{"Acceptance":[0.006687535571997723],"Energy":{"Mean":-4278.1612903225805,"Sigma":0.18892323179801637,"Taucorr":0.15622958469435144},"EnergyVariance":{"Mean":3.3449531737773155,"Sigma":0.8668345324915179,"Taucorr":0.47335113009640917},"Iteration":16},
{"Acceptance":[0.007996585088218554],"Energy":{"Mean":-4280.419354838708,"Sigma":0.5011260300099607,"Taucorr":0.2081951568651259},"EnergyVariance":{"Mean":21.808012486992713,"Sigma":2.5836488458939235,"Taucorr":0.10612403407333837},"Iteration":17},
{"Acceptance":[0.009590210586226522],"Energy":{"Mean":-4284.580645161292,"Sigma":0.4288624451712436,"Taucorr":0.10295789882406825},"EnergyVariance":{"Mean":18.759625390218524,"Sigma":1.5114701408214992,"Taucorr":-0.020052078536215656},"Iteration":18},
{"Acceptance":[0.004467842914058054],"Energy":{"Mean":-4287.717741935484,"Sigma":0.1956317088869453,"Taucorr":-0.06640708303879339},"EnergyVariance":{"Mean":5.428394901144641,"Sigma":1.2932212616130263,"Taucorr":-0.0596588247391463},"Iteration":19},
{"Acceptance":[0.0042401821286283435],"Energy":{"Mean":-4288.709677419354,"Sigma":0.20774544176562468,"Taucorr":0.3448865518382621},"EnergyVariance":{"Mean":3.141519250780437,"Sigma":0.9631325475540408,"Taucorr":0.2885278689617973},"Iteration":20},
{"Acceptance":[0.004923164484917473],"Energy":{"Mean":-4289.024193548387,"Sigma":0.18159790995999678,"Taucorr":0.09463798791069411},"EnergyVariance":{"Mean":3.4107049947970864,"Sigma":0.898358890404619,"Taucorr":-0.05138063265224174},"Iteration":21},
{"Acceptance":[0.0030734206033010813],"Energy":{"Mean":-4290.032258064516,"Sigma":0.34386753816199317,"Taucorr":0.8263332700701618},"EnergyVariance":{"Mean":5.482830385015608,"Sigma":2.265549230307579,"Taucorr":0.78984636618098},"Iteration":22},
{"Acceptance":[0.001707455890722823],"Energy":{"Mean":-4290.564516129032,"Sigma":0.2121851690365671,"Taucorr":0.013612893886071675},"EnergyVariance":{"Mean":5.390998959417274,"Sigma":1.3010032869456298,"Taucorr":-0.042139675313505875},"Iteration":23},
{"Acceptance":[0.0013375071143995447],"Energy":{"Mean":-4290.951612903225,"Sigma":0.29062857231906436,"Taucorr":0.23220728979504002},"EnergyVariance":{"Mean":7.094432882414151,"Sigma":1.853005653457948,"Taucorr":0.21927071375859952},"Iteration":24},
{"Acceptance":[0.0024473534433693796],"Energy":{"Mean":-4292.096774193548,"Sigma":0.35062874005726896,"Taucorr":0.11323954509010759},"EnergyVariance":{"Mean":12.329344432882413,"Sigma":1.3721449001017654,"Taucorr":0.1289958659803958},"Iteration":25},
{"Acceptance":[0.0033579965850882186],"Energy":{"Mean":-4294.120967741937,"Sigma":0.4444809356044265,"Taucorr":0.2476322919124483},"EnergyVariance":{"Mean":16.251495837669093,"Sigma":0.8564687305735388,"Taucorr":0.8211185406401704},"Iteration":26},
{"Acceptance":[0.0017359134889015366],"Energy":{"Mean":-4296.620967741935,"Sigma":0.36641076744957773,"Taucorr":0.30796596470476123},"EnergyVariance":{"Mean":10.219237773152965,"Sigma":1.7620235208031956,"Taucorr":0.2432927189765931},"Iteration":27},
{"Acceptance":[0.0010813887307911212],"Energy":{"Mean":-4297.596774193549,"Sigma":0.238914834826918,"Taucorr":0.20913474170996504},"EnergyVariance":{"Mean":4.950312174817896,"Sigma":1.4844224677487048,"Taucorr":0.15705489250115456},"Iteration":28},
{"Acceptance":[0.0007683551508252703],"Energy":{"Mean":-4298.104838709679,"Sigma":0.07311630294607538,"Taucorr":0.18361054766722096},"EnergyVariance":{"Mean":0.4809443288241415,"Sigma":0.18030380779020028,"Taucorr":0.0945639043494888},"Iteration":29},
{"Acceptance":[0.0013944223107569722],"Energy":{"Mean":-4298.580645161292,"Sigma":0.1421735540067003,"Taucorr":0.38491666666663393},"EnergyVariance":{"Mean":1.4047866805411031,"Sigma":0.2614158896248616,"Taucorr":0.3849166666666667},"Iteration":30},
{"Acceptance":[0.0024473534433693796],"Energy":{"Mean":-4298.895161290323,"Sigma":0.14093304363689135,"Taucorr":0.14830692761718223},"EnergyVariance":{"Mean":1.8841701352757545,"Sigma":0.1704835205284229,"Taucorr":0.1483069276172725},"Iteration":31},
{"Acceptance":[0.0031587933978372224],"Energy":{"Mean":-4299.814516129032,"Sigma":0.1659802026733935,"Taucorr":0.2876462585034335},"EnergyVariance":{"Mean":2.1510796045785634,"Sigma":0.10440690168163079,"Taucorr":0.2876462585034014},"Iteration":32},
{"Acceptance":[0.0012521343198634036],"Energy":{"Mean":-4300.370967741936,"Sigma":0.14381092338810839,"Taucorr":0.3528257456827846},"EnergyVariance":{"Mean":1.4914151925078043,"Sigma":0.25050935041805106,"Taucorr":0.3528257456828884},"Iteration":33},
{"Acceptance":[0.0003414911781445646],"Energy":{"Mean":-4300.879032258064,"Sigma":0.061205374067822456,"Taucorr":0.16151260504273202},"EnergyVariance":{"Mean":0.34827003121748196,"Sigma":0.16880837041272018,"Taucorr":0.16151260504201714},"Iteration":34},
{"Acceptance":[0.00011383039271485487],"Energy":{"Mean":-4300.967741935484,"Sigma":0.03225806451612401,"Taucorr":0.5081967213111098},"EnergyVariance":{"Mean":0.06347554630593132,"Sigma":0.06243496357960647,"Taucorr":0.5081967213114753},"Iteration":35},
{"Acceptance":[5.6915196357427435e-05],"Energy":{"Mean":-4301.0,"Sigma":0.0,"Taucorr":null},"EnergyVariance":{"Mean":0.0,"Sigma":0.0,"Taucorr":null},"Iteration":36},
{"Acceptance":[0.0001707455890722823],"Energy":{"Mean":-4300.983870967742,"Sigma":0.016129032258067357,"Taucorr":2.5623947408348613e-13},"EnergyVariance":{"Mean":0.03199791883454734,"Sigma":0.0317377731529808,"Taucorr":-2.220446049250313e-16},"Iteration":37},
{"Acceptance":[0.0001707455890722823],"Energy":{"Mean":-4300.822580645161,"Sigma":0.08131442721644994,"Taucorr":0.46787925696631394},"EnergyVariance":{"Mean":0.42013527575442244,"Sigma":0.2159541783655655,"Taucorr":0.0949877575206397},"Iteration":38},
{"Acceptance":[5.6915196357427435e-05],"Energy":{"Mean":-4301.0,"Sigma":0.0,"Taucorr":null},"EnergyVariance":{"Mean":0.0,"Sigma":0.0,"Taucorr":null},"Iteration":39},
{"Acceptance":[0.0],"Energy":{"Mean":-4301.0,"Sigma":0.0,"Taucorr":null},"EnergyVariance":{"Mean":0.0,"Sigma":0.0,"Taucorr":null},"Iteration":40},
{"Acceptance":[0.0],"Energy":{"Mean":-4301.0,"Sigma":0.0,"Taucorr":null},"EnergyVariance":{"Mean":0.0,"Sigma":0.0,"Taucorr":null},"Iteration":41},
{"Acceptance":[0.0],"Energy":{"Mean":-4301.0,"Sigma":0.0,"Taucorr":null},"EnergyVariance":{"Mean":0.0,"Sigma":0.0,"Taucorr":null},"Iteration":42},
{"Acceptance":[5.6915196357427435e-05],"Energy":{"Mean":-4301.0,"Sigma":0.0,"Taucorr":null},"EnergyVariance":{"Mean":0.0,"Sigma":0.0,"Taucorr":null},"Iteration":43},
{"Acceptance":[0.0],"Energy":{"Mean":-4301.0,"Sigma":0.0,"Taucorr":null},"EnergyVariance":{"Mean":0.0,"Sigma":0.0,"Taucorr":null},"Iteration":44},
{"Acceptance":[5.6915196357427435e-05],"Energy":{"Mean":-4301.0,"Sigma":0.0,"Taucorr":null},"EnergyVariance":{"Mean":0.0,"Sigma":0.0,"Taucorr":null},"Iteration":45},
{"Acceptance":[0.0],"Energy":{"Mean":-4301.0,"Sigma":0.0,"Taucorr":null},"EnergyVariance":{"Mean":0.0,"Sigma":0.0,"Taucorr":null},"Iteration":46},
{"Acceptance":[0.0],"Energy":{"Mean":-4301.0,"Sigma":0.0,"Taucorr":null},"EnergyVariance":{"Mean":0.0,"Sigma":0.0,"Taucorr":null},"Iteration":47},
{"Acceptance":[0.0],"Energy":{"Mean":-4301.0,"Sigma":0.0,"Taucorr":null},"EnergyVariance":{"Mean":0.0,"Sigma":0.0,"Taucorr":null},"Iteration":48},
{"Acceptance":[0.0],"Energy":{"Mean":-4301.0,"Sigma":0.0,"Taucorr":null},"EnergyVariance":{"Mean":0.0,"Sigma":0.0,"Taucorr":null},"Iteration":49},
{"Acceptance":[0.00011383039271485487],"Energy":{"Mean":-4300.975806451613,"Sigma":0.017790744201907457,"Taucorr":0.324517906335794},"EnergyVariance":{"Mean":0.023608220603537983,"Sigma":0.016929901740517898,"Taucorr":0.3245179063360877},"Iteration":50},
{"Acceptance":[0.0],"Energy":{"Mean":-4301.0,"Sigma":0.0,"Taucorr":null},"EnergyVariance":{"Mean":0.0,"Sigma":0.0,"Taucorr":null},"Iteration":51},
{"Acceptance":[0.0],"Energy":{"Mean":-4301.0,"Sigma":0.0,"Taucorr":null},"EnergyVariance":{"Mean":0.0,"Sigma":0.0,"Taucorr":null},"Iteration":52},
{"Acceptance":[5.6915196357427435e-05],"Energy":{"Mean":-4300.758064516128,"Sigma":0.24193548387096153,"Taucorr":0.5081967213114491},"EnergyVariance":{"Mean":3.570499479708637,"Sigma":3.511966701352203,"Taucorr":0.5081967213114746},"Iteration":53},
{"Acceptance":[0.0],"Energy":{"Mean":-4301.0,"Sigma":0.0,"Taucorr":null},"EnergyVariance":{"Mean":0.0,"Sigma":0.0,"Taucorr":null},"Iteration":54},
{"Acceptance":[0.0],"Energy":{"Mean":-4301.0,"Sigma":0.0,"Taucorr":null},"EnergyVariance":{"Mean":0.0,"Sigma":0.0,"Taucorr":null},"Iteration":55},
{"Acceptance":[0.00011383039271485487],"Energy":{"Mean":-4301.0,"Sigma":0.0,"Taucorr":null},"EnergyVariance":{"Mean":0.0,"Sigma":0.0,"Taucorr":null},"Iteration":56},
{"Acceptance":[0.0],"Energy":{"Mean":-4301.0,"Sigma":0.0,"Taucorr":null},"EnergyVariance":{"Mean":0.0,"Sigma":0.0,"Taucorr":null},"Iteration":57},
{"Acceptance":[5.6915196357427435e-05],"Energy":{"Mean":-4301.0,"Sigma":0.0,"Taucorr":null},"EnergyVariance":{"Mean":0.0,"Sigma":0.0,"Taucorr":null},"Iteration":58},
{"Acceptance":[0.0],"Energy":{"Mean":-4301.0,"Sigma":0.0,"Taucorr":null},"EnergyVariance":{"Mean":0.0,"Sigma":0.0,"Taucorr":null},"Iteration":59},
{"Acceptance":[0.0],"Energy":{"Mean":-4301.0,"Sigma":0.0,"Taucorr":null},"EnergyVariance":{"Mean":0.0,"Sigma":0.0,"Taucorr":null},"Iteration":60},
{"Acceptance":[5.6915196357427435e-05],"Energy":{"Mean":-4301.0,"Sigma":0.0,"Taucorr":null},"EnergyVariance":{"Mean":0.0,"Sigma":0.0,"Taucorr":null},"Iteration":61},
{"Acceptance":[0.0],"Energy":{"Mean":-4301.0,"Sigma":0.0,"Taucorr":null},"EnergyVariance":{"Mean":0.0,"Sigma":0.0,"Taucorr":null},"Iteration":62},
{"Acceptance":[5.6915196357427435e-05],"Energy":{"Mean":-4301.056451612903,"Sigma":0.05645161290321943,"Taucorr":-8.859579736508749e-14},"EnergyVariance":{"Mean":0.3919745057232048,"Sigma":0.38878772112380944,"Taucorr":2.220446049250313e-16},"Iteration":63},
{"Acceptance":[5.6915196357427435e-05],"Energy":{"Mean":-4300.975806451614,"Sigma":0.024193548387096732,"Taucorr":1.0247933884300826},"EnergyVariance":{"Mean":0.023608220603537983,"Sigma":0.02302289282001326,"Taucorr":1.0247933884297518},"Iteration":64},
{"Acceptance":[0.0],"Energy":{"Mean":-4301.0,"Sigma":0.0,"Taucorr":null},"EnergyVariance":{"Mean":0.0,"Sigma":0.0,"Taucorr":null},"Iteration":65},
{"Acceptance":[5.6915196357427435e-05],"Energy":{"Mean":-4301.0,"Sigma":0.0,"Taucorr":null},"EnergyVariance":{"Mean":0.0,"Sigma":0.0,"Taucorr":null},"Iteration":66},
{"Acceptance":[0.00011383039271485487],"Energy":{"Mean":-4300.983870967742,"Sigma":0.016129032258067357,"Taucorr":1.4144241333724494e-13},"EnergyVariance":{"Mean":0.03199791883454734,"Sigma":0.0317377731529808,"Taucorr":-2.220446049250313e-16},"Iteration":67},
{"Acceptance":[0.00011383039271485487],"Energy":{"Mean":-4301.0,"Sigma":0.0,"Taucorr":null},"EnergyVariance":{"Mean":0.0,"Sigma":0.0,"Taucorr":null},"Iteration":68},
{"Acceptance":[0.0],"Energy":{"Mean":-4301.0,"Sigma":0.0,"Taucorr":null},"EnergyVariance":{"Mean":0.0,"Sigma":0.0,"Taucorr":null},"Iteration":69},
{"Acceptance":[0.0],"Energy":{"Mean":-4301.0,"Sigma":0.0,"Taucorr":null},"EnergyVariance":{"Mean":0.0,"Sigma":0.0,"Taucorr":null},"Iteration":70},
{"Acceptance":[5.6915196357427435e-05],"Energy":{"Mean":-4301.0,"Sigma":0.0,"Taucorr":null},"EnergyVariance":{"Mean":0.0,"Sigma":0.0,"Taucorr":null},"Iteration":71},
{"Acceptance":[0.00011383039271485487],"Energy":{"Mean":-4301.0,"Sigma":0.0,"Taucorr":null},"EnergyVariance":{"Mean":0.0,"Sigma":0.0,"Taucorr":null},"Iteration":72},
{"Acceptance":[5.6915196357427435e-05],"Energy":{"Mean":-4300.983870967742,"Sigma":0.016129032258068166,"Taucorr":2.3026025530725747e-13},"EnergyVariance":{"Mean":0.03199791883454735,"Sigma":0.031737773152980805,"Taucorr":0.0},"Iteration":73},
{"Acceptance":[5.6915196357427435e-05],"Energy":{"Mean":-4301.056451612903,"Sigma":0.056451612903215966,"Taucorr":-1.4732659536775827e-13},"EnergyVariance":{"Mean":0.3919745057232048,"Sigma":0.38878772112380944,"Taucorr":0.0},"Iteration":74},
{"Acceptance":[5.6915196357427435e-05],"Energy":{"Mean":-4300.983870967742,"Sigma":0.016129032258066552,"Taucorr":2.26929586233382e-13},"EnergyVariance":{"Mean":0.03199791883454734,"Sigma":0.0317377731529808,"Taucorr":-2.220446049250313e-16},"Iteration":75},
{"Acceptance":[0.0],"Energy":{"Mean":-4301.0,"Sigma":0.0,"Taucorr":null},"EnergyVariance":{"Mean":0.0,"Sigma":0.0,"Taucorr":null},"Iteration":76},
{"Acceptance":[0.0],"Energy":{"Mean":-4301.0,"Sigma":0.0,"Taucorr":null},"EnergyVariance":{"Mean":0.0,"Sigma":0.0,"Taucorr":null},"Iteration":77},
{"Acceptance":[0.0],"Energy":{"Mean":-4301.0,"Sigma":0.0,"Taucorr":null},"EnergyVariance":{"Mean":0.0,"Sigma":0.0,"Taucorr":null},"Iteration":78},
{"Acceptance":[0.0001707455890722823],"Energy":{"Mean":-4301.08064516129,"Sigma":0.11845051186033408,"Taucorr":0.5171419809875164},"EnergyVariance":{"Mean":0.8483350676378771,"Sigma":0.7729356685475487,"Taucorr":0.5051283539212978},"Iteration":79},
{"Acceptance":[5.6915196357427435e-05],"Energy":{"Mean":-4300.9838709677415,"Sigma":0.016129032258074515,"Taucorr":5.755396159656812e-13},"EnergyVariance":{"Mean":0.031997918834547355,"Sigma":0.03173777315295146,"Taucorr":-2.220446049250313e-16},"Iteration":80},
{"Acceptance":[0.00011383039271485487],"Energy":{"Mean":-4301.0887096774195,"Sigma":0.06407781213208562,"Taucorr":-0.010933366922422638},"EnergyVariance":{"Mean":0.5163241415192509,"Sigma":0.40046995974393484,"Taucorr":-0.007353633301333484},"Iteration":81},
{"Acceptance":[0.0],"Energy":{"Mean":-4301.0,"Sigma":0.0,"Taucorr":null},"EnergyVariance":{"Mean":0.0,"Sigma":0.0,"Taucorr":null},"Iteration":82},
{"Acceptance":[0.0],"Energy":{"Mean":-4301.0,"Sigma":0.0,"Taucorr":null},"EnergyVariance":{"Mean":0.0,"Sigma":0.0,"Taucorr":null},"Iteration":83},
{"Acceptance":[0.00011383039271485487],"Energy":{"Mean":-4301.056451612903,"Sigma":0.056451612903215966,"Taucorr":-1.4732659536775827e-13},"EnergyVariance":{"Mean":0.3919745057232048,"Sigma":0.3887877211238094,"Taucorr":-1.1102230246251565e-16},"Iteration":84},
{"Acceptance":[0.00011383039271485487],"Energy":{"Mean":-4301.104838709679,"Sigma":0.1134586950257082,"Taucorr":0.5054431320724837},"EnergyVariance":{"Mean":0.7873959417273673,"Sigma":0.7663861645350862,"Taucorr":0.5075960954292165},"Iteration":85},
{"Acceptance":[5.6915196357427435e-05],"Energy":{"Mean":-4301.056451612903,"Sigma":0.056451612903218956,"Taucorr":-9.303668946358812e-14},"EnergyVariance":{"Mean":0.3919745057232048,"Sigma":0.38878772112380944,"Taucorr":2.220446049250313e-16},"Iteration":86},
{"Acceptance":[0.0],"Energy":{"Mean":-4301.0,"Sigma":0.0,"Taucorr":null},"EnergyVariance":{"Mean":0.0,"Sigma":0.0,"Taucorr":null},"Iteration":87},
{"Acceptance":[0.00022766078542970974],"Energy":{"Mean":-4301.056451612903,"Sigma":0.05645161290321564,"Taucorr":-1.66644475996236e-13},"EnergyVariance":{"Mean":0.3919745057232048,"Sigma":0.38878772112380944,"Taucorr":2.220446049250313e-16},"Iteration":88},
{"Acceptance":[0.00039840637450199205],"Energy":{"Mean":-4301.225806451614,"Sigma":0.13438171774141022,"Taucorr":0.2260416666667724},"EnergyVariance":{"Mean":1.529656607700312,"Sigma":0.8799835064999312,"Taucorr":0.22604166666666647},"Iteration":89},
{"Acceptance":[0.00039840637450199205],"Energy":{"Mean":-4301.258064516131,"Sigma":0.13643102109553487,"Taucorr":0.1966949018366454},"EnergyVariance":{"Mean":1.6430801248699272,"Sigma":0.8722661272442046,"Taucorr":0.21403473154762365},"Iteration":90},
{"Acceptance":[0.0008821855435401252],"Energy":{"Mean":-4301.790322580645,"Sigma":0.2671777966561141,"Taucorr":0.394545454545432},"EnergyVariance":{"Mean":4.907648283038501,"Sigma":1.4479312851042305,"Taucorr":0.3945454545454552},"Iteration":91},
{"Acceptance":[0.0023619806488332385],"Energy":{"Mean":-4303.540322580646,"Sigma":0.3962351001563435,"Taucorr":0.3522925457102678},"EnergyVariance":{"Mean":11.329019250780437,"Sigma":0.7605157567511787,"Taucorr":0.3522925457102667},"Iteration":92},
{"Acceptance":[0.003727945361411497],"Energy":{"Mean":-4304.330645161291,"Sigma":0.318005185419231,"Taucorr":0.00889178617991826},"EnergyVariance":{"Mean":12.22131893860562,"Sigma":0.10771143377078789,"Taucorr":0.00889178617992159},"Iteration":93},
{"Acceptance":[0.0015367103016505406],"Energy":{"Mean":-4307.040322580646,"Sigma":0.24127149026618439,"Taucorr":0.11759208356242468},"EnergyVariance":{"Mean":5.796761186264307,"Sigma":1.2258148295784683,"Taucorr":0.11759208356239725},"Iteration":94},
{"Acceptance":[0.0019351166761525328],"Energy":{"Mean":-4306.41935483871,"Sigma":0.35703134872867776,"Taucorr":0.2726130653266021},"EnergyVariance":{"Mean":10.146722164412074,"Sigma":1.3185906794461888,"Taucorr":0.04060396950584311},"Iteration":95},
{"Acceptance":[5.6915196357427435e-05],"Energy":{"Mean":-4308.0,"Sigma":0.0,"Taucorr":null},"EnergyVariance":{"Mean":0.0,"Sigma":0.0,"Taucorr":null},"Iteration":96},
{"Acceptance":[0.00011383039271485487],"Energy":{"Mean":-4308.056451612903,"Sigma":0.05645161290322509,"Taucorr":1.3988810110276972e-14},"EnergyVariance":{"Mean":0.3919745057232048,"Sigma":0.3887877211238095,"Taucorr":2.220446049250313e-16},"Iteration":97},
{"Acceptance":[5.6915196357427435e-05],"Energy":{"Mean":-4308.0,"Sigma":0.0,"Taucorr":null},"EnergyVariance":{"Mean":0.0,"Sigma":0.0,"Taucorr":null},"Iteration":98},
{"Acceptance":[5.6915196357427435e-05],"Energy":{"Mean":-4308.0,"Sigma":0.0,"Taucorr":null},"EnergyVariance":{"Mean":0.0,"Sigma":0.0,"Taucorr":null},"Iteration":99} 
]}