{"Output": [
{"Acceptance":[0.9189167974882261],"Energy":{"Mean":-511.8951612903225,"Sigma":1.4781006317661425,"Taucorr":0.10053926924831047},"EnergyVariance":{"Mean":223.73900884495316,"Sigma":23.333664553808074,"Taucorr":-0.1734836116638248},"Iteration":0},
{"Acceptance":[0.9010204081632653],"Energy":{"Mean":-510.983870967742,"Sigma":1.136452192809623,"Taucorr":-0.12413482690998434},"EnergyVariance":{"Mean":211.3223204994797,"Sigma":26.488729167707568,"Taucorr":0.023122105688290984},"Iteration":1},
{"Acceptance":[0.8838304552590267],"Energy":{"Mean":-514.5483870967741,"Sigma":1.3220330626202594,"Taucorr":-0.09929587914006455},"EnergyVariance":{"Mean":268.2476586888657,"Sigma":34.18385838469122,"Taucorr":0.07561219392209462},"Iteration":2},
{"Acceptance":[0.8705651491365777],"Energy":{"Mean":-513.1290322580645,"Sigma":1.6284545978886447,"Taucorr":0.1627067930663405},"EnergyVariance":{"Mean":246.09625390218523,"Sigma":32.716223049448466,"Taucorr":0.07895420518036844},"Iteration":3},
{"Acceptance":[0.8490580847723704],"Energy":{"Mean":-514.2983870967743,"Sigma":1.6597876594839163,"Taucorr":0.07045869558695694},"EnergyVariance":{"Mean":296.9996748178979,"Sigma":41.001391727673806,"Taucorr":-0.03868001887386263},"Iteration":4},
{"Acceptance":[0.8056514913657771],"Energy":{"Mean":-514.9999999999999,"Sigma":1.4339396067125485,"Taucorr":0.045558764177860867},"EnergyVariance":{"Mean":231.79032258064515,"Sigma":27.93886157533198,"Taucorr":-0.11631853894773542},"Iteration":5},
{"Acceptance":[0.7334379905808477],"Energy":{"Mean":-526.2258064516129,"Sigma":1.3169875836641336,"Taucorr":-0.057533068811616406},"EnergyVariance":{"Mean":241.0780437044745,"Sigma":36.31534801095048,"Taucorr":0.14396043537638947},"Iteration":6},
{"Acceptance":[0.573861852433281],"Energy":{"Mean":-533.2338709677417,"Sigma":2.153202649788896,"Taucorr":0.38602874261613884},"EnergyVariance":{"Mean":321.8082075962539,"Sigma":35.61525460934597,"Taucorr":-0.10482746061467035},"Iteration":7},
{"Acceptance":[0.44317111459968606],"Energy":{"Mean":-547.0645161290323,"Sigma":1.6581895061880567,"Taucorr":0.22236339975907204},"EnergyVariance":{"Mean":234.09261186264308,"Sigma":26.0375055354999,"Taucorr":-0.061587351374732535},"Iteration":8},
{"Acceptance":[0.33092621664050237],"Energy":{"Mean":-561.1209677419355,"Sigma":1.3942986331700757,"Taucorr":0.2110813874913513},"EnergyVariance":{"Mean":168.13859261186266,"Sigma":18.17473663533166,"Taucorr":-0.0867753185526039},"Iteration":9},
{"Acceptance":[0.26028257456828885],"Energy":{"Mean":-573.3629032258063,"Sigma":1.3193574677261732,"Taucorr":0.33737378105142724},"EnergyVariance":{"Mean":127.84410770031215,"Sigma":20.454274621113097,"Taucorr":0.21984382980756023},"Iteration":10},
{"Acceptance":[0.20470957613814755],"Energy":{"Mean":-581.0725806451615,"Sigma":1.1044383545876515,"Taucorr":0.44338197226917864},"EnergyVariance":{"Mean":79.51892559833507,"Sigma":11.044225841026181,"Taucorr":0.16677935096000607},"Iteration":11},
{"Acceptance":[0.1740973312401884],"Energy":{"Mean":-588.1370967741935,"Sigma":0.6032883355551115,"Taucorr":-0.09091084144876033},"EnergyVariance":{"Mean":54.71507544224765,"Sigma":6.234438375255868,"Taucorr":-0.0866474221989611},"Iteration":12},
{"Acceptance":[0.13791208791208792],"Energy":{"Mean":-591.9516129032259,"Sigma":0.7832606367696086,"Taucorr":0.3275150486406325},"EnergyVariance":{"Mean":45.59443288241416,"Sigma":6.925768113987872,"Taucorr":0.07046757946125481},"Iteration":13},
{"Acceptance":[0.11648351648351649],"Energy":{"Mean":-596.6370967741934,"Sigma":0.6078384394763376,"Taucorr":0.12519778035062723},"EnergyVariance":{"Mean":36.344107700312186,"Sigma":4.960892772544707,"Taucorr":0.09536846114518782},"Iteration":14},
{"Acceptance":[0.09615384615384616],"Energy":{"Mean":-599.5080645161291,"Sigma":0.5567865596254385,"Taucorr":0.07902293345131106},"EnergyVariance":{"Mean":32.92735431841832,"Sigma":3.5576619715912488,"Taucorr":-0.1459685428812963},"Iteration":15},
{"Acceptance":[0.0740188383045526],"Energy":{"Mean":-604.1129032258063,"Sigma":0.4699060060549709,"Taucorr":0.20978584540077383},"EnergyVariance":{"Mean":19.132414151925076,"Sigma":2.7730318024810092,"Taucorr":0.14046304567716883},"Iteration":16},
{"Acceptance":[0.06287284144427002],"Energy":{"Mean":-605.2338709677421,"Sigma":0.5588890049688984,"Taucorr":0.40016548268830954},"EnergyVariance":{"Mean":21.340465660770032,"Sigma":3.3548294635595286,"Taucorr":0.12098333315682219},"Iteration":17},
{"Acceptance":[0.05235478806907378],"Energy":{"Mean":-607.4354838709678,"Sigma":0.4051031565718153,"Taucorr":0.04401247984295509},"EnergyVariance":{"Mean":18.552289281997922,"Sigma":2.780049304581987,"Taucorr":0.034674896969563385},"Iteration":18},
{"Acceptance":[0.04874411302982731],"Energy":{"Mean":-608.9032258064516,"Sigma":0.35989795061867447,"Taucorr":0.310418431081941},"EnergyVariance":{"Mean":9.829344432882412,"Sigma":1.5475029084571894,"Taucorr":0.2905524098255229},"Iteration":19},
{"Acceptance":[0.046703296703296704],"Energy":{"Mean":-610.8064516129032,"Sigma":0.2860346427575519,"Taucorr":0.19375000000000175},"EnergyVariance":{"Mean":7.2528616024974,"Sigma":1.4664918554625137,"Taucorr":0.12359720360290449},"Iteration":20},
{"Acceptance":[0.036734693877551024],"Energy":{"Mean":-610.9112903225807,"Sigma":0.306196838066695,"Taucorr":0.43581735082702233},"EnergyVariance":{"Mean":6.161485431841831,"Sigma":0.9656634401650667,"Taucorr":0.013520161347168935},"Iteration":21},
{"Acceptance":[0.027864992150706435],"Energy":{"Mean":-612.1532258064516,"Sigma":0.18208670219866305,"Taucorr":0.1617425441651208},"EnergyVariance":{"Mean":3.0813605619146727,"Sigma":0.5809898287526986,"Taucorr":-0.05526823140999515},"Iteration":22},
{"Acceptance":[0.02056514913657771],"Energy":{"Mean":-612.5967741935485,"Sigma":0.24666523703310322,"Taucorr":0.6662876023676383},"EnergyVariance":{"Mean":3.2083766909469302,"Sigma":1.264884326852952,"Taucorr":0.3795448069924633},"Iteration":23},
{"Acceptance":[0.012794348508634222],"Energy":{"Mean":-612.9112903225808,"Sigma":0.20232133599024343,"Taucorr":0.3044913228722709},"EnergyVariance":{"Mean":3.1292273673257025,"Sigma":1.2112961529654005,"Taucorr":-0.0004565824152990561},"Iteration":24},
{"Acceptance":[0.013657770800627944],"Energy":{"Mean":-612.9274193548385,"Sigma":0.11719936854571049,"Taucorr":-0.05680212918414668},"EnergyVariance":{"Mean":1.9060223725286163,"Sigma":0.3377475100912266,"Taucorr":-0.00609594782246603},"Iteration":25},
{"Acceptance":[0.010439560439560439],"Energy":{"Mean":-612.9677419354838,"Sigma":0.1945984062513774,"Taucorr":0.19441126279866072},"EnergyVariance":{"Mean":3.353798126951093,"Sigma":1.175321648503193,"Taucorr":0.29204690556042345},"Iteration":26},
{"Acceptance":[0.013500784929356358],"Energy":{"Mean":-613.5322580645161,"Sigma":0.1432823437767367,"Taucorr":0.48545685279188544},"EnergyVariance":{"Mean":1.2812174817898023,"Sigma":0.21092208014798092,"Taucorr":0.5700216416301709},"Iteration":27},
{"Acceptance":[0.012951334379905808],"Energy":{"Mean":-613.7177419354839,"Sigma":0.14281253949147524,"Taucorr":0.22979906913384252},"EnergyVariance":{"Mean":1.7187174817898028,"Sigma":0.3523532938173116,"Taucorr":0.12006910926085468},"Iteration":28},
{"Acceptance":[0.009105180533751962],"Energy":{"Mean":-614.3387096774192,"Sigma":0.1413017376446404,"Taucorr":0.47745392420791744},"EnergyVariance":{"Mean":1.2562434963579605,"Sigma":0.3780586603474504,"Taucorr":0.8280111477974701},"Iteration":29},
{"Acceptance":[0.006279434850863423],"Energy":{"Mean":-614.1290322580645,"Sigma":0.25449479992942714,"Taucorr":0.6026537519803998},"EnergyVariance":{"Mean":3.612382934443287,"Sigma":1.8651942051473134,"Taucorr":0.441793482552848},"Iteration":30},
{"Acceptance":[0.003610675039246468],"Energy":{"Mean":-614.6935483870966,"Sigma":0.08575226682743153,"Taucorr":0.18092440266357435},"EnergyVariance":{"Mean":0.6641519250780438,"Sigma":0.24073531474051227,"Taucorr":0.22741096637548597},"Iteration":31},
{"Acceptance":[0.0038461538461538464],"Energy":{"Mean":-614.6048387096772,"Sigma":0.12202050855979674,"Taucorr":0.20245971162000032},"EnergyVariance":{"Mean":1.3035249739854318,"Sigma":0.5567662386100346,"Taucorr":0.3097391702566694},"Iteration":32},
{"Acceptance":[0.002119309262166405],"Energy":{"Mean":-614.8225806451613,"Sigma":0.11071222770704973,"Taucorr":0.7615041358293784},"EnergyVariance":{"Mean":0.5975546305931322,"Sigma":0.4557122523508224,"Taucorr":0.21980203613283322},"Iteration":33},
{"Acceptance":[0.0018838304552590266],"Energy":{"Mean":-614.7661290322579,"Sigma":0.08354984015010765,"Taucorr":0.13209805611413927},"EnergyVariance":{"Mean":0.6791753381893859,"Sigma":0.3744003809518974,"Taucorr":0.0002309964797743147},"Iteration":34},
{"Acceptance":[0.001098901098901099],"Energy":{"Mean":-614.9919354838709,"Sigma":0.008064516129036437,"Taucorr":4.2543746303636e-13},"EnergyVariance":{"Mean":0.007999479708636839,"Sigma":0.0079344432882397,"Taucorr":0.0},"Iteration":35},
{"Acceptance":[0.0007849293563579278],"Energy":{"Mean":-614.8790322580646,"Sigma":0.06545022706895906,"Taucorr":0.16417445482864568},"EnergyVariance":{"Mean":0.3966571279916753,"Sigma":0.2866661249242063,"Taucorr":0.002391474584470976},"Iteration":36},
{"Acceptance":[0.0008634222919937205],"Energy":{"Mean":-614.9193548387098,"Sigma":0.04693151148988353,"Taucorr":0.3751260504201912},"EnergyVariance":{"Mean":0.15478668054110303,"Sigma":0.08629342435237082,"Taucorr":0.375126050420168},"Iteration":37},
{"Acceptance":[0.001098901098901099],"Energy":{"Mean":-614.7822580645161,"Sigma":0.1514898837443099,"Taucorr":0.6282193917338228},"EnergyVariance":{"Mean":1.2509755463059313,"Sigma":0.8603981972385458,"Taucorr":0.49396601028196996},"Iteration":38},
{"Acceptance":[0.0012558869701726845],"Energy":{"Mean":-614.9435483870967,"Sigma":0.05146989596621904,"Taucorr":0.7166585721223813},"EnergyVariance":{"Mean":0.13390998959417275,"Sigma":0.09532344452766961,"Taucorr":0.7352391338371915},"Iteration":39},
{"Acceptance":[0.0005494505494505495],"Energy":{"Mean":-615.0161290322579,"Sigma":0.030531765300004246,"Taucorr":0.21318770226546968},"EnergyVariance":{"Mean":0.08038501560874091,"Sigma":0.0507432140403375,"Taucorr":0.09349592753574332},"Iteration":40},
{"Acceptance":[0.0012558869701726845],"Energy":{"Mean":-614.9677419354838,"Sigma":0.019197388248769463,"Taucorr":0.22604166666660785},"EnergyVariance":{"Mean":0.03121748178980229,"Sigma":0.017958847071427794,"Taucorr":0.22604166666666647},"Iteration":41},
{"Acceptance":[0.0007849293563579278],"Energy":{"Mean":-615.0,"Sigma":0.023186944788009808,"Taucorr":0.5250000000000663},"EnergyVariance":{"Mean":0.03225806451612903,"Sigma":0.022426509263026032,"Taucorr":0.4908333333333331},"Iteration":42},
{"Acceptance":[0.0003139717425431711],"Energy":{"Mean":-615.0080645161291,"Sigma":0.008064516129036437,"Taucorr":4.2543746303636e-13},"EnergyVariance":{"Mean":0.007999479708636839,"Sigma":0.0079344432882397,"Taucorr":0.0},"Iteration":43},
{"Acceptance":[0.0007849293563579278],"Energy":{"Mean":-614.8790322580645,"Sigma":0.06009733116058893,"Taucorr":0.32996354799509997},"EnergyVariance":{"Mean":0.2676248699271592,"Sigma":0.14592502097763574,"Taucorr":0.4071231057093133},"Iteration":44},
{"Acceptance":[0.00047095761381475666],"Energy":{"Mean":-614.9435483870967,"Sigma":0.03612567188673303,"Taucorr":1.0068376068375584},"EnergyVariance":{"Mean":0.05326482830385016,"Sigma":0.03204696699629376,"Taucorr":1.0068376068376081},"Iteration":45},
{"Acceptance":[0.0003139717425431711],"Energy":{"Mean":-615.0,"Sigma":0.0,"Taucorr":null},"EnergyVariance":{"Mean":0.0,"Sigma":0.0,"Taucorr":null},"Iteration":46},
{"Acceptance":[0.00047095761381475666],"Energy":{"Mean":-614.9919354838709,"Sigma":0.00806451612903253,"Taucorr":-1.4210854715202004e-14},"EnergyVariance":{"Mean":0.007999479708636837,"Sigma":0.007934443288239699,"Taucorr":-2.220446049250313e-16},"Iteration":47},
{"Acceptance":[0.00047095761381475666],"Energy":{"Mean":-614.9193548387098,"Sigma":0.04693151148988443,"Taucorr":-0.02273143904670638},"EnergyVariance":{"Mean":0.28381893860561913,"Sigma":0.17330618162907868,"Taucorr":-0.018332376969073583},"Iteration":48},
{"Acceptance":[0.0006279434850863422],"Energy":{"Mean":-614.9596774193545,"Sigma":0.02862619249887129,"Taucorr":-0.011720226843045634},"EnergyVariance":{"Mean":0.10321279916753384,"Sigma":0.07616510683432431,"Taucorr":-0.009322252609534953},"Iteration":49},
{"Acceptance":[0.0006279434850863422],"Energy":{"Mean":-614.9677419354838,"Sigma":0.032258064516134416,"Taucorr":0.5081967213116636},"EnergyVariance":{"Mean":0.06347554630593132,"Sigma":0.06243496357959914,"Taucorr":0.5081967213114753},"Iteration":50},
{"Acceptance":[0.00047095761381475666],"Energy":{"Mean":-614.983870967742,"Sigma":0.0161290322580653,"Taucorr":3.086420008457935e-14},"EnergyVariance":{"Mean":0.031997918834547355,"Sigma":0.03173777315296614,"Taucorr":0.0},"Iteration":51},
{"Acceptance":[0.0006279434850863422],"Energy":{"Mean":-614.9435483870967,"Sigma":0.03612567188673744,"Taucorr":0.28957133717211647},"EnergyVariance":{"Mean":0.1016519250780437,"Sigma":0.06720250800422684,"Taucorr":0.31384051277254},"Iteration":52},
{"Acceptance":[0.0003139717425431711],"Energy":{"Mean":-614.9919354838709,"Sigma":0.008064516129036437,"Taucorr":4.2543746303636e-13},"EnergyVariance":{"Mean":0.007999479708636839,"Sigma":0.0079344432882397,"Taucorr":0.0},"Iteration":53},
{"Acceptance":[0.0003139717425431711],"Energy":{"Mean":-614.9758064516129,"Sigma":0.024193548387097114,"Taucorr":1.7985612998927536e-14},"EnergyVariance":{"Mean":0.07199531737773153,"Sigma":0.0714099895941738,"Taucorr":0.0},"Iteration":54},
{"Acceptance":[0.00015698587127158556],"Energy":{"Mean":-615.0,"Sigma":0.0,"Taucorr":null},"EnergyVariance":{"Mean":0.0,"Sigma":0.0,"Taucorr":null},"Iteration":55},
{"Acceptance":[0.0003924646781789639],"Energy":{"Mean":-614.9919354838709,"Sigma":0.06401011236445943,"Taucorr":0.5777468706535904},"EnergyVariance":{"Mean":0.23380593132154004,"Sigma":0.14911307884524697,"Taucorr":0.4609158592157696},"Iteration":56},
{"Acceptance":[0.0005494505494505495],"Energy":{"Mean":-614.9354838709677,"Sigma":0.044853018526050926,"Taucorr":0.49083333333330903},"EnergyVariance":{"Mean":0.12486992715920912,"Sigma":0.08391855079067313,"Taucorr":0.49083333333333345},"Iteration":57},
{"Acceptance":[0.0006279434850863422],"Energy":{"Mean":-615.0322580645162,"Sigma":0.0252459287782239,"Taucorr":0.327884615384633},"EnergyVariance":{"Mean":0.04734651404786681,"Sigma":0.03924143329850824,"Taucorr":0.21305901092695279},"Iteration":58},
{"Acceptance":[0.0007849293563579278],"Energy":{"Mean":-614.9758064516128,"Sigma":0.02419354838709789,"Taucorr":3.68594044175552e-14},"EnergyVariance":{"Mean":0.07199531737773154,"Sigma":0.07140998959416829,"Taucorr":-2.220446049250313e-16},"Iteration":59},
{"Acceptance":[0.00047095761381475666],"Energy":{"Mean":-614.9274193548387,"Sigma":0.07258064516129031,"Taucorr":-1.1102230246251565e-15},"EnergyVariance":{"Mean":0.6479578563995835,"Sigma":0.6426899063475474,"Taucorr":-2.220446049250313e-16},"Iteration":60},
{"Acceptance":[0.00047095761381475666],"Energy":{"Mean":-615.0080645161291,"Sigma":0.008064516129032985,"Taucorr":3.7969627442180354e-14},"EnergyVariance":{"Mean":0.007999479708636837,"Sigma":0.007934443288239699,"Taucorr":-2.220446049250313e-16},"Iteration":61},
{"Acceptance":[0.0003139717425431711],"Energy":{"Mean":-615.0,"Sigma":0.0,"Taucorr":null},"EnergyVariance":{"Mean":0.0,"Sigma":0.0,"Taucorr":null},"Iteration":62},
{"Acceptance":[0.0003139717425431711],"Energy":{"Mean":-615.0080645161291,"Sigma":0.008064516129036437,"Taucorr":4.2543746303636e-13},"EnergyVariance":{"Mean":0.007999479708636839,"Sigma":0.0079344432882397,"Taucorr":0.0},"Iteration":63},
{"Acceptance":[0.001098901098901099],"Energy":{"Mean":-614.9516129032259,"Sigma":0.048387096774194255,"Taucorr":0.508196721311506},"EnergyVariance":{"Mean":0.14281997918834546,"Sigma":0.14047866805411455,"Taucorr":0.5081967213114749},"Iteration":64},
{"Acceptance":[0.001098901098901099],"Energy":{"Mean":-614.8629032258065,"Sigma":0.0740882843732581,"Taucorr":0.0923313933583767},"EnergyVariance":{"Mean":0.5699141519250779,"Sigma":0.2894922020742382,"Taucorr":0.021172986773277613},"Iteration":65},
{"Acceptance":[0.0007849293563579278],"Energy":{"Mean":-615.0,"Sigma":0.0,"Taucorr":null},"EnergyVariance":{"Mean":0.0,"Sigma":0.0,"Taucorr":null},"Iteration":66},
{"Acceptance":[0.00015698587127158556],"Energy":{"Mean":-615.0,"Sigma":0.0,"Taucorr":null},"EnergyVariance":{"Mean":0.0,"Sigma":0.0,"Taucorr":null},"Iteration":67},
{"Acceptance":[0.0006279434850863422],"Energy":{"Mean":-614.9516129032259,"Sigma":0.040856677832177765,"Taucorr":1.1511506276150438},"EnergyVariance":{"Mean":0.06217481789802289,"Sigma":0.052810812135516506,"Taucorr":0.7288112715390074},"Iteration":68},
{"Acceptance":[0.0006279434850863422],"Energy":{"Mean":-615.0080645161291,"Sigma":0.008064516129035963,"Taucorr":3.5704772471945034e-13},"EnergyVariance":{"Mean":0.007999479708636839,"Sigma":0.007934443288239699,"Taucorr":-2.220446049250313e-16},"Iteration":69},
{"Acceptance":[0.00015698587127158556],"Energy":{"Mean":-615.0,"Sigma":0.0,"Taucorr":null},"EnergyVariance":{"Mean":0.0,"Sigma":0.0,"Taucorr":null},"Iteration":70},
{"Acceptance":[0.0003139717425431711],"Energy":{"Mean":-615.0,"Sigma":0.0,"Taucorr":null},"EnergyVariance":{"Mean":0.0,"Sigma":0.0,"Taucorr":null},"Iteration":71},
{"Acceptance":[0.0003139717425431711],"Energy":{"Mean":-615.016129032258,"Sigma":0.01612903225806637,"Taucorr":1.0014211682118912e-13},"EnergyVariance":{"Mean":0.031997918834547355,"Sigma":0.03173777315296613,"Taucorr":-2.220446049250313e-16},"Iteration":72},
{"Acceptance":[0.0],"Energy":{"Mean":-615.0,"Sigma":0.0,"Taucorr":null},"EnergyVariance":{"Mean":0.0,"Sigma":0.0,"Taucorr":null},"Iteration":73},
{"Acceptance":[0.0006279434850863422],"Energy":{"Mean":-614.9516129032259,"Sigma":0.0670212560956883,"Taucorr":0.02130584192440621},"EnergyVariance":{"Mean":0.529916753381894,"Sigma":0.5096026596099399,"Taucorr":-0.0005710170452178365},"Iteration":74},
{"Acceptance":[0.001098901098901099],"Energy":{"Mean":-614.967741935484,"Sigma":0.059952866213279554,"Taucorr":0.26414118705041467},"EnergyVariance":{"Mean":0.2892819979188345,"Sigma":0.2623116645528531,"Taucorr":0.5712012682340044},"Iteration":75},
{"Acceptance":[0.00015698587127158556],"Energy":{"Mean":-615.0322580645162,"Sigma":0.03225806451613087,"Taucorr":1.550000000000101},"EnergyVariance":{"Mean":0.031217481789802298,"Sigma":0.030176899063470108,"Taucorr":1.5499999999999994},"Iteration":76},
{"Acceptance":[0.00047095761381475666],"Energy":{"Mean":-614.983870967742,"Sigma":0.01612903225806443,"Taucorr":-5.218048215738236e-15},"EnergyVariance":{"Mean":0.03199791883454735,"Sigma":0.03173777315296614,"Taucorr":0.0},"Iteration":77},
{"Acceptance":[0.00015698587127158556],"Energy":{"Mean":-615.0322580645161,"Sigma":0.025245928778224472,"Taucorr":0.7556250000000924},"EnergyVariance":{"Mean":0.031217481789802284,"Sigma":0.02361715917962986,"Taucorr":0.7556250000000002},"Iteration":78},
{"Acceptance":[0.0003139717425431711],"Energy":{"Mean":-614.983870967742,"Sigma":0.01612903225806422,"Taucorr":-1.2656542480726785e-14},"EnergyVariance":{"Mean":0.03199791883454735,"Sigma":0.03173777315296614,"Taucorr":0.0},"Iteration":79},
{"Acceptance":[0.0],"Energy":{"Mean":-615.0,"Sigma":0.0,"Taucorr":null},"EnergyVariance":{"Mean":0.0,"Sigma":0.0,"Taucorr":null},"Iteration":80},
{"Acceptance":[0.0006279434850863422],"Energy":{"Mean":-614.983870967742,"Sigma":0.016129032258065716,"Taucorr":6.128431095930864e-14},"EnergyVariance":{"Mean":0.031997918834547355,"Sigma":0.03173777315296613,"Taucorr":0.0},"Iteration":81},
{"Acceptance":[0.0006279434850863422],"Energy":{"Mean":-615.0080645161291,"Sigma":0.008064516129033875,"Taucorr":1.6209256159527285e-13},"EnergyVariance":{"Mean":0.007999479708636837,"Sigma":0.007934443288239699,"Taucorr":-2.220446049250313e-16},"Iteration":82},
{"Acceptance":[0.0006279434850863422],"Energy":{"Mean":-614.9193548387096,"Sigma":0.05725238499773653,"Taucorr":-0.011720226843123849},"EnergyVariance":{"Mean":0.41285119667013526,"Sigma":0.3046604273373613,"Taucorr":-0.009322252609535842},"Iteration":83},
{"Acceptance":[0.0007849293563579278],"Energy":{"Mean":-614.9919354838711,"Sigma":0.06295145655789412,"Taucorr":0.23724178634657644},"EnergyVariance":{"Mean":0.3305801248699271,"Sigma":0.1843866455721966,"Taucorr":0.0027037350247037795},"Iteration":84},
{"Acceptance":[0.0007849293563579278],"Energy":{"Mean":-615.016129032258,"Sigma":0.011213254631513066,"Taucorr":-0.012704918032775903},"EnergyVariance":{"Mean":0.01586888657648283,"Sigma":0.010851536740174214,"Taucorr":-0.012704918032786894},"Iteration":85},
{"Acceptance":[0.0006279434850863422],"Energy":{"Mean":-615.0,"Sigma":0.0,"Taucorr":null},"EnergyVariance":{"Mean":0.0,"Sigma":0.0,"Taucorr":null},"Iteration":86},
{"Acceptance":[0.0003139717425431711],"Energy":{"Mean":-614.983870967742,"Sigma":0.016129032258066493,"Taucorr":1.0413891970983968e-13},"EnergyVariance":{"Mean":0.031997918834547355,"Sigma":0.03173777315296613,"Taucorr":-2.220446049250313e-16},"Iteration":87},
{"Acceptance":[0.0012558869701726845],"Energy":{"Mean":-614.9435483870966,"Sigma":0.03003062375003678,"Taucorr":0.04561740243112922},"EnergyVariance":{"Mean":0.1016519250780437,"Sigma":0.07096241421640195,"Taucorr":-0.0010364287611339673},"Iteration":88},
{"Acceptance":[0.00047095761381475666],"Energy":{"Mean":-615.0080645161291,"Sigma":0.008064516129034109,"Taucorr":1.942890293094024e-13},"EnergyVariance":{"Mean":0.007999479708636837,"Sigma":0.007934443288239699,"Taucorr":-2.220446049250313e-16},"Iteration":89},
{"Acceptance":[0.0007849293563579278],"Energy":{"Mean":-614.9838709677421,"Sigma":0.025755999068821693,"Taucorr":0.007524271844570829},"EnergyVariance":{"Mean":0.08038501560874091,"Sigma":0.07200501637484047,"Taucorr":-0.002888730204549439},"Iteration":90},
{"Acceptance":[0.00015698587127158556],"Energy":{"Mean":-615.008064516129,"Sigma":0.008064516129032182,"Taucorr":1.2212453270876722e-14},"EnergyVariance":{"Mean":0.007999479708636837,"Sigma":0.007934443288241532,"Taucorr":-2.220446049250313e-16},"Iteration":91},
{"Acceptance":[0.00015698587127158556],"Energy":{"Mean":-615.0,"Sigma":0.0,"Taucorr":null},"EnergyVariance":{"Mean":0.0,"Sigma":0.0,"Taucorr":null},"Iteration":92},
{"Acceptance":[0.00047095761381475666],"Energy":{"Mean":-614.9516129032259,"Sigma":0.053655806236018906,"Taucorr":0.42598639455780285},"EnergyVariance":{"Mean":0.19120707596253908,"Sigma":0.14317872552498073,"Taucorr":0.45216101004488063},"Iteration":93},
{"Acceptance":[0.0006279434850863422],"Energy":{"Mean":-614.9435483870969,"Sigma":0.05645161290322343,"Taucorr":-3.352873534367973e-14},"EnergyVariance":{"Mean":0.39197450572320514,"Sigma":0.3887877211238479,"Taucorr":-1.1102230246251565e-16},"Iteration":94},
{"Acceptance":[0.00047095761381475666],"Energy":{"Mean":-614.9758064516128,"Sigma":0.033510628047845756,"Taucorr":0.4592592592593222},"EnergyVariance":{"Mean":0.07199531737773154,"Sigma":0.06324050915278652,"Taucorr":0.48584224552602484},"Iteration":95},
{"Acceptance":[0.0013343799058084772],"Energy":{"Mean":-614.9112903225806,"Sigma":0.059735513716955214,"Taucorr":0.003702045081333205},"EnergyVariance":{"Mean":0.4356789802289283,"Sigma":0.38504015041871675,"Taucorr":-0.0025473982479936597},"Iteration":96},
{"Acceptance":[0.0008634222919937205],"Energy":{"Mean":-614.9274193548387,"Sigma":0.064750916864742,"Taucorr":1.4559447459299724},"EnergyVariance":{"Mean":0.13182882414151925,"Sigma":0.11963578725885739,"Taucorr":1.529113255790655},"Iteration":97},
{"Acceptance":[0.00047095761381475666],"Energy":{"Mean":-614.9758064516128,"Sigma":0.024193548387096576,"Taucorr":-1.176836406102666e-14},"EnergyVariance":{"Mean":0.07199531737773153,"Sigma":0.07140998959416829,"Taucorr":-2.220446049250313e-16},"Iteration":98},
{"Acceptance":[0.0009419152276295133],"Energy":{"Mean":-615.008064516129,"Sigma":0.018271661793512934,"Taucorr":0.35094339622646076},"EnergyVariance":{"Mean":0.02412851196670136,"Sigma":0.017615435921413573,"Taucorr":0.31691536199094084},"Iteration":99} 
]}