{"Output": [
{"Acceptance":[0.7123028242739345],"Energy":{"Mean":-1465.6229838709676,"Sigma":0.800766884356947,"Taucorr":-0.026520280707927557},"EnergyVariance":{"Mean":671.0493910965142,"Sigma":29.49668095378933,"Taucorr":-0.006915099873041952},"Iteration":0},
{"Acceptance":[0.5837636596755791],"Energy":{"Mean":-1499.3104838709678,"Sigma":1.6596048743510678,"Taucorr":1.31387290064999},"EnergyVariance":{"Mean":752.3955352497397,"Sigma":41.67459296043126,"Taucorr":0.322687520334513},"Iteration":1},
{"Acceptance":[0.44328514462493973],"Energy":{"Mean":-1546.8296370967741,"Sigma":1.5365204712533054,"Taucorr":1.2368168515250364},"EnergyVariance":{"Mean":673.5445651908822,"Sigma":34.05877779355666,"Taucorr":0.12962935684810517},"Iteration":2},
{"Acceptance":[0.32902614894192656],"Energy":{"Mean":-1594.2147177419354,"Sigma":1.1752290638505631,"Taucorr":0.8427621696689012},"EnergyVariance":{"Mean":509.6706301622661,"Sigma":25.67089108156299,"Taucorr":0.09220183157864426},"Iteration":3},
{"Acceptance":[0.24873842824038678],"Energy":{"Mean":-1624.9012096774193,"Sigma":0.9896262336210921,"Taucorr":0.7628751714709949},"EnergyVariance":{"Mean":384.26040176248694,"Sigma":18.65649773630031,"Taucorr":0.07065663404658795},"Iteration":4},
{"Acceptance":[0.19177067036806136],"Energy":{"Mean":-1648.4163306451617,"Sigma":0.762824917410232,"Taucorr":0.5475173207033353},"EnergyVariance":{"Mean":275.2530800842222,"Sigma":20.705430623909542,"Taucorr":0.5779034806960175},"Iteration":5},
{"Acceptance":[0.15133567807276535],"Energy":{"Mean":-1665.4042338709678,"Sigma":0.614383855938259,"Taucorr":0.5979352707422387},"EnergyVariance":{"Mean":170.35171594530433,"Sigma":10.066995807331548,"Taucorr":0.21562965966421788},"Iteration":6},
{"Acceptance":[0.12355757354757507],"Energy":{"Mean":-1676.1270161290322,"Sigma":0.46332418817880083,"Taucorr":0.4055913622254338},"EnergyVariance":{"Mean":117.45765722554634,"Sigma":8.171759067020117,"Taucorr":0.28056646750729397},"Iteration":7},
{"Acceptance":[0.10113159163892581],"Energy":{"Mean":-1684.0413306451612,"Sigma":0.3981760411293509,"Taucorr":0.40981126846990035},"EnergyVariance":{"Mean":86.34607403583506,"Sigma":5.418373961049555,"Taucorr":0.3609857538475534},"Iteration":8},
{"Acceptance":[0.083610741886535],"Energy":{"Mean":-1689.6754032258063,"Sigma":0.38261389383779976,"Taucorr":0.6969500784810094},"EnergyVariance":{"Mean":60.60229822450572,"Sigma":4.180912025427018,"Taucorr":0.5336493420781814},"Iteration":9},
{"Acceptance":[0.06945996494653758],"Energy":{"Mean":-1694.3477822580644,"Sigma":0.29367614439699957,"Taucorr":0.43716903517728667},"EnergyVariance":{"Mean":45.599813630007816,"Sigma":3.1121869044905353,"Taucorr":0.37485533208863653},"Iteration":10},
{"Acceptance":[0.05957324173949866],"Energy":{"Mean":-1697.1139112903227,"Sigma":0.2941506232980206,"Taucorr":0.6711681591830247},"EnergyVariance":{"Mean":36.60698389535639,"Sigma":1.807589151004251,"Taucorr":0.03295247152255876},"Iteration":11},
{"Acceptance":[0.05086869067083858],"Energy":{"Mean":-1699.5967741935485,"Sigma":0.19863526963605935,"Taucorr":0.26629864129391534},"EnergyVariance":{"Mean":25.512812174817903,"Sigma":1.6141402839102523,"Taucorr":0.15352383157275928},"Iteration":12},
{"Acceptance":[0.043828590921388494],"Energy":{"Mean":-1701.0514112903224,"Sigma":0.2210637447443079,"Taucorr":0.5269590710441656},"EnergyVariance":{"Mean":23.57901010503382,"Sigma":2.535896857043285,"Taucorr":0.6266635838158665},"Iteration":13},
{"Acceptance":[0.03782950842812276],"Energy":{"Mean":-1702.6461693548388,"Sigma":0.21518010191861214,"Taucorr":0.927561419623496},"EnergyVariance":{"Mean":16.0713764551899,"Sigma":1.3945235594753287,"Taucorr":0.4294695919878131},"Iteration":14},
{"Acceptance":[0.031895121922529496],"Energy":{"Mean":-1703.8629032258061,"Sigma":0.1672830342022391,"Taucorr":0.5586144711480561},"EnergyVariance":{"Mean":13.09813995837669,"Sigma":1.1595251239752866,"Taucorr":0.1929409465877845},"Iteration":15},
{"Acceptance":[0.028883817769047086],"Energy":{"Mean":-1704.2641129032256,"Sigma":0.15900024930607756,"Taucorr":0.5846447490168365},"EnergyVariance":{"Mean":11.549195987252862,"Sigma":1.2675324696742518,"Taucorr":0.39106029970034584},"Iteration":16},
{"Acceptance":[0.025466693329255524],"Energy":{"Mean":-1705.155241935484,"Sigma":0.14271692152191146,"Taucorr":0.6315053279053429},"EnergyVariance":{"Mean":8.919448328563998,"Sigma":0.6972714396007206,"Taucorr":0.07356944178202218},"Iteration":17},
{"Acceptance":[0.02286120946208227],"Energy":{"Mean":-1705.7409274193553,"Sigma":0.12281519368633803,"Taucorr":0.6797620940042746},"EnergyVariance":{"Mean":6.335099139893339,"Sigma":0.7555573119233547,"Taucorr":0.4065078734542421},"Iteration":18},
{"Acceptance":[0.020955618552456683],"Energy":{"Mean":-1706.193548387097,"Sigma":0.13621882469588148,"Taucorr":0.9112575264873144},"EnergyVariance":{"Mean":6.514958376690948,"Sigma":0.8164044239076577,"Taucorr":0.37233658956867677},"Iteration":19},
{"Acceptance":[0.01856774846199993],"Energy":{"Mean":-1706.5695564516127,"Sigma":0.09602645714452263,"Taucorr":0.272513727758655},"EnergyVariance":{"Mean":5.9145167387487,"Sigma":0.9019456855249102,"Taucorr":0.03196758410812883},"Iteration":20},
{"Acceptance":[0.01732676178937339],"Energy":{"Mean":-1706.8316532258063,"Sigma":0.12022706713422669,"Taucorr":1.1920989029590325},"EnergyVariance":{"Mean":4.232748073296046,"Sigma":0.666248080494922,"Taucorr":0.8475951076088937},"Iteration":21},
{"Acceptance":[0.01712091091950643],"Energy":{"Mean":-1706.9697580645166,"Sigma":0.08928060413501483,"Taucorr":0.5116066492664186},"EnergyVariance":{"Mean":3.9043273608220606,"Sigma":0.38876293709220594,"Taucorr":0.12047549965109283},"Iteration":22},
{"Acceptance":[0.0153623563455001],"Energy":{"Mean":-1707.1663306451615,"Sigma":0.08710050768581326,"Taucorr":0.34071479755673373},"EnergyVariance":{"Mean":4.4713260519641,"Sigma":0.8293239964488748,"Taucorr":0.11809509650022254},"Iteration":23},
{"Acceptance":[0.01410372531259925],"Energy":{"Mean":-1707.3276209677422,"Sigma":0.08973095529133955,"Taucorr":0.4324187613371233},"EnergyVariance":{"Mean":4.278753211173257,"Sigma":0.8076266577412344,"Taucorr":0.3809267796234711},"Iteration":24},
{"Acceptance":[0.013844941361909354],"Energy":{"Mean":-1707.5514112903227,"Sigma":0.09430334444034931,"Taucorr":0.9993901222490964},"EnergyVariance":{"Mean":2.938889137291883,"Sigma":0.7049225412038936,"Taucorr":0.6475638894946332},"Iteration":25},
{"Acceptance":[0.013127404044087375],"Energy":{"Mean":-1707.6602822580646,"Sigma":0.11247518707363595,"Taucorr":1.2927725223281088},"EnergyVariance":{"Mean":3.4964870171045774,"Sigma":1.0784711809333583,"Taucorr":1.1627176769837952},"Iteration":26},
{"Acceptance":[0.013127404044087375],"Energy":{"Mean":-1707.7913306451612,"Sigma":0.06660553149869465,"Taucorr":0.37230772394803513},"EnergyVariance":{"Mean":2.519965164867325,"Sigma":0.5318019508791465,"Taucorr":0.11667986188586654},"Iteration":27},
{"Acceptance":[0.0126862950372296],"Energy":{"Mean":-1707.8931451612905,"Sigma":0.06478961690655093,"Taucorr":0.46116994599685723},"EnergyVariance":{"Mean":2.1639852692507797,"Sigma":0.2920180189715892,"Taucorr":0.08790346414819361},"Iteration":28},
{"Acceptance":[0.01232164492489384],"Energy":{"Mean":-1708.051411290323,"Sigma":0.05089810814182941,"Taucorr":0.2877994512238543},"EnergyVariance":{"Mean":1.6294133308402705,"Sigma":0.3157934392976181,"Taucorr":0.18487535301618652},"Iteration":29},
{"Acceptance":[0.011468834178302143],"Energy":{"Mean":-1708.0836693548385,"Sigma":0.044863590122685426,"Taucorr":-0.02068389609714194},"EnergyVariance":{"Mean":2.0807010519641,"Sigma":0.4884292419750548,"Taucorr":0.15288328964771858},"Iteration":30},
{"Acceptance":[0.011174761507063626],"Energy":{"Mean":-1708.0846774193549,"Sigma":0.06186155001373163,"Taucorr":0.2880704611442817},"EnergyVariance":{"Mean":2.406136186264308,"Sigma":0.4170373353783073,"Taucorr":0.10547241059564194},"Iteration":31},
{"Acceptance":[0.010021996635808642],"Energy":{"Mean":-1708.2389112903222,"Sigma":0.05388448236088301,"Taucorr":0.32765678913785856},"EnergyVariance":{"Mean":1.7382842985822058,"Sigma":0.5057832986406027,"Taucorr":0.5530079068927092},"Iteration":32},
{"Acceptance":[0.009351510945384823],"Energy":{"Mean":-1708.3256048387095,"Sigma":0.04266546974263641,"Taucorr":0.2596716440990883},"EnergyVariance":{"Mean":1.187328263202393,"Sigma":0.2588865688852169,"Taucorr":0.016846157726408295},"Iteration":33},
{"Acceptance":[0.009204474609765565],"Energy":{"Mean":-1708.3760080645163,"Sigma":0.050022757568078065,"Taucorr":0.5782028997293496},"EnergyVariance":{"Mean":1.1499485805801246,"Sigma":0.2808722185179993,"Taucorr":0.246333314184914},"Iteration":34},
{"Acceptance":[0.008833943044005034],"Energy":{"Mean":-1708.3125,"Sigma":0.05013841727754572,"Taucorr":0.1479140722292701},"EnergyVariance":{"Mean":1.9225050403225805,"Sigma":0.5096069185410794,"Taucorr":0.08158400010131572},"Iteration":35},
{"Acceptance":[0.007887029042617011],"Energy":{"Mean":-1708.4506048387095,"Sigma":0.043854861696061356,"Taucorr":0.2163994062746849},"EnergyVariance":{"Mean":1.3302214083636836,"Sigma":0.38982310187783314,"Taucorr":0.4959403741706666},"Iteration":36},
{"Acceptance":[0.007910554856316093],"Energy":{"Mean":-1708.4979838709678,"Sigma":0.03926019820850764,"Taucorr":0.13774247088645064},"EnergyVariance":{"Mean":1.1975765803850158,"Sigma":0.3038452552315853,"Taucorr":0.09039990143186749},"Iteration":37},
{"Acceptance":[0.00787526613576747],"Energy":{"Mean":-1708.538306451613,"Sigma":0.0361341097262573,"Taucorr":0.3307428758831026},"EnergyVariance":{"Mean":0.7787745512486993,"Sigma":0.15777325321590846,"Taucorr":0.12232401221612366},"Iteration":38},
{"Acceptance":[0.006840130333007893],"Energy":{"Mean":-1708.5897177419356,"Sigma":0.035989456232874216,"Taucorr":0.25972085056036176},"EnergyVariance":{"Mean":0.8447733074271593,"Sigma":0.23150884239946398,"Taucorr":0.22473224435913886},"Iteration":39},
{"Acceptance":[0.006722501264512486],"Energy":{"Mean":-1708.5282258064517,"Sigma":0.052398672512072905,"Taucorr":0.5183833761346937},"EnergyVariance":{"Mean":1.3358968522372525,"Sigma":0.37081724038173647,"Taucorr":0.15081370174323339},"Iteration":40},
{"Acceptance":[0.005999082493265736],"Energy":{"Mean":-1708.6421370967744,"Sigma":0.042543825978144816,"Taucorr":0.5321480015701721},"EnergyVariance":{"Mean":0.8689099489464099,"Sigma":0.31695583598623683,"Taucorr":1.0208823745741933},"Iteration":41},
{"Acceptance":[0.005846164704221707],"Energy":{"Mean":-1708.6844758064517,"Sigma":0.028039177552149998,"Taucorr":0.26638638270430925},"EnergyVariance":{"Mean":0.5083073865114466,"Sigma":0.12864735837608154,"Taucorr":-0.007287740476726479},"Iteration":42},
{"Acceptance":[0.005069812852152024],"Energy":{"Mean":-1708.6572580645163,"Sigma":0.052601266241392164,"Taucorr":0.74605388571182},"EnergyVariance":{"Mean":1.100269901144641,"Sigma":0.36265346718289176,"Taucorr":0.7918650305840773},"Iteration":43},
{"Acceptance":[0.005187441920647431],"Energy":{"Mean":-1708.6895161290324,"Sigma":0.036111604439556376,"Taucorr":0.24156415411765897},"EnergyVariance":{"Mean":0.8713417013527576,"Sigma":0.29324186988689027,"Taucorr":0.20204581830330104},"Iteration":44},
{"Acceptance":[0.0042816980932327995],"Energy":{"Mean":-1708.7106854838712,"Sigma":0.03114794295782128,"Taucorr":0.20968609937279092},"EnergyVariance":{"Mean":0.6773858204344432,"Sigma":0.17485687211890766,"Taucorr":0.06965014997419483},"Iteration":45},
{"Acceptance":[0.004622822391869479],"Energy":{"Mean":-1708.7822580645163,"Sigma":0.017237608467576996,"Taucorr":0.027327189610830804},"EnergyVariance":{"Mean":0.27920135275754426,"Sigma":0.044599833120288195,"Taucorr":0.005714979334945913},"Iteration":46},
{"Acceptance":[0.004022914142542905],"Energy":{"Mean":-1708.726814516129,"Sigma":0.052149844801963316,"Taucorr":0.6757462806770358},"EnergyVariance":{"Mean":1.1461358204344432,"Sigma":0.51727196067707,"Taucorr":0.6240174783155665},"Iteration":47},
{"Acceptance":[0.00392292943432181],"Energy":{"Mean":-1708.7973790322583,"Sigma":0.024545215219746234,"Taucorr":0.20462384857500981},"EnergyVariance":{"Mean":0.4236624853668054,"Sigma":0.1597082985423022,"Taucorr":0.389882341374601},"Iteration":48},
{"Acceptance":[0.0032406808370484515],"Energy":{"Mean":-1708.7691532258063,"Sigma":0.030662399650728017,"Taucorr":0.19375263881865645},"EnergyVariance":{"Mean":0.6715081539412071,"Sigma":0.14378742390855362,"Taucorr":-0.0503277361434164},"Iteration":49} 
]}