{"Output": [
{"Acceptance":[0.8443977591036415],"Energy":{"Mean":-155.79838709677418,"Sigma":0.831052202179345,"Taucorr":0.03147338739537897},"EnergyVariance":{"Mean":79.91902965660769,"Sigma":9.862146945190363,"Taucorr":-0.006304972813388654},"Iteration":0},
{"Acceptance":[0.8156862745098039],"Energy":{"Mean":-157.60483870967738,"Sigma":0.7056582180051642,"Taucorr":0.009742085293177882},"EnergyVariance":{"Mean":60.07771852237253,"Sigma":7.717118808500932,"Taucorr":-0.010289836658192275},"Iteration":1},
{"Acceptance":[0.7953781512605042],"Energy":{"Mean":-157.68548387096772,"Sigma":0.9093279852004704,"Taucorr":0.1863992169634504},"EnergyVariance":{"Mean":74.08656347554631,"Sigma":9.390609809896175,"Taucorr":-0.006419511988098925},"Iteration":2},
{"Acceptance":[0.7641456582633053],"Energy":{"Mean":-158.82258064516128,"Sigma":0.7582160681270259,"Taucorr":0.05076257380563454},"EnergyVariance":{"Mean":64.19432882414151,"Sigma":7.582280889893667,"Taucorr":-0.13557638563983282},"Iteration":3},
{"Acceptance":[0.6946778711484594],"Energy":{"Mean":-162.78225806451613,"Sigma":0.8288110034866334,"Taucorr":0.08759836269476906},"EnergyVariance":{"Mean":71.89613683662853,"Sigma":7.089769089810597,"Taucorr":0.04438242713207219},"Iteration":4},
{"Acceptance":[0.6068627450980392],"Energy":{"Mean":-164.9032258064516,"Sigma":1.064182091611597,"Taucorr":0.33484330662010053},"EnergyVariance":{"Mean":83.42611862643079,"Sigma":8.453136938074486,"Taucorr":-0.04897358713608624},"Iteration":5},
{"Acceptance":[0.5887955182072829],"Energy":{"Mean":-168.56451612903228,"Sigma":0.9432105819344099,"Taucorr":0.3082023909710291},"EnergyVariance":{"Mean":67.6974505723205,"Sigma":9.53564384311401,"Taucorr":0.07497985898894977},"Iteration":6},
{"Acceptance":[0.507563025210084],"Energy":{"Mean":-170.6129032258064,"Sigma":0.885124885611452,"Taucorr":0.20526076294485474},"EnergyVariance":{"Mean":68.31789802289283,"Sigma":9.237748619678786,"Taucorr":0.16058852654763722},"Iteration":7},
{"Acceptance":[0.42142857142857143],"Energy":{"Mean":-176.41129032258067,"Sigma":0.8167063069513312,"Taucorr":0.24561625002511966},"EnergyVariance":{"Mean":55.01632414151926,"Sigma":7.173385613390037,"Taucorr":0.10200219354744688},"Iteration":8},
{"Acceptance":[0.35756302521008404],"Energy":{"Mean":-177.66129032258067,"Sigma":0.6079168983133665,"Taucorr":0.11430379479823805},"EnergyVariance":{"Mean":36.998178980228936,"Sigma":4.874539772011451,"Taucorr":-0.04888585328944128},"Iteration":9},
{"Acceptance":[0.3411764705882353],"Energy":{"Mean":-181.8870967741935,"Sigma":0.7631322259683962,"Taucorr":0.1710302625614717},"EnergyVariance":{"Mean":53.37434963579604,"Sigma":6.376014886086381,"Taucorr":0.05657374272404836},"Iteration":10},
{"Acceptance":[0.2934173669467787],"Energy":{"Mean":-184.29032258064512,"Sigma":0.7055937001204516,"Taucorr":0.4216299547397927},"EnergyVariance":{"Mean":33.22216441207075,"Sigma":6.092735302480863,"Taucorr":0.06159313024196178},"Iteration":11},
{"Acceptance":[0.2668067226890756],"Energy":{"Mean":-186.07258064516128,"Sigma":0.5506830495119404,"Taucorr":0.2512468726667787},"EnergyVariance":{"Mean":24.825377211238298,"Sigma":2.676569748253576,"Taucorr":-0.08605278049520676},"Iteration":12},
{"Acceptance":[0.23921568627450981],"Energy":{"Mean":-187.3548387096774,"Sigma":0.5735868789773678,"Taucorr":0.4670756347449817},"EnergyVariance":{"Mean":20.92247658688866,"Sigma":2.8121321329861497,"Taucorr":0.07947010520952746},"Iteration":13},
{"Acceptance":[0.21568627450980393],"Energy":{"Mean":-189.7177419354839,"Sigma":0.46384640340540956,"Taucorr":0.1760110046749953},"EnergyVariance":{"Mean":19.573556191467222,"Sigma":3.4087299960188053,"Taucorr":0.19488664856849824},"Iteration":14},
{"Acceptance":[0.21638655462184875],"Energy":{"Mean":-191.1370967741936,"Sigma":0.3178892731917926,"Taucorr":0.03417276442079398},"EnergyVariance":{"Mean":11.634430280957336,"Sigma":1.4049571166087924,"Taucorr":-0.11117821268815631},"Iteration":15},
{"Acceptance":[0.1899159663865546],"Energy":{"Mean":-191.31451612903226,"Sigma":0.3744113196494603,"Taucorr":0.15879067086109933},"EnergyVariance":{"Mean":13.086563475546306,"Sigma":2.474897313757215,"Taucorr":-0.03748016188888942},"Iteration":16},
{"Acceptance":[0.18529411764705883],"Energy":{"Mean":-192.03225806451613,"Sigma":0.3294957730332162,"Taucorr":0.07821933855997065},"EnergyVariance":{"Mean":11.547346514047868,"Sigma":1.9179082978034263,"Taucorr":0.021991944269904917},"Iteration":17},
{"Acceptance":[0.1766106442577031],"Energy":{"Mean":-192.84677419354838,"Sigma":0.314881232806117,"Taucorr":0.1473132978466345},"EnergyVariance":{"Mean":9.420070239334025,"Sigma":1.7957721659468406,"Taucorr":0.12011187493795517},"Iteration":18},
{"Acceptance":[0.1619047619047619],"Energy":{"Mean":-193.34677419354838,"Sigma":0.35519898621161317,"Taucorr":0.27712069201357414},"EnergyVariance":{"Mean":9.984586368366285,"Sigma":2.4911333269487135,"Taucorr":0.34178392256165036},"Iteration":19},
{"Acceptance":[0.1550420168067227],"Energy":{"Mean":-193.36290322580643,"Sigma":0.43205540105442247,"Taucorr":0.46013293373438136},"EnergyVariance":{"Mean":11.957010926118627,"Sigma":2.1041355542297677,"Taucorr":0.21963421921416337},"Iteration":20},
{"Acceptance":[0.13949579831932774],"Energy":{"Mean":-194.75,"Sigma":0.25663245128736845,"Taucorr":0.11156773211567794},"EnergyVariance":{"Mean":6.622983870967742,"Sigma":0.9806918052715707,"Taucorr":-0.0077051595123115435},"Iteration":21},
{"Acceptance":[0.13165266106442577],"Energy":{"Mean":-194.3629032258065,"Sigma":0.39312620577407525,"Taucorr":0.46552327847624797},"EnergyVariance":{"Mean":9.844107700312174,"Sigma":1.5037084521128155,"Taucorr":0.09384654101156653},"Iteration":22},
{"Acceptance":[0.13627450980392156],"Energy":{"Mean":-194.89516129032256,"Sigma":0.2876896741198985,"Taucorr":0.27956969968624035},"EnergyVariance":{"Mean":6.529331425598335,"Sigma":1.0839089088401634,"Taucorr":-0.09295335797969306},"Iteration":23},
{"Acceptance":[0.12675070028011204],"Energy":{"Mean":-195.48387096774195,"Sigma":0.2486348436292224,"Taucorr":0.1764070165694711},"EnergyVariance":{"Mean":5.620707596253901,"Sigma":0.9256148980640256,"Taucorr":-0.02750510250764593},"Iteration":24},
{"Acceptance":[0.12759103641456582],"Energy":{"Mean":-195.45161290322582,"Sigma":0.31311377463378803,"Taucorr":0.3337758112094428},"EnergyVariance":{"Mean":7.231529656607701,"Sigma":1.1458096862299567,"Taucorr":0.17717759153109425},"Iteration":25},
{"Acceptance":[0.11218487394957984],"Energy":{"Mean":-196.0967741935484,"Sigma":0.27768179634396617,"Taucorr":0.37654356607039974},"EnergyVariance":{"Mean":5.409989594172736,"Sigma":0.9724236669374057,"Taucorr":-0.01919036668708718},"Iteration":26},
{"Acceptance":[0.09733893557422969],"Energy":{"Mean":-196.71774193548387,"Sigma":0.24256191302646457,"Taucorr":0.3812944512204799},"EnergyVariance":{"Mean":4.1058142559833515,"Sigma":1.1109426438217709,"Taucorr":0.09412576784706228},"Iteration":27},
{"Acceptance":[0.10504201680672269],"Energy":{"Mean":-196.99193548387098,"Sigma":0.2995255816367007,"Taucorr":0.7788435158805527},"EnergyVariance":{"Mean":4.314451092611862,"Sigma":0.9810145207743332,"Taucorr":0.28601211900004975},"Iteration":28},
{"Acceptance":[0.09425770308123249],"Energy":{"Mean":-196.70967741935482,"Sigma":0.23391731094416215,"Taucorr":0.2939786398232255},"EnergyVariance":{"Mean":4.238293444328824,"Sigma":0.8133440596437552,"Taucorr":0.03405288931766226},"Iteration":29} 
]}