{"Output": [
{"Acceptance":[0.003642384105960265],"Energy":{"Mean":-1536.3709677419356,"Sigma":0.12533340897851425,"Taucorr":0.25371930180641655},"EnergyVariance":{"Mean":1.2817377731529656,"Sigma":0.3301928206119274,"Taucorr":0.06683198955706626},"Iteration":0},
{"Acceptance":[0.006054872280037843],"Energy":{"Mean":-1540.0,"Sigma":0.09274777915203287,"Taucorr":0.029032258064515704},"EnergyVariance":{"Mean":1.0,"Sigma":0.0,"Taucorr":null},"Iteration":1},
{"Acceptance":[0.00023651844843897824],"Energy":{"Mean":-1541.008064516129,"Sigma":0.008064516129034475,"Taucorr":2.4646951146678475e-13},"EnergyVariance":{"Mean":0.007999479708636839,"Sigma":0.007934443288241532,"Taucorr":0.0},"Iteration":2},
{"Acceptance":[0.0002838221381267739],"Energy":{"Mean":-1541.0,"Sigma":0.0,"Taucorr":null},"EnergyVariance":{"Mean":0.0,"Sigma":0.0,"Taucorr":null},"Iteration":3},
{"Acceptance":[0.0],"Energy":{"Mean":-1541.0,"Sigma":0.0,"Taucorr":null},"EnergyVariance":{"Mean":0.0,"Sigma":0.0,"Taucorr":null},"Iteration":4},
{"Acceptance":[0.0002838221381267739],"Energy":{"Mean":-1541.0483870967746,"Sigma":0.04838709677420034,"Taucorr":1.0591527654923993e-13},"EnergyVariance":{"Mean":0.28798126951092606,"Sigma":0.2856399583766512,"Taucorr":2.220446049250313e-16},"Iteration":5},
{"Acceptance":[9.46073793755913e-05],"Energy":{"Mean":-1541.0,"Sigma":0.0,"Taucorr":null},"EnergyVariance":{"Mean":0.0,"Sigma":0.0,"Taucorr":null},"Iteration":6},
{"Acceptance":[0.0003784295175023652],"Energy":{"Mean":-1541.0,"Sigma":0.0,"Taucorr":null},"EnergyVariance":{"Mean":0.0,"Sigma":0.0,"Taucorr":null},"Iteration":7},
{"Acceptance":[9.46073793755913e-05],"Energy":{"Mean":-1541.0,"Sigma":0.0,"Taucorr":null},"EnergyVariance":{"Mean":0.0,"Sigma":0.0,"Taucorr":null},"Iteration":8},
{"Acceptance":[0.0002838221381267739],"Energy":{"Mean":-1541.008064516129,"Sigma":0.008064516129031654,"Taucorr":-0.4918683062276887},"EnergyVariance":{"Mean":0.49187044745057235,"Sigma":0.491805411030177,"Taucorr":0.4769247923163279},"Iteration":9},
{"Acceptance":[0.0006622516556291391],"Energy":{"Mean":-1541.1693548387102,"Sigma":0.09657237019304092,"Taucorr":-0.02408936376888854},"EnergyVariance":{"Mean":1.2051899063475544,"Sigma":0.5203521198916162,"Taucorr":-0.04557603663370108},"Iteration":10},
{"Acceptance":[0.00014191106906338694],"Energy":{"Mean":-1546.9435483870966,"Sigma":0.05645161290322624,"Taucorr":-2.220446049250313e-16},"EnergyVariance":{"Mean":0.39197450572320475,"Sigma":0.38878772112380944,"Taucorr":0.0},"Iteration":11},
{"Acceptance":[0.0],"Energy":{"Mean":-1547.0,"Sigma":0.0,"Taucorr":null},"EnergyVariance":{"Mean":0.0,"Sigma":0.0,"Taucorr":null},"Iteration":12},
{"Acceptance":[0.0],"Energy":{"Mean":-1547.0,"Sigma":0.0,"Taucorr":null},"EnergyVariance":{"Mean":0.0,"Sigma":0.0,"Taucorr":null},"Iteration":13},
{"Acceptance":[0.0001892147587511826],"Energy":{"Mean":-1547.0,"Sigma":0.0,"Taucorr":null},"EnergyVariance":{"Mean":0.0,"Sigma":0.0,"Taucorr":null},"Iteration":14},
{"Acceptance":[0.0002838221381267739],"Energy":{"Mean":-1546.9032258064517,"Sigma":0.09677419354838515,"Taucorr":0.5081967213114356},"EnergyVariance":{"Mean":0.5712799167533819,"Sigma":0.5619146722164581,"Taucorr":0.5081967213114746},"Iteration":15},
{"Acceptance":[9.46073793755913e-05],"Energy":{"Mean":-1547.0,"Sigma":0.0,"Taucorr":null},"EnergyVariance":{"Mean":0.0,"Sigma":0.0,"Taucorr":null},"Iteration":16},
{"Acceptance":[0.0],"Energy":{"Mean":-1547.0,"Sigma":0.0,"Taucorr":null},"EnergyVariance":{"Mean":0.0,"Sigma":0.0,"Taucorr":null},"Iteration":17},
{"Acceptance":[9.46073793755913e-05],"Energy":{"Mean":-1547.008064516129,"Sigma":0.008064516129031654,"Taucorr":-1.0647038806155251e-13},"EnergyVariance":{"Mean":0.007999479708636839,"Sigma":0.007934443288241532,"Taucorr":-2.220446049250313e-16},"Iteration":18},
{"Acceptance":[0.0],"Energy":{"Mean":-1547.0,"Sigma":0.0,"Taucorr":null},"EnergyVariance":{"Mean":0.0,"Sigma":0.0,"Taucorr":null},"Iteration":19},
{"Acceptance":[0.0001892147587511826],"Energy":{"Mean":-1546.8709677419351,"Sigma":0.08970603705209997,"Taucorr":-0.012704918032824586},"EnergyVariance":{"Mean":1.0156087408949013,"Sigma":0.6944983513710682,"Taucorr":-0.012704918032786894},"Iteration":20},
{"Acceptance":[9.46073793755913e-05],"Energy":{"Mean":-1547.0,"Sigma":0.0,"Taucorr":null},"EnergyVariance":{"Mean":0.0,"Sigma":0.0,"Taucorr":null},"Iteration":21},
{"Acceptance":[0.0001892147587511826],"Energy":{"Mean":-1547.016129032258,"Sigma":0.01612903225806626,"Taucorr":0.5081967213116436},"EnergyVariance":{"Mean":0.01586888657648283,"Sigma":0.015608740894901618,"Taucorr":0.5081967213114753},"Iteration":22},
{"Acceptance":[9.46073793755913e-05],"Energy":{"Mean":-1546.967741935484,"Sigma":0.03225806451613095,"Taucorr":0.5081967213115384},"EnergyVariance":{"Mean":0.06347554630593133,"Sigma":0.06243496357960647,"Taucorr":0.5081967213114753},"Iteration":23},
{"Acceptance":[0.0],"Energy":{"Mean":-1547.0,"Sigma":0.0,"Taucorr":null},"EnergyVariance":{"Mean":0.0,"Sigma":0.0,"Taucorr":null},"Iteration":24},
{"Acceptance":[0.0],"Energy":{"Mean":-1547.0,"Sigma":0.0,"Taucorr":null},"EnergyVariance":{"Mean":0.0,"Sigma":0.0,"Taucorr":null},"Iteration":25},
{"Acceptance":[9.46073793755913e-05],"Energy":{"Mean":-1546.9112903225807,"Sigma":0.08870967741935581,"Taucorr":5.995204332975845e-15},"EnergyVariance":{"Mean":0.9679370447450573,"Sigma":0.9600676378772255,"Taucorr":-1.1102230246251565e-16},"Iteration":26},
{"Acceptance":[0.0001892147587511826],"Energy":{"Mean":-1547.0,"Sigma":0.0,"Taucorr":null},"EnergyVariance":{"Mean":0.0,"Sigma":0.0,"Taucorr":null},"Iteration":27},
{"Acceptance":[0.0001892147587511826],"Energy":{"Mean":-1547.258064516129,"Sigma":0.20196743022579738,"Taucorr":0.7556250000000635},"EnergyVariance":{"Mean":1.9979188345473462,"Sigma":1.5114981874962188,"Taucorr":0.7556249999999998},"Iteration":28},
{"Acceptance":[0.00033112582781456954],"Energy":{"Mean":-1555.008064516129,"Sigma":0.008064516129034475,"Taucorr":2.4646951146678475e-13},"EnergyVariance":{"Mean":0.007999479708636839,"Sigma":0.007934443288241534,"Taucorr":0.0},"Iteration":29},
{"Acceptance":[0.0003784295175023652],"Energy":{"Mean":-1554.8145161290324,"Sigma":0.14291875931983702,"Taucorr":0.49383071777717824},"EnergyVariance":{"Mean":1.2639828303850156,"Sigma":1.003843868719409,"Taucorr":0.4998727280725357},"Iteration":30},
{"Acceptance":[0.0002838221381267739],"Energy":{"Mean":-1555.0,"Sigma":0.0,"Taucorr":null},"EnergyVariance":{"Mean":0.0,"Sigma":0.0,"Taucorr":null},"Iteration":31},
{"Acceptance":[0.0],"Energy":{"Mean":-1555.0,"Sigma":0.0,"Taucorr":null},"EnergyVariance":{"Mean":0.0,"Sigma":0.0,"Taucorr":null},"Iteration":32},
{"Acceptance":[0.0002838221381267739],"Energy":{"Mean":-1554.766129032258,"Sigma":0.1963838009981668,"Taucorr":0.4604566642964787},"EnergyVariance":{"Mean":2.469497918834547,"Sigma":2.2334393279343274,"Taucorr":0.4986341171364197},"Iteration":33},
{"Acceptance":[0.0001892147587511826],"Energy":{"Mean":-1555.008064516129,"Sigma":0.008064516129032445,"Taucorr":1.865174681370263e-14},"EnergyVariance":{"Mean":0.007999479708636839,"Sigma":0.007934443288241534,"Taucorr":0.0},"Iteration":34},
{"Acceptance":[0.0001892147587511826],"Energy":{"Mean":-1555.024193548387,"Sigma":0.024193548387099563,"Taucorr":1.0247933884298603},"EnergyVariance":{"Mean":0.023608220603537976,"Sigma":0.023022892819980253,"Taucorr":1.0247933884297515},"Iteration":35},
{"Acceptance":[0.0002838221381267739],"Energy":{"Mean":-1555.0,"Sigma":0.0,"Taucorr":null},"EnergyVariance":{"Mean":0.0,"Sigma":0.0,"Taucorr":null},"Iteration":36},
{"Acceptance":[0.0001892147587511826],"Energy":{"Mean":-1555.008064516129,"Sigma":0.008064516129031654,"Taucorr":-1.0647038806155251e-13},"EnergyVariance":{"Mean":0.007999479708636839,"Sigma":0.007934443288241534,"Taucorr":0.0},"Iteration":37},
{"Acceptance":[9.46073793755913e-05],"Energy":{"Mean":-1554.782258064516,"Sigma":0.16011669781717433,"Taucorr":0.32451790633611277},"EnergyVariance":{"Mean":1.9122658688865761,"Sigma":1.3713220409825326,"Taucorr":0.3245179063360877},"Iteration":38},
{"Acceptance":[0.0007568590350047304],"Energy":{"Mean":-1555.0564516129036,"Sigma":0.030030623750046625,"Taucorr":0.045617402431378795},"EnergyVariance":{"Mean":0.10165192507804367,"Sigma":0.07096241421638966,"Taucorr":-0.001036428761136854},"Iteration":39},
{"Acceptance":[0.007048249763481552],"Energy":{"Mean":-1555.4677419354837,"Sigma":0.05280051661000541,"Taucorr":0.1886886102402905},"EnergyVariance":{"Mean":0.24895941727367324,"Sigma":0.003406484942602073,"Taucorr":0.18868861024033423},"Iteration":40},
{"Acceptance":[0.0001892147587511826],"Energy":{"Mean":-1556.0322580645163,"Sigma":0.022426509263029137,"Taucorr":-0.01270491803267304},"EnergyVariance":{"Mean":0.06347554630593133,"Sigma":0.04340614696068666,"Taucorr":-0.012704918032786894},"Iteration":41},
{"Acceptance":[0.0004730368968779565],"Energy":{"Mean":-1556.008064516129,"Sigma":0.033768405908479314,"Taucorr":0.011770289511188414},"EnergyVariance":{"Mean":0.13703173777315303,"Sigma":0.08362356531375113,"Taucorr":-0.01971176975046557},"Iteration":42},
{"Acceptance":[0.0039735099337748344],"Energy":{"Mean":-1556.5483870967741,"Sigma":0.08473500346169693,"Taucorr":0.054705882352902524},"EnergyVariance":{"Mean":0.7960457856399584,"Sigma":0.07653484183638279,"Taucorr":0.05470588235294105},"Iteration":43},
{"Acceptance":[0.00014191106906338694],"Energy":{"Mean":-1558.024193548387,"Sigma":0.02419354838709986,"Taucorr":1.0247933884298663},"EnergyVariance":{"Mean":0.023608220603537983,"Sigma":0.023022892819980253,"Taucorr":1.0247933884297518},"Iteration":44},
{"Acceptance":[0.0],"Energy":{"Mean":-1558.0,"Sigma":0.0,"Taucorr":null},"EnergyVariance":{"Mean":0.0,"Sigma":0.0,"Taucorr":null},"Iteration":45},
{"Acceptance":[0.0],"Energy":{"Mean":-1558.0,"Sigma":0.0,"Taucorr":null},"EnergyVariance":{"Mean":0.0,"Sigma":0.0,"Taucorr":null},"Iteration":46},
{"Acceptance":[0.0],"Energy":{"Mean":-1558.0,"Sigma":0.0,"Taucorr":null},"EnergyVariance":{"Mean":0.0,"Sigma":0.0,"Taucorr":null},"Iteration":47},
{"Acceptance":[0.0],"Energy":{"Mean":-1558.0,"Sigma":0.0,"Taucorr":null},"EnergyVariance":{"Mean":0.0,"Sigma":0.0,"Taucorr":null},"Iteration":48},
{"Acceptance":[0.0],"Energy":{"Mean":-1558.0,"Sigma":0.0,"Taucorr":null},"EnergyVariance":{"Mean":0.0,"Sigma":0.0,"Taucorr":null},"Iteration":49},
{"Acceptance":[9.46073793755913e-05],"Energy":{"Mean":-1558.0,"Sigma":0.0,"Taucorr":null},"EnergyVariance":{"Mean":0.0,"Sigma":0.0,"Taucorr":null},"Iteration":50},
{"Acceptance":[0.0],"Energy":{"Mean":-1558.0,"Sigma":0.0,"Taucorr":null},"EnergyVariance":{"Mean":0.0,"Sigma":0.0,"Taucorr":null},"Iteration":51},
{"Acceptance":[0.0],"Energy":{"Mean":-1558.0,"Sigma":0.0,"Taucorr":null},"EnergyVariance":{"Mean":0.0,"Sigma":0.0,"Taucorr":null},"Iteration":52},
{"Acceptance":[0.0],"Energy":{"Mean":-1558.0,"Sigma":0.0,"Taucorr":null},"EnergyVariance":{"Mean":0.0,"Sigma":0.0,"Taucorr":null},"Iteration":53},
{"Acceptance":[0.0],"Energy":{"Mean":-1558.0,"Sigma":0.0,"Taucorr":null},"EnergyVariance":{"Mean":0.0,"Sigma":0.0,"Taucorr":null},"Iteration":54},
{"Acceptance":[9.46073793755913e-05],"Energy":{"Mean":-1558.0,"Sigma":0.0,"Taucorr":null},"EnergyVariance":{"Mean":0.0,"Sigma":0.0,"Taucorr":null},"Iteration":55},
{"Acceptance":[9.46073793755913e-05],"Energy":{"Mean":-1557.9435483870966,"Sigma":0.05645161290322673,"Taucorr":1.5987211554602254e-14},"EnergyVariance":{"Mean":0.3919745057232048,"Sigma":0.38878772112380944,"Taucorr":0.0},"Iteration":56},
{"Acceptance":[0.0],"Energy":{"Mean":-1558.0,"Sigma":0.0,"Taucorr":null},"EnergyVariance":{"Mean":0.0,"Sigma":0.0,"Taucorr":null},"Iteration":57},
{"Acceptance":[9.46073793755913e-05],"Energy":{"Mean":-1557.9193548387093,"Sigma":0.08064516129032447,"Taucorr":0.5081967213115162},"EnergyVariance":{"Mean":0.3967221644120708,"Sigma":0.39021852237246707,"Taucorr":0.5081967213114753},"Iteration":58},
{"Acceptance":[0.0],"Energy":{"Mean":-1558.0,"Sigma":0.0,"Taucorr":null},"EnergyVariance":{"Mean":0.0,"Sigma":0.0,"Taucorr":null},"Iteration":59},
{"Acceptance":[9.46073793755913e-05],"Energy":{"Mean":-1557.8709677419354,"Sigma":0.08970603705210399,"Taucorr":-0.012704918032788004},"EnergyVariance":{"Mean":1.0156087408949013,"Sigma":0.694498351371109,"Taucorr":-0.012704918032786894},"Iteration":60},
{"Acceptance":[0.0],"Energy":{"Mean":-1558.0,"Sigma":0.0,"Taucorr":null},"EnergyVariance":{"Mean":0.0,"Sigma":0.0,"Taucorr":null},"Iteration":61},
{"Acceptance":[9.46073793755913e-05],"Energy":{"Mean":-1557.8870967741939,"Sigma":0.11290322580644802,"Taucorr":-2.5424107263916085e-14},"EnergyVariance":{"Mean":1.5678980228928205,"Sigma":1.5551508844953916,"Taucorr":-1.1102230246251565e-16},"Iteration":62},
{"Acceptance":[0.0],"Energy":{"Mean":-1558.0,"Sigma":0.0,"Taucorr":null},"EnergyVariance":{"Mean":0.0,"Sigma":0.0,"Taucorr":null},"Iteration":63},
{"Acceptance":[9.46073793755913e-05],"Energy":{"Mean":-1557.9596774193549,"Sigma":0.04032258064516005,"Taucorr":-3.7192471324942744e-14},"EnergyVariance":{"Mean":0.19998699271592094,"Sigma":0.19836108220603835,"Taucorr":2.220446049250313e-16},"Iteration":64},
{"Acceptance":[0.0],"Energy":{"Mean":-1558.0,"Sigma":0.0,"Taucorr":null},"EnergyVariance":{"Mean":0.0,"Sigma":0.0,"Taucorr":null},"Iteration":65},
{"Acceptance":[0.0],"Energy":{"Mean":-1558.0,"Sigma":0.0,"Taucorr":null},"EnergyVariance":{"Mean":0.0,"Sigma":0.0,"Taucorr":null},"Iteration":66},
{"Acceptance":[0.0],"Energy":{"Mean":-1558.0,"Sigma":0.0,"Taucorr":null},"EnergyVariance":{"Mean":0.0,"Sigma":0.0,"Taucorr":null},"Iteration":67},
{"Acceptance":[9.46073793755913e-05],"Energy":{"Mean":-1558.0,"Sigma":0.0,"Taucorr":null},"EnergyVariance":{"Mean":0.0,"Sigma":0.0,"Taucorr":null},"Iteration":68},
{"Acceptance":[0.0],"Energy":{"Mean":-1558.0,"Sigma":0.0,"Taucorr":null},"EnergyVariance":{"Mean":0.0,"Sigma":0.0,"Taucorr":null},"Iteration":69},
{"Acceptance":[0.0],"Energy":{"Mean":-1558.0,"Sigma":0.0,"Taucorr":null},"EnergyVariance":{"Mean":0.0,"Sigma":0.0,"Taucorr":null},"Iteration":70},
{"Acceptance":[0.0],"Energy":{"Mean":-1558.0,"Sigma":0.0,"Taucorr":null},"EnergyVariance":{"Mean":0.0,"Sigma":0.0,"Taucorr":null},"Iteration":71},
{"Acceptance":[0.0],"Energy":{"Mean":-1558.0,"Sigma":0.0,"Taucorr":null},"EnergyVariance":{"Mean":0.0,"Sigma":0.0,"Taucorr":null},"Iteration":72},
{"Acceptance":[0.0],"Energy":{"Mean":-1558.0,"Sigma":0.0,"Taucorr":null},"EnergyVariance":{"Mean":0.0,"Sigma":0.0,"Taucorr":null},"Iteration":73},
{"Acceptance":[0.0],"Energy":{"Mean":-1558.0,"Sigma":0.0,"Taucorr":null},"EnergyVariance":{"Mean":0.0,"Sigma":0.0,"Taucorr":null},"Iteration":74},
{"Acceptance":[0.0],"Energy":{"Mean":-1558.0,"Sigma":0.0,"Taucorr":null},"EnergyVariance":{"Mean":0.0,"Sigma":0.0,"Taucorr":null},"Iteration":75},
{"Acceptance":[0.0],"Energy":{"Mean":-1558.0,"Sigma":0.0,"Taucorr":null},"EnergyVariance":{"Mean":0.0,"Sigma":0.0,"Taucorr":null},"Iteration":76},
{"Acceptance":[0.0],"Energy":{"Mean":-1558.0,"Sigma":0.0,"Taucorr":null},"EnergyVariance":{"Mean":0.0,"Sigma":0.0,"Taucorr":null},"Iteration":77},
{"Acceptance":[0.0],"Energy":{"Mean":-1558.0,"Sigma":0.0,"Taucorr":null},"EnergyVariance":{"Mean":0.0,"Sigma":0.0,"Taucorr":null},"Iteration":78},
{"Acceptance":[9.46073793755913e-05],"Energy":{"Mean":-1558.0,"Sigma":0.0,"Taucorr":null},"EnergyVariance":{"Mean":0.0,"Sigma":0.0,"Taucorr":null},"Iteration":79},
{"Acceptance":[0.0],"Energy":{"Mean":-1558.0,"Sigma":0.0,"Taucorr":null},"EnergyVariance":{"Mean":0.0,"Sigma":0.0,"Taucorr":null},"Iteration":80},
{"Acceptance":[0.0],"Energy":{"Mean":-1558.0,"Sigma":0.0,"Taucorr":null},"EnergyVariance":{"Mean":0.0,"Sigma":0.0,"Taucorr":null},"Iteration":81},
{"Acceptance":[0.0],"Energy":{"Mean":-1558.0,"Sigma":0.0,"Taucorr":null},"EnergyVariance":{"Mean":0.0,"Sigma":0.0,"Taucorr":null},"Iteration":82},
{"Acceptance":[0.0],"Energy":{"Mean":-1558.0,"Sigma":0.0,"Taucorr":null},"EnergyVariance":{"Mean":0.0,"Sigma":0.0,"Taucorr":null},"Iteration":83},
{"Acceptance":[0.0],"Energy":{"Mean":-1558.0,"Sigma":0.0,"Taucorr":null},"EnergyVariance":{"Mean":0.0,"Sigma":0.0,"Taucorr":null},"Iteration":84},
{"Acceptance":[0.0],"Energy":{"Mean":-1558.0,"Sigma":0.0,"Taucorr":null},"EnergyVariance":{"Mean":0.0,"Sigma":0.0,"Taucorr":null},"Iteration":85},
{"Acceptance":[0.0],"Energy":{"Mean":-1558.0,"Sigma":0.0,"Taucorr":null},"EnergyVariance":{"Mean":0.0,"Sigma":0.0,"Taucorr":null},"Iteration":86},
{"Acceptance":[0.0],"Energy":{"Mean":-1558.0,"Sigma":0.0,"Taucorr":null},"EnergyVariance":{"Mean":0.0,"Sigma":0.0,"Taucorr":null},"Iteration":87},
{"Acceptance":[9.46073793755913e-05],"Energy":{"Mean":-1558.0725806451612,"Sigma":0.07258064516129131,"Taucorr":1.509903313490213e-14},"EnergyVariance":{"Mean":0.6479578563995837,"Sigma":0.6426899063475642,"Taucorr":2.220446049250313e-16},"Iteration":88},
{"Acceptance":[9.46073793755913e-05],"Energy":{"Mean":-1558.0725806451612,"Sigma":0.07258064516128394,"Taucorr":-6.783462680459706e-14},"EnergyVariance":{"Mean":0.6479578563995838,"Sigma":0.6426899063475643,"Taucorr":2.220446049250313e-16},"Iteration":89},
{"Acceptance":[0.006480605487228004],"Energy":{"Mean":-1562.064516129032,"Sigma":0.47149495458130924,"Taucorr":0.18153886554622134},"EnergyVariance":{"Mean":20.06035379812695,"Sigma":0.41065689592592497,"Taucorr":0.18153886554621856},"Iteration":90},
{"Acceptance":[9.46073793755913e-05],"Energy":{"Mean":-1567.0,"Sigma":0.0,"Taucorr":null},"EnergyVariance":{"Mean":0.0,"Sigma":0.0,"Taucorr":null},"Iteration":91},
{"Acceptance":[0.0],"Energy":{"Mean":-1567.0,"Sigma":0.0,"Taucorr":null},"EnergyVariance":{"Mean":0.0,"Sigma":0.0,"Taucorr":null},"Iteration":92},
{"Acceptance":[0.0],"Energy":{"Mean":-1567.0,"Sigma":0.0,"Taucorr":null},"EnergyVariance":{"Mean":0.0,"Sigma":0.0,"Taucorr":null},"Iteration":93},
{"Acceptance":[9.46073793755913e-05],"Energy":{"Mean":-1567.0,"Sigma":0.0,"Taucorr":null},"EnergyVariance":{"Mean":0.0,"Sigma":0.0,"Taucorr":null},"Iteration":94},
{"Acceptance":[9.46073793755913e-05],"Energy":{"Mean":-1567.0,"Sigma":0.0,"Taucorr":null},"EnergyVariance":{"Mean":0.0,"Sigma":0.0,"Taucorr":null},"Iteration":95},
{"Acceptance":[0.0],"Energy":{"Mean":-1567.0,"Sigma":0.0,"Taucorr":null},"EnergyVariance":{"Mean":0.0,"Sigma":0.0,"Taucorr":null},"Iteration":96},
{"Acceptance":[0.0],"Energy":{"Mean":-1567.0,"Sigma":0.0,"Taucorr":null},"EnergyVariance":{"Mean":0.0,"Sigma":0.0,"Taucorr":null},"Iteration":97},
{"Acceptance":[0.0],"Energy":{"Mean":-1567.0,"Sigma":0.0,"Taucorr":null},"EnergyVariance":{"Mean":0.0,"Sigma":0.0,"Taucorr":null},"Iteration":98},
{"Acceptance":[0.0],"Energy":{"Mean":-1567.0,"Sigma":0.0,"Taucorr":null},"EnergyVariance":{"Mean":0.0,"Sigma":0.0,"Taucorr":null},"Iteration":99} 
]}