{"Output": [
{"Acceptance":[0.7977967306325515],"Energy":{"Mean":-2504.41935483871,"Sigma":2.993617473479768,"Taucorr":0.09437265601854705},"EnergyVariance":{"Mean":927.2757544224768,"Sigma":108.89594868567747,"Taucorr":-0.17519445149123158},"Iteration":0},
{"Acceptance":[0.35533049040511727],"Energy":{"Mean":-2570.3951612903224,"Sigma":2.7868203205683892,"Taucorr":0.14836180147323008},"EnergyVariance":{"Mean":736.6744927159209,"Sigma":98.5536222752851,"Taucorr":0.1638444955633116},"Iteration":1},
{"Acceptance":[0.17434257285003554],"Energy":{"Mean":-2631.379032258064,"Sigma":2.2230727719594867,"Taucorr":0.274213708945943},"EnergyVariance":{"Mean":392.5740764828304,"Sigma":59.71870121599462,"Taucorr":0.08807218096812186},"Iteration":2},
{"Acceptance":[0.10149253731343283],"Energy":{"Mean":-2683.499999999999,"Sigma":1.1444113855405555,"Taucorr":0.03774834437086538},"EnergyVariance":{"Mean":149.78225806451616,"Sigma":29.776677164322642,"Taucorr":0.3767857013708603},"Iteration":3},
{"Acceptance":[0.06574271499644634],"Energy":{"Mean":-2704.6612903225814,"Sigma":1.0735422966897177,"Taucorr":0.22962617060192914},"EnergyVariance":{"Mean":97.14334027055152,"Sigma":14.75096652232646,"Taucorr":0.30800183838734463},"Iteration":4},
{"Acceptance":[0.04943141435678749],"Energy":{"Mean":-2716.9919354838707,"Sigma":0.6450268677166077,"Taucorr":0.2278909928493984},"EnergyVariance":{"Mean":35.153160770031214,"Sigma":5.670882558517942,"Taucorr":0.012871992756015693},"Iteration":5},
{"Acceptance":[0.03294243070362474],"Energy":{"Mean":-2724.3387096774195,"Sigma":0.4378816901970013,"Taucorr":0.11598617962411895},"EnergyVariance":{"Mean":19.14334027055151,"Sigma":3.645166793257378,"Taucorr":0.12710588970797765},"Iteration":6},
{"Acceptance":[0.023098791755508174],"Energy":{"Mean":-2728.75,"Sigma":0.3647800928354408,"Taucorr":0.11677556602340355},"EnergyVariance":{"Mean":13.268145161290322,"Sigma":2.293746966737152,"Taucorr":0.24631200610497672},"Iteration":7},
{"Acceptance":[0.015991471215351813],"Energy":{"Mean":-2731.1774193548385,"Sigma":0.4342824926074703,"Taucorr":0.34500094759782296},"EnergyVariance":{"Mean":13.726586888657645,"Sigma":3.1923885884921814,"Taucorr":0.7701842395053382},"Iteration":8},
{"Acceptance":[0.01240227434257285],"Energy":{"Mean":-2732.927419354838,"Sigma":0.336049461202689,"Taucorr":0.16432717251336093},"EnergyVariance":{"Mean":10.45440946930281,"Sigma":2.0538638618802794,"Taucorr":0.07143076347416133},"Iteration":9},
{"Acceptance":[0.011549395877754087],"Energy":{"Mean":-2735.419354838709,"Sigma":0.2954373231871967,"Taucorr":-0.035243141582949666},"EnergyVariance":{"Mean":11.549947970863684,"Sigma":1.9949978523238243,"Taucorr":0.26756849150696116},"Iteration":10},
{"Acceptance":[0.009168443496801706],"Energy":{"Mean":-2734.8064516129034,"Sigma":0.24612853901500098,"Taucorr":-0.003972707121061958},"EnergyVariance":{"Mean":7.510926118626431,"Sigma":0.9192684384089138,"Taucorr":-0.0252903324764831},"Iteration":11},
{"Acceptance":[0.008599857853589197],"Energy":{"Mean":-2740.1290322580644,"Sigma":0.3912467952635864,"Taucorr":0.402164564220188},"EnergyVariance":{"Mean":10.434963579604581,"Sigma":1.5020789202264038,"Taucorr":0.2690784239485666},"Iteration":12},
{"Acceptance":[0.004832977967306326],"Energy":{"Mean":-2741.9274193548395,"Sigma":0.23451893920903205,"Taucorr":0.05162118303407126},"EnergyVariance":{"Mean":6.131828824141519,"Sigma":1.0863355345445111,"Taucorr":-0.05035164942563486},"Iteration":13},
{"Acceptance":[0.006787491115849325],"Energy":{"Mean":-2742.7822580645156,"Sigma":0.3941340609426378,"Taucorr":0.5237784267125352},"EnergyVariance":{"Mean":9.331620707596256,"Sigma":1.5912222546700516,"Taucorr":0.371149649202585},"Iteration":14},
{"Acceptance":[0.007000710732054016],"Energy":{"Mean":-2744.4758064516136,"Sigma":0.26824670645787907,"Taucorr":0.14487134530638934},"EnergyVariance":{"Mean":6.862317898022893,"Sigma":1.1754953507077672,"Taucorr":0.14794952761689895},"Iteration":15},
{"Acceptance":[0.005188343994314144],"Energy":{"Mean":-2746.088709677419,"Sigma":0.27958023140519733,"Taucorr":0.4284495861125174},"EnergyVariance":{"Mean":5.1776144640998965,"Sigma":0.8366337671734337,"Taucorr":0.2026498251165384},"Iteration":16},
{"Acceptance":[0.0030206112295664534],"Energy":{"Mean":-2747.0887096774195,"Sigma":0.26703982302814055,"Taucorr":0.21177339849482102},"EnergyVariance":{"Mean":6.161485431841832,"Sigma":1.8976935683443696,"Taucorr":0.32613488589152473},"Iteration":17},
{"Acceptance":[0.0021321961620469083],"Energy":{"Mean":-2747.4435483870966,"Sigma":0.21649383431935587,"Taucorr":0.1945667674851964},"EnergyVariance":{"Mean":4.150039021852238,"Sigma":1.3153113115276946,"Taucorr":0.0454526711661396},"Iteration":18},
{"Acceptance":[0.00412224591329069],"Energy":{"Mean":-2748.8709677419356,"Sigma":0.2918864688847401,"Taucorr":0.27723431349848904},"EnergyVariance":{"Mean":6.741415192507804,"Sigma":0.7844823876270263,"Taucorr":0.06761580808994827},"Iteration":19},
{"Acceptance":[0.00511727078891258],"Energy":{"Mean":-2751.1854838709673,"Sigma":0.3027578750508607,"Taucorr":0.1293289092506693},"EnergyVariance":{"Mean":8.95753121748179,"Sigma":1.0286949807197625,"Taucorr":0.006752458255912197},"Iteration":20},
{"Acceptance":[0.0036247334754797443],"Energy":{"Mean":-2753.1935483870966,"Sigma":0.36821088755990944,"Taucorr":0.46506533782970616},"EnergyVariance":{"Mean":8.639958376690947,"Sigma":1.2395067829092785,"Taucorr":0.16848547882785236},"Iteration":21},
{"Acceptance":[0.004690831556503198],"Energy":{"Mean":-2754.677419354839,"Sigma":0.3119901320957947,"Taucorr":0.36606134738429297},"EnergyVariance":{"Mean":6.91207075962539,"Sigma":0.4990106661442207,"Taucorr":0.04347183196367521},"Iteration":22},
{"Acceptance":[0.0036958066808813078],"Energy":{"Mean":-2755.637096774194,"Sigma":0.21119180170448407,"Taucorr":0.04450354381033028},"EnergyVariance":{"Mean":5.037656087408949,"Sigma":0.4471288881396694,"Taucorr":-0.02862541592019635},"Iteration":23},
{"Acceptance":[0.00035536602700781805],"Energy":{"Mean":-2756.8387096774186,"Sigma":0.14689821063308534,"Taucorr":0.685826359832657},"EnergyVariance":{"Mean":1.119146722164412,"Sigma":0.7795375235820021,"Taucorr":0.6645621728168796},"Iteration":24},
{"Acceptance":[0.00035536602700781805],"Energy":{"Mean":-2757.0241935483873,"Sigma":0.024193548387100042,"Taucorr":1.312283615106935e-13},"EnergyVariance":{"Mean":0.0719953173777315,"Sigma":0.07140998959416278,"Taucorr":0.0},"Iteration":25},
{"Acceptance":[0.00042643923240938164],"Energy":{"Mean":-2756.870967741935,"Sigma":0.08665759444497925,"Taucorr":0.45548977395036516},"EnergyVariance":{"Mean":0.4833506763787721,"Sigma":0.3846210397697993,"Taucorr":0.49509435530956103},"Iteration":26},
{"Acceptance":[0.00042643923240938164],"Energy":{"Mean":-2757.0241935483878,"Sigma":0.024193548387106398,"Taucorr":2.9176661087149114e-13},"EnergyVariance":{"Mean":0.0719953173777315,"Sigma":0.0714099895941408,"Taucorr":0.0},"Iteration":27},
{"Acceptance":[0.00035536602700781805],"Energy":{"Mean":-2757.048387096774,"Sigma":0.03363976389454541,"Taucorr":-0.0127049180326399},"EnergyVariance":{"Mean":0.14281997918834546,"Sigma":0.09766383066156796,"Taucorr":-0.01270491803278645},"Iteration":28},
{"Acceptance":[0.00021321961620469082],"Energy":{"Mean":-2757.064516129032,"Sigma":0.06451612903225483,"Taucorr":0.5081967213114116},"EnergyVariance":{"Mean":0.25390218522372526,"Sigma":0.24973985431842588,"Taucorr":0.5081967213114753},"Iteration":29},
{"Acceptance":[0.00021321961620469082],"Energy":{"Mean":-2757.0403225806454,"Sigma":0.028626192498864497,"Taucorr":-0.01172022684320756},"EnergyVariance":{"Mean":0.10321279916753384,"Sigma":0.07616510683433073,"Taucorr":-0.009322252609535397},"Iteration":30},
{"Acceptance":[0.00014214641080312722],"Energy":{"Mean":-2757.032258064516,"Sigma":0.03225806451613,"Taucorr":3.352873534367973e-14},"EnergyVariance":{"Mean":0.1279916753381894,"Sigma":0.12695109261186452,"Taucorr":-2.220446049250313e-16},"Iteration":31},
{"Acceptance":[0.00021321961620469082],"Energy":{"Mean":-2757.048387096774,"Sigma":0.04838709677419048,"Taucorr":1.0247933884298508},"EnergyVariance":{"Mean":0.09443288241415193,"Sigma":0.09209157127992101,"Taucorr":1.0247933884297515},"Iteration":32},
{"Acceptance":[0.00014214641080312722],"Energy":{"Mean":-2756.9112903225796,"Sigma":0.07382446768611228,"Taucorr":-0.005355600345416434},"EnergyVariance":{"Mean":0.6776144640998959,"Sigma":0.6400433916229155,"Taucorr":-0.001155432329317696},"Iteration":33},
{"Acceptance":[0.00014214641080312722],"Energy":{"Mean":-2757.096774193549,"Sigma":0.07116297680765021,"Taucorr":0.32451790633635547},"EnergyVariance":{"Mean":0.3777315296566076,"Sigma":0.2708784278482865,"Taucorr":0.32451790633608857},"Iteration":34},
{"Acceptance":[0.0],"Energy":{"Mean":-2757.0,"Sigma":0.0,"Taucorr":null},"EnergyVariance":{"Mean":0.0,"Sigma":0.0,"Taucorr":null},"Iteration":35},
{"Acceptance":[7.107320540156361e-05],"Energy":{"Mean":-2757.0,"Sigma":0.0,"Taucorr":null},"EnergyVariance":{"Mean":0.0,"Sigma":0.0,"Taucorr":null},"Iteration":36},
{"Acceptance":[0.0],"Energy":{"Mean":-2757.0,"Sigma":0.0,"Taucorr":null},"EnergyVariance":{"Mean":0.0,"Sigma":0.0,"Taucorr":null},"Iteration":37},
{"Acceptance":[7.107320540156361e-05],"Energy":{"Mean":-2757.0,"Sigma":0.0,"Taucorr":null},"EnergyVariance":{"Mean":0.0,"Sigma":0.0,"Taucorr":null},"Iteration":38},
{"Acceptance":[0.00035536602700781805],"Energy":{"Mean":-2757.1048387096766,"Sigma":0.1289818449905245,"Taucorr":0.8548962191028882},"EnergyVariance":{"Mean":0.7551378772112383,"Sigma":0.3957979502628112,"Taucorr":0.7080311439422073},"Iteration":39},
{"Acceptance":[0.0],"Energy":{"Mean":-2757.0,"Sigma":0.0,"Taucorr":null},"EnergyVariance":{"Mean":0.0,"Sigma":0.0,"Taucorr":null},"Iteration":40},
{"Acceptance":[0.00021321961620469082],"Energy":{"Mean":-2757.048387096774,"Sigma":0.03558148840381321,"Taucorr":0.32451790633594113},"EnergyVariance":{"Mean":0.09443288241415193,"Sigma":0.06771960696210395,"Taucorr":0.3245179063360877},"Iteration":41},
{"Acceptance":[0.00028429282160625445],"Energy":{"Mean":-2756.983870967742,"Sigma":0.06753681181695927,"Taucorr":0.08004303388924672},"EnergyVariance":{"Mean":0.4836108220603539,"Sigma":0.22205959798464464,"Taucorr":-0.02380099089676524},"Iteration":42},
{"Acceptance":[0.00021321961620469082],"Energy":{"Mean":-2756.879032258064,"Sigma":0.0858785774966091,"Taucorr":0.48351431391907995},"EnergyVariance":{"Mean":0.4611732570239334,"Sigma":0.3858243938404885,"Taucorr":0.502362276581471},"Iteration":43},
{"Acceptance":[0.00014214641080312722],"Energy":{"Mean":-2757.032258064516,"Sigma":0.032258064516128726,"Taucorr":0.5081967213114864},"EnergyVariance":{"Mean":0.06347554630593132,"Sigma":0.06243496357960647,"Taucorr":0.5081967213114753},"Iteration":44},
{"Acceptance":[0.0004975124378109452],"Energy":{"Mean":-2757.2258064516127,"Sigma":0.09514762066936552,"Taucorr":0.3452606635070422},"EnergyVariance":{"Mean":0.6586888657648281,"Sigma":0.2531335921503208,"Taucorr":0.2840305272369442},"Iteration":45},
{"Acceptance":[0.00035536602700781805],"Energy":{"Mean":-2757.1532258064517,"Sigma":0.07573778633466716,"Taucorr":0.2530612244897479},"EnergyVariance":{"Mean":0.4684573361082205,"Sigma":0.21808936616092656,"Taucorr":0.19725020764712886},"Iteration":46},
{"Acceptance":[0.00014214641080312722],"Energy":{"Mean":-2757.0161290322585,"Sigma":0.0161290322580881,"Taucorr":1.0942358130705543e-12},"EnergyVariance":{"Mean":0.03199791883454735,"Sigma":0.03173777315295146,"Taucorr":-2.220446049250313e-16},"Iteration":47},
{"Acceptance":[0.0004975124378109452],"Energy":{"Mean":-2757.0403225806454,"Sigma":0.03861996773347523,"Taucorr":-0.0010965688009385022},"EnergyVariance":{"Mean":0.18385796045785643,"Sigma":0.10209417190812715,"Taucorr":-0.02530927697300256},"Iteration":48},
{"Acceptance":[0.0004975124378109452],"Energy":{"Mean":-2757.096774193549,"Sigma":0.045904030550816426,"Taucorr":-0.03875000000023826},"EnergyVariance":{"Mean":0.28095733610822066,"Sigma":0.12882744057806408,"Taucorr":-0.03874999999999984},"Iteration":49},
{"Acceptance":[0.0003198294243070363],"Energy":{"Mean":-2757.048387096774,"Sigma":0.03363976389453586,"Taucorr":-0.012704918032866441},"EnergyVariance":{"Mean":0.14281997918834546,"Sigma":0.09766383066156795,"Taucorr":-0.012704918032786783},"Iteration":50},
{"Acceptance":[0.0011016346837242359],"Energy":{"Mean":-2757.3387096774195,"Sigma":0.11509018617531845,"Taucorr":0.3576759791838523},"EnergyVariance":{"Mean":0.9497918834547348,"Sigma":0.30456794586148106,"Taucorr":0.3832089645909851},"Iteration":51},
{"Acceptance":[0.0010660980810234541],"Energy":{"Mean":-2757.314516129033,"Sigma":0.09697559687453491,"Taucorr":0.15956389527525605},"EnergyVariance":{"Mean":0.8768860561914673,"Sigma":0.23606806840214123,"Taucorr":0.05995561063077581},"Iteration":52},
{"Acceptance":[0.0017057569296375266],"Energy":{"Mean":-2757.7338709677424,"Sigma":0.18144265210849647,"Taucorr":0.6000848086505259},"EnergyVariance":{"Mean":1.8404656607700314,"Sigma":0.35373960367854784,"Taucorr":0.5962176928564022},"Iteration":53},
{"Acceptance":[0.00255863539445629],"Energy":{"Mean":-2758.0967741935483,"Sigma":0.16464258264741966,"Taucorr":0.28648748159059234},"EnergyVariance":{"Mean":2.1196670135275753,"Sigma":0.14527127442901258,"Taucorr":0.28298778504182565},"Iteration":54},
{"Acceptance":[0.004299928926794598],"Energy":{"Mean":-2758.33064516129,"Sigma":0.1744373045605146,"Taucorr":0.24506848960356475},"EnergyVariance":{"Mean":2.51164151925078,"Sigma":0.29554149723041284,"Taucorr":0.19148282407217143},"Iteration":55},
{"Acceptance":[0.002700781805259417],"Energy":{"Mean":-2759.5080645161293,"Sigma":0.22732782417952468,"Taucorr":0.6906512681821002},"EnergyVariance":{"Mean":2.669289802289282,"Sigma":0.6827140097587754,"Taucorr":0.7923045600753755},"Iteration":56},
{"Acceptance":[0.0014925373134328358],"Energy":{"Mean":-2759.9999999999995,"Sigma":0.08829325526183768,"Taucorr":0.0504629629630069},"EnergyVariance":{"Mean":0.8709677419354839,"Sigma":0.26383008332742103,"Taucorr":-0.08721277342965361},"Iteration":57},
{"Acceptance":[0.00216773276474769],"Energy":{"Mean":-2760.5403225806444,"Sigma":0.15515201277788732,"Taucorr":0.1680322817315576},"EnergyVariance":{"Mean":2.2161160249739855,"Sigma":0.4149348086268778,"Taucorr":0.07015034228033834},"Iteration":58},
{"Acceptance":[0.003980099502487562],"Energy":{"Mean":-2761.338709677419,"Sigma":0.1931447403860989,"Taucorr":0.1498489425981797},"EnergyVariance":{"Mean":3.530437044745057,"Sigma":0.25658580606907894,"Taucorr":0.1481323031167685},"Iteration":59},
{"Acceptance":[0.005579246624022744],"Energy":{"Mean":-2761.870967741935,"Sigma":0.17190854960610985,"Taucorr":-0.04373040752354851},"EnergyVariance":{"Mean":3.983350676378772,"Sigma":0.04436349667266287,"Taucorr":-0.04373040752351076},"Iteration":60},
{"Acceptance":[0.002736318407960199],"Energy":{"Mean":-2763.1935483870966,"Sigma":0.19902641980946809,"Taucorr":0.4458989898990289},"EnergyVariance":{"Mean":2.5754422476586885,"Sigma":0.47509532470638244,"Taucorr":0.4458989898989898},"Iteration":61},
{"Acceptance":[0.0007818052594171997],"Energy":{"Mean":-2763.645161290322,"Sigma":0.1355862388485901,"Taucorr":0.3740949316170811},"EnergyVariance":{"Mean":1.2934443288241417,"Sigma":0.44612246330809135,"Taucorr":0.3740949316170553},"Iteration":62},
{"Acceptance":[0.0005685856432125089],"Energy":{"Mean":-2763.8064516129025,"Sigma":0.09748840392811405,"Taucorr":0.29336158192092265},"EnergyVariance":{"Mean":0.736732570239334,"Sigma":0.3522161690304588,"Taucorr":0.2933615819209042},"Iteration":63},
{"Acceptance":[7.107320540156361e-05],"Energy":{"Mean":-2764.0,"Sigma":0.0,"Taucorr":null},"EnergyVariance":{"Mean":0.0,"Sigma":0.0,"Taucorr":null},"Iteration":64},
{"Acceptance":[0.00014214641080312722],"Energy":{"Mean":-2764.064516129032,"Sigma":0.05049185755644524,"Taucorr":0.49784768211920327},"EnergyVariance":{"Mean":0.1571279916753382,"Sigma":0.13915960667765537,"Taucorr":0.5047662994327056},"Iteration":65},
{"Acceptance":[0.00014214641080312722],"Energy":{"Mean":-2764.064516129032,"Sigma":0.06451612903226547,"Taucorr":0.5081967213116472},"EnergyVariance":{"Mean":0.25390218522372526,"Sigma":0.24973985431842585,"Taucorr":0.5081967213114753},"Iteration":66},
{"Acceptance":[0.0],"Energy":{"Mean":-2764.0,"Sigma":0.0,"Taucorr":null},"EnergyVariance":{"Mean":0.0,"Sigma":0.0,"Taucorr":null},"Iteration":67},
{"Acceptance":[7.107320540156361e-05],"Energy":{"Mean":-2764.032258064516,"Sigma":0.032258064516129774,"Taucorr":1.1102230246251565e-14},"EnergyVariance":{"Mean":0.1279916753381894,"Sigma":0.12695109261186452,"Taucorr":-2.220446049250313e-16},"Iteration":68},
{"Acceptance":[0.0],"Energy":{"Mean":-2764.0,"Sigma":0.0,"Taucorr":null},"EnergyVariance":{"Mean":0.0,"Sigma":0.0,"Taucorr":null},"Iteration":69},
{"Acceptance":[0.00028429282160625445],"Energy":{"Mean":-2764.0080645161293,"Sigma":0.008064516129034437,"Taucorr":1.0147438445073931e-13},"EnergyVariance":{"Mean":0.007999479708636839,"Sigma":0.007934443288237865,"Taucorr":-2.220446049250313e-16},"Iteration":70},
{"Acceptance":[0.0],"Energy":{"Mean":-2764.0,"Sigma":0.0,"Taucorr":null},"EnergyVariance":{"Mean":0.0,"Sigma":0.0,"Taucorr":null},"Iteration":71},
{"Acceptance":[7.107320540156361e-05],"Energy":{"Mean":-2764.048387096774,"Sigma":0.0336397638945471,"Taucorr":-0.012704918032604928},"EnergyVariance":{"Mean":0.14281997918834544,"Sigma":0.09766383066156796,"Taucorr":-0.012704918032786339},"Iteration":72},
{"Acceptance":[0.0],"Energy":{"Mean":-2764.0,"Sigma":0.0,"Taucorr":null},"EnergyVariance":{"Mean":0.0,"Sigma":0.0,"Taucorr":null},"Iteration":73},
{"Acceptance":[0.0],"Energy":{"Mean":-2764.0,"Sigma":0.0,"Taucorr":null},"EnergyVariance":{"Mean":0.0,"Sigma":0.0,"Taucorr":null},"Iteration":74},
{"Acceptance":[0.00014214641080312722],"Energy":{"Mean":-2763.951612903226,"Sigma":0.04838709677419428,"Taucorr":1.509903313490213e-14},"EnergyVariance":{"Mean":0.2879812695109261,"Sigma":0.2856399583766952,"Taucorr":0.0},"Iteration":75},
{"Acceptance":[7.107320540156361e-05],"Energy":{"Mean":-2764.032258064516,"Sigma":0.03225806451613,"Taucorr":4.773959005888173e-14},"EnergyVariance":{"Mean":0.1279916753381894,"Sigma":0.12695109261186452,"Taucorr":-2.220446049250313e-16},"Iteration":76},
{"Acceptance":[0.00014214641080312722],"Energy":{"Mean":-2763.927419354838,"Sigma":0.07258064516129657,"Taucorr":6.17284001691587e-14},"EnergyVariance":{"Mean":0.6479578563995838,"Sigma":0.6426899063474651,"Taucorr":-2.220446049250313e-16},"Iteration":77},
{"Acceptance":[0.00021321961620469082],"Energy":{"Mean":-2763.9919354838707,"Sigma":0.008064516129057637,"Taucorr":2.4560353750757713e-12},"EnergyVariance":{"Mean":0.00799947970863684,"Sigma":0.007934443288237867,"Taucorr":0.0},"Iteration":78},
{"Acceptance":[0.00028429282160625445],"Energy":{"Mean":-2763.9677419354834,"Sigma":0.022426509263043952,"Taucorr":-0.012704918032199197},"EnergyVariance":{"Mean":0.06347554630593132,"Sigma":0.04340614696067647,"Taucorr":-0.012704918032786672},"Iteration":79},
{"Acceptance":[7.107320540156361e-05],"Energy":{"Mean":-2764.032258064516,"Sigma":0.0322580645161291,"Taucorr":9.103828801926284e-15},"EnergyVariance":{"Mean":0.1279916753381894,"Sigma":0.12695109261186452,"Taucorr":-2.220446049250313e-16},"Iteration":80},
{"Acceptance":[0.0],"Energy":{"Mean":-2764.0,"Sigma":0.0,"Taucorr":null},"EnergyVariance":{"Mean":0.0,"Sigma":0.0,"Taucorr":null},"Iteration":81},
{"Acceptance":[7.107320540156361e-05],"Energy":{"Mean":-2764.0080645161293,"Sigma":0.008064516129037753,"Taucorr":5.262457136723242e-13},"EnergyVariance":{"Mean":0.007999479708636837,"Sigma":0.007934443288237865,"Taucorr":0.0},"Iteration":82},
{"Acceptance":[7.107320540156361e-05],"Energy":{"Mean":-2764.0,"Sigma":0.0,"Taucorr":null},"EnergyVariance":{"Mean":0.0,"Sigma":0.0,"Taucorr":null},"Iteration":83},
{"Acceptance":[0.00014214641080312722],"Energy":{"Mean":-2764.0,"Sigma":0.0,"Taucorr":null},"EnergyVariance":{"Mean":0.0,"Sigma":0.0,"Taucorr":null},"Iteration":84},
{"Acceptance":[0.0],"Energy":{"Mean":-2764.0,"Sigma":0.0,"Taucorr":null},"EnergyVariance":{"Mean":0.0,"Sigma":0.0,"Taucorr":null},"Iteration":85},
{"Acceptance":[7.107320540156361e-05],"Energy":{"Mean":-2764.0,"Sigma":0.0,"Taucorr":null},"EnergyVariance":{"Mean":0.0,"Sigma":0.0,"Taucorr":null},"Iteration":86},
{"Acceptance":[0.0],"Energy":{"Mean":-2764.0,"Sigma":0.0,"Taucorr":null},"EnergyVariance":{"Mean":0.0,"Sigma":0.0,"Taucorr":null},"Iteration":87},
{"Acceptance":[7.107320540156361e-05],"Energy":{"Mean":-2764.0,"Sigma":0.0,"Taucorr":null},"EnergyVariance":{"Mean":0.0,"Sigma":0.0,"Taucorr":null},"Iteration":88},
{"Acceptance":[0.00035536602700781805],"Energy":{"Mean":-2764.1209677419356,"Sigma":0.07937166531978657,"Taucorr":0.4767666830627637},"EnergyVariance":{"Mean":0.39665712799167535,"Sigma":0.2726206369157457,"Taucorr":0.4920182717302265},"Iteration":89},
{"Acceptance":[0.0],"Energy":{"Mean":-2764.0,"Sigma":0.0,"Taucorr":null},"EnergyVariance":{"Mean":0.0,"Sigma":0.0,"Taucorr":null},"Iteration":90},
{"Acceptance":[0.0],"Energy":{"Mean":-2764.0,"Sigma":0.0,"Taucorr":null},"EnergyVariance":{"Mean":0.0,"Sigma":0.0,"Taucorr":null},"Iteration":91},
{"Acceptance":[7.107320540156361e-05],"Energy":{"Mean":-2764.129032258065,"Sigma":0.10098371511289876,"Taucorr":0.7556250000000297},"EnergyVariance":{"Mean":0.49947970863683677,"Sigma":0.3778745468739859,"Taucorr":0.7556250000000004},"Iteration":92},
{"Acceptance":[0.00014214641080312722],"Energy":{"Mean":-2764.0241935483873,"Sigma":0.024193548387096017,"Taucorr":1.0247933884296336},"EnergyVariance":{"Mean":0.023608220603537983,"Sigma":0.02302289281996925,"Taucorr":1.0247933884297515},"Iteration":93},
{"Acceptance":[0.0],"Energy":{"Mean":-2764.0,"Sigma":0.0,"Taucorr":null},"EnergyVariance":{"Mean":0.0,"Sigma":0.0,"Taucorr":null},"Iteration":94},
{"Acceptance":[0.00014214641080312722],"Energy":{"Mean":-2764.0725806451615,"Sigma":0.0647509168647365,"Taucorr":0.4884567439540579},"EnergyVariance":{"Mean":0.26086108220603543,"Sigma":0.24856498774068458,"Taucorr":0.5064636196719927},"Iteration":95},
{"Acceptance":[0.00021321961620469082],"Energy":{"Mean":-2764.064516129032,"Sigma":0.06451612903225905,"Taucorr":0.5081967213115062},"EnergyVariance":{"Mean":0.25390218522372526,"Sigma":0.24973985431842588,"Taucorr":0.5081967213114753},"Iteration":96},
{"Acceptance":[0.00042643923240938164],"Energy":{"Mean":-2764.0645161290327,"Sigma":0.04485301852605039,"Taucorr":-0.012704918032791723},"EnergyVariance":{"Mean":0.2539021852237253,"Sigma":0.17362458784274665,"Taucorr":-0.012704918032786894},"Iteration":97},
{"Acceptance":[0.00014214641080312722],"Energy":{"Mean":-2764.0322580645166,"Sigma":0.032258064516132876,"Taucorr":6.572520305780927e-14},"EnergyVariance":{"Mean":0.1279916753381894,"Sigma":0.12695109261183518,"Taucorr":-2.220446049250313e-16},"Iteration":98},
{"Acceptance":[0.00035536602700781805],"Energy":{"Mean":-2764.0241935483878,"Sigma":0.024193548387108292,"Taucorr":3.6992631180510216e-13},"EnergyVariance":{"Mean":0.07199531737773153,"Sigma":0.0714099895941408,"Taucorr":0.0},"Iteration":99} 
]}