{"Output": [
{"Acceptance":[0.9193277310924369],"Energy":{"Mean":-14.637096774193546,"Sigma":0.2047286132033558,"Taucorr":-0.12775581122329177},"EnergyVariance":{"Mean":6.924752861602497,"Sigma":1.2442961371730796,"Taucorr":0.2963181027031875},"Iteration":0},
{"Acceptance":[0.8945378151260505],"Energy":{"Mean":-14.56451612903226,"Sigma":0.15767452437375473,"Taucorr":-0.19345694466176377},"EnergyVariance":{"Mean":4.98777315296566,"Sigma":0.6292749565008955,"Taucorr":0.05175055029233422},"Iteration":1},
{"Acceptance":[0.8710084033613446],"Energy":{"Mean":-15.016129032258066,"Sigma":0.2475513099499289,"Taucorr":0.10071111663971466},"EnergyVariance":{"Mean":6.273933402705514,"Sigma":0.9127638223872049,"Taucorr":0.27385861226031705},"Iteration":2},
{"Acceptance":[0.8247899159663865],"Energy":{"Mean":-15.346774193548388,"Sigma":0.3094995568974799,"Taucorr":0.22463300880778891},"EnergyVariance":{"Mean":8.129747658688865,"Sigma":0.9705803801374646,"Taucorr":-0.012600323743049757},"Iteration":3},
{"Acceptance":[0.8042016806722689],"Energy":{"Mean":-15.669354838709676,"Sigma":0.26088844708895864,"Taucorr":0.07965326248480209},"EnergyVariance":{"Mean":7.22131893860562,"Sigma":0.7794872255216608,"Taucorr":-0.07071226190161167},"Iteration":4},
{"Acceptance":[0.7815126050420168],"Energy":{"Mean":-15.669354838709678,"Sigma":0.24163063230817755,"Taucorr":0.06687304276400263},"EnergyVariance":{"Mean":6.33422216441207,"Sigma":1.0607101588901933,"Taucorr":0.21310866747244117},"Iteration":5},
{"Acceptance":[0.7298319327731092],"Energy":{"Mean":-16.32258064516129,"Sigma":0.22694604907733923,"Taucorr":0.07837616378491352},"EnergyVariance":{"Mean":5.476586888657649,"Sigma":0.7155836142217727,"Taucorr":0.09151285316999769},"Iteration":6},
{"Acceptance":[0.6794117647058824],"Energy":{"Mean":-16.57258064516129,"Sigma":0.22276173091827625,"Taucorr":-0.10512896032313745},"EnergyVariance":{"Mean":7.728603017689907,"Sigma":0.954016814811873,"Taucorr":0.0016398369749982544},"Iteration":7},
{"Acceptance":[0.6210084033613446],"Energy":{"Mean":-17.467741935483872,"Sigma":0.3033730482133189,"Taucorr":0.3386722815402996},"EnergyVariance":{"Mean":6.748959417273674,"Sigma":0.8331503973628894,"Taucorr":0.07474658848824778},"Iteration":8},
{"Acceptance":[0.55],"Energy":{"Mean":-17.879032258064516,"Sigma":0.2827645225874899,"Taucorr":0.23712940304764474},"EnergyVariance":{"Mean":6.670850676378774,"Sigma":0.7337479830412138,"Taucorr":0.06719897039745115},"Iteration":9},
{"Acceptance":[0.5411764705882353],"Energy":{"Mean":-18.13709677419354,"Sigma":0.2520983736766382,"Taucorr":0.34044638986392983},"EnergyVariance":{"Mean":4.650559313215402,"Sigma":0.49787271341154526,"Taucorr":-0.048048544486949674},"Iteration":10},
{"Acceptance":[0.5046218487394958],"Energy":{"Mean":-18.548387096774196,"Sigma":0.25251938998229595,"Taucorr":0.21227910602910582},"EnergyVariance":{"Mean":5.505723204994797,"Sigma":0.7402514645269752,"Taucorr":0.13276269911725114},"Iteration":11},
{"Acceptance":[0.5096638655462185],"Energy":{"Mean":-18.395161290322584,"Sigma":0.2205120487614607,"Taucorr":0.16024582513676922},"EnergyVariance":{"Mean":4.529331425598336,"Sigma":0.518234081938059,"Taucorr":0.08833203809235701},"Iteration":12},
{"Acceptance":[0.4474789915966387],"Energy":{"Mean":-18.91129032258064,"Sigma":0.29135122429827537,"Taucorr":0.4837588087505358},"EnergyVariance":{"Mean":5.3066467221644125,"Sigma":0.5698932918456049,"Taucorr":-0.11003616879038708},"Iteration":13},
{"Acceptance":[0.4542016806722689],"Energy":{"Mean":-19.056451612903228,"Sigma":0.2581233131943519,"Taucorr":0.3006595417519162},"EnergyVariance":{"Mean":5.117780957336108,"Sigma":0.794495348400592,"Taucorr":0.09134217211170059},"Iteration":14},
{"Acceptance":[0.373109243697479],"Energy":{"Mean":-19.524193548387096,"Sigma":0.22160061633466366,"Taucorr":0.18722676888014056},"EnergyVariance":{"Mean":4.3945759625390215,"Sigma":0.5392548051283587,"Taucorr":-0.09495703919994186},"Iteration":15},
{"Acceptance":[0.3634453781512605],"Energy":{"Mean":-19.89516129032258,"Sigma":0.21464342572768574,"Taucorr":0.11248400837890649},"EnergyVariance":{"Mean":4.626105619146722,"Sigma":0.7613233737465863,"Taucorr":0.11439364945463704},"Iteration":16},
{"Acceptance":[0.3067226890756303],"Energy":{"Mean":-20.790322580645157,"Sigma":0.19263899261994574,"Taucorr":0.41128856341539477},"EnergyVariance":{"Mean":2.504422476586889,"Sigma":0.2885218354172445,"Taucorr":-0.027973619744738276},"Iteration":17},
{"Acceptance":[0.25252100840336134],"Energy":{"Mean":-21.338709677419356,"Sigma":0.17906131702560096,"Taucorr":0.31024853019775545},"EnergyVariance":{"Mean":2.433662851196669,"Sigma":0.6033970376172011,"Taucorr":0.09223031547355809},"Iteration":18},
{"Acceptance":[0.25168067226890756],"Energy":{"Mean":-21.387096774193548,"Sigma":0.166332477995767,"Taucorr":0.3260324576913366},"EnergyVariance":{"Mean":2.0598335067637876,"Sigma":0.30925296834094285,"Taucorr":0.08850753215367457},"Iteration":19},
{"Acceptance":[0.24579831932773108],"Energy":{"Mean":-21.153225806451612,"Sigma":0.18023186207447664,"Taucorr":0.2739084427200126},"EnergyVariance":{"Mean":2.5813605619146727,"Sigma":0.35377275546130144,"Taucorr":-0.06285908983535127},"Iteration":20},
{"Acceptance":[0.2130252100840336],"Energy":{"Mean":-21.60483870967742,"Sigma":0.16590181768546824,"Taucorr":0.43022624110940344},"EnergyVariance":{"Mean":1.8196540062434963,"Sigma":0.3173387641476717,"Taucorr":0.11636814225006387},"Iteration":21},
{"Acceptance":[0.23025210084033612],"Energy":{"Mean":-21.33064516129032,"Sigma":0.1892213447483115,"Taucorr":0.5773475037388227},"EnergyVariance":{"Mean":2.04389958376691,"Sigma":0.2955467028695336,"Taucorr":0.11623695400514222},"Iteration":22},
{"Acceptance":[0.19831932773109243],"Energy":{"Mean":-21.66129032258064,"Sigma":0.15792181401239125,"Taucorr":0.33498088089505795},"EnergyVariance":{"Mean":1.8368886576482832,"Sigma":0.3814147596648129,"Taucorr":0.11121309252811284},"Iteration":23},
{"Acceptance":[0.1773109243697479],"Energy":{"Mean":-22.0,"Sigma":0.13167653427023113,"Taucorr":0.4311619718309857},"EnergyVariance":{"Mean":1.1451612903225805,"Sigma":0.1959859941055378,"Taucorr":0.25613914564076934},"Iteration":24},
{"Acceptance":[0.17100840336134454],"Energy":{"Mean":-21.895161290322584,"Sigma":0.14140909232051607,"Taucorr":0.19429777859372144},"EnergyVariance":{"Mean":1.7712669094693025,"Sigma":0.3313699638734143,"Taucorr":-0.044328833659058875},"Iteration":25},
{"Acceptance":[0.15546218487394958],"Energy":{"Mean":-22.112903225806452,"Sigma":0.1022848579260071,"Taucorr":0.14125615763546762},"EnergyVariance":{"Mean":1.0033818938605616,"Sigma":0.17306932571629471,"Taucorr":0.14181816175438677},"Iteration":26},
{"Acceptance":[0.12941176470588237],"Energy":{"Mean":-22.193548387096776,"Sigma":0.16218836015345894,"Taucorr":0.7432377049180323},"EnergyVariance":{"Mean":1.3012486992715924,"Sigma":0.30483655177933583,"Taucorr":0.6612511825606289},"Iteration":27},
{"Acceptance":[0.14747899159663866],"Energy":{"Mean":-22.12096774193548,"Sigma":0.12533340897850867,"Taucorr":0.21652597559210818},"EnergyVariance":{"Mean":1.3482700312174816,"Sigma":0.39012519840220067,"Taucorr":0.18500560005271716},"Iteration":28},
{"Acceptance":[0.14663865546218488],"Energy":{"Mean":-22.16935483870968,"Sigma":0.13033615387636718,"Taucorr":0.2556235006350246},"EnergyVariance":{"Mean":1.3826092611862641,"Sigma":0.4476387526878647,"Taucorr":0.020757364332304795},"Iteration":29},
{"Acceptance":[0.12478991596638656],"Energy":{"Mean":-22.33064516129032,"Sigma":0.12014054089450357,"Taucorr":0.45346838980090887},"EnergyVariance":{"Mean":0.9309963579604581,"Sigma":0.3872527267470718,"Taucorr":0.18688469686852272},"Iteration":30},
{"Acceptance":[0.11596638655462185],"Energy":{"Mean":-22.411290322580648,"Sigma":0.09168991916480312,"Taucorr":0.09349757372153711},"EnergyVariance":{"Mean":0.8711628511966701,"Sigma":0.18594217487054687,"Taucorr":-0.012823367730699975},"Iteration":31},
{"Acceptance":[0.11260504201680673],"Energy":{"Mean":-22.467741935483872,"Sigma":0.09400149813198688,"Taucorr":0.11894814814814847},"EnergyVariance":{"Mean":0.8779916753381893,"Sigma":0.26682551305411817,"Taucorr":-0.008079150206033947},"Iteration":32},
{"Acceptance":[0.1226890756302521],"Energy":{"Mean":-22.306451612903228,"Sigma":0.12032085097779527,"Taucorr":0.4173076923076925},"EnergyVariance":{"Mean":0.9706035379812694,"Sigma":0.18382402658122624,"Taucorr":0.02726625679480632},"Iteration":33},
{"Acceptance":[0.10126050420168067],"Energy":{"Mean":-22.532258064516128,"Sigma":0.10417490428752967,"Taucorr":0.5233645791782993},"EnergyVariance":{"Mean":0.6521852237252862,"Sigma":0.18031990615938456,"Taucorr":0.4411007984239177},"Iteration":34},
{"Acceptance":[0.11092436974789915],"Energy":{"Mean":-22.524193548387093,"Sigma":0.11843220845113273,"Taucorr":0.4471898878811681},"EnergyVariance":{"Mean":0.9107049947970864,"Sigma":0.3551774859293923,"Taucorr":0.18069852065221537},"Iteration":35},
{"Acceptance":[0.09243697478991597],"Energy":{"Mean":-22.564516129032256,"Sigma":0.09487381399904994,"Taucorr":0.5324599708879185},"EnergyVariance":{"Mean":0.5361602497398542,"Sigma":0.11142903320281644,"Taucorr":0.4216374509750107},"Iteration":36},
{"Acceptance":[0.08949579831932773],"Energy":{"Mean":-22.661290322580648,"Sigma":0.07824381790204903,"Taucorr":0.4379779650032408},"EnergyVariance":{"Mean":0.40140478668054125,"Sigma":0.09625455840632807,"Taucorr":0.23045380896013268},"Iteration":37},
{"Acceptance":[0.09243697478991597],"Energy":{"Mean":-22.661290322580648,"Sigma":0.09241996471866185,"Taucorr":0.24209849320103016},"EnergyVariance":{"Mean":0.707856399583767,"Sigma":0.37418017432579287,"Taucorr":0.2892705197567519},"Iteration":38},
{"Acceptance":[0.08067226890756303],"Energy":{"Mean":-22.798387096774192,"Sigma":0.05845151795667477,"Taucorr":0.315240979056271},"EnergyVariance":{"Mean":0.2577393340270552,"Sigma":0.0964287206971066,"Taucorr":0.2780406262943187},"Iteration":39} 
]}