{"Output": [
{"Acceptance":[0.8532212885154061],"Energy":{"Mean":-156.5887096774194,"Sigma":0.760813478326541,"Taucorr":-0.08007972437093902},"EnergyVariance":{"Mean":84.77438865764829,"Sigma":12.871301765573051,"Taucorr":0.04638124657626397},"Iteration":0},
{"Acceptance":[0.8057422969187675],"Energy":{"Mean":-158.8790322580645,"Sigma":0.7385206594818065,"Taucorr":0.09239536563878625},"EnergyVariance":{"Mean":56.62246357960458,"Sigma":7.902258901207542,"Taucorr":-0.016369564914248402},"Iteration":1},
{"Acceptance":[0.788235294117647],"Energy":{"Mean":-157.72580645161284,"Sigma":0.6764425881738859,"Taucorr":-0.07809215222063276},"EnergyVariance":{"Mean":66.69901144641,"Sigma":7.301880975627147,"Taucorr":-0.0226691149235852},"Iteration":2},
{"Acceptance":[0.757703081232493],"Energy":{"Mean":-159.22580645161287,"Sigma":0.758318991833223,"Taucorr":0.0006250230160186332},"EnergyVariance":{"Mean":70.64255983350677,"Sigma":9.019142918505228,"Taucorr":0.04709289853404186},"Iteration":3},
{"Acceptance":[0.7058823529411765],"Energy":{"Mean":-162.37903225806454,"Sigma":1.0313546113601841,"Taucorr":0.18911646605605414},"EnergyVariance":{"Mean":94.92891519250784,"Sigma":12.391341633663895,"Taucorr":-0.03765951958444069},"Iteration":4},
{"Acceptance":[0.6369747899159663],"Energy":{"Mean":-166.22580645161287,"Sigma":1.1695828476260146,"Taucorr":0.5634181190397891},"EnergyVariance":{"Mean":79.11030176899064,"Sigma":11.025022003219341,"Taucorr":0.2281332333585001},"Iteration":5},
{"Acceptance":[0.5406162464985994],"Energy":{"Mean":-172.0725806451613,"Sigma":0.8082399526253142,"Taucorr":0.10543126387439117},"EnergyVariance":{"Mean":66.3576352757544,"Sigma":7.028964928276519,"Taucorr":-0.18034897426376212},"Iteration":6},
{"Acceptance":[0.4738095238095238],"Energy":{"Mean":-175.54032258064518,"Sigma":0.9158914200414735,"Taucorr":0.18795170378413606},"EnergyVariance":{"Mean":74.99030957336109,"Sigma":8.51226960812657,"Taucorr":-0.056905592498500635},"Iteration":7},
{"Acceptance":[0.39873949579831935],"Energy":{"Mean":-179.79032258064515,"Sigma":0.6997596336732265,"Taucorr":0.13263762508265997},"EnergyVariance":{"Mean":47.60119667013527,"Sigma":4.521611980501311,"Taucorr":-0.09576821878920333},"Iteration":8},
{"Acceptance":[0.36134453781512604],"Energy":{"Mean":-181.91129032258064,"Sigma":0.8636591001526288,"Taucorr":0.41099696613148806},"EnergyVariance":{"Mean":50.35503381893861,"Sigma":5.13872064934312,"Taucorr":-0.020448079033322353},"Iteration":9},
{"Acceptance":[0.3044817927170868],"Energy":{"Mean":-185.95161290322582,"Sigma":0.8666009607153287,"Taucorr":0.4361517856672068},"EnergyVariance":{"Mean":49.336368366285114,"Sigma":9.193771111503,"Taucorr":0.3274844836315347},"Iteration":10},
{"Acceptance":[0.2631652661064426],"Energy":{"Mean":-188.19354838709677,"Sigma":0.6585571632649269,"Taucorr":0.24770791400484238},"EnergyVariance":{"Mean":35.67221644120708,"Sigma":4.357592784691199,"Taucorr":0.030919049990428382},"Iteration":11},
{"Acceptance":[0.25140056022408963],"Energy":{"Mean":-189.6935483870968,"Sigma":0.6585571632649273,"Taucorr":0.326357869963651},"EnergyVariance":{"Mean":32.27705515088449,"Sigma":4.460075965328284,"Taucorr":-0.04321155925316661},"Iteration":12},
{"Acceptance":[0.2141456582633053],"Energy":{"Mean":-191.48387096774192,"Sigma":0.513779936452306,"Taucorr":0.27455131069407046},"EnergyVariance":{"Mean":20.959417273673257,"Sigma":2.8694624468154437,"Taucorr":0.12022894079635404},"Iteration":13},
{"Acceptance":[0.20224089635854342],"Energy":{"Mean":-191.8870967741936,"Sigma":0.66517023345364,"Taucorr":0.40789933946132506},"EnergyVariance":{"Mean":29.97112382934443,"Sigma":4.9511583914319175,"Taucorr":0.0842289124556127},"Iteration":14},
{"Acceptance":[0.17478991596638654],"Energy":{"Mean":-194.8064516129032,"Sigma":0.4802146805732669,"Taucorr":0.33609402797374255},"EnergyVariance":{"Mean":16.962539021852237,"Sigma":4.168386437410055,"Taucorr":0.5090718717709632},"Iteration":15},
{"Acceptance":[0.16582633053221288],"Energy":{"Mean":-194.8951612903226,"Sigma":0.3460169276012538,"Taucorr":0.05685709367238079},"EnergyVariance":{"Mean":13.22287981269511,"Sigma":2.1178526813955476,"Taucorr":0.02884034289312931},"Iteration":16},
{"Acceptance":[0.14663865546218488],"Energy":{"Mean":-195.8790322580645,"Sigma":0.37654180674047255,"Taucorr":0.2651102804805011},"EnergyVariance":{"Mean":11.396657127991674,"Sigma":1.7459316232452902,"Taucorr":0.17774626771898028},"Iteration":17},
{"Acceptance":[0.13361344537815126],"Energy":{"Mean":-196.5725806451613,"Sigma":0.3797978997778742,"Taucorr":0.15153877385302184},"EnergyVariance":{"Mean":13.615699791883456,"Sigma":2.2145941830249374,"Taucorr":0.1472003426182551},"Iteration":18},
{"Acceptance":[0.13137254901960785],"Energy":{"Mean":-197.30645161290323,"Sigma":0.3490982387499268,"Taucorr":0.11861378910527742},"EnergyVariance":{"Mean":12.11576482830385,"Sigma":2.9464732329965444,"Taucorr":0.3213547854921619},"Iteration":19},
{"Acceptance":[0.12030812324929972],"Energy":{"Mean":-197.17741935483866,"Sigma":0.5978448692482331,"Taucorr":0.7537037998723966},"EnergyVariance":{"Mean":17.53303850156087,"Sigma":5.829693212082101,"Taucorr":0.758858804992288},"Iteration":20},
{"Acceptance":[0.09131652661064425],"Energy":{"Mean":-198.66129032258067,"Sigma":0.2986412750590935,"Taucorr":0.24594905359985786},"EnergyVariance":{"Mean":7.35301768990635,"Sigma":1.1186537276150759,"Taucorr":-0.053613178391165806},"Iteration":21},
{"Acceptance":[0.09439775910364145],"Energy":{"Mean":-198.89516129032256,"Sigma":0.28226574490318623,"Taucorr":0.4324109253369286},"EnergyVariance":{"Mean":5.255137877211238,"Sigma":0.6729027150840582,"Taucorr":0.2029992427986843},"Iteration":22},
{"Acceptance":[0.09887955182072829],"Energy":{"Mean":-199.2258064516129,"Sigma":0.2556761115554562,"Taucorr":0.18319739168877203},"EnergyVariance":{"Mean":5.884495317377732,"Sigma":1.1820113291206393,"Taucorr":-0.023391558317125694},"Iteration":23},
{"Acceptance":[0.09397759103641457],"Energy":{"Mean":-199.20967741935485,"Sigma":0.2891628569192674,"Taucorr":0.3065909740074225},"EnergyVariance":{"Mean":6.37539021852237,"Sigma":1.6749793545861746,"Taucorr":0.1453374422974879},"Iteration":24},
{"Acceptance":[0.08095238095238096],"Energy":{"Mean":-199.6693548387097,"Sigma":0.21732337308986222,"Taucorr":0.2358801140202048},"EnergyVariance":{"Mean":3.947125390218525,"Sigma":0.6451977560171601,"Taucorr":0.07411448252839525},"Iteration":25},
{"Acceptance":[0.08025210084033614],"Energy":{"Mean":-199.95161290322585,"Sigma":0.265745895597108,"Taucorr":0.29466895140178573},"EnergyVariance":{"Mean":5.465400624349635,"Sigma":1.7462489139145798,"Taucorr":0.42890128857475673},"Iteration":26},
{"Acceptance":[0.07464985994397759],"Energy":{"Mean":-200.33064516129036,"Sigma":0.1778708819388173,"Taucorr":0.0980310632258582},"EnergyVariance":{"Mean":3.2535770031217486,"Sigma":0.6363224995369464,"Taucorr":-0.032733923317564084},"Iteration":27},
{"Acceptance":[0.07296918767507003],"Energy":{"Mean":-200.35483870967744,"Sigma":0.1949545692695715,"Taucorr":0.17033348254252345},"EnergyVariance":{"Mean":3.4869927159209158,"Sigma":0.6916831864795536,"Taucorr":0.2302912614953404},"Iteration":28},
{"Acceptance":[0.07324929971988796],"Energy":{"Mean":-200.58870967741936,"Sigma":0.18785303219952487,"Taucorr":0.1346621274653389},"EnergyVariance":{"Mean":3.4195499479708635,"Sigma":1.101598600117046,"Taucorr":0.1848094772201876},"Iteration":29} 
]}