{"Output": [
{"Acceptance":[0.6459703706595359],"Energy":{"Mean":-541.820564516129,"Sigma":0.7255203102327179,"Taucorr":0.5887941812652293},"EnergyVariance":{"Mean":239.55046419745062,"Sigma":11.246276932543795,"Taucorr":0.1107837537258678},"Iteration":0},
{"Acceptance":[0.5407354634708098],"Energy":{"Mean":-555.2590725806452,"Sigma":0.7270502988022094,"Taucorr":0.6442371267463922},"EnergyVariance":{"Mean":228.90566365602234,"Sigma":10.332447601239053,"Taucorr":0.008714835545266975},"Iteration":1},
{"Acceptance":[0.45336989830773133],"Energy":{"Mean":-568.6713709677418,"Sigma":0.8481675364426104,"Taucorr":1.2806608910747772},"EnergyVariance":{"Mean":200.18232553980226,"Sigma":11.348234528785136,"Taucorr":0.24846691845772062},"Iteration":2},
{"Acceptance":[0.3832100404036461],"Energy":{"Mean":-579.5423387096776,"Sigma":0.5891615794842477,"Taucorr":0.5320314530682739},"EnergyVariance":{"Mean":166.65546549817896,"Sigma":7.37034481585594,"Taucorr":-0.013528746244401368},"Iteration":3},
{"Acceptance":[0.3326664454550778],"Energy":{"Mean":-589.8729838709677,"Sigma":0.5676491759473398,"Taucorr":0.7348589690488287},"EnergyVariance":{"Mean":129.29636690296564,"Sigma":6.817168147141261,"Taucorr":0.20352866704403516},"Iteration":4},
{"Acceptance":[0.2837721780883415],"Energy":{"Mean":-594.2016129032257,"Sigma":0.5829879186439261,"Taucorr":1.142299606291656},"EnergyVariance":{"Mean":102.5440296566077,"Sigma":4.781160407491752,"Taucorr":0.1165391566326257},"Iteration":5},
{"Acceptance":[0.25073682977768236],"Energy":{"Mean":-602.9425403225805,"Sigma":0.5482937563866491,"Taucorr":1.0707402003284474},"EnergyVariance":{"Mean":94.83439999837412,"Sigma":6.242193067847377,"Taucorr":0.37602612985522654},"Iteration":6},
{"Acceptance":[0.21602287588077998],"Energy":{"Mean":-609.5685483870969,"Sigma":0.5602505412830838,"Taucorr":1.5580115444540077},"EnergyVariance":{"Mean":75.57191402185225,"Sigma":4.841648000858165,"Taucorr":0.37009126839577644},"Iteration":7},
{"Acceptance":[0.18803310366365428],"Energy":{"Mean":-613.2671370967739,"Sigma":0.6901994271993127,"Taucorr":2.9071776027217746},"EnergyVariance":{"Mean":69.27843615862383,"Sigma":3.6140072483446732,"Taucorr":0.13577279913034712},"Iteration":8},
{"Acceptance":[0.1623465344602112],"Energy":{"Mean":-619.3709677419353,"Sigma":0.39440640673673766,"Taucorr":0.9011269609772437},"EnergyVariance":{"Mean":55.01157648283039,"Sigma":3.1017254487314063,"Taucorr":0.14740886010105914},"Iteration":9},
{"Acceptance":[0.1429156988659653],"Energy":{"Mean":-621.8296370967741,"Sigma":0.4411875096386035,"Taucorr":1.497480170990655},"EnergyVariance":{"Mean":48.2844845457206,"Sigma":2.454859054844764,"Taucorr":0.09044808919032254},"Iteration":10},
{"Acceptance":[0.12301641520113989],"Energy":{"Mean":-624.2197580645162,"Sigma":0.4841521640366648,"Taucorr":2.4599084103170594},"EnergyVariance":{"Mean":39.24001284469303,"Sigma":1.9164624234308054,"Taucorr":-0.027192672787619887},"Iteration":11},
{"Acceptance":[0.10357582027209025],"Energy":{"Mean":-627.891129032258,"Sigma":0.2538094794612214,"Taucorr":0.5611301829545492},"EnergyVariance":{"Mean":30.0808890478668,"Sigma":1.7543309181584794,"Taucorr":0.15440870922071193},"Iteration":12},
{"Acceptance":[0.08748267718072336],"Energy":{"Mean":-630.2832661290323,"Sigma":0.2800824612002201,"Taucorr":1.0300388324579572},"EnergyVariance":{"Mean":25.40463933240115,"Sigma":1.3890941111862607,"Taucorr":0.16419913788232543},"Iteration":13},
{"Acceptance":[0.07455155856576816],"Energy":{"Mean":-632.5413306451612,"Sigma":0.1512255816008723,"Taucorr":0.2653043163017973},"EnergyVariance":{"Mean":14.806759519706038,"Sigma":0.839440943625353,"Taucorr":0.08206402498129783},"Iteration":14},
{"Acceptance":[0.06609021529092578],"Energy":{"Mean":-633.3538306451612,"Sigma":0.21048313068917845,"Taucorr":1.2406227283581956},"EnergyVariance":{"Mean":12.611699035835066,"Sigma":1.1584933170794471,"Taucorr":0.7259041193841058},"Iteration":15},
{"Acceptance":[0.058399859465578824],"Energy":{"Mean":-634.4163306451616,"Sigma":0.1712883260570474,"Taucorr":0.8722940427496095},"EnergyVariance":{"Mean":10.59380589067378,"Sigma":0.8935899444931538,"Taucorr":0.2173353657705297},"Iteration":16},
{"Acceptance":[0.05544278102004568],"Energy":{"Mean":-634.5877016129033,"Sigma":0.1915140412955492,"Taucorr":1.1581825885279753},"EnergyVariance":{"Mean":10.960050362578045,"Sigma":1.0931532273076274,"Taucorr":0.44184557433923777},"Iteration":17},
{"Acceptance":[0.048904026701540024],"Energy":{"Mean":-635.5453629032259,"Sigma":0.15354403322699142,"Taucorr":0.9845504879289582},"EnergyVariance":{"Mean":7.868909948946412,"Sigma":0.8604497150748064,"Taucorr":0.5400119780843002},"Iteration":18},
{"Acceptance":[0.04365350457712802],"Energy":{"Mean":-635.8639112903227,"Sigma":0.10993327555252846,"Taucorr":0.3841644937090022},"EnergyVariance":{"Mean":6.772810508259625,"Sigma":0.6202628281507825,"Taucorr":0.25821712296697097},"Iteration":19},
{"Acceptance":[0.04030605273944528],"Energy":{"Mean":-636.2671370967741,"Sigma":0.11626790811231896,"Taucorr":0.6789299065177308},"EnergyVariance":{"Mean":5.681661965075442,"Sigma":0.6254210899721345,"Taucorr":0.462340438279811},"Iteration":20},
{"Acceptance":[0.03700739757578123],"Energy":{"Mean":-636.6622983870967,"Sigma":0.09972470669927914,"Taucorr":0.6694942630581864},"EnergyVariance":{"Mean":4.213578588384495,"Sigma":0.3638313471943014,"Taucorr":0.15794303361356787},"Iteration":21},
{"Acceptance":[0.03476275057092108],"Energy":{"Mean":-636.9949596774193,"Sigma":0.07142429360734386,"Taucorr":0.20417132934007232},"EnergyVariance":{"Mean":3.589692337083767,"Sigma":0.3471567516151652,"Taucorr":0.06513701018226314},"Iteration":22},
{"Acceptance":[0.03248882556164972],"Energy":{"Mean":-637.009072580645,"Sigma":0.10515519073691461,"Taucorr":0.9413506004541841},"EnergyVariance":{"Mean":3.8013289786030175,"Sigma":0.4964118329442963,"Taucorr":0.6296020896206556},"Iteration":23},
{"Acceptance":[0.03184470946460289],"Energy":{"Mean":-637.2177419354838,"Sigma":0.07415637582695582,"Taucorr":0.48544326204638055},"EnergyVariance":{"Mean":2.765088449531738,"Sigma":0.2819601864180693,"Taucorr":0.17055751940401398},"Iteration":24},
{"Acceptance":[0.030400327913649404],"Energy":{"Mean":-637.4173387096773,"Sigma":0.08226654697462017,"Taucorr":0.6667313554979524},"EnergyVariance":{"Mean":2.87421549817898,"Sigma":0.4417143651703596,"Taucorr":0.6675317635466498},"Iteration":25},
{"Acceptance":[0.028594850974957547],"Energy":{"Mean":-637.5645161290323,"Sigma":0.10252334964539146,"Taucorr":1.1156227828830894},"EnergyVariance":{"Mean":3.2236602497398543,"Sigma":0.964729768238342,"Taucorr":1.491170103956686},"Iteration":26},
{"Acceptance":[0.028672925653387464],"Energy":{"Mean":-637.6653225806449,"Sigma":0.07979983712081173,"Taucorr":0.8091827447406783},"EnergyVariance":{"Mean":2.4101684443288245,"Sigma":0.3540767787154941,"Taucorr":0.3690484196399938},"Iteration":27},
{"Acceptance":[0.027433490133312515],"Energy":{"Mean":-637.7812500000001,"Sigma":0.07216878364870301,"Taucorr":0.8797037012086457},"EnergyVariance":{"Mean":1.8704952116935487,"Sigma":0.24093143505956038,"Taucorr":0.06827307983103692},"Iteration":28},
{"Acceptance":[0.025989108582359026],"Energy":{"Mean":-637.9022177419353,"Sigma":0.07166859000476261,"Taucorr":0.6723711592433954},"EnergyVariance":{"Mean":2.170882178394901,"Sigma":0.34838608267940974,"Taucorr":0.6963807878002266},"Iteration":29},
{"Acceptance":[0.02659418734019089],"Energy":{"Mean":-638.0453629032259,"Sigma":0.06640740566163109,"Taucorr":0.7479548532661948},"EnergyVariance":{"Mean":1.7509664005593129,"Sigma":0.22704418160653858,"Taucorr":0.7607373175890968},"Iteration":30},
{"Acceptance":[0.025852477895106668],"Energy":{"Mean":-638.1189516129033,"Sigma":0.09800405783468201,"Taucorr":1.6577609661853434},"EnergyVariance":{"Mean":2.2056085783038504,"Sigma":0.4288586976010001,"Taucorr":0.642206859940962},"Iteration":31},
{"Acceptance":[0.024242187652489606],"Energy":{"Mean":-638.3175403225806,"Sigma":0.07603863008823757,"Taucorr":1.2008029446466086},"EnergyVariance":{"Mean":1.684450401599896,"Sigma":0.36724334373619055,"Taucorr":0.13875010839807433},"Iteration":32},
{"Acceptance":[0.023832295590732536],"Energy":{"Mean":-638.4838709677418,"Sigma":0.11292362526924037,"Taucorr":2.7048920603242883},"EnergyVariance":{"Mean":1.9715140478668054,"Sigma":0.3000418885686934,"Taucorr":1.0221074698077346},"Iteration":33},
{"Acceptance":[0.023851814260340016],"Energy":{"Mean":-638.4435483870968,"Sigma":0.06617900681833525,"Taucorr":0.8953247400405795},"EnergyVariance":{"Mean":1.5552809573361082,"Sigma":0.3610312180949756,"Taucorr":0.6316206013084544},"Iteration":34},
{"Acceptance":[0.022544063396638885],"Energy":{"Mean":-638.5141129032257,"Sigma":0.09690955754677896,"Taucorr":1.9635691506187491},"EnergyVariance":{"Mean":1.8889137291883453,"Sigma":0.34284667673908187,"Taucorr":0.8995990263093907},"Iteration":35},
{"Acceptance":[0.021246071867741495],"Energy":{"Mean":-638.6683467741935,"Sigma":0.05549972715885119,"Taucorr":0.8891716697482299},"EnergyVariance":{"Mean":1.0986754926508844,"Sigma":0.20147573215083475,"Taucorr":1.050631263963792},"Iteration":36},
{"Acceptance":[0.019547947611890774],"Energy":{"Mean":-638.9354838709678,"Sigma":0.12494064017202913,"Taucorr":3.560042981684865},"EnergyVariance":{"Mean":1.9051118626430799,"Sigma":0.29463527479250035,"Taucorr":1.2506172372241597},"Iteration":37},
{"Acceptance":[0.02008471102609646],"Energy":{"Mean":-638.9092741935483,"Sigma":0.09211562418903764,"Taucorr":2.8264549988046364},"EnergyVariance":{"Mean":1.2639462473985432,"Sigma":0.2345796127125517,"Taucorr":0.8449740275754258},"Iteration":38},
{"Acceptance":[0.020357972400601176],"Energy":{"Mean":-638.8145161290322,"Sigma":0.059855607995682264,"Taucorr":1.6271708424251936},"EnergyVariance":{"Mean":0.8345473465140479,"Sigma":0.1298704276181176,"Taucorr":0.6603713742825414},"Iteration":39},
{"Acceptance":[0.021294868541760194],"Energy":{"Mean":-638.7389112903224,"Sigma":0.0670323741680939,"Taucorr":1.3887288154344595},"EnergyVariance":{"Mean":1.1788084921305928,"Sigma":0.3177078375781333,"Taucorr":0.2158567658986179},"Iteration":40},
{"Acceptance":[0.017400893955068022],"Energy":{"Mean":-639.2570564516129,"Sigma":0.12849376251005357,"Taucorr":3.786131027138354},"EnergyVariance":{"Mean":1.908720367780958,"Sigma":0.3926265713124542,"Taucorr":1.163604999704452},"Iteration":41},
{"Acceptance":[0.018581773466320537],"Energy":{"Mean":-639.1693548387098,"Sigma":0.12678310037044416,"Taucorr":4.996112262700813},"EnergyVariance":{"Mean":1.449141519250781,"Sigma":0.19614120827420392,"Taucorr":1.1204839420414627},"Iteration":42},
{"Acceptance":[0.015693010364413562],"Energy":{"Mean":-639.4909274193549,"Sigma":0.13780356236399213,"Taucorr":5.86746314617518},"EnergyVariance":{"Mean":1.4777402689255978,"Sigma":0.1972760533806002,"Taucorr":0.7269238739071142},"Iteration":43},
{"Acceptance":[0.01972361563835809],"Energy":{"Mean":-639.0836693548388,"Sigma":0.11143072995771319,"Taucorr":4.502484077572847},"EnergyVariance":{"Mean":1.2298946003511968,"Sigma":0.20697356945095835,"Taucorr":1.6227548231721998},"Iteration":44},
{"Acceptance":[0.011057326332637167],"Energy":{"Mean":-639.9163306451613,"Sigma":0.17379570196000524,"Taucorr":6.341676967707943},"EnergyVariance":{"Mean":2.1875558906737775,"Sigma":0.3791294951020171,"Taucorr":0.46108347486462375},"Iteration":45},
{"Acceptance":[0.007397575781234751],"Energy":{"Mean":-640.2802419354839,"Sigma":0.14516082362529928,"Taucorr":7.048674714964537},"EnergyVariance":{"Mean":1.3831580059833506,"Sigma":0.17608220083130677,"Taucorr":1.1426455537024147},"Iteration":46},
{"Acceptance":[0.01585891905607714],"Energy":{"Mean":-639.4576612903224,"Sigma":0.15696441773192019,"Taucorr":6.750761440314439},"EnergyVariance":{"Mean":1.683691304630593,"Sigma":0.20695821561299352,"Taucorr":0.24717067252550717},"Iteration":47},
{"Acceptance":[0.021304627876563932],"Energy":{"Mean":-639.0836693548388,"Sigma":0.06401699138851266,"Taucorr":2.2219590856354747},"EnergyVariance":{"Mean":0.7460236326092612,"Sigma":0.1348057291552502,"Taucorr":0.5586289854893751},"Iteration":48},
{"Acceptance":[0.003630472546991197],"Energy":{"Mean":-640.7177419354838,"Sigma":0.085887648920423,"Taucorr":4.380303174206128},"EnergyVariance":{"Mean":0.7489594172736734,"Sigma":0.21042856398014714,"Taucorr":0.23470957288126426},"Iteration":49} 
]}