{"Output": [
{"Acceptance":[0.9040031397174254],"Energy":{"Mean":-511.25000000000006,"Sigma":1.529503749727377,"Taucorr":0.06461005309006285},"EnergyVariance":{"Mean":254.81653225806454,"Sigma":32.93298041560775,"Taucorr":0.07427767202409252},"Iteration":0},
{"Acceptance":[0.8815541601255887],"Energy":{"Mean":-513.8387096774194,"Sigma":1.6364689722663386,"Taucorr":0.2377389980493323},"EnergyVariance":{"Mean":223.2481789802289,"Sigma":23.400119575135545,"Taucorr":-0.14250745527007508},"Iteration":1},
{"Acceptance":[0.8680533751962324],"Energy":{"Mean":-515.1693548387096,"Sigma":1.0267515258342597,"Taucorr":-0.12353992994911461},"EnergyVariance":{"Mean":172.2213189386056,"Sigma":26.40384575591061,"Taucorr":-0.08444208455363855},"Iteration":2},
{"Acceptance":[0.858712715855573],"Energy":{"Mean":-514.7258064516129,"Sigma":0.984309350598697,"Taucorr":-0.16541359232094144},"EnergyVariance":{"Mean":178.08610822060353,"Sigma":24.15167401019002,"Taucorr":-0.011553230016728644},"Iteration":3},
{"Acceptance":[0.8357142857142857],"Energy":{"Mean":-516.8387096774196,"Sigma":1.4733085977052245,"Taucorr":0.034273883718942355},"EnergyVariance":{"Mean":249.86108220603538,"Sigma":36.28564981832995,"Taucorr":0.05016496490832023},"Iteration":4},
{"Acceptance":[0.7891679748822606],"Energy":{"Mean":-519.983870967742,"Sigma":1.5435843413302244,"Taucorr":0.04981017328672821},"EnergyVariance":{"Mean":266.51586888657636,"Sigma":36.02889955599065,"Taucorr":-0.028824780516362614},"Iteration":5},
{"Acceptance":[0.7378335949764521],"Energy":{"Mean":-523.9596774193546,"Sigma":1.4891226025964577,"Taucorr":0.023630740494261837},"EnergyVariance":{"Mean":260.4419224765869,"Sigma":32.838974988537736,"Taucorr":0.049469493112097696},"Iteration":6},
{"Acceptance":[0.6279434850863422],"Energy":{"Mean":-534.2500000000001,"Sigma":1.786636474628547,"Taucorr":0.23362893200226076},"EnergyVariance":{"Mean":267.5907258064516,"Sigma":31.545674190560845,"Taucorr":0.0007223759751689984},"Iteration":7},
{"Acceptance":[0.5197017268445839],"Energy":{"Mean":-545.0645161290323,"Sigma":1.4895680140697551,"Taucorr":0.09110501019844686},"EnergyVariance":{"Mean":230.8506763787721,"Sigma":27.92115797249498,"Taucorr":0.034718997994231615},"Iteration":8},
{"Acceptance":[0.45682888540031397],"Energy":{"Mean":-556.3145161290324,"Sigma":1.5314344136016305,"Taucorr":0.23225739244360588},"EnergyVariance":{"Mean":196.97366024973988,"Sigma":28.184613995847197,"Taucorr":0.12134041261746842},"Iteration":9},
{"Acceptance":[0.406828885400314],"Energy":{"Mean":-564.225806451613,"Sigma":1.3248227127644967,"Taucorr":0.23763097405229394},"EnergyVariance":{"Mean":146.33610822060356,"Sigma":21.343902365339993,"Taucorr":0.2484187633455741},"Iteration":10},
{"Acceptance":[0.3650706436420722],"Energy":{"Mean":-571.9032258064516,"Sigma":1.2857614276521194,"Taucorr":0.1263237306768975},"EnergyVariance":{"Mean":162.3293444328824,"Sigma":22.064624701513274,"Taucorr":-0.012776906703448554},"Iteration":11},
{"Acceptance":[0.30941915227629513],"Energy":{"Mean":-580.8467741935483,"Sigma":0.9448272740931404,"Taucorr":-0.009250589632582185},"EnergyVariance":{"Mean":111.87168314255983,"Sigma":16.738570095180926,"Taucorr":0.1911264010965097},"Iteration":12},
{"Acceptance":[0.27543171114599685],"Energy":{"Mean":-583.9516129032257,"Sigma":1.2407409420696112,"Taucorr":0.3229352134715108},"EnergyVariance":{"Mean":115.04604578563996,"Sigma":18.170905115261405,"Taucorr":0.06734592279981833},"Iteration":13},
{"Acceptance":[0.24505494505494504],"Energy":{"Mean":-589.0322580645163,"Sigma":1.0100797061786015,"Taucorr":0.19395290993417025},"EnergyVariance":{"Mean":90.41831425598335,"Sigma":10.045120171290735,"Taucorr":-0.07592176530994887},"Iteration":14},
{"Acceptance":[0.22291993720565148],"Energy":{"Mean":-593.6290322580647,"Sigma":0.8611126029847074,"Taucorr":0.1634794728455794},"EnergyVariance":{"Mean":68.73335067637876,"Sigma":9.072935875744584,"Taucorr":0.03262972076923576},"Iteration":15},
{"Acceptance":[0.1989795918367347],"Energy":{"Mean":-597.5967741935486,"Sigma":0.863202138962237,"Taucorr":0.362015835808696},"EnergyVariance":{"Mean":53.159989594172735,"Sigma":9.227738394872572,"Taucorr":0.5230232701975437},"Iteration":16},
{"Acceptance":[0.18021978021978022],"Energy":{"Mean":-599.0806451612901,"Sigma":0.7426510107446022,"Taucorr":0.2519803736107883},"EnergyVariance":{"Mean":45.106399583766915,"Sigma":5.990870165282154,"Taucorr":-0.08718609235188385},"Iteration":17},
{"Acceptance":[0.17119309262166404],"Energy":{"Mean":-601.2016129032261,"Sigma":0.5489994999261634,"Taucorr":0.034783946621328554},"EnergyVariance":{"Mean":34.660965140478666,"Sigma":6.605597535754483,"Taucorr":0.05225831895780253},"Iteration":18},
{"Acceptance":[0.1510989010989011],"Energy":{"Mean":-603.2096774193548,"Sigma":0.5660769513157747,"Taucorr":0.22329856304005535},"EnergyVariance":{"Mean":27.246357960457853,"Sigma":3.692324237710713,"Taucorr":-0.02772630199236914},"Iteration":19},
{"Acceptance":[0.14301412872841443],"Energy":{"Mean":-604.9596774193549,"Sigma":0.6533718142942677,"Taucorr":0.3578846256016792},"EnergyVariance":{"Mean":30.60321279916753,"Sigma":6.651080489583974,"Taucorr":0.27647615381526536},"Iteration":20},
{"Acceptance":[0.14152276295133437],"Energy":{"Mean":-605.3709677419355,"Sigma":0.49498438225361224,"Taucorr":0.39188557658253864},"EnergyVariance":{"Mean":16.894640998959417,"Sigma":4.114936208054087,"Taucorr":0.5014125767153161},"Iteration":21},
{"Acceptance":[0.12974882260596546],"Energy":{"Mean":-606.1612903225806,"Sigma":0.41324645512611263,"Taucorr":0.17730891185451347},"EnergyVariance":{"Mean":15.506243496357962,"Sigma":2.335416061990664,"Taucorr":0.11044790817624339},"Iteration":22},
{"Acceptance":[0.115149136577708],"Energy":{"Mean":-607.9758064516129,"Sigma":0.40912883429596575,"Taucorr":0.18741981855215106},"EnergyVariance":{"Mean":14.975221123829343,"Sigma":2.0449599358726847,"Taucorr":0.06551756879526971},"Iteration":23},
{"Acceptance":[0.11648351648351649],"Energy":{"Mean":-608.0967741935483,"Sigma":0.40138828628261974,"Taucorr":0.06912281094973538},"EnergyVariance":{"Mean":17.409989594172732,"Sigma":2.878927430006632,"Taucorr":0.017123191582390063},"Iteration":24},
{"Acceptance":[0.10416012558869701],"Energy":{"Mean":-609.5483870967744,"Sigma":0.3555284108467021,"Taucorr":0.15011367592028568},"EnergyVariance":{"Mean":11.957336108220604,"Sigma":1.8042807157129335,"Taucorr":-0.01841545846827697},"Iteration":25},
{"Acceptance":[0.08869701726844584],"Energy":{"Mean":-610.040322580645,"Sigma":0.41721954300946007,"Taucorr":0.1969106035267405},"EnergyVariance":{"Mean":15.361277315296565,"Sigma":3.14237383604338,"Taucorr":0.13460632496769742},"Iteration":26},
{"Acceptance":[0.08430141287284144],"Energy":{"Mean":-610.7258064516128,"Sigma":0.37087422851278823,"Taucorr":0.25753290623179703},"EnergyVariance":{"Mean":11.166753381893859,"Sigma":1.9302524088827862,"Taucorr":0.3735637195818131},"Iteration":27},
{"Acceptance":[0.07864992150706436],"Energy":{"Mean":-611.7661290322582,"Sigma":0.3369964351361664,"Taucorr":0.1905171582338292},"EnergyVariance":{"Mean":10.11465920915713,"Sigma":1.5031212833114844,"Taucorr":0.04922740202348197},"Iteration":28},
{"Acceptance":[0.06970172684458399],"Energy":{"Mean":-612.3387096774194,"Sigma":0.2737504325858944,"Taucorr":0.11864371267940355},"EnergyVariance":{"Mean":7.449791883454736,"Sigma":1.0955464118194111,"Taucorr":0.36798613714381745},"Iteration":29},
{"Acceptance":[0.07158555729984302],"Energy":{"Mean":-612.0967741935483,"Sigma":0.38006037638542395,"Taucorr":0.3546797567202249},"EnergyVariance":{"Mean":10.393860561914675,"Sigma":1.3905576066837946,"Taucorr":0.17054514331913762},"Iteration":30},
{"Acceptance":[0.06130298273155416],"Energy":{"Mean":-612.8387096774194,"Sigma":0.3681814483523794,"Taucorr":0.5412862295295002},"EnergyVariance":{"Mean":8.00624349635796,"Sigma":1.4389564562833803,"Taucorr":0.2518626679624514},"Iteration":31},
{"Acceptance":[0.06169544740973312],"Energy":{"Mean":-613.2822580645161,"Sigma":0.27551075137674086,"Taucorr":0.07821232650496657},"EnergyVariance":{"Mean":8.073556191467219,"Sigma":1.4608769606668095,"Taucorr":0.08521745286212223},"Iteration":32},
{"Acceptance":[0.058163265306122446],"Energy":{"Mean":-614.048387096774,"Sigma":0.3300414104920963,"Taucorr":0.5309915121912219},"EnergyVariance":{"Mean":6.497658688865766,"Sigma":1.5338139851225592,"Taucorr":0.5152690040519112},"Iteration":33},
{"Acceptance":[0.05361067503924647],"Energy":{"Mean":-614.3951612903227,"Sigma":0.21085278509497812,"Taucorr":-0.0695434486571802},"EnergyVariance":{"Mean":6.351912070759624,"Sigma":2.848754964817795,"Taucorr":0.14890749146237114},"Iteration":34},
{"Acceptance":[0.05682888540031397],"Energy":{"Mean":-614.2258064516129,"Sigma":0.2371296883013233,"Taucorr":0.1253869495671902},"EnergyVariance":{"Mean":5.529656607700313,"Sigma":1.3094756813660449,"Taucorr":-0.041105919334103624},"Iteration":35},
{"Acceptance":[0.05588697017268446],"Energy":{"Mean":-614.2580645161289,"Sigma":0.2422131023665527,"Taucorr":0.1467671609774297},"EnergyVariance":{"Mean":5.578563995837668,"Sigma":0.9174116473172328,"Taucorr":0.05298077051993755},"Iteration":36},
{"Acceptance":[0.04733124018838305],"Energy":{"Mean":-614.6370967741935,"Sigma":0.27086051385795473,"Taucorr":0.23940443582338022},"EnergyVariance":{"Mean":6.102172216441207,"Sigma":1.275526007576531,"Taucorr":-0.04686399778190947},"Iteration":37},
{"Acceptance":[0.04756671899529042],"Energy":{"Mean":-614.8709677419354,"Sigma":0.19840458004962852,"Taucorr":0.17016959527582554},"EnergyVariance":{"Mean":3.6123829344432887,"Sigma":0.6663773045910393,"Taucorr":-0.06593123046131033},"Iteration":38},
{"Acceptance":[0.049921507064364205],"Energy":{"Mean":-614.9435483870966,"Sigma":0.2774474854454814,"Taucorr":0.31689878460726906},"EnergyVariance":{"Mean":5.795200312174819,"Sigma":1.615985032419026,"Taucorr":0.20628676369105936},"Iteration":39},
{"Acceptance":[0.05376766091051805],"Energy":{"Mean":-615.1935483870968,"Sigma":0.2911576997174423,"Taucorr":0.31486541432869997},"EnergyVariance":{"Mean":6.398022892819978,"Sigma":1.4390848659710769,"Taucorr":-0.05429265820755047},"Iteration":40},
{"Acceptance":[0.05007849293563579],"Energy":{"Mean":-615.3225806451612,"Sigma":0.18628857700620724,"Taucorr":0.23290155440415783},"EnergyVariance":{"Mean":2.91207075962539,"Sigma":0.6004866456337126,"Taucorr":0.27431354767952976},"Iteration":41},
{"Acceptance":[0.05266875981161696],"Energy":{"Mean":-615.4274193548388,"Sigma":0.28165065211530194,"Taucorr":0.15873633369922735},"EnergyVariance":{"Mean":7.406022372528616,"Sigma":1.3764637759127307,"Taucorr":-0.0927079214960228},"Iteration":42},
{"Acceptance":[0.05054945054945055],"Energy":{"Mean":-615.7822580645162,"Sigma":0.22442936464637236,"Taucorr":0.3707599773304844},"EnergyVariance":{"Mean":3.5574271592091566,"Sigma":0.7212806168613943,"Taucorr":0.13073641237695777},"Iteration":43},
{"Acceptance":[0.04921507064364207],"Energy":{"Mean":-616.1370967741935,"Sigma":0.21372235710000892,"Taucorr":0.1442656205718662},"EnergyVariance":{"Mean":4.36023673257024,"Sigma":0.9942115335290701,"Taucorr":0.41593022822252346},"Iteration":44},
{"Acceptance":[0.05031397174254317],"Energy":{"Mean":-615.9596774193546,"Sigma":0.2701793446061744,"Taucorr":0.28316749679484166},"EnergyVariance":{"Mean":5.732245057232049,"Sigma":1.2072191668584296,"Taucorr":0.04535724450997092},"Iteration":45},
{"Acceptance":[0.04442700156985871],"Energy":{"Mean":-616.2177419354839,"Sigma":0.30226340064832297,"Taucorr":0.3718773652501265},"EnergyVariance":{"Mean":6.444523933402705,"Sigma":1.212750517120737,"Taucorr":0.35864685427377785},"Iteration":46},
{"Acceptance":[0.046389324960753535],"Energy":{"Mean":-617.0322580645162,"Sigma":0.21243023379853881,"Taucorr":0.29317472118957955},"EnergyVariance":{"Mean":3.498959417273673,"Sigma":0.7799664959076279,"Taucorr":0.1302431059308905},"Iteration":47},
{"Acceptance":[0.04254317111459969],"Energy":{"Mean":-616.7338709677418,"Sigma":0.2673886774367381,"Taucorr":0.38194471621076},"EnergyVariance":{"Mean":4.985626951092613,"Sigma":0.7446713417029455,"Taucorr":0.056636696068389614},"Iteration":48},
{"Acceptance":[0.0391679748822606],"Energy":{"Mean":-617.241935483871,"Sigma":0.22254752753466522,"Taucorr":0.36878199896118447},"EnergyVariance":{"Mean":3.5059833506763773,"Sigma":0.5471666080852661,"Taucorr":0.0669650108194012},"Iteration":49} 
]}