{"Output": [
{"Acceptance":[0.0007818052594171997],"Energy":{"Mean":-2644.0806451612907,"Sigma":0.05955378067119461,"Taucorr":0.2271899392891511},"EnergyVariance":{"Mean":0.2999479708636837,"Sigma":0.16295605232217278,"Taucorr":0.2178073331619883},"Iteration":0},
{"Acceptance":[0.0002487562189054726],"Energy":{"Mean":-2646.9516129032254,"Sigma":0.02698903311400098,"Taucorr":-0.025619834710768674},"EnergyVariance":{"Mean":0.09443288241415192,"Sigma":0.051366224313724396,"Taucorr":-0.025619834710743916},"Iteration":1},
{"Acceptance":[7.107320540156361e-05],"Energy":{"Mean":-2646.9758064516122,"Sigma":0.024193548387104205,"Taucorr":2.646771690706373e-13},"EnergyVariance":{"Mean":0.07199531737773152,"Sigma":0.0714099895941408,"Taucorr":-2.220446049250313e-16},"Iteration":2},
{"Acceptance":[0.00014214641080312722],"Energy":{"Mean":-2647.0080645161293,"Sigma":0.00806451612903064,"Taucorr":-2.0305979120394113e-13},"EnergyVariance":{"Mean":0.007999479708636837,"Sigma":0.007934443288237865,"Taucorr":0.0},"Iteration":3},
{"Acceptance":[0.00021321961620469082],"Energy":{"Mean":-2647.016129032258,"Sigma":0.011213254631515304,"Taucorr":-0.012704918032659884},"EnergyVariance":{"Mean":0.015868886576482832,"Sigma":0.010851536740174215,"Taucorr":-0.012704918032786783},"Iteration":4},
{"Acceptance":[0.00042643923240938164],"Energy":{"Mean":-2647.0967741935488,"Sigma":0.037883202214962046,"Taucorr":0.5097470238097606},"EnergyVariance":{"Mean":0.08740894901144641,"Sigma":0.030550969528159548,"Taucorr":0.5097470238095236},"Iteration":5},
{"Acceptance":[0.0006041222459132907],"Energy":{"Mean":-2647.943548387096,"Sigma":0.022329634040093454,"Taucorr":0.07570207570178134},"EnergyVariance":{"Mean":0.05326482830385016,"Sigma":0.019808546325869078,"Taucorr":0.07570207570207554},"Iteration":6},
{"Acceptance":[0.00021321961620469082],"Energy":{"Mean":-2647.887096774193,"Sigma":0.07225134377347242,"Taucorr":0.08184818481848377},"EnergyVariance":{"Mean":0.5517689906347555,"Sigma":0.501068406465881,"Taucorr":-0.0008203976134957269},"Iteration":7},
{"Acceptance":[7.107320540156361e-05],"Energy":{"Mean":-2647.9193548387098,"Sigma":0.08064516129032391,"Taucorr":0.5081967213114669},"EnergyVariance":{"Mean":0.3967221644120708,"Sigma":0.39021852237254046,"Taucorr":0.5081967213114749},"Iteration":8},
{"Acceptance":[0.0],"Energy":{"Mean":-2648.0,"Sigma":0.0,"Taucorr":null},"EnergyVariance":{"Mean":0.0,"Sigma":0.0,"Taucorr":null},"Iteration":9},
{"Acceptance":[7.107320540156361e-05],"Energy":{"Mean":-2648.0,"Sigma":0.0,"Taucorr":null},"EnergyVariance":{"Mean":0.0,"Sigma":0.0,"Taucorr":null},"Iteration":10},
{"Acceptance":[0.0],"Energy":{"Mean":-2648.0,"Sigma":0.0,"Taucorr":null},"EnergyVariance":{"Mean":0.0,"Sigma":0.0,"Taucorr":null},"Iteration":11},
{"Acceptance":[0.0],"Energy":{"Mean":-2648.0,"Sigma":0.0,"Taucorr":null},"EnergyVariance":{"Mean":0.0,"Sigma":0.0,"Taucorr":null},"Iteration":12},
{"Acceptance":[0.0],"Energy":{"Mean":-2648.0,"Sigma":0.0,"Taucorr":null},"EnergyVariance":{"Mean":0.0,"Sigma":0.0,"Taucorr":null},"Iteration":13},
{"Acceptance":[7.107320540156361e-05],"Energy":{"Mean":-2647.935483870968,"Sigma":0.06451612903225713,"Taucorr":-1.6764367671839864e-14},"EnergyVariance":{"Mean":0.5119667013527577,"Sigma":0.5078043704474582,"Taucorr":0.0},"Iteration":14},
{"Acceptance":[7.107320540156361e-05],"Energy":{"Mean":-2648.0,"Sigma":0.0,"Taucorr":null},"EnergyVariance":{"Mean":0.0,"Sigma":0.0,"Taucorr":null},"Iteration":15},
{"Acceptance":[0.0],"Energy":{"Mean":-2648.0,"Sigma":0.0,"Taucorr":null},"EnergyVariance":{"Mean":0.0,"Sigma":0.0,"Taucorr":null},"Iteration":16},
{"Acceptance":[0.0],"Energy":{"Mean":-2648.0,"Sigma":0.0,"Taucorr":null},"EnergyVariance":{"Mean":0.0,"Sigma":0.0,"Taucorr":null},"Iteration":17},
{"Acceptance":[0.0],"Energy":{"Mean":-2648.0,"Sigma":0.0,"Taucorr":null},"EnergyVariance":{"Mean":0.0,"Sigma":0.0,"Taucorr":null},"Iteration":18},
{"Acceptance":[7.107320540156361e-05],"Energy":{"Mean":-2648.0,"Sigma":0.0,"Taucorr":null},"EnergyVariance":{"Mean":0.0,"Sigma":0.0,"Taucorr":null},"Iteration":19},
{"Acceptance":[0.0],"Energy":{"Mean":-2648.0,"Sigma":0.0,"Taucorr":null},"EnergyVariance":{"Mean":0.0,"Sigma":0.0,"Taucorr":null},"Iteration":20},
{"Acceptance":[0.0],"Energy":{"Mean":-2648.0,"Sigma":0.0,"Taucorr":null},"EnergyVariance":{"Mean":0.0,"Sigma":0.0,"Taucorr":null},"Iteration":21},
{"Acceptance":[0.00021321961620469082],"Energy":{"Mean":-2647.983870967742,"Sigma":0.01612903225806805,"Taucorr":1.8451906669270102e-13},"EnergyVariance":{"Mean":0.031997918834547355,"Sigma":0.03173777315296613,"Taucorr":0.0},"Iteration":22},
{"Acceptance":[7.107320540156361e-05],"Energy":{"Mean":-2648.0,"Sigma":0.0,"Taucorr":null},"EnergyVariance":{"Mean":0.0,"Sigma":0.0,"Taucorr":null},"Iteration":23},
{"Acceptance":[0.0],"Energy":{"Mean":-2648.0,"Sigma":0.0,"Taucorr":null},"EnergyVariance":{"Mean":0.0,"Sigma":0.0,"Taucorr":null},"Iteration":24},
{"Acceptance":[0.0],"Energy":{"Mean":-2648.0,"Sigma":0.0,"Taucorr":null},"EnergyVariance":{"Mean":0.0,"Sigma":0.0,"Taucorr":null},"Iteration":25},
{"Acceptance":[0.0],"Energy":{"Mean":-2648.0,"Sigma":0.0,"Taucorr":null},"EnergyVariance":{"Mean":0.0,"Sigma":0.0,"Taucorr":null},"Iteration":26},
{"Acceptance":[0.0],"Energy":{"Mean":-2648.0,"Sigma":0.0,"Taucorr":null},"EnergyVariance":{"Mean":0.0,"Sigma":0.0,"Taucorr":null},"Iteration":27},
{"Acceptance":[0.0],"Energy":{"Mean":-2648.0,"Sigma":0.0,"Taucorr":null},"EnergyVariance":{"Mean":0.0,"Sigma":0.0,"Taucorr":null},"Iteration":28},
{"Acceptance":[0.0],"Energy":{"Mean":-2648.0,"Sigma":0.0,"Taucorr":null},"EnergyVariance":{"Mean":0.0,"Sigma":0.0,"Taucorr":null},"Iteration":29},
{"Acceptance":[0.0],"Energy":{"Mean":-2648.0,"Sigma":0.0,"Taucorr":null},"EnergyVariance":{"Mean":0.0,"Sigma":0.0,"Taucorr":null},"Iteration":30},
{"Acceptance":[0.0],"Energy":{"Mean":-2648.0,"Sigma":0.0,"Taucorr":null},"EnergyVariance":{"Mean":0.0,"Sigma":0.0,"Taucorr":null},"Iteration":31},
{"Acceptance":[0.0],"Energy":{"Mean":-2648.0,"Sigma":0.0,"Taucorr":null},"EnergyVariance":{"Mean":0.0,"Sigma":0.0,"Taucorr":null},"Iteration":32},
{"Acceptance":[0.0],"Energy":{"Mean":-2648.0,"Sigma":0.0,"Taucorr":null},"EnergyVariance":{"Mean":0.0,"Sigma":0.0,"Taucorr":null},"Iteration":33},
{"Acceptance":[0.0],"Energy":{"Mean":-2648.0,"Sigma":0.0,"Taucorr":null},"EnergyVariance":{"Mean":0.0,"Sigma":0.0,"Taucorr":null},"Iteration":34},
{"Acceptance":[0.0],"Energy":{"Mean":-2648.0,"Sigma":0.0,"Taucorr":null},"EnergyVariance":{"Mean":0.0,"Sigma":0.0,"Taucorr":null},"Iteration":35},
{"Acceptance":[0.0],"Energy":{"Mean":-2648.0,"Sigma":0.0,"Taucorr":null},"EnergyVariance":{"Mean":0.0,"Sigma":0.0,"Taucorr":null},"Iteration":36},
{"Acceptance":[7.107320540156361e-05],"Energy":{"Mean":-2648.0,"Sigma":0.0,"Taucorr":null},"EnergyVariance":{"Mean":0.0,"Sigma":0.0,"Taucorr":null},"Iteration":37},
{"Acceptance":[0.0],"Energy":{"Mean":-2648.0,"Sigma":0.0,"Taucorr":null},"EnergyVariance":{"Mean":0.0,"Sigma":0.0,"Taucorr":null},"Iteration":38},
{"Acceptance":[0.0],"Energy":{"Mean":-2648.0,"Sigma":0.0,"Taucorr":null},"EnergyVariance":{"Mean":0.0,"Sigma":0.0,"Taucorr":null},"Iteration":39},
{"Acceptance":[0.0],"Energy":{"Mean":-2648.0,"Sigma":0.0,"Taucorr":null},"EnergyVariance":{"Mean":0.0,"Sigma":0.0,"Taucorr":null},"Iteration":40},
{"Acceptance":[0.0],"Energy":{"Mean":-2648.0,"Sigma":0.0,"Taucorr":null},"EnergyVariance":{"Mean":0.0,"Sigma":0.0,"Taucorr":null},"Iteration":41},
{"Acceptance":[0.0],"Energy":{"Mean":-2648.0,"Sigma":0.0,"Taucorr":null},"EnergyVariance":{"Mean":0.0,"Sigma":0.0,"Taucorr":null},"Iteration":42},
{"Acceptance":[7.107320540156361e-05],"Energy":{"Mean":-2647.983870967742,"Sigma":0.01612903225806489,"Taucorr":1.865174681370263e-14},"EnergyVariance":{"Mean":0.031997918834547355,"Sigma":0.03173777315296614,"Taucorr":0.0},"Iteration":43},
{"Acceptance":[7.107320540156361e-05],"Energy":{"Mean":-2647.9838709677415,"Sigma":0.0161290322580881,"Taucorr":1.0942358130705543e-12},"EnergyVariance":{"Mean":0.03199791883454736,"Sigma":0.03173777315295147,"Taucorr":0.0},"Iteration":44},
{"Acceptance":[7.107320540156361e-05],"Energy":{"Mean":-2648.0,"Sigma":0.0,"Taucorr":null},"EnergyVariance":{"Mean":0.0,"Sigma":0.0,"Taucorr":null},"Iteration":45},
{"Acceptance":[0.0],"Energy":{"Mean":-2648.0,"Sigma":0.0,"Taucorr":null},"EnergyVariance":{"Mean":0.0,"Sigma":0.0,"Taucorr":null},"Iteration":46},
{"Acceptance":[0.00010660980810234541],"Energy":{"Mean":-2647.983870967742,"Sigma":0.016129032258064762,"Taucorr":1.532107773982716e-14},"EnergyVariance":{"Mean":0.03199791883454735,"Sigma":0.03173777315296613,"Taucorr":-2.220446049250313e-16},"Iteration":47},
{"Acceptance":[3.5536602700781806e-05],"Energy":{"Mean":-2648.0,"Sigma":0.0,"Taucorr":null},"EnergyVariance":{"Mean":0.0,"Sigma":0.0,"Taucorr":null},"Iteration":48},
{"Acceptance":[0.0],"Energy":{"Mean":-2648.0,"Sigma":0.0,"Taucorr":null},"EnergyVariance":{"Mean":0.0,"Sigma":0.0,"Taucorr":null},"Iteration":49},
{"Acceptance":[0.0],"Energy":{"Mean":-2648.0,"Sigma":0.0,"Taucorr":null},"EnergyVariance":{"Mean":0.0,"Sigma":0.0,"Taucorr":null},"Iteration":50},
{"Acceptance":[0.0],"Energy":{"Mean":-2648.0,"Sigma":0.0,"Taucorr":null},"EnergyVariance":{"Mean":0.0,"Sigma":0.0,"Taucorr":null},"Iteration":51},
{"Acceptance":[0.0],"Energy":{"Mean":-2648.0,"Sigma":0.0,"Taucorr":null},"EnergyVariance":{"Mean":0.0,"Sigma":0.0,"Taucorr":null},"Iteration":52},
{"Acceptance":[0.0],"Energy":{"Mean":-2648.0,"Sigma":0.0,"Taucorr":null},"EnergyVariance":{"Mean":0.0,"Sigma":0.0,"Taucorr":null},"Iteration":53},
{"Acceptance":[0.0],"Energy":{"Mean":-2648.0,"Sigma":0.0,"Taucorr":null},"EnergyVariance":{"Mean":0.0,"Sigma":0.0,"Taucorr":null},"Iteration":54},
{"Acceptance":[0.0],"Energy":{"Mean":-2648.0,"Sigma":0.0,"Taucorr":null},"EnergyVariance":{"Mean":0.0,"Sigma":0.0,"Taucorr":null},"Iteration":55},
{"Acceptance":[0.0],"Energy":{"Mean":-2648.0,"Sigma":0.0,"Taucorr":null},"EnergyVariance":{"Mean":0.0,"Sigma":0.0,"Taucorr":null},"Iteration":56},
{"Acceptance":[0.0],"Energy":{"Mean":-2648.0,"Sigma":0.0,"Taucorr":null},"EnergyVariance":{"Mean":0.0,"Sigma":0.0,"Taucorr":null},"Iteration":57},
{"Acceptance":[0.00014214641080312722],"Energy":{"Mean":-2648.0,"Sigma":0.0,"Taucorr":null},"EnergyVariance":{"Mean":0.0,"Sigma":0.0,"Taucorr":null},"Iteration":58},
{"Acceptance":[0.0],"Energy":{"Mean":-2648.0,"Sigma":0.0,"Taucorr":null},"EnergyVariance":{"Mean":0.0,"Sigma":0.0,"Taucorr":null},"Iteration":59},
{"Acceptance":[7.107320540156361e-05],"Energy":{"Mean":-2648.0,"Sigma":0.0,"Taucorr":null},"EnergyVariance":{"Mean":0.0,"Sigma":0.0,"Taucorr":null},"Iteration":60},
{"Acceptance":[0.0],"Energy":{"Mean":-2648.0,"Sigma":0.0,"Taucorr":null},"EnergyVariance":{"Mean":0.0,"Sigma":0.0,"Taucorr":null},"Iteration":61},
{"Acceptance":[0.0],"Energy":{"Mean":-2648.0,"Sigma":0.0,"Taucorr":null},"EnergyVariance":{"Mean":0.0,"Sigma":0.0,"Taucorr":null},"Iteration":62},
{"Acceptance":[0.0],"Energy":{"Mean":-2648.0,"Sigma":0.0,"Taucorr":null},"EnergyVariance":{"Mean":0.0,"Sigma":0.0,"Taucorr":null},"Iteration":63},
{"Acceptance":[0.0],"Energy":{"Mean":-2648.0,"Sigma":0.0,"Taucorr":null},"EnergyVariance":{"Mean":0.0,"Sigma":0.0,"Taucorr":null},"Iteration":64},
{"Acceptance":[0.0],"Energy":{"Mean":-2648.0,"Sigma":0.0,"Taucorr":null},"EnergyVariance":{"Mean":0.0,"Sigma":0.0,"Taucorr":null},"Iteration":65},
{"Acceptance":[0.0],"Energy":{"Mean":-2648.0,"Sigma":0.0,"Taucorr":null},"EnergyVariance":{"Mean":0.0,"Sigma":0.0,"Taucorr":null},"Iteration":66},
{"Acceptance":[0.0],"Energy":{"Mean":-2648.0,"Sigma":0.0,"Taucorr":null},"EnergyVariance":{"Mean":0.0,"Sigma":0.0,"Taucorr":null},"Iteration":67},
{"Acceptance":[0.0],"Energy":{"Mean":-2648.0,"Sigma":0.0,"Taucorr":null},"EnergyVariance":{"Mean":0.0,"Sigma":0.0,"Taucorr":null},"Iteration":68},
{"Acceptance":[0.0],"Energy":{"Mean":-2648.0,"Sigma":0.0,"Taucorr":null},"EnergyVariance":{"Mean":0.0,"Sigma":0.0,"Taucorr":null},"Iteration":69},
{"Acceptance":[0.0],"Energy":{"Mean":-2648.0,"Sigma":0.0,"Taucorr":null},"EnergyVariance":{"Mean":0.0,"Sigma":0.0,"Taucorr":null},"Iteration":70},
{"Acceptance":[7.107320540156361e-05],"Energy":{"Mean":-2648.0,"Sigma":0.0,"Taucorr":null},"EnergyVariance":{"Mean":0.0,"Sigma":0.0,"Taucorr":null},"Iteration":71},
{"Acceptance":[0.0],"Energy":{"Mean":-2648.0,"Sigma":0.0,"Taucorr":null},"EnergyVariance":{"Mean":0.0,"Sigma":0.0,"Taucorr":null},"Iteration":72},
{"Acceptance":[0.0],"Energy":{"Mean":-2648.0,"Sigma":0.0,"Taucorr":null},"EnergyVariance":{"Mean":0.0,"Sigma":0.0,"Taucorr":null},"Iteration":73},
{"Acceptance":[0.0],"Energy":{"Mean":-2648.0,"Sigma":0.0,"Taucorr":null},"EnergyVariance":{"Mean":0.0,"Sigma":0.0,"Taucorr":null},"Iteration":74},
{"Acceptance":[0.0],"Energy":{"Mean":-2648.0,"Sigma":0.0,"Taucorr":null},"EnergyVariance":{"Mean":0.0,"Sigma":0.0,"Taucorr":null},"Iteration":75},
{"Acceptance":[0.0],"Energy":{"Mean":-2648.0,"Sigma":0.0,"Taucorr":null},"EnergyVariance":{"Mean":0.0,"Sigma":0.0,"Taucorr":null},"Iteration":76},
{"Acceptance":[0.00014214641080312722],"Energy":{"Mean":-2648.0,"Sigma":0.0,"Taucorr":null},"EnergyVariance":{"Mean":0.0,"Sigma":0.0,"Taucorr":null},"Iteration":77},
{"Acceptance":[0.0],"Energy":{"Mean":-2648.0,"Sigma":0.0,"Taucorr":null},"EnergyVariance":{"Mean":0.0,"Sigma":0.0,"Taucorr":null},"Iteration":78},
{"Acceptance":[0.0],"Energy":{"Mean":-2648.0,"Sigma":0.0,"Taucorr":null},"EnergyVariance":{"Mean":0.0,"Sigma":0.0,"Taucorr":null},"Iteration":79},
{"Acceptance":[0.0],"Energy":{"Mean":-2648.0,"Sigma":0.0,"Taucorr":null},"EnergyVariance":{"Mean":0.0,"Sigma":0.0,"Taucorr":null},"Iteration":80},
{"Acceptance":[0.0],"Energy":{"Mean":-2648.0,"Sigma":0.0,"Taucorr":null},"EnergyVariance":{"Mean":0.0,"Sigma":0.0,"Taucorr":null},"Iteration":81},
{"Acceptance":[0.0],"Energy":{"Mean":-2648.0,"Sigma":0.0,"Taucorr":null},"EnergyVariance":{"Mean":0.0,"Sigma":0.0,"Taucorr":null},"Iteration":82},
{"Acceptance":[7.107320540156361e-05],"Energy":{"Mean":-2648.0,"Sigma":0.0,"Taucorr":null},"EnergyVariance":{"Mean":0.0,"Sigma":0.0,"Taucorr":null},"Iteration":83},
{"Acceptance":[0.0],"Energy":{"Mean":-2648.0,"Sigma":0.0,"Taucorr":null},"EnergyVariance":{"Mean":0.0,"Sigma":0.0,"Taucorr":null},"Iteration":84},
{"Acceptance":[0.0],"Energy":{"Mean":-2648.0,"Sigma":0.0,"Taucorr":null},"EnergyVariance":{"Mean":0.0,"Sigma":0.0,"Taucorr":null},"Iteration":85},
{"Acceptance":[0.0],"Energy":{"Mean":-2648.0,"Sigma":0.0,"Taucorr":null},"EnergyVariance":{"Mean":0.0,"Sigma":0.0,"Taucorr":null},"Iteration":86},
{"Acceptance":[0.0],"Energy":{"Mean":-2648.0,"Sigma":0.0,"Taucorr":null},"EnergyVariance":{"Mean":0.0,"Sigma":0.0,"Taucorr":null},"Iteration":87},
{"Acceptance":[0.0],"Energy":{"Mean":-2648.0,"Sigma":0.0,"Taucorr":null},"EnergyVariance":{"Mean":0.0,"Sigma":0.0,"Taucorr":null},"Iteration":88},
{"Acceptance":[0.0],"Energy":{"Mean":-2648.0,"Sigma":0.0,"Taucorr":null},"EnergyVariance":{"Mean":0.0,"Sigma":0.0,"Taucorr":null},"Iteration":89},
{"Acceptance":[0.0],"Energy":{"Mean":-2648.0,"Sigma":0.0,"Taucorr":null},"EnergyVariance":{"Mean":0.0,"Sigma":0.0,"Taucorr":null},"Iteration":90},
{"Acceptance":[7.107320540156361e-05],"Energy":{"Mean":-2648.0,"Sigma":0.0,"Taucorr":null},"EnergyVariance":{"Mean":0.0,"Sigma":0.0,"Taucorr":null},"Iteration":91},
{"Acceptance":[0.0],"Energy":{"Mean":-2648.0,"Sigma":0.0,"Taucorr":null},"EnergyVariance":{"Mean":0.0,"Sigma":0.0,"Taucorr":null},"Iteration":92},
{"Acceptance":[0.0],"Energy":{"Mean":-2648.0,"Sigma":0.0,"Taucorr":null},"EnergyVariance":{"Mean":0.0,"Sigma":0.0,"Taucorr":null},"Iteration":93},
{"Acceptance":[0.0],"Energy":{"Mean":-2648.0,"Sigma":0.0,"Taucorr":null},"EnergyVariance":{"Mean":0.0,"Sigma":0.0,"Taucorr":null},"Iteration":94},
{"Acceptance":[7.107320540156361e-05],"Energy":{"Mean":-2648.0,"Sigma":0.0,"Taucorr":null},"EnergyVariance":{"Mean":0.0,"Sigma":0.0,"Taucorr":null},"Iteration":95},
{"Acceptance":[0.0],"Energy":{"Mean":-2648.0,"Sigma":0.0,"Taucorr":null},"EnergyVariance":{"Mean":0.0,"Sigma":0.0,"Taucorr":null},"Iteration":96},
{"Acceptance":[7.107320540156361e-05],"Energy":{"Mean":-2648.0,"Sigma":0.0,"Taucorr":null},"EnergyVariance":{"Mean":0.0,"Sigma":0.0,"Taucorr":null},"Iteration":97},
{"Acceptance":[0.0],"Energy":{"Mean":-2648.0,"Sigma":0.0,"Taucorr":null},"EnergyVariance":{"Mean":0.0,"Sigma":0.0,"Taucorr":null},"Iteration":98},
{"Acceptance":[0.0],"Energy":{"Mean":-2648.0,"Sigma":0.0,"Taucorr":null},"EnergyVariance":{"Mean":0.0,"Sigma":0.0,"Taucorr":null},"Iteration":99} 
]}