{"Output": [
{"Acceptance":[0.9343058350100604],"Energy":{"Mean":-300.3387096774194,"Sigma":1.0821466859343052,"Taucorr":-0.02421579478330771},"EnergyVariance":{"Mean":151.36914672216443,"Sigma":39.67633233080364,"Taucorr":-0.01813239434408076},"Iteration":0},
{"Acceptance":[0.9251509054325956],"Energy":{"Mean":-303.8629032258064,"Sigma":0.9550262275910266,"Taucorr":-0.05795164673858283},"EnergyVariance":{"Mean":126.89249479708636,"Sigma":20.008446730015535,"Taucorr":0.11891682738064024},"Iteration":1},
{"Acceptance":[0.9149899396378269],"Energy":{"Mean":-303.2903225806451,"Sigma":1.2252987771582822,"Taucorr":0.17918234197755667},"EnergyVariance":{"Mean":135.94797086368368,"Sigma":15.909493266033232,"Taucorr":0.15647887585329956},"Iteration":2},
{"Acceptance":[0.8953722334004024],"Energy":{"Mean":-304.4435483870968,"Sigma":1.1138008690952002,"Taucorr":0.04765087292506043},"EnergyVariance":{"Mean":139.31132934443292,"Sigma":20.322943496778443,"Taucorr":0.03621654249445949},"Iteration":3},
{"Acceptance":[0.8913480885311871],"Energy":{"Mean":-302.72580645161287,"Sigma":0.97986138740959,"Taucorr":-0.05290450424187049},"EnergyVariance":{"Mean":132.06997918834546,"Sigma":23.671045085777898,"Taucorr":-0.011991245531699946},"Iteration":4},
{"Acceptance":[0.8774647887323944],"Energy":{"Mean":-304.0403225806452,"Sigma":0.9297283085472808,"Taucorr":-0.09645206280871738},"EnergyVariance":{"Mean":131.73224505723206,"Sigma":18.392947072693488,"Taucorr":-0.01846996907074505},"Iteration":5},
{"Acceptance":[0.8612676056338028],"Energy":{"Mean":-305.7903225806452,"Sigma":1.0042983410429944,"Taucorr":0.0947551065204314},"EnergyVariance":{"Mean":104.29474505723206,"Sigma":9.672728335775025,"Taucorr":-0.18085918451835353},"Iteration":6},
{"Acceptance":[0.8528169014084507],"Energy":{"Mean":-306.16129032258056,"Sigma":1.199717058214592,"Taucorr":0.1803704040662576},"EnergyVariance":{"Mean":130.10301768990635,"Sigma":14.967039450150507,"Taucorr":-0.08177580596802192},"Iteration":7},
{"Acceptance":[0.8379275653923541],"Energy":{"Mean":-305.6532258064517,"Sigma":1.2676006788796226,"Taucorr":0.18234123090367627},"EnergyVariance":{"Mean":144.82329604578564,"Sigma":15.512591867579328,"Taucorr":-0.13331041623889806},"Iteration":8},
{"Acceptance":[0.8245472837022133],"Energy":{"Mean":-306.26612903225805,"Sigma":1.12139119409674,"Taucorr":0.02517631533737008},"EnergyVariance":{"Mean":147.2598204994797,"Sigma":27.200449615136684,"Taucorr":-0.007174871063263699},"Iteration":9},
{"Acceptance":[0.8021126760563381],"Energy":{"Mean":-308.2258064516129,"Sigma":1.2588052685493667,"Taucorr":0.11623087678894506},"EnergyVariance":{"Mean":158.14255983350674,"Sigma":17.993469957481572,"Taucorr":-0.005070169872551988},"Iteration":10},
{"Acceptance":[0.7835010060362173],"Energy":{"Mean":-309.0564516129031,"Sigma":1.1096903131283924,"Taucorr":0.13482750480705585},"EnergyVariance":{"Mean":119.29520031217484,"Sigma":15.212107996157375,"Taucorr":-0.12829941012354196},"Iteration":11},
{"Acceptance":[0.752112676056338],"Energy":{"Mean":-311.25806451612914,"Sigma":0.9678628956662665,"Taucorr":-0.05501209646630545},"EnergyVariance":{"Mean":129.4656607700312,"Sigma":19.544270844879136,"Taucorr":-0.05445769594382455},"Iteration":12},
{"Acceptance":[0.7030181086519115],"Energy":{"Mean":-313.9919354838709,"Sigma":1.1430295924968958,"Taucorr":0.03472335533875659},"EnergyVariance":{"Mean":150.26606399583764,"Sigma":17.67205438946849,"Taucorr":-0.06624329100506943},"Iteration":13},
{"Acceptance":[0.633702213279678],"Energy":{"Mean":-317.10483870967744,"Sigma":1.656884229086393,"Taucorr":0.5846434135830862},"EnergyVariance":{"Mean":155.6583636836628,"Sigma":18.402312457023253,"Taucorr":0.09640883718387827},"Iteration":14},
{"Acceptance":[0.5104627766599598],"Energy":{"Mean":-325.9758064516129,"Sigma":1.4637811380997776,"Taucorr":0.28636824605573274},"EnergyVariance":{"Mean":167.5719953173777,"Sigma":22.0504521769566,"Taucorr":0.02018904805328936},"Iteration":15},
{"Acceptance":[0.4033199195171026],"Energy":{"Mean":-332.7741935483871,"Sigma":1.144079831618796,"Taucorr":0.3657496083039563},"EnergyVariance":{"Mean":92.98126951092611,"Sigma":12.73094243267178,"Taucorr":0.1289518645587645},"Iteration":16},
{"Acceptance":[0.3327967806841046],"Energy":{"Mean":-340.86290322580646,"Sigma":1.003276802631548,"Taucorr":0.18166992880587263},"EnergyVariance":{"Mean":90.81184963579604,"Sigma":12.417712228791432,"Taucorr":0.05770309282177921},"Iteration":17},
{"Acceptance":[0.2754527162977867],"Energy":{"Mean":-344.3709677419355,"Sigma":0.9519978262872425,"Taucorr":0.3623204461026379},"EnergyVariance":{"Mean":64.63657648283036,"Sigma":7.638064175958492,"Taucorr":0.09533532627643759},"Iteration":18},
{"Acceptance":[0.22374245472837023],"Energy":{"Mean":-349.7419354838709,"Sigma":1.0031860449196197,"Taucorr":0.46201043225102056},"EnergyVariance":{"Mean":64.3366285119667,"Sigma":6.759600234612892,"Taucorr":-0.15061472479573185},"Iteration":19},
{"Acceptance":[0.1988933601609658],"Energy":{"Mean":-353.01612903225805,"Sigma":0.6961815480405377,"Taucorr":0.17373416046805634},"EnergyVariance":{"Mean":44.24167533818939,"Sigma":4.989323606658211,"Taucorr":-0.026762006569203467},"Iteration":20},
{"Acceptance":[0.1659959758551308],"Energy":{"Mean":-355.8870967741935,"Sigma":0.7659450826138242,"Taucorr":0.32205346294046155},"EnergyVariance":{"Mean":43.89047866805411,"Sigma":6.359143555057186,"Taucorr":0.10895998381322214},"Iteration":21},
{"Acceptance":[0.14627766599597586],"Energy":{"Mean":-358.2822580645161,"Sigma":0.4129525760158828,"Taucorr":-0.06696366951585564},"EnergyVariance":{"Mean":24.218717481789806,"Sigma":4.147297936260134,"Taucorr":0.02135989024477536},"Iteration":22},
{"Acceptance":[0.13329979879275655],"Energy":{"Mean":-360.13709677419354,"Sigma":0.5359193073485036,"Taucorr":0.18688830157184466},"EnergyVariance":{"Mean":25.715075442247656,"Sigma":3.2722131638766903,"Taucorr":-0.042487361407040514},"Iteration":23},
{"Acceptance":[0.11066398390342053],"Energy":{"Mean":-362.71774193548384,"Sigma":0.4525527854146313,"Taucorr":0.2419219644875199},"EnergyVariance":{"Mean":16.976781997918838,"Sigma":2.183300403326874,"Taucorr":-0.05300084465508936},"Iteration":24},
{"Acceptance":[0.103420523138833],"Energy":{"Mean":-364.62096774193554,"Sigma":0.39704401176335635,"Taucorr":0.13974139447855694},"EnergyVariance":{"Mean":15.154721644120709,"Sigma":2.478062702579531,"Taucorr":-0.01787192987345404},"Iteration":25},
{"Acceptance":[0.09396378269617706],"Energy":{"Mean":-365.7741935483871,"Sigma":0.3600244239604786,"Taucorr":0.12812346261068996},"EnergyVariance":{"Mean":12.690946930280958,"Sigma":1.580178181618017,"Taucorr":-0.059199335243079354},"Iteration":26},
{"Acceptance":[0.07736418511066398],"Energy":{"Mean":-366.37096774193543,"Sigma":0.4423591094187447,"Taucorr":0.22057664449602243},"EnergyVariance":{"Mean":16.701092611862645,"Sigma":3.868942768381578,"Taucorr":0.1673380163317194},"Iteration":27},
{"Acceptance":[0.06529175050301811],"Energy":{"Mean":-367.9274193548388,"Sigma":0.2537867904329638,"Taucorr":0.055408128835750636},"EnergyVariance":{"Mean":7.131828824141519,"Sigma":0.6959066285653664,"Taucorr":-0.09169645064250637},"Iteration":28},
{"Acceptance":[0.05140845070422535],"Energy":{"Mean":-368.60483870967744,"Sigma":0.33776108848753744,"Taucorr":0.4627687392348011},"EnergyVariance":{"Mean":7.287395941727368,"Sigma":1.9835203291027252,"Taucorr":0.40927607345223216},"Iteration":29},
{"Acceptance":[0.04295774647887324],"Energy":{"Mean":-369.3467741935483,"Sigma":0.20269601536405799,"Taucorr":0.34205552786144855},"EnergyVariance":{"Mean":3.0007154006243497,"Sigma":0.4369940137049042,"Taucorr":0.2237238039617595},"Iteration":30},
{"Acceptance":[0.03812877263581489],"Energy":{"Mean":-369.37096774193554,"Sigma":0.21278711398788527,"Taucorr":0.31257686176270527},"EnergyVariance":{"Mean":3.4268990634755463,"Sigma":0.707997070784508,"Taucorr":0.1931704326600564},"Iteration":31},
{"Acceptance":[0.03350100603621731],"Energy":{"Mean":-369.8709677419355,"Sigma":0.17462362280841065,"Taucorr":0.13896693848609631},"EnergyVariance":{"Mean":2.9349635796045783,"Sigma":0.8020000919553415,"Taucorr":0.043069684823500265},"Iteration":32},
{"Acceptance":[0.03158953722334004],"Energy":{"Mean":-369.4274193548387,"Sigma":0.2887201896326125,"Taucorr":0.6426297708263882},"EnergyVariance":{"Mean":4.486667533818938,"Sigma":1.3797572765246613,"Taucorr":0.46856248246309185},"Iteration":33},
{"Acceptance":[0.027464788732394368],"Energy":{"Mean":-370.4193548387097,"Sigma":0.10132661496249164,"Taucorr":0.09228892142507772},"EnergyVariance":{"Mean":1.0660770031217481,"Sigma":0.17433932851584424,"Taucorr":0.10331255901397995},"Iteration":34},
{"Acceptance":[0.0289738430583501],"Energy":{"Mean":-370.28225806451604,"Sigma":0.13507362363391623,"Taucorr":0.48593062460715786},"EnergyVariance":{"Mean":1.1380723204994794,"Sigma":0.20036134870383848,"Taucorr":0.22293676141402208},"Iteration":35},
{"Acceptance":[0.028772635814889334],"Energy":{"Mean":-370.2983870967742,"Sigma":0.17521850983271745,"Taucorr":0.5841368236304478},"EnergyVariance":{"Mean":1.741610301768991,"Sigma":0.5849253453314067,"Taucorr":0.4957064771177926},"Iteration":36},
{"Acceptance":[0.029175050301810865],"Energy":{"Mean":-370.2096774193548,"Sigma":0.17121355832087515,"Taucorr":0.2911890626783783},"EnergyVariance":{"Mean":2.2786160249739855,"Sigma":0.7902680149602005,"Taucorr":0.46536319385499214},"Iteration":37},
{"Acceptance":[0.0317907444668008],"Energy":{"Mean":-370.6774193548387,"Sigma":0.11191967909245522,"Taucorr":0.10041058394160662},"EnergyVariance":{"Mean":1.283038501560874,"Sigma":0.36795296173531017,"Taucorr":0.3217799215832242},"Iteration":38},
{"Acceptance":[0.030784708249496983],"Energy":{"Mean":-370.90322580645164,"Sigma":0.0872807694110412,"Taucorr":0.05413076923075044},"EnergyVariance":{"Mean":0.8454734651404787,"Sigma":0.15100272557558708,"Taucorr":-0.04263034847442554},"Iteration":39},
{"Acceptance":[0.027565392354124748],"Energy":{"Mean":-370.79032258064524,"Sigma":0.12652126674987382,"Taucorr":0.09101983445259265},"EnergyVariance":{"Mean":1.6657127991675336,"Sigma":0.4013761522125275,"Taucorr":-0.008937979172744914},"Iteration":40},
{"Acceptance":[0.02645875251509054],"Energy":{"Mean":-371.08064516129025,"Sigma":0.0763649070502263,"Taucorr":-0.11393867264070284},"EnergyVariance":{"Mean":0.9289802289281999,"Sigma":0.2530518405267062,"Taucorr":0.006527718950072314},"Iteration":41},
{"Acceptance":[0.021227364185110665],"Energy":{"Mean":-371.274193548387,"Sigma":0.07893344711769032,"Taucorr":0.21259071117560457},"EnergyVariance":{"Mean":0.5377211238293444,"Sigma":0.07391776057738364,"Taucorr":0.077128324580931},"Iteration":42},
{"Acceptance":[0.017303822937625755],"Energy":{"Mean":-371.26612903225805,"Sigma":0.0976439410817121,"Taucorr":0.27171103312505585},"EnergyVariance":{"Mean":0.7598204994797085,"Sigma":0.1833398631090831,"Taucorr":0.38868724333828475},"Iteration":43},
{"Acceptance":[0.018309859154929577],"Energy":{"Mean":-371.23387096774195,"Sigma":0.11473173705663704,"Taucorr":0.08288925310231865},"EnergyVariance":{"Mean":1.3888527575442247,"Sigma":0.345858832598354,"Taucorr":-0.004649124140222061},"Iteration":44},
{"Acceptance":[0.013078470824949699],"Energy":{"Mean":-371.39516129032256,"Sigma":0.10419571221828494,"Taucorr":0.40349379565255594},"EnergyVariance":{"Mean":0.7390088449531736,"Sigma":0.24683293461524342,"Taucorr":0.22945572482127197},"Iteration":45},
{"Acceptance":[0.013078470824949699],"Energy":{"Mean":-371.58064516129025,"Sigma":0.09083476133892443,"Taucorr":0.2655317896389481},"EnergyVariance":{"Mean":0.6628511966701354,"Sigma":0.39823457471143703,"Taucorr":0.14176086158000367},"Iteration":46},
{"Acceptance":[0.0113682092555332],"Energy":{"Mean":-371.69354838709677,"Sigma":0.05401821354945577,"Taucorr":0.08017241379310935},"EnergyVariance":{"Mean":0.3093132154006244,"Sigma":0.07214110710711742,"Taucorr":0.08092136423578089},"Iteration":47},
{"Acceptance":[0.008853118712273641],"Energy":{"Mean":-371.60483870967744,"Sigma":0.14045538147970962,"Taucorr":0.35655907066439196},"EnergyVariance":{"Mean":1.4164281997918833,"Sigma":1.0581718875082586,"Taucorr":0.48202230027295856},"Iteration":48},
{"Acceptance":[0.00744466800804829],"Energy":{"Mean":-371.7822580645161,"Sigma":0.08499046078973478,"Taucorr":0.07910979228486559},"EnergyVariance":{"Mean":0.7671045785639959,"Sigma":0.42115522896393653,"Taucorr":-0.0125619111182248},"Iteration":49},
{"Acceptance":[0.007042253521126761],"Energy":{"Mean":-371.83064516129025,"Sigma":0.08628152904646316,"Taucorr":0.3417673083821452},"EnergyVariance":{"Mean":0.5438995837669095,"Sigma":0.35696150012013134,"Taucorr":0.23342237331921034},"Iteration":50},
{"Acceptance":[0.00613682092555332],"Energy":{"Mean":-371.91129032258067,"Sigma":0.042673408242976135,"Taucorr":0.0780463242698658},"EnergyVariance":{"Mean":0.19374349635796048,"Sigma":0.09215007322843263,"Taucorr":0.08499843994303846},"Iteration":51},
{"Acceptance":[0.004728370221327968],"Energy":{"Mean":-371.7822580645161,"Sigma":0.1079762117145221,"Taucorr":0.45478479258682314},"EnergyVariance":{"Mean":0.7509755463059313,"Sigma":0.5414989081874587,"Taucorr":0.490087364715576},"Iteration":52},
{"Acceptance":[0.00482897384305835],"Energy":{"Mean":-371.9516129032258,"Sigma":0.024372100982027408,"Taucorr":0.2933615819208689},"EnergyVariance":{"Mean":0.04604578563995837,"Sigma":0.022013510564411986,"Taucorr":0.2933615819209039},"Iteration":53},
{"Acceptance":[0.003822937625754527],"Energy":{"Mean":-371.9112903225806,"Sigma":0.04993057962636119,"Taucorr":0.36323690955692367},"EnergyVariance":{"Mean":0.17761446409989595,"Sigma":0.13616837345846677,"Taucorr":0.48732207376312886},"Iteration":54},
{"Acceptance":[0.0032193158953722333],"Energy":{"Mean":-371.9274193548388,"Sigma":0.026420779301732474,"Taucorr":0.1377777777777771},"EnergyVariance":{"Mean":0.06731269510926116,"Sigma":0.02258550488696837,"Taucorr":0.1377777777777779},"Iteration":55},
{"Acceptance":[0.004024144869215292],"Energy":{"Mean":-371.8467741935484,"Sigma":0.06315774260468306,"Taucorr":0.18995792939457512},"EnergyVariance":{"Mean":0.3555541103017689,"Sigma":0.1546840748073359,"Taucorr":0.055927336978376374},"Iteration":56},
{"Acceptance":[0.0036217303822937627],"Energy":{"Mean":-371.90322580645164,"Sigma":0.04734541818341144,"Taucorr":0.32031733746128077},"EnergyVariance":{"Mean":0.16805411030176898,"Sigma":0.08451633679835886,"Taucorr":0.35860036401249584},"Iteration":57},
{"Acceptance":[0.003822937625754527],"Energy":{"Mean":-371.774193548387,"Sigma":0.1161402324348038,"Taucorr":0.07893518518518017},"EnergyVariance":{"Mean":1.4328824141519247,"Sigma":0.9160717914266976,"Taucorr":0.0076863463079629435},"Iteration":58},
{"Acceptance":[0.0036217303822937627],"Energy":{"Mean":-371.9354838709677,"Sigma":0.028321649873259594,"Taucorr":-0.046351674641158525},"EnergyVariance":{"Mean":0.10874089490114464,"Sigma":0.050600441601926054,"Taucorr":-0.03694777126344739},"Iteration":59},
{"Acceptance":[0.004426559356136821],"Energy":{"Mean":-371.9516129032258,"Sigma":0.029373738450855225,"Taucorr":-0.02005882352941707},"EnergyVariance":{"Mean":0.11056191467221643,"Sigma":0.07246085442886818,"Taucorr":0.007666592330556332},"Iteration":60},
{"Acceptance":[0.0030181086519114686],"Energy":{"Mean":-371.98387096774195,"Sigma":0.011213254631513472,"Taucorr":-0.01270491803274143},"EnergyVariance":{"Mean":0.01586888657648283,"Sigma":0.010851536740174215,"Taucorr":-0.012704918032786894},"Iteration":61},
{"Acceptance":[0.0030181086519114686],"Energy":{"Mean":-371.9354838709678,"Sigma":0.03839477649754363,"Taucorr":0.22604166666669934},"EnergyVariance":{"Mean":0.12486992715920914,"Sigma":0.07183538828572861,"Taucorr":0.22604166666666625},"Iteration":62},
{"Acceptance":[0.0030181086519114686],"Energy":{"Mean":-371.95161290322574,"Sigma":0.024372100982026586,"Taucorr":0.0875523012551731},"EnergyVariance":{"Mean":0.0621748178980229,"Sigma":0.034399877072868776,"Taucorr":0.021378688413311142},"Iteration":63},
{"Acceptance":[0.0018108651911468814],"Energy":{"Mean":-372.0,"Sigma":0.0,"Taucorr":null},"EnergyVariance":{"Mean":0.0,"Sigma":0.0,"Taucorr":null},"Iteration":64},
{"Acceptance":[0.0026156941649899397],"Energy":{"Mean":-371.9758064516129,"Sigma":0.017790744201908047,"Taucorr":-0.010147299508998231},"EnergyVariance":{"Mean":0.0397372528616025,"Sigma":0.03215013679968399,"Taucorr":-0.005821639123296529},"Iteration":65},
{"Acceptance":[0.002012072434607646],"Energy":{"Mean":-371.9596774193548,"Sigma":0.026173465472339688,"Taucorr":-0.016206123973124542},"EnergyVariance":{"Mean":0.08708376690946928,"Sigma":0.0708871444613459,"Taucorr":-0.00546814749078367},"Iteration":66},
{"Acceptance":[0.0036217303822937627],"Energy":{"Mean":-371.96774193548384,"Sigma":0.019197388248770843,"Taucorr":0.22604166666665493},"EnergyVariance":{"Mean":0.031217481789802295,"Sigma":0.017958847071429977,"Taucorr":0.22604166666666647},"Iteration":67},
{"Acceptance":[0.003420523138832998],"Energy":{"Mean":-372.0,"Sigma":0.0,"Taucorr":null},"EnergyVariance":{"Mean":0.0,"Sigma":0.0,"Taucorr":null},"Iteration":68},
{"Acceptance":[0.0016096579476861167],"Energy":{"Mean":-371.9677419354838,"Sigma":0.025245928778223993,"Taucorr":0.7556250000000357},"EnergyVariance":{"Mean":0.031217481789802298,"Sigma":0.02361715917962412,"Taucorr":0.7556250000000004},"Iteration":69},
{"Acceptance":[0.0028169014084507044],"Energy":{"Mean":-372.0,"Sigma":0.0,"Taucorr":null},"EnergyVariance":{"Mean":0.0,"Sigma":0.0,"Taucorr":null},"Iteration":70},
{"Acceptance":[0.0032193158953722333],"Energy":{"Mean":-372.0,"Sigma":0.0,"Taucorr":null},"EnergyVariance":{"Mean":0.0,"Sigma":0.0,"Taucorr":null},"Iteration":71},
{"Acceptance":[0.0036217303822937627],"Energy":{"Mean":-371.94354838709677,"Sigma":0.02515991173504916,"Taucorr":0.061012183692619404},"EnergyVariance":{"Mean":0.06939386056191468,"Sigma":0.03437124055889451,"Taucorr":0.010851264720895482},"Iteration":72},
{"Acceptance":[0.0026156941649899397],"Energy":{"Mean":-371.95161290322585,"Sigma":0.04838709677419344,"Taucorr":-2.886579864025407e-15},"EnergyVariance":{"Mean":0.2879812695109261,"Sigma":0.2856399583766952,"Taucorr":-2.220446049250313e-16},"Iteration":73},
{"Acceptance":[0.0030181086519114686],"Energy":{"Mean":-371.94354838709677,"Sigma":0.03421484425096382,"Taucorr":-0.020156046814004125},"EnergyVariance":{"Mean":0.15003902185223728,"Sigma":0.09704169695889862,"Taucorr":-0.015252369750746175},"Iteration":74},
{"Acceptance":[0.0030181086519114686],"Energy":{"Mean":-372.008064516129,"Sigma":0.008064516129032159,"Taucorr":-1.7763568394002505e-15},"EnergyVariance":{"Mean":0.007999479708636839,"Sigma":0.007934443288241534,"Taucorr":2.220446049250313e-16},"Iteration":75},
{"Acceptance":[0.0036217303822937627],"Energy":{"Mean":-371.8951612903225,"Sigma":0.07582360821640974,"Taucorr":-0.010877192982432504},"EnergyVariance":{"Mean":0.7228798126951093,"Sigma":0.639124463019035,"Taucorr":-0.002917768253845543},"Iteration":76},
{"Acceptance":[0.0026156941649899397],"Energy":{"Mean":-371.9758064516129,"Sigma":0.024193548387096607,"Taucorr":1.0247933884297418},"EnergyVariance":{"Mean":0.023608220603537976,"Sigma":0.023022892819980253,"Taucorr":1.0247933884297515},"Iteration":77},
{"Acceptance":[0.0026156941649899397],"Energy":{"Mean":-371.9838709677419,"Sigma":0.016129032258065248,"Taucorr":0.5081967213115255},"EnergyVariance":{"Mean":0.01586888657648283,"Sigma":0.015608740894899786,"Taucorr":0.5081967213114753},"Iteration":78},
{"Acceptance":[0.0026156941649899397],"Energy":{"Mean":-371.9677419354838,"Sigma":0.02524592877822423,"Taucorr":-0.007598039215660157},"EnergyVariance":{"Mean":0.07960457856399582,"Sigma":0.07116884104734682,"Taucorr":-0.0026519242813037303},"Iteration":79},
{"Acceptance":[0.0022132796780684103],"Energy":{"Mean":-372.0,"Sigma":0.0,"Taucorr":null},"EnergyVariance":{"Mean":0.0,"Sigma":0.0,"Taucorr":null},"Iteration":80},
{"Acceptance":[0.0023138832997987926],"Energy":{"Mean":-371.94354838709677,"Sigma":0.030030623750042416,"Taucorr":0.2992502343018465},"EnergyVariance":{"Mean":0.06939386056191468,"Sigma":0.0403904969975959,"Taucorr":0.20544385113636165},"Iteration":81},
{"Acceptance":[0.002112676056338028],"Energy":{"Mean":-371.92741935483866,"Sigma":0.05819131912855745,"Taucorr":-0.006686180865815239},"EnergyVariance":{"Mean":0.4221514047866806,"Sigma":0.3871258894261461,"Taucorr":-0.0019393332704467081},"Iteration":82},
{"Acceptance":[0.0032193158953722333],"Energy":{"Mean":-371.8145161290322,"Sigma":0.11357328050686812,"Taucorr":0.28861446951573544},"EnergyVariance":{"Mean":1.0059183142559835,"Sigma":0.6501839838748721,"Taucorr":0.24301083435848436},"Iteration":83},
{"Acceptance":[0.0030181086519114686],"Energy":{"Mean":-371.9354838709678,"Sigma":0.06451612903225762,"Taucorr":-6.439293542825908e-15},"EnergyVariance":{"Mean":0.5119667013527576,"Sigma":0.5078043704474582,"Taucorr":0.0},"Iteration":84},
{"Acceptance":[0.0032193158953722333],"Energy":{"Mean":-371.9677419354838,"Sigma":0.03225806451612944,"Taucorr":0.5081967213114986},"EnergyVariance":{"Mean":0.06347554630593133,"Sigma":0.062434963579599136,"Taucorr":0.5081967213114753},"Iteration":85},
{"Acceptance":[0.004426559356136821],"Energy":{"Mean":-371.8145161290322,"Sigma":0.07774349706190721,"Taucorr":0.23472168659213044},"EnergyVariance":{"Mean":0.5059183142559833,"Sigma":0.24305297009083784,"Taucorr":0.05284856403341587},"Iteration":86},
{"Acceptance":[0.0026156941649899397],"Energy":{"Mean":-372.0,"Sigma":0.0,"Taucorr":null},"EnergyVariance":{"Mean":0.0,"Sigma":0.0,"Taucorr":null},"Iteration":87},
{"Acceptance":[0.003822937625754527],"Energy":{"Mean":-371.96774193548384,"Sigma":0.0252459287782233,"Taucorr":-0.007598039215688135},"EnergyVariance":{"Mean":0.07960457856399583,"Sigma":0.07116884104734963,"Taucorr":-0.0026519242813038413},"Iteration":88},
{"Acceptance":[0.005030181086519115],"Energy":{"Mean":-371.92741935483866,"Sigma":0.049450676505664204,"Taucorr":0.41652794292508755},"EnergyVariance":{"Mean":0.16408688865764823,"Sigma":0.1379294758891667,"Taucorr":0.4952988636297413},"Iteration":89},
{"Acceptance":[0.0018108651911468814],"Energy":{"Mean":-371.983870967742,"Sigma":0.011213254631513755,"Taucorr":-0.01270491803272461},"EnergyVariance":{"Mean":0.015868886576482825,"Sigma":0.01085153674017549,"Taucorr":-0.012704918032787005},"Iteration":90},
{"Acceptance":[0.0030181086519114686],"Energy":{"Mean":-371.9596774193548,"Sigma":0.02862619249886865,"Taucorr":0.41921708185052664},"EnergyVariance":{"Mean":0.05482570239334025,"Sigma":0.037512384877665325,"Taucorr":0.13421412951415534},"Iteration":91},
{"Acceptance":[0.0026156941649899397],"Energy":{"Mean":-371.9838709677419,"Sigma":0.016129032258067444,"Taucorr":1.4277468096679513e-13},"EnergyVariance":{"Mean":0.03199791883454735,"Sigma":0.0317377731529643,"Taucorr":-2.220446049250313e-16},"Iteration":92},
{"Acceptance":[0.0026156941649899397],"Energy":{"Mean":-371.9354838709678,"Sigma":0.05049185755644705,"Taucorr":0.4049549549549609},"EnergyVariance":{"Mean":0.1732570239334027,"Sigma":0.14117126065166186,"Taucorr":0.4569343426689888},"Iteration":93},
{"Acceptance":[0.0036217303822937627],"Energy":{"Mean":-372.0,"Sigma":0.0,"Taucorr":null},"EnergyVariance":{"Mean":0.0,"Sigma":0.0,"Taucorr":null},"Iteration":94},
{"Acceptance":[0.003420523138832998],"Energy":{"Mean":-371.8306451612903,"Sigma":0.1245352094133547,"Taucorr":0.32451790633608546},"EnergyVariance":{"Mean":1.156802809573361,"Sigma":0.8295651852857312,"Taucorr":0.324517906336088},"Iteration":95},
{"Acceptance":[0.0030181086519114686],"Energy":{"Mean":-371.9274193548387,"Sigma":0.053372232605723616,"Taucorr":0.324517906336094},"EnergyVariance":{"Mean":0.2124739854318418,"Sigma":0.15236911566472783,"Taucorr":0.3245179063360877},"Iteration":96},
{"Acceptance":[0.003420523138832998],"Energy":{"Mean":-372.0,"Sigma":0.08115430675802998,"Taucorr":0.26098484848485826},"EnergyVariance":{"Mean":0.532258064516129,"Sigma":0.32683352431903284,"Taucorr":0.18867231176197852},"Iteration":97},
{"Acceptance":[0.004426559356136821],"Energy":{"Mean":-371.9596774193548,"Sigma":0.03298903001428542,"Taucorr":0.4432630614115787},"EnergyVariance":{"Mean":0.07095473465140478,"Sigma":0.06211113667202035,"Taucorr":0.48987027775881764},"Iteration":98},
{"Acceptance":[0.0028169014084507044],"Energy":{"Mean":-372.0,"Sigma":0.0,"Taucorr":null},"EnergyVariance":{"Mean":0.0,"Sigma":0.0,"Taucorr":null},"Iteration":99} 
]}