{"Output": [
{"Acceptance":[0.8501400560224089],"Energy":{"Mean":-155.95161290322577,"Sigma":0.7128259822893017,"Taucorr":-0.02557938617451111},"EnergyVariance":{"Mean":65.86862643080124,"Sigma":8.242921066310776,"Taucorr":0.056198180439224865},"Iteration":0},
{"Acceptance":[0.8294117647058824],"Energy":{"Mean":-156.55645161290323,"Sigma":0.7801907057172285,"Taucorr":0.04995198899329689},"EnergyVariance":{"Mean":68.06939386056192,"Sigma":8.821696055509848,"Taucorr":-0.06879913862541309},"Iteration":1},
{"Acceptance":[0.811624649859944],"Energy":{"Mean":-159.89516129032253,"Sigma":0.6870317754101111,"Taucorr":-0.10329374979446909},"EnergyVariance":{"Mean":73.17449271592092,"Sigma":9.02190468487276,"Taucorr":-0.041142500641039914},"Iteration":2},
{"Acceptance":[0.7505602240896359],"Energy":{"Mean":-161.9677419354839,"Sigma":0.7268600477140601,"Taucorr":-0.05509409329894699},"EnergyVariance":{"Mean":73.03121748178981,"Sigma":10.020983712763874,"Taucorr":-0.01875638112961736},"Iteration":3},
{"Acceptance":[0.6826330532212885],"Energy":{"Mean":-165.52419354838707,"Sigma":1.0462011951277745,"Taucorr":0.24800546647520005},"EnergyVariance":{"Mean":89.9913501560874,"Sigma":9.796384238149367,"Taucorr":0.004972038786703714},"Iteration":4},
{"Acceptance":[0.6030812324929972],"Energy":{"Mean":-170.0483870967742,"Sigma":1.1862461889555866,"Taucorr":0.4134678276342125},"EnergyVariance":{"Mean":94.73959417273673,"Sigma":14.77153462013403,"Taucorr":0.18644149514591868},"Iteration":5},
{"Acceptance":[0.5490196078431373],"Energy":{"Mean":-173.01612903225802,"Sigma":1.2362651590702716,"Taucorr":0.4958339879224858},"EnergyVariance":{"Mean":94.38683662851196,"Sigma":13.226924766047041,"Taucorr":0.12430714266024834},"Iteration":6},
{"Acceptance":[0.4631652661064426],"Energy":{"Mean":-177.11290322580643,"Sigma":1.2606982357500585,"Taucorr":0.5695385775892743},"EnergyVariance":{"Mean":91.39047866805412,"Sigma":18.280146291347872,"Taucorr":0.36916429126762185},"Iteration":7},
{"Acceptance":[0.38599439775910366],"Energy":{"Mean":-183.2983870967742,"Sigma":0.7530778561150201,"Taucorr":0.3053886990801583},"EnergyVariance":{"Mean":43.30612643080125,"Sigma":7.808946993639306,"Taucorr":0.28492191915953435},"Iteration":8},
{"Acceptance":[0.3310924369747899],"Energy":{"Mean":-186.2741935483871,"Sigma":0.8509446710332603,"Taucorr":0.350502551261223},"EnergyVariance":{"Mean":52.36030176899063,"Sigma":7.385767502795418,"Taucorr":0.22739825977905548},"Iteration":9},
{"Acceptance":[0.31176470588235294],"Energy":{"Mean":-187.67741935483872,"Sigma":0.4433186110600871,"Taucorr":-0.09417570707335321},"EnergyVariance":{"Mean":29.78303850156088,"Sigma":3.6880962502038126,"Taucorr":-0.0747458810385293},"Iteration":10},
{"Acceptance":[0.2801120448179272],"Energy":{"Mean":-190.1290322580645,"Sigma":0.5196244207838884,"Taucorr":0.1081311211462983},"EnergyVariance":{"Mean":27.30593132154006,"Sigma":4.055401063114543,"Taucorr":0.10757300712723117},"Iteration":11},
{"Acceptance":[0.24047619047619048],"Energy":{"Mean":-191.41129032258067,"Sigma":0.6702740158548673,"Taucorr":0.26577862536253083},"EnergyVariance":{"Mean":36.08084027055151,"Sigma":3.731752719028774,"Taucorr":0.04491952204094407},"Iteration":12},
{"Acceptance":[0.22044817927170868],"Energy":{"Mean":-194.07258064516125,"Sigma":0.5721109689603208,"Taucorr":0.19405803828706092},"EnergyVariance":{"Mean":29.002796566077006,"Sigma":4.255643728678837,"Taucorr":0.04205955291029462},"Iteration":13},
{"Acceptance":[0.1984593837535014],"Energy":{"Mean":-195.47580645161287,"Sigma":0.49096060639410777,"Taucorr":0.4393239072113525},"EnergyVariance":{"Mean":15.78167273673257,"Sigma":3.480983560224062,"Taucorr":0.056005188605898426},"Iteration":14},
{"Acceptance":[0.17478991596638654],"Energy":{"Mean":-195.76612903225808,"Sigma":0.4152560234799977,"Taucorr":0.40801875497691875},"EnergyVariance":{"Mean":11.679175338189387,"Sigma":1.5938948059799445,"Taucorr":0.013525409639833397},"Iteration":15},
{"Acceptance":[0.18361344537815127],"Energy":{"Mean":-196.00806451612905,"Sigma":0.3418568584791197,"Taucorr":0.10751592846894331},"EnergyVariance":{"Mean":11.830580124869927,"Sigma":1.6897873922622642,"Taucorr":0.05935872289899291},"Iteration":16},
{"Acceptance":[0.1607843137254902],"Energy":{"Mean":-196.81451612903226,"Sigma":0.510898394609912,"Taucorr":0.5896589629825857},"EnergyVariance":{"Mean":14.731724765868886,"Sigma":2.183969389032055,"Taucorr":0.10280604259634052},"Iteration":17},
{"Acceptance":[0.1495798319327731],"Energy":{"Mean":-197.2983870967742,"Sigma":0.3775307711660686,"Taucorr":0.14393116331513234},"EnergyVariance":{"Mean":13.612578043704474,"Sigma":2.6835618165144224,"Taucorr":0.15750823514890655},"Iteration":18},
{"Acceptance":[0.14159663865546218],"Energy":{"Mean":-198.1209677419355,"Sigma":0.36309433438741345,"Taucorr":0.3628606825716526},"EnergyVariance":{"Mean":9.396657127991674,"Sigma":1.2590177441188803,"Taucorr":0.031957871873418364},"Iteration":19},
{"Acceptance":[0.12899159663865548],"Energy":{"Mean":-198.6209677419355,"Sigma":0.32829614051842326,"Taucorr":0.33597424435057166},"EnergyVariance":{"Mean":7.928915192507806,"Sigma":1.2415061829209826,"Taucorr":0.06997027406668577},"Iteration":20},
{"Acceptance":[0.12857142857142856],"Energy":{"Mean":-199.81451612903226,"Sigma":0.3682579853968309,"Taucorr":0.5033549537989672},"EnergyVariance":{"Mean":8.312369927159208,"Sigma":1.0979649878000954,"Taucorr":-0.12584425924803927},"Iteration":21},
{"Acceptance":[0.11274509803921569],"Energy":{"Mean":-200.491935483871,"Sigma":0.3635776290345355,"Taucorr":0.716020234447202},"EnergyVariance":{"Mean":6.685418834547347,"Sigma":1.137296562730082,"Taucorr":0.3016424655731873},"Iteration":22},
{"Acceptance":[0.10840336134453782],"Energy":{"Mean":-200.2016129032258,"Sigma":0.36467310351129234,"Taucorr":0.4373314550211308},"EnergyVariance":{"Mean":8.725481269510924,"Sigma":1.2971779483091799,"Taucorr":0.015303162778597557},"Iteration":23},
{"Acceptance":[0.10084033613445378],"Energy":{"Mean":-202.17741935483872,"Sigma":0.3749898830870256,"Taucorr":0.5637355604620671},"EnergyVariance":{"Mean":8.129812695109262,"Sigma":1.9819814179694426,"Taucorr":0.2814435402245443},"Iteration":24},
{"Acceptance":[0.09453781512605042],"Energy":{"Mean":-202.14516129032262,"Sigma":0.34328704280310884,"Taucorr":0.45668074585350715},"EnergyVariance":{"Mean":7.575702393340269,"Sigma":1.069087682525493,"Taucorr":0.05460555037677617},"Iteration":25},
{"Acceptance":[0.08977591036414566],"Energy":{"Mean":-201.21774193548387,"Sigma":0.32227808391432455,"Taucorr":0.5379225802360865},"EnergyVariance":{"Mean":6.1542013527575445,"Sigma":0.8778116868221554,"Taucorr":0.17296175230879174},"Iteration":26},
{"Acceptance":[0.08179271708683473],"Energy":{"Mean":-203.44354838709677,"Sigma":0.2952831877087853,"Taucorr":0.430482671451626},"EnergyVariance":{"Mean":5.762942247658689,"Sigma":1.0760452685836865,"Taucorr":0.41216995403388257},"Iteration":27},
{"Acceptance":[0.08137254901960785],"Energy":{"Mean":-202.88709677419357,"Sigma":0.43438231848517533,"Taucorr":0.6031227588594603},"EnergyVariance":{"Mean":10.519510926118626,"Sigma":1.768236107474542,"Taucorr":0.2157646280112615},"Iteration":28},
{"Acceptance":[0.0742296918767507],"Energy":{"Mean":-203.6935483870968,"Sigma":0.33874167795581644,"Taucorr":0.8092632366426944},"EnergyVariance":{"Mean":5.389958376690946,"Sigma":0.7862248559553487,"Taucorr":0.4178721888505832},"Iteration":29},
{"Acceptance":[0.05826330532212885],"Energy":{"Mean":-204.95161290322582,"Sigma":0.20752618530163403,"Taucorr":0.20826608695652293},"EnergyVariance":{"Mean":3.7395941727367323,"Sigma":0.7481200983932668,"Taucorr":0.1109027667811604},"Iteration":30},
{"Acceptance":[0.05742296918767507],"Energy":{"Mean":-205.15322580645164,"Sigma":0.21648382049691534,"Taucorr":0.445265874624064},"EnergyVariance":{"Mean":3.049102497398543,"Sigma":0.7210717865992363,"Taucorr":0.4862342737993174},"Iteration":31},
{"Acceptance":[0.06008403361344538],"Energy":{"Mean":-204.34677419354838,"Sigma":0.3661917903676151,"Taucorr":0.831381833835557},"EnergyVariance":{"Mean":6.194263787721123,"Sigma":1.7729238348753669,"Taucorr":0.3478077702529879},"Iteration":32},
{"Acceptance":[0.052941176470588235],"Energy":{"Mean":-205.51612903225802,"Sigma":0.16228189824742142,"Taucorr":0.03560306262905044},"EnergyVariance":{"Mean":3.0239334027055156,"Sigma":0.6461501630111322,"Taucorr":-0.04878562889193733},"Iteration":33},
{"Acceptance":[0.042296918767507005],"Energy":{"Mean":-205.86290322580646,"Sigma":0.11756873400146325,"Taucorr":0.21868917358552598},"EnergyVariance":{"Mean":1.1828173777315298,"Sigma":0.19236548019518357,"Taucorr":0.19946312408781008},"Iteration":34},
{"Acceptance":[0.04257703081232493],"Energy":{"Mean":-205.50806451612905,"Sigma":0.3357073800537405,"Taucorr":1.112493380339231},"EnergyVariance":{"Mean":4.298322060353797,"Sigma":2.0443019321915994,"Taucorr":1.3986841489732607},"Iteration":35},
{"Acceptance":[0.04453781512605042],"Energy":{"Mean":-205.67741935483872,"Sigma":0.20680413451386503,"Taucorr":0.3836392239119},"EnergyVariance":{"Mean":2.976586888657648,"Sigma":1.0329546283063265,"Taucorr":0.026323680321172938},"Iteration":36},
{"Acceptance":[0.036834733893557424],"Energy":{"Mean":-205.8225806451613,"Sigma":0.2316355905862102,"Taucorr":0.8110465116279035},"EnergyVariance":{"Mean":2.5169094693028105,"Sigma":1.1599566364729865,"Taucorr":0.7679160427700309},"Iteration":37},
{"Acceptance":[0.03515406162464986],"Energy":{"Mean":-205.9032258064516,"Sigma":0.1345429436155076,"Taucorr":0.07798149648838504},"EnergyVariance":{"Mean":1.9261186264308012,"Sigma":0.5468226377284925,"Taucorr":0.004762101163158894},"Iteration":38},
{"Acceptance":[0.030392156862745098],"Energy":{"Mean":-206.07258064516128,"Sigma":0.17930329188873484,"Taucorr":0.4205044357646799},"EnergyVariance":{"Mean":2.1479578563995836,"Sigma":0.9248598856560264,"Taucorr":0.4208347749084146},"Iteration":39},
{"Acceptance":[0.02997198879551821],"Energy":{"Mean":-206.1370967741935,"Sigma":0.14929885850263913,"Taucorr":0.3556159935051806},"EnergyVariance":{"Mean":1.6021722164412073,"Sigma":0.5097936548293364,"Taucorr":-0.024944978359565717},"Iteration":40},
{"Acceptance":[0.031092436974789917],"Energy":{"Mean":-206.008064516129,"Sigma":0.17903710155223018,"Taucorr":0.36993944264271517},"EnergyVariance":{"Mean":2.2660639958376696,"Sigma":0.6172980364001814,"Taucorr":0.028748739192807515},"Iteration":41},
{"Acceptance":[0.019887955182072828],"Energy":{"Mean":-206.41935483870967,"Sigma":0.1499942188734495,"Taucorr":0.43147548161121174},"EnergyVariance":{"Mean":1.4854318418314258,"Sigma":1.007561975147106,"Taucorr":0.48143885712868606},"Iteration":42},
{"Acceptance":[0.021288515406162466],"Energy":{"Mean":-206.5403225806452,"Sigma":0.10179621628366603,"Taucorr":0.2839827186175097},"EnergyVariance":{"Mean":0.8128902185223725,"Sigma":0.2925153860704777,"Taucorr":0.23748788918026764},"Iteration":43},
{"Acceptance":[0.01876750700280112],"Energy":{"Mean":-206.59677419354838,"Sigma":0.08414450843864703,"Taucorr":0.0006954830990115735},"EnergyVariance":{"Mean":0.8696670135275753,"Sigma":0.37474893357263905,"Taucorr":0.009400672920079622},"Iteration":44},
{"Acceptance":[0.02072829131652661],"Energy":{"Mean":-206.42741935483875,"Sigma":0.16607160506546045,"Taucorr":0.43749236133577574},"EnergyVariance":{"Mean":1.809248178980229,"Sigma":1.1386809093011405,"Taucorr":0.4709877523010738},"Iteration":45},
{"Acceptance":[0.01946778711484594],"Energy":{"Mean":-206.5806451612903,"Sigma":0.09446161589900877,"Taucorr":0.28946482035928356},"EnergyVariance":{"Mean":0.6951092611862644,"Sigma":0.21783013508290358,"Taucorr":0.056237387882830614},"Iteration":46},
{"Acceptance":[0.018627450980392157],"Energy":{"Mean":-206.52419354838705,"Sigma":0.12233988807280381,"Taucorr":0.32157079003888744},"EnergyVariance":{"Mean":1.120382414151925,"Sigma":0.4967321219851945,"Taucorr":0.010927040773043628},"Iteration":47},
{"Acceptance":[0.0196078431372549],"Energy":{"Mean":-206.41935483870967,"Sigma":0.13136335185882414,"Taucorr":0.3425237505163169},"EnergyVariance":{"Mean":1.2596253902185224,"Sigma":0.5714655345806033,"Taucorr":0.397587154964938},"Iteration":48},
{"Acceptance":[0.01568627450980392],"Energy":{"Mean":-206.56451612903223,"Sigma":0.09199677262884905,"Taucorr":0.3438633487979744},"EnergyVariance":{"Mean":0.6168054110301769,"Sigma":0.14893516350648353,"Taucorr":0.18617295267225686},"Iteration":49} 
]}