{"Output": [
{"Acceptance":[0.46439232409381664],"Energy":{"Mean":-2558.2016129032263,"Sigma":3.464575323376482,"Taucorr":0.11748394339833257},"EnergyVariance":{"Mean":1195.4996748178978,"Sigma":140.8360127055097,"Taucorr":0.014734175763594481},"Iteration":0},
{"Acceptance":[0.17590618336886993],"Energy":{"Mean":-2625.677419354838,"Sigma":2.6344541360998197,"Taucorr":0.28348885416777014},"EnergyVariance":{"Mean":544.7830385015609,"Sigma":74.79887728949278,"Taucorr":-0.06414163484203506},"Iteration":1},
{"Acceptance":[0.07796730632551528],"Energy":{"Mean":-2667.637096774194,"Sigma":0.9047246588271743,"Taucorr":0.008948467897875623},"EnergyVariance":{"Mean":98.90862382934442,"Sigma":13.48046479099336,"Taucorr":0.128228926047931},"Iteration":2},
{"Acceptance":[0.053375977256574274],"Energy":{"Mean":-2687.6532258064517,"Sigma":1.2195031058517591,"Taucorr":0.20891558114552344},"EnergyVariance":{"Mean":129.0168444328824,"Sigma":13.494100967878891,"Taucorr":-0.042952874363113513},"Iteration":3},
{"Acceptance":[0.032658137882018476],"Energy":{"Mean":-2702.298387096774,"Sigma":1.0379505340498034,"Taucorr":0.27993509471289113},"EnergyVariance":{"Mean":84.95128772112385,"Sigma":15.055647259029424,"Taucorr":0.13386989503007385},"Iteration":4},
{"Acceptance":[0.01993603411513859],"Energy":{"Mean":-2712.927419354838,"Sigma":0.8299819881116163,"Taucorr":0.4488790354650801},"EnergyVariance":{"Mean":44.64795785639958,"Sigma":8.035714491255789,"Taucorr":0.26636715158837454},"Iteration":5},
{"Acceptance":[0.022316986496090974],"Energy":{"Mean":-2720.5725806451605,"Sigma":0.747234466483892,"Taucorr":0.2475051214204692},"EnergyVariance":{"Mean":45.93828043704475,"Sigma":3.931565331285836,"Taucorr":-0.13264103829479396},"Iteration":6},
{"Acceptance":[0.016702203269367447],"Energy":{"Mean":-2727.483870967742,"Sigma":0.6856767597052212,"Taucorr":0.24587225532827295},"EnergyVariance":{"Mean":38.76586888657648,"Sigma":5.152610714995302,"Taucorr":-0.0068396311264782295},"Iteration":7},
{"Acceptance":[0.011478322672352523],"Energy":{"Mean":-2732.8709677419356,"Sigma":0.3886617112242507,"Taucorr":0.30673654723715194},"EnergyVariance":{"Mean":11.515608740894901,"Sigma":1.8384275932802339,"Taucorr":0.13433671559724825},"Iteration":8},
{"Acceptance":[0.010127931769722815],"Energy":{"Mean":-2735.4435483870966,"Sigma":0.26174293733459003,"Taucorr":0.06874555558483486},"EnergyVariance":{"Mean":7.40810353798127,"Sigma":1.3690565805884223,"Taucorr":0.22900765741335405},"Iteration":9},
{"Acceptance":[0.021002132196162048],"Energy":{"Mean":-2736.0322580645156,"Sigma":0.5166244262325221,"Taucorr":0.24179343992474267},"EnergyVariance":{"Mean":22.12799167533819,"Sigma":4.194276381081537,"Taucorr":0.05062461647626626},"Iteration":10},
{"Acceptance":[0.015245202558635394],"Energy":{"Mean":-2740.4838709677415,"Sigma":0.36106463765274277,"Taucorr":0.2834587421831477},"EnergyVariance":{"Mean":10.233610822060353,"Sigma":1.4146444921727637,"Taucorr":0.35948539908550803},"Iteration":11},
{"Acceptance":[0.016062544420753375],"Energy":{"Mean":-2742.4032258064512,"Sigma":0.34110774228793067,"Taucorr":0.29806481562073806},"EnergyVariance":{"Mean":8.966441207075965,"Sigma":0.7836959821380097,"Taucorr":0.014844234993573013},"Iteration":12},
{"Acceptance":[0.015280739161336177],"Energy":{"Mean":-2743.9999999999995,"Sigma":0.40989114736497645,"Taucorr":0.7225667938931544},"EnergyVariance":{"Mean":8.451612903225808,"Sigma":2.8717061391866547,"Taucorr":0.7543064080293216},"Iteration":13},
{"Acceptance":[0.01300639658848614],"Energy":{"Mean":-2746.096774193548,"Sigma":0.11690303591333806,"Taucorr":-0.07082890541983239},"EnergyVariance":{"Mean":1.9583766909469307,"Sigma":0.22506393550057135,"Taucorr":-0.08680835197530451},"Iteration":14},
{"Acceptance":[0.010518834399431415],"Energy":{"Mean":-2746.8790322580644,"Sigma":0.05544415933191343,"Taucorr":-0.1611609744726345},"EnergyVariance":{"Mean":0.5579474505723204,"Sigma":0.30080869316654013,"Taucorr":0.011387563759827857},"Iteration":15},
{"Acceptance":[0.00906183368869936],"Energy":{"Mean":-2746.685483870968,"Sigma":0.1193439402173394,"Taucorr":0.18427069044362077},"EnergyVariance":{"Mean":1.2801118626430803,"Sigma":0.6231018005264135,"Taucorr":0.2189863056630944},"Iteration":16},
{"Acceptance":[0.007107320540156361],"Energy":{"Mean":-2746.282258064516,"Sigma":0.2528711302872961,"Taucorr":0.49696295197108586},"EnergyVariance":{"Mean":3.9445239334027056,"Sigma":1.8516740699788619,"Taucorr":0.47901426350206133},"Iteration":17},
{"Acceptance":[0.007498223169864961],"Energy":{"Mean":-2746.6935483870966,"Sigma":0.09748840392811359,"Taucorr":0.2368973433912963},"EnergyVariance":{"Mean":0.7931841831425599,"Sigma":0.2302685198501265,"Taucorr":0.22847433273827455},"Iteration":18},
{"Acceptance":[0.007782515991471215],"Energy":{"Mean":-2746.8790322580635,"Sigma":0.06120537406777036,"Taucorr":0.16151260504196274},"EnergyVariance":{"Mean":0.3482700312174818,"Sigma":0.16880837041260882,"Taucorr":0.1615126050420168},"Iteration":19},
{"Acceptance":[0.008528784648187633],"Energy":{"Mean":-2746.7822580645156,"Sigma":0.08960931892473756,"Taucorr":0.06117064518517079},"EnergyVariance":{"Mean":0.8800078043704476,"Sigma":0.3986291882579869,"Taucorr":-0.012351891460510411},"Iteration":20},
{"Acceptance":[0.009097370291400142],"Energy":{"Mean":-2746.8145161290313,"Sigma":0.09416279509752118,"Taucorr":0.6133315628735694},"EnergyVariance":{"Mean":0.48978928199791905,"Sigma":0.2391281901697091,"Taucorr":0.5622411365327751},"Iteration":21},
{"Acceptance":[0.007320540156361052],"Energy":{"Mean":-2746.951612903226,"Sigma":0.04838709677419428,"Taucorr":1.509903313490213e-14},"EnergyVariance":{"Mean":0.2879812695109261,"Sigma":0.2856399583766952,"Taucorr":0.0},"Iteration":22},
{"Acceptance":[0.009097370291400142],"Energy":{"Mean":-2747.0,"Sigma":0.0,"Taucorr":null},"EnergyVariance":{"Mean":0.0,"Sigma":0.0,"Taucorr":null},"Iteration":23},
{"Acceptance":[0.006894100923951671],"Energy":{"Mean":-2746.879032258064,"Sigma":0.07039726723482798,"Taucorr":-0.022731439046694335},"EnergyVariance":{"Mean":0.6385926118626433,"Sigma":0.38993890866533265,"Taucorr":-0.018332376969072084},"Iteration":24},
{"Acceptance":[0.008208955223880597],"Energy":{"Mean":-2746.9274193548376,"Sigma":0.0404835496710316,"Taucorr":-0.025619834710229827},"EnergyVariance":{"Mean":0.21247398543184176,"Sigma":0.11557400470584309,"Taucorr":-0.025619834710743805},"Iteration":25},
{"Acceptance":[0.007960199004975124],"Energy":{"Mean":-2746.9838709677415,"Sigma":0.07140626974572473,"Taucorr":0.1947550432275087},"EnergyVariance":{"Mean":0.4513527575442247,"Sigma":0.3191812593636259,"Taucorr":0.04548988198105708},"Iteration":26},
{"Acceptance":[0.00650319829424307],"Energy":{"Mean":-2747.0,"Sigma":0.0,"Taucorr":null},"EnergyVariance":{"Mean":0.0,"Sigma":0.0,"Taucorr":null},"Iteration":27},
{"Acceptance":[0.00650319829424307],"Energy":{"Mean":-2747.0,"Sigma":0.0,"Taucorr":null},"EnergyVariance":{"Mean":0.0,"Sigma":0.0,"Taucorr":null},"Iteration":28},
{"Acceptance":[0.007498223169864961],"Energy":{"Mean":-2747.0,"Sigma":0.0,"Taucorr":null},"EnergyVariance":{"Mean":0.0,"Sigma":0.0,"Taucorr":null},"Iteration":29},
{"Acceptance":[0.006787491115849325],"Energy":{"Mean":-2747.0,"Sigma":0.0,"Taucorr":null},"EnergyVariance":{"Mean":0.0,"Sigma":0.0,"Taucorr":null},"Iteration":30},
{"Acceptance":[0.0066808813077469794],"Energy":{"Mean":-2747.0,"Sigma":0.0,"Taucorr":null},"EnergyVariance":{"Mean":0.0,"Sigma":0.0,"Taucorr":null},"Iteration":31},
{"Acceptance":[0.006716417910447761],"Energy":{"Mean":-2747.0,"Sigma":0.0,"Taucorr":null},"EnergyVariance":{"Mean":0.0,"Sigma":0.0,"Taucorr":null},"Iteration":32},
{"Acceptance":[0.0061833688699360345],"Energy":{"Mean":-2747.0,"Sigma":0.0,"Taucorr":null},"EnergyVariance":{"Mean":0.0,"Sigma":0.0,"Taucorr":null},"Iteration":33},
{"Acceptance":[0.0058280028429282165],"Energy":{"Mean":-2747.0,"Sigma":0.0,"Taucorr":null},"EnergyVariance":{"Mean":0.0,"Sigma":0.0,"Taucorr":null},"Iteration":34},
{"Acceptance":[0.006894100923951671],"Energy":{"Mean":-2746.9758064516122,"Sigma":0.02419354838710766,"Taucorr":3.490541189421492e-13},"EnergyVariance":{"Mean":0.07199531737773153,"Sigma":0.07140998959414081,"Taucorr":2.220446049250313e-16},"Iteration":35},
{"Acceptance":[0.006005685856432125],"Energy":{"Mean":-2746.9758064516122,"Sigma":0.024193548387098276,"Taucorr":8.104628079763643e-14},"EnergyVariance":{"Mean":0.0719953173777315,"Sigma":0.0714099895941408,"Taucorr":0.0},"Iteration":36},
{"Acceptance":[0.005756929637526652],"Energy":{"Mean":-2747.0,"Sigma":0.0,"Taucorr":null},"EnergyVariance":{"Mean":0.0,"Sigma":0.0,"Taucorr":null},"Iteration":37},
{"Acceptance":[0.005650319829424307],"Energy":{"Mean":-2746.991935483871,"Sigma":0.008064516129033679,"Taucorr":1.4144241333724494e-13},"EnergyVariance":{"Mean":0.007999479708636835,"Sigma":0.0079344432882452,"Taucorr":-2.220446049250313e-16},"Iteration":38},
{"Acceptance":[0.005543710021321962],"Energy":{"Mean":-2746.9354838709673,"Sigma":0.05049185755645061,"Taucorr":0.40495495495506906},"EnergyVariance":{"Mean":0.17325702393340267,"Sigma":0.14117126065161623,"Taucorr":0.4569343426690039},"Iteration":39},
{"Acceptance":[0.006929637526652452],"Energy":{"Mean":-2746.9758064516122,"Sigma":0.01779074420191507,"Taucorr":0.3245179063366127},"EnergyVariance":{"Mean":0.023608220603537983,"Sigma":0.016929901740501716,"Taucorr":0.3245179063360877},"Iteration":40},
{"Acceptance":[0.005579246624022744],"Energy":{"Mean":-2746.951612903226,"Sigma":0.03363976389454437,"Taucorr":-0.012704918032673984},"EnergyVariance":{"Mean":0.14281997918834544,"Sigma":0.09766383066156796,"Taucorr":-0.012704918032786339},"Iteration":41},
{"Acceptance":[0.006361051883439943],"Energy":{"Mean":-2747.0,"Sigma":0.0,"Taucorr":null},"EnergyVariance":{"Mean":0.0,"Sigma":0.0,"Taucorr":null},"Iteration":42},
{"Acceptance":[0.005472636815920398],"Energy":{"Mean":-2746.9758064516122,"Sigma":0.02419354838710288,"Taucorr":1.6586731987899839e-13},"EnergyVariance":{"Mean":0.07199531737773153,"Sigma":0.0714099895941408,"Taucorr":0.0},"Iteration":43},
{"Acceptance":[0.005756929637526652],"Energy":{"Mean":-2747.0,"Sigma":0.0,"Taucorr":null},"EnergyVariance":{"Mean":0.0,"Sigma":0.0,"Taucorr":null},"Iteration":44},
{"Acceptance":[0.00589907604832978],"Energy":{"Mean":-2747.0,"Sigma":0.0,"Taucorr":null},"EnergyVariance":{"Mean":0.0,"Sigma":0.0,"Taucorr":null},"Iteration":45},
{"Acceptance":[0.0060767590618336885],"Energy":{"Mean":-2747.0,"Sigma":0.0,"Taucorr":null},"EnergyVariance":{"Mean":0.0,"Sigma":0.0,"Taucorr":null},"Iteration":46},
{"Acceptance":[0.0052238805970149255],"Energy":{"Mean":-2747.0,"Sigma":0.0,"Taucorr":null},"EnergyVariance":{"Mean":0.0,"Sigma":0.0,"Taucorr":null},"Iteration":47},
{"Acceptance":[0.005792466240227434],"Energy":{"Mean":-2746.927419354838,"Sigma":0.06370457309074617,"Taucorr":0.1978723404255115},"EnergyVariance":{"Mean":0.35763527575442233,"Sigma":0.17726060257718887,"Taucorr":0.15284889171819394},"Iteration":48},
{"Acceptance":[0.0060767590618336885],"Energy":{"Mean":-2747.040322580645,"Sigma":0.049318983391688165,"Taucorr":0.4867438867440651},"EnergyVariance":{"Mean":0.15159989594172738,"Sigma":0.1412374366074005,"Taucorr":0.5022228720284057},"Iteration":49},
{"Acceptance":[0.005685856432125089],"Energy":{"Mean":-2747.0,"Sigma":0.0,"Taucorr":null},"EnergyVariance":{"Mean":0.0,"Sigma":0.0,"Taucorr":null},"Iteration":50},
{"Acceptance":[0.004690831556503198],"Energy":{"Mean":-2746.983870967742,"Sigma":0.016129032258062854,"Taucorr":-1.0047518372857667e-13},"EnergyVariance":{"Mean":0.03199791883454735,"Sigma":0.03173777315296613,"Taucorr":-2.220446049250313e-16},"Iteration":51},
{"Acceptance":[0.004548685145700071],"Energy":{"Mean":-2747.0,"Sigma":0.0,"Taucorr":null},"EnergyVariance":{"Mean":0.0,"Sigma":0.0,"Taucorr":null},"Iteration":52},
{"Acceptance":[0.007498223169864961],"Energy":{"Mean":-2746.9919354838707,"Sigma":0.040962661610326634,"Taucorr":0.01200387221688437},"EnergyVariance":{"Mean":0.20154786680541106,"Sigma":0.14565334617484169,"Taucorr":-0.010897787354366362},"Iteration":53},
{"Acceptance":[0.005366027007818052],"Energy":{"Mean":-2747.048387096774,"Sigma":0.04838709677419218,"Taucorr":0.5081967213113705},"EnergyVariance":{"Mean":0.14281997918834546,"Sigma":0.14047866805411455,"Taucorr":0.5081967213114753},"Iteration":54},
{"Acceptance":[0.004975124378109453],"Energy":{"Mean":-2747.0,"Sigma":0.0,"Taucorr":null},"EnergyVariance":{"Mean":0.0,"Sigma":0.0,"Taucorr":null},"Iteration":55},
{"Acceptance":[0.00550817341862118],"Energy":{"Mean":-2747.0,"Sigma":0.0,"Taucorr":null},"EnergyVariance":{"Mean":0.0,"Sigma":0.0,"Taucorr":null},"Iteration":56},
{"Acceptance":[0.004690831556503198],"Energy":{"Mean":-2747.0,"Sigma":0.0,"Taucorr":null},"EnergyVariance":{"Mean":0.0,"Sigma":0.0,"Taucorr":null},"Iteration":57},
{"Acceptance":[0.005650319829424307],"Energy":{"Mean":-2746.9999999999995,"Sigma":0.03478041718202847,"Taucorr":0.012500000000337463},"EnergyVariance":{"Mean":0.1451612903225806,"Sigma":0.10091929168361716,"Taucorr":-0.012704918032786783},"Iteration":58},
{"Acceptance":[0.004939587775408671],"Energy":{"Mean":-2747.0,"Sigma":0.0,"Taucorr":null},"EnergyVariance":{"Mean":0.0,"Sigma":0.0,"Taucorr":null},"Iteration":59},
{"Acceptance":[0.005756929637526652],"Energy":{"Mean":-2747.0,"Sigma":0.0,"Taucorr":null},"EnergyVariance":{"Mean":0.0,"Sigma":0.0,"Taucorr":null},"Iteration":60},
{"Acceptance":[0.005792466240227434],"Energy":{"Mean":-2746.9596774193537,"Sigma":0.08123440643877634,"Taucorr":0.00936250102062064},"EnergyVariance":{"Mean":0.796761186264308,"Sigma":0.5268103332344007,"Taucorr":-0.015115432121190708},"Iteration":61},
{"Acceptance":[0.005472636815920398],"Energy":{"Mean":-2746.9919354838707,"Sigma":0.04096266161034233,"Taucorr":0.012003872217196898},"EnergyVariance":{"Mean":0.20154786680541106,"Sigma":0.14565334617484169,"Taucorr":-0.010897787354366584},"Iteration":62},
{"Acceptance":[0.005188343994314144],"Energy":{"Mean":-2747.0,"Sigma":0.0,"Taucorr":null},"EnergyVariance":{"Mean":0.0,"Sigma":0.0,"Taucorr":null},"Iteration":63},
{"Acceptance":[0.0052238805970149255],"Energy":{"Mean":-2746.9999999999995,"Sigma":0.0777713771047737,"Taucorr":0.1406249999999184},"EnergyVariance":{"Mean":0.5806451612903225,"Sigma":0.3294233918102766,"Taucorr":0.024379139072881806},"Iteration":64},
{"Acceptance":[0.006609808102345416],"Energy":{"Mean":-2746.967741935484,"Sigma":0.0322580645161291,"Taucorr":0.30392156862749087},"EnergyVariance":{"Mean":0.07960457856399583,"Sigma":0.07856399583767099,"Taucorr":0.10607697125215843},"Iteration":65},
{"Acceptance":[0.005756929637526652],"Energy":{"Mean":-2747.064516129033,"Sigma":0.03660259909003315,"Taucorr":-0.024436936936940268},"EnergyVariance":{"Mean":0.17325702393340273,"Sigma":0.09979284645020345,"Taucorr":-0.02182333815005777},"Iteration":66},
{"Acceptance":[0.005970149253731343],"Energy":{"Mean":-2747.1451612903234,"Sigma":0.08812121535255396,"Taucorr":0.6524011299433246},"EnergyVariance":{"Mean":0.4144120707596254,"Sigma":0.2387800674068161,"Taucorr":0.6524011299435031},"Iteration":67},
{"Acceptance":[0.00550817341862118],"Energy":{"Mean":-2747.096774193549,"Sigma":0.07573778633468593,"Taucorr":0.7556250000002307},"EnergyVariance":{"Mean":0.2809573361082206,"Sigma":0.2125544326165309,"Taucorr":0.7556249999999998},"Iteration":68},
{"Acceptance":[0.005046197583511016],"Energy":{"Mean":-2747.120967741936,"Sigma":0.061205374067763135,"Taucorr":0.1615126050418434},"EnergyVariance":{"Mean":0.3482700312174818,"Sigma":0.16880837041266444,"Taucorr":0.1615126050420166},"Iteration":69},
{"Acceptance":[0.006041222459132907],"Energy":{"Mean":-2747.1451612903234,"Sigma":0.0731163029460745,"Taucorr":0.29336158192078277},"EnergyVariance":{"Mean":0.4144120707596254,"Sigma":0.19812159507959978,"Taucorr":0.2933615819209039},"Iteration":70},
{"Acceptance":[0.006965174129353234],"Energy":{"Mean":-2747.129032258064,"Sigma":0.0810473840412944,"Taucorr":0.08291103603601235},"EnergyVariance":{"Mean":0.6930280957336107,"Sigma":0.26856372247744104,"Taucorr":-0.003621873807211351},"Iteration":71},
{"Acceptance":[0.006574271499644634],"Energy":{"Mean":-2747.3709677419356,"Sigma":0.22023660533822514,"Taucorr":0.6313936852491386},"EnergyVariance":{"Mean":2.6365764828303844,"Sigma":0.9117671117979715,"Taucorr":0.443339191485148},"Iteration":72},
{"Acceptance":[0.007320540156361052],"Energy":{"Mean":-2747.766129032258,"Sigma":0.14430752513509218,"Taucorr":0.06271753107589229},"EnergyVariance":{"Mean":2.2759495317377736,"Sigma":0.5157359793537685,"Taucorr":0.023774476368859543},"Iteration":73},
{"Acceptance":[0.009879175550817342],"Energy":{"Mean":-2748.4919354838707,"Sigma":0.13643102109551672,"Taucorr":-0.008823775638425235},"EnergyVariance":{"Mean":2.3305801248699263,"Sigma":0.08134849471031122,"Taucorr":0.002644070750430827},"Iteration":74},
{"Acceptance":[0.009381663113006396],"Energy":{"Mean":-2749.177419354839,"Sigma":0.14900816730299496,"Taucorr":0.26238562091503703},"EnergyVariance":{"Mean":1.7911030176899063,"Sigma":0.20188203312027206,"Taucorr":0.2623856209150326},"Iteration":75},
{"Acceptance":[0.0058280028429282165],"Energy":{"Mean":-2749.7580645161283,"Sigma":0.09453044040059794,"Taucorr":0.32359649122809364},"EnergyVariance":{"Mean":0.6672736732570237,"Sigma":0.23785078552395356,"Taucorr":0.32359649122807055},"Iteration":76},
{"Acceptance":[0.003980099502487562],"Energy":{"Mean":-2749.9758064516122,"Sigma":0.02419354838710409,"Taucorr":2.0672352718520415e-13},"EnergyVariance":{"Mean":0.07199531737773153,"Sigma":0.07140998959414081,"Taucorr":0.0},"Iteration":77},
{"Acceptance":[0.003411513859275053],"Energy":{"Mean":-2749.9435483870966,"Sigma":0.048788656329856114,"Taucorr":-0.004097818902767336},"EnergyVariance":{"Mean":0.2952003121748179,"Sigma":0.2847108490717892,"Taucorr":-0.0006328176706950628},"Iteration":78},
{"Acceptance":[0.005366027007818052],"Energy":{"Mean":-2749.8306451612893,"Sigma":0.07547973520513716,"Taucorr":0.2308913308912257},"EnergyVariance":{"Mean":0.4793834547346513,"Sigma":0.20087348885225564,"Taucorr":0.23089133089133074},"Iteration":79},
{"Acceptance":[0.00550817341862118],"Energy":{"Mean":-2749.951612903226,"Sigma":0.04838709677419196,"Taucorr":0.5081967213113927},"EnergyVariance":{"Mean":0.14281997918834546,"Sigma":0.14047866805411455,"Taucorr":0.5081967213114749},"Iteration":80},
{"Acceptance":[0.005614783226723525],"Energy":{"Mean":-2750.032258064516,"Sigma":0.062154351187083144,"Taucorr":0.009071906354422676},"EnergyVariance":{"Mean":0.4667013527575444,"Sigma":0.39604179047659244,"Taucorr":-0.00462121899316309},"Iteration":81},
{"Acceptance":[0.005046197583511016],"Energy":{"Mean":-2750.0,"Sigma":0.0,"Taucorr":null},"EnergyVariance":{"Mean":0.0,"Sigma":0.0,"Taucorr":null},"Iteration":82},
{"Acceptance":[0.0042643923240938165],"Energy":{"Mean":-2750.0,"Sigma":0.0,"Taucorr":null},"EnergyVariance":{"Mean":0.0,"Sigma":0.0,"Taucorr":null},"Iteration":83},
{"Acceptance":[0.006041222459132907],"Energy":{"Mean":-2750.064516129032,"Sigma":0.06451612903226547,"Taucorr":0.5081967213116472},"EnergyVariance":{"Mean":0.25390218522372526,"Sigma":0.24973985431842585,"Taucorr":0.5081967213114753},"Iteration":84},
{"Acceptance":[0.004406538734896943],"Energy":{"Mean":-2749.935483870968,"Sigma":0.0645161290322612,"Taucorr":3.574918139293004e-14},"EnergyVariance":{"Mean":0.5119667013527577,"Sigma":0.5078043704474582,"Taucorr":0.0},"Iteration":85},
{"Acceptance":[0.00433546552949538],"Energy":{"Mean":-2750.0,"Sigma":0.0,"Taucorr":null},"EnergyVariance":{"Mean":0.0,"Sigma":0.0,"Taucorr":null},"Iteration":86},
{"Acceptance":[0.00472636815920398],"Energy":{"Mean":-2750.0,"Sigma":0.0,"Taucorr":null},"EnergyVariance":{"Mean":0.0,"Sigma":0.0,"Taucorr":null},"Iteration":87},
{"Acceptance":[0.004157782515991471],"Energy":{"Mean":-2750.0,"Sigma":0.0,"Taucorr":null},"EnergyVariance":{"Mean":0.0,"Sigma":0.0,"Taucorr":null},"Iteration":88},
{"Acceptance":[0.004406538734896943],"Energy":{"Mean":-2750.0,"Sigma":0.0,"Taucorr":null},"EnergyVariance":{"Mean":0.0,"Sigma":0.0,"Taucorr":null},"Iteration":89},
{"Acceptance":[0.00433546552949538],"Energy":{"Mean":-2750.0,"Sigma":0.0,"Taucorr":null},"EnergyVariance":{"Mean":0.0,"Sigma":0.0,"Taucorr":null},"Iteration":90},
{"Acceptance":[0.004690831556503198],"Energy":{"Mean":-2750.0,"Sigma":0.0,"Taucorr":null},"EnergyVariance":{"Mean":0.0,"Sigma":0.0,"Taucorr":null},"Iteration":91},
{"Acceptance":[0.005188343994314144],"Energy":{"Mean":-2749.983870967742,"Sigma":0.01612903225806612,"Taucorr":8.038014698286133e-14},"EnergyVariance":{"Mean":0.03199791883454735,"Sigma":0.03173777315296614,"Taucorr":0.0},"Iteration":92},
{"Acceptance":[0.004371002132196162],"Energy":{"Mean":-2750.0,"Sigma":0.0,"Taucorr":null},"EnergyVariance":{"Mean":0.0,"Sigma":0.0,"Taucorr":null},"Iteration":93},
{"Acceptance":[0.005010660980810234],"Energy":{"Mean":-2750.0,"Sigma":0.0,"Taucorr":null},"EnergyVariance":{"Mean":0.0,"Sigma":0.0,"Taucorr":null},"Iteration":94},
{"Acceptance":[0.004832977967306326],"Energy":{"Mean":-2749.9838709677415,"Sigma":0.05429841364711127,"Taucorr":0.01137197358772668},"EnergyVariance":{"Mean":0.35457856399583765,"Sigma":0.29016980975979745,"Taucorr":-0.005917165127873436},"Iteration":95},
{"Acceptance":[0.005259417199715707],"Energy":{"Mean":-2750.1693548387107,"Sigma":0.09446161589901479,"Taucorr":-0.025619834710699174},"EnergyVariance":{"Mean":1.1568028095733613,"Sigma":0.62923624784321,"Taucorr":-0.025619834710743583},"Iteration":96},
{"Acceptance":[0.004761904761904762],"Energy":{"Mean":-2750.0,"Sigma":0.0,"Taucorr":null},"EnergyVariance":{"Mean":0.0,"Sigma":0.0,"Taucorr":null},"Iteration":97},
{"Acceptance":[0.00472636815920398],"Energy":{"Mean":-2750.0,"Sigma":0.0,"Taucorr":null},"EnergyVariance":{"Mean":0.0,"Sigma":0.0,"Taucorr":null},"Iteration":98},
{"Acceptance":[0.004228855721393035],"Energy":{"Mean":-2750.0,"Sigma":0.0,"Taucorr":null},"EnergyVariance":{"Mean":0.0,"Sigma":0.0,"Taucorr":null},"Iteration":99} 
]}