{"Output": [
{"Acceptance":[0.796588486140725],"Energy":{"Mean":-2493.1129032258063,"Sigma":2.627650702370138,"Taucorr":-0.07754531106884571},"EnergyVariance":{"Mean":1005.1485431841833,"Sigma":172.28774551628717,"Taucorr":0.27245679887412344},"Iteration":0},
{"Acceptance":[0.5569296375266525],"Energy":{"Mean":-2530.701612903226,"Sigma":3.3680268336215042,"Taucorr":0.14289269877526845},"EnergyVariance":{"Mean":1085.1448361082207,"Sigma":127.16783017170776,"Taucorr":-0.12596628446057023},"Iteration":1},
{"Acceptance":[0.3081734186211798],"Energy":{"Mean":-2584.016129032258,"Sigma":3.133605044639325,"Taucorr":0.25951258059692406},"EnergyVariance":{"Mean":795.1126430801249,"Sigma":85.94292285771877,"Taucorr":-0.12024047404813243},"Iteration":2},
{"Acceptance":[0.18372423596304194],"Energy":{"Mean":-2629.9274193548385,"Sigma":2.025449424055531,"Taucorr":0.18421422271151988},"EnergyVariance":{"Mean":368.744732049948,"Sigma":42.454059962138714,"Taucorr":-0.07194862521346435},"Iteration":3},
{"Acceptance":[0.12022032693674485],"Energy":{"Mean":-2671.879032258065,"Sigma":1.661343824172434,"Taucorr":0.2610406617191945},"EnergyVariance":{"Mean":223.04181841831422,"Sigma":31.704746561859242,"Taucorr":0.2109072012706601},"Iteration":4},
{"Acceptance":[0.07889125799573561],"Energy":{"Mean":-2694.024193548387,"Sigma":1.2989529922867078,"Taucorr":0.4573140534297121},"EnergyVariance":{"Mean":108.39457596253902,"Sigma":14.896434696412607,"Taucorr":0.02106058569017233},"Iteration":5},
{"Acceptance":[0.056645344705046195],"Energy":{"Mean":-2713.6290322580653,"Sigma":1.2212759372963489,"Taucorr":0.5031182167069177},"EnergyVariance":{"Mean":91.44302809573362,"Sigma":11.639961946542758,"Taucorr":0.1047697655819344},"Iteration":6},
{"Acceptance":[0.041044776119402986],"Energy":{"Mean":-2723.6290322580644,"Sigma":0.8017010617670672,"Taucorr":0.2836080411339741},"EnergyVariance":{"Mean":50.44302809573361,"Sigma":10.98077254164055,"Taucorr":0.3096560562335148},"Iteration":7},
{"Acceptance":[0.029033404406538735],"Energy":{"Mean":-2730.1774193548395,"Sigma":0.47266596169216596,"Taucorr":0.23816159103302936},"EnergyVariance":{"Mean":18.613683662851194,"Sigma":2.6824253894254424,"Taucorr":-0.02833517830768173},"Iteration":8},
{"Acceptance":[0.024307036247334754],"Energy":{"Mean":-2734.25,"Sigma":0.4108737084568447,"Taucorr":0.2540781959291438},"EnergyVariance":{"Mean":13.768145161290322,"Sigma":2.650785719812547,"Taucorr":0.33023987097675},"Iteration":9},
{"Acceptance":[0.01947405828002843],"Energy":{"Mean":-2737.1935483870966,"Sigma":0.5391537671197087,"Taucorr":0.34053059027862587},"EnergyVariance":{"Mean":21.26899063475546,"Sigma":5.400608886233416,"Taucorr":0.325228039304426},"Iteration":10},
{"Acceptance":[0.015245202558635394],"Energy":{"Mean":-2739.354838709678,"Sigma":0.34426448664834297,"Taucorr":0.18347502073470479},"EnergyVariance":{"Mean":10.664412070759628,"Sigma":1.9898373698215885,"Taucorr":0.30798185639740905},"Iteration":11},
{"Acceptance":[0.014854299928926794],"Energy":{"Mean":-2742.008064516129,"Sigma":0.529820910979125,"Taucorr":0.6284686706883718},"EnergyVariance":{"Mean":15.298322060353792,"Sigma":3.0471920763034746,"Taucorr":0.4505346557439348},"Iteration":12},
{"Acceptance":[0.007995735607675906],"Energy":{"Mean":-2745.5080645161293,"Sigma":0.2920275503849689,"Taucorr":0.23819741310661424},"EnergyVariance":{"Mean":7.104773673257022,"Sigma":0.9635411210016769,"Taucorr":-0.008328702951738487},"Iteration":13},
{"Acceptance":[0.0042643923240938165],"Energy":{"Mean":-2746.5564516129025,"Sigma":0.2183484186139165,"Taucorr":0.07473069617424422},"EnergyVariance":{"Mean":5.101651925078043,"Sigma":1.2409504921769496,"Taucorr":0.16179141401804076},"Iteration":14},
{"Acceptance":[0.003411513859275053],"Energy":{"Mean":-2747.1854838709683,"Sigma":0.1727262976968349,"Taucorr":0.08228106747016872},"EnergyVariance":{"Mean":3.151079604578564,"Sigma":0.8037931584490947,"Taucorr":-0.026880543256718625},"Iteration":15},
{"Acceptance":[0.00589907604832978],"Energy":{"Mean":-2748.088709677419,"Sigma":0.2665360198520686,"Taucorr":0.24211526352407808},"EnergyVariance":{"Mean":5.8872918834547345,"Sigma":2.024373348008161,"Taucorr":0.3865759576800335},"Iteration":16},
{"Acceptance":[0.004193319118692253],"Energy":{"Mean":-2748.9838709677415,"Sigma":0.14195991969517685,"Taucorr":0.03000333741238259},"EnergyVariance":{"Mean":2.338449531737773,"Sigma":0.29370451290927824,"Taucorr":0.41646602498775964},"Iteration":17},
{"Acceptance":[0.002345415778251599],"Energy":{"Mean":-2749.7499999999995,"Sigma":0.12961896184130178,"Taucorr":0.12423873325211643},"EnergyVariance":{"Mean":1.6552419354838708,"Sigma":0.43486988776580443,"Taucorr":0.29384590627851015},"Iteration":18},
{"Acceptance":[0.0015636105188343995],"Energy":{"Mean":-2750.1935483870966,"Sigma":0.1528007687217648,"Taucorr":0.16597791988428856},"EnergyVariance":{"Mean":2.1560874089490114,"Sigma":1.1683456475938032,"Taucorr":0.01694016275755783},"Iteration":19},
{"Acceptance":[0.0005685856432125089],"Energy":{"Mean":-2750.1774193548385,"Sigma":0.16155891614319648,"Taucorr":0.020937104263427875},"EnergyVariance":{"Mean":3.081425598335068,"Sigma":1.616677400892832,"Taucorr":-0.02711278586137017},"Iteration":20},
{"Acceptance":[0.0007107320540156361],"Energy":{"Mean":-2750.1774193548395,"Sigma":0.15904349019205716,"Taucorr":0.1603920485921585},"EnergyVariance":{"Mean":2.3556191467221645,"Sigma":1.1440538177972324,"Taucorr":-0.00610947658654637},"Iteration":21},
{"Acceptance":[0.0007818052594171997],"Energy":{"Mean":-2750.233870967743,"Sigma":0.11589731960805806,"Taucorr":0.42937733226009667},"EnergyVariance":{"Mean":0.8888527575442249,"Sigma":0.4239171624456748,"Taucorr":0.500959424971801},"Iteration":22},
{"Acceptance":[0.0008528784648187633],"Energy":{"Mean":-2750.2580645161293,"Sigma":0.0945304404005932,"Taucorr":0.13249251497002223},"EnergyVariance":{"Mean":0.8688865764828304,"Sigma":0.30379364487387694,"Taucorr":0.1321932020471741},"Iteration":23},
{"Acceptance":[0.0011371712864250178],"Energy":{"Mean":-2750.3870967741923,"Sigma":0.15931587177570256,"Taucorr":0.6991107114308153},"EnergyVariance":{"Mean":1.3017689906347554,"Sigma":0.5350196253033217,"Taucorr":0.3533043646594285},"Iteration":24},
{"Acceptance":[0.0018479033404406539],"Energy":{"Mean":-2750.3548387096776,"Sigma":0.13608099340928165,"Taucorr":0.3916038696537659},"EnergyVariance":{"Mean":1.277315296566077,"Sigma":0.4393562670378599,"Taucorr":0.43623333422071386},"Iteration":25},
{"Acceptance":[0.0022032693674484717],"Energy":{"Mean":-2750.524193548386,"Sigma":0.15655688731689052,"Taucorr":0.2631391788218902},"EnergyVariance":{"Mean":1.975221123829345,"Sigma":0.7872259389327425,"Taucorr":0.047505551915781874},"Iteration":26},
{"Acceptance":[0.004015636105188344],"Energy":{"Mean":-2751.1209677419356,"Sigma":0.16634551090298128,"Taucorr":0.06243578445073328},"EnergyVariance":{"Mean":3.0256893860561918,"Sigma":0.7435443092065891,"Taucorr":0.13669692343046025},"Iteration":27},
{"Acceptance":[0.004975124378109453],"Energy":{"Mean":-2751.870967741936,"Sigma":0.16994265626064795,"Taucorr":0.1366584296903839},"EnergyVariance":{"Mean":2.7898022892819982,"Sigma":0.511053283662704,"Taucorr":-0.030926969762125944},"Iteration":28},
{"Acceptance":[0.001990049751243781],"Energy":{"Mean":-2753.2983870967746,"Sigma":0.16289524094131386,"Taucorr":0.1791349771293551},"EnergyVariance":{"Mean":2.4029006243496354,"Sigma":0.9314126108202596,"Taucorr":0.12936892761456642},"Iteration":29},
{"Acceptance":[0.004406538734896943],"Energy":{"Mean":-2752.0967741935483,"Sigma":0.17222352760779533,"Taucorr":0.05872709163348688},"EnergyVariance":{"Mean":3.2648283038501558,"Sigma":0.5386076069254607,"Taucorr":0.21876767799408214},"Iteration":30},
{"Acceptance":[0.0021321961620469083],"Energy":{"Mean":-2753.6935483870966,"Sigma":0.24365873737319824,"Taucorr":0.03242763931565862},"EnergyVariance":{"Mean":6.857700312174819,"Sigma":2.855047558199426,"Taucorr":-0.030245742704329948},"Iteration":31},
{"Acceptance":[0.0020255863539445627],"Energy":{"Mean":-2753.8951612903224,"Sigma":0.23554278243803645,"Taucorr":0.23756308782385682},"EnergyVariance":{"Mean":4.626105619146722,"Sigma":1.135886280855232,"Taucorr":0.34780689103630325},"Iteration":32},
{"Acceptance":[0.004051172707889125],"Energy":{"Mean":-2755.2580645161283,"Sigma":0.2908746244915157,"Taucorr":0.04232010194673452},"EnergyVariance":{"Mean":9.594693028095735,"Sigma":0.8328700784839916,"Taucorr":-0.0014083370258606287},"Iteration":33},
{"Acceptance":[0.007924662402274343],"Energy":{"Mean":-2756.7258064516122,"Sigma":0.3805335174344987,"Taucorr":0.23980398936740033},"EnergyVariance":{"Mean":12.03772112382935,"Sigma":0.7604935905872959,"Taucorr":-0.022878143628669967},"Iteration":34},
{"Acceptance":[0.0048685145700071075],"Energy":{"Mean":-2760.677419354838,"Sigma":0.2038584622542675,"Taucorr":0.1035523405823896},"EnergyVariance":{"Mean":4.234651404786679,"Sigma":0.7539538086394842,"Taucorr":0.012935352559780622},"Iteration":35},
{"Acceptance":[0.0060767590618336885],"Energy":{"Mean":-2759.943548387096,"Sigma":0.36546289645518204,"Taucorr":0.33858748696980345},"EnergyVariance":{"Mean":9.795200312174817,"Sigma":1.7291137758798347,"Taucorr":0.2249249983252336},"Iteration":36},
{"Acceptance":[0.0029850746268656717],"Energy":{"Mean":-2761.056451612903,"Sigma":0.22945402631196582,"Taucorr":0.34597203106149443},"EnergyVariance":{"Mean":3.827458376690947,"Sigma":0.9866998194371104,"Taucorr":0.1899570905160628},"Iteration":37},
{"Acceptance":[0.0007818052594171997],"Energy":{"Mean":-2761.806451612903,"Sigma":0.08336801220844307,"Taucorr":0.2225483729109462},"EnergyVariance":{"Mean":0.5915712799167534,"Sigma":0.28347544654611695,"Taucorr":0.05775552999419831},"Iteration":38},
{"Acceptance":[0.00028429282160625445],"Energy":{"Mean":-2761.951612903226,"Sigma":0.035581488403822144,"Taucorr":-0.010147299508857122},"EnergyVariance":{"Mean":0.15894901144641,"Sigma":0.12860054719873595,"Taucorr":-0.005821639123296529},"Iteration":39},
{"Acceptance":[0.00014214641080312722],"Energy":{"Mean":-2761.9677419354834,"Sigma":0.03225806451614385,"Taucorr":0.508196721311986},"EnergyVariance":{"Mean":0.06347554630593132,"Sigma":0.062434963579577125,"Taucorr":0.5081967213114753},"Iteration":40},
{"Acceptance":[0.00028429282160625445],"Energy":{"Mean":-2762.0,"Sigma":0.0,"Taucorr":null},"EnergyVariance":{"Mean":0.0,"Sigma":0.0,"Taucorr":null},"Iteration":41},
{"Acceptance":[0.00028429282160625445],"Energy":{"Mean":-2761.959677419354,"Sigma":0.04032258064517317,"Taucorr":2.313704783318826e-13},"EnergyVariance":{"Mean":0.19998699271592085,"Sigma":0.19836108220598336,"Taucorr":0.0},"Iteration":42},
{"Acceptance":[0.00028429282160625445],"Energy":{"Mean":-2761.991935483871,"Sigma":0.08398978349909104,"Taucorr":0.022331845587706955},"EnergyVariance":{"Mean":0.8305801248699273,"Sigma":0.5833887710167033,"Taucorr":-0.01203673729161392},"Iteration":43},
{"Acceptance":[0.00035536602700781805],"Energy":{"Mean":-2762.185483870968,"Sigma":0.1939847232149803,"Taucorr":0.5078426374373759},"EnergyVariance":{"Mean":2.296240894901145,"Sigma":2.2504390263210454,"Taucorr":0.5080041867817717},"Iteration":44},
{"Acceptance":[0.00014214641080312722],"Energy":{"Mean":-2762.064516129032,"Sigma":0.06451612903226286,"Taucorr":6.039613253960852e-14},"EnergyVariance":{"Mean":0.5119667013527577,"Sigma":0.5078043704474582,"Taucorr":0.0},"Iteration":45},
{"Acceptance":[0.00021321961620469082],"Energy":{"Mean":-2762.2580645161297,"Sigma":0.14641039636013276,"Taucorr":-0.024436936936933107},"EnergyVariance":{"Mean":2.772112382934443,"Sigma":1.5966855432040452,"Taucorr":-0.021823338150059546},"Iteration":46},
{"Acceptance":[0.00035536602700781805],"Energy":{"Mean":-2762.1612903225814,"Sigma":0.1972759335667273,"Taucorr":0.9493383742911552},"EnergyVariance":{"Mean":1.651404786680541,"Sigma":1.4878452541942893,"Taucorr":0.995481411077004},"Iteration":47},
{"Acceptance":[7.107320540156361e-05],"Energy":{"Mean":-2762.0,"Sigma":0.0,"Taucorr":null},"EnergyVariance":{"Mean":0.0,"Sigma":0.0,"Taucorr":null},"Iteration":48},
{"Acceptance":[0.00035536602700781805],"Energy":{"Mean":-2762.4032258064512,"Sigma":0.24802375324017562,"Taucorr":0.5113846581820158},"EnergyVariance":{"Mean":3.740634755463059,"Sigma":1.7389254862853245,"Taucorr":0.4912715305183536},"Iteration":49},
{"Acceptance":[0.00035536602700781805],"Energy":{"Mean":-2762.2500000000005,"Sigma":0.14710467343438685,"Taucorr":-0.022013034033290524},"EnergyVariance":{"Mean":2.7842741935483866,"Sigma":1.59838323133532,"Taucorr":-0.02214038365426141},"Iteration":50},
{"Acceptance":[0.0006396588486140725],"Energy":{"Mean":-2762.370967741935,"Sigma":0.2839503798991713,"Taucorr":0.2975605673877565},"EnergyVariance":{"Mean":6.217221644120708,"Sigma":4.303618629009151,"Taucorr":0.2623335002721968},"Iteration":51},
{"Acceptance":[0.0013503909026297085],"Energy":{"Mean":-2763.5483870967746,"Sigma":0.4904216085624641,"Taucorr":0.6303037531806794},"EnergyVariance":{"Mean":13.08636836628512,"Sigma":3.9882435930838094,"Taucorr":0.7686564828435991},"Iteration":52},
{"Acceptance":[0.0020966595593461266],"Energy":{"Mean":-2764.0322580645166,"Sigma":0.4237159501154427,"Taucorr":0.2441475559295666},"EnergyVariance":{"Mean":14.837669094693032,"Sigma":3.264121374531457,"Taucorr":0.11897637354586721},"Iteration":53},
{"Acceptance":[0.006147832267235252],"Energy":{"Mean":-2768.9032258064512,"Sigma":0.566739094757173,"Taucorr":0.02306293397993142},"EnergyVariance":{"Mean":37.76482830385015,"Sigma":3.6461163446985116,"Taucorr":-0.17519472867326863},"Iteration":54},
{"Acceptance":[0.007782515991471215],"Energy":{"Mean":-2770.612903225807,"Sigma":0.7088949743326258,"Taucorr":0.13686930417067844},"EnergyVariance":{"Mean":48.52757544224766,"Sigma":4.857575936714732,"Taucorr":0.07651619711504631},"Iteration":55},
{"Acceptance":[0.0031982942430703624],"Energy":{"Mean":-2778.709677419355,"Sigma":0.5832676738231626,"Taucorr":0.1282464691913432},"EnergyVariance":{"Mean":33.30280957336109,"Sigma":5.79379796507828,"Taucorr":0.16108182573176733},"Iteration":56},
{"Acceptance":[0.0020966595593461266],"Energy":{"Mean":-2778.806451612903,"Sigma":0.7205424402873607,"Taucorr":0.41663629574306826},"EnergyVariance":{"Mean":34.83350676378772,"Sigma":7.670893320669446,"Taucorr":0.5596804245754683},"Iteration":57},
{"Acceptance":[0.0005685856432125089],"Energy":{"Mean":-2780.83870967742,"Sigma":0.47540989488878027,"Taucorr":0.6043154761904543},"EnergyVariance":{"Mean":12.586888657648284,"Sigma":4.6007409182791665,"Taucorr":0.6043154761904761},"Iteration":58},
{"Acceptance":[0.00028429282160625445],"Energy":{"Mean":-2781.870967741935,"Sigma":0.12903225806451843,"Taucorr":0.5081967213114678},"EnergyVariance":{"Mean":1.015608740894901,"Sigma":0.9989594172735863,"Taucorr":0.5081967213114753},"Iteration":59},
{"Acceptance":[0.00035536602700781805],"Energy":{"Mean":-2781.7096774193546,"Sigma":0.15515201277788251,"Taucorr":-0.02875124213311514},"EnergyVariance":{"Mean":3.141519250780437,"Sigma":1.5801309516880027,"Taucorr":-0.03135828077428965},"Iteration":60},
{"Acceptance":[7.107320540156361e-05],"Energy":{"Mean":-2782.0,"Sigma":0.0,"Taucorr":null},"EnergyVariance":{"Mean":0.0,"Sigma":0.0,"Taucorr":null},"Iteration":61},
{"Acceptance":[0.0],"Energy":{"Mean":-2782.0,"Sigma":0.0,"Taucorr":null},"EnergyVariance":{"Mean":0.0,"Sigma":0.0,"Taucorr":null},"Iteration":62},
{"Acceptance":[7.107320540156361e-05],"Energy":{"Mean":-2782.0,"Sigma":0.0,"Taucorr":null},"EnergyVariance":{"Mean":0.0,"Sigma":0.0,"Taucorr":null},"Iteration":63},
{"Acceptance":[0.00014214641080312722],"Energy":{"Mean":-2781.9758064516122,"Sigma":0.02419354838710572,"Taucorr":2.871036741680655e-13},"EnergyVariance":{"Mean":0.07199531737773153,"Sigma":0.0714099895941408,"Taucorr":0.0},"Iteration":64},
{"Acceptance":[7.107320540156361e-05],"Energy":{"Mean":-2782.0,"Sigma":0.0,"Taucorr":null},"EnergyVariance":{"Mean":0.0,"Sigma":0.0,"Taucorr":null},"Iteration":65},
{"Acceptance":[0.00014214641080312722],"Energy":{"Mean":-2782.0,"Sigma":0.0,"Taucorr":null},"EnergyVariance":{"Mean":0.0,"Sigma":0.0,"Taucorr":null},"Iteration":66},
{"Acceptance":[0.0],"Energy":{"Mean":-2782.0,"Sigma":0.0,"Taucorr":null},"EnergyVariance":{"Mean":0.0,"Sigma":0.0,"Taucorr":null},"Iteration":67},
{"Acceptance":[0.0],"Energy":{"Mean":-2782.0,"Sigma":0.0,"Taucorr":null},"EnergyVariance":{"Mean":0.0,"Sigma":0.0,"Taucorr":null},"Iteration":68},
{"Acceptance":[7.107320540156361e-05],"Energy":{"Mean":-2782.0,"Sigma":0.0,"Taucorr":null},"EnergyVariance":{"Mean":0.0,"Sigma":0.0,"Taucorr":null},"Iteration":69},
{"Acceptance":[7.107320540156361e-05],"Energy":{"Mean":-2781.854838709677,"Sigma":0.10091929168362404,"Taucorr":-0.012704918032735157},"EnergyVariance":{"Mean":1.2853798126951095,"Sigma":0.8789744759540196,"Taucorr":-0.012704918032786894},"Iteration":70},
{"Acceptance":[7.107320540156361e-05],"Energy":{"Mean":-2781.927419354839,"Sigma":0.07258064516129309,"Taucorr":3.885780586188048e-14},"EnergyVariance":{"Mean":0.6479578563995838,"Sigma":0.6426899063475973,"Taucorr":0.0},"Iteration":71},
{"Acceptance":[0.0],"Energy":{"Mean":-2782.0,"Sigma":0.0,"Taucorr":null},"EnergyVariance":{"Mean":0.0,"Sigma":0.0,"Taucorr":null},"Iteration":72},
{"Acceptance":[0.00014214641080312722],"Energy":{"Mean":-2782.0,"Sigma":0.0,"Taucorr":null},"EnergyVariance":{"Mean":0.0,"Sigma":0.0,"Taucorr":null},"Iteration":73},
{"Acceptance":[7.107320540156361e-05],"Energy":{"Mean":-2782.0,"Sigma":0.0,"Taucorr":null},"EnergyVariance":{"Mean":0.0,"Sigma":0.0,"Taucorr":null},"Iteration":74},
{"Acceptance":[0.0],"Energy":{"Mean":-2782.0,"Sigma":0.0,"Taucorr":null},"EnergyVariance":{"Mean":0.0,"Sigma":0.0,"Taucorr":null},"Iteration":75},
{"Acceptance":[0.0],"Energy":{"Mean":-2782.0,"Sigma":0.0,"Taucorr":null},"EnergyVariance":{"Mean":0.0,"Sigma":0.0,"Taucorr":null},"Iteration":76},
{"Acceptance":[7.107320540156361e-05],"Energy":{"Mean":-2781.983870967742,"Sigma":0.016129032258062854,"Taucorr":0.5081967213112779},"EnergyVariance":{"Mean":0.015868886576482825,"Sigma":0.015608740894901616,"Taucorr":0.5081967213114753},"Iteration":77},
{"Acceptance":[0.0],"Energy":{"Mean":-2782.0,"Sigma":0.0,"Taucorr":null},"EnergyVariance":{"Mean":0.0,"Sigma":0.0,"Taucorr":null},"Iteration":78},
{"Acceptance":[0.00017768301350390902],"Energy":{"Mean":-2782.0,"Sigma":0.0,"Taucorr":null},"EnergyVariance":{"Mean":0.0,"Sigma":0.0,"Taucorr":null},"Iteration":79},
{"Acceptance":[0.00017768301350390902],"Energy":{"Mean":-2782.0,"Sigma":0.0,"Taucorr":null},"EnergyVariance":{"Mean":0.0,"Sigma":0.0,"Taucorr":null},"Iteration":80},
{"Acceptance":[7.107320540156361e-05],"Energy":{"Mean":-2782.0,"Sigma":0.0,"Taucorr":null},"EnergyVariance":{"Mean":0.0,"Sigma":0.0,"Taucorr":null},"Iteration":81},
{"Acceptance":[7.107320540156361e-05],"Energy":{"Mean":-2782.0,"Sigma":0.0,"Taucorr":null},"EnergyVariance":{"Mean":0.0,"Sigma":0.0,"Taucorr":null},"Iteration":82},
{"Acceptance":[0.00014214641080312722],"Energy":{"Mean":-2781.9677419354834,"Sigma":0.03225806451613384,"Taucorr":1.2723155862204294e-13},"EnergyVariance":{"Mean":0.12799167533818942,"Sigma":0.12695109261183518,"Taucorr":-2.220446049250313e-16},"Iteration":83},
{"Acceptance":[0.0],"Energy":{"Mean":-2782.0,"Sigma":0.0,"Taucorr":null},"EnergyVariance":{"Mean":0.0,"Sigma":0.0,"Taucorr":null},"Iteration":84},
{"Acceptance":[7.107320540156361e-05],"Energy":{"Mean":-2782.0,"Sigma":0.0,"Taucorr":null},"EnergyVariance":{"Mean":0.0,"Sigma":0.0,"Taucorr":null},"Iteration":85},
{"Acceptance":[7.107320540156361e-05],"Energy":{"Mean":-2782.0,"Sigma":0.0,"Taucorr":null},"EnergyVariance":{"Mean":0.0,"Sigma":0.0,"Taucorr":null},"Iteration":86},
{"Acceptance":[0.00028429282160625445],"Energy":{"Mean":-2781.967741935484,"Sigma":0.032258064516128726,"Taucorr":-2.1094237467877974e-15},"EnergyVariance":{"Mean":0.1279916753381894,"Sigma":0.12695109261186452,"Taucorr":-2.220446049250313e-16},"Iteration":87},
{"Acceptance":[0.0],"Energy":{"Mean":-2782.0,"Sigma":0.0,"Taucorr":null},"EnergyVariance":{"Mean":0.0,"Sigma":0.0,"Taucorr":null},"Iteration":88},
{"Acceptance":[0.0],"Energy":{"Mean":-2782.0,"Sigma":0.0,"Taucorr":null},"EnergyVariance":{"Mean":0.0,"Sigma":0.0,"Taucorr":null},"Iteration":89},
{"Acceptance":[7.107320540156361e-05],"Energy":{"Mean":-2781.9758064516127,"Sigma":0.024193548387096638,"Taucorr":-9.2148511043888e-15},"EnergyVariance":{"Mean":0.07199531737773152,"Sigma":0.0714099895941628,"Taucorr":0.0},"Iteration":90},
{"Acceptance":[7.107320540156361e-05],"Energy":{"Mean":-2782.0,"Sigma":0.0,"Taucorr":null},"EnergyVariance":{"Mean":0.0,"Sigma":0.0,"Taucorr":null},"Iteration":91},
{"Acceptance":[7.107320540156361e-05],"Energy":{"Mean":-2782.0,"Sigma":0.0,"Taucorr":null},"EnergyVariance":{"Mean":0.0,"Sigma":0.0,"Taucorr":null},"Iteration":92},
{"Acceptance":[0.00014214641080312722],"Energy":{"Mean":-2782.0,"Sigma":0.0,"Taucorr":null},"EnergyVariance":{"Mean":0.0,"Sigma":0.0,"Taucorr":null},"Iteration":93},
{"Acceptance":[0.0],"Energy":{"Mean":-2782.0,"Sigma":0.0,"Taucorr":null},"EnergyVariance":{"Mean":0.0,"Sigma":0.0,"Taucorr":null},"Iteration":94},
{"Acceptance":[0.0],"Energy":{"Mean":-2782.0,"Sigma":0.0,"Taucorr":null},"EnergyVariance":{"Mean":0.0,"Sigma":0.0,"Taucorr":null},"Iteration":95},
{"Acceptance":[0.0],"Energy":{"Mean":-2782.0,"Sigma":0.0,"Taucorr":null},"EnergyVariance":{"Mean":0.0,"Sigma":0.0,"Taucorr":null},"Iteration":96},
{"Acceptance":[0.0],"Energy":{"Mean":-2782.0,"Sigma":0.0,"Taucorr":null},"EnergyVariance":{"Mean":0.0,"Sigma":0.0,"Taucorr":null},"Iteration":97},
{"Acceptance":[0.00021321961620469082],"Energy":{"Mean":-2782.0,"Sigma":0.0,"Taucorr":null},"EnergyVariance":{"Mean":0.0,"Sigma":0.0,"Taucorr":null},"Iteration":98},
{"Acceptance":[0.00021321961620469082],"Energy":{"Mean":-2782.0,"Sigma":0.0,"Taucorr":null},"EnergyVariance":{"Mean":0.0,"Sigma":0.0,"Taucorr":null},"Iteration":99} 
]}