{"Output": [
{"Acceptance":[0.8759811616954474],"Energy":{"Mean":-511.39516129032273,"Sigma":1.4085364837357164,"Taucorr":0.09562277386871654},"EnergyVariance":{"Mean":204.8519120707596,"Sigma":33.756449112645925,"Taucorr":0.05740030035936661},"Iteration":0},
{"Acceptance":[0.8705651491365777],"Energy":{"Mean":-509.05645161290323,"Sigma":1.0665181565016906,"Taucorr":-0.16612488534406056},"EnergyVariance":{"Mean":209.52100676378774,"Sigma":16.969562742956775,"Taucorr":-0.2074955306215372},"Iteration":1},
{"Acceptance":[0.8463893249607536],"Energy":{"Mean":-514.5,"Sigma":1.2505912580150476,"Taucorr":-0.0035216251092693995},"EnergyVariance":{"Mean":193.7338709677419,"Sigma":31.22282460436137,"Taucorr":0.0458297685813609},"Iteration":2},
{"Acceptance":[0.8110675039246468],"Energy":{"Mean":-514.3870967741933,"Sigma":1.4271672215204634,"Taucorr":0.09245665895612176},"EnergyVariance":{"Mean":211.43080124869928,"Sigma":29.57154492299707,"Taucorr":0.09892352770958146},"Iteration":3},
{"Acceptance":[0.7824175824175824],"Energy":{"Mean":-515.024193548387,"Sigma":1.7407341038357,"Taucorr":0.2130122947505254},"EnergyVariance":{"Mean":261.3623178980229,"Sigma":31.88542782820023,"Taucorr":-0.07614346113816978},"Iteration":4},
{"Acceptance":[0.7248822605965463],"Energy":{"Mean":-520.3629032258063,"Sigma":1.778675911629927,"Taucorr":0.4031099863884129},"EnergyVariance":{"Mean":215.44088189386056,"Sigma":23.026517079851008,"Taucorr":-0.13122548346146695},"Iteration":5},
{"Acceptance":[0.6450549450549451],"Energy":{"Mean":-528.0161290322579,"Sigma":1.5738938547791839,"Taucorr":0.14149363502821077},"EnergyVariance":{"Mean":237.48361082206037,"Sigma":29.996333339417777,"Taucorr":0.0654413232689276},"Iteration":6},
{"Acceptance":[0.5748822605965463],"Energy":{"Mean":-535.2741935483873,"Sigma":1.6164624706999613,"Taucorr":0.26543658528425496},"EnergyVariance":{"Mean":209.940946930281,"Sigma":25.598377947576765,"Taucorr":-0.03168647591643553},"Iteration":7},
{"Acceptance":[0.5087912087912088],"Energy":{"Mean":-546.7177419354838,"Sigma":1.3747796468343516,"Taucorr":0.12187557738217258},"EnergyVariance":{"Mean":186.91226586888658,"Sigma":25.80375902822389,"Taucorr":0.048571640614713196},"Iteration":8},
{"Acceptance":[0.4407378335949764],"Energy":{"Mean":-554.475806451613,"Sigma":1.5196010918399625,"Taucorr":0.21425331781156431},"EnergyVariance":{"Mean":198.83005983350674,"Sigma":23.67625061324445,"Taucorr":0.017357403399860916},"Iteration":9},
{"Acceptance":[0.3832025117739403],"Energy":{"Mean":-562.6129032258063,"Sigma":1.0181708449863893,"Taucorr":0.21991237398068253},"EnergyVariance":{"Mean":88.5598335067638,"Sigma":16.38068805562974,"Taucorr":0.021263655056591002},"Iteration":10},
{"Acceptance":[0.33335949764521194],"Energy":{"Mean":-570.3548387096774,"Sigma":1.1843953015423725,"Taucorr":0.004361070808278078},"EnergyVariance":{"Mean":171.05150884495313,"Sigma":36.13515496994261,"Taucorr":0.18545744697131705},"Iteration":11},
{"Acceptance":[0.28751962323390895],"Energy":{"Mean":-578.459677419355,"Sigma":1.0504157378570875,"Taucorr":0.12463440931669079},"EnergyVariance":{"Mean":108.63547086368365,"Sigma":11.02852767660472,"Taucorr":-0.16420698743392392},"Iteration":12},
{"Acceptance":[0.2514913657770801],"Energy":{"Mean":-584.1612903225807,"Sigma":1.1427981827242069,"Taucorr":0.24890075971106196},"EnergyVariance":{"Mean":107.24817898022893,"Sigma":16.585203974987017,"Taucorr":0.10150688252082596},"Iteration":13},
{"Acceptance":[0.23061224489795917],"Energy":{"Mean":-589.5241935483873,"Sigma":1.1648615935314472,"Taucorr":0.3153650531399387},"EnergyVariance":{"Mean":102.3461888657648,"Sigma":13.149183774896295,"Taucorr":-0.03772916126792941},"Iteration":14},
{"Acceptance":[0.20313971742543172],"Energy":{"Mean":-594.0241935483871,"Sigma":0.9883294011628464,"Taucorr":0.3301681671479516},"EnergyVariance":{"Mean":72.3623178980229,"Sigma":13.134742308924654,"Taucorr":0.5395290938200166},"Iteration":15},
{"Acceptance":[0.18053375196232338],"Energy":{"Mean":-597.3548387096773,"Sigma":0.6888878166029868,"Taucorr":0.07734844586249501},"EnergyVariance":{"Mean":50.551508844953176,"Sigma":7.919505014545734,"Taucorr":-0.04079409389633648},"Iteration":16},
{"Acceptance":[0.1653061224489796],"Energy":{"Mean":-602.4193548387096,"Sigma":0.5948238983064907,"Taucorr":0.15107885109363928},"EnergyVariance":{"Mean":33.42091571279916,"Sigma":4.605640560984007,"Taucorr":0.08838630562563266},"Iteration":17},
{"Acceptance":[0.15934065934065933],"Energy":{"Mean":-602.3951612903227,"Sigma":0.8077892132922673,"Taucorr":0.3535940515303456},"EnergyVariance":{"Mean":47.01320239334028,"Sigma":5.511788231380177,"Taucorr":0.009225314154588604},"Iteration":18},
{"Acceptance":[0.1509419152276295],"Energy":{"Mean":-605.0806451612901,"Sigma":0.5027327333477798,"Taucorr":0.04244069396908279},"EnergyVariance":{"Mean":28.65478668054111,"Sigma":4.218404776998768,"Taucorr":0.18492700771718307},"Iteration":19},
{"Acceptance":[0.1368916797488226],"Energy":{"Mean":-607.3467741935482,"Sigma":0.5610183496312521,"Taucorr":0.1826390210897082},"EnergyVariance":{"Mean":28.35555411030177,"Sigma":3.815488671003967,"Taucorr":0.11456977465732687},"Iteration":20},
{"Acceptance":[0.1315541601255887],"Energy":{"Mean":-608.3709677419354,"Sigma":0.4842785022146368,"Taucorr":0.06014058253604704},"EnergyVariance":{"Mean":25.749479708636844,"Sigma":3.860882118989684,"Taucorr":-0.023279848523133972},"Iteration":21},
{"Acceptance":[0.1326530612244898],"Energy":{"Mean":-610.9354838709677,"Sigma":0.631601452991865,"Taucorr":0.4214544290934664},"EnergyVariance":{"Mean":26.62486992715921,"Sigma":4.83586088649784,"Taucorr":0.4115388813721601},"Iteration":22},
{"Acceptance":[0.12731554160125588],"Energy":{"Mean":-611.2258064516127,"Sigma":0.6372566833480207,"Taucorr":0.23322093573860336},"EnergyVariance":{"Mean":34.061914672216446,"Sigma":6.190880568982332,"Taucorr":0.04287452498492628},"Iteration":23},
{"Acceptance":[0.11671899529042386],"Energy":{"Mean":-613.1774193548388,"Sigma":0.48681452336547676,"Taucorr":0.12189029737259827},"EnergyVariance":{"Mean":23.436264308012483,"Sigma":4.179789212763597,"Taucorr":-0.09016114129552222},"Iteration":24},
{"Acceptance":[0.10973312401883831],"Energy":{"Mean":-614.1612903225808,"Sigma":0.5380106210598676,"Taucorr":0.3352537655933441},"EnergyVariance":{"Mean":21.312695109261192,"Sigma":2.3111482165444954,"Taucorr":0.0017992443665553193},"Iteration":25},
{"Acceptance":[0.10266875981161695],"Energy":{"Mean":-614.8629032258065,"Sigma":0.4967418995228718,"Taucorr":0.11561603790759367},"EnergyVariance":{"Mean":24.650559313215407,"Sigma":5.741411068425209,"Taucorr":0.24895645140911016},"Iteration":26},
{"Acceptance":[0.10039246467817896],"Energy":{"Mean":-616.0806451612904,"Sigma":0.5101637804663866,"Taucorr":0.051762574767064695},"EnergyVariance":{"Mean":29.00962539021852,"Sigma":5.586472510811054,"Taucorr":0.38628499354326384},"Iteration":27},
{"Acceptance":[0.0880690737833595],"Energy":{"Mean":-617.1774193548387,"Sigma":0.6191601956694962,"Taucorr":0.4796928881057615},"EnergyVariance":{"Mean":24.065296566077002,"Sigma":4.583417887569805,"Taucorr":0.29095189961701406},"Iteration":28},
{"Acceptance":[0.07919937205651491],"Energy":{"Mean":-619.3064516129031,"Sigma":0.43234632384138844,"Taucorr":0.19320595479003544},"EnergyVariance":{"Mean":16.58350676378772,"Sigma":2.3783472912216963,"Taucorr":0.03454477691772817},"Iteration":29},
{"Acceptance":[0.07252747252747253],"Energy":{"Mean":-620.1451612903227,"Sigma":0.41555349046051976,"Taucorr":0.30426525345258415},"EnergyVariance":{"Mean":13.204734651404786,"Sigma":1.7495246284820596,"Taucorr":0.07462532324579951},"Iteration":30},
{"Acceptance":[0.058320251177394034],"Energy":{"Mean":-621.0322580645161,"Sigma":0.4528496889596389,"Taucorr":0.7068219157622171},"EnergyVariance":{"Mean":10.450572320499482,"Sigma":1.9429954167400876,"Taucorr":0.3904548991831739},"Iteration":31},
{"Acceptance":[0.06248037676609105],"Energy":{"Mean":-621.3064516129031,"Sigma":0.41602795304842466,"Taucorr":0.47169191859224646},"EnergyVariance":{"Mean":10.954474505723203,"Sigma":2.0328812929257736,"Taucorr":0.4122223610791286},"Iteration":32},
{"Acceptance":[0.05078492935635793],"Energy":{"Mean":-622.5000000000001,"Sigma":0.2684082911399839,"Taucorr":0.19456384323639786},"EnergyVariance":{"Mean":6.379032258064516,"Sigma":1.0312242807312493,"Taucorr":0.1609380915324118},"Iteration":33},
{"Acceptance":[0.05565149136577708],"Energy":{"Mean":-621.9838709677418,"Sigma":0.3466303777799399,"Taucorr":0.3345271322384574},"EnergyVariance":{"Mean":8.85457856399584,"Sigma":1.5078929741693858,"Taucorr":0.10991032341139206},"Iteration":34},
{"Acceptance":[0.05],"Energy":{"Mean":-622.2903225806452,"Sigma":0.3680990060456829,"Taucorr":0.46250826322114835},"EnergyVariance":{"Mean":8.657648283038503,"Sigma":1.5611735910483822,"Taucorr":0.21663390476259548},"Iteration":35},
{"Acceptance":[0.04686028257456829],"Energy":{"Mean":-623.4354838709677,"Sigma":0.41347721360931533,"Taucorr":0.5476366676170932},"EnergyVariance":{"Mean":10.036160249739853,"Sigma":2.3030895685457016,"Taucorr":0.011622477714649748},"Iteration":36},
{"Acceptance":[0.04521193092621664],"Energy":{"Mean":-624.3548387096773,"Sigma":0.31575438629760866,"Taucorr":0.165552465126779},"EnergyVariance":{"Mean":9.212799167533818,"Sigma":2.6342251411076205,"Taucorr":0.4279531607942878},"Iteration":37},
{"Acceptance":[0.04466248037676609],"Energy":{"Mean":-624.483870967742,"Sigma":0.32106498769990144,"Taucorr":0.4790042985697951},"EnergyVariance":{"Mean":6.475546305931321,"Sigma":1.3465416486922772,"Taucorr":0.530608442851582},"Iteration":38},
{"Acceptance":[0.041601255886970175],"Energy":{"Mean":-625.1451612903226,"Sigma":0.20666781354229974,"Taucorr":-0.020570010920644533},"EnergyVariance":{"Mean":5.478928199791882,"Sigma":1.046340668580321,"Taucorr":-0.045033596438694146},"Iteration":39},
{"Acceptance":[0.0434850863422292],"Energy":{"Mean":-625.4677419354839,"Sigma":0.19836086897175528,"Taucorr":0.052728920316121086},"EnergyVariance":{"Mean":4.377991675338188,"Sigma":0.8189724315720863,"Taucorr":-0.022831463170629895},"Iteration":40},
{"Acceptance":[0.0521978021978022],"Energy":{"Mean":-624.6612903225806,"Sigma":0.336120415550093,"Taucorr":0.22658192551484357},"EnergyVariance":{"Mean":9.562695109261186,"Sigma":2.568066128619719,"Taucorr":0.26446032359706984},"Iteration":41},
{"Acceptance":[0.04222919937205651],"Energy":{"Mean":-625.3467741935483,"Sigma":0.2831935343016787,"Taucorr":0.28000658253367183},"EnergyVariance":{"Mean":6.323296045785639,"Sigma":1.0703408017360185,"Taucorr":0.21654494403447844},"Iteration":42},
{"Acceptance":[0.041679748822605965],"Energy":{"Mean":-625.6935483870967,"Sigma":0.2810573539551678,"Taucorr":0.30496896417950115},"EnergyVariance":{"Mean":6.035119667013526,"Sigma":0.9751544501472622,"Taucorr":0.08061298625569036},"Iteration":43},
{"Acceptance":[0.04270015698587127],"Energy":{"Mean":-625.1129032258066,"Sigma":0.3489305299648982,"Taucorr":0.3577864699746509},"EnergyVariance":{"Mean":8.729188345473466,"Sigma":2.231947318443289,"Taucorr":0.14510890427343448},"Iteration":44},
{"Acceptance":[0.03948194662480377],"Energy":{"Mean":-626.6290322580645,"Sigma":0.24834694550498934,"Taucorr":0.21815125843471672},"EnergyVariance":{"Mean":5.2817377731529644,"Sigma":1.345526304727437,"Taucorr":0.15642475657411026},"Iteration":45},
{"Acceptance":[0.04254317111459969],"Energy":{"Mean":-626.0161290322584,"Sigma":0.32356704027534333,"Taucorr":0.2889667208568244},"EnergyVariance":{"Mean":8.161030176899063,"Sigma":2.2987383407085873,"Taucorr":0.13276140693863514},"Iteration":46},
{"Acceptance":[0.03948194662480377],"Energy":{"Mean":-627.1451612903226,"Sigma":0.24559949518692598,"Taucorr":0.5468981719403805},"EnergyVariance":{"Mean":3.5434443288241417,"Sigma":0.8465576015611559,"Taucorr":0.4564986345786807},"Iteration":47},
{"Acceptance":[0.03610675039246468],"Energy":{"Mean":-627.3548387096774,"Sigma":0.15801787769262626,"Taucorr":-0.049184741102799745},"EnergyVariance":{"Mean":3.4063475546305932,"Sigma":0.5285319958490575,"Taucorr":-0.03858231190539835},"Iteration":48},
{"Acceptance":[0.033124018838304556],"Energy":{"Mean":-627.3064516129034,"Sigma":0.16587568112482162,"Taucorr":-0.014687010370803333},"EnergyVariance":{"Mean":3.486732570239335,"Sigma":0.8154731427647829,"Taucorr":-0.07340551890871744},"Iteration":49} 
]}