{"Output": [
{"Acceptance":[0.9172453044963005],"Energy":{"Mean":-3900.3790322580644,"Sigma":3.537754720639369,"Taucorr":-0.05814065847794653},"EnergyVariance":{"Mean":1741.99343132154,"Sigma":134.52367262751952,"Taucorr":-0.18025515617341364},"Iteration":0},
{"Acceptance":[0.9146272054638589],"Energy":{"Mean":-3894.4354838709673,"Sigma":4.342076081380509,"Taucorr":0.02021669519403768},"EnergyVariance":{"Mean":2228.8748699271587,"Sigma":340.8110861937668,"Taucorr":-0.014333120214212292},"Iteration":1},
{"Acceptance":[0.9128912919749573],"Energy":{"Mean":-3904.7419354838707,"Sigma":3.7066578407304247,"Taucorr":-0.029666843183371483},"EnergyVariance":{"Mean":1796.5301768990637,"Sigma":279.0681874324581,"Taucorr":0.046290158750734056},"Iteration":2},
{"Acceptance":[0.9061183836084234],"Energy":{"Mean":-3904.2500000000005,"Sigma":4.094761274173745,"Taucorr":-0.01702372374953176},"EnergyVariance":{"Mean":2135.042338709678,"Sigma":238.24185369079473,"Taucorr":-0.05960789478116307},"Iteration":3},
{"Acceptance":[0.9036994877632328],"Energy":{"Mean":-3903.5725806451605,"Sigma":4.162301910885855,"Taucorr":0.07362474912877648},"EnergyVariance":{"Mean":1857.4382804370453,"Sigma":212.34083767882444,"Taucorr":-0.10334779845252201},"Iteration":4},
{"Acceptance":[0.8978087649402391],"Energy":{"Mean":-3902.5806451612907,"Sigma":4.382231153031367,"Taucorr":0.11141255411220308},"EnergyVariance":{"Mean":1931.6628511966699,"Sigma":300.22552482141464,"Taucorr":0.1552431414505261},"Iteration":5},
{"Acceptance":[0.8928856004553216],"Energy":{"Mean":-3906.7983870967746,"Sigma":4.099344613151079,"Taucorr":-0.0055822198670117396},"EnergyVariance":{"Mean":2090.306126430801,"Sigma":315.5916193404665,"Taucorr":0.09063942067244224},"Iteration":6},
{"Acceptance":[0.889869095048378],"Energy":{"Mean":-3906.2822580645156,"Sigma":3.684294295206877,"Taucorr":0.03893803548522179},"EnergyVariance":{"Mean":1548.9767819979193,"Sigma":209.84029089520723,"Taucorr":0.039396873803734134},"Iteration":7},
{"Acceptance":[0.8877347751849743],"Energy":{"Mean":-3907.4032258064526,"Sigma":4.073083648272798,"Taucorr":0.05891283575751094},"EnergyVariance":{"Mean":1825.4825702393339,"Sigma":314.8376023976291,"Taucorr":-0.039380764702440896},"Iteration":8},
{"Acceptance":[0.8841206602162778],"Energy":{"Mean":-3910.967741935484,"Sigma":3.4160976827990797,"Taucorr":-0.038032754918253475},"EnergyVariance":{"Mean":1553.5473465140478,"Sigma":196.82230783486244,"Taucorr":-0.006040450430288058},"Iteration":9},
{"Acceptance":[0.8845190665907797],"Energy":{"Mean":-3909.3790322580644,"Sigma":4.083023978314617,"Taucorr":0.012439177301972082},"EnergyVariance":{"Mean":2000.7676248699267,"Sigma":307.8773441005528,"Taucorr":0.052420240650314365},"Iteration":10},
{"Acceptance":[0.8775184974388162],"Energy":{"Mean":-3909.91129032258,"Sigma":3.2355873223954816,"Taucorr":0.0017331038955655798},"EnergyVariance":{"Mean":1283.2421305931323,"Sigma":187.90787268844326,"Taucorr":0.0983584838547934},"Iteration":11},
{"Acceptance":[0.8755833807626636],"Energy":{"Mean":-3903.99193548387,"Sigma":3.9114610316365925,"Taucorr":0.012468430764351446},"EnergyVariance":{"Mean":1836.0563865764832,"Sigma":220.3526904596068,"Taucorr":0.04278762555996707},"Iteration":12},
{"Acceptance":[0.8688104723961297],"Energy":{"Mean":-3907.5000000000005,"Sigma":4.052212988914442,"Taucorr":0.10669376601857627},"EnergyVariance":{"Mean":1664.524193548387,"Sigma":136.07340452366537,"Taucorr":-0.2266868558745861},"Iteration":13},
{"Acceptance":[0.8574274331246443],"Energy":{"Mean":-3912.814516129032,"Sigma":3.8073388340902903,"Taucorr":-0.07424114941564014},"EnergyVariance":{"Mean":2093.893015088449,"Sigma":355.30763119803186,"Taucorr":0.177392474632593},"Iteration":14},
{"Acceptance":[0.8601878201479796],"Energy":{"Mean":-3920.387096774194,"Sigma":3.8108299040697444,"Taucorr":0.004419385332643855},"EnergyVariance":{"Mean":1770.6082206035378,"Sigma":233.45758934907107,"Taucorr":0.1286261793546195},"Iteration":15},
{"Acceptance":[0.8557484348321002],"Energy":{"Mean":-3918.870967741935,"Sigma":4.160197197425945,"Taucorr":0.07895799927211677},"EnergyVariance":{"Mean":1838.4672216441204,"Sigma":245.05238914555167,"Taucorr":0.17879058300017814},"Iteration":16},
{"Acceptance":[0.8490324416619237],"Energy":{"Mean":-3914.322580645161,"Sigma":3.5974003746355985,"Taucorr":-0.031956595737520965},"EnergyVariance":{"Mean":1700.4604578563992,"Sigma":283.25255622967626,"Taucorr":-0.00022136181821807988},"Iteration":17},
{"Acceptance":[0.8294536141149687],"Energy":{"Mean":-3919.5645161290327,"Sigma":3.1593428552694123,"Taucorr":-0.03761211760775213},"EnergyVariance":{"Mean":1327.5845473465138,"Sigma":145.4790635323831,"Taucorr":-0.033855522054751785},"Iteration":18},
{"Acceptance":[0.8073989755264656],"Energy":{"Mean":-3922.943548387097,"Sigma":4.363163091261143,"Taucorr":0.021935171175327173},"EnergyVariance":{"Mean":2243.1661680541106,"Sigma":244.8602805768425,"Taucorr":-0.0868098904499553},"Iteration":19},
{"Acceptance":[0.7648833238474673],"Energy":{"Mean":-3931.3306451612893,"Sigma":3.0427374112577534,"Taucorr":-0.11602164830499767},"EnergyVariance":{"Mean":1482.85035119667,"Sigma":186.53815651718975,"Taucorr":-0.03651722146036057},"Iteration":20},
{"Acceptance":[0.7056346044393853],"Energy":{"Mean":-3948.661290322581,"Sigma":4.377354180543482,"Taucorr":0.12415075447231594},"EnergyVariance":{"Mean":1888.0304370447452,"Sigma":197.42972738177514,"Taucorr":-0.12626197273540707},"Iteration":21},
{"Acceptance":[0.6169607285145133],"Energy":{"Mean":-3978.024193548387,"Sigma":4.1063050595105635,"Taucorr":0.14010595698524386},"EnergyVariance":{"Mean":1620.0397372528614,"Sigma":206.42011114633752,"Taucorr":0.02293667225146312},"Iteration":22},
{"Acceptance":[0.5322993739328401],"Energy":{"Mean":-4005.66129032258,"Sigma":4.296966115058934,"Taucorr":0.2179730323875526},"EnergyVariance":{"Mean":1581.5788241415194,"Sigma":221.97337274551873,"Taucorr":0.14631327535073935},"Iteration":23},
{"Acceptance":[0.4713147410358566],"Energy":{"Mean":-4057.7903225806454,"Sigma":3.880006248855157,"Taucorr":0.01109829721595712},"EnergyVariance":{"Mean":1811.4882934443287,"Sigma":208.58914210261133,"Taucorr":0.06342003617620295},"Iteration":24},
{"Acceptance":[0.3977518497438816],"Energy":{"Mean":-4115.620967741936,"Sigma":3.6336774332915924,"Taucorr":0.12011927918934096},"EnergyVariance":{"Mean":1309.4611732570238,"Sigma":154.39159225481853,"Taucorr":-0.08216786367673823},"Iteration":25},
{"Acceptance":[0.32165623221400114],"Energy":{"Mean":-4161.919354838709,"Sigma":4.273344914738246,"Taucorr":0.3425049681400907},"EnergyVariance":{"Mean":1333.0257544224767,"Sigma":165.5671577222783,"Taucorr":-0.0013588153411909776},"Iteration":26},
{"Acceptance":[0.2672453044963005],"Energy":{"Mean":-4204.362903225808,"Sigma":3.454268022100347,"Taucorr":0.33605263939817487},"EnergyVariance":{"Mean":877.7150754422474,"Sigma":131.5042020603727,"Taucorr":0.1404457570356591},"Iteration":27},
{"Acceptance":[0.2267785998861696],"Energy":{"Mean":-4230.967741935485,"Sigma":2.912910221594634,"Taucorr":0.2736192380109098},"EnergyVariance":{"Mean":674.5312174817898,"Sigma":93.84223097987734,"Taucorr":0.06065127068990872},"Iteration":28},
{"Acceptance":[0.20586226522481502],"Energy":{"Mean":-4253.943548387095,"Sigma":2.9675826862369163,"Taucorr":0.2209538320011304},"EnergyVariance":{"Mean":751.2306841831424,"Sigma":115.43046727436844,"Taucorr":-0.018478028518592204},"Iteration":29},
{"Acceptance":[0.18500284575981787],"Energy":{"Mean":-4281.33064516129,"Sigma":2.0605546249662074,"Taucorr":0.06829959992667678},"EnergyVariance":{"Mean":459.47938345473466,"Sigma":50.37044106833131,"Taucorr":-0.1020529599150084},"Iteration":30},
{"Acceptance":[0.15694365395560614],"Energy":{"Mean":-4298.024193548387,"Sigma":1.6631018935797983,"Taucorr":0.031185682426576045},"EnergyVariance":{"Mean":320.23328563995835,"Sigma":36.41831159752955,"Taucorr":-0.039154590354470775},"Iteration":31},
{"Acceptance":[0.14467842914058054],"Energy":{"Mean":-4314.193548387097,"Sigma":2.074703945631438,"Taucorr":0.30349159937904446},"EnergyVariance":{"Mean":329.46253902185225,"Sigma":41.09214453452033,"Taucorr":-0.015940750582094487},"Iteration":32},
{"Acceptance":[0.12899829254410927],"Energy":{"Mean":-4328.0887096774195,"Sigma":1.6585372323086087,"Taucorr":0.2879044484138358},"EnergyVariance":{"Mean":214.70987252861602,"Sigma":27.371674515154073,"Taucorr":0.015762581588473323},"Iteration":33},
{"Acceptance":[0.11715993170176438],"Energy":{"Mean":-4338.096774193548,"Sigma":1.430499077290305,"Taucorr":0.13797053486417166},"EnergyVariance":{"Mean":197.26482830385015,"Sigma":42.76248624625762,"Taucorr":0.280653318172422},"Iteration":34},
{"Acceptance":[0.11263517359134889],"Energy":{"Mean":-4341.040322580645,"Sigma":2.0018840848072395,"Taucorr":0.5989866864484485},"EnergyVariance":{"Mean":224.26450312174816,"Sigma":31.0271397845448,"Taucorr":0.2926899383523349},"Iteration":35},
{"Acceptance":[0.09863403528742175],"Energy":{"Mean":-4352.750000000001,"Sigma":1.0813671156039917,"Taucorr":0.11393091340941386},"EnergyVariance":{"Mean":117.13911290322581,"Sigma":11.461497135189461,"Taucorr":-0.17171946544995959},"Iteration":36},
{"Acceptance":[0.08944223107569721],"Energy":{"Mean":-4360.637096774193,"Sigma":1.1600332951792485,"Taucorr":0.3462451129109697},"EnergyVariance":{"Mean":97.79572060353797,"Sigma":15.0332084610271,"Taucorr":0.21251748418640515},"Iteration":37},
{"Acceptance":[0.08591348890153672],"Energy":{"Mean":-4362.7338709677415,"Sigma":1.0640720807320374,"Taucorr":0.05080466558393615},"EnergyVariance":{"Mean":126.42111082206037,"Sigma":12.998608998465773,"Taucorr":-0.04262080873259011},"Iteration":38},
{"Acceptance":[0.07319294251565168],"Energy":{"Mean":-4368.620967741935,"Sigma":0.871893176207961,"Taucorr":0.03150904516185504},"EnergyVariance":{"Mean":87.96117325702396,"Sigma":13.120023342039,"Taucorr":-0.005715258897431186},"Iteration":39},
{"Acceptance":[0.06573705179282868],"Energy":{"Mean":-4377.120967741936,"Sigma":0.9039839368206692,"Taucorr":0.2681160198203656},"EnergyVariance":{"Mean":65.42891519250782,"Sigma":8.965210084088326,"Taucorr":0.05499968873922889},"Iteration":40},
{"Acceptance":[0.05779738190096756],"Energy":{"Mean":-4380.499999999999,"Sigma":0.7986042932543603,"Taucorr":0.0674512892311232},"EnergyVariance":{"Mean":69.12096774193549,"Sigma":9.87333673870577,"Taucorr":0.022046562208068665},"Iteration":41},
{"Acceptance":[0.05543540125213432],"Energy":{"Mean":-4381.951612903225,"Sigma":0.855753720070112,"Taucorr":0.22211526830592754},"EnergyVariance":{"Mean":62.36862643080124,"Sigma":9.38063820717781,"Taucorr":0.1718221529211552},"Iteration":42},
{"Acceptance":[0.052561183836084234],"Energy":{"Mean":-4386.629032258064,"Sigma":0.5043987914592315,"Taucorr":-0.13440430963741112},"EnergyVariance":{"Mean":42.797866805411026,"Sigma":8.18215195042273,"Taucorr":0.07993605974861151},"Iteration":43},
{"Acceptance":[0.050626067159931704],"Energy":{"Mean":-4388.1935483870975,"Sigma":0.9390504868522591,"Taucorr":0.4937010219841079},"EnergyVariance":{"Mean":54.57544224765869,"Sigma":14.650173165904425,"Taucorr":0.6138133450082837},"Iteration":44},
{"Acceptance":[0.04692657939669892],"Energy":{"Mean":-4389.854838709678,"Sigma":0.876574941556704,"Taucorr":0.22418900224453975},"EnergyVariance":{"Mean":65.25312174817897,"Sigma":10.926810691129656,"Taucorr":0.14618480122427224},"Iteration":45},
{"Acceptance":[0.04795105293113261],"Energy":{"Mean":-4392.854838709678,"Sigma":0.5522162329650111,"Taucorr":0.050883748653191674},"EnergyVariance":{"Mean":34.04344432882414,"Sigma":5.8249562863779225,"Taucorr":0.24179986394915398},"Iteration":46},
{"Acceptance":[0.04524758110415481],"Energy":{"Mean":-4395.475806451613,"Sigma":0.7440042453043497,"Taucorr":0.20250702248135033},"EnergyVariance":{"Mean":48.45909209157128,"Sigma":12.10924101086404,"Taucorr":0.0987089594482754},"Iteration":47},
{"Acceptance":[0.04413773477518498],"Energy":{"Mean":-4396.145161290323,"Sigma":0.8385675024242796,"Taucorr":0.2613621791202022},"EnergyVariance":{"Mean":56.80150884495317,"Sigma":8.581549125701727,"Taucorr":0.15525691363453442},"Iteration":48},
{"Acceptance":[0.044308480364257254],"Energy":{"Mean":-4401.354838709678,"Sigma":0.6535443269625069,"Taucorr":0.25461687641993636},"EnergyVariance":{"Mean":34.80957336108221,"Sigma":5.234260499821942,"Taucorr":0.3148853788705078},"Iteration":49} 
]}