{"Output": [
{"Acceptance":[0.9175550817341862],"Energy":{"Mean":-2483.8870967741937,"Sigma":2.7443940590412312,"Taucorr":-0.02791628962214926},"EnergyVariance":{"Mean":981.1808012486993,"Sigma":126.95833232983219,"Taucorr":0.14142294716728399},"Iteration":0},
{"Acceptance":[0.9115138592750534],"Energy":{"Mean":-2491.379032258065,"Sigma":2.968537323287384,"Taucorr":-0.018262830647816142},"EnergyVariance":{"Mean":1124.99343132154,"Sigma":156.7210302606025,"Taucorr":0.039636594896645505},"Iteration":1},
{"Acceptance":[0.9072139303482587],"Energy":{"Mean":-2487.9274193548385,"Sigma":3.2851939262161904,"Taucorr":-0.04376744654917952},"EnergyVariance":{"Mean":1454.8253772112378,"Sigma":188.6559944161497,"Taucorr":0.12594974318927443},"Iteration":2},
{"Acceptance":[0.9004264392324094],"Energy":{"Mean":-2493.0806451612907,"Sigma":3.3040051269026174,"Taucorr":0.03188307870124063},"EnergyVariance":{"Mean":1262.2354318418313,"Sigma":176.68559864291282,"Taucorr":0.11364968311115164},"Iteration":3},
{"Acceptance":[0.8981876332622601],"Energy":{"Mean":-2493.129032258065,"Sigma":3.4839083032647022,"Taucorr":0.14779064396506636},"EnergyVariance":{"Mean":1152.3220603537982,"Sigma":187.15686068453405,"Taucorr":0.14750579512941953},"Iteration":4},
{"Acceptance":[0.892004264392324],"Energy":{"Mean":-2495.427419354839,"Sigma":3.674530793475902,"Taucorr":0.1725409541825068},"EnergyVariance":{"Mean":1234.6963449531738,"Sigma":171.96317920261717,"Taucorr":0.034679835568807715},"Iteration":5},
{"Acceptance":[0.8855366027007818],"Energy":{"Mean":-2497.9193548387093,"Sigma":3.0039263530440645,"Taucorr":0.06971082573109577},"EnergyVariance":{"Mean":974.090270551509,"Sigma":150.6927244081221,"Taucorr":0.2022699439794986},"Iteration":6},
{"Acceptance":[0.8828713574982232],"Energy":{"Mean":-2501.0403225806444,"Sigma":3.1105979262670767,"Taucorr":0.1364045668284185},"EnergyVariance":{"Mean":935.0386966701353,"Sigma":93.31226346536711,"Taucorr":-0.09739025064676526},"Iteration":7},
{"Acceptance":[0.8755863539445629],"Energy":{"Mean":-2493.8870967741937,"Sigma":2.4673905154235065,"Taucorr":-0.08879920253683876},"EnergyVariance":{"Mean":910.5356399583767,"Sigma":135.2085511279037,"Taucorr":0.032843921032978174},"Iteration":8},
{"Acceptance":[0.8692608386638238],"Energy":{"Mean":-2497.6532258064512,"Sigma":3.367393407788353,"Taucorr":0.20778001872627427},"EnergyVariance":{"Mean":985.2910379812695,"Sigma":97.55171864531906,"Taucorr":-0.07196053472530073},"Iteration":9},
{"Acceptance":[0.8544065387348969],"Energy":{"Mean":-2500.4354838709673,"Sigma":3.0130979249103067,"Taucorr":0.09440854183219893},"EnergyVariance":{"Mean":939.3264828303849,"Sigma":118.7573271879626,"Taucorr":0.06442343520374894},"Iteration":10},
{"Acceptance":[0.8519189765458423],"Energy":{"Mean":-2499.0161290322585,"Sigma":2.9464516541057746,"Taucorr":-0.005683957645956084},"EnergyVariance":{"Mean":1080.1126430801248,"Sigma":191.22812595502012,"Taucorr":0.33771513592864777},"Iteration":11},
{"Acceptance":[0.8222814498933901],"Energy":{"Mean":-2503.1693548387098,"Sigma":2.790185060940868,"Taucorr":-0.11602874508072969},"EnergyVariance":{"Mean":1246.9309963579603,"Sigma":159.54890613632494,"Taucorr":0.01162855669114482},"Iteration":12},
{"Acceptance":[0.7908670931058991],"Energy":{"Mean":-2510.1774193548385,"Sigma":3.121728256093204,"Taucorr":-0.05043461368615593},"EnergyVariance":{"Mean":1333.1298126951092,"Sigma":184.71533580770827,"Taucorr":0.044307115032012234},"Iteration":13},
{"Acceptance":[0.6695095948827292],"Energy":{"Mean":-2527.8387096774186,"Sigma":3.9903874482953476,"Taucorr":0.47083028579151065},"EnergyVariance":{"Mean":1008.6997918834547,"Sigma":144.29931938681577,"Taucorr":0.11934646531931326},"Iteration":14},
{"Acceptance":[0.5556147832267235],"Energy":{"Mean":-2559.653225806452,"Sigma":3.3543960367581316,"Taucorr":0.0718212290334661},"EnergyVariance":{"Mean":1210.1620057232053,"Sigma":154.4869430136299,"Taucorr":0.008539438439826408},"Iteration":15},
{"Acceptance":[0.49349680170575694],"Energy":{"Mean":-2593.6451612903224,"Sigma":2.909471328800366,"Taucorr":-0.010033404548707492},"EnergyVariance":{"Mean":1062.519250780437,"Sigma":134.60556904759645,"Taucorr":0.062058111242252245},"Iteration":16},
{"Acceptance":[0.4109808102345416],"Energy":{"Mean":-2621.8064516129034,"Sigma":3.200842246296223,"Taucorr":0.358271702254474},"EnergyVariance":{"Mean":734.139958376691,"Sigma":96.00210770117992,"Taucorr":0.08130255050107726},"Iteration":17},
{"Acceptance":[0.38095238095238093],"Energy":{"Mean":-2640.016129032258,"Sigma":3.4436894030706937,"Taucorr":0.36899910544054015},"EnergyVariance":{"Mean":839.2739334027058,"Sigma":113.58275569939428,"Taucorr":0.054549205248857424},"Iteration":18},
{"Acceptance":[0.32142857142857145],"Energy":{"Mean":-2677.782258064516,"Sigma":2.4638172459490644,"Taucorr":0.09923579661203985},"EnergyVariance":{"Mean":623.009040062435,"Sigma":100.16114731913208,"Taucorr":0.04457925780449512},"Iteration":19},
{"Acceptance":[0.2896233120113717],"Energy":{"Mean":-2692.701612903226,"Sigma":2.9606155672327037,"Taucorr":0.4956772274404133},"EnergyVariance":{"Mean":541.4029006243496,"Sigma":70.37880236324513,"Taucorr":0.14190131908806736},"Iteration":20},
{"Acceptance":[0.25046197583511015],"Energy":{"Mean":-2713.354838709677,"Sigma":2.657808899129905,"Taucorr":0.2811229942897113},"EnergyVariance":{"Mean":556.1644120707596,"Sigma":119.48280174226336,"Taucorr":0.14375178666681754},"Iteration":21},
{"Acceptance":[0.21709310589907604],"Energy":{"Mean":-2740.1290322580644,"Sigma":2.3185748011585754,"Taucorr":0.26350834358659436},"EnergyVariance":{"Mean":433.01560874089495,"Sigma":64.12392481976451,"Taucorr":-0.0017738604139763137},"Iteration":22},
{"Acceptance":[0.19228855721393034],"Energy":{"Mean":-2752.3548387096776,"Sigma":2.0262316775138967,"Taucorr":0.1715245067651121},"EnergyVariance":{"Mean":376.00312174817896,"Sigma":46.78652659195815,"Taucorr":0.013925538083986222},"Iteration":23},
{"Acceptance":[0.16958066808813077],"Energy":{"Mean":-2776.9919354838717,"Sigma":1.6257125762281592,"Taucorr":0.23379243766784807},"EnergyVariance":{"Mean":221.50799947970867,"Sigma":26.654271293130464,"Taucorr":0.06109835315125667},"Iteration":24},
{"Acceptance":[0.14637526652452026],"Energy":{"Mean":-2788.322580645161,"Sigma":1.7707371023209257,"Taucorr":0.3163924811831331},"EnergyVariance":{"Mean":236.20239334027056,"Sigma":31.54298291294815,"Taucorr":0.20824154782440796},"Iteration":25},
{"Acceptance":[0.1287491115849325],"Energy":{"Mean":-2793.6532258064517,"Sigma":1.3366060684327843,"Taucorr":-0.005016514859272236},"EnergyVariance":{"Mean":221.96845733610823,"Sigma":26.262646773408797,"Taucorr":-0.09826889261479088},"Iteration":26},
{"Acceptance":[0.10632551528073916],"Energy":{"Mean":-2807.193548387098,"Sigma":1.2943066851994551,"Taucorr":0.1710649944590935},"EnergyVariance":{"Mean":153.5270551508846,"Sigma":21.657223181245318,"Taucorr":0.09456670646194909},"Iteration":27},
{"Acceptance":[0.09530916844349681],"Energy":{"Mean":-2814.629032258064,"Sigma":1.1081850273325518,"Taucorr":0.24040165307804484},"EnergyVariance":{"Mean":102.00754422476588,"Sigma":13.791097822103753,"Taucorr":0.08341494856782616},"Iteration":28},
{"Acceptance":[0.08582089552238806],"Energy":{"Mean":-2821.4596774193546,"Sigma":1.0553306044569362,"Taucorr":0.08185699139725455},"EnergyVariance":{"Mean":117.716116024974,"Sigma":16.327067306344087,"Taucorr":0.05321280596465561},"Iteration":29},
{"Acceptance":[0.07818052594171997],"Energy":{"Mean":-2827.8387096774186,"Sigma":1.1628517728315397,"Taucorr":0.5107115869813748},"EnergyVariance":{"Mean":82.28043704474506,"Sigma":13.567414880705241,"Taucorr":0.13716310836243029},"Iteration":30},
{"Acceptance":[0.07206823027718551],"Energy":{"Mean":-2832.451612903226,"Sigma":0.9475080045366872,"Taucorr":0.37609202661645647},"EnergyVariance":{"Mean":63.02185223725285,"Sigma":11.346348114712322,"Taucorr":0.17508237690221018},"Iteration":31},
{"Acceptance":[0.06624022743425728],"Energy":{"Mean":-2834.7661290322576,"Sigma":0.9856453240498707,"Taucorr":0.19108986863080235},"EnergyVariance":{"Mean":86.45336888657647,"Sigma":11.948410935451271,"Taucorr":-0.025893822635450592},"Iteration":32},
{"Acceptance":[0.06311300639658848],"Energy":{"Mean":-2839.209677419355,"Sigma":0.8298931766820578,"Taucorr":0.3020402206842212},"EnergyVariance":{"Mean":52.81087408949012,"Sigma":10.924843233624772,"Taucorr":0.3120880471292129},"Iteration":33},
{"Acceptance":[0.06122956645344705],"Energy":{"Mean":-2841.9758064516122,"Sigma":0.6791197297630637,"Taucorr":0.30173168449518106},"EnergyVariance":{"Mean":35.37844693028097,"Sigma":5.232905113478855,"Taucorr":0.07602714944607303},"Iteration":34},
{"Acceptance":[0.05646766169154229],"Energy":{"Mean":-2843.25806451613,"Sigma":0.6367427899131378,"Taucorr":0.08918597860825694},"EnergyVariance":{"Mean":42.32049947970864,"Sigma":5.356266850548487,"Taucorr":-0.0025301862735004343},"Iteration":35},
{"Acceptance":[0.05373134328358209],"Energy":{"Mean":-2845.1935483870966,"Sigma":0.7592361113457425,"Taucorr":0.3314038973082345},"EnergyVariance":{"Mean":42.63995837669094,"Sigma":5.175598503747074,"Taucorr":-0.10401775970317534},"Iteration":36},
{"Acceptance":[0.0468727789623312],"Energy":{"Mean":-2849.766129032258,"Sigma":0.7856179921262836,"Taucorr":0.5005348666176219},"EnergyVariance":{"Mean":37.937239854318406,"Sigma":7.713044667485403,"Taucorr":0.4942873109863479},"Iteration":37},
{"Acceptance":[0.045060412224591326],"Energy":{"Mean":-2849.854838709677,"Sigma":0.9580427932804065,"Taucorr":0.5687249730336827},"EnergyVariance":{"Mean":52.81763787721124,"Sigma":11.250285850221974,"Taucorr":0.012702751135472923},"Iteration":38},
{"Acceptance":[0.041968727789623315],"Energy":{"Mean":-2850.6693548387098,"Sigma":0.8784599103445568,"Taucorr":0.5033208444759254},"EnergyVariance":{"Mean":47.30196409989595,"Sigma":7.17219759744771,"Taucorr":0.2838838567738875},"Iteration":39},
{"Acceptance":[0.037668798862828715],"Energy":{"Mean":-2855.5887096774195,"Sigma":0.47991212052520027,"Taucorr":0.058287854357922164},"EnergyVariance":{"Mean":25.37116285119667,"Sigma":3.850091735383958,"Taucorr":-0.06148199916100594},"Iteration":40},
{"Acceptance":[0.034968017057569294],"Energy":{"Mean":-2854.1774193548395,"Sigma":0.7236587099915511,"Taucorr":0.3866590988848675},"EnergyVariance":{"Mean":36.32336108220603,"Sigma":9.715455093230084,"Taucorr":0.5167406275631181},"Iteration":41},
{"Acceptance":[0.033582089552238806],"Energy":{"Mean":-2856.467741935484,"Sigma":0.7224084136135644,"Taucorr":0.5481816521244278},"EnergyVariance":{"Mean":30.619927159209155,"Sigma":5.901446963730748,"Taucorr":0.14581341232851697},"Iteration":42},
{"Acceptance":[0.0337953091684435],"Energy":{"Mean":-2858.1854838709683,"Sigma":0.5533339497424548,"Taucorr":0.12552461980865348},"EnergyVariance":{"Mean":30.102692507804377,"Sigma":7.33328425610684,"Taucorr":0.24369723917153807},"Iteration":43},
{"Acceptance":[0.028464818763326225],"Energy":{"Mean":-2858.379032258064,"Sigma":0.5606820644399583,"Taucorr":0.32804461244054095},"EnergyVariance":{"Mean":23.348270031217485,"Sigma":4.074885287197924,"Taucorr":0.1328584000540146},"Iteration":44},
{"Acceptance":[0.02658137882018479],"Energy":{"Mean":-2860.6290322580653,"Sigma":0.5880612130449471,"Taucorr":0.43552788172153933},"EnergyVariance":{"Mean":22.733350676378773,"Sigma":3.9839187089623542,"Taucorr":0.07992022368452523},"Iteration":45},
{"Acceptance":[0.025053304904051173],"Energy":{"Mean":-2861.701612903225,"Sigma":0.7721130198587238,"Taucorr":0.5494799530124441},"EnergyVariance":{"Mean":34.935158688865755,"Sigma":5.943746149520848,"Taucorr":0.43286115327673214},"Iteration":46},
{"Acceptance":[0.02320540156361052],"Energy":{"Mean":-2862.725806451613,"Sigma":0.489315249920809,"Taucorr":0.1716091790362948},"EnergyVariance":{"Mean":21.924817898022894,"Sigma":3.469180011980023,"Taucorr":-0.052611006598717536},"Iteration":47},
{"Acceptance":[0.022352523098791755],"Energy":{"Mean":-2863.7741935483873,"Sigma":0.5526518229961647,"Taucorr":0.33492223635523666},"EnergyVariance":{"Mean":22.49739854318419,"Sigma":2.8321956187009563,"Taucorr":-0.07498272795030597},"Iteration":48},
{"Acceptance":[0.01986496090973703],"Energy":{"Mean":-2866.080645161291,"Sigma":0.7772285939161064,"Taucorr":0.40130548385262277},"EnergyVariance":{"Mean":41.21930280957336,"Sigma":7.727278819847089,"Taucorr":0.24324059528682573},"Iteration":49} 
]}