{"Output": [
{"Acceptance":[0.05714285714285714],"Energy":{"Mean":-356.4758064516129,"Sigma":0.479324518932869,"Taucorr":0.4384878552391177},"EnergyVariance":{"Mean":15.055866285119667,"Sigma":2.3124579494878708,"Taucorr":0.15915255394132188},"Iteration":0},
{"Acceptance":[0.04678068410462777],"Energy":{"Mean":-363.79838709677426,"Sigma":0.19240252204447159,"Taucorr":0.22023949138941346},"EnergyVariance":{"Mean":3.160965140478668,"Sigma":0.5910350250265113,"Taucorr":0.2522877885557605},"Iteration":1},
{"Acceptance":[0.007142857142857143],"Energy":{"Mean":-365.6209677419354,"Sigma":0.17346522370862374,"Taucorr":0.12155136634703323},"EnergyVariance":{"Mean":2.9773022892819982,"Sigma":1.0677940905332184,"Taucorr":0.11773710390477576},"Iteration":2},
{"Acceptance":[0.009959758551307847],"Energy":{"Mean":-365.87096774193554,"Sigma":0.056643299746522276,"Taucorr":0.03265449438205281},"EnergyVariance":{"Mean":0.37044745057232054,"Sigma":0.20422475455782627,"Taucorr":-0.00526861955078356},"Iteration":3},
{"Acceptance":[0.0058350100603621734],"Energy":{"Mean":-365.9032258064516,"Sigma":0.12196719733236792,"Taucorr":0.13433892496392763},"EnergyVariance":{"Mean":1.442247658688866,"Sigma":0.7982692243066666,"Taucorr":-0.013204978757721253},"Iteration":4},
{"Acceptance":[0.01317907444668008],"Energy":{"Mean":-366.3064516129032,"Sigma":0.06319205814245046,"Taucorr":-0.04106708799222564},"EnergyVariance":{"Mean":0.5351196670135275,"Sigma":0.08669809057174235,"Taucorr":-0.040841503760045805},"Iteration":5},
{"Acceptance":[0.003118712273641851],"Energy":{"Mean":-367.9274193548387,"Sigma":0.05337223260572369,"Taucorr":0.392249089102358},"EnergyVariance":{"Mean":0.19634495317377731,"Sigma":0.09349287987684556,"Taucorr":0.14134558817518605},"Iteration":6},
{"Acceptance":[0.003118712273641851],"Energy":{"Mean":-367.7822580645161,"Sigma":0.11043775036110376,"Taucorr":0.41979424196507553},"EnergyVariance":{"Mean":0.8154916753381893,"Sigma":0.4383670372362629,"Taucorr":0.34614839381174267},"Iteration":7},
{"Acceptance":[0.0022132796780684103],"Energy":{"Mean":-367.7822580645161,"Sigma":0.10609258451827897,"Taucorr":-0.0363275974733},"EnergyVariance":{"Mean":1.4929110301768989,"Sigma":0.8461431644196343,"Taucorr":-0.022349640046002428},"Iteration":8},
{"Acceptance":[0.0014084507042253522],"Energy":{"Mean":-367.83064516129036,"Sigma":0.10712964257903182,"Taucorr":0.16585066568497353},"EnergyVariance":{"Mean":1.060028616024974,"Sigma":0.7208805876140142,"Taucorr":0.06276716130093352},"Iteration":9},
{"Acceptance":[0.0026156941649899397],"Energy":{"Mean":-368.0161290322581,"Sigma":0.016129032258065022,"Taucorr":0.5081967213114804},"EnergyVariance":{"Mean":0.01586888657648283,"Sigma":0.015608740894899786,"Taucorr":0.5081967213114753},"Iteration":10},
{"Acceptance":[0.002414486921529175],"Energy":{"Mean":-367.87096774193554,"Sigma":0.07937166531978662,"Taucorr":0.39074461722485887},"EnergyVariance":{"Mean":0.43496357960457854,"Sigma":0.26532945766277344,"Taucorr":0.31731307931479624},"Iteration":11},
{"Acceptance":[0.002414486921529175],"Energy":{"Mean":-367.98387096774206,"Sigma":0.05789251705569986,"Taucorr":0.032834566240806606},"EnergyVariance":{"Mean":0.3868366285119668,"Sigma":0.2879751359295509,"Taucorr":-0.008781372375431695},"Iteration":12},
{"Acceptance":[0.004426559356136821],"Energy":{"Mean":-368.09677419354847,"Sigma":0.0652511889180607,"Taucorr":0.4319907407407667},"EnergyVariance":{"Mean":0.2809573361082206,"Sigma":0.1619127718266005,"Taucorr":0.5740512466223013},"Iteration":13},
{"Acceptance":[0.005734406438631791],"Energy":{"Mean":-368.7177419354839,"Sigma":0.07027397945678279,"Taucorr":0.6370586803019349},"EnergyVariance":{"Mean":0.2671045785639958,"Sigma":0.058342804594904006,"Taucorr":0.41054819409530496},"Iteration":14},
{"Acceptance":[0.0012072434607645875],"Energy":{"Mean":-368.98387096774195,"Sigma":0.028245001153900127,"Taucorr":0.008355795148240586},"EnergyVariance":{"Mean":0.09651404786680545,"Sigma":0.07228031233832534,"Taucorr":-0.00925660469879691},"Iteration":15},
{"Acceptance":[0.0018108651911468814],"Energy":{"Mean":-368.97580645161287,"Sigma":0.035459424619013746,"Taucorr":0.06646021915198497},"EnergyVariance":{"Mean":0.13651144640998963,"Sigma":0.07815085429744756,"Taucorr":-0.012572814104749641},"Iteration":16},
{"Acceptance":[0.0022132796780684103],"Energy":{"Mean":-368.99193548387103,"Sigma":0.04257168364479458,"Taucorr":0.05301710229107126},"EnergyVariance":{"Mean":0.20154786680541104,"Sigma":0.131363549344358,"Taucorr":-0.012262366858270535},"Iteration":17},
{"Acceptance":[0.004225352112676056],"Energy":{"Mean":-369.1451612903227,"Sigma":0.04604549168909535,"Taucorr":0.25599547511307474},"EnergyVariance":{"Mean":0.1724765868886577,"Sigma":0.043956461015326936,"Taucorr":0.022273978176802545},"Iteration":18},
{"Acceptance":[0.007746478873239437],"Energy":{"Mean":-369.77419354838713,"Sigma":0.056027593419840094,"Taucorr":0.048079763663206654},"EnergyVariance":{"Mean":0.3522372528616025,"Sigma":0.1863341999683372,"Taucorr":0.007385505901732925},"Iteration":19},
{"Acceptance":[0.0008048289738430583],"Energy":{"Mean":-370.008064516129,"Sigma":0.00806451612903265,"Taucorr":3.574918139293004e-14},"EnergyVariance":{"Mean":0.007999479708636839,"Sigma":0.007934443288241534,"Taucorr":0.0},"Iteration":20},
{"Acceptance":[0.0008048289738430583],"Energy":{"Mean":-369.8951612903225,"Sigma":0.06535078376958685,"Taucorr":0.046112237998643724},"EnergyVariance":{"Mean":0.4809443288241414,"Sigma":0.38572269193871017,"Taucorr":-0.000257551265923861},"Iteration":21},
{"Acceptance":[0.002012072434607646],"Energy":{"Mean":-369.88709677419354,"Sigma":0.06744044533008074,"Taucorr":-0.0074553366926400355},"EnergyVariance":{"Mean":0.5678980228928201,"Sigma":0.5001391581234896,"Taucorr":-0.00265897287956135},"Iteration":22},
{"Acceptance":[0.001006036217303823],"Energy":{"Mean":-369.9354838709678,"Sigma":0.04174896485659477,"Taucorr":-0.01637323943664326},"EnergyVariance":{"Mean":0.2216441207075962,"Sigma":0.1960589443721596,"Taucorr":-0.0027949484645965472},"Iteration":23},
{"Acceptance":[0.001006036217303823],"Energy":{"Mean":-369.95161290322585,"Sigma":0.03558148840381419,"Taucorr":0.04517304189431648},"EnergyVariance":{"Mean":0.14281997918834546,"Sigma":0.12626718543306395,"Taucorr":0.0004557284110687787},"Iteration":24},
{"Acceptance":[0.001006036217303823],"Energy":{"Mean":-369.9838709677419,"Sigma":0.016129032258065692,"Taucorr":5.950795411990839e-14},"EnergyVariance":{"Mean":0.03199791883454734,"Sigma":0.0317377731529643,"Taucorr":-2.220446049250313e-16},"Iteration":25},
{"Acceptance":[0.0006036217303822937],"Energy":{"Mean":-370.0,"Sigma":0.0,"Taucorr":null},"EnergyVariance":{"Mean":0.0,"Sigma":0.0,"Taucorr":null},"Iteration":26},
{"Acceptance":[0.001006036217303823],"Energy":{"Mean":-369.8548387096775,"Sigma":0.12950183372948673,"Taucorr":0.48845674395413563},"EnergyVariance":{"Mean":1.0434443288241415,"Sigma":0.994259950962841,"Taucorr":0.5064636196719923},"Iteration":27},
{"Acceptance":[0.0012072434607645875],"Energy":{"Mean":-369.991935483871,"Sigma":0.029520976157618475,"Taucorr":0.1046221570066228},"EnergyVariance":{"Mean":0.08864464099895944,"Sigma":0.0734927665510794,"Taucorr":0.007112704885163357},"Iteration":28},
{"Acceptance":[0.0016096579476861167],"Energy":{"Mean":-369.9193548387097,"Sigma":0.06067175120581885,"Taucorr":0.29763978001832847},"EnergyVariance":{"Mean":0.28381893860561913,"Sigma":0.2571484993070548,"Taucorr":0.5833724427073901},"Iteration":29},
{"Acceptance":[0.0006036217303822937],"Energy":{"Mean":-370.0,"Sigma":0.0,"Taucorr":null},"EnergyVariance":{"Mean":0.0,"Sigma":0.0,"Taucorr":null},"Iteration":30},
{"Acceptance":[0.0008048289738430583],"Energy":{"Mean":-369.9758064516129,"Sigma":0.02419354838709701,"Taucorr":7.549516567451064e-15},"EnergyVariance":{"Mean":0.07199531737773152,"Sigma":0.0714099895941738,"Taucorr":0.0},"Iteration":31},
{"Acceptance":[0.0012072434607645875],"Energy":{"Mean":-369.96774193548384,"Sigma":0.04138388257618417,"Taucorr":0.004831670822932677},"EnergyVariance":{"Mean":0.20863683662851198,"Sigma":0.198910423033741,"Taucorr":-0.0010859400640510497},"Iteration":32},
{"Acceptance":[0.0006036217303822937],"Energy":{"Mean":-369.9677419354838,"Sigma":0.05019041093657916,"Taucorr":0.46676136363637166},"EnergyVariance":{"Mean":0.16024973985431848,"Sigma":0.14196877060464605,"Taucorr":0.4965802025385845},"Iteration":33},
{"Acceptance":[0.0014084507042253522],"Energy":{"Mean":-369.9677419354838,"Sigma":0.03225806451612992,"Taucorr":0.5081967213114948},"EnergyVariance":{"Mean":0.06347554630593132,"Sigma":0.06243496357959914,"Taucorr":0.5081967213114753},"Iteration":34},
{"Acceptance":[0.0008048289738430583],"Energy":{"Mean":-369.98387096774195,"Sigma":0.011213254631513778,"Taucorr":-0.012704918032725832},"EnergyVariance":{"Mean":0.015868886576482832,"Sigma":0.010851536740174215,"Taucorr":-0.012704918032786894},"Iteration":35},
{"Acceptance":[0.0008048289738430583],"Energy":{"Mean":-369.95161290322585,"Sigma":0.04838709677419312,"Taucorr":-6.772360450213455e-15},"EnergyVariance":{"Mean":0.2879812695109261,"Sigma":0.2856399583766952,"Taucorr":-2.220446049250313e-16},"Iteration":36},
{"Acceptance":[0.0008048289738430583],"Energy":{"Mean":-370.0,"Sigma":0.0,"Taucorr":null},"EnergyVariance":{"Mean":0.0,"Sigma":0.0,"Taucorr":null},"Iteration":37},
{"Acceptance":[0.0012072434607645875],"Energy":{"Mean":-370.0241935483871,"Sigma":0.02682790311801026,"Taucorr":0.11481481481482803},"EnergyVariance":{"Mean":0.07199531737773152,"Sigma":0.03720152981986339,"Taucorr":0.010372643137945281},"Iteration":38},
{"Acceptance":[0.00020120724346076458],"Energy":{"Mean":-370.0,"Sigma":0.0,"Taucorr":null},"EnergyVariance":{"Mean":0.0,"Sigma":0.0,"Taucorr":null},"Iteration":39},
{"Acceptance":[0.0011066398390342052],"Energy":{"Mean":-369.84677419354836,"Sigma":0.10541611055667721,"Taucorr":0.5852318496333795},"EnergyVariance":{"Mean":0.6297476586888658,"Sigma":0.3862941219374552,"Taucorr":0.586359517069786},"Iteration":40},
{"Acceptance":[0.0015090543259557343],"Energy":{"Mean":-369.92741935483866,"Sigma":0.0647509168647434,"Taucorr":0.012831457767435217},"EnergyVariance":{"Mean":0.502796566077003,"Sigma":0.3385764131233458,"Taucorr":-0.013039194407156951},"Iteration":41},
{"Acceptance":[0.0013078470824949698],"Energy":{"Mean":-369.97580645161287,"Sigma":0.06173438454517471,"Taucorr":0.04912387627607473},"EnergyVariance":{"Mean":0.4268340270551507,"Sigma":0.392006562213206,"Taucorr":-0.0012823569634778376},"Iteration":42},
{"Acceptance":[0.0011066398390342052],"Energy":{"Mean":-369.9758064516129,"Sigma":0.0335106280478441,"Taucorr":0.4592592592592548},"EnergyVariance":{"Mean":0.07199531737773152,"Sigma":0.0632405091527936,"Taucorr":0.4858422455260376},"Iteration":43},
{"Acceptance":[0.0012072434607645875],"Energy":{"Mean":-369.9112903225807,"Sigma":0.07198079483331168,"Taucorr":0.32275398824517965},"EnergyVariance":{"Mean":0.3872918834547347,"Sigma":0.2717613889096739,"Taucorr":0.3223077160936133},"Iteration":44},
{"Acceptance":[0.0006036217303822937],"Energy":{"Mean":-369.991935483871,"Sigma":0.02714920682355396,"Taucorr":0.3039215686274428},"EnergyVariance":{"Mean":0.056386576482830374,"Sigma":0.04099742426490447,"Taucorr":0.19727051768098547},"Iteration":45},
{"Acceptance":[0.00040241448692152917],"Energy":{"Mean":-370.0,"Sigma":0.0,"Taucorr":null},"EnergyVariance":{"Mean":0.0,"Sigma":0.0,"Taucorr":null},"Iteration":46},
{"Acceptance":[0.0008048289738430583],"Energy":{"Mean":-369.9516129032258,"Sigma":0.048387096774193804,"Taucorr":0.5081967213114853},"EnergyVariance":{"Mean":0.14281997918834546,"Sigma":0.14047866805410905,"Taucorr":0.5081967213114753},"Iteration":47},
{"Acceptance":[0.0012072434607645875],"Energy":{"Mean":-370.00000000000006,"Sigma":0.020080483222563172,"Taucorr":0.012500000000026379},"EnergyVariance":{"Mean":0.048387096774193554,"Sigma":0.02437210098202888,"Taucorr":0.29336158192094475},"Iteration":48},
{"Acceptance":[0.0014084507042253522],"Energy":{"Mean":-370.0322580645162,"Sigma":0.01919738824876987,"Taucorr":0.2260416666666092},"EnergyVariance":{"Mean":0.03121748178980229,"Sigma":0.017958847071427794,"Taucorr":0.22604166666666647},"Iteration":49},
{"Acceptance":[0.0022132796780684103],"Energy":{"Mean":-369.88709677419354,"Sigma":0.06842968850192391,"Taucorr":0.2692842251563595},"EnergyVariance":{"Mean":0.3743496357960457,"Sigma":0.16583397920836535,"Taucorr":0.3437604620500465},"Iteration":50},
{"Acceptance":[0.001006036217303823],"Energy":{"Mean":-369.91935483870964,"Sigma":0.08147423299235566,"Taucorr":0.0002470513229170246},"EnergyVariance":{"Mean":0.8160770031217479,"Sigma":0.7929880015860153,"Taucorr":-0.0005149261917883896},"Iteration":51},
{"Acceptance":[0.0012072434607645875],"Energy":{"Mean":-370.0483870967742,"Sigma":0.026989033114001474,"Taucorr":0.4728813559321653},"EnergyVariance":{"Mean":0.04604578563995836,"Sigma":0.02437719119974344,"Taucorr":0.47288135593220315},"Iteration":52},
{"Acceptance":[0.001006036217303823],"Energy":{"Mean":-370.0161290322581,"Sigma":0.01121325463151343,"Taucorr":-0.012704918032754642},"EnergyVariance":{"Mean":0.01586888657648283,"Sigma":0.010851536740172942,"Taucorr":-0.012704918032786894},"Iteration":53},
{"Acceptance":[0.002112676056338028],"Energy":{"Mean":-370.08064516129025,"Sigma":0.03357525805590568,"Taucorr":0.4350877192982474},"EnergyVariance":{"Mean":0.07414151925078043,"Sigma":0.02815989385334491,"Taucorr":0.4350877192982455},"Iteration":54},
{"Acceptance":[0.003923541247484909],"Energy":{"Mean":-370.0806451612904,"Sigma":0.029299842136425874,"Taucorr":0.08487031700283476},"EnergyVariance":{"Mean":0.09027055150884494,"Sigma":0.023787426760602456,"Taucorr":0.02519048416681735},"Iteration":55},
{"Acceptance":[0.007344064386317907],"Energy":{"Mean":-370.26612903225794,"Sigma":0.05429841364711086,"Taucorr":0.3575822823747038},"EnergyVariance":{"Mean":0.21143340270551506,"Sigma":0.03569713190867601,"Taucorr":0.25053233195380675},"Iteration":56},
{"Acceptance":[0.00835010060362173],"Energy":{"Mean":-371.2096774193548,"Sigma":0.05449767455030502,"Taucorr":0.1958622398414328},"EnergyVariance":{"Mean":0.26248699271592096,"Sigma":0.04356758039598764,"Taucorr":0.10508194421058759},"Iteration":57},
{"Acceptance":[0.0028169014084507044],"Energy":{"Mean":-371.97580645161287,"Sigma":0.03144127208002756,"Taucorr":0.18988929889294648},"EnergyVariance":{"Mean":0.08812434963579605,"Sigma":0.03876735136413632,"Taucorr":0.04050498041857997},"Iteration":58},
{"Acceptance":[0.00482897384305835],"Energy":{"Mean":-371.91935483870964,"Sigma":0.08064516129032241,"Taucorr":0.5081967213114762},"EnergyVariance":{"Mean":0.39672216441207087,"Sigma":0.2029489816855893,"Taucorr":0.30866729476719557},"Iteration":59},
{"Acceptance":[0.007142857142857143],"Energy":{"Mean":-372.25,"Sigma":0.0742344440820555,"Taucorr":0.28920187793425234},"EnergyVariance":{"Mean":0.42943548387096775,"Sigma":0.21866342248847634,"Taucorr":-0.012891514020302808},"Iteration":60},
{"Acceptance":[0.0022132796780684103],"Energy":{"Mean":-372.92741935483866,"Sigma":0.03109461019552964,"Taucorr":0.013940415964024622},"EnergyVariance":{"Mean":0.11569979188345474,"Sigma":0.07011325093847903,"Taucorr":-0.008176050930386758},"Iteration":61},
{"Acceptance":[0.0006036217303822937],"Energy":{"Mean":-372.9596774193548,"Sigma":0.04032258064516047,"Taucorr":-1.84297022087776e-14},"EnergyVariance":{"Mean":0.19998699271592094,"Sigma":0.19836108220603374,"Taucorr":-1.1102230246251565e-16},"Iteration":62},
{"Acceptance":[0.00040241448692152917],"Energy":{"Mean":-373.0,"Sigma":0.0,"Taucorr":null},"EnergyVariance":{"Mean":0.0,"Sigma":0.0,"Taucorr":null},"Iteration":63},
{"Acceptance":[0.0018108651911468814],"Energy":{"Mean":-372.9274193548387,"Sigma":0.053372232605722686,"Taucorr":1.2594382756368367},"EnergyVariance":{"Mean":0.09957075962539022,"Sigma":0.0758043938094215,"Taucorr":0.9570962155623757},"Iteration":64},
{"Acceptance":[0.00020120724346076458],"Energy":{"Mean":-373.0,"Sigma":0.0,"Taucorr":null},"EnergyVariance":{"Mean":0.0,"Sigma":0.0,"Taucorr":null},"Iteration":65},
{"Acceptance":[0.00040241448692152917],"Energy":{"Mean":-372.991935483871,"Sigma":0.008064516129031921,"Taucorr":-3.2085445411667024e-14},"EnergyVariance":{"Mean":0.007999479708636839,"Sigma":0.007934443288241534,"Taucorr":0.0},"Iteration":66},
{"Acceptance":[0.0014084507042253522],"Energy":{"Mean":-372.9516129032258,"Sigma":0.033639763894540264,"Taucorr":-0.012704918032758528},"EnergyVariance":{"Mean":0.1428199791883455,"Sigma":0.1258322268489572,"Taucorr":-0.0029862203777914487},"Iteration":67},
{"Acceptance":[0.001006036217303823],"Energy":{"Mean":-372.98387096774195,"Sigma":0.036543323587023994,"Taucorr":0.06678635547575218},"EnergyVariance":{"Mean":0.14490114464099893,"Sigma":0.12851849650803515,"Taucorr":0.0009800555072849715},"Iteration":68},
{"Acceptance":[0.0012072434607645875],"Energy":{"Mean":-372.9274193548387,"Sigma":0.05702474041827192,"Taucorr":-0.007448342143175857},"EnergyVariance":{"Mean":0.40602237252861606,"Sigma":0.3866256815461204,"Taucorr":-0.0009059516816234958},"Iteration":69},
{"Acceptance":[0.0006036217303822937],"Energy":{"Mean":-372.98387096774195,"Sigma":0.025755999068824566,"Taucorr":0.007524271844658537},"EnergyVariance":{"Mean":0.08038501560874091,"Sigma":0.07200501637483514,"Taucorr":-0.0028887302045507157},"Iteration":70},
{"Acceptance":[0.0014084507042253522],"Energy":{"Mean":-372.9354838709677,"Sigma":0.04485301852605109,"Taucorr":0.21411411411409909},"EnergyVariance":{"Mean":0.17325702393340273,"Sigma":0.13107315669270658,"Taucorr":0.02047483241008685},"Iteration":71},
{"Acceptance":[0.00040241448692152917],"Energy":{"Mean":-372.9838709677419,"Sigma":0.01612903225806459,"Taucorr":6.661338147750939e-16},"EnergyVariance":{"Mean":0.031997918834547334,"Sigma":0.03173777315296429,"Taucorr":-2.220446049250313e-16},"Iteration":72},
{"Acceptance":[0.00020120724346076458],"Energy":{"Mean":-372.9838709677419,"Sigma":0.016129032258065383,"Taucorr":0.5081967213115262},"EnergyVariance":{"Mean":0.01586888657648283,"Sigma":0.015608740894899786,"Taucorr":0.5081967213114753},"Iteration":73},
{"Acceptance":[0.00040241448692152917],"Energy":{"Mean":-373.0,"Sigma":0.0,"Taucorr":null},"EnergyVariance":{"Mean":0.0,"Sigma":0.0,"Taucorr":null},"Iteration":74},
{"Acceptance":[0.0006036217303822937],"Energy":{"Mean":-373.0,"Sigma":0.0,"Taucorr":null},"EnergyVariance":{"Mean":0.0,"Sigma":0.0,"Taucorr":null},"Iteration":75},
{"Acceptance":[0.00020120724346076458],"Energy":{"Mean":-373.008064516129,"Sigma":0.008064516129033123,"Taucorr":9.43689570931383e-14},"EnergyVariance":{"Mean":0.007999479708636839,"Sigma":0.007934443288241534,"Taucorr":0.0},"Iteration":76},
{"Acceptance":[0.0008048289738430583],"Energy":{"Mean":-373.0,"Sigma":0.0,"Taucorr":null},"EnergyVariance":{"Mean":0.0,"Sigma":0.0,"Taucorr":null},"Iteration":77},
{"Acceptance":[0.0006036217303822937],"Energy":{"Mean":-373.0,"Sigma":0.0,"Taucorr":null},"EnergyVariance":{"Mean":0.0,"Sigma":0.0,"Taucorr":null},"Iteration":78},
{"Acceptance":[0.0008048289738430583],"Energy":{"Mean":-372.9516129032258,"Sigma":0.03363976389453911,"Taucorr":-0.012704918032783952},"EnergyVariance":{"Mean":0.14281997918834546,"Sigma":0.09766383066156412,"Taucorr":-0.012704918032787005},"Iteration":79},
{"Acceptance":[0.0006036217303822937],"Energy":{"Mean":-372.9838709677419,"Sigma":0.034655531977385655,"Taucorr":0.6494939271255571},"EnergyVariance":{"Mean":0.06425598335067637,"Sigma":0.032244914688550605,"Taucorr":0.5756378555848098},"Iteration":80},
{"Acceptance":[0.0006036217303822937],"Energy":{"Mean":-372.95161290322585,"Sigma":0.04838709677419328,"Taucorr":-2.9976021664879227e-15},"EnergyVariance":{"Mean":0.2879812695109261,"Sigma":0.2856399583766952,"Taucorr":-2.220446049250313e-16},"Iteration":81},
{"Acceptance":[0.00020120724346076458],"Energy":{"Mean":-373.0,"Sigma":0.0,"Taucorr":null},"EnergyVariance":{"Mean":0.0,"Sigma":0.0,"Taucorr":null},"Iteration":82},
{"Acceptance":[0.0],"Energy":{"Mean":-373.0,"Sigma":0.0,"Taucorr":null},"EnergyVariance":{"Mean":0.0,"Sigma":0.0,"Taucorr":null},"Iteration":83},
{"Acceptance":[0.00040241448692152917],"Energy":{"Mean":-373.0,"Sigma":0.0,"Taucorr":null},"EnergyVariance":{"Mean":0.0,"Sigma":0.0,"Taucorr":null},"Iteration":84},
{"Acceptance":[0.00020120724346076458],"Energy":{"Mean":-373.0,"Sigma":0.0,"Taucorr":null},"EnergyVariance":{"Mean":0.0,"Sigma":0.0,"Taucorr":null},"Iteration":85},
{"Acceptance":[0.00040241448692152917],"Energy":{"Mean":-373.0,"Sigma":0.0,"Taucorr":null},"EnergyVariance":{"Mean":0.0,"Sigma":0.0,"Taucorr":null},"Iteration":86},
{"Acceptance":[0.00020120724346076458],"Energy":{"Mean":-372.991935483871,"Sigma":0.00806451612903243,"Taucorr":5.551115123125783e-15},"EnergyVariance":{"Mean":0.007999479708636839,"Sigma":0.007934443288241532,"Taucorr":0.0},"Iteration":87},
{"Acceptance":[0.00040241448692152917],"Energy":{"Mean":-372.9838709677419,"Sigma":0.016129032258066733,"Taucorr":0.5081967213116043},"EnergyVariance":{"Mean":0.01586888657648283,"Sigma":0.015608740894899786,"Taucorr":0.5081967213114753},"Iteration":88},
{"Acceptance":[0.0],"Energy":{"Mean":-373.0,"Sigma":0.0,"Taucorr":null},"EnergyVariance":{"Mean":0.0,"Sigma":0.0,"Taucorr":null},"Iteration":89},
{"Acceptance":[0.00020120724346076458],"Energy":{"Mean":-373.0241935483871,"Sigma":0.017790744201908338,"Taucorr":0.32451790633612276},"EnergyVariance":{"Mean":0.023608220603537976,"Sigma":0.016929901740525992,"Taucorr":0.32451790633608824},"Iteration":90},
{"Acceptance":[0.00020120724346076458],"Energy":{"Mean":-373.0,"Sigma":0.0,"Taucorr":null},"EnergyVariance":{"Mean":0.0,"Sigma":0.0,"Taucorr":null},"Iteration":91},
{"Acceptance":[0.0008048289738430583],"Energy":{"Mean":-373.0,"Sigma":0.011593472394004215,"Taucorr":0.012499999999999623},"EnergyVariance":{"Mean":0.016129032258064516,"Sigma":0.011213254631513016,"Taucorr":-0.012704918032786783},"Iteration":92},
{"Acceptance":[0.0006036217303822937],"Energy":{"Mean":-372.98387096774195,"Sigma":0.016129032258064103,"Taucorr":0.508196721311408},"EnergyVariance":{"Mean":0.01586888657648283,"Sigma":0.015608740894901618,"Taucorr":0.5081967213114753},"Iteration":93},
{"Acceptance":[0.00020120724346076458],"Energy":{"Mean":-373.0,"Sigma":0.0,"Taucorr":null},"EnergyVariance":{"Mean":0.0,"Sigma":0.0,"Taucorr":null},"Iteration":94},
{"Acceptance":[0.0016096579476861167],"Energy":{"Mean":-372.91129032258067,"Sigma":0.0765067175847202,"Taucorr":-0.1280991735537071},"EnergyVariance":{"Mean":0.967937044745057,"Sigma":0.701804880293214,"Taucorr":0.006435410229268856},"Iteration":95},
{"Acceptance":[0.0012072434607645875],"Energy":{"Mean":-372.7903225806452,"Sigma":0.22662103456119193,"Taucorr":0.507980489829811},"EnergyVariance":{"Mean":3.1334547346514046,"Sigma":3.0658754163323954,"Taucorr":0.5079126449298106},"Iteration":96},
{"Acceptance":[0.002012072434607646],"Energy":{"Mean":-373.0241935483871,"Sigma":0.013494516557000761,"Taucorr":-0.025619834710764233},"EnergyVariance":{"Mean":0.023608220603537983,"Sigma":0.012841556078437235,"Taucorr":-0.025619834710744027},"Iteration":97},
{"Acceptance":[0.001006036217303823],"Energy":{"Mean":-373.01612903225805,"Sigma":0.01986339053969018,"Taucorr":0.25833333333337216},"EnergyVariance":{"Mean":0.031997918834547355,"Sigma":0.018781004836400005,"Taucorr":0.21726054617223756},"Iteration":98},
{"Acceptance":[0.003822937625754527],"Energy":{"Mean":-373.0806451612903,"Sigma":0.033575258055905347,"Taucorr":0.06581740976645256},"EnergyVariance":{"Mean":0.12252861602497397,"Sigma":0.039539176915565244,"Taucorr":-0.03167123562229457},"Iteration":99} 
]}