{"Output": [
{"Acceptance":[0.9094766619519095],"Energy":{"Mean":-621.7822580645163,"Sigma":1.667234121227249,"Taucorr":0.09646271226324765},"EnergyVariance":{"Mean":286.6058142559834,"Sigma":44.50933199882616,"Taucorr":0.06240980187327527},"Iteration":0},
{"Acceptance":[0.8898868458274399],"Energy":{"Mean":-625.6693548387098,"Sigma":1.6108831435751632,"Taucorr":-0.01639013001745515},"EnergyVariance":{"Mean":329.9955124869927,"Sigma":40.490214935308266,"Taucorr":-0.06297236121781297},"Iteration":1},
{"Acceptance":[0.8672560113154173],"Energy":{"Mean":-625.0564516129032,"Sigma":1.7282717794777407,"Taucorr":0.006019712956958911},"EnergyVariance":{"Mean":363.02100676378774,"Sigma":39.653482618476694,"Taucorr":-0.08380537307626118},"Iteration":2},
{"Acceptance":[0.8422206506364922],"Energy":{"Mean":-629.6048387096774,"Sigma":1.7015479272107532,"Taucorr":0.18138318801827014},"EnergyVariance":{"Mean":261.3196540062435,"Sigma":30.421830981152898,"Taucorr":-0.0393093945601104},"Iteration":3},
{"Acceptance":[0.8212871287128712],"Energy":{"Mean":-627.4596774193549,"Sigma":1.9355577942872202,"Taucorr":0.17225251719640566},"EnergyVariance":{"Mean":342.73224505723203,"Sigma":47.82518632266985,"Taucorr":-0.0005087035494319436},"Iteration":4},
{"Acceptance":[0.7702263083451202],"Energy":{"Mean":-632.1854838709677,"Sigma":1.356385126162626,"Taucorr":-0.11275509942881701},"EnergyVariance":{"Mean":292.1833376690947,"Sigma":30.446238755120202,"Taucorr":-0.10931634395580436},"Iteration":5},
{"Acceptance":[0.7123055162659123],"Energy":{"Mean":-636.5806451612901,"Sigma":1.7999173777622943,"Taucorr":0.14627620300503985},"EnergyVariance":{"Mean":308.2918834547346,"Sigma":39.74318724751627,"Taucorr":0.016570134220631583},"Iteration":6},
{"Acceptance":[0.5866336633663366],"Energy":{"Mean":-645.1370967741937,"Sigma":1.761133505563675,"Taucorr":0.3540536943903536},"EnergyVariance":{"Mean":223.34410770031218,"Sigma":28.61460721322766,"Taucorr":0.03399739640291022},"Iteration":7},
{"Acceptance":[0.46746817538896746],"Energy":{"Mean":-656.983870967742,"Sigma":2.0476493040956285,"Taucorr":0.37200929967001284},"EnergyVariance":{"Mean":295.7094172736733,"Sigma":34.02989907775259,"Taucorr":0.0537128117556922},"Iteration":8},
{"Acceptance":[0.404950495049505],"Energy":{"Mean":-666.8790322580643,"Sigma":1.4635752626454506,"Taucorr":0.2021950090739426},"EnergyVariance":{"Mean":187.60633454734653,"Sigma":29.697265793022623,"Taucorr":0.18551351336133248},"Iteration":9},
{"Acceptance":[0.3185997171145686],"Energy":{"Mean":-680.6774193548387,"Sigma":1.3972993127482993,"Taucorr":0.3556557428712319},"EnergyVariance":{"Mean":140.33142559833507,"Sigma":14.131995427460035,"Taucorr":-0.12525470165483465},"Iteration":10},
{"Acceptance":[0.2638613861386139],"Energy":{"Mean":-685.7983870967743,"Sigma":1.2936683772412614,"Taucorr":0.3659750140491992},"EnergyVariance":{"Mean":118.85451352757545,"Sigma":15.609500515320548,"Taucorr":-0.039085257164076015},"Iteration":11},
{"Acceptance":[0.20042432814710043],"Energy":{"Mean":-696.4112903225807,"Sigma":0.9141619044310506,"Taucorr":0.21751516972936302},"EnergyVariance":{"Mean":71.62922736732568,"Sigma":9.671980281833973,"Taucorr":-0.021824377390100236},"Iteration":12},
{"Acceptance":[0.15452616690240453],"Energy":{"Mean":-702.0564516129033,"Sigma":0.9175491605460347,"Taucorr":0.4013980930771315},"EnergyVariance":{"Mean":57.44036160249738,"Sigma":7.67526714415978,"Taucorr":0.08098226514050177},"Iteration":13},
{"Acceptance":[0.1347241867043847],"Energy":{"Mean":-706.8064516129031,"Sigma":0.811270548509529,"Taucorr":0.23752618905416478},"EnergyVariance":{"Mean":54.881893860561924,"Sigma":5.699078577383395,"Taucorr":-0.052372043946348756},"Iteration":14},
{"Acceptance":[0.10594059405940594],"Energy":{"Mean":-713.1451612903226,"Sigma":0.6877161628449793,"Taucorr":0.3098877259063393},"EnergyVariance":{"Mean":35.91441207075963,"Sigma":4.774450738672207,"Taucorr":0.04836053660348938},"Iteration":15},
{"Acceptance":[0.08939179632248939],"Energy":{"Mean":-717.0967741935483,"Sigma":0.560179193122973,"Taucorr":0.05052522411540761},"EnergyVariance":{"Mean":35.055150884495326,"Sigma":4.643317855420084,"Taucorr":0.07327201904744696},"Iteration":16},
{"Acceptance":[0.07503536067892504],"Energy":{"Mean":-721.1532258064517,"Sigma":0.5708743317066015,"Taucorr":0.1911104134196},"EnergyVariance":{"Mean":29.000715400624355,"Sigma":4.564727904415267,"Taucorr":0.0016734073102274705},"Iteration":17},
{"Acceptance":[0.0676096181046676],"Energy":{"Mean":-723.5645161290323,"Sigma":0.40427283417723553,"Taucorr":0.0752948139545282},"EnergyVariance":{"Mean":17.471644120707595,"Sigma":2.9097332233339475,"Taucorr":0.2821835940857492},"Iteration":18},
{"Acceptance":[0.05834512022630835],"Energy":{"Mean":-726.3870967741935,"Sigma":0.48093193436730247,"Taucorr":0.1369059544332084},"EnergyVariance":{"Mean":22.334027055150884,"Sigma":4.101416582086153,"Taucorr":0.18447119880073126},"Iteration":19},
{"Acceptance":[0.05099009900990099],"Energy":{"Mean":-728.8467741935484,"Sigma":0.404058280448883,"Taucorr":0.2970381881166204},"EnergyVariance":{"Mean":12.59748959417274,"Sigma":1.7947406463640314,"Taucorr":0.02752398622715102},"Iteration":20},
{"Acceptance":[0.03521923620933522],"Energy":{"Mean":-731.8951612903223,"Sigma":0.3260166467706163,"Taucorr":0.21752561127966918},"EnergyVariance":{"Mean":9.10997658688866,"Sigma":1.2999108400080077,"Taucorr":0.07719500240514299},"Iteration":21},
{"Acceptance":[0.02666195190947666],"Energy":{"Mean":-732.7661290322579,"Sigma":0.2641011037337981,"Taucorr":0.1406859840500474},"EnergyVariance":{"Mean":6.695304370447451,"Sigma":1.1335213259893089,"Taucorr":0.208812443172937},"Iteration":22},
{"Acceptance":[0.025106082036775106],"Energy":{"Mean":-734.2096774193548,"Sigma":0.3715516675950761,"Taucorr":0.44797687861272073},"EnergyVariance":{"Mean":8.956035379812697,"Sigma":1.3040189318898086,"Taucorr":0.0722860649576853},"Iteration":23},
{"Acceptance":[0.019094766619519095],"Energy":{"Mean":-734.2096774193548,"Sigma":0.35223876429067996,"Taucorr":0.5577115863113484},"EnergyVariance":{"Mean":7.214099895941726,"Sigma":1.7415138745938152,"Taucorr":0.4170869088450334},"Iteration":24},
{"Acceptance":[0.013861386138613862],"Energy":{"Mean":-735.8225806451611,"Sigma":0.27586461060701667,"Taucorr":0.31728069776948964},"EnergyVariance":{"Mean":5.726586888657648,"Sigma":0.793584959930459,"Taucorr":0.06001490469950399},"Iteration":25},
{"Acceptance":[0.011173974540311174],"Energy":{"Mean":-736.6612903225807,"Sigma":0.25228748831505426,"Taucorr":0.23568669632816464},"EnergyVariance":{"Mean":5.320759625390217,"Sigma":0.9527444402477644,"Taucorr":0.29835600472929047},"Iteration":26},
{"Acceptance":[0.010183875530410185],"Energy":{"Mean":-737.3790322580644,"Sigma":0.3200031434115482,"Taucorr":0.515252833432942},"EnergyVariance":{"Mean":6.203108740894902,"Sigma":0.9715715244650136,"Taucorr":0.029037680796606846},"Iteration":27},
{"Acceptance":[0.009618104667609617],"Energy":{"Mean":-738.6370967741934,"Sigma":0.2480674524764345,"Taucorr":0.20817319979068338},"EnergyVariance":{"Mean":5.344107700312175,"Sigma":0.5401312357305289,"Taucorr":0.01548223654598535},"Iteration":28},
{"Acceptance":[0.009830268741159831],"Energy":{"Mean":-739.1774193548385,"Sigma":0.22900953999095522,"Taucorr":0.21407014916778},"EnergyVariance":{"Mean":4.516909469302812,"Sigma":0.3381065562003911,"Taucorr":-0.07518286331985341},"Iteration":29},
{"Acceptance":[0.004809052333804809],"Energy":{"Mean":-740.1935483870968,"Sigma":0.19493232814585634,"Taucorr":0.27200928154003345},"EnergyVariance":{"Mean":3.0270551508844945,"Sigma":0.8134629479584039,"Taucorr":0.1050504846261413},"Iteration":30},
{"Acceptance":[0.004314002828854314],"Energy":{"Mean":-740.5,"Sigma":0.1347039765200808,"Taucorr":0.1684782608695592},"EnergyVariance":{"Mean":1.669354838709677,"Sigma":0.4344671524473067,"Taucorr":0.12964781578056261},"Iteration":31},
{"Acceptance":[0.0031117397454031117],"Energy":{"Mean":-740.741935483871,"Sigma":0.1578943565117039,"Taucorr":0.10986651490066501},"EnergyVariance":{"Mean":2.5140478668054107,"Sigma":0.894138471804851,"Taucorr":-0.0166380537461554},"Iteration":32},
{"Acceptance":[0.0016973125884016972],"Energy":{"Mean":-740.8467741935484,"Sigma":0.14557884985871805,"Taucorr":0.47309055596017024},"EnergyVariance":{"Mean":1.339425078043705,"Sigma":0.4761414934574891,"Taucorr":0.3643463445746207},"Iteration":33},
{"Acceptance":[0.0009900990099009901],"Energy":{"Mean":-741.016129032258,"Sigma":0.09485096109879886,"Taucorr":0.6071707444039123},"EnergyVariance":{"Mean":0.49973985431841844,"Sigma":0.2634778271942157,"Taucorr":0.5922754959060987},"Iteration":34},
{"Acceptance":[0.0009900990099009901],"Energy":{"Mean":-740.6854838709676,"Sigma":0.13216952189597003,"Taucorr":0.5348242811501236},"EnergyVariance":{"Mean":1.038176378772112,"Sigma":0.40177021943544,"Taucorr":0.4971818153688603},"Iteration":35},
{"Acceptance":[0.0009900990099009901],"Energy":{"Mean":-740.8225806451612,"Sigma":0.08844045167732674,"Taucorr":0.17707799340901786},"EnergyVariance":{"Mean":0.7104578563995839,"Sigma":0.3688893161356771,"Taucorr":0.09315929197342165},"Iteration":36},
{"Acceptance":[0.0011315417256011315],"Energy":{"Mean":-740.8709677419357,"Sigma":0.11815731707438676,"Taucorr":1.0223708487084764},"EnergyVariance":{"Mean":0.5639958376690949,"Sigma":0.40470553013761507,"Taucorr":0.9010235404823042},"Iteration":37},
{"Acceptance":[0.0008486562942008486],"Energy":{"Mean":-740.8387096774194,"Sigma":0.08160716542370014,"Taucorr":0.33566878980890713},"EnergyVariance":{"Mean":0.490114464099896,"Sigma":0.2203324272088773,"Taucorr":0.054682419171452},"Iteration":38},
{"Acceptance":[0.0005657708628005657],"Energy":{"Mean":-740.9516129032257,"Sigma":0.035581488403820125,"Taucorr":-0.01014729950890364},"EnergyVariance":{"Mean":0.15894901144641,"Sigma":0.1286005471987281,"Taucorr":-0.005821639123295974},"Iteration":39},
{"Acceptance":[0.0002828854314002829],"Energy":{"Mean":-741.0,"Sigma":0.0,"Taucorr":null},"EnergyVariance":{"Mean":0.0,"Sigma":0.0,"Taucorr":null},"Iteration":40},
{"Acceptance":[0.0004243281471004243],"Energy":{"Mean":-740.8951612903226,"Sigma":0.10483870967742055,"Taucorr":1.006522684447018},"EnergyVariance":{"Mean":0.44868626430801245,"Sigma":0.43769510926118244,"Taucorr":0.9469974466370621},"Iteration":41},
{"Acceptance":[0.0007072135785007072],"Energy":{"Mean":-740.9274193548388,"Sigma":0.05819131912855621,"Taucorr":-0.006686180865831337},"EnergyVariance":{"Mean":0.4221514047866806,"Sigma":0.38712588942615916,"Taucorr":-0.001939333270446486},"Iteration":42},
{"Acceptance":[0.0008486562942008486],"Energy":{"Mean":-740.9919354838709,"Sigma":0.06607655930216576,"Taucorr":0.20854642182941763},"EnergyVariance":{"Mean":0.37896722164412083,"Sigma":0.24497658604608152,"Taucorr":0.08475232784272013},"Iteration":43},
{"Acceptance":[0.00014144271570014144],"Energy":{"Mean":-741.0,"Sigma":0.0,"Taucorr":null},"EnergyVariance":{"Mean":0.0,"Sigma":0.0,"Taucorr":null},"Iteration":44},
{"Acceptance":[0.0002828854314002829],"Energy":{"Mean":-741.0,"Sigma":0.0,"Taucorr":null},"EnergyVariance":{"Mean":0.0,"Sigma":0.0,"Taucorr":null},"Iteration":45},
{"Acceptance":[0.0007072135785007072],"Energy":{"Mean":-741.0322580645161,"Sigma":0.03225806451612955,"Taucorr":0.5081967213115008},"EnergyVariance":{"Mean":0.06347554630593132,"Sigma":0.06243496357960646,"Taucorr":0.5081967213114749},"Iteration":46},
{"Acceptance":[0.0007072135785007072],"Energy":{"Mean":-740.8225806451613,"Sigma":0.1051071831251404,"Taucorr":0.16812484011254047},"EnergyVariance":{"Mean":1.0169094693028098,"Sigma":0.6150769979099452,"Taucorr":0.08737912868750375},"Iteration":47},
{"Acceptance":[0.001272984441301273],"Energy":{"Mean":-740.959677419355,"Sigma":0.05197287106837893,"Taucorr":0.0049021545760729035},"EnergyVariance":{"Mean":0.32901925078043703,"Sigma":0.18762305508818566,"Taucorr":-0.023752657578835323},"Iteration":48},
{"Acceptance":[0.0007072135785007072],"Energy":{"Mean":-741.0403225806455,"Sigma":0.045045935625062844,"Taucorr":0.002435192458784763},"EnergyVariance":{"Mean":0.2483740894901144,"Sigma":0.12251773471392954,"Taucorr":-0.03468431914403797},"Iteration":49},
{"Acceptance":[0.0008486562942008486],"Energy":{"Mean":-741.0080645161289,"Sigma":0.08072576616930494,"Taucorr":0.4378024653781837},"EnergyVariance":{"Mean":0.4273543184183142,"Sigma":0.21725099809764695,"Taucorr":0.3678721699883972},"Iteration":50},
{"Acceptance":[0.00014144271570014144],"Energy":{"Mean":-741.0241935483871,"Sigma":0.02419354838709746,"Taucorr":2.9753977059954195e-14},"EnergyVariance":{"Mean":0.07199531737773153,"Sigma":0.0714099895941738,"Taucorr":0.0},"Iteration":51},
{"Acceptance":[0.0005657708628005657],"Energy":{"Mean":-741.0241935483872,"Sigma":0.02419354838709764,"Taucorr":2.7977620220553945e-14},"EnergyVariance":{"Mean":0.07199531737773154,"Sigma":0.07140998959416829,"Taucorr":-2.220446049250313e-16},"Iteration":52},
{"Acceptance":[0.0004243281471004243],"Energy":{"Mean":-740.9758064516127,"Sigma":0.0423675017308501,"Taucorr":0.2232211333617251},"EnergyVariance":{"Mean":0.15264047866805414,"Sigma":0.09522112587859259,"Taucorr":0.11164398373685769},"Iteration":53},
{"Acceptance":[0.0005657708628005657],"Energy":{"Mean":-741.0,"Sigma":0.0,"Taucorr":null},"EnergyVariance":{"Mean":0.0,"Sigma":0.0,"Taucorr":null},"Iteration":54},
{"Acceptance":[0.0008486562942008486],"Energy":{"Mean":-740.9919354838709,"Sigma":0.04096266161032248,"Taucorr":0.2530612244897713},"EnergyVariance":{"Mean":0.13703173777315292,"Sigma":0.0954405159383782,"Taucorr":0.12561930459393933},"Iteration":55},
{"Acceptance":[0.0005657708628005657],"Energy":{"Mean":-740.9193548387096,"Sigma":0.06597806002856685,"Taucorr":0.44326306141150695},"EnergyVariance":{"Mean":0.2838189386056191,"Sigma":0.24844454668808144,"Taucorr":0.48987027775881786},"Iteration":56},
{"Acceptance":[0.0007072135785007072],"Energy":{"Mean":-740.983870967742,"Sigma":0.016129032258065716,"Taucorr":6.039613253960852e-14},"EnergyVariance":{"Mean":0.031997918834547355,"Sigma":0.03173777315296613,"Taucorr":-2.220446049250313e-16},"Iteration":57},
{"Acceptance":[0.0007072135785007072],"Energy":{"Mean":-741.0483870967741,"Sigma":0.03363976389453809,"Taucorr":-0.012704918032813317},"EnergyVariance":{"Mean":0.14281997918834546,"Sigma":0.09766383066156795,"Taucorr":-0.012704918032786672},"Iteration":58},
{"Acceptance":[0.0005657708628005657],"Energy":{"Mean":-740.8629032258063,"Sigma":0.09688613597279826,"Taucorr":0.2405105530992051},"EnergyVariance":{"Mean":0.7795915712799164,"Sigma":0.5289229864886801,"Taucorr":0.15413497230931494},"Iteration":59},
{"Acceptance":[0.0004243281471004243],"Energy":{"Mean":-741.0403225806454,"Sigma":0.04931898339167896,"Taucorr":-0.06659129451668377},"EnergyVariance":{"Mean":0.34514828303850165,"Sigma":0.24281638244001444,"Taucorr":0.4330212592137608},"Iteration":60},
{"Acceptance":[0.0009900990099009901],"Energy":{"Mean":-741.0725806451612,"Sigma":0.04048354967100251,"Taucorr":-0.025619834710762734},"EnergyVariance":{"Mean":0.21247398543184182,"Sigma":0.11557400470593515,"Taucorr":-0.025619834710743583},"Iteration":61},
{"Acceptance":[0.0013437057991513438],"Energy":{"Mean":-741.2258064516129,"Sigma":0.13236620284093162,"Taucorr":0.635423519736851},"EnergyVariance":{"Mean":0.9490114464099897,"Sigma":0.37008531665949146,"Taucorr":0.31223379916765004},"Iteration":62},
{"Acceptance":[0.0010608203677510608],"Energy":{"Mean":-741.1370967741937,"Sigma":0.07934434758870355,"Taucorr":0.5287195438051031},"EnergyVariance":{"Mean":0.37636576482830386,"Sigma":0.21441168568557792,"Taucorr":0.5610602388184829},"Iteration":63},
{"Acceptance":[0.0008486562942008486],"Energy":{"Mean":-740.991935483871,"Sigma":0.04096266161032547,"Taucorr":0.01200387221688004},"EnergyVariance":{"Mean":0.20154786680541106,"Sigma":0.14565334617484918,"Taucorr":-0.01089778735436503},"Iteration":64},
{"Acceptance":[0.0005657708628005657],"Energy":{"Mean":-741.0725806451612,"Sigma":0.053372232605721354,"Taucorr":0.3245179063360475},"EnergyVariance":{"Mean":0.21247398543184187,"Sigma":0.15236911566473393,"Taucorr":0.32451790633608824},"Iteration":65},
{"Acceptance":[0.001272984441301273],"Energy":{"Mean":-741.1451612903226,"Sigma":0.07311630294608341,"Taucorr":0.293361581920886},"EnergyVariance":{"Mean":0.41441207075962544,"Sigma":0.19812159507971622,"Taucorr":0.29336158192090445},"Iteration":66},
{"Acceptance":[0.0018387553041018388],"Energy":{"Mean":-741.0887096774192,"Sigma":0.1339778042406225,"Taucorr":0.7219422647758145},"EnergyVariance":{"Mean":0.9034209157127991,"Sigma":0.4949421147960284,"Taucorr":0.5719385390622238},"Iteration":67},
{"Acceptance":[0.0031117397454031117],"Energy":{"Mean":-741.2016129032259,"Sigma":0.099338778201998,"Taucorr":0.022749425802494394},"EnergyVariance":{"Mean":1.1609651404786678,"Sigma":0.2877693384737757,"Taucorr":-0.013206514132048763},"Iteration":68},
{"Acceptance":[0.003536067892503536],"Energy":{"Mean":-741.6290322580646,"Sigma":0.13058541047023497,"Taucorr":0.2031789638932553},"EnergyVariance":{"Mean":1.4914151925078045,"Sigma":0.22747136017392727,"Taucorr":0.20317896389324974},"Iteration":69},
{"Acceptance":[0.009052333804809052],"Energy":{"Mean":-742.0080645161288,"Sigma":0.18053231882636972,"Taucorr":0.15580806468773778},"EnergyVariance":{"Mean":3.05638657648283,"Sigma":0.6991570181149834,"Taucorr":0.23906503581646943},"Iteration":70},
{"Acceptance":[0.002333804809052334],"Energy":{"Mean":-743.3951612903227,"Sigma":0.33496392711183054,"Taucorr":0.825270113291444},"EnergyVariance":{"Mean":5.206750780437043,"Sigma":3.4160201412881523,"Taucorr":0.5353999708584347},"Iteration":71},
{"Acceptance":[0.006294200848656294],"Energy":{"Mean":-742.1129032258065,"Sigma":0.14285807194584502,"Taucorr":0.09763099219623195},"EnergyVariance":{"Mean":2.1001560874089487,"Sigma":0.11059979763548711,"Taucorr":0.09763099219620963},"Iteration":72},
{"Acceptance":[0.007991513437057991],"Energy":{"Mean":-742.9112903225806,"Sigma":0.15491429606692805,"Taucorr":0.20928270042196706},"EnergyVariance":{"Mean":2.0808402705515086,"Sigma":0.12742950160342703,"Taucorr":0.2092827004219403},"Iteration":73},
{"Acceptance":[0.003818953323903819],"Energy":{"Mean":-743.491935483871,"Sigma":0.1962291941466631,"Taucorr":0.8287632740940747},"EnergyVariance":{"Mean":1.7821930280957337,"Sigma":0.7414572291848035,"Taucorr":0.5362541432352987},"Iteration":74},
{"Acceptance":[0.002263083451202263],"Energy":{"Mean":-743.75,"Sigma":0.07948084235257753,"Taucorr":0.092923076923081},"EnergyVariance":{"Mean":0.6552419354838708,"Sigma":0.1965741315075299,"Taucorr":0.11304216526367461},"Iteration":75},
{"Acceptance":[0.0005657708628005657],"Energy":{"Mean":-743.9274193548388,"Sigma":0.053372232605721236,"Taucorr":0.3245179063360484},"EnergyVariance":{"Mean":0.21247398543184187,"Sigma":0.15236911566473393,"Taucorr":0.32451790633608824},"Iteration":76},
{"Acceptance":[0.0008486562942008486],"Energy":{"Mean":-744.0806451612904,"Sigma":0.16038725681010438,"Taucorr":0.3789312039312315},"EnergyVariance":{"Mean":1.7999479708636839,"Sigma":1.330292613374395,"Taucorr":0.4073602181670175},"Iteration":77},
{"Acceptance":[0.0007072135785007072],"Energy":{"Mean":-743.9032258064517,"Sigma":0.05759216474631173,"Taucorr":-0.021291208791228422},"EnergyVariance":{"Mean":0.42611862643080123,"Sigma":0.29207265982826935,"Taucorr":-0.012322699191433195},"Iteration":78},
{"Acceptance":[0.0005657708628005657],"Energy":{"Mean":-744.0,"Sigma":0.0,"Taucorr":null},"EnergyVariance":{"Mean":0.0,"Sigma":0.0,"Taucorr":null},"Iteration":79},
{"Acceptance":[0.0005657708628005657],"Energy":{"Mean":-744.0080645161291,"Sigma":0.008064516129035963,"Taucorr":-0.47081158044610544},"EnergyVariance":{"Mean":0.13703173777315292,"Sigma":0.13696670135275582,"Taucorr":0.7884707900185268},"Iteration":80},
{"Acceptance":[0.0002828854314002829],"Energy":{"Mean":-743.983870967742,"Sigma":0.01612903225806443,"Taucorr":1.9984014443252818e-15},"EnergyVariance":{"Mean":0.031997918834547355,"Sigma":0.03173777315296614,"Taucorr":0.0},"Iteration":81},
{"Acceptance":[0.0005657708628005657],"Energy":{"Mean":-743.9596774193545,"Sigma":0.028626192498870474,"Taucorr":-0.01172022684306856},"EnergyVariance":{"Mean":0.10321279916753384,"Sigma":0.07616510683432431,"Taucorr":-0.009322252609534953},"Iteration":82},
{"Acceptance":[0.0002828854314002829],"Energy":{"Mean":-744.1612903225808,"Sigma":0.10143353344213399,"Taucorr":-0.017969678953595858},"EnergyVariance":{"Mean":1.3126951092611867,"Sigma":0.8748393094183015,"Taucorr":-0.01379334245164826},"Iteration":83},
{"Acceptance":[0.00014144271570014144],"Energy":{"Mean":-744.0,"Sigma":0.0,"Taucorr":null},"EnergyVariance":{"Mean":0.0,"Sigma":0.0,"Taucorr":null},"Iteration":84},
{"Acceptance":[0.00014144271570014144],"Energy":{"Mean":-743.9677419354839,"Sigma":0.03225806451612955,"Taucorr":0.5081967213115008},"EnergyVariance":{"Mean":0.06347554630593132,"Sigma":0.06243496357960647,"Taucorr":0.5081967213114753},"Iteration":85},
{"Acceptance":[0.0002828854314002829],"Energy":{"Mean":-743.983870967742,"Sigma":0.0161290322580653,"Taucorr":3.574918139293004e-14},"EnergyVariance":{"Mean":0.031997918834547355,"Sigma":0.03173777315296614,"Taucorr":0.0},"Iteration":86},
{"Acceptance":[0.0004950495049504951],"Energy":{"Mean":-743.9112903225805,"Sigma":0.06407781213205156,"Taucorr":-0.010933366922830312},"EnergyVariance":{"Mean":0.5163241415192509,"Sigma":0.4004699597439348,"Taucorr":-0.007353633301333817},"Iteration":87},
{"Acceptance":[0.0003536067892503536],"Energy":{"Mean":-744.0,"Sigma":0.0,"Taucorr":null},"EnergyVariance":{"Mean":0.0,"Sigma":0.0,"Taucorr":null},"Iteration":88},
{"Acceptance":[0.0],"Energy":{"Mean":-744.0,"Sigma":0.0,"Taucorr":null},"EnergyVariance":{"Mean":0.0,"Sigma":0.0,"Taucorr":null},"Iteration":89},
{"Acceptance":[0.0004243281471004243],"Energy":{"Mean":-744.0,"Sigma":0.0,"Taucorr":null},"EnergyVariance":{"Mean":0.0,"Sigma":0.0,"Taucorr":null},"Iteration":90},
{"Acceptance":[0.0002828854314002829],"Energy":{"Mean":-743.9516129032259,"Sigma":0.04838709677419418,"Taucorr":1.0880185641326534e-14},"EnergyVariance":{"Mean":0.28798126951092606,"Sigma":0.2856399583766952,"Taucorr":0.0},"Iteration":91},
{"Acceptance":[0.0008486562942008486],"Energy":{"Mean":-743.9677419354838,"Sigma":0.11751340319566803,"Taucorr":0.2750771604938198},"EnergyVariance":{"Mean":1.0957336108220603,"Sigma":0.7604610761761446,"Taucorr":0.06973813023426789},"Iteration":92},
{"Acceptance":[0.00014144271570014144],"Energy":{"Mean":-744.0725806451612,"Sigma":0.07258064516128813,"Taucorr":-2.5646151868841116e-14},"EnergyVariance":{"Mean":0.647957856399584,"Sigma":0.6426899063475644,"Taucorr":4.440892098500626e-16},"Iteration":93},
{"Acceptance":[0.00014144271570014144],"Energy":{"Mean":-744.0,"Sigma":0.0,"Taucorr":null},"EnergyVariance":{"Mean":0.0,"Sigma":0.0,"Taucorr":null},"Iteration":94},
{"Acceptance":[0.0002828854314002829],"Energy":{"Mean":-743.9516129032259,"Sigma":0.03558148840381304,"Taucorr":-0.010147299509061403},"EnergyVariance":{"Mean":0.15894901144640997,"Sigma":0.12860054719873595,"Taucorr":-0.005821639123296529},"Iteration":95},
{"Acceptance":[0.00014144271570014144],"Energy":{"Mean":-743.983870967742,"Sigma":0.01612903225806463,"Taucorr":2.886579864025407e-15},"EnergyVariance":{"Mean":0.03199791883454735,"Sigma":0.03173777315296614,"Taucorr":0.0},"Iteration":96},
{"Acceptance":[0.00014144271570014144],"Energy":{"Mean":-743.983870967742,"Sigma":0.016129032258064283,"Taucorr":-3.11972669919669e-14},"EnergyVariance":{"Mean":0.031997918834547355,"Sigma":0.03173777315296613,"Taucorr":-2.220446049250313e-16},"Iteration":97},
{"Acceptance":[0.0],"Energy":{"Mean":-744.0,"Sigma":0.0,"Taucorr":null},"EnergyVariance":{"Mean":0.0,"Sigma":0.0,"Taucorr":null},"Iteration":98},
{"Acceptance":[0.0005657708628005657],"Energy":{"Mean":-743.9274193548387,"Sigma":0.09643758663791471,"Taucorr":0.005343906223066686},"EnergyVariance":{"Mean":1.1318288241415193,"Sigma":0.9670761793503843,"Taucorr":-0.004316380736588854},"Iteration":99} 
]}