{"Output": [
{"Acceptance":[0.838375350140056],"Energy":{"Mean":-156.68548387096774,"Sigma":0.7237306037603254,"Taucorr":-0.09068543232158482},"EnergyVariance":{"Mean":78.69946670135276,"Sigma":11.158540221261806,"Taucorr":0.12414281543741346},"Iteration":0},
{"Acceptance":[0.8156862745098039],"Energy":{"Mean":-157.7741935483871,"Sigma":0.8349195794372325,"Taucorr":0.14143588615822977},"EnergyVariance":{"Mean":66.83610822060353,"Sigma":7.323056422675221,"Taucorr":-0.101109120303284},"Iteration":1},
{"Acceptance":[0.803921568627451],"Energy":{"Mean":-158.28225806451613,"Sigma":0.8384847713337351,"Taucorr":0.08871629166471173},"EnergyVariance":{"Mean":73.44452393340272,"Sigma":10.245387074503272,"Taucorr":0.10429557188028182},"Iteration":2},
{"Acceptance":[0.7546218487394958],"Energy":{"Mean":-159.8548387096774,"Sigma":0.8337451289171429,"Taucorr":0.10079745909880322},"EnergyVariance":{"Mean":71.15634755463059,"Sigma":8.103014375862827,"Taucorr":-0.09654931643998516},"Iteration":3},
{"Acceptance":[0.7092436974789916],"Energy":{"Mean":-159.4354838709677,"Sigma":0.7528590435848249,"Taucorr":0.07582111808715875},"EnergyVariance":{"Mean":60.53616024973985,"Sigma":7.253268923709348,"Taucorr":-0.0674528534141543},"Iteration":4},
{"Acceptance":[0.6714285714285714],"Energy":{"Mean":-163.42741935483872,"Sigma":0.7528792000294439,"Taucorr":0.051471312972308336},"EnergyVariance":{"Mean":63.212473985431856,"Sigma":7.262525377622163,"Taucorr":-0.058778148263562646},"Iteration":5},
{"Acceptance":[0.6394957983193277],"Energy":{"Mean":-163.81451612903228,"Sigma":0.8834627422403347,"Taucorr":0.1761697016780891},"EnergyVariance":{"Mean":70.98978928199791,"Sigma":6.686870736486313,"Taucorr":-0.16228666977480122},"Iteration":6},
{"Acceptance":[0.5603641456582633],"Energy":{"Mean":-168.74193548387098,"Sigma":0.8617065362987373,"Taucorr":0.0407501447828883},"EnergyVariance":{"Mean":84.44953173777316,"Sigma":11.431552089691904,"Taucorr":0.11508995448615944},"Iteration":7},
{"Acceptance":[0.5],"Energy":{"Mean":-171.9516129032258,"Sigma":0.9416026256774263,"Taucorr":0.33209099354101124},"EnergyVariance":{"Mean":65.5299167533819,"Sigma":8.59850302677054,"Taucorr":0.02175946521757588},"Iteration":8},
{"Acceptance":[0.4504201680672269],"Energy":{"Mean":-174.84677419354836,"Sigma":0.8057819800514592,"Taucorr":0.3224869422404286},"EnergyVariance":{"Mean":48.54910249739853,"Sigma":6.085059223165267,"Taucorr":0.08929585803977846},"Iteration":9},
{"Acceptance":[0.39327731092436974],"Energy":{"Mean":-178.54032258064515,"Sigma":0.818395425085092,"Taucorr":0.22195332136445267},"EnergyVariance":{"Mean":57.05482570239335,"Sigma":6.946367735033939,"Taucorr":-0.07178181229309188},"Iteration":10},
{"Acceptance":[0.3711484593837535],"Energy":{"Mean":-178.36290322580646,"Sigma":0.7484606702804373,"Taucorr":0.37350715566013537},"EnergyVariance":{"Mean":39.44088189386056,"Sigma":4.166148569941437,"Taucorr":-0.0746813916901421},"Iteration":11},
{"Acceptance":[0.326890756302521],"Energy":{"Mean":-183.53225806451616,"Sigma":0.8667035198546712,"Taucorr":0.5391065775692072},"EnergyVariance":{"Mean":44.458636836628514,"Sigma":4.831435319470189,"Taucorr":-0.08710316263447992},"Iteration":12},
{"Acceptance":[0.2834733893557423],"Energy":{"Mean":-186.16935483870972,"Sigma":0.7037139471823018,"Taucorr":0.26147590699398704},"EnergyVariance":{"Mean":39.99551248699271,"Sigma":8.35796174638502,"Taucorr":0.18204260419695073},"Iteration":13},
{"Acceptance":[0.23445378151260504],"Energy":{"Mean":-188.79838709677426,"Sigma":0.5798381488623972,"Taucorr":0.30224880708757873},"EnergyVariance":{"Mean":25.773868366285118,"Sigma":3.646662435701773,"Taucorr":0.02997886007899897},"Iteration":14},
{"Acceptance":[0.21792717086834734],"Energy":{"Mean":-189.6693548387097,"Sigma":0.6241539538996562,"Taucorr":0.4137008623961069},"EnergyVariance":{"Mean":26.22131893860562,"Sigma":4.675001680264966,"Taucorr":0.15853195741987403},"Iteration":15},
{"Acceptance":[0.21596638655462186],"Energy":{"Mean":-190.67741935483875,"Sigma":0.6130517646830983,"Taucorr":0.37405117459567894},"EnergyVariance":{"Mean":26.444328824141518,"Sigma":3.608129019342037,"Taucorr":0.08730242209732564},"Iteration":16},
{"Acceptance":[0.1799719887955182],"Energy":{"Mean":-192.4758064516129,"Sigma":0.5901697904391581,"Taucorr":0.41498626247697734},"EnergyVariance":{"Mean":23.410704994797086,"Sigma":3.879692779830403,"Taucorr":0.13248167619765228},"Iteration":17},
{"Acceptance":[0.17142857142857143],"Energy":{"Mean":-193.61290322580646,"Sigma":0.47346791821653345,"Taucorr":0.28656457789123635},"EnergyVariance":{"Mean":17.527575442247656,"Sigma":2.9039799406128206,"Taucorr":0.09783251604275967},"Iteration":18},
{"Acceptance":[0.15168067226890755],"Energy":{"Mean":-195.02419354838713,"Sigma":0.46711118019726233,"Taucorr":0.36621633535548614},"EnergyVariance":{"Mean":15.491350156087414,"Sigma":2.7056583248724366,"Taucorr":0.13400575867737707},"Iteration":19},
{"Acceptance":[0.14789915966386555],"Energy":{"Mean":-195.3225806451613,"Sigma":0.4225170271410039,"Taucorr":0.3698493342676935},"EnergyVariance":{"Mean":12.621748178980226,"Sigma":1.9252153254197693,"Taucorr":0.14714743471756297},"Iteration":20},
{"Acceptance":[0.13011204481792718],"Energy":{"Mean":-196.18548387096772,"Sigma":0.5205414548084756,"Taucorr":0.5317731004795863},"EnergyVariance":{"Mean":16.151079604578566,"Sigma":4.3894834196633346,"Taucorr":0.5097822332092321},"Iteration":21},
{"Acceptance":[0.1315126050420168],"Energy":{"Mean":-196.41129032258067,"Sigma":0.41292107656305965,"Taucorr":0.48353880596104315},"EnergyVariance":{"Mean":10.661485431841834,"Sigma":2.098024174118587,"Taucorr":0.2712865577225033},"Iteration":22},
{"Acceptance":[0.12478991596638656],"Energy":{"Mean":-197.03225806451613,"Sigma":0.3142540954224265,"Taucorr":0.22007972981308976},"EnergyVariance":{"Mean":8.434443288241413,"Sigma":1.3505688940443843,"Taucorr":0.07205630290527598},"Iteration":23},
{"Acceptance":[0.11386554621848739],"Energy":{"Mean":-197.80645161290326,"Sigma":0.3294891935790877,"Taucorr":0.2104294690804418},"EnergyVariance":{"Mean":9.39802289281998,"Sigma":1.331690073842023,"Taucorr":0.08100473347465798},"Iteration":24},
{"Acceptance":[0.1103641456582633],"Energy":{"Mean":-197.86290322580646,"Sigma":0.29371524266514787,"Taucorr":0.25909535020052665},"EnergyVariance":{"Mean":6.9892689906347565,"Sigma":1.2334089014170049,"Taucorr":0.25693306225423196},"Iteration":25},
{"Acceptance":[0.1004201680672269],"Energy":{"Mean":-198.62903225806454,"Sigma":0.2730923491204199,"Taucorr":0.24939537552598956},"EnergyVariance":{"Mean":6.120447450572321,"Sigma":1.2256149638402272,"Taucorr":0.19506130188904935},"Iteration":26},
{"Acceptance":[0.0984593837535014],"Energy":{"Mean":-199.00000000000003,"Sigma":0.2581988897471615,"Taucorr":0.17248677248677413},"EnergyVariance":{"Mean":6.096774193548386,"Sigma":1.068845059241975,"Taucorr":0.10155122414069484},"Iteration":27},
{"Acceptance":[0.08627450980392157],"Energy":{"Mean":-199.2338709677419,"Sigma":0.24700776071537653,"Taucorr":0.2991578364152637},"EnergyVariance":{"Mean":4.6953043704474515,"Sigma":0.9771622758821918,"Taucorr":0.01999221336043544},"Iteration":28},
{"Acceptance":[0.0938375350140056],"Energy":{"Mean":-200.15322580645162,"Sigma":0.2776817963439654,"Taucorr":0.24803180302641592},"EnergyVariance":{"Mean":6.339425078043704,"Sigma":1.1824217229803868,"Taucorr":0.4140065387641254},"Iteration":29},
{"Acceptance":[0.08375350140056022],"Energy":{"Mean":-200.8548387096774,"Sigma":0.30886851117807995,"Taucorr":0.6100593099374907},"EnergyVariance":{"Mean":5.285379812695109,"Sigma":0.7142149415119894,"Taucorr":0.07128294990229167},"Iteration":30},
{"Acceptance":[0.06708683473389356],"Energy":{"Mean":-201.84677419354836,"Sigma":0.3212202497321981,"Taucorr":0.6081282438586706},"EnergyVariance":{"Mean":5.726521852237254,"Sigma":0.742913485383583,"Taucorr":0.13540601666795637},"Iteration":31},
{"Acceptance":[0.07507002801120448],"Energy":{"Mean":-201.83870967741933,"Sigma":0.37451552702942176,"Taucorr":0.549925590526249},"EnergyVariance":{"Mean":8.2159209157128,"Sigma":1.6550800426464494,"Taucorr":0.3372262530118054},"Iteration":32},
{"Acceptance":[0.055322128851540614],"Energy":{"Mean":-202.97580645161293,"Sigma":0.23427847330127405,"Taucorr":0.13521974861394814},"EnergyVariance":{"Mean":5.313930801248699,"Sigma":0.9071530403918743,"Taucorr":0.002721284476532304},"Iteration":33},
{"Acceptance":[0.0561624649859944],"Energy":{"Mean":-202.7661290322581,"Sigma":0.2957893312431687,"Taucorr":0.3965237367662534},"EnergyVariance":{"Mean":6.0017559833506775,"Sigma":1.388242312747807,"Taucorr":0.02417581014974446},"Iteration":34},
{"Acceptance":[0.05042016806722689],"Energy":{"Mean":-203.20161290322582,"Sigma":0.29476146608219145,"Taucorr":0.47443989800153885},"EnergyVariance":{"Mean":5.483545785639959,"Sigma":1.0846577405702735,"Taucorr":0.12871918027080387},"Iteration":35},
{"Acceptance":[0.049439775910364143],"Energy":{"Mean":-202.86290322580646,"Sigma":0.2911874811014221,"Taucorr":0.5417941088575042},"EnergyVariance":{"Mean":5.005398022892819,"Sigma":0.9426513175568415,"Taucorr":0.23298164772995922},"Iteration":36},
{"Acceptance":[0.046638655462184875],"Energy":{"Mean":-203.23387096774195,"Sigma":0.27359992667237654,"Taucorr":0.7850879581722103},"EnergyVariance":{"Mean":3.5824011446409982,"Sigma":0.4051158764565429,"Taucorr":0.24327914135792572},"Iteration":37},
{"Acceptance":[0.03529411764705882],"Energy":{"Mean":-203.5483870967742,"Sigma":0.30528925003674723,"Taucorr":0.5565550973434421},"EnergyVariance":{"Mean":5.425078043704473,"Sigma":1.9092715275044914,"Taucorr":0.19246535079182436},"Iteration":38},
{"Acceptance":[0.03823529411764706],"Energy":{"Mean":-203.92741935483872,"Sigma":0.18592747328150908,"Taucorr":0.40796044774046414},"EnergyVariance":{"Mean":2.341506243496358,"Sigma":0.5019286549104878,"Taucorr":0.382979982992078},"Iteration":39},
{"Acceptance":[0.03123249299719888],"Energy":{"Mean":-203.87096774193552,"Sigma":0.2183980556644267,"Taucorr":0.5162243150684926},"EnergyVariance":{"Mean":2.8865764828303857,"Sigma":0.6812936078496855,"Taucorr":0.17245776579346983},"Iteration":40},
{"Acceptance":[0.03011204481792717],"Energy":{"Mean":-203.94354838709683,"Sigma":0.2520639739529762,"Taucorr":0.72788007602542},"EnergyVariance":{"Mean":3.1822970863683664,"Sigma":0.7612164910475894,"Taucorr":0.45684532911387477},"Iteration":41},
{"Acceptance":[0.027170868347338936],"Energy":{"Mean":-203.95161290322582,"Sigma":0.3308549033159616,"Taucorr":0.8131463439387054},"EnergyVariance":{"Mean":5.126690946930282,"Sigma":2.3054689374517436,"Taucorr":0.7837719248124524},"Iteration":42},
{"Acceptance":[0.02296918767507003],"Energy":{"Mean":-204.54032258064518,"Sigma":0.12966912721575727,"Taucorr":0.21714401695909002},"EnergyVariance":{"Mean":1.4419224765868888,"Sigma":0.6340846808705274,"Taucorr":0.031018883847609757},"Iteration":43},
{"Acceptance":[0.021708683473389355],"Energy":{"Mean":-204.5645161290323,"Sigma":0.1502541493601098,"Taucorr":0.3762395337382931},"EnergyVariance":{"Mean":1.5845473465140485,"Sigma":0.7342697955228114,"Taucorr":0.4550760156117387},"Iteration":44},
{"Acceptance":[0.022128851540616248],"Energy":{"Mean":-204.27419354838713,"Sigma":0.2393862107371402,"Taucorr":0.27666829100499457},"EnergyVariance":{"Mean":4.5377211238293444,"Sigma":1.9488102594769934,"Taucorr":0.12249942996155816},"Iteration":45},
{"Acceptance":[0.022128851540616248],"Energy":{"Mean":-204.5322580645161,"Sigma":0.16385064644129427,"Taucorr":0.7417922128741941},"EnergyVariance":{"Mean":1.3296045785639958,"Sigma":0.4790999273288192,"Taucorr":0.5775712392991272},"Iteration":46},
{"Acceptance":[0.02226890756302521],"Energy":{"Mean":-204.49999999999997,"Sigma":0.13717581529218392,"Taucorr":0.6859504132231444},"EnergyVariance":{"Mean":0.9758064516129032,"Sigma":0.2611376163352866,"Taucorr":0.5955623513421613},"Iteration":47},
{"Acceptance":[0.01638655462184874],"Energy":{"Mean":-204.73387096774192,"Sigma":0.09695323938795537,"Taucorr":0.22984645701617246},"EnergyVariance":{"Mean":0.7920785639958375,"Sigma":0.38920848006099007,"Taucorr":0.01019395685026403},"Iteration":48},
{"Acceptance":[0.015126050420168067],"Energy":{"Mean":-204.8467741935484,"Sigma":0.06727952778907703,"Taucorr":-0.0463275039745738},"EnergyVariance":{"Mean":0.6136186264308012,"Sigma":0.39112226252885196,"Taucorr":-0.015098126857384209},"Iteration":49} 
]}