{"Output": [
{"Acceptance":[0.00033112582781456954],"Energy":{"Mean":-1556.991935483871,"Sigma":0.008064516129031198,"Taucorr":-1.4732659536775827e-13},"EnergyVariance":{"Mean":0.007999479708636837,"Sigma":0.007934443288241532,"Taucorr":-2.220446049250313e-16},"Iteration":0},
{"Acceptance":[0.000804162724692526],"Energy":{"Mean":-1557.1048387096776,"Sigma":0.07125430900796531,"Taucorr":0.12816956692398906},"EnergyVariance":{"Mean":0.4970733610822061,"Sigma":0.21030415407492137,"Taucorr":0.056699956223305814},"Iteration":1},
{"Acceptance":[0.00023651844843897824],"Energy":{"Mean":-1560.0,"Sigma":0.0,"Taucorr":null},"EnergyVariance":{"Mean":0.0,"Sigma":0.0,"Taucorr":null},"Iteration":2},
{"Acceptance":[0.0001892147587511826],"Energy":{"Mean":-1559.983870967742,"Sigma":0.01612903225806455,"Taucorr":-0.3009708737864081},"EnergyVariance":{"Mean":0.08038501560874091,"Sigma":0.08012486992715968,"Taucorr":0.11554920818203018},"Iteration":3},
{"Acceptance":[0.00023651844843897824],"Energy":{"Mean":-1560.032258064516,"Sigma":0.025245928778228264,"Taucorr":0.7556250000002487},"EnergyVariance":{"Mean":0.031217481789802284,"Sigma":0.02361715917962986,"Taucorr":0.7556250000000004},"Iteration":4},
{"Acceptance":[0.0006149479659413434],"Energy":{"Mean":-1559.975806451613,"Sigma":0.05230550083851365,"Taucorr":0.4969556840077922},"EnergyVariance":{"Mean":0.1687695109261186,"Sigma":0.1431919241264218,"Taucorr":0.4984465412472603},"Iteration":5},
{"Acceptance":[0.0017975402081362346],"Energy":{"Mean":-1560.1290322580649,"Sigma":0.03822501246849454,"Taucorr":0.29959490740723005},"EnergyVariance":{"Mean":0.11238293444328824,"Sigma":0.028360493121766025,"Taucorr":0.29959490740740724},"Iteration":6},
{"Acceptance":[0.00023651844843897824],"Energy":{"Mean":-1560.9838709677417,"Sigma":0.011213254631518897,"Taucorr":-0.01270491803243673},"EnergyVariance":{"Mean":0.01586888657648283,"Sigma":0.010851536740169117,"Taucorr":-0.012704918032786672},"Iteration":7},
{"Acceptance":[0.0],"Energy":{"Mean":-1561.0,"Sigma":0.0,"Taucorr":null},"EnergyVariance":{"Mean":0.0,"Sigma":0.0,"Taucorr":null},"Iteration":8},
{"Acceptance":[9.46073793755913e-05],"Energy":{"Mean":-1561.0,"Sigma":0.0,"Taucorr":null},"EnergyVariance":{"Mean":0.0,"Sigma":0.0,"Taucorr":null},"Iteration":9},
{"Acceptance":[0.0],"Energy":{"Mean":-1561.0,"Sigma":0.0,"Taucorr":null},"EnergyVariance":{"Mean":0.0,"Sigma":0.0,"Taucorr":null},"Iteration":10},
{"Acceptance":[0.0004730368968779565],"Energy":{"Mean":-1560.9435483870968,"Sigma":0.030030623750044328,"Taucorr":0.5412698412700441},"EnergyVariance":{"Mean":0.05326482830385015,"Sigma":0.026640069455684378,"Taucorr":0.5412698412698411},"Iteration":11},
{"Acceptance":[0.0],"Energy":{"Mean":-1561.0,"Sigma":0.0,"Taucorr":null},"EnergyVariance":{"Mean":0.0,"Sigma":0.0,"Taucorr":null},"Iteration":12},
{"Acceptance":[0.0],"Energy":{"Mean":-1561.0,"Sigma":0.0,"Taucorr":null},"EnergyVariance":{"Mean":0.0,"Sigma":0.0,"Taucorr":null},"Iteration":13},
{"Acceptance":[0.0001892147587511826],"Energy":{"Mean":-1560.9112903225807,"Sigma":0.07382446768609925,"Taucorr":-0.005355600345550715},"EnergyVariance":{"Mean":0.6776144640998961,"Sigma":0.6400433916230809,"Taucorr":-0.0011554323293188062},"Iteration":14},
{"Acceptance":[0.0],"Energy":{"Mean":-1561.0,"Sigma":0.0,"Taucorr":null},"EnergyVariance":{"Mean":0.0,"Sigma":0.0,"Taucorr":null},"Iteration":15},
{"Acceptance":[0.0],"Energy":{"Mean":-1561.0,"Sigma":0.0,"Taucorr":null},"EnergyVariance":{"Mean":0.0,"Sigma":0.0,"Taucorr":null},"Iteration":16},
{"Acceptance":[0.0],"Energy":{"Mean":-1561.0,"Sigma":0.0,"Taucorr":null},"EnergyVariance":{"Mean":0.0,"Sigma":0.0,"Taucorr":null},"Iteration":17},
{"Acceptance":[0.0],"Energy":{"Mean":-1561.0,"Sigma":0.0,"Taucorr":null},"EnergyVariance":{"Mean":0.0,"Sigma":0.0,"Taucorr":null},"Iteration":18},
{"Acceptance":[9.46073793755913e-05],"Energy":{"Mean":-1561.0,"Sigma":0.0,"Taucorr":null},"EnergyVariance":{"Mean":0.0,"Sigma":0.0,"Taucorr":null},"Iteration":19},
{"Acceptance":[9.46073793755913e-05],"Energy":{"Mean":-1561.0,"Sigma":0.0,"Taucorr":null},"EnergyVariance":{"Mean":0.0,"Sigma":0.0,"Taucorr":null},"Iteration":20},
{"Acceptance":[0.0002838221381267739],"Energy":{"Mean":-1561.016129032258,"Sigma":0.02575599906882685,"Taucorr":0.00752427184471649},"EnergyVariance":{"Mean":0.0803850156087409,"Sigma":0.07200501637483515,"Taucorr":-0.002888730204550327},"Iteration":21},
{"Acceptance":[0.0002838221381267739],"Energy":{"Mean":-1560.9032258064517,"Sigma":0.09677419354838673,"Taucorr":0.5081967213114709},"EnergyVariance":{"Mean":0.5712799167533819,"Sigma":0.5619146722164582,"Taucorr":0.5081967213114753},"Iteration":22},
{"Acceptance":[0.0],"Energy":{"Mean":-1561.0,"Sigma":0.0,"Taucorr":null},"EnergyVariance":{"Mean":0.0,"Sigma":0.0,"Taucorr":null},"Iteration":23},
{"Acceptance":[9.46073793755913e-05],"Energy":{"Mean":-1561.032258064516,"Sigma":0.022426509263027646,"Taucorr":-0.012704918032735601},"EnergyVariance":{"Mean":0.06347554630593133,"Sigma":0.04340614696069686,"Taucorr":-0.012704918032786783},"Iteration":24},
{"Acceptance":[0.0],"Energy":{"Mean":-1561.0,"Sigma":0.0,"Taucorr":null},"EnergyVariance":{"Mean":0.0,"Sigma":0.0,"Taucorr":null},"Iteration":25},
{"Acceptance":[0.0],"Energy":{"Mean":-1561.0,"Sigma":0.0,"Taucorr":null},"EnergyVariance":{"Mean":0.0,"Sigma":0.0,"Taucorr":null},"Iteration":26},
{"Acceptance":[0.0],"Energy":{"Mean":-1561.0,"Sigma":0.0,"Taucorr":null},"EnergyVariance":{"Mean":0.0,"Sigma":0.0,"Taucorr":null},"Iteration":27},
{"Acceptance":[0.0],"Energy":{"Mean":-1561.0,"Sigma":0.0,"Taucorr":null},"EnergyVariance":{"Mean":0.0,"Sigma":0.0,"Taucorr":null},"Iteration":28},
{"Acceptance":[0.0],"Energy":{"Mean":-1561.0,"Sigma":0.0,"Taucorr":null},"EnergyVariance":{"Mean":0.0,"Sigma":0.0,"Taucorr":null},"Iteration":29},
{"Acceptance":[9.46073793755913e-05],"Energy":{"Mean":-1561.016129032258,"Sigma":0.01612903225806475,"Taucorr":1.4876988529977098e-14},"EnergyVariance":{"Mean":0.03199791883454735,"Sigma":0.03173777315296614,"Taucorr":0.0},"Iteration":30},
{"Acceptance":[0.0001892147587511826],"Energy":{"Mean":-1561.0,"Sigma":0.0,"Taucorr":null},"EnergyVariance":{"Mean":0.0,"Sigma":0.0,"Taucorr":null},"Iteration":31},
{"Acceptance":[9.46073793755913e-05],"Energy":{"Mean":-1561.0161290322583,"Sigma":0.016129032258071926,"Taucorr":3.5704772471945034e-13},"EnergyVariance":{"Mean":0.03199791883454735,"Sigma":0.031737773152958795,"Taucorr":-2.220446049250313e-16},"Iteration":32},
{"Acceptance":[0.0002838221381267739],"Energy":{"Mean":-1560.9435483870966,"Sigma":0.0748741573447476,"Taucorr":0.005318844724101157},"EnergyVariance":{"Mean":0.6822970863683662,"Sigma":0.6447954590126227,"Taucorr":-0.0013290012805922125},"Iteration":33},
{"Acceptance":[0.000946073793755913],"Energy":{"Mean":-1561.0887096774193,"Sigma":0.09457629557691087,"Taucorr":0.06831955922869537},"EnergyVariance":{"Mean":0.9679370447450573,"Sigma":0.6635209673935184,"Taucorr":-0.009206370274209064},"Iteration":34},
{"Acceptance":[0.00014191106906338694],"Energy":{"Mean":-1563.0,"Sigma":0.0,"Taucorr":null},"EnergyVariance":{"Mean":0.0,"Sigma":0.0,"Taucorr":null},"Iteration":35},
{"Acceptance":[0.0001892147587511826],"Energy":{"Mean":-1562.967741935484,"Sigma":0.03225806451613274,"Taucorr":0.5081967213116472},"EnergyVariance":{"Mean":0.06347554630593132,"Sigma":0.06243496357960646,"Taucorr":0.5081967213114753},"Iteration":36},
{"Acceptance":[0.0001892147587511826],"Energy":{"Mean":-1563.0,"Sigma":0.0,"Taucorr":null},"EnergyVariance":{"Mean":0.0,"Sigma":0.0,"Taucorr":null},"Iteration":37},
{"Acceptance":[9.46073793755913e-05],"Energy":{"Mean":-1563.0,"Sigma":0.0,"Taucorr":null},"EnergyVariance":{"Mean":0.0,"Sigma":0.0,"Taucorr":null},"Iteration":38},
{"Acceptance":[0.0],"Energy":{"Mean":-1563.0,"Sigma":0.0,"Taucorr":null},"EnergyVariance":{"Mean":0.0,"Sigma":0.0,"Taucorr":null},"Iteration":39},
{"Acceptance":[9.46073793755913e-05],"Energy":{"Mean":-1563.0,"Sigma":0.0,"Taucorr":null},"EnergyVariance":{"Mean":0.0,"Sigma":0.0,"Taucorr":null},"Iteration":40},
{"Acceptance":[0.0],"Energy":{"Mean":-1563.0,"Sigma":0.0,"Taucorr":null},"EnergyVariance":{"Mean":0.0,"Sigma":0.0,"Taucorr":null},"Iteration":41},
{"Acceptance":[0.0001892147587511826],"Energy":{"Mean":-1563.024193548387,"Sigma":0.024193548387095993,"Taucorr":-9.2148511043888e-15},"EnergyVariance":{"Mean":0.07199531737773153,"Sigma":0.0714099895941738,"Taucorr":-2.220446049250313e-16},"Iteration":42},
{"Acceptance":[0.0002838221381267739],"Energy":{"Mean":-1563.024193548387,"Sigma":0.02419354838709524,"Taucorr":-3.186340080674199e-14},"EnergyVariance":{"Mean":0.07199531737773152,"Sigma":0.0714099895941738,"Taucorr":0.0},"Iteration":43},
{"Acceptance":[0.0005203405865657521],"Energy":{"Mean":-1563.0967741935483,"Sigma":0.04590403055083275,"Taucorr":-0.038749999999975304},"EnergyVariance":{"Mean":0.2809573361082206,"Sigma":0.12882744057814755,"Taucorr":-0.038750000000000284},"Iteration":44},
{"Acceptance":[0.004257332071901609],"Energy":{"Mean":-1564.6935483870966,"Sigma":0.19039774349609884,"Taucorr":0.5076455026454758},"EnergyVariance":{"Mean":2.2125390218522374,"Sigma":0.07370235232100518,"Taucorr":0.5076455026455027},"Iteration":45},
{"Acceptance":[0.0],"Energy":{"Mean":-1566.0,"Sigma":0.0,"Taucorr":null},"EnergyVariance":{"Mean":0.0,"Sigma":0.0,"Taucorr":null},"Iteration":46},
{"Acceptance":[0.0001892147587511826],"Energy":{"Mean":-1566.0,"Sigma":0.0,"Taucorr":null},"EnergyVariance":{"Mean":0.0,"Sigma":0.0,"Taucorr":null},"Iteration":47},
{"Acceptance":[0.0],"Energy":{"Mean":-1566.0,"Sigma":0.0,"Taucorr":null},"EnergyVariance":{"Mean":0.0,"Sigma":0.0,"Taucorr":null},"Iteration":48},
{"Acceptance":[0.0],"Energy":{"Mean":-1566.0,"Sigma":0.0,"Taucorr":null},"EnergyVariance":{"Mean":0.0,"Sigma":0.0,"Taucorr":null},"Iteration":49},
{"Acceptance":[9.46073793755913e-05],"Energy":{"Mean":-1565.967741935484,"Sigma":0.0322580645161306,"Taucorr":0.5081967213115206},"EnergyVariance":{"Mean":0.06347554630593133,"Sigma":0.06243496357960648,"Taucorr":0.5081967213114753},"Iteration":50},
{"Acceptance":[0.0],"Energy":{"Mean":-1566.0,"Sigma":0.0,"Taucorr":null},"EnergyVariance":{"Mean":0.0,"Sigma":0.0,"Taucorr":null},"Iteration":51},
{"Acceptance":[0.0],"Energy":{"Mean":-1566.0,"Sigma":0.0,"Taucorr":null},"EnergyVariance":{"Mean":0.0,"Sigma":0.0,"Taucorr":null},"Iteration":52},
{"Acceptance":[0.0],"Energy":{"Mean":-1566.0,"Sigma":0.0,"Taucorr":null},"EnergyVariance":{"Mean":0.0,"Sigma":0.0,"Taucorr":null},"Iteration":53},
{"Acceptance":[0.0],"Energy":{"Mean":-1566.0,"Sigma":0.0,"Taucorr":null},"EnergyVariance":{"Mean":0.0,"Sigma":0.0,"Taucorr":null},"Iteration":54},
{"Acceptance":[0.0001892147587511826],"Energy":{"Mean":-1565.967741935484,"Sigma":0.025245928778226002,"Taucorr":-0.007598039215610031},"EnergyVariance":{"Mean":0.07960457856399585,"Sigma":0.07116884104735242,"Taucorr":-0.0026519242813042854},"Iteration":55},
{"Acceptance":[0.0001892147587511826],"Energy":{"Mean":-1566.0,"Sigma":0.0,"Taucorr":null},"EnergyVariance":{"Mean":0.0,"Sigma":0.0,"Taucorr":null},"Iteration":56},
{"Acceptance":[0.0],"Energy":{"Mean":-1566.0,"Sigma":0.0,"Taucorr":null},"EnergyVariance":{"Mean":0.0,"Sigma":0.0,"Taucorr":null},"Iteration":57},
{"Acceptance":[0.0],"Energy":{"Mean":-1566.0,"Sigma":0.0,"Taucorr":null},"EnergyVariance":{"Mean":0.0,"Sigma":0.0,"Taucorr":null},"Iteration":58},
{"Acceptance":[0.0],"Energy":{"Mean":-1566.0,"Sigma":0.0,"Taucorr":null},"EnergyVariance":{"Mean":0.0,"Sigma":0.0,"Taucorr":null},"Iteration":59},
{"Acceptance":[0.0],"Energy":{"Mean":-1566.0,"Sigma":0.0,"Taucorr":null},"EnergyVariance":{"Mean":0.0,"Sigma":0.0,"Taucorr":null},"Iteration":60},
{"Acceptance":[0.0],"Energy":{"Mean":-1566.0,"Sigma":0.0,"Taucorr":null},"EnergyVariance":{"Mean":0.0,"Sigma":0.0,"Taucorr":null},"Iteration":61},
{"Acceptance":[9.46073793755913e-05],"Energy":{"Mean":-1566.0,"Sigma":0.0,"Taucorr":null},"EnergyVariance":{"Mean":0.0,"Sigma":0.0,"Taucorr":null},"Iteration":62},
{"Acceptance":[0.0002838221381267739],"Energy":{"Mean":-1565.991935483871,"Sigma":0.008064516129030542,"Taucorr":-1.8762769116165146e-13},"EnergyVariance":{"Mean":0.007999479708636837,"Sigma":0.007934443288241534,"Taucorr":0.0},"Iteration":63},
{"Acceptance":[9.46073793755913e-05],"Energy":{"Mean":-1565.8870967741939,"Sigma":0.1129032258064471,"Taucorr":-3.2862601528904634e-14},"EnergyVariance":{"Mean":1.5678980228928205,"Sigma":1.5551508844953918,"Taucorr":0.0},"Iteration":64},
{"Acceptance":[0.0],"Energy":{"Mean":-1566.0,"Sigma":0.0,"Taucorr":null},"EnergyVariance":{"Mean":0.0,"Sigma":0.0,"Taucorr":null},"Iteration":65},
{"Acceptance":[0.0],"Energy":{"Mean":-1566.0,"Sigma":0.0,"Taucorr":null},"EnergyVariance":{"Mean":0.0,"Sigma":0.0,"Taucorr":null},"Iteration":66},
{"Acceptance":[9.46073793755913e-05],"Energy":{"Mean":-1566.0,"Sigma":0.0,"Taucorr":null},"EnergyVariance":{"Mean":0.0,"Sigma":0.0,"Taucorr":null},"Iteration":67},
{"Acceptance":[0.0001892147587511826],"Energy":{"Mean":-1565.9596774193549,"Sigma":0.04032258064516095,"Taucorr":-7.438494264988549e-15},"EnergyVariance":{"Mean":0.19998699271592094,"Sigma":0.19836108220603835,"Taucorr":0.0},"Iteration":68},
{"Acceptance":[0.0],"Energy":{"Mean":-1566.0,"Sigma":0.0,"Taucorr":null},"EnergyVariance":{"Mean":0.0,"Sigma":0.0,"Taucorr":null},"Iteration":69},
{"Acceptance":[0.0001892147587511826],"Energy":{"Mean":-1565.967741935484,"Sigma":0.02242650926302764,"Taucorr":-0.012704918032732548},"EnergyVariance":{"Mean":0.06347554630593133,"Sigma":0.04340614696069686,"Taucorr":-0.012704918032786894},"Iteration":70},
{"Acceptance":[9.46073793755913e-05],"Energy":{"Mean":-1566.0,"Sigma":0.0,"Taucorr":null},"EnergyVariance":{"Mean":0.0,"Sigma":0.0,"Taucorr":null},"Iteration":71},
{"Acceptance":[0.0],"Energy":{"Mean":-1566.0,"Sigma":0.0,"Taucorr":null},"EnergyVariance":{"Mean":0.0,"Sigma":0.0,"Taucorr":null},"Iteration":72},
{"Acceptance":[0.0],"Energy":{"Mean":-1566.0,"Sigma":0.0,"Taucorr":null},"EnergyVariance":{"Mean":0.0,"Sigma":0.0,"Taucorr":null},"Iteration":73},
{"Acceptance":[0.0],"Energy":{"Mean":-1566.0,"Sigma":0.0,"Taucorr":null},"EnergyVariance":{"Mean":0.0,"Sigma":0.0,"Taucorr":null},"Iteration":74},
{"Acceptance":[0.0001892147587511826],"Energy":{"Mean":-1566.032258064516,"Sigma":0.032258064516129524,"Taucorr":1.532107773982716e-14},"EnergyVariance":{"Mean":0.1279916753381894,"Sigma":0.12695109261186452,"Taucorr":-2.220446049250313e-16},"Iteration":75},
{"Acceptance":[0.0],"Energy":{"Mean":-1566.0,"Sigma":0.0,"Taucorr":null},"EnergyVariance":{"Mean":0.0,"Sigma":0.0,"Taucorr":null},"Iteration":76},
{"Acceptance":[9.46073793755913e-05],"Energy":{"Mean":-1566.032258064516,"Sigma":0.032258064516132494,"Taucorr":9.43689570931383e-14},"EnergyVariance":{"Mean":0.12799167533818942,"Sigma":0.12695109261186455,"Taucorr":2.220446049250313e-16},"Iteration":77},
{"Acceptance":[0.0001892147587511826],"Energy":{"Mean":-1566.0,"Sigma":0.0,"Taucorr":null},"EnergyVariance":{"Mean":0.0,"Sigma":0.0,"Taucorr":null},"Iteration":78},
{"Acceptance":[0.0],"Energy":{"Mean":-1566.0,"Sigma":0.0,"Taucorr":null},"EnergyVariance":{"Mean":0.0,"Sigma":0.0,"Taucorr":null},"Iteration":79},
{"Acceptance":[0.0001892147587511826],"Energy":{"Mean":-1565.967741935484,"Sigma":0.032258064516130024,"Taucorr":1.0880185641326534e-14},"EnergyVariance":{"Mean":0.12799167533818942,"Sigma":0.12695109261186455,"Taucorr":0.0},"Iteration":80},
{"Acceptance":[9.46073793755913e-05],"Energy":{"Mean":-1566.0,"Sigma":0.0,"Taucorr":null},"EnergyVariance":{"Mean":0.0,"Sigma":0.0,"Taucorr":null},"Iteration":81},
{"Acceptance":[0.00023651844843897824],"Energy":{"Mean":-1565.983870967742,"Sigma":0.059041952315241356,"Taucorr":0.2826210826211747},"EnergyVariance":{"Mean":0.27393340270551503,"Sigma":0.19051191349056867,"Taucorr":0.17608350641952542},"Iteration":82},
{"Acceptance":[0.0025070955534531696],"Energy":{"Mean":-1566.741935483871,"Sigma":0.16699585942638165,"Taucorr":0.20951356005163735},"EnergyVariance":{"Mean":2.4172736732570246,"Sigma":0.4201831301696097,"Taucorr":0.20951356005165722},"Iteration":83},
{"Acceptance":[0.00014191106906338694],"Energy":{"Mean":-1569.991935483871,"Sigma":0.008064516129032579,"Taucorr":3.3306690738754696e-15},"EnergyVariance":{"Mean":0.007999479708636839,"Sigma":0.007934443288241534,"Taucorr":0.0},"Iteration":84},
{"Acceptance":[0.0],"Energy":{"Mean":-1570.0,"Sigma":0.0,"Taucorr":null},"EnergyVariance":{"Mean":0.0,"Sigma":0.0,"Taucorr":null},"Iteration":85},
{"Acceptance":[0.0],"Energy":{"Mean":-1570.0,"Sigma":0.0,"Taucorr":null},"EnergyVariance":{"Mean":0.0,"Sigma":0.0,"Taucorr":null},"Iteration":86},
{"Acceptance":[0.0],"Energy":{"Mean":-1570.0,"Sigma":0.0,"Taucorr":null},"EnergyVariance":{"Mean":0.0,"Sigma":0.0,"Taucorr":null},"Iteration":87},
{"Acceptance":[0.0],"Energy":{"Mean":-1570.0,"Sigma":0.0,"Taucorr":null},"EnergyVariance":{"Mean":0.0,"Sigma":0.0,"Taucorr":null},"Iteration":88},
{"Acceptance":[0.0],"Energy":{"Mean":-1570.0,"Sigma":0.0,"Taucorr":null},"EnergyVariance":{"Mean":0.0,"Sigma":0.0,"Taucorr":null},"Iteration":89},
{"Acceptance":[9.46073793755913e-05],"Energy":{"Mean":-1569.8709677419354,"Sigma":0.12903225806450921,"Taucorr":0.508196721311414},"EnergyVariance":{"Mean":1.0156087408949013,"Sigma":0.998959417273645,"Taucorr":0.5081967213114755},"Iteration":90},
{"Acceptance":[0.0],"Energy":{"Mean":-1570.0,"Sigma":0.0,"Taucorr":null},"EnergyVariance":{"Mean":0.0,"Sigma":0.0,"Taucorr":null},"Iteration":91},
{"Acceptance":[9.46073793755913e-05],"Energy":{"Mean":-1570.0,"Sigma":0.0,"Taucorr":null},"EnergyVariance":{"Mean":0.0,"Sigma":0.0,"Taucorr":null},"Iteration":92},
{"Acceptance":[0.0],"Energy":{"Mean":-1570.0,"Sigma":0.0,"Taucorr":null},"EnergyVariance":{"Mean":0.0,"Sigma":0.0,"Taucorr":null},"Iteration":93},
{"Acceptance":[0.0],"Energy":{"Mean":-1570.0,"Sigma":0.0,"Taucorr":null},"EnergyVariance":{"Mean":0.0,"Sigma":0.0,"Taucorr":null},"Iteration":94},
{"Acceptance":[0.0],"Energy":{"Mean":-1570.0,"Sigma":0.0,"Taucorr":null},"EnergyVariance":{"Mean":0.0,"Sigma":0.0,"Taucorr":null},"Iteration":95},
{"Acceptance":[0.0],"Energy":{"Mean":-1570.0,"Sigma":0.0,"Taucorr":null},"EnergyVariance":{"Mean":0.0,"Sigma":0.0,"Taucorr":null},"Iteration":96},
{"Acceptance":[0.0],"Energy":{"Mean":-1570.0,"Sigma":0.0,"Taucorr":null},"EnergyVariance":{"Mean":0.0,"Sigma":0.0,"Taucorr":null},"Iteration":97},
{"Acceptance":[0.0],"Energy":{"Mean":-1570.0,"Sigma":0.0,"Taucorr":null},"EnergyVariance":{"Mean":0.0,"Sigma":0.0,"Taucorr":null},"Iteration":98},
{"Acceptance":[0.0],"Energy":{"Mean":-1570.0,"Sigma":0.0,"Taucorr":null},"EnergyVariance":{"Mean":0.0,"Sigma":0.0,"Taucorr":null},"Iteration":99} 
]}