{"Output": [
{"Acceptance":[0.9062942008486563],"Energy":{"Mean":-625.1370967741934,"Sigma":1.7308801411792434,"Taucorr":0.0971740539515068},"EnergyVariance":{"Mean":308.5376560874089,"Sigma":37.20021546071058,"Taucorr":-0.0043524699019715785},"Iteration":0},
{"Acceptance":[0.8954031117397454],"Energy":{"Mean":-624.1935483870968,"Sigma":1.4393990344231502,"Taucorr":0.0323233223420365},"EnergyVariance":{"Mean":239.36576482830384,"Sigma":40.86712499910036,"Taucorr":0.22186440835883536},"Iteration":1},
{"Acceptance":[0.8713578500707213],"Energy":{"Mean":-625.25,"Sigma":1.6362821745770835,"Taucorr":0.031590697553323666},"EnergyVariance":{"Mean":309.7520161290322,"Sigma":40.70998755910014,"Taucorr":0.15318076290246263},"Iteration":2},
{"Acceptance":[0.8545261669024046],"Energy":{"Mean":-627.4516129032259,"Sigma":1.4341467132079662,"Taucorr":-0.06743869664312602},"EnergyVariance":{"Mean":292.42507804370456,"Sigma":33.25614567773142,"Taucorr":-0.038457324190088515},"Iteration":3},
{"Acceptance":[0.8141442715700141],"Energy":{"Mean":-629.1612903225806,"Sigma":1.2656837789800472,"Taucorr":-0.13237353347169623},"EnergyVariance":{"Mean":267.9901144640998,"Sigma":30.037755669611897,"Taucorr":-0.0233508863016883},"Iteration":4},
{"Acceptance":[0.771004243281471],"Energy":{"Mean":-634.5322580645161,"Sigma":2.008006217575808,"Taucorr":0.25614922049704525},"EnergyVariance":{"Mean":327.94250780437045,"Sigma":52.464144016495936,"Taucorr":0.11593044943342767},"Iteration":5},
{"Acceptance":[0.6201555869872701],"Energy":{"Mean":-645.8387096774194,"Sigma":1.9976312715790223,"Taucorr":0.25582936611582296},"EnergyVariance":{"Mean":324.69979188345474,"Sigma":38.57803497155183,"Taucorr":0.06783732733150649},"Iteration":6},
{"Acceptance":[0.4321074964639321],"Energy":{"Mean":-663.2661290322579,"Sigma":1.687435203211196,"Taucorr":0.26105401505654835},"EnergyVariance":{"Mean":230.09853017689906,"Sigma":22.065454800403362,"Taucorr":-0.17790043723485893},"Iteration":7},
{"Acceptance":[0.33677510608203676],"Energy":{"Mean":-677.2177419354838,"Sigma":1.579596975254037,"Taucorr":0.3341473227369647},"EnergyVariance":{"Mean":183.96065296566078,"Sigma":24.57307090707036,"Taucorr":0.14431244886181582},"Iteration":8},
{"Acceptance":[0.26449787835926447],"Energy":{"Mean":-690.0564516129035,"Sigma":1.1552655095269673,"Taucorr":0.10768956682477726},"EnergyVariance":{"Mean":135.0693938605619,"Sigma":16.18345528562309,"Taucorr":-0.040840522051339256},"Iteration":9},
{"Acceptance":[0.21725601131541725],"Energy":{"Mean":-701.1290322580644,"Sigma":1.2706821768597236,"Taucorr":0.491884705533842},"EnergyVariance":{"Mean":100.11238293444327,"Sigma":14.024088560945664,"Taucorr":0.02469059535331175},"Iteration":10},
{"Acceptance":[0.16768033946251767],"Energy":{"Mean":-708.7983870967743,"Sigma":0.8142233051836087,"Taucorr":0.05951221776075255},"EnergyVariance":{"Mean":72.8706425598335,"Sigma":9.69363328052988,"Taucorr":0.02408716158367441},"Iteration":11},
{"Acceptance":[0.13946251768033946],"Energy":{"Mean":-715.0967741935484,"Sigma":0.9465328226331535,"Taucorr":0.45733133853427377},"EnergyVariance":{"Mean":57.55515088449532,"Sigma":5.549890928095836,"Taucorr":-0.166691345394826},"Iteration":12},
{"Acceptance":[0.12468175388967469],"Energy":{"Mean":-720.7338709677422,"Sigma":0.5904635826668486,"Taucorr":-0.003422535444627839},"EnergyVariance":{"Mean":43.17917533818939,"Sigma":5.22826447685218,"Taucorr":-0.05520794042513599},"Iteration":13},
{"Acceptance":[0.09752475247524753],"Energy":{"Mean":-726.2096774193549,"Sigma":0.5205581132011714,"Taucorr":0.06330160474829705},"EnergyVariance":{"Mean":29.585067637877216,"Sigma":3.2817662512311303,"Taucorr":-0.18253863866519382},"Iteration":14},
{"Acceptance":[0.08465346534653466],"Energy":{"Mean":-729.0564516129035,"Sigma":0.5239825878226406,"Taucorr":0.14135707774739392},"EnergyVariance":{"Mean":26.32745837669095,"Sigma":3.3924810654298616,"Taucorr":-0.003489254708889944},"Iteration":15},
{"Acceptance":[0.0664073550212164],"Energy":{"Mean":-732.3306451612902,"Sigma":0.4522029555490366,"Taucorr":0.09806540209016879},"EnergyVariance":{"Mean":21.027770551508844,"Sigma":1.9981195958986342,"Taucorr":-0.141896994766475},"Iteration":16},
{"Acceptance":[0.05360678925035361],"Energy":{"Mean":-734.7822580645162,"Sigma":0.5432555607002143,"Taucorr":0.43112240301879046},"EnergyVariance":{"Mean":19.492911030176902,"Sigma":2.1689771906086652,"Taucorr":0.009942684686590209},"Iteration":17},
{"Acceptance":[0.040876944837340876],"Energy":{"Mean":-737.2177419354837,"Sigma":0.35634455649186547,"Taucorr":0.26907660874523565},"EnergyVariance":{"Mean":10.154201352757546,"Sigma":1.6634507039788358,"Taucorr":0.18532911800937912},"Iteration":18},
{"Acceptance":[0.033946251768033946],"Energy":{"Mean":-738.0161290322583,"Sigma":0.3289228681749975,"Taucorr":0.4167649378114062},"EnergyVariance":{"Mean":7.257804370447449,"Sigma":1.7890567914371085,"Taucorr":0.3642939640628253},"Iteration":19},
{"Acceptance":[0.031966053748231964],"Energy":{"Mean":-739.1451612903227,"Sigma":0.25814010989605163,"Taucorr":0.3621982923758733},"EnergyVariance":{"Mean":4.753121748178979,"Sigma":1.2084511480036688,"Taucorr":0.1623739499873983},"Iteration":20},
{"Acceptance":[0.02637906647807638],"Energy":{"Mean":-739.8064516129033,"Sigma":0.11692157870605932,"Taucorr":-0.04145502270148488},"EnergyVariance":{"Mean":1.8335067637877211,"Sigma":0.3717080778515449,"Taucorr":0.06090270146200405},"Iteration":21},
{"Acceptance":[0.02178217821782178],"Energy":{"Mean":-740.233870967742,"Sigma":0.13665329917790342,"Taucorr":-0.05527488855868806},"EnergyVariance":{"Mean":2.5824011446409996,"Sigma":1.239638626459921,"Taucorr":-0.0035186153522239194},"Iteration":22},
{"Acceptance":[0.017256011315417256],"Energy":{"Mean":-740.2580645161291,"Sigma":0.1878299501779086,"Taucorr":0.18330534163525436},"EnergyVariance":{"Mean":3.175338189386056,"Sigma":1.2150134864837194,"Taucorr":0.08525350021274725},"Iteration":23},
{"Acceptance":[0.013083451202263084],"Energy":{"Mean":-740.6129032258065,"Sigma":0.14703097000101037,"Taucorr":0.28722273567467604},"EnergyVariance":{"Mean":1.6888657648283039,"Sigma":0.5027036734410483,"Taucorr":0.31879796096737323},"Iteration":24},
{"Acceptance":[0.015134370579915134],"Energy":{"Mean":-741.008064516129,"Sigma":0.16374476556016032,"Taucorr":0.07276074728352266},"EnergyVariance":{"Mean":2.8789672216441202,"Sigma":0.9882983997983216,"Taucorr":-0.024221140688053033},"Iteration":25},
{"Acceptance":[0.013224893917963224],"Energy":{"Mean":-740.9919354838709,"Sigma":0.20196743022579006,"Taucorr":0.5764001674340848},"EnergyVariance":{"Mean":2.330580124869927,"Sigma":0.777216345523719,"Taucorr":0.24401287396194749},"Iteration":26},
{"Acceptance":[0.010537482319660537],"Energy":{"Mean":-741.3548387096776,"Sigma":0.09890135301132431,"Taucorr":0.22854442344041281},"EnergyVariance":{"Mean":0.8257023933402706,"Sigma":0.20154688814376628,"Taucorr":0.019257283436128314},"Iteration":27},
{"Acceptance":[0.0169024045261669],"Energy":{"Mean":-741.5161290322582,"Sigma":0.12696598259118427,"Taucorr":0.11170947030497003},"EnergyVariance":{"Mean":1.620707596253902,"Sigma":0.39318044577538486,"Taucorr":0.21294417362711482},"Iteration":28},
{"Acceptance":[0.017326732673267328],"Energy":{"Mean":-741.8870967741935,"Sigma":0.1433277269834197,"Taucorr":0.3314415339839081},"EnergyVariance":{"Mean":1.5195109261186266,"Sigma":0.23506581067010424,"Taucorr":0.035117616557698406},"Iteration":29},
{"Acceptance":[0.015487977369165488],"Energy":{"Mean":-742.2419354838712,"Sigma":0.19519905437526372,"Taucorr":0.6230145867098833},"EnergyVariance":{"Mean":2.0866285119667016,"Sigma":0.5827725162557865,"Taucorr":0.9421393587646059},"Iteration":30},
{"Acceptance":[0.01669024045261669],"Energy":{"Mean":-742.6774193548388,"Sigma":0.1217002908982438,"Taucorr":-0.03916820215846689},"EnergyVariance":{"Mean":1.976586888657649,"Sigma":0.5038350872556902,"Taucorr":-0.05702018419493099},"Iteration":31},
{"Acceptance":[0.011456859971711458],"Energy":{"Mean":-743.0564516129033,"Sigma":0.11976100608240865,"Taucorr":0.16448483660772117},"EnergyVariance":{"Mean":1.3274583766909471,"Sigma":0.16751523607361096,"Taucorr":0.08696462983981923},"Iteration":32},
{"Acceptance":[0.006364922206506365],"Energy":{"Mean":-743.5887096774193,"Sigma":0.10340206725693397,"Taucorr":0.36719272664894975},"EnergyVariance":{"Mean":0.7582596253902185,"Sigma":0.13537064929822923,"Taucorr":0.006558512546748552},"Iteration":33},
{"Acceptance":[0.0033946251768033945],"Energy":{"Mean":-743.7500000000001,"Sigma":0.09054791400790206,"Taucorr":0.35358361774741554},"EnergyVariance":{"Mean":0.5907258064516129,"Sigma":0.24038707008006982,"Taucorr":0.4671336221200545},"Iteration":34},
{"Acceptance":[0.002263083451202263],"Energy":{"Mean":-743.8225806451613,"Sigma":0.08613064313260987,"Taucorr":0.35591752074177674},"EnergyVariance":{"Mean":0.5330385015608741,"Sigma":0.2733929210477888,"Taucorr":0.359754307193474},"Iteration":35},
{"Acceptance":[0.002333804809052334],"Energy":{"Mean":-743.9112903225805,"Sigma":0.0747292488339503,"Taucorr":0.3186017671678578},"EnergyVariance":{"Mean":0.4195499479708637,"Sigma":0.24783557212773025,"Taucorr":0.42451451412170216},"Iteration":36},
{"Acceptance":[0.001768033946251768],"Energy":{"Mean":-743.975806451613,"Sigma":0.05481498538054609,"Taucorr":0.5949132947978399},"EnergyVariance":{"Mean":0.16876951092611864,"Sigma":0.07718858178490313,"Taucorr":0.3820962288202886},"Iteration":37},
{"Acceptance":[0.0014144271570014145],"Energy":{"Mean":-743.9274193548389,"Sigma":0.05209785610913999,"Taucorr":-0.011216911064601487},"EnergyVariance":{"Mean":0.34150624349635805,"Sigma":0.2833302857838955,"Taucorr":-0.004930681485663169},"Iteration":38},
{"Acceptance":[0.0011315417256011315],"Energy":{"Mean":-744.0241935483871,"Sigma":0.02123485769691259,"Taucorr":0.19787234042538604},"EnergyVariance":{"Mean":0.039737252861602505,"Sigma":0.019695622508583043,"Taucorr":0.1528488917182792},"Iteration":39},
{"Acceptance":[0.001272984441301273],"Energy":{"Mean":-743.9758064516129,"Sigma":0.0754510083781483,"Taucorr":0.3873083896489341},"EnergyVariance":{"Mean":0.39457596253902183,"Sigma":0.16250466314109113,"Taucorr":0.10185480610789255},"Iteration":40},
{"Acceptance":[0.0012022630834512022],"Energy":{"Mean":-743.9193548387096,"Sigma":0.061769490822990485,"Taucorr":0.28230702515179396},"EnergyVariance":{"Mean":0.2999479708636836,"Sigma":0.20303992974390617,"Taucorr":0.48228596905449816},"Iteration":41},
{"Acceptance":[0.0007779349363507779],"Energy":{"Mean":-743.8951612903228,"Sigma":0.13053559722773592,"Taucorr":0.5023639191291167},"EnergyVariance":{"Mean":1.0454604578563997,"Sigma":1.0043595605967166,"Taucorr":0.5069025223592751},"Iteration":42},
{"Acceptance":[0.0007072135785007072],"Energy":{"Mean":-744.0,"Sigma":0.01159347239400758,"Taucorr":0.012500000000213007},"EnergyVariance":{"Mean":0.016129032258064516,"Sigma":0.011213254631513016,"Taucorr":-0.012704918032786783},"Iteration":43},
{"Acceptance":[0.0015558698727015559],"Energy":{"Mean":-744.0,"Sigma":0.09973082050770175,"Taucorr":-0.013782051282065222},"EnergyVariance":{"Mean":1.2580645161290325,"Sigma":1.167059296699098,"Taucorr":0.005398569150405708},"Iteration":44},
{"Acceptance":[0.0018387553041018388],"Energy":{"Mean":-743.9677419354839,"Sigma":0.03972678107937741,"Taucorr":0.10568181818178657},"EnergyVariance":{"Mean":0.16024973985431845,"Sigma":0.12786224205368202,"Taucorr":0.0013452812503710332},"Iteration":45},
{"Acceptance":[0.0004243281471004243],"Energy":{"Mean":-743.983870967742,"Sigma":0.016129032258064283,"Taucorr":-1.6764367671839864e-14},"EnergyVariance":{"Mean":0.031997918834547355,"Sigma":0.03173777315296613,"Taucorr":-2.220446049250313e-16},"Iteration":46},
{"Acceptance":[0.0009900990099009901],"Energy":{"Mean":-743.9596774193546,"Sigma":0.06253684311223814,"Taucorr":0.04425312729949149},"EnergyVariance":{"Mean":0.4419224765868886,"Sigma":0.2748848314990127,"Taucorr":-0.016502813763250024},"Iteration":47},
{"Acceptance":[0.0004243281471004243],"Energy":{"Mean":-743.991935483871,"Sigma":0.045619792334615134,"Taucorr":0.04742698191931849},"EnergyVariance":{"Mean":0.23380593132154007,"Sigma":0.20081662767175606,"Taucorr":-0.002633990918789242},"Iteration":48},
{"Acceptance":[0.0011315417256011315],"Energy":{"Mean":-743.983870967742,"Sigma":0.062363273965103556,"Taucorr":0.5604671280277465},"EnergyVariance":{"Mean":0.2255463059313215,"Sigma":0.10373153698450913,"Taucorr":0.5299529425742704},"Iteration":49},
{"Acceptance":[0.0011315417256011315],"Energy":{"Mean":-743.9758064516129,"Sigma":0.03906645618190777,"Taucorr":0.007632782272335992},"EnergyVariance":{"Mean":0.18489854318418314,"Sigma":0.13001412132801698,"Taucorr":-0.012017498550037586},"Iteration":50},
{"Acceptance":[0.0015558698727015559],"Energy":{"Mean":-744.0,"Sigma":0.05053477457019679,"Taucorr":0.07279411764711763},"EnergyVariance":{"Mean":0.27419354838709675,"Sigma":0.2009235526764295,"Taucorr":-0.007163697392202295},"Iteration":51},
{"Acceptance":[0.0015558698727015559],"Energy":{"Mean":-743.9516129032259,"Sigma":0.04085667783217954,"Taucorr":0.2188069216757853},"EnergyVariance":{"Mean":0.14281997918834546,"Sigma":0.07311799984282132,"Taucorr":0.20396940211482362},"Iteration":52},
{"Acceptance":[0.0016973125884016972],"Energy":{"Mean":-744.0564516129033,"Sigma":0.04595123265127368,"Taucorr":0.10524401333740463},"EnergyVariance":{"Mean":0.21455515088449528,"Sigma":0.13266143847553943,"Taucorr":-0.0097730891376544},"Iteration":53},
{"Acceptance":[0.0016973125884016972],"Energy":{"Mean":-743.9516129032257,"Sigma":0.09589655803996602,"Taucorr":0.75884481760276},"EnergyVariance":{"Mean":0.44927159209157125,"Sigma":0.2253391844766198,"Taucorr":0.7037349062300482},"Iteration":54},
{"Acceptance":[0.0019801980198019802],"Energy":{"Mean":-743.975806451613,"Sigma":0.06695653251120864,"Taucorr":0.2609764853706835},"EnergyVariance":{"Mean":0.36231789802289277,"Sigma":0.18590943669293825,"Taucorr":0.03035133071830698},"Iteration":55},
{"Acceptance":[0.0018387553041018388],"Energy":{"Mean":-744.0645161290323,"Sigma":0.038394776497541465,"Taucorr":0.33373205741624856},"EnergyVariance":{"Mean":0.10874089490114464,"Sigma":0.04328436407032803,"Taucorr":0.08649875367384274},"Iteration":56},
{"Acceptance":[0.0026166902404526167],"Energy":{"Mean":-744.0725806451613,"Sigma":0.026420779301735354,"Taucorr":0.13777777777787115},"EnergyVariance":{"Mean":0.0673126951092612,"Sigma":0.022585504886962364,"Taucorr":0.13777777777777767},"Iteration":57},
{"Acceptance":[0.0026166902404526167],"Energy":{"Mean":-744.032258064516,"Sigma":0.07490310540588274,"Taucorr":0.47525735294114924},"EnergyVariance":{"Mean":0.35379812695109253,"Sigma":0.2609278390923468,"Taucorr":0.49137506281180765},"Iteration":58},
{"Acceptance":[0.0019094766619519095],"Energy":{"Mean":-744.024193548387,"Sigma":0.05357493835850399,"Taucorr":0.31287810721765374},"EnergyVariance":{"Mean":0.21715660770031217,"Sigma":0.09830706472612157,"Taucorr":0.11191727006262697},"Iteration":59},
{"Acceptance":[0.002758132956152758],"Energy":{"Mean":-744.1209677419356,"Sigma":0.034530195103939704,"Taucorr":0.189602446483212},"EnergyVariance":{"Mean":0.10633454734651404,"Sigma":0.02617611564330013,"Taucorr":0.18960244648318048},"Iteration":60},
{"Acceptance":[0.003818953323903819],"Energy":{"Mean":-744.2016129032259,"Sigma":0.07813291236380797,"Taucorr":0.6650454086781317},"EnergyVariance":{"Mean":0.3222554630593132,"Sigma":0.11347889399709576,"Taucorr":0.7674193950600345},"Iteration":61},
{"Acceptance":[0.004809052333804809],"Energy":{"Mean":-744.233870967742,"Sigma":0.06016943356343739,"Taucorr":0.6400266400265942},"EnergyVariance":{"Mean":0.19530437044745058,"Sigma":0.031762551951831114,"Taucorr":0.43805141656068225},"Iteration":62},
{"Acceptance":[0.00586987270155587],"Energy":{"Mean":-744.2499999999999,"Sigma":0.041800859177258454,"Taucorr":0.027722772277236407},"EnergyVariance":{"Mean":0.2036290322580645,"Sigma":0.031077175593553025,"Taucorr":0.0344696415508442},"Iteration":63},
{"Acceptance":[0.01082036775106082],"Energy":{"Mean":-744.3225806451615,"Sigma":0.11191967909245691,"Taucorr":-0.10048232595789669},"EnergyVariance":{"Mean":1.9281997918834544,"Sigma":1.6568328382142863,"Taucorr":0.0027459769793372057},"Iteration":64},
{"Acceptance":[0.004738330975954739],"Energy":{"Mean":-744.8064516129032,"Sigma":0.04595123265126966,"Taucorr":0.18946823204415897},"EnergyVariance":{"Mean":0.18834547346514047,"Sigma":0.026674173335063906,"Taucorr":0.0027793588881981357},"Iteration":65},
{"Acceptance":[0.0036775106082036777],"Energy":{"Mean":-744.9193548387096,"Sigma":0.06176949082298519,"Taucorr":0.14382583868659005},"EnergyVariance":{"Mean":0.36446409989594164,"Sigma":0.28916350443016847,"Taucorr":0.018245818904188416},"Iteration":66},
{"Acceptance":[0.008698727015558698],"Energy":{"Mean":-744.2903225806452,"Sigma":0.08287246824945665,"Taucorr":0.12687258687263314},"EnergyVariance":{"Mean":0.673777315296566,"Sigma":0.3149428242206918,"Taucorr":-0.01933933264244614},"Iteration":67},
{"Acceptance":[0.00685997171145686],"Energy":{"Mean":-744.6935483870967,"Sigma":0.0459512326512702,"Taucorr":-0.05707630878441483},"EnergyVariance":{"Mean":0.2931841831425598,"Sigma":0.03804749546776511,"Taucorr":0.0758191849034009},"Iteration":68},
{"Acceptance":[0.001272984441301273],"Energy":{"Mean":-745.0,"Sigma":0.023186944788009423,"Taucorr":0.18333333333336455},"EnergyVariance":{"Mean":0.048387096774193554,"Sigma":0.021438066706856863,"Taucorr":0.1138418079096043},"Iteration":69},
{"Acceptance":[0.0014144271570014145],"Energy":{"Mean":-745.008064516129,"Sigma":0.05852564800289563,"Taucorr":0.5451758631816661},"EnergyVariance":{"Mean":0.20154786680541104,"Sigma":0.147076799319564,"Taucorr":0.49681945141959216},"Iteration":70},
{"Acceptance":[0.0016973125884016972],"Energy":{"Mean":-744.9758064516129,"Sigma":0.024193548387096676,"Taucorr":0.14435389988359093},"EnergyVariance":{"Mean":0.05586628511966701,"Sigma":0.021722579810385365,"Taucorr":0.06694715896602721},"Iteration":71},
{"Acceptance":[0.0011315417256011315],"Energy":{"Mean":-745.008064516129,"Sigma":0.014122500576951235,"Taucorr":0.008355795148323408},"EnergyVariance":{"Mean":0.024128511966701353,"Sigma":0.013423702026384675,"Taucorr":-0.02561070557143663},"Iteration":72},
{"Acceptance":[0.0009900990099009901],"Energy":{"Mean":-745.0,"Sigma":0.03067344478622826,"Taucorr":0.39687500000003184},"EnergyVariance":{"Mean":0.06451612903225808,"Sigma":0.040106950325931756,"Taucorr":0.1295943708609274},"Iteration":73},
{"Acceptance":[0.0005657708628005657],"Energy":{"Mean":-744.9516129032259,"Sigma":0.06702125609568578,"Taucorr":0.021305841924374458},"EnergyVariance":{"Mean":0.5299167533818936,"Sigma":0.5096026596099399,"Taucorr":-0.0005710170452178365},"Iteration":74},
{"Acceptance":[0.001272984441301273],"Energy":{"Mean":-744.9838709677418,"Sigma":0.016129032258063402,"Taucorr":-0.2510121457490159},"EnergyVariance":{"Mean":0.06425598335067638,"Sigma":0.04146649266403233,"Taucorr":0.19070961148453802},"Iteration":75},
{"Acceptance":[0.0016973125884016972],"Energy":{"Mean":-744.9354838709678,"Sigma":0.0543383242836256,"Taucorr":0.04278771384141056},"EnergyVariance":{"Mean":0.3345473465140479,"Sigma":0.17167753133792957,"Taucorr":-0.02794081298210699},"Iteration":76},
{"Acceptance":[0.0008486562942008486],"Energy":{"Mean":-745.0483870967745,"Sigma":0.02698903311400869,"Taucorr":0.4728813559324373},"EnergyVariance":{"Mean":0.046045785639958384,"Sigma":0.0243771911997281,"Taucorr":0.4728813559322035},"Iteration":77},
{"Acceptance":[0.001272984441301273],"Energy":{"Mean":-745.008064516129,"Sigma":0.021639367524192463,"Taucorr":0.21534733441040788},"EnergyVariance":{"Mean":0.04025754422476588,"Sigma":0.020253417564981262,"Taucorr":0.15598037520628172},"Iteration":78},
{"Acceptance":[0.0016973125884016972],"Energy":{"Mean":-745.016129032258,"Sigma":0.05552230476792926,"Taucorr":0.03468451944238693},"EnergyVariance":{"Mean":0.35457856399583765,"Sigma":0.2906552646137846,"Taucorr":-0.005146971975625081},"Iteration":79},
{"Acceptance":[0.0021216407355021216],"Energy":{"Mean":-745.1048387096774,"Sigma":0.0643142001205705,"Taucorr":0.5643265306122387},"EnergyVariance":{"Mean":0.23900884495317376,"Sigma":0.08767584895721686,"Taucorr":0.3562345599624128},"Iteration":80},
{"Acceptance":[0.001272984441301273],"Energy":{"Mean":-745.0564516129032,"Sigma":0.030030623750039388,"Taucorr":0.2992502343017357},"EnergyVariance":{"Mean":0.06939386056191464,"Sigma":0.026029305572375764,"Taucorr":0.2391136415269588},"Iteration":81},
{"Acceptance":[0.0024752475247524753],"Energy":{"Mean":-745.0403225806451,"Sigma":0.020401791355925798,"Taucorr":-0.033096085409230924},"EnergyVariance":{"Mean":0.05482570239334027,"Sigma":0.01802642516806773,"Taucorr":-0.0791388261501153},"Iteration":82},
{"Acceptance":[0.0014851485148514852],"Energy":{"Mean":-744.8467741935485,"Sigma":0.1460397553008755,"Taucorr":0.8321817821520712},"EnergyVariance":{"Mean":0.9845863683662852,"Sigma":0.8753035215506042,"Taucorr":0.7803979345402665},"Iteration":83},
{"Acceptance":[0.0026874115983026876],"Energy":{"Mean":-745.1209677419354,"Sigma":0.034530195103936595,"Taucorr":0.18960244648313274},"EnergyVariance":{"Mean":0.10633454734651406,"Sigma":0.02617611564331583,"Taucorr":0.18960244648318025},"Iteration":84},
{"Acceptance":[0.0029702970297029703],"Energy":{"Mean":-745.1612903225806,"Sigma":0.03765360493525425,"Taucorr":0.14456730769232162},"EnergyVariance":{"Mean":0.13527575442247658,"Sigma":0.025507280762593933,"Taucorr":0.14456730769230774},"Iteration":85},
{"Acceptance":[0.0026874115983026876],"Energy":{"Mean":-745.1370967741933,"Sigma":0.03816825666515861,"Taucorr":0.2573391973611815},"EnergyVariance":{"Mean":0.1183012486992716,"Sigma":0.027702766934407663,"Taucorr":0.2573391973611875},"Iteration":86},
{"Acceptance":[0.0019094766619519095],"Energy":{"Mean":-745.0564516129034,"Sigma":0.022329634040100077,"Taucorr":0.0757020757019834},"EnergyVariance":{"Mean":0.05326482830385015,"Sigma":0.019808546325889388,"Taucorr":0.07570207570207577},"Iteration":87},
{"Acceptance":[0.003253182461103253],"Energy":{"Mean":-745.1935483870966,"Sigma":0.04446467339383845,"Taucorr":0.2789999999999867},"EnergyVariance":{"Mean":0.1560874089490114,"Sigma":0.027252541757530134,"Taucorr":0.2789999999999997},"Iteration":88},
{"Acceptance":[0.004596888260254597],"Energy":{"Mean":-745.0241935483871,"Sigma":0.14817656874652596,"Taucorr":0.4153286602301164},"EnergyVariance":{"Mean":1.4752211238293442,"Sigma":1.3166038585079691,"Taucorr":0.5158618902056185},"Iteration":89},
{"Acceptance":[0.006647807637906648],"Energy":{"Mean":-745.3629032258066,"Sigma":0.04312819986168023,"Taucorr":-0.005232067510552885},"EnergyVariance":{"Mean":0.2312044745057232,"Sigma":0.011825474155611302,"Taucorr":-0.005232067510548444},"Iteration":90},
{"Acceptance":[0.006647807637906648],"Energy":{"Mean":-745.4032258064516,"Sigma":0.060992485165126564,"Taucorr":0.2915841584158415},"EnergyVariance":{"Mean":0.28902185223725285,"Sigma":0.042778793355484304,"Taucorr":0.46658087884856314},"Iteration":91},
{"Acceptance":[0.008415841584158416],"Energy":{"Mean":-745.4435483870968,"Sigma":0.06528440408382398,"Taucorr":0.14227888446216053},"EnergyVariance":{"Mean":0.4081035379812694,"Sigma":0.15690734103021575,"Taucorr":-0.0024495711176212853},"Iteration":92},
{"Acceptance":[0.009830268741159831],"Energy":{"Mean":-745.3387096774193,"Sigma":0.14916811756522985,"Taucorr":0.08965362627509676},"EnergyVariance":{"Mean":2.3207596253902185,"Sigma":1.6848360724694342,"Taucorr":0.00599104533657735},"Iteration":93},
{"Acceptance":[0.007001414427157002],"Energy":{"Mean":-745.6612903225805,"Sigma":0.04993057962636331,"Taucorr":0.18452380952382375},"EnergyVariance":{"Mean":0.22398543184183148,"Sigma":0.016106638589134425,"Taucorr":0.18452380952380976},"Iteration":94},
{"Acceptance":[0.005799151343705799],"Energy":{"Mean":-745.7338709677418,"Sigma":0.07234130190390402,"Taucorr":0.08502187019743745},"EnergyVariance":{"Mean":0.5501430801248699,"Sigma":0.3621851270968055,"Taucorr":-0.007093098101877415},"Iteration":95},
{"Acceptance":[0.0031117397454031117],"Energy":{"Mean":-745.8467741935485,"Sigma":0.04590403055083436,"Taucorr":0.38836379848425273},"EnergyVariance":{"Mean":0.14587669094693026,"Sigma":0.03914493826108978,"Taucorr":0.156789115784288},"Iteration":96},
{"Acceptance":[0.0015558698727015559],"Energy":{"Mean":-745.9354838709678,"Sigma":0.03839477649754315,"Taucorr":0.47893258426970586},"EnergyVariance":{"Mean":0.0926118626430801,"Sigma":0.03318871682376318,"Taucorr":0.4165085701728657},"Iteration":97},
{"Acceptance":[0.001272984441301273],"Energy":{"Mean":-745.7258064516129,"Sigma":0.19789036510341723,"Taucorr":1.1903049114478923},"EnergyVariance":{"Mean":1.4248178980228932,"Sigma":1.0780827005108635,"Taucorr":1.2268910119732277},"Iteration":98},
{"Acceptance":[0.0004243281471004243],"Energy":{"Mean":-745.9758064516128,"Sigma":0.017790744201906575,"Taucorr":0.3245179063360364},"EnergyVariance":{"Mean":0.023608220603537986,"Sigma":0.016929901740521947,"Taucorr":0.324517906336088},"Iteration":99} 
]}