{"Output": [
{"Acceptance":[0.6229968965315325],"Energy":{"Mean":-543.4868951612904,"Sigma":0.6210844657089046,"Taucorr":0.29681346753489823},"EnergyVariance":{"Mean":239.87684439223463,"Sigma":12.393707784387534,"Taucorr":0.16516972675011943},"Iteration":0},
{"Acceptance":[0.5239982042823961],"Energy":{"Mean":-557.0090725806449,"Sigma":0.6992582498805474,"Taucorr":0.4574980896502181},"EnergyVariance":{"Mean":253.03519994634496,"Sigma":12.367475745195303,"Taucorr":0.136277423584233},"Iteration":1},
{"Acceptance":[0.42820057384888643],"Energy":{"Mean":-573.2570564516128,"Sigma":0.6668446970329567,"Taucorr":0.578288623088236},"EnergyVariance":{"Mean":204.3421881097165,"Sigma":12.95878482772951,"Taucorr":0.462697285250386},"Iteration":2},
{"Acceptance":[0.3530341771904827],"Energy":{"Mean":-585.4798387096774,"Sigma":0.9911015677927436,"Taucorr":1.9182757335791516},"EnergyVariance":{"Mean":201.26773868366283,"Sigma":12.889043900611728,"Taucorr":0.5377707698379255},"Iteration":3},
{"Acceptance":[0.29582495657096014],"Energy":{"Mean":-596.8276209677418,"Sigma":0.946852843356292,"Taucorr":2.1744725814767536},"EnergyVariance":{"Mean":166.10032579181842,"Sigma":10.726318218135502,"Taucorr":0.6119863902871356},"Iteration":4},
{"Acceptance":[0.23815704721566178],"Energy":{"Mean":-607.6804435483871,"Sigma":0.5486357210357881,"Taucorr":0.7212201949190706},"EnergyVariance":{"Mean":122.12873044842611,"Sigma":6.540403031279591,"Taucorr":0.2153367777142795},"Iteration":5},
{"Acceptance":[0.19624070423359943],"Energy":{"Mean":-616.2953629032259,"Sigma":0.41294330689515285,"Taucorr":0.5155490084910761},"EnergyVariance":{"Mean":83.20005914249482,"Sigma":5.155965491391143,"Taucorr":0.27334340895875753},"Iteration":6},
{"Acceptance":[0.16953916421056742],"Energy":{"Mean":-621.2086693548387,"Sigma":0.3122323689218769,"Taucorr":0.33757851009829853},"EnergyVariance":{"Mean":57.67319097131893,"Sigma":3.064485519151154,"Taucorr":0.14978911548333418},"Iteration":7},
{"Acceptance":[0.14835164835164835],"Energy":{"Mean":-624.6703629032259,"Sigma":0.432507610697959,"Taucorr":1.470293905644686},"EnergyVariance":{"Mean":47.04355712636577,"Sigma":3.758546579145386,"Taucorr":0.5495344699437512},"Iteration":8},
{"Acceptance":[0.1344055589171042],"Energy":{"Mean":-627.6350806451612,"Sigma":0.22686274875452717,"Taucorr":0.21779058954801056},"EnergyVariance":{"Mean":35.52812418704475,"Sigma":2.2209216223128636,"Taucorr":0.14557500833939596},"Iteration":9},
{"Acceptance":[0.12026428278648528],"Energy":{"Mean":-629.6582661290323,"Sigma":0.21098415445759622,"Taucorr":0.38237501528697293},"EnergyVariance":{"Mean":24.997129251755982,"Sigma":1.9024083613934724,"Taucorr":0.6673772414844459},"Iteration":10},
{"Acceptance":[0.10557648390685691],"Energy":{"Mean":-631.5655241935485,"Sigma":0.22326068902237897,"Taucorr":0.7727847510306425},"EnergyVariance":{"Mean":19.404980773608216,"Sigma":1.6097888864300816,"Taucorr":0.5492929920403125},"Iteration":11},
{"Acceptance":[0.09675404524427615],"Energy":{"Mean":-632.8760080645162,"Sigma":0.23429987089309554,"Taucorr":1.1023737280104684},"EnergyVariance":{"Mean":16.975553419289806,"Sigma":1.1910390928962875,"Taucorr":0.14020122527529444},"Iteration":12},
{"Acceptance":[0.08959069349833115],"Energy":{"Mean":-633.7782258064517,"Sigma":0.18253020973813705,"Taucorr":0.5468849829892897},"EnergyVariance":{"Mean":15.769364594172735,"Sigma":1.202110034910534,"Taucorr":0.5457488699534894},"Iteration":13},
{"Acceptance":[0.08115862822789999],"Energy":{"Mean":-635.0231854838711,"Sigma":0.14650360374285623,"Taucorr":0.530225262947043},"EnergyVariance":{"Mean":10.323051143015087,"Sigma":0.6965943616311934,"Taucorr":-0.025408670948802448},"Iteration":14},
{"Acceptance":[0.07591786543829172],"Energy":{"Mean":-635.4747983870967,"Sigma":0.14910702046177424,"Taucorr":0.5972855234903225},"EnergyVariance":{"Mean":10.039687459352239,"Sigma":0.541059562933715,"Taucorr":-0.0024190534865328184},"Iteration":15},
{"Acceptance":[0.06872523568793551],"Energy":{"Mean":-636.366935483871,"Sigma":0.16615745300531323,"Taucorr":1.1009645771611105},"EnergyVariance":{"Mean":8.544793834547347,"Sigma":0.6424215348148316,"Taucorr":0.050393075757473205},"Iteration":16},
{"Acceptance":[0.06203033201257002],"Energy":{"Mean":-637.0040322580644,"Sigma":0.15195537454270117,"Taucorr":1.1227919146717926},"EnergyVariance":{"Mean":7.050386966701352,"Sigma":0.7093459158863687,"Taucorr":0.9672669481076457},"Iteration":17},
{"Acceptance":[0.057140905275896395],"Energy":{"Mean":-637.4627016129031,"Sigma":0.13717902537414925,"Taucorr":1.0549432124657638},"EnergyVariance":{"Mean":5.996592701287722,"Sigma":0.5495876199559331,"Taucorr":0.48407163525128216},"Iteration":18},
{"Acceptance":[0.053295727363222925],"Energy":{"Mean":-637.7610887096774,"Sigma":0.11088434747324856,"Taucorr":0.5105718213209001},"EnergyVariance":{"Mean":6.028606879227369,"Sigma":0.5388045388997191,"Taucorr":0.10493647764185776},"Iteration":19},
{"Acceptance":[0.0490211387191849],"Energy":{"Mean":-638.0453629032257,"Sigma":0.10507172718988259,"Taucorr":0.5916588034547017},"EnergyVariance":{"Mean":5.011047045720603,"Sigma":0.5683865348712112,"Taucorr":0.26174664840307293},"Iteration":20},
{"Acceptance":[0.04775242519469873],"Energy":{"Mean":-638.1149193548387,"Sigma":0.14344277519739065,"Taucorr":1.2064169179924962},"EnergyVariance":{"Mean":5.974696767689905,"Sigma":0.8558198619566978,"Taucorr":0.9675075534615429},"Iteration":21},
{"Acceptance":[0.04429762067417485],"Energy":{"Mean":-638.577620967742,"Sigma":0.09454047312090964,"Taucorr":0.5815546671689242},"EnergyVariance":{"Mean":4.094781436979709,"Sigma":0.44518340638192144,"Taucorr":0.4127343713043551},"Iteration":22},
{"Acceptance":[0.04068666679679113],"Energy":{"Mean":-638.7933467741937,"Sigma":0.09232425521933091,"Taucorr":0.5621357163162013},"EnergyVariance":{"Mean":3.9764476700702414,"Sigma":0.6600294726342892,"Taucorr":0.42937295267856557},"Iteration":23},
{"Acceptance":[0.039154451232603985],"Energy":{"Mean":-638.8326612903226,"Sigma":0.10320335882437466,"Taucorr":0.9631058295084836},"EnergyVariance":{"Mean":3.607078401404787,"Sigma":0.4763588679094905,"Taucorr":0.37615504431680014},"Iteration":24},
{"Acceptance":[0.03676341420568774],"Energy":{"Mean":-638.9989919354837,"Sigma":0.09853901544584556,"Taucorr":0.9458604448616916},"EnergyVariance":{"Mean":3.327619951547866,"Sigma":0.47876945352763056,"Taucorr":0.41630024185815473},"Iteration":25},
{"Acceptance":[0.03585579606893994],"Energy":{"Mean":-639.3901209677421,"Sigma":0.0821045703144899,"Taucorr":1.1751689643437302},"EnergyVariance":{"Mean":1.993974985366805,"Sigma":0.3366032909157148,"Taucorr":0.9633908922019125},"Iteration":26},
{"Acceptance":[0.031991099486658986],"Energy":{"Mean":-639.5645161290322,"Sigma":0.06893815107851657,"Taucorr":0.7921328368484859},"EnergyVariance":{"Mean":1.8224505723205,"Sigma":0.3070037360147101,"Taucorr":0.2731410481757125},"Iteration":27},
{"Acceptance":[0.032986551636640445],"Energy":{"Mean":-639.584677419355,"Sigma":0.07732715654230482,"Taucorr":0.9097330152480643},"EnergyVariance":{"Mean":2.10170070239334,"Sigma":0.37949073624741597,"Taucorr":1.226170649480214},"Iteration":28},
{"Acceptance":[0.03020514121757461],"Energy":{"Mean":-639.5493951612904,"Sigma":0.0867790744669959,"Taucorr":0.778350203574314},"EnergyVariance":{"Mean":2.918931085783039,"Sigma":0.5664184377458968,"Taucorr":0.39521506612514046},"Iteration":29},
{"Acceptance":[0.02883883434505104],"Energy":{"Mean":-639.773185483871,"Sigma":0.0576580005077044,"Taucorr":0.4820415128137354},"EnergyVariance":{"Mean":1.6773858204344434,"Sigma":0.20550294818425383,"Taucorr":0.16621140990690153},"Iteration":30},
{"Acceptance":[0.028116643569574298],"Energy":{"Mean":-639.8215725806452,"Sigma":0.05854763729191989,"Taucorr":0.4490156511272142},"EnergyVariance":{"Mean":1.789736236667534,"Sigma":0.28483560578890826,"Taucorr":0.6197987420618867},"Iteration":31},
{"Acceptance":[0.025735365877461794],"Energy":{"Mean":-640.0745967741935,"Sigma":0.0921876699396451,"Taucorr":1.7501463741140233},"EnergyVariance":{"Mean":1.871451450312175,"Sigma":0.23957830751829146,"Taucorr":0.06916788111146188},"Iteration":32},
{"Acceptance":[0.025979349247555288],"Energy":{"Mean":-639.9707661290322,"Sigma":0.08981358901022336,"Taucorr":1.265225731758218},"EnergyVariance":{"Mean":2.2642663485301773,"Sigma":0.5003588269336043,"Taucorr":0.383568789525341},"Iteration":33},
{"Acceptance":[0.023744461577498877],"Energy":{"Mean":-640.0443548387098,"Sigma":0.08836190076771895,"Taucorr":1.1556286486129377},"EnergyVariance":{"Mean":2.336742325702393,"Sigma":0.48667519776489077,"Taucorr":0.5149014527680056},"Iteration":34},
{"Acceptance":[0.02149981457263873],"Energy":{"Mean":-640.3820564516129,"Sigma":0.06412061646304772,"Taucorr":0.7442597175076837},"EnergyVariance":{"Mean":1.6372989968132152,"Sigma":0.1639313232398293,"Taucorr":0.08421945195847047},"Iteration":35},
{"Acceptance":[0.022056096656451897],"Energy":{"Mean":-640.1330645161291,"Sigma":0.09215680008613474,"Taucorr":1.3954263272818617},"EnergyVariance":{"Mean":2.220197060353798,"Sigma":0.46574887962526174,"Taucorr":1.075151001366119},"Iteration":36},
{"Acceptance":[0.01976265297757305],"Energy":{"Mean":-640.5352822580645,"Sigma":0.10012741730663763,"Taucorr":2.131346538679179},"EnergyVariance":{"Mean":1.8878680654916753,"Sigma":0.18689054879281533,"Taucorr":0.1939931627775815},"Iteration":37},
{"Acceptance":[0.018210918743778424],"Energy":{"Mean":-640.6794354838709,"Sigma":0.12036926326381894,"Taucorr":3.3246592794863807},"EnergyVariance":{"Mean":1.8770771006763787,"Sigma":0.4777315376867991,"Taucorr":1.5215259053632821},"Iteration":38},
{"Acceptance":[0.016883649210469816],"Energy":{"Mean":-640.8911290322582,"Sigma":0.11505162403170828,"Taucorr":3.020318985929496},"EnergyVariance":{"Mean":1.863147112382935,"Sigma":0.31405345710394933,"Taucorr":0.9040935622231767},"Iteration":39},
{"Acceptance":[0.01579060371245096],"Energy":{"Mean":-640.9072580645161,"Sigma":0.10194351989131858,"Taucorr":2.2006956287856148},"EnergyVariance":{"Mean":1.9067215140478668,"Sigma":0.3506912679292804,"Taucorr":0.7600451262004608},"Iteration":40},
{"Acceptance":[0.018776960162395332],"Energy":{"Mean":-640.5413306451613,"Sigma":0.09140649666557599,"Taucorr":1.7761422471227384},"EnergyVariance":{"Mean":1.818856293899584,"Sigma":0.29364375325946795,"Taucorr":0.7737277467905621},"Iteration":41},
{"Acceptance":[0.01396560810415162],"Energy":{"Mean":-641.1129032258062,"Sigma":0.11085715627070737,"Taucorr":2.988965809298588},"EnergyVariance":{"Mean":1.7453173777315296,"Sigma":0.29127747544941307,"Taucorr":0.6306563507741854},"Iteration":42},
{"Acceptance":[0.014375500165908692],"Energy":{"Mean":-640.8901209677421,"Sigma":0.116295290559472,"Taucorr":2.8865240021449914},"EnergyVariance":{"Mean":1.9788540176248703,"Sigma":0.27809043627449664,"Taucorr":0.11657514493006838},"Iteration":43},
{"Acceptance":[0.013389807350730974],"Energy":{"Mean":-641.267137096774,"Sigma":0.08594087492978715,"Taucorr":2.208834359919682},"EnergyVariance":{"Mean":1.3510168037851196,"Sigma":0.20266437156669928,"Taucorr":0.19021857026686884},"Iteration":44},
{"Acceptance":[0.011086604337048387],"Energy":{"Mean":-641.5161290322583,"Sigma":0.06945313348923862,"Taucorr":1.7716733694419613},"EnergyVariance":{"Mean":1.0521592091571281,"Sigma":0.1616555280950968,"Taucorr":0.35776415535990014},"Iteration":45},
{"Acceptance":[0.010618156266468878],"Energy":{"Mean":-641.5826612903227,"Sigma":0.07027494348083316,"Taucorr":1.5309902782695564},"EnergyVariance":{"Mean":1.2048606594693028,"Sigma":0.3462638292161917,"Taucorr":0.7284054106218456},"Iteration":46},
{"Acceptance":[0.010832861632151152],"Energy":{"Mean":-641.4959677419355,"Sigma":0.09200597714771468,"Taucorr":3.0624646999932645},"EnergyVariance":{"Mean":1.1774030957336106,"Sigma":0.24458850091102058,"Taucorr":0.3191689033512922},"Iteration":47},
{"Acceptance":[0.009300646067964007],"Energy":{"Mean":-641.6592741935485,"Sigma":0.06510619360354408,"Taucorr":2.0952178436952686},"EnergyVariance":{"Mean":0.8093091506243498,"Sigma":0.15152891771158966,"Taucorr":-0.0235735767698127},"Iteration":48},
{"Acceptance":[0.009339683407178967],"Energy":{"Mean":-641.7026209677421,"Sigma":0.07692793886719751,"Taucorr":2.160693371395746},"EnergyVariance":{"Mean":1.102089904721644,"Sigma":0.3843496128251819,"Taucorr":0.9107966479211664},"Iteration":49} 
]}