{"Output": [
{"Acceptance":[0.8511204481792717],"Energy":{"Mean":-153.60483870967738,"Sigma":0.7717086016104223,"Taucorr":0.007455609571481281},"EnergyVariance":{"Mean":72.17449271592092,"Sigma":8.438587010692848,"Taucorr":-0.09722956767194857},"Iteration":0},
{"Acceptance":[0.8261904761904761],"Energy":{"Mean":-156.31451612903226,"Sigma":0.9713619569117442,"Taucorr":0.2358280765617944},"EnergyVariance":{"Mean":78.8607570239334,"Sigma":8.771685547639281,"Taucorr":0.048185553023955774},"Iteration":1},
{"Acceptance":[0.7675070028011205],"Energy":{"Mean":-157.34677419354836,"Sigma":0.6829015242688864,"Taucorr":-0.09823952611876746},"EnergyVariance":{"Mean":71.3878121748179,"Sigma":8.570026296303318,"Taucorr":3.28442440850063e-05},"Iteration":2},
{"Acceptance":[0.5438375350140056],"Energy":{"Mean":-163.0241935483871,"Sigma":0.9198640355577505,"Taucorr":0.21199276029695568},"EnergyVariance":{"Mean":73.08812434963579,"Sigma":8.189016933820241,"Taucorr":-0.09080119763072086},"Iteration":3},
{"Acceptance":[0.13795518207282914],"Energy":{"Mean":-183.57258064516122,"Sigma":0.310045424261981,"Taucorr":0.1148155913723915},"EnergyVariance":{"Mean":9.615699791883454,"Sigma":1.8659058328530553,"Taucorr":0.4420838563540601},"Iteration":4},
{"Acceptance":[0.05504201680672269],"Energy":{"Mean":-187.49193548387095,"Sigma":0.2747148744186368,"Taucorr":0.4149894223988744},"EnergyVariance":{"Mean":5.072515608740895,"Sigma":0.8166058927558145,"Taucorr":0.2551772986835057},"Iteration":5},
{"Acceptance":[0.02535014005602241],"Energy":{"Mean":-191.0806451612903,"Sigma":0.10066118565567615,"Taucorr":0.05513904982618223},"EnergyVariance":{"Mean":1.1225286160249737,"Sigma":0.5288158589728285,"Taucorr":-0.021846595018787884},"Iteration":6},
{"Acceptance":[0.0273109243697479],"Energy":{"Mean":-191.46774193548387,"Sigma":0.08960931892473384,"Taucorr":-0.09943025954842916},"EnergyVariance":{"Mean":1.2328303850156086,"Sigma":0.6178184085705348,"Taucorr":-0.017357287473508898},"Iteration":7},
{"Acceptance":[0.026750700280112043],"Energy":{"Mean":-191.75806451612905,"Sigma":0.22224534507980734,"Taucorr":0.5441563086828216},"EnergyVariance":{"Mean":2.9092091571279908,"Sigma":1.5253624651380469,"Taucorr":0.4317923209612319},"Iteration":8},
{"Acceptance":[0.019187675070028012],"Energy":{"Mean":-192.67741935483875,"Sigma":0.1751318813308425,"Taucorr":0.6867184942716777},"EnergyVariance":{"Mean":1.5894901144640994,"Sigma":0.9536377849086366,"Taucorr":0.5631987872165589},"Iteration":9},
{"Acceptance":[0.01288515406162465],"Energy":{"Mean":-192.87903225806448,"Sigma":0.06336335706918755,"Taucorr":0.07567854435178356},"EnergyVariance":{"Mean":0.42891519250780435,"Sigma":0.15173722492287012,"Taucorr":-0.01754747559454961},"Iteration":10},
{"Acceptance":[0.016666666666666666],"Energy":{"Mean":-192.8709677419355,"Sigma":0.1055394283339437,"Taucorr":0.14382029339852498},"EnergyVariance":{"Mean":1.0639958376690946,"Sigma":0.3645267077403997,"Taucorr":-0.024512610385853895},"Iteration":11},
{"Acceptance":[0.01764705882352941],"Energy":{"Mean":-193.52419354838707,"Sigma":0.10835701067329832,"Taucorr":0.2928872384488973},"EnergyVariance":{"Mean":0.9107049947970863,"Sigma":0.11500055603852506,"Taucorr":0.29795342529061664},"Iteration":12},
{"Acceptance":[0.008543417366946778],"Energy":{"Mean":-194.84677419354838,"Sigma":0.08880737533158373,"Taucorr":0.3343103255397726},"EnergyVariance":{"Mean":0.581360561914672,"Sigma":0.39272355696278216,"Taucorr":0.4015713854987274},"Iteration":13},
{"Acceptance":[0.009103641456582634],"Energy":{"Mean":-194.81451612903226,"Sigma":0.0867326118543099,"Taucorr":0.11861901034872424},"EnergyVariance":{"Mean":0.7478537981269511,"Sigma":0.36795701266276004,"Taucorr":0.07922624774181775},"Iteration":14},
{"Acceptance":[0.011064425770308124],"Energy":{"Mean":-194.83870967741933,"Sigma":0.06614214399255663,"Taucorr":0.279958521870297},"EnergyVariance":{"Mean":0.3449531737773153,"Sigma":0.15019309156220012,"Taucorr":0.10687545953591016},"Iteration":15},
{"Acceptance":[0.012044817927170869],"Energy":{"Mean":-194.7983870967742,"Sigma":0.06702125609568799,"Taucorr":-0.03684440082869678},"EnergyVariance":{"Mean":0.5964490114464098,"Sigma":0.20746679268827242,"Taucorr":-0.053406848381859495},"Iteration":16},
{"Acceptance":[0.010644257703081233],"Energy":{"Mean":-194.6612903225806,"Sigma":0.16742370558085962,"Taucorr":0.7444366197183041},"EnergyVariance":{"Mean":1.3852757544224765,"Sigma":0.6242781783596402,"Taucorr":0.4229292475316263},"Iteration":17},
{"Acceptance":[0.008403361344537815],"Energy":{"Mean":-194.9516129032258,"Sigma":0.04085667783217876,"Taucorr":0.4285294117647005},"EnergyVariance":{"Mean":0.11056191467221643,"Sigma":0.10095654742737688,"Taucorr":0.3664021037318178},"Iteration":18},
{"Acceptance":[0.005042016806722689],"Energy":{"Mean":-194.8709677419355,"Sigma":0.07039726723482327,"Taucorr":0.2884084791386293},"EnergyVariance":{"Mean":0.38657648283038504,"Sigma":0.2027342185563499,"Taucorr":0.09863521997095448},"Iteration":19},
{"Acceptance":[0.0067226890756302525],"Energy":{"Mean":-194.90322580645164,"Sigma":0.0757377863346711,"Taucorr":0.028066588785055857},"EnergyVariance":{"Mean":0.668054110301769,"Sigma":0.6388252639529607,"Taucorr":-0.0004562994610148863},"Iteration":20},
{"Acceptance":[0.004761904761904762],"Energy":{"Mean":-194.75806451612902,"Sigma":0.11793694265115003,"Taucorr":-0.03628543223805203},"EnergyVariance":{"Mean":1.8446930280957334,"Sigma":1.0667801337325686,"Taucorr":-0.02106651201730908},"Iteration":21},
{"Acceptance":[0.004201680672268907],"Energy":{"Mean":-194.97580645161293,"Sigma":0.024193548387096617,"Taucorr":-3.9968028886505635e-15},"EnergyVariance":{"Mean":0.07199531737773152,"Sigma":0.0714099895941738,"Taucorr":0.0},"Iteration":22},
{"Acceptance":[0.004761904761904762],"Energy":{"Mean":-194.96774193548393,"Sigma":0.02524592877822339,"Taucorr":0.32788461538461267},"EnergyVariance":{"Mean":0.04734651404786681,"Sigma":0.039241433298515344,"Taucorr":0.21305901092697876},"Iteration":23},
{"Acceptance":[0.00392156862745098],"Energy":{"Mean":-194.93548387096772,"Sigma":0.050491857556446806,"Taucorr":0.40495495495495226},"EnergyVariance":{"Mean":0.17325702393340273,"Sigma":0.1411712606516533,"Taucorr":0.4569343426689916},"Iteration":24},
{"Acceptance":[0.0065826330532212885],"Energy":{"Mean":-194.98387096774192,"Sigma":0.011213254631512027,"Taucorr":-0.012704918032852675},"EnergyVariance":{"Mean":0.015868886576482832,"Sigma":0.010851536740173577,"Taucorr":-0.012704918032787005},"Iteration":25},
{"Acceptance":[0.005742296918767507],"Energy":{"Mean":-194.94354838709677,"Sigma":0.03612567188673642,"Taucorr":0.2895713371721115},"EnergyVariance":{"Mean":0.10165192507804369,"Sigma":0.06720250800423092,"Taucorr":0.31384051277253944},"Iteration":26},
{"Acceptance":[0.004481792717086834],"Energy":{"Mean":-194.91935483870967,"Sigma":0.04693151148988238,"Taucorr":-0.02273143904674163},"EnergyVariance":{"Mean":0.2838189386056191,"Sigma":0.17330618162907083,"Taucorr":-0.01833237696907314},"Iteration":27},
{"Acceptance":[0.004481792717086834],"Energy":{"Mean":-194.8306451612903,"Sigma":0.11788178467355186,"Taucorr":0.9429010651147445},"EnergyVariance":{"Mean":0.592286680541103,"Sigma":0.397741656176933,"Taucorr":0.8504977234630333},"Iteration":28},
{"Acceptance":[0.0030812324929971988],"Energy":{"Mean":-194.9677419354839,"Sigma":0.025245928778222945,"Taucorr":-0.007598039215702124},"EnergyVariance":{"Mean":0.07960457856399586,"Sigma":0.07116884104735247,"Taucorr":-0.0026519242813037303},"Iteration":29},
{"Acceptance":[0.0033613445378151263],"Energy":{"Mean":-194.9677419354839,"Sigma":0.019197388248771513,"Taucorr":-0.021291208791190952},"EnergyVariance":{"Mean":0.047346514047866814,"Sigma":0.0324525177586966,"Taucorr":-0.012322699191433084},"Iteration":30},
{"Acceptance":[0.005042016806722689],"Energy":{"Mean":-194.95161290322574,"Sigma":0.035581488403816364,"Taucorr":-0.010147299508986796},"EnergyVariance":{"Mean":0.15894901144641,"Sigma":0.1286005471987281,"Taucorr":-0.005821639123295974},"Iteration":31},
{"Acceptance":[0.005042016806722689],"Energy":{"Mean":-195.0,"Sigma":0.0,"Taucorr":null},"EnergyVariance":{"Mean":0.0,"Sigma":0.0,"Taucorr":null},"Iteration":32},
{"Acceptance":[0.005322128851540616],"Energy":{"Mean":-194.95967741935485,"Sigma":0.02862619249886886,"Taucorr":0.07871545929797585},"EnergyVariance":{"Mean":0.0870837669094693,"Sigma":0.07168396745905892,"Taucorr":0.005712133074362469},"Iteration":33},
{"Acceptance":[0.0036414565826330533],"Energy":{"Mean":-194.89516129032253,"Sigma":0.06109902233830888,"Taucorr":0.18373038930854013},"EnergyVariance":{"Mean":0.3357830385015608,"Sigma":0.1883550939385278,"Taucorr":0.13360750613449912},"Iteration":34},
{"Acceptance":[0.00392156862745098],"Energy":{"Mean":-194.95161290322577,"Sigma":0.02437210098202937,"Taucorr":0.08755230125527036},"EnergyVariance":{"Mean":0.06217481789802289,"Sigma":0.034399877072870066,"Taucorr":0.02137868841331303},"Iteration":35},
{"Acceptance":[0.0063025210084033615],"Energy":{"Mean":-194.8709677419355,"Sigma":0.10098371511289367,"Taucorr":0.4049549549549538},"EnergyVariance":{"Mean":0.6930280957336108,"Sigma":0.5646850426066246,"Taucorr":0.4569343426689907},"Iteration":36},
{"Acceptance":[0.0058823529411764705],"Energy":{"Mean":-194.9838709677419,"Sigma":0.011213254631513759,"Taucorr":-0.012704918032739543},"EnergyVariance":{"Mean":0.01586888657648283,"Sigma":0.010851536740172942,"Taucorr":-0.012704918032786894},"Iteration":37},
{"Acceptance":[0.004341736694677871],"Energy":{"Mean":-194.91935483870967,"Sigma":0.06067175120581958,"Taucorr":-0.009179357021994738},"EnergyVariance":{"Mean":0.46123829344432893,"Sigma":0.38985706464157954,"Taucorr":-0.004358275602685868},"Iteration":38},
{"Acceptance":[0.005042016806722689],"Energy":{"Mean":-194.93548387096772,"Sigma":0.044853018526051995,"Taucorr":-0.012704918032787005},"EnergyVariance":{"Mean":0.2539021852237254,"Sigma":0.17362458784277982,"Taucorr":-0.012704918032786894},"Iteration":39},
{"Acceptance":[0.0056022408963585435],"Energy":{"Mean":-194.9677419354839,"Sigma":0.022426509263025814,"Taucorr":-0.012704918032795331},"EnergyVariance":{"Mean":0.06347554630593132,"Sigma":0.043406146960696855,"Taucorr":-0.012704918032786894},"Iteration":40},
{"Acceptance":[0.002661064425770308],"Energy":{"Mean":-195.0,"Sigma":0.0,"Taucorr":null},"EnergyVariance":{"Mean":0.0,"Sigma":0.0,"Taucorr":null},"Iteration":41},
{"Acceptance":[0.002661064425770308],"Energy":{"Mean":-195.0,"Sigma":0.0,"Taucorr":null},"EnergyVariance":{"Mean":0.0,"Sigma":0.0,"Taucorr":null},"Iteration":42},
{"Acceptance":[0.00392156862745098],"Energy":{"Mean":-194.9596774193548,"Sigma":0.032989030014285575,"Taucorr":0.44326306141157323},"EnergyVariance":{"Mean":0.07095473465140475,"Sigma":0.06211113667201849,"Taucorr":0.4898702777588182},"Iteration":43},
{"Acceptance":[0.0028011204481792717],"Energy":{"Mean":-194.9435483870968,"Sigma":0.03612567188673694,"Taucorr":0.43847908745249087},"EnergyVariance":{"Mean":0.08552289281997918,"Sigma":0.06219028139999397,"Taucorr":0.4828480982968577},"Iteration":44},
{"Acceptance":[0.004201680672268907],"Energy":{"Mean":-195.0,"Sigma":0.0,"Taucorr":null},"EnergyVariance":{"Mean":0.0,"Sigma":0.0,"Taucorr":null},"Iteration":45},
{"Acceptance":[0.0036414565826330533],"Energy":{"Mean":-194.86290322580643,"Sigma":0.06744044533008114,"Taucorr":0.5004419632472494},"EnergyVariance":{"Mean":0.2795915712799167,"Sigma":0.14977485946596447,"Taucorr":0.4801126440288894},"Iteration":46},
{"Acceptance":[0.0030812324929971988],"Energy":{"Mean":-194.96774193548393,"Sigma":0.0322580645161289,"Taucorr":0.5081967213114706},"EnergyVariance":{"Mean":0.06347554630593132,"Sigma":0.06243496357960831,"Taucorr":0.5081967213114755},"Iteration":47},
{"Acceptance":[0.00392156862745098],"Energy":{"Mean":-194.9677419354839,"Sigma":0.032258064516128934,"Taucorr":-3.4416913763379853e-15},"EnergyVariance":{"Mean":0.12799167533818942,"Sigma":0.12695109261186455,"Taucorr":0.0},"Iteration":48},
{"Acceptance":[0.0028011204481792717],"Energy":{"Mean":-194.9596774193548,"Sigma":0.03298903001428374,"Taucorr":-0.005952952472421058},"EnergyVariance":{"Mean":0.13547086368366285,"Sigma":0.1264010496076844,"Taucorr":-0.001474304316416708},"Iteration":49},
{"Acceptance":[0.0036414565826330533],"Energy":{"Mean":-194.88709677419354,"Sigma":0.0793443475887019,"Taucorr":0.4915389740173185},"EnergyVariance":{"Mean":0.39047866805411025,"Sigma":0.27409944539483116,"Taucorr":0.4935522469378987},"Iteration":50},
{"Acceptance":[0.00392156862745098],"Energy":{"Mean":-194.9758064516129,"Sigma":0.017790744201907606,"Taucorr":-0.010147299509012442},"EnergyVariance":{"Mean":0.039737252861602484,"Sigma":0.032150136799683,"Taucorr":-0.005821639123296196},"Iteration":51},
{"Acceptance":[0.004201680672268907],"Energy":{"Mean":-194.98387096774192,"Sigma":0.016129032258064363,"Taucorr":0.508196721311474},"EnergyVariance":{"Mean":0.015868886576482832,"Sigma":0.015608740894900703,"Taucorr":0.5081967213114753},"Iteration":52},
{"Acceptance":[0.004481792717086834],"Energy":{"Mean":-195.0,"Sigma":0.0,"Taucorr":null},"EnergyVariance":{"Mean":0.0,"Sigma":0.0,"Taucorr":null},"Iteration":53},
{"Acceptance":[0.004481792717086834],"Energy":{"Mean":-194.99193548387098,"Sigma":0.008064516129032381,"Taucorr":1.887379141862766e-14},"EnergyVariance":{"Mean":0.007999479708636837,"Sigma":0.007934443288241532,"Taucorr":-2.220446049250313e-16},"Iteration":54},
{"Acceptance":[0.002380952380952381],"Energy":{"Mean":-195.0,"Sigma":0.0,"Taucorr":null},"EnergyVariance":{"Mean":0.0,"Sigma":0.0,"Taucorr":null},"Iteration":55},
{"Acceptance":[0.004621848739495798],"Energy":{"Mean":-194.98387096774192,"Sigma":0.01612903225806377,"Taucorr":0.5081967213114238},"EnergyVariance":{"Mean":0.015868886576482832,"Sigma":0.015608740894900703,"Taucorr":0.5081967213114755},"Iteration":56},
{"Acceptance":[0.0025210084033613447],"Energy":{"Mean":-195.0,"Sigma":0.0,"Taucorr":null},"EnergyVariance":{"Mean":0.0,"Sigma":0.0,"Taucorr":null},"Iteration":57},
{"Acceptance":[0.00392156862745098],"Energy":{"Mean":-195.0,"Sigma":0.0,"Taucorr":null},"EnergyVariance":{"Mean":0.0,"Sigma":0.0,"Taucorr":null},"Iteration":58},
{"Acceptance":[0.002661064425770308],"Energy":{"Mean":-195.0,"Sigma":0.0,"Taucorr":null},"EnergyVariance":{"Mean":0.0,"Sigma":0.0,"Taucorr":null},"Iteration":59},
{"Acceptance":[0.003781512605042017],"Energy":{"Mean":-194.93548387096772,"Sigma":0.06451612903225831,"Taucorr":0.5081967213114826},"EnergyVariance":{"Mean":0.2539021852237254,"Sigma":0.24973985431841492,"Taucorr":0.5081967213114753},"Iteration":60},
{"Acceptance":[0.0058823529411764705],"Energy":{"Mean":-195.0,"Sigma":0.0,"Taucorr":null},"EnergyVariance":{"Mean":0.0,"Sigma":0.0,"Taucorr":null},"Iteration":61},
{"Acceptance":[0.004481792717086834],"Energy":{"Mean":-194.9516129032258,"Sigma":0.03363976389453953,"Taucorr":-0.012704918032777457},"EnergyVariance":{"Mean":0.14281997918834544,"Sigma":0.1258322268489572,"Taucorr":-0.0029862203777912266},"Iteration":62},
{"Acceptance":[0.004481792717086834],"Energy":{"Mean":-194.99193548387098,"Sigma":0.008064516129032143,"Taucorr":-1.4654943925052066e-14},"EnergyVariance":{"Mean":0.007999479708636837,"Sigma":0.007934443288241532,"Taucorr":-2.220446049250313e-16},"Iteration":63},
{"Acceptance":[0.004201680672268907],"Energy":{"Mean":-195.0,"Sigma":0.0,"Taucorr":null},"EnergyVariance":{"Mean":0.0,"Sigma":0.0,"Taucorr":null},"Iteration":64},
{"Acceptance":[0.004761904761904762],"Energy":{"Mean":-194.89516129032256,"Sigma":0.10483870967741897,"Taucorr":0.45642771694119477},"EnergyVariance":{"Mean":0.7067507804370449,"Sigma":0.6957596253902149,"Taucorr":0.33942895956112207},"Iteration":65},
{"Acceptance":[0.0036414565826330533],"Energy":{"Mean":-194.9838709677419,"Sigma":0.016129032258064613,"Taucorr":0.5081967213114842},"EnergyVariance":{"Mean":0.01586888657648283,"Sigma":0.015608740894899786,"Taucorr":0.5081967213114753},"Iteration":66},
{"Acceptance":[0.0028011204481792717],"Energy":{"Mean":-195.0,"Sigma":0.0,"Taucorr":null},"EnergyVariance":{"Mean":0.0,"Sigma":0.0,"Taucorr":null},"Iteration":67},
{"Acceptance":[0.004481792717086834],"Energy":{"Mean":-194.8709677419355,"Sigma":0.12903225806451618,"Taucorr":1.5500000000000012},"EnergyVariance":{"Mean":0.49947970863683666,"Sigma":0.48283038501560965,"Taucorr":1.5499999999999994},"Iteration":68},
{"Acceptance":[0.0058823529411764705],"Energy":{"Mean":-194.92741935483875,"Sigma":0.07258064516128998,"Taucorr":-3.774758283725532e-15},"EnergyVariance":{"Mean":0.6479578563995838,"Sigma":0.6426899063475601,"Taucorr":-2.220446049250313e-16},"Iteration":69},
{"Acceptance":[0.0030812324929971988],"Energy":{"Mean":-194.95161290322582,"Sigma":0.035581488403815656,"Taucorr":-0.010147299509002616},"EnergyVariance":{"Mean":0.15894901144641002,"Sigma":0.128600547198734,"Taucorr":-0.005821639123296196},"Iteration":70},
{"Acceptance":[0.0028011204481792717],"Energy":{"Mean":-195.0,"Sigma":0.0,"Taucorr":null},"EnergyVariance":{"Mean":0.0,"Sigma":0.0,"Taucorr":null},"Iteration":71},
{"Acceptance":[0.0036414565826330533],"Energy":{"Mean":-194.59677419354836,"Sigma":0.2688279567742029,"Taucorr":0.9982636148382023},"EnergyVariance":{"Mean":2.966441207075962,"Sigma":1.9350866884604023,"Taucorr":1.0107594363854049},"Iteration":72},
{"Acceptance":[0.004481792717086834],"Energy":{"Mean":-194.96774193548387,"Sigma":0.03225806451613009,"Taucorr":0.5081967213115159},"EnergyVariance":{"Mean":0.06347554630593133,"Sigma":0.06243496357960466,"Taucorr":0.508196721311476},"Iteration":73},
{"Acceptance":[0.0032212885154061623],"Energy":{"Mean":-195.0,"Sigma":0.0,"Taucorr":null},"EnergyVariance":{"Mean":0.0,"Sigma":0.0,"Taucorr":null},"Iteration":74},
{"Acceptance":[0.0032212885154061623],"Energy":{"Mean":-195.0,"Sigma":0.0,"Taucorr":null},"EnergyVariance":{"Mean":0.0,"Sigma":0.0,"Taucorr":null},"Iteration":75},
{"Acceptance":[0.0029411764705882353],"Energy":{"Mean":-194.98387096774192,"Sigma":0.016129032258063888,"Taucorr":0.5081967213114387},"EnergyVariance":{"Mean":0.015868886576482832,"Sigma":0.015608740894900703,"Taucorr":0.5081967213114753},"Iteration":76},
{"Acceptance":[0.0029411764705882353],"Energy":{"Mean":-195.0,"Sigma":0.0,"Taucorr":null},"EnergyVariance":{"Mean":0.0,"Sigma":0.0,"Taucorr":null},"Iteration":77},
{"Acceptance":[0.00392156862745098],"Energy":{"Mean":-194.95161290322577,"Sigma":0.03558148840381652,"Taucorr":0.3245179063361088},"EnergyVariance":{"Mean":0.09443288241415192,"Sigma":0.0677196069620979,"Taucorr":0.32451790633608824},"Iteration":78},
{"Acceptance":[0.002240896358543417],"Energy":{"Mean":-195.0,"Sigma":0.0,"Taucorr":null},"EnergyVariance":{"Mean":0.0,"Sigma":0.0,"Taucorr":null},"Iteration":79},
{"Acceptance":[0.004201680672268907],"Energy":{"Mean":-194.9838709677419,"Sigma":0.01612903225806496,"Taucorr":1.84297022087776e-14},"EnergyVariance":{"Mean":0.031997918834547334,"Sigma":0.03173777315296429,"Taucorr":-2.220446049250313e-16},"Iteration":80},
{"Acceptance":[0.0033613445378151263],"Energy":{"Mean":-195.0,"Sigma":0.0,"Taucorr":null},"EnergyVariance":{"Mean":0.0,"Sigma":0.0,"Taucorr":null},"Iteration":81},
{"Acceptance":[0.0014005602240896359],"Energy":{"Mean":-195.0,"Sigma":0.0,"Taucorr":null},"EnergyVariance":{"Mean":0.0,"Sigma":0.0,"Taucorr":null},"Iteration":82},
{"Acceptance":[0.0030812324929971988],"Energy":{"Mean":-195.01612903225808,"Sigma":0.016129032258063888,"Taucorr":-2.864375403532904e-14},"EnergyVariance":{"Mean":0.03199791883454735,"Sigma":0.03173777315296522,"Taucorr":0.0},"Iteration":83},
{"Acceptance":[0.0036414565826330533],"Energy":{"Mean":-194.9838709677419,"Sigma":0.01121325463151357,"Taucorr":-0.012704918032753032},"EnergyVariance":{"Mean":0.01586888657648283,"Sigma":0.01085153674017294,"Taucorr":-0.012704918032787005},"Iteration":84},
{"Acceptance":[0.0028011204481792717],"Energy":{"Mean":-195.0,"Sigma":0.0,"Taucorr":null},"EnergyVariance":{"Mean":0.0,"Sigma":0.0,"Taucorr":null},"Iteration":85},
{"Acceptance":[0.00392156862745098],"Energy":{"Mean":-194.96774193548387,"Sigma":0.01919738824877307,"Taucorr":0.22604166666676362},"EnergyVariance":{"Mean":0.031217481789802284,"Sigma":0.01795884707143107,"Taucorr":0.22604166666666703},"Iteration":86},
{"Acceptance":[0.0016806722689075631],"Energy":{"Mean":-194.98387096774192,"Sigma":0.016129032258063888,"Taucorr":-2.864375403532904e-14},"EnergyVariance":{"Mean":0.03199791883454735,"Sigma":0.031737773152965214,"Taucorr":-2.220446049250313e-16},"Iteration":87},
{"Acceptance":[0.002240896358543417],"Energy":{"Mean":-195.0,"Sigma":0.0,"Taucorr":null},"EnergyVariance":{"Mean":0.0,"Sigma":0.0,"Taucorr":null},"Iteration":88},
{"Acceptance":[0.0025210084033613447],"Energy":{"Mean":-195.0,"Sigma":0.0,"Taucorr":null},"EnergyVariance":{"Mean":0.0,"Sigma":0.0,"Taucorr":null},"Iteration":89},
{"Acceptance":[0.0025210084033613447],"Energy":{"Mean":-194.9516129032258,"Sigma":0.0483870967741937,"Taucorr":0.50819672131148},"EnergyVariance":{"Mean":0.14281997918834546,"Sigma":0.14047866805410905,"Taucorr":0.5081967213114753},"Iteration":90},
{"Acceptance":[0.0028011204481792717],"Energy":{"Mean":-195.0,"Sigma":0.0,"Taucorr":null},"EnergyVariance":{"Mean":0.0,"Sigma":0.0,"Taucorr":null},"Iteration":91},
{"Acceptance":[0.0025210084033613447],"Energy":{"Mean":-195.0,"Sigma":0.0,"Taucorr":null},"EnergyVariance":{"Mean":0.0,"Sigma":0.0,"Taucorr":null},"Iteration":92},
{"Acceptance":[0.0033613445378151263],"Energy":{"Mean":-195.0,"Sigma":0.0,"Taucorr":null},"EnergyVariance":{"Mean":0.0,"Sigma":0.0,"Taucorr":null},"Iteration":93},
{"Acceptance":[0.0025210084033613447],"Energy":{"Mean":-195.0,"Sigma":0.0,"Taucorr":null},"EnergyVariance":{"Mean":0.0,"Sigma":0.0,"Taucorr":null},"Iteration":94},
{"Acceptance":[0.0018207282913165266],"Energy":{"Mean":-195.0,"Sigma":0.0,"Taucorr":null},"EnergyVariance":{"Mean":0.0,"Sigma":0.0,"Taucorr":null},"Iteration":95},
{"Acceptance":[0.003781512605042017],"Energy":{"Mean":-194.94354838709677,"Sigma":0.056451612903226166,"Taucorr":5.551115123125783e-15},"EnergyVariance":{"Mean":0.39197450572320514,"Sigma":0.38878772112382876,"Taucorr":2.220446049250313e-16},"Iteration":96},
{"Acceptance":[0.004481792717086834],"Energy":{"Mean":-195.0,"Sigma":0.0,"Taucorr":null},"EnergyVariance":{"Mean":0.0,"Sigma":0.0,"Taucorr":null},"Iteration":97},
{"Acceptance":[0.0025210084033613447],"Energy":{"Mean":-195.0,"Sigma":0.0,"Taucorr":null},"EnergyVariance":{"Mean":0.0,"Sigma":0.0,"Taucorr":null},"Iteration":98},
{"Acceptance":[0.0036414565826330533],"Energy":{"Mean":-194.97580645161293,"Sigma":0.024193548387096264,"Taucorr":-1.8207657603852567e-14},"EnergyVariance":{"Mean":0.07199531737773152,"Sigma":0.0714099895941738,"Taucorr":0.0},"Iteration":99} 
]}