{"Output": [
{"Acceptance":[0.005723746452223274],"Energy":{"Mean":-1513.0564516129032,"Sigma":0.14466761933220165,"Taucorr":0.09864787198645242},"EnergyVariance":{"Mean":2.150039021852237,"Sigma":0.155974866208142,"Taucorr":-0.12833811392138506},"Iteration":0},
{"Acceptance":[0.002034058656575213],"Energy":{"Mean":-1515.298387096774,"Sigma":0.11024127671261341,"Taucorr":0.4863788516008267},"EnergyVariance":{"Mean":0.7577393340270553,"Sigma":0.37854135785046167,"Taucorr":0.43150609822698915},"Iteration":1},
{"Acceptance":[0.00619678334910123],"Energy":{"Mean":-1519.2016129032256,"Sigma":0.26089675656444,"Taucorr":0.17241833206227963},"EnergyVariance":{"Mean":6.225481269510927,"Sigma":1.5958339772897592,"Taucorr":0.5585024769628761},"Iteration":2},
{"Acceptance":[0.0007568590350047304],"Energy":{"Mean":-1526.991935483871,"Sigma":0.0839897834990829,"Taucorr":0.05464371830045445},"EnergyVariance":{"Mean":0.7821930280957338,"Sigma":0.6523141380565304,"Taucorr":-0.0028155232505804317},"Iteration":3},
{"Acceptance":[0.007237464522232734],"Energy":{"Mean":-1527.838709677419,"Sigma":0.22999193157212525,"Taucorr":0.49167327517843396},"EnergyVariance":{"Mean":3.2804370447450584,"Sigma":2.2384852698645505,"Taucorr":0.5030510864710138},"Iteration":4},
{"Acceptance":[9.46073793755913e-05],"Energy":{"Mean":-1529.0,"Sigma":0.0,"Taucorr":null},"EnergyVariance":{"Mean":0.0,"Sigma":0.0,"Taucorr":null},"Iteration":5},
{"Acceptance":[9.46073793755913e-05],"Energy":{"Mean":-1529.0,"Sigma":0.0,"Taucorr":null},"EnergyVariance":{"Mean":0.0,"Sigma":0.0,"Taucorr":null},"Iteration":6},
{"Acceptance":[0.0002838221381267739],"Energy":{"Mean":-1528.983870967742,"Sigma":0.016129032258064363,"Taucorr":0.5081967213114276},"EnergyVariance":{"Mean":0.01586888657648283,"Sigma":0.015608740894901618,"Taucorr":0.5081967213114753},"Iteration":7},
{"Acceptance":[0.0],"Energy":{"Mean":-1529.0,"Sigma":0.0,"Taucorr":null},"EnergyVariance":{"Mean":0.0,"Sigma":0.0,"Taucorr":null},"Iteration":8},
{"Acceptance":[9.46073793755913e-05],"Energy":{"Mean":-1529.1209677419354,"Sigma":0.08895372100953773,"Taucorr":0.3245179063360666},"EnergyVariance":{"Mean":0.5902055150884497,"Sigma":0.4232475435131498,"Taucorr":0.324517906336088},"Iteration":9},
{"Acceptance":[0.0007568590350047304],"Energy":{"Mean":-1529.1935483870966,"Sigma":0.10607214869326552,"Taucorr":-0.026881003201761566},"EnergyVariance":{"Mean":1.4625390218522376,"Sigma":0.49548711283476743,"Taucorr":-0.0753235114465865},"Iteration":10},
{"Acceptance":[4.730368968779565e-05],"Energy":{"Mean":-1534.0,"Sigma":0.0,"Taucorr":null},"EnergyVariance":{"Mean":0.0,"Sigma":0.0,"Taucorr":null},"Iteration":11},
{"Acceptance":[9.46073793755913e-05],"Energy":{"Mean":-1534.0,"Sigma":0.0,"Taucorr":null},"EnergyVariance":{"Mean":0.0,"Sigma":0.0,"Taucorr":null},"Iteration":12},
{"Acceptance":[0.0001892147587511826],"Energy":{"Mean":-1533.975806451613,"Sigma":0.02419354838709524,"Taucorr":-3.186340080674199e-14},"EnergyVariance":{"Mean":0.07199531737773152,"Sigma":0.0714099895941738,"Taucorr":0.0},"Iteration":13},
{"Acceptance":[0.0001892147587511826],"Energy":{"Mean":-1534.1129032258061,"Sigma":0.11290322580644734,"Taucorr":0.5081967213114331},"EnergyVariance":{"Mean":0.777575442247659,"Sigma":0.7648283038502307,"Taucorr":0.5081967213114755},"Iteration":14},
{"Acceptance":[0.006385998107852412],"Energy":{"Mean":-1536.6532258064517,"Sigma":0.3525402095870042,"Taucorr":0.16275214147553974},"EnergyVariance":{"Mean":11.532973465140477,"Sigma":0.5970439033327711,"Taucorr":0.1627521414755454},"Iteration":15},
{"Acceptance":[9.46073793755913e-05],"Energy":{"Mean":-1540.9354838709676,"Sigma":0.06451612903225998,"Taucorr":2.0650148258027912e-14},"EnergyVariance":{"Mean":0.5119667013527573,"Sigma":0.5078043704474288,"Taucorr":-2.220446049250313e-16},"Iteration":16},
{"Acceptance":[0.0],"Energy":{"Mean":-1541.0,"Sigma":0.0,"Taucorr":null},"EnergyVariance":{"Mean":0.0,"Sigma":0.0,"Taucorr":null},"Iteration":17},
{"Acceptance":[9.46073793755913e-05],"Energy":{"Mean":-1540.967741935484,"Sigma":0.0322580645161306,"Taucorr":0.5081967213115015},"EnergyVariance":{"Mean":0.06347554630593132,"Sigma":0.06243496357960646,"Taucorr":0.5081967213114749},"Iteration":18},
{"Acceptance":[0.0],"Energy":{"Mean":-1541.0,"Sigma":0.0,"Taucorr":null},"EnergyVariance":{"Mean":0.0,"Sigma":0.0,"Taucorr":null},"Iteration":19},
{"Acceptance":[9.46073793755913e-05],"Energy":{"Mean":-1541.0,"Sigma":0.0,"Taucorr":null},"EnergyVariance":{"Mean":0.0,"Sigma":0.0,"Taucorr":null},"Iteration":20},
{"Acceptance":[0.0],"Energy":{"Mean":-1541.0,"Sigma":0.0,"Taucorr":null},"EnergyVariance":{"Mean":0.0,"Sigma":0.0,"Taucorr":null},"Iteration":21},
{"Acceptance":[0.0001892147587511826],"Energy":{"Mean":-1541.0,"Sigma":0.0,"Taucorr":null},"EnergyVariance":{"Mean":0.0,"Sigma":0.0,"Taucorr":null},"Iteration":22},
{"Acceptance":[0.0],"Energy":{"Mean":-1541.0,"Sigma":0.0,"Taucorr":null},"EnergyVariance":{"Mean":0.0,"Sigma":0.0,"Taucorr":null},"Iteration":23},
{"Acceptance":[0.0],"Energy":{"Mean":-1541.0,"Sigma":0.0,"Taucorr":null},"EnergyVariance":{"Mean":0.0,"Sigma":0.0,"Taucorr":null},"Iteration":24},
{"Acceptance":[9.46073793755913e-05],"Energy":{"Mean":-1541.0,"Sigma":0.0,"Taucorr":null},"EnergyVariance":{"Mean":0.0,"Sigma":0.0,"Taucorr":null},"Iteration":25},
{"Acceptance":[0.0001892147587511826],"Energy":{"Mean":-1540.975806451613,"Sigma":0.024193548387098775,"Taucorr":6.306066779870889e-14},"EnergyVariance":{"Mean":0.07199531737773153,"Sigma":0.0714099895941738,"Taucorr":0.0},"Iteration":26},
{"Acceptance":[0.0],"Energy":{"Mean":-1541.0,"Sigma":0.0,"Taucorr":null},"EnergyVariance":{"Mean":0.0,"Sigma":0.0,"Taucorr":null},"Iteration":27},
{"Acceptance":[9.46073793755913e-05],"Energy":{"Mean":-1541.0,"Sigma":0.0,"Taucorr":null},"EnergyVariance":{"Mean":0.0,"Sigma":0.0,"Taucorr":null},"Iteration":28},
{"Acceptance":[0.0001892147587511826],"Energy":{"Mean":-1540.975806451613,"Sigma":0.01779074420190798,"Taucorr":0.32451790633606914},"EnergyVariance":{"Mean":0.02360822060353798,"Sigma":0.016929901740525992,"Taucorr":0.324517906336088},"Iteration":29},
{"Acceptance":[9.46073793755913e-05],"Energy":{"Mean":-1541.0,"Sigma":0.0,"Taucorr":null},"EnergyVariance":{"Mean":0.0,"Sigma":0.0,"Taucorr":null},"Iteration":30},
{"Acceptance":[0.0],"Energy":{"Mean":-1541.0,"Sigma":0.0,"Taucorr":null},"EnergyVariance":{"Mean":0.0,"Sigma":0.0,"Taucorr":null},"Iteration":31},
{"Acceptance":[9.46073793755913e-05],"Energy":{"Mean":-1541.0,"Sigma":0.0,"Taucorr":null},"EnergyVariance":{"Mean":0.0,"Sigma":0.0,"Taucorr":null},"Iteration":32},
{"Acceptance":[0.0001892147587511826],"Energy":{"Mean":-1540.9193548387093,"Sigma":0.05725238499774067,"Taucorr":0.8023529411765844},"EnergyVariance":{"Mean":0.15478668054110303,"Sigma":0.10527051435063627,"Taucorr":0.80235294117647},"Iteration":33},
{"Acceptance":[0.0001892147587511826],"Energy":{"Mean":-1540.991935483871,"Sigma":0.008064516129032976,"Taucorr":1.092459456231154e-13},"EnergyVariance":{"Mean":0.007999479708636839,"Sigma":0.007934443288241534,"Taucorr":0.0},"Iteration":34},
{"Acceptance":[9.46073793755913e-05],"Energy":{"Mean":-1540.983870967742,"Sigma":0.01612903225806455,"Taucorr":9.103828801926284e-15},"EnergyVariance":{"Mean":0.03199791883454735,"Sigma":0.03173777315296613,"Taucorr":-2.220446049250313e-16},"Iteration":35},
{"Acceptance":[0.00014191106906338694],"Energy":{"Mean":-1541.0,"Sigma":0.0,"Taucorr":null},"EnergyVariance":{"Mean":0.0,"Sigma":0.0,"Taucorr":null},"Iteration":36},
{"Acceptance":[0.00014191106906338694],"Energy":{"Mean":-1541.0,"Sigma":0.0,"Taucorr":null},"EnergyVariance":{"Mean":0.0,"Sigma":0.0,"Taucorr":null},"Iteration":37},
{"Acceptance":[0.0002838221381267739],"Energy":{"Mean":-1540.8951612903222,"Sigma":0.08179290787108873,"Taucorr":0.45118027364300983},"EnergyVariance":{"Mean":0.432557232049948,"Sigma":0.38625724802721983,"Taucorr":0.49911339772342134},"Iteration":38},
{"Acceptance":[9.46073793755913e-05],"Energy":{"Mean":-1541.0,"Sigma":0.0,"Taucorr":null},"EnergyVariance":{"Mean":0.0,"Sigma":0.0,"Taucorr":null},"Iteration":39},
{"Acceptance":[9.46073793755913e-05],"Energy":{"Mean":-1540.975806451613,"Sigma":0.02419354838709714,"Taucorr":1.024793388429828},"EnergyVariance":{"Mean":0.023608220603537983,"Sigma":0.023022892819980253,"Taucorr":1.0247933884297518},"Iteration":40},
{"Acceptance":[0.0002838221381267739],"Energy":{"Mean":-1541.0,"Sigma":0.0,"Taucorr":null},"EnergyVariance":{"Mean":0.0,"Sigma":0.0,"Taucorr":null},"Iteration":41},
{"Acceptance":[0.0001892147587511826],"Energy":{"Mean":-1540.9838709677417,"Sigma":0.016129032258066438,"Taucorr":9.43689570931383e-14},"EnergyVariance":{"Mean":0.03199791883454735,"Sigma":0.031737773152958795,"Taucorr":-2.220446049250313e-16},"Iteration":42},
{"Acceptance":[9.46073793755913e-05],"Energy":{"Mean":-1540.9838709677417,"Sigma":0.016129032258068218,"Taucorr":1.942890293094024e-13},"EnergyVariance":{"Mean":0.03199791883454735,"Sigma":0.031737773152958795,"Taucorr":-2.220446049250313e-16},"Iteration":43},
{"Acceptance":[9.46073793755913e-05],"Energy":{"Mean":-1541.0483870967744,"Sigma":0.0483870967741928,"Taucorr":-2.0539125955565396e-14},"EnergyVariance":{"Mean":0.2879812695109262,"Sigma":0.28563995837667316,"Taucorr":-2.220446049250313e-16},"Iteration":44},
{"Acceptance":[0.0002838221381267739],"Energy":{"Mean":-1540.6774193548385,"Sigma":0.19197388248770642,"Taucorr":0.2260416666666395},"EnergyVariance":{"Mean":3.121748178980229,"Sigma":1.7958847071430413,"Taucorr":0.2260416666666667},"Iteration":45},
{"Acceptance":[0.0],"Energy":{"Mean":-1541.0,"Sigma":0.0,"Taucorr":null},"EnergyVariance":{"Mean":0.0,"Sigma":0.0,"Taucorr":null},"Iteration":46},
{"Acceptance":[9.46073793755913e-05],"Energy":{"Mean":-1541.0,"Sigma":0.0,"Taucorr":null},"EnergyVariance":{"Mean":0.0,"Sigma":0.0,"Taucorr":null},"Iteration":47},
{"Acceptance":[0.0001892147587511826],"Energy":{"Mean":-1541.1451612903224,"Sigma":0.10674446521144407,"Taucorr":0.3245179063360575},"EnergyVariance":{"Mean":0.8498959417273675,"Sigma":0.6094764626589357,"Taucorr":0.32451790633608857},"Iteration":48},
{"Acceptance":[0.0018448438978240303],"Energy":{"Mean":-1545.9354838709678,"Sigma":0.31258713665485394,"Taucorr":0.6437611408199679},"EnergyVariance":{"Mean":5.253902185223726,"Sigma":1.2100147225349602,"Taucorr":0.6437611408199639},"Iteration":49},
{"Acceptance":[9.46073793755913e-05],"Energy":{"Mean":-1546.991935483871,"Sigma":0.008064516129032029,"Taucorr":-2.731148640577885e-14},"EnergyVariance":{"Mean":0.007999479708636839,"Sigma":0.007934443288241534,"Taucorr":2.220446049250313e-16},"Iteration":50},
{"Acceptance":[0.0001892147587511826],"Energy":{"Mean":-1546.9758064516127,"Sigma":0.017790744201904046,"Taucorr":-0.010147299509176921},"EnergyVariance":{"Mean":0.0397372528616025,"Sigma":0.03215013679967611,"Taucorr":-0.005821639123295086},"Iteration":51},
{"Acceptance":[0.0],"Energy":{"Mean":-1547.0,"Sigma":0.0,"Taucorr":null},"EnergyVariance":{"Mean":0.0,"Sigma":0.0,"Taucorr":null},"Iteration":52},
{"Acceptance":[0.0],"Energy":{"Mean":-1547.0,"Sigma":0.0,"Taucorr":null},"EnergyVariance":{"Mean":0.0,"Sigma":0.0,"Taucorr":null},"Iteration":53},
{"Acceptance":[9.46073793755913e-05],"Energy":{"Mean":-1546.9516129032256,"Sigma":0.04838709677419528,"Taucorr":2.8199664825478976e-14},"EnergyVariance":{"Mean":0.2879812695109262,"Sigma":0.28563995837667316,"Taucorr":-2.220446049250313e-16},"Iteration":54},
{"Acceptance":[9.46073793755913e-05],"Energy":{"Mean":-1547.008064516129,"Sigma":0.008064516129034473,"Taucorr":2.498001805406602e-13},"EnergyVariance":{"Mean":0.007999479708636839,"Sigma":0.007934443288241534,"Taucorr":0.0},"Iteration":55},
{"Acceptance":[0.0],"Energy":{"Mean":-1547.0,"Sigma":0.0,"Taucorr":null},"EnergyVariance":{"Mean":0.0,"Sigma":0.0,"Taucorr":null},"Iteration":56},
{"Acceptance":[0.0],"Energy":{"Mean":-1547.0,"Sigma":0.0,"Taucorr":null},"EnergyVariance":{"Mean":0.0,"Sigma":0.0,"Taucorr":null},"Iteration":57},
{"Acceptance":[9.46073793755913e-05],"Energy":{"Mean":-1546.9516129032256,"Sigma":0.04838709677419669,"Taucorr":5.81756864903582e-14},"EnergyVariance":{"Mean":0.2879812695109262,"Sigma":0.28563995837667316,"Taucorr":-2.220446049250313e-16},"Iteration":58},
{"Acceptance":[0.0],"Energy":{"Mean":-1547.0,"Sigma":0.0,"Taucorr":null},"EnergyVariance":{"Mean":0.0,"Sigma":0.0,"Taucorr":null},"Iteration":59},
{"Acceptance":[0.0],"Energy":{"Mean":-1547.0,"Sigma":0.0,"Taucorr":null},"EnergyVariance":{"Mean":0.0,"Sigma":0.0,"Taucorr":null},"Iteration":60},
{"Acceptance":[0.0],"Energy":{"Mean":-1547.0,"Sigma":0.0,"Taucorr":null},"EnergyVariance":{"Mean":0.0,"Sigma":0.0,"Taucorr":null},"Iteration":61},
{"Acceptance":[0.0],"Energy":{"Mean":-1547.0,"Sigma":0.0,"Taucorr":null},"EnergyVariance":{"Mean":0.0,"Sigma":0.0,"Taucorr":null},"Iteration":62},
{"Acceptance":[9.46073793755913e-05],"Energy":{"Mean":-1547.0,"Sigma":0.0,"Taucorr":null},"EnergyVariance":{"Mean":0.0,"Sigma":0.0,"Taucorr":null},"Iteration":63},
{"Acceptance":[0.0],"Energy":{"Mean":-1547.0,"Sigma":0.0,"Taucorr":null},"EnergyVariance":{"Mean":0.0,"Sigma":0.0,"Taucorr":null},"Iteration":64},
{"Acceptance":[0.0],"Energy":{"Mean":-1547.0,"Sigma":0.0,"Taucorr":null},"EnergyVariance":{"Mean":0.0,"Sigma":0.0,"Taucorr":null},"Iteration":65},
{"Acceptance":[0.0],"Energy":{"Mean":-1547.0,"Sigma":0.0,"Taucorr":null},"EnergyVariance":{"Mean":0.0,"Sigma":0.0,"Taucorr":null},"Iteration":66},
{"Acceptance":[0.0],"Energy":{"Mean":-1547.0,"Sigma":0.0,"Taucorr":null},"EnergyVariance":{"Mean":0.0,"Sigma":0.0,"Taucorr":null},"Iteration":67},
{"Acceptance":[9.46073793755913e-05],"Energy":{"Mean":-1547.0,"Sigma":0.0,"Taucorr":null},"EnergyVariance":{"Mean":0.0,"Sigma":0.0,"Taucorr":null},"Iteration":68},
{"Acceptance":[9.46073793755913e-05],"Energy":{"Mean":-1547.0,"Sigma":0.0,"Taucorr":null},"EnergyVariance":{"Mean":0.0,"Sigma":0.0,"Taucorr":null},"Iteration":69},
{"Acceptance":[0.0001892147587511826],"Energy":{"Mean":-1547.0,"Sigma":0.011593472394005686,"Taucorr":0.012500000000074007},"EnergyVariance":{"Mean":0.01612903225806452,"Sigma":0.011213254631513016,"Taucorr":-0.012704918032786783},"Iteration":70},
{"Acceptance":[9.46073793755913e-05],"Energy":{"Mean":-1547.0,"Sigma":0.0,"Taucorr":null},"EnergyVariance":{"Mean":0.0,"Sigma":0.0,"Taucorr":null},"Iteration":71},
{"Acceptance":[0.0],"Energy":{"Mean":-1547.0,"Sigma":0.0,"Taucorr":null},"EnergyVariance":{"Mean":0.0,"Sigma":0.0,"Taucorr":null},"Iteration":72},
{"Acceptance":[0.0],"Energy":{"Mean":-1547.0,"Sigma":0.0,"Taucorr":null},"EnergyVariance":{"Mean":0.0,"Sigma":0.0,"Taucorr":null},"Iteration":73},
{"Acceptance":[0.0],"Energy":{"Mean":-1547.0,"Sigma":0.0,"Taucorr":null},"EnergyVariance":{"Mean":0.0,"Sigma":0.0,"Taucorr":null},"Iteration":74},
{"Acceptance":[9.46073793755913e-05],"Energy":{"Mean":-1546.8790322580646,"Sigma":0.08895372100953731,"Taucorr":0.3245179063360615},"EnergyVariance":{"Mean":0.5902055150884495,"Sigma":0.4232475435131498,"Taucorr":0.324517906336088},"Iteration":75},
{"Acceptance":[0.0],"Energy":{"Mean":-1547.0,"Sigma":0.0,"Taucorr":null},"EnergyVariance":{"Mean":0.0,"Sigma":0.0,"Taucorr":null},"Iteration":76},
{"Acceptance":[9.46073793755913e-05],"Energy":{"Mean":-1547.0,"Sigma":0.0,"Taucorr":null},"EnergyVariance":{"Mean":0.0,"Sigma":0.0,"Taucorr":null},"Iteration":77},
{"Acceptance":[0.0],"Energy":{"Mean":-1547.0,"Sigma":0.0,"Taucorr":null},"EnergyVariance":{"Mean":0.0,"Sigma":0.0,"Taucorr":null},"Iteration":78},
{"Acceptance":[0.0],"Energy":{"Mean":-1547.0,"Sigma":0.0,"Taucorr":null},"EnergyVariance":{"Mean":0.0,"Sigma":0.0,"Taucorr":null},"Iteration":79},
{"Acceptance":[9.46073793755913e-05],"Energy":{"Mean":-1547.0,"Sigma":0.0,"Taucorr":null},"EnergyVariance":{"Mean":0.0,"Sigma":0.0,"Taucorr":null},"Iteration":80},
{"Acceptance":[9.46073793755913e-05],"Energy":{"Mean":-1546.8548387096773,"Sigma":0.14516129032258154,"Taucorr":1.0247933884297626},"EnergyVariance":{"Mean":0.849895941727367,"Sigma":0.828824141519223,"Taucorr":1.0247933884297518},"Iteration":81},
{"Acceptance":[0.0],"Energy":{"Mean":-1547.0,"Sigma":0.0,"Taucorr":null},"EnergyVariance":{"Mean":0.0,"Sigma":0.0,"Taucorr":null},"Iteration":82},
{"Acceptance":[0.0],"Energy":{"Mean":-1547.0,"Sigma":0.0,"Taucorr":null},"EnergyVariance":{"Mean":0.0,"Sigma":0.0,"Taucorr":null},"Iteration":83},
{"Acceptance":[9.46073793755913e-05],"Energy":{"Mean":-1547.0483870967744,"Sigma":0.04838709677419434,"Taucorr":1.0247933884297158},"EnergyVariance":{"Mean":0.09443288241415192,"Sigma":0.092091571279899,"Taucorr":1.0247933884297518},"Iteration":84},
{"Acceptance":[0.0],"Energy":{"Mean":-1547.0,"Sigma":0.0,"Taucorr":null},"EnergyVariance":{"Mean":0.0,"Sigma":0.0,"Taucorr":null},"Iteration":85},
{"Acceptance":[0.0001892147587511826],"Energy":{"Mean":-1547.0,"Sigma":0.0,"Taucorr":null},"EnergyVariance":{"Mean":0.0,"Sigma":0.0,"Taucorr":null},"Iteration":86},
{"Acceptance":[9.46073793755913e-05],"Energy":{"Mean":-1547.0161290322583,"Sigma":0.01612903225807078,"Taucorr":2.744471316873387e-13},"EnergyVariance":{"Mean":0.031997918834547355,"Sigma":0.0317377731529588,"Taucorr":0.0},"Iteration":87},
{"Acceptance":[9.46073793755913e-05],"Energy":{"Mean":-1547.032258064516,"Sigma":0.02242650926302764,"Taucorr":-0.012704918032732548},"EnergyVariance":{"Mean":0.06347554630593133,"Sigma":0.04340614696069686,"Taucorr":-0.012704918032786894},"Iteration":88},
{"Acceptance":[0.0006622516556291391],"Energy":{"Mean":-1547.0967741935483,"Sigma":0.058747476901711046,"Taucorr":0.652401129943533},"EnergyVariance":{"Mean":0.18418314255983348,"Sigma":0.10612447440310062,"Taucorr":0.6524011299435029},"Iteration":89},
{"Acceptance":[0.001750236518448439],"Energy":{"Mean":-1548.7419354838712,"Sigma":0.07645002493699805,"Taucorr":0.3293517406961832},"EnergyVariance":{"Mean":0.43340270551508847,"Sigma":0.11288580149463627,"Taucorr":0.33850096374270655},"Iteration":90},
{"Acceptance":[0.0],"Energy":{"Mean":-1549.0,"Sigma":0.0,"Taucorr":null},"EnergyVariance":{"Mean":0.0,"Sigma":0.0,"Taucorr":null},"Iteration":91},
{"Acceptance":[9.46073793755913e-05],"Energy":{"Mean":-1549.0,"Sigma":0.0,"Taucorr":null},"EnergyVariance":{"Mean":0.0,"Sigma":0.0,"Taucorr":null},"Iteration":92},
{"Acceptance":[0.0],"Energy":{"Mean":-1549.0,"Sigma":0.0,"Taucorr":null},"EnergyVariance":{"Mean":0.0,"Sigma":0.0,"Taucorr":null},"Iteration":93},
{"Acceptance":[9.46073793755913e-05],"Energy":{"Mean":-1549.0,"Sigma":0.0,"Taucorr":null},"EnergyVariance":{"Mean":0.0,"Sigma":0.0,"Taucorr":null},"Iteration":94},
{"Acceptance":[9.46073793755913e-05],"Energy":{"Mean":-1549.0,"Sigma":0.0,"Taucorr":null},"EnergyVariance":{"Mean":0.0,"Sigma":0.0,"Taucorr":null},"Iteration":95},
{"Acceptance":[0.0001892147587511826],"Energy":{"Mean":-1549.0,"Sigma":0.0,"Taucorr":null},"EnergyVariance":{"Mean":0.0,"Sigma":0.0,"Taucorr":null},"Iteration":96},
{"Acceptance":[9.46073793755913e-05],"Energy":{"Mean":-1549.0,"Sigma":0.0,"Taucorr":null},"EnergyVariance":{"Mean":0.0,"Sigma":0.0,"Taucorr":null},"Iteration":97},
{"Acceptance":[0.0002838221381267739],"Energy":{"Mean":-1548.967741935484,"Sigma":0.0322580645161295,"Taucorr":1.4876988529977098e-14},"EnergyVariance":{"Mean":0.1279916753381894,"Sigma":0.12695109261186455,"Taucorr":0.0},"Iteration":98},
{"Acceptance":[0.0],"Energy":{"Mean":-1549.0,"Sigma":0.0,"Taucorr":null},"EnergyVariance":{"Mean":0.0,"Sigma":0.0,"Taucorr":null},"Iteration":99} 
]}