{"Output": [
{"Acceptance":[0.010325318246110325],"Energy":{"Mean":-690.1290322580644,"Sigma":0.44538719529051685,"Taucorr":0.3339699815051882},"EnergyVariance":{"Mean":14.628511966701351,"Sigma":1.9060318320454104,"Taucorr":0.19823279598423282},"Iteration":0},
{"Acceptance":[0.001768033946251768],"Energy":{"Mean":-694.0645161290322,"Sigma":0.07945356215875735,"Taucorr":-0.14466666666666778},"EnergyVariance":{"Mean":1.0926118626430799,"Sigma":0.8422707395791115,"Taucorr":0.028383638658767807},"Iteration":1},
{"Acceptance":[0.002333804809052334],"Energy":{"Mean":-695.6612903225806,"Sigma":0.10209392885331825,"Taucorr":0.5489995742869365},"EnergyVariance":{"Mean":0.6110822060353798,"Sigma":0.1598298597145707,"Taucorr":0.21559841137143287},"Iteration":2},
{"Acceptance":[0.0003536067892503536],"Energy":{"Mean":-696.016129032258,"Sigma":0.016129032258063843,"Taucorr":-3.2085445411667024e-14},"EnergyVariance":{"Mean":0.031997918834547355,"Sigma":0.03173777315296614,"Taucorr":0.0},"Iteration":3},
{"Acceptance":[0.0003536067892503536],"Energy":{"Mean":-696.0,"Sigma":0.0,"Taucorr":null},"EnergyVariance":{"Mean":0.0,"Sigma":0.0,"Taucorr":null},"Iteration":4},
{"Acceptance":[0.0002828854314002829],"Energy":{"Mean":-696.016129032258,"Sigma":0.01612903225806463,"Taucorr":9.992007221626409e-15},"EnergyVariance":{"Mean":0.03199791883454735,"Sigma":0.03173777315296614,"Taucorr":0.0},"Iteration":5},
{"Acceptance":[0.0002828854314002829],"Energy":{"Mean":-695.9677419354838,"Sigma":0.032258064516133944,"Taucorr":1.13464793116691e-13},"EnergyVariance":{"Mean":0.1279916753381893,"Sigma":0.1269510926118572,"Taucorr":0.0},"Iteration":6},
{"Acceptance":[0.0007072135785007072],"Energy":{"Mean":-696.0645161290323,"Sigma":0.038394776497537586,"Taucorr":0.2260416666665498},"EnergyVariance":{"Mean":0.12486992715920912,"Sigma":0.0718353882857199,"Taucorr":0.22604166666666647},"Iteration":7},
{"Acceptance":[0.0014144271570014145],"Energy":{"Mean":-696.1774193548387,"Sigma":0.07879600413144877,"Taucorr":0.6808527755430729},"EnergyVariance":{"Mean":0.32336108220603543,"Sigma":0.12963213582916108,"Taucorr":0.6808527755430407},"Iteration":8},
{"Acceptance":[0.0007779349363507779],"Energy":{"Mean":-697.9919354838709,"Sigma":0.04096266161032178,"Taucorr":0.2530612244897593},"EnergyVariance":{"Mean":0.13703173777315295,"Sigma":0.0954405159383782,"Taucorr":0.12561930459393966},"Iteration":9},
{"Acceptance":[0.0007779349363507779],"Energy":{"Mean":-697.9677419354839,"Sigma":0.022426509263026122,"Taucorr":-0.012704918032781842},"EnergyVariance":{"Mean":0.06347554630593132,"Sigma":0.04340614696069686,"Taucorr":-0.012704918032786783},"Iteration":10},
{"Acceptance":[7.072135785007072e-05],"Energy":{"Mean":-698.0,"Sigma":0.0,"Taucorr":null},"EnergyVariance":{"Mean":0.0,"Sigma":0.0,"Taucorr":null},"Iteration":11},
{"Acceptance":[0.0008486562942008486],"Energy":{"Mean":-698.008064516129,"Sigma":0.07732409013379679,"Taucorr":0.2015634694131102},"EnergyVariance":{"Mean":0.5241285119667015,"Sigma":0.4043849314346197,"Taucorr":0.010881418769455142},"Iteration":12},
{"Acceptance":[0.0009900990099009901],"Energy":{"Mean":-698.0403225806455,"Sigma":0.0636024004939713,"Taucorr":0.18862286228626468},"EnergyVariance":{"Mean":0.361277315296566,"Sigma":0.21901967851616871,"Taucorr":0.020391960159053535},"Iteration":13},
{"Acceptance":[0.003253182461103253],"Energy":{"Mean":-698.2258064516129,"Sigma":0.06063600937579161,"Taucorr":0.0644155844155716},"EnergyVariance":{"Mean":0.40062434963579596,"Sigma":0.09388801451735299,"Taucorr":0.06441558441558426},"Iteration":14},
{"Acceptance":[0.0006364922206506365],"Energy":{"Mean":-699.9112903225807,"Sigma":0.05255359156256958,"Taucorr":0.5518324607329497},"EnergyVariance":{"Mean":0.16148543184183137,"Sigma":0.09529640307156137,"Taucorr":0.578961841429495},"Iteration":15},
{"Acceptance":[0.0004243281471004243],"Energy":{"Mean":-700.0322580645162,"Sigma":0.03225806451613056,"Taucorr":3.863576125695545e-14},"EnergyVariance":{"Mean":0.1279916753381893,"Sigma":0.12695109261185716,"Taucorr":-2.220446049250313e-16},"Iteration":16},
{"Acceptance":[0.0005657708628005657],"Energy":{"Mean":-700.008064516129,"Sigma":0.0737657136237225,"Taucorr":0.012346908294342929},"EnergyVariance":{"Mean":0.6531607700312176,"Sigma":0.42663314246786826,"Taucorr":-0.015863038974576693},"Iteration":17},
{"Acceptance":[0.0009900990099009901],"Energy":{"Mean":-700.1370967741933,"Sigma":0.07849278242059153,"Taucorr":0.20474174428451009},"EnergyVariance":{"Mean":0.537656087408949,"Sigma":0.2854729570780949,"Taucorr":0.2155128760904268},"Iteration":18},
{"Acceptance":[0.0012022630834512022],"Energy":{"Mean":-703.7419354838709,"Sigma":0.12241074813555304,"Taucorr":0.45431034482761035},"EnergyVariance":{"Mean":0.9656607700312173,"Sigma":0.42646325156898734,"Taucorr":0.4543103448275855},"Iteration":19},
{"Acceptance":[0.0002828854314002829],"Energy":{"Mean":-704.0,"Sigma":0.0,"Taucorr":null},"EnergyVariance":{"Mean":0.0,"Sigma":0.0,"Taucorr":null},"Iteration":20},
{"Acceptance":[0.0002828854314002829],"Energy":{"Mean":-704.016129032258,"Sigma":0.016129032258065716,"Taucorr":6.128431095930864e-14},"EnergyVariance":{"Mean":0.031997918834547355,"Sigma":0.03173777315296613,"Taucorr":0.0},"Iteration":21},
{"Acceptance":[0.0002828854314002829],"Energy":{"Mean":-704.0000000000001,"Sigma":0.046373889576019116,"Taucorr":0.18333333333337365},"EnergyVariance":{"Mean":0.19354838709677422,"Sigma":0.1423259536152662,"Taucorr":0.045173041894337795},"Iteration":22},
{"Acceptance":[0.0004243281471004243],"Energy":{"Mean":-703.9677419354838,"Sigma":0.07308664717405002,"Taucorr":0.0667863554757695},"EnergyVariance":{"Mean":0.579604578563996,"Sigma":0.5140739860321267,"Taucorr":0.0009800555072856376},"Iteration":23},
{"Acceptance":[0.001272984441301273],"Energy":{"Mean":-704.1612903225806,"Sigma":0.09386302297976432,"Taucorr":0.6055201698513766},"EnergyVariance":{"Mean":0.490114464099896,"Sigma":0.192654180272224,"Taucorr":0.1949162621855477},"Iteration":24},
{"Acceptance":[0.0003536067892503536],"Energy":{"Mean":-705.9516129032259,"Sigma":0.03558148840381431,"Taucorr":0.32451790633605204},"EnergyVariance":{"Mean":0.09443288241415193,"Sigma":0.06771960696210397,"Taucorr":0.3245179063360877},"Iteration":25},
{"Acceptance":[0.00014144271570014144],"Energy":{"Mean":-706.0,"Sigma":0.0,"Taucorr":null},"EnergyVariance":{"Mean":0.0,"Sigma":0.0,"Taucorr":null},"Iteration":26},
{"Acceptance":[0.00014144271570014144],"Energy":{"Mean":-705.9758064516128,"Sigma":0.02419354838709764,"Taucorr":2.7977620220553945e-14},"EnergyVariance":{"Mean":0.07199531737773154,"Sigma":0.0714099895941683,"Taucorr":0.0},"Iteration":27},
{"Acceptance":[0.00014144271570014144],"Energy":{"Mean":-706.0,"Sigma":0.0,"Taucorr":null},"EnergyVariance":{"Mean":0.0,"Sigma":0.0,"Taucorr":null},"Iteration":28},
{"Acceptance":[0.00014144271570014144],"Energy":{"Mean":-706.0,"Sigma":0.0,"Taucorr":null},"EnergyVariance":{"Mean":0.0,"Sigma":0.0,"Taucorr":null},"Iteration":29},
{"Acceptance":[0.0002828854314002829],"Energy":{"Mean":-705.9677419354839,"Sigma":0.05151199813764901,"Taucorr":0.007524271844655872},"EnergyVariance":{"Mean":0.3215400624349637,"Sigma":0.28802006549934056,"Taucorr":-0.0028887302045507157},"Iteration":30},
{"Acceptance":[0.0004243281471004243],"Energy":{"Mean":-706.0,"Sigma":0.0,"Taucorr":null},"EnergyVariance":{"Mean":0.0,"Sigma":0.0,"Taucorr":null},"Iteration":31},
{"Acceptance":[0.0004243281471004243],"Energy":{"Mean":-705.9274193548387,"Sigma":0.03515241083500762,"Taucorr":-0.03686087990483139},"EnergyVariance":{"Mean":0.16408688865764828,"Sigma":0.08284475959515128,"Taucorr":-0.030625486501949795},"Iteration":32},
{"Acceptance":[0.0],"Energy":{"Mean":-706.0,"Sigma":0.0,"Taucorr":null},"EnergyVariance":{"Mean":0.0,"Sigma":0.0,"Taucorr":null},"Iteration":33},
{"Acceptance":[0.00014144271570014144],"Energy":{"Mean":-705.9435483870969,"Sigma":0.056451612903224375,"Taucorr":-1.8207657603852567e-14},"EnergyVariance":{"Mean":0.39197450572320514,"Sigma":0.38878772112384785,"Taucorr":-1.1102230246251565e-16},"Iteration":34},
{"Acceptance":[0.00014144271570014144],"Energy":{"Mean":-706.0080645161291,"Sigma":0.008064516129033219,"Taucorr":6.572520305780927e-14},"EnergyVariance":{"Mean":0.007999479708636837,"Sigma":0.007934443288239699,"Taucorr":-2.220446049250313e-16},"Iteration":35},
{"Acceptance":[0.0],"Energy":{"Mean":-706.0,"Sigma":0.0,"Taucorr":null},"EnergyVariance":{"Mean":0.0,"Sigma":0.0,"Taucorr":null},"Iteration":36},
{"Acceptance":[0.0002828854314002829],"Energy":{"Mean":-706.0241935483872,"Sigma":0.02419354838709719,"Taucorr":1.0247933884297697},"EnergyVariance":{"Mean":0.023608220603537986,"Sigma":0.02302289281997475,"Taucorr":1.0247933884297522},"Iteration":37},
{"Acceptance":[0.00014144271570014144],"Energy":{"Mean":-706.0,"Sigma":0.0,"Taucorr":null},"EnergyVariance":{"Mean":0.0,"Sigma":0.0,"Taucorr":null},"Iteration":38},
{"Acceptance":[0.0002828854314002829],"Energy":{"Mean":-706.0241935483872,"Sigma":0.02419354838709789,"Taucorr":1.0247933884298062},"EnergyVariance":{"Mean":0.023608220603537986,"Sigma":0.02302289281997475,"Taucorr":1.0247933884297518},"Iteration":39},
{"Acceptance":[0.0008486562942008486],"Energy":{"Mean":-705.9999999999999,"Sigma":0.03478041718201538,"Taucorr":0.26875000000008364},"EnergyVariance":{"Mean":0.09677419354838712,"Sigma":0.07573778633466666,"Taucorr":0.028066588785065516},"Iteration":40},
{"Acceptance":[0.0002828854314002829],"Energy":{"Mean":-706.008064516129,"Sigma":0.00806451612903313,"Taucorr":1.2456702336294256e-13},"EnergyVariance":{"Mean":0.007999479708636837,"Sigma":0.007934443288241534,"Taucorr":0.0},"Iteration":41},
{"Acceptance":[0.00014144271570014144],"Energy":{"Mean":-706.0,"Sigma":0.0,"Taucorr":null},"EnergyVariance":{"Mean":0.0,"Sigma":0.0,"Taucorr":null},"Iteration":42},
{"Acceptance":[0.0007072135785007072],"Energy":{"Mean":-706.0322580645161,"Sigma":0.05528753710000975,"Taucorr":0.1498426258993033},"EnergyVariance":{"Mean":0.2892819979188345,"Sigma":0.20574501861738578,"Taucorr":-0.004914169432352566},"Iteration":43},
{"Acceptance":[0.0031824611032531826],"Energy":{"Mean":-706.0483870967743,"Sigma":0.12292326199111887,"Taucorr":0.3748775410237909},"EnergyVariance":{"Mean":1.0621748178980228,"Sigma":0.6439918266289892,"Taucorr":0.31204557596028804},"Iteration":44},
{"Acceptance":[0.0002828854314002829],"Energy":{"Mean":-706.991935483871,"Sigma":0.0080645161290325,"Taucorr":1.9095836023552692e-14},"EnergyVariance":{"Mean":0.007999479708636837,"Sigma":0.007934443288241532,"Taucorr":-2.220446049250313e-16},"Iteration":45},
{"Acceptance":[0.0002828854314002829],"Energy":{"Mean":-706.8387096774194,"Sigma":0.13195612005713778,"Taucorr":0.44326306141153715},"EnergyVariance":{"Mean":1.1352757544224763,"Sigma":0.9937781867523554,"Taucorr":0.4898702777588161},"Iteration":46},
{"Acceptance":[0.0002828854314002829],"Energy":{"Mean":-706.9677419354839,"Sigma":0.025245928778221544,"Taucorr":-0.007598039215736596},"EnergyVariance":{"Mean":0.07960457856399582,"Sigma":0.07116884104735242,"Taucorr":-0.0026519242813042854},"Iteration":47},
{"Acceptance":[0.00014144271570014144],"Energy":{"Mean":-707.0,"Sigma":0.0,"Taucorr":null},"EnergyVariance":{"Mean":0.0,"Sigma":0.0,"Taucorr":null},"Iteration":48},
{"Acceptance":[0.0004243281471004243],"Energy":{"Mean":-706.9193548387096,"Sigma":0.08064516129032219,"Taucorr":0.5081967213114611},"EnergyVariance":{"Mean":0.39672216441207087,"Sigma":0.390218522372522,"Taucorr":0.5081967213114746},"Iteration":49},
{"Acceptance":[0.0],"Energy":{"Mean":-707.0,"Sigma":0.0,"Taucorr":null},"EnergyVariance":{"Mean":0.0,"Sigma":0.0,"Taucorr":null},"Iteration":50},
{"Acceptance":[0.00014144271570014144],"Energy":{"Mean":-707.0241935483872,"Sigma":0.02419354838709764,"Taucorr":2.7977620220553945e-14},"EnergyVariance":{"Mean":0.07199531737773152,"Sigma":0.07140998959416828,"Taucorr":-2.220446049250313e-16},"Iteration":51},
{"Acceptance":[0.0005657708628005657],"Energy":{"Mean":-706.9596774193546,"Sigma":0.04032258064516145,"Taucorr":2.6645352591003757e-15},"EnergyVariance":{"Mean":0.1999869927159209,"Sigma":0.19836108220602,"Taucorr":2.220446049250313e-16},"Iteration":52},
{"Acceptance":[0.0002828854314002829],"Energy":{"Mean":-706.6612903225807,"Sigma":0.33870967741935126,"Taucorr":1.0247933884297424},"EnergyVariance":{"Mean":4.627211238293445,"Sigma":4.512486992715977,"Taucorr":1.0247933884297518},"Iteration":53},
{"Acceptance":[0.0002828854314002829],"Energy":{"Mean":-706.9516129032259,"Sigma":0.07726799720647547,"Taucorr":0.007524271844674635},"EnergyVariance":{"Mean":0.7234651404786681,"Sigma":0.6480451473735163,"Taucorr":-0.00288873020455066},"Iteration":54},
{"Acceptance":[0.0002828854314002829],"Energy":{"Mean":-707.0322580645161,"Sigma":0.032258064516129524,"Taucorr":0.5081967213114917},"EnergyVariance":{"Mean":0.06347554630593132,"Sigma":0.06243496357960647,"Taucorr":0.5081967213114755},"Iteration":55},
{"Acceptance":[0.0002828854314002829],"Energy":{"Mean":-706.8387096774194,"Sigma":0.12134350241164014,"Taucorr":-0.00917935702198841},"EnergyVariance":{"Mean":1.8449531737773148,"Sigma":1.5594282585663313,"Taucorr":-0.00435827560268609},"Iteration":56},
{"Acceptance":[0.00021216407355021216],"Energy":{"Mean":-707.0,"Sigma":0.0,"Taucorr":null},"EnergyVariance":{"Mean":0.0,"Sigma":0.0,"Taucorr":null},"Iteration":57},
{"Acceptance":[7.072135785007072e-05],"Energy":{"Mean":-707.0,"Sigma":0.0,"Taucorr":null},"EnergyVariance":{"Mean":0.0,"Sigma":0.0,"Taucorr":null},"Iteration":58},
{"Acceptance":[0.0],"Energy":{"Mean":-707.0,"Sigma":0.0,"Taucorr":null},"EnergyVariance":{"Mean":0.0,"Sigma":0.0,"Taucorr":null},"Iteration":59},
{"Acceptance":[0.00014144271570014144],"Energy":{"Mean":-707.0,"Sigma":0.0,"Taucorr":null},"EnergyVariance":{"Mean":0.0,"Sigma":0.0,"Taucorr":null},"Iteration":60},
{"Acceptance":[0.0002828854314002829],"Energy":{"Mean":-706.9596774193549,"Sigma":0.04032258064516198,"Taucorr":1.7763568394002505e-14},"EnergyVariance":{"Mean":0.1999869927159209,"Sigma":0.19836108220603835,"Taucorr":2.220446049250313e-16},"Iteration":61},
{"Acceptance":[0.0004243281471004243],"Energy":{"Mean":-706.9919354838709,"Sigma":0.008064516129034869,"Taucorr":2.3092638912203256e-13},"EnergyVariance":{"Mean":0.007999479708636839,"Sigma":0.007934443288239699,"Taucorr":-2.220446049250313e-16},"Iteration":62},
{"Acceptance":[0.0],"Energy":{"Mean":-707.0,"Sigma":0.0,"Taucorr":null},"EnergyVariance":{"Mean":0.0,"Sigma":0.0,"Taucorr":null},"Iteration":63},
{"Acceptance":[0.0],"Energy":{"Mean":-707.0,"Sigma":0.0,"Taucorr":null},"EnergyVariance":{"Mean":0.0,"Sigma":0.0,"Taucorr":null},"Iteration":64},
{"Acceptance":[0.00014144271570014144],"Energy":{"Mean":-707.0,"Sigma":0.0,"Taucorr":null},"EnergyVariance":{"Mean":0.0,"Sigma":0.0,"Taucorr":null},"Iteration":65},
{"Acceptance":[0.0],"Energy":{"Mean":-707.0,"Sigma":0.0,"Taucorr":null},"EnergyVariance":{"Mean":0.0,"Sigma":0.0,"Taucorr":null},"Iteration":66},
{"Acceptance":[0.0002828854314002829],"Energy":{"Mean":-707.016129032258,"Sigma":0.016129032258064283,"Taucorr":-3.11972669919669e-14},"EnergyVariance":{"Mean":0.031997918834547355,"Sigma":0.03173777315296613,"Taucorr":-2.220446049250313e-16},"Iteration":67},
{"Acceptance":[0.0004243281471004243],"Energy":{"Mean":-707.008064516129,"Sigma":0.04096266161032444,"Taucorr":0.6641232575201725},"EnergyVariance":{"Mean":0.08864464099895943,"Sigma":0.06778602302342815,"Taucorr":0.5425607348004982},"Iteration":68},
{"Acceptance":[0.0007072135785007072],"Energy":{"Mean":-706.9919354838709,"Sigma":0.008064516129036437,"Taucorr":-0.48496700073330157},"EnergyVariance":{"Mean":0.26606399583766915,"Sigma":0.26599895941727203,"Taucorr":0.3369246417471242},"Iteration":69},
{"Acceptance":[0.0009900990099009901],"Energy":{"Mean":-707.0645161290324,"Sigma":0.0306026870338878,"Taucorr":-0.038749999999987295},"EnergyVariance":{"Mean":0.12486992715920919,"Sigma":0.05725664025694055,"Taucorr":-0.038750000000000284},"Iteration":70},
{"Acceptance":[0.006364922206506365],"Energy":{"Mean":-707.4758064516128,"Sigma":0.09300453705379672,"Taucorr":0.20984118719083245},"EnergyVariance":{"Mean":0.7494146722164413,"Sigma":0.09415521838773658,"Taucorr":0.16422349661733793},"Iteration":71},
{"Acceptance":[0.00021216407355021216],"Energy":{"Mean":-709.0,"Sigma":0.0,"Taucorr":null},"EnergyVariance":{"Mean":0.0,"Sigma":0.0,"Taucorr":null},"Iteration":72},
{"Acceptance":[0.0],"Energy":{"Mean":-709.0,"Sigma":0.0,"Taucorr":null},"EnergyVariance":{"Mean":0.0,"Sigma":0.0,"Taucorr":null},"Iteration":73},
{"Acceptance":[0.00014144271570014144],"Energy":{"Mean":-709.0,"Sigma":0.0,"Taucorr":null},"EnergyVariance":{"Mean":0.0,"Sigma":0.0,"Taucorr":null},"Iteration":74},
{"Acceptance":[0.00014144271570014144],"Energy":{"Mean":-709.0241935483872,"Sigma":0.0241935483870978,"Taucorr":3.3306690738754696e-14},"EnergyVariance":{"Mean":0.07199531737773154,"Sigma":0.0714099895941683,"Taucorr":0.0},"Iteration":75},
{"Acceptance":[0.0],"Energy":{"Mean":-709.0,"Sigma":0.0,"Taucorr":null},"EnergyVariance":{"Mean":0.0,"Sigma":0.0,"Taucorr":null},"Iteration":76},
{"Acceptance":[0.0002828854314002829],"Energy":{"Mean":-709.0,"Sigma":0.0,"Taucorr":null},"EnergyVariance":{"Mean":0.0,"Sigma":0.0,"Taucorr":null},"Iteration":77},
{"Acceptance":[0.0],"Energy":{"Mean":-709.0,"Sigma":0.0,"Taucorr":null},"EnergyVariance":{"Mean":0.0,"Sigma":0.0,"Taucorr":null},"Iteration":78},
{"Acceptance":[0.0],"Energy":{"Mean":-709.0,"Sigma":0.0,"Taucorr":null},"EnergyVariance":{"Mean":0.0,"Sigma":0.0,"Taucorr":null},"Iteration":79},
{"Acceptance":[0.0],"Energy":{"Mean":-709.0,"Sigma":0.0,"Taucorr":null},"EnergyVariance":{"Mean":0.0,"Sigma":0.0,"Taucorr":null},"Iteration":80},
{"Acceptance":[0.00014144271570014144],"Energy":{"Mean":-709.0,"Sigma":0.0,"Taucorr":null},"EnergyVariance":{"Mean":0.0,"Sigma":0.0,"Taucorr":null},"Iteration":81},
{"Acceptance":[0.0005657708628005657],"Energy":{"Mean":-709.0967741935483,"Sigma":0.08171335566435911,"Taucorr":0.7468404423380921},"EnergyVariance":{"Mean":0.3293444328824143,"Sigma":0.29133067431964915,"Taucorr":0.4779414079068548},"Iteration":82},
{"Acceptance":[0.0007072135785007072],"Energy":{"Mean":-709.0725806451613,"Sigma":0.05337223260572187,"Taucorr":0.3245179063360655},"EnergyVariance":{"Mean":0.2124739854318418,"Sigma":0.15236911566472175,"Taucorr":0.3245179063360877},"Iteration":83},
{"Acceptance":[0.0072135785007072135],"Energy":{"Mean":-710.3064516129032,"Sigma":0.1772359756115824,"Taucorr":0.3731481481481642},"EnergyVariance":{"Mean":2.212539021852237,"Sigma":0.06860747443030721,"Taucorr":0.37314814814814834},"Iteration":84},
{"Acceptance":[7.072135785007072e-05],"Energy":{"Mean":-712.0,"Sigma":0.0,"Taucorr":null},"EnergyVariance":{"Mean":0.0,"Sigma":0.0,"Taucorr":null},"Iteration":85},
{"Acceptance":[0.0],"Energy":{"Mean":-712.0,"Sigma":0.0,"Taucorr":null},"EnergyVariance":{"Mean":0.0,"Sigma":0.0,"Taucorr":null},"Iteration":86},
{"Acceptance":[0.0],"Energy":{"Mean":-712.0,"Sigma":0.0,"Taucorr":null},"EnergyVariance":{"Mean":0.0,"Sigma":0.0,"Taucorr":null},"Iteration":87},
{"Acceptance":[0.0],"Energy":{"Mean":-712.0,"Sigma":0.0,"Taucorr":null},"EnergyVariance":{"Mean":0.0,"Sigma":0.0,"Taucorr":null},"Iteration":88},
{"Acceptance":[0.0],"Energy":{"Mean":-712.0,"Sigma":0.0,"Taucorr":null},"EnergyVariance":{"Mean":0.0,"Sigma":0.0,"Taucorr":null},"Iteration":89},
{"Acceptance":[0.0002828854314002829],"Energy":{"Mean":-711.9516129032259,"Sigma":0.04838709677419309,"Taucorr":-1.0658141036401503e-14},"EnergyVariance":{"Mean":0.2879812695109261,"Sigma":0.2856399583766952,"Taucorr":0.0},"Iteration":90},
{"Acceptance":[0.00014144271570014144],"Energy":{"Mean":-712.0,"Sigma":0.0,"Taucorr":null},"EnergyVariance":{"Mean":0.0,"Sigma":0.0,"Taucorr":null},"Iteration":91},
{"Acceptance":[0.0002828854314002829],"Energy":{"Mean":-712.0,"Sigma":0.0,"Taucorr":null},"EnergyVariance":{"Mean":0.0,"Sigma":0.0,"Taucorr":null},"Iteration":92},
{"Acceptance":[0.0],"Energy":{"Mean":-712.0,"Sigma":0.0,"Taucorr":null},"EnergyVariance":{"Mean":0.0,"Sigma":0.0,"Taucorr":null},"Iteration":93},
{"Acceptance":[0.0],"Energy":{"Mean":-712.0,"Sigma":0.0,"Taucorr":null},"EnergyVariance":{"Mean":0.0,"Sigma":0.0,"Taucorr":null},"Iteration":94},
{"Acceptance":[0.0],"Energy":{"Mean":-712.0,"Sigma":0.0,"Taucorr":null},"EnergyVariance":{"Mean":0.0,"Sigma":0.0,"Taucorr":null},"Iteration":95},
{"Acceptance":[0.00014144271570014144],"Energy":{"Mean":-711.9516129032259,"Sigma":0.04838709677419323,"Taucorr":-6.439293542825908e-15},"EnergyVariance":{"Mean":0.2879812695109261,"Sigma":0.2856399583766952,"Taucorr":0.0},"Iteration":96},
{"Acceptance":[0.0],"Energy":{"Mean":-712.0,"Sigma":0.0,"Taucorr":null},"EnergyVariance":{"Mean":0.0,"Sigma":0.0,"Taucorr":null},"Iteration":97},
{"Acceptance":[0.0002828854314002829],"Energy":{"Mean":-712.0,"Sigma":0.0,"Taucorr":null},"EnergyVariance":{"Mean":0.0,"Sigma":0.0,"Taucorr":null},"Iteration":98},
{"Acceptance":[0.00014144271570014144],"Energy":{"Mean":-711.9919354838709,"Sigma":0.008064516129035627,"Taucorr":2.9753977059954195e-13},"EnergyVariance":{"Mean":0.007999479708636839,"Sigma":0.0079344432882397,"Taucorr":0.0},"Iteration":99} 
]}