{"Output": [
{"Acceptance":[0.02535321821036107],"Energy":{"Mean":-574.1854838709678,"Sigma":0.31622091050188317,"Taucorr":0.08446166873728922},"EnergyVariance":{"Mean":10.522047346514045,"Sigma":2.739907605732828,"Taucorr":0.16204560053141737},"Iteration":0},
{"Acceptance":[0.004945054945054945],"Energy":{"Mean":-585.7499999999999,"Sigma":0.20180635879875486,"Taucorr":0.8315112540192753},"EnergyVariance":{"Mean":1.881048387096774,"Sigma":1.4492981095708701,"Taucorr":0.9942067286127707},"Iteration":1},
{"Acceptance":[0.00423861852433281],"Energy":{"Mean":-586.008064516129,"Sigma":0.10529264835086842,"Taucorr":0.16575855718550225},"EnergyVariance":{"Mean":1.0241285119667012,"Sigma":0.42808435577471754,"Taucorr":0.1446682975874044},"Iteration":2},
{"Acceptance":[0.0195447409733124],"Energy":{"Mean":-586.6935483870966,"Sigma":0.12998639166747464,"Taucorr":-0.1075817860300683},"EnergyVariance":{"Mean":2.648022892819979,"Sigma":1.1949309399326884,"Taucorr":0.02934546905896962},"Iteration":3},
{"Acceptance":[0.0016483516483516484],"Energy":{"Mean":-589.8709677419357,"Sigma":0.14658797119356984,"Taucorr":0.1609289617486246},"EnergyVariance":{"Mean":1.9994797086368366,"Sigma":0.9972958457172364,"Taucorr":-0.01570583835072764},"Iteration":4},
{"Acceptance":[0.012558869701726845],"Energy":{"Mean":-590.7903225806451,"Sigma":0.1457723102096717,"Taucorr":0.4178741092636755},"EnergyVariance":{"Mean":1.4237773152965663,"Sigma":0.22955103210273894,"Taucorr":0.2618245429284828},"Iteration":5},
{"Acceptance":[0.005572998430141287],"Energy":{"Mean":-592.5,"Sigma":0.10434125154603596,"Taucorr":0.3739473684210335},"EnergyVariance":{"Mean":0.7661290322580647,"Sigma":0.09968733638943512,"Taucorr":0.2979959239130432},"Iteration":6},
{"Acceptance":[0.004552590266875981],"Energy":{"Mean":-594.2580645161289,"Sigma":0.17677056349778228,"Taucorr":0.5194831631245402},"EnergyVariance":{"Mean":1.885015608740895,"Sigma":0.7415197819505764,"Taucorr":0.16508605320987413},"Iteration":7},
{"Acceptance":[0.002511773940345369],"Energy":{"Mean":-597.8548387096774,"Sigma":0.15238877203562526,"Taucorr":0.2587975120940018},"EnergyVariance":{"Mean":1.8821540062434965,"Sigma":0.7952794209025761,"Taucorr":0.05688131956548037},"Iteration":8},
{"Acceptance":[0.0026687598116169543],"Energy":{"Mean":-598.1290322580643,"Sigma":0.06120537406777305,"Taucorr":0.4543103448275423},"EnergyVariance":{"Mean":0.24141519250780444,"Sigma":0.10661581289228166,"Taucorr":0.20054852224532993},"Iteration":9},
{"Acceptance":[0.005494505494505495],"Energy":{"Mean":-598.4516129032257,"Sigma":0.1373811093227554,"Taucorr":0.4550139126712235},"EnergyVariance":{"Mean":1.2154006243496356,"Sigma":0.3242861121321531,"Taucorr":0.07909298761644967},"Iteration":10},
{"Acceptance":[0.010282574568288854],"Energy":{"Mean":-600.7419354838711,"Sigma":0.1162148726947171,"Taucorr":0.40552325581395954},"EnergyVariance":{"Mean":0.9172736732570241,"Sigma":0.059835957361300644,"Taucorr":0.3603763730887509},"Iteration":11},
{"Acceptance":[0.0016483516483516484],"Energy":{"Mean":-602.0000000000001,"Sigma":0.0579673619700242,"Taucorr":0.5677083333334016},"EnergyVariance":{"Mean":0.1935483870967742,"Sigma":0.11919853176830036,"Taucorr":0.350791540020172},"Iteration":12},
{"Acceptance":[0.0020408163265306124],"Energy":{"Mean":-601.8225806451613,"Sigma":0.08534681648595745,"Taucorr":-0.03746978243349369},"EnergyVariance":{"Mean":0.9685223725286161,"Sigma":0.5467065079137257,"Taucorr":-0.022564442675509166},"Iteration":13},
{"Acceptance":[0.002197802197802198],"Energy":{"Mean":-601.9919354838707,"Sigma":0.02454935496093412,"Taucorr":0.011121076233427285},"EnergyVariance":{"Mean":0.07251560874089488,"Sigma":0.04517479260232896,"Taucorr":-0.018464202108138317},"Iteration":14},
{"Acceptance":[0.0012558869701726845],"Energy":{"Mean":-601.983870967742,"Sigma":0.016129032258065248,"Taucorr":4.063416270128073e-14},"EnergyVariance":{"Mean":0.03199791883454735,"Sigma":0.03173777315296614,"Taucorr":0.0},"Iteration":15},
{"Acceptance":[0.0015698587127158557],"Energy":{"Mean":-602.0,"Sigma":0.0,"Taucorr":null},"EnergyVariance":{"Mean":0.0,"Sigma":0.0,"Taucorr":null},"Iteration":16},
{"Acceptance":[0.0009419152276295133],"Energy":{"Mean":-602.0000000000001,"Sigma":0.08032193289024486,"Taucorr":0.11499999999994381},"EnergyVariance":{"Mean":0.6451612903225806,"Sigma":0.519611904589306,"Taucorr":0.0011683417085416314},"Iteration":17},
{"Acceptance":[0.0015698587127158557],"Energy":{"Mean":-602.0564516129031,"Sigma":0.03967217379434748,"Taucorr":0.22282661486150002},"EnergyVariance":{"Mean":0.13390998959417275,"Sigma":0.07250780978393895,"Taucorr":0.21469568685660778},"Iteration":18},
{"Acceptance":[0.006357927786499215],"Energy":{"Mean":-602.6290322580646,"Sigma":0.1009837151128956,"Taucorr":0.22723981900454093},"EnergyVariance":{"Mean":0.8623829344432883,"Sigma":0.07492340153535054,"Taucorr":0.22723981900452495},"Iteration":19},
{"Acceptance":[0.0018838304552590266],"Energy":{"Mean":-604.0,"Sigma":0.0,"Taucorr":null},"EnergyVariance":{"Mean":0.0,"Sigma":0.0,"Taucorr":null},"Iteration":20},
{"Acceptance":[0.001098901098901099],"Energy":{"Mean":-604.0,"Sigma":0.0,"Taucorr":null},"EnergyVariance":{"Mean":0.0,"Sigma":0.0,"Taucorr":null},"Iteration":21},
{"Acceptance":[0.0015698587127158557],"Energy":{"Mean":-603.8951612903226,"Sigma":0.07843752526314897,"Taucorr":0.060977726352346884},"EnergyVariance":{"Mean":0.6744927159209158,"Sigma":0.6376667497479359,"Taucorr":-0.00040356198017593714},"Iteration":22},
{"Acceptance":[0.0020408163265306124],"Energy":{"Mean":-603.9032258064516,"Sigma":0.05520905936406975,"Taucorr":0.0426016566264964},"EnergyVariance":{"Mean":0.34547346514047866,"Sigma":0.2816624177118218,"Taucorr":-0.002215038049630247},"Iteration":23},
{"Acceptance":[0.0011773940345368916],"Energy":{"Mean":-603.991935483871,"Sigma":0.008064516129032376,"Taucorr":4.440892098500626e-16},"EnergyVariance":{"Mean":0.007999479708636837,"Sigma":0.007934443288241534,"Taucorr":0.0},"Iteration":24},
{"Acceptance":[0.0008634222919937205],"Energy":{"Mean":-603.991935483871,"Sigma":0.008064516129032182,"Taucorr":-1.63202784619898e-14},"EnergyVariance":{"Mean":0.007999479708636839,"Sigma":0.007934443288241534,"Taucorr":0.0},"Iteration":25},
{"Acceptance":[0.0009419152276295133],"Energy":{"Mean":-604.0,"Sigma":0.0,"Taucorr":null},"EnergyVariance":{"Mean":0.0,"Sigma":0.0,"Taucorr":null},"Iteration":26},
{"Acceptance":[0.0009419152276295133],"Energy":{"Mean":-604.0,"Sigma":0.0,"Taucorr":null},"EnergyVariance":{"Mean":0.0,"Sigma":0.0,"Taucorr":null},"Iteration":27},
{"Acceptance":[0.0015698587127158557],"Energy":{"Mean":-603.8951612903227,"Sigma":0.07582360821640596,"Taucorr":0.7302783435166076},"EnergyVariance":{"Mean":0.2873959417273674,"Sigma":0.21115743096872092,"Taucorr":0.7526511855243361},"Iteration":28},
{"Acceptance":[0.00047095761381475666],"Energy":{"Mean":-603.983870967742,"Sigma":0.016129032258065716,"Taucorr":6.039613253960852e-14},"EnergyVariance":{"Mean":0.031997918834547355,"Sigma":0.03173777315296613,"Taucorr":-2.220446049250313e-16},"Iteration":29},
{"Acceptance":[0.001098901098901099],"Energy":{"Mean":-604.0,"Sigma":0.0,"Taucorr":null},"EnergyVariance":{"Mean":0.0,"Sigma":0.0,"Taucorr":null},"Iteration":30},
{"Acceptance":[0.001098901098901099],"Energy":{"Mean":-604.0241935483872,"Sigma":0.024193548387096576,"Taucorr":-1.176836406102666e-14},"EnergyVariance":{"Mean":0.07199531737773153,"Sigma":0.07140998959416829,"Taucorr":-2.220446049250313e-16},"Iteration":31},
{"Acceptance":[0.00141287284144427],"Energy":{"Mean":-603.9354838709677,"Sigma":0.04485301852604709,"Taucorr":-0.012704918032872492},"EnergyVariance":{"Mean":0.2539021852237253,"Sigma":0.17362458784277726,"Taucorr":-0.012704918032786894},"Iteration":32},
{"Acceptance":[0.0012558869701726845],"Energy":{"Mean":-603.9758064516127,"Sigma":0.01779074420191057,"Taucorr":0.3245179063362351},"EnergyVariance":{"Mean":0.02360822060353797,"Sigma":0.0169299017405179,"Taucorr":0.324517906336088},"Iteration":33},
{"Acceptance":[0.0012558869701726845],"Energy":{"Mean":-603.709677419355,"Sigma":0.29032258064516003,"Taucorr":1.0247933884297475},"EnergyVariance":{"Mean":3.3995837669094695,"Sigma":3.3152965660770914,"Taucorr":1.0247933884297526},"Iteration":34},
{"Acceptance":[0.0018838304552590266],"Energy":{"Mean":-604.0,"Sigma":0.0,"Taucorr":null},"EnergyVariance":{"Mean":0.0,"Sigma":0.0,"Taucorr":null},"Iteration":35},
{"Acceptance":[0.0018838304552590266],"Energy":{"Mean":-603.9354838709677,"Sigma":0.06451612903225745,"Taucorr":-5.218048215738236e-15},"EnergyVariance":{"Mean":0.5119667013527575,"Sigma":0.5078043704474435,"Taucorr":0.0},"Iteration":36},
{"Acceptance":[0.002354788069073783],"Energy":{"Mean":-603.9435483870969,"Sigma":0.05645161290322343,"Taucorr":-3.352873534367973e-14},"EnergyVariance":{"Mean":0.39197450572320514,"Sigma":0.3887877211238479,"Taucorr":-1.1102230246251565e-16},"Iteration":37},
{"Acceptance":[0.0015698587127158557],"Energy":{"Mean":-603.983870967742,"Sigma":0.01612903225806502,"Taucorr":2.4646951146678475e-14},"EnergyVariance":{"Mean":0.03199791883454735,"Sigma":0.03173777315296613,"Taucorr":-2.220446049250313e-16},"Iteration":38},
{"Acceptance":[0.00141287284144427],"Energy":{"Mean":-603.9919354838709,"Sigma":0.008064516129035016,"Taucorr":2.395861287141088e-13},"EnergyVariance":{"Mean":0.007999479708636839,"Sigma":0.0079344432882397,"Taucorr":0.0},"Iteration":39},
{"Acceptance":[0.002511773940345369],"Energy":{"Mean":-604.0,"Sigma":0.0,"Taucorr":null},"EnergyVariance":{"Mean":0.0,"Sigma":0.0,"Taucorr":null},"Iteration":40},
{"Acceptance":[0.0015698587127158557],"Energy":{"Mean":-603.9596774193546,"Sigma":0.04032258064516257,"Taucorr":2.9976021664879227e-14},"EnergyVariance":{"Mean":0.1999869927159209,"Sigma":0.19836108220602,"Taucorr":2.220446049250313e-16},"Iteration":41},
{"Acceptance":[0.0026687598116169543],"Energy":{"Mean":-604.0806451612904,"Sigma":0.05725238499773714,"Taucorr":0.49218950064019196},"EnergyVariance":{"Mean":0.20317377731529657,"Sigma":0.14778985842648712,"Taucorr":0.4956148651088884},"Iteration":42},
{"Acceptance":[0.0037676609105180532],"Energy":{"Mean":-603.9758064516129,"Sigma":0.024193548387097127,"Taucorr":1.0247933884297988},"EnergyVariance":{"Mean":0.023608220603537983,"Sigma":0.023022892819980253,"Taucorr":1.0247933884297518},"Iteration":43},
{"Acceptance":[0.00282574568288854],"Energy":{"Mean":-603.8467741935485,"Sigma":0.20631085591437542,"Taucorr":0.9231057525722066},"EnergyVariance":{"Mean":1.8394250780437045,"Sigma":1.4924736838541313,"Taucorr":0.9908825425063916},"Iteration":44},
{"Acceptance":[0.004945054945054945],"Energy":{"Mean":-604.233870967742,"Sigma":0.10747310483198642,"Taucorr":0.47634754625907105},"EnergyVariance":{"Mean":0.7275624349635798,"Sigma":0.32344035099703544,"Taucorr":0.36802341797967386},"Iteration":45},
{"Acceptance":[0.0075353218210361065],"Energy":{"Mean":-607.0564516129033,"Sigma":0.09107311063698367,"Taucorr":0.1830357920404193},"EnergyVariance":{"Mean":0.7468132154006242,"Sigma":0.22595411143445351,"Taucorr":0.049147748827290894},"Iteration":46},
{"Acceptance":[0.01098901098901099],"Energy":{"Mean":-609.3064516129034,"Sigma":0.13405868429883463,"Taucorr":0.16415898077223035},"EnergyVariance":{"Mean":1.6641519250780439,"Sigma":0.3201613653625864,"Taucorr":0.20494895451572293},"Iteration":47},
{"Acceptance":[0.0003139717425431711],"Energy":{"Mean":-610.9596774193545,"Sigma":0.04032258064516462,"Taucorr":6.417089082333405e-14},"EnergyVariance":{"Mean":0.19998699271592088,"Sigma":0.19836108220601084,"Taucorr":-3.3306690738754696e-16},"Iteration":48},
{"Acceptance":[0.00015698587127158556],"Energy":{"Mean":-611.0645161290324,"Sigma":0.06451612903225805,"Taucorr":0.5081967213114731},"EnergyVariance":{"Mean":0.2539021852237253,"Sigma":0.24973985431839654,"Taucorr":0.5081967213114753},"Iteration":49},
{"Acceptance":[0.00015698587127158556],"Energy":{"Mean":-611.0,"Sigma":0.0,"Taucorr":null},"EnergyVariance":{"Mean":0.0,"Sigma":0.0,"Taucorr":null},"Iteration":50},
{"Acceptance":[0.0],"Energy":{"Mean":-611.0,"Sigma":0.0,"Taucorr":null},"EnergyVariance":{"Mean":0.0,"Sigma":0.0,"Taucorr":null},"Iteration":51},
{"Acceptance":[0.00047095761381475666],"Energy":{"Mean":-611.016129032258,"Sigma":0.03654332358702491,"Taucorr":0.010016155088861445},"EnergyVariance":{"Mean":0.16103017689906352,"Sigma":0.1310595251190775,"Taucorr":-0.006080986408855016},"Iteration":52},
{"Acceptance":[0.0009419152276295133],"Energy":{"Mean":-611.0322580645161,"Sigma":0.05151199813764692,"Taucorr":0.007524271844624564},"EnergyVariance":{"Mean":0.32154006243496364,"Sigma":0.1793742486688059,"Taucorr":-0.02538085146169594},"Iteration":53},
{"Acceptance":[0.00847723704866562],"Energy":{"Mean":-612.3064516129032,"Sigma":0.2030379743003197,"Taucorr":0.1919204827830987},"EnergyVariance":{"Mean":3.6641519250780434,"Sigma":0.2759351236154076,"Taucorr":0.04101683651558363},"Iteration":54},
{"Acceptance":[0.0003924646781789639],"Energy":{"Mean":-614.9274193548387,"Sigma":0.07258064516128954,"Taucorr":-1.0658141036401503e-14},"EnergyVariance":{"Mean":0.6479578563995838,"Sigma":0.6426899063475477,"Taucorr":0.0},"Iteration":55},
{"Acceptance":[0.0],"Energy":{"Mean":-615.0,"Sigma":0.0,"Taucorr":null},"EnergyVariance":{"Mean":0.0,"Sigma":0.0,"Taucorr":null},"Iteration":56},
{"Acceptance":[0.0003139717425431711],"Energy":{"Mean":-615.0,"Sigma":0.0,"Taucorr":null},"EnergyVariance":{"Mean":0.0,"Sigma":0.0,"Taucorr":null},"Iteration":57},
{"Acceptance":[0.0003139717425431711],"Energy":{"Mean":-615.0,"Sigma":0.0,"Taucorr":null},"EnergyVariance":{"Mean":0.0,"Sigma":0.0,"Taucorr":null},"Iteration":58},
{"Acceptance":[0.00015698587127158556],"Energy":{"Mean":-615.0,"Sigma":0.0,"Taucorr":null},"EnergyVariance":{"Mean":0.0,"Sigma":0.0,"Taucorr":null},"Iteration":59},
{"Acceptance":[0.00015698587127158556],"Energy":{"Mean":-615.0,"Sigma":0.0,"Taucorr":null},"EnergyVariance":{"Mean":0.0,"Sigma":0.0,"Taucorr":null},"Iteration":60},
{"Acceptance":[0.00015698587127158556],"Energy":{"Mean":-615.0,"Sigma":0.0,"Taucorr":null},"EnergyVariance":{"Mean":0.0,"Sigma":0.0,"Taucorr":null},"Iteration":61},
{"Acceptance":[0.0],"Energy":{"Mean":-615.0,"Sigma":0.0,"Taucorr":null},"EnergyVariance":{"Mean":0.0,"Sigma":0.0,"Taucorr":null},"Iteration":62},
{"Acceptance":[0.0],"Energy":{"Mean":-615.0,"Sigma":0.0,"Taucorr":null},"EnergyVariance":{"Mean":0.0,"Sigma":0.0,"Taucorr":null},"Iteration":63},
{"Acceptance":[0.00015698587127158556],"Energy":{"Mean":-615.0,"Sigma":0.0,"Taucorr":null},"EnergyVariance":{"Mean":0.0,"Sigma":0.0,"Taucorr":null},"Iteration":64},
{"Acceptance":[0.00015698587127158556],"Energy":{"Mean":-614.9596774193546,"Sigma":0.040322580645161386,"Taucorr":4.440892098500626e-16},"EnergyVariance":{"Mean":0.1999869927159209,"Sigma":0.19836108220602003,"Taucorr":2.220446049250313e-16},"Iteration":65},
{"Acceptance":[0.0],"Energy":{"Mean":-615.0,"Sigma":0.0,"Taucorr":null},"EnergyVariance":{"Mean":0.0,"Sigma":0.0,"Taucorr":null},"Iteration":66},
{"Acceptance":[0.00015698587127158556],"Energy":{"Mean":-614.9677419354838,"Sigma":0.03225806451613489,"Taucorr":0.5081967213116834},"EnergyVariance":{"Mean":0.06347554630593132,"Sigma":0.06243496357959914,"Taucorr":0.5081967213114753},"Iteration":67},
{"Acceptance":[0.0003139717425431711],"Energy":{"Mean":-614.9677419354839,"Sigma":0.032258064516129566,"Taucorr":1.7541523789077473e-14},"EnergyVariance":{"Mean":0.1279916753381894,"Sigma":0.12695109261186452,"Taucorr":-2.220446049250313e-16},"Iteration":68},
{"Acceptance":[0.00015698587127158556],"Energy":{"Mean":-615.0,"Sigma":0.0,"Taucorr":null},"EnergyVariance":{"Mean":0.0,"Sigma":0.0,"Taucorr":null},"Iteration":69},
{"Acceptance":[0.0],"Energy":{"Mean":-615.0,"Sigma":0.0,"Taucorr":null},"EnergyVariance":{"Mean":0.0,"Sigma":0.0,"Taucorr":null},"Iteration":70},
{"Acceptance":[0.0003139717425431711],"Energy":{"Mean":-615.0,"Sigma":0.0,"Taucorr":null},"EnergyVariance":{"Mean":0.0,"Sigma":0.0,"Taucorr":null},"Iteration":71},
{"Acceptance":[0.0],"Energy":{"Mean":-615.0,"Sigma":0.0,"Taucorr":null},"EnergyVariance":{"Mean":0.0,"Sigma":0.0,"Taucorr":null},"Iteration":72},
{"Acceptance":[0.0003139717425431711],"Energy":{"Mean":-615.0,"Sigma":0.0,"Taucorr":null},"EnergyVariance":{"Mean":0.0,"Sigma":0.0,"Taucorr":null},"Iteration":73},
{"Acceptance":[0.00015698587127158556],"Energy":{"Mean":-614.9354838709677,"Sigma":0.06451612903225715,"Taucorr":0.5081967213114469},"EnergyVariance":{"Mean":0.2539021852237253,"Sigma":0.24973985431841125,"Taucorr":0.5081967213114755},"Iteration":74},
{"Acceptance":[0.00015698587127158556],"Energy":{"Mean":-615.016129032258,"Sigma":0.01612903225806502,"Taucorr":2.4646951146678475e-14},"EnergyVariance":{"Mean":0.03199791883454735,"Sigma":0.03173777315296613,"Taucorr":-2.220446049250313e-16},"Iteration":75},
{"Acceptance":[0.0006279434850863422],"Energy":{"Mean":-614.8306451612905,"Sigma":0.09302784354133514,"Taucorr":0.23785952574161673},"EnergyVariance":{"Mean":0.721318938605619,"Sigma":0.41844913358031094,"Taucorr":0.28660195107648156},"Iteration":76},
{"Acceptance":[0.0],"Energy":{"Mean":-615.0,"Sigma":0.0,"Taucorr":null},"EnergyVariance":{"Mean":0.0,"Sigma":0.0,"Taucorr":null},"Iteration":77},
{"Acceptance":[0.00015698587127158556],"Energy":{"Mean":-615.0,"Sigma":0.0,"Taucorr":null},"EnergyVariance":{"Mean":0.0,"Sigma":0.0,"Taucorr":null},"Iteration":78},
{"Acceptance":[0.0],"Energy":{"Mean":-615.0,"Sigma":0.0,"Taucorr":null},"EnergyVariance":{"Mean":0.0,"Sigma":0.0,"Taucorr":null},"Iteration":79},
{"Acceptance":[0.0],"Energy":{"Mean":-615.0,"Sigma":0.0,"Taucorr":null},"EnergyVariance":{"Mean":0.0,"Sigma":0.0,"Taucorr":null},"Iteration":80},
{"Acceptance":[0.00015698587127158556],"Energy":{"Mean":-615.0,"Sigma":0.0,"Taucorr":null},"EnergyVariance":{"Mean":0.0,"Sigma":0.0,"Taucorr":null},"Iteration":81},
{"Acceptance":[0.0],"Energy":{"Mean":-615.0,"Sigma":0.0,"Taucorr":null},"EnergyVariance":{"Mean":0.0,"Sigma":0.0,"Taucorr":null},"Iteration":82},
{"Acceptance":[0.00015698587127158556],"Energy":{"Mean":-615.0,"Sigma":0.0,"Taucorr":null},"EnergyVariance":{"Mean":0.0,"Sigma":0.0,"Taucorr":null},"Iteration":83},
{"Acceptance":[0.00015698587127158556],"Energy":{"Mean":-615.0,"Sigma":0.0,"Taucorr":null},"EnergyVariance":{"Mean":0.0,"Sigma":0.0,"Taucorr":null},"Iteration":84},
{"Acceptance":[0.00015698587127158556],"Energy":{"Mean":-614.9516129032259,"Sigma":0.048387096774194255,"Taucorr":1.0247933884298066},"EnergyVariance":{"Mean":0.09443288241415193,"Sigma":0.09209157127992101,"Taucorr":1.0247933884297518},"Iteration":85},
{"Acceptance":[0.0003139717425431711],"Energy":{"Mean":-614.9677419354839,"Sigma":0.03225806451612965,"Taucorr":0.5081967213114995},"EnergyVariance":{"Mean":0.06347554630593132,"Sigma":0.06243496357960647,"Taucorr":0.5081967213114755},"Iteration":86},
{"Acceptance":[0.0],"Energy":{"Mean":-615.0,"Sigma":0.0,"Taucorr":null},"EnergyVariance":{"Mean":0.0,"Sigma":0.0,"Taucorr":null},"Iteration":87},
{"Acceptance":[0.00015698587127158556],"Energy":{"Mean":-615.0,"Sigma":0.0,"Taucorr":null},"EnergyVariance":{"Mean":0.0,"Sigma":0.0,"Taucorr":null},"Iteration":88},
{"Acceptance":[0.0],"Energy":{"Mean":-615.0,"Sigma":0.0,"Taucorr":null},"EnergyVariance":{"Mean":0.0,"Sigma":0.0,"Taucorr":null},"Iteration":89},
{"Acceptance":[0.00015698587127158556],"Energy":{"Mean":-614.9596774193548,"Sigma":0.0403225806451614,"Taucorr":-1.3322676295501878e-15},"EnergyVariance":{"Mean":0.1999869927159209,"Sigma":0.1983610822060292,"Taucorr":2.220446049250313e-16},"Iteration":90},
{"Acceptance":[0.00015698587127158556],"Energy":{"Mean":-615.0,"Sigma":0.0,"Taucorr":null},"EnergyVariance":{"Mean":0.0,"Sigma":0.0,"Taucorr":null},"Iteration":91},
{"Acceptance":[0.00015698587127158556],"Energy":{"Mean":-615.016129032258,"Sigma":0.016129032258064682,"Taucorr":2.2648549702353193e-14},"EnergyVariance":{"Mean":0.03199791883454735,"Sigma":0.03173777315296613,"Taucorr":-2.220446049250313e-16},"Iteration":92},
{"Acceptance":[0.00015698587127158556],"Energy":{"Mean":-614.8790322580646,"Sigma":0.12096774193548383,"Taucorr":1.024793388429767},"EnergyVariance":{"Mean":0.5902055150884495,"Sigma":0.5755723204995065,"Taucorr":1.0247933884297526},"Iteration":93},
{"Acceptance":[0.0],"Energy":{"Mean":-615.0,"Sigma":0.0,"Taucorr":null},"EnergyVariance":{"Mean":0.0,"Sigma":0.0,"Taucorr":null},"Iteration":94},
{"Acceptance":[0.00015698587127158556],"Energy":{"Mean":-614.983870967742,"Sigma":0.01612903225806443,"Taucorr":-1.2434497875801753e-14},"EnergyVariance":{"Mean":0.03199791883454735,"Sigma":0.03173777315296614,"Taucorr":0.0},"Iteration":95},
{"Acceptance":[0.0003139717425431711],"Energy":{"Mean":-615.0,"Sigma":0.0,"Taucorr":null},"EnergyVariance":{"Mean":0.0,"Sigma":0.0,"Taucorr":null},"Iteration":96},
{"Acceptance":[0.0],"Energy":{"Mean":-615.0,"Sigma":0.0,"Taucorr":null},"EnergyVariance":{"Mean":0.0,"Sigma":0.0,"Taucorr":null},"Iteration":97},
{"Acceptance":[0.00015698587127158556],"Energy":{"Mean":-614.9516129032259,"Sigma":0.048387096774193894,"Taucorr":0.5081967213114864},"EnergyVariance":{"Mean":0.14281997918834546,"Sigma":0.14047866805411455,"Taucorr":0.5081967213114753},"Iteration":98},
{"Acceptance":[0.00015698587127158556],"Energy":{"Mean":-615.0,"Sigma":0.0,"Taucorr":null},"EnergyVariance":{"Mean":0.0,"Sigma":0.0,"Taucorr":null},"Iteration":99} 
]}