{"Output": [
{"Acceptance":[0.8331932773109244],"Energy":{"Mean":-156.80645161290323,"Sigma":0.7274116061862288,"Taucorr":0.09661625267093987},"EnergyVariance":{"Mean":54.54318418314255,"Sigma":6.720058125607569,"Taucorr":-0.03128702368083075},"Iteration":0},
{"Acceptance":[0.7932773109243697],"Energy":{"Mean":-159.8548387096774,"Sigma":0.9299218224706,"Taucorr":0.23605688393143287},"EnergyVariance":{"Mean":72.25312174817898,"Sigma":11.104487798463829,"Taucorr":-0.0034795097364035965},"Iteration":1},
{"Acceptance":[0.7581232492997199],"Energy":{"Mean":-160.72580645161287,"Sigma":0.7794707018839052,"Taucorr":0.11657519692644602},"EnergyVariance":{"Mean":60.6022372528616,"Sigma":7.506066619733869,"Taucorr":-0.0336133428502422},"Iteration":2},
{"Acceptance":[0.6984593837535014],"Energy":{"Mean":-162.31451612903226,"Sigma":1.1156853179793889,"Taucorr":0.41761586657384553},"EnergyVariance":{"Mean":83.42527315296567,"Sigma":9.069000565341469,"Taucorr":0.05688083597547322},"Iteration":3},
{"Acceptance":[0.5824929971988796],"Energy":{"Mean":-168.50806451612905,"Sigma":1.2242774844785156,"Taucorr":0.4414610460563164},"EnergyVariance":{"Mean":97.91122528616027,"Sigma":12.351117918255614,"Taucorr":0.018383375374887767},"Iteration":4},
{"Acceptance":[0.4774509803921569],"Energy":{"Mean":-173.4516129032258,"Sigma":0.8714728722388398,"Taucorr":0.13625887718651675},"EnergyVariance":{"Mean":73.40894901144642,"Sigma":7.278088286084118,"Taucorr":-0.10375065882922835},"Iteration":5},
{"Acceptance":[0.41246498599439774],"Energy":{"Mean":-179.0,"Sigma":0.6995582323367414,"Taucorr":0.005694444444443558},"EnergyVariance":{"Mean":59.51612903225806,"Sigma":9.253370030420006,"Taucorr":0.20419023304598316},"Iteration":6},
{"Acceptance":[0.3509803921568627],"Energy":{"Mean":-182.34677419354838,"Sigma":0.958176290500201,"Taucorr":0.6102673427499026},"EnergyVariance":{"Mean":50.85555411030177,"Sigma":7.683554307178043,"Taucorr":0.10563822126258404},"Iteration":7},
{"Acceptance":[0.3092436974789916],"Energy":{"Mean":-186.54032258064515,"Sigma":0.9637304852209948,"Taucorr":0.5662447933549188},"EnergyVariance":{"Mean":53.570954734651416,"Sigma":6.542516600860154,"Taucorr":0.09496669906221056},"Iteration":8},
{"Acceptance":[0.2707282913165266],"Energy":{"Mean":-190.18548387096772,"Sigma":0.6794771612245231,"Taucorr":0.29715962934221885},"EnergyVariance":{"Mean":35.61882154006244,"Sigma":5.154328145560681,"Taucorr":-0.04466244066408448},"Iteration":9},
{"Acceptance":[0.23879551820728293],"Energy":{"Mean":-192.62903225806448,"Sigma":0.7276112566649383,"Taucorr":0.387145677244666},"EnergyVariance":{"Mean":36.70109261186265,"Sigma":5.14377882230708,"Taucorr":0.019517756138786924},"Iteration":10},
{"Acceptance":[0.20826330532212886],"Energy":{"Mean":-194.33870967741942,"Sigma":0.6391724727165589,"Taucorr":0.3522236144323182},"EnergyVariance":{"Mean":29.48204994797086,"Sigma":3.618057147621724,"Taucorr":0.09840168329731414},"Iteration":11},
{"Acceptance":[0.18235294117647058],"Energy":{"Mean":-196.04838709677418,"Sigma":0.7423824039636715,"Taucorr":0.5342593768604877},"EnergyVariance":{"Mean":32.77185223725288,"Sigma":5.653522681091878,"Taucorr":0.09377465474861002},"Iteration":12},
{"Acceptance":[0.16988795518207284],"Energy":{"Mean":-198.29838709677423,"Sigma":0.4058409818291944,"Taucorr":0.025554824450405578},"EnergyVariance":{"Mean":19.273868366285118,"Sigma":2.496547350499117,"Taucorr":-0.06998597358896097},"Iteration":13},
{"Acceptance":[0.14565826330532214],"Energy":{"Mean":-199.03225806451613,"Sigma":0.5314999488518823,"Taucorr":0.5407825016363823},"EnergyVariance":{"Mean":16.69250780437045,"Sigma":2.860868871369039,"Taucorr":0.16648003031478142},"Iteration":14},
{"Acceptance":[0.13711484593837536],"Energy":{"Mean":-200.45967741935482,"Sigma":0.4102347829920716,"Taucorr":0.2040818132347022},"EnergyVariance":{"Mean":14.699986992715917,"Sigma":2.5259252532440883,"Taucorr":-0.002245190300824984},"Iteration":15},
{"Acceptance":[0.1253501400560224],"Energy":{"Mean":-201.3225806451613,"Sigma":0.33040248109600384,"Taucorr":0.4968885197775056},"EnergyVariance":{"Mean":6.73465140478668,"Sigma":1.1811727398881045,"Taucorr":0.18760608306837245},"Iteration":16},
{"Acceptance":[0.11484593837535013],"Energy":{"Mean":-201.70161290322582,"Sigma":0.3436089602816665,"Taucorr":0.6283525523765234},"EnergyVariance":{"Mean":6.435158688865764,"Sigma":1.1967169054449012,"Taucorr":0.4036841178718452},"Iteration":17},
{"Acceptance":[0.12170868347338935],"Energy":{"Mean":-201.1370967741936,"Sigma":0.3978839711857398,"Taucorr":0.6759235548712947},"EnergyVariance":{"Mean":8.27959157127992,"Sigma":1.7544763272152237,"Taucorr":0.6393007703220457},"Iteration":18},
{"Acceptance":[0.10980392156862745],"Energy":{"Mean":-202.1935483870968,"Sigma":0.1990264198094609,"Taucorr":0.06637232369662949},"EnergyVariance":{"Mean":4.301248699271593,"Sigma":0.6133387230868942,"Taucorr":-0.03624508623807504},"Iteration":19},
{"Acceptance":[0.10518207282913165],"Energy":{"Mean":-201.7661290322581,"Sigma":0.34135551341936426,"Taucorr":0.4215852730359768},"EnergyVariance":{"Mean":7.775949531737771,"Sigma":1.3748670438954163,"Taucorr":0.09588137391909546},"Iteration":20},
{"Acceptance":[0.09873949579831932],"Energy":{"Mean":-202.49999999999997,"Sigma":0.19434201090937891,"Taucorr":0.14148106904231694},"EnergyVariance":{"Mean":3.6209677419354844,"Sigma":0.5655750437146533,"Taucorr":-0.06023145590416423},"Iteration":21},
{"Acceptance":[0.09369747899159664],"Energy":{"Mean":-202.9112903225806,"Sigma":0.18460521197193028,"Taucorr":0.29714052489673404},"EnergyVariance":{"Mean":2.6292273673257025,"Sigma":0.4175680065705888,"Taucorr":0.31407107795651334},"Iteration":22},
{"Acceptance":[0.09551820728291316],"Energy":{"Mean":-203.05645161290323,"Sigma":0.15968284991308526,"Taucorr":0.19795061799866898},"EnergyVariance":{"Mean":2.246813215400624,"Sigma":0.35614961858619826,"Taucorr":0.04389989525617677},"Iteration":23},
{"Acceptance":[0.09341736694677871],"Energy":{"Mean":-203.0,"Sigma":0.23617698849056665,"Taucorr":0.51279761904762},"EnergyVariance":{"Mean":3.387096774193548,"Sigma":1.8309553997932093,"Taucorr":0.6683604369003602},"Iteration":24},
{"Acceptance":[0.08669467787114846],"Energy":{"Mean":-203.24999999999994,"Sigma":0.1502685767593815,"Taucorr":0.257755775577553},"EnergyVariance":{"Mean":1.8326612903225807,"Sigma":0.37293773326961505,"Taucorr":0.26847113335348516},"Iteration":25},
{"Acceptance":[0.08431372549019608],"Energy":{"Mean":-203.10483870967747,"Sigma":0.14469758673165933,"Taucorr":0.019015912129395907},"EnergyVariance":{"Mean":2.4809443288241417,"Sigma":0.5123817230438784,"Taucorr":-0.011285592734828154},"Iteration":26},
{"Acceptance":[0.08585434173669468],"Energy":{"Mean":-203.14516129032256,"Sigma":0.21244043869532597,"Taucorr":0.19474669531809308},"EnergyVariance":{"Mean":3.9950572320499487,"Sigma":1.0546849652153918,"Taucorr":0.07326041170420095},"Iteration":27},
{"Acceptance":[0.08669467787114846],"Energy":{"Mean":-203.2661290322581,"Sigma":0.1520184464042873,"Taucorr":0.07178366780920564},"EnergyVariance":{"Mean":2.4856269510926126,"Sigma":0.5885418578107856,"Taucorr":-0.028743920155550717},"Iteration":28},
{"Acceptance":[0.08543417366946779],"Energy":{"Mean":-203.37903225806448,"Sigma":0.14287324620600794,"Taucorr":0.06160134997526201},"EnergyVariance":{"Mean":2.2353668054110303,"Sigma":0.6430427997568993,"Taucorr":0.05936313241503466},"Iteration":29} 
]}