{"Output": [
{"Acceptance":[0.9230632551528074],"Energy":{"Mean":-2493.7580645161293,"Sigma":3.6313391711881216,"Taucorr":0.18193382803149682},"EnergyVariance":{"Mean":1189.2317898022893,"Sigma":202.4538086739189,"Taucorr":0.13142689669195895},"Iteration":0},
{"Acceptance":[0.9174840085287846],"Energy":{"Mean":-2493.2983870967737,"Sigma":3.574879112078179,"Taucorr":0.11680239807205883},"EnergyVariance":{"Mean":1274.2416103017686,"Sigma":206.0947192121783,"Taucorr":0.20601521450706195},"Iteration":1},
{"Acceptance":[0.9114427860696518],"Energy":{"Mean":-2488.6370967741937,"Sigma":3.543201856578595,"Taucorr":0.14742420217545005},"EnergyVariance":{"Mean":1192.5537851196668,"Sigma":147.80277879290864,"Taucorr":-0.04418113449820038},"Iteration":2},
{"Acceptance":[0.9057569296375266],"Energy":{"Mean":-2486.491935483871,"Sigma":3.2251424047697603,"Taucorr":0.1475015402598152},"EnergyVariance":{"Mean":987.9434833506763,"Sigma":112.45559048464865,"Taucorr":-0.005120615973048748},"Iteration":3},
{"Acceptance":[0.8988272921108742],"Energy":{"Mean":-2488.814516129032,"Sigma":3.0263841528435758,"Taucorr":-0.03549205906526903},"EnergyVariance":{"Mean":1212.6349505723203,"Sigma":152.96893422428738,"Taucorr":0.07209546810547529},"Iteration":4},
{"Acceptance":[0.8963752665245203],"Energy":{"Mean":-2492.306451612904,"Sigma":3.276006569386556,"Taucorr":0.010228553610919344},"EnergyVariance":{"Mean":1293.5996357960457,"Sigma":140.82242810841174,"Taucorr":-0.15086723216808873},"Iteration":5},
{"Acceptance":[0.8848969438521678],"Energy":{"Mean":-2497.120967741935,"Sigma":3.0138986060403874,"Taucorr":0.07265582212637434},"EnergyVariance":{"Mean":975.5256893860563,"Sigma":109.04300970642012,"Taucorr":-0.06538575966247945},"Iteration":6},
{"Acceptance":[0.8825515280739161],"Energy":{"Mean":-2499.0725806451615,"Sigma":2.902821059002729,"Taucorr":0.008115400074241164},"EnergyVariance":{"Mean":1019.8898933402704,"Sigma":129.0084113494243,"Taucorr":-0.010096600960598723},"Iteration":7},
{"Acceptance":[0.8713930348258706],"Energy":{"Mean":-2492.451612903226,"Sigma":3.0104749775914224,"Taucorr":0.09767295943985455},"EnergyVariance":{"Mean":932.5702393340271,"Sigma":121.2310827724797,"Taucorr":0.02838866894602443},"Iteration":8},
{"Acceptance":[0.8754442075337597],"Energy":{"Mean":-2501.129032258065,"Sigma":3.4784449731378726,"Taucorr":0.17856623415503936},"EnergyVariance":{"Mean":1096.612382934443,"Sigma":138.08949657509254,"Taucorr":0.10481157975771593},"Iteration":9},
{"Acceptance":[0.8678393745557925],"Energy":{"Mean":-2496.072580645161,"Sigma":4.373432031596962,"Taucorr":0.43220090192293126},"EnergyVariance":{"Mean":1261.8576352757543,"Sigma":132.55727958532762,"Taucorr":-0.11363585057437126},"Iteration":10},
{"Acceptance":[0.8549751243781094],"Energy":{"Mean":-2500.4032258064517,"Sigma":2.9583278983598778,"Taucorr":-0.0347338413216986},"EnergyVariance":{"Mean":1156.8212799167536,"Sigma":111.42914207026193,"Taucorr":-0.11616293476960282},"Iteration":11},
{"Acceptance":[0.8488272921108742],"Energy":{"Mean":-2499.766129032258,"Sigma":2.9081119277619454,"Taucorr":-0.020755461535403585},"EnergyVariance":{"Mean":1085.2759495317378,"Sigma":147.12662728906128,"Taucorr":-0.03317860209505186},"Iteration":12},
{"Acceptance":[0.8244491826581379],"Energy":{"Mean":-2497.1048387096776,"Sigma":2.9673350293743734,"Taucorr":-0.02395755309507852},"EnergyVariance":{"Mean":1137.5293314255982,"Sigma":164.96056739326724,"Taucorr":0.009398721347520178},"Iteration":13},
{"Acceptance":[0.8247690120824449],"Energy":{"Mean":-2503.451612903225,"Sigma":3.01049730099636,"Taucorr":0.0853014757585221},"EnergyVariance":{"Mean":952.29604578564,"Sigma":113.98123574826249,"Taucorr":-0.13402745287965767},"Iteration":14},
{"Acceptance":[0.7881663113006396],"Energy":{"Mean":-2512.08870967742,"Sigma":2.604884483102604,"Taucorr":-0.06210860199181223},"EnergyVariance":{"Mean":952.9840660770029,"Sigma":144.07177107231115,"Taucorr":0.07277989857437006},"Iteration":15},
{"Acceptance":[0.71954513148543],"Energy":{"Mean":-2527.6290322580644,"Sigma":3.5270054725207283,"Taucorr":0.12230281410431676},"EnergyVariance":{"Mean":1229.3785119667014,"Sigma":146.18926363717392,"Taucorr":0.0414991553858004},"Iteration":16},
{"Acceptance":[0.6380597014925373],"Energy":{"Mean":-2538.870967741935,"Sigma":3.541134450227644,"Taucorr":0.1623305545985546},"EnergyVariance":{"Mean":1164.354318418314,"Sigma":189.22252979197845,"Taucorr":-0.030278910670341497},"Iteration":17},
{"Acceptance":[0.5552949538024164],"Energy":{"Mean":-2568.758064516129,"Sigma":3.2789341442672884,"Taucorr":0.12661282012026187},"EnergyVariance":{"Mean":1055.2156607700313,"Sigma":154.57802928523876,"Taucorr":0.11590431313230276},"Iteration":18},
{"Acceptance":[0.4720326936744847],"Energy":{"Mean":-2592.693548387097,"Sigma":3.1620802173139695,"Taucorr":0.17648104419686372},"EnergyVariance":{"Mean":909.0028616024972,"Sigma":121.1977924924041,"Taucorr":-0.09426597605312459},"Iteration":19},
{"Acceptance":[0.410589907604833],"Energy":{"Mean":-2626.4354838709673,"Sigma":3.275334829431029,"Taucorr":0.32416528797780964},"EnergyVariance":{"Mean":800.5200312174818,"Sigma":117.87204414464728,"Taucorr":0.15536619692945508},"Iteration":20},
{"Acceptance":[0.345273631840796],"Energy":{"Mean":-2656.201612903226,"Sigma":2.9220247103521264,"Taucorr":0.3226892453397925},"EnergyVariance":{"Mean":638.2738683662849,"Sigma":78.67148206783368,"Taucorr":-0.046796308750783555},"Iteration":21},
{"Acceptance":[0.29012082444918263],"Energy":{"Mean":-2685.145161290322,"Sigma":2.4905945168814543,"Taucorr":0.1516550439423865},"EnergyVariance":{"Mean":585.4144120707597,"Sigma":57.10033779734474,"Taucorr":-0.11069864901426324},"Iteration":22},
{"Acceptance":[0.25593461265103057],"Energy":{"Mean":-2709.145161290322,"Sigma":2.8479329939172513,"Taucorr":0.5233107626704776},"EnergyVariance":{"Mean":487.4466701352757,"Sigma":74.06879818776557,"Taucorr":0.05435258464926085},"Iteration":23},
{"Acceptance":[0.23820184790334045],"Energy":{"Mean":-2716.9999999999995,"Sigma":2.6315139352467574,"Taucorr":0.38123727597370327},"EnergyVariance":{"Mean":483.2741935483872,"Sigma":82.74187283843372,"Taucorr":0.09358317995684973},"Iteration":24},
{"Acceptance":[0.2152096659559346],"Energy":{"Mean":-2730.967741935484,"Sigma":2.782040664718202,"Taucorr":0.5659058948263718},"EnergyVariance":{"Mean":446.5634755463059,"Sigma":48.13636490601209,"Taucorr":-0.054521294673795684},"Iteration":25},
{"Acceptance":[0.17277896233120113],"Energy":{"Mean":-2754.9435483870966,"Sigma":1.938424066056805,"Taucorr":0.36720167974728624},"EnergyVariance":{"Mean":266.47261966701353,"Sigma":51.11765133770933,"Taucorr":0.024047614615543722},"Iteration":26},
{"Acceptance":[0.15852878464818762],"Energy":{"Mean":-2767.3467741935483,"Sigma":1.6922370755321925,"Taucorr":0.3500678842191858},"EnergyVariance":{"Mean":207.17813475546308,"Sigma":23.57307496538812,"Taucorr":-0.08070856249651187},"Iteration":27},
{"Acceptance":[0.13621179815209666],"Energy":{"Mean":-2781.556451612903,"Sigma":1.4839966052468905,"Taucorr":0.1355083266222057},"EnergyVariance":{"Mean":213.1177809573361,"Sigma":28.796198231634904,"Taucorr":0.1214785630538352},"Iteration":28},
{"Acceptance":[0.11428571428571428],"Energy":{"Mean":-2791.556451612902,"Sigma":1.2097114690548312,"Taucorr":0.17871864153067518},"EnergyVariance":{"Mean":132.60165192507804,"Sigma":16.261654106363952,"Taucorr":0.06460700882072812},"Iteration":29},
{"Acceptance":[0.10351812366737739],"Energy":{"Mean":-2800.604838709678,"Sigma":1.1317612946929476,"Taucorr":0.18693866671202153},"EnergyVariance":{"Mean":114.67449271592093,"Sigma":13.820405054810353,"Taucorr":-0.046825388107810506},"Iteration":30},
{"Acceptance":[0.09065387348969439],"Energy":{"Mean":-2803.596774193548,"Sigma":1.031146494926561,"Taucorr":0.24499857735204889},"EnergyVariance":{"Mean":87.77289281997918,"Sigma":9.50078037839746,"Taucorr":-0.03634929156793115},"Iteration":31},
{"Acceptance":[0.08002842928216063],"Energy":{"Mean":-2810.91935483871,"Sigma":0.7883891205999761,"Taucorr":0.021154030310231775},"EnergyVariance":{"Mean":73.34833506763786,"Sigma":10.596024652337704,"Taucorr":0.07682217320804885},"Iteration":32},
{"Acceptance":[0.0714641080312722],"Energy":{"Mean":-2814.862903225807,"Sigma":0.8471837207342062,"Taucorr":0.2571704291268392},"EnergyVariance":{"Mean":58.29572060353798,"Sigma":8.344177706264233,"Taucorr":0.053581457804312005},"Iteration":33},
{"Acceptance":[0.06719971570717839],"Energy":{"Mean":-2815.9758064516127,"Sigma":0.9064697889732423,"Taucorr":0.18716291088988202},"EnergyVariance":{"Mean":73.53973725286161,"Sigma":11.965105812228755,"Taucorr":0.08026556827626252},"Iteration":34},
{"Acceptance":[0.061691542288557215],"Energy":{"Mean":-2819.8225806451605,"Sigma":0.6608476094798632,"Taucorr":0.23034050635596792},"EnergyVariance":{"Mean":36.77497398543183,"Sigma":6.714885663827032,"Taucorr":0.2862461203693404},"Iteration":35},
{"Acceptance":[0.05522388059701493],"Energy":{"Mean":-2822.0403225806454,"Sigma":0.7730418180443891,"Taucorr":0.31718019501882333},"EnergyVariance":{"Mean":44.97418054110301,"Sigma":10.240328313660966,"Taucorr":0.32355607877122794},"Iteration":36},
{"Acceptance":[0.052487562189054725],"Energy":{"Mean":-2823.4838709677424,"Sigma":0.7611126091099154,"Taucorr":0.5377536638225073},"EnergyVariance":{"Mean":34.33038501560874,"Sigma":9.582275954427052,"Taucorr":0.537282056193479},"Iteration":37},
{"Acceptance":[0.04442075337597726],"Energy":{"Mean":-2824.8709677419347,"Sigma":0.6822313729240684,"Taucorr":0.3308746130030812},"EnergyVariance":{"Mean":34.45109261186264,"Sigma":5.448231612226548,"Taucorr":-0.018952426667066036},"Iteration":38},
{"Acceptance":[0.045344705046197586],"Energy":{"Mean":-2824.7903225806454,"Sigma":0.7791897478779217,"Taucorr":0.3814814928544705},"EnergyVariance":{"Mean":42.35926118626432,"Sigma":9.516175647860718,"Taucorr":0.06988701073728099},"Iteration":39},
{"Acceptance":[0.04171997157071784],"Energy":{"Mean":-2826.935483870968,"Sigma":0.44176572361515715,"Taucorr":0.16219248765645766},"EnergyVariance":{"Mean":18.12486992715921,"Sigma":2.486711926867662,"Taucorr":-0.043904373815151054},"Iteration":40},
{"Acceptance":[0.03958777540867093],"Energy":{"Mean":-2827.9758064516136,"Sigma":0.5305650820381868,"Taucorr":0.4952646947756618},"EnergyVariance":{"Mean":17.394575962539026,"Sigma":2.9120814926876926,"Taucorr":0.0547425420435228},"Iteration":41},
{"Acceptance":[0.03869936034115139],"Energy":{"Mean":-2827.7177419354844,"Sigma":0.5108686908447737,"Taucorr":0.21770597353043686},"EnergyVariance":{"Mean":22.363878772112386,"Sigma":5.073001044499851,"Taucorr":0.06153418900263086},"Iteration":42},
{"Acceptance":[0.03503909026297086],"Energy":{"Mean":-2828.991935483871,"Sigma":0.42430903207444925,"Taucorr":0.24335515026609866},"EnergyVariance":{"Mean":14.895096253902189,"Sigma":2.607977812089073,"Taucorr":-0.03221654615058889},"Iteration":43},
{"Acceptance":[0.034399431414356786],"Energy":{"Mean":-2829.4516129032268,"Sigma":0.3962898083593475,"Taucorr":0.15706011963750388},"EnergyVariance":{"Mean":14.69927159209157,"Sigma":2.351615977338276,"Taucorr":0.09897858012229321},"Iteration":44},
{"Acceptance":[0.032658137882018476],"Energy":{"Mean":-2829.5967741935488,"Sigma":0.4555035939559938,"Taucorr":0.29199053816218934},"EnergyVariance":{"Mean":16.111602497398547,"Sigma":4.2433925174383145,"Taucorr":0.1774014780248141},"Iteration":45},
{"Acceptance":[0.03070362473347548],"Energy":{"Mean":-2831.1048387096766,"Sigma":0.33835747177021386,"Taucorr":0.15860298456611477},"EnergyVariance":{"Mean":10.69062174817898,"Sigma":2.155390892241519,"Taucorr":0.003980904550345943},"Iteration":46},
{"Acceptance":[0.03052594171997157],"Energy":{"Mean":-2830.5806451612902,"Sigma":0.49627471049419203,"Taucorr":0.24822787087486997},"EnergyVariance":{"Mean":20.243496357960453,"Sigma":4.739569362283426,"Taucorr":0.38858009238647095},"Iteration":47},
{"Acceptance":[0.03393745557924662],"Energy":{"Mean":-2831.7016129032268,"Sigma":0.33489272773710566,"Taucorr":0.4099112007205751},"EnergyVariance":{"Mean":7.580319979188344,"Sigma":1.0063543609817365,"Taucorr":0.0665396341040847},"Iteration":48},
{"Acceptance":[0.030774697938877042],"Energy":{"Mean":-2831.4193548387098,"Sigma":0.6867003753314811,"Taucorr":0.7297738554881334},"EnergyVariance":{"Mean":23.58220603537982,"Sigma":7.0073901473327815,"Taucorr":0.6775181316862384},"Iteration":49} 
]}