{"Output": [
{"Acceptance":[0.8487394957983193],"Energy":{"Mean":-157.16129032258067,"Sigma":0.7049697228205293,"Taucorr":0.028532484007666725},"EnergyVariance":{"Mean":57.828824141519256,"Sigma":8.257628056344968,"Taucorr":0.15318888021810373},"Iteration":0},
{"Acceptance":[0.8148459383753501],"Energy":{"Mean":-157.5241935483871,"Sigma":0.8675260554103346,"Taucorr":0.11180930766354036},"EnergyVariance":{"Mean":75.65264047866808,"Sigma":10.762658548782587,"Taucorr":-0.004571157787026825},"Iteration":1},
{"Acceptance":[0.765126050420168],"Energy":{"Mean":-159.84677419354838,"Sigma":0.9207638702468696,"Taucorr":0.21566370030359905},"EnergyVariance":{"Mean":72.85555411030175,"Sigma":9.786162036348147,"Taucorr":0.08381930565770435},"Iteration":2},
{"Acceptance":[0.7212885154061625],"Energy":{"Mean":-161.25000000000003,"Sigma":0.7743363443578948,"Taucorr":0.027807116266989618},"EnergyVariance":{"Mean":69.8649193548387,"Sigma":8.630298306781214,"Taucorr":-0.055257903380835804},"Iteration":3},
{"Acceptance":[0.6498599439775911],"Energy":{"Mean":-164.70967741935485,"Sigma":0.855806917711208,"Taucorr":0.1670199938361966},"EnergyVariance":{"Mean":67.528616024974,"Sigma":9.53148444346237,"Taucorr":0.1993422415089634},"Iteration":4},
{"Acceptance":[0.5819327731092437],"Energy":{"Mean":-168.78225806451618,"Sigma":1.0192199958451684,"Taucorr":0.4918418058103612},"EnergyVariance":{"Mean":64.41226586888658,"Sigma":9.95451636615625,"Taucorr":0.20038629149023568},"Iteration":5},
{"Acceptance":[0.5127450980392156],"Energy":{"Mean":-173.5,"Sigma":0.8319073821484688,"Taucorr":0.17001713850450695},"EnergyVariance":{"Mean":63.524193548387096,"Sigma":7.2782574538376075,"Taucorr":0.09506172810174707},"Iteration":6},
{"Acceptance":[0.4676470588235294],"Energy":{"Mean":-177.3548387096774,"Sigma":0.6974198024527836,"Taucorr":0.21353738752715046},"EnergyVariance":{"Mean":41.92247658688866,"Sigma":5.097608192840553,"Taucorr":-0.01006220298345406},"Iteration":7},
{"Acceptance":[0.4169467787114846],"Energy":{"Mean":-179.6612903225806,"Sigma":0.6016943356343921,"Taucorr":-0.04811961795747671},"EnergyVariance":{"Mean":49.27237252861603,"Sigma":6.580299766737655,"Taucorr":0.13846362800722256},"Iteration":8},
{"Acceptance":[0.3637254901960784],"Energy":{"Mean":-183.22580645161287,"Sigma":0.6238273772453091,"Taucorr":0.2602417902060895},"EnergyVariance":{"Mean":31.48126951092612,"Sigma":4.109866417931982,"Taucorr":-0.058419344116331984},"Iteration":9},
{"Acceptance":[0.34551820728291316],"Energy":{"Mean":-183.39516129032256,"Sigma":0.6841891631418934,"Taucorr":0.2294867759483593},"EnergyVariance":{"Mean":39.46481529656609,"Sigma":4.740505694200667,"Taucorr":-0.03731208930908214},"Iteration":10},
{"Acceptance":[0.315266106442577],"Energy":{"Mean":-186.13709677419362,"Sigma":0.6382560570111951,"Taucorr":0.32739900210275374},"EnergyVariance":{"Mean":30.279591571279912,"Sigma":3.86127807044531,"Taucorr":-0.04850829064167905},"Iteration":11},
{"Acceptance":[0.2969187675070028],"Energy":{"Mean":-187.74193548387095,"Sigma":0.616799303263563,"Taucorr":0.39386218171698884},"EnergyVariance":{"Mean":26.175338189386057,"Sigma":3.1160096500104184,"Taucorr":-0.07915873998445294},"Iteration":12},
{"Acceptance":[0.2619047619047619],"Energy":{"Mean":-189.94354838709677,"Sigma":0.6396098522490092,"Taucorr":0.51668431855393},"EnergyVariance":{"Mean":24.746813215400618,"Sigma":2.7532426222340933,"Taucorr":0.08753314884069086},"Iteration":13},
{"Acceptance":[0.23151260504201682],"Energy":{"Mean":-191.72580645161293,"Sigma":0.621020106715434,"Taucorr":0.3628240070408535},"EnergyVariance":{"Mean":27.489334027055154,"Sigma":3.839324605787642,"Taucorr":0.04931466374859084},"Iteration":14},
{"Acceptance":[0.211484593837535],"Energy":{"Mean":-193.20161290322582,"Sigma":0.4329225754052628,"Taucorr":0.1520557168243175},"EnergyVariance":{"Mean":17.677094172736737,"Sigma":2.5708753244783438,"Taucorr":0.06807515379543161},"Iteration":15},
{"Acceptance":[0.1850140056022409],"Energy":{"Mean":-195.31451612903226,"Sigma":0.5654677079681638,"Taucorr":0.3494141376685168},"EnergyVariance":{"Mean":23.151079604578563,"Sigma":3.527408492299896,"Taucorr":0.03626891473978355},"Iteration":16},
{"Acceptance":[0.16554621848739495],"Energy":{"Mean":-196.62903225806457,"Sigma":0.5161206316520641,"Taucorr":0.649684162482882},"EnergyVariance":{"Mean":14.249479708636837,"Sigma":1.563706506292413,"Taucorr":-0.022634509597925845},"Iteration":17},
{"Acceptance":[0.1550420168067227],"Energy":{"Mean":-197.65322580645164,"Sigma":0.3893193362937545,"Taucorr":0.13436502772872327},"EnergyVariance":{"Mean":14.694263787721125,"Sigma":1.9255690336030833,"Taucorr":0.04189190310098856},"Iteration":18},
{"Acceptance":[0.14173669467787114],"Energy":{"Mean":-198.13709677419357,"Sigma":0.5030603532804627,"Taucorr":0.5121889631894838},"EnergyVariance":{"Mean":15.376365764828304,"Sigma":4.344700031872507,"Taucorr":0.4951372258987202},"Iteration":19},
{"Acceptance":[0.11386554621848739],"Energy":{"Mean":-199.33870967741933,"Sigma":0.4187392089922039,"Taucorr":0.4248761685892165},"EnergyVariance":{"Mean":11.659469302809574,"Sigma":1.9198388832356976,"Taucorr":-0.015679869021044346},"Iteration":20},
{"Acceptance":[0.09243697478991597],"Energy":{"Mean":-200.00000000000003,"Sigma":0.40211136316584856,"Taucorr":0.5123768472906407},"EnergyVariance":{"Mean":9.82258064516129,"Sigma":2.068555985229936,"Taucorr":0.5558134734873308},"Iteration":21},
{"Acceptance":[0.08557422969187675],"Energy":{"Mean":-201.25806451612902,"Sigma":0.2795647228637014,"Taucorr":0.2047314821878119},"EnergyVariance":{"Mean":6.8204994797086345,"Sigma":0.9992468233584133,"Taucorr":0.02361359291627474},"Iteration":22},
{"Acceptance":[0.08109243697478992],"Energy":{"Mean":-200.85483870967747,"Sigma":0.3510303944710852,"Taucorr":0.33351454977252837},"EnergyVariance":{"Mean":9.091831425598334,"Sigma":1.1139013047048896,"Taucorr":0.10954932166116504},"Iteration":23},
{"Acceptance":[0.0726890756302521],"Energy":{"Mean":-201.6451612903226,"Sigma":0.3166045907354837,"Taucorr":0.6335011479957899},"EnergyVariance":{"Mean":5.438605619146721,"Sigma":1.1767425267131701,"Taucorr":0.4833161909866762},"Iteration":24},
{"Acceptance":[0.06792717086834733],"Energy":{"Mean":-202.08870967741933,"Sigma":0.22999193157212372,"Taucorr":0.3099749008177506},"EnergyVariance":{"Mean":4.01632414151925,"Sigma":0.7630594474330041,"Taucorr":0.1667890109656618},"Iteration":25},
{"Acceptance":[0.06274509803921569],"Energy":{"Mean":-202.01612903225805,"Sigma":0.21406695637256576,"Taucorr":0.31655423230572133},"EnergyVariance":{"Mean":3.4513527575442247,"Sigma":0.5198688884829871,"Taucorr":0.014462693046263686},"Iteration":26},
{"Acceptance":[0.05826330532212885],"Energy":{"Mean":-201.6129032258065,"Sigma":0.343886450860853,"Taucorr":0.6224955833935568},"EnergyVariance":{"Mean":6.479188345473466,"Sigma":1.4093666636465618,"Taucorr":0.513096476787078},"Iteration":27},
{"Acceptance":[0.04775910364145658],"Energy":{"Mean":-202.75,"Sigma":0.17997909078078927,"Taucorr":0.26894941634241365},"EnergyVariance":{"Mean":2.5907258064516134,"Sigma":0.45716038857388636,"Taucorr":0.2715729535421445},"Iteration":28},
{"Acceptance":[0.04579831932773109],"Energy":{"Mean":-202.99193548387095,"Sigma":0.17600856489108496,"Taucorr":0.328956676759391},"EnergyVariance":{"Mean":2.298322060353798,"Sigma":0.5740060839137134,"Taucorr":0.13844472261384044},"Iteration":29} 
]}