{"Output": [
{"Acceptance":[0.6359280151464877],"Energy":{"Mean":-543.3377016129032,"Sigma":0.8528093144447192,"Taucorr":0.8809918548214737},"EnergyVariance":{"Mean":260.9494656851587,"Sigma":13.032841197901659,"Taucorr":0.14212334779133085},"Iteration":0},
{"Acceptance":[0.5126090605664317],"Energy":{"Mean":-559.875,"Sigma":0.8776804661561329,"Taucorr":0.9832021531038062},"EnergyVariance":{"Mean":257.3452620967742,"Sigma":14.320081817542421,"Taucorr":0.20816852054989066},"Iteration":1},
{"Acceptance":[0.4201784006402124],"Energy":{"Mean":-574.5685483870967,"Sigma":0.7568951351547079,"Taucorr":0.7189290357435383},"EnergyVariance":{"Mean":232.88239789281997,"Sigma":14.858945341472298,"Taucorr":0.39137606770204814},"Iteration":2},
{"Acceptance":[0.34867175453321103],"Energy":{"Mean":-588.8417338709677,"Sigma":0.679742918862728,"Taucorr":0.8095893511921017},"EnergyVariance":{"Mean":174.82273409046564,"Sigma":9.665274302504042,"Taucorr":0.31157802789852496},"Iteration":3},
{"Acceptance":[0.28800772939316455],"Energy":{"Mean":-599.5372983870967,"Sigma":0.5419917720504088,"Taucorr":0.8630990145515143},"EnergyVariance":{"Mean":106.78288302386837,"Sigma":5.32194511217966,"Taucorr":0.09588439966973428},"Iteration":4},
{"Acceptance":[0.24266585989498957],"Energy":{"Mean":-607.0141129032257,"Sigma":0.43468477560755375,"Taucorr":0.5847254369643688},"EnergyVariance":{"Mean":86.31230082596252,"Sigma":5.150656968420264,"Taucorr":0.17733827000881874},"Iteration":5},
{"Acceptance":[0.2027599398824976],"Energy":{"Mean":-613.3991935483871,"Sigma":0.41084996455513784,"Taucorr":0.668627810007768},"EnergyVariance":{"Mean":71.57048322060352,"Sigma":4.7600190516312475,"Taucorr":0.3886584390460872},"Iteration":6},
{"Acceptance":[0.17806882282903597],"Energy":{"Mean":-617.4516129032257,"Sigma":0.313894197433822,"Taucorr":0.27482288544370326},"EnergyVariance":{"Mean":63.00975546305933,"Sigma":3.620499512367727,"Taucorr":0.2398828504591637},"Iteration":7},
{"Acceptance":[0.15303612905744343],"Energy":{"Mean":-621.460685483871,"Sigma":0.34493006069326776,"Taucorr":0.8161851794217416},"EnergyVariance":{"Mean":44.79079307849896,"Sigma":2.947386320153785,"Taucorr":0.25304744552587255},"Iteration":8},
{"Acceptance":[0.13573282845041282],"Energy":{"Mean":-624.3719758064516,"Sigma":0.3932081387386025,"Taucorr":1.4654026062627776},"EnergyVariance":{"Mean":38.979577547801775,"Sigma":2.845468961403013,"Taucorr":0.41341266495698403},"Iteration":9},
{"Acceptance":[0.11865399254386821],"Energy":{"Mean":-627.8215725806452,"Sigma":0.36924684483213766,"Taucorr":1.2227548490044071},"EnergyVariance":{"Mean":39.215139462473985,"Sigma":2.2392167188670644,"Taucorr":0.17043319646118305},"Iteration":10},
{"Acceptance":[0.10437608572599692],"Energy":{"Mean":-629.8175403225807,"Sigma":0.4542286956403239,"Taucorr":2.937817516815975},"EnergyVariance":{"Mean":29.737877820954733,"Sigma":1.6253986223995573,"Taucorr":0.2708625528419808},"Iteration":11},
{"Acceptance":[0.08814631194737767],"Energy":{"Mean":-633.3830645161289,"Sigma":0.4676666866844174,"Taucorr":3.061836005835935},"EnergyVariance":{"Mean":30.42584222164412,"Sigma":1.8313070406989183,"Taucorr":0.48903902859307036},"Iteration":12},
{"Acceptance":[0.0693595924501786],"Energy":{"Mean":-636.6078629032259,"Sigma":0.34092755845300887,"Taucorr":2.3282533940520413},"EnergyVariance":{"Mean":20.3633655941077,"Sigma":1.675890083192421,"Taucorr":0.7326803813271079},"Iteration":13},
{"Acceptance":[0.056965237249429077],"Energy":{"Mean":-637.7762096774193,"Sigma":0.4093966658219467,"Taucorr":3.4825453111996216},"EnergyVariance":{"Mean":20.853143697970868,"Sigma":3.8015530316680097,"Taucorr":2.878648444139989},"Iteration":14},
{"Acceptance":[0.04582007690355825],"Energy":{"Mean":-639.530241935484,"Sigma":0.1615205430207699,"Taucorr":0.6791739972801993},"EnergyVariance":{"Mean":10.962795102757543,"Sigma":0.9552791087266056,"Taucorr":0.5905447355393394},"Iteration":15},
{"Acceptance":[0.038842152518884315],"Energy":{"Mean":-640.0221774193548,"Sigma":0.17584875748746243,"Taucorr":0.9826751561039875},"EnergyVariance":{"Mean":10.334185581425599,"Sigma":0.8547015050258902,"Taucorr":0.36077714766931646},"Iteration":16},
{"Acceptance":[0.035094567954248236],"Energy":{"Mean":-640.5574596774194,"Sigma":0.17299456223070184,"Taucorr":1.346462193870525},"EnergyVariance":{"Mean":8.03097257901925,"Sigma":1.1644400906657968,"Taucorr":1.3242779018035744},"Iteration":17},
{"Acceptance":[0.03158120742490192],"Energy":{"Mean":-641.1421370967741,"Sigma":0.15413105364835195,"Taucorr":1.090246841972665},"EnergyVariance":{"Mean":7.402176077978668,"Sigma":1.6406446601867228,"Taucorr":0.612277678285494},"Iteration":18},
{"Acceptance":[0.02798001288232194],"Energy":{"Mean":-641.5907258064517,"Sigma":0.08804738105778251,"Taucorr":0.42537829641519387},"EnergyVariance":{"Mean":4.151043021592092,"Sigma":0.4031803258803783,"Taucorr":0.2947741288113437},"Iteration":19},
{"Acceptance":[0.023968926277984894],"Energy":{"Mean":-641.8286290322582,"Sigma":0.08059432201291773,"Taucorr":0.3072951576270473},"EnergyVariance":{"Mean":3.9867610236732567,"Sigma":0.41573323806991985,"Taucorr":0.1644413511635785},"Iteration":20},
{"Acceptance":[0.022124412000078076],"Energy":{"Mean":-641.9768145161289,"Sigma":0.08907435124337269,"Taucorr":0.6021622952122738},"EnergyVariance":{"Mean":3.567002755918314,"Sigma":0.6051924356529089,"Taucorr":0.6289939055616325},"Iteration":21},
{"Acceptance":[0.022241524017722954],"Energy":{"Mean":-642.070564516129,"Sigma":0.1131381963536572,"Taucorr":1.2452645903588797},"EnergyVariance":{"Mean":3.6341335522892817,"Sigma":0.8975474888565569,"Taucorr":1.3832070427114351},"Iteration":22},
{"Acceptance":[0.020201823043741338],"Energy":{"Mean":-642.3094758064515,"Sigma":0.07506934012806732,"Taucorr":0.7847942927224452},"EnergyVariance":{"Mean":2.1733779510275757,"Sigma":0.36304189350472127,"Taucorr":0.4563146370541331},"Iteration":23},
{"Acceptance":[0.01846466144867566],"Energy":{"Mean":-642.4596774193548,"Sigma":0.0494890209850423,"Taucorr":0.2856055981251864},"EnergyVariance":{"Mean":1.5447450572320498,"Sigma":0.2051427400738159,"Taucorr":0.06729663198321201},"Iteration":24},
{"Acceptance":[0.01705931723693713],"Energy":{"Mean":-642.5625,"Sigma":0.05412658773652481,"Taucorr":0.6059206105403452},"EnergyVariance":{"Mean":1.312626008064516,"Sigma":0.32050168590380124,"Taucorr":0.869244992267509},"Iteration":25},
{"Acceptance":[0.017332578611441843],"Energy":{"Mean":-642.6108870967744,"Sigma":0.04593796196272589,"Taucorr":0.29315239901128076},"EnergyVariance":{"Mean":1.3183492130593133,"Sigma":0.23756749251698836,"Taucorr":-2.7406338312496725e-05},"Iteration":26},
{"Acceptance":[0.018230437413385904],"Energy":{"Mean":-642.6260080645162,"Sigma":0.0540000254926651,"Taucorr":0.4802163223951931},"EnergyVariance":{"Mean":1.4740413225156088,"Sigma":0.320234927528914,"Taucorr":0.3407241913428297},"Iteration":27},
{"Acceptance":[0.016337126461460388],"Energy":{"Mean":-642.6804435483871,"Sigma":0.043274821502025114,"Taucorr":0.4531986046957679},"EnergyVariance":{"Mean":0.9734885129422479,"Sigma":0.19515934259387469,"Taucorr":0.4826835016777117},"Iteration":28},
{"Acceptance":[0.016825093201647375],"Energy":{"Mean":-642.6824596774195,"Sigma":0.048000527966370936,"Taucorr":0.5654286999516356},"EnergyVariance":{"Mean":1.0715471757934445,"Sigma":0.2632769094206763,"Taucorr":0.6286327858881857},"Iteration":29},
{"Acceptance":[0.016054105752151934],"Energy":{"Mean":-642.7822580645162,"Sigma":0.033659896617564064,"Taucorr":0.32022262606096774},"EnergyVariance":{"Mean":0.6844432882414152,"Sigma":0.16881182983576518,"Taucorr":0.23559068305300357},"Iteration":30},
{"Acceptance":[0.01616145843499307],"Energy":{"Mean":-642.7721774193549,"Sigma":0.03526593324328698,"Taucorr":0.3368327749167125},"EnergyVariance":{"Mean":0.736403323361082,"Sigma":0.1686467996360538,"Taucorr":0.20337660454002993},"Iteration":31},
{"Acceptance":[0.014492612183553568],"Energy":{"Mean":-642.8215725806451,"Sigma":0.03544413708882617,"Taucorr":0.5371031030522175},"EnergyVariance":{"Mean":0.6002201076352758,"Sigma":0.17287034290007655,"Taucorr":0.4701665550465739},"Iteration":32},
{"Acceptance":[0.01444381550953487],"Energy":{"Mean":-642.8770161290322,"Sigma":0.029732492217754505,"Taucorr":0.6170506335234942},"EnergyVariance":{"Mean":0.3921330319979189,"Sigma":0.12999361612822413,"Taucorr":0.3016669246765904},"Iteration":33},
{"Acceptance":[0.015097690941385435],"Energy":{"Mean":-642.7802419354839,"Sigma":0.04236190480862866,"Taucorr":0.2616631616454772},"EnergyVariance":{"Mean":1.1674321995317378,"Sigma":0.32200078131410903,"Taucorr":0.0874628345574402},"Iteration":34},
{"Acceptance":[0.015409989655105108],"Energy":{"Mean":-642.8266129032259,"Sigma":0.03495625114983191,"Taucorr":0.3293924048048015},"EnergyVariance":{"Mean":0.7300175598335066,"Sigma":0.22301285976309163,"Taucorr":0.2733196904765177},"Iteration":35},
{"Acceptance":[0.014404778170319911],"Energy":{"Mean":-642.9254032258062,"Sigma":0.021084378859978603,"Taucorr":1.1010631173612173},"EnergyVariance":{"Mean":0.13758048257023936,"Sigma":0.04860452346442704,"Taucorr":0.6039578160377623},"Iteration":36},
{"Acceptance":[0.01488298557570316],"Energy":{"Mean":-642.897177419355,"Sigma":0.029314867401133524,"Taucorr":0.4273235399131279},"EnergyVariance":{"Mean":0.4591855814255983,"Sigma":0.18217930613752462,"Taucorr":0.3299110979108014},"Iteration":37},
{"Acceptance":[0.014307184822282513],"Energy":{"Mean":-642.9022177419356,"Sigma":0.026553779224817088,"Taucorr":0.5779698357804344},"EnergyVariance":{"Mean":0.32410798484651415,"Sigma":0.11255699371167367,"Taucorr":0.18716895748232876},"Iteration":38},
{"Acceptance":[0.014287666152675033],"Energy":{"Mean":-642.9133064516129,"Sigma":0.02440959761245372,"Taucorr":0.18984814522855153},"EnergyVariance":{"Mean":0.427968099635796,"Sigma":0.19136374559562888,"Taucorr":0.3211909716246055},"Iteration":39},
{"Acceptance":[0.01448285284874983],"Energy":{"Mean":-642.8951612903224,"Sigma":0.030555054639625722,"Taucorr":0.43065625136289465},"EnergyVariance":{"Mean":0.49707336108220623,"Sigma":0.30146515324591433,"Taucorr":0.5580068076198288},"Iteration":40},
{"Acceptance":[0.014707317549235844],"Energy":{"Mean":-642.8891129032256,"Sigma":0.028502864501187927,"Taucorr":0.4938476154160506},"EnergyVariance":{"Mean":0.4050427614464099,"Sigma":0.13631257940914257,"Taucorr":0.5307468413702394},"Iteration":41},
{"Acceptance":[0.01354595670759081],"Energy":{"Mean":-642.9264112903228,"Sigma":0.020161290322580187,"Taucorr":0.07145987527063835},"EnergyVariance":{"Mean":0.35244760503381894,"Sigma":0.17870309665197234,"Taucorr":-0.017677077596597257},"Iteration":42},
{"Acceptance":[0.014580446196787228],"Energy":{"Mean":-642.9445564516128,"Sigma":0.012441874046760122,"Taucorr":0.08552929281992272},"EnergyVariance":{"Mean":0.13099859358740892,"Sigma":0.044000445964213646,"Taucorr":-0.008382965363663342},"Iteration":43},
{"Acceptance":[0.014170554135030156],"Energy":{"Mean":-642.923387096774,"Sigma":0.01996714316766856,"Taucorr":0.12774853612329662},"EnergyVariance":{"Mean":0.31469497918834544,"Sigma":0.10465529803611605,"Taucorr":0.08439883683946114},"Iteration":44},
{"Acceptance":[0.014219350809048856],"Energy":{"Mean":-642.8870967741937,"Sigma":0.028163333320814707,"Taucorr":0.08246124498003149},"EnergyVariance":{"Mean":0.6747528616024974,"Sigma":0.22697544678854992,"Taucorr":0.06524004525747773},"Iteration":45},
{"Acceptance":[0.013760662073273085],"Energy":{"Mean":-642.9082661290322,"Sigma":0.03423068079161544,"Taucorr":0.8436350652088969},"EnergyVariance":{"Mean":0.43210909046566076,"Sigma":0.226447969901379,"Taucorr":0.26240305740349124},"Iteration":46},
{"Acceptance":[0.014492612183553568],"Energy":{"Mean":-642.9213709677418,"Sigma":0.019273110938238407,"Taucorr":-0.06306084408457113},"EnergyVariance":{"Mean":0.42123683012486973,"Sigma":0.14885303652941917,"Taucorr":-0.07185557172995216},"Iteration":47},
{"Acceptance":[0.013389807350730974],"Energy":{"Mean":-642.9395161290323,"Sigma":0.019972231850543577,"Taucorr":0.3089616468134109},"EnergyVariance":{"Mean":0.24432557232049948,"Sigma":0.09760513004566036,"Taucorr":0.11007488835590662},"Iteration":48},
{"Acceptance":[0.013760662073273085],"Energy":{"Mean":-642.9818548387096,"Sigma":0.0069158417780588195,"Taucorr":-0.06198757919505177},"EnergyVariance":{"Mean":0.05410623699271593,"Sigma":0.03611742338771407,"Taucorr":-0.017663258925700753},"Iteration":49} 
]}