{"Output": [
{"Acceptance":[0.7629392999478628],"Energy":{"Mean":-2524.0393145161293,"Sigma":1.100029943444335,"Taucorr":0.030403429574957452},"EnergyVariance":{"Mean":1130.4369624333376,"Sigma":43.703340234671124,"Taucorr":-0.09468671616352581},"Iteration":0},
{"Acceptance":[0.6307185210713749],"Energy":{"Mean":-2558.711693548388,"Sigma":1.9430384493934039,"Taucorr":0.9596326983742316},"EnergyVariance":{"Mean":1281.630589067378,"Sigma":66.10260668313164,"Taucorr":0.12294811494887636},"Iteration":1},
{"Acceptance":[0.4799581135176692],"Energy":{"Mean":-2621.486895161291,"Sigma":1.695395318262027,"Taucorr":0.6560550739669222},"EnergyVariance":{"Mean":1231.989747618041,"Sigma":62.67880708713886,"Taucorr":0.20229523290045126},"Iteration":2},
{"Acceptance":[0.40240626353136627],"Energy":{"Mean":-2670.589717741936,"Sigma":1.5716043504137742,"Taucorr":0.744446439534713},"EnergyVariance":{"Mean":983.4536442751694,"Sigma":48.73546075186136,"Taucorr":0.13638944112691687},"Iteration":3},
{"Acceptance":[0.314806959872043],"Energy":{"Mean":-2719.0614919354834,"Sigma":1.2461276409386302,"Taucorr":0.6832983219969073},"EnergyVariance":{"Mean":650.2411784192898,"Sigma":31.378315423205677,"Taucorr":0.2100861308310965},"Iteration":4},
{"Acceptance":[0.2618214434046464],"Energy":{"Mean":-2753.1733870967737,"Sigma":0.8477080583923174,"Taucorr":0.2547479402837346},"EnergyVariance":{"Mean":471.7743723985431,"Sigma":23.43953065181753,"Taucorr":-0.00035786771382173566},"Iteration":5},
{"Acceptance":[0.21344432367469932],"Energy":{"Mean":-2776.767137096773,"Sigma":0.7681876258265247,"Taucorr":0.4022655026565759},"EnergyVariance":{"Mean":324.0737990618496,"Sigma":19.334548464588263,"Taucorr":0.21431532501074835},"Iteration":6},
{"Acceptance":[0.17822963336072745],"Energy":{"Mean":-2795.7308467741927,"Sigma":0.5058766656977697,"Taucorr":0.0851299832761917},"EnergyVariance":{"Mean":216.7108226700702,"Sigma":10.843685997887178,"Taucorr":0.1111274101098556},"Iteration":7},
{"Acceptance":[0.15281496602246317],"Energy":{"Mean":-2808.7469758064512,"Sigma":0.5949926068433323,"Taucorr":0.5451562219904742},"EnergyVariance":{"Mean":167.8361803703824,"Sigma":8.833467621245623,"Taucorr":0.07737712820776621},"Iteration":8},
{"Acceptance":[0.13277307954013237],"Energy":{"Mean":-2818.229838709677,"Sigma":0.47693249978162244,"Taucorr":0.30450846634689854},"EnergyVariance":{"Mean":140.09636771592096,"Sigma":7.44394341380819,"Taucorr":0.12995854318944944},"Iteration":9},
{"Acceptance":[0.11551478840256975],"Energy":{"Mean":-2826.0493951612902,"Sigma":0.5381153762610659,"Taucorr":0.8274057111144852},"EnergyVariance":{"Mean":108.09131011804112,"Sigma":6.334600508323663,"Taucorr":0.15963554550754144},"Iteration":10},
{"Acceptance":[0.10180447672825924],"Energy":{"Mean":-2832.7187500000005,"Sigma":0.5108183628899371,"Taucorr":0.9924521148168646},"EnergyVariance":{"Mean":86.63158392137096,"Sigma":4.971181570968671,"Taucorr":0.18059769287205718},"Iteration":11},
{"Acceptance":[0.08949038113164197],"Energy":{"Mean":-2839.3034274193556,"Sigma":0.45407400517598684,"Taucorr":0.7353951458852599},"EnergyVariance":{"Mean":82.69724631731269,"Sigma":3.680835500279248,"Taucorr":-0.05172901778076383},"Iteration":12},
{"Acceptance":[0.07794950646412696],"Energy":{"Mean":-2844.607862903226,"Sigma":0.45912803486356785,"Taucorr":1.0531593246306716},"EnergyVariance":{"Mean":67.25046236830123,"Sigma":3.8518297744697243,"Taucorr":0.2197576342230243},"Iteration":13},
{"Acceptance":[0.06802134973445384],"Energy":{"Mean":-2850.2953629032254,"Sigma":0.5236747199779136,"Taucorr":1.7261107525087334},"EnergyVariance":{"Mean":61.0407849489464,"Sigma":3.374398951092871,"Taucorr":0.07665415976043599},"Iteration":14},
{"Acceptance":[0.05918012071083305],"Energy":{"Mean":-2853.917338709678,"Sigma":0.41215351912412945,"Taucorr":1.1641840926530531},"EnergyVariance":{"Mean":50.57784453043705,"Sigma":3.4780798058793088,"Taucorr":0.41332108713640303},"Iteration":15},
{"Acceptance":[0.053148997463835355],"Energy":{"Mean":-2856.3649193548395,"Sigma":0.39504392252519654,"Taucorr":1.2231037952086043},"EnergyVariance":{"Mean":44.8769145096254,"Sigma":4.194297076834401,"Taucorr":0.8515346216959996},"Iteration":16},
{"Acceptance":[0.045681892491362015],"Energy":{"Mean":-2859.321572580645,"Sigma":0.27644944855554976,"Taucorr":0.7739863182637217},"EnergyVariance":{"Mean":29.72421204311914,"Sigma":1.6039336218659865,"Taucorr":0.08459833310908149},"Iteration":17},
{"Acceptance":[0.04026934598764614],"Energy":{"Mean":-2861.509072580645,"Sigma":0.23803788106458965,"Taucorr":0.6335580595738324},"EnergyVariance":{"Mean":24.768062849570757,"Sigma":1.932983276228795,"Taucorr":0.3220640647838424},"Iteration":18},
{"Acceptance":[0.03582001184132623],"Energy":{"Mean":-2862.5383064516136,"Sigma":0.3895144419640952,"Taucorr":2.0680158938430906},"EnergyVariance":{"Mean":29.274742293184183,"Sigma":4.102163585787897,"Taucorr":1.6260883261091519},"Iteration":19},
{"Acceptance":[0.03265643363997066],"Energy":{"Mean":-2864.0977822580653,"Sigma":0.23441752273521588,"Taucorr":0.8816545927106405},"EnergyVariance":{"Mean":19.707172500975553,"Sigma":1.2197480476356064,"Taucorr":0.10352749993451349},"Iteration":20},
{"Acceptance":[0.030482578227866],"Energy":{"Mean":-2865.2772177419356,"Sigma":0.22599718327234222,"Taucorr":0.9262001886043849},"EnergyVariance":{"Mean":17.744722904201357,"Sigma":1.8382869811750713,"Taucorr":0.8219434420209439},"Iteration":21},
{"Acceptance":[0.027155519030071667],"Energy":{"Mean":-2866.4899193548385,"Sigma":0.2621236545355643,"Taucorr":1.7224978813875405},"EnergyVariance":{"Mean":15.318446767689906,"Sigma":1.2546026345913006,"Taucorr":0.20435460522346782},"Iteration":22},
{"Acceptance":[0.024844693053383174],"Energy":{"Mean":-2867.8225806451605,"Sigma":0.18009799766159165,"Taucorr":1.1086646497461539},"EnergyVariance":{"Mean":9.990699791883454,"Sigma":0.8194536906109147,"Taucorr":-0.042962634903403574},"Iteration":23},
{"Acceptance":[0.024301229200357006],"Energy":{"Mean":-2868.178427419355,"Sigma":0.21326255468393243,"Taucorr":1.3898231067985793},"EnergyVariance":{"Mean":11.924816881828827,"Sigma":1.2620970416333177,"Taucorr":0.5775552477723738},"Iteration":24},
{"Acceptance":[0.023554518703109675],"Energy":{"Mean":-2869.188508064515,"Sigma":0.16927861667983676,"Taucorr":0.8890962199529255},"EnergyVariance":{"Mean":10.221521161225285,"Sigma":0.9661000770706528,"Taucorr":0.2827624897349187},"Iteration":25},
{"Acceptance":[0.02096091478663521],"Energy":{"Mean":-2869.571572580646,"Sigma":0.20733055142185863,"Taucorr":1.7262488054067329},"EnergyVariance":{"Mean":9.567458010861081,"Sigma":0.9873408997565116,"Taucorr":0.6095607978285558},"Iteration":26},
{"Acceptance":[0.021354152859150075],"Energy":{"Mean":-2870.3548387096776,"Sigma":0.18338648797430884,"Taucorr":1.1313524801085872},"EnergyVariance":{"Mean":10.214815296566078,"Sigma":1.2675736506953945,"Taucorr":0.6600068134338113},"Iteration":27},
{"Acceptance":[0.01953376987177788],"Energy":{"Mean":-2870.9536290322585,"Sigma":0.2122194887549176,"Taucorr":1.4836582031599885},"EnergyVariance":{"Mean":11.249865862382935,"Sigma":1.3455669792421154,"Taucorr":0.7174146463125095},"Iteration":28},
{"Acceptance":[0.017876867880844447],"Energy":{"Mean":-2871.11189516129,"Sigma":0.2634717603805667,"Taucorr":2.1457507813724686},"EnergyVariance":{"Mean":13.000584311589492,"Sigma":2.463614962984742,"Taucorr":1.576050238602277},"Iteration":29},
{"Acceptance":[0.01676342974293718],"Energy":{"Mean":-2872.3125,"Sigma":0.20318573326957212,"Taucorr":2.0663929156716825},"EnergyVariance":{"Mean":7.970892137096773,"Sigma":0.7467096782499549,"Taucorr":0.5506958206695542},"Iteration":30},
{"Acceptance":[0.015733941305903873],"Energy":{"Mean":-2872.7510080645166,"Sigma":0.15756492324805196,"Taucorr":1.116427699463842},"EnergyVariance":{"Mean":7.6103820483220606,"Sigma":0.9548645558492361,"Taucorr":0.7144465229946131},"Iteration":31},
{"Acceptance":[0.014792820975053684],"Energy":{"Mean":-2873.2540322580644,"Sigma":0.13351179307480016,"Taucorr":0.7382483381240903},"EnergyVariance":{"Mean":7.133048257023935,"Sigma":0.6362321480851868,"Taucorr":0.1469884909389686},"Iteration":32},
{"Acceptance":[0.013502646624780184],"Energy":{"Mean":-2873.4848790322576,"Sigma":0.18585112222744452,"Taucorr":1.1843601071495105},"EnergyVariance":{"Mean":10.16106167891519,"Sigma":2.5508465199009835,"Taucorr":1.2338812775931782},"Iteration":33},
{"Acceptance":[0.012367116460327138],"Energy":{"Mean":-2874.1118951612902,"Sigma":0.12009683132531292,"Taucorr":0.8695425484701838},"EnergyVariance":{"Mean":5.21832624707336,"Sigma":0.7474132486383986,"Taucorr":0.4031565310687695},"Iteration":34},
{"Acceptance":[0.011395067292312858],"Energy":{"Mean":-2874.407258064516,"Sigma":0.1024777450819364,"Taucorr":0.38065959868202215},"EnergyVariance":{"Mean":5.908737643080125,"Sigma":1.0525933985261526,"Taucorr":0.2744737117159295},"Iteration":35},
{"Acceptance":[0.011147636595000133],"Energy":{"Mean":-2874.71875,"Sigma":0.1264366367722549,"Taucorr":1.3769247612009359},"EnergyVariance":{"Mean":4.220293598790323,"Sigma":0.5464387345279885,"Taucorr":0.38316071435113686},"Iteration":36},
{"Acceptance":[0.010657193605683837],"Energy":{"Mean":-2874.852822580645,"Sigma":0.1617720042010235,"Taucorr":2.089021825079357},"EnergyVariance":{"Mean":5.00858074271592,"Sigma":0.6604825011003644,"Taucorr":0.7596231799600788},"Iteration":37},
{"Acceptance":[0.010281629154405591],"Energy":{"Mean":-2875.0574596774195,"Sigma":0.10283180435120175,"Taucorr":0.7622719330090362},"EnergyVariance":{"Mean":4.150932256438605,"Sigma":0.6462923445047262,"Taucorr":0.17305259915866922},"Iteration":38},
{"Acceptance":[0.009481897793448388],"Energy":{"Mean":-2875.8225806451605,"Sigma":0.12831120989331213,"Taucorr":1.4496444746023291},"EnergyVariance":{"Mean":4.184248178980229,"Sigma":0.4713750022236029,"Taucorr":0.17510757992178827},"Iteration":39},
{"Acceptance":[0.010078382510184425],"Energy":{"Mean":-2875.8336693548385,"Sigma":0.11012260907972476,"Taucorr":0.5737264070803492},"EnergyVariance":{"Mean":5.5963260519641,"Sigma":1.0199646509761138,"Taucorr":0.9166283169217195},"Iteration":40},
{"Acceptance":[0.009084241315624365],"Energy":{"Mean":-2876.1451612903215,"Sigma":0.130148898158937,"Taucorr":1.5582939919294776},"EnergyVariance":{"Mean":4.077718522372529,"Sigma":0.41213901552589927,"Taucorr":0.5978712731735325},"Iteration":41},
{"Acceptance":[0.008487756598888329],"Energy":{"Mean":-2876.355846774194,"Sigma":0.14303437330200136,"Taucorr":1.4813768339177336},"EnergyVariance":{"Mean":5.116316621683142,"Sigma":1.0095148796256774,"Taucorr":0.8548401177752418},"Iteration":42},
{"Acceptance":[0.008121028958228397],"Energy":{"Mean":-2876.577620967741,"Sigma":0.1792651269359024,"Taucorr":3.183747312253906},"EnergyVariance":{"Mean":4.32260401762487,"Sigma":0.2782555949445733,"Taucorr":0.185659675070865},"Iteration":43},
{"Acceptance":[0.006791088960172494],"Energy":{"Mean":-2877.0665322580644,"Sigma":0.1867915712615275,"Taucorr":2.4766385980433916},"EnergyVariance":{"Mean":5.808073458636836,"Sigma":1.3776440800436964,"Taucorr":0.8233895025893214},"Iteration":44},
{"Acceptance":[0.006442034940749184],"Energy":{"Mean":-2877.0403225806454,"Sigma":0.17850979205453935,"Taucorr":3.7282733546833606},"EnergyVariance":{"Mean":3.7342611862643085,"Sigma":0.27257984366833926,"Taucorr":0.06860972737719184},"Iteration":45},
{"Acceptance":[0.005894152682413863],"Energy":{"Mean":-2877.1643145161283,"Sigma":0.1700614100687783,"Taucorr":1.9407840386949764},"EnergyVariance":{"Mean":5.871186223660248,"Sigma":2.0950746176394874,"Taucorr":1.0558284253119832},"Iteration":46},
{"Acceptance":[0.004833735408216466],"Energy":{"Mean":-2877.4435483870966,"Sigma":0.19479761085841787,"Taucorr":4.0999064488861},"EnergyVariance":{"Mean":4.087539021852237,"Sigma":0.5858342150651472,"Taucorr":0.3123476175679474},"Iteration":47},
{"Acceptance":[0.004444915741010754],"Energy":{"Mean":-2877.9143145161297,"Sigma":0.1380987067942538,"Taucorr":3.024513421256723},"EnergyVariance":{"Mean":2.681166062369927,"Sigma":0.32970762210957155,"Taucorr":0.4413092680655938},"Iteration":48},
{"Acceptance":[0.0036451843800535512],"Energy":{"Mean":-2878.2409274193556,"Sigma":0.11318668813115075,"Taucorr":1.7007194341756917},"EnergyVariance":{"Mean":2.8844943011836626,"Sigma":1.066503102964143,"Taucorr":0.6189056343107349},"Iteration":49} 
]}