{"Output": [
{"Acceptance":[0.8785714285714286],"Energy":{"Mean":-623.5161290322582,"Sigma":1.7586550749260939,"Taucorr":0.043373796833569456},"EnergyVariance":{"Mean":350.05619146722165,"Sigma":44.19732690953199,"Taucorr":-0.07265965115061934},"Iteration":0},
{"Acceptance":[0.8657001414427157],"Energy":{"Mean":-626.3709677419357,"Sigma":1.5042444861653548,"Taucorr":-0.015953491802223885},"EnergyVariance":{"Mean":287.4914151925078,"Sigma":31.010674204798146,"Taucorr":-0.09463673115209964},"Iteration":1},
{"Acceptance":[0.8432107496463932],"Energy":{"Mean":-628.7419354838709,"Sigma":1.585361626895677,"Taucorr":0.14745095432574074},"EnergyVariance":{"Mean":238.7398543184183,"Sigma":36.52841105555402,"Taucorr":0.15754010895292836},"Iteration":2},
{"Acceptance":[0.8185997171145686],"Energy":{"Mean":-631.217741935484,"Sigma":1.7529446015988943,"Taucorr":0.06034859034810125},"EnergyVariance":{"Mean":337.25097554630594,"Sigma":57.008709896862655,"Taucorr":0.16809536273712156},"Iteration":3},
{"Acceptance":[0.7413012729844413],"Energy":{"Mean":-634.4919354838709,"Sigma":1.8333999451840937,"Taucorr":0.11609106487413756},"EnergyVariance":{"Mean":335.54025754422474,"Sigma":44.62670573179952,"Taucorr":0.11450671500455711},"Iteration":4},
{"Acceptance":[0.6830268741159831],"Energy":{"Mean":-637.4112903225806,"Sigma":1.7535504838301543,"Taucorr":0.14446412095037398},"EnergyVariance":{"Mean":293.43567898022894,"Sigma":39.94480631555234,"Taucorr":0.0319380965880377},"Iteration":5},
{"Acceptance":[0.5804809052333805],"Energy":{"Mean":-651.1532258064517,"Sigma":1.8553423813581735,"Taucorr":0.1487787751935843},"EnergyVariance":{"Mean":326.3071670135277,"Sigma":39.08180075548038,"Taucorr":-0.02518692480771778},"Iteration":6},
{"Acceptance":[0.4915841584158416],"Energy":{"Mean":-666.6532258064516,"Sigma":1.7521752003464095,"Taucorr":0.22741734996210228},"EnergyVariance":{"Mean":259.56523152965656,"Sigma":26.22385979420481,"Taucorr":-0.058433904922530366},"Iteration":7},
{"Acceptance":[0.42404526166902407],"Energy":{"Mean":-679.4677419354838,"Sigma":2.255421840698657,"Taucorr":0.43115937287793016},"EnergyVariance":{"Mean":335.9747658688866,"Sigma":42.38398821457857,"Taucorr":0.01165849182311507},"Iteration":8},
{"Acceptance":[0.35997171145685997],"Energy":{"Mean":-692.6774193548387,"Sigma":1.5903013150446261,"Taucorr":0.325586168899492},"EnergyVariance":{"Mean":188.39594172736736,"Sigma":22.019237205681513,"Taucorr":-0.026343869458568092},"Iteration":9},
{"Acceptance":[0.3093352192362093],"Energy":{"Mean":-702.709677419355,"Sigma":1.5797397011574772,"Taucorr":0.39300288500252856},"EnergyVariance":{"Mean":171.86732570239334,"Sigma":20.721834761168697,"Taucorr":-0.020746002623818482},"Iteration":10},
{"Acceptance":[0.2742574257425743],"Energy":{"Mean":-714.0806451612904,"Sigma":0.9277956225960309,"Taucorr":-0.020811444045447547},"EnergyVariance":{"Mean":110.47736732570237,"Sigma":15.600831999647998,"Taucorr":0.1997531651171447},"Iteration":11},
{"Acceptance":[0.24108910891089108],"Energy":{"Mean":-717.3467741935483,"Sigma":1.0404892756338129,"Taucorr":0.1286923990053883},"EnergyVariance":{"Mean":105.90394120707597,"Sigma":21.02580758589893,"Taucorr":0.40299840159631795},"Iteration":12},
{"Acceptance":[0.21173974540311175],"Energy":{"Mean":-724.8064516129032,"Sigma":1.0759910209069994,"Taucorr":0.2122871861467328},"EnergyVariance":{"Mean":99.96253902185224,"Sigma":17.256342627240254,"Taucorr":0.0673811706162658},"Iteration":13},
{"Acceptance":[0.19547383309759547],"Energy":{"Mean":-728.733870967742,"Sigma":0.8735152905850477,"Taucorr":0.06934783758000096},"EnergyVariance":{"Mean":82.42111082206037,"Sigma":12.084984083766347,"Taucorr":0.07158047232757325},"Iteration":14},
{"Acceptance":[0.16902404526166903],"Energy":{"Mean":-734.3709677419355,"Sigma":0.8109524938472915,"Taucorr":0.28155573708684145},"EnergyVariance":{"Mean":51.749479708636834,"Sigma":5.664111690551291,"Taucorr":-0.05092402430258075},"Iteration":15},
{"Acceptance":[0.1504950495049505],"Energy":{"Mean":-736.1048387096774,"Sigma":0.801525275927127,"Taucorr":0.40331791396976824},"EnergyVariance":{"Mean":43.739008844953176,"Sigma":4.799098334235019,"Taucorr":0.10656232411091082},"Iteration":16},
{"Acceptance":[0.13974540311173975],"Energy":{"Mean":-737.2903225806451,"Sigma":0.8854481258821245,"Taucorr":0.2707234161108446},"EnergyVariance":{"Mean":62.56087408949011,"Sigma":10.389744438063572,"Taucorr":0.14667124928564734},"Iteration":17},
{"Acceptance":[0.11902404526166903],"Energy":{"Mean":-740.8548387096773,"Sigma":0.7378745807942636,"Taucorr":0.3618870489289471},"EnergyVariance":{"Mean":38.84989594172736,"Sigma":4.483454508031669,"Taucorr":-0.06285260469109821},"Iteration":18},
{"Acceptance":[0.10615275813295615],"Energy":{"Mean":-743.967741935484,"Sigma":0.6214946793736592,"Taucorr":0.23130085533059908},"EnergyVariance":{"Mean":32.4828303850156,"Sigma":5.5658212156944105,"Taucorr":0.34189838494904023},"Iteration":19},
{"Acceptance":[0.1012022630834512],"Energy":{"Mean":-744.9032258064516,"Sigma":0.6053832674024939,"Taucorr":0.5057598323737014},"EnergyVariance":{"Mean":22.409989594172735,"Sigma":4.01031893840684,"Taucorr":0.09302865677474981},"Iteration":20},
{"Acceptance":[0.0871994342291372],"Energy":{"Mean":-746.8387096774194,"Sigma":0.5536472892070743,"Taucorr":0.47529508748317606},"EnergyVariance":{"Mean":19.328824141519256,"Sigma":3.1637769177810617,"Taucorr":0.26552862765483665},"Iteration":21},
{"Acceptance":[0.08472418670438472],"Energy":{"Mean":-746.7661290322582,"Sigma":0.5480826162940488,"Taucorr":0.2791289870456114},"EnergyVariance":{"Mean":23.711433402705513,"Sigma":3.340326110080466,"Taucorr":-0.04523963994106206},"Iteration":22},
{"Acceptance":[0.08246110325318246],"Energy":{"Mean":-747.9435483870967,"Sigma":0.530863275107103,"Taucorr":0.2928589917141451},"EnergyVariance":{"Mean":21.85971644120708,"Sigma":4.735468307294745,"Taucorr":0.01807534716536885},"Iteration":23},
{"Acceptance":[0.07538896746817539],"Energy":{"Mean":-749.6693548387098,"Sigma":0.3211595039630283,"Taucorr":0.008961828476008238},"EnergyVariance":{"Mean":12.463254422476583,"Sigma":2.6717126985114388,"Taucorr":0.0071476635089097185},"Iteration":24},
{"Acceptance":[0.06888260254596888],"Energy":{"Mean":-750.1532258064517,"Sigma":0.3186997734737355,"Taucorr":0.22519196937550956},"EnergyVariance":{"Mean":8.6136186264308,"Sigma":1.1657889274649484,"Taucorr":0.016498876857914513},"Iteration":25},
{"Acceptance":[0.06704384724186704],"Energy":{"Mean":-750.4193548387095,"Sigma":0.425716836447946,"Taucorr":0.4043990374467189},"EnergyVariance":{"Mean":12.324141519250782,"Sigma":2.0703227502592356,"Taucorr":0.08552786995505157},"Iteration":26},
{"Acceptance":[0.06683168316831684],"Energy":{"Mean":-749.5080645161289,"Sigma":0.4102981919444314,"Taucorr":0.29492407332504755},"EnergyVariance":{"Mean":13.024128511966703,"Sigma":2.1575694670866405,"Taucorr":0.04845574553009835},"Iteration":27},
{"Acceptance":[0.062093352192362096],"Energy":{"Mean":-751.3951612903226,"Sigma":0.3357654938715148,"Taucorr":0.3600556653624254},"EnergyVariance":{"Mean":8.061589490114464,"Sigma":2.0873051286123325,"Taucorr":0.2147867831109448},"Iteration":28},
{"Acceptance":[0.05997171145685997],"Energy":{"Mean":-751.3790322580647,"Sigma":0.34989840456009946,"Taucorr":0.3268285018461863},"EnergyVariance":{"Mean":9.106334547346515,"Sigma":2.6716966026291997,"Taucorr":0.4997963774450229},"Iteration":29},
{"Acceptance":[0.051555869872701554],"Energy":{"Mean":-751.7822580645161,"Sigma":0.28058644794312165,"Taucorr":0.28881742760572104},"EnergyVariance":{"Mean":6.1380723204994805,"Sigma":1.1723941429558562,"Taucorr":0.1317628795848158},"Iteration":30},
{"Acceptance":[0.05360678925035361],"Energy":{"Mean":-752.0403225806454,"Sigma":0.2863603579336806,"Taucorr":0.30711215196460184},"EnergyVariance":{"Mean":6.248374089490115,"Sigma":1.0139142174419604,"Taucorr":0.02233613836563675},"Iteration":31},
{"Acceptance":[0.04900990099009901],"Energy":{"Mean":-751.5322580645161,"Sigma":0.4632665016419063,"Taucorr":0.5607889564908313},"EnergyVariance":{"Mean":12.442507804370445,"Sigma":3.473665998103411,"Taucorr":0.4796271473534587},"Iteration":32},
{"Acceptance":[0.04618104667609618],"Energy":{"Mean":-752.7499999999999,"Sigma":0.225402865139071,"Taucorr":0.12166064981948543},"EnergyVariance":{"Mean":5.026209677419354,"Sigma":1.5764585492189114,"Taucorr":-0.0227874397128488},"Iteration":33},
{"Acceptance":[0.04356435643564356],"Energy":{"Mean":-752.258064516129,"Sigma":0.46583314640691026,"Taucorr":0.7971635733791818},"EnergyVariance":{"Mean":10.288241415192505,"Sigma":3.0935286403526985,"Taucorr":0.5684664538641571},"Iteration":34},
{"Acceptance":[0.04314002828854314],"Energy":{"Mean":-753.5806451612902,"Sigma":0.19343634750006639,"Taucorr":0.11471507991661833},"EnergyVariance":{"Mean":3.7434963579604577,"Sigma":1.1922153732436,"Taucorr":0.33286498592617964},"Iteration":35},
{"Acceptance":[0.04038189533239038],"Energy":{"Mean":-753.0564516129033,"Sigma":0.24530803474652782,"Taucorr":0.4315832555702903},"EnergyVariance":{"Mean":3.972619667013527,"Sigma":1.2133332688318959,"Taucorr":0.5023570526595411},"Iteration":36},
{"Acceptance":[0.042715700141442714],"Energy":{"Mean":-753.7822580645161,"Sigma":0.2095636581383979,"Taucorr":0.4648235485444713},"EnergyVariance":{"Mean":2.7993626430801246,"Sigma":0.8422254247621944,"Taucorr":0.5572149904197838},"Iteration":37},
{"Acceptance":[0.04172560113154172],"Energy":{"Mean":-753.6693548387098,"Sigma":0.16080572362083279,"Taucorr":-0.027608523462703927},"EnergyVariance":{"Mean":3.3664802289281996,"Sigma":0.7060766657893014,"Taucorr":-0.0748017233518401},"Iteration":38},
{"Acceptance":[0.04314002828854314],"Energy":{"Mean":-753.4516129032259,"Sigma":0.2647324056818626,"Taucorr":0.35008209338122254},"EnergyVariance":{"Mean":5.070239334027055,"Sigma":1.3869289183557478,"Taucorr":0.2679239210224178},"Iteration":39},
{"Acceptance":[0.037977369165487974],"Energy":{"Mean":-753.5806451612904,"Sigma":0.2522445201654953,"Taucorr":0.23054273919378732},"EnergyVariance":{"Mean":5.35639958376691,"Sigma":2.1945427304660887,"Taucorr":-0.02205507954771574},"Iteration":40},
{"Acceptance":[0.03847241867043847],"Energy":{"Mean":-753.7258064516128,"Sigma":0.20718117062363073,"Taucorr":-0.01625589931830146},"EnergyVariance":{"Mean":5.457075962539022,"Sigma":1.5105189501053728,"Taucorr":0.10998443702300731},"Iteration":41},
{"Acceptance":[0.03818953323903819],"Energy":{"Mean":-754.0645161290323,"Sigma":0.17581138396948082,"Taucorr":0.21109624367458535},"EnergyVariance":{"Mean":2.6732570239334024,"Sigma":0.9850213676008482,"Taucorr":-0.010975917291275228},"Iteration":42},
{"Acceptance":[0.03691654879773692],"Energy":{"Mean":-754.4112903225808,"Sigma":0.18203907292706714,"Taucorr":0.38975552968566596},"EnergyVariance":{"Mean":2.290517689906348,"Sigma":0.7476703707397935,"Taucorr":0.39781272325064465},"Iteration":43},
{"Acceptance":[0.03783592644978784],"Energy":{"Mean":-754.4032258064516,"Sigma":0.1783577334910945,"Taucorr":0.3200223530694548},"EnergyVariance":{"Mean":2.3857960457856398,"Sigma":0.605102657992435,"Taucorr":0.02715012959829799},"Iteration":44},
{"Acceptance":[0.03698727015558699],"Energy":{"Mean":-754.1532258064518,"Sigma":0.2591542850536536,"Taucorr":0.2902766198374773},"EnergyVariance":{"Mean":5.226521852237251,"Sigma":1.791605306770743,"Taucorr":0.17946985028785611},"Iteration":45},
{"Acceptance":[0.033875530410183874],"Energy":{"Mean":-754.6935483870966,"Sigma":0.13050237783611643,"Taucorr":-0.06468807438642965},"EnergyVariance":{"Mean":2.4060874089490114,"Sigma":0.6266136111819254,"Taucorr":0.007805798587096513},"Iteration":46},
{"Acceptance":[0.036492220650636495],"Energy":{"Mean":-754.3951612903227,"Sigma":0.19837179764419632,"Taucorr":0.21855098769962034},"EnergyVariance":{"Mean":3.3680411030176884,"Sigma":0.8572891329404295,"Taucorr":0.005855928238808872},"Iteration":47},
{"Acceptance":[0.0326025459688826],"Energy":{"Mean":-754.8709677419354,"Sigma":0.13954176531199722,"Taucorr":0.42845401371518277},"EnergyVariance":{"Mean":1.2898022892819978,"Sigma":0.22264483719960834,"Taucorr":0.44463611095987443},"Iteration":48},
{"Acceptance":[0.03323903818953324],"Energy":{"Mean":-754.3629032258066,"Sigma":0.22295628268542048,"Taucorr":0.26325360871613},"EnergyVariance":{"Mean":4.00539802289282,"Sigma":1.0098488437693067,"Taucorr":0.03576204827702756},"Iteration":49} 
]}