{"Output": [
{"Acceptance":[0.7182313293261031],"Energy":{"Mean":-1467.1189516129034,"Sigma":1.0734770753207403,"Taucorr":0.3220657471963355},"EnergyVariance":{"Mean":694.5806085783037,"Sigma":32.70387090106542,"Taucorr":0.02012468669988643},"Iteration":0},
{"Acceptance":[0.5744003858233446],"Energy":{"Mean":-1503.7691532258061,"Sigma":1.6979915034504578,"Taucorr":1.235953881584969},"EnergyVariance":{"Mean":822.9557823474896,"Sigma":44.49595528072953,"Taucorr":0.3405195900334398},"Iteration":1},
{"Acceptance":[0.43812710997141613],"Energy":{"Mean":-1555.0997983870966,"Sigma":1.4934876407210154,"Taucorr":1.0186595568533277},"EnergyVariance":{"Mean":727.7571773787071,"Sigma":35.46138532824592,"Taucorr":0.12225463606861842},"Iteration":2},
{"Acceptance":[0.35132273887523086],"Energy":{"Mean":-1591.7328629032259,"Sigma":1.082594647134929,"Taucorr":0.806215416254866},"EnergyVariance":{"Mean":444.59093615862383,"Sigma":16.89036640843165,"Taucorr":-0.12190069749026561},"Iteration":3},
{"Acceptance":[0.2915260019055909],"Energy":{"Mean":-1616.3225806451617,"Sigma":0.6936527998735948,"Taucorr":0.2774009030232738},"EnergyVariance":{"Mean":306.67819979188346,"Sigma":15.920813171416151,"Taucorr":0.09337137967472275},"Iteration":4},
{"Acceptance":[0.24667403808829239],"Energy":{"Mean":-1632.5110887096773,"Sigma":0.6420793849928925,"Taucorr":0.4967814292909116},"EnergyVariance":{"Mean":204.93737704051767,"Sigma":10.72798564290558,"Taucorr":0.05541545348018406},"Iteration":5},
{"Acceptance":[0.2129733099643584],"Energy":{"Mean":-1644.506048387097,"Sigma":0.4422847499703886,"Taucorr":0.07110410081882812},"EnergyVariance":{"Mean":169.71972148152963,"Sigma":8.885607785096756,"Taucorr":0.10392353708259139},"Iteration":6},
{"Acceptance":[0.183277851622693],"Energy":{"Mean":-1654.76814516129,"Sigma":0.5218164931500313,"Taucorr":0.6183034198329522},"EnergyVariance":{"Mean":120.64785623699274,"Sigma":5.92570626846394,"Taucorr":0.06453541760511305},"Iteration":7},
{"Acceptance":[0.16326914707162435],"Energy":{"Mean":-1661.5221774193546,"Sigma":0.48484941116237606,"Taucorr":0.501475612150277},"EnergyVariance":{"Mean":116.3099920330385,"Sigma":6.74076011374957,"Taucorr":0.08726139435884372},"Iteration":8},
{"Acceptance":[0.14201945584792913],"Energy":{"Mean":-1667.8538306451615,"Sigma":0.5968393509184112,"Taucorr":1.4722230979818884},"EnergyVariance":{"Mean":89.49577161648024,"Sigma":5.258745453914715,"Taucorr":0.18868734600381176},"Iteration":9},
{"Acceptance":[0.12094620822697705],"Energy":{"Mean":-1674.1028225806454,"Sigma":0.4598829655048002,"Taucorr":0.9601086012258713},"EnergyVariance":{"Mean":71.7716855814256,"Sigma":4.173349364841001,"Taucorr":0.24093528407213038},"Iteration":10},
{"Acceptance":[0.10822462446919882],"Energy":{"Mean":-1678.350806451613,"Sigma":0.5282762072729147,"Taucorr":1.499416098277934},"EnergyVariance":{"Mean":69.16120902705515,"Sigma":5.09908301674693,"Taucorr":0.41820041728719304},"Iteration":11},
{"Acceptance":[0.09132132732640891],"Energy":{"Mean":-1683.235887096774,"Sigma":0.46045263638582346,"Taucorr":1.5537652918092801},"EnergyVariance":{"Mean":51.152018567898025,"Sigma":3.091032502479767,"Taucorr":0.3294426656226356},"Iteration":12},
{"Acceptance":[0.08520461576464776],"Energy":{"Mean":-1685.4566532258066,"Sigma":0.5759402328700308,"Taucorr":2.8909892498373333},"EnergyVariance":{"Mean":48.4698952507154,"Sigma":4.901169086775444,"Taucorr":1.8583832930473583},"Iteration":13},
{"Acceptance":[0.06878947925611377],"Energy":{"Mean":-1689.3639112903227,"Sigma":0.22840422587221132,"Taucorr":0.3895796155388479},"EnergyVariance":{"Mean":29.05809276632414,"Sigma":2.0163669136304727,"Taucorr":0.5781212823077251},"Iteration":14},
{"Acceptance":[0.05877924552715467],"Energy":{"Mean":-1691.488911290323,"Sigma":0.2173899173121344,"Taucorr":0.4123126407522354},"EnergyVariance":{"Mean":25.66721575019511,"Sigma":1.3109455437242892,"Taucorr":-0.09449263447731199},"Iteration":15},
{"Acceptance":[0.05403879406678978],"Energy":{"Mean":-1692.8487903225805,"Sigma":0.17424048395697928,"Taucorr":0.2387827562983078},"EnergyVariance":{"Mean":20.36221627861602,"Sigma":1.8197045656600126,"Taucorr":0.22823796545705743},"Iteration":16},
{"Acceptance":[0.04916306917765518],"Energy":{"Mean":-1694.3356854838712,"Sigma":0.14829173829381356,"Taucorr":0.21106760275646175},"EnergyVariance":{"Mean":15.323807191402185,"Sigma":1.4164923625456665,"Taucorr":0.6918258331418627},"Iteration":17},
{"Acceptance":[0.04524602119675814],"Energy":{"Mean":-1694.9919354838707,"Sigma":0.17693087844791597,"Taucorr":0.4618307499186345},"EnergyVariance":{"Mean":16.126951092611858,"Sigma":1.8721212376318446,"Taucorr":0.83701628276308},"Iteration":18},
{"Acceptance":[0.041917118558338136],"Energy":{"Mean":-1696.2127016129027,"Sigma":0.17968958539484645,"Taucorr":0.8399800942466329},"EnergyVariance":{"Mean":11.939637056126431,"Sigma":0.749648098924388,"Taucorr":0.17768364342614928},"Iteration":19},
{"Acceptance":[0.03830590615552915],"Energy":{"Mean":-1696.823588709678,"Sigma":0.15530323639576202,"Taucorr":0.5971000499797214},"EnergyVariance":{"Mean":10.893274217937048,"Sigma":0.9300630792776113,"Taucorr":0.3561631347629941},"Iteration":20},
{"Acceptance":[0.03567689647465682],"Energy":{"Mean":-1698.1340725806451,"Sigma":0.22382361953204213,"Taucorr":1.090403505506332},"EnergyVariance":{"Mean":15.608032607635277,"Sigma":2.3182769854772642,"Taucorr":0.4010125159168413},"Iteration":21},
{"Acceptance":[0.0323303494759625],"Energy":{"Mean":-1698.7540322580644,"Sigma":0.17830701848681615,"Taucorr":0.9274406436840834},"EnergyVariance":{"Mean":11.036274063475547,"Sigma":0.8429554060191151,"Taucorr":0.4704631718601163},"Iteration":22},
{"Acceptance":[0.030289485137567195],"Energy":{"Mean":-1699.5372983870968,"Sigma":0.21164249896509213,"Taucorr":1.38299539701945},"EnergyVariance":{"Mean":11.786915281932883,"Sigma":0.9170939728000245,"Taucorr":0.4178579837351405},"Iteration":23},
{"Acceptance":[0.02769576417724348],"Energy":{"Mean":-1700.899193548387,"Sigma":0.17342870374756747,"Taucorr":0.9508634501999476},"EnergyVariance":{"Mean":10.272096123829344,"Sigma":0.7076811866545392,"Taucorr":0.12590224461202293},"Iteration":24},
{"Acceptance":[0.026719442908731607],"Energy":{"Mean":-1700.9828629032259,"Sigma":0.2503225351783276,"Taucorr":2.29679785277397},"EnergyVariance":{"Mean":11.101520836043182,"Sigma":1.196373126184793,"Taucorr":0.7426298010286687},"Iteration":25},
{"Acceptance":[0.024049263053885876],"Energy":{"Mean":-1701.7560483870964,"Sigma":0.26068166364488216,"Taucorr":2.4704226013723467},"EnergyVariance":{"Mean":11.335648900884495,"Sigma":1.5190859855008934,"Taucorr":0.4305746845860605},"Iteration":26},
{"Acceptance":[0.023590509686753792],"Energy":{"Mean":-1702.844758064516,"Sigma":0.18889203175839273,"Taucorr":2.0336416709240983},"EnergyVariance":{"Mean":6.977916070499481,"Sigma":0.7886731379252737,"Taucorr":1.1572377149446587},"Iteration":27},
{"Acceptance":[0.021514356627809865],"Energy":{"Mean":-1703.445564516129,"Sigma":0.11270113201275155,"Taucorr":0.43531237886982277},"EnergyVariance":{"Mean":6.728891616805412,"Sigma":0.7102474933310794,"Taucorr":0.09548315651466188},"Iteration":28},
{"Acceptance":[0.019302930140096222],"Energy":{"Mean":-1703.9546370967741,"Sigma":0.10169967173501013,"Taucorr":0.5987498101827728},"EnergyVariance":{"Mean":4.664272852172217,"Sigma":0.3777196896021527,"Taucorr":0.327371955686961},"Iteration":29},
{"Acceptance":[0.017403220683895403],"Energy":{"Mean":-1703.9415322580646,"Sigma":0.13775439211132712,"Taucorr":0.9846572966294957},"EnergyVariance":{"Mean":6.333275071540062,"Sigma":0.7157158177898326,"Taucorr":0.4952429995987989},"Iteration":30},
{"Acceptance":[0.015744650818110172],"Energy":{"Mean":-1704.4022177419354,"Sigma":0.11375625809439477,"Taucorr":0.6791077992215258},"EnergyVariance":{"Mean":5.438019275169094,"Sigma":0.8405849393783908,"Taucorr":0.20599283502651533},"Iteration":31},
{"Acceptance":[0.01553291849481844],"Energy":{"Mean":-1704.4808467741937,"Sigma":0.14201025759814964,"Taucorr":1.4755844589831022},"EnergyVariance":{"Mean":5.058100895876691,"Sigma":0.9428573209832821,"Taucorr":0.6863999077663336},"Iteration":32},
{"Acceptance":[0.01373907520026349],"Energy":{"Mean":-1704.8850806451612,"Sigma":0.13932069178536968,"Taucorr":2.471391689678989},"EnergyVariance":{"Mean":3.236793541883455,"Sigma":0.7993038768984211,"Taucorr":2.2180613805077964},"Iteration":33},
{"Acceptance":[0.012621599049557126],"Energy":{"Mean":-1704.9848790322578,"Sigma":0.08506933752508926,"Taucorr":0.5213538737562646},"EnergyVariance":{"Mean":3.510860066011967,"Sigma":0.5462141015510544,"Taucorr":0.49462692295163946},"Iteration":34},
{"Acceptance":[0.01144530836460306],"Energy":{"Mean":-1705.2318548387098,"Sigma":0.06423620388072306,"Taucorr":0.3130202684539539},"EnergyVariance":{"Mean":2.5147917208636823,"Sigma":0.40189142139963835,"Taucorr":0.12041517754846964},"Iteration":35},
{"Acceptance":[0.010080811170056344],"Energy":{"Mean":-1705.4425403225807,"Sigma":0.06265264917375939,"Taucorr":0.6860967670168681},"EnergyVariance":{"Mean":1.6398435467611863,"Sigma":0.29233786856274085,"Taucorr":0.42916845127529646},"Iteration":36},
{"Acceptance":[0.0100102337289591],"Energy":{"Mean":-1705.478830645161,"Sigma":0.059281850686754754,"Taucorr":0.48847997154253286},"EnergyVariance":{"Mean":1.7616486326092613,"Sigma":0.3800746169508848,"Taucorr":0.8651544077381625},"Iteration":37},
{"Acceptance":[0.009869078846764613],"Energy":{"Mean":-1705.4314516129034,"Sigma":0.0784625684842125,"Taucorr":1.1416298077064828},"EnergyVariance":{"Mean":1.8582043444328824,"Sigma":0.3299016105221429,"Taucorr":0.18850842637371568},"Iteration":38},
{"Acceptance":[0.009080964087845388],"Energy":{"Mean":-1705.6068548387098,"Sigma":0.050154628875175924,"Taucorr":0.4639650522000588},"EnergyVariance":{"Mean":1.293017527315296,"Sigma":0.284412603665261,"Taucorr":0.20654521978406226},"Iteration":39},
{"Acceptance":[0.007945843576864715],"Energy":{"Mean":-1705.5836693548388,"Sigma":0.08995905085981677,"Taucorr":0.9565135972752856},"EnergyVariance":{"Mean":2.7530800842221645,"Sigma":1.0768654686167975,"Taucorr":0.6617734924205763},"Iteration":40},
{"Acceptance":[0.007951725030289486],"Energy":{"Mean":-1705.6844758064517,"Sigma":0.039110651470474725,"Taucorr":0.2895844515037236},"EnergyVariance":{"Mean":0.9599202897372527,"Sigma":0.2560345409314165,"Taucorr":0.4379468914279637},"Iteration":41},
{"Acceptance":[0.008092879912483973],"Energy":{"Mean":-1705.7368951612902,"Sigma":0.03662665236133932,"Taucorr":0.07623367909514245},"EnergyVariance":{"Mean":1.1535581019120706,"Sigma":0.3105134999809494,"Taucorr":0.0016936031437675414},"Iteration":42},
{"Acceptance":[0.00715772881794549],"Energy":{"Mean":-1705.835685483871,"Sigma":0.024931346507455834,"Taucorr":0.29935022861981564},"EnergyVariance":{"Mean":0.38529912688605616,"Sigma":0.08314262155279349,"Taucorr":0.1466411300229431},"Iteration":43},
{"Acceptance":[0.007269476433016127],"Energy":{"Mean":-1705.7358870967741,"Sigma":0.056719195891890666,"Taucorr":0.6620381564483715},"EnergyVariance":{"Mean":1.3717766324141523,"Sigma":0.39855238831516016,"Taucorr":0.29092741774523556},"Iteration":44},
{"Acceptance":[0.007528260383706021],"Energy":{"Mean":-1705.8125,"Sigma":0.045597511604427814,"Taucorr":0.7724902723734017},"EnergyVariance":{"Mean":0.8096018145161291,"Sigma":0.261838334282976,"Taucorr":0.3707988126245523},"Iteration":45},
{"Acceptance":[0.007722348346723442],"Energy":{"Mean":-1705.834677419355,"Sigma":0.03732017672157955,"Taucorr":0.6317966229362562},"EnergyVariance":{"Mean":0.6097652185223725,"Sigma":0.1949085807714371,"Taucorr":0.3647230752335896},"Iteration":46},
{"Acceptance":[0.006557820568618917],"Energy":{"Mean":-1705.8558467741934,"Sigma":0.036364917361486275,"Taucorr":0.5511406458784469},"EnergyVariance":{"Mean":0.6233730732960457,"Sigma":0.2244955234502996,"Taucorr":0.24430953525166998},"Iteration":47},
{"Acceptance":[0.00714596591109595],"Energy":{"Mean":-1705.8004032258063,"Sigma":0.05413972821963852,"Taucorr":0.8020988896056547},"EnergyVariance":{"Mean":1.1154030632154006,"Sigma":0.45656208176410296,"Taucorr":0.724524696896375},"Iteration":48},
{"Acceptance":[0.0069930481220519215],"Energy":{"Mean":-1705.819556451613,"Sigma":0.04761864597874504,"Taucorr":0.332579964773826},"EnergyVariance":{"Mean":1.3494965774583767,"Sigma":0.6980711818512083,"Taucorr":0.41069645051357495},"Iteration":49} 
]}