{"Output": [
{"Acceptance":[0.6386215915523198],"Energy":{"Mean":-542.6512096774193,"Sigma":0.61991225013099,"Taucorr":0.30021988182118786},"EnergyVariance":{"Mean":237.95495821409992,"Sigma":10.365436672341826,"Taucorr":-0.01159839363493581},"Iteration":0},
{"Acceptance":[0.5431752971717447],"Energy":{"Mean":-555.9788306451616,"Sigma":0.7801031731795,"Taucorr":0.6828141348365766},"EnergyVariance":{"Mean":254.93604379389961,"Sigma":16.872667182726122,"Taucorr":0.6264463034232834},"Iteration":1},
{"Acceptance":[0.4491636250073195],"Energy":{"Mean":-571.8487903225806,"Sigma":0.6556370293541368,"Taucorr":0.6371422298222162},"EnergyVariance":{"Mean":187.30778079474507,"Sigma":7.378412483137022,"Taucorr":-0.12163839350953953},"Iteration":2},
{"Acceptance":[0.38749438838248784],"Energy":{"Mean":-581.4405241935484,"Sigma":0.6143503889889875,"Taucorr":0.7530092803862753},"EnergyVariance":{"Mean":149.25251101554375,"Sigma":5.484514361068058,"Taucorr":-0.103188767750304},"Iteration":3},
{"Acceptance":[0.33934183046083577],"Energy":{"Mean":-590.164314516129,"Sigma":0.4616167999786667,"Taucorr":0.43508943678398826},"EnergyVariance":{"Mean":112.91554106236994,"Sigma":6.3036771529977,"Taucorr":0.16331973915731024},"Iteration":4},
{"Acceptance":[0.2928190814514083],"Energy":{"Mean":-597.3528225806451,"Sigma":0.6955784438375011,"Taucorr":1.5334711046503222},"EnergyVariance":{"Mean":117.89567751690946,"Sigma":5.979135432845438,"Taucorr":0.14579971042446027},"Iteration":5},
{"Acceptance":[0.24747721195323327],"Energy":{"Mean":-605.7137096774194,"Sigma":0.8051741394077921,"Taucorr":2.3339245065224694},"EnergyVariance":{"Mean":113.3535217221644,"Sigma":5.756313490598657,"Taucorr":0.24967100497138273},"Iteration":6},
{"Acceptance":[0.2242987917943513],"Energy":{"Mean":-609.9092741935483,"Sigma":1.0488041974253028,"Taucorr":5.0184400290009386},"EnergyVariance":{"Mean":98.76797850546308,"Sigma":7.04910618843214,"Taucorr":0.9257703482987785},"Iteration":7},
{"Acceptance":[0.1662697870513146],"Energy":{"Mean":-622.5735887096773,"Sigma":0.5421818561400472,"Taucorr":1.8089013297570977},"EnergyVariance":{"Mean":63.08531050825963,"Sigma":5.913075475127721,"Taucorr":1.2274537249591888},"Iteration":8},
{"Acceptance":[0.1385239982042824],"Energy":{"Mean":-626.5090725806452,"Sigma":0.31515069876051105,"Taucorr":0.721646490409964},"EnergyVariance":{"Mean":40.284191881828825,"Sigma":2.736140913373036,"Taucorr":0.25039358332458816},"Iteration":9},
{"Acceptance":[0.12225518708644818],"Energy":{"Mean":-629.4546370967743,"Sigma":0.2539086200661861,"Taucorr":0.5388528068822176},"EnergyVariance":{"Mean":30.749958336043182,"Sigma":1.8161439475376353,"Taucorr":0.16448537400656815},"Iteration":10},
{"Acceptance":[0.10871898971366112],"Energy":{"Mean":-631.5725806451612,"Sigma":0.21338164619702105,"Taucorr":0.5455836967835783},"EnergyVariance":{"Mean":21.57739334027055,"Sigma":1.4885009831658527,"Taucorr":0.340363579064611},"Iteration":11},
{"Acceptance":[0.09920363828001483],"Energy":{"Mean":-632.6532258064516,"Sigma":0.1684008911150403,"Taucorr":0.305898979170659},"EnergyVariance":{"Mean":17.43619927159209,"Sigma":1.039015344198627,"Taucorr":0.14783880403203042},"Iteration":12},
{"Acceptance":[0.0873948431674897],"Energy":{"Mean":-633.789314516129,"Sigma":0.14161255495707645,"Taucorr":0.2397631845648428},"EnergyVariance":{"Mean":13.432426143015089,"Sigma":0.8454563913316484,"Taucorr":0.2051349428419723},"Iteration":13},
{"Acceptance":[0.08260300977885347],"Energy":{"Mean":-634.9616935483872,"Sigma":0.17343475839048858,"Taucorr":0.8699470076726754},"EnergyVariance":{"Mean":10.879581002861602,"Sigma":1.1092510289422437,"Taucorr":0.520801475495817},"Iteration":14},
{"Acceptance":[0.07473698592703922],"Energy":{"Mean":-635.5655241935483,"Sigma":0.11983056438403744,"Taucorr":0.22916666623275828},"EnergyVariance":{"Mean":9.757803354253383,"Sigma":0.8528925997891723,"Taucorr":0.3668689745761117},"Iteration":15},
{"Acceptance":[0.07099916069720688],"Energy":{"Mean":-635.9737903225805,"Sigma":0.11368566483664852,"Taucorr":0.26638661896954674},"EnergyVariance":{"Mean":8.35616789151925,"Sigma":0.6168433281765136,"Taucorr":0.3741986430310914},"Iteration":16},
{"Acceptance":[0.06571936056838366],"Energy":{"Mean":-636.8387096774195,"Sigma":0.11926614602759934,"Taucorr":0.5796174180539246},"EnergyVariance":{"Mean":6.528420915712798,"Sigma":0.7563168786721451,"Taucorr":0.5713518872148142},"Iteration":17},
{"Acceptance":[0.05967833232486874],"Energy":{"Mean":-637.3870967741934,"Sigma":0.10023155964086197,"Taucorr":0.3187464455461674},"EnergyVariance":{"Mean":6.079994797086369,"Sigma":0.4259134818724592,"Taucorr":-0.09237021977673554},"Iteration":18},
{"Acceptance":[0.05469131224015771],"Energy":{"Mean":-637.5252016129033,"Sigma":0.10164370053003897,"Taucorr":0.4946929693533162},"EnergyVariance":{"Mean":5.146542298061914,"Sigma":0.48511411353935774,"Taucorr":0.20784223615939368},"Iteration":19},
{"Acceptance":[0.05252473991372748],"Energy":{"Mean":-637.9264112903226,"Sigma":0.14702290644639557,"Taucorr":1.3263305740034403},"EnergyVariance":{"Mean":5.864544379227367,"Sigma":0.4904240955979284,"Taucorr":0.36687984028662435},"Iteration":20},
{"Acceptance":[0.0479183338863623],"Energy":{"Mean":-638.3760080645161,"Sigma":0.0946582779326001,"Taucorr":0.5424893299873801},"EnergyVariance":{"Mean":4.2588195483220606,"Sigma":0.3286372725026361,"Taucorr":-0.0063401979129241726},"Iteration":21},
{"Acceptance":[0.04686432572755841],"Energy":{"Mean":-638.6028225806451,"Sigma":0.0776253315349267,"Taucorr":0.29246421506172793},"EnergyVariance":{"Mean":3.7676533233610816,"Sigma":0.3205151182833367,"Taucorr":0.14966816608014022},"Iteration":22},
{"Acceptance":[0.04322409384576347],"Energy":{"Mean":-638.733870967742,"Sigma":0.09739628400801954,"Taucorr":0.5869484294240139},"EnergyVariance":{"Mean":4.324336628511966,"Sigma":0.4827549047141508,"Taucorr":0.2573280529387274},"Iteration":23},
{"Acceptance":[0.04073546347080983],"Energy":{"Mean":-639.0372983870966,"Sigma":0.11488309416611626,"Taucorr":1.4577844800493307},"EnergyVariance":{"Mean":3.3403427012877205,"Sigma":0.4399525052105715,"Taucorr":0.36709921408001767},"Iteration":24},
{"Acceptance":[0.0376612730076318],"Energy":{"Mean":-639.2701612903226,"Sigma":0.09516791085499361,"Taucorr":0.8649166559522636},"EnergyVariance":{"Mean":3.287899973985432,"Sigma":0.41715272103588846,"Taucorr":0.34350961025922466},"Iteration":25},
{"Acceptance":[0.037388011633127084],"Energy":{"Mean":-639.3175403225805,"Sigma":0.1032902998084265,"Taucorr":0.8596514989037702},"EnergyVariance":{"Mean":3.8880794338579596,"Sigma":0.5581301913018071,"Taucorr":0.3965550789499185},"Iteration":26},
{"Acceptance":[0.034323580504752794],"Energy":{"Mean":-639.7016129032259,"Sigma":0.06955839953638104,"Taucorr":0.5637641552197867},"EnergyVariance":{"Mean":2.2537070759625393,"Sigma":0.25158073644903817,"Taucorr":0.11670082551841199},"Iteration":27},
{"Acceptance":[0.034352858509164017],"Energy":{"Mean":-639.5252016129033,"Sigma":0.10609194595832841,"Taucorr":1.8330328174202464},"EnergyVariance":{"Mean":2.3904939109651404,"Sigma":0.3282263836090955,"Taucorr":1.0863712788369861},"Iteration":28},
{"Acceptance":[0.032196045517537526],"Energy":{"Mean":-639.7288306451613,"Sigma":0.08044455897173794,"Taucorr":0.7682694993670214},"EnergyVariance":{"Mean":2.528281697125391,"Sigma":0.3586192092165795,"Taucorr":0.3291971233819778},"Iteration":29},
{"Acceptance":[0.032244842191556225],"Energy":{"Mean":-639.9072580645162,"Sigma":0.08964446687543208,"Taucorr":1.1841192662810989},"EnergyVariance":{"Mean":2.364382804370447,"Sigma":0.27930397050248373,"Taucorr":0.3643235063717447},"Iteration":30},
{"Acceptance":[0.030497921261686805],"Energy":{"Mean":-640.0332661290321,"Sigma":0.07838914329821665,"Taucorr":0.8779897628445921},"EnergyVariance":{"Mean":2.209578848530177,"Sigma":0.3571518251056739,"Taucorr":0.486014275287569},"Iteration":31},
{"Acceptance":[0.029053539710733316],"Energy":{"Mean":-640.1320564516129,"Sigma":0.062005938310047234,"Taucorr":0.601489583180338},"EnergyVariance":{"Mean":1.729536900039022,"Sigma":0.32535625564515985,"Taucorr":0.4079387082802577},"Iteration":32},
{"Acceptance":[0.02842894228329397],"Energy":{"Mean":-640.1370967741937,"Sigma":0.0644630788274254,"Taucorr":0.3860120692589679},"EnergyVariance":{"Mean":2.323946409989594,"Sigma":0.34881618407357945,"Taucorr":0.41177413988381306},"Iteration":33},
{"Acceptance":[0.027316378115667637],"Energy":{"Mean":-640.3427419354839,"Sigma":0.07197185314886509,"Taucorr":1.2565970406267588},"EnergyVariance":{"Mean":1.4611569979188344,"Sigma":0.22626339092734088,"Taucorr":0.5551363401045497},"Iteration":34},
{"Acceptance":[0.02671129935783577],"Energy":{"Mean":-640.3941532258066,"Sigma":0.06787501329473604,"Taucorr":0.7729960247187015},"EnergyVariance":{"Mean":1.7932319442637876,"Sigma":0.28597830856112116,"Taucorr":0.5205828123347886},"Iteration":35},
{"Acceptance":[0.024876544414732693],"Energy":{"Mean":-640.6179435483871,"Sigma":0.05787144948313238,"Taucorr":0.8693268029700589},"EnergyVariance":{"Mean":1.2118957710067635,"Sigma":0.18551728888602076,"Taucorr":0.7285879802449742},"Iteration":36},
{"Acceptance":[0.024788710401499034],"Energy":{"Mean":-640.6381048387096,"Sigma":0.07578517918186775,"Taucorr":1.752917154376267},"EnergyVariance":{"Mean":1.263185118041103,"Sigma":0.16227488335180468,"Taucorr":0.30194808680384655},"Iteration":37},
{"Acceptance":[0.02402748228680733],"Energy":{"Mean":-640.6622983870967,"Sigma":0.0620856452113607,"Taucorr":0.8871658069748494},"EnergyVariance":{"Mean":1.3768850399973984,"Sigma":0.26891519719000356,"Taucorr":0.7179965746032873},"Iteration":38},
{"Acceptance":[0.023032030136825875],"Energy":{"Mean":-640.8316532258065,"Sigma":0.07197467695870814,"Taucorr":2.106578774930373},"EnergyVariance":{"Mean":0.984764202328304,"Sigma":0.1325701982320597,"Taucorr":0.8447929565319727},"Iteration":39},
{"Acceptance":[0.02062147444030215],"Energy":{"Mean":-640.8760080645162,"Sigma":0.09745678011183274,"Taucorr":2.1803646416616997},"EnergyVariance":{"Mean":1.7557953547736733,"Sigma":0.4731247226133795,"Taucorr":0.950290621165174},"Iteration":40},
{"Acceptance":[0.019821208986395486],"Energy":{"Mean":-641.0141129032259,"Sigma":0.0801496876136002,"Taucorr":1.409305291081394},"EnergyVariance":{"Mean":1.6671395356399583,"Sigma":0.32718541588666783,"Taucorr":0.7462639171114986},"Iteration":41},
{"Acceptance":[0.018991665528077607],"Energy":{"Mean":-640.9858870967741,"Sigma":0.10162736978860672,"Taucorr":2.451876250944926},"EnergyVariance":{"Mean":1.7336717937044743,"Sigma":0.44556937291615056,"Taucorr":1.0088971500432617},"Iteration":42},
{"Acceptance":[0.018132844065348507],"Energy":{"Mean":-641.2842741935483,"Sigma":0.07215939583940921,"Taucorr":2.024491808885972},"EnergyVariance":{"Mean":1.0220107635275753,"Sigma":0.15112570716431054,"Taucorr":0.08330109681322051},"Iteration":43},
{"Acceptance":[0.018747682157984114],"Energy":{"Mean":-641.0493951612902,"Sigma":0.08591564596939258,"Taucorr":2.6978999019402097},"EnergyVariance":{"Mean":1.1437294728798124,"Sigma":0.3455367129926764,"Taucorr":0.6768757030565198},"Iteration":44},
{"Acceptance":[0.01841586477465696],"Energy":{"Mean":-641.1270161290322,"Sigma":0.08342487601168508,"Taucorr":1.975367558025888},"EnergyVariance":{"Mean":1.3931410965140476,"Sigma":0.29494982002951575,"Taucorr":0.32039867071815464},"Iteration":45},
{"Acceptance":[0.01787910136045127],"Energy":{"Mean":-641.2328629032259,"Sigma":0.07582762873383629,"Taucorr":2.9669014093215504},"EnergyVariance":{"Mean":0.8217829328173775,"Sigma":0.15970589454763637,"Taucorr":1.0298941729267348},"Iteration":46},
{"Acceptance":[0.017244744598208187],"Energy":{"Mean":-641.2096774193549,"Sigma":0.08846189735744342,"Taucorr":2.7367555646035884},"EnergyVariance":{"Mean":1.1979708636836632,"Sigma":0.23349176106910052,"Taucorr":0.7234274232129103},"Iteration":47},
{"Acceptance":[0.013858255421310483],"Energy":{"Mean":-641.5403225806452,"Sigma":0.06609603654925733,"Taucorr":2.674759653599628},"EnergyVariance":{"Mean":0.6818418314255982,"Sigma":0.10963599275285257,"Taucorr":0.10031779053124257},"Iteration":48},
{"Acceptance":[0.01528311830265649],"Energy":{"Mean":-641.4425403225806,"Sigma":0.07970639764056203,"Taucorr":2.5896463565983314},"EnergyVariance":{"Mean":1.0188758048257023,"Sigma":0.23949179368712792,"Taucorr":0.18464271644941876},"Iteration":49} 
]}