{"Output": [
{"Acceptance":[0.9145695364238411],"Energy":{"Mean":-1431.6532258064517,"Sigma":2.338081116867648,"Taucorr":0.02921550776019677},"EnergyVariance":{"Mean":635.2749089490114,"Sigma":86.98494201792289,"Taucorr":0.015145098641379806},"Iteration":0},
{"Acceptance":[0.9051087984862819],"Energy":{"Mean":-1426.733870967742,"Sigma":2.3537871418466123,"Taucorr":-0.011726250395279414},"EnergyVariance":{"Mean":697.8243366285119,"Sigma":115.18882182484661,"Taucorr":0.021346270642624066},"Iteration":1},
{"Acceptance":[0.8929044465468307],"Energy":{"Mean":-1432.8064516129036,"Sigma":1.7823322613855448,"Taucorr":-0.18483919512792962},"EnergyVariance":{"Mean":619.89802289282,"Sigma":99.32106291022431,"Taucorr":0.21651088560114318},"Iteration":2},
{"Acceptance":[0.8784295175023652],"Energy":{"Mean":-1432.846774193548,"Sigma":2.4950132366359346,"Taucorr":0.058736580075052225},"EnergyVariance":{"Mean":685.1942637877212,"Sigma":99.16585346793848,"Taucorr":0.030482965156092612},"Iteration":3},
{"Acceptance":[0.8640018921475875],"Energy":{"Mean":-1429.6774193548388,"Sigma":2.192030823881752,"Taucorr":-0.025025245028350906},"EnergyVariance":{"Mean":622.1540062434963,"Sigma":63.886457090667285,"Taucorr":-0.22661224475569447},"Iteration":4},
{"Acceptance":[0.8452223273415327],"Energy":{"Mean":-1431.975806451613,"Sigma":2.0856445729732624,"Taucorr":-0.061715082898258},"EnergyVariance":{"Mean":610.3784469302809,"Sigma":98.46585031770354,"Taucorr":-0.07316318816091683},"Iteration":5},
{"Acceptance":[0.8206717123935667],"Energy":{"Mean":-1434.8467741935483,"Sigma":2.204823567763875,"Taucorr":-0.009229449830001013},"EnergyVariance":{"Mean":609.1781347554631,"Sigma":87.86935168256046,"Taucorr":0.0897406604589287},"Iteration":6},
{"Acceptance":[0.8019394512771996],"Energy":{"Mean":-1438.5483870967744,"Sigma":2.407046648737566,"Taucorr":0.04890663020931807},"EnergyVariance":{"Mean":649.1508844953174,"Sigma":67.04240475144007,"Taucorr":-0.16252221299053043},"Iteration":7},
{"Acceptance":[0.7440397350993377],"Energy":{"Mean":-1446.5967741935485,"Sigma":2.7054474472253616,"Taucorr":0.254626542137101},"EnergyVariance":{"Mean":596.5148283038503,"Sigma":81.74945976447692,"Taucorr":-0.12257550288336083},"Iteration":8},
{"Acceptance":[0.6679754020813623],"Energy":{"Mean":-1456.0403225806454,"Sigma":2.130869401238276,"Taucorr":-0.012567076305755875},"EnergyVariance":{"Mean":572.8935353798126,"Sigma":52.29193907260543,"Taucorr":-0.13379091405003501},"Iteration":9},
{"Acceptance":[0.5679280983916746],"Energy":{"Mean":-1472.4274193548392,"Sigma":3.380430588076731,"Taucorr":0.4084350592659288},"EnergyVariance":{"Mean":773.6156997918833,"Sigma":96.37587196384679,"Taucorr":0.07837892717879757},"Iteration":10},
{"Acceptance":[0.4650898770104068],"Energy":{"Mean":-1496.4596774193546,"Sigma":2.4381074311838185,"Taucorr":0.2389182899315403},"EnergyVariance":{"Mean":494.7483740894901,"Sigma":55.93039031854884,"Taucorr":0.02620471915605649},"Iteration":11},
{"Acceptance":[0.3998580889309366],"Energy":{"Mean":-1521.7258064516134,"Sigma":2.719017919408242,"Taucorr":0.40933625334998924},"EnergyVariance":{"Mean":500.00546305931323,"Sigma":67.78230114515218,"Taucorr":0.10501653476711148},"Iteration":12},
{"Acceptance":[0.32894985808893096],"Energy":{"Mean":-1547.7338709677424,"Sigma":2.1567578055273313,"Taucorr":0.15479734363581577},"EnergyVariance":{"Mean":436.88885275754427,"Sigma":58.24735406471947,"Taucorr":0.08480534691516184},"Iteration":13},
{"Acceptance":[0.2843897824030274],"Energy":{"Mean":-1562.2903225806451,"Sigma":2.156295383633157,"Taucorr":0.3275754548219748},"EnergyVariance":{"Mean":345.52861602497404,"Sigma":51.72270043003629,"Taucorr":-0.06745334777265205},"Iteration":14},
{"Acceptance":[0.23438978240302744],"Energy":{"Mean":-1577.66935483871,"Sigma":1.7315613524528646,"Taucorr":0.15348486444414278},"EnergyVariance":{"Mean":282.1729318418314,"Sigma":29.350116191187347,"Taucorr":-0.027503572010093902},"Iteration":15},
{"Acceptance":[0.2164143803216651],"Energy":{"Mean":-1587.991935483871,"Sigma":1.281982454995005,"Taucorr":0.10614092256977226},"EnergyVariance":{"Mean":166.7499349635796,"Sigma":19.36501374666935,"Taucorr":-0.08483223064792755},"Iteration":16},
{"Acceptance":[0.1816934720908231],"Energy":{"Mean":-1596.6693548387093,"Sigma":1.4600590601903098,"Taucorr":0.2976322548301489},"EnergyVariance":{"Mean":164.36648022892817,"Sigma":30.583071348132762,"Taucorr":0.11411201815585292},"Iteration":17},
{"Acceptance":[0.18093661305581835],"Energy":{"Mean":-1600.9032258064515,"Sigma":1.3352478234070615,"Taucorr":0.2647459193967491},"EnergyVariance":{"Mean":143.3777315296566,"Sigma":17.328151902567,"Taucorr":-0.16941970269915368},"Iteration":18},
{"Acceptance":[0.16258278145695365],"Energy":{"Mean":-1611.4274193548392,"Sigma":0.7716580344265397,"Taucorr":-0.02202288031931493},"EnergyVariance":{"Mean":76.61569979188344,"Sigma":10.117174462334825,"Taucorr":-0.10243380700617027},"Iteration":19},
{"Acceptance":[0.15122989593188269],"Energy":{"Mean":-1614.2419354838705,"Sigma":1.06725982358752,"Taucorr":0.26338368661426315},"EnergyVariance":{"Mean":91.7640478668054,"Sigma":14.44540897399318,"Taucorr":0.13986689218080695},"Iteration":20},
{"Acceptance":[0.14091769157994324],"Energy":{"Mean":-1617.483870967742,"Sigma":1.0327913608972341,"Taucorr":0.4754605273337843},"EnergyVariance":{"Mean":67.24973985431842,"Sigma":11.079761198310212,"Taucorr":0.40999383915718646},"Iteration":21},
{"Acceptance":[0.1325922421948912],"Energy":{"Mean":-1621.7903225806451,"Sigma":0.794478321279446,"Taucorr":0.06692441690380802},"EnergyVariance":{"Mean":68.47216441207077,"Sigma":11.45750418433922,"Taucorr":0.11941335943754006},"Iteration":22},
{"Acceptance":[0.12350993377483444],"Energy":{"Mean":-1623.717741935484,"Sigma":0.8794045773609052,"Taucorr":0.2808143824332353},"EnergyVariance":{"Mean":60.91226586888657,"Sigma":7.625710859468297,"Taucorr":0.036773953013619076},"Iteration":23},
{"Acceptance":[0.1162724692526017],"Energy":{"Mean":-1625.3064516129034,"Sigma":0.6176949082298929,"Taucorr":0.07888420390586104},"EnergyVariance":{"Mean":40.53511966701353,"Sigma":4.203492076215313,"Taucorr":-0.09669463706984693},"Iteration":24},
{"Acceptance":[0.11816461684011353],"Energy":{"Mean":-1626.0,"Sigma":0.7852812659592991,"Taucorr":0.25243199999997856},"EnergyVariance":{"Mean":50.40322580645161,"Sigma":8.39431192959963,"Taucorr":0.21784778143074546},"Iteration":25},
{"Acceptance":[0.10780510879848629],"Energy":{"Mean":-1628.1451612903224,"Sigma":0.6742951510620188,"Taucorr":0.06421890009290965},"EnergyVariance":{"Mean":49.55957336108221,"Sigma":5.4204384475997065,"Taucorr":-0.002677672570865597},"Iteration":26},
{"Acceptance":[0.10354777672658468],"Energy":{"Mean":-1631.483870967742,"Sigma":0.7326795243942099,"Taucorr":0.18059947228419249},"EnergyVariance":{"Mean":48.50780437044745,"Sigma":7.4954260827812735,"Taucorr":-0.03257138073814314},"Iteration":27},
{"Acceptance":[0.09493850520340587],"Energy":{"Mean":-1634.0645161290324,"Sigma":0.6591954755543519,"Taucorr":0.12085282421341526},"EnergyVariance":{"Mean":43.0442247658689,"Sigma":6.7298126403369585,"Taucorr":-0.10872495749597061},"Iteration":28},
{"Acceptance":[0.09578997161778618],"Energy":{"Mean":-1636.1290322580646,"Sigma":0.7336818851296941,"Taucorr":0.1076127801598572},"EnergyVariance":{"Mean":54.48335067637876,"Sigma":7.933548675847264,"Taucorr":0.048009622655420525},"Iteration":29},
{"Acceptance":[0.08926206244087038],"Energy":{"Mean":-1639.072580645161,"Sigma":0.6924315839410635,"Taucorr":0.13607390624233295},"EnergyVariance":{"Mean":46.35763527575442,"Sigma":6.5882570728069485,"Taucorr":-0.07507974944495038},"Iteration":30},
{"Acceptance":[0.08382213812677389],"Energy":{"Mean":-1641.7903225806451,"Sigma":0.7854606872116864,"Taucorr":0.36732550948199083},"EnergyVariance":{"Mean":43.746357960457864,"Sigma":5.393208072964501,"Taucorr":0.0692880714069466},"Iteration":31},
{"Acceptance":[0.07365184484389782],"Energy":{"Mean":-1643.314516129032,"Sigma":0.6826348129816974,"Taucorr":0.37211632661543637},"EnergyVariance":{"Mean":32.86075702393341,"Sigma":3.9007073944569295,"Taucorr":-0.014161229744654114},"Iteration":32},
{"Acceptance":[0.06788079470198675],"Energy":{"Mean":-1645.6129032258068,"Sigma":0.9861158946859795,"Taucorr":0.5686354719647402},"EnergyVariance":{"Mean":55.963059313215396,"Sigma":8.949450050860012,"Taucorr":0.16679562128552683},"Iteration":33},
{"Acceptance":[0.06220435193945128],"Energy":{"Mean":-1649.1532258064517,"Sigma":0.6395013828995902,"Taucorr":0.19644541612114808},"EnergyVariance":{"Mean":36.11361862643079,"Sigma":4.933327855563129,"Taucorr":0.20130145505700048},"Iteration":34},
{"Acceptance":[0.053405865657521284],"Energy":{"Mean":-1651.3306451612902,"Sigma":0.7096102118714477,"Taucorr":0.41224569947373535},"EnergyVariance":{"Mean":33.94712539021852,"Sigma":4.422150048900559,"Taucorr":0.0940786451274066},"Iteration":35},
{"Acceptance":[0.04375591296121097],"Energy":{"Mean":-1654.8951612903224,"Sigma":0.4991624966457036,"Taucorr":0.17150609191306043},"EnergyVariance":{"Mean":22.8196540062435,"Sigma":3.497797838561401,"Taucorr":0.1309997601759666},"Iteration":36},
{"Acceptance":[0.046877956480605484],"Energy":{"Mean":-1654.903225806452,"Sigma":0.5370265380793138,"Taucorr":0.08697999173496251},"EnergyVariance":{"Mean":30.216441207075963,"Sigma":4.993917036262706,"Taucorr":0.17548958451591457},"Iteration":37},
{"Acceptance":[0.0413434247871334],"Energy":{"Mean":-1657.7177419354837,"Sigma":0.5111317212712875,"Taucorr":0.18864575871014433},"EnergyVariance":{"Mean":23.33162070759625,"Sigma":3.6982077542883833,"Taucorr":0.0785147934686975},"Iteration":38},
{"Acceptance":[0.04058656575212866],"Energy":{"Mean":-1657.7822580645159,"Sigma":0.5979065107770252,"Taucorr":0.46159406067330044},"EnergyVariance":{"Mean":22.863878772112376,"Sigma":3.6614779391125514,"Taucorr":0.09022786685906903},"Iteration":39},
{"Acceptance":[0.04049195837275307],"Energy":{"Mean":-1660.4435483870968,"Sigma":0.7004903886559568,"Taucorr":0.5732439127628965},"EnergyVariance":{"Mean":28.11778095733611,"Sigma":7.050955147800576,"Taucorr":0.5909439609284641},"Iteration":40},
{"Acceptance":[0.03136234626300852],"Energy":{"Mean":-1662.0483870967744,"Sigma":0.5564165486848471,"Taucorr":0.360515548762552},"EnergyVariance":{"Mean":22.126690946930278,"Sigma":4.338283958495142,"Taucorr":0.09377093652358481},"Iteration":41},
{"Acceptance":[0.030558183538315988],"Energy":{"Mean":-1663.9435483870973,"Sigma":0.38550861485349486,"Taucorr":0.24240064659613725},"EnergyVariance":{"Mean":12.311329344432885,"Sigma":1.440320859135854,"Taucorr":-0.058896211125502085},"Iteration":42},
{"Acceptance":[0.028098391674550614],"Energy":{"Mean":-1663.8951612903224,"Sigma":0.39854813688237967,"Taucorr":0.26489654786093353},"EnergyVariance":{"Mean":12.771266909469304,"Sigma":2.422694421864603,"Taucorr":0.2671741595496757},"Iteration":43},
{"Acceptance":[0.02535477767265847],"Energy":{"Mean":-1664.4677419354837,"Sigma":0.4105042033961326,"Taucorr":0.30475223723813405},"EnergyVariance":{"Mean":12.877991675338189,"Sigma":2.3271552750958464,"Taucorr":0.11139157753603779},"Iteration":44},
{"Acceptance":[0.025260170293282876],"Energy":{"Mean":-1664.758064516129,"Sigma":0.38459654026784174,"Taucorr":0.25870326976070435},"EnergyVariance":{"Mean":11.989854318418313,"Sigma":2.873376632054187,"Taucorr":0.08595019733933584},"Iteration":45},
{"Acceptance":[0.022374645222327343],"Energy":{"Mean":-1665.4516129032259,"Sigma":0.4992493498090673,"Taucorr":0.3072247109430737},"EnergyVariance":{"Mean":18.98959417273673,"Sigma":4.344154455821878,"Taucorr":0.07508032544340704},"Iteration":46},
{"Acceptance":[0.02554399243140965],"Energy":{"Mean":-1665.508064516129,"Sigma":0.40102085306432456,"Taucorr":0.26126760210850053},"EnergyVariance":{"Mean":12.991870447450573,"Sigma":2.445320459091593,"Taucorr":0.27624907631224527},"Iteration":47},
{"Acceptance":[0.022989593188268685],"Energy":{"Mean":-1666.2016129032259,"Sigma":0.4974963331089147,"Taucorr":0.6208432505950359},"EnergyVariance":{"Mean":13.580319979188342,"Sigma":3.402694537108616,"Taucorr":0.3983146211696402},"Iteration":48},
{"Acceptance":[0.0228476821192053],"Energy":{"Mean":-1667.1370967741932,"Sigma":0.3627179933482463,"Taucorr":0.1973872586115094},"EnergyVariance":{"Mean":11.602172216441208,"Sigma":2.7153987418359855,"Taucorr":0.4264778931114235},"Iteration":49} 
]}