{"Output": [
{"Acceptance":[0.7324382683801762],"Energy":{"Mean":-165.31451612903226,"Sigma":0.3186226009235465,"Taucorr":0.2983907008633212},"EnergyVariance":{"Mean":63.00591831425598,"Sigma":3.150619528459288,"Taucorr":0.10591917903888526},"Iteration":0},
{"Acceptance":[0.6493574339149514],"Energy":{"Mean":-170.47681451612905,"Sigma":0.34958082540420926,"Taucorr":0.391159451810722},"EnergyVariance":{"Mean":67.9490592075312,"Sigma":3.6415508082270027,"Taucorr":0.22418167430933555},"Iteration":1},
{"Acceptance":[0.5603211089053739],"Energy":{"Mean":-175.616935483871,"Sigma":0.45686309829867167,"Taucorr":0.9905514626250349},"EnergyVariance":{"Mean":69.38551964099895,"Sigma":2.7354088918860513,"Taucorr":-0.062284088453765096},"Iteration":2},
{"Acceptance":[0.48749695259986764],"Energy":{"Mean":-179.36794354838707,"Sigma":0.4389442120952817,"Taucorr":0.9126106768226603},"EnergyVariance":{"Mean":67.58336754520032,"Sigma":3.4710824357536616,"Taucorr":0.21493241467980373},"Iteration":3},
{"Acceptance":[0.4268449831086964],"Energy":{"Mean":-184.12096774193546,"Sigma":0.38532967796161627,"Taucorr":0.7641321732566513},"EnergyVariance":{"Mean":58.19907648283038,"Sigma":2.8916552266311264,"Taucorr":0.19570427526300715},"Iteration":4},
{"Acceptance":[0.3702329955072615],"Energy":{"Mean":-187.8094758064516,"Sigma":0.4322368589075077,"Taucorr":1.3410426749006006},"EnergyVariance":{"Mean":50.28325698328563,"Sigma":3.148871632407442,"Taucorr":0.4227407176645499},"Iteration":5},
{"Acceptance":[0.3221885557064744],"Energy":{"Mean":-191.03326612903228,"Sigma":0.2752226595993134,"Taucorr":0.5802116415052894},"EnergyVariance":{"Mean":34.74586917111082,"Sigma":2.0435909295965478,"Taucorr":0.166569104515376},"Iteration":6},
{"Acceptance":[0.28274649113641903],"Energy":{"Mean":-194.00201612903228,"Sigma":0.22873677673029175,"Taucorr":0.3366108999881443},"EnergyVariance":{"Mean":30.98789916103017,"Sigma":1.874137386303393,"Taucorr":0.2732292784092786},"Iteration":7},
{"Acceptance":[0.24924250339567444],"Energy":{"Mean":-196.00504032258064,"Sigma":0.26231070673505985,"Taucorr":0.7454834528589829},"EnergyVariance":{"Mean":27.373966530632156,"Sigma":1.5346728162121346,"Taucorr":0.13226799298609926},"Iteration":8},
{"Acceptance":[0.2262738132553199],"Energy":{"Mean":-197.74899193548382,"Sigma":0.24202017446895427,"Taucorr":0.8900357504186835},"EnergyVariance":{"Mean":20.87953527412851,"Sigma":1.201676102705607,"Taucorr":0.1745237426224736},"Iteration":9},
{"Acceptance":[0.21049698742729775],"Energy":{"Mean":-198.8931451612903,"Sigma":0.1795981351735647,"Taucorr":0.46085379294964424},"EnergyVariance":{"Mean":16.63374333376691,"Sigma":1.0353962987179015,"Taucorr":0.3626408027652346},"Iteration":10},
{"Acceptance":[0.19344896040121198],"Energy":{"Mean":-199.66633064516128,"Sigma":0.23173983239318388,"Taucorr":1.2091543943490133},"EnergyVariance":{"Mean":15.569108310028621,"Sigma":0.7297636011507455,"Taucorr":0.05419758333675395},"Iteration":11},
{"Acceptance":[0.17539093790269217],"Energy":{"Mean":-200.8618951612903,"Sigma":0.2040972605664385,"Taucorr":1.0752536283727727},"EnergyVariance":{"Mean":13.102902859976584,"Sigma":1.0816371896970496,"Taucorr":1.0540541401452002},"Iteration":12},
{"Acceptance":[0.1595618709295441],"Energy":{"Mean":-201.32358870967744,"Sigma":0.20117341211097964,"Taucorr":1.2693320283545741},"EnergyVariance":{"Mean":11.333798411485432,"Sigma":0.7683269330812388,"Taucorr":0.3060979596929516},"Iteration":13},
{"Acceptance":[0.14275763591404592],"Energy":{"Mean":-202.4889112903226,"Sigma":0.1926845291191801,"Taucorr":1.510317623802257},"EnergyVariance":{"Mean":9.151086717937043,"Sigma":0.4409985502413552,"Taucorr":0.0599159335053},"Iteration":14},
{"Acceptance":[0.1340856058231463],"Energy":{"Mean":-202.88911290322585,"Sigma":0.15303712031195263,"Taucorr":0.9216141086000929},"EnergyVariance":{"Mean":8.163107277575442,"Sigma":0.5497208939652375,"Taucorr":0.23307584373179413},"Iteration":15},
{"Acceptance":[0.125256852296869],"Energy":{"Mean":-203.51209677419354,"Sigma":0.15929609724166932,"Taucorr":1.2869780245067821},"EnergyVariance":{"Mean":7.0361439906347565,"Sigma":0.5764355361174398,"Taucorr":0.6574813265046426},"Iteration":16},
{"Acceptance":[0.11604499703966845],"Energy":{"Mean":-204.0635080645161,"Sigma":0.10971274533876023,"Taucorr":0.6301937300750009},"EnergyVariance":{"Mean":5.277216725741414,"Sigma":0.39064741213442,"Taucorr":0.1961403147787939},"Iteration":17},
{"Acceptance":[0.1080869292654895],"Energy":{"Mean":-204.3326612903226,"Sigma":0.11974460027132015,"Taucorr":1.0248124490939674},"EnergyVariance":{"Mean":4.659497756243496,"Sigma":0.4118656574139103,"Taucorr":0.1334998992496098},"Iteration":18},
{"Acceptance":[0.10136523525929021],"Energy":{"Mean":-204.51411290322582,"Sigma":0.11910528619146606,"Taucorr":1.0677323433554713},"EnergyVariance":{"Mean":4.483671793704476,"Sigma":0.42760129518630086,"Taucorr":0.39948376057279866},"Iteration":19},
{"Acceptance":[0.09866610942778532],"Energy":{"Mean":-204.8820564516129,"Sigma":0.07775395324949316,"Taucorr":0.36657747772456584},"EnergyVariance":{"Mean":3.4568554484261185,"Sigma":0.2620612477382615,"Taucorr":0.08462216280884649},"Iteration":20},
{"Acceptance":[0.09405147494166405],"Energy":{"Mean":-204.92741935483866,"Sigma":0.0921159919124142,"Taucorr":0.7107783255921818},"EnergyVariance":{"Mean":3.4725546305931325,"Sigma":0.41429860178240585,"Taucorr":0.6666858483203109},"Iteration":21},
{"Acceptance":[0.08854874098840247],"Energy":{"Mean":-205.17237903225805,"Sigma":0.10182383115058907,"Taucorr":1.111973235814984},"EnergyVariance":{"Mean":3.1870193402055147,"Sigma":0.38694702283600646,"Taucorr":0.6844662718308865},"Iteration":22},
{"Acceptance":[0.08438686309337234],"Energy":{"Mean":-205.32762096774195,"Sigma":0.06503383514632678,"Taucorr":0.3000321988101715},"EnergyVariance":{"Mean":2.6194790176248697,"Sigma":0.26868464680107373,"Taucorr":0.17764968621379917},"Iteration":23},
{"Acceptance":[0.08114791209556647],"Energy":{"Mean":-205.4254032258064,"Sigma":0.06779761616544853,"Taucorr":0.32203748748694516},"EnergyVariance":{"Mean":2.7706449986992716,"Sigma":0.4282308633502646,"Taucorr":0.12539473040380822},"Iteration":24},
{"Acceptance":[0.07895378400027862],"Energy":{"Mean":-205.64012096774192,"Sigma":0.0652434016675375,"Taucorr":0.7391431917525246},"EnergyVariance":{"Mean":1.7021403079474504,"Sigma":0.14032042548587573,"Taucorr":0.15001228667794686},"Iteration":25},
{"Acceptance":[0.07381673806289833],"Energy":{"Mean":-205.75504032258064,"Sigma":0.055639925926382096,"Taucorr":0.36387714275194527},"EnergyVariance":{"Mean":1.7756802403095733,"Sigma":0.17928063672324648,"Taucorr":0.11082305885302379},"Iteration":26},
{"Acceptance":[0.07259777800996065],"Energy":{"Mean":-205.82862903225805,"Sigma":0.0633654953753404,"Taucorr":0.78250755294924},"EnergyVariance":{"Mean":1.5512771527055151,"Sigma":0.23776701592852512,"Taucorr":0.5190372711042177},"Iteration":27},
{"Acceptance":[0.06768711036812594],"Energy":{"Mean":-205.9727822580645,"Sigma":0.062192488376614,"Taucorr":0.9689531699108129},"EnergyVariance":{"Mean":1.3047027429110305,"Sigma":0.14652197372220202,"Taucorr":0.5213896346865823},"Iteration":28},
{"Acceptance":[0.06535367255250235],"Energy":{"Mean":-205.97076612903226,"Sigma":0.06801809031138865,"Taucorr":1.0489347185688778},"EnergyVariance":{"Mean":1.47999215498179,"Sigma":0.1600026403841716,"Taucorr":0.14942064361586083},"Iteration":29},
{"Acceptance":[0.0628460975864591],"Energy":{"Mean":-206.039314516129,"Sigma":0.054877363235347476,"Taucorr":0.5073538353395699},"EnergyVariance":{"Mean":1.4813172720473464,"Sigma":0.16123027658806963,"Taucorr":-0.012033079437307859},"Iteration":30},
{"Acceptance":[0.060408177480583705],"Energy":{"Mean":-206.03125,"Sigma":0.05531632519729811,"Taucorr":0.6042690528086558},"EnergyVariance":{"Mean":1.3730153729838708,"Sigma":0.1920909735371566,"Taucorr":0.3002181088184882},"Iteration":31},
{"Acceptance":[0.059345940863023715],"Energy":{"Mean":-206.12399193548393,"Sigma":0.05157311659536678,"Taucorr":0.6292436919182676},"EnergyVariance":{"Mean":1.1670856773543183,"Sigma":0.17050387886610363,"Taucorr":0.39259062660699595},"Iteration":32},
{"Acceptance":[0.05682095218193849],"Energy":{"Mean":-206.1663306451613,"Sigma":0.07619438601781178,"Taucorr":0.9372067890187465},"EnergyVariance":{"Mean":2.001567987447971,"Sigma":0.4547718779685755,"Taucorr":0.6327636625730855},"Iteration":33},
{"Acceptance":[0.0525371782816146],"Energy":{"Mean":-206.27520161290323,"Sigma":0.056059626976953145,"Taucorr":0.6650774788008595},"EnergyVariance":{"Mean":1.336562459352237,"Sigma":0.23120999566860195,"Taucorr":0.2483764736119356},"Iteration":34},
{"Acceptance":[0.05415665378051754],"Energy":{"Mean":-206.34879032258064,"Sigma":0.040084985485769324,"Taucorr":0.40853120028199197},"EnergyVariance":{"Mean":0.8763291818418314,"Sigma":0.13196995491246347,"Taucorr":-0.06006207143539022},"Iteration":35},
{"Acceptance":[0.049629087869606105],"Energy":{"Mean":-206.44153225806448,"Sigma":0.03868919569031347,"Taucorr":0.5098114225628838},"EnergyVariance":{"Mean":0.7344847489594172,"Sigma":0.1022761604710997,"Taucorr":0.21666050551113125},"Iteration":36},
{"Acceptance":[0.047835475220283495],"Energy":{"Mean":-206.35282258064515,"Sigma":0.045532835832154055,"Taucorr":0.698185983776431},"EnergyVariance":{"Mean":0.8573710652965659,"Sigma":0.10211930490718951,"Taucorr":0.14011156830753457},"Iteration":37},
{"Acceptance":[0.046372723156758264],"Energy":{"Mean":-206.4637096774193,"Sigma":0.04210364211886955,"Taucorr":0.41654568113822643},"EnergyVariance":{"Mean":0.9583604318418314,"Sigma":0.2520779937938297,"Taucorr":0.6659616579574703},"Iteration":38},
{"Acceptance":[0.046303068296590394],"Energy":{"Mean":-206.4758064516129,"Sigma":0.036250164459540005,"Taucorr":0.43962278077581984},"EnergyVariance":{"Mean":0.6929630593132156,"Sigma":0.10621109285714218,"Taucorr":0.41535453839433345},"Iteration":39},
{"Acceptance":[0.043412391599623866],"Energy":{"Mean":-206.53629032258064,"Sigma":0.03723294171148854,"Taucorr":0.6343760908089742},"EnergyVariance":{"Mean":0.6055378511966703,"Sigma":0.09498951722074109,"Taucorr":0.17765264612242326},"Iteration":40},
{"Acceptance":[0.042001880681224533],"Energy":{"Mean":-206.6048387096774,"Sigma":0.03506751082759333,"Taucorr":0.5772771262120626},"EnergyVariance":{"Mean":0.5656217481789801,"Sigma":0.10630097635943572,"Taucorr":0.7525369469990324},"Iteration":41},
{"Acceptance":[0.041270504649461914],"Energy":{"Mean":-206.53729838709677,"Sigma":0.04415660123593024,"Taucorr":1.0149688980106288},"EnergyVariance":{"Mean":0.6377217335457858,"Sigma":0.09825955079719971,"Taucorr":0.49405929581481733},"Iteration":42},
{"Acceptance":[0.04184515724584683],"Energy":{"Mean":-206.56350806451613,"Sigma":0.04176275557489264,"Taucorr":0.7497125934284106},"EnergyVariance":{"Mean":0.6915312418704475,"Sigma":0.10795150042914989,"Taucorr":0.4866005565964042},"Iteration":43},
{"Acceptance":[0.03925051370459374],"Energy":{"Mean":-206.64213709677418,"Sigma":0.033073120438288126,"Taucorr":0.7389600615117444},"EnergyVariance":{"Mean":0.4374583360431842,"Sigma":0.04894060019611925,"Taucorr":0.030912175462005642},"Iteration":44},
{"Acceptance":[0.040034130881482256],"Energy":{"Mean":-206.65423387096774,"Sigma":0.04914284360260315,"Taucorr":1.1756989002492217},"EnergyVariance":{"Mean":0.7141151388527577,"Sigma":0.3095087795821719,"Taucorr":1.4340835801703635},"Iteration":45},
{"Acceptance":[0.039093790269216035],"Energy":{"Mean":-206.69858870967738,"Sigma":0.03832943566273774,"Taucorr":0.7474786401437212},"EnergyVariance":{"Mean":0.5835463953563997,"Sigma":0.14855555439784132,"Taucorr":0.3918535951852956},"Iteration":46},
{"Acceptance":[0.037439487340229165],"Energy":{"Mean":-206.76008064516125,"Sigma":0.026579279834962753,"Taucorr":0.7019749605705614},"EnergyVariance":{"Mean":0.2912290257544225,"Sigma":0.04973890493146473,"Taucorr":0.5683178534793141},"Iteration":47},
{"Acceptance":[0.035123463239647545],"Energy":{"Mean":-206.69556451612902,"Sigma":0.04369158306983109,"Taucorr":0.715344969560135},"EnergyVariance":{"Mean":0.7782867780957335,"Sigma":0.23219170984712448,"Taucorr":0.4495890220252938},"Iteration":48},
{"Acceptance":[0.03576777069620033],"Energy":{"Mean":-206.77016129032262,"Sigma":0.030070076193951564,"Taucorr":0.5250341758731842},"EnergyVariance":{"Mean":0.43709352237252863,"Sigma":0.13066999782266253,"Taucorr":0.118574014615764},"Iteration":49} 
]}