{"Output": [
{"Acceptance":[0.011930926216640502],"Energy":{"Mean":-557.6209677419354,"Sigma":0.20441069498286482,"Taucorr":0.2125516221528837},"EnergyVariance":{"Mean":3.6063345473465143,"Sigma":0.24889641843747784,"Taucorr":0.10698280850507225},"Iteration":0},
{"Acceptance":[0.00934065934065934],"Energy":{"Mean":-558.9435483870969,"Sigma":0.03612567188673435,"Taucorr":0.03493714781096202},"EnergyVariance":{"Mean":0.15003902185223722,"Sigma":0.125667710540418,"Taucorr":-0.0011881908595240964},"Iteration":1},
{"Acceptance":[0.005494505494505495],"Energy":{"Mean":-559.0806451612902,"Sigma":0.07275963592670852,"Taucorr":0.32067213114753235},"EnergyVariance":{"Mean":0.3967221644120707,"Sigma":0.2726347925239457,"Taucorr":0.32016328774681424},"Iteration":2},
{"Acceptance":[0.003218210361067504],"Energy":{"Mean":-559.0241935483871,"Sigma":0.03351062804784603,"Taucorr":0.005907575035776436},"EnergyVariance":{"Mean":0.13651144640998958,"Sigma":0.1274699460868749,"Taucorr":-0.0016661115633264667},"Iteration":3},
{"Acceptance":[0.006436420722135008],"Energy":{"Mean":-559.4112903225806,"Sigma":0.20031842497377614,"Taucorr":0.5478998094501624},"EnergyVariance":{"Mean":2.355033818938605,"Sigma":0.7043287198759525,"Taucorr":0.555584017621088},"Iteration":4},
{"Acceptance":[0.0019623233908948193],"Energy":{"Mean":-562.8790322580644,"Sigma":0.16512905011269358,"Taucorr":1.3702328280264107},"EnergyVariance":{"Mean":0.8966571279916752,"Sigma":0.7683462350444561,"Taucorr":1.4727281251910698},"Iteration":5},
{"Acceptance":[0.0009419152276295133],"Energy":{"Mean":-563.0241935483872,"Sigma":0.01779074420190911,"Taucorr":-0.01014729950893789},"EnergyVariance":{"Mean":0.03973725286160249,"Sigma":0.032150136799680054,"Taucorr":-0.00582163912329553},"Iteration":6},
{"Acceptance":[0.001098901098901099],"Energy":{"Mean":-562.9596774193545,"Sigma":0.032989030014285464,"Taucorr":-0.00595295247238764},"EnergyVariance":{"Mean":0.13547086368366285,"Sigma":0.12640104960766782,"Taucorr":-0.0014743043164160419},"Iteration":7},
{"Acceptance":[0.0012558869701726845],"Energy":{"Mean":-563.0,"Sigma":0.0,"Taucorr":null},"EnergyVariance":{"Mean":0.0,"Sigma":0.0,"Taucorr":null},"Iteration":8},
{"Acceptance":[0.002197802197802198],"Energy":{"Mean":-562.7177419354839,"Sigma":0.1921657604791263,"Taucorr":0.7851827315888389},"EnergyVariance":{"Mean":1.7671045785639956,"Sigma":1.0460732970372562,"Taucorr":0.5664505252658532},"Iteration":9},
{"Acceptance":[0.00141287284144427],"Energy":{"Mean":-563.0,"Sigma":0.0,"Taucorr":null},"EnergyVariance":{"Mean":0.0,"Sigma":0.0,"Taucorr":null},"Iteration":10},
{"Acceptance":[0.002354788069073783],"Energy":{"Mean":-563.0,"Sigma":0.0,"Taucorr":null},"EnergyVariance":{"Mean":0.0,"Sigma":0.0,"Taucorr":null},"Iteration":11},
{"Acceptance":[0.001098901098901099],"Energy":{"Mean":-562.9919354838709,"Sigma":0.04096266161032714,"Taucorr":0.2530612244898871},"EnergyVariance":{"Mean":0.137031737773153,"Sigma":0.0954405159383782,"Taucorr":0.12561930459393933},"Iteration":12},
{"Acceptance":[0.001726844583987441],"Energy":{"Mean":-563.0564516129033,"Sigma":0.06630582190675516,"Taucorr":1.3020806241872078},"EnergyVariance":{"Mean":0.15003902185223725,"Sigma":0.12172597007428547,"Taucorr":1.4628253884643276},"Iteration":13},
{"Acceptance":[0.006122448979591836],"Energy":{"Mean":-563.524193548387,"Sigma":0.1126148390626582,"Taucorr":0.4776228906823692},"EnergyVariance":{"Mean":0.7978017689906348,"Sigma":0.11811546477694107,"Taucorr":0.4444596253143708},"Iteration":14},
{"Acceptance":[0.001805337519623234],"Energy":{"Mean":-564.9677419354838,"Sigma":0.03225806451613087,"Taucorr":4.907185768843192e-14},"EnergyVariance":{"Mean":0.12799167533818934,"Sigma":0.1269510926118572,"Taucorr":0.0},"Iteration":15},
{"Acceptance":[0.002197802197802198],"Energy":{"Mean":-565.0,"Sigma":0.0,"Taucorr":null},"EnergyVariance":{"Mean":0.0,"Sigma":0.0,"Taucorr":null},"Iteration":16},
{"Acceptance":[0.00282574568288854],"Energy":{"Mean":-565.1935483870969,"Sigma":0.10980779727010169,"Taucorr":0.8651939655172602},"EnergyVariance":{"Mean":0.5431841831425598,"Sigma":0.286917147705706,"Taucorr":0.8651939655172414},"Iteration":17},
{"Acceptance":[0.004003139717425432],"Energy":{"Mean":-567.5887096774194,"Sigma":0.12462221788439917,"Taucorr":0.3970863111599835},"EnergyVariance":{"Mean":1.0647112382934443,"Sigma":0.27135482926442556,"Taucorr":0.39708631115997783},"Iteration":18},
{"Acceptance":[0.0012558869701726845],"Energy":{"Mean":-567.9354838709677,"Sigma":0.05049185755644652,"Taucorr":0.7556249999999924},"EnergyVariance":{"Mean":0.12486992715920915,"Sigma":0.09446863671850793,"Taucorr":0.7556249999999998},"Iteration":19},
{"Acceptance":[0.0003139717425431711],"Energy":{"Mean":-568.0,"Sigma":0.0,"Taucorr":null},"EnergyVariance":{"Mean":0.0,"Sigma":0.0,"Taucorr":null},"Iteration":20},
{"Acceptance":[0.00047095761381475666],"Energy":{"Mean":-567.983870967742,"Sigma":0.01612903225806637,"Taucorr":1.0014211682118912e-13},"EnergyVariance":{"Mean":0.031997918834547355,"Sigma":0.03173777315296613,"Taucorr":-2.220446049250313e-16},"Iteration":21},
{"Acceptance":[0.00015698587127158556],"Energy":{"Mean":-568.0,"Sigma":0.0,"Taucorr":null},"EnergyVariance":{"Mean":0.0,"Sigma":0.0,"Taucorr":null},"Iteration":22},
{"Acceptance":[0.0006279434850863422],"Energy":{"Mean":-568.0,"Sigma":0.0,"Taucorr":null},"EnergyVariance":{"Mean":0.0,"Sigma":0.0,"Taucorr":null},"Iteration":23},
{"Acceptance":[0.0003139717425431711],"Energy":{"Mean":-568.0,"Sigma":0.0,"Taucorr":null},"EnergyVariance":{"Mean":0.0,"Sigma":0.0,"Taucorr":null},"Iteration":24},
{"Acceptance":[0.0003139717425431711],"Energy":{"Mean":-568.0,"Sigma":0.0,"Taucorr":null},"EnergyVariance":{"Mean":0.0,"Sigma":0.0,"Taucorr":null},"Iteration":25},
{"Acceptance":[0.00047095761381475666],"Energy":{"Mean":-567.9919354838709,"Sigma":0.008064516129033495,"Taucorr":1.2967404927621828e-13},"EnergyVariance":{"Mean":0.007999479708636839,"Sigma":0.007934443288239699,"Taucorr":-2.220446049250313e-16},"Iteration":26},
{"Acceptance":[0.0003139717425431711],"Energy":{"Mean":-568.0,"Sigma":0.0,"Taucorr":null},"EnergyVariance":{"Mean":0.0,"Sigma":0.0,"Taucorr":null},"Iteration":27},
{"Acceptance":[0.00015698587127158556],"Energy":{"Mean":-568.0,"Sigma":0.0,"Taucorr":null},"EnergyVariance":{"Mean":0.0,"Sigma":0.0,"Taucorr":null},"Iteration":28},
{"Acceptance":[0.00015698587127158556],"Energy":{"Mean":-568.0,"Sigma":0.0,"Taucorr":null},"EnergyVariance":{"Mean":0.0,"Sigma":0.0,"Taucorr":null},"Iteration":29},
{"Acceptance":[0.0],"Energy":{"Mean":-568.0,"Sigma":0.0,"Taucorr":null},"EnergyVariance":{"Mean":0.0,"Sigma":0.0,"Taucorr":null},"Iteration":30},
{"Acceptance":[0.00047095761381475666],"Energy":{"Mean":-567.7983870967741,"Sigma":0.14313096249434537,"Taucorr":0.8023529411764658},"EnergyVariance":{"Mean":0.9674167533818939,"Sigma":0.6579407146917371,"Taucorr":0.8023529411764705},"Iteration":31},
{"Acceptance":[0.0006279434850863422],"Energy":{"Mean":-567.9596774193546,"Sigma":0.028626192498869916,"Taucorr":-0.011720226843081216},"EnergyVariance":{"Mean":0.10321279916753381,"Sigma":0.07616510683433071,"Taucorr":-0.00932225260953562},"Iteration":32},
{"Acceptance":[0.00015698587127158556],"Energy":{"Mean":-568.0,"Sigma":0.0,"Taucorr":null},"EnergyVariance":{"Mean":0.0,"Sigma":0.0,"Taucorr":null},"Iteration":33},
{"Acceptance":[0.00047095761381475666],"Energy":{"Mean":-568.0,"Sigma":0.0,"Taucorr":null},"EnergyVariance":{"Mean":0.0,"Sigma":0.0,"Taucorr":null},"Iteration":34},
{"Acceptance":[0.0006279434850863422],"Energy":{"Mean":-568.0,"Sigma":0.0,"Taucorr":null},"EnergyVariance":{"Mean":0.0,"Sigma":0.0,"Taucorr":null},"Iteration":35},
{"Acceptance":[0.0006279434850863422],"Energy":{"Mean":-567.9596774193546,"Sigma":0.026173465472341617,"Taucorr":0.5887394957984098},"EnergyVariance":{"Mean":0.03869667013527576,"Sigma":0.024062702127786436,"Taucorr":0.5887394957983185},"Iteration":36},
{"Acceptance":[0.00015698587127158556],"Energy":{"Mean":-568.0,"Sigma":0.0,"Taucorr":null},"EnergyVariance":{"Mean":0.0,"Sigma":0.0,"Taucorr":null},"Iteration":37},
{"Acceptance":[0.00015698587127158556],"Energy":{"Mean":-568.0,"Sigma":0.0,"Taucorr":null},"EnergyVariance":{"Mean":0.0,"Sigma":0.0,"Taucorr":null},"Iteration":38},
{"Acceptance":[0.0006279434850863422],"Energy":{"Mean":-568.0,"Sigma":0.0,"Taucorr":null},"EnergyVariance":{"Mean":0.0,"Sigma":0.0,"Taucorr":null},"Iteration":39},
{"Acceptance":[0.0006279434850863422],"Energy":{"Mean":-567.9435483870969,"Sigma":0.03612567188673463,"Taucorr":-0.016986301369890433},"EnergyVariance":{"Mean":0.16616805411030172,"Sigma":0.12795134728545793,"Taucorr":-0.007477969074584201},"Iteration":40},
{"Acceptance":[0.00047095761381475666],"Energy":{"Mean":-567.9354838709677,"Sigma":0.06451612903225555,"Taucorr":-2.7533531010703882e-14},"EnergyVariance":{"Mean":0.5119667013527576,"Sigma":0.5078043704474435,"Taucorr":0.0},"Iteration":41},
{"Acceptance":[0.0006279434850863422],"Energy":{"Mean":-568.0,"Sigma":0.0,"Taucorr":null},"EnergyVariance":{"Mean":0.0,"Sigma":0.0,"Taucorr":null},"Iteration":42},
{"Acceptance":[0.0003139717425431711],"Energy":{"Mean":-568.0,"Sigma":0.0,"Taucorr":null},"EnergyVariance":{"Mean":0.0,"Sigma":0.0,"Taucorr":null},"Iteration":43},
{"Acceptance":[0.0009419152276295133],"Energy":{"Mean":-568.0241935483872,"Sigma":0.03351062804784565,"Taucorr":0.459259259259325},"EnergyVariance":{"Mean":0.07199531737773152,"Sigma":0.06324050915278649,"Taucorr":0.48584224552602384},"Iteration":44},
{"Acceptance":[0.0003139717425431711],"Energy":{"Mean":-568.0,"Sigma":0.0,"Taucorr":null},"EnergyVariance":{"Mean":0.0,"Sigma":0.0,"Taucorr":null},"Iteration":45},
{"Acceptance":[0.0003139717425431711],"Energy":{"Mean":-567.9032258064516,"Sigma":0.09677419354838675,"Taucorr":1.0247933884297398},"EnergyVariance":{"Mean":0.37773152965660767,"Sigma":0.3683662851196621,"Taucorr":1.0247933884297522},"Iteration":46},
{"Acceptance":[0.0006279434850863422],"Energy":{"Mean":-568.0645161290324,"Sigma":0.04485301852605446,"Taucorr":0.4908333333333841},"EnergyVariance":{"Mean":0.12486992715920919,"Sigma":0.08391855079066293,"Taucorr":0.4908333333333331},"Iteration":47},
{"Acceptance":[0.0006279434850863422],"Energy":{"Mean":-568.0322580645162,"Sigma":0.022426509263027253,"Taucorr":-0.012704918032741208},"EnergyVariance":{"Mean":0.06347554630593132,"Sigma":0.04340614696069176,"Taucorr":-0.012704918032787005},"Iteration":48},
{"Acceptance":[0.002197802197802198],"Energy":{"Mean":-568.1612903225807,"Sigma":0.05859968427285246,"Taucorr":0.2121052631578635},"EnergyVariance":{"Mean":0.2965660770031217,"Sigma":0.09829624458671452,"Taucorr":0.21210526315789446},"Iteration":49},
{"Acceptance":[0.001805337519623234],"Energy":{"Mean":-569.967741935484,"Sigma":0.02242650926302751,"Taucorr":-0.012704918032721113},"EnergyVariance":{"Mean":0.06347554630593132,"Sigma":0.04340614696070196,"Taucorr":-0.012704918032787005},"Iteration":50},
{"Acceptance":[0.0009419152276295133],"Energy":{"Mean":-570.0,"Sigma":0.0,"Taucorr":null},"EnergyVariance":{"Mean":0.0,"Sigma":0.0,"Taucorr":null},"Iteration":51},
{"Acceptance":[0.0009419152276295133],"Energy":{"Mean":-569.8870967741935,"Sigma":0.060061247500081565,"Taucorr":0.5412698412698431},"EnergyVariance":{"Mean":0.21305931321540061,"Sigma":0.10656027782272386,"Taucorr":0.5412698412698411},"Iteration":52},
{"Acceptance":[0.00015698587127158556],"Energy":{"Mean":-570.008064516129,"Sigma":0.008064516129032376,"Taucorr":4.440892098500626e-16},"EnergyVariance":{"Mean":0.007999479708636837,"Sigma":0.007934443288241534,"Taucorr":0.0},"Iteration":53},
{"Acceptance":[0.0009419152276295133],"Energy":{"Mean":-570.008064516129,"Sigma":0.008064516129032182,"Taucorr":-1.63202784619898e-14},"EnergyVariance":{"Mean":0.007999479708636839,"Sigma":0.007934443288241534,"Taucorr":0.0},"Iteration":54},
{"Acceptance":[0.00015698587127158556],"Energy":{"Mean":-570.0,"Sigma":0.0,"Taucorr":null},"EnergyVariance":{"Mean":0.0,"Sigma":0.0,"Taucorr":null},"Iteration":55},
{"Acceptance":[0.00047095761381475666],"Energy":{"Mean":-569.983870967742,"Sigma":0.01612903225806463,"Taucorr":0.5081967213115011},"EnergyVariance":{"Mean":0.01586888657648283,"Sigma":0.01560874089490162,"Taucorr":0.5081967213114755},"Iteration":56},
{"Acceptance":[0.0006279434850863422],"Energy":{"Mean":-569.9032258064517,"Sigma":0.06727952778907566,"Taucorr":1.0114406779660567},"EnergyVariance":{"Mean":0.1841831425598335,"Sigma":0.12153721148995938,"Taucorr":1.0114406779661018},"Iteration":57},
{"Acceptance":[0.0003139717425431711],"Energy":{"Mean":-570.008064516129,"Sigma":0.008064516129032376,"Taucorr":2.90878432451791e-14},"EnergyVariance":{"Mean":0.007999479708636837,"Sigma":0.007934443288241534,"Taucorr":0.0},"Iteration":58},
{"Acceptance":[0.0006279434850863422],"Energy":{"Mean":-569.991935483871,"Sigma":0.045619792334615814,"Taucorr":0.13504356243948978},"EnergyVariance":{"Mean":0.20154786680541098,"Sigma":0.13241578740845783,"Taucorr":-0.00441739666262464},"Iteration":59},
{"Acceptance":[0.00047095761381475666],"Energy":{"Mean":-570.016129032258,"Sigma":0.016129032258065477,"Taucorr":0.5081967213115384},"EnergyVariance":{"Mean":0.01586888657648283,"Sigma":0.015608740894901616,"Taucorr":0.5081967213114749},"Iteration":60},
{"Acceptance":[0.0007849293563579278],"Energy":{"Mean":-569.9677419354839,"Sigma":0.04138388257618343,"Taucorr":0.0048316708229225735},"EnergyVariance":{"Mean":0.20863683662851193,"Sigma":0.19891042303374554,"Taucorr":-0.0010859400640511607},"Iteration":61},
{"Acceptance":[0.00141287284144427],"Energy":{"Mean":-570.0483870967741,"Sigma":0.02698903311399942,"Taucorr":0.4728813559320625},"EnergyVariance":{"Mean":0.04604578563995838,"Sigma":0.024377191199746507,"Taucorr":0.4728813559322028},"Iteration":62},
{"Acceptance":[0.00047095761381475666],"Energy":{"Mean":-570.0241935483872,"Sigma":0.013494516557000936,"Taucorr":-0.025619834710764233},"EnergyVariance":{"Mean":0.02360822060353798,"Sigma":0.012841556078434171,"Taucorr":-0.025619834710743583},"Iteration":63},
{"Acceptance":[0.0026687598116169543],"Energy":{"Mean":-570.1048387096776,"Sigma":0.03624549202297513,"Taucorr":0.3609147609147658},"EnergyVariance":{"Mean":0.09384755463059313,"Sigma":0.02864563079234129,"Taucorr":0.3609147609147606},"Iteration":64},
{"Acceptance":[0.0052590266875981164],"Energy":{"Mean":-570.7983870967743,"Sigma":0.03917728323061639,"Taucorr":0.08642424242423752},"EnergyVariance":{"Mean":0.16096514047866806,"Sigma":0.02337999160537338,"Taucorr":0.0864242424242424},"Iteration":65},
{"Acceptance":[0.0003139717425431711],"Energy":{"Mean":-571.0,"Sigma":0.0,"Taucorr":null},"EnergyVariance":{"Mean":0.0,"Sigma":0.0,"Taucorr":null},"Iteration":66},
{"Acceptance":[0.0007849293563579278],"Energy":{"Mean":-570.9677419354838,"Sigma":0.032258064516130044,"Taucorr":1.709743457922741e-14},"EnergyVariance":{"Mean":0.12799167533818936,"Sigma":0.1269510926118572,"Taucorr":-2.220446049250313e-16},"Iteration":67},
{"Acceptance":[0.0009419152276295133],"Energy":{"Mean":-571.0,"Sigma":0.0,"Taucorr":null},"EnergyVariance":{"Mean":0.0,"Sigma":0.0,"Taucorr":null},"Iteration":68},
{"Acceptance":[0.00047095761381475666],"Energy":{"Mean":-570.9919354838709,"Sigma":0.00806451612903539,"Taucorr":2.744471316873387e-13},"EnergyVariance":{"Mean":0.007999479708636839,"Sigma":0.0079344432882397,"Taucorr":0.0},"Iteration":69},
{"Acceptance":[0.00015698587127158556],"Energy":{"Mean":-571.0,"Sigma":0.0,"Taucorr":null},"EnergyVariance":{"Mean":0.0,"Sigma":0.0,"Taucorr":null},"Iteration":70},
{"Acceptance":[0.0003139717425431711],"Energy":{"Mean":-571.0,"Sigma":0.0,"Taucorr":null},"EnergyVariance":{"Mean":0.0,"Sigma":0.0,"Taucorr":null},"Iteration":71},
{"Acceptance":[0.0003139717425431711],"Energy":{"Mean":-571.0,"Sigma":0.0,"Taucorr":null},"EnergyVariance":{"Mean":0.0,"Sigma":0.0,"Taucorr":null},"Iteration":72},
{"Acceptance":[0.00047095761381475666],"Energy":{"Mean":-571.0,"Sigma":0.0,"Taucorr":null},"EnergyVariance":{"Mean":0.0,"Sigma":0.0,"Taucorr":null},"Iteration":73},
{"Acceptance":[0.001098901098901099],"Energy":{"Mean":-571.0,"Sigma":0.0,"Taucorr":null},"EnergyVariance":{"Mean":0.0,"Sigma":0.0,"Taucorr":null},"Iteration":74},
{"Acceptance":[0.0007849293563579278],"Energy":{"Mean":-570.991935483871,"Sigma":0.008064516129032182,"Taucorr":-1.63202784619898e-14},"EnergyVariance":{"Mean":0.007999479708636837,"Sigma":0.007934443288241532,"Taucorr":-2.220446049250313e-16},"Iteration":75},
{"Acceptance":[0.00047095761381475666],"Energy":{"Mean":-571.0,"Sigma":0.0,"Taucorr":null},"EnergyVariance":{"Mean":0.0,"Sigma":0.0,"Taucorr":null},"Iteration":76},
{"Acceptance":[0.00047095761381475666],"Energy":{"Mean":-570.9354838709677,"Sigma":0.06451612903225726,"Taucorr":0.5081967213114724},"EnergyVariance":{"Mean":0.2539021852237253,"Sigma":0.24973985431841125,"Taucorr":0.5081967213114755},"Iteration":77},
{"Acceptance":[0.0003139717425431711],"Energy":{"Mean":-571.0,"Sigma":0.0,"Taucorr":null},"EnergyVariance":{"Mean":0.0,"Sigma":0.0,"Taucorr":null},"Iteration":78},
{"Acceptance":[0.0009419152276295133],"Energy":{"Mean":-570.9677419354838,"Sigma":0.032258064516130044,"Taucorr":1.709743457922741e-14},"EnergyVariance":{"Mean":0.12799167533818936,"Sigma":0.1269510926118572,"Taucorr":-2.220446049250313e-16},"Iteration":79},
{"Acceptance":[0.00015698587127158556],"Energy":{"Mean":-571.0,"Sigma":0.0,"Taucorr":null},"EnergyVariance":{"Mean":0.0,"Sigma":0.0,"Taucorr":null},"Iteration":80},
{"Acceptance":[0.00047095761381475666],"Energy":{"Mean":-570.8548387096773,"Sigma":0.14516129032258374,"Taucorr":1.024793388429772},"EnergyVariance":{"Mean":0.849895941727367,"Sigma":0.828824141519223,"Taucorr":1.0247933884297518},"Iteration":81},
{"Acceptance":[0.0012558869701726845],"Energy":{"Mean":-571.0,"Sigma":0.0,"Taucorr":null},"EnergyVariance":{"Mean":0.0,"Sigma":0.0,"Taucorr":null},"Iteration":82},
{"Acceptance":[0.0006279434850863422],"Energy":{"Mean":-571.0,"Sigma":0.0,"Taucorr":null},"EnergyVariance":{"Mean":0.0,"Sigma":0.0,"Taucorr":null},"Iteration":83},
{"Acceptance":[0.0003139717425431711],"Energy":{"Mean":-571.0,"Sigma":0.0,"Taucorr":null},"EnergyVariance":{"Mean":0.0,"Sigma":0.0,"Taucorr":null},"Iteration":84},
{"Acceptance":[0.00047095761381475666],"Energy":{"Mean":-571.0,"Sigma":0.0,"Taucorr":null},"EnergyVariance":{"Mean":0.0,"Sigma":0.0,"Taucorr":null},"Iteration":85},
{"Acceptance":[0.00015698587127158556],"Energy":{"Mean":-571.0,"Sigma":0.0,"Taucorr":null},"EnergyVariance":{"Mean":0.0,"Sigma":0.0,"Taucorr":null},"Iteration":86},
{"Acceptance":[0.00047095761381475666],"Energy":{"Mean":-570.991935483871,"Sigma":0.008064516129032558,"Taucorr":5.595524044110789e-14},"EnergyVariance":{"Mean":0.007999479708636837,"Sigma":0.007934443288241534,"Taucorr":0.0},"Iteration":87},
{"Acceptance":[0.000706436420722135],"Energy":{"Mean":-571.0,"Sigma":0.0,"Taucorr":null},"EnergyVariance":{"Mean":0.0,"Sigma":0.0,"Taucorr":null},"Iteration":88},
{"Acceptance":[0.00023547880690737833],"Energy":{"Mean":-571.0,"Sigma":0.0,"Taucorr":null},"EnergyVariance":{"Mean":0.0,"Sigma":0.0,"Taucorr":null},"Iteration":89},
{"Acceptance":[0.0006279434850863422],"Energy":{"Mean":-571.0,"Sigma":0.0,"Taucorr":null},"EnergyVariance":{"Mean":0.0,"Sigma":0.0,"Taucorr":null},"Iteration":90},
{"Acceptance":[0.0006279434850863422],"Energy":{"Mean":-570.9032258064516,"Sigma":0.09677419354838668,"Taucorr":1.024793388429735},"EnergyVariance":{"Mean":0.37773152965660767,"Sigma":0.3683662851196621,"Taucorr":1.0247933884297522},"Iteration":91},
{"Acceptance":[0.00047095761381475666],"Energy":{"Mean":-571.0,"Sigma":0.0,"Taucorr":null},"EnergyVariance":{"Mean":0.0,"Sigma":0.0,"Taucorr":null},"Iteration":92},
{"Acceptance":[0.0007849293563579278],"Energy":{"Mean":-570.8709677419356,"Sigma":0.10098371511289334,"Taucorr":0.7556250000000031},"EnergyVariance":{"Mean":0.49947970863683655,"Sigma":0.3778745468740777,"Taucorr":0.7556249999999998},"Iteration":93},
{"Acceptance":[0.0006279434850863422],"Energy":{"Mean":-571.0,"Sigma":0.0,"Taucorr":null},"EnergyVariance":{"Mean":0.0,"Sigma":0.0,"Taucorr":null},"Iteration":94},
{"Acceptance":[0.00141287284144427],"Energy":{"Mean":-570.9112903225806,"Sigma":0.06814396830411999,"Taucorr":0.38476727785611453},"EnergyVariance":{"Mean":0.3227757544224766,"Sigma":0.25369476359085535,"Taucorr":0.4313526155836701},"Iteration":95},
{"Acceptance":[0.001098901098901099],"Energy":{"Mean":-570.983870967742,"Sigma":0.016129032258064318,"Taucorr":-1.7763568394002505e-15},"EnergyVariance":{"Mean":0.031997918834547355,"Sigma":0.03173777315296614,"Taucorr":0.0},"Iteration":96},
{"Acceptance":[0.0006279434850863422],"Energy":{"Mean":-571.0,"Sigma":0.0,"Taucorr":null},"EnergyVariance":{"Mean":0.0,"Sigma":0.0,"Taucorr":null},"Iteration":97},
{"Acceptance":[0.0007849293563579278],"Energy":{"Mean":-571.0,"Sigma":0.0,"Taucorr":null},"EnergyVariance":{"Mean":0.0,"Sigma":0.0,"Taucorr":null},"Iteration":98},
{"Acceptance":[0.0003139717425431711],"Energy":{"Mean":-571.0,"Sigma":0.0,"Taucorr":null},"EnergyVariance":{"Mean":0.0,"Sigma":0.0,"Taucorr":null},"Iteration":99} 
]}