{"Output": [
{"Acceptance":[0.889795918367347],"Energy":{"Mean":-23.072580645161292,"Sigma":0.3301990171279197,"Taucorr":0.13454453696694446},"EnergyVariance":{"Mean":10.567312695109262,"Sigma":1.2250796349495885,"Taucorr":-0.04335065416076461},"Iteration":0},
{"Acceptance":[0.8738095238095238],"Energy":{"Mean":-22.629032258064516,"Sigma":0.29372262346507527,"Taucorr":0.03622847377415528},"EnergyVariance":{"Mean":9.894640998959414,"Sigma":1.2271563973246113,"Taucorr":-0.018285624796982425},"Iteration":1},
{"Acceptance":[0.8248299319727891],"Energy":{"Mean":-23.556451612903224,"Sigma":0.28697291033482986,"Taucorr":-0.036375922034160846},"EnergyVariance":{"Mean":10.92423257023933,"Sigma":1.0907855681827237,"Taucorr":-0.03904296712108207},"Iteration":2},
{"Acceptance":[0.7642857142857142],"Energy":{"Mean":-23.959677419354843,"Sigma":0.24376548039994667,"Taucorr":-0.11361714124612315},"EnergyVariance":{"Mean":9.458051508844951,"Sigma":0.9326747224511923,"Taucorr":0.005424272555799359},"Iteration":3},
{"Acceptance":[0.7336734693877551],"Energy":{"Mean":-24.95967741935483,"Sigma":0.30565828269278544,"Taucorr":0.12344697156809448},"EnergyVariance":{"Mean":9.216116024973987,"Sigma":1.1105603505876067,"Taucorr":-0.011371186468041361},"Iteration":4},
{"Acceptance":[0.6789115646258503],"Energy":{"Mean":-25.177419354838708,"Sigma":0.2967552004207513,"Taucorr":0.1006397680390062},"EnergyVariance":{"Mean":9.016909469302808,"Sigma":1.3797461006546738,"Taucorr":0.12793082615159046},"Iteration":5},
{"Acceptance":[0.6187074829931973],"Energy":{"Mean":-25.604838709677423,"Sigma":0.38899066273110916,"Taucorr":0.18213126242473643},"EnergyVariance":{"Mean":13.64223465140479,"Sigma":1.6444253197814322,"Taucorr":0.012894958190831973},"Iteration":6},
{"Acceptance":[0.5619047619047619],"Energy":{"Mean":-26.661290322580644,"Sigma":0.3654332358702458,"Taucorr":0.24455791137001504},"EnergyVariance":{"Mean":11.030437044745058,"Sigma":1.1820320532537996,"Taucorr":-0.07441473315323294},"Iteration":7},
{"Acceptance":[0.4959183673469388],"Energy":{"Mean":-28.096774193548388,"Sigma":0.41811748801533344,"Taucorr":0.5312147562253602},"EnergyVariance":{"Mean":10.4261186264308,"Sigma":1.7723241415460567,"Taucorr":0.21812818562164782},"Iteration":8},
{"Acceptance":[0.4846938775510204],"Energy":{"Mean":-28.274193548387096,"Sigma":0.41967006349293123,"Taucorr":0.3411929005798333},"EnergyVariance":{"Mean":12.876430801248697,"Sigma":1.5407841701129206,"Taucorr":0.09886535916747774},"Iteration":9},
{"Acceptance":[0.4023809523809524],"Energy":{"Mean":-29.943548387096772,"Sigma":0.42386941293638003,"Taucorr":0.5235488321374557},"EnergyVariance":{"Mean":10.79520031217482,"Sigma":1.9069968538948419,"Taucorr":0.2064698345482554},"Iteration":10},
{"Acceptance":[0.36666666666666664],"Energy":{"Mean":-30.58064516129032,"Sigma":0.2634518321173601,"Taucorr":0.013783817635270368},"EnergyVariance":{"Mean":8.308012486992716,"Sigma":0.8184943422830112,"Taucorr":-0.1636314743426759},"Iteration":11},
{"Acceptance":[0.3142857142857143],"Energy":{"Mean":-31.37096774193548,"Sigma":0.24287452171573545,"Taucorr":0.12224465664182782},"EnergyVariance":{"Mean":5.830124869927159,"Sigma":0.6783902559076577,"Taucorr":0.17522095148969796},"Iteration":12},
{"Acceptance":[0.291156462585034],"Energy":{"Mean":-31.983870967741932,"Sigma":0.441304195531166,"Taucorr":0.6676073394030071},"EnergyVariance":{"Mean":10.257804370447449,"Sigma":2.9486028223137644,"Taucorr":0.385364235430652},"Iteration":13},
{"Acceptance":[0.2639455782312925],"Energy":{"Mean":-31.927419354838708,"Sigma":0.22988822330280304,"Taucorr":0.08211203131006017},"EnergyVariance":{"Mean":5.583441727367326,"Sigma":0.7013276986152386,"Taucorr":-0.06967683055823909},"Iteration":14},
{"Acceptance":[0.22993197278911565],"Energy":{"Mean":-32.79838709677419,"Sigma":0.19483221166975362,"Taucorr":0.17327206227140624},"EnergyVariance":{"Mean":3.467416753381894,"Sigma":0.5646891643276671,"Taucorr":0.026159989764194314},"Iteration":15},
{"Acceptance":[0.20748299319727892],"Energy":{"Mean":-33.177419354838705,"Sigma":0.2421325362395409,"Taucorr":0.4122655170144143},"EnergyVariance":{"Mean":3.952393340270552,"Sigma":1.32860049655496,"Taucorr":0.5531519257025934},"Iteration":16},
{"Acceptance":[0.22585034013605443],"Energy":{"Mean":-32.68548387096774,"Sigma":0.20737988554055176,"Taucorr":0.17659174472191286},"EnergyVariance":{"Mean":3.9091441207075963,"Sigma":0.4809084843150332,"Taucorr":-0.008456314306422907},"Iteration":17},
{"Acceptance":[0.19047619047619047],"Energy":{"Mean":-33.44354838709678,"Sigma":0.1571373951147898,"Taucorr":0.1907523000917054},"EnergyVariance":{"Mean":2.198426118626431,"Sigma":0.49133072741776146,"Taucorr":0.2859624953993607},"Iteration":18},
{"Acceptance":[0.1608843537414966],"Energy":{"Mean":-33.69354838709677,"Sigma":0.2000368505766449,"Taucorr":0.3810398621588895},"EnergyVariance":{"Mean":2.7931841831425603,"Sigma":0.655454887463756,"Taucorr":-0.015247542573936679},"Iteration":19},
{"Acceptance":[0.1574829931972789],"Energy":{"Mean":-33.7016129032258,"Sigma":0.15090201675629397,"Taucorr":0.09889306077040616},"EnergyVariance":{"Mean":2.338384495317378,"Sigma":0.3870083821704045,"Taucorr":0.22744638693432906},"Iteration":20},
{"Acceptance":[0.15068027210884355],"Energy":{"Mean":-33.806451612903224,"Sigma":0.18539034575268568,"Taucorr":0.7401060744810739},"EnergyVariance":{"Mean":1.7044745057232051,"Sigma":0.6790032761819099,"Taucorr":0.7333376420550552},"Iteration":21},
{"Acceptance":[0.13197278911564625],"Energy":{"Mean":-33.693548387096776,"Sigma":0.1983499396971682,"Taucorr":0.37127400468384075},"EnergyVariance":{"Mean":2.7770551508844954,"Sigma":0.9198027729831815,"Taucorr":0.26812881063532645},"Iteration":22},
{"Acceptance":[0.12108843537414966],"Energy":{"Mean":-34.177419354838705,"Sigma":0.13824628773871106,"Taucorr":0.3092781658606478},"EnergyVariance":{"Mean":1.4523933402705518,"Sigma":0.3672287060976583,"Taucorr":0.05278729488158074},"Iteration":23},
{"Acceptance":[0.1272108843537415],"Energy":{"Mean":-34.07258064516129,"Sigma":0.09573818211348463,"Taucorr":0.08080814849561158},"EnergyVariance":{"Mean":0.9705385015608741,"Sigma":0.12241298719044394,"Taucorr":-0.10184682914478516},"Iteration":24},
{"Acceptance":[0.11530612244897959],"Energy":{"Mean":-34.08870967741936,"Sigma":0.18496889708637873,"Taucorr":0.707791092694217},"EnergyVariance":{"Mean":1.742130593132154,"Sigma":0.5914005008189972,"Taucorr":0.7702979937063519},"Iteration":25},
{"Acceptance":[0.12210884353741497],"Energy":{"Mean":-34.16935483870967,"Sigma":0.10961019445158433,"Taucorr":0.18659575753912871},"EnergyVariance":{"Mean":1.0761576482830386,"Sigma":0.19662506055931137,"Taucorr":0.13008835392287033},"Iteration":26},
{"Acceptance":[0.10442176870748299],"Energy":{"Mean":-34.29032258064516,"Sigma":0.14060964334002163,"Taucorr":0.5804438280166433},"EnergyVariance":{"Mean":1.1253902185223723,"Sigma":0.30322925540071183,"Taucorr":0.5519669915181662},"Iteration":27},
{"Acceptance":[0.11360544217687076],"Energy":{"Mean":-34.44354838709677,"Sigma":0.09033218074941785,"Taucorr":0.3123170860090507},"EnergyVariance":{"Mean":0.6177809573361083,"Sigma":0.09084299368768498,"Taucorr":-0.08459493388930428},"Iteration":28},
{"Acceptance":[0.08299319727891157],"Energy":{"Mean":-34.3467741935484,"Sigma":0.1658626113000251,"Taucorr":0.8440712994058361},"EnergyVariance":{"Mean":1.2587799167533822,"Sigma":0.47287306869253265,"Taucorr":0.7362296217971882},"Iteration":29},
{"Acceptance":[0.08945578231292517],"Energy":{"Mean":-34.29032258064517,"Sigma":0.09567022645690593,"Taucorr":0.26242952783650597},"EnergyVariance":{"Mean":0.738293444328824,"Sigma":0.11303468069391095,"Taucorr":-0.05157816629289419},"Iteration":30},
{"Acceptance":[0.09319727891156462],"Energy":{"Mean":-34.60483870967742,"Sigma":0.08179290787109249,"Taucorr":0.4511802736430619},"EnergyVariance":{"Mean":0.432557232049948,"Sigma":0.11296574236506914,"Taucorr":0.3469953805086292},"Iteration":31},
{"Acceptance":[0.0826530612244898],"Energy":{"Mean":-34.58870967741937,"Sigma":0.09241996471866164,"Taucorr":0.17834047199126535},"EnergyVariance":{"Mean":0.7743886576482835,"Sigma":0.3057988050979316,"Taucorr":0.36159961756570347},"Iteration":32},
{"Acceptance":[0.07448979591836735],"Energy":{"Mean":-34.55645161290323,"Sigma":0.08730560388854423,"Taucorr":0.06651733081820299},"EnergyVariance":{"Mean":0.827458376690947,"Sigma":0.22071165498800263,"Taucorr":-0.02367138575799904},"Iteration":33},
{"Acceptance":[0.07414965986394557],"Energy":{"Mean":-34.68548387096774,"Sigma":0.057929951600219486,"Taucorr":0.07209302325581723},"EnergyVariance":{"Mean":0.36075702393340264,"Sigma":0.073856652540213,"Taucorr":-0.04037121860284609},"Iteration":34},
{"Acceptance":[0.0707482993197279],"Energy":{"Mean":-34.75806451612903,"Sigma":0.08318578682727507,"Taucorr":0.6794520547945215},"EnergyVariance":{"Mean":0.36082206035379816,"Sigma":0.18357493579731646,"Taucorr":0.9080241420169706},"Iteration":35},
{"Acceptance":[0.0761904761904762],"Energy":{"Mean":-34.75000000000001,"Sigma":0.11476952126219166,"Taucorr":0.9936802973977688},"EnergyVariance":{"Mean":0.5423387096774195,"Sigma":0.3614996753274906,"Taucorr":1.1659674358879302},"Iteration":36},
{"Acceptance":[0.06496598639455782],"Energy":{"Mean":-34.64516129032258,"Sigma":0.10799628723978869,"Taucorr":0.3520550061804708},"EnergyVariance":{"Mean":0.8418314255983355,"Sigma":0.3155270069994584,"Taucorr":0.35887144913969526},"Iteration":37},
{"Acceptance":[0.0772108843537415],"Energy":{"Mean":-34.32258064516129,"Sigma":0.1648531231204516,"Taucorr":0.551505728314239},"EnergyVariance":{"Mean":1.5894901144641003,"Sigma":0.5437593471240655,"Taucorr":0.402788293209712},"Iteration":38},
{"Acceptance":[0.0727891156462585],"Energy":{"Mean":-34.653225806451616,"Sigma":0.08253169752331818,"Taucorr":0.20111026450419167},"EnergyVariance":{"Mean":0.5974895941727366,"Sigma":0.17989927846204976,"Taucorr":0.21280608914073462},"Iteration":39} 
]}