{"Output": [
{"Acceptance":[0.8101634683724236],"Energy":{"Mean":-2496.7822580645156,"Sigma":2.784431128930746,"Taucorr":-0.13520569633243734},"EnergyVariance":{"Mean":1307.0735561914673,"Sigma":192.36894272849864,"Taucorr":0.33293362364028245},"Iteration":0},
{"Acceptance":[0.6743070362473348],"Energy":{"Mean":-2511.1935483870966,"Sigma":3.611654330033956,"Taucorr":0.061639761778219504},"EnergyVariance":{"Mean":1428.333506763788,"Sigma":273.812040507336,"Taucorr":-0.07367111097872198},"Iteration":1},
{"Acceptance":[0.3959132906894101],"Energy":{"Mean":-2569.4999999999995,"Sigma":2.242550391421454,"Taucorr":-0.054814445076439455},"EnergyVariance":{"Mean":694.7338709677421,"Sigma":74.00550140793827,"Taucorr":0.05711682507409799},"Iteration":2},
{"Acceptance":[0.25458422174840084],"Energy":{"Mean":-2631.282258064516,"Sigma":2.6806189587632816,"Taucorr":0.0719168846253373},"EnergyVariance":{"Mean":772.7025884495318,"Sigma":94.34361499980025,"Taucorr":-0.004453986043785552},"Iteration":3},
{"Acceptance":[0.15259417199715708],"Energy":{"Mean":-2684.645161290323,"Sigma":1.9212582050652853,"Taucorr":0.14126789036940146},"EnergyVariance":{"Mean":354.00312174817896,"Sigma":42.44092583149944,"Taucorr":0.03975567594598772},"Iteration":4},
{"Acceptance":[0.09633972992181948],"Energy":{"Mean":-2721.137096774194,"Sigma":1.4769664634298167,"Taucorr":0.22948151181544596},"EnergyVariance":{"Mean":183.90862382934444,"Sigma":21.192414326977367,"Taucorr":-0.11709896788699059},"Iteration":5},
{"Acceptance":[0.058990760483297794],"Energy":{"Mean":-2740.677419354838,"Sigma":1.3868232413469934,"Taucorr":0.4593060730607028},"EnergyVariance":{"Mean":123.29916753381896,"Sigma":35.4192974321141,"Taucorr":0.4232717304950663},"Iteration":6},
{"Acceptance":[0.03937455579246624],"Energy":{"Mean":-2750.427419354839,"Sigma":0.9216040210184673,"Taucorr":0.33486515563363695},"EnergyVariance":{"Mean":62.56731269510926,"Sigma":12.047790271518654,"Taucorr":0.1915666976969327},"Iteration":7},
{"Acceptance":[0.030668088130774696],"Energy":{"Mean":-2756.2096774193546,"Sigma":0.7632430078320598,"Taucorr":0.4288874537127809},"EnergyVariance":{"Mean":38.56893860561916,"Sigma":5.2299861583159615,"Taucorr":0.05348743317101068},"Iteration":8},
{"Acceptance":[0.019580668088130776],"Energy":{"Mean":-2761.1774193548395,"Sigma":0.513813691129202,"Taucorr":0.30144141252006773},"EnergyVariance":{"Mean":20.258844953173774,"Sigma":5.6919724749506315,"Taucorr":0.16310732733140876},"Iteration":9},
{"Acceptance":[0.011904761904761904],"Energy":{"Mean":-2763.2500000000005,"Sigma":0.2951216261027862,"Taucorr":0.035105740181287426},"EnergyVariance":{"Mean":10.010080645161292,"Sigma":1.6164973396134261,"Taucorr":-0.07431295377472075},"Iteration":10},
{"Acceptance":[0.00828002842928216],"Energy":{"Mean":-2765.177419354838,"Sigma":0.26467507681795455,"Taucorr":0.11257351581284658},"EnergyVariance":{"Mean":7.033038501560874,"Sigma":1.8552918891470427,"Taucorr":0.12384847301867785},"Iteration":11},
{"Acceptance":[0.005401563610518834],"Energy":{"Mean":-2765.3951612903234,"Sigma":0.3163922538126218,"Taucorr":0.37783001808317196},"EnergyVariance":{"Mean":7.013202393340269,"Sigma":2.5919625265153075,"Taucorr":0.32624397479942},"Iteration":12},
{"Acceptance":[0.005081734186211798],"Energy":{"Mean":-2765.7741935483873,"Sigma":0.27222570260704615,"Taucorr":0.17464956869991766},"EnergyVariance":{"Mean":6.7554630593132154,"Sigma":2.90413404368819,"Taucorr":0.008413342515375066},"Iteration":13},
{"Acceptance":[0.005472636815920398],"Energy":{"Mean":-2766.6290322580635,"Sigma":0.16058987691464846,"Taucorr":-0.023732520896842024},"EnergyVariance":{"Mean":3.3301248699271597,"Sigma":0.7486305832320447,"Taucorr":0.1149966571873775},"Iteration":14},
{"Acceptance":[0.0073916133617626155],"Energy":{"Mean":-2766.8629032258063,"Sigma":0.27061228605745646,"Taucorr":0.08375412005697513},"EnergyVariance":{"Mean":7.715075442247656,"Sigma":2.109834740527076,"Taucorr":-0.01351546466509218},"Iteration":15},
{"Acceptance":[0.005437100213219616],"Energy":{"Mean":-2768.620967741935,"Sigma":0.25816530289956807,"Taucorr":0.1489749266333662},"EnergyVariance":{"Mean":6.3160119667013515,"Sigma":1.982834828853255,"Taucorr":0.02247272046047588},"Iteration":16},
{"Acceptance":[0.0036247334754797443],"Energy":{"Mean":-2769.629032258064,"Sigma":0.3872759441981334,"Taucorr":0.5167407449889299},"EnergyVariance":{"Mean":9.072060353798125,"Sigma":2.7303654952769247,"Taucorr":0.2536980564033813},"Iteration":17},
{"Acceptance":[0.004975124378109453],"Energy":{"Mean":-2770.25,"Sigma":0.2889078433263495,"Taucorr":0.22724935732646534},"EnergyVariance":{"Mean":7.058467741935484,"Sigma":1.4226528003303878,"Taucorr":0.4387428883520472},"Iteration":18},
{"Acceptance":[0.0061833688699360345],"Energy":{"Mean":-2773.0806451612907,"Sigma":0.38995917500244726,"Taucorr":0.11061273885354594},"EnergyVariance":{"Mean":15.316077003121745,"Sigma":1.0474021946853667,"Taucorr":-0.11839031454278126},"Iteration":19},
{"Acceptance":[0.0032693674484719263],"Energy":{"Mean":-2775.233870967742,"Sigma":0.340369715942897,"Taucorr":0.2562664383987383},"EnergyVariance":{"Mean":9.421110822060351,"Sigma":4.640136766650846,"Taucorr":0.13629771060042373},"Iteration":20},
{"Acceptance":[0.00394456289978678],"Energy":{"Mean":-2775.1532258064526,"Sigma":0.27671202650447474,"Taucorr":0.13325724381009263},"EnergyVariance":{"Mean":7.43619927159209,"Sigma":1.4286973858454899,"Taucorr":0.08873160980962391},"Iteration":21},
{"Acceptance":[0.002700781805259417],"Energy":{"Mean":-2776.459677419354,"Sigma":0.15120340488780784,"Taucorr":0.15348668500430973},"EnergyVariance":{"Mean":2.1515998959417275,"Sigma":0.860660473545457,"Taucorr":0.14647642550249884},"Iteration":22},
{"Acceptance":[0.0031982942430703624],"Energy":{"Mean":-2776.8306451612907,"Sigma":0.16935483870966425,"Taucorr":0.1443538998835151},"EnergyVariance":{"Mean":2.737447970863684,"Sigma":0.9469315477372052,"Taucorr":0.131591694502198},"Iteration":23},
{"Acceptance":[0.005046197583511016],"Energy":{"Mean":-2777.0241935483873,"Sigma":0.14356952846614057,"Taucorr":-0.07850052980989641},"EnergyVariance":{"Mean":3.0074791883454735,"Sigma":0.8114543105667913,"Taucorr":-0.054883435725815555},"Iteration":24},
{"Acceptance":[0.006218905472636816],"Energy":{"Mean":-2777.5967741935483,"Sigma":0.18060435406983255,"Taucorr":0.06811869151989347},"EnergyVariance":{"Mean":3.5309573361082203,"Sigma":0.9717333276595489,"Taucorr":0.040144708581882904},"Iteration":25},
{"Acceptance":[0.005970149253731343],"Energy":{"Mean":-2779.104838709677,"Sigma":0.32186749125773634,"Taucorr":0.15638019175752138},"EnergyVariance":{"Mean":9.706750780437044,"Sigma":0.9599226835072509,"Taucorr":-0.11917629504004962},"Iteration":26},
{"Acceptance":[0.006716417910447761],"Energy":{"Mean":-2780.903225806452,"Sigma":0.3672912726237164,"Taucorr":0.18546296694323794},"EnergyVariance":{"Mean":12.10353798126951,"Sigma":0.7612552303143479,"Taucorr":0.3658352748661666},"Iteration":27},
{"Acceptance":[0.004832977967306326],"Energy":{"Mean":-2783.0161290322585,"Sigma":0.36476820668242815,"Taucorr":0.18009772761670784},"EnergyVariance":{"Mean":12.031997918834545,"Sigma":1.3922762006330636,"Taucorr":0.19511661336228314},"Iteration":28},
{"Acceptance":[0.0029850746268656717],"Energy":{"Mean":-2784.395161290323,"Sigma":0.2655826910766409,"Taucorr":0.34357317211981386},"EnergyVariance":{"Mean":5.142234651404788,"Sigma":1.4923096112771277,"Taucorr":0.41085714542426965},"Iteration":29},
{"Acceptance":[0.003837953091684435],"Energy":{"Mean":-2784.9354838709683,"Sigma":0.23011443563136988,"Taucorr":0.5008254716980447},"EnergyVariance":{"Mean":3.2539021852237244,"Sigma":1.2386938745904064,"Taucorr":0.40717425104571514},"Iteration":30},
{"Acceptance":[0.003766879886282871],"Energy":{"Mean":-2785.612903225807,"Sigma":0.17345272576387688,"Taucorr":0.6985970677451072},"EnergyVariance":{"Mean":1.543704474505723,"Sigma":0.7025730008791022,"Taucorr":0.5965278343889173},"Iteration":31},
{"Acceptance":[0.004832977967306326],"Energy":{"Mean":-2785.4677419354834,"Sigma":0.22019722815120021,"Taucorr":0.530343820224783},"EnergyVariance":{"Mean":2.894120707596254,"Sigma":1.3904734975779758,"Taucorr":0.6439347115421648},"Iteration":32},
{"Acceptance":[0.006361051883439943],"Energy":{"Mean":-2785.6129032258063,"Sigma":0.1295353097113661,"Taucorr":0.030030732228764623},"EnergyVariance":{"Mean":1.9469302809573363,"Sigma":0.5238399106990564,"Taucorr":-0.09103620538173057},"Iteration":33},
{"Acceptance":[0.0036247334754797443],"Energy":{"Mean":-2786.0806451612907,"Sigma":0.12235760693567783,"Taucorr":0.15168937580555164},"EnergyVariance":{"Mean":1.4128511966701351,"Sigma":0.48778301759007925,"Taucorr":0.05494326434686814},"Iteration":34},
{"Acceptance":[0.002416488983653163],"Energy":{"Mean":-2786.8306451612893,"Sigma":0.23543231133878068,"Taucorr":0.5374364150979074},"EnergyVariance":{"Mean":3.285835067637877,"Sigma":0.7496054517229788,"Taucorr":0.5076920186729552},"Iteration":35},
{"Acceptance":[0.009097370291400142],"Energy":{"Mean":-2788.5806451612907,"Sigma":0.27371083379027267,"Taucorr":0.1565456331553955},"EnergyVariance":{"Mean":7.017689906347555,"Sigma":0.6418880150524556,"Taucorr":0.04597708677202039},"Iteration":36},
{"Acceptance":[0.007782515991471215],"Energy":{"Mean":-2789.1532258064517,"Sigma":0.2660638564701005,"Taucorr":0.32032155680554497},"EnergyVariance":{"Mean":5.307167013527575,"Sigma":0.6009319587482943,"Taucorr":0.25024826391752486},"Iteration":37},
{"Acceptance":[0.0036247334754797443],"Energy":{"Mean":-2790.2903225806454,"Sigma":0.17738269415956454,"Taucorr":0.4244873228933914},"EnergyVariance":{"Mean":2.0931321540062435,"Sigma":0.7297430871640018,"Taucorr":0.5070108356894298},"Iteration":38},
{"Acceptance":[0.0010660980810234541],"Energy":{"Mean":-2790.879032258064,"Sigma":0.03822501246848256,"Taucorr":-0.2003469963134269},"EnergyVariance":{"Mean":0.2998829344432883,"Sigma":0.1545185675101118,"Taucorr":0.08698343833226019},"Iteration":39},
{"Acceptance":[0.0007818052594171997],"Energy":{"Mean":-2790.774193548387,"Sigma":0.14356952846613624,"Taucorr":0.5097078325735518},"EnergyVariance":{"Mean":1.2554630593132157,"Sigma":0.668755770473384,"Taucorr":0.34428056187417466},"Iteration":40},
{"Acceptance":[0.0007818052594171997],"Energy":{"Mean":-2790.8951612903224,"Sigma":0.07219130941016819,"Taucorr":-0.0009417721517969713},"EnergyVariance":{"Mean":0.6422346514047865,"Sigma":0.42264597600982545,"Taucorr":-0.0143549165760683},"Iteration":41},
{"Acceptance":[0.00042643923240938164],"Energy":{"Mean":-2790.975806451613,"Sigma":0.04542931220275715,"Taucorr":0.008891786180097228},"EnergyVariance":{"Mean":0.24941467221644126,"Sigma":0.20097872801852779,"Taucorr":-0.006414942126569345},"Iteration":42},
{"Acceptance":[0.00021321961620469082],"Energy":{"Mean":-2790.959677419355,"Sigma":0.058079448498097486,"Taucorr":0.006397840927196197},"EnergyVariance":{"Mean":0.4096644120707597,"Sigma":0.39021550756151363,"Taucorr":-0.0011368686002112827},"Iteration":43},
{"Acceptance":[0.00042643923240938164],"Energy":{"Mean":-2790.8951612903224,"Sigma":0.051554065925919906,"Taucorr":0.35748891163448304},"EnergyVariance":{"Mean":0.19062174817898028,"Sigma":0.12485849558176214,"Taucorr":0.013582221405333716},"Iteration":44},
{"Acceptance":[0.0004975124378109452],"Energy":{"Mean":-2791.040322580646,"Sigma":0.050663307481254354,"Taucorr":0.6652424387904563},"EnergyVariance":{"Mean":0.13547086368366287,"Sigma":0.10905907673435299,"Taucorr":0.4727461263350432},"Iteration":45},
{"Acceptance":[0.00042643923240938164],"Energy":{"Mean":-2791.0564516129034,"Sigma":0.0730569793639559,"Taucorr":0.33741496598651377},"EnergyVariance":{"Mean":0.3919745057232049,"Sigma":0.22865823554571432,"Taucorr":0.05357459332798453},"Iteration":46},
{"Acceptance":[0.00028429282160625445],"Energy":{"Mean":-2791.0241935483878,"Sigma":0.017790744201921557,"Taucorr":-0.010147299508457386},"EnergyVariance":{"Mean":0.0397372528616025,"Sigma":0.032150136799660355,"Taucorr":-0.0058216391232926434},"Iteration":47},
{"Acceptance":[7.107320540156361e-05],"Energy":{"Mean":-2790.887096774193,"Sigma":0.11290322580645568,"Taucorr":2.7977620220553945e-14},"EnergyVariance":{"Mean":1.5678980228928197,"Sigma":1.5551508844952382,"Taucorr":2.220446049250313e-16},"Iteration":48},
{"Acceptance":[0.00021321961620469082],"Energy":{"Mean":-2790.951612903226,"Sigma":0.07550845110317818,"Taucorr":0.8711851475078656},"EnergyVariance":{"Mean":0.25572320499479706,"Sigma":0.21214323402313962,"Taucorr":0.9396047064972466},"Iteration":49},
{"Acceptance":[0.00028429282160625445],"Energy":{"Mean":-2791.0241935483878,"Sigma":0.017790744201918864,"Taucorr":-0.010147299508514618},"EnergyVariance":{"Mean":0.039737252861602505,"Sigma":0.032150136799660355,"Taucorr":-0.0058216391232926434},"Iteration":50},
{"Acceptance":[0.00035536602700781805],"Energy":{"Mean":-2790.8467741935483,"Sigma":0.17910973815061357,"Taucorr":0.5022764066474767},"EnergyVariance":{"Mean":1.9684573361082207,"Sigma":1.8960379311757738,"Taucorr":0.5069079985266711},"Iteration":51},
{"Acceptance":[0.00028429282160625445],"Energy":{"Mean":-2790.9193548387098,"Sigma":0.11557889404740815,"Taucorr":0.00633718133725758},"EnergyVariance":{"Mean":1.6225286160249741,"Sigma":1.561077250045941,"Taucorr":-0.0008720875920487647},"Iteration":52},
{"Acceptance":[0.00014214641080312722],"Energy":{"Mean":-2791.0,"Sigma":0.0,"Taucorr":null},"EnergyVariance":{"Mean":0.0,"Sigma":0.0,"Taucorr":null},"Iteration":53},
{"Acceptance":[0.00042643923240938164],"Energy":{"Mean":-2790.9354838709673,"Sigma":0.10496270582920136,"Taucorr":0.9124322125813975},"EnergyVariance":{"Mean":0.4797086368366286,"Sigma":0.3777847315544681,"Taucorr":0.9878148327187328},"Iteration":54},
{"Acceptance":[0.00039090262970859987],"Energy":{"Mean":-2791.08870967742,"Sigma":0.05255359156255328,"Taucorr":0.668545861297206},"EnergyVariance":{"Mean":0.14535639958376692,"Sigma":0.0923409257812184,"Taucorr":0.7307370519376117},"Iteration":55},
{"Acceptance":[0.00046197583511016347],"Energy":{"Mean":-2791.0887096774204,"Sigma":0.04422022583867314,"Taucorr":0.3273378076064869},"EnergyVariance":{"Mean":0.14535639958376695,"Sigma":0.07319859564846322,"Taucorr":0.2733611025308672},"Iteration":56},
{"Acceptance":[0.00021321961620469082],"Energy":{"Mean":-2791.048387096774,"Sigma":0.03558148840381771,"Taucorr":0.3245179063360837},"EnergyVariance":{"Mean":0.09443288241415193,"Sigma":0.06771960696210397,"Taucorr":0.324517906336088},"Iteration":57},
{"Acceptance":[0.00028429282160625445],"Energy":{"Mean":-2790.9274193548376,"Sigma":0.0725806451613106,"Taucorr":2.1405099914773018e-13},"EnergyVariance":{"Mean":0.6479578563995839,"Sigma":0.6426899063473992,"Taucorr":0.0},"Iteration":58},
{"Acceptance":[0.0004975124378109452],"Energy":{"Mean":-2791.088709677421,"Sigma":0.05505176827702673,"Taucorr":0.3881004028511337},"EnergyVariance":{"Mean":0.20987252861602498,"Sigma":0.10220421078566201,"Taucorr":0.46707839644210725},"Iteration":59},
{"Acceptance":[0.00021321961620469082],"Energy":{"Mean":-2791.0483870967746,"Sigma":0.02698903311398658,"Taucorr":-0.0256198347111819},"EnergyVariance":{"Mean":0.09443288241415193,"Sigma":0.0513662243137244,"Taucorr":-0.025619834710743805},"Iteration":60},
{"Acceptance":[0.0006396588486140725],"Energy":{"Mean":-2791.1048387096785,"Sigma":0.0430275504832752,"Taucorr":0.09730467417291044},"EnergyVariance":{"Mean":0.19062174817898028,"Sigma":0.07654688876624371,"Taucorr":0.10753536318348411},"Iteration":61},
{"Acceptance":[0.00028429282160625445],"Energy":{"Mean":-2791.0645161290327,"Sigma":0.038394776497534006,"Taucorr":0.2260416666664118},"EnergyVariance":{"Mean":0.12486992715920918,"Sigma":0.0718353882856937,"Taucorr":0.22604166666666647},"Iteration":62},
{"Acceptance":[0.00035536602700781805],"Energy":{"Mean":-2791.0806451612902,"Sigma":0.04080358271184908,"Taucorr":0.16151260504199128},"EnergyVariance":{"Mean":0.154786680541103,"Sigma":0.07502594240566578,"Taucorr":0.16151260504201714},"Iteration":63},
{"Acceptance":[0.00035536602700781805],"Energy":{"Mean":-2791.0564516129034,"Sigma":0.03612567188675406,"Taucorr":0.28957133717261596},"EnergyVariance":{"Mean":0.10165192507804373,"Sigma":0.06720250800421869,"Taucorr":0.3138405127725429},"Iteration":64},
{"Acceptance":[0.00035536602700781805],"Energy":{"Mean":-2791.064516129032,"Sigma":0.038394776497536386,"Taucorr":0.22604166666646264},"EnergyVariance":{"Mean":0.12486992715920914,"Sigma":0.07183538828572862,"Taucorr":0.22604166666666625},"Iteration":65},
{"Acceptance":[0.0008173418621179816],"Energy":{"Mean":-2791.056451612904,"Sigma":0.027702522640826843,"Taucorr":-0.03570057581596381},"EnergyVariance":{"Mean":0.1016519250780437,"Sigma":0.05100577206136423,"Taucorr":-0.031179067786611447},"Iteration":66},
{"Acceptance":[0.0007462686567164179],"Energy":{"Mean":-2791.1774193548385,"Sigma":0.06779311942429586,"Taucorr":0.41998306519901274},"EnergyVariance":{"Mean":0.3072320499479709,"Sigma":0.11012984067956598,"Taucorr":0.4280283179641222},"Iteration":67},
{"Acceptance":[0.0004975124378109452],"Energy":{"Mean":-2791.0322580645166,"Sigma":0.02242650926302241,"Taucorr":-0.012704918032921175},"EnergyVariance":{"Mean":0.06347554630593132,"Sigma":0.04340614696067647,"Taucorr":-0.012704918032786783},"Iteration":68},
{"Acceptance":[0.0010660980810234541],"Energy":{"Mean":-2791.233870967742,"Sigma":0.10429968960392799,"Taucorr":0.3115897435898053},"EnergyVariance":{"Mean":0.8243366285119664,"Sigma":0.5347893442440851,"Taucorr":0.4677901781433914},"Iteration":69},
{"Acceptance":[0.0016702203269367449],"Energy":{"Mean":-2791.2096774193546,"Sigma":0.06145281233836522,"Taucorr":0.09320598006649472},"EnergyVariance":{"Mean":0.3915192507804371,"Sigma":0.10696655613135427,"Taucorr":0.06211350527984505},"Iteration":70},
{"Acceptance":[0.0020255863539445627],"Energy":{"Mean":-2791.3064516129025,"Sigma":0.07213122508065312,"Taucorr":0.04837271511385666},"EnergyVariance":{"Mean":0.583506763787721,"Sigma":0.13531683786090748,"Taucorr":-0.009478078878958685},"Iteration":71},
{"Acceptance":[0.0022032693674484717],"Energy":{"Mean":-2791.3790322580644,"Sigma":0.08268915082548034,"Taucorr":0.1268250121182769},"EnergyVariance":{"Mean":0.6708506763787722,"Sigma":0.13494956621117837,"Taucorr":0.027418864888729244},"Iteration":72},
{"Acceptance":[0.0029850746268656717],"Energy":{"Mean":-2791.6048387096776,"Sigma":0.11166758558544157,"Taucorr":0.3518095788484943},"EnergyVariance":{"Mean":0.9002991675338189,"Sigma":0.133100490032797,"Taucorr":0.18189020589770855},"Iteration":73},
{"Acceptance":[0.005152807391613362],"Energy":{"Mean":-2792.2983870967746,"Sigma":0.09448456296989832,"Taucorr":-0.02709091927617563},"EnergyVariance":{"Mean":1.1609651404786683,"Sigma":0.14503117081888175,"Taucorr":0.31432675774786945},"Iteration":74},
{"Acceptance":[0.0006751954513148543],"Energy":{"Mean":-2791.0645161290327,"Sigma":0.030602687033889887,"Taucorr":0.12191011235965798},"EnergyVariance":{"Mean":0.09261186264308013,"Sigma":0.04757305163918326,"Taucorr":0.07399533138041348},"Iteration":75},
{"Acceptance":[0.0033759772565742714],"Energy":{"Mean":-2791.774193548387,"Sigma":0.11380210534698894,"Taucorr":0.32524932614553825},"EnergyVariance":{"Mean":0.965140478668054,"Sigma":0.05843302865968138,"Taucorr":0.14766042920291023},"Iteration":76},
{"Acceptance":[0.00472636815920398],"Energy":{"Mean":-2792.177419354839,"Sigma":0.09503363042756363,"Taucorr":0.08319448238179483},"EnergyVariance":{"Mean":0.9523933402705516,"Sigma":0.03722853464049905,"Taucorr":0.13726330702281908},"Iteration":77},
{"Acceptance":[0.0034470504619758353],"Energy":{"Mean":-2792.717741935484,"Sigma":0.10156168704150786,"Taucorr":0.16034120912615657},"EnergyVariance":{"Mean":0.96065296566077,"Sigma":0.15051977206005218,"Taucorr":0.12229536853325984},"Iteration":78},
{"Acceptance":[0.0015636105188343995],"Energy":{"Mean":-2792.758064516129,"Sigma":0.07645002493699701,"Taucorr":0.1483810417643221},"EnergyVariance":{"Mean":0.5543704474505723,"Sigma":0.12274385264326323,"Taucorr":0.15586502911131372},"Iteration":79},
{"Acceptance":[0.0006396588486140725],"Energy":{"Mean":-2793.0241935483873,"Sigma":0.04966938910100391,"Taucorr":0.39899807321788305},"EnergyVariance":{"Mean":0.16876951092611867,"Sigma":0.07848948447047442,"Taucorr":0.24656948174882165},"Iteration":80},
{"Acceptance":[0.001279317697228145],"Energy":{"Mean":-2793.1774193548385,"Sigma":0.059334966285261935,"Taucorr":0.058215962441460656},"EnergyVariance":{"Mean":0.3878772112382934,"Sigma":0.09432783406176397,"Taucorr":-0.0023353838722505738},"Iteration":81},
{"Acceptance":[0.0010660980810234541],"Energy":{"Mean":-2793.0887096774204,"Sigma":0.08242656156023041,"Taucorr":0.5788748950462397},"EnergyVariance":{"Mean":0.3872918834547347,"Sigma":0.15774950058963053,"Taucorr":0.43137164269512207},"Iteration":82},
{"Acceptance":[0.0022032693674484717],"Energy":{"Mean":-2793.2096774193556,"Sigma":0.05325023877164852,"Taucorr":-0.193484224965967},"EnergyVariance":{"Mean":0.5689386056191468,"Sigma":0.2586490071757521,"Taucorr":0.611027837250995},"Iteration":83},
{"Acceptance":[0.0029140014214641082],"Energy":{"Mean":-2793.4758064516127,"Sigma":0.10521025972453514,"Taucorr":0.3044961955270251},"EnergyVariance":{"Mean":0.8461888657648284,"Sigma":0.12557048629826276,"Taucorr":0.2593496454232964},"Iteration":84},
{"Acceptance":[0.005081734186211798],"Energy":{"Mean":-2794.0483870967746,"Sigma":0.08785018622778105,"Taucorr":-0.06631804135968217},"EnergyVariance":{"Mean":1.094432882414152,"Sigma":0.11343266565490502,"Taucorr":-0.04700199271553723},"Iteration":85},
{"Acceptance":[0.0036247334754797443],"Energy":{"Mean":-2794.241935483871,"Sigma":0.10270787403182825,"Taucorr":-0.049932322685420916},"EnergyVariance":{"Mean":1.4414672216441207,"Sigma":0.37748276853857826,"Taucorr":0.005675737887614107},"Iteration":86},
{"Acceptance":[0.0013503909026297085],"Energy":{"Mean":-2794.91129032258,"Sigma":0.04856597759412943,"Taucorr":0.09908675799079159},"EnergyVariance":{"Mean":0.2421305931321539,"Sigma":0.08054089575229333,"Taucorr":0.04743445131377766},"Iteration":87},
{"Acceptance":[0.0007818052594171997],"Energy":{"Mean":-2794.9274193548385,"Sigma":0.09918589882211161,"Taucorr":0.20545992265121438},"EnergyVariance":{"Mean":0.8576352757544227,"Sigma":0.4823951608510362,"Taucorr":0.20347949341834892},"Iteration":88},
{"Acceptance":[0.00035536602700781805],"Energy":{"Mean":-2795.0241935483878,"Sigma":0.024193548387108292,"Taucorr":1.0247933884302172},"EnergyVariance":{"Mean":0.02360822060353799,"Sigma":0.023022892819947245,"Taucorr":1.0247933884297518},"Iteration":89},
{"Acceptance":[0.0004975124378109452],"Energy":{"Mean":-2795.0080645161293,"Sigma":0.04412206761364796,"Taucorr":0.01207232267045888},"EnergyVariance":{"Mean":0.23380593132154,"Sigma":0.1482070633449484,"Taucorr":-0.017503100483059197},"Iteration":90},
{"Acceptance":[7.107320540156361e-05],"Energy":{"Mean":-2795.016129032258,"Sigma":0.016129032258063006,"Taucorr":0.5081967213111622},"EnergyVariance":{"Mean":0.01586888657648283,"Sigma":0.015608740894901618,"Taucorr":0.5081967213114753},"Iteration":91},
{"Acceptance":[0.00028429282160625445],"Energy":{"Mean":-2795.0080645161293,"Sigma":0.008064516129053846,"Taucorr":1.98596694644948e-12},"EnergyVariance":{"Mean":0.00799947970863684,"Sigma":0.007934443288237867,"Taucorr":0.0},"Iteration":92},
{"Acceptance":[0.00035536602700781805],"Energy":{"Mean":-2795.016129032258,"Sigma":0.047710320831446315,"Taucorr":0.4661131059245882},"EnergyVariance":{"Mean":0.14490114464099893,"Sigma":0.08962643586939421,"Taucorr":0.46782374753133604},"Iteration":93},
{"Acceptance":[0.00021321961620469082],"Energy":{"Mean":-2795.0080645161293,"Sigma":0.008064516129037257,"Taucorr":5.182521078950231e-13},"EnergyVariance":{"Mean":0.007999479708636837,"Sigma":0.007934443288237865,"Taucorr":-2.220446049250313e-16},"Iteration":94},
{"Acceptance":[0.00035536602700781805],"Energy":{"Mean":-2795.0967741935488,"Sigma":0.09677419354839056,"Taucorr":1.5500000000000131},"EnergyVariance":{"Mean":0.2809573361082206,"Sigma":0.27159209157120895,"Taucorr":1.5499999999999994},"Iteration":95},
{"Acceptance":[0.00021321961620469082],"Energy":{"Mean":-2795.016129032258,"Sigma":0.016129032258062396,"Taucorr":0.5081967213112619},"EnergyVariance":{"Mean":0.015868886576482825,"Sigma":0.015608740894901618,"Taucorr":0.5081967213114753},"Iteration":96},
{"Acceptance":[0.00028429282160625445],"Energy":{"Mean":-2795.0080645161293,"Sigma":0.03570313487287156,"Taucorr":0.2482309124768326},"EnergyVariance":{"Mean":0.10477367325702396,"Sigma":0.07607439948541961,"Taucorr":0.023003416329357984},"Iteration":97},
{"Acceptance":[0.0006396588486140725],"Energy":{"Mean":-2794.959677419354,"Sigma":0.06669701009077178,"Taucorr":-0.09994293865893378},"EnergyVariance":{"Mean":0.6838579604578565,"Sigma":0.6553776019362691,"Taucorr":0.012528223264875571},"Iteration":98},
{"Acceptance":[0.00042643923240938164],"Energy":{"Mean":-2795.0080645161293,"Sigma":0.008064516129036971,"Taucorr":5.138112157965224e-13},"EnergyVariance":{"Mean":0.007999479708636839,"Sigma":0.007934443288237865,"Taucorr":-2.220446049250313e-16},"Iteration":99} 
]}