{"Output": [
{"Acceptance":[0.8996598639455783],"Energy":{"Mean":-24.056451612903224,"Sigma":0.33794717039164524,"Taucorr":0.0727670971334623},"EnergyVariance":{"Mean":12.26294224765869,"Sigma":1.8142524934137962,"Taucorr":0.21694769502592615},"Iteration":0},
{"Acceptance":[0.8595238095238096],"Energy":{"Mean":-25.11290322580646,"Sigma":0.31234430738288127,"Taucorr":0.03431078420016198},"EnergyVariance":{"Mean":11.229188345473466,"Sigma":1.6600281406209703,"Taucorr":0.027125499618952498},"Iteration":1},
{"Acceptance":[0.8295918367346938],"Energy":{"Mean":-24.7741935483871,"Sigma":0.31008038298575263,"Taucorr":-0.02745415991019101},"EnergyVariance":{"Mean":12.513527575442247,"Sigma":1.53249014929956,"Taucorr":-0.0548191083679378},"Iteration":2},
{"Acceptance":[0.7625850340136054],"Energy":{"Mean":-26.572580645161292,"Sigma":0.4018093400494242,"Taucorr":0.32392079827737863},"EnergyVariance":{"Mean":12.051183662851194,"Sigma":1.712782855997917,"Taucorr":0.15215364540935228},"Iteration":3},
{"Acceptance":[0.70578231292517],"Energy":{"Mean":-27.62096774193549,"Sigma":0.30140151294962786,"Taucorr":-0.02129996489292335},"EnergyVariance":{"Mean":11.670850676378773,"Sigma":1.4446642928314435,"Taucorr":0.05763212531545581},"Iteration":4},
{"Acceptance":[0.6833333333333333],"Energy":{"Mean":-26.60483870967742,"Sigma":0.3036016316585781,"Taucorr":-0.017105911944110597},"EnergyVariance":{"Mean":11.739008844953174,"Sigma":1.5813782640792595,"Taucorr":0.1067888520829936},"Iteration":5},
{"Acceptance":[0.6377551020408163],"Energy":{"Mean":-28.41935483870968,"Sigma":0.3674211013203462,"Taucorr":0.182602558069898},"EnergyVariance":{"Mean":12.162851196670136,"Sigma":1.4291631116846621,"Taucorr":-0.05997832974535594},"Iteration":6},
{"Acceptance":[0.5707482993197279],"Energy":{"Mean":-29.53225806451613,"Sigma":0.34968148630734186,"Taucorr":0.17043277593524597},"EnergyVariance":{"Mean":11.216701352757546,"Sigma":1.8357554481398548,"Taucorr":0.019501179964908855},"Iteration":7},
{"Acceptance":[0.5394557823129251],"Energy":{"Mean":-29.2983870967742,"Sigma":0.4587001496220241,"Taucorr":0.4724812434321459},"EnergyVariance":{"Mean":13.306126430801248,"Sigma":1.72966254242978,"Taucorr":0.12183691989179113},"Iteration":8},
{"Acceptance":[0.5071428571428571],"Energy":{"Mean":-29.241935483870968,"Sigma":0.33046152781622273,"Taucorr":0.2940904616898905},"EnergyVariance":{"Mean":8.457596253902183,"Sigma":1.002172225810868,"Taucorr":-0.04745511358024085},"Iteration":9},
{"Acceptance":[0.45850340136054424],"Energy":{"Mean":-31.088709677419356,"Sigma":0.4541547133324058,"Taucorr":0.6076657031059229},"EnergyVariance":{"Mean":11.451808012486993,"Sigma":1.4417664320688957,"Taucorr":0.05409273301025397},"Iteration":10},
{"Acceptance":[0.37482993197278913],"Energy":{"Mean":-32.895161290322584,"Sigma":0.34968768583905174,"Taucorr":0.42361755661168565},"EnergyVariance":{"Mean":8.142234651404785,"Sigma":0.9909191937455412,"Taucorr":-0.06662014670720823},"Iteration":11},
{"Acceptance":[0.36666666666666664],"Energy":{"Mean":-32.967741935483865,"Sigma":0.33973858061226214,"Taucorr":0.34972985176881055},"EnergyVariance":{"Mean":8.353798126951094,"Sigma":1.0615288000720933,"Taucorr":0.047606218019666025},"Iteration":12},
{"Acceptance":[0.29625850340136056],"Energy":{"Mean":-34.38709677419354,"Sigma":0.25022535801823137,"Taucorr":0.25861136736367385},"EnergyVariance":{"Mean":5.075962539021851,"Sigma":0.6854841868941105,"Taucorr":0.08478048493377532},"Iteration":13},
{"Acceptance":[0.2976190476190476],"Energy":{"Mean":-33.70967741935483,"Sigma":0.26235512494547236,"Taucorr":0.25683139534883803},"EnergyVariance":{"Mean":5.593132154006244,"Sigma":0.8773242462600715,"Taucorr":0.15783377208931837},"Iteration":14},
{"Acceptance":[0.28469387755102044],"Energy":{"Mean":-34.685483870967744,"Sigma":0.3544964135917221,"Taucorr":0.6318100861945821},"EnergyVariance":{"Mean":6.8284989594172725,"Sigma":1.6193970679509075,"Taucorr":0.45337946984700517},"Iteration":15},
{"Acceptance":[0.272108843537415],"Energy":{"Mean":-34.177419354838705,"Sigma":0.32877124371999217,"Taucorr":0.6077838470542334},"EnergyVariance":{"Mean":6.000780437044744,"Sigma":0.699896475478338,"Taucorr":0.18603045907199112},"Iteration":16},
{"Acceptance":[0.25510204081632654],"Energy":{"Mean":-34.07258064516129,"Sigma":0.2854428620081153,"Taucorr":0.46430743814065245},"EnergyVariance":{"Mean":5.196344953173778,"Sigma":0.8825203128937642,"Taucorr":0.13959564247664313},"Iteration":17},
{"Acceptance":[0.2272108843537415],"Energy":{"Mean":-35.41935483870968,"Sigma":0.34980545606566127,"Taucorr":0.7885322939866355},"EnergyVariance":{"Mean":5.840270551508846,"Sigma":1.3936696264422446,"Taucorr":0.5285515286730931},"Iteration":18},
{"Acceptance":[0.19829931972789117],"Energy":{"Mean":-35.79032258064516,"Sigma":0.21692399138123739,"Taucorr":0.37835175681010513},"EnergyVariance":{"Mean":3.2947450572320496,"Sigma":0.5986367605686003,"Taucorr":0.18596184776501323},"Iteration":19},
{"Acceptance":[0.1846938775510204],"Energy":{"Mean":-35.88709677419356,"Sigma":0.23980242474510488,"Taucorr":0.3394303797468359},"EnergyVariance":{"Mean":4.2130593132154,"Sigma":0.7973947817057165,"Taucorr":0.35023251189319393},"Iteration":20},
{"Acceptance":[0.15034013605442176],"Energy":{"Mean":-36.70967741935483,"Sigma":0.23677287509521266,"Taucorr":0.4638727272727261},"EnergyVariance":{"Mean":3.5770031217481795,"Sigma":0.9191506058360285,"Taucorr":0.31274211592424495},"Iteration":21},
{"Acceptance":[0.14183673469387756],"Energy":{"Mean":-36.7016129032258,"Sigma":0.22701290606776503,"Taucorr":0.39735393227392435},"EnergyVariance":{"Mean":3.531932882414151,"Sigma":0.6255132579956172,"Taucorr":-0.0020200043046655347},"Iteration":22},
{"Acceptance":[0.14081632653061224],"Energy":{"Mean":-36.895161290322584,"Sigma":0.2143300996266413,"Taucorr":0.6849614010202125},"EnergyVariance":{"Mean":2.3841701352757547,"Sigma":0.4494951771365848,"Taucorr":0.5749752466242626},"Iteration":23},
{"Acceptance":[0.11360544217687076],"Energy":{"Mean":-37.17741935483871,"Sigma":0.18483992943732386,"Taucorr":0.368214554444805},"EnergyVariance":{"Mean":2.4201352757544226,"Sigma":0.3994084688539858,"Taucorr":0.10066278929567185},"Iteration":24},
{"Acceptance":[0.11870748299319728],"Energy":{"Mean":-36.99999999999999,"Sigma":0.24648060404835756,"Taucorr":0.7321808510638317},"EnergyVariance":{"Mean":3.0322580645161286,"Sigma":0.9249921487231335,"Taucorr":0.715544397971202},"Iteration":25},
{"Acceptance":[0.10238095238095238],"Energy":{"Mean":-37.38709677419354,"Sigma":0.17652511688744535,"Taucorr":0.5732335372960367},"EnergyVariance":{"Mean":1.7856399583766907,"Sigma":0.34531088154100337,"Taucorr":0.1680248485096848},"Iteration":26},
{"Acceptance":[0.08945578231292517],"Energy":{"Mean":-37.645161290322584,"Sigma":0.1918270227567781,"Taucorr":0.4597501103265671},"EnergyVariance":{"Mean":2.3579604578564006,"Sigma":0.4652368884434982,"Taucorr":0.07028179771457721},"Iteration":27},
{"Acceptance":[0.0826530612244898],"Energy":{"Mean":-37.89516129032258,"Sigma":0.15587689584967182,"Taucorr":0.5201305332326955},"EnergyVariance":{"Mean":1.4648152965660768,"Sigma":0.2733200849784879,"Taucorr":0.17886358811788516},"Iteration":28},
{"Acceptance":[0.08877551020408163],"Energy":{"Mean":-37.88709677419355,"Sigma":0.14048624740283505,"Taucorr":0.33422134811371385},"EnergyVariance":{"Mean":1.4549947970863686,"Sigma":0.2588316448766931,"Taucorr":0.13590429692200334},"Iteration":29},
{"Acceptance":[0.07312925170068027],"Energy":{"Mean":-38.040322580645174,"Sigma":0.1148261742584494,"Taucorr":0.15805140655512806},"EnergyVariance":{"Mean":1.23224505723205,"Sigma":0.24111843328945895,"Taucorr":0.23864125344778242},"Iteration":30},
{"Acceptance":[0.06802721088435375],"Energy":{"Mean":-37.93548387096774,"Sigma":0.14291875931983888,"Taucorr":0.419066425580511},"EnergyVariance":{"Mean":1.3668054110301766,"Sigma":0.3818922006823632,"Taucorr":0.3801605837463473},"Iteration":31},
{"Acceptance":[0.06462585034013606],"Energy":{"Mean":-38.25806451612903,"Sigma":0.12830777795114762,"Taucorr":0.6037790697674419},"EnergyVariance":{"Mean":0.9172736732570242,"Sigma":0.18532540508263845,"Taucorr":0.20630172183828688},"Iteration":32},
{"Acceptance":[0.05680272108843538],"Energy":{"Mean":-38.153225806451616,"Sigma":0.11804718128807201,"Taucorr":0.2176060556553927},"EnergyVariance":{"Mean":1.194263787721124,"Sigma":0.3495174361801858,"Taucorr":0.049586422462133295},"Iteration":33},
{"Acceptance":[0.04795918367346939],"Energy":{"Mean":-38.282258064516135,"Sigma":0.08809661079663401,"Taucorr":-0.041627631003685495},"EnergyVariance":{"Mean":1.0412981269510926,"Sigma":0.24106748783967694,"Taucorr":0.2165664174288473},"Iteration":34},
{"Acceptance":[0.05204081632653061],"Energy":{"Mean":-38.30645161290323,"Sigma":0.1423259536152627,"Taucorr":0.3962755006550621},"EnergyVariance":{"Mean":1.389958376690947,"Sigma":0.48783527411106004,"Taucorr":0.4030922545769089},"Iteration":35},
{"Acceptance":[0.0391156462585034],"Energy":{"Mean":-38.49193548387097,"Sigma":0.0728489663912014,"Taucorr":0.2101174472902223},"EnergyVariance":{"Mean":0.45961238293444323,"Sigma":0.07876126936948365,"Taucorr":0.009085240250692572},"Iteration":36},
{"Acceptance":[0.04421768707482993],"Energy":{"Mean":-38.37096774193549,"Sigma":0.12152202759631836,"Taucorr":0.3346043509442981},"EnergyVariance":{"Mean":1.0881893860561915,"Sigma":0.3223151313495144,"Taucorr":0.4281608138346098},"Iteration":37},
{"Acceptance":[0.03605442176870748],"Energy":{"Mean":-38.51612903225807,"Sigma":0.10365334847135234,"Taucorr":0.3114856230031944},"EnergyVariance":{"Mean":0.8142559833506765,"Sigma":0.23210395399600628,"Taucorr":0.22122270737726202},"Iteration":38},
{"Acceptance":[0.029251700680272108],"Energy":{"Mean":-38.61290322580646,"Sigma":0.0866325742064248,"Taucorr":0.23928125000000422},"EnergyVariance":{"Mean":0.6243496357960457,"Sigma":0.18712461696968327,"Taucorr":0.15540329465373348},"Iteration":39} 
]}