{"Output": [
{"Acceptance":[0.6695126883913969],"Energy":{"Mean":-653.0524193548389,"Sigma":0.7286534106102591,"Taucorr":0.4041717611247153},"EnergyVariance":{"Mean":290.9609618886576,"Sigma":14.028435054737725,"Taucorr":0.11221997568444175},"Iteration":0},
{"Acceptance":[0.5708105446423861],"Energy":{"Mean":-669.101814516129,"Sigma":0.7676654532502701,"Taucorr":0.516666105468597},"EnergyVariance":{"Mean":287.2164483204345,"Sigma":15.900957207705687,"Taucorr":0.24967393147483996},"Iteration":1},
{"Acceptance":[0.47444735592564585],"Energy":{"Mean":-686.765120967742,"Sigma":0.8755073305631237,"Taucorr":0.9427720628305554},"EnergyVariance":{"Mean":263.24825925956037,"Sigma":16.913792732689707,"Taucorr":0.33230853877658195},"Iteration":2},
{"Acceptance":[0.3968573589152876],"Energy":{"Mean":-701.3427419354838,"Sigma":1.0921632921184694,"Taucorr":2.133398740311295},"EnergyVariance":{"Mean":224.4409957075963,"Sigma":11.74052344749689,"Taucorr":0.16711525661733106},"Iteration":3},
{"Acceptance":[0.331902994917609],"Energy":{"Mean":-714.9465725806454,"Sigma":1.0762396281139288,"Taucorr":2.3612719020439044},"EnergyVariance":{"Mean":200.58686325279658,"Sigma":22.61115979401368,"Taucorr":1.6118744307121982},"Iteration":4},
{"Acceptance":[0.27674410425056717],"Energy":{"Mean":-727.1935483870967,"Sigma":0.4879263440937258,"Taucorr":0.3620660449574611},"EnergyVariance":{"Mean":136.8395551508845,"Sigma":7.9496188421473075,"Taucorr":0.30387297690904147},"Iteration":5},
{"Acceptance":[0.24006823417688128],"Energy":{"Mean":-735.1310483870968,"Sigma":0.5383156386393347,"Taucorr":0.8935252605747934},"EnergyVariance":{"Mean":103.03927793314256,"Sigma":6.313874235859994,"Taucorr":0.3685435689173959},"Iteration":6},
{"Acceptance":[0.2057928705836836],"Energy":{"Mean":-741.2530241935485,"Sigma":0.38120249913057486,"Taucorr":0.3518157419413429},"EnergyVariance":{"Mean":84.52972875747918,"Sigma":5.598263470185435,"Taucorr":0.5377675954991008},"Iteration":7},
{"Acceptance":[0.17320577528445563],"Energy":{"Mean":-747.2610887096774,"Sigma":0.3592092838676584,"Taucorr":0.6090865531557645},"EnergyVariance":{"Mean":57.646550427614464,"Sigma":2.70403468929649,"Taucorr":-0.046822010869367214},"Iteration":8},
{"Acceptance":[0.1513989764873468],"Energy":{"Mean":-751.6229838709677,"Sigma":0.3222371953576662,"Taucorr":0.6045844726882887},"EnergyVariance":{"Mean":46.57963303199791,"Sigma":2.2131768628754025,"Taucorr":-0.009628431953178473},"Iteration":9},
{"Acceptance":[0.1318168228901043],"Energy":{"Mean":-754.5907258064517,"Sigma":0.3019188286277486,"Taucorr":0.6291300959564665},"EnergyVariance":{"Mean":40.001849473205,"Sigma":2.1602822561246833,"Taucorr":0.17649037857641026},"Iteration":10},
{"Acceptance":[0.1174665423913617],"Energy":{"Mean":-757.6381048387095,"Sigma":0.2896112804896508,"Taucorr":0.6481699960534286},"EnergyVariance":{"Mean":36.19665285997659,"Sigma":1.7605476442080907,"Taucorr":-0.017854057825731018},"Iteration":11},
{"Acceptance":[0.10478694405852663],"Energy":{"Mean":-759.4929435483871,"Sigma":0.28215471898384314,"Taucorr":0.9622182583113006},"EnergyVariance":{"Mean":26.977772787135795,"Sigma":1.9065105656037065,"Taucorr":0.3184107882375439},"Iteration":12},
{"Acceptance":[0.09461336897455287],"Energy":{"Mean":-761.4818548387096,"Sigma":0.24375936617632332,"Taucorr":0.7950877092603208},"EnergyVariance":{"Mean":22.733541720863688,"Sigma":1.4350706134946702,"Taucorr":0.2071900000216873},"Iteration":13},
{"Acceptance":[0.08318238573413292],"Energy":{"Mean":-762.6854838709676,"Sigma":0.1593834693872342,"Taucorr":0.22068719799349068},"EnergyVariance":{"Mean":17.465595733610822,"Sigma":1.175126474661199,"Taucorr":0.2957222260225061},"Iteration":14},
{"Acceptance":[0.07293846613791041],"Energy":{"Mean":-764.3155241935485,"Sigma":0.23289228507090043,"Taucorr":1.060704534823885},"EnergyVariance":{"Mean":17.220000934898543,"Sigma":1.3474300911993695,"Taucorr":0.3452687003682273},"Iteration":15},
{"Acceptance":[0.06807590172871639],"Energy":{"Mean":-765.0030241935483,"Sigma":0.20466540007669587,"Taucorr":0.9228067512430964},"EnergyVariance":{"Mean":14.587692467156606,"Sigma":1.228705065126505,"Taucorr":0.2649954445018039},"Iteration":16},
{"Acceptance":[0.059414733658090496],"Energy":{"Mean":-765.6129032258066,"Sigma":0.22394783399067755,"Taucorr":1.4007749113916368},"EnergyVariance":{"Mean":13.073946409989592,"Sigma":1.0587435586922676,"Taucorr":0.562447999384122},"Iteration":17},
{"Acceptance":[0.05416527443152841],"Energy":{"Mean":-766.7147177419355,"Sigma":0.2134276771002627,"Taucorr":1.6242482608536304},"EnergyVariance":{"Mean":10.625267259040063,"Sigma":0.9556687170407588,"Taucorr":0.6863697345660054},"Iteration":18},
{"Acceptance":[0.051773561015071315],"Energy":{"Mean":-766.9052419354838,"Sigma":0.20187650777886826,"Taucorr":1.564508690209402},"EnergyVariance":{"Mean":9.781343489854322,"Sigma":0.7944643702131172,"Taucorr":0.30557402779685217},"Iteration":19},
{"Acceptance":[0.040782230976205966],"Energy":{"Mean":-768.21875,"Sigma":0.14695469411916262,"Taucorr":0.9764599859460452},"EnergyVariance":{"Mean":7.247511340725806,"Sigma":0.9612234928013861,"Taucorr":0.58378206026132},"Iteration":20},
{"Acceptance":[0.037880519845945516],"Energy":{"Mean":-768.3256048387098,"Sigma":0.18369672140112636,"Taucorr":1.806957221392571},"EnergyVariance":{"Mean":7.247812134170135,"Sigma":0.6798259524310815,"Taucorr":0.5628850825073146},"Iteration":21},
{"Acceptance":[0.03159347906371454],"Energy":{"Mean":-769.171370967742,"Sigma":0.1342266072964355,"Taucorr":1.2219766951980782},"EnergyVariance":{"Mean":5.184341668834548,"Sigma":0.5516516603683841,"Taucorr":0.3371064937417241},"Iteration":22},
{"Acceptance":[0.03190123630480277],"Energy":{"Mean":-769.1068548387099,"Sigma":0.20761185991713024,"Taucorr":2.861513403490344},"EnergyVariance":{"Mean":6.353501398283037,"Sigma":0.8795442940851682,"Taucorr":0.690613772153543},"Iteration":23},
{"Acceptance":[0.025411955049856674],"Energy":{"Mean":-769.6703629032259,"Sigma":0.18013561007183984,"Taucorr":3.216848392135655},"EnergyVariance":{"Mean":4.325815190881894,"Sigma":0.5213089685120192,"Taucorr":0.6621152805196375},"Iteration":24},
{"Acceptance":[0.023794031268135694],"Energy":{"Mean":-769.8750000000001,"Sigma":0.19209206532061007,"Taucorr":3.3586032514269792},"EnergyVariance":{"Mean":4.738407258064517,"Sigma":0.8342535665020611,"Taucorr":1.2866728288739124},"Iteration":25},
{"Acceptance":[0.023248861298207975],"Energy":{"Mean":-769.8326612903226,"Sigma":0.20154367090877534,"Taucorr":3.958492729298885},"EnergyVariance":{"Mean":4.514336465920917,"Sigma":0.4990517782274564,"Taucorr":0.5497534550199439},"Iteration":26},
{"Acceptance":[0.01770923095861984],"Energy":{"Mean":-770.3326612903226,"Sigma":0.1443197305177575,"Taucorr":2.3691609439206083},"EnergyVariance":{"Mean":3.596997756243496,"Sigma":0.4733902514244385,"Taucorr":0.5580610239148562},"Iteration":27},
{"Acceptance":[0.0168475106835728],"Energy":{"Mean":-770.3981854838709,"Sigma":0.18576124655447251,"Taucorr":3.074075745864013},"EnergyVariance":{"Mean":4.783988643015088,"Sigma":1.0359120922143055,"Taucorr":1.622880590356941},"Iteration":28},
{"Acceptance":[0.013462181031602271],"Energy":{"Mean":-770.8961693548385,"Sigma":0.10241525370672304,"Taucorr":1.8452901848729555},"EnergyVariance":{"Mean":2.216033713254422,"Sigma":0.3421854627549495,"Taucorr":0.3930279650218149},"Iteration":29},
{"Acceptance":[0.012635633012679599],"Energy":{"Mean":-770.6391129032257,"Sigma":0.13409329616015403,"Taucorr":2.587294705212532},"EnergyVariance":{"Mean":2.885889535639958,"Sigma":0.5017789132239323,"Taucorr":0.3875971516554809},"Iteration":30},
{"Acceptance":[0.011079260679176266],"Energy":{"Mean":-770.7681451612902,"Sigma":0.13665255554650282,"Taucorr":3.0873685356520237},"EnergyVariance":{"Mean":2.579307849895942,"Sigma":0.500448871668108,"Taucorr":0.6654790777277466},"Iteration":31},
{"Acceptance":[0.00877547790303009],"Energy":{"Mean":-771.1441532258063,"Sigma":0.11243723438911492,"Taucorr":1.8340201717449691},"EnergyVariance":{"Mean":2.683856944263787,"Sigma":0.5487917142858568,"Taucorr":0.5665935355581813},"Iteration":32},
{"Acceptance":[0.007386173786117511],"Energy":{"Mean":-771.4435483870969,"Sigma":0.08064054086226204,"Taucorr":2.362013886882979},"EnergyVariance":{"Mean":1.1258454734651404,"Sigma":0.2135499877913874,"Taucorr":0.5371619285826474},"Iteration":33},
{"Acceptance":[0.00622548933401333],"Energy":{"Mean":-771.3114919354839,"Sigma":0.11085532291595461,"Taucorr":3.2131961154301467},"EnergyVariance":{"Mean":1.6398679354188344,"Sigma":0.494843797271169,"Taucorr":0.883384045927877},"Iteration":34},
{"Acceptance":[0.0056979054921477935],"Energy":{"Mean":-771.5020161290322,"Sigma":0.07294933240857185,"Taucorr":1.384559137536175},"EnergyVariance":{"Mean":1.3991894836108223,"Sigma":0.3417845648967274,"Taucorr":1.1008959650385113},"Iteration":35},
{"Acceptance":[0.004713082320665459],"Energy":{"Mean":-771.6098790322582,"Sigma":0.05838019493009182,"Taucorr":0.8253524107104189},"EnergyVariance":{"Mean":1.2742169208506766,"Sigma":0.4031917772700636,"Taucorr":0.6033622806176901},"Iteration":36},
{"Acceptance":[0.00467791006454109],"Energy":{"Mean":-771.5826612903227,"Sigma":0.07608628073916078,"Taucorr":2.7964436415215848},"EnergyVariance":{"Mean":0.8701832401144641,"Sigma":0.17719701678458954,"Taucorr":0.31205443439894465},"Iteration":37},
{"Acceptance":[0.004229463798955384],"Energy":{"Mean":-771.578629032258,"Sigma":0.07776963489491456,"Taucorr":2.178579481943741},"EnergyVariance":{"Mean":1.11881747528616,"Sigma":0.26782250075092684,"Taucorr":0.1370746882466367},"Iteration":38},
{"Acceptance":[0.003912913493836062],"Energy":{"Mean":-771.6804435483872,"Sigma":0.04823213874886222,"Taucorr":0.5194159334078412},"EnergyVariance":{"Mean":1.1307465774583771,"Sigma":0.3485236539155928,"Taucorr":0.35698118100957965},"Iteration":39},
{"Acceptance":[0.0028137804899495277],"Energy":{"Mean":-771.8155241935484,"Sigma":0.027662142608904157,"Taucorr":0.17984931169923668},"EnergyVariance":{"Mean":0.5577025478017691,"Sigma":0.16430343506288,"Taucorr":0.23449249932065586},"Iteration":40},
{"Acceptance":[0.003112744667006665],"Energy":{"Mean":-771.664314516129,"Sigma":0.07673792501396604,"Taucorr":1.9096505251591513},"EnergyVariance":{"Mean":1.2109039655957339,"Sigma":0.4331411312809266,"Taucorr":0.33134194464192235},"Iteration":41},
{"Acceptance":[0.002567574697078944],"Energy":{"Mean":-771.827620967742,"Sigma":0.02445950370237332,"Taucorr":0.40896090070127944},"EnergyVariance":{"Mean":0.3261322434313216,"Sigma":0.08675714629027473,"Taucorr":0.22500465413584503},"Iteration":42},
{"Acceptance":[0.002409299544519283],"Energy":{"Mean":-771.8336693548388,"Sigma":0.029106135468691622,"Taucorr":0.426277602500315},"EnergyVariance":{"Mean":0.4531808906737774,"Sigma":0.11653792374017652,"Taucorr":0.38456550778145004},"Iteration":43},
{"Acceptance":[0.0020399908552134077],"Energy":{"Mean":-771.8588709677421,"Sigma":0.026160520486394275,"Taucorr":0.1918240897378044},"EnergyVariance":{"Mean":0.4901632414151927,"Sigma":0.2012901455064085,"Taucorr":-0.04473718555446943},"Iteration":44},
{"Acceptance":[0.002031197791182315],"Energy":{"Mean":-771.8336693548387,"Sigma":0.040301573829127746,"Taucorr":0.42665081636477586},"EnergyVariance":{"Mean":0.8685034713189388,"Sigma":0.4353208091132469,"Taucorr":0.41483037979736115},"Iteration":45},
{"Acceptance":[0.001987232471026854],"Energy":{"Mean":-771.8185483870968,"Sigma":0.0312976570358637,"Taucorr":0.4681144938109365},"EnergyVariance":{"Mean":0.501349505723205,"Sigma":0.13036855819724302,"Taucorr":0.3780753723961887},"Iteration":46},
{"Acceptance":[0.0019080948947470236],"Energy":{"Mean":-771.8739919354839,"Sigma":0.01610381092558344,"Taucorr":-0.10565578192653252},"EnergyVariance":{"Mean":0.32585583864464096,"Sigma":0.09353866275130493,"Taucorr":-0.08196742931929407},"Iteration":47},
{"Acceptance":[0.001793785062342824],"Energy":{"Mean":-771.8185483870968,"Sigma":0.036759585501708165,"Taucorr":0.9397153853325615},"EnergyVariance":{"Mean":0.46505918314255973,"Sigma":0.12101427704051056,"Taucorr":0.7149440477944682},"Iteration":48},
{"Acceptance":[0.0011430983240419957],"Energy":{"Mean":-771.9052419354839,"Sigma":0.022001070611386796,"Taucorr":0.3776575042268129},"EnergyVariance":{"Mean":0.27327897372528615,"Sigma":0.1044402798291787,"Taucorr":0.36018488356674205},"Iteration":49} 
]}