{"Output": [
{"Acceptance":[0.876750700280112],"Energy":{"Mean":-155.75,"Sigma":0.6381677401092359,"Taucorr":-0.07169453542492654},"EnergyVariance":{"Mean":58.47782258064516,"Sigma":7.813738906276311,"Taucorr":-0.0703415001680982},"Iteration":0},
{"Acceptance":[0.8631652661064426],"Energy":{"Mean":-157.55645161290323,"Sigma":0.6516840959724742,"Taucorr":-0.05059247844998871},"EnergyVariance":{"Mean":58.117780957336116,"Sigma":9.618962546402507,"Taucorr":0.19346699732808803},"Iteration":1},
{"Acceptance":[0.8400560224089636],"Energy":{"Mean":-157.03225806451616,"Sigma":0.5741686293976632,"Taucorr":-0.10863776739981951},"EnergyVariance":{"Mean":51.80541103017689,"Sigma":6.450570241445956,"Taucorr":-0.05650729755496153},"Iteration":2},
{"Acceptance":[0.7893557422969187],"Energy":{"Mean":-157.9758064516129,"Sigma":0.9424541030658786,"Taucorr":0.08681506550233631},"EnergyVariance":{"Mean":93.08812434963579,"Sigma":11.750822425559715,"Taucorr":-0.12577861245113542},"Iteration":3},
{"Acceptance":[0.7456582633053221],"Energy":{"Mean":-160.75806451612905,"Sigma":0.789249326123239,"Taucorr":0.09973497513673768},"EnergyVariance":{"Mean":63.876951092611876,"Sigma":8.308591501663294,"Taucorr":0.11252673111326228},"Iteration":4},
{"Acceptance":[0.7064425770308124],"Energy":{"Mean":-162.5887096774194,"Sigma":0.8321939835294928,"Taucorr":0.2164059636966701},"EnergyVariance":{"Mean":59.45180801248699,"Sigma":6.77597698998514,"Taucorr":-0.04954067443315591},"Iteration":5},
{"Acceptance":[0.6368347338935574],"Energy":{"Mean":-164.74193548387098,"Sigma":0.8323502699610694,"Taucorr":0.0561567886394192},"EnergyVariance":{"Mean":76.6108220603538,"Sigma":8.110366545640842,"Taucorr":-0.039766454484224334},"Iteration":6},
{"Acceptance":[0.6105042016806723],"Energy":{"Mean":-166.37903225806448,"Sigma":0.9171946891553485,"Taucorr":0.18751636681367634},"EnergyVariance":{"Mean":75.25149583766908,"Sigma":9.937944395870058,"Taucorr":0.16229499141235004},"Iteration":7},
{"Acceptance":[0.5414565826330532],"Energy":{"Mean":-171.0967741935484,"Sigma":0.788072834783713,"Taucorr":0.15626994663019278},"EnergyVariance":{"Mean":58.20031217481789,"Sigma":6.524456822800357,"Taucorr":-0.007639653647719236},"Iteration":8},
{"Acceptance":[0.4890756302521008],"Energy":{"Mean":-173.08064516129033,"Sigma":1.029105147922408,"Taucorr":0.4542936396311923},"EnergyVariance":{"Mean":68.25156087408949,"Sigma":8.920700514224325,"Taucorr":0.019027877243906532},"Iteration":9},
{"Acceptance":[0.43221288515406164],"Energy":{"Mean":-176.9193548387097,"Sigma":0.711312876047482,"Taucorr":0.07544897792274674},"EnergyVariance":{"Mean":54.07414151925078,"Sigma":6.361303383470309,"Taucorr":-0.06208186801714005},"Iteration":10},
{"Acceptance":[0.38599439775910366],"Energy":{"Mean":-181.1774193548387,"Sigma":0.7235658366344448,"Taucorr":0.2068882752397342},"EnergyVariance":{"Mean":45.54916753381893,"Sigma":6.304034849086058,"Taucorr":0.03462471828817493},"Iteration":11},
{"Acceptance":[0.3521008403361345],"Energy":{"Mean":-182.99193548387092,"Sigma":0.6731689492763743,"Taucorr":0.2207042293791065},"EnergyVariance":{"Mean":38.669289802289285,"Sigma":5.669984221513751,"Taucorr":0.11900663773137987},"Iteration":12},
{"Acceptance":[0.3280112044817927],"Energy":{"Mean":-185.48387096774192,"Sigma":0.5712577478676201,"Taucorr":0.09722897442249256},"EnergyVariance":{"Mean":33.60457856399583,"Sigma":5.201531281850717,"Taucorr":0.06182079954309583},"Iteration":13},
{"Acceptance":[0.32016806722689073],"Energy":{"Mean":-186.48387096774192,"Sigma":0.7239133016199019,"Taucorr":0.36484240837696347},"EnergyVariance":{"Mean":37.26586888657648,"Sigma":6.969689934891047,"Taucorr":0.1319552987510586},"Iteration":14},
{"Acceptance":[0.2533613445378151],"Energy":{"Mean":-189.8951612903226,"Sigma":0.5921500592596728,"Taucorr":0.43052583131975486},"EnergyVariance":{"Mean":23.17449271592091,"Sigma":3.533347711043905,"Taucorr":0.2135596576570662},"Iteration":15},
{"Acceptance":[0.25406162464985993],"Energy":{"Mean":-190.75806451612902,"Sigma":0.5794978210420103,"Taucorr":0.15585537022809237},"EnergyVariance":{"Mean":31.489854318418313,"Sigma":4.197580905406384,"Taucorr":0.014984698490229764},"Iteration":16},
{"Acceptance":[0.23585434173669467],"Energy":{"Mean":-192.9193548387097,"Sigma":0.6611722947385683,"Taucorr":0.6319109319722662},"EnergyVariance":{"Mean":23.751560874089492,"Sigma":2.2355274182743674,"Taucorr":0.04755765841879667},"Iteration":17},
{"Acceptance":[0.21246498599439775],"Energy":{"Mean":-193.59677419354838,"Sigma":0.5747460191009803,"Taucorr":0.30693449889953217},"EnergyVariance":{"Mean":25.176118626430807,"Sigma":4.458580868299421,"Taucorr":0.24765536349500383},"Iteration":18},
{"Acceptance":[0.1887955182072829],"Energy":{"Mean":-195.4193548387097,"Sigma":0.4902801339861499,"Taucorr":0.26949951251218596},"EnergyVariance":{"Mean":19.21123829344433,"Sigma":2.7978469281624054,"Taucorr":-0.03832030934731512},"Iteration":19},
{"Acceptance":[0.19971988795518208],"Energy":{"Mean":-196.11290322580643,"Sigma":0.48023273782982073,"Taucorr":0.3756810041599101},"EnergyVariance":{"Mean":16.19693028095734,"Sigma":2.024420933232029,"Taucorr":0.15705570815075154},"Iteration":20},
{"Acceptance":[0.173109243697479],"Energy":{"Mean":-197.68548387096772,"Sigma":0.39451340348454994,"Taucorr":0.17257559624726515},"EnergyVariance":{"Mean":14.231724765868886,"Sigma":1.876755859920369,"Taucorr":-0.07308607370278997},"Iteration":21},
{"Acceptance":[0.15140056022408963],"Energy":{"Mean":-198.96774193548387,"Sigma":0.425930659629414,"Taucorr":0.32356651816575654},"EnergyVariance":{"Mean":13.547346514047868,"Sigma":1.9461953917668708,"Taucorr":0.02491086492445993},"Iteration":22},
{"Acceptance":[0.14915966386554622],"Energy":{"Mean":-199.8709677419355,"Sigma":0.5198830213416211,"Taucorr":0.6451203448152265},"EnergyVariance":{"Mean":14.515608740894901,"Sigma":2.1318356743265916,"Taucorr":0.20917798722857606},"Iteration":23},
{"Acceptance":[0.13011204481792718],"Energy":{"Mean":-200.96774193548382,"Sigma":0.4265613217591931,"Taucorr":0.5012371397979596},"EnergyVariance":{"Mean":11.176378772112379,"Sigma":2.382379050842352,"Taucorr":0.2797768706957666},"Iteration":24},
{"Acceptance":[0.12030812324929972],"Energy":{"Mean":-201.70161290322577,"Sigma":0.4099598975337076,"Taucorr":0.4666054409770155},"EnergyVariance":{"Mean":10.693223204994798,"Sigma":1.5593020247705127,"Taucorr":-0.045524704894383206},"Iteration":25},
{"Acceptance":[0.1165266106442577],"Energy":{"Mean":-202.3467741935484,"Sigma":0.3094995568974795,"Taucorr":0.2407998364342656},"EnergyVariance":{"Mean":7.952328303850156,"Sigma":1.238360381300903,"Taucorr":0.3043088088276342},"Iteration":26},
{"Acceptance":[0.10644257703081232],"Energy":{"Mean":-202.0,"Sigma":0.3885110811998207,"Taucorr":0.5332809694793528},"EnergyVariance":{"Mean":8.983870967741934,"Sigma":0.8919393727189718,"Taucorr":0.15334158372848394},"Iteration":27},
{"Acceptance":[0.09747899159663866],"Energy":{"Mean":-203.08064516129025,"Sigma":0.3133214143754121,"Taucorr":0.2971166065601917},"EnergyVariance":{"Mean":7.57414151925078,"Sigma":1.4309932643205079,"Taucorr":0.1989667712741544},"Iteration":28},
{"Acceptance":[0.08893557422969188],"Energy":{"Mean":-203.48387096774192,"Sigma":0.30803214377003046,"Taucorr":0.44098078697877563},"EnergyVariance":{"Mean":6.201352757544225,"Sigma":0.9030058896435083,"Taucorr":0.2701389241995199},"Iteration":29} 
]}