{"Output": [
{"Acceptance":[0.06911468812877264],"Energy":{"Mean":-365.41129032258056,"Sigma":0.298641275059093,"Taucorr":0.00831449838772702},"EnergyVariance":{"Mean":10.790517689906348,"Sigma":2.1123041550737276,"Taucorr":0.05123992321103121},"Iteration":0},
{"Acceptance":[0.011770623742454729],"Energy":{"Mean":-368.4596774193548,"Sigma":0.27437533505834705,"Taucorr":0.37944333946903563},"EnergyVariance":{"Mean":5.264503121748179,"Sigma":2.8333004802029613,"Taucorr":0.4259076175028156},"Iteration":1},
{"Acceptance":[0.01670020120724346],"Energy":{"Mean":-369.22580645161287,"Sigma":0.12343364783545707,"Taucorr":-0.04198245167852854},"EnergyVariance":{"Mean":2.045785639958377,"Sigma":0.9464880157806533,"Taucorr":0.0008418186797022331},"Iteration":2},
{"Acceptance":[0.003118712273641851],"Energy":{"Mean":-369.9516129032259,"Sigma":0.09865994249194976,"Taucorr":0.366061347384274},"EnergyVariance":{"Mean":0.691207075962539,"Sigma":0.43473631804096113,"Taucorr":0.3141516904059011},"Iteration":3},
{"Acceptance":[0.009859154929577466],"Energy":{"Mean":-370.2338709677419,"Sigma":0.08670761326268038,"Taucorr":0.36583850931676354},"EnergyVariance":{"Mean":0.5340140478668054,"Sigma":0.21107966355610494,"Taucorr":0.15544532158837554},"Iteration":4},
{"Acceptance":[0.0013078470824949698],"Energy":{"Mean":-370.7258064516128,"Sigma":0.15741307496728452,"Taucorr":0.8244121636898136},"EnergyVariance":{"Mean":1.1506243496357962,"Sigma":0.6534472191043499,"Taucorr":0.804601869268829},"Iteration":5},
{"Acceptance":[0.002414486921529175],"Energy":{"Mean":-370.991935483871,"Sigma":0.008064516129031854,"Taucorr":-4.085620730620576e-14},"EnergyVariance":{"Mean":0.007999479708636837,"Sigma":0.007934443288241532,"Taucorr":-2.220446049250313e-16},"Iteration":6},
{"Acceptance":[0.0028169014084507044],"Energy":{"Mean":-370.78225806451604,"Sigma":0.12364422572155895,"Taucorr":0.1813044912578391},"EnergyVariance":{"Mean":1.3800078043704473,"Sigma":0.7497350957976824,"Taucorr":0.13120101159134967},"Iteration":7},
{"Acceptance":[0.0036217303822937627],"Energy":{"Mean":-370.92741935483866,"Sigma":0.1011981636770103,"Taucorr":0.15991141396933117},"EnergyVariance":{"Mean":0.9544094693028096,"Sigma":0.571101145242747,"Taucorr":0.05322312767712467},"Iteration":8},
{"Acceptance":[0.0014084507042253522],"Energy":{"Mean":-370.89516129032256,"Sigma":0.08422176431576825,"Taucorr":0.0025548812467329762},"EnergyVariance":{"Mean":0.8680411030176899,"Sigma":0.6596410689496238,"Taucorr":-0.008039528244172978},"Iteration":9},
{"Acceptance":[0.0018108651911468814],"Energy":{"Mean":-371.008064516129,"Sigma":0.008064516129033219,"Taucorr":1.0236256287043943e-13},"EnergyVariance":{"Mean":0.007999479708636839,"Sigma":0.007934443288241534,"Taucorr":0.0},"Iteration":10},
{"Acceptance":[0.0012072434607645875],"Energy":{"Mean":-370.90322580645164,"Sigma":0.06827110268387472,"Taucorr":0.17269536019538867},"EnergyVariance":{"Mean":0.42611862643080134,"Sigma":0.23922033712570695,"Taucorr":0.06564858171695986},"Iteration":11},
{"Acceptance":[0.0014084507042253522],"Energy":{"Mean":-370.96774193548384,"Sigma":0.04743690699952477,"Taucorr":0.006642857142853509},"EnergyVariance":{"Mean":0.2731529656607701,"Sigma":0.15835958911987735,"Taucorr":-0.022729953208047105},"Iteration":12},
{"Acceptance":[0.002012072434607646],"Energy":{"Mean":-370.98387096774184,"Sigma":0.12374938029114464,"Taucorr":0.3985604368329798},"EnergyVariance":{"Mean":1.048126951092612,"Sigma":0.7878831741402322,"Taucorr":0.46857028818174074},"Iteration":13},
{"Acceptance":[0.0030181086519114686],"Energy":{"Mean":-371.32258064516134,"Sigma":0.123889447546268,"Taucorr":0.6137200736648256},"EnergyVariance":{"Mean":0.8475546305931324,"Sigma":0.2924995029123173,"Taucorr":0.624183818350881},"Iteration":14},
{"Acceptance":[0.003923541247484909],"Energy":{"Mean":-373.66129032258067,"Sigma":0.18092815774692445,"Taucorr":0.2806668011701873},"EnergyVariance":{"Mean":2.57882414151925,"Sigma":1.8064342248180596,"Taucorr":0.27653407449646283},"Iteration":15},
{"Acceptance":[0.0018108651911468814],"Energy":{"Mean":-373.9435483870968,"Sigma":0.04878865632985308,"Taucorr":-0.004097818902825956},"EnergyVariance":{"Mean":0.29520031217481796,"Sigma":0.28471084907181116,"Taucorr":-0.0006328176706956179},"Iteration":16},
{"Acceptance":[0.0006036217303822937],"Energy":{"Mean":-373.9758064516129,"Sigma":0.01779074420190828,"Taucorr":0.32451790633612276},"EnergyVariance":{"Mean":0.023608220603537976,"Sigma":0.016929901740525992,"Taucorr":0.324517906336088},"Iteration":17},
{"Acceptance":[0.0012072434607645875],"Energy":{"Mean":-373.8951612903225,"Sigma":0.07125430900796569,"Taucorr":-0.013812658227840002},"EnergyVariance":{"Mean":0.6422346514047866,"Sigma":0.5130653903242762,"Taucorr":-0.006187469993939987},"Iteration":18},
{"Acceptance":[0.0016096579476861167],"Energy":{"Mean":-374.0,"Sigma":0.0,"Taucorr":null},"EnergyVariance":{"Mean":0.0,"Sigma":0.0,"Taucorr":null},"Iteration":19},
{"Acceptance":[0.0013078470824949698],"Energy":{"Mean":-373.96774193548384,"Sigma":0.02524592877822348,"Taucorr":-0.007598039215685026},"EnergyVariance":{"Mean":0.07960457856399585,"Sigma":0.07116884104734963,"Taucorr":-0.0026519242813039523},"Iteration":20},
{"Acceptance":[0.0013078470824949698],"Energy":{"Mean":-373.991935483871,"Sigma":0.008064516129032376,"Taucorr":2.886579864025407e-14},"EnergyVariance":{"Mean":0.007999479708636839,"Sigma":0.007934443288241534,"Taucorr":0.0},"Iteration":21},
{"Acceptance":[0.0012072434607645875],"Energy":{"Mean":-373.93548387096786,"Sigma":0.07510542942399648,"Taucorr":0.0032169811320774677},"EnergyVariance":{"Mean":0.6893860561914673,"Sigma":0.643423179413081,"Taucorr":-0.0016306681219449004},"Iteration":22},
{"Acceptance":[0.0014084507042253522],"Energy":{"Mean":-373.66129032258056,"Sigma":0.17372747285571896,"Taucorr":0.8094191594787896},"EnergyVariance":{"Mean":1.4175338189386055,"Sigma":0.7626695757868116,"Taucorr":0.5565881690717371},"Iteration":23},
{"Acceptance":[0.0016096579476861167],"Energy":{"Mean":-373.9758064516129,"Sigma":0.024193548387097166,"Taucorr":1.4432899320127035e-14},"EnergyVariance":{"Mean":0.07199531737773152,"Sigma":0.0714099895941738,"Taucorr":0.0},"Iteration":24},
{"Acceptance":[0.0008048289738430583],"Energy":{"Mean":-373.991935483871,"Sigma":0.008064516129032506,"Taucorr":1.0880185641326534e-14},"EnergyVariance":{"Mean":0.007999479708636839,"Sigma":0.007934443288241534,"Taucorr":0.0},"Iteration":25},
{"Acceptance":[0.0018108651911468814],"Energy":{"Mean":-373.9435483870968,"Sigma":0.048788656329852347,"Taucorr":-0.004097818902840333},"EnergyVariance":{"Mean":0.2952003121748179,"Sigma":0.2847108490718112,"Taucorr":-0.0006328176706949518},"Iteration":26},
{"Acceptance":[0.0016096579476861167],"Energy":{"Mean":-373.9354838709678,"Sigma":0.06451612903225819,"Taucorr":0.5081967213114775},"EnergyVariance":{"Mean":0.2539021852237252,"Sigma":0.24973985431842585,"Taucorr":0.5081967213114749},"Iteration":27},
{"Acceptance":[0.0012072434607645875],"Energy":{"Mean":-374.0,"Sigma":0.0,"Taucorr":null},"EnergyVariance":{"Mean":0.0,"Sigma":0.0,"Taucorr":null},"Iteration":28},
{"Acceptance":[0.0028169014084507044],"Energy":{"Mean":-373.9758064516129,"Sigma":0.024193548387097155,"Taucorr":1.6431300764452317e-14},"EnergyVariance":{"Mean":0.07199531737773153,"Sigma":0.0714099895941738,"Taucorr":0.0},"Iteration":29},
{"Acceptance":[0.0012072434607645875],"Energy":{"Mean":-373.96774193548384,"Sigma":0.032258064516128726,"Taucorr":-5.218048215738236e-15},"EnergyVariance":{"Mean":0.12799167533818936,"Sigma":0.12695109261186088,"Taucorr":0.0},"Iteration":30},
{"Acceptance":[0.0016096579476861167],"Energy":{"Mean":-373.9758064516129,"Sigma":0.024193548387096853,"Taucorr":1.0247933884297709},"EnergyVariance":{"Mean":0.02360822060353798,"Sigma":0.023022892819980253,"Taucorr":1.0247933884297518},"Iteration":31},
{"Acceptance":[0.0012072434607645875],"Energy":{"Mean":-373.95161290322585,"Sigma":0.04838709677419356,"Taucorr":2.220446049250313e-16},"EnergyVariance":{"Mean":0.2879812695109261,"Sigma":0.2856399583766952,"Taucorr":0.0},"Iteration":32},
{"Acceptance":[0.001006036217303823],"Energy":{"Mean":-373.9596774193548,"Sigma":0.02346575574494321,"Taucorr":0.1176749703440807},"EnergyVariance":{"Mean":0.05482570239334028,"Sigma":0.03435070796410376,"Taucorr":0.031811772127742444},"Iteration":33},
{"Acceptance":[0.0006036217303822937],"Energy":{"Mean":-373.9838709677419,"Sigma":0.0383382720129183,"Taucorr":0.20196969696969402},"EnergyVariance":{"Mean":0.1287721123829344,"Sigma":0.08038627844193423,"Taucorr":0.013834039823140687},"Iteration":34},
{"Acceptance":[0.0018108651911468814],"Energy":{"Mean":-373.9274193548387,"Sigma":0.0533722326057235,"Taucorr":0.3245179063360897},"EnergyVariance":{"Mean":0.2124739854318418,"Sigma":0.15236911566472786,"Taucorr":0.324517906336088},"Iteration":35},
{"Acceptance":[0.0008048289738430583],"Energy":{"Mean":-374.0,"Sigma":0.0,"Taucorr":null},"EnergyVariance":{"Mean":0.0,"Sigma":0.0,"Taucorr":null},"Iteration":36},
{"Acceptance":[0.0008048289738430583],"Energy":{"Mean":-373.991935483871,"Sigma":0.008064516129032738,"Taucorr":4.551914400963142e-14},"EnergyVariance":{"Mean":0.007999479708636839,"Sigma":0.007934443288241534,"Taucorr":0.0},"Iteration":37},
{"Acceptance":[0.0016096579476861167],"Energy":{"Mean":-373.88709677419354,"Sigma":0.0975773126597064,"Taucorr":0.502628062360825},"EnergyVariance":{"Mean":0.5840270551508846,"Sigma":0.3422618797961264,"Taucorr":0.47951775301205646},"Iteration":38},
{"Acceptance":[0.0006036217303822937],"Energy":{"Mean":-374.008064516129,"Sigma":0.008064516129032376,"Taucorr":1.4654943925052066e-14},"EnergyVariance":{"Mean":0.007999479708636839,"Sigma":0.007934443288241534,"Taucorr":0.0},"Iteration":39},
{"Acceptance":[0.0012072434607645875],"Energy":{"Mean":-374.008064516129,"Sigma":0.008064516129032624,"Taucorr":5.5067062021407764e-14},"EnergyVariance":{"Mean":0.007999479708636837,"Sigma":0.007934443288241534,"Taucorr":0.0},"Iteration":40},
{"Acceptance":[0.00040241448692152917],"Energy":{"Mean":-374.0,"Sigma":0.0,"Taucorr":null},"EnergyVariance":{"Mean":0.0,"Sigma":0.0,"Taucorr":null},"Iteration":41},
{"Acceptance":[0.0014084507042253522],"Energy":{"Mean":-374.04838709677415,"Sigma":0.03558148840381561,"Taucorr":0.3245179063360929},"EnergyVariance":{"Mean":0.0944328824141519,"Sigma":0.06771960696210397,"Taucorr":0.3245179063360877},"Iteration":42},
{"Acceptance":[0.0012072434607645875],"Energy":{"Mean":-374.0241935483871,"Sigma":0.024193548387096774,"Taucorr":-2.7755575615628914e-15},"EnergyVariance":{"Mean":0.07199531737773153,"Sigma":0.04417718717507422,"Taucorr":-0.018924954485411705},"Iteration":43},
{"Acceptance":[0.0012072434607645875],"Energy":{"Mean":-374.0241935483871,"Sigma":0.017790744201908334,"Taucorr":-0.010147299508973306},"EnergyVariance":{"Mean":0.0397372528616025,"Sigma":0.032150136799683995,"Taucorr":-0.005821639123296307},"Iteration":44},
{"Acceptance":[0.002012072434607646],"Energy":{"Mean":-374.0483870967742,"Sigma":0.04402369052889042,"Taucorr":0.1807949479940475},"EnergyVariance":{"Mean":0.1750780437044745,"Sigma":0.07851930468481963,"Taucorr":0.13655321415456634},"Iteration":45},
{"Acceptance":[0.006036217303822937],"Energy":{"Mean":-374.44354838709677,"Sigma":0.09397843310940274,"Taucorr":0.2601438063165673},"EnergyVariance":{"Mean":0.7145551508844955,"Sigma":0.11389359469733931,"Taucorr":0.22876637271371858},"Iteration":46},
{"Acceptance":[0.0015090543259557343],"Energy":{"Mean":-375.91129032258067,"Sigma":0.10660220693663122,"Taucorr":0.8535835747575433},"EnergyVariance":{"Mean":0.5163241415192509,"Sigma":0.2845137037262281,"Taucorr":0.9021901529103471},"Iteration":47},
{"Acceptance":[0.00040241448692152917],"Energy":{"Mean":-376.0161290322581,"Sigma":0.01612903225806548,"Taucorr":0.5081967213115586},"EnergyVariance":{"Mean":0.01586888657648283,"Sigma":0.015608740894899786,"Taucorr":0.5081967213114749},"Iteration":48},
{"Acceptance":[0.0014084507042253522],"Energy":{"Mean":-376.0241935483871,"Sigma":0.02922575897833688,"Taucorr":0.22962962962961286},"EnergyVariance":{"Mean":0.07199531737773152,"Sigma":0.03880296163138069,"Taucorr":0.05525891102825897},"Iteration":49},
{"Acceptance":[0.0029175050301810867],"Energy":{"Mean":-376.03225806451616,"Sigma":0.045998386314424496,"Taucorr":0.1759459459459476},"EnergyVariance":{"Mean":0.19250780437044746,"Sigma":0.08656309930173464,"Taucorr":-0.01629032844682965},"Iteration":50},
{"Acceptance":[0.01096579476861167],"Energy":{"Mean":-376.4032258064516,"Sigma":0.06627311866338283,"Taucorr":0.23070021111893524},"EnergyVariance":{"Mean":0.36966701352757547,"Sigma":0.054581515044381905,"Taucorr":0.04688620122367326},"Iteration":51},
{"Acceptance":[0.013380281690140845],"Energy":{"Mean":-376.9919354838709,"Sigma":0.04257168364479392,"Taucorr":0.10112241318835513},"EnergyVariance":{"Mean":0.1854188345473465,"Sigma":0.12913268451820004,"Taucorr":-0.004765160035081484},"Iteration":52},
{"Acceptance":[0.011569416498993963],"Energy":{"Mean":-376.96774193548384,"Sigma":0.04297713740152901,"Taucorr":0.04445137157105472},"EnergyVariance":{"Mean":0.208636836628512,"Sigma":0.08581501165931335,"Taucorr":0.12993425226541777},"Iteration":53},
{"Acceptance":[0.004426559356136821],"Energy":{"Mean":-377.09677419354836,"Sigma":0.039617491240732584,"Taucorr":0.43228643216080676},"EnergyVariance":{"Mean":0.10353798126951093,"Sigma":0.0345977456264965,"Taucorr":0.5397233065573817},"Iteration":54},
{"Acceptance":[0.01609657947686117],"Energy":{"Mean":-377.18548387096774,"Sigma":0.12046490472705434,"Taucorr":0.2863560827459708},"EnergyVariance":{"Mean":1.1349505723204993,"Sigma":0.5264602840717225,"Taucorr":0.2293821590319468},"Iteration":55},
{"Acceptance":[0.0009054325955734407],"Energy":{"Mean":-377.9838709677419,"Sigma":0.016129032258065085,"Taucorr":2.4424906541753444e-14},"EnergyVariance":{"Mean":0.031997918834547334,"Sigma":0.03173777315296429,"Taucorr":-2.220446049250313e-16},"Iteration":56},
{"Acceptance":[0.0008048289738430583],"Energy":{"Mean":-377.89516129032256,"Sigma":0.061099022338310015,"Taucorr":0.18373038930855645},"EnergyVariance":{"Mean":0.3357830385015609,"Sigma":0.18835509393853123,"Taucorr":0.13360750613450012},"Iteration":57},
{"Acceptance":[0.0008048289738430583],"Energy":{"Mean":-377.9838709677419,"Sigma":0.01986339053969153,"Taucorr":0.004189189189272802},"EnergyVariance":{"Mean":0.04812695109261188,"Sigma":0.03315172016066363,"Taucorr":-0.012887838871288193},"Iteration":58},
{"Acceptance":[0.0006036217303822937],"Energy":{"Mean":-377.90322580645153,"Sigma":0.05759216474631513,"Taucorr":0.7138157894737203},"EnergyVariance":{"Mean":0.168054110301769,"Sigma":0.10320804665931461,"Taucorr":0.7803740254861704},"Iteration":59},
{"Acceptance":[0.00040241448692152917],"Energy":{"Mean":-377.9758064516129,"Sigma":0.017790744201907772,"Taucorr":0.3245179063360658},"EnergyVariance":{"Mean":0.023608220603537976,"Sigma":0.016929901740525992,"Taucorr":0.3245179063360877},"Iteration":60},
{"Acceptance":[0.0],"Energy":{"Mean":-378.0,"Sigma":0.0,"Taucorr":null},"EnergyVariance":{"Mean":0.0,"Sigma":0.0,"Taucorr":null},"Iteration":61},
{"Acceptance":[0.001006036217303823],"Energy":{"Mean":-377.8467741935484,"Sigma":0.1304857649689082,"Taucorr":0.48300873069173134},"EnergyVariance":{"Mean":1.0652315296566075,"Sigma":0.9915515104633609,"Taucorr":0.5055941425100043},"Iteration":62},
{"Acceptance":[0.00020120724346076458],"Energy":{"Mean":-378.0,"Sigma":0.0,"Taucorr":null},"EnergyVariance":{"Mean":0.0,"Sigma":0.0,"Taucorr":null},"Iteration":63},
{"Acceptance":[0.0],"Energy":{"Mean":-378.0,"Sigma":0.0,"Taucorr":null},"EnergyVariance":{"Mean":0.0,"Sigma":0.0,"Taucorr":null},"Iteration":64},
{"Acceptance":[0.0008048289738430583],"Energy":{"Mean":-377.9274193548388,"Sigma":0.04048354967100389,"Taucorr":0.18123076923077663},"EnergyVariance":{"Mean":0.14795785639958375,"Sigma":0.08971298999434511,"Taucorr":0.11493381048562124},"Iteration":65},
{"Acceptance":[0.00020120724346076458],"Energy":{"Mean":-378.0,"Sigma":0.0,"Taucorr":null},"EnergyVariance":{"Mean":0.0,"Sigma":0.0,"Taucorr":null},"Iteration":66},
{"Acceptance":[0.0006036217303822937],"Energy":{"Mean":-377.991935483871,"Sigma":0.008064516129032247,"Taucorr":1.1324274851176597e-14},"EnergyVariance":{"Mean":0.007999479708636839,"Sigma":0.007934443288241534,"Taucorr":0.0},"Iteration":67},
{"Acceptance":[0.0006036217303822937],"Energy":{"Mean":-377.9274193548387,"Sigma":0.04519008298749036,"Taucorr":0.45268870251605253},"EnergyVariance":{"Mean":0.13182882414151925,"Sigma":0.08315019319059687,"Taucorr":0.4801907270857818},"Iteration":68},
{"Acceptance":[0.0006036217303822937],"Energy":{"Mean":-377.8790322580645,"Sigma":0.09759952718763218,"Taucorr":0.4661804140298206},"EnergyVariance":{"Mean":0.6063345473465142,"Sigma":0.5568275650586556,"Taucorr":0.5033046023203611},"Iteration":69},
{"Acceptance":[0.0],"Energy":{"Mean":-378.0,"Sigma":0.0,"Taucorr":null},"EnergyVariance":{"Mean":0.0,"Sigma":0.0,"Taucorr":null},"Iteration":70},
{"Acceptance":[0.00040241448692152917],"Energy":{"Mean":-378.0,"Sigma":0.011593472394004451,"Taucorr":0.012500000000012501},"EnergyVariance":{"Mean":0.016129032258064516,"Sigma":0.011213254631513016,"Taucorr":-0.012704918032786783},"Iteration":71},
{"Acceptance":[0.00020120724346076458],"Energy":{"Mean":-377.991935483871,"Sigma":0.008064516129032567,"Taucorr":4.6851411639181606e-14},"EnergyVariance":{"Mean":0.007999479708636837,"Sigma":0.007934443288241532,"Taucorr":-2.220446049250313e-16},"Iteration":72},
{"Acceptance":[0.00020120724346076458],"Energy":{"Mean":-378.0,"Sigma":0.0,"Taucorr":null},"EnergyVariance":{"Mean":0.0,"Sigma":0.0,"Taucorr":null},"Iteration":73},
{"Acceptance":[0.0008048289738430583],"Energy":{"Mean":-377.98387096774195,"Sigma":0.016129032258065196,"Taucorr":3.086420008457935e-14},"EnergyVariance":{"Mean":0.031997918834547355,"Sigma":0.015061513866941033,"Taucorr":-0.03870733868585696},"Iteration":74},
{"Acceptance":[0.0],"Energy":{"Mean":-378.0,"Sigma":0.0,"Taucorr":null},"EnergyVariance":{"Mean":0.0,"Sigma":0.0,"Taucorr":null},"Iteration":75},
{"Acceptance":[0.0],"Energy":{"Mean":-378.0,"Sigma":0.0,"Taucorr":null},"EnergyVariance":{"Mean":0.0,"Sigma":0.0,"Taucorr":null},"Iteration":76},
{"Acceptance":[0.00020120724346076458],"Energy":{"Mean":-377.83870967741933,"Sigma":0.16129032258064557,"Taucorr":0.5081967213114769},"EnergyVariance":{"Mean":1.5868886576482832,"Sigma":1.560874089490107,"Taucorr":0.5081967213114753},"Iteration":77},
{"Acceptance":[0.00040241448692152917],"Energy":{"Mean":-377.9758064516129,"Sigma":0.024193548387096853,"Taucorr":3.552713678800501e-15},"EnergyVariance":{"Mean":0.07199531737773153,"Sigma":0.07140998959417379,"Taucorr":-2.220446049250313e-16},"Iteration":78},
{"Acceptance":[0.00020120724346076458],"Energy":{"Mean":-378.0,"Sigma":0.0,"Taucorr":null},"EnergyVariance":{"Mean":0.0,"Sigma":0.0,"Taucorr":null},"Iteration":79},
{"Acceptance":[0.0],"Energy":{"Mean":-378.0,"Sigma":0.0,"Taucorr":null},"EnergyVariance":{"Mean":0.0,"Sigma":0.0,"Taucorr":null},"Iteration":80},
{"Acceptance":[0.00040241448692152917],"Energy":{"Mean":-377.9758064516129,"Sigma":0.024193548387096607,"Taucorr":-5.88418203051333e-15},"EnergyVariance":{"Mean":0.07199531737773152,"Sigma":0.07140998959417381,"Taucorr":0.0},"Iteration":81},
{"Acceptance":[0.00040241448692152917],"Energy":{"Mean":-377.93548387096774,"Sigma":0.0645161290322596,"Taucorr":1.709743457922741e-14},"EnergyVariance":{"Mean":0.5119667013527575,"Sigma":0.5078043704474507,"Taucorr":0.0},"Iteration":82},
{"Acceptance":[0.0006036217303822937],"Energy":{"Mean":-377.9596774193548,"Sigma":0.032989030014283896,"Taucorr":0.44326306141151495},"EnergyVariance":{"Mean":0.07095473465140477,"Sigma":0.06211113667202036,"Taucorr":0.48987027775881786},"Iteration":83},
{"Acceptance":[0.00040241448692152917],"Energy":{"Mean":-378.0,"Sigma":0.0,"Taucorr":null},"EnergyVariance":{"Mean":0.0,"Sigma":0.0,"Taucorr":null},"Iteration":84},
{"Acceptance":[0.0],"Energy":{"Mean":-378.0,"Sigma":0.0,"Taucorr":null},"EnergyVariance":{"Mean":0.0,"Sigma":0.0,"Taucorr":null},"Iteration":85},
{"Acceptance":[0.0],"Energy":{"Mean":-378.0,"Sigma":0.0,"Taucorr":null},"EnergyVariance":{"Mean":0.0,"Sigma":0.0,"Taucorr":null},"Iteration":86},
{"Acceptance":[0.00020120724346076458],"Energy":{"Mean":-377.93548387096774,"Sigma":0.06451612903225984,"Taucorr":0.5081967213115033},"EnergyVariance":{"Mean":0.2539021852237253,"Sigma":0.24973985431841864,"Taucorr":0.5081967213114762},"Iteration":87},
{"Acceptance":[0.00020120724346076458],"Energy":{"Mean":-378.0,"Sigma":0.0,"Taucorr":null},"EnergyVariance":{"Mean":0.0,"Sigma":0.0,"Taucorr":null},"Iteration":88},
{"Acceptance":[0.00040241448692152917],"Energy":{"Mean":-377.9838709677419,"Sigma":0.01612903225806548,"Taucorr":4.973799150320701e-14},"EnergyVariance":{"Mean":0.03199791883454735,"Sigma":0.0317377731529643,"Taucorr":-2.220446049250313e-16},"Iteration":89},
{"Acceptance":[0.00040241448692152917],"Energy":{"Mean":-378.0,"Sigma":0.0,"Taucorr":null},"EnergyVariance":{"Mean":0.0,"Sigma":0.0,"Taucorr":null},"Iteration":90},
{"Acceptance":[0.00040241448692152917],"Energy":{"Mean":-377.93548387096774,"Sigma":0.06451612903226013,"Taucorr":1.5500000000000336},"EnergyVariance":{"Mean":0.12486992715920914,"Sigma":0.12070759625390243,"Taucorr":1.5500000000000003},"Iteration":91},
{"Acceptance":[0.00020120724346076458],"Energy":{"Mean":-377.991935483871,"Sigma":0.008064516129032142,"Taucorr":-1.6764367671839864e-14},"EnergyVariance":{"Mean":0.007999479708636839,"Sigma":0.007934443288241532,"Taucorr":-2.220446049250313e-16},"Iteration":92},
{"Acceptance":[0.00020120724346076458],"Energy":{"Mean":-378.0,"Sigma":0.0,"Taucorr":null},"EnergyVariance":{"Mean":0.0,"Sigma":0.0,"Taucorr":null},"Iteration":93},
{"Acceptance":[0.00020120724346076458],"Energy":{"Mean":-377.98387096774195,"Sigma":0.016129032258064783,"Taucorr":2.1316282072803006e-14},"EnergyVariance":{"Mean":0.03199791883454735,"Sigma":0.03173777315296613,"Taucorr":-2.220446049250313e-16},"Iteration":94},
{"Acceptance":[0.00020120724346076458],"Energy":{"Mean":-377.9758064516129,"Sigma":0.01779074420190762,"Taucorr":0.3245179063360729},"EnergyVariance":{"Mean":0.023608220603537976,"Sigma":0.016929901740525992,"Taucorr":0.324517906336088},"Iteration":95},
{"Acceptance":[0.00020120724346076458],"Energy":{"Mean":-378.0,"Sigma":0.0,"Taucorr":null},"EnergyVariance":{"Mean":0.0,"Sigma":0.0,"Taucorr":null},"Iteration":96},
{"Acceptance":[0.00020120724346076458],"Energy":{"Mean":-377.9596774193548,"Sigma":0.04032258064516105,"Taucorr":-5.88418203051333e-15},"EnergyVariance":{"Mean":0.1999869927159209,"Sigma":0.1983610822060337,"Taucorr":-1.1102230246251565e-16},"Iteration":97},
{"Acceptance":[0.00020120724346076458],"Energy":{"Mean":-378.0,"Sigma":0.0,"Taucorr":null},"EnergyVariance":{"Mean":0.0,"Sigma":0.0,"Taucorr":null},"Iteration":98},
{"Acceptance":[0.00040241448692152917],"Energy":{"Mean":-378.0,"Sigma":0.0,"Taucorr":null},"EnergyVariance":{"Mean":0.0,"Sigma":0.0,"Taucorr":null},"Iteration":99} 
]}