{"Output": [
{"Acceptance":[0.7864960909737029],"Energy":{"Mean":-2500.5967741935483,"Sigma":3.464308753129554,"Taucorr":0.05702794905880626},"EnergyVariance":{"Mean":1325.047086368366,"Sigma":183.38044578800003,"Taucorr":-0.032935362851928496},"Iteration":0},
{"Acceptance":[0.5917555081734186],"Energy":{"Mean":-2522.016129032258,"Sigma":3.415491579015643,"Taucorr":0.1014505467615775},"EnergyVariance":{"Mean":1192.8384495317378,"Sigma":125.7753618265563,"Taucorr":0.05143026258491956},"Iteration":1},
{"Acceptance":[0.33972992181947403],"Energy":{"Mean":-2582.524193548388,"Sigma":2.6754899772016256,"Taucorr":0.046582443513112026},"EnergyVariance":{"Mean":805.4268340270551,"Sigma":103.82246462495026,"Taucorr":-0.08673106179309736},"Iteration":2},
{"Acceptance":[0.22786069651741295],"Energy":{"Mean":-2648.306451612903,"Sigma":2.4553734599058683,"Taucorr":0.2484991505418408},"EnergyVariance":{"Mean":495.35770031217487,"Sigma":66.8785206699301,"Taucorr":0.027930118725827402},"Iteration":3},
{"Acceptance":[0.1318407960199005],"Energy":{"Mean":-2701.5645161290317,"Sigma":1.9034479094024503,"Taucorr":0.18016192764693606},"EnergyVariance":{"Mean":327.6006763787721,"Sigma":35.0690878364785,"Taucorr":-0.13378591532101508},"Iteration":4},
{"Acceptance":[0.08610518834399432],"Energy":{"Mean":-2733.3306451612907,"Sigma":1.5448660682794715,"Taucorr":0.2808121517964318},"EnergyVariance":{"Mean":187.97938345473466,"Sigma":34.83724081832601,"Taucorr":0.06731600513498981},"Iteration":5},
{"Acceptance":[0.06254442075337598],"Energy":{"Mean":-2747.774193548387,"Sigma":0.8898588475953743,"Taucorr":0.17158088842011388},"EnergyVariance":{"Mean":72.51352757544223,"Sigma":12.250633310479708,"Taucorr":-0.010467382335265063},"Iteration":6},
{"Acceptance":[0.04818763326226013],"Energy":{"Mean":-2754.733870967742,"Sigma":0.8337581296754232,"Taucorr":0.2711763097971247},"EnergyVariance":{"Mean":55.43723985431842,"Sigma":7.951386978139159,"Taucorr":0.02937397495326799},"Iteration":7},
{"Acceptance":[0.03631840796019901],"Energy":{"Mean":-2760.4758064516127,"Sigma":0.6815891888866784,"Taucorr":0.28225226011284243},"EnergyVariance":{"Mean":36.52360822060354,"Sigma":4.684088589813457,"Taucorr":-0.033838401964756126},"Iteration":8},
{"Acceptance":[0.027860696517412936],"Energy":{"Mean":-2767.3467741935483,"Sigma":0.554875436393861,"Taucorr":0.5789745585264929},"EnergyVariance":{"Mean":17.549102497398543,"Sigma":4.296176341559208,"Taucorr":0.33255217634297785},"Iteration":9},
{"Acceptance":[0.024200426439232408],"Energy":{"Mean":-2770.1693548387093,"Sigma":0.38961434902256076,"Taucorr":0.2157107741707126},"EnergyVariance":{"Mean":13.043899583766912,"Sigma":2.4219297468750307,"Taucorr":0.08467912820937862},"Iteration":10},
{"Acceptance":[0.01808813077469794],"Energy":{"Mean":-2772.016129032258,"Sigma":0.36879917821710057,"Taucorr":0.3040773712770415},"EnergyVariance":{"Mean":10.402965660770029,"Sigma":2.2246275014752213,"Taucorr":0.15979713025392706},"Iteration":11},
{"Acceptance":[0.01218905472636816],"Energy":{"Mean":-2773.911290322581,"Sigma":0.3459730681094969,"Taucorr":0.4371554657680804},"EnergyVariance":{"Mean":7.855033818938606,"Sigma":1.774198833621486,"Taucorr":0.3187980084551867},"Iteration":12},
{"Acceptance":[0.012331201137171286],"Energy":{"Mean":-2775.3225806451615,"Sigma":0.304136700922016,"Taucorr":0.40773557492735835},"EnergyVariance":{"Mean":6.266909469302809,"Sigma":1.929233875634062,"Taucorr":0.19886120306338972},"Iteration":13},
{"Acceptance":[0.008706467661691543],"Energy":{"Mean":-2776.443548387097,"Sigma":0.1839346239556217,"Taucorr":0.24009993753901437},"EnergyVariance":{"Mean":2.811329344432883,"Sigma":0.6399005559961438,"Taucorr":-0.059562186667078576},"Iteration":14},
{"Acceptance":[0.007462686567164179],"Energy":{"Mean":-2776.9596774193546,"Sigma":0.22303405587438196,"Taucorr":0.7955986448894152},"EnergyVariance":{"Mean":2.3612773152965656,"Sigma":1.3077208447780382,"Taucorr":0.6411355268721801},"Iteration":15},
{"Acceptance":[0.007498223169864961],"Energy":{"Mean":-2777.1612903225805,"Sigma":0.2690456018969587,"Taucorr":0.5807360742705032},"EnergyVariance":{"Mean":4.119146722164413,"Sigma":1.2832372366965759,"Taucorr":0.45613993495217897},"Iteration":16},
{"Acceptance":[0.007604832977967307],"Energy":{"Mean":-2777.733870967742,"Sigma":0.338984783310395,"Taucorr":0.6117598911386588},"EnergyVariance":{"Mean":6.356594693028096,"Sigma":1.066523610962979,"Taucorr":0.32473770524920287},"Iteration":17},
{"Acceptance":[0.008208955223880597],"Energy":{"Mean":-2779.0564516129034,"Sigma":0.3333420047432584,"Taucorr":0.18193635897534766},"EnergyVariance":{"Mean":10.021006763787723,"Sigma":0.9298275294037515,"Taucorr":0.24584094678391355},"Iteration":18},
{"Acceptance":[0.008386638237384506],"Energy":{"Mean":-2779.967741935483,"Sigma":0.33395277165201875,"Taucorr":0.2732593266072125},"EnergyVariance":{"Mean":8.869927159209153,"Sigma":0.30862931985281533,"Taucorr":0.08979161147560855},"Iteration":19},
{"Acceptance":[0.004193319118692253],"Energy":{"Mean":-2782.0806451612907,"Sigma":0.23342560486648833,"Taucorr":0.1303486665035667},"EnergyVariance":{"Mean":5.316077003121748,"Sigma":0.9642419711575712,"Taucorr":0.1654764316652947},"Iteration":20},
{"Acceptance":[0.0033404406538734897],"Energy":{"Mean":-2782.8951612903234,"Sigma":0.15238877203560974,"Taucorr":0.20940397350984707},"EnergyVariance":{"Mean":2.0132023933402703,"Sigma":0.7828430135464887,"Taucorr":0.10709068360239915},"Iteration":21},
{"Acceptance":[0.002594171997157072],"Energy":{"Mean":-2783.032258064516,"Sigma":0.24993061819057993,"Taucorr":0.8537930876421285},"EnergyVariance":{"Mean":2.8376690946930268,"Sigma":1.5713957562741987,"Taucorr":0.7414089156319057},"Iteration":22},
{"Acceptance":[0.0018123667377398722],"Energy":{"Mean":-2783.016129032258,"Sigma":0.05552230476792632,"Taucorr":0.28447255113017467},"EnergyVariance":{"Mean":0.24167533818938608,"Sigma":0.11472560233836185,"Taucorr":0.15383695840410472},"Iteration":23},
{"Acceptance":[0.0022743425728500356],"Energy":{"Mean":-2782.967741935484,"Sigma":0.1787583878338296,"Taucorr":0.45237644982349334},"EnergyVariance":{"Mean":2.063475546305931,"Sigma":0.812511482068614,"Taucorr":0.3610148194505447},"Iteration":24},
{"Acceptance":[0.0018479033404406539],"Energy":{"Mean":-2783.298387096774,"Sigma":0.12401187662009536,"Taucorr":0.11096080326010493},"EnergyVariance":{"Mean":1.5480619146722168,"Sigma":0.5532677244951641,"Taucorr":0.037174868516176574},"Iteration":25},
{"Acceptance":[0.0015636105188343995],"Energy":{"Mean":-2783.4112903225805,"Sigma":0.1097090403499781,"Taucorr":0.26473829201105537},"EnergyVariance":{"Mean":0.9679370447450572,"Sigma":0.23736751288650698,"Taucorr":0.1741202075653725},"Iteration":26},
{"Acceptance":[0.0029140014214641082],"Energy":{"Mean":-2783.6612903225805,"Sigma":0.15491429606691684,"Taucorr":0.38082207731714524},"EnergyVariance":{"Mean":1.675598335067638,"Sigma":0.3215929291206388,"Taucorr":0.44711189537098106},"Iteration":27},
{"Acceptance":[0.003980099502487562],"Energy":{"Mean":-2784.1370967741937,"Sigma":0.1663324779957461,"Taucorr":0.25711474460991524},"EnergyVariance":{"Mean":2.247333506763788,"Sigma":0.2393142914580601,"Taucorr":0.3187694051348505},"Iteration":28},
{"Acceptance":[0.006041222459132907],"Energy":{"Mean":-2784.814516129032,"Sigma":0.16557481413955602,"Taucorr":0.12457657744474904},"EnergyVariance":{"Mean":2.699466701352758,"Sigma":0.5463675978525072,"Taucorr":0.028149588274508197},"Iteration":29},
{"Acceptance":[0.002380952380952381],"Energy":{"Mean":-2785.58870967742,"Sigma":0.17603319697642336,"Taucorr":0.3950395552705077},"EnergyVariance":{"Mean":2.129227367325703,"Sigma":0.88226850267765,"Taucorr":0.43430975636486047},"Iteration":30},
{"Acceptance":[0.0014214641080312722],"Energy":{"Mean":-2786.0161290322585,"Sigma":0.1447724780915463,"Taucorr":0.2685512641539297},"EnergyVariance":{"Mean":1.677159209157128,"Sigma":0.834824670226948,"Taucorr":0.4045462811794234},"Iteration":31},
{"Acceptance":[0.0016346837242359631],"Energy":{"Mean":-2786.41129032258,"Sigma":0.15577951190774655,"Taucorr":0.09692791925714805},"EnergyVariance":{"Mean":2.5001951092611865,"Sigma":0.9393450900981056,"Taucorr":0.14249094061664724},"Iteration":32},
{"Acceptance":[0.0008528784648187633],"Energy":{"Mean":-2786.193548387097,"Sigma":0.1241691080546018,"Taucorr":0.3088992454505478},"EnergyVariance":{"Mean":1.172216441207076,"Sigma":0.8229084138784822,"Taucorr":0.3236515173614002},"Iteration":33},
{"Acceptance":[0.001279317697228145],"Energy":{"Mean":-2786.7258064516127,"Sigma":0.3041723387399374,"Taucorr":0.4061052653382303},"EnergyVariance":{"Mean":6.2796566077003115,"Sigma":1.856369903979413,"Taucorr":0.1266499066616783},"Iteration":34},
{"Acceptance":[0.0029850746268656717],"Energy":{"Mean":-2787.798387096774,"Sigma":0.3983196146756119,"Taucorr":0.4821180521461935},"EnergyVariance":{"Mean":9.935158688865766,"Sigma":1.2957228264761478,"Taucorr":0.4371977659218451},"Iteration":35},
{"Acceptance":[0.005010660980810234],"Energy":{"Mean":-2788.411290322581,"Sigma":0.37072806656760887,"Taucorr":0.27521696858352285},"EnergyVariance":{"Mean":10.903420915712802,"Sigma":1.0374091102513632,"Taucorr":0.216661294289072},"Iteration":36},
{"Acceptance":[0.0022032693674484717],"Energy":{"Mean":-2792.0483870967746,"Sigma":0.31268421556118725,"Taucorr":0.28179435142904774},"EnergyVariance":{"Mean":7.69120707596254,"Sigma":1.4927898189578983,"Taucorr":0.15008779500640146},"Iteration":37},
{"Acceptance":[0.004299928926794598],"Energy":{"Mean":-2792.879032258065,"Sigma":0.3153490487475208,"Taucorr":0.42125985794763376},"EnergyVariance":{"Mean":6.638592611862642,"Sigma":1.4139344806163532,"Taucorr":0.15622693735116588},"Iteration":38},
{"Acceptance":[0.004548685145700071],"Energy":{"Mean":-2793.1209677419356,"Sigma":0.25607431500254785,"Taucorr":0.3181930938023766},"EnergyVariance":{"Mean":4.928915192507805,"Sigma":1.3022455633475296,"Taucorr":0.08508627036568639},"Iteration":39},
{"Acceptance":[0.004157782515991471],"Energy":{"Mean":-2793.637096774194,"Sigma":0.28956741690862287,"Taucorr":0.4707976737067352},"EnergyVariance":{"Mean":5.3118496357960465,"Sigma":3.4097098194141013,"Taucorr":0.31551617617570427},"Iteration":40},
{"Acceptance":[0.005259417199715707],"Energy":{"Mean":-2793.8709677419356,"Sigma":0.2283269466991756,"Taucorr":0.6834645669291244},"EnergyVariance":{"Mean":2.7091571279916757,"Sigma":0.8326871725834917,"Taucorr":0.3389086761789314},"Iteration":41},
{"Acceptance":[0.00728500355366027],"Energy":{"Mean":-2794.1693548387093,"Sigma":0.1697512002800868,"Taucorr":0.26448671548406666},"EnergyVariance":{"Mean":2.318093132154006,"Sigma":0.4742813729604456,"Taucorr":0.18352886565509297},"Iteration":42},
{"Acceptance":[0.00806680881307747],"Energy":{"Mean":-2795.5806451612907,"Sigma":0.27025154967929665,"Taucorr":0.356624578289369},"EnergyVariance":{"Mean":5.243496357960458,"Sigma":0.7259265593590054,"Taucorr":0.2020562380057026},"Iteration":43},
{"Acceptance":[0.00984363894811656],"Energy":{"Mean":-2797.1129032258063,"Sigma":0.2925689675326082,"Taucorr":0.23309241749086151},"EnergyVariance":{"Mean":7.1808012486992725,"Sigma":0.8662969316066487,"Taucorr":0.07760521164444667},"Iteration":44},
{"Acceptance":[0.008813077469793887],"Energy":{"Mean":-2799.0000000000005,"Sigma":0.24263340195021238,"Taucorr":0.0954244031830056},"EnergyVariance":{"Mean":6.080645161290323,"Sigma":0.7046682946468248,"Taucorr":0.050944295040554755},"Iteration":45},
{"Acceptance":[0.003980099502487562],"Energy":{"Mean":-2800.7903225806454,"Sigma":0.22121875704124636,"Taucorr":0.43639619587211265},"EnergyVariance":{"Mean":3.214099895941728,"Sigma":0.3818121457554271,"Taucorr":0.33013937881787325},"Iteration":46},
{"Acceptance":[0.0022032693674484717],"Energy":{"Mean":-2801.4516129032263,"Sigma":0.1612365501762319,"Taucorr":0.2216885861907354},"EnergyVariance":{"Mean":2.215400624349636,"Sigma":0.69954221511295,"Taucorr":0.03210539156828873},"Iteration":47},
{"Acceptance":[0.00028429282160625445],"Energy":{"Mean":-2801.887096774193,"Sigma":0.07225134377347932,"Taucorr":0.28957133717219574},"EnergyVariance":{"Mean":0.40660770031217475,"Sigma":0.2688100320168747,"Taucorr":0.31384051277254255},"Iteration":48},
{"Acceptance":[0.0006396588486140725],"Energy":{"Mean":-2801.6532258064512,"Sigma":0.18428786918970752,"Taucorr":0.48819348287630027},"EnergyVariance":{"Mean":2.1136186264308012,"Sigma":1.307821698284907,"Taucorr":0.4875538502977207},"Iteration":49},
{"Acceptance":[0.0006396588486140725],"Energy":{"Mean":-2801.951612903226,"Sigma":0.024372100982021926,"Taucorr":0.08755230125496727},"EnergyVariance":{"Mean":0.06217481789802289,"Sigma":0.03439987707287394,"Taucorr":0.02137868841331869},"Iteration":50},
{"Acceptance":[0.00028429282160625445],"Energy":{"Mean":-2801.9435483870966,"Sigma":0.0487886563298557,"Taucorr":0.9401151631477518},"EnergyVariance":{"Mean":0.10165192507804369,"Sigma":0.09135290733750329,"Taucorr":1.0038796738908562},"Iteration":51},
{"Acceptance":[0.0004975124378109452],"Energy":{"Mean":-2801.8709677419342,"Sigma":0.07937166531979034,"Taucorr":0.5458742977528674},"EnergyVariance":{"Mean":0.3704474505723207,"Sigma":0.22948198517039722,"Taucorr":0.44674322612707085},"Iteration":52},
{"Acceptance":[0.00042643923240938164],"Energy":{"Mean":-2801.9354838709673,"Sigma":0.028321649873276147,"Taucorr":-0.046351674640700835},"EnergyVariance":{"Mean":0.10874089490114465,"Sigma":0.050600441601907166,"Taucorr":-0.03694777126344312},"Iteration":53},
{"Acceptance":[0.00021321961620469082],"Energy":{"Mean":-2801.967741935484,"Sigma":0.032258064516128726,"Taucorr":1.2212453270876722e-14},"EnergyVariance":{"Mean":0.1279916753381894,"Sigma":0.12695109261186452,"Taucorr":-2.220446049250313e-16},"Iteration":54},
{"Acceptance":[0.0004975124378109452],"Energy":{"Mean":-2801.9435483870966,"Sigma":0.04878865632985493,"Taucorr":-0.004097818902779937},"EnergyVariance":{"Mean":0.2952003121748179,"Sigma":0.2009962625223803,"Taucorr":-0.013188054431712948},"Iteration":55},
{"Acceptance":[7.107320540156361e-05],"Energy":{"Mean":-2801.9677419354834,"Sigma":0.022426509263045038,"Taucorr":-0.012704918032170276},"EnergyVariance":{"Mean":0.06347554630593132,"Sigma":0.04340614696067647,"Taucorr":-0.012704918032786783},"Iteration":56},
{"Acceptance":[0.00028429282160625445],"Energy":{"Mean":-2801.9032258064512,"Sigma":0.08880737533159148,"Taucorr":-0.0022757608114547523},"EnergyVariance":{"Mean":0.9745057232049946,"Sigma":0.9584420899800629,"Taucorr":-0.00017099642047369024},"Iteration":57},
{"Acceptance":[7.107320540156361e-05],"Energy":{"Mean":-2802.0,"Sigma":0.0,"Taucorr":null},"EnergyVariance":{"Mean":0.0,"Sigma":0.0,"Taucorr":null},"Iteration":58},
{"Acceptance":[0.00028429282160625445],"Energy":{"Mean":-2801.951612903226,"Sigma":0.04838709677419428,"Taucorr":1.024793388429798},"EnergyVariance":{"Mean":0.09443288241415193,"Sigma":0.09209157127992101,"Taucorr":1.0247933884297518},"Iteration":59},
{"Acceptance":[0.00014214641080312722],"Energy":{"Mean":-2801.983870967742,"Sigma":0.06448251812658466,"Taucorr":0.7210869565215068},"EnergyVariance":{"Mean":0.20941727367325705,"Sigma":0.14974361454234886,"Taucorr":0.5204614946383128},"Iteration":60},
{"Acceptance":[0.0],"Energy":{"Mean":-2802.0,"Sigma":0.0,"Taucorr":null},"EnergyVariance":{"Mean":0.0,"Sigma":0.0,"Taucorr":null},"Iteration":61},
{"Acceptance":[7.107320540156361e-05],"Energy":{"Mean":-2802.0,"Sigma":0.0,"Taucorr":null},"EnergyVariance":{"Mean":0.0,"Sigma":0.0,"Taucorr":null},"Iteration":62},
{"Acceptance":[0.00014214641080312722],"Energy":{"Mean":-2801.9435483870966,"Sigma":0.03967217379438214,"Taucorr":0.22282661486234268},"EnergyVariance":{"Mean":0.13390998959417275,"Sigma":0.09111030103212982,"Taucorr":0.1243743075718754},"Iteration":63},
{"Acceptance":[0.0],"Energy":{"Mean":-2802.0,"Sigma":0.0,"Taucorr":null},"EnergyVariance":{"Mean":0.0,"Sigma":0.0,"Taucorr":null},"Iteration":64},
{"Acceptance":[0.00014214641080312722],"Energy":{"Mean":-2801.9516129032254,"Sigma":0.03558148840382506,"Taucorr":0.32451790633635635},"EnergyVariance":{"Mean":0.09443288241415192,"Sigma":0.06771960696207162,"Taucorr":0.32451790633608824},"Iteration":65},
{"Acceptance":[0.00021321961620469082],"Energy":{"Mean":-2801.8709677419356,"Sigma":0.07678955299507752,"Taucorr":0.33373205741620204},"EnergyVariance":{"Mean":0.43496357960457854,"Sigma":0.26964762696661293,"Taucorr":0.3218538375504004},"Iteration":66},
{"Acceptance":[7.107320540156361e-05],"Energy":{"Mean":-2802.0,"Sigma":0.0,"Taucorr":null},"EnergyVariance":{"Mean":0.0,"Sigma":0.0,"Taucorr":null},"Iteration":67},
{"Acceptance":[0.00014214641080312722],"Energy":{"Mean":-2801.8064516129034,"Sigma":0.11749495380342631,"Taucorr":0.41263982102909347},"EnergyVariance":{"Mean":0.9302809573361082,"Sigma":0.5903311802629477,"Taucorr":0.45048388865806477},"Iteration":68},
{"Acceptance":[7.107320540156361e-05],"Energy":{"Mean":-2802.0,"Sigma":0.0,"Taucorr":null},"EnergyVariance":{"Mean":0.0,"Sigma":0.0,"Taucorr":null},"Iteration":69},
{"Acceptance":[0.0],"Energy":{"Mean":-2802.0,"Sigma":0.0,"Taucorr":null},"EnergyVariance":{"Mean":0.0,"Sigma":0.0,"Taucorr":null},"Iteration":70},
{"Acceptance":[7.107320540156361e-05],"Energy":{"Mean":-2802.0,"Sigma":0.0,"Taucorr":null},"EnergyVariance":{"Mean":0.0,"Sigma":0.0,"Taucorr":null},"Iteration":71},
{"Acceptance":[0.0],"Energy":{"Mean":-2802.0,"Sigma":0.0,"Taucorr":null},"EnergyVariance":{"Mean":0.0,"Sigma":0.0,"Taucorr":null},"Iteration":72},
{"Acceptance":[0.00014214641080312722],"Energy":{"Mean":-2801.951612903226,"Sigma":0.03558148840382331,"Taucorr":-0.010147299508838248},"EnergyVariance":{"Mean":0.15894901144641005,"Sigma":0.12860054719873598,"Taucorr":-0.005821639123296529},"Iteration":73},
{"Acceptance":[0.00014214641080312722],"Energy":{"Mean":-2801.935483870968,"Sigma":0.0645161290322612,"Taucorr":0.5081967213115206},"EnergyVariance":{"Mean":0.25390218522372526,"Sigma":0.24973985431842585,"Taucorr":0.5081967213114749},"Iteration":74},
{"Acceptance":[0.00014214641080312722],"Energy":{"Mean":-2801.983870967742,"Sigma":0.016129032258062396,"Taucorr":-1.4732659536775827e-13},"EnergyVariance":{"Mean":0.03199791883454735,"Sigma":0.03173777315296613,"Taucorr":-2.220446049250313e-16},"Iteration":75},
{"Acceptance":[0.0],"Energy":{"Mean":-2802.0,"Sigma":0.0,"Taucorr":null},"EnergyVariance":{"Mean":0.0,"Sigma":0.0,"Taucorr":null},"Iteration":76},
{"Acceptance":[0.0],"Energy":{"Mean":-2802.0,"Sigma":0.0,"Taucorr":null},"EnergyVariance":{"Mean":0.0,"Sigma":0.0,"Taucorr":null},"Iteration":77},
{"Acceptance":[7.107320540156361e-05],"Energy":{"Mean":-2802.0,"Sigma":0.0,"Taucorr":null},"EnergyVariance":{"Mean":0.0,"Sigma":0.0,"Taucorr":null},"Iteration":78},
{"Acceptance":[7.107320540156361e-05],"Energy":{"Mean":-2801.983870967742,"Sigma":0.016129032258062396,"Taucorr":-1.1879386363489175e-13},"EnergyVariance":{"Mean":0.03199791883454735,"Sigma":0.03173777315296613,"Taucorr":-2.220446049250313e-16},"Iteration":79},
{"Acceptance":[7.107320540156361e-05],"Energy":{"Mean":-2802.0,"Sigma":0.0,"Taucorr":null},"EnergyVariance":{"Mean":0.0,"Sigma":0.0,"Taucorr":null},"Iteration":80},
{"Acceptance":[7.107320540156361e-05],"Energy":{"Mean":-2802.0,"Sigma":0.0,"Taucorr":null},"EnergyVariance":{"Mean":0.0,"Sigma":0.0,"Taucorr":null},"Iteration":81},
{"Acceptance":[0.0],"Energy":{"Mean":-2802.0,"Sigma":0.0,"Taucorr":null},"EnergyVariance":{"Mean":0.0,"Sigma":0.0,"Taucorr":null},"Iteration":82},
{"Acceptance":[0.00021321961620469082],"Energy":{"Mean":-2801.951612903226,"Sigma":0.035581488403818924,"Taucorr":-0.010147299508921959},"EnergyVariance":{"Mean":0.15894901144641,"Sigma":0.12860054719873595,"Taucorr":-0.005821639123296529},"Iteration":83},
{"Acceptance":[0.00021321961620469082],"Energy":{"Mean":-2801.790322580645,"Sigma":0.14250861801592538,"Taucorr":0.5864675265896777},"EnergyVariance":{"Mean":1.1495837669094693,"Sigma":0.9794573100423641,"Taucorr":0.508524593706521},"Iteration":84},
{"Acceptance":[0.00014214641080312722],"Energy":{"Mean":-2801.983870967742,"Sigma":0.016129032258068946,"Taucorr":2.498001805406602e-13},"EnergyVariance":{"Mean":0.031997918834547355,"Sigma":0.03173777315296614,"Taucorr":0.0},"Iteration":85},
{"Acceptance":[0.00014214641080312722],"Energy":{"Mean":-2802.0,"Sigma":0.0,"Taucorr":null},"EnergyVariance":{"Mean":0.0,"Sigma":0.0,"Taucorr":null},"Iteration":86},
{"Acceptance":[7.107320540156361e-05],"Energy":{"Mean":-2802.0,"Sigma":0.0,"Taucorr":null},"EnergyVariance":{"Mean":0.0,"Sigma":0.0,"Taucorr":null},"Iteration":87},
{"Acceptance":[0.0],"Energy":{"Mean":-2802.0,"Sigma":0.0,"Taucorr":null},"EnergyVariance":{"Mean":0.0,"Sigma":0.0,"Taucorr":null},"Iteration":88},
{"Acceptance":[0.00014214641080312722],"Energy":{"Mean":-2801.983870967742,"Sigma":0.016129032258067055,"Taucorr":0.5081967213116443},"EnergyVariance":{"Mean":0.015868886576482832,"Sigma":0.015608740894901618,"Taucorr":0.5081967213114753},"Iteration":89},
{"Acceptance":[0.00014214641080312722],"Energy":{"Mean":-2802.0241935483873,"Sigma":0.03351062804784514,"Taucorr":0.4592592592593321},"EnergyVariance":{"Mean":0.07199531737773153,"Sigma":0.06324050915277943,"Taucorr":0.48584224552601174},"Iteration":90},
{"Acceptance":[0.0],"Energy":{"Mean":-2802.0,"Sigma":0.0,"Taucorr":null},"EnergyVariance":{"Mean":0.0,"Sigma":0.0,"Taucorr":null},"Iteration":91},
{"Acceptance":[7.107320540156361e-05],"Energy":{"Mean":-2801.9758064516122,"Sigma":0.02419354838710572,"Taucorr":2.871036741680655e-13},"EnergyVariance":{"Mean":0.07199531737773153,"Sigma":0.07140998959414081,"Taucorr":0.0},"Iteration":92},
{"Acceptance":[7.107320540156361e-05],"Energy":{"Mean":-2801.983870967742,"Sigma":0.016129032258065158,"Taucorr":3.3306690738754696e-15},"EnergyVariance":{"Mean":0.031997918834547355,"Sigma":0.03173777315296614,"Taucorr":0.0},"Iteration":93},
{"Acceptance":[7.107320540156361e-05],"Energy":{"Mean":-2802.0,"Sigma":0.0,"Taucorr":null},"EnergyVariance":{"Mean":0.0,"Sigma":0.0,"Taucorr":null},"Iteration":94},
{"Acceptance":[0.0],"Energy":{"Mean":-2802.0,"Sigma":0.0,"Taucorr":null},"EnergyVariance":{"Mean":0.0,"Sigma":0.0,"Taucorr":null},"Iteration":95},
{"Acceptance":[0.00014214641080312722],"Energy":{"Mean":-2801.967741935484,"Sigma":0.032258064516129524,"Taucorr":0.5081967213114478},"EnergyVariance":{"Mean":0.06347554630593132,"Sigma":0.06243496357960647,"Taucorr":0.5081967213114753},"Iteration":96},
{"Acceptance":[7.107320540156361e-05],"Energy":{"Mean":-2802.0,"Sigma":0.0,"Taucorr":null},"EnergyVariance":{"Mean":0.0,"Sigma":0.0,"Taucorr":null},"Iteration":97},
{"Acceptance":[0.0],"Energy":{"Mean":-2802.0,"Sigma":0.0,"Taucorr":null},"EnergyVariance":{"Mean":0.0,"Sigma":0.0,"Taucorr":null},"Iteration":98},
{"Acceptance":[7.107320540156361e-05],"Energy":{"Mean":-2801.8548387096776,"Sigma":0.14516129032258135,"Taucorr":0.5081967213114904},"EnergyVariance":{"Mean":1.2853798126951093,"Sigma":1.2643080124870314,"Taucorr":0.5081967213114762},"Iteration":99} 
]}