{"Output": [
{"Acceptance":[0.722330702363168],"Energy":{"Mean":-1464.5675403225807,"Sigma":0.9299743833979823,"Taucorr":0.1937477657503498},"EnergyVariance":{"Mean":617.7091479822451,"Sigma":28.373393083250114,"Taucorr":0.07331461736194789},"Iteration":0},
{"Acceptance":[0.6212402808982156],"Energy":{"Mean":-1487.5735887096773,"Sigma":1.1675311952469383,"Taucorr":0.46925753833705286},"EnergyVariance":{"Mean":696.8534556695499,"Sigma":31.071922855844665,"Taucorr":-0.029800163225280785},"Iteration":1},
{"Acceptance":[0.5078282145083693],"Energy":{"Mean":-1518.2500000000002,"Sigma":1.0274214121111647,"Taucorr":0.34639059263003813},"EnergyVariance":{"Mean":617.9737903225807,"Sigma":25.987832855404562,"Taucorr":-0.14335746923382559},"Iteration":2},
{"Acceptance":[0.41820074576829425],"Energy":{"Mean":-1551.6290322580644,"Sigma":1.037467755538705,"Taucorr":0.4936071706537736},"EnergyVariance":{"Mean":536.757544224766,"Sigma":25.27125902439912,"Taucorr":0.04763743504807805},"Iteration":3},
{"Acceptance":[0.3457412395751238],"Energy":{"Mean":-1578.6149193548385,"Sigma":0.8737142376106918,"Taucorr":0.40310638473282934},"EnergyVariance":{"Mean":418.83558386446407,"Sigma":18.28062801661713,"Taucorr":-0.008773884896071338},"Iteration":4},
{"Acceptance":[0.28360368414242526],"Energy":{"Mean":-1602.6370967741937,"Sigma":0.823182052049749,"Taucorr":0.5234053635474178},"EnergyVariance":{"Mean":328.0860431841831,"Sigma":16.785851998495584,"Taucorr":0.10657188603390166},"Iteration":5},
{"Acceptance":[0.25607260066107534],"Energy":{"Mean":-1615.6068548387095,"Sigma":0.8065978949990794,"Taucorr":0.8338248224783373},"EnergyVariance":{"Mean":241.69019494667018,"Sigma":9.53059864955033,"Taucorr":-0.07888161188442422},"Iteration":6},
{"Acceptance":[0.19754037617776105],"Energy":{"Mean":-1630.1864919354837,"Sigma":0.6770039508949722,"Taucorr":0.6277671156094446},"EnergyVariance":{"Mean":201.375503016064,"Sigma":9.819783529015327,"Taucorr":0.07026721688933368},"Iteration":7},
{"Acceptance":[0.17172079564301931],"Energy":{"Mean":-1641.6522177419354,"Sigma":0.4442682635740241,"Taucorr":0.2310803671670949},"EnergyVariance":{"Mean":133.77320072678202,"Sigma":8.833866583053862,"Taucorr":0.5101496098468965},"Iteration":8},
{"Acceptance":[0.1548939573947514],"Energy":{"Mean":-1650.131048387097,"Sigma":0.46874197877285284,"Taucorr":0.5546140168847902},"EnergyVariance":{"Mean":103.23282632023935,"Sigma":5.157547854294313,"Taucorr":0.06908990058237197},"Iteration":9},
{"Acceptance":[0.136261512945079],"Energy":{"Mean":-1657.422379032258,"Sigma":0.47824362715894947,"Taucorr":0.8511681135954046},"EnergyVariance":{"Mean":83.87502337246359,"Sigma":4.282670298848339,"Taucorr":0.11219259400225501},"Iteration":10},
{"Acceptance":[0.12206956583110819],"Energy":{"Mean":-1663.026209677419,"Sigma":0.32792283446335363,"Taucorr":0.19839075665978767},"EnergyVariance":{"Mean":76.29366789151925,"Sigma":4.319368587367841,"Taucorr":0.11395009956388502},"Iteration":11},
{"Acceptance":[0.11061249455965558],"Energy":{"Mean":-1668.2802419354844,"Sigma":0.3330554238976061,"Taucorr":0.4696946506119317},"EnergyVariance":{"Mean":56.681545102757546,"Sigma":3.2961339232970785,"Taucorr":0.3013475804546364},"Iteration":12},
{"Acceptance":[0.10016115182383871],"Energy":{"Mean":-1671.7217741935483,"Sigma":0.2658861968424668,"Taucorr":0.24125328945370772},"EnergyVariance":{"Mean":47.25726781997919,"Sigma":1.9678836663860841,"Taucorr":-0.06926308963335265},"Iteration":13},
{"Acceptance":[0.09059202710173739],"Energy":{"Mean":-1675.0423387096773,"Sigma":0.3187037060095805,"Taucorr":0.7293422541541352},"EnergyVariance":{"Mean":40.939739691727375,"Sigma":2.5140577078111597,"Taucorr":0.31121133934377865},"Iteration":14},
{"Acceptance":[0.08160516626868831],"Energy":{"Mean":-1678.0040322580649,"Sigma":0.32544989905248883,"Taucorr":1.1053764234346994},"EnergyVariance":{"Mean":32.69151599895942,"Sigma":2.0026189703186836,"Taucorr":0.2560597479817348},"Iteration":15},
{"Acceptance":[0.07453565925211439],"Energy":{"Mean":-1680.6582661290324,"Sigma":0.3256505053032115,"Taucorr":1.0825098671623747},"EnergyVariance":{"Mean":33.204790542078555,"Sigma":1.250627984730942,"Taucorr":-0.16464687008915102},"Iteration":16},
{"Acceptance":[0.06897180431228166],"Energy":{"Mean":-1682.3024193548388,"Sigma":0.20351821481554255,"Taucorr":0.3070975042951438},"EnergyVariance":{"Mean":25.428703824141515,"Sigma":1.444349283288183,"Taucorr":-0.036924204973176444},"Iteration":17},
{"Acceptance":[0.06012609836142708],"Energy":{"Mean":-1684.6028225806454,"Sigma":0.27923108088354176,"Taucorr":1.154973127289981},"EnergyVariance":{"Mean":23.34426622658689,"Sigma":1.2985800854230527,"Taucorr":-0.026149598373332028},"Iteration":18},
{"Acceptance":[0.05125686659687342],"Energy":{"Mean":-1686.5826612903224,"Sigma":0.2788711688883436,"Taucorr":1.2566259334496535},"EnergyVariance":{"Mean":21.93671549817898,"Sigma":1.7236632244623247,"Taucorr":0.31685048565852225},"Iteration":19},
{"Acceptance":[0.04462258713373249],"Energy":{"Mean":-1687.7832661290324,"Sigma":0.26884584860828675,"Taucorr":1.665188476555211},"EnergyVariance":{"Mean":16.54072804207857,"Sigma":1.1677912240790207,"Taucorr":0.41148114375562406},"Iteration":20},
{"Acceptance":[0.042058273440532624],"Energy":{"Mean":-1688.8094758064512,"Sigma":0.2164644173976592,"Taucorr":0.8746247772866509},"EnergyVariance":{"Mean":16.89011182199532,"Sigma":1.4123848904947538,"Taucorr":0.3336608051605956},"Iteration":21},
{"Acceptance":[0.03702963076235399],"Energy":{"Mean":-1689.6592741935483,"Sigma":0.22258709765464257,"Taucorr":1.3880123371151478},"EnergyVariance":{"Mean":13.002857537721122,"Sigma":0.9472869745864776,"Taucorr":0.4380925537948981},"Iteration":22},
{"Acceptance":[0.03310081987460741],"Energy":{"Mean":-1690.4375,"Sigma":0.20534994227007233,"Taucorr":1.0189208932938632},"EnergyVariance":{"Mean":13.75617439516129,"Sigma":1.528197645897153,"Taucorr":0.4807905154676665},"Iteration":23},
{"Acceptance":[0.03162457506499006],"Energy":{"Mean":-1691.319556451613,"Sigma":0.20668387525140222,"Taucorr":1.5935365791434535},"EnergyVariance":{"Mean":10.110585287135798,"Sigma":0.8124965441278854,"Taucorr":0.2349804599293549},"Iteration":24},
{"Acceptance":[0.02410219613470881],"Energy":{"Mean":-1692.0383064516132,"Sigma":0.15306367872857746,"Taucorr":0.9572453653742439},"EnergyVariance":{"Mean":7.9662745512486985,"Sigma":1.0059177303220608,"Taucorr":0.3606686514341495},"Iteration":25},
{"Acceptance":[0.023684612941550116],"Energy":{"Mean":-1692.3205645161286,"Sigma":0.1463243060787497,"Taucorr":1.0051614994195635},"EnergyVariance":{"Mean":7.048448068418315,"Sigma":0.8942244093242494,"Taucorr":0.6142162519834762},"Iteration":26},
{"Acceptance":[0.02265535859221531],"Energy":{"Mean":-1692.3991935483868,"Sigma":0.1455886220471154,"Taucorr":0.748049921331106},"EnergyVariance":{"Mean":8.415241285119668,"Sigma":1.456744871745792,"Taucorr":0.907468843622814},"Iteration":27},
{"Acceptance":[0.018997094562008165],"Energy":{"Mean":-1693.333669354838,"Sigma":0.08354375856422931,"Taucorr":0.4245798526125679},"EnergyVariance":{"Mean":3.7404792777705507,"Sigma":0.5145965624771568,"Taucorr":0.2999620802163624},"Iteration":28},
{"Acceptance":[0.018161928175690775],"Energy":{"Mean":-1693.4022177419354,"Sigma":0.09736254285022566,"Taucorr":0.7749976484570835},"EnergyVariance":{"Mean":3.6839870171045783,"Sigma":0.5568230365400464,"Taucorr":0.22822084467961568},"Iteration":29},
{"Acceptance":[0.017450272311293567],"Energy":{"Mean":-1693.4445564516132,"Sigma":0.13117084848866226,"Taucorr":1.0094307488835141},"EnergyVariance":{"Mean":5.6481356903616025,"Sigma":1.3994920151259322,"Taucorr":0.7525657569321931},"Iteration":30},
{"Acceptance":[0.017050333478409185],"Energy":{"Mean":-1693.6280241935485,"Sigma":0.09389946462199011,"Taucorr":0.787659034717511},"EnergyVariance":{"Mean":3.392883999414672,"Sigma":0.5200315728713432,"Taucorr":0.30995085753925455},"Iteration":31},
{"Acceptance":[0.01702092621128533],"Energy":{"Mean":-1693.8840725806454,"Sigma":0.07146980732692286,"Taucorr":0.5842369267679306},"EnergyVariance":{"Mean":2.3343430915062435,"Sigma":0.4260629963040445,"Taucorr":0.6596569336198319},"Iteration":32},
{"Acceptance":[0.016715090633197274],"Energy":{"Mean":-1693.9576612903227,"Sigma":0.05857193163843748,"Taucorr":0.28424393582792973},"EnergyVariance":{"Mean":2.1675622723725283,"Sigma":0.4248619892853258,"Taucorr":0.5363052047173391},"Iteration":33},
{"Acceptance":[0.016209285638667026],"Energy":{"Mean":-1694.0080645161288,"Sigma":0.06685071634046708,"Taucorr":0.29304495708520784},"EnergyVariance":{"Mean":2.792273673257024,"Sigma":0.5536264613317702,"Taucorr":0.13715526297815295},"Iteration":34},
{"Acceptance":[0.015968146048251444],"Energy":{"Mean":-1693.9032258064515,"Sigma":0.08931436442618823,"Taucorr":0.5398599686746852},"EnergyVariance":{"Mean":3.801118626430802,"Sigma":0.8456955508148036,"Taucorr":0.4679914586260121},"Iteration":35},
{"Acceptance":[0.015027113500288191],"Energy":{"Mean":-1694.135080645161,"Sigma":0.06319152210547954,"Taucorr":0.5276909177916882},"EnergyVariance":{"Mean":1.9253016063995838,"Sigma":0.27967784151977854,"Taucorr":0.14934557209344534},"Iteration":36},
{"Acceptance":[0.014927128792067096],"Energy":{"Mean":-1694.217741935484,"Sigma":0.06629100524855208,"Taucorr":0.7197024324527375},"EnergyVariance":{"Mean":1.7852497398543183,"Sigma":0.4073673458807412,"Taucorr":0.6207905459613694},"Iteration":37},
{"Acceptance":[0.014697752108501053],"Energy":{"Mean":-1694.3286290322585,"Sigma":0.051048955092044906,"Taucorr":0.20971479072769683},"EnergyVariance":{"Mean":1.8194223139958383,"Sigma":0.5360667381337817,"Taucorr":0.16062063771255197},"Iteration":38},
{"Acceptance":[0.01429781327561667],"Energy":{"Mean":-1694.3639112903224,"Sigma":0.06016380367490915,"Taucorr":0.6927937852058481},"EnergyVariance":{"Mean":1.503657282453174,"Sigma":0.3227773143122517,"Taucorr":0.47562662788470034},"Iteration":39},
{"Acceptance":[0.01392140025643137],"Energy":{"Mean":-1694.4435483870966,"Sigma":0.042310698619337096,"Taucorr":0.1592147726361448},"EnergyVariance":{"Mean":1.3456035379812694,"Sigma":0.3280708714041112,"Taucorr":0.2591929378370732},"Iteration":40},
{"Acceptance":[0.01393904461670568],"Energy":{"Mean":-1694.4495967741934,"Sigma":0.05559424778473906,"Taucorr":0.5240788559306693},"EnergyVariance":{"Mean":1.4954433857960459,"Sigma":0.5024320719464576,"Taucorr":0.46537574234136514},"Iteration":41},
{"Acceptance":[0.01322738875230847],"Energy":{"Mean":-1694.5040322580649,"Sigma":0.055765196036323315,"Taucorr":0.49776348135973514},"EnergyVariance":{"Mean":1.5443385796045788,"Sigma":0.6832025608365695,"Taucorr":0.4387253170537525},"Iteration":42},
{"Acceptance":[0.013539105783821299],"Energy":{"Mean":-1694.5010080645163,"Sigma":0.06392008775650745,"Taucorr":0.6744491061723834},"EnergyVariance":{"Mean":1.7237893063865761,"Sigma":0.5019408773628836,"Taucorr":0.27450715468128606},"Iteration":43},
{"Acceptance":[0.01286862009339748],"Energy":{"Mean":-1694.5967741935485,"Sigma":0.051058907254842946,"Taucorr":0.3677672226104761},"EnergyVariance":{"Mean":1.4886186264308012,"Sigma":0.5174009610574347,"Taucorr":0.02812233966298361},"Iteration":44},
{"Acceptance":[0.012468681260513098],"Energy":{"Mean":-1694.6622983870968,"Sigma":0.03937994280181416,"Taucorr":0.19685079086545731},"EnergyVariance":{"Mean":1.102691491610302,"Sigma":0.2105187586734547,"Taucorr":-0.03116565063170973},"Iteration":45},
{"Acceptance":[0.011839365744062674],"Energy":{"Mean":-1694.5907258064517,"Sigma":0.0568027434249117,"Taucorr":0.6980093315991123},"EnergyVariance":{"Mean":1.3345107635275757,"Sigma":0.4566647990016473,"Taucorr":0.47128298123260615},"Iteration":46},
{"Acceptance":[0.012592191782433275],"Energy":{"Mean":-1694.6612903225805,"Sigma":0.05546981293835675,"Taucorr":0.4781486880720931},"EnergyVariance":{"Mean":1.5586628511966703,"Sigma":0.7007469010885914,"Taucorr":0.4573151820715191},"Iteration":47},
{"Acceptance":[0.012068742427628716],"Energy":{"Mean":-1694.7167338709678,"Sigma":0.03874868526295901,"Taucorr":0.3709228354048989},"EnergyVariance":{"Mean":0.854236106594693,"Sigma":0.18953188129423537,"Taucorr":0.09501740241034207},"Iteration":48},
{"Acceptance":[0.011080658252267301],"Energy":{"Mean":-1694.7822580645159,"Sigma":0.031766030759253584,"Taucorr":0.22624146868514505},"EnergyVariance":{"Mean":0.6884755463059313,"Sigma":0.18610008181050797,"Taucorr":0.1230777591138198},"Iteration":49} 
]}