{"Output": [
{"Acceptance":[0.0217425431711146],"Energy":{"Mean":-570.1370967741937,"Sigma":0.2442452467255815,"Taucorr":-0.04627647167641191},"EnergyVariance":{"Mean":8.086043184183142,"Sigma":1.8033654120503586,"Taucorr":0.04903763186497523},"Iteration":0},
{"Acceptance":[0.021507064364207223],"Energy":{"Mean":-577.7822580645161,"Sigma":0.1868463284848315,"Taucorr":0.022931681741132692},"EnergyVariance":{"Mean":4.10581425598335,"Sigma":0.8728770749528167,"Taucorr":-0.017288639491821356},"Iteration":1},
{"Acceptance":[0.0022762951334379905],"Energy":{"Mean":-582.8387096774194,"Sigma":0.09386302297976488,"Taucorr":-0.022731439046741853},"EnergyVariance":{"Mean":1.1352757544224767,"Sigma":0.817230329951358,"Taucorr":-0.01006608372982315},"Iteration":2},
{"Acceptance":[0.0020408163265306124],"Energy":{"Mean":-582.9677419354838,"Sigma":0.022426509263032746,"Taucorr":-0.012704918032564405},"EnergyVariance":{"Mean":0.06347554630593132,"Sigma":0.04340614696069176,"Taucorr":-0.012704918032787005},"Iteration":3},
{"Acceptance":[0.0031397174254317113],"Energy":{"Mean":-582.8225806451613,"Sigma":0.12170029089824409,"Taucorr":0.34229011306230506},"EnergyVariance":{"Mean":1.0814255983350678,"Sigma":0.7891350542337303,"Taucorr":0.3878451085517909},"Iteration":4},
{"Acceptance":[0.0012558869701726845],"Energy":{"Mean":-582.9677419354838,"Sigma":0.03225806451613087,"Taucorr":0.5081967213115586},"EnergyVariance":{"Mean":0.06347554630593132,"Sigma":0.06243496357959914,"Taucorr":0.5081967213114753},"Iteration":5},
{"Acceptance":[0.00282574568288854],"Energy":{"Mean":-582.9596774193545,"Sigma":0.08205752489324801,"Taucorr":0.009424753980321499},"EnergyVariance":{"Mean":0.8128902185223726,"Sigma":0.49162393608386545,"Taucorr":-0.02016556116598167},"Iteration":6},
{"Acceptance":[0.0020408163265306124],"Energy":{"Mean":-582.9919354838709,"Sigma":0.13192325836566743,"Taucorr":0.5131995321061249},"EnergyVariance":{"Mean":1.0563865764828304,"Sigma":0.8106521173682874,"Taucorr":0.42157810104352345},"Iteration":7},
{"Acceptance":[0.00816326530612245],"Energy":{"Mean":-584.4677419354839,"Sigma":0.2895449561830744,"Taucorr":0.17095703984563082},"EnergyVariance":{"Mean":7.684443288241417,"Sigma":1.0116011473642383,"Taucorr":-0.03331401053099453},"Iteration":8},
{"Acceptance":[0.00706436420722135],"Energy":{"Mean":-590.4112903225805,"Sigma":0.12408178185485767,"Taucorr":0.08117839607202304},"EnergyVariance":{"Mean":1.6292273673257023,"Sigma":0.8742755151294705,"Taucorr":0.0044844237947563315},"Iteration":9},
{"Acceptance":[0.0007849293563579278],"Energy":{"Mean":-590.9193548387096,"Sigma":0.03357525805590369,"Taucorr":-0.05210084033616724},"EnergyVariance":{"Mean":0.15478668054110306,"Sigma":0.06173515190924264,"Taucorr":-0.052100840336134435},"Iteration":10},
{"Acceptance":[0.0003139717425431711],"Energy":{"Mean":-590.9112903225807,"Sigma":0.07382446768610301,"Taucorr":-0.005355600345511302},"EnergyVariance":{"Mean":0.6776144640998957,"Sigma":0.6400433916230807,"Taucorr":-0.0011554323293190283},"Iteration":11},
{"Acceptance":[0.00047095761381475666],"Energy":{"Mean":-590.9596774193546,"Sigma":0.04032258064516115,"Taucorr":0.46880907372399494},"EnergyVariance":{"Mean":0.10321279916753381,"Sigma":0.10158688865763289,"Taucorr":0.3728901043814168},"Iteration":12},
{"Acceptance":[0.00141287284144427],"Energy":{"Mean":-590.8387096774195,"Sigma":0.10723077508770963,"Taucorr":0.30613879003560884},"EnergyVariance":{"Mean":0.8772112382934443,"Sigma":0.6054102789823339,"Taucorr":0.32146153922647003},"Iteration":13},
{"Acceptance":[0.0007849293563579278],"Energy":{"Mean":-591.0080645161291,"Sigma":0.00806451612903549,"Taucorr":3.079758670310184e-13},"EnergyVariance":{"Mean":0.007999479708636839,"Sigma":0.0079344432882397,"Taucorr":0.0},"Iteration":14},
{"Acceptance":[0.0003139717425431711],"Energy":{"Mean":-591.0,"Sigma":0.0,"Taucorr":null},"EnergyVariance":{"Mean":0.0,"Sigma":0.0,"Taucorr":null},"Iteration":15},
{"Acceptance":[0.0003139717425431711],"Energy":{"Mean":-590.8870967741935,"Sigma":0.11290322580645118,"Taucorr":0.5081967213114715},"EnergyVariance":{"Mean":0.7775754422476587,"Sigma":0.7648283038501538,"Taucorr":0.5081967213114755},"Iteration":16},
{"Acceptance":[0.0006279434850863422],"Energy":{"Mean":-591.0,"Sigma":0.0,"Taucorr":null},"EnergyVariance":{"Mean":0.0,"Sigma":0.0,"Taucorr":null},"Iteration":17},
{"Acceptance":[0.0006279434850863422],"Energy":{"Mean":-590.7822580645161,"Sigma":0.21774193548387127,"Taucorr":1.0247933884297569},"EnergyVariance":{"Mean":1.9122658688865761,"Sigma":1.8648543184183013,"Taucorr":1.0247933884297518},"Iteration":18},
{"Acceptance":[0.0006279434850863422],"Energy":{"Mean":-591.0,"Sigma":0.0,"Taucorr":null},"EnergyVariance":{"Mean":0.0,"Sigma":0.0,"Taucorr":null},"Iteration":19},
{"Acceptance":[0.0006279434850863422],"Energy":{"Mean":-591.0,"Sigma":0.0,"Taucorr":null},"EnergyVariance":{"Mean":0.0,"Sigma":0.0,"Taucorr":null},"Iteration":20},
{"Acceptance":[0.0003139717425431711],"Energy":{"Mean":-591.0,"Sigma":0.0,"Taucorr":null},"EnergyVariance":{"Mean":0.0,"Sigma":0.0,"Taucorr":null},"Iteration":21},
{"Acceptance":[0.0009419152276295133],"Energy":{"Mean":-590.9112903225806,"Sigma":0.044220225838660726,"Taucorr":-0.03434903047094606},"EnergyVariance":{"Mean":0.2582596253902185,"Sigma":0.14222080979944465,"Taucorr":-0.024357752960982026},"Iteration":22},
{"Acceptance":[0.0015698587127158557],"Energy":{"Mean":-591.0161290322582,"Sigma":0.01121325463151443,"Taucorr":-0.012704918032691748},"EnergyVariance":{"Mean":0.015868886576482832,"Sigma":0.010851536740171667,"Taucorr":-0.012704918032786783},"Iteration":23},
{"Acceptance":[0.0003139717425431711],"Energy":{"Mean":-591.0,"Sigma":0.0,"Taucorr":null},"EnergyVariance":{"Mean":0.0,"Sigma":0.0,"Taucorr":null},"Iteration":24},
{"Acceptance":[0.0007849293563579278],"Energy":{"Mean":-591.016129032258,"Sigma":0.011213254631510771,"Taucorr":-0.012704918032968193},"EnergyVariance":{"Mean":0.01586888657648283,"Sigma":0.010851536740174215,"Taucorr":-0.012704918032786894},"Iteration":25},
{"Acceptance":[0.0015698587127158557],"Energy":{"Mean":-590.8548387096773,"Sigma":0.1067444652114509,"Taucorr":0.4943521594684779},"EnergyVariance":{"Mean":0.7047346514047869,"Sigma":0.48455072926202214,"Taucorr":0.23943912955601043},"Iteration":26},
{"Acceptance":[0.00047095761381475666],"Energy":{"Mean":-591.0080645161291,"Sigma":0.008064516129036563,"Taucorr":4.334310688136611e-13},"EnergyVariance":{"Mean":0.007999479708636839,"Sigma":0.0079344432882397,"Taucorr":0.0},"Iteration":27},
{"Acceptance":[0.0007849293563579278],"Energy":{"Mean":-590.9032258064516,"Sigma":0.07573778633467053,"Taucorr":-0.007598039215687136},"EnergyVariance":{"Mean":0.7164412070759625,"Sigma":0.6382410886053579,"Taucorr":-0.0027570738896399716},"Iteration":28},
{"Acceptance":[0.0007849293563579278],"Energy":{"Mean":-591.0,"Sigma":0.023186944788008413,"Taucorr":0.18333333333332746},"EnergyVariance":{"Mean":0.048387096774193554,"Sigma":0.03558148840381569,"Taucorr":0.04517304189435334},"Iteration":29},
{"Acceptance":[0.0007849293563579278],"Energy":{"Mean":-591.0,"Sigma":0.0,"Taucorr":null},"EnergyVariance":{"Mean":0.0,"Sigma":0.0,"Taucorr":null},"Iteration":30},
{"Acceptance":[0.001098901098901099],"Energy":{"Mean":-591.0725806451612,"Sigma":0.0331855900258307,"Taucorr":0.5061835748792238},"EnergyVariance":{"Mean":0.06731269510926119,"Sigma":0.028368326957568763,"Taucorr":0.5061835748792272},"Iteration":31},
{"Acceptance":[0.003061224489795918],"Energy":{"Mean":-591.1693548387098,"Sigma":0.06495148807366051,"Taucorr":0.5926595453300267},"EnergyVariance":{"Mean":0.23744797086368363,"Sigma":0.059293025952740996,"Taucorr":0.043990622289571735},"Iteration":32},
{"Acceptance":[0.0011773940345368916],"Energy":{"Mean":-592.0,"Sigma":0.0,"Taucorr":null},"EnergyVariance":{"Mean":0.0,"Sigma":0.0,"Taucorr":null},"Iteration":33},
{"Acceptance":[0.00023547880690737833],"Energy":{"Mean":-592.0,"Sigma":0.0,"Taucorr":null},"EnergyVariance":{"Mean":0.0,"Sigma":0.0,"Taucorr":null},"Iteration":34},
{"Acceptance":[0.0009419152276295133],"Energy":{"Mean":-592.0564516129033,"Sigma":0.042926665114706705,"Taucorr":-0.008739780095876948},"EnergyVariance":{"Mean":0.23068418314255976,"Sigma":0.1983918708300607,"Taucorr":-0.003811424610193237},"Iteration":35},
{"Acceptance":[0.0009419152276295133],"Energy":{"Mean":-591.983870967742,"Sigma":0.016129032258064488,"Taucorr":0.5081967213115257},"EnergyVariance":{"Mean":0.01586888657648283,"Sigma":0.015608740894901616,"Taucorr":0.5081967213114749},"Iteration":36},
{"Acceptance":[0.0009419152276295133],"Energy":{"Mean":-591.983870967742,"Sigma":0.016129032258065716,"Taucorr":6.128431095930864e-14},"EnergyVariance":{"Mean":0.031997918834547355,"Sigma":0.03173777315296614,"Taucorr":0.0},"Iteration":37},
{"Acceptance":[0.00015698587127158556],"Energy":{"Mean":-591.983870967742,"Sigma":0.016129032258064283,"Taucorr":-2.4091839634365897e-14},"EnergyVariance":{"Mean":0.031997918834547355,"Sigma":0.03173777315296613,"Taucorr":-2.220446049250313e-16},"Iteration":38},
{"Acceptance":[0.0012558869701726845],"Energy":{"Mean":-591.9435483870968,"Sigma":0.056451612903224875,"Taucorr":-1.7541523789077473e-14},"EnergyVariance":{"Mean":0.3919745057232051,"Sigma":0.38878772112383525,"Taucorr":4.440892098500626e-16},"Iteration":39},
{"Acceptance":[0.00141287284144427],"Energy":{"Mean":-591.9516129032255,"Sigma":0.03363976389454095,"Taucorr":-0.012704918032743373},"EnergyVariance":{"Mean":0.14281997918834552,"Sigma":0.12583222684893872,"Taucorr":-0.0029862203777901164},"Iteration":40},
{"Acceptance":[0.0006279434850863422],"Energy":{"Mean":-592.0,"Sigma":0.0,"Taucorr":null},"EnergyVariance":{"Mean":0.0,"Sigma":0.0,"Taucorr":null},"Iteration":41},
{"Acceptance":[0.00047095761381475666],"Energy":{"Mean":-591.9032258064517,"Sigma":0.07116297680763027,"Taucorr":-0.010147299509014718},"EnergyVariance":{"Mean":0.6357960457856402,"Sigma":0.5144021887949438,"Taucorr":-0.005821639123296529},"Iteration":42},
{"Acceptance":[0.0007849293563579278],"Energy":{"Mean":-591.9354838709676,"Sigma":0.06451612903225841,"Taucorr":0.5081967213114853},"EnergyVariance":{"Mean":0.2539021852237253,"Sigma":0.24973985431839657,"Taucorr":0.5081967213114753},"Iteration":43},
{"Acceptance":[0.001098901098901099],"Energy":{"Mean":-591.991935483871,"Sigma":0.008064516129032275,"Taucorr":-5.10702591327572e-15},"EnergyVariance":{"Mean":0.007999479708636839,"Sigma":0.007934443288241534,"Taucorr":0.0},"Iteration":44},
{"Acceptance":[0.0007849293563579278],"Energy":{"Mean":-592.0,"Sigma":0.0,"Taucorr":null},"EnergyVariance":{"Mean":0.0,"Sigma":0.0,"Taucorr":null},"Iteration":45},
{"Acceptance":[0.0006279434850863422],"Energy":{"Mean":-591.9919354838709,"Sigma":0.008064516129032985,"Taucorr":3.7969627442180354e-14},"EnergyVariance":{"Mean":0.007999479708636837,"Sigma":0.007934443288239699,"Taucorr":-2.220446049250313e-16},"Iteration":46},
{"Acceptance":[0.0007849293563579278],"Energy":{"Mean":-591.9354838709676,"Sigma":0.0645161290322592,"Taucorr":0.5081967213115084},"EnergyVariance":{"Mean":0.2539021852237253,"Sigma":0.24973985431839657,"Taucorr":0.5081967213114755},"Iteration":47},
{"Acceptance":[0.0006279434850863422],"Energy":{"Mean":-592.0,"Sigma":0.0,"Taucorr":null},"EnergyVariance":{"Mean":0.0,"Sigma":0.0,"Taucorr":null},"Iteration":48},
{"Acceptance":[0.0003139717425431711],"Energy":{"Mean":-592.0,"Sigma":0.0,"Taucorr":null},"EnergyVariance":{"Mean":0.0,"Sigma":0.0,"Taucorr":null},"Iteration":49},
{"Acceptance":[0.0012558869701726845],"Energy":{"Mean":-592.0080645161291,"Sigma":0.008064516129036563,"Taucorr":4.334310688136611e-13},"EnergyVariance":{"Mean":0.007999479708636839,"Sigma":0.0079344432882397,"Taucorr":0.0},"Iteration":50},
{"Acceptance":[0.0007849293563579278],"Energy":{"Mean":-591.983870967742,"Sigma":0.016129032258065716,"Taucorr":6.039613253960852e-14},"EnergyVariance":{"Mean":0.031997918834547355,"Sigma":0.03173777315296613,"Taucorr":-2.220446049250313e-16},"Iteration":51},
{"Acceptance":[0.0006279434850863422],"Energy":{"Mean":-592.0645161290323,"Sigma":0.0645161290322574,"Taucorr":0.5081967213114711},"EnergyVariance":{"Mean":0.2539021852237254,"Sigma":0.24973985431841123,"Taucorr":0.5081967213114753},"Iteration":52},
{"Acceptance":[0.0009419152276295133],"Energy":{"Mean":-591.8870967741935,"Sigma":0.08184589971848812,"Taucorr":-0.010773864689504309},"EnergyVariance":{"Mean":0.842091571279917,"Sigma":0.6591259956069468,"Taucorr":-0.007012326564133142},"Iteration":53},
{"Acceptance":[0.0003139717425431711],"Energy":{"Mean":-591.8709677419355,"Sigma":0.0897060370521109,"Taucorr":0.49083333333341783},"EnergyVariance":{"Mean":0.49947970863683655,"Sigma":0.3356742031627129,"Taucorr":0.4908333333333338},"Iteration":54},
{"Acceptance":[0.0003139717425431711],"Energy":{"Mean":-591.9919354838709,"Sigma":0.008064516129036338,"Taucorr":3.9190872769268026e-13},"EnergyVariance":{"Mean":0.007999479708636839,"Sigma":0.0079344432882397,"Taucorr":0.0},"Iteration":55},
{"Acceptance":[0.0006279434850863422],"Energy":{"Mean":-592.0,"Sigma":0.0,"Taucorr":null},"EnergyVariance":{"Mean":0.0,"Sigma":0.0,"Taucorr":null},"Iteration":56},
{"Acceptance":[0.0003139717425431711],"Energy":{"Mean":-592.0645161290323,"Sigma":0.06451612903225694,"Taucorr":1.5500000000000536},"EnergyVariance":{"Mean":0.12486992715920912,"Sigma":0.1207075962538951,"Taucorr":1.5500000000000003},"Iteration":57},
{"Acceptance":[0.0003139717425431711],"Energy":{"Mean":-591.9677419354839,"Sigma":0.03225806451612968,"Taucorr":1.9761969838327786e-14},"EnergyVariance":{"Mean":0.1279916753381894,"Sigma":0.12695109261186455,"Taucorr":0.0},"Iteration":58},
{"Acceptance":[0.00015698587127158556],"Energy":{"Mean":-591.9919354838709,"Sigma":0.00806451612903253,"Taucorr":-1.4210854715202004e-14},"EnergyVariance":{"Mean":0.007999479708636837,"Sigma":0.007934443288239699,"Taucorr":-2.220446049250313e-16},"Iteration":59},
{"Acceptance":[0.0006279434850863422],"Energy":{"Mean":-591.8306451612905,"Sigma":0.1245352094133532,"Taucorr":0.3245179063360726},"EnergyVariance":{"Mean":1.156802809573361,"Sigma":0.8295651852857735,"Taucorr":0.324517906336088},"Iteration":60},
{"Acceptance":[0.0003139717425431711],"Energy":{"Mean":-592.0,"Sigma":0.0,"Taucorr":null},"EnergyVariance":{"Mean":0.0,"Sigma":0.0,"Taucorr":null},"Iteration":61},
{"Acceptance":[0.00047095761381475666],"Energy":{"Mean":-592.0,"Sigma":0.0,"Taucorr":null},"EnergyVariance":{"Mean":0.0,"Sigma":0.0,"Taucorr":null},"Iteration":62},
{"Acceptance":[0.00015698587127158556],"Energy":{"Mean":-592.0,"Sigma":0.0,"Taucorr":null},"EnergyVariance":{"Mean":0.0,"Sigma":0.0,"Taucorr":null},"Iteration":63},
{"Acceptance":[0.00047095761381475666],"Energy":{"Mean":-591.9677419354838,"Sigma":0.03225806451613096,"Taucorr":0.5081967213115586},"EnergyVariance":{"Mean":0.06347554630593132,"Sigma":0.06243496357959914,"Taucorr":0.5081967213114749},"Iteration":64},
{"Acceptance":[0.0003139717425431711],"Energy":{"Mean":-592.0,"Sigma":0.0,"Taucorr":null},"EnergyVariance":{"Mean":0.0,"Sigma":0.0,"Taucorr":null},"Iteration":65},
{"Acceptance":[0.0006279434850863422],"Energy":{"Mean":-591.983870967742,"Sigma":0.016129032258064495,"Taucorr":0.5081967213114946},"EnergyVariance":{"Mean":0.01586888657648283,"Sigma":0.015608740894901618,"Taucorr":0.5081967213114753},"Iteration":66},
{"Acceptance":[0.0006279434850863422],"Energy":{"Mean":-592.0,"Sigma":0.0,"Taucorr":null},"EnergyVariance":{"Mean":0.0,"Sigma":0.0,"Taucorr":null},"Iteration":67},
{"Acceptance":[0.0007849293563579278],"Energy":{"Mean":-592.0,"Sigma":0.0,"Taucorr":null},"EnergyVariance":{"Mean":0.0,"Sigma":0.0,"Taucorr":null},"Iteration":68},
{"Acceptance":[0.00015698587127158556],"Energy":{"Mean":-592.0,"Sigma":0.0,"Taucorr":null},"EnergyVariance":{"Mean":0.0,"Sigma":0.0,"Taucorr":null},"Iteration":69},
{"Acceptance":[0.00015698587127158556],"Energy":{"Mean":-592.0,"Sigma":0.0,"Taucorr":null},"EnergyVariance":{"Mean":0.0,"Sigma":0.0,"Taucorr":null},"Iteration":70},
{"Acceptance":[0.0003139717425431711],"Energy":{"Mean":-592.016129032258,"Sigma":0.016129032258065716,"Taucorr":6.039613253960852e-14},"EnergyVariance":{"Mean":0.031997918834547355,"Sigma":0.03173777315296614,"Taucorr":0.0},"Iteration":71},
{"Acceptance":[0.0003139717425431711],"Energy":{"Mean":-592.0,"Sigma":0.0,"Taucorr":null},"EnergyVariance":{"Mean":0.0,"Sigma":0.0,"Taucorr":null},"Iteration":72},
{"Acceptance":[0.00047095761381475666],"Energy":{"Mean":-591.9596774193545,"Sigma":0.028626192498874072,"Taucorr":0.8023529411766579},"EnergyVariance":{"Mean":0.03869667013527575,"Sigma":0.02631762858765256,"Taucorr":0.80235294117647},"Iteration":73},
{"Acceptance":[0.0003139717425431711],"Energy":{"Mean":-592.0,"Sigma":0.0,"Taucorr":null},"EnergyVariance":{"Mean":0.0,"Sigma":0.0,"Taucorr":null},"Iteration":74},
{"Acceptance":[0.0009419152276295133],"Energy":{"Mean":-591.8306451612905,"Sigma":0.08310756792250008,"Taucorr":0.4855590765051413},"EnergyVariance":{"Mean":0.43099635796045777,"Sigma":0.1995886683167591,"Taucorr":0.41568374569576616},"Iteration":75},
{"Acceptance":[0.0006279434850863422],"Energy":{"Mean":-592.2258064516129,"Sigma":0.11786339294481019,"Taucorr":0.342941478439446},"EnergyVariance":{"Mean":1.0135275754422475,"Sigma":0.5236955061364028,"Taucorr":0.3874205261793603},"Iteration":76},
{"Acceptance":[0.005180533751962323],"Energy":{"Mean":-593.1693548387098,"Sigma":0.2385516041572425,"Taucorr":0.2813067150635208},"EnergyVariance":{"Mean":4.479383454734651,"Sigma":0.6348550755797234,"Taucorr":0.28130671506352056},"Iteration":77},
{"Acceptance":[0.0003924646781789639],"Energy":{"Mean":-597.0,"Sigma":0.0,"Taucorr":null},"EnergyVariance":{"Mean":0.0,"Sigma":0.0,"Taucorr":null},"Iteration":78},
{"Acceptance":[0.0],"Energy":{"Mean":-597.0,"Sigma":0.0,"Taucorr":null},"EnergyVariance":{"Mean":0.0,"Sigma":0.0,"Taucorr":null},"Iteration":79},
{"Acceptance":[0.0003139717425431711],"Energy":{"Mean":-596.9516129032259,"Sigma":0.04838709677419418,"Taucorr":1.0880185641326534e-14},"EnergyVariance":{"Mean":0.28798126951092606,"Sigma":0.2856399583766952,"Taucorr":0.0},"Iteration":80},
{"Acceptance":[0.0009419152276295133],"Energy":{"Mean":-597.0,"Sigma":0.0,"Taucorr":null},"EnergyVariance":{"Mean":0.0,"Sigma":0.0,"Taucorr":null},"Iteration":81},
{"Acceptance":[0.00047095761381475666],"Energy":{"Mean":-597.0,"Sigma":0.0,"Taucorr":null},"EnergyVariance":{"Mean":0.0,"Sigma":0.0,"Taucorr":null},"Iteration":82},
{"Acceptance":[0.0007849293563579278],"Energy":{"Mean":-597.0241935483872,"Sigma":0.02419354838709719,"Taucorr":1.354472090042691e-14},"EnergyVariance":{"Mean":0.07199531737773154,"Sigma":0.07140998959416829,"Taucorr":0.0},"Iteration":83},
{"Acceptance":[0.0003139717425431711],"Energy":{"Mean":-597.016129032258,"Sigma":0.016129032258064318,"Taucorr":-1.7763568394002505e-15},"EnergyVariance":{"Mean":0.031997918834547355,"Sigma":0.03173777315296614,"Taucorr":0.0},"Iteration":84},
{"Acceptance":[0.0007849293563579278],"Energy":{"Mean":-597.016129032258,"Sigma":0.016129032258066438,"Taucorr":1.0236256287043943e-13},"EnergyVariance":{"Mean":0.031997918834547355,"Sigma":0.03173777315296614,"Taucorr":0.0},"Iteration":85},
{"Acceptance":[0.0003139717425431711],"Energy":{"Mean":-596.9677419354839,"Sigma":0.0322580645161295,"Taucorr":0.5081967213114911},"EnergyVariance":{"Mean":0.06347554630593132,"Sigma":0.06243496357960647,"Taucorr":0.5081967213114753},"Iteration":86},
{"Acceptance":[0.0003139717425431711],"Energy":{"Mean":-597.0080645161291,"Sigma":0.008064516129035627,"Taucorr":2.9753977059954195e-13},"EnergyVariance":{"Mean":0.007999479708636839,"Sigma":0.0079344432882397,"Taucorr":0.0},"Iteration":87},
{"Acceptance":[0.00047095761381475666],"Energy":{"Mean":-597.0241935483872,"Sigma":0.02419354838709764,"Taucorr":2.7977620220553945e-14},"EnergyVariance":{"Mean":0.07199531737773154,"Sigma":0.0714099895941683,"Taucorr":0.0},"Iteration":88},
{"Acceptance":[0.0006279434850863422],"Energy":{"Mean":-597.0645161290325,"Sigma":0.03839477649754185,"Taucorr":0.22604166666665038},"EnergyVariance":{"Mean":0.12486992715920914,"Sigma":0.07183538828570246,"Taucorr":0.22604166666666703},"Iteration":89},
{"Acceptance":[0.00141287284144427],"Energy":{"Mean":-597.1290322580644,"Sigma":0.051680063830955976,"Taucorr":0.1803879310344222},"EnergyVariance":{"Mean":0.24141519250780438,"Sigma":0.09002333699587581,"Taucorr":0.18038793103448258},"Iteration":90},
{"Acceptance":[0.008948194662480377],"Energy":{"Mean":-598.225806451613,"Sigma":0.1245178004233479,"Taucorr":0.3845077220077302},"EnergyVariance":{"Mean":1.078043704474506,"Sigma":0.11366224991234382,"Taucorr":0.3710358499524262},"Iteration":91},
{"Acceptance":[0.0003924646781789639],"Energy":{"Mean":-599.0,"Sigma":0.0,"Taucorr":null},"EnergyVariance":{"Mean":0.0,"Sigma":0.0,"Taucorr":null},"Iteration":92},
{"Acceptance":[0.00047095761381475666],"Energy":{"Mean":-599.016129032258,"Sigma":0.028245001153900662,"Taucorr":0.00835579514826057},"EnergyVariance":{"Mean":0.0965140478668054,"Sigma":0.0536948081055387,"Taucorr":-0.025610705571436743},"Iteration":93},
{"Acceptance":[0.0003139717425431711],"Energy":{"Mean":-599.016129032258,"Sigma":0.016129032258064488,"Taucorr":1.1546319456101628e-14},"EnergyVariance":{"Mean":0.031997918834547355,"Sigma":0.03173777315296613,"Taucorr":-2.220446049250313e-16},"Iteration":94},
{"Acceptance":[0.0015698587127158557],"Energy":{"Mean":-599.1129032258065,"Sigma":0.05031982347009972,"Taucorr":0.23089133089137337},"EnergyVariance":{"Mean":0.21305931321540064,"Sigma":0.08927710615662289,"Taucorr":0.23089133089133052},"Iteration":95},
{"Acceptance":[0.009576138147566719],"Energy":{"Mean":-599.9677419354838,"Sigma":0.11343958619271068,"Taucorr":0.24417808219175996},"EnergyVariance":{"Mean":1.0634755463059313,"Sigma":0.06282799175613617,"Taucorr":-0.006267122382653978},"Iteration":96},
{"Acceptance":[7.849293563579278e-05],"Energy":{"Mean":-601.0,"Sigma":0.0,"Taucorr":null},"EnergyVariance":{"Mean":0.0,"Sigma":0.0,"Taucorr":null},"Iteration":97},
{"Acceptance":[0.0003139717425431711],"Energy":{"Mean":-600.983870967742,"Sigma":0.016129032258066493,"Taucorr":1.0413891970983968e-13},"EnergyVariance":{"Mean":0.031997918834547355,"Sigma":0.03173777315296613,"Taucorr":-2.220446049250313e-16},"Iteration":98},
{"Acceptance":[0.00015698587127158556],"Energy":{"Mean":-601.0,"Sigma":0.0,"Taucorr":null},"EnergyVariance":{"Mean":0.0,"Sigma":0.0,"Taucorr":null},"Iteration":99} 
]}