{"Output": [
{"Acceptance":[0.8511204481792717],"Energy":{"Mean":-156.59677419354838,"Sigma":0.6818181555408395,"Taucorr":-0.03105555674084226},"EnergyVariance":{"Mean":60.96644120707599,"Sigma":8.810566007066292,"Taucorr":0.0026074665126875063},"Iteration":0},
{"Acceptance":[0.8473389355742297],"Energy":{"Mean":-155.59677419354836,"Sigma":0.659981001208592,"Taucorr":-0.10883685284162775},"EnergyVariance":{"Mean":68.48257023933402,"Sigma":9.558544311665285,"Taucorr":0.08088956336855357},"Iteration":1},
{"Acceptance":[0.8035014005602241],"Energy":{"Mean":-156.81451612903228,"Sigma":0.8073059990279998,"Taucorr":0.1910017838342679},"EnergyVariance":{"Mean":58.005918314255965,"Sigma":6.543281712395638,"Taucorr":-0.12292528271595449},"Iteration":2},
{"Acceptance":[0.7857142857142857],"Energy":{"Mean":-159.04838709677418,"Sigma":0.8646600546220264,"Taucorr":0.09828473602079701},"EnergyVariance":{"Mean":76.85249739854316,"Sigma":8.163523814703176,"Taucorr":-0.09767426726739475},"Iteration":3},
{"Acceptance":[0.7436974789915967],"Energy":{"Mean":-158.73387096774195,"Sigma":0.9586151163947427,"Taucorr":0.14754369557846558},"EnergyVariance":{"Mean":87.27594953173777,"Sigma":12.03270155175649,"Taucorr":-0.021446561980690393},"Iteration":4},
{"Acceptance":[0.7043417366946779],"Energy":{"Mean":-163.1774193548387,"Sigma":0.8175817959463031,"Taucorr":0.04136268024213896},"EnergyVariance":{"Mean":75.9362643080125,"Sigma":8.033402148837471,"Taucorr":-0.09805937228908768},"Iteration":5},
{"Acceptance":[0.657843137254902],"Energy":{"Mean":-162.8225806451613,"Sigma":0.9423712904035014,"Taucorr":0.26748630034326804},"EnergyVariance":{"Mean":71.16207075962538,"Sigma":8.57908813466557,"Taucorr":0.030933641356643116},"Iteration":6},
{"Acceptance":[0.6054621848739495],"Energy":{"Mean":-167.95967741935488,"Sigma":1.0997370637723438,"Taucorr":0.4802579260489702},"EnergyVariance":{"Mean":75.87740634755464,"Sigma":8.835865689150324,"Taucorr":-0.008005542546051014},"Iteration":7},
{"Acceptance":[0.5211484593837535],"Energy":{"Mean":-171.1290322580645,"Sigma":0.9054695633056037,"Taucorr":0.1267450057234506},"EnergyVariance":{"Mean":80.45109261186265,"Sigma":10.835317482698462,"Taucorr":0.04792519738847201},"Iteration":8},
{"Acceptance":[0.45966386554621846],"Energy":{"Mean":-174.2338709677419,"Sigma":1.0617959706629094,"Taucorr":0.5186507189559968},"EnergyVariance":{"Mean":68.06627211238292,"Sigma":10.557402002369544,"Taucorr":0.3001204792197327},"Iteration":9},
{"Acceptance":[0.392296918767507],"Energy":{"Mean":-179.8790322580645,"Sigma":0.5380509139354932,"Taucorr":-0.02060177604838842},"EnergyVariance":{"Mean":37.13859261186265,"Sigma":4.426994165113094,"Taucorr":0.053596332958780524},"Iteration":10},
{"Acceptance":[0.3813725490196078],"Energy":{"Mean":-180.66935483870964,"Sigma":0.6270543759728009,"Taucorr":0.09312733798604178},"EnergyVariance":{"Mean":40.76970603537982,"Sigma":5.713272543464497,"Taucorr":-0.03583461295493867},"Iteration":11},
{"Acceptance":[0.3302521008403361],"Energy":{"Mean":-183.9032258064516,"Sigma":0.763470202374189,"Taucorr":0.3125069282294395},"EnergyVariance":{"Mean":44.11966701352757,"Sigma":6.822111089490533,"Taucorr":-0.01576935655790712},"Iteration":12},
{"Acceptance":[0.292296918767507],"Energy":{"Mean":-185.41935483870972,"Sigma":0.5363640906496884,"Taucorr":0.09743495142219705},"EnergyVariance":{"Mean":29.61446409989594,"Sigma":5.24128296690379,"Taucorr":-0.033833879708140835},"Iteration":13},
{"Acceptance":[0.2788515406162465],"Energy":{"Mean":-187.03225806451616,"Sigma":0.5936199699705457,"Taucorr":0.23145886381596215},"EnergyVariance":{"Mean":29.62799167533819,"Sigma":3.9038080623623936,"Taucorr":0.11792035987007021},"Iteration":14},
{"Acceptance":[0.27128851540616244],"Energy":{"Mean":-188.04032258064512,"Sigma":0.5380791171531725,"Taucorr":0.16608853260671308},"EnergyVariance":{"Mean":26.732245057232053,"Sigma":3.1687367637585964,"Taucorr":0.0768017022321904},"Iteration":15},
{"Acceptance":[0.21946778711484594],"Energy":{"Mean":-191.48387096774195,"Sigma":0.6084016919764957,"Taucorr":0.42098322352495676},"EnergyVariance":{"Mean":24.717481789802285,"Sigma":4.068349541995507,"Taucorr":0.23403068312001907},"Iteration":16},
{"Acceptance":[0.20238095238095238],"Energy":{"Mean":-193.94354838709674,"Sigma":0.3589691179058835,"Taucorr":-0.12358247223638141},"EnergyVariance":{"Mean":21.05326482830385,"Sigma":4.796780194120965,"Taucorr":0.04760776931921806},"Iteration":17},
{"Acceptance":[0.17899159663865546],"Energy":{"Mean":-193.14516129032256,"Sigma":0.5565801628044896,"Taucorr":0.3916754940278353},"EnergyVariance":{"Mean":21.36602497398543,"Sigma":2.6819408888524783,"Taucorr":0.010727019259425208},"Iteration":18},
{"Acceptance":[0.14145658263305322],"Energy":{"Mean":-196.31451612903226,"Sigma":0.5136533366582422,"Taucorr":0.5137590560203482},"EnergyVariance":{"Mean":16.005918314255982,"Sigma":2.326434633750618,"Taucorr":0.38905503586915313},"Iteration":19},
{"Acceptance":[0.13487394957983193],"Energy":{"Mean":-198.16129032258064,"Sigma":0.3661681093257586,"Taucorr":0.13399271941755286},"EnergyVariance":{"Mean":13.00624349635796,"Sigma":2.6005229940343386,"Taucorr":0.10041186973425376},"Iteration":20},
{"Acceptance":[0.1134453781512605],"Energy":{"Mean":-198.37903225806454,"Sigma":0.3827375514613744,"Taucorr":0.31470942850253514},"EnergyVariance":{"Mean":11.057947450572321,"Sigma":1.4570473985635666,"Taucorr":0.24793608713250104},"Iteration":21},
{"Acceptance":[0.09635854341736695],"Energy":{"Mean":-199.43548387096774,"Sigma":0.38677181700867075,"Taucorr":0.519944913909959},"EnergyVariance":{"Mean":9.020031217481788,"Sigma":1.5584762192007109,"Taucorr":0.24124509705537867},"Iteration":22},
{"Acceptance":[0.08417366946778712],"Energy":{"Mean":-200.6048387096774,"Sigma":0.323948711912939,"Taucorr":0.216058504765961},"EnergyVariance":{"Mean":9.01320239334027,"Sigma":2.2446788323844515,"Taucorr":0.01064687070746062},"Iteration":23},
{"Acceptance":[0.08221288515406162],"Energy":{"Mean":-199.9112903225806,"Sigma":0.4332529475321146,"Taucorr":0.422319447547687},"EnergyVariance":{"Mean":12.516324141519254,"Sigma":2.341613062246792,"Taucorr":0.29493537784478985},"Iteration":24},
{"Acceptance":[0.0726890756302521],"Energy":{"Mean":-201.2016129032258,"Sigma":0.32408252525745007,"Taucorr":0.4423445134968449},"EnergyVariance":{"Mean":6.854513527575443,"Sigma":1.1953525619152465,"Taucorr":0.2765009763424118},"Iteration":25},
{"Acceptance":[0.06610644257703081],"Energy":{"Mean":-201.66935483870967,"Sigma":0.18922134474831168,"Taucorr":0.16687282109865953},"EnergyVariance":{"Mean":3.301964099895941,"Sigma":0.4915807016635115,"Taucorr":0.07130895305845675},"Iteration":26},
{"Acceptance":[0.05658263305322129],"Energy":{"Mean":-201.74999999999997,"Sigma":0.24373879902579598,"Taucorr":0.2986778316438936},"EnergyVariance":{"Mean":4.574596774193548,"Sigma":0.8211206207868356,"Taucorr":0.09890603589481495},"Iteration":27},
{"Acceptance":[0.048179271708683476],"Energy":{"Mean":-201.91129032258067,"Sigma":0.1927964785380256,"Taucorr":0.0808361563248795},"EnergyVariance":{"Mean":3.9356789802289276,"Sigma":0.8905205103981525,"Taucorr":0.1738149122016993},"Iteration":28},
{"Acceptance":[0.052100840336134456],"Energy":{"Mean":-202.62903225806454,"Sigma":0.16674902578342812,"Taucorr":0.20461196269696447},"EnergyVariance":{"Mean":2.426899063475547,"Sigma":0.4860086526383338,"Taucorr":0.1971752943856776},"Iteration":29},
{"Acceptance":[0.05700280112044818],"Energy":{"Mean":-202.31451612903228,"Sigma":0.17427566762076058,"Taucorr":0.19194352759775446},"EnergyVariance":{"Mean":2.6994667013527582,"Sigma":0.573280441013201,"Taucorr":0.10293143261598714},"Iteration":30},
{"Acceptance":[0.051400560224089634],"Energy":{"Mean":-201.9274193548387,"Sigma":0.2884873295299828,"Taucorr":0.5678503100449115},"EnergyVariance":{"Mean":4.793119146722164,"Sigma":1.1993471311842518,"Taucorr":0.49497226523882676},"Iteration":31},
{"Acceptance":[0.05504201680672269],"Energy":{"Mean":-202.9032258064516,"Sigma":0.11100555744760109,"Taucorr":0.15787037037037677},"EnergyVariance":{"Mean":1.1519250780437043,"Sigma":0.36024062487153224,"Taucorr":0.33364861620783426},"Iteration":32},
{"Acceptance":[0.05196078431372549],"Energy":{"Mean":-202.54032258064518,"Sigma":0.183710550660173,"Taucorr":0.1723492110308209},"EnergyVariance":{"Mean":3.087083766909469,"Sigma":1.1674856395980489,"Taucorr":0.4121875880028185},"Iteration":33},
{"Acceptance":[0.04971988795518207],"Energy":{"Mean":-202.81451612903228,"Sigma":0.15509611221299652,"Taucorr":0.33865354127492986},"EnergyVariance":{"Mean":1.7639828303850154,"Sigma":0.6198240166393368,"Taucorr":0.4858096724236691},"Iteration":34},
{"Acceptance":[0.04929971988795518],"Energy":{"Mean":-202.741935483871,"Sigma":0.2311390306161194,"Taucorr":0.42650014671361924},"EnergyVariance":{"Mean":3.5463059313215406,"Sigma":1.2487101795974176,"Taucorr":0.35342109191162563},"Iteration":35},
{"Acceptance":[0.046218487394957986],"Energy":{"Mean":-202.91129032258064,"Sigma":0.1654045168055391,"Taucorr":0.3213276611955914},"EnergyVariance":{"Mean":2.048582206035379,"Sigma":0.6144991429356838,"Taucorr":0.2816328182457736},"Iteration":36},
{"Acceptance":[0.04439775910364146],"Energy":{"Mean":-203.0806451612903,"Sigma":0.1126340878174401,"Taucorr":0.17563640459562668},"EnergyVariance":{"Mean":1.154786680541103,"Sigma":0.3458438175110114,"Taucorr":0.08572097701501691},"Iteration":37},
{"Acceptance":[0.04649859943977591],"Energy":{"Mean":-202.87096774193546,"Sigma":0.13513780687518348,"Taucorr":0.30068620178041594},"EnergyVariance":{"Mean":1.4027055150884495,"Sigma":0.355871039148258,"Taucorr":0.32499528173666403},"Iteration":38},
{"Acceptance":[0.04551820728291316],"Energy":{"Mean":-203.12903225806454,"Sigma":0.1264012682312782,"Taucorr":0.3349082670203466},"EnergyVariance":{"Mean":1.1768990634755463,"Sigma":0.275593420560694,"Taucorr":0.2330298747180093},"Iteration":39},
{"Acceptance":[0.04047619047619048],"Energy":{"Mean":-203.0241935483871,"Sigma":0.14997976508214886,"Taucorr":0.13786247638468496},"EnergyVariance":{"Mean":2.168769510926119,"Sigma":0.5157117563441364,"Taucorr":0.045930983421410665},"Iteration":40},
{"Acceptance":[0.043137254901960784],"Energy":{"Mean":-203.29838709677418,"Sigma":0.08473500346170218,"Taucorr":-0.051041460027764385},"EnergyVariance":{"Mean":0.9835457856399585,"Sigma":0.22119908535553712,"Taucorr":-0.03858119346066857},"Iteration":41},
{"Acceptance":[0.035434173669467786],"Energy":{"Mean":-203.25000000000003,"Sigma":0.12048289933537595,"Taucorr":0.1540620384047353},"EnergyVariance":{"Mean":1.3649193548387097,"Sigma":0.4720968935862161,"Taucorr":0.2345354487544199},"Iteration":42},
{"Acceptance":[0.03599439775910364],"Energy":{"Mean":-203.26612903225805,"Sigma":0.1447724780915379,"Taucorr":0.5102145878994941},"EnergyVariance":{"Mean":1.2759495317377731,"Sigma":0.512712312537953,"Taucorr":0.4979938093057711},"Iteration":43},
{"Acceptance":[0.0380952380952381],"Energy":{"Mean":-203.31451612903223,"Sigma":0.12538528897064996,"Taucorr":0.2748267055819099},"EnergyVariance":{"Mean":1.2478537981269513,"Sigma":0.4891873198712802,"Taucorr":0.05424462553685028},"Iteration":44},
{"Acceptance":[0.03697478991596639],"Energy":{"Mean":-203.2903225806452,"Sigma":0.12862840024114164,"Taucorr":-0.08974197608558626},"EnergyVariance":{"Mean":2.4802289281997925,"Sigma":0.9841216533267081,"Taucorr":-0.031133829125604917},"Iteration":45},
{"Acceptance":[0.03137254901960784],"Energy":{"Mean":-203.6048387096774,"Sigma":0.06836629831833083,"Taucorr":0.2810213818695948},"EnergyVariance":{"Mean":0.36804110301769,"Sigma":0.07999758179519392,"Taucorr":0.009738605559885705},"Iteration":46},
{"Acceptance":[0.03627450980392157],"Energy":{"Mean":-203.62096774193546,"Sigma":0.052964493764432276,"Taucorr":0.045935377649733655},"EnergyVariance":{"Mean":0.31601196670135273,"Sigma":0.05875341888550483,"Taucorr":-0.031870895952454015},"Iteration":47},
{"Acceptance":[0.028291316526610644],"Energy":{"Mean":-203.23387096774192,"Sigma":0.16433945816369988,"Taucorr":0.24563954337099236},"EnergyVariance":{"Mean":2.2275624349635796,"Sigma":0.8000771033843513,"Taucorr":0.27969070131025797},"Iteration":48},
{"Acceptance":[0.031512605042016806],"Energy":{"Mean":-203.45967741935482,"Sigma":0.11540996012902202,"Taucorr":0.3408572000801189},"EnergyVariance":{"Mean":0.974180541103018,"Sigma":0.3560601503854815,"Taucorr":0.2527350845371956},"Iteration":49} 
]}