{"Output": [
{"Acceptance":[0.8579831932773109],"Energy":{"Mean":-155.97580645161295,"Sigma":0.8246337439460794,"Taucorr":0.006581564686355179},"EnergyVariance":{"Mean":82.55586628511968,"Sigma":10.36528815018585,"Taucorr":-0.18852195970881552},"Iteration":0},
{"Acceptance":[0.8298319327731093],"Energy":{"Mean":-156.1370967741936,"Sigma":0.7016530701640383,"Taucorr":0.027551511841236054},"EnergyVariance":{"Mean":57.39249479708636,"Sigma":7.180281839223112,"Taucorr":-0.03183946093181156},"Iteration":1},
{"Acceptance":[0.8016806722689076],"Energy":{"Mean":-158.20967741935485,"Sigma":0.7150547740311403,"Taucorr":-0.04883686860580938},"EnergyVariance":{"Mean":69.69797086368365,"Sigma":7.972380827080516,"Taucorr":-0.103486267933666},"Iteration":2},
{"Acceptance":[0.753921568627451],"Energy":{"Mean":-159.21774193548387,"Sigma":0.7340363750732162,"Taucorr":0.017297986592171632},"EnergyVariance":{"Mean":64.05742715920915,"Sigma":7.492141471406827,"Taucorr":-0.03912909433490808},"Iteration":3},
{"Acceptance":[0.7126050420168067],"Energy":{"Mean":-160.69354838709677,"Sigma":0.848600181752481,"Taucorr":0.1489508563543286},"EnergyVariance":{"Mean":68.24479708636835,"Sigma":7.4857317703344455,"Taucorr":-0.0758159679618749},"Iteration":4},
{"Acceptance":[0.6603641456582633],"Energy":{"Mean":-162.73387096774195,"Sigma":0.7473911151565258,"Taucorr":-0.015058256054893138},"EnergyVariance":{"Mean":70.84046566077002,"Sigma":10.1833030443211,"Taucorr":0.05532480779866933},"Iteration":5},
{"Acceptance":[0.6063025210084033],"Energy":{"Mean":-165.45161290322585,"Sigma":1.1735445890685547,"Taucorr":0.40238352272727207},"EnergyVariance":{"Mean":93.86056191467222,"Sigma":10.581929114977392,"Taucorr":-0.019058933656593502},"Iteration":6},
{"Acceptance":[0.5183473389355743],"Energy":{"Mean":-172.4274193548387,"Sigma":0.8690615340998755,"Taucorr":0.038974965795214866},"EnergyVariance":{"Mean":86.18021592091571,"Sigma":12.103843660187518,"Taucorr":0.060210042499624694},"Iteration":7},
{"Acceptance":[0.45],"Energy":{"Mean":-177.14516129032256,"Sigma":0.9547401685565705,"Taucorr":0.4116020551045535},"EnergyVariance":{"Mean":61.495057232049945,"Sigma":7.409677996100527,"Taucorr":0.04819691548203875},"Iteration":8},
{"Acceptance":[0.40140056022408965],"Energy":{"Mean":-180.78225806451616,"Sigma":0.8529472887289008,"Taucorr":0.44336785696165537},"EnergyVariance":{"Mean":47.428394901144635,"Sigma":7.295598561400051,"Taucorr":0.3157854092706919},"Iteration":9},
{"Acceptance":[0.3621848739495798],"Energy":{"Mean":-184.38709677419354,"Sigma":0.7774405476074482,"Taucorr":0.13441068606034734},"EnergyVariance":{"Mean":58.59209157127993,"Sigma":9.796861247431728,"Taucorr":0.3082659140929922},"Iteration":10},
{"Acceptance":[0.31596638655462184],"Energy":{"Mean":-186.45967741935488,"Sigma":0.8307834731908729,"Taucorr":0.2829290558007356},"EnergyVariance":{"Mean":54.216116024974,"Sigma":6.624219169708417,"Taucorr":0.12006937678344132},"Iteration":11},
{"Acceptance":[0.28025210084033614],"Energy":{"Mean":-190.81451612903228,"Sigma":0.6514012751199417,"Taucorr":0.19043645843191392},"EnergyVariance":{"Mean":37.79624089490114,"Sigma":4.617869138032225,"Taucorr":0.06986670236919668},"Iteration":12},
{"Acceptance":[0.246218487394958],"Energy":{"Mean":-193.05645161290326,"Sigma":0.5930499894407886,"Taucorr":0.25881959702571966},"EnergyVariance":{"Mean":28.50487773152966,"Sigma":3.3988207953219334,"Taucorr":-0.0042468502018278564},"Iteration":13},
{"Acceptance":[0.2061624649859944],"Energy":{"Mean":-195.42741935483866,"Sigma":0.6518371007897664,"Taucorr":0.41730047875510046},"EnergyVariance":{"Mean":28.486667533818938,"Sigma":4.451542370658962,"Taucorr":0.21778071863507775},"Iteration":14},
{"Acceptance":[0.1777310924369748],"Energy":{"Mean":-197.33870967741933,"Sigma":0.5818200479170252,"Taucorr":0.31751003667344446},"EnergyVariance":{"Mean":25.465920915712804,"Sigma":3.867721475964696,"Taucorr":0.14448975741023018},"Iteration":15},
{"Acceptance":[0.15560224089635855],"Energy":{"Mean":-199.69354838709677,"Sigma":0.4443053169914839,"Taucorr":0.19878340944823036},"EnergyVariance":{"Mean":17.373829344432888,"Sigma":2.263595568288132,"Taucorr":-0.0945506691141682},"Iteration":16},
{"Acceptance":[0.14817927170868347],"Energy":{"Mean":-201.008064516129,"Sigma":0.3885947717551641,"Taucorr":0.22838509918742},"EnergyVariance":{"Mean":12.749934963579605,"Sigma":1.4685644929436785,"Taucorr":-0.03691420066748252},"Iteration":17},
{"Acceptance":[0.11960784313725491],"Energy":{"Mean":-202.01612903225805,"Sigma":0.3204364219627528,"Taucorr":0.03707215080646953},"EnergyVariance":{"Mean":11.757804370447449,"Sigma":2.025951029440665,"Taucorr":0.16131864148263297},"Iteration":18},
{"Acceptance":[0.10910364145658263],"Energy":{"Mean":-202.08064516129033,"Sigma":0.4016744349805711,"Taucorr":0.2752027315407588},"EnergyVariance":{"Mean":12.799947970863684,"Sigma":2.2161053046429067,"Taucorr":0.11807457794946408},"Iteration":19},
{"Acceptance":[0.10140056022408964],"Energy":{"Mean":-202.68548387096774,"Sigma":0.4851238260529275,"Taucorr":0.6411606048641401},"EnergyVariance":{"Mean":12.683337669094694,"Sigma":3.8753440345449217,"Taucorr":0.286133917994271},"Iteration":20},
{"Acceptance":[0.0927170868347339],"Energy":{"Mean":-203.82258064516125,"Sigma":0.3117746524703338,"Taucorr":0.19793394077449034},"EnergyVariance":{"Mean":8.565296566077006,"Sigma":1.7921446036389859,"Taucorr":0.17314168899169602},"Iteration":21},
{"Acceptance":[0.08431372549019608],"Energy":{"Mean":-204.07258064516122,"Sigma":0.25642117896104555,"Taucorr":0.12965457178446915},"EnergyVariance":{"Mean":6.42215140478668,"Sigma":1.1833429131024193,"Taucorr":-0.06292457164882431},"Iteration":22},
{"Acceptance":[0.08067226890756303],"Energy":{"Mean":-204.43548387096774,"Sigma":0.3110785395796816,"Taucorr":0.515806358509836},"EnergyVariance":{"Mean":5.858740894901145,"Sigma":1.5430323626303335,"Taucorr":0.2297212211081774},"Iteration":23},
{"Acceptance":[0.07352941176470588],"Energy":{"Mean":-204.19354838709674,"Sigma":0.28650416063600337,"Taucorr":0.2511535186188718},"EnergyVariance":{"Mean":6.720603537981269,"Sigma":1.122206972004211,"Taucorr":0.17939046486333066},"Iteration":24},
{"Acceptance":[0.0665266106442577],"Energy":{"Mean":-205.02419354838707,"Sigma":0.21167370618734319,"Taucorr":0.2856223693237665},"EnergyVariance":{"Mean":3.507479188345473,"Sigma":0.6960409082964526,"Taucorr":0.27388323065340825},"Iteration":25},
{"Acceptance":[0.06148459383753501],"Energy":{"Mean":-205.45967741935485,"Sigma":0.22750894292760465,"Taucorr":0.2819442447479824},"EnergyVariance":{"Mean":4.070954734651406,"Sigma":1.1492388587764888,"Taucorr":0.08636078846726658},"Iteration":26},
{"Acceptance":[0.06358543417366946],"Energy":{"Mean":-205.6209677419355,"Sigma":0.17691766801435177,"Taucorr":0.2925107773047353},"EnergyVariance":{"Mean":2.428915192507804,"Sigma":0.7139006940213363,"Taucorr":0.1180570500960858},"Iteration":27},
{"Acceptance":[0.05910364145658263],"Energy":{"Mean":-205.4516129032258,"Sigma":0.208817508831157,"Taucorr":0.4270166366906488},"EnergyVariance":{"Mean":2.8928199791883458,"Sigma":0.7917220379997199,"Taucorr":0.16952815467268578},"Iteration":28},
{"Acceptance":[0.06400560224089635],"Energy":{"Mean":-205.4435483870968,"Sigma":0.23149516281302115,"Taucorr":0.4953059019935182},"EnergyVariance":{"Mean":3.3113293444328824,"Sigma":0.9940747043920204,"Taucorr":0.32609269404094443},"Iteration":29},
{"Acceptance":[0.05910364145658263],"Energy":{"Mean":-205.33870967741936,"Sigma":0.20853701455074689,"Taucorr":0.28257973662175473},"EnergyVariance":{"Mean":3.4175338189386055,"Sigma":0.7431340925440824,"Taucorr":0.14188625365066831},"Iteration":30},
{"Acceptance":[0.058823529411764705],"Energy":{"Mean":-205.83064516129033,"Sigma":0.1223576069356784,"Taucorr":0.20719316649183106},"EnergyVariance":{"Mean":1.3019640998959419,"Sigma":0.3101941243492101,"Taucorr":0.08577077243265452},"Iteration":31},
{"Acceptance":[0.05378151260504202],"Energy":{"Mean":-205.94354838709674,"Sigma":0.13254623732676543,"Taucorr":0.10186211643662013},"EnergyVariance":{"Mean":1.7952003121748172,"Sigma":0.6208643725590963,"Taucorr":0.279179473367847},"Iteration":32},
{"Acceptance":[0.04971988795518207],"Energy":{"Mean":-206.06451612903226,"Sigma":0.1424477559085136,"Taucorr":0.10568181818181888},"EnergyVariance":{"Mean":2.060353798126951,"Sigma":0.6213906425438834,"Taucorr":-0.05937042637894491},"Iteration":33},
{"Acceptance":[0.04607843137254902],"Energy":{"Mean":-206.07258064516128,"Sigma":0.12170029089824572,"Taucorr":0.06944907501525621},"EnergyVariance":{"Mean":1.5995707596253903,"Sigma":0.3130823754169702,"Taucorr":-0.11493987119724791},"Iteration":34},
{"Acceptance":[0.04411764705882353],"Energy":{"Mean":-206.29032258064512,"Sigma":0.09637012416961045,"Taucorr":-0.032662835249043565},"EnergyVariance":{"Mean":1.2221644120707593,"Sigma":0.45034622340930636,"Taucorr":-0.0318609300327517},"Iteration":35},
{"Acceptance":[0.044677871148459385],"Energy":{"Mean":-206.3790322580645,"Sigma":0.12851036930566131,"Taucorr":0.25331146592060705},"EnergyVariance":{"Mean":1.348270031217482,"Sigma":0.5917976085523251,"Taucorr":0.33126190178471293},"Iteration":36},
{"Acceptance":[0.04439775910364146],"Energy":{"Mean":-205.95967741935488,"Sigma":0.27535333463929973,"Taucorr":0.6591841684047126},"EnergyVariance":{"Mean":4.022567637877211,"Sigma":2.340661438887687,"Taucorr":0.691080754303681},"Iteration":37},
{"Acceptance":[0.04355742296918767],"Energy":{"Mean":-206.19354838709677,"Sigma":0.21711378929630754,"Taucorr":0.528975069252076},"EnergyVariance":{"Mean":2.817377731529657,"Sigma":1.7496641038464342,"Taucorr":0.41963415329488896},"Iteration":38},
{"Acceptance":[0.03669467787114846],"Energy":{"Mean":-206.12096774193552,"Sigma":0.26586007915018756,"Taucorr":0.9679712723199587},"EnergyVariance":{"Mean":2.961173257023933,"Sigma":1.6270599343292156,"Taucorr":1.0901638523370651},"Iteration":39},
{"Acceptance":[0.03571428571428571],"Energy":{"Mean":-206.4032258064516,"Sigma":0.08171335566435983,"Taucorr":0.1541649399088435},"EnergyVariance":{"Mean":0.6277315296566077,"Sigma":0.15788301211293465,"Taucorr":0.13927279709679496},"Iteration":40},
{"Acceptance":[0.0376750700280112],"Energy":{"Mean":-206.39516129032253,"Sigma":0.12581679031133094,"Taucorr":0.2116282386498639},"EnergyVariance":{"Mean":1.3680411030176896,"Sigma":0.4177654315823831,"Taucorr":0.08146301736332595},"Iteration":41},
{"Acceptance":[0.035854341736694675],"Energy":{"Mean":-206.12096774193552,"Sigma":0.22356801415802222,"Taucorr":0.8555740384891202},"EnergyVariance":{"Mean":2.267624869927159,"Sigma":1.1160394527067328,"Taucorr":1.2625071332612914},"Iteration":42},
{"Acceptance":[0.04047619047619048],"Energy":{"Mean":-206.3870967741935,"Sigma":0.17228645410614804,"Taucorr":0.41488265971315985},"EnergyVariance":{"Mean":1.9953173777315294,"Sigma":0.9366331208393278,"Taucorr":0.3448374421546616},"Iteration":43},
{"Acceptance":[0.03361344537815126],"Energy":{"Mean":-206.3790322580645,"Sigma":0.11585990320043837,"Taucorr":0.29240901429552213},"EnergyVariance":{"Mean":1.041818418314256,"Sigma":0.47638984058209516,"Taucorr":0.3513728977908249},"Iteration":44},
{"Acceptance":[0.031932773109243695],"Energy":{"Mean":-206.64516129032253,"Sigma":0.05652836564146362,"Taucorr":-0.1093976215098279},"EnergyVariance":{"Mean":0.5031217481789803,"Sigma":0.14155920746961187,"Taucorr":-0.011455582248669216},"Iteration":45},
{"Acceptance":[0.029411764705882353],"Energy":{"Mean":-206.43548387096777,"Sigma":0.13617654473298463,"Taucorr":0.4274222551301041},"EnergyVariance":{"Mean":1.2297086368366283,"Sigma":0.4051199845445619,"Taucorr":0.2859128870296983},"Iteration":46},
{"Acceptance":[0.025070028011204483],"Energy":{"Mean":-206.6209677419355,"Sigma":0.09621252778587816,"Taucorr":0.41458572771915625},"EnergyVariance":{"Mean":0.6224635796045784,"Sigma":0.26233166505302846,"Taucorr":0.015703145899894855},"Iteration":47},
{"Acceptance":[0.023249299719887956],"Energy":{"Mean":-206.65322580645162,"Sigma":0.08956092069332126,"Taucorr":0.5530334582812757},"EnergyVariance":{"Mean":0.46845733610822055,"Sigma":0.14907239650561452,"Taucorr":0.48742574788618775},"Iteration":48},
{"Acceptance":[0.024789915966386553],"Energy":{"Mean":-206.34677419354838,"Sigma":0.19073901952458128,"Taucorr":0.3456382272693729},"EnergyVariance":{"Mean":2.6458766909469302,"Sigma":1.2047224590623071,"Taucorr":0.20244144617445614},"Iteration":49} 
]}