{"Output": [
{"Acceptance":[0.8751962323390895],"Energy":{"Mean":-509.53225806451604,"Sigma":1.435566930060498,"Taucorr":-0.08375627849833661},"EnergyVariance":{"Mean":304.4908949011446,"Sigma":46.40581814101755,"Taucorr":0.04488615676074137},"Iteration":0},
{"Acceptance":[0.8685243328100472],"Energy":{"Mean":-512.516129032258,"Sigma":1.2999656469753298,"Taucorr":0.08613170411798121},"EnergyVariance":{"Mean":177.31425598335073,"Sigma":19.586638391080342,"Taucorr":-0.12390197747358972},"Iteration":1},
{"Acceptance":[0.8481946624803768],"Energy":{"Mean":-511.97580645161287,"Sigma":1.2277785494515006,"Taucorr":-0.06907560870983537},"EnergyVariance":{"Mean":215.13651144640997,"Sigma":27.321687534233924,"Taucorr":-0.015283065815610175},"Iteration":2},
{"Acceptance":[0.8115384615384615],"Energy":{"Mean":-514.0806451612904,"Sigma":1.5176996554622009,"Taucorr":0.10158585356422856},"EnergyVariance":{"Mean":235.47736732570237,"Sigma":34.2207219987504,"Taucorr":-0.005808511171363218},"Iteration":3},
{"Acceptance":[0.7791208791208791],"Energy":{"Mean":-515.9112903225806,"Sigma":1.6176757348776454,"Taucorr":0.3509409222878138},"EnergyVariance":{"Mean":189.12922736732565,"Sigma":34.55383248680667,"Taucorr":0.18605075142198935},"Iteration":4},
{"Acceptance":[0.7212715855572999],"Energy":{"Mean":-520.3548387096776,"Sigma":1.5307236233104944,"Taucorr":0.0859633607877075},"EnergyVariance":{"Mean":245.92247658688865,"Sigma":44.91011157438416,"Taucorr":0.35937727424278376},"Iteration":5},
{"Acceptance":[0.6175039246467818],"Energy":{"Mean":-530.1774193548389,"Sigma":1.7470479536070447,"Taucorr":0.21075575926106427},"EnergyVariance":{"Mean":264.0975546305932,"Sigma":29.289144417465828,"Taucorr":0.0845396893685404},"Iteration":6},
{"Acceptance":[0.5506279434850864],"Energy":{"Mean":-540.4112903225808,"Sigma":1.511272535211654,"Taucorr":0.1821236623240552},"EnergyVariance":{"Mean":205.91954994797086,"Sigma":28.380310037160815,"Taucorr":0.08150112950800581},"Iteration":7},
{"Acceptance":[0.5251177394034537],"Energy":{"Mean":-547.491935483871,"Sigma":1.4029291492127158,"Taucorr":0.21348465663594818},"EnergyVariance":{"Mean":169.65316077003118,"Sigma":21.323370296232515,"Taucorr":-0.04042175221184424},"Iteration":8},
{"Acceptance":[0.4420722135007849],"Energy":{"Mean":-556.3387096774193,"Sigma":1.4065203569073326,"Taucorr":0.18977084178312031},"EnergyVariance":{"Mean":176.38527575442242,"Sigma":18.635829907738746,"Taucorr":-0.11085607440085854},"Iteration":9},
{"Acceptance":[0.40706436420722136],"Energy":{"Mean":-564.5161290322582,"Sigma":1.002680244426559,"Taucorr":0.13107697985757594},"EnergyVariance":{"Mean":97.97554630593132,"Sigma":12.481903844401138,"Taucorr":0.2377203926823792},"Iteration":10},
{"Acceptance":[0.38116169544740974],"Energy":{"Mean":-564.9516129032259,"Sigma":1.1388436973738787,"Taucorr":0.229414941322845},"EnergyVariance":{"Mean":109.35249739854318,"Sigma":15.377537972399693,"Taucorr":0.0870785462202468},"Iteration":11},
{"Acceptance":[0.33359497645211933],"Energy":{"Mean":-570.5725806451615,"Sigma":0.9153847499137202,"Taucorr":0.13821684678030255},"EnergyVariance":{"Mean":80.74473204994797,"Sigma":15.437436300843984,"Taucorr":0.30515739432819367},"Iteration":12},
{"Acceptance":[0.29183673469387755],"Energy":{"Mean":-576.967741935484,"Sigma":1.2417329816752423,"Taucorr":0.43799110681090625},"EnergyVariance":{"Mean":101.09573361082205,"Sigma":13.42128735980539,"Taucorr":-0.014876512229238192},"Iteration":13},
{"Acceptance":[0.27362637362637365],"Energy":{"Mean":-579.2177419354838,"Sigma":1.0324533585421798,"Taucorr":0.2378525213322623},"EnergyVariance":{"Mean":88.8477497398543,"Sigma":12.902565126370279,"Taucorr":0.20050494551760578},"Iteration":14},
{"Acceptance":[0.24921507064364207],"Energy":{"Mean":-583.4677419354838,"Sigma":0.9657955336580548,"Taucorr":0.272432962606179},"EnergyVariance":{"Mean":74.26508844953173,"Sigma":10.27647971026244,"Taucorr":0.01866414357149737},"Iteration":15},
{"Acceptance":[0.22519623233908947],"Energy":{"Mean":-586.1612903225807,"Sigma":0.85253798728917,"Taucorr":0.3875800669462959},"EnergyVariance":{"Mean":50.36108220603537,"Sigma":6.353331852177268,"Taucorr":-0.026624108769693344},"Iteration":16},
{"Acceptance":[0.20918367346938777],"Energy":{"Mean":-588.8387096774194,"Sigma":0.6414814409832169,"Taucorr":0.013029743697916651},"EnergyVariance":{"Mean":49.328824141519256,"Sigma":6.820109949923431,"Taucorr":-0.03886623916738874},"Iteration":17},
{"Acceptance":[0.18948194662480378],"Energy":{"Mean":-589.4677419354838,"Sigma":1.0547347125742688,"Taucorr":0.5299615615074638},"EnergyVariance":{"Mean":66.42637877211237,"Sigma":15.994110090804476,"Taucorr":0.3616124659858755},"Iteration":18},
{"Acceptance":[0.16891679748822605],"Energy":{"Mean":-593.3467741935484,"Sigma":0.599470803740212,"Taucorr":0.09420352195054782},"EnergyVariance":{"Mean":37.194263787721134,"Sigma":3.7616955789226747,"Taucorr":-0.004835369334519279},"Iteration":19},
{"Acceptance":[0.16381475667189954],"Energy":{"Mean":-596.0161290322579,"Sigma":0.6366849083835042,"Taucorr":0.20772818244257307},"EnergyVariance":{"Mean":35.22554630593132,"Sigma":4.352148260255464,"Taucorr":-0.05626028176501807},"Iteration":20},
{"Acceptance":[0.14521193092621665],"Energy":{"Mean":-598.733870967742,"Sigma":0.5291166664893985,"Taucorr":0.06033775903925931},"EnergyVariance":{"Mean":30.72756243496358,"Sigma":3.7070960303659937,"Taucorr":-0.05909049012711415},"Iteration":21},
{"Acceptance":[0.13500784929356358],"Energy":{"Mean":-601.3467741935484,"Sigma":0.5500094597616142,"Taucorr":0.08969633002747812},"EnergyVariance":{"Mean":31.54910249739855,"Sigma":3.5010183089621227,"Taucorr":-0.05922724757349579},"Iteration":22},
{"Acceptance":[0.12582417582417582],"Energy":{"Mean":-602.5483870967741,"Sigma":0.6466850285788285,"Taucorr":0.32606699420130125},"EnergyVariance":{"Mean":31.1347554630593,"Sigma":7.162637668184556,"Taucorr":0.12222988916584498},"Iteration":23},
{"Acceptance":[0.11805337519623234],"Energy":{"Mean":-603.1209677419356,"Sigma":0.5669991475290307,"Taucorr":0.2526951578519949},"EnergyVariance":{"Mean":26.26762486992716,"Sigma":4.053703511603167,"Taucorr":0.03325619947521963},"Iteration":24},
{"Acceptance":[0.10518053375196232],"Energy":{"Mean":-605.6451612903226,"Sigma":0.5229638181048737,"Taucorr":0.1718374620724068},"EnergyVariance":{"Mean":25.03537981269511,"Sigma":3.8609813212900783,"Taucorr":0.12041452021750887},"Iteration":25},
{"Acceptance":[0.09403453689167975],"Energy":{"Mean":-606.2258064516129,"Sigma":0.5332184232782511,"Taucorr":0.2477516965179679},"EnergyVariance":{"Mean":23.38449531737773,"Sigma":4.037732488251454,"Taucorr":0.1753346305219856},"Iteration":26},
{"Acceptance":[0.0870486656200942],"Energy":{"Mean":-607.6612903225805,"Sigma":0.7309910406369561,"Taucorr":0.6518364016011511},"EnergyVariance":{"Mean":28.530437044745053,"Sigma":6.953433109666355,"Taucorr":0.2843421181004401},"Iteration":27},
{"Acceptance":[0.07582417582417582],"Energy":{"Mean":-609.3709677419355,"Sigma":0.4540544600083659,"Taucorr":0.21825677527742782},"EnergyVariance":{"Mean":17.652705515088446,"Sigma":3.846096968762523,"Taucorr":0.15871637954790785},"Iteration":28},
{"Acceptance":[0.07480376766091051],"Energy":{"Mean":-610.7580645161291,"Sigma":0.42033075029814365,"Taucorr":0.27134803966831733},"EnergyVariance":{"Mean":14.086628511966701,"Sigma":2.7298793290155934,"Taucorr":0.19984388127529262},"Iteration":29},
{"Acceptance":[0.06483516483516484],"Energy":{"Mean":-610.6532258064516,"Sigma":0.5138769751722778,"Taucorr":0.49589812514208087},"EnergyVariance":{"Mean":16.30716701352757,"Sigma":2.8302277149562935,"Taucorr":0.37970183260934964},"Iteration":30},
{"Acceptance":[0.0619309262166405],"Energy":{"Mean":-612.4838709677417,"Sigma":0.3425347254727642,"Taucorr":0.20733730300403708},"EnergyVariance":{"Mean":10.201352757544225,"Sigma":1.367883583581745,"Taucorr":0.0454223250061645},"Iteration":31},
{"Acceptance":[0.05847723704866562],"Energy":{"Mean":-612.8387096774194,"Sigma":0.3755906436521381,"Taucorr":0.15565822585718314},"EnergyVariance":{"Mean":13.232049947970866,"Sigma":1.7376067426309305,"Taucorr":0.03634725618087975},"Iteration":32},
{"Acceptance":[0.054317111459968606],"Energy":{"Mean":-613.0645161290323,"Sigma":0.3841566209242389,"Taucorr":0.35812487701691864},"EnergyVariance":{"Mean":10.576482830385016,"Sigma":2.1919467741731506,"Taucorr":0.36637488639931537},"Iteration":33},
{"Acceptance":[0.05510204081632653],"Energy":{"Mean":-613.8306451612904,"Sigma":0.3035159330404811,"Taucorr":0.08766620568691186},"EnergyVariance":{"Mean":9.640673777315294,"Sigma":2.2974799351161406,"Taucorr":-0.007147225053330042},"Iteration":34},
{"Acceptance":[0.048116169544740975],"Energy":{"Mean":-614.2016129032259,"Sigma":0.41968039472302787,"Taucorr":0.5039015834172058},"EnergyVariance":{"Mean":10.789997398543186,"Sigma":2.8141138316760994,"Taucorr":0.4320971720400909},"Iteration":35},
{"Acceptance":[0.04411302982731554],"Energy":{"Mean":-615.1854838709677,"Sigma":0.29670405903398234,"Taucorr":0.1377128674189234},"EnergyVariance":{"Mean":8.489789281997917,"Sigma":1.344036999654274,"Taucorr":0.09551492931898409},"Iteration":36},
{"Acceptance":[0.043642072213500784],"Energy":{"Mean":-615.2822580645159,"Sigma":0.3258037900455524,"Taucorr":0.2487464474596962},"EnergyVariance":{"Mean":8.718717481789803,"Sigma":2.1717573082517885,"Taucorr":0.05033159279355548},"Iteration":37},
{"Acceptance":[0.0423861852433281],"Energy":{"Mean":-616.1129032258066,"Sigma":0.3231312505224045,"Taucorr":0.5308644811025474},"EnergyVariance":{"Mean":6.229188345473465,"Sigma":0.903294796369728,"Taucorr":0.13565265388436198},"Iteration":38},
{"Acceptance":[0.03924646781789639],"Energy":{"Mean":-616.5806451612904,"Sigma":0.3006237012969538,"Taucorr":0.16002780352179158},"EnergyVariance":{"Mean":8.420915712799166,"Sigma":1.3536216556274894,"Taucorr":-0.0740964341659413},"Iteration":39},
{"Acceptance":[0.030141287284144426],"Energy":{"Mean":-617.1612903225807,"Sigma":0.3284347832794859,"Taucorr":0.6134824469478513},"EnergyVariance":{"Mean":5.9578563995837674,"Sigma":0.7463373467940134,"Taucorr":0.05342439602932714},"Iteration":40},
{"Acceptance":[0.031868131868131866],"Energy":{"Mean":-617.508064516129,"Sigma":0.28645118909200484,"Taucorr":0.3776340048184045},"EnergyVariance":{"Mean":5.749934963579605,"Sigma":0.7361477245260867,"Taucorr":0.1449460334772419},"Iteration":41},
{"Acceptance":[0.026373626373626374],"Energy":{"Mean":-618.2258064516129,"Sigma":0.24245464011798562,"Taucorr":0.44242167367421836},"EnergyVariance":{"Mean":3.8361082206035375,"Sigma":0.5796742890554273,"Taucorr":-0.0008941499732209035},"Iteration":42},
{"Acceptance":[0.0260596546310832],"Energy":{"Mean":-618.3387096774196,"Sigma":0.2377505433144933,"Taucorr":0.31675478271495927},"EnergyVariance":{"Mean":4.2562434963579605,"Sigma":0.541874733185842,"Taucorr":0.041059727534371815},"Iteration":43},
{"Acceptance":[0.027315541601255888],"Energy":{"Mean":-617.6693548387096,"Sigma":0.30660013378918005,"Taucorr":0.38782897036645336},"EnergyVariance":{"Mean":6.51164151925078,"Sigma":1.45651561690968,"Taucorr":0.14813557589910253},"Iteration":44},
{"Acceptance":[0.023940345368916798],"Energy":{"Mean":-618.4677419354839,"Sigma":0.2728143682076158,"Taucorr":0.5572102385387223},"EnergyVariance":{"Mean":4.3296045785639965,"Sigma":0.9839195105632076,"Taucorr":0.09151828565391273},"Iteration":45},
{"Acceptance":[0.016875981161695447],"Energy":{"Mean":-619.1451612903226,"Sigma":0.1857758337975382,"Taucorr":0.43534334517941853},"EnergyVariance":{"Mean":2.2692507804370456,"Sigma":0.766627045693701,"Taucorr":0.06875119181863798},"Iteration":46},
{"Acceptance":[0.018995290423861853],"Energy":{"Mean":-618.9193548387095,"Sigma":0.17054115984369644,"Taucorr":0.0073194126761703115},"EnergyVariance":{"Mean":3.5257544224765867,"Sigma":0.9253646180155741,"Taucorr":-0.034623765172974885},"Iteration":47},
{"Acceptance":[0.01805337519623234],"Energy":{"Mean":-619.0080645161291,"Sigma":0.2249503741472707,"Taucorr":0.4528485234672076},"EnergyVariance":{"Mean":3.2660639958376683,"Sigma":0.9561652285221801,"Taucorr":0.4963322913877536},"Iteration":48},
{"Acceptance":[0.017896389324960755],"Energy":{"Mean":-619.1612903225806,"Sigma":0.15228915756877695,"Taucorr":0.08802284427285256},"EnergyVariance":{"Mean":2.4255983350676376,"Sigma":0.4126264299405044,"Taucorr":-0.04464988892431693},"Iteration":49} 
]}