{"Output": [
{"Acceptance":[0.9304828973843058],"Energy":{"Mean":-301.55645161290323,"Sigma":1.288113027531416,"Taucorr":0.06400937348012581},"EnergyVariance":{"Mean":180.92423257023935,"Sigma":24.06328232539538,"Taucorr":-0.08135858489982306},"Iteration":0},
{"Acceptance":[0.9159959758551308],"Energy":{"Mean":-304.5241935483871,"Sigma":1.0492159667999055,"Taucorr":-0.007875641691725777},"EnergyVariance":{"Mean":137.57199531737774,"Sigma":17.11193868296236,"Taucorr":-0.06391119510832388},"Iteration":1},
{"Acceptance":[0.8949698189134809],"Energy":{"Mean":-303.83870967741944,"Sigma":1.0312684268211476,"Taucorr":-0.008008905578560932},"EnergyVariance":{"Mean":132.94172736732574,"Sigma":14.391909295511887,"Taucorr":0.04869830592768376},"Iteration":2},
{"Acceptance":[0.8758551307847082],"Energy":{"Mean":-304.483870967742,"Sigma":1.3141565574578782,"Taucorr":0.23220562019813695},"EnergyVariance":{"Mean":145.0561914672217,"Sigma":19.97853328237573,"Taucorr":0.08045128699097204},"Iteration":3},
{"Acceptance":[0.8583501006036217],"Energy":{"Mean":-304.34677419354836,"Sigma":1.1924199111625646,"Taucorr":0.08891440975621212},"EnergyVariance":{"Mean":148.48458636836628,"Sigma":25.62357353066059,"Taucorr":0.1313374330665401},"Iteration":4},
{"Acceptance":[0.814486921529175],"Energy":{"Mean":-307.45967741935493,"Sigma":1.2453729832861804,"Taucorr":0.1665375359885074},"EnergyVariance":{"Mean":143.10321279916752,"Sigma":20.559226725694728,"Taucorr":0.08161032789662803},"Iteration":5},
{"Acceptance":[0.7722334004024145],"Energy":{"Mean":-308.8790322580645,"Sigma":1.3390270384285503,"Taucorr":0.2508224960997476},"EnergyVariance":{"Mean":146.86439906347556,"Sigma":19.186923438236292,"Taucorr":0.06753201696172251},"Iteration":6},
{"Acceptance":[0.7375251509054326],"Energy":{"Mean":-312.0806451612903,"Sigma":0.8743190204761787,"Taucorr":-0.09621156600447289},"EnergyVariance":{"Mean":116.4289802289282,"Sigma":16.129797387667956,"Taucorr":0.041838559873627945},"Iteration":7},
{"Acceptance":[0.5421529175050301],"Energy":{"Mean":-318.12096774193554,"Sigma":1.0120823157944236,"Taucorr":0.07397944580836147},"EnergyVariance":{"Mean":109.7514958376691,"Sigma":11.94045313063685,"Taucorr":-0.0778147202629142},"Iteration":8},
{"Acceptance":[0.43088531187122736],"Energy":{"Mean":-325.87096774193543,"Sigma":1.4741897249426905,"Taucorr":0.5345293062273222},"EnergyVariance":{"Mean":129.19302809573358,"Sigma":18.525784644985066,"Taucorr":0.2855043219599207},"Iteration":9},
{"Acceptance":[0.3317907444668008],"Energy":{"Mean":-332.5564516129032,"Sigma":0.7021194562436912,"Taucorr":-0.18740950003989715},"EnergyVariance":{"Mean":96.9887486992716,"Sigma":12.2837325074942,"Taucorr":0.08870810865945333},"Iteration":10},
{"Acceptance":[0.2755533199195171],"Energy":{"Mean":-339.78225806451616,"Sigma":0.8546789260285361,"Taucorr":0.01959216770634231},"EnergyVariance":{"Mean":86.46065296566076,"Sigma":11.321826683766131,"Taucorr":0.05347207789424646},"Iteration":11},
{"Acceptance":[0.21438631790744467],"Energy":{"Mean":-345.39516129032256,"Sigma":0.9019672491214346,"Taucorr":0.26805796968332607},"EnergyVariance":{"Mean":65.14223465140479,"Sigma":7.770028173970653,"Taucorr":-0.11504298229181209},"Iteration":12},
{"Acceptance":[0.16227364185110665],"Energy":{"Mean":-351.13709677419354,"Sigma":0.8941144707388414,"Taucorr":0.3878445083602766},"EnergyVariance":{"Mean":55.37636576482832,"Sigma":10.938657516121717,"Taucorr":0.4967829177849379},"Iteration":13},
{"Acceptance":[0.14124748490945674],"Energy":{"Mean":-356.5483870967742,"Sigma":0.7793038107271164,"Taucorr":0.311567453139485},"EnergyVariance":{"Mean":46.02185223725285,"Sigma":7.2613258924382595,"Taucorr":0.09621654009806502},"Iteration":14},
{"Acceptance":[0.11056338028169015],"Energy":{"Mean":-360.9354838709677,"Sigma":0.7815898931107256,"Taucorr":0.2721230445150191},"EnergyVariance":{"Mean":48.65712799167534,"Sigma":9.361754126128602,"Taucorr":0.13097809032151198},"Iteration":15},
{"Acceptance":[0.08923541247484909],"Energy":{"Mean":-362.7338709677419,"Sigma":0.6449697296255049,"Taucorr":0.2680730337188377},"EnergyVariance":{"Mean":33.3082075962539,"Sigma":5.076553461765813,"Taucorr":0.23902434963818975},"Iteration":16},
{"Acceptance":[0.07183098591549296],"Energy":{"Mean":-366.7741935483872,"Sigma":0.42650033069697935,"Taucorr":0.15753593272170885},"EnergyVariance":{"Mean":17.013527575442247,"Sigma":1.8973892833601982,"Taucorr":0.08830772601794534},"Iteration":17},
{"Acceptance":[0.06297786720321931],"Energy":{"Mean":-367.8870967741935,"Sigma":0.4189462442865454,"Taucorr":0.27261009217018384},"EnergyVariance":{"Mean":13.971123829344432,"Sigma":1.9423676253729099,"Taucorr":-0.0916900641622429},"Iteration":18},
{"Acceptance":[0.05130784708249497],"Energy":{"Mean":-369.16935483870975,"Sigma":0.4188737935736352,"Taucorr":0.6867749619106895},"EnergyVariance":{"Mean":9.0922866805411,"Sigma":1.8904525575454474,"Taucorr":0.491343524550226},"Iteration":19},
{"Acceptance":[0.044668008048289735],"Energy":{"Mean":-369.84677419354836,"Sigma":0.34228780793605823,"Taucorr":0.4134849896523013},"EnergyVariance":{"Mean":7.887812174817897,"Sigma":2.1222043061640927,"Taucorr":0.4474858817381481},"Iteration":20},
{"Acceptance":[0.0420523138832998],"Energy":{"Mean":-370.58064516129036,"Sigma":0.18779532182607128,"Taucorr":0.1754172067401233},"EnergyVariance":{"Mean":3.2112382934443287,"Sigma":0.8144420036655726,"Taucorr":0.2201200557149141},"Iteration":21},
{"Acceptance":[0.04014084507042254],"Energy":{"Mean":-370.97580645161287,"Sigma":0.15308425833229955,"Taucorr":-0.10190956940377544},"EnergyVariance":{"Mean":3.6203824141519254,"Sigma":0.9468244115888916,"Taucorr":-0.014153742933761815},"Iteration":22},
{"Acceptance":[0.037927565392354125],"Energy":{"Mean":-370.9677419354839,"Sigma":0.16669701423325972,"Taucorr":-0.016043539118906325},"EnergyVariance":{"Mean":3.531217481789803,"Sigma":0.6766275090277571,"Taucorr":-0.006486167299129875},"Iteration":23},
{"Acceptance":[0.029678068410462777],"Energy":{"Mean":-371.8387096774194,"Sigma":0.23404702309233527,"Taucorr":0.38734068795395793},"EnergyVariance":{"Mean":3.796566077003122,"Sigma":0.6755502142495611,"Taucorr":0.0859262333966786},"Iteration":24},
{"Acceptance":[0.022233400402414488],"Energy":{"Mean":-371.5806451612903,"Sigma":0.1673589507126177,"Taucorr":0.20217391304348287},"EnergyVariance":{"Mean":2.4531737773152953,"Sigma":0.789828651870578,"Taucorr":0.33022350674685286},"Iteration":25},
{"Acceptance":[0.022233400402414488],"Energy":{"Mean":-372.3951612903225,"Sigma":0.20989442864415883,"Taucorr":0.22463689968863954},"EnergyVariance":{"Mean":3.7390088449531746,"Sigma":0.696180690162183,"Taucorr":0.21942657897425177},"Iteration":26},
{"Acceptance":[0.023943661971830985],"Energy":{"Mean":-372.8629032258064,"Sigma":0.22445834134568002,"Taucorr":0.39628445113348376},"EnergyVariance":{"Mean":3.4570109261186266,"Sigma":0.6521035499543222,"Taucorr":0.1824351015411141},"Iteration":27},
{"Acceptance":[0.02977867203219316],"Energy":{"Mean":-373.23387096774184,"Sigma":0.26763989505213365,"Taucorr":0.31262191830124},"EnergyVariance":{"Mean":5.421110822060353,"Sigma":0.6774267550638086,"Taucorr":0.17241221523914885},"Iteration":28},
{"Acceptance":[0.0210261569416499],"Energy":{"Mean":-374.11290322580646,"Sigma":0.21900272181172448,"Taucorr":0.12585141027764013},"EnergyVariance":{"Mean":4.713059313215401,"Sigma":0.4232990257034443,"Taucorr":0.07796598589734005},"Iteration":29},
{"Acceptance":[0.016498993963782696],"Energy":{"Mean":-375.4112903225806,"Sigma":0.24167548753741488,"Taucorr":0.18733868458713776},"EnergyVariance":{"Mean":5.22600156087409,"Sigma":0.5474697097861027,"Taucorr":0.010811053307504648},"Iteration":30},
{"Acceptance":[0.019517102615694164],"Energy":{"Mean":-375.87096774193543,"Sigma":0.17462362280840746,"Taucorr":0.028583736618268518},"EnergyVariance":{"Mean":3.54786680541103,"Sigma":0.4978466073946334,"Taucorr":0.07948112594200685},"Iteration":31},
{"Acceptance":[0.016901408450704224],"Energy":{"Mean":-376.7419354838709,"Sigma":0.18090419216529044,"Taucorr":0.02239702903443952},"EnergyVariance":{"Mean":3.8527575442247657,"Sigma":0.542750699831633,"Taucorr":0.056214508756897485},"Iteration":32},
{"Acceptance":[0.018309859154929577],"Energy":{"Mean":-376.6451612903225,"Sigma":0.24118162119379258,"Taucorr":0.4719677692960239},"EnergyVariance":{"Mean":3.6805411030176898,"Sigma":0.5147471514565217,"Taucorr":0.16986076811090833},"Iteration":33},
{"Acceptance":[0.01358148893360161],"Energy":{"Mean":-377.70161290322585,"Sigma":0.1827284822653794,"Taucorr":0.14307012362776772},"EnergyVariance":{"Mean":3.1932232049947964,"Sigma":0.6224948141060296,"Taucorr":0.3043297699211349},"Iteration":34},
{"Acceptance":[0.010462776659959759],"Energy":{"Mean":-378.258064516129,"Sigma":0.17828479051204119,"Taucorr":0.4260876263248703},"EnergyVariance":{"Mean":2.110822060353798,"Sigma":0.47981839616433397,"Taucorr":0.3116105880391016},"Iteration":35},
{"Acceptance":[0.006237424547283702],"Energy":{"Mean":-378.53225806451616,"Sigma":0.11164817020051167,"Taucorr":0.09835025380710527},"EnergyVariance":{"Mean":1.281217481789802,"Sigma":0.26909393519094216,"Taucorr":0.03247427982673434},"Iteration":36},
{"Acceptance":[0.0030181086519114686],"Energy":{"Mean":-378.91935483870964,"Sigma":0.05361538754385402,"Taucorr":0.3061387900355911},"EnergyVariance":{"Mean":0.21930280957336115,"Sigma":0.1513525697455714,"Taucorr":0.32146153922647147},"Iteration":37},
{"Acceptance":[0.0032193158953722333],"Energy":{"Mean":-378.82258064516117,"Sigma":0.0813144272164223,"Taucorr":0.14565262288312786},"EnergyVariance":{"Mean":0.6298126951092614,"Sigma":0.3135782996030228,"Taucorr":0.11119487815402418},"Iteration":38},
{"Acceptance":[0.0022132796780684103],"Energy":{"Mean":-378.9032258064516,"Sigma":0.057592164746313596,"Taucorr":0.2260416666666758},"EnergyVariance":{"Mean":0.28095733610822066,"Sigma":0.16162962364287634,"Taucorr":0.2260416666666667},"Iteration":39},
{"Acceptance":[0.003420523138832998],"Energy":{"Mean":-378.6854838709677,"Sigma":0.12751119597453212,"Taucorr":0.20157426420260627},"EnergyVariance":{"Mean":1.4252731529656608,"Sigma":0.625264088172343,"Taucorr":0.08438639840467133},"Iteration":40},
{"Acceptance":[0.0030181086519114686],"Energy":{"Mean":-378.9596774193548,"Sigma":0.020401791355925018,"Taucorr":0.16151260504201326},"EnergyVariance":{"Mean":0.03869667013527576,"Sigma":0.018756485601414123,"Taucorr":0.1615126050420168},"Iteration":41},
{"Acceptance":[0.002012072434607646],"Energy":{"Mean":-379.0,"Sigma":0.0,"Taucorr":null},"EnergyVariance":{"Mean":0.0,"Sigma":0.0,"Taucorr":null},"Iteration":42},
{"Acceptance":[0.002414486921529175],"Energy":{"Mean":-378.8225806451612,"Sigma":0.09360861983782931,"Taucorr":0.24168456856427445},"EnergyVariance":{"Mean":0.7265868886576483,"Sigma":0.42377361564363974,"Taucorr":0.27275363445388445},"Iteration":43},
{"Acceptance":[0.0026156941649899397],"Energy":{"Mean":-378.88709677419354,"Sigma":0.061169944036401865,"Taucorr":0.3801741293532287},"EnergyVariance":{"Mean":0.2614464099895942,"Sigma":0.14888426228100604,"Taucorr":0.1219212233302347},"Iteration":44},
{"Acceptance":[0.0022132796780684103],"Energy":{"Mean":-378.86290322580646,"Sigma":0.07588076887904152,"Taucorr":-0.02616830563050271},"EnergyVariance":{"Mean":0.7473335067637875,"Sigma":0.4638097807428824,"Taucorr":-0.017275814982885718},"Iteration":45},
{"Acceptance":[0.0012072434607645875],"Energy":{"Mean":-378.9677419354838,"Sigma":0.025245928778224864,"Taucorr":-0.007598039215640562},"EnergyVariance":{"Mean":0.07960457856399583,"Sigma":0.07116884104734685,"Taucorr":-0.002651924281303508},"Iteration":46},
{"Acceptance":[0.002414486921529175],"Energy":{"Mean":-378.8548387096775,"Sigma":0.0842217643157693,"Taucorr":0.4766453115900098},"EnergyVariance":{"Mean":0.4466701352757544,"Sigma":0.3789063542593557,"Taucorr":0.5038908231855077},"Iteration":47},
{"Acceptance":[0.002112676056338028],"Energy":{"Mean":-378.83870967741933,"Sigma":0.07290845922789475,"Taucorr":-0.04336845930233696},"EnergyVariance":{"Mean":0.7159209157127993,"Sigma":0.3693931275016336,"Taucorr":-0.02860787181986596},"Iteration":48},
{"Acceptance":[0.001710261569416499],"Energy":{"Mean":-378.91129032258067,"Sigma":0.06511815883286069,"Taucorr":-0.010223525100752417},"EnergyVariance":{"Mean":0.5324531737773153,"Sigma":0.5041410342158859,"Taucorr":-0.0010070351510902964},"Iteration":49},
{"Acceptance":[0.0016096579476861167],"Energy":{"Mean":-378.9435483870968,"Sigma":0.03219079006434984,"Taucorr":0.04108227498619488},"EnergyVariance":{"Mean":0.11778095733610823,"Sigma":0.07597788339456348,"Taucorr":-0.006522595525057628},"Iteration":50},
{"Acceptance":[0.0016096579476861167],"Energy":{"Mean":-378.991935483871,"Sigma":0.00806451612903265,"Taucorr":3.574918139293004e-14},"EnergyVariance":{"Mean":0.007999479708636839,"Sigma":0.007934443288241534,"Taucorr":0.0},"Iteration":51},
{"Acceptance":[0.002012072434607646],"Energy":{"Mean":-378.88709677419365,"Sigma":0.05417850533665079,"Taucorr":0.053810853950537973},"EnergyVariance":{"Mean":0.3259625390218522,"Sigma":0.14791728812280505,"Taucorr":-0.004709929904257282},"Iteration":52},
{"Acceptance":[0.0012072434607645875],"Energy":{"Mean":-378.9677419354838,"Sigma":0.022426509263025165,"Taucorr":-0.012704918032813761},"EnergyVariance":{"Mean":0.06347554630593133,"Sigma":0.04340614696069177,"Taucorr":-0.012704918032786894},"Iteration":53},
{"Acceptance":[0.0018108651911468814],"Energy":{"Mean":-378.9596774193548,"Sigma":0.0261734654723407,"Taucorr":-0.01620612397309179},"EnergyVariance":{"Mean":0.08708376690946927,"Sigma":0.0708871444613459,"Taucorr":-0.00546814749078367},"Iteration":54},
{"Acceptance":[0.0018108651911468814],"Energy":{"Mean":-378.74999999999994,"Sigma":0.1480155469892843,"Taucorr":0.45335235378029715},"EnergyVariance":{"Mean":1.4133064516129032,"Sigma":0.9228363855257308,"Taucorr":0.3514606414880368},"Iteration":55},
{"Acceptance":[0.002012072434607646],"Energy":{"Mean":-378.83870967741933,"Sigma":0.08404139012976185,"Taucorr":0.05657500000000404},"EnergyVariance":{"Mean":0.7804370447450573,"Sigma":0.5104512645502253,"Taucorr":0.0017977820043714177},"Iteration":56},
{"Acceptance":[0.0016096579476861167],"Energy":{"Mean":-378.86290322580646,"Sigma":0.08817040386622037,"Taucorr":0.31581400510484925},"EnergyVariance":{"Mean":0.5860431841831426,"Sigma":0.3984768644404238,"Taucorr":0.3866153625596712},"Iteration":57},
{"Acceptance":[0.0014084507042253522],"Energy":{"Mean":-379.0,"Sigma":0.0,"Taucorr":null},"EnergyVariance":{"Mean":0.0,"Sigma":0.0,"Taucorr":null},"Iteration":58},
{"Acceptance":[0.0012072434607645875],"Energy":{"Mean":-378.69354838709677,"Sigma":0.1496903961745802,"Taucorr":0.3702480696566526},"EnergyVariance":{"Mean":1.583506763787721,"Sigma":0.7319742361771152,"Taucorr":0.3541189780149707},"Iteration":59},
{"Acceptance":[0.0009054325955734407],"Energy":{"Mean":-378.9596774193548,"Sigma":0.04032258064516155,"Taucorr":7.105427357601002e-15},"EnergyVariance":{"Mean":0.1999869927159209,"Sigma":0.19836108220603374,"Taucorr":-1.1102230246251565e-16},"Iteration":60},
{"Acceptance":[0.001710261569416499],"Energy":{"Mean":-378.91129032258056,"Sigma":0.0550517682770163,"Taucorr":0.32471942446036917},"EnergyVariance":{"Mean":0.22600156087408946,"Sigma":0.15063024660510355,"Taucorr":0.32175622513213487},"Iteration":61},
{"Acceptance":[0.0022132796780684103],"Energy":{"Mean":-378.991935483871,"Sigma":0.008064516129031921,"Taucorr":-3.2085445411667024e-14},"EnergyVariance":{"Mean":0.007999479708636839,"Sigma":0.007934443288241532,"Taucorr":0.0},"Iteration":62},
{"Acceptance":[0.0012072434607645875],"Energy":{"Mean":-379.0,"Sigma":0.0,"Taucorr":null},"EnergyVariance":{"Mean":0.0,"Sigma":0.0,"Taucorr":null},"Iteration":63},
{"Acceptance":[0.0008048289738430583],"Energy":{"Mean":-379.0,"Sigma":0.0,"Taucorr":null},"EnergyVariance":{"Mean":0.0,"Sigma":0.0,"Taucorr":null},"Iteration":64},
{"Acceptance":[0.0030181086519114686],"Energy":{"Mean":-378.7983870967742,"Sigma":0.07550845110316116,"Taucorr":0.04377206253150634},"EnergyVariance":{"Mean":0.6448361082206036,"Sigma":0.24476093930004555,"Taucorr":0.004739662181883708},"Iteration":65},
{"Acceptance":[0.0032193158953722333],"Energy":{"Mean":-378.9274193548387,"Sigma":0.07258064516129034,"Taucorr":-0.012143766526294564},"EnergyVariance":{"Mean":0.6640868886576483,"Sigma":0.6423545726366277,"Taucorr":-0.00047715739052212047},"Iteration":66},
{"Acceptance":[0.0008048289738430583],"Energy":{"Mean":-379.0,"Sigma":0.0,"Taucorr":null},"EnergyVariance":{"Mean":0.0,"Sigma":0.0,"Taucorr":null},"Iteration":67},
{"Acceptance":[0.0014084507042253522],"Energy":{"Mean":-378.9193548387097,"Sigma":0.06067175120581915,"Taucorr":-0.009179357022000068},"EnergyVariance":{"Mean":0.4612382934443287,"Sigma":0.38985706464158276,"Taucorr":-0.004358275602686423},"Iteration":68},
{"Acceptance":[0.001006036217303823],"Energy":{"Mean":-379.0,"Sigma":0.0,"Taucorr":null},"EnergyVariance":{"Mean":0.0,"Sigma":0.0,"Taucorr":null},"Iteration":69},
{"Acceptance":[0.001006036217303823],"Energy":{"Mean":-379.0,"Sigma":0.0,"Taucorr":null},"EnergyVariance":{"Mean":0.0,"Sigma":0.0,"Taucorr":null},"Iteration":70},
{"Acceptance":[0.0012072434607645875],"Energy":{"Mean":-378.991935483871,"Sigma":0.008064516129031921,"Taucorr":-3.2085445411667024e-14},"EnergyVariance":{"Mean":0.007999479708636839,"Sigma":0.007934443288241532,"Taucorr":0.0},"Iteration":71},
{"Acceptance":[0.002012072434607646],"Energy":{"Mean":-378.98387096774195,"Sigma":0.016129032258064762,"Taucorr":0.5081967213114917},"EnergyVariance":{"Mean":0.01586888657648283,"Sigma":0.015608740894901618,"Taucorr":0.5081967213114753},"Iteration":72},
{"Acceptance":[0.0026156941649899397],"Energy":{"Mean":-379.008064516129,"Sigma":0.008064516129032247,"Taucorr":3.9968028886505635e-15},"EnergyVariance":{"Mean":0.007999479708636837,"Sigma":0.007934443288241532,"Taucorr":-2.220446049250313e-16},"Iteration":73},
{"Acceptance":[0.002414486921529175],"Energy":{"Mean":-378.97580645161287,"Sigma":0.031441272080028886,"Taucorr":0.005024311183142394},"EnergyVariance":{"Mean":0.12038241415192512,"Sigma":0.07721779424724858,"Taucorr":-0.016588082239545276},"Iteration":74},
{"Acceptance":[0.0014084507042253522],"Energy":{"Mean":-379.0,"Sigma":0.0,"Taucorr":null},"EnergyVariance":{"Mean":0.0,"Sigma":0.0,"Taucorr":null},"Iteration":75},
{"Acceptance":[0.0022132796780684103],"Energy":{"Mean":-378.96774193548384,"Sigma":0.019197388248772602,"Taucorr":0.2260416666667382},"EnergyVariance":{"Mean":0.031217481789802288,"Sigma":0.01795884707142998,"Taucorr":0.2260416666666667},"Iteration":76},
{"Acceptance":[0.0014084507042253522],"Energy":{"Mean":-378.991935483871,"Sigma":0.008064516129032376,"Taucorr":2.19824158875781e-14},"EnergyVariance":{"Mean":0.007999479708636839,"Sigma":0.007934443288241534,"Taucorr":0.0},"Iteration":77},
{"Acceptance":[0.0022132796780684103],"Energy":{"Mean":-378.9596774193548,"Sigma":0.03298903001428473,"Taucorr":-0.0059529524724007965},"EnergyVariance":{"Mean":0.13547086368366285,"Sigma":0.12640104960768622,"Taucorr":-0.00147430431641693},"Iteration":78},
{"Acceptance":[0.0012072434607645875],"Energy":{"Mean":-378.9516129032258,"Sigma":0.0483870967741936,"Taucorr":8.881784197001252e-16},"EnergyVariance":{"Mean":0.2879812695109262,"Sigma":0.28563995837668965,"Taucorr":-2.220446049250313e-16},"Iteration":79},
{"Acceptance":[0.0008048289738430583],"Energy":{"Mean":-378.9838709677419,"Sigma":0.016129032258065022,"Taucorr":0.5081967213114948},"EnergyVariance":{"Mean":0.01586888657648283,"Sigma":0.015608740894899786,"Taucorr":0.5081967213114753},"Iteration":80},
{"Acceptance":[0.0012072434607645875],"Energy":{"Mean":-378.8790322580645,"Sigma":0.08895372100953941,"Taucorr":0.32451790633608946},"EnergyVariance":{"Mean":0.5902055150884497,"Sigma":0.42324754351312954,"Taucorr":0.32451790633608824},"Iteration":81},
{"Acceptance":[0.001710261569416499],"Energy":{"Mean":-379.0,"Sigma":0.0,"Taucorr":null},"EnergyVariance":{"Mean":0.0,"Sigma":0.0,"Taucorr":null},"Iteration":82},
{"Acceptance":[0.002112676056338028],"Energy":{"Mean":-378.79032258064507,"Sigma":0.11065346844892689,"Taucorr":0.1371560642746965},"EnergyVariance":{"Mean":1.1818418314255983,"Sigma":0.6484255949097838,"Taucorr":0.06368809993418656},"Iteration":83},
{"Acceptance":[0.0012072434607645875],"Energy":{"Mean":-379.0,"Sigma":0.0,"Taucorr":null},"EnergyVariance":{"Mean":0.0,"Sigma":0.0,"Taucorr":null},"Iteration":84},
{"Acceptance":[0.0008048289738430583],"Energy":{"Mean":-378.9758064516129,"Sigma":0.02419354838709724,"Taucorr":1.7985612998927536e-14},"EnergyVariance":{"Mean":0.07199531737773152,"Sigma":0.0714099895941738,"Taucorr":0.0},"Iteration":85},
{"Acceptance":[0.0016096579476861167],"Energy":{"Mean":-378.82258064516117,"Sigma":0.11010353655403898,"Taucorr":0.2697824335213561},"EnergyVariance":{"Mean":0.9685223725286157,"Sigma":0.6087010935341346,"Taucorr":0.29695597586885203},"Iteration":86},
{"Acceptance":[0.001006036217303823],"Energy":{"Mean":-378.991935483871,"Sigma":0.008064516129032244,"Taucorr":1.1546319456101628e-14},"EnergyVariance":{"Mean":0.007999479708636839,"Sigma":0.007934443288241534,"Taucorr":0.0},"Iteration":87},
{"Acceptance":[0.002012072434607646],"Energy":{"Mean":-378.9032258064516,"Sigma":0.0967741935483874,"Taucorr":0.50819672131148},"EnergyVariance":{"Mean":0.5712799167533819,"Sigma":0.5619146722164362,"Taucorr":0.5081967213114753},"Iteration":88},
{"Acceptance":[0.002414486921529175],"Energy":{"Mean":-378.9112903225806,"Sigma":0.06194472377313381,"Taucorr":-0.012494961708989394},"EnergyVariance":{"Mean":0.4840660770031219,"Sigma":0.33695401416671195,"Taucorr":-0.011872748254156906},"Iteration":89},
{"Acceptance":[0.0016096579476861167],"Energy":{"Mean":-378.88709677419354,"Sigma":0.07934434758870228,"Taucorr":-0.012192723697148355},"EnergyVariance":{"Mean":0.7937044745057232,"Sigma":0.5659358660591796,"Taucorr":-0.010789284762488638},"Iteration":90},
{"Acceptance":[0.0018108651911468814],"Energy":{"Mean":-378.96774193548384,"Sigma":0.022426509263023885,"Taucorr":0.1532967032966187},"EnergyVariance":{"Mean":0.047346514047866835,"Sigma":0.03421682215911931,"Taucorr":0.042144547420511325},"Iteration":91},
{"Acceptance":[0.001006036217303823],"Energy":{"Mean":-378.991935483871,"Sigma":0.008064516129032142,"Taucorr":-1.6764367671839864e-14},"EnergyVariance":{"Mean":0.007999479708636839,"Sigma":0.007934443288241532,"Taucorr":-2.220446049250313e-16},"Iteration":92},
{"Acceptance":[0.002414486921529175],"Energy":{"Mean":-378.991935483871,"Sigma":0.008064516129032341,"Taucorr":2.2648549702353193e-14},"EnergyVariance":{"Mean":0.007999479708636839,"Sigma":0.007934443288241534,"Taucorr":0.0},"Iteration":93},
{"Acceptance":[0.0033199195171026157],"Energy":{"Mean":-378.9435483870968,"Sigma":0.05645161290322577,"Taucorr":-6.661338147750939e-16},"EnergyVariance":{"Mean":0.3919745057232051,"Sigma":0.3887877211238352,"Taucorr":2.220446049250313e-16},"Iteration":94},
{"Acceptance":[0.001710261569416499],"Energy":{"Mean":-379.0,"Sigma":0.0,"Taucorr":null},"EnergyVariance":{"Mean":0.0,"Sigma":0.0,"Taucorr":null},"Iteration":95},
{"Acceptance":[0.0008048289738430583],"Energy":{"Mean":-379.0,"Sigma":0.0,"Taucorr":null},"EnergyVariance":{"Mean":0.0,"Sigma":0.0,"Taucorr":null},"Iteration":96},
{"Acceptance":[0.001006036217303823],"Energy":{"Mean":-379.0,"Sigma":0.0,"Taucorr":null},"EnergyVariance":{"Mean":0.0,"Sigma":0.0,"Taucorr":null},"Iteration":97},
{"Acceptance":[0.002716297786720322],"Energy":{"Mean":-379.0,"Sigma":0.0,"Taucorr":null},"EnergyVariance":{"Mean":0.0,"Sigma":0.0,"Taucorr":null},"Iteration":98},
{"Acceptance":[0.002012072434607646],"Energy":{"Mean":-378.9274193548387,"Sigma":0.053372232605723255,"Taucorr":0.3245179063360849},"EnergyVariance":{"Mean":0.21247398543184184,"Sigma":0.15236911566472786,"Taucorr":0.324517906336088},"Iteration":99} 
]}