{"Output": [
{"Acceptance":[0.7473114003693787],"Energy":{"Mean":-2529.7056451612907,"Sigma":1.4177514828204494,"Taucorr":0.36452831305437894},"EnergyVariance":{"Mean":1152.0323068418315,"Sigma":72.88448512756634,"Taucorr":0.3307493855740513},"Iteration":0},
{"Acceptance":[0.6191953200250966],"Energy":{"Mean":-2567.5100806451615,"Sigma":1.4085274174364757,"Taucorr":0.30173131264304065},"EnergyVariance":{"Mean":1226.155140316077,"Sigma":49.8383473984962,"Taucorr":-0.08871729013206553},"Iteration":1},
{"Acceptance":[0.48839284925284765],"Energy":{"Mean":-2625.2157258064517,"Sigma":1.811012410278323,"Taucorr":0.9235058935228175},"EnergyVariance":{"Mean":1141.634913989334,"Sigma":59.669979435085864,"Taucorr":0.19135872474533244},"Iteration":2},
{"Acceptance":[0.38565167059904737],"Energy":{"Mean":-2687.3991935483873,"Sigma":1.3253029471438842,"Taucorr":0.49357100219437733},"EnergyVariance":{"Mean":875.9414509625391,"Sigma":46.56461817020962,"Taucorr":0.15571808635480844},"Iteration":3},
{"Acceptance":[0.30946068944796445],"Energy":{"Mean":-2731.7752016129034,"Sigma":0.8816786441260731,"Taucorr":0.18471765089432013},"EnergyVariance":{"Mean":562.5391834270941,"Sigma":26.51841473166004,"Taucorr":-0.01762931413322255},"Iteration":4},
{"Acceptance":[0.2557726465364121],"Energy":{"Mean":-2761.4163306451615,"Sigma":0.958765739758577,"Taucorr":0.42921118435244987},"EnergyVariance":{"Mean":490.17848331002864,"Sigma":24.94213116397675,"Taucorr":0.0200567496252112},"Iteration":5},
{"Acceptance":[0.21594072267437237],"Energy":{"Mean":-2786.2489919354844,"Sigma":1.047533028098649,"Taucorr":1.0937021952662334},"EnergyVariance":{"Mean":341.1708659192898,"Sigma":14.894034617048892,"Taucorr":-0.06282543821672426},"Iteration":6},
{"Acceptance":[0.18653181693663123],"Energy":{"Mean":-2809.2893145161293,"Sigma":0.9191311656082872,"Taucorr":1.010507861080879},"EnergyVariance":{"Mean":277.1249664655957,"Sigma":11.542313767634475,"Taucorr":-0.07792814648871133},"Iteration":7},
{"Acceptance":[0.16013184521442522],"Energy":{"Mean":-2824.8356854838707,"Sigma":1.2528135068419932,"Taucorr":2.5143691678493334},"EnergyVariance":{"Mean":258.0002184817248,"Sigma":14.439344300624244,"Taucorr":0.36928451564961406},"Iteration":8},
{"Acceptance":[0.13492926133100042],"Energy":{"Mean":-2840.1683467741937,"Sigma":0.787437430069074,"Taucorr":1.6043610532232226},"EnergyVariance":{"Mean":146.00089323458639,"Sigma":12.057686701287574,"Taucorr":1.2039622911945687},"Iteration":9},
{"Acceptance":[0.1192395040781881],"Energy":{"Mean":-2848.0625000000005,"Sigma":1.0871604494010818,"Taucorr":3.782052549482871},"EnergyVariance":{"Mean":136.76625504032265,"Sigma":19.346806713707082,"Taucorr":3.2842169672469526},"Iteration":10},
{"Acceptance":[0.10176471108047684],"Energy":{"Mean":-2855.905241935483,"Sigma":0.49964386651355075,"Taucorr":0.8752438428935196},"EnergyVariance":{"Mean":89.94666607049949,"Sigma":4.754907099412632,"Taucorr":0.15271151986345066},"Iteration":11},
{"Acceptance":[0.09224304763924604],"Energy":{"Mean":-2861.175403225806,"Sigma":0.495414705542109,"Taucorr":1.0285367597073924},"EnergyVariance":{"Mean":79.56197564386056,"Sigma":6.372977735676563,"Taucorr":0.4846183843839652},"Iteration":12},
{"Acceptance":[0.07937223297367514],"Energy":{"Mean":-2867.064516129032,"Sigma":0.3838667674501224,"Taucorr":0.7171848713851479},"EnergyVariance":{"Mean":59.9857570239334,"Sigma":3.1802166226095574,"Taucorr":0.24967141636776768},"Iteration":13},
{"Acceptance":[0.0686752737202089],"Energy":{"Mean":-2870.599798387096,"Sigma":0.3578499354003838,"Taucorr":0.7169728796999117},"EnergyVariance":{"Mean":52.13923383031998,"Sigma":3.5791160404474973,"Taucorr":0.26791289603675805},"Iteration":14},
{"Acceptance":[0.0623348621015703],"Energy":{"Mean":-2873.6713709677424,"Sigma":0.3727696638602232,"Taucorr":0.953093725623783},"EnergyVariance":{"Mean":47.38393844302809,"Sigma":3.352304244948917,"Taucorr":0.42496233387510707},"Iteration":15},
{"Acceptance":[0.05379850304428126],"Energy":{"Mean":-2877.8598790322585,"Sigma":0.35835854666315176,"Taucorr":1.1572396986615923},"EnergyVariance":{"Mean":38.39669675956035,"Sigma":2.815018287914383,"Taucorr":0.5494415044607899},"Iteration":16},
{"Acceptance":[0.04935800570857966],"Energy":{"Mean":-2879.599798387097,"Sigma":0.3364898617677809,"Taucorr":1.1250344131892136},"EnergyVariance":{"Mean":34.52431447548127,"Sigma":2.2707105983216254,"Taucorr":0.2646245911843619},"Iteration":17},
{"Acceptance":[0.042452038210369115],"Energy":{"Mean":-2882.2026209677424,"Sigma":0.28435735266548723,"Taucorr":0.9589516917500831},"EnergyVariance":{"Mean":27.46196893697971,"Sigma":2.7073935481735147,"Taucorr":0.8791203667134679},"Iteration":18},
{"Acceptance":[0.03857267834893031],"Energy":{"Mean":-2883.7762096774186,"Sigma":0.2753682192915768,"Taucorr":1.0149800919193448},"EnergyVariance":{"Mean":24.800724343132153,"Sigma":2.47667379136833,"Taucorr":0.6471694949522075},"Iteration":19},
{"Acceptance":[0.035086556560006366],"Energy":{"Mean":-2885.248991935484,"Sigma":0.2405055468711459,"Taucorr":1.0066040377317609},"EnergyVariance":{"Mean":19.023688499934966,"Sigma":1.2758375655930823,"Taucorr":0.21998845387929478},"Iteration":20},
{"Acceptance":[0.030690243277396324],"Energy":{"Mean":-2886.7399193548385,"Sigma":0.2071339151094845,"Taucorr":0.6552562318480764},"EnergyVariance":{"Mean":18.402116122528614,"Sigma":1.7294142198484905,"Taucorr":0.25274371408116514},"Iteration":21},
{"Acceptance":[0.027725493314952766],"Energy":{"Mean":-2887.7479838709673,"Sigma":0.1895105881711029,"Taucorr":0.6947991884900351},"EnergyVariance":{"Mean":14.894149161030176,"Sigma":1.4004198078240098,"Taucorr":0.2332244985094586},"Iteration":22},
{"Acceptance":[0.02496398999673038],"Energy":{"Mean":-2888.3356854838707,"Sigma":0.16113967258777806,"Taucorr":0.4702022494299746},"EnergyVariance":{"Mean":13.261307191402185,"Sigma":1.144928716249921,"Taucorr":0.11995053330758487},"Iteration":23},
{"Acceptance":[0.021641349204245205],"Energy":{"Mean":-2889.0927419354844,"Sigma":0.2207164106631207,"Taucorr":1.4374246121234042},"EnergyVariance":{"Mean":12.459140868886577,"Sigma":1.6376101865610118,"Taucorr":0.3568021790218513},"Iteration":24},
{"Acceptance":[0.020501400634483004],"Energy":{"Mean":-2889.915322580645,"Sigma":0.17137294432762062,"Taucorr":1.460612226605664},"EnergyVariance":{"Mean":7.422265218522374,"Sigma":0.5715008809208967,"Taucorr":0.18257782440629267},"Iteration":25},
{"Acceptance":[0.017907796718008535],"Energy":{"Mean":-2890.2187499999995,"Sigma":0.12661092346577624,"Taucorr":0.3287621764761478},"EnergyVariance":{"Mean":9.584204889112906,"Sigma":1.2495449974844448,"Taucorr":0.42663749898648473},"Iteration":26},
{"Acceptance":[0.016683898447372374],"Energy":{"Mean":-2890.697580645162,"Sigma":0.14090948745269036,"Taucorr":0.6768192858055124},"EnergyVariance":{"Mean":8.360155437044746,"Sigma":0.7463722854277285,"Taucorr":-0.05296158438605064},"Iteration":27},
{"Acceptance":[0.014907699513091736],"Energy":{"Mean":-2891.2389112903224,"Sigma":0.12730195907127556,"Taucorr":1.090480701925941},"EnergyVariance":{"Mean":5.048768169549948,"Sigma":0.6534398660508349,"Taucorr":0.4947964663001929},"Iteration":28},
{"Acceptance":[0.014156570610535246],"Energy":{"Mean":-2891.5413306451615,"Sigma":0.1465567724536255,"Taucorr":1.1896815572089032},"EnergyVariance":{"Mean":6.298695003577003,"Sigma":1.0037511993611892,"Taucorr":0.3567094043925211},"Iteration":29},
{"Acceptance":[0.013091734931028692],"Energy":{"Mean":-2891.5625,"Sigma":0.14351312882507858,"Taucorr":0.9541083900391201},"EnergyVariance":{"Mean":7.018271169354838,"Sigma":1.3242445508860772,"Taucorr":0.6071858929072653},"Iteration":30},
{"Acceptance":[0.012561526293929995],"Energy":{"Mean":-2892.131048387097,"Sigma":0.13408218091590024,"Taucorr":1.3926789995941409},"EnergyVariance":{"Mean":4.70661664281998,"Sigma":0.7953155579870398,"Taucorr":-0.0006086047052912824},"Iteration":31},
{"Acceptance":[0.01157180350467909],"Energy":{"Mean":-2892.351814516129,"Sigma":0.19411476969272054,"Taucorr":2.1740924367878445},"EnergyVariance":{"Mean":6.982073320434443,"Sigma":2.1162903258522516,"Taucorr":0.6160913032857225},"Iteration":32},
{"Acceptance":[0.011611569152461493],"Energy":{"Mean":-2892.607862903226,"Sigma":0.17707249359816668,"Taucorr":2.525237632682282},"EnergyVariance":{"Mean":5.135543013462539,"Sigma":0.9332436527112868,"Taucorr":0.670671210783633},"Iteration":33},
{"Acceptance":[0.01121391267463747],"Energy":{"Mean":-2892.4556451612907,"Sigma":0.1467099292136328,"Taucorr":1.6741921476992143},"EnergyVariance":{"Mean":4.905290712799168,"Sigma":0.8312836058812342,"Taucorr":0.3187844819150908},"Iteration":34},
{"Acceptance":[0.010573243904809876],"Energy":{"Mean":-2892.9254032258063,"Sigma":0.13490399298103656,"Taucorr":1.5421293820299358},"EnergyVariance":{"Mean":4.415806289021853,"Sigma":0.7215614782819465,"Taucorr":0.244574492363958},"Iteration":35},
{"Acceptance":[0.010878113871141628],"Energy":{"Mean":-2892.9153225806454,"Sigma":0.1559149199313543,"Taucorr":1.4401193190103456},"EnergyVariance":{"Mean":6.208555541103016,"Sigma":0.9861730507153275,"Taucorr":-0.09000989699508555},"Iteration":36},
{"Acceptance":[0.010754398522485265],"Energy":{"Mean":-2893.627016129032,"Sigma":0.12969132964837474,"Taucorr":2.0144670005642764},"EnergyVariance":{"Mean":3.3145120642559833,"Sigma":0.48398296565133436,"Taucorr":0.3611066015547043},"Iteration":37},
{"Acceptance":[0.010458365366771825],"Energy":{"Mean":-2893.3124999999995,"Sigma":0.1635909923217626,"Taucorr":2.7248319696832497},"EnergyVariance":{"Mean":4.112021169354837,"Sigma":0.4881517431445251,"Taucorr":0.05140999516682532},"Iteration":38},
{"Acceptance":[0.010286047559714748],"Energy":{"Mean":-2893.5947580645166,"Sigma":0.14139376092863987,"Taucorr":1.5613997677281861},"EnergyVariance":{"Mean":4.805537038241417,"Sigma":0.8675985091004853,"Taucorr":0.5080388899373203},"Iteration":39},
{"Acceptance":[0.010100474536730204],"Energy":{"Mean":-2893.8014112903224,"Sigma":0.1546731480735949,"Taucorr":2.2643953125944725},"EnergyVariance":{"Mean":4.288183492130592,"Sigma":0.6174466181741916,"Taucorr":0.3443318824372067},"Iteration":40},
{"Acceptance":[0.009172609421807481],"Energy":{"Mean":-2893.7631048387093,"Sigma":0.18005943678709052,"Taucorr":2.9694408873184455},"EnergyVariance":{"Mean":4.630372618041103,"Sigma":1.0103779622680908,"Taucorr":0.4569038104024028},"Iteration":41},
{"Acceptance":[0.008686584837800342],"Energy":{"Mean":-2894.1693548387098,"Sigma":0.16385250701674522,"Taucorr":3.7741301233362474},"EnergyVariance":{"Mean":3.112447970863683,"Sigma":0.4058495222795108,"Taucorr":0.2990575216462301},"Iteration":42},
{"Acceptance":[0.007864761450297358],"Energy":{"Mean":-2894.622983870968,"Sigma":0.10928553833503864,"Taucorr":0.8480095394704827},"EnergyVariance":{"Mean":4.390116902965662,"Sigma":1.2321662272842433,"Taucorr":0.8461302763444147},"Iteration":43},
{"Acceptance":[0.007157816600832427],"Energy":{"Mean":-2894.658266129032,"Sigma":0.08636863971841761,"Taucorr":0.6454105119446225},"EnergyVariance":{"Mean":3.226967961433402,"Sigma":0.6367459209020816,"Taucorr":0.13968109292065112},"Iteration":44},
{"Acceptance":[0.0064950558044590545],"Energy":{"Mean":-2894.7620967741937,"Sigma":0.13405287267232951,"Taucorr":3.317433421745481},"EnergyVariance":{"Mean":2.3325149583766907,"Sigma":0.3515367380089364,"Taucorr":0.5359520062639076},"Iteration":45},
{"Acceptance":[0.006477382183222431],"Energy":{"Mean":-2894.863911290323,"Sigma":0.08517638131505832,"Taucorr":0.8234114245384458},"EnergyVariance":{"Mean":2.7163588953563997,"Sigma":0.42244267411879544,"Taucorr":0.28336591679989864},"Iteration":46},
{"Acceptance":[0.005531843447063086],"Energy":{"Mean":-2895.0695564516127,"Sigma":0.10646039492122593,"Taucorr":1.3870595779595474},"EnergyVariance":{"Mean":2.97600867423257,"Sigma":1.1798146835871393,"Taucorr":1.624208543168081},"Iteration":47},
{"Acceptance":[0.005028145241819323],"Energy":{"Mean":-2895.2530241935483,"Sigma":0.050832180078814855,"Taucorr":0.21293377221021426},"EnergyVariance":{"Mean":1.7958577897372525,"Sigma":0.3033745278811418,"Taucorr":0.08665507068144374},"Iteration":48},
{"Acceptance":[0.004316781987045236],"Energy":{"Mean":-2895.220766129033,"Sigma":0.07251621243967189,"Taucorr":0.5377971342035242},"EnergyVariance":{"Mean":2.5107381227237253,"Sigma":0.5763586907874687,"Taucorr":0.10043719440968435},"Iteration":49} 
]}