{"Output": [
{"Acceptance":[0.9184434968017058],"Energy":{"Mean":-2488.8467741935483,"Sigma":3.6584281361443423,"Taucorr":0.023845335629317677},"EnergyVariance":{"Mean":1571.3071670135275,"Sigma":201.13983285529991,"Taucorr":0.04239938739569382},"Iteration":0},
{"Acceptance":[0.9136460554371002],"Energy":{"Mean":-2492.927419354839,"Sigma":2.9656001212375744,"Taucorr":-0.05024163153323152},"EnergyVariance":{"Mean":1202.5995707596255,"Sigma":186.9001950828819,"Taucorr":0.12314747595298392},"Iteration":1},
{"Acceptance":[0.907498223169865],"Energy":{"Mean":-2493.2096774193546,"Sigma":2.445510940472814,"Taucorr":-0.03808923910582712},"EnergyVariance":{"Mean":796.2624869927159,"Sigma":87.30502503672197,"Taucorr":-0.1725812422882136},"Iteration":2},
{"Acceptance":[0.9009239516702203],"Energy":{"Mean":-2491.846774193548,"Sigma":3.66663020667396,"Taucorr":0.1380153444229617},"EnergyVariance":{"Mean":1295.9200702393339,"Sigma":172.24981536338808,"Taucorr":-0.08199799226873372},"Iteration":3},
{"Acceptance":[0.8856076759061834],"Energy":{"Mean":-2501.346774193548,"Sigma":3.3338980184200415,"Taucorr":0.12479352613520422},"EnergyVariance":{"Mean":1094.0652315296568,"Sigma":164.58454737403255,"Taucorr":0.1748842349197116},"Iteration":4},
{"Acceptance":[0.8900142146410803],"Energy":{"Mean":-2490.911290322581,"Sigma":3.5042130631304507,"Taucorr":0.1700309164735896},"EnergyVariance":{"Mean":1127.0969693028096,"Sigma":142.41412092191771,"Taucorr":0.03815333361965989},"Iteration":5},
{"Acceptance":[0.881592039800995],"Energy":{"Mean":-2499.25,"Sigma":3.2632484310239867,"Taucorr":0.10367915849725873},"EnergyVariance":{"Mean":1084.8487903225807,"Sigma":179.01432569363453,"Taucorr":0.2782115428198143},"Iteration":6},
{"Acceptance":[0.8769367448471926],"Energy":{"Mean":-2496.9677419354834,"Sigma":2.8020188079187798,"Taucorr":-0.0474297126182045},"EnergyVariance":{"Mean":1066.9183142559834,"Sigma":135.88245368214425,"Taucorr":0.01604610135816209},"Iteration":7},
{"Acceptance":[0.8637882018479034],"Energy":{"Mean":-2498.4193548387098,"Sigma":2.8559357894457973,"Taucorr":-0.013314312721325161},"EnergyVariance":{"Mean":1030.6789802289284,"Sigma":135.47916804613112,"Taucorr":-0.07511885858316975},"Iteration":8},
{"Acceptance":[0.8385216773276475],"Energy":{"Mean":-2506.6693548387098,"Sigma":3.820561714471141,"Taucorr":0.19076958878312789},"EnergyVariance":{"Mean":1299.5600286160252,"Sigma":216.21267471749948,"Taucorr":0.22732798886931438},"Iteration":9},
{"Acceptance":[0.7833333333333333],"Energy":{"Mean":-2508.7419354838707,"Sigma":3.203125235294365,"Taucorr":-0.02718139746047238},"EnergyVariance":{"Mean":1334.530176899063,"Sigma":187.9558095269231,"Taucorr":0.15124252556742623},"Iteration":10},
{"Acceptance":[0.6707533759772566],"Energy":{"Mean":-2537.1451612903224,"Sigma":3.8355961214209877,"Taucorr":0.20626236304321977},"EnergyVariance":{"Mean":1281.07570239334,"Sigma":158.98317634299337,"Taucorr":-0.06631104388636694},"Iteration":11},
{"Acceptance":[0.5452380952380952],"Energy":{"Mean":-2571.4677419354844,"Sigma":3.8594379141053587,"Taucorr":0.18130963199755068},"EnergyVariance":{"Mean":1344.5554110301766,"Sigma":186.01117321580872,"Taucorr":0.0530680800861385},"Iteration":12},
{"Acceptance":[0.4217128642501777],"Energy":{"Mean":-2626.2661290322576,"Sigma":4.123430549981457,"Taucorr":0.3443201798987955},"EnergyVariance":{"Mean":1238.4694979188346,"Sigma":170.21799008720654,"Taucorr":0.11562899950480443},"Iteration":13},
{"Acceptance":[0.34893390191897655],"Energy":{"Mean":-2675.1209677419347,"Sigma":3.726014168207854,"Taucorr":0.36087494258164443},"EnergyVariance":{"Mean":991.7998829344434,"Sigma":141.2786923974284,"Taucorr":0.15209580321315397},"Iteration":14},
{"Acceptance":[0.29164889836531627],"Energy":{"Mean":-2708.3951612903224,"Sigma":3.361062903787864,"Taucorr":0.3834374784722303},"EnergyVariance":{"Mean":786.4164281997918,"Sigma":94.17341350543508,"Taucorr":-0.03780522135643627},"Iteration":15},
{"Acceptance":[0.2464818763326226],"Energy":{"Mean":-2739.6774193548385,"Sigma":2.726468075203838,"Taucorr":0.37187997372483594},"EnergyVariance":{"Mean":524.3475546305932,"Sigma":59.70615878258302,"Taucorr":0.006378837746936039},"Iteration":16},
{"Acceptance":[0.23542999289267946],"Energy":{"Mean":-2757.701612903226,"Sigma":2.8662013412073044,"Taucorr":0.37385573111125237},"EnergyVariance":{"Mean":578.1609651404788,"Sigma":54.946064634721324,"Taucorr":-0.05849249177886967},"Iteration":17},
{"Acceptance":[0.2062899786780384],"Energy":{"Mean":-2781.4677419354844,"Sigma":2.9729457065550484,"Taucorr":0.37722780861008165},"EnergyVariance":{"Mean":619.6360561914673,"Sigma":78.34309445912865,"Taucorr":0.1322874519799374},"Iteration":18},
{"Acceptance":[0.17274342572850035],"Energy":{"Mean":-2805.6290322580644,"Sigma":2.058841116496365,"Taucorr":0.35832421119170343},"EnergyVariance":{"Mean":303.7172216441206,"Sigma":42.04486500672245,"Taucorr":0.11712203576896629},"Iteration":19},
{"Acceptance":[0.15145700071073206],"Energy":{"Mean":-2818.008064516129,"Sigma":1.8392554839785453,"Taucorr":0.3203027944636463},"EnergyVariance":{"Mean":253.6209027055151,"Sigma":33.07977032820737,"Taucorr":0.38579280563432794},"Iteration":20},
{"Acceptance":[0.13624733475479744],"Energy":{"Mean":-2831.951612903226,"Sigma":1.8391435066399717,"Taucorr":0.43669935302793306},"EnergyVariance":{"Mean":222.07830385015612,"Sigma":39.58329599442953,"Taucorr":0.11468888950852385},"Iteration":21},
{"Acceptance":[0.11762615493958778],"Energy":{"Mean":-2842.516129032258,"Sigma":1.4198068683912832,"Taucorr":0.1127348095423033},"EnergyVariance":{"Mean":202.33038501560875,"Sigma":63.33323002059725,"Taucorr":-0.012561047853585805},"Iteration":22},
{"Acceptance":[0.10319829424307037],"Energy":{"Mean":-2846.6532258064526,"Sigma":1.1633214763942885,"Taucorr":0.4007081910722403},"EnergyVariance":{"Mean":92.40394120707596,"Sigma":16.118238450121734,"Taucorr":0.28073522805914475},"Iteration":23},
{"Acceptance":[0.1],"Energy":{"Mean":-2853.2419354838717,"Sigma":0.7404847902505762,"Taucorr":0.014785647624157128},"EnergyVariance":{"Mean":65.50598335067637,"Sigma":7.335560380082554,"Taucorr":-0.15141636544729065},"Iteration":24},
{"Acceptance":[0.09015636105188345],"Energy":{"Mean":-2857.475806451613,"Sigma":0.8045030222005446,"Taucorr":0.19041667653732053},"EnergyVariance":{"Mean":57.65264047866804,"Sigma":9.43433656282296,"Taucorr":0.12561351316050862},"Iteration":25},
{"Acceptance":[0.08898365316275764],"Energy":{"Mean":-2858.7661290322585,"Sigma":1.1659907114681218,"Taucorr":0.4921141479533776},"EnergyVariance":{"Mean":84.27594953173777,"Sigma":18.96676616198586,"Taucorr":0.5184909259749264},"Iteration":26},
{"Acceptance":[0.08127221037668798],"Energy":{"Mean":-2861.8951612903224,"Sigma":0.6947164457482325,"Taucorr":0.1702088072332819},"EnergyVariance":{"Mean":44.28739594172737,"Sigma":5.569694190656071,"Taucorr":0.02497117832076945},"Iteration":27},
{"Acceptance":[0.07437810945273632],"Energy":{"Mean":-2864.645161290323,"Sigma":0.812021090748902,"Taucorr":0.2383454827066953},"EnergyVariance":{"Mean":54.92247658688865,"Sigma":11.445867431289184,"Taucorr":-0.04628380038623542},"Iteration":28},
{"Acceptance":[0.07125088841506752],"Energy":{"Mean":-2866.41935483871,"Sigma":0.46682799104417216,"Taucorr":-0.17363342370991636},"EnergyVariance":{"Mean":41.06607700312174,"Sigma":6.900726888665893,"Taucorr":-0.04995151783240098},"Iteration":29},
{"Acceptance":[0.06357498223169865],"Energy":{"Mean":-2867.887096774193,"Sigma":0.5970175324866225,"Taucorr":0.10183398924353482},"EnergyVariance":{"Mean":36.422736732570236,"Sigma":4.667062749082827,"Taucorr":0.02522376402686588},"Iteration":30},
{"Acceptance":[0.054371002132196165],"Energy":{"Mean":-2870.8306451612902,"Sigma":0.722282364510266,"Taucorr":0.3505547385099592},"EnergyVariance":{"Mean":37.72131893860561,"Sigma":6.60436669227282,"Taucorr":0.06368474658883361},"Iteration":31},
{"Acceptance":[0.05081734186211798],"Energy":{"Mean":-2871.8870967741937,"Sigma":0.7985065621492268,"Taucorr":0.44006969347346814},"EnergyVariance":{"Mean":41.713059313215396,"Sigma":9.281172652604694,"Taucorr":0.5996868092204295},"Iteration":32},
{"Acceptance":[0.05042643923240938],"Energy":{"Mean":-2873.395161290323,"Sigma":0.4166840093511861,"Taucorr":0.09225558132740563},"EnergyVariance":{"Mean":18.029331425598336,"Sigma":2.604132608655082,"Taucorr":0.05923576423931043},"Iteration":33},
{"Acceptance":[0.04545131485429993],"Energy":{"Mean":-2874.5806451612902,"Sigma":0.5684807021405471,"Taucorr":0.21721710069281586},"EnergyVariance":{"Mean":27.711238293444328,"Sigma":4.134115953455027,"Taucorr":0.2975867198663378},"Iteration":34},
{"Acceptance":[0.045060412224591326],"Energy":{"Mean":-2875.75,"Sigma":0.5090577422515528,"Taucorr":0.13722692462718744},"EnergyVariance":{"Mean":25.0100806451613,"Sigma":5.236377533226777,"Taucorr":0.10453760533542211},"Iteration":35},
{"Acceptance":[0.04470504619758351],"Energy":{"Mean":-2876.0000000000005,"Sigma":0.660421012671839,"Taucorr":0.33529005524861977},"EnergyVariance":{"Mean":32.11290322580644,"Sigma":7.728419821985389,"Taucorr":0.27163860875885504},"Iteration":36},
{"Acceptance":[0.04253731343283582],"Energy":{"Mean":-2877.354838709678,"Sigma":0.4806433571446183,"Taucorr":0.36259042233943684},"EnergyVariance":{"Mean":16.47086368366285,"Sigma":2.436521324315208,"Taucorr":0.033062863959600564},"Iteration":37},
{"Acceptance":[0.04331911869225302],"Energy":{"Mean":-2877.612903225807,"Sigma":0.41766097110527184,"Taucorr":0.1580943603983137},"EnergyVariance":{"Mean":16.301768990634756,"Sigma":3.5923418328313743,"Taucorr":0.0388302068350761},"Iteration":38},
{"Acceptance":[0.04076048329779673],"Energy":{"Mean":-2878.0483870967746,"Sigma":0.5537530012587446,"Taucorr":0.32117038027166367},"EnergyVariance":{"Mean":22.965400624349638,"Sigma":5.132942997900498,"Taucorr":0.45231608229124864},"Iteration":39},
{"Acceptance":[0.03742004264392324],"Energy":{"Mean":-2879.1612903225814,"Sigma":0.46699513983690455,"Taucorr":0.2856823377019222},"EnergyVariance":{"Mean":17.070759625390217,"Sigma":5.393047887339587,"Taucorr":0.6697748174734979},"Iteration":40},
{"Acceptance":[0.03958777540867093],"Energy":{"Mean":-2880.048387096774,"Sigma":0.2836066095557271,"Taucorr":-0.07336321209810703},"EnergyVariance":{"Mean":11.59443288241415,"Sigma":2.0827547261653443,"Taucorr":0.12850130064304388},"Iteration":41},
{"Acceptance":[0.04147121535181237],"Energy":{"Mean":-2879.9354838709683,"Sigma":0.4732022774897,"Taucorr":0.27076477868375826},"EnergyVariance":{"Mean":17.866805411030178,"Sigma":2.9034635044491792,"Taucorr":0.06295329919293913},"Iteration":42},
{"Acceptance":[0.03731343283582089],"Energy":{"Mean":-2882.1048387096766,"Sigma":0.3823692048403732,"Taucorr":-0.017253792838582638},"EnergyVariance":{"Mean":18.62610561914672,"Sigma":3.6499269266430785,"Taucorr":0.22062627916875033},"Iteration":43},
{"Acceptance":[0.04136460554371002],"Energy":{"Mean":-2881.75,"Sigma":0.5166579950711646,"Taucorr":0.17288653830259948},"EnergyVariance":{"Mean":24.39717741935484,"Sigma":3.56989723004606,"Taucorr":0.028677696244299056},"Iteration":44},
{"Acceptance":[0.03653162757640369],"Energy":{"Mean":-2882.8790322580644,"Sigma":0.5211740994147748,"Taucorr":0.30624491884274185},"EnergyVariance":{"Mean":20.719237773152965,"Sigma":3.8531487527577633,"Taucorr":-0.011060948441633744},"Iteration":45},
{"Acceptance":[0.03653162757640369],"Energy":{"Mean":-2884.3629032258063,"Sigma":0.635723987167287,"Taucorr":0.2801234172241146},"EnergyVariance":{"Mean":31.86023673257024,"Sigma":8.26555215787596,"Taucorr":0.1576754095352838},"Iteration":46},
{"Acceptance":[0.03635394456289979],"Energy":{"Mean":-2886.032258064515,"Sigma":0.5239867251206807,"Taucorr":0.34637012648328946},"EnergyVariance":{"Mean":19.95057232049948,"Sigma":2.2748788634333166,"Taucorr":0.10998438997586568},"Iteration":47},
{"Acceptance":[0.034363894811656005],"Energy":{"Mean":-2887.983870967742,"Sigma":0.6577633455885571,"Taucorr":0.49201469375877627},"EnergyVariance":{"Mean":26.822320499479712,"Sigma":5.21923929308156,"Taucorr":0.09711604329205181},"Iteration":48},
{"Acceptance":[0.032800284292821606],"Energy":{"Mean":-2888.693548387097,"Sigma":0.6632347495317867,"Taucorr":0.353492256301269},"EnergyVariance":{"Mean":31.696409989594176,"Sigma":6.265651814650432,"Taucorr":0.28090194823036563},"Iteration":49} 
]}