{"Output": [
{"Acceptance":[0.919701726844584],"Energy":{"Mean":-511.37096774193554,"Sigma":1.7249306892629124,"Taucorr":0.16243352347479723},"EnergyVariance":{"Mean":276.2333506763787,"Sigma":33.32040856305192,"Taucorr":-0.07505214480020478},"Iteration":0},
{"Acceptance":[0.9009419152276296],"Energy":{"Mean":-510.7903225806451,"Sigma":1.449095786579318,"Taucorr":0.07305181575031727},"EnergyVariance":{"Mean":225.3592611862643,"Sigma":30.601511941623137,"Taucorr":-0.04602047870062026},"Iteration":1},
{"Acceptance":[0.8692307692307693],"Energy":{"Mean":-516.7903225806451,"Sigma":1.1279737741814178,"Taucorr":-0.16408513425528243},"EnergyVariance":{"Mean":232.9399063475546,"Sigma":25.38960640961943,"Taucorr":-0.07151962383579857},"Iteration":2},
{"Acceptance":[0.8390894819466248],"Energy":{"Mean":-515.5,"Sigma":1.7264934317548017,"Taucorr":0.22386157373499305},"EnergyVariance":{"Mean":253.24999999999997,"Sigma":41.51997834959139,"Taucorr":0.1903262939607222},"Iteration":3},
{"Acceptance":[0.7335949764521194],"Energy":{"Mean":-521.7016129032256,"Sigma":1.8544634964111142,"Taucorr":0.29879727242559484},"EnergyVariance":{"Mean":264.77386836628517,"Sigma":27.446364499959444,"Taucorr":-0.12013806815467121},"Iteration":4},
{"Acceptance":[0.5279434850863423],"Energy":{"Mean":-537.7016129032257,"Sigma":1.9536779264163502,"Taucorr":0.3576636637963908},"EnergyVariance":{"Mean":273.6932232049948,"Sigma":41.845679897535845,"Taucorr":0.003347979937853629},"Iteration":5},
{"Acceptance":[0.35062794348508636],"Energy":{"Mean":-555.5725806451612,"Sigma":1.5051968018892503,"Taucorr":0.28199181734927903},"EnergyVariance":{"Mean":178.18021592091574,"Sigma":21.18309287449947,"Taucorr":-0.10037559413830727},"Iteration":6},
{"Acceptance":[0.2532967032967033],"Energy":{"Mean":-569.7096774193549,"Sigma":1.113944891966312,"Taucorr":0.11441219776813283},"EnergyVariance":{"Mean":124.20603537981268,"Sigma":19.906976457080493,"Taucorr":0.10795571101250134},"Iteration":7},
{"Acceptance":[0.18728414442700156],"Energy":{"Mean":-577.233870967742,"Sigma":1.0897207571104088,"Taucorr":0.19573274283756514},"EnergyVariance":{"Mean":104.96949791883453,"Sigma":15.473145787912136,"Taucorr":0.09937614706003417},"Iteration":8},
{"Acceptance":[0.12700156985871272],"Energy":{"Mean":-586.9354838709679,"Sigma":0.8359342000536185,"Taucorr":0.3052821947724004},"EnergyVariance":{"Mean":53.36680541103018,"Sigma":7.801182578775206,"Taucorr":0.17518379779599413},"Iteration":9},
{"Acceptance":[0.08822605965463108],"Energy":{"Mean":-592.2338709677421,"Sigma":0.7745910717774152,"Taucorr":0.3665426492981302},"EnergyVariance":{"Mean":42.582401144641,"Sigma":11.135297764740857,"Taucorr":0.6413007144263869},"Iteration":10},
{"Acceptance":[0.06459968602825746],"Energy":{"Mean":-594.3306451612902,"Sigma":0.47240904807826234,"Taucorr":0.21948314951502934},"EnergyVariance":{"Mean":19.076157648283033,"Sigma":3.1403851619026137,"Taucorr":0.01855933118220432},"Iteration":11},
{"Acceptance":[0.05102040816326531],"Energy":{"Mean":-596.0645161290323,"Sigma":0.3522141451213836,"Taucorr":0.1490925589836677},"EnergyVariance":{"Mean":11.753902185223726,"Sigma":2.8410085103996963,"Taucorr":0.19646860227387541},"Iteration":12},
{"Acceptance":[0.03736263736263736],"Energy":{"Mean":-597.5483870967744,"Sigma":0.3457536871958153,"Taucorr":0.21856852275615535},"EnergyVariance":{"Mean":10.2315296566077,"Sigma":1.964386634802072,"Taucorr":0.2765253050228216},"Iteration":13},
{"Acceptance":[0.027158555729984303],"Energy":{"Mean":-598.3951612903226,"Sigma":0.214956295116632,"Taucorr":0.10791234782610049},"EnergyVariance":{"Mean":4.674492715920915,"Sigma":0.9353812617662987,"Taucorr":0.17899503227867386},"Iteration":14},
{"Acceptance":[0.01946624803767661],"Energy":{"Mean":-598.758064516129,"Sigma":0.21012153132359201,"Taucorr":-0.003941114966023063},"EnergyVariance":{"Mean":5.47372528616025,"Sigma":1.140858229283613,"Taucorr":0.07972021377385263},"Iteration":15},
{"Acceptance":[0.015070643642072213],"Energy":{"Mean":-599.6532258064516,"Sigma":0.14786901141530634,"Taucorr":0.40578262583780755},"EnergyVariance":{"Mean":1.4845863683662854,"Sigma":0.4822730055643758,"Taucorr":0.11033369617177846},"Iteration":16},
{"Acceptance":[0.013814756671899528],"Energy":{"Mean":-599.8064516129032,"Sigma":0.12087810298880222,"Taucorr":0.05338833707145585},"EnergyVariance":{"Mean":1.6238293444328822,"Sigma":0.45975183531325364,"Taucorr":-0.03258086204996313},"Iteration":17},
{"Acceptance":[0.009733124018838305],"Energy":{"Mean":-600.0806451612904,"Sigma":0.25090885784038985,"Taucorr":0.40380761523046804},"EnergyVariance":{"Mean":4.283818938605618,"Sigma":0.9605733507559656,"Taucorr":0.012724277862955269},"Iteration":18},
{"Acceptance":[0.009654631083202511],"Energy":{"Mean":-600.8467741935484,"Sigma":0.24420086351452922,"Taucorr":0.28396518886154787},"EnergyVariance":{"Mean":4.678134755463059,"Sigma":0.8260225751858213,"Taucorr":0.30153787914399366},"Iteration":19},
{"Acceptance":[0.009654631083202511],"Energy":{"Mean":-600.4193548387096,"Sigma":0.22100305816200977,"Taucorr":0.36986778665058573},"EnergyVariance":{"Mean":3.453173777315296,"Sigma":0.8873728543859607,"Taucorr":0.40854676530192535},"Iteration":20},
{"Acceptance":[0.00847723704866562],"Energy":{"Mean":-600.6935483870968,"Sigma":0.21273616775831447,"Taucorr":0.13870515193122446},"EnergyVariance":{"Mean":4.357700312174818,"Sigma":0.7378901419783498,"Taucorr":-0.03150350407684177},"Iteration":21},
{"Acceptance":[0.012637362637362638],"Energy":{"Mean":-601.5806451612904,"Sigma":0.2833618969095655,"Taucorr":0.3720128169790524},"EnergyVariance":{"Mean":5.662851196670136,"Sigma":0.5197188447353931,"Taucorr":0.2458640270535195},"Iteration":22},
{"Acceptance":[0.014913657770800628],"Energy":{"Mean":-602.5322580645159,"Sigma":0.19802178096634668,"Taucorr":-0.11507702528751262},"EnergyVariance":{"Mean":6.2650884495317385,"Sigma":0.23315760920990525,"Taucorr":0.10382994198096962},"Iteration":23},
{"Acceptance":[0.011145996860282574],"Energy":{"Mean":-603.4677419354839,"Sigma":0.2614943448790935,"Taucorr":0.27728879165264386},"EnergyVariance":{"Mean":5.410249739854318,"Sigma":0.5141207796614993,"Taucorr":0.14997640380987254},"Iteration":24},
{"Acceptance":[0.005494505494505495],"Energy":{"Mean":-604.1532258064516,"Sigma":0.19731988498389932,"Taucorr":0.05802603858803834},"EnergyVariance":{"Mean":4.29103798126951,"Sigma":1.2725777759224544,"Taucorr":-0.0010692661273977166},"Iteration":25},
{"Acceptance":[0.003924646781789639],"Energy":{"Mean":-604.7661290322578,"Sigma":0.1181940061971744,"Taucorr":-0.029064917471715523},"EnergyVariance":{"Mean":1.8243366285119667,"Sigma":0.7062691543104481,"Taucorr":0.05598339351078163},"Iteration":26},
{"Acceptance":[0.002354788069073783],"Energy":{"Mean":-604.7419354838709,"Sigma":0.1522606843222784,"Taucorr":0.38512193152456864},"EnergyVariance":{"Mean":1.610822060353798,"Sigma":1.2365838083791174,"Taucorr":0.479246341854046},"Iteration":27},
{"Acceptance":[0.0029827315541601255],"Energy":{"Mean":-604.8306451612906,"Sigma":0.07810516137292597,"Taucorr":-0.12313320702945046},"EnergyVariance":{"Mean":0.995512486992716,"Sigma":0.40541478806048736,"Taucorr":0.062099855178808894},"Iteration":28},
{"Acceptance":[0.0018838304552590266],"Energy":{"Mean":-605.0725806451613,"Sigma":0.07530720987050644,"Taucorr":0.29578572488497823},"EnergyVariance":{"Mean":0.43828043704474506,"Sigma":0.2285539146987704,"Taucorr":0.04055672489718887},"Iteration":29},
{"Acceptance":[0.002197802197802198],"Energy":{"Mean":-604.717741935484,"Sigma":0.1675013783781619,"Taucorr":0.7957802197802131},"EnergyVariance":{"Mean":1.3316207075962534,"Sigma":0.7531047127125801,"Taucorr":0.9952814537591865},"Iteration":30},
{"Acceptance":[0.0014913657770800628],"Energy":{"Mean":-605.0645161290321,"Sigma":0.05675800111220264,"Taucorr":0.46401898734169567},"EnergyVariance":{"Mean":0.20551508844953176,"Sigma":0.10175807084623734,"Taucorr":0.4273905348398178},"Iteration":31},
{"Acceptance":[0.0014913657770800628],"Energy":{"Mean":-605.016129032258,"Sigma":0.01612903225806443,"Taucorr":1.9984014443252818e-15},"EnergyVariance":{"Mean":0.03199791883454735,"Sigma":0.03173777315296614,"Taucorr":0.0},"Iteration":32},
{"Acceptance":[0.002354788069073783],"Energy":{"Mean":-605.0241935483871,"Sigma":0.02419354838709689,"Taucorr":-0.0915129151291521},"EnergyVariance":{"Mean":0.08812434963579606,"Sigma":0.05219816240208241,"Taucorr":0.11500777791846495},"Iteration":33},
{"Acceptance":[0.0018838304552590266],"Energy":{"Mean":-604.9354838709676,"Sigma":0.12046490472705292,"Taucorr":0.49267216435183725},"EnergyVariance":{"Mean":0.8990634755463063,"Sigma":0.7754926885171239,"Taucorr":0.5005390755710992},"Iteration":34},
{"Acceptance":[0.0012558869701726845],"Energy":{"Mean":-604.9032258064517,"Sigma":0.06827110268386724,"Taucorr":-0.012012843224148306},"EnergyVariance":{"Mean":0.5874089490114466,"Sigma":0.5057471537104129,"Taucorr":-0.003708083553142394},"Iteration":35},
{"Acceptance":[0.0009419152276295133],"Energy":{"Mean":-605.0564516129032,"Sigma":0.03612567188673458,"Taucorr":0.28957133717207073},"EnergyVariance":{"Mean":0.10165192507804371,"Sigma":0.067202508004235,"Taucorr":0.31384051277253777},"Iteration":36},
{"Acceptance":[0.001098901098901099],"Energy":{"Mean":-605.0241935483873,"Sigma":0.033510628047843695,"Taucorr":0.28369003690035133},"EnergyVariance":{"Mean":0.08812434963579605,"Sigma":0.049437662153469515,"Taucorr":0.05167846368857065},"Iteration":37},
{"Acceptance":[0.0006279434850863422],"Energy":{"Mean":-605.016129032258,"Sigma":0.016129032258065248,"Taucorr":4.063416270128073e-14},"EnergyVariance":{"Mean":0.03199791883454735,"Sigma":0.03173777315296614,"Taucorr":0.0},"Iteration":38},
{"Acceptance":[0.0007849293563579278],"Energy":{"Mean":-605.0483870967741,"Sigma":0.03558148840381507,"Taucorr":0.3245179063360897},"EnergyVariance":{"Mean":0.0944328824141519,"Sigma":0.06771960696210397,"Taucorr":0.3245179063360877},"Iteration":39},
{"Acceptance":[0.0015698587127158557],"Energy":{"Mean":-604.8709677419356,"Sigma":0.06545022706896102,"Taucorr":0.1290062111801351},"EnergyVariance":{"Mean":0.41883454734651404,"Sigma":0.20910556706097833,"Taucorr":0.07943137048232551},"Iteration":40},
{"Acceptance":[0.00141287284144427],"Energy":{"Mean":-604.9919354838709,"Sigma":0.008064516129036338,"Taucorr":3.9190872769268026e-13},"EnergyVariance":{"Mean":0.007999479708636839,"Sigma":0.0079344432882397,"Taucorr":0.0},"Iteration":41},
{"Acceptance":[0.0012558869701726845],"Energy":{"Mean":-605.0403225806454,"Sigma":0.023465755744944066,"Taucorr":-0.02273143904664421},"EnergyVariance":{"Mean":0.07095473465140478,"Sigma":0.04332654540725917,"Taucorr":-0.018332376969072306},"Iteration":42},
{"Acceptance":[0.0009419152276295133],"Energy":{"Mean":-605.0,"Sigma":0.0,"Taucorr":null},"EnergyVariance":{"Mean":0.0,"Sigma":0.0,"Taucorr":null},"Iteration":43},
{"Acceptance":[0.0015698587127158557],"Energy":{"Mean":-604.9354838709678,"Sigma":0.06756890343758516,"Taucorr":-0.03875000000007012},"EnergyVariance":{"Mean":0.6087408949011447,"Sigma":0.5107115858561188,"Taucorr":-0.0024384247515874535},"Iteration":44},
{"Acceptance":[0.0012558869701726845],"Energy":{"Mean":-604.9112903225807,"Sigma":0.09095401406368313,"Taucorr":0.03452681926882872},"EnergyVariance":{"Mean":0.9518080124869931,"Sigma":0.5367067315730671,"Taucorr":-0.020347515232863544},"Iteration":45},
{"Acceptance":[0.001098901098901099],"Energy":{"Mean":-605.0161290322582,"Sigma":0.019863390539694263,"Taucorr":0.004189189189371723},"EnergyVariance":{"Mean":0.04812695109261187,"Sigma":0.033151720160661924,"Taucorr":-0.012887838871288415},"Iteration":46},
{"Acceptance":[0.001805337519623234],"Energy":{"Mean":-604.9596774193546,"Sigma":0.03298903001428594,"Taucorr":1.2295798319327884},"EnergyVariance":{"Mean":0.03869667013527576,"Sigma":0.030328624367958957,"Taucorr":1.2295798319327733},"Iteration":47},
{"Acceptance":[0.0011773940345368916],"Energy":{"Mean":-604.9596774193545,"Sigma":0.049318983391681906,"Taucorr":0.4867438867439279},"EnergyVariance":{"Mean":0.15159989594172735,"Sigma":0.08772201489319294,"Taucorr":0.10733054317092772},"Iteration":48},
{"Acceptance":[0.0015698587127158557],"Energy":{"Mean":-605.0322580645162,"Sigma":0.022426509263027125,"Taucorr":-0.012704918032748536},"EnergyVariance":{"Mean":0.06347554630593132,"Sigma":0.04340614696069176,"Taucorr":-0.012704918032787005},"Iteration":49},
{"Acceptance":[0.0015698587127158557],"Energy":{"Mean":-604.9999999999999,"Sigma":0.06659942845826117,"Taucorr":0.012499999999939893},"EnergyVariance":{"Mean":0.5322580645161291,"Sigma":0.39769867819782273,"Taucorr":-0.0013539374541576832},"Iteration":50},
{"Acceptance":[0.001098901098901099],"Energy":{"Mean":-605.0241935483872,"Sigma":0.052305500838510086,"Taucorr":0.8976769313884156},"EnergyVariance":{"Mean":0.12038241415192508,"Sigma":0.09542415822770414,"Taucorr":0.9704734498906351},"Iteration":51},
{"Acceptance":[0.001098901098901099],"Energy":{"Mean":-605.008064516129,"Sigma":0.021639367524190708,"Taucorr":0.010726643598573116},"EnergyVariance":{"Mean":0.05638657648283039,"Sigma":0.03400134909380311,"Taucorr":-0.020398584329913982},"Iteration":52},
{"Acceptance":[0.0007849293563579278],"Energy":{"Mean":-605.0645161290324,"Sigma":0.04485301852605207,"Taucorr":0.49083333333331913},"EnergyVariance":{"Mean":0.12486992715920917,"Sigma":0.08391855079066293,"Taucorr":0.4908333333333331},"Iteration":53},
{"Acceptance":[0.0018838304552590266],"Energy":{"Mean":-605.0,"Sigma":0.07332355751067898,"Taucorr":0.16129032258067666},"EnergyVariance":{"Mean":0.5,"Sigma":0.2996413626930687,"Taucorr":0.0023477622890680783},"Iteration":54},
{"Acceptance":[0.0012558869701726845],"Energy":{"Mean":-605.0483870967743,"Sigma":0.026989033114000166,"Taucorr":-0.025619834710805034},"EnergyVariance":{"Mean":0.09443288241415193,"Sigma":0.05136622431374281,"Taucorr":-0.025619834710743916},"Iteration":55},
{"Acceptance":[0.0007849293563579278],"Energy":{"Mean":-605.0322580645161,"Sigma":0.02242650926302692,"Taucorr":-0.012704918032767298},"EnergyVariance":{"Mean":0.06347554630593134,"Sigma":0.04340614696069686,"Taucorr":-0.012704918032786894},"Iteration":56},
{"Acceptance":[0.001726844583987441],"Energy":{"Mean":-605.0483870967741,"Sigma":0.03558148840381618,"Taucorr":0.3245179063361062},"EnergyVariance":{"Mean":0.09443288241415193,"Sigma":0.06771960696210397,"Taucorr":0.3245179063360877},"Iteration":57},
{"Acceptance":[0.0026687598116169543],"Energy":{"Mean":-605.0967741935484,"Sigma":0.0598805030412038,"Taucorr":0.2040490033222614},"EnergyVariance":{"Mean":0.31321540062434977,"Sigma":0.12619328889327028,"Taucorr":0.05760572891524662},"Iteration":58},
{"Acceptance":[0.0011773940345368916],"Energy":{"Mean":-605.0564516129032,"Sigma":0.05878436700073245,"Taucorr":0.5710258931497791},"EnergyVariance":{"Mean":0.19842611862643078,"Sigma":0.09343285259513759,"Taucorr":0.4215849286751846},"Iteration":59},
{"Acceptance":[0.0010204081632653062],"Energy":{"Mean":-605.0483870967743,"Sigma":0.0355814884038163,"Taucorr":0.32451790633612254},"EnergyVariance":{"Mean":0.09443288241415193,"Sigma":0.06771960696209586,"Taucorr":0.3245179063360877},"Iteration":60},
{"Acceptance":[0.0015698587127158557],"Energy":{"Mean":-605.1290322580644,"Sigma":0.06120537406777503,"Taucorr":0.5226327944572828},"EnergyVariance":{"Mean":0.22528616024973985,"Sigma":0.10455733602455704,"Taucorr":0.5335268623456917},"Iteration":61},
{"Acceptance":[0.0029827315541601255],"Energy":{"Mean":-605.0000000000002,"Sigma":0.04180085917726522,"Taucorr":0.16625000000014822},"EnergyVariance":{"Mean":0.16129032258064518,"Sigma":0.06407781213205217,"Taucorr":-0.016596115537810208},"Iteration":62},
{"Acceptance":[0.00141287284144427],"Energy":{"Mean":-605.0645161290324,"Sigma":0.044853018526053647,"Taucorr":0.49083333333335344},"EnergyVariance":{"Mean":0.12486992715920919,"Sigma":0.08391855079066293,"Taucorr":0.49083333333333345},"Iteration":63},
{"Acceptance":[0.0026687598116169543],"Energy":{"Mean":-605.1290322580644,"Sigma":0.04470778440964485,"Taucorr":-0.18201547779273097},"EnergyVariance":{"Mean":0.3865764828303851,"Sigma":0.12123899633355326,"Taucorr":0.05623522436477435},"Iteration":64},
{"Acceptance":[0.002197802197802198],"Energy":{"Mean":-605.2096774193546,"Sigma":0.08287246824945482,"Taucorr":0.6251559251559526},"EnergyVariance":{"Mean":0.3753902185223726,"Sigma":0.1309919659427145,"Taucorr":0.6251559251559247},"Iteration":65},
{"Acceptance":[0.0029827315541601255],"Energy":{"Mean":-605.1854838709677,"Sigma":0.07687420069999909,"Taucorr":0.5074454660176442},"EnergyVariance":{"Mean":0.3607570239334027,"Sigma":0.14275412598324266,"Taucorr":0.5016686800432131},"Iteration":66},
{"Acceptance":[0.00423861852433281],"Energy":{"Mean":-605.2983870967743,"Sigma":0.0915952959000021,"Taucorr":0.32067859728972525},"EnergyVariance":{"Mean":0.6287070759625389,"Sigma":0.13888472375841293,"Taucorr":0.11847327817639841},"Iteration":67},
{"Acceptance":[0.00510204081632653],"Energy":{"Mean":-605.2016129032259,"Sigma":0.08861187179157923,"Taucorr":0.1656297624383748},"EnergyVariance":{"Mean":0.725481269510926,"Sigma":0.2762699187400273,"Taucorr":0.8601458818266219},"Iteration":68},
{"Acceptance":[0.005886970172684459],"Energy":{"Mean":-605.258064516129,"Sigma":0.08318578682727536,"Taucorr":0.23556654676259214},"EnergyVariance":{"Mean":0.578563995837669,"Sigma":0.12580726927243857,"Taucorr":0.18315573247245764},"Iteration":69},
{"Acceptance":[0.006122448979591836],"Energy":{"Mean":-605.6774193548388,"Sigma":0.11251854589492805,"Taucorr":0.21466093600765113},"EnergyVariance":{"Mean":1.0894901144641,"Sigma":0.24063048997352735,"Taucorr":0.05724410628244159},"Iteration":70},
{"Acceptance":[0.012323390894819467],"Energy":{"Mean":-605.9193548387096,"Sigma":0.10066118565567629,"Taucorr":0.1272388059701426},"EnergyVariance":{"Mean":0.9934963579604581,"Sigma":0.03407491375772901,"Taucorr":0.016591954596977376},"Iteration":71},
{"Acceptance":[0.010910518053375196],"Energy":{"Mean":-606.3225806451615,"Sigma":0.09986115925272493,"Taucorr":0.1845238095238131},"EnergyVariance":{"Mean":0.8959417273673258,"Sigma":0.0644265543566285,"Taucorr":0.18452380952380953},"Iteration":72},
{"Acceptance":[0.007299843014128728],"Energy":{"Mean":-606.6370967741934,"Sigma":0.0850669483955485,"Taucorr":-0.0102068570610378},"EnergyVariance":{"Mean":0.908623829344433,"Sigma":0.2326537410982978,"Taucorr":-0.032037869393274576},"Iteration":73},
{"Acceptance":[0.005180533751962323],"Energy":{"Mean":-606.6209677419356,"Sigma":0.08742967046227569,"Taucorr":0.23615439454121312},"EnergyVariance":{"Mean":0.638592611862643,"Sigma":0.11453590812729869,"Taucorr":0.32824443171299755},"Iteration":74},
{"Acceptance":[0.002511773940345369],"Energy":{"Mean":-606.8548387096776,"Sigma":0.0784375252631471,"Taucorr":0.5337420042643815},"EnergyVariance":{"Mean":0.3660249739854319,"Sigma":0.13409817239235144,"Taucorr":0.34886553262525843},"Iteration":75},
{"Acceptance":[0.0018838304552590266],"Energy":{"Mean":-607.0,"Sigma":0.06024144966768872,"Taucorr":0.26875000000001514},"EnergyVariance":{"Mean":0.29032258064516125,"Sigma":0.16317447873330418,"Taucorr":0.061610010706638074},"Iteration":76},
{"Acceptance":[0.001726844583987441],"Energy":{"Mean":-606.8790322580644,"Sigma":0.08021390065186519,"Taucorr":0.026559930765918782},"EnergyVariance":{"Mean":0.7514958376690949,"Sigma":0.4062046992144059,"Taucorr":-0.022008888055660647},"Iteration":77},
{"Acceptance":[0.002354788069073783],"Energy":{"Mean":-606.983870967742,"Sigma":0.05904195231523552,"Taucorr":0.28262108262107055},"EnergyVariance":{"Mean":0.27393340270551503,"Sigma":0.15362187318429457,"Taucorr":0.07144278645144209},"Iteration":78},
{"Acceptance":[0.0018838304552590266],"Energy":{"Mean":-607.0806451612904,"Sigma":0.15742684628745868,"Taucorr":0.9628963795255971},"EnergyVariance":{"Mean":1.0418834547346512,"Sigma":0.6423810278095363,"Taucorr":0.823408040578661},"Iteration":79},
{"Acceptance":[0.0009419152276295133],"Energy":{"Mean":-606.9516129032259,"Sigma":0.04838709677419337,"Taucorr":-5.88418203051333e-15},"EnergyVariance":{"Mean":0.28798126951092606,"Sigma":0.2856399583766952,"Taucorr":0.0},"Iteration":80},
{"Acceptance":[0.00141287284144427],"Energy":{"Mean":-607.0725806451612,"Sigma":0.045190082987486044,"Taucorr":-0.018548990276802235},"EnergyVariance":{"Mean":0.26086108220603543,"Sigma":0.17270794371948645,"Taucorr":-0.014104588138974805},"Iteration":81},
{"Acceptance":[0.0018838304552590266],"Energy":{"Mean":-607.1048387096776,"Sigma":0.054098418810478034,"Taucorr":-0.031488065007631016},"EnergyVariance":{"Mean":0.38417013527575444,"Sigma":0.20431247104699718,"Taucorr":-0.02695374318985505},"Iteration":82},
{"Acceptance":[0.0018838304552590266],"Energy":{"Mean":-607.0080645161289,"Sigma":0.04096266161032606,"Taucorr":0.01200387221688859},"EnergyVariance":{"Mean":0.20154786680541095,"Sigma":0.1456533461748529,"Taucorr":-0.010897787354364363},"Iteration":83},
{"Acceptance":[0.002354788069073783],"Energy":{"Mean":-607.1612903225806,"Sigma":0.10785568009178076,"Taucorr":0.33083836858004156},"EnergyVariance":{"Mean":0.86108220603538,"Sigma":0.3946500190691592,"Taucorr":0.19623559709680172},"Iteration":84},
{"Acceptance":[0.0014913657770800628],"Energy":{"Mean":-607.1370967741934,"Sigma":0.06116994403640389,"Taucorr":-0.044678934500047285},"EnergyVariance":{"Mean":0.5053980228928201,"Sigma":0.22770292342474605,"Taucorr":-0.04001627661547924},"Iteration":85},
{"Acceptance":[0.0025902668759811617],"Energy":{"Mean":-607.1612903225808,"Sigma":0.08160716542370501,"Taucorr":0.16151260504207154},"EnergyVariance":{"Mean":0.6191467221644121,"Sigma":0.30010376962260743,"Taucorr":0.1615126050420168},"Iteration":86},
{"Acceptance":[0.0026687598116169543],"Energy":{"Mean":-607.3629032258065,"Sigma":0.14839586229369847,"Taucorr":0.5452190935100316},"EnergyVariance":{"Mean":1.2957206035379814,"Sigma":0.4705474825239006,"Taucorr":0.48235328093713326},"Iteration":87},
{"Acceptance":[0.0031397174254317113],"Energy":{"Mean":-607.1370967741937,"Sigma":0.09826362779808473,"Taucorr":0.3496045408021078},"EnergyVariance":{"Mean":0.6989464099895939,"Sigma":0.3489043438454466,"Taucorr":0.34774968071977286},"Iteration":88},
{"Acceptance":[0.003924646781789639],"Energy":{"Mean":-607.8709677419355,"Sigma":0.20604799255059947,"Taucorr":0.4813062182244928},"EnergyVariance":{"Mean":2.6607700312174822,"Sigma":0.4579005433895673,"Taucorr":0.4557553203920649},"Iteration":89},
{"Acceptance":[0.005416012558869702],"Energy":{"Mean":-607.8064516129032,"Sigma":0.18209860757003676,"Taucorr":0.291838383838395},"EnergyVariance":{"Mean":2.575442247658689,"Sigma":0.43468699871558575,"Taucorr":0.2918383838383841},"Iteration":90},
{"Acceptance":[0.008084772370486656],"Energy":{"Mean":-608.4274193548387,"Sigma":0.21162249191493515,"Taucorr":0.22303529050212312},"EnergyVariance":{"Mean":3.809248178980229,"Sigma":0.23051073454266335,"Taucorr":0.1101574807127148},"Iteration":91},
{"Acceptance":[0.009968602825745684],"Energy":{"Mean":-608.2580645161291,"Sigma":0.2019674302257882,"Taucorr":0.22723981900453027},"EnergyVariance":{"Mean":3.4495317377731527,"Sigma":0.2996936061414481,"Taucorr":0.2272398190045246},"Iteration":92},
{"Acceptance":[0.011616954474097331],"Energy":{"Mean":-609.3387096774194,"Sigma":0.19863390539689232,"Taucorr":0.11433840479482726},"EnergyVariance":{"Mean":3.949791883454734,"Sigma":0.13973699718746976,"Taucorr":0.06645346137144603},"Iteration":93},
{"Acceptance":[0.007142857142857143],"Energy":{"Mean":-609.6451612903223,"Sigma":0.22020707310808268,"Taucorr":0.33214285714288283},"EnergyVariance":{"Mean":3.5837669094693028,"Sigma":0.2841381588490241,"Taucorr":0.3321428571428571},"Iteration":94},
{"Acceptance":[0.005416012558869702],"Energy":{"Mean":-610.516129032258,"Sigma":0.14569793278240556,"Taucorr":0.26733944954130684},"EnergyVariance":{"Mean":1.7013527575442247,"Sigma":0.4417937316627655,"Taucorr":0.2673394495412843},"Iteration":95},
{"Acceptance":[0.0018838304552590266],"Energy":{"Mean":-610.8709677419357,"Sigma":0.07678955299508307,"Taucorr":0.22604166666664904},"EnergyVariance":{"Mean":0.49947970863683666,"Sigma":0.28734155314293197,"Taucorr":0.2260416666666667},"Iteration":96},
{"Acceptance":[0.001726844583987441],"Energy":{"Mean":-610.8467741935485,"Sigma":0.0757377863346712,"Taucorr":0.20454604494090578},"EnergyVariance":{"Mean":0.5007154006243496,"Sigma":0.2677388108696619,"Taucorr":0.2647446595958951},"Iteration":97},
{"Acceptance":[0.002511773940345369],"Energy":{"Mean":-610.9838709677418,"Sigma":0.03465553197738264,"Taucorr":0.009739676840188949},"EnergyVariance":{"Mean":0.14490114464099896,"Sigma":0.12796008735752104,"Taucorr":-0.003363974308789708},"Iteration":98},
{"Acceptance":[0.0019623233908948193],"Energy":{"Mean":-610.983870967742,"Sigma":0.016129032258065133,"Taucorr":3.241851231905457e-14},"EnergyVariance":{"Mean":0.03199791883454735,"Sigma":0.03173777315296613,"Taucorr":-2.220446049250313e-16},"Iteration":99} 
]}