{"Output": [
{"Acceptance":[0.865406162464986],"Energy":{"Mean":-154.75806451612902,"Sigma":0.812410778473264,"Taucorr":0.029662491301322147},"EnergyVariance":{"Mean":76.6350156087409,"Sigma":10.29857339274531,"Taucorr":0.06647405130926054},"Iteration":0},
{"Acceptance":[0.8301120448179272],"Energy":{"Mean":-155.91129032258058,"Sigma":0.8210559345915858,"Taucorr":0.11245202280039945},"EnergyVariance":{"Mean":67.69374349635794,"Sigma":7.974747011732234,"Taucorr":-0.0317253481030359},"Iteration":1},
{"Acceptance":[0.8009803921568628],"Energy":{"Mean":-158.20161290322582,"Sigma":0.7924729359069548,"Taucorr":0.26262111298742197},"EnergyVariance":{"Mean":50.6448361082206,"Sigma":7.292954627527937,"Taucorr":0.15543807724555214},"Iteration":2},
{"Acceptance":[0.7838935574229692],"Energy":{"Mean":-159.73387096774195,"Sigma":0.834563781158376,"Taucorr":0.1607787996657093},"EnergyVariance":{"Mean":64.82433662851197,"Sigma":6.460377533101444,"Taucorr":-0.09193763815176997},"Iteration":3},
{"Acceptance":[0.7313725490196078],"Energy":{"Mean":-160.9112903225806,"Sigma":0.7662705019356176,"Taucorr":0.00918237182690973},"EnergyVariance":{"Mean":70.91954994797086,"Sigma":8.427324379046084,"Taucorr":0.052317170617445785},"Iteration":4},
{"Acceptance":[0.6571428571428571],"Energy":{"Mean":-166.28225806451616,"Sigma":0.9982337853695443,"Taucorr":0.3253487176387846},"EnergyVariance":{"Mean":74.25097554630592,"Sigma":9.845610169672455,"Taucorr":0.06237824802921943},"Iteration":5},
{"Acceptance":[0.6057422969187675],"Energy":{"Mean":-165.8870967741936,"Sigma":1.0452040181097526,"Taucorr":0.147905037743565},"EnergyVariance":{"Mean":103.69693028095736,"Sigma":16.601397312997538,"Taucorr":0.22436978670468588},"Iteration":6},
{"Acceptance":[0.5445378151260504],"Energy":{"Mean":-169.8629032258065,"Sigma":1.2445493370598033,"Taucorr":0.44429985655110127},"EnergyVariance":{"Mean":100.87636576482831,"Sigma":14.26491221889841,"Taucorr":0.15705868213790275},"Iteration":7},
{"Acceptance":[0.45826330532212883],"Energy":{"Mean":-178.38709677419354,"Sigma":1.0490547915155837,"Taucorr":0.4132823689235873},"EnergyVariance":{"Mean":74.10822060353799,"Sigma":9.940439931113483,"Taucorr":0.17434586038427746},"Iteration":8},
{"Acceptance":[0.3761904761904762],"Energy":{"Mean":-181.00000000000006,"Sigma":0.8729045569771063,"Taucorr":0.2605660994764406},"EnergyVariance":{"Mean":61.612903225806456,"Sigma":7.831232605895785,"Taucorr":0.005836318513184335},"Iteration":9},
{"Acceptance":[0.3126050420168067],"Energy":{"Mean":-186.03225806451616,"Sigma":0.6352907571869645,"Taucorr":0.180348866229321},"EnergyVariance":{"Mean":36.4828303850156,"Sigma":6.423917684058921,"Taucorr":0.16589919273152798},"Iteration":10},
{"Acceptance":[0.2785714285714286],"Energy":{"Mean":-187.25,"Sigma":0.8567411373011603,"Taucorr":0.5036353041373431},"EnergyVariance":{"Mean":44.97782258064517,"Sigma":8.61855452458854,"Taucorr":0.34619031018643664},"Iteration":11},
{"Acceptance":[0.25882352941176473],"Energy":{"Mean":-189.741935483871,"Sigma":0.6423122577223597,"Taucorr":0.3121916792965035},"EnergyVariance":{"Mean":31.239854318418317,"Sigma":5.345722584570163,"Taucorr":0.14528885629064714},"Iteration":12},
{"Acceptance":[0.21904761904761905],"Energy":{"Mean":-191.82258064516128,"Sigma":0.5155112229813928,"Taucorr":0.22688416193264038},"EnergyVariance":{"Mean":22.484651404786682,"Sigma":4.222279599096318,"Taucorr":0.2323783396252973},"Iteration":13},
{"Acceptance":[0.20126050420168068],"Energy":{"Mean":-194.73387096774192,"Sigma":0.4789851901136905,"Taucorr":0.17080629152894522},"EnergyVariance":{"Mean":21.0340140478668,"Sigma":3.876497834461077,"Taucorr":0.3761670094691357},"Iteration":14},
{"Acceptance":[0.1869747899159664],"Energy":{"Mean":-194.0403225806452,"Sigma":0.596145411263141,"Taucorr":0.4086095812819187},"EnergyVariance":{"Mean":24.05482570239334,"Sigma":3.770844142983801,"Taucorr":-0.02333490946194111},"Iteration":15},
{"Acceptance":[0.15714285714285714],"Energy":{"Mean":-194.73387096774192,"Sigma":0.44327948838330683,"Taucorr":0.23736383658405813},"EnergyVariance":{"Mean":16.388852757544225,"Sigma":2.0202718426518382,"Taucorr":-0.016815817204509698},"Iteration":16},
{"Acceptance":[0.1634453781512605],"Energy":{"Mean":-197.8548387096775,"Sigma":0.35370052059988744,"Taucorr":0.12626469031233012},"EnergyVariance":{"Mean":12.28537981269511,"Sigma":2.849065150497832,"Taucorr":-0.08600787129947712},"Iteration":17},
{"Acceptance":[0.1457983193277311],"Energy":{"Mean":-196.70967741935485,"Sigma":0.4467771049165653,"Taucorr":0.4095788357748653},"EnergyVariance":{"Mean":13.496357960457857,"Sigma":2.068354430180108,"Taucorr":0.0949311385282362},"Iteration":18},
{"Acceptance":[0.12661064425770308],"Energy":{"Mean":-199.79032258064515,"Sigma":0.3252577088656799,"Taucorr":0.389940575739241},"EnergyVariance":{"Mean":7.310874089490114,"Sigma":1.1463621767630345,"Taucorr":0.20115517250736736},"Iteration":19},
{"Acceptance":[0.1357142857142857],"Energy":{"Mean":-198.3790322580645,"Sigma":0.5106225074618272,"Taucorr":0.8210117711352682},"EnergyVariance":{"Mean":12.13859261186264,"Sigma":1.4067320839330044,"Taucorr":0.07447979801628979},"Iteration":20},
{"Acceptance":[0.11680672268907563],"Energy":{"Mean":-199.5241935483871,"Sigma":0.30681218176652036,"Taucorr":0.20040443461771185},"EnergyVariance":{"Mean":8.265543704474506,"Sigma":1.3998524563757173,"Taucorr":0.14732446620258244},"Iteration":21},
{"Acceptance":[0.1072829131652661],"Energy":{"Mean":-200.08064516129028,"Sigma":0.3716041758981156,"Taucorr":0.40222549263465934},"EnergyVariance":{"Mean":9.412851196670136,"Sigma":1.46807187735016,"Taucorr":0.2666524600039577},"Iteration":22},
{"Acceptance":[0.09019607843137255],"Energy":{"Mean":-200.75000000000003,"Sigma":0.26614532371118965,"Taucorr":0.2637681159420334},"EnergyVariance":{"Mean":5.703629032258065,"Sigma":0.9330898408288163,"Taucorr":0.01395158804660035},"Iteration":23},
{"Acceptance":[0.08249299719887955],"Energy":{"Mean":-201.13709677419357,"Sigma":0.22385872731558196,"Taucorr":0.3085137602156599},"EnergyVariance":{"Mean":3.811849635796046,"Sigma":0.6483675959923854,"Taucorr":0.14587121245651535},"Iteration":24},
{"Acceptance":[0.07871148459383753],"Energy":{"Mean":-201.79838709677415,"Sigma":0.2210128672234284,"Taucorr":0.10475523376844031},"EnergyVariance":{"Mean":4.967416753381894,"Sigma":0.9095909824754126,"Taucorr":0.17205286822087895},"Iteration":25},
{"Acceptance":[0.08235294117647059],"Energy":{"Mean":-201.43548387096772,"Sigma":0.28326242200918794,"Taucorr":0.603534237012042},"EnergyVariance":{"Mean":4.471644120707598,"Sigma":1.139523102674699,"Taucorr":0.48225910489050783},"Iteration":26},
{"Acceptance":[0.07927170868347339],"Energy":{"Mean":-202.00806451612902,"Sigma":0.21889380709829764,"Taucorr":0.3102051034458081},"EnergyVariance":{"Mean":3.637031737773152,"Sigma":0.979690238460363,"Taucorr":0.3476220524343493},"Iteration":27},
{"Acceptance":[0.07086834733893557],"Energy":{"Mean":-201.99193548387095,"Sigma":0.19207548883093492,"Taucorr":0.41646045130953135},"EnergyVariance":{"Mean":2.4757414151925072,"Sigma":0.5324643832468109,"Taucorr":0.11589142066241331},"Iteration":28},
{"Acceptance":[0.06470588235294118],"Energy":{"Mean":-202.16129032258067,"Sigma":0.2126852093251794,"Taucorr":0.20289371631391995},"EnergyVariance":{"Mean":3.957856399583767,"Sigma":1.0882889205513984,"Taucorr":0.13821311239806833},"Iteration":29} 
]}