{"Output": [
{"Acceptance":[0.863682092555332],"Energy":{"Mean":-305.7016129032258,"Sigma":1.0299558500584967,"Taucorr":-0.03946553520165197},"EnergyVariance":{"Mean":141.6609651404787,"Sigma":18.612627052005617,"Taucorr":0.08405866291272379},"Iteration":0},
{"Acceptance":[0.8493963782696177],"Energy":{"Mean":-304.23387096774195,"Sigma":0.9904066371808631,"Taucorr":-0.06851119532993288},"EnergyVariance":{"Mean":139.80820759625388,"Sigma":18.578717066112187,"Taucorr":0.09266014136078804},"Iteration":1},
{"Acceptance":[0.8161971830985916],"Energy":{"Mean":-305.5483870967742,"Sigma":1.0117866765658525,"Taucorr":-0.012703869185448469},"EnergyVariance":{"Mean":129.19927159209155,"Sigma":18.242970999037155,"Taucorr":0.009221149479729962},"Iteration":2},
{"Acceptance":[0.8046277665995976],"Energy":{"Mean":-307.3629032258064,"Sigma":1.1772849385639599,"Taucorr":0.18003985905605335},"EnergyVariance":{"Mean":125.34410770031216,"Sigma":12.31618533994426,"Taucorr":-0.09285199827029156},"Iteration":3},
{"Acceptance":[0.7745472837022133],"Energy":{"Mean":-309.1774193548387,"Sigma":1.2339939498764172,"Taucorr":0.1120145546475082},"EnergyVariance":{"Mean":153.0169094693028,"Sigma":16.48918309699634,"Taucorr":-0.10037369342236552},"Iteration":4},
{"Acceptance":[0.7430583501006036],"Energy":{"Mean":-310.1048387096774,"Sigma":1.1600874893747521,"Taucorr":-0.016020504286177628},"EnergyVariance":{"Mean":171.01320239334026,"Sigma":20.095276346913998,"Taucorr":-0.07872105827694453},"Iteration":5},
{"Acceptance":[0.6701207243460765],"Energy":{"Mean":-315.62096774193554,"Sigma":1.373905770261088,"Taucorr":0.1120000946298586},"EnergyVariance":{"Mean":189.68697970863684,"Sigma":25.738605628559718,"Taucorr":0.09605466122484374},"Iteration":6},
{"Acceptance":[0.6053319919517103],"Energy":{"Mean":-322.1209677419355,"Sigma":1.541490296555226,"Taucorr":0.3474342027105267},"EnergyVariance":{"Mean":172.44504422476584,"Sigma":24.764660337413066,"Taucorr":0.1261169006171452},"Iteration":7},
{"Acceptance":[0.4903420523138833],"Energy":{"Mean":-329.11290322580646,"Sigma":1.5824490474766837,"Taucorr":0.4323415045160679},"EnergyVariance":{"Mean":165.18080124869925,"Sigma":19.74083345806997,"Taucorr":0.1794569013887456},"Iteration":8},
{"Acceptance":[0.4057344064386318],"Energy":{"Mean":-339.8387096774194,"Sigma":1.2090912558332234,"Taucorr":0.3499393168068461},"EnergyVariance":{"Mean":105.78043704474506,"Sigma":13.45320730753029,"Taucorr":0.06369882928820014},"Iteration":9},
{"Acceptance":[0.36539235412474846],"Energy":{"Mean":-346.9999999999999,"Sigma":1.363009794141159,"Taucorr":0.2774116549604899},"EnergyVariance":{"Mean":146.96774193548387,"Sigma":22.4448420144995,"Taucorr":0.02850753407154527},"Iteration":10},
{"Acceptance":[0.31448692152917507],"Energy":{"Mean":-353.37903225806446,"Sigma":1.0076902531045342,"Taucorr":0.35122401380789003},"EnergyVariance":{"Mean":73.36439906347556,"Sigma":10.525467417597776,"Taucorr":-0.002997592914528391},"Iteration":11},
{"Acceptance":[0.28269617706237427],"Energy":{"Mean":-355.475806451613,"Sigma":0.9706966541871975,"Taucorr":0.2784281452165944},"EnergyVariance":{"Mean":74.44296305931324,"Sigma":11.817591309561267,"Taucorr":-0.018535910320454208},"Iteration":12},
{"Acceptance":[0.24567404426559356],"Energy":{"Mean":-361.05645161290323,"Sigma":0.6728919369355865,"Taucorr":0.07029773392952166},"EnergyVariance":{"Mean":48.82745837669095,"Sigma":7.222418466632091,"Taucorr":0.12258690251601345},"Iteration":13},
{"Acceptance":[0.23028169014084507],"Energy":{"Mean":-364.27419354838713,"Sigma":0.621020106715435,"Taucorr":0.10582577494269052},"EnergyVariance":{"Mean":39.1506243496358,"Sigma":3.697414195430154,"Taucorr":-0.16281598771723432},"Iteration":14},
{"Acceptance":[0.20724346076458752],"Energy":{"Mean":-367.16129032258056,"Sigma":0.5941638639217501,"Taucorr":0.24934074665995898},"EnergyVariance":{"Mean":28.97398543184183,"Sigma":4.1950771286781885,"Taucorr":0.07074953196216249},"Iteration":15},
{"Acceptance":[0.19597585513078472],"Energy":{"Mean":-368.9596774193548,"Sigma":0.5795688950058251,"Taucorr":0.1503440749696472},"EnergyVariance":{"Mean":31.76450312174818,"Sigma":4.299281038701522,"Taucorr":0.14002037343382812},"Iteration":16},
{"Acceptance":[0.18943661971830986],"Energy":{"Mean":-369.0967741935484,"Sigma":0.6671715916531408,"Taucorr":0.2948015801081614},"EnergyVariance":{"Mean":34.442247658688856,"Sigma":5.463896212922884,"Taucorr":0.09917651369997982},"Iteration":17},
{"Acceptance":[0.15875251509054325],"Energy":{"Mean":-372.46774193548384,"Sigma":0.6540549629459929,"Taucorr":0.36057017282605963},"EnergyVariance":{"Mean":30.571540062434963,"Sigma":5.189210854394002,"Taucorr":0.029791554573765366},"Iteration":18},
{"Acceptance":[0.14376257545271628],"Energy":{"Mean":-375.49999999999994,"Sigma":0.44796433229750976,"Taucorr":0.26784997491219575},"EnergyVariance":{"Mean":16.072580645161292,"Sigma":2.5167768672479314,"Taucorr":0.14633223398116024},"Iteration":19},
{"Acceptance":[0.13953722334004023],"Energy":{"Mean":-374.6290322580645,"Sigma":0.4625593492496022,"Taucorr":0.1239801142321365},"EnergyVariance":{"Mean":21.088189386056193,"Sigma":2.2186069874059275,"Taucorr":-0.10599029836963475},"Iteration":20},
{"Acceptance":[0.1272635814889336],"Energy":{"Mean":-377.0161290322581,"Sigma":0.5207954374003895,"Taucorr":0.31050549228299007},"EnergyVariance":{"Mean":20.580385015608737,"Sigma":5.044347958125315,"Taucorr":0.3168387837462515},"Iteration":21},
{"Acceptance":[0.12042253521126761],"Energy":{"Mean":-377.78225806451604,"Sigma":0.467166869332141,"Taucorr":0.24999763783247042},"EnergyVariance":{"Mean":17.89613683662851,"Sigma":2.9062441185688797,"Taucorr":-0.023553151045028975},"Iteration":22},
{"Acceptance":[0.1164989939637827],"Energy":{"Mean":-378.266129032258,"Sigma":0.39654683581313455,"Taucorr":0.2656559103243368},"EnergyVariance":{"Mean":12.630788241415194,"Sigma":1.7869898849111279,"Taucorr":-0.06409865132356629},"Iteration":23},
{"Acceptance":[0.11167002012072434],"Energy":{"Mean":-379.61290322580646,"Sigma":0.28013022837444,"Taucorr":-0.0422779422649866},"EnergyVariance":{"Mean":10.543704474505724,"Sigma":1.7456190777341587,"Taucorr":0.07919178608400601},"Iteration":24},
{"Acceptance":[0.09708249496981891],"Energy":{"Mean":-379.91129032258056,"Sigma":0.36006055104139384,"Taucorr":0.21849179789833584},"EnergyVariance":{"Mean":11.096969302809573,"Sigma":1.7975359424471138,"Taucorr":0.017134039029102044},"Iteration":25},
{"Acceptance":[0.09144869215291751],"Energy":{"Mean":-380.5887096774194,"Sigma":0.39239209651250734,"Taucorr":0.33038685061509554},"EnergyVariance":{"Mean":11.403420915712802,"Sigma":1.6899101546905675,"Taucorr":0.07228427974503815},"Iteration":26},
{"Acceptance":[0.0909456740442656],"Energy":{"Mean":-381.1129032258065,"Sigma":0.38430895768462314,"Taucorr":0.4050885242501976},"EnergyVariance":{"Mean":10.035639958376688,"Sigma":1.3626882216225995,"Taucorr":0.2568562819840886},"Iteration":27},
{"Acceptance":[0.07826961770623743],"Energy":{"Mean":-381.75000000000006,"Sigma":0.3464489597623755,"Taucorr":0.47039491121124677},"EnergyVariance":{"Mean":7.60685483870968,"Sigma":1.9130858473272767,"Taucorr":0.2954846153107994},"Iteration":28},
{"Acceptance":[0.07263581488933601],"Energy":{"Mean":-383.0080645161291,"Sigma":0.2840954024807789,"Taucorr":0.3466338314086852},"EnergyVariance":{"Mean":5.862838189386054,"Sigma":1.0637217393120568,"Taucorr":0.036788518202541476},"Iteration":29},
{"Acceptance":[0.0664989939637827],"Energy":{"Mean":-382.44354838709666,"Sigma":0.3337449764873746,"Taucorr":0.5453142522552898},"EnergyVariance":{"Mean":6.55326482830385,"Sigma":0.9499290420299419,"Taucorr":0.2729314638310174},"Iteration":30},
{"Acceptance":[0.05694164989939638],"Energy":{"Mean":-383.008064516129,"Sigma":0.21580179045707948,"Taucorr":0.12198070703218522},"EnergyVariance":{"Mean":4.604773673257023,"Sigma":0.6394420691709578,"Taucorr":-0.021722845739067353},"Iteration":31},
{"Acceptance":[0.05402414486921529],"Energy":{"Mean":-383.3064516129032,"Sigma":0.223819987378056,"Taucorr":0.16746604294651302},"EnergyVariance":{"Mean":4.61576482830385,"Sigma":1.1528588270432307,"Taucorr":0.24556475283196333},"Iteration":32},
{"Acceptance":[0.053621730382293765],"Energy":{"Mean":-383.1612903225807,"Sigma":0.28903537824736636,"Taucorr":0.36705154096057235},"EnergyVariance":{"Mean":5.9255983350676384,"Sigma":1.2761083426783377,"Taucorr":0.05617260988085271},"Iteration":33},
{"Acceptance":[0.05301810865191147],"Energy":{"Mean":-383.7258064516129,"Sigma":0.23797839162481388,"Taucorr":0.27305560367227044},"EnergyVariance":{"Mean":4.5054630593132154,"Sigma":0.7087254308776612,"Taucorr":0.08307823051955865},"Iteration":34},
{"Acceptance":[0.04235412474849094],"Energy":{"Mean":-384.41129032258067,"Sigma":0.2179906982012168,"Taucorr":0.5595364410176522},"EnergyVariance":{"Mean":2.7582596253902185,"Sigma":0.9305158638655115,"Taucorr":0.47422421411419813},"Iteration":35},
{"Acceptance":[0.0403420523138833],"Energy":{"Mean":-383.8548387096774,"Sigma":0.2937004805088458,"Taucorr":0.29891772771792124},"EnergyVariance":{"Mean":6.64021852237253,"Sigma":1.5492694758273684,"Taucorr":0.1930371279789419},"Iteration":36},
{"Acceptance":[0.03953722334004024],"Energy":{"Mean":-384.6370967741936,"Sigma":0.19906998474810808,"Taucorr":0.43659243707982665},"EnergyVariance":{"Mean":2.6021722164412076,"Sigma":0.7242533675240332,"Taucorr":0.05857337841816734},"Iteration":37},
{"Acceptance":[0.0375251509054326],"Energy":{"Mean":-384.5322580645161,"Sigma":0.1886361404371233,"Taucorr":0.2646736660303498},"EnergyVariance":{"Mean":2.861862643080125,"Sigma":0.8462998496120374,"Taucorr":-0.032384846172843984},"Iteration":38},
{"Acceptance":[0.03722334004024145],"Energy":{"Mean":-384.49193548387103,"Sigma":0.2824346605777419,"Taucorr":0.41203646607904876},"EnergyVariance":{"Mean":5.37896722164412,"Sigma":1.8398471347630605,"Taucorr":0.285866136018478},"Iteration":39},
{"Acceptance":[0.030382293762575452],"Energy":{"Mean":-384.8225806451612,"Sigma":0.24978311785628676,"Taucorr":0.45141262981358476},"EnergyVariance":{"Mean":4.033038501560874,"Sigma":2.6576549819001647,"Taucorr":0.4503923084519642},"Iteration":40},
{"Acceptance":[0.034004024144869215],"Energy":{"Mean":-384.508064516129,"Sigma":0.2346021199818228,"Taucorr":0.4922670683113798},"EnergyVariance":{"Mean":3.41122528616025,"Sigma":0.9401086665099201,"Taucorr":0.13925381683276128},"Iteration":41},
{"Acceptance":[0.03511066398390342],"Energy":{"Mean":-384.8951612903227,"Sigma":0.14093304363690926,"Taucorr":0.20899928277531077},"EnergyVariance":{"Mean":1.722879812695109,"Sigma":0.591871573386803,"Taucorr":0.17468218590862983},"Iteration":42},
{"Acceptance":[0.029678068410462777],"Energy":{"Mean":-384.55645161290323,"Sigma":0.2904644217426647,"Taucorr":0.25286540657349765},"EnergyVariance":{"Mean":6.891974505723206,"Sigma":3.6116292831100942,"Taucorr":0.4652250478970268},"Iteration":43},
{"Acceptance":[0.02766599597585513],"Energy":{"Mean":-384.983870967742,"Sigma":0.20801658195863587,"Taucorr":0.34186486708912955},"EnergyVariance":{"Mean":3.161030176899063,"Sigma":1.2475012752487769,"Taucorr":0.17514514979696127},"Iteration":44},
{"Acceptance":[0.029175050301810865],"Energy":{"Mean":-384.8145161290323,"Sigma":0.2355979985628307,"Taucorr":0.4692216785153659},"EnergyVariance":{"Mean":3.522047346514048,"Sigma":1.1378648353181167,"Taucorr":0.5762644516833331},"Iteration":45},
{"Acceptance":[0.02323943661971831],"Energy":{"Mean":-385.11290322580646,"Sigma":0.1580453137337552,"Taucorr":0.3967388003037132},"EnergyVariance":{"Mean":1.713059313215401,"Sigma":0.567859764418905,"Taucorr":0.31272271920737005},"Iteration":46},
{"Acceptance":[0.021327967806841045],"Energy":{"Mean":-384.83870967741944,"Sigma":0.29088953005531537,"Taucorr":0.5496327001783972},"EnergyVariance":{"Mean":4.957856399583767,"Sigma":2.1697973906259636,"Taucorr":0.38128207230790356},"Iteration":47},
{"Acceptance":[0.025251509054325955],"Energy":{"Mean":-385.32258064516134,"Sigma":0.15213248876571497,"Taucorr":0.32825461701482817},"EnergyVariance":{"Mean":1.718522372528616,"Sigma":0.6281911605205397,"Taucorr":0.177701221390969},"Iteration":48},
{"Acceptance":[0.01851106639839034],"Energy":{"Mean":-385.1935483870968,"Sigma":0.18539034575268684,"Taucorr":0.37555765086207415},"EnergyVariance":{"Mean":2.414151925078044,"Sigma":1.0508100016436985,"Taucorr":0.432316379331401},"Iteration":49} 
]}