{"Output": [
{"Acceptance":[0.85],"Energy":{"Mean":-155.01612903225808,"Sigma":0.6448655236024358,"Taucorr":-0.08381925247334082},"EnergyVariance":{"Mean":61.451352757544214,"Sigma":8.506210473539895,"Taucorr":0.1601833150191434},"Iteration":0},
{"Acceptance":[0.8007002801120449],"Energy":{"Mean":-157.74193548387095,"Sigma":0.8524540689363868,"Taucorr":0.09232565476436749},"EnergyVariance":{"Mean":75.44953173777317,"Sigma":11.670615095109047,"Taucorr":0.2102128487755509},"Iteration":1},
{"Acceptance":[0.7690476190476191],"Energy":{"Mean":-159.6370967741935,"Sigma":0.6482854464801232,"Taucorr":-0.14728443918643658},"EnergyVariance":{"Mean":73.27959157127991,"Sigma":6.1839985456585485,"Taucorr":-0.18390154756882993},"Iteration":2},
{"Acceptance":[0.7067226890756303],"Energy":{"Mean":-162.52419354838707,"Sigma":0.7344585854934668,"Taucorr":0.024375623862142315},"EnergyVariance":{"Mean":63.2655437044745,"Sigma":7.058753720394305,"Taucorr":0.04085106011908535},"Iteration":3},
{"Acceptance":[0.6252100840336134],"Energy":{"Mean":-165.05645161290323,"Sigma":0.9338115382133874,"Taucorr":0.2748116736497219},"EnergyVariance":{"Mean":69.21455515088448,"Sigma":9.701583302102032,"Taucorr":0.16160003013583935},"Iteration":4},
{"Acceptance":[0.5403361344537815],"Energy":{"Mean":-170.1532258064516,"Sigma":1.1394488751851028,"Taucorr":0.4460238327316709},"EnergyVariance":{"Mean":84.40394120707596,"Sigma":9.451295964759405,"Taucorr":0.027308393921779528},"Iteration":5},
{"Acceptance":[0.43291316526610646],"Energy":{"Mean":-177.00806451612905,"Sigma":0.9959922290316142,"Taucorr":0.35683575463899675},"EnergyVariance":{"Mean":71.20154786680543,"Sigma":9.062900791490788,"Taucorr":-0.04033997960102981},"Iteration":6},
{"Acceptance":[0.42787114845938373],"Energy":{"Mean":-177.83870967741936,"Sigma":1.0442847778218471,"Taucorr":0.5504767337625287},"EnergyVariance":{"Mean":63.84495317377731,"Sigma":10.533561626036551,"Taucorr":0.25455351841255736},"Iteration":7},
{"Acceptance":[0.4399159663865546],"Energy":{"Mean":-175.90322580645162,"Sigma":1.130745627736171,"Taucorr":0.50408364780292},"EnergyVariance":{"Mean":78.31321540062433,"Sigma":14.502508975263122,"Taucorr":0.13906692481007454},"Iteration":8},
{"Acceptance":[0.3002801120448179],"Energy":{"Mean":-185.94354838709677,"Sigma":0.6217074214875588,"Taucorr":0.16288832182582236},"EnergyVariance":{"Mean":35.859716441207084,"Sigma":4.664618855513988,"Taucorr":-0.011153000512160394},"Iteration":9},
{"Acceptance":[0.27296918767507],"Energy":{"Mean":-188.6935483870968,"Sigma":0.6850662864697409,"Taucorr":0.29704222670814273},"EnergyVariance":{"Mean":36.212539021852244,"Sigma":4.730844114205311,"Taucorr":0.1047231356434204},"Iteration":10},
{"Acceptance":[0.24103641456582633],"Energy":{"Mean":-190.2258064516129,"Sigma":0.6323869739113903,"Taucorr":0.3538673434367149},"EnergyVariance":{"Mean":28.803850156087403,"Sigma":3.8639431715818513,"Taucorr":0.02310276118346477},"Iteration":11},
{"Acceptance":[0.2165266106442577],"Energy":{"Mean":-191.27419354838707,"Sigma":0.5203331799012428,"Taucorr":0.11400885431156005},"EnergyVariance":{"Mean":27.11836628511967,"Sigma":3.5252160553160405,"Taucorr":-0.14755579959940812},"Iteration":12},
{"Acceptance":[0.19943977591036416],"Energy":{"Mean":-192.97580645161284,"Sigma":0.6342969648449507,"Taucorr":0.529273201942458},"EnergyVariance":{"Mean":24.03973725286161,"Sigma":3.483544566942929,"Taucorr":0.16050203891722048},"Iteration":13},
{"Acceptance":[0.17913165266106443],"Energy":{"Mean":-194.62096774193552,"Sigma":0.44824492988723924,"Taucorr":0.3912608652822306},"EnergyVariance":{"Mean":13.864399063475544,"Sigma":1.9298479008874976,"Taucorr":0.10998330805691958},"Iteration":14},
{"Acceptance":[0.17184873949579832],"Energy":{"Mean":-195.9758064516129,"Sigma":0.4729731571172422,"Taucorr":0.507700442543219},"EnergyVariance":{"Mean":13.652640478668054,"Sigma":1.7969798462602304,"Taucorr":0.2651505467580083},"Iteration":15},
{"Acceptance":[0.14523809523809525],"Energy":{"Mean":-197.66935483870967,"Sigma":0.35172139985336487,"Taucorr":0.1838966156292552},"EnergyVariance":{"Mean":11.124544745057234,"Sigma":1.9178644223887005,"Taucorr":-0.04602441815468378},"Iteration":16},
{"Acceptance":[0.1438375350140056],"Energy":{"Mean":-197.4677419354839,"Sigma":0.4382182177662639,"Taucorr":0.7813874227327904},"EnergyVariance":{"Mean":9.216701352757543,"Sigma":2.091717767436475,"Taucorr":0.3021877130823142},"Iteration":17},
{"Acceptance":[0.1323529411764706],"Energy":{"Mean":-198.17741935483872,"Sigma":0.37731250210611567,"Taucorr":0.365701443012578},"EnergyVariance":{"Mean":10.113683662851196,"Sigma":1.6970621353574509,"Taucorr":0.12324251564811517},"Iteration":18},
{"Acceptance":[0.12212885154061624],"Energy":{"Mean":-197.92741935483872,"Sigma":0.3566182163078138,"Taucorr":0.42512173545136334},"EnergyVariance":{"Mean":8.45440946930281,"Sigma":1.3822873075438338,"Taucorr":0.09645875354874345},"Iteration":19},
{"Acceptance":[0.11638655462184874],"Energy":{"Mean":-198.42741935483875,"Sigma":0.30147343103816215,"Taucorr":0.20699308177652653},"EnergyVariance":{"Mean":7.906022372528614,"Sigma":1.6715984560649522,"Taucorr":0.11072728906459395},"Iteration":20},
{"Acceptance":[0.09789915966386555],"Energy":{"Mean":-199.5241935483871,"Sigma":0.32489759319380723,"Taucorr":0.4926766446223457},"EnergyVariance":{"Mean":6.539737252861603,"Sigma":0.9731017064040355,"Taucorr":0.08983974839390763},"Iteration":21},
{"Acceptance":[0.08669467787114846],"Energy":{"Mean":-200.06451612903228,"Sigma":0.2633448365704523,"Taucorr":0.16316944421972646},"EnergyVariance":{"Mean":6.431321540062437,"Sigma":1.1384115937386738,"Taucorr":0.03645392346702614},"Iteration":22},
{"Acceptance":[0.07703081232492998],"Energy":{"Mean":-200.16129032258064,"Sigma":0.29728800775681735,"Taucorr":0.42482294617563443},"EnergyVariance":{"Mean":5.8772112382934445,"Sigma":0.9209326784525949,"Taucorr":0.317099210379011},"Iteration":23},
{"Acceptance":[0.07675070028011205],"Energy":{"Mean":-200.47580645161293,"Sigma":0.28991907443119747,"Taucorr":0.32080446119687867},"EnergyVariance":{"Mean":6.297801768990636,"Sigma":1.0899460515019443,"Taucorr":-0.012361533419182558},"Iteration":24},
{"Acceptance":[0.05994397759103642],"Energy":{"Mean":-201.25000000000006,"Sigma":0.22865901739612118,"Taucorr":0.38360110803324643},"EnergyVariance":{"Mean":3.639112903225807,"Sigma":0.8111015139752713,"Taucorr":0.27994851013828936},"Iteration":25},
{"Acceptance":[0.05476190476190476],"Energy":{"Mean":-201.4435483870968,"Sigma":0.20955331314724787,"Taucorr":0.3529630466487278},"EnergyVariance":{"Mean":3.1661680541103014,"Sigma":0.7285081133691891,"Taucorr":0.28696735102294657},"Iteration":26},
{"Acceptance":[0.0546218487394958],"Energy":{"Mean":-201.17741935483875,"Sigma":0.2484342225927299,"Taucorr":0.6311632684704187},"EnergyVariance":{"Mean":3.355619146722163,"Sigma":0.5208122782520823,"Taucorr":0.5152077198424372},"Iteration":27},
{"Acceptance":[0.05364145658263305],"Energy":{"Mean":-201.77419354838707,"Sigma":0.1884981812715934,"Taucorr":0.2704893597505035},"EnergyVariance":{"Mean":2.836108220603538,"Sigma":0.5470943512219635,"Taucorr":0.11574725301074806},"Iteration":28},
{"Acceptance":[0.04341736694677871],"Energy":{"Mean":-202.1048387096774,"Sigma":0.15844260245474576,"Taucorr":0.2730810564366408},"EnergyVariance":{"Mean":1.9970733610822058,"Sigma":0.7232205456646095,"Taucorr":0.29356162202779956},"Iteration":29},
{"Acceptance":[0.04831932773109244],"Energy":{"Mean":-201.48387096774192,"Sigma":0.2483644033761228,"Taucorr":0.27757678361949534},"EnergyVariance":{"Mean":4.878772112382935,"Sigma":1.6519675734208088,"Taucorr":0.43813020414187387},"Iteration":30},
{"Acceptance":[0.043137254901960784],"Energy":{"Mean":-202.06451612903228,"Sigma":0.23673624846105484,"Taucorr":0.7299619383587059},"EnergyVariance":{"Mean":2.8022892819979193,"Sigma":1.0280037393840487,"Taucorr":0.799455154625283},"Iteration":31},
{"Acceptance":[0.03263305322128852],"Energy":{"Mean":-202.33870967741933,"Sigma":0.15706839954829627,"Taucorr":0.5703340062396773},"EnergyVariance":{"Mean":1.4175338189386057,"Sigma":0.38434804930040134,"Taucorr":0.214802564936159},"Iteration":32},
{"Acceptance":[0.032913165266106444],"Energy":{"Mean":-202.42741935483875,"Sigma":0.13023631766571886,"Taucorr":0.17247494863947244},"EnergyVariance":{"Mean":1.5511836628511966,"Sigma":0.5603458793685051,"Taucorr":0.06613099024964197},"Iteration":33},
{"Acceptance":[0.03053221288515406],"Energy":{"Mean":-202.34677419354838,"Sigma":0.1208601672215115,"Taucorr":0.13260361804442644},"EnergyVariance":{"Mean":1.4200702393340274,"Sigma":0.3517776905872934,"Taucorr":0.27124946814962636},"Iteration":34},
{"Acceptance":[0.029831932773109245],"Energy":{"Mean":-202.24193548387095,"Sigma":0.20063202252732912,"Taucorr":0.6092318452034118},"EnergyVariance":{"Mean":2.2317898022892817,"Sigma":0.7070585044234441,"Taucorr":0.5678065612126695},"Iteration":35},
{"Acceptance":[0.02815126050420168],"Energy":{"Mean":-202.64516129032256,"Sigma":0.08261046168712234,"Taucorr":0.10244585511575499},"EnergyVariance":{"Mean":0.6966701352757544,"Sigma":0.18389648979049342,"Taucorr":-0.03686512981672868},"Iteration":36},
{"Acceptance":[0.029411764705882353],"Energy":{"Mean":-202.741935483871,"Sigma":0.09453044040059744,"Taucorr":0.16979232720355186},"EnergyVariance":{"Mean":0.8204994797086367,"Sigma":0.49984736782934586,"Taucorr":0.014840919399387587},"Iteration":37},
{"Acceptance":[0.02689075630252101],"Energy":{"Mean":-202.45967741935482,"Sigma":0.15471825511837553,"Taucorr":0.36598951757909526},"EnergyVariance":{"Mean":1.6999869927159208,"Sigma":0.6105979824491037,"Taucorr":0.05626315881383437},"Iteration":38},
{"Acceptance":[0.0288515406162465],"Energy":{"Mean":-202.5241935483871,"Sigma":0.1228879848309708,"Taucorr":0.061973161229389895},"EnergyVariance":{"Mean":1.652640478668054,"Sigma":0.5758479129194815,"Taucorr":-0.036138143158670644},"Iteration":39},
{"Acceptance":[0.029411764705882353],"Energy":{"Mean":-202.80645161290323,"Sigma":0.054018213549455414,"Taucorr":0.2580494505494485},"EnergyVariance":{"Mean":0.23673257023933403,"Sigma":0.06898865322520925,"Taucorr":0.1931333474360336},"Iteration":40},
{"Acceptance":[0.025910364145658265],"Energy":{"Mean":-202.70967741935476,"Sigma":0.08683253425133436,"Taucorr":-0.01902995143011521},"EnergyVariance":{"Mean":0.9640998959417274,"Sigma":0.5114315852641178,"Taucorr":-0.01688919961422608},"Iteration":41},
{"Acceptance":[0.02296918767507003],"Energy":{"Mean":-202.7741935483871,"Sigma":0.07978030882386898,"Taucorr":0.28697698744769873},"EnergyVariance":{"Mean":0.49739854318418314,"Sigma":0.1859306885003561,"Taucorr":0.3332681848216754},"Iteration":42},
{"Acceptance":[0.0273109243697479],"Energy":{"Mean":-202.66935483870967,"Sigma":0.11082965276502164,"Taucorr":0.10260959792477364},"EnergyVariance":{"Mean":1.2535770031217481,"Sigma":0.5465000161078638,"Taucorr":0.11041532249172292},"Iteration":43},
{"Acceptance":[0.02535014005602241],"Energy":{"Mean":-202.67741935483872,"Sigma":0.12550625888684255,"Taucorr":0.3166282894736866},"EnergyVariance":{"Mean":1.1862643080124873,"Sigma":0.5167931172785074,"Taucorr":0.13217475516004384},"Iteration":44},
{"Acceptance":[0.024789915966386553],"Energy":{"Mean":-202.58870967741933,"Sigma":0.11031990816105336,"Taucorr":-0.006382157409391631},"EnergyVariance":{"Mean":1.5163241415192508,"Sigma":0.5258440209342758,"Taucorr":-0.018444391544332528},"Iteration":45},
{"Acceptance":[0.026470588235294117],"Energy":{"Mean":-202.8467741935484,"Sigma":0.05759216474631395,"Taucorr":0.3406593406593519},"EnergyVariance":{"Mean":0.24265088449531735,"Sigma":0.10433061936307358,"Taucorr":0.08704179954916846},"Iteration":46},
{"Acceptance":[0.022128851540616248],"Energy":{"Mean":-202.62096774193552,"Sigma":0.15805902996843027,"Taucorr":0.5632431702596847},"EnergyVariance":{"Mean":1.445044224765869,"Sigma":0.6365746489442197,"Taucorr":0.38976086721789605},"Iteration":47},
{"Acceptance":[0.027450980392156862],"Energy":{"Mean":-202.6532258064516,"Sigma":0.13750729176894066,"Taucorr":0.4607275267314943},"EnergyVariance":{"Mean":1.2103928199791882,"Sigma":0.517965096314587,"Taucorr":0.37862939900432124},"Iteration":48},
{"Acceptance":[0.02338935574229692],"Energy":{"Mean":-202.92741935483875,"Sigma":0.038788003194468054,"Taucorr":0.12536263736263142},"EnergyVariance":{"Mean":0.14795785639958375,"Sigma":0.08475123498766853,"Taucorr":0.0487945382576187},"Iteration":49} 
]}