{"Output": [
{"Acceptance":[0.8630252100840337],"Energy":{"Mean":-156.8709677419355,"Sigma":0.6039599350876849,"Taucorr":-0.10565024328674871},"EnergyVariance":{"Mean":56.88657648283038,"Sigma":5.372396110399827,"Taucorr":-0.06813450682361888},"Iteration":0},
{"Acceptance":[0.8344537815126051],"Energy":{"Mean":-157.47580645161293,"Sigma":0.7398374965706633,"Taucorr":-0.022785143907676275},"EnergyVariance":{"Mean":70.5397372528616,"Sigma":10.043638481671879,"Taucorr":0.09711754788864424},"Iteration":1},
{"Acceptance":[0.800280112044818],"Energy":{"Mean":-158.48387096774198,"Sigma":0.9387803431998115,"Taucorr":0.15410024048423332},"EnergyVariance":{"Mean":82.86264308012487,"Sigma":10.080729121644703,"Taucorr":0.07918444990047957},"Iteration":2},
{"Acceptance":[0.7511204481792717],"Energy":{"Mean":-160.29032258064518,"Sigma":0.7884496129939534,"Taucorr":0.025838694441859822},"EnergyVariance":{"Mean":72.70603537981268,"Sigma":8.002452645314412,"Taucorr":-0.1874632285733655},"Iteration":3},
{"Acceptance":[0.6747899159663866],"Energy":{"Mean":-163.87903225806454,"Sigma":0.765947912942948,"Taucorr":0.01679529683993619},"EnergyVariance":{"Mean":69.81601196670137,"Sigma":7.665794210684907,"Taucorr":-0.05016261641081582},"Iteration":4},
{"Acceptance":[0.6340336134453781],"Energy":{"Mean":-165.84677419354838,"Sigma":0.9416924122958883,"Taucorr":0.205756287562732},"EnergyVariance":{"Mean":77.27490894901145,"Sigma":10.795515387804368,"Taucorr":0.10075219413493053},"Iteration":5},
{"Acceptance":[0.5564425770308123],"Energy":{"Mean":-169.05645161290323,"Sigma":0.9761751724947091,"Taucorr":0.26829009597848674},"EnergyVariance":{"Mean":76.27907127991675,"Sigma":8.88193353030232,"Taucorr":-0.11247354767711731},"Iteration":6},
{"Acceptance":[0.5016806722689076],"Energy":{"Mean":-172.4435483870968,"Sigma":1.1058683688014153,"Taucorr":0.3319067127539802},"EnergyVariance":{"Mean":90.40810353798128,"Sigma":10.633181851960448,"Taucorr":-0.03899472119237701},"Iteration":7},
{"Acceptance":[0.3983193277310924],"Energy":{"Mean":-181.53225806451613,"Sigma":1.0116088229564408,"Taucorr":0.577782703025389},"EnergyVariance":{"Mean":58.394120707596265,"Sigma":9.203437207478299,"Taucorr":0.30067353646594364},"Iteration":8},
{"Acceptance":[0.3464985994397759],"Energy":{"Mean":-183.53225806451613,"Sigma":1.0064137020706616,"Taucorr":0.38794689707600205},"EnergyVariance":{"Mean":70.15218522372528,"Sigma":9.577268796333575,"Taucorr":0.013010478131087355},"Iteration":9},
{"Acceptance":[0.29677871148459384],"Energy":{"Mean":-189.15322580645162,"Sigma":0.7180167409161612,"Taucorr":0.27361289411421263},"EnergyVariance":{"Mean":40.98458636836629,"Sigma":6.558977972554178,"Taucorr":0.0884722735705823},"Iteration":10},
{"Acceptance":[0.25630252100840334],"Energy":{"Mean":-192.1451612903226,"Sigma":0.7902951498421523,"Taucorr":0.34668725306358794},"EnergyVariance":{"Mean":45.36602497398542,"Sigma":7.3924730430077075,"Taucorr":0.2367597348910152},"Iteration":11},
{"Acceptance":[0.21176470588235294],"Energy":{"Mean":-194.87096774193552,"Sigma":0.5717205413352473,"Taucorr":0.22002143123369255},"EnergyVariance":{"Mean":27.918834547346517,"Sigma":2.903836259430957,"Taucorr":-0.13650050232536465},"Iteration":12},
{"Acceptance":[0.18669467787114846],"Energy":{"Mean":-197.8951612903226,"Sigma":0.5066459116365285,"Taucorr":0.23106193171037293},"EnergyVariance":{"Mean":21.593847554630592,"Sigma":3.9029051970503734,"Taucorr":0.19536320416976216},"Iteration":13},
{"Acceptance":[0.16792717086834733],"Energy":{"Mean":-198.93548387096772,"Sigma":0.5727888459878573,"Taucorr":0.2908976424521741},"EnergyVariance":{"Mean":25.511966701352755,"Sigma":5.79580487421156,"Taucorr":0.21794405073624734},"Iteration":14},
{"Acceptance":[0.14327731092436974],"Energy":{"Mean":-201.31451612903226,"Sigma":0.4004311758645069,"Taucorr":0.12555417576025085},"EnergyVariance":{"Mean":15.763982830385018,"Sigma":2.1017368359248843,"Taucorr":-0.00553401678546761},"Iteration":15},
{"Acceptance":[0.12633053221288515],"Energy":{"Mean":-202.15322580645162,"Sigma":0.3835805805058982,"Taucorr":0.2499851764008305},"EnergyVariance":{"Mean":12.06523152965661,"Sigma":1.8527892747008408,"Taucorr":0.28769654267583666},"Iteration":16},
{"Acceptance":[0.12072829131652661],"Energy":{"Mean":-202.56451612903226,"Sigma":0.43840616477635,"Taucorr":0.5435982682192955},"EnergyVariance":{"Mean":11.326482830385014,"Sigma":1.9228940560192056,"Taucorr":0.22222090504056724},"Iteration":17},
{"Acceptance":[0.09971988795518208],"Energy":{"Mean":-203.7258064516129,"Sigma":0.33124781166038714,"Taucorr":0.2700203342535695},"EnergyVariance":{"Mean":8.763527575442247,"Sigma":1.494432131584416,"Taucorr":0.19871559993777732},"Iteration":18},
{"Acceptance":[0.0938375350140056],"Energy":{"Mean":-204.18548387096774,"Sigma":0.29190874944420747,"Taucorr":0.20270696887509},"EnergyVariance":{"Mean":7.457531217481791,"Sigma":1.2679641449543753,"Taucorr":0.08785331159108423},"Iteration":19},
{"Acceptance":[0.08879551820728292],"Energy":{"Mean":-204.26612903225805,"Sigma":0.3155758271332401,"Taucorr":0.12650367561454123},"EnergyVariance":{"Mean":9.775949531737774,"Sigma":2.294633664881955,"Taucorr":0.22489437939785129},"Iteration":20},
{"Acceptance":[0.0726890756302521],"Energy":{"Mean":-205.09677419354836,"Sigma":0.25707134154640343,"Taucorr":0.3065591120289105},"EnergyVariance":{"Mean":5.039021852237253,"Sigma":0.8593634453397699,"Taucorr":0.11441982202856138},"Iteration":21},
{"Acceptance":[0.07450980392156863],"Energy":{"Mean":-205.43548387096774,"Sigma":0.30097684643191847,"Taucorr":0.47231895573212257},"EnergyVariance":{"Mean":5.729708636836629,"Sigma":2.2314967292444616,"Taucorr":0.6419238179832241},"Iteration":22},
{"Acceptance":[0.07366946778711485],"Energy":{"Mean":-205.45967741935482,"Sigma":0.21599257447957743,"Taucorr":0.2822679315542177},"EnergyVariance":{"Mean":3.6677289281997916,"Sigma":0.7480491071754038,"Taucorr":-0.008771352252305298},"Iteration":23},
{"Acceptance":[0.06862745098039216],"Energy":{"Mean":-205.72580645161293,"Sigma":0.2157616039035734,"Taucorr":0.29478767964179786},"EnergyVariance":{"Mean":3.602237252861602,"Sigma":1.0653835551565878,"Taucorr":0.05317344896421994},"Iteration":24},
{"Acceptance":[0.06596638655462185],"Energy":{"Mean":-205.4435483870967,"Sigma":0.33495098289669484,"Taucorr":0.6160605518677893},"EnergyVariance":{"Mean":6.182297086368366,"Sigma":1.8049731401458609,"Taucorr":0.8095909919074711},"Iteration":25},
{"Acceptance":[0.06190476190476191],"Energy":{"Mean":-205.7258064516129,"Sigma":0.21823917736338533,"Taucorr":0.3634019630396468},"EnergyVariance":{"Mean":3.3925598335067635,"Sigma":0.8653139897651294,"Taucorr":0.24390500735990572},"Iteration":26},
{"Acceptance":[0.05952380952380952],"Energy":{"Mean":-206.33064516129033,"Sigma":0.10899534910060937,"Taucorr":0.11445058250834406},"EnergyVariance":{"Mean":1.1890608740894903,"Sigma":0.20479100303806178,"Taucorr":-0.0807580769660185},"Iteration":27},
{"Acceptance":[0.05196078431372549],"Energy":{"Mean":-206.1774193548387,"Sigma":0.19715501664848248,"Taucorr":0.30528656559459977},"EnergyVariance":{"Mean":2.9685223725286165,"Sigma":0.8364210599717989,"Taucorr":0.053637571389963834},"Iteration":28},
{"Acceptance":[0.05560224089635854],"Energy":{"Mean":-206.4112903225806,"Sigma":0.10970904034997433,"Taucorr":0.009859785871062732},"EnergyVariance":{"Mean":1.4518080124869925,"Sigma":0.43503124541094573,"Taucorr":-0.017260112836414376},"Iteration":29},
{"Acceptance":[0.05560224089635854],"Energy":{"Mean":-206.33064516129033,"Sigma":0.13033615387636677,"Taucorr":0.13057114818449078},"EnergyVariance":{"Mean":1.6568028095733613,"Sigma":0.30213848152845446,"Taucorr":-0.0764928225935324},"Iteration":30},
{"Acceptance":[0.05266106442577031],"Energy":{"Mean":-206.55645161290323,"Sigma":0.11401145800473274,"Taucorr":0.16705377977967273},"EnergyVariance":{"Mean":1.198426118626431,"Sigma":0.35042139283388013,"Taucorr":-0.015652950905236773},"Iteration":31},
{"Acceptance":[0.05112044817927171],"Energy":{"Mean":-206.37903225806454,"Sigma":0.1428732462060087,"Taucorr":0.16757046515648943},"EnergyVariance":{"Mean":1.880528095733611,"Sigma":0.6035071180825047,"Taucorr":0.12220484869540882},"Iteration":32},
{"Acceptance":[0.05238095238095238],"Energy":{"Mean":-206.15322580645162,"Sigma":0.24475064646603611,"Taucorr":0.5149540413180174},"EnergyVariance":{"Mean":3.629747658688866,"Sigma":1.391666368704109,"Taucorr":0.5174825146670328},"Iteration":33},
{"Acceptance":[0.05112044817927171],"Energy":{"Mean":-206.74999999999994,"Sigma":0.08115430675802929,"Taucorr":0.006045340050376269},"EnergyVariance":{"Mean":0.8004032258064515,"Sigma":0.33220684175574294,"Taucorr":-0.03686926344681868},"Iteration":34},
{"Acceptance":[0.04733893557422969],"Energy":{"Mean":-206.62096774193552,"Sigma":0.15763327171765068,"Taucorr":0.705535888358729},"EnergyVariance":{"Mean":1.2676248699271593,"Sigma":0.8094325752239355,"Taucorr":0.7306678114877354},"Iteration":35},
{"Acceptance":[0.04985994397759104],"Energy":{"Mean":-206.58870967741933,"Sigma":0.11509018617531118,"Taucorr":0.19174904732977205},"EnergyVariance":{"Mean":1.177614464099896,"Sigma":0.3714148267138168,"Taucorr":0.09404991467649437},"Iteration":36},
{"Acceptance":[0.051400560224089634],"Energy":{"Mean":-206.6532258064516,"Sigma":0.1139924418328037,"Taucorr":0.3685728422987168},"EnergyVariance":{"Mean":0.9200702393340272,"Sigma":0.35788161299485677,"Taucorr":0.33232374433153233},"Iteration":37},
{"Acceptance":[0.04495798319327731],"Energy":{"Mean":-206.68548387096774,"Sigma":0.130119745271838,"Taucorr":0.6253602305475503},"EnergyVariance":{"Mean":0.9252731529656608,"Sigma":0.45149400004750406,"Taucorr":0.5634140031329817},"Iteration":38},
{"Acceptance":[0.04747899159663865],"Energy":{"Mean":-206.4516129032258,"Sigma":0.12774899513456478,"Taucorr":0.17378623821166572},"EnergyVariance":{"Mean":1.4895941727367323,"Sigma":0.3997195412428371,"Taucorr":-0.007043946138404311},"Iteration":39},
{"Acceptance":[0.04831932773109244],"Energy":{"Mean":-206.70967741935482,"Sigma":0.07341220177940881,"Taucorr":-0.0510658914728655},"EnergyVariance":{"Mean":0.738293444328824,"Sigma":0.25037437278400865,"Taucorr":-0.04784877406502214},"Iteration":40},
{"Acceptance":[0.04453781512605042],"Energy":{"Mean":-206.50806451612902,"Sigma":0.15226068432227494,"Taucorr":0.2523490854181586},"EnergyVariance":{"Mean":1.8950962539021852,"Sigma":0.6586680282661529,"Taucorr":0.21670640132309027},"Iteration":41},
{"Acceptance":[0.04551820728291316],"Energy":{"Mean":-206.73387096774195,"Sigma":0.09625758165291566,"Taucorr":-0.035803973509933085},"EnergyVariance":{"Mean":1.2275624349635796,"Sigma":0.5656815784715312,"Taucorr":-0.03461301560775121},"Iteration":42},
{"Acceptance":[0.03907563025210084],"Energy":{"Mean":-206.79838709677423,"Sigma":0.09865994249194909,"Taucorr":0.24259782170229804},"EnergyVariance":{"Mean":0.8061264308012486,"Sigma":0.4625217821243675,"Taucorr":0.10595484894465101},"Iteration":43},
{"Acceptance":[0.044677871148459385],"Energy":{"Mean":-206.6532258064516,"Sigma":0.12576508832011607,"Taucorr":0.3995489264449419},"EnergyVariance":{"Mean":1.0813605619146722,"Sigma":0.4513285715945167,"Taucorr":0.32459173592702684},"Iteration":44},
{"Acceptance":[0.043697478991596636],"Energy":{"Mean":-206.70967741935482,"Sigma":0.07956262681155249,"Taucorr":-0.005125661375659396},"EnergyVariance":{"Mean":0.7866805411030175,"Sigma":0.30039130480754644,"Taucorr":-0.041721723424855695},"Iteration":45},
{"Acceptance":[0.042717086834733894],"Energy":{"Mean":-206.67741935483872,"Sigma":0.10637827385703963,"Taucorr":0.2630490587564174},"EnergyVariance":{"Mean":0.9120707596253903,"Sigma":0.4154907858023778,"Taucorr":0.3494916769725801},"Iteration":46},
{"Acceptance":[0.044677871148459385],"Energy":{"Mean":-206.80645161290323,"Sigma":0.08958512307741193,"Taucorr":0.004326156299842787},"EnergyVariance":{"Mean":0.9786680541103021,"Sigma":0.5593811839091329,"Taucorr":-0.019286441754819916},"Iteration":47},
{"Acceptance":[0.04523809523809524],"Energy":{"Mean":-206.62903225806448,"Sigma":0.1433428515259601,"Taucorr":0.2358695652173901},"EnergyVariance":{"Mean":1.7172216441207078,"Sigma":0.8204678393130675,"Taucorr":0.29480014635590757},"Iteration":48},
{"Acceptance":[0.04439775910364146],"Energy":{"Mean":-206.62096774193546,"Sigma":0.20896280208086287,"Taucorr":0.7556974728583143},"EnergyVariance":{"Mean":2.138592611862644,"Sigma":1.3849475961260882,"Taucorr":0.7950207878284048},"Iteration":49} 
]}