{"Output": [
{"Acceptance":[0.9226723525230988],"Energy":{"Mean":-2489.532258064516,"Sigma":3.596495119121681,"Taucorr":0.13140953608667716},"EnergyVariance":{"Mean":1259.8618626430803,"Sigma":160.91798211914758,"Taucorr":0.05040461843790067},"Iteration":0},
{"Acceptance":[0.9148542999289268],"Energy":{"Mean":-2485.4354838709673,"Sigma":2.3714239558157995,"Taucorr":-0.21954280686928662},"EnergyVariance":{"Mean":1233.1813215400623,"Sigma":174.66141482101997,"Taucorr":0.0034778167800598725},"Iteration":1},
{"Acceptance":[0.9117626154939588],"Energy":{"Mean":-2491.427419354839,"Sigma":2.5212589007628052,"Taucorr":-0.18005730458019947},"EnergyVariance":{"Mean":1221.906022372529,"Sigma":192.8165664428704,"Taucorr":-0.03841150249158737},"Iteration":2},
{"Acceptance":[0.9027363184079602],"Energy":{"Mean":-2494.3629032258063,"Sigma":2.322281006657315,"Taucorr":-0.14001003364384035},"EnergyVariance":{"Mean":921.3279786680542,"Sigma":92.85918722613337,"Taucorr":-0.10376166176448082},"Iteration":3},
{"Acceptance":[0.9042643923240938],"Energy":{"Mean":-2492.1693548387093,"Sigma":3.1324564182015453,"Taucorr":0.024150428255032774},"EnergyVariance":{"Mean":1151.301964099896,"Sigma":144.82621168481967,"Taucorr":-0.03120769741342383},"Iteration":4},
{"Acceptance":[0.8926083866382374],"Energy":{"Mean":-2486.927419354838,"Sigma":3.1074657228792124,"Taucorr":-0.125146891809983},"EnergyVariance":{"Mean":1584.260861082206,"Sigma":196.15557433104425,"Taucorr":-0.07905675118750227},"Iteration":5},
{"Acceptance":[0.8921108742004265],"Energy":{"Mean":-2492.0161290322576,"Sigma":3.6114538423409313,"Taucorr":0.06910726800519007},"EnergyVariance":{"Mean":1409.4352237252856,"Sigma":289.79394485530304,"Taucorr":0.11047018014030352},"Iteration":6},
{"Acceptance":[0.887135749822317],"Energy":{"Mean":-2501.2419354838707,"Sigma":3.075866078553243,"Taucorr":0.11879277045034153},"EnergyVariance":{"Mean":940.2963059313215,"Sigma":125.81007749332565,"Taucorr":-0.1216019039184264},"Iteration":7},
{"Acceptance":[0.8828002842928216],"Energy":{"Mean":-2494.4758064516136,"Sigma":3.1979780834782465,"Taucorr":0.03416361872798834},"EnergyVariance":{"Mean":1177.475221123829,"Sigma":173.83985251689865,"Taucorr":0.10973064789890052},"Iteration":8},
{"Acceptance":[0.8799573560767591],"Energy":{"Mean":-2503.5483870967732,"Sigma":2.8810284938025252,"Taucorr":-0.06267811606159912},"EnergyVariance":{"Mean":1167.2637877211237,"Sigma":132.2524062168817,"Taucorr":-0.05917010953235674},"Iteration":9},
{"Acceptance":[0.8721393034825871],"Energy":{"Mean":-2504.0725806451615,"Sigma":3.284416478762414,"Taucorr":0.05602124725098412},"EnergyVariance":{"Mean":1193.1640868886575,"Sigma":167.3444054952222,"Taucorr":0.034631268194463716},"Iteration":10},
{"Acceptance":[0.8698294243070362],"Energy":{"Mean":-2496.3870967741927,"Sigma":2.2650879635200662,"Taucorr":-0.2105443231700555},"EnergyVariance":{"Mean":1090.0920915712798,"Sigma":167.22306488812993,"Taucorr":0.1765132889971659},"Iteration":11},
{"Acceptance":[0.8578535891968728],"Energy":{"Mean":-2503.3064516129034,"Sigma":3.001897018441941,"Taucorr":-0.011364965139365857},"EnergyVariance":{"Mean":1134.1802809573364,"Sigma":132.90281769186518,"Taucorr":0.038520802597530435},"Iteration":12},
{"Acceptance":[0.855543710021322],"Energy":{"Mean":-2501.064516129032,"Sigma":3.7205287761171912,"Taucorr":0.207396881532386},"EnergyVariance":{"Mean":1203.4313215400628,"Sigma":145.49305883633744,"Taucorr":-0.0982482948721019},"Iteration":13},
{"Acceptance":[0.8377398720682303],"Energy":{"Mean":-2507.8145161290327,"Sigma":2.559532250560243,"Taucorr":-0.07172463706898524},"EnergyVariance":{"Mean":940.7478537981269,"Sigma":142.8434897141104,"Taucorr":0.0649139807139294},"Iteration":14},
{"Acceptance":[0.8261904761904761],"Energy":{"Mean":-2510.7338709677415,"Sigma":3.484391762149177,"Taucorr":0.11004023166082144},"EnergyVariance":{"Mean":1223.9694979188343,"Sigma":136.8281217124837,"Taucorr":0.09349706284114201},"Iteration":15},
{"Acceptance":[0.808137882018479],"Energy":{"Mean":-2509.3306451612902,"Sigma":3.675302399539524,"Taucorr":0.12489350361665519},"EnergyVariance":{"Mean":1329.3987382934445,"Sigma":160.65024192443542,"Taucorr":-0.046225787877316626},"Iteration":16},
{"Acceptance":[0.6869936034115138],"Energy":{"Mean":-2536.2903225806444,"Sigma":2.9741515636250226,"Taucorr":0.05328595853532414},"EnergyVariance":{"Mean":983.2221644120709,"Sigma":109.62521010734942,"Taucorr":-0.11439500979729189},"Iteration":17},
{"Acceptance":[0.5765103056147832],"Energy":{"Mean":-2556.9032258064503,"Sigma":3.0085826472962958,"Taucorr":-0.006513944756001588},"EnergyVariance":{"Mean":1128.0390218522375,"Sigma":158.4992872032814,"Taucorr":0.019667324187258806},"Iteration":18},
{"Acceptance":[0.46613361762615496],"Energy":{"Mean":-2597.4274193548385,"Sigma":3.0014600736488224,"Taucorr":0.09550142054480715},"EnergyVariance":{"Mean":930.3737643080125,"Sigma":132.15353024506013,"Taucorr":0.243340150930085},"Iteration":19},
{"Acceptance":[0.4052238805970149],"Energy":{"Mean":-2626.120967741936,"Sigma":3.1044078740320864,"Taucorr":0.1462912129702646},"EnergyVariance":{"Mean":917.0740764828304,"Sigma":105.84209262807593,"Taucorr":0.08909937288513226},"Iteration":20},
{"Acceptance":[0.33969438521677325],"Energy":{"Mean":-2660.2258064516127,"Sigma":2.8948497750758517,"Taucorr":0.24153887024859944},"EnergyVariance":{"Mean":695.0135275754423,"Sigma":108.01648452431948,"Taucorr":0.16902168938205253},"Iteration":21},
{"Acceptance":[0.2803127221037669],"Energy":{"Mean":-2684.6693548387098,"Sigma":2.651647567991498,"Taucorr":0.065485978357113},"EnergyVariance":{"Mean":764.6890608740895,"Sigma":122.30391751606186,"Taucorr":0.06865410579839781},"Iteration":22},
{"Acceptance":[0.22185501066098082],"Energy":{"Mean":-2723.024193548387,"Sigma":2.7185235467106277,"Taucorr":0.4611513800273668},"EnergyVariance":{"Mean":472.8784469302809,"Sigma":77.93730195760736,"Taucorr":0.34043461492606664},"Iteration":23},
{"Acceptance":[0.196908315565032],"Energy":{"Mean":-2735.0241935483873,"Sigma":2.191974451139931,"Taucorr":0.15907161697131922},"EnergyVariance":{"Mean":448.3461888657649,"Sigma":56.29389093151116,"Taucorr":0.020417166911466222},"Iteration":24},
{"Acceptance":[0.17629708599857855],"Energy":{"Mean":-2753.8145161290327,"Sigma":1.88118041406456,"Taucorr":0.2231927646400904},"EnergyVariance":{"Mean":300.94140218522375,"Sigma":42.642314603966675,"Taucorr":0.08679407363341496},"Iteration":25},
{"Acceptance":[0.1449182658137882],"Energy":{"Mean":-2765.5806451612902,"Sigma":2.014309932024978,"Taucorr":0.47737957558761046},"EnergyVariance":{"Mean":255.30801248699277,"Sigma":33.47987185095579,"Taucorr":0.0088408052121004},"Iteration":26},
{"Acceptance":[0.13763326226012793],"Energy":{"Mean":-2779.927419354838,"Sigma":1.3361794329107732,"Taucorr":0.23778137767175322},"EnergyVariance":{"Mean":148.82537721123833,"Sigma":14.758822765251882,"Taucorr":-0.10002974082129251},"Iteration":27},
{"Acceptance":[0.12626154939587775],"Energy":{"Mean":-2787.5080645161293,"Sigma":1.1528065257807791,"Taucorr":0.18077359158000228},"EnergyVariance":{"Mean":120.05638657648284,"Sigma":14.809236061694753,"Taucorr":-0.013604335911980459},"Iteration":28},
{"Acceptance":[0.10927505330490406],"Energy":{"Mean":-2794.427419354839,"Sigma":1.0168733406438855,"Taucorr":0.17120281165161055},"EnergyVariance":{"Mean":94.74473204994798,"Sigma":10.453244843171863,"Taucorr":-0.07893774772681234},"Iteration":29},
{"Acceptance":[0.1060412224591329],"Energy":{"Mean":-2800.1935483870966,"Sigma":1.0256593524070365,"Taucorr":0.18163272577771605},"EnergyVariance":{"Mean":94.91415192507803,"Sigma":16.26114263334434,"Taucorr":0.06628909530015847},"Iteration":30},
{"Acceptance":[0.09289267945984364],"Energy":{"Mean":-2805.201612903226,"Sigma":0.8072603471764772,"Taucorr":0.1420743835666417},"EnergyVariance":{"Mean":62.4190296566077,"Sigma":9.699665670011187,"Taucorr":0.07563106801950492},"Iteration":31},
{"Acceptance":[0.09047619047619047],"Energy":{"Mean":-2809.1854838709673,"Sigma":0.954401781752781,"Taucorr":0.2217230137071481},"EnergyVariance":{"Mean":77.61882154006243,"Sigma":12.152824631043755,"Taucorr":0.12385514856738633},"Iteration":32},
{"Acceptance":[0.08390191897654584],"Energy":{"Mean":-2812.588709677419,"Sigma":0.844618351420351,"Taucorr":0.1330255738468027},"EnergyVariance":{"Mean":69.30664672216442,"Sigma":8.843822042223671,"Taucorr":0.14870797783404344},"Iteration":33},
{"Acceptance":[0.0757995735607676],"Energy":{"Mean":-2816.161290322581,"Sigma":0.9662690404233892,"Taucorr":0.4515471017304188},"EnergyVariance":{"Mean":60.34495317377733,"Sigma":13.35231490015312,"Taucorr":0.26655183092700063},"Iteration":34},
{"Acceptance":[0.06751954513148543],"Energy":{"Mean":-2816.3467741935488,"Sigma":0.9567022645690575,"Taucorr":0.4215523639062264},"EnergyVariance":{"Mean":61.08136056191468,"Sigma":6.679366093787937,"Taucorr":-0.06654584649677914},"Iteration":35},
{"Acceptance":[0.06385927505330491],"Energy":{"Mean":-2820.733870967742,"Sigma":0.6774929555510929,"Taucorr":0.27334080473797606},"EnergyVariance":{"Mean":36.50175598335067,"Sigma":5.0399141448872635,"Taucorr":-0.010339716792228004},"Iteration":36},
{"Acceptance":[0.055934612651030564],"Energy":{"Mean":-2821.8064516129025,"Sigma":0.7981589768594475,"Taucorr":0.40244885669088404},"EnergyVariance":{"Mean":43.41415192507806,"Sigma":7.309825579903298,"Taucorr":0.2117286109447296},"Iteration":37},
{"Acceptance":[0.04822316986496091],"Energy":{"Mean":-2825.8225806451615,"Sigma":0.46129690197578693,"Taucorr":-0.07296524706501473},"EnergyVariance":{"Mean":30.64594172736732,"Sigma":3.3456944130982342,"Taucorr":-0.08641603886992466},"Iteration":38},
{"Acceptance":[0.044989339019189764],"Energy":{"Mean":-2826.3467741935474,"Sigma":0.677467356210254,"Taucorr":0.3239103733557859},"EnergyVariance":{"Mean":34.25877991675337,"Sigma":8.570754468100494,"Taucorr":0.19657663808374615},"Iteration":39},
{"Acceptance":[0.03742004264392324],"Energy":{"Mean":-2829.3951612903224,"Sigma":0.6187889439844284,"Taucorr":0.23521157075472587},"EnergyVariance":{"Mean":32.02933142559833,"Sigma":7.680742631625216,"Taucorr":0.0032233256870981553},"Iteration":40},
{"Acceptance":[0.03411513859275053],"Energy":{"Mean":-2831.2903225806454,"Sigma":0.4423934131689423,"Taucorr":0.13307256034153792},"EnergyVariance":{"Mean":19.012486992715917,"Sigma":3.7038198252454824,"Taucorr":0.18257093772044175},"Iteration":41},
{"Acceptance":[0.03233830845771144],"Energy":{"Mean":-2831.032258064516,"Sigma":0.6473417454594497,"Taucorr":0.49434156378600136},"EnergyVariance":{"Mean":25.918314255983354,"Sigma":5.935443587928978,"Taucorr":0.33985247866144175},"Iteration":42},
{"Acceptance":[0.029815209665955935],"Energy":{"Mean":-2832.6935483870975,"Sigma":0.47017350912764616,"Taucorr":0.25926036233675454},"EnergyVariance":{"Mean":17.906087408949013,"Sigma":3.5182116929777587,"Taucorr":0.3612730730690604},"Iteration":43},
{"Acceptance":[0.02601279317697228],"Energy":{"Mean":-2833.25,"Sigma":0.4400940759643518,"Taucorr":0.2978528021606822},"EnergyVariance":{"Mean":14.929435483870963,"Sigma":3.4271750387305597,"Taucorr":0.23589551345462723},"Iteration":44},
{"Acceptance":[0.025728500355366026],"Energy":{"Mean":-2833.4596774193546,"Sigma":0.39538615502462443,"Taucorr":0.2092904197793939},"EnergyVariance":{"Mean":13.554825702393336,"Sigma":2.6264110703682553,"Taucorr":-0.0847555818235377},"Iteration":45},
{"Acceptance":[0.022956645344705047],"Energy":{"Mean":-2833.741935483871,"Sigma":0.5317201583003892,"Taucorr":0.2492231812577299},"EnergyVariance":{"Mean":23.20759625390219,"Sigma":6.63316534351665,"Taucorr":0.14332169532944206},"Iteration":46},
{"Acceptance":[0.02221037668798863],"Energy":{"Mean":-2835.4193548387093,"Sigma":0.3061614359047452,"Taucorr":0.08486790012675283},"EnergyVariance":{"Mean":9.856399583766912,"Sigma":1.68004213583808,"Taucorr":-0.0030858224538214407},"Iteration":47},
{"Acceptance":[0.020042643923240937],"Energy":{"Mean":-2835.0887096774195,"Sigma":0.5716826215401919,"Taucorr":0.6116459420670306},"EnergyVariance":{"Mean":18.08084027055151,"Sigma":3.938322332821126,"Taucorr":0.3475610266318605},"Iteration":48},
{"Acceptance":[0.02061122956645345],"Energy":{"Mean":-2835.532258064516,"Sigma":0.586787996314518,"Taucorr":0.34515434053555816},"EnergyVariance":{"Mean":25.055411030176902,"Sigma":6.745926801834156,"Taucorr":0.5754723288521606},"Iteration":49} 
]}