{"Output": [
{"Acceptance":[0.0008486562942008486],"Energy":{"Mean":-713.9112903225807,"Sigma":0.0358243682773274,"Taucorr":0.11077000503268208},"EnergyVariance":{"Mean":0.12922736732570236,"Sigma":0.05184736718888844,"Taucorr":-0.00505690720627372},"Iteration":0},
{"Acceptance":[0.0008486562942008486],"Energy":{"Mean":-713.7258064516129,"Sigma":0.13880966638704823,"Taucorr":0.6977649224296585},"EnergyVariance":{"Mean":0.9893340270551508,"Sigma":0.47845353666356844,"Taucorr":0.7210015813847324},"Iteration":1},
{"Acceptance":[0.00014144271570014144],"Energy":{"Mean":-713.8225806451613,"Sigma":0.1774193548387103,"Taucorr":0.5081967213114835},"EnergyVariance":{"Mean":1.9201352757544219,"Sigma":1.8886576482830557,"Taucorr":0.508196721311476},"Iteration":2},
{"Acceptance":[0.00014144271570014144],"Energy":{"Mean":-714.016129032258,"Sigma":0.011213254631513361,"Taucorr":-0.012704918032767354},"EnergyVariance":{"Mean":0.015868886576482832,"Sigma":0.010851536740174215,"Taucorr":-0.012704918032786894},"Iteration":3},
{"Acceptance":[0.0004243281471004243],"Energy":{"Mean":-713.983870967742,"Sigma":0.0161290322580653,"Taucorr":3.574918139293004e-14},"EnergyVariance":{"Mean":0.031997918834547355,"Sigma":0.03173777315296614,"Taucorr":0.0},"Iteration":4},
{"Acceptance":[0.0008486562942008486],"Energy":{"Mean":-713.8548387096774,"Sigma":0.09038016597497939,"Taucorr":-0.01099012408204908},"EnergyVariance":{"Mean":1.027315296566077,"Sigma":0.6911503676870165,"Taucorr":-0.013225619251461151},"Iteration":5},
{"Acceptance":[0.0009900990099009901],"Energy":{"Mean":-714.1774193548387,"Sigma":0.11719936854571324,"Taucorr":0.7455696202532134},"EnergyVariance":{"Mean":0.6781997918834546,"Sigma":0.41654274381900414,"Taucorr":0.7784765130860296},"Iteration":6},
{"Acceptance":[0.008132956152758133],"Energy":{"Mean":-715.6854838709678,"Sigma":0.1829300581482579,"Taucorr":-0.011812894367382532},"EnergyVariance":{"Mean":4.215595733610823,"Sigma":0.20852795465738241,"Taucorr":0.08216261939851621},"Iteration":7},
{"Acceptance":[0.0021923620933521925],"Energy":{"Mean":-718.9354838709676,"Sigma":0.036602599090031385,"Taucorr":0.3896769662921191},"EnergyVariance":{"Mean":0.09261186264308013,"Sigma":0.03161535387781931,"Taucorr":0.3316712752710602},"Iteration":8},
{"Acceptance":[0.0005657708628005657],"Energy":{"Mean":-718.8790322580646,"Sigma":0.07228134225671093,"Taucorr":0.5714595532422126},"EnergyVariance":{"Mean":0.2998829344432882,"Sigma":0.24257589305558439,"Taucorr":0.5064291447509144},"Iteration":9},
{"Acceptance":[0.0002828854314002829],"Energy":{"Mean":-719.0403225806454,"Sigma":0.04032258064516192,"Taucorr":1.2656542480726785e-14},"EnergyVariance":{"Mean":0.1999869927159209,"Sigma":0.19836108220602,"Taucorr":2.220446049250313e-16},"Iteration":10},
{"Acceptance":[0.00014144271570014144],"Energy":{"Mean":-718.9193548387096,"Sigma":0.08064516129032294,"Taucorr":0.5081967213114809},"EnergyVariance":{"Mean":0.39672216441207087,"Sigma":0.390218522372522,"Taucorr":0.5081967213114749},"Iteration":11},
{"Acceptance":[0.0],"Energy":{"Mean":-719.0,"Sigma":0.0,"Taucorr":null},"EnergyVariance":{"Mean":0.0,"Sigma":0.0,"Taucorr":null},"Iteration":12},
{"Acceptance":[0.0],"Energy":{"Mean":-719.0,"Sigma":0.0,"Taucorr":null},"EnergyVariance":{"Mean":0.0,"Sigma":0.0,"Taucorr":null},"Iteration":13},
{"Acceptance":[0.00014144271570014144],"Energy":{"Mean":-719.0,"Sigma":0.0,"Taucorr":null},"EnergyVariance":{"Mean":0.0,"Sigma":0.0,"Taucorr":null},"Iteration":14},
{"Acceptance":[0.0],"Energy":{"Mean":-719.0,"Sigma":0.0,"Taucorr":null},"EnergyVariance":{"Mean":0.0,"Sigma":0.0,"Taucorr":null},"Iteration":15},
{"Acceptance":[0.0005657708628005657],"Energy":{"Mean":-718.9193548387096,"Sigma":0.04241863934962459,"Taucorr":0.14745053272455777},"EnergyVariance":{"Mean":0.17091571279916754,"Sigma":0.0925437320278353,"Taucorr":0.09134356582248737},"Iteration":16},
{"Acceptance":[0.0],"Energy":{"Mean":-719.0,"Sigma":0.0,"Taucorr":null},"EnergyVariance":{"Mean":0.0,"Sigma":0.0,"Taucorr":null},"Iteration":17},
{"Acceptance":[0.0],"Energy":{"Mean":-719.0,"Sigma":0.0,"Taucorr":null},"EnergyVariance":{"Mean":0.0,"Sigma":0.0,"Taucorr":null},"Iteration":18},
{"Acceptance":[0.0],"Energy":{"Mean":-719.0,"Sigma":0.0,"Taucorr":null},"EnergyVariance":{"Mean":0.0,"Sigma":0.0,"Taucorr":null},"Iteration":19},
{"Acceptance":[0.00014144271570014144],"Energy":{"Mean":-718.9758064516128,"Sigma":0.02419354838709693,"Taucorr":-1.3322676295501878e-15},"EnergyVariance":{"Mean":0.07199531737773154,"Sigma":0.07140998959416829,"Taucorr":-2.220446049250313e-16},"Iteration":20},
{"Acceptance":[0.00014144271570014144],"Energy":{"Mean":-718.9919354838709,"Sigma":0.008064516129033875,"Taucorr":1.6298074001497298e-13},"EnergyVariance":{"Mean":0.007999479708636837,"Sigma":0.007934443288239699,"Taucorr":-2.220446049250313e-16},"Iteration":21},
{"Acceptance":[0.0],"Energy":{"Mean":-719.0,"Sigma":0.0,"Taucorr":null},"EnergyVariance":{"Mean":0.0,"Sigma":0.0,"Taucorr":null},"Iteration":22},
{"Acceptance":[0.00014144271570014144],"Energy":{"Mean":-719.0080645161291,"Sigma":0.008064516129036437,"Taucorr":4.2543746303636e-13},"EnergyVariance":{"Mean":0.007999479708636839,"Sigma":0.0079344432882397,"Taucorr":0.0},"Iteration":23},
{"Acceptance":[0.0002828854314002829],"Energy":{"Mean":-719.0,"Sigma":0.0,"Taucorr":null},"EnergyVariance":{"Mean":0.0,"Sigma":0.0,"Taucorr":null},"Iteration":24},
{"Acceptance":[0.0],"Energy":{"Mean":-719.0,"Sigma":0.0,"Taucorr":null},"EnergyVariance":{"Mean":0.0,"Sigma":0.0,"Taucorr":null},"Iteration":25},
{"Acceptance":[0.0002828854314002829],"Energy":{"Mean":-719.0,"Sigma":0.0,"Taucorr":null},"EnergyVariance":{"Mean":0.0,"Sigma":0.0,"Taucorr":null},"Iteration":26},
{"Acceptance":[0.0004243281471004243],"Energy":{"Mean":-718.9516129032259,"Sigma":0.04838709677419377,"Taucorr":3.3306690738754696e-15},"EnergyVariance":{"Mean":0.2879812695109261,"Sigma":0.2856399583766952,"Taucorr":0.0},"Iteration":27},
{"Acceptance":[0.0],"Energy":{"Mean":-719.0,"Sigma":0.0,"Taucorr":null},"EnergyVariance":{"Mean":0.0,"Sigma":0.0,"Taucorr":null},"Iteration":28},
{"Acceptance":[0.00014144271570014144],"Energy":{"Mean":-719.0,"Sigma":0.0,"Taucorr":null},"EnergyVariance":{"Mean":0.0,"Sigma":0.0,"Taucorr":null},"Iteration":29},
{"Acceptance":[0.0002828854314002829],"Energy":{"Mean":-718.991935483871,"Sigma":0.008064516129032376,"Taucorr":2.90878432451791e-14},"EnergyVariance":{"Mean":0.007999479708636837,"Sigma":0.007934443288241534,"Taucorr":0.0},"Iteration":30},
{"Acceptance":[0.0],"Energy":{"Mean":-719.0,"Sigma":0.0,"Taucorr":null},"EnergyVariance":{"Mean":0.0,"Sigma":0.0,"Taucorr":null},"Iteration":31},
{"Acceptance":[0.0],"Energy":{"Mean":-719.0,"Sigma":0.0,"Taucorr":null},"EnergyVariance":{"Mean":0.0,"Sigma":0.0,"Taucorr":null},"Iteration":32},
{"Acceptance":[0.0002828854314002829],"Energy":{"Mean":-718.8306451612905,"Sigma":0.12453520941335354,"Taucorr":0.3245179063360789},"EnergyVariance":{"Mean":1.1568028095733613,"Sigma":0.8295651852857737,"Taucorr":0.32451790633608857},"Iteration":33},
{"Acceptance":[0.00014144271570014144],"Energy":{"Mean":-719.0,"Sigma":0.0,"Taucorr":null},"EnergyVariance":{"Mean":0.0,"Sigma":0.0,"Taucorr":null},"Iteration":34},
{"Acceptance":[0.00014144271570014144],"Energy":{"Mean":-719.0,"Sigma":0.0,"Taucorr":null},"EnergyVariance":{"Mean":0.0,"Sigma":0.0,"Taucorr":null},"Iteration":35},
{"Acceptance":[0.0],"Energy":{"Mean":-719.0,"Sigma":0.0,"Taucorr":null},"EnergyVariance":{"Mean":0.0,"Sigma":0.0,"Taucorr":null},"Iteration":36},
{"Acceptance":[0.0002828854314002829],"Energy":{"Mean":-718.9677419354839,"Sigma":0.03225806451612955,"Taucorr":1.7985612998927536e-14},"EnergyVariance":{"Mean":0.12799167533818942,"Sigma":0.12695109261186452,"Taucorr":-2.220446049250313e-16},"Iteration":37},
{"Acceptance":[0.00014144271570014144],"Energy":{"Mean":-719.0080645161291,"Sigma":0.008064516129035963,"Taucorr":3.5704772471945034e-13},"EnergyVariance":{"Mean":0.007999479708636837,"Sigma":0.007934443288239699,"Taucorr":-2.220446049250313e-16},"Iteration":38},
{"Acceptance":[0.00014144271570014144],"Energy":{"Mean":-719.0,"Sigma":0.0,"Taucorr":null},"EnergyVariance":{"Mean":0.0,"Sigma":0.0,"Taucorr":null},"Iteration":39},
{"Acceptance":[0.0],"Energy":{"Mean":-719.0,"Sigma":0.0,"Taucorr":null},"EnergyVariance":{"Mean":0.0,"Sigma":0.0,"Taucorr":null},"Iteration":40},
{"Acceptance":[0.0],"Energy":{"Mean":-719.0,"Sigma":0.0,"Taucorr":null},"EnergyVariance":{"Mean":0.0,"Sigma":0.0,"Taucorr":null},"Iteration":41},
{"Acceptance":[0.00014144271570014144],"Energy":{"Mean":-719.0,"Sigma":0.0,"Taucorr":null},"EnergyVariance":{"Mean":0.0,"Sigma":0.0,"Taucorr":null},"Iteration":42},
{"Acceptance":[0.0],"Energy":{"Mean":-719.0,"Sigma":0.0,"Taucorr":null},"EnergyVariance":{"Mean":0.0,"Sigma":0.0,"Taucorr":null},"Iteration":43},
{"Acceptance":[0.0002828854314002829],"Energy":{"Mean":-718.9032258064516,"Sigma":0.06727952778907814,"Taucorr":-0.012704918032787671},"EnergyVariance":{"Mean":0.5712799167533819,"Sigma":0.39065532264625646,"Taucorr":-0.012704918032786783},"Iteration":44},
{"Acceptance":[0.00014144271570014144],"Energy":{"Mean":-718.9274193548388,"Sigma":0.05337223260572265,"Taucorr":0.3245179063360669},"EnergyVariance":{"Mean":0.21247398543184182,"Sigma":0.15236911566473393,"Taucorr":0.32451790633608857},"Iteration":45},
{"Acceptance":[0.00014144271570014144],"Energy":{"Mean":-719.0403225806454,"Sigma":0.04032258064516219,"Taucorr":2.1538326677728037e-14},"EnergyVariance":{"Mean":0.1999869927159209,"Sigma":0.19836108220602003,"Taucorr":2.220446049250313e-16},"Iteration":46},
{"Acceptance":[0.0002828854314002829],"Energy":{"Mean":-719.1209677419355,"Sigma":0.0889537210095378,"Taucorr":0.3245179063360649},"EnergyVariance":{"Mean":0.5902055150884495,"Sigma":0.4232475435131296,"Taucorr":0.32451790633608857},"Iteration":47},
{"Acceptance":[0.009264497878359264],"Energy":{"Mean":-721.2983870967743,"Sigma":0.27858594425874544,"Taucorr":0.26868290128306016},"EnergyVariance":{"Mean":6.209352237252863,"Sigma":0.11233304203977747,"Taucorr":0.2686829012830583},"Iteration":48},
{"Acceptance":[0.0005657708628005657],"Energy":{"Mean":-723.9274193548388,"Sigma":0.07258064516128855,"Taucorr":1.0247933884297165},"EnergyVariance":{"Mean":0.21247398543184187,"Sigma":0.2072060353798222,"Taucorr":1.0247933884297518},"Iteration":49},
{"Acceptance":[0.00014144271570014144],"Energy":{"Mean":-724.0,"Sigma":0.0,"Taucorr":null},"EnergyVariance":{"Mean":0.0,"Sigma":0.0,"Taucorr":null},"Iteration":50},
{"Acceptance":[0.00014144271570014144],"Energy":{"Mean":-724.0,"Sigma":0.0,"Taucorr":null},"EnergyVariance":{"Mean":0.0,"Sigma":0.0,"Taucorr":null},"Iteration":51},
{"Acceptance":[0.0002828854314002829],"Energy":{"Mean":-724.0,"Sigma":0.0,"Taucorr":null},"EnergyVariance":{"Mean":0.0,"Sigma":0.0,"Taucorr":null},"Iteration":52},
{"Acceptance":[0.00014144271570014144],"Energy":{"Mean":-724.0,"Sigma":0.0,"Taucorr":null},"EnergyVariance":{"Mean":0.0,"Sigma":0.0,"Taucorr":null},"Iteration":53},
{"Acceptance":[0.00014144271570014144],"Energy":{"Mean":-724.0,"Sigma":0.0,"Taucorr":null},"EnergyVariance":{"Mean":0.0,"Sigma":0.0,"Taucorr":null},"Iteration":54},
{"Acceptance":[0.0002828854314002829],"Energy":{"Mean":-724.0,"Sigma":0.0,"Taucorr":null},"EnergyVariance":{"Mean":0.0,"Sigma":0.0,"Taucorr":null},"Iteration":55},
{"Acceptance":[0.00014144271570014144],"Energy":{"Mean":-724.0,"Sigma":0.0,"Taucorr":null},"EnergyVariance":{"Mean":0.0,"Sigma":0.0,"Taucorr":null},"Iteration":56},
{"Acceptance":[0.0],"Energy":{"Mean":-724.0,"Sigma":0.0,"Taucorr":null},"EnergyVariance":{"Mean":0.0,"Sigma":0.0,"Taucorr":null},"Iteration":57},
{"Acceptance":[0.0005657708628005657],"Energy":{"Mean":-724.0,"Sigma":0.0,"Taucorr":null},"EnergyVariance":{"Mean":0.0,"Sigma":0.0,"Taucorr":null},"Iteration":58},
{"Acceptance":[0.0005657708628005657],"Energy":{"Mean":-724.0,"Sigma":0.0,"Taucorr":null},"EnergyVariance":{"Mean":0.0,"Sigma":0.0,"Taucorr":null},"Iteration":59},
{"Acceptance":[0.0],"Energy":{"Mean":-724.0,"Sigma":0.0,"Taucorr":null},"EnergyVariance":{"Mean":0.0,"Sigma":0.0,"Taucorr":null},"Iteration":60},
{"Acceptance":[0.00014144271570014144],"Energy":{"Mean":-724.0,"Sigma":0.0,"Taucorr":null},"EnergyVariance":{"Mean":0.0,"Sigma":0.0,"Taucorr":null},"Iteration":61},
{"Acceptance":[0.0002828854314002829],"Energy":{"Mean":-724.0,"Sigma":0.0,"Taucorr":null},"EnergyVariance":{"Mean":0.0,"Sigma":0.0,"Taucorr":null},"Iteration":62},
{"Acceptance":[0.0002828854314002829],"Energy":{"Mean":-723.991935483871,"Sigma":0.00806451612903313,"Taucorr":9.592326932761353e-14},"EnergyVariance":{"Mean":0.007999479708636837,"Sigma":0.007934443288241534,"Taucorr":0.0},"Iteration":63},
{"Acceptance":[0.0007072135785007072],"Energy":{"Mean":-724.0,"Sigma":0.0,"Taucorr":null},"EnergyVariance":{"Mean":0.0,"Sigma":0.0,"Taucorr":null},"Iteration":64},
{"Acceptance":[0.0002828854314002829],"Energy":{"Mean":-724.0,"Sigma":0.0,"Taucorr":null},"EnergyVariance":{"Mean":0.0,"Sigma":0.0,"Taucorr":null},"Iteration":65},
{"Acceptance":[0.00014144271570014144],"Energy":{"Mean":-724.0483870967741,"Sigma":0.03558148840381481,"Taucorr":0.32451790633605293},"EnergyVariance":{"Mean":0.0944328824141519,"Sigma":0.06771960696210397,"Taucorr":0.324517906336088},"Iteration":66},
{"Acceptance":[0.0005657708628005657],"Energy":{"Mean":-724.016129032258,"Sigma":0.016129032258066438,"Taucorr":1.0236256287043943e-13},"EnergyVariance":{"Mean":0.031997918834547355,"Sigma":0.03173777315296614,"Taucorr":0.0},"Iteration":67},
{"Acceptance":[0.00014144271570014144],"Energy":{"Mean":-724.0,"Sigma":0.0,"Taucorr":null},"EnergyVariance":{"Mean":0.0,"Sigma":0.0,"Taucorr":null},"Iteration":68},
{"Acceptance":[0.0004243281471004243],"Energy":{"Mean":-724.0483870967741,"Sigma":0.04838709677419309,"Taucorr":1.0247933884297131},"EnergyVariance":{"Mean":0.09443288241415193,"Sigma":0.09209157127992101,"Taucorr":1.0247933884297515},"Iteration":69},
{"Acceptance":[0.0015558698727015559],"Energy":{"Mean":-724.0806451612904,"Sigma":0.040803582711849945,"Taucorr":0.1615126050420146},"EnergyVariance":{"Mean":0.154786680541103,"Sigma":0.07502594240565649,"Taucorr":0.1615126050420168},"Iteration":70},
{"Acceptance":[0.007991513437057991],"Energy":{"Mean":-725.1129032258065,"Sigma":0.09757731265970086,"Taucorr":0.09312252964423529},"EnergyVariance":{"Mean":0.9872528616024975,"Sigma":0.02203358672961281,"Taucorr":0.09312252964426893},"Iteration":71},
{"Acceptance":[0.00014144271570014144],"Energy":{"Mean":-726.0,"Sigma":0.0,"Taucorr":null},"EnergyVariance":{"Mean":0.0,"Sigma":0.0,"Taucorr":null},"Iteration":72},
{"Acceptance":[0.0],"Energy":{"Mean":-726.0,"Sigma":0.0,"Taucorr":null},"EnergyVariance":{"Mean":0.0,"Sigma":0.0,"Taucorr":null},"Iteration":73},
{"Acceptance":[0.00014144271570014144],"Energy":{"Mean":-726.0,"Sigma":0.0,"Taucorr":null},"EnergyVariance":{"Mean":0.0,"Sigma":0.0,"Taucorr":null},"Iteration":74},
{"Acceptance":[0.0],"Energy":{"Mean":-726.0,"Sigma":0.0,"Taucorr":null},"EnergyVariance":{"Mean":0.0,"Sigma":0.0,"Taucorr":null},"Iteration":75},
{"Acceptance":[0.00014144271570014144],"Energy":{"Mean":-726.0,"Sigma":0.0,"Taucorr":null},"EnergyVariance":{"Mean":0.0,"Sigma":0.0,"Taucorr":null},"Iteration":76},
{"Acceptance":[0.0004243281471004243],"Energy":{"Mean":-726.0,"Sigma":0.0,"Taucorr":null},"EnergyVariance":{"Mean":0.0,"Sigma":0.0,"Taucorr":null},"Iteration":77},
{"Acceptance":[0.0006364922206506365],"Energy":{"Mean":-726.0,"Sigma":0.0,"Taucorr":null},"EnergyVariance":{"Mean":0.0,"Sigma":0.0,"Taucorr":null},"Iteration":78},
{"Acceptance":[0.0004950495049504951],"Energy":{"Mean":-725.9919354838709,"Sigma":0.008064516129036338,"Taucorr":3.9190872769268026e-13},"EnergyVariance":{"Mean":0.007999479708636839,"Sigma":0.0079344432882397,"Taucorr":0.0},"Iteration":79},
{"Acceptance":[0.00014144271570014144],"Energy":{"Mean":-726.0,"Sigma":0.0,"Taucorr":null},"EnergyVariance":{"Mean":0.0,"Sigma":0.0,"Taucorr":null},"Iteration":80},
{"Acceptance":[0.00014144271570014144],"Energy":{"Mean":-726.0,"Sigma":0.0,"Taucorr":null},"EnergyVariance":{"Mean":0.0,"Sigma":0.0,"Taucorr":null},"Iteration":81},
{"Acceptance":[0.00014144271570014144],"Energy":{"Mean":-726.0,"Sigma":0.0,"Taucorr":null},"EnergyVariance":{"Mean":0.0,"Sigma":0.0,"Taucorr":null},"Iteration":82},
{"Acceptance":[0.0002828854314002829],"Energy":{"Mean":-726.0,"Sigma":0.0,"Taucorr":null},"EnergyVariance":{"Mean":0.0,"Sigma":0.0,"Taucorr":null},"Iteration":83},
{"Acceptance":[0.00014144271570014144],"Energy":{"Mean":-726.0,"Sigma":0.0,"Taucorr":null},"EnergyVariance":{"Mean":0.0,"Sigma":0.0,"Taucorr":null},"Iteration":84},
{"Acceptance":[0.0],"Energy":{"Mean":-726.0,"Sigma":0.0,"Taucorr":null},"EnergyVariance":{"Mean":0.0,"Sigma":0.0,"Taucorr":null},"Iteration":85},
{"Acceptance":[0.00014144271570014144],"Energy":{"Mean":-726.0,"Sigma":0.0,"Taucorr":null},"EnergyVariance":{"Mean":0.0,"Sigma":0.0,"Taucorr":null},"Iteration":86},
{"Acceptance":[0.00014144271570014144],"Energy":{"Mean":-726.0,"Sigma":0.0,"Taucorr":null},"EnergyVariance":{"Mean":0.0,"Sigma":0.0,"Taucorr":null},"Iteration":87},
{"Acceptance":[0.0],"Energy":{"Mean":-726.0,"Sigma":0.0,"Taucorr":null},"EnergyVariance":{"Mean":0.0,"Sigma":0.0,"Taucorr":null},"Iteration":88},
{"Acceptance":[0.0004243281471004243],"Energy":{"Mean":-726.0,"Sigma":0.0,"Taucorr":null},"EnergyVariance":{"Mean":0.0,"Sigma":0.0,"Taucorr":null},"Iteration":89},
{"Acceptance":[0.0004243281471004243],"Energy":{"Mean":-726.0,"Sigma":0.0,"Taucorr":null},"EnergyVariance":{"Mean":0.0,"Sigma":0.0,"Taucorr":null},"Iteration":90},
{"Acceptance":[0.0],"Energy":{"Mean":-726.0,"Sigma":0.0,"Taucorr":null},"EnergyVariance":{"Mean":0.0,"Sigma":0.0,"Taucorr":null},"Iteration":91},
{"Acceptance":[0.0002828854314002829],"Energy":{"Mean":-726.0,"Sigma":0.0,"Taucorr":null},"EnergyVariance":{"Mean":0.0,"Sigma":0.0,"Taucorr":null},"Iteration":92},
{"Acceptance":[0.0],"Energy":{"Mean":-726.0,"Sigma":0.0,"Taucorr":null},"EnergyVariance":{"Mean":0.0,"Sigma":0.0,"Taucorr":null},"Iteration":93},
{"Acceptance":[0.0],"Energy":{"Mean":-726.0,"Sigma":0.0,"Taucorr":null},"EnergyVariance":{"Mean":0.0,"Sigma":0.0,"Taucorr":null},"Iteration":94},
{"Acceptance":[0.00014144271570014144],"Energy":{"Mean":-726.0,"Sigma":0.0,"Taucorr":null},"EnergyVariance":{"Mean":0.0,"Sigma":0.0,"Taucorr":null},"Iteration":95},
{"Acceptance":[0.0],"Energy":{"Mean":-726.0,"Sigma":0.0,"Taucorr":null},"EnergyVariance":{"Mean":0.0,"Sigma":0.0,"Taucorr":null},"Iteration":96},
{"Acceptance":[0.0002828854314002829],"Energy":{"Mean":-725.8548387096774,"Sigma":0.08342000349022963,"Taucorr":-0.02356646394440437},"EnergyVariance":{"Mean":0.8982830385015609,"Sigma":0.5518471759826703,"Taucorr":-0.017951023787671883},"Iteration":97},
{"Acceptance":[0.0002828854314002829],"Energy":{"Mean":-726.0,"Sigma":0.0,"Taucorr":null},"EnergyVariance":{"Mean":0.0,"Sigma":0.0,"Taucorr":null},"Iteration":98},
{"Acceptance":[0.0004243281471004243],"Energy":{"Mean":-726.0,"Sigma":0.0,"Taucorr":null},"EnergyVariance":{"Mean":0.0,"Sigma":0.0,"Taucorr":null},"Iteration":99} 
]}