{"Output": [
{"Acceptance":[0.9233352305065452],"Energy":{"Mean":-3898.2338709677415,"Sigma":4.452798073494465,"Taucorr":0.1743240736847831},"EnergyVariance":{"Mean":1808.3082075962543,"Sigma":226.14337370968641,"Taucorr":-0.047152053218400325},"Iteration":0},
{"Acceptance":[0.9186112692088788],"Energy":{"Mean":-3898.6774193548395,"Sigma":4.496536802792687,"Taucorr":0.17889006506746452},"EnergyVariance":{"Mean":1831.605619146722,"Sigma":272.03975951601507,"Taucorr":0.0637115147340166},"Iteration":1},
{"Acceptance":[0.9137734775184975],"Energy":{"Mean":-3898.032258064516,"Sigma":4.722781978345433,"Taucorr":0.15894773026740072},"EnergyVariance":{"Mean":2081.708636836628,"Sigma":302.40761703523907,"Taucorr":0.042451550828707885},"Iteration":2},
{"Acceptance":[0.9122936824132043],"Energy":{"Mean":-3900.814516129032,"Sigma":3.3944326600469563,"Taucorr":-0.13833256561685575},"EnergyVariance":{"Mean":1959.2962408949013,"Sigma":194.97566631233232,"Taucorr":-0.11239937278242057},"Iteration":3},
{"Acceptance":[0.9057768924302789],"Energy":{"Mean":-3905.0403225806444,"Sigma":5.101853668692034,"Taucorr":0.22919596495708727},"EnergyVariance":{"Mean":2195.264503121748,"Sigma":294.5751330042064,"Taucorr":-0.005881536203946658},"Iteration":4},
{"Acceptance":[0.8996585088218554],"Energy":{"Mean":-3901.8306451612902,"Sigma":5.37147467658363,"Taucorr":0.3493718226785111},"EnergyVariance":{"Mean":2089.1245447450574,"Sigma":402.5169305881721,"Taucorr":0.19375610221266615},"Iteration":5},
{"Acceptance":[0.9003699487763233],"Energy":{"Mean":-3899.612903225806,"Sigma":4.226529733718957,"Taucorr":0.11388215204730145},"EnergyVariance":{"Mean":1789.608220603538,"Sigma":206.19074850579096,"Taucorr":-0.11338514918968084},"Iteration":6},
{"Acceptance":[0.8958451906659078],"Energy":{"Mean":-3911.7903225806444,"Sigma":3.560991177828793,"Taucorr":-0.029066430931537546},"EnergyVariance":{"Mean":1655.9882934443287,"Sigma":277.8743489707864,"Taucorr":0.05405614322109542},"Iteration":7},
{"Acceptance":[0.8917757541263517],"Energy":{"Mean":-3903.7903225806444,"Sigma":4.658096442716659,"Taucorr":0.08014831232364006},"EnergyVariance":{"Mean":2300.1334547346514,"Sigma":313.8283706560579,"Taucorr":-0.09327542971665326},"Iteration":8},
{"Acceptance":[0.8863972680705748],"Energy":{"Mean":-3901.637096774193,"Sigma":4.106967570150561,"Taucorr":0.045124934503887326},"EnergyVariance":{"Mean":1902.9247528616022,"Sigma":222.93158216395852,"Taucorr":-0.10484967301369913},"Iteration":9},
{"Acceptance":[0.8759817871371656],"Energy":{"Mean":-3900.596774193549,"Sigma":3.9312074641587444,"Taucorr":0.05682994021431087},"EnergyVariance":{"Mean":1706.885796045786,"Sigma":271.4769540091317,"Taucorr":-0.02204638135872028},"Iteration":10},
{"Acceptance":[0.8751280591918043],"Energy":{"Mean":-3910.483870967742,"Sigma":2.985672225865593,"Taucorr":-0.14655421388491724},"EnergyVariance":{"Mean":1551.088449531738,"Sigma":207.99638183953454,"Taucorr":0.06501005421273909},"Iteration":11},
{"Acceptance":[0.8694080819578828],"Energy":{"Mean":-3910.524193548387,"Sigma":3.092858467474155,"Taucorr":-0.07955413320859156},"EnergyVariance":{"Mean":1399.2171566077004,"Sigma":148.58365956223128,"Taucorr":-0.036400864978308245},"Iteration":12},
{"Acceptance":[0.8682128628343768],"Energy":{"Mean":-3912.056451612903,"Sigma":4.963803249382244,"Taucorr":0.28092828678648774},"EnergyVariance":{"Mean":1940.408103537981,"Sigma":184.54872597804518,"Taucorr":-0.06972290655941876},"Iteration":13},
{"Acceptance":[0.8681844052361981],"Energy":{"Mean":-3914.3467741935488,"Sigma":3.8314571861457822,"Taucorr":-0.007530548168989237},"EnergyVariance":{"Mean":1833.2587799167532,"Sigma":268.3230626726306,"Taucorr":0.01006717416095304},"Iteration":14},
{"Acceptance":[0.8557484348321002],"Energy":{"Mean":-3912.032258064516,"Sigma":2.5886108579939466,"Taucorr":-0.28791984358273714},"EnergyVariance":{"Mean":1943.1602497398542,"Sigma":309.4305785733812,"Taucorr":0.15849457428777924},"Iteration":15},
{"Acceptance":[0.8472396129766647],"Energy":{"Mean":-3922.0,"Sigma":3.6421406030030044,"Taucorr":-0.03806383338203939},"EnergyVariance":{"Mean":1766.0645161290322,"Sigma":330.68937808857794,"Taucorr":0.015378375692926327},"Iteration":16},
{"Acceptance":[0.8426294820717132],"Energy":{"Mean":-3914.637096774193,"Sigma":3.608156804449365,"Taucorr":-0.02029351483092473},"EnergyVariance":{"Mean":1669.0537851196668,"Sigma":261.03282699469594,"Taucorr":0.024142781855834072},"Iteration":17},
{"Acceptance":[0.8319009675583381],"Energy":{"Mean":-3925.532258064516,"Sigma":4.4447737513855365,"Taucorr":0.1736845637351544},"EnergyVariance":{"Mean":1803.507023933403,"Sigma":279.30682890700353,"Taucorr":0.11623720689652761},"Iteration":18},
{"Acceptance":[0.7940239043824702],"Energy":{"Mean":-3934.3064516129034,"Sigma":3.968740585924295,"Taucorr":0.13541416423227393},"EnergyVariance":{"Mean":1524.4867325702392,"Sigma":238.98148492001508,"Taucorr":0.1291807465324032},"Iteration":19},
{"Acceptance":[0.7118383608423449],"Energy":{"Mean":-3947.1290322580653,"Sigma":5.056001849284183,"Taucorr":0.20820465815813605},"EnergyVariance":{"Mean":2219.886576482831,"Sigma":280.010380630719,"Taucorr":0.01721880567856915},"Iteration":20},
{"Acceptance":[0.5715139442231075],"Energy":{"Mean":-3974.8870967741937,"Sigma":3.9151937068366607,"Taucorr":0.059534123599101596},"EnergyVariance":{"Mean":1684.825962539022,"Sigma":193.34698963712881,"Taucorr":-0.03328034846721456},"Iteration":21},
{"Acceptance":[0.47478656801365965],"Energy":{"Mean":-4023.7419354838707,"Sigma":4.773941979713162,"Taucorr":0.3026486745863626},"EnergyVariance":{"Mean":1746.2398543184183,"Sigma":215.40999358625035,"Taucorr":0.09391687434288276},"Iteration":22},
{"Acceptance":[0.4070005691519636],"Energy":{"Mean":-4074.7822580645156,"Sigma":4.5304190199919425,"Taucorr":0.185195451608673},"EnergyVariance":{"Mean":1842.2025884495315,"Sigma":244.04056728159478,"Taucorr":0.033740699718452505},"Iteration":23},
{"Acceptance":[0.32666476949345474],"Energy":{"Mean":-4129.887096774194,"Sigma":4.486431735694051,"Taucorr":0.38654434504307844},"EnergyVariance":{"Mean":1396.2937044745058,"Sigma":315.30342917000337,"Taucorr":0.3370054359787614},"Iteration":24},
{"Acceptance":[0.2793397837222538],"Energy":{"Mean":-4175.49193548387,"Sigma":3.2734982576552514,"Taucorr":0.18199449577875138},"EnergyVariance":{"Mean":966.3144510926119,"Sigma":111.82550322492176,"Taucorr":-0.02654510557850359},"Iteration":25},
{"Acceptance":[0.24945930563460444],"Energy":{"Mean":-4212.024193548387,"Sigma":2.8747453098667126,"Taucorr":0.1452268803753276},"EnergyVariance":{"Mean":787.7010275754423,"Sigma":84.90548477482538,"Taucorr":-0.05163141276144345},"Iteration":26},
{"Acceptance":[0.21590779738190097],"Energy":{"Mean":-4240.258064516131,"Sigma":2.613896996734695,"Taucorr":0.21278392492449327},"EnergyVariance":{"Mean":589.5140478668056,"Sigma":78.05994186341526,"Taucorr":-0.020000392038394488},"Iteration":27},
{"Acceptance":[0.17979510529311327],"Energy":{"Mean":-4264.3387096774195,"Sigma":3.395374549530423,"Taucorr":0.44996192899150644},"EnergyVariance":{"Mean":746.3530176899063,"Sigma":147.83654781620308,"Taucorr":0.14414636488677157},"Iteration":28},
{"Acceptance":[0.14203187250996016],"Energy":{"Mean":-4298.572580645162,"Sigma":2.1232264435752453,"Taucorr":0.360751124206806},"EnergyVariance":{"Mean":322.0995707596254,"Sigma":47.467899444195524,"Taucorr":0.11040705956744634},"Iteration":29},
{"Acceptance":[0.12248150256118384],"Energy":{"Mean":-4310.822580645162,"Sigma":1.4942629331857475,"Taucorr":0.15565787201905745},"EnergyVariance":{"Mean":209.43626430801245,"Sigma":24.999156412818927,"Taucorr":-0.0809282918320523},"Iteration":30},
{"Acceptance":[0.1089072282299374],"Energy":{"Mean":-4320.306451612902,"Sigma":1.660204259255111,"Taucorr":0.23746108131415822},"EnergyVariance":{"Mean":229.85770031217484,"Sigma":31.418695222243255,"Taucorr":0.013255130995943554},"Iteration":31},
{"Acceptance":[0.09103585657370518],"Energy":{"Mean":-4330.991935483869,"Sigma":1.389596709450249,"Taucorr":0.28398830273267983},"EnergyVariance":{"Mean":151.47574141519252,"Sigma":18.1040291638751,"Taucorr":0.15795538665678255},"Iteration":32},
{"Acceptance":[0.08056346044393853],"Energy":{"Mean":-4338.524193548386,"Sigma":0.9582939336484757,"Taucorr":0.0236821744461021},"EnergyVariance":{"Mean":107.84618886576482,"Sigma":15.36413672109828,"Taucorr":0.08357008738485872},"Iteration":33},
{"Acceptance":[0.06937962435970405],"Energy":{"Mean":-4345.499999999999,"Sigma":1.112912965517599,"Taucorr":0.24052332418658628},"EnergyVariance":{"Mean":102.86290322580643,"Sigma":18.419363783587265,"Taucorr":0.47174640206437235},"Iteration":34},
{"Acceptance":[0.059874786568013656],"Energy":{"Mean":-4349.814516129033,"Sigma":1.1182123635719092,"Taucorr":0.3143956503382117},"EnergyVariance":{"Mean":94.42527315296566,"Sigma":15.982067064463317,"Taucorr":0.18848432699874085},"Iteration":35},
{"Acceptance":[0.056346044393853156],"Energy":{"Mean":-4354.637096774194,"Sigma":0.9065056617262037,"Taucorr":0.28053839315763296},"EnergyVariance":{"Mean":64.74733350676378,"Sigma":18.243780925352855,"Taucorr":0.44050488207551286},"Iteration":36},
{"Acceptance":[0.050341491178144564],"Energy":{"Mean":-4355.370967741935,"Sigma":1.0816076599547997,"Taucorr":0.5034340883611383},"EnergyVariance":{"Mean":71.70109261186266,"Sigma":10.766895338574221,"Taucorr":0.19873430381795532},"Iteration":37},
{"Acceptance":[0.04795105293113261],"Energy":{"Mean":-4360.4838709677415,"Sigma":0.818300057675214,"Taucorr":0.3288444421173887},"EnergyVariance":{"Mean":49.68522372528615,"Sigma":7.4564384690113465,"Taucorr":0.17060730634950871},"Iteration":38},
{"Acceptance":[0.04188958451906659],"Energy":{"Mean":-4362.749999999999,"Sigma":0.8814089405208839,"Taucorr":0.32961666374937226},"EnergyVariance":{"Mean":57.59072580645163,"Sigma":7.844898326980042,"Taucorr":-0.019367991853707245},"Iteration":39},
{"Acceptance":[0.041633466135458166],"Energy":{"Mean":-4364.1290322580635,"Sigma":0.6825268287828034,"Taucorr":0.07559217059529566},"EnergyVariance":{"Mean":49.77367325702393,"Sigma":6.8580384662487965,"Taucorr":0.09425431749809188},"Iteration":40},
{"Acceptance":[0.039413773477518496],"Energy":{"Mean":-4366.854838709676,"Sigma":0.6528241165044798,"Taucorr":0.25278020606850804},"EnergyVariance":{"Mean":34.81763787721123,"Sigma":5.224136203440051,"Taucorr":0.17711915069072204},"Iteration":41},
{"Acceptance":[0.03799089356858281],"Energy":{"Mean":-4367.483870967742,"Sigma":0.5354296189644172,"Taucorr":-0.07671393507125723},"EnergyVariance":{"Mean":41.65296566077003,"Sigma":5.235088178860943,"Taucorr":-0.025552218448869568},"Iteration":42},
{"Acceptance":[0.03861696072851451],"Energy":{"Mean":-4369.6612903225805,"Sigma":0.6176773598298326,"Taucorr":0.12331894734661386},"EnergyVariance":{"Mean":37.643340270551505,"Sigma":5.980680572694392,"Taucorr":0.10645901360498755},"Iteration":43},
{"Acceptance":[0.035970404097894135],"Energy":{"Mean":-4370.709677419355,"Sigma":0.6656003004598484,"Taucorr":0.14628750293110482},"EnergyVariance":{"Mean":42.1576482830385,"Sigma":6.8620132044689806,"Taucorr":0.10651162264822023},"Iteration":44},
{"Acceptance":[0.036169607285145136],"Energy":{"Mean":-4371.467741935484,"Sigma":0.6954867885509464,"Taucorr":0.3105504440837237},"EnergyVariance":{"Mean":36.70057232049949,"Sigma":5.105954542392956,"Taucorr":-0.009689162138167007},"Iteration":45},
{"Acceptance":[0.03349459305634604],"Energy":{"Mean":-4374.895161290322,"Sigma":0.6366678834027394,"Taucorr":0.4858183370668947},"EnergyVariance":{"Mean":25.287395941727365,"Sigma":4.2459395649050435,"Taucorr":0.1626833771942483},"Iteration":46},
{"Acceptance":[0.03389299943084804],"Energy":{"Mean":-4376.209677419355,"Sigma":0.5168006383095987,"Taucorr":0.26612267184373883},"EnergyVariance":{"Mean":21.439906347554626,"Sigma":3.6732592225200738,"Taucorr":0.10305488872726398},"Iteration":47},
{"Acceptance":[0.031730221969265796],"Energy":{"Mean":-4378.024193548387,"Sigma":0.5393587937808311,"Taucorr":0.3111599942205082},"EnergyVariance":{"Mean":22.055866285119663,"Sigma":3.0922476202795908,"Taucorr":0.06313326119556129},"Iteration":48},
{"Acceptance":[0.032043255549231646],"Energy":{"Mean":-4378.338709677419,"Sigma":0.4803320406067616,"Taucorr":0.0035992595123406357},"EnergyVariance":{"Mean":28.17559833506764,"Sigma":5.8435948134105855,"Taucorr":-0.011992588203948551},"Iteration":49} 
]}