{"Output": [
{"Acceptance":[0.7238707205795284],"Energy":{"Mean":-166.45262096774192,"Sigma":0.31243235480139125,"Taucorr":0.27316315112262224},"EnergyVariance":{"Mean":62.55823909827003,"Sigma":2.701076020720788,"Taucorr":-0.161619318937897},"Iteration":0},
{"Acceptance":[0.642722808483962],"Energy":{"Mean":-169.89516129032256,"Sigma":0.3289697216490877,"Taucorr":0.30447768289526556},"EnergyVariance":{"Mean":66.6563475546306,"Sigma":3.2098294488278794,"Taucorr":0.13770633815911626},"Iteration":1},
{"Acceptance":[0.5677915926583778],"Energy":{"Mean":-174.42842741935482,"Sigma":0.33502550641013823,"Taucorr":0.29413718663725763},"EnergyVariance":{"Mean":70.03318381731272,"Sigma":3.375843264953897,"Taucorr":0.13201192412959362},"Iteration":2},
{"Acceptance":[0.4844321387524815],"Energy":{"Mean":-180.03830645161293,"Sigma":0.3570223355467512,"Taucorr":0.4886242395414089},"EnergyVariance":{"Mean":63.88562938995836,"Sigma":3.828110318098034,"Taucorr":0.5563389303171982},"Iteration":3},
{"Acceptance":[0.406453522794553],"Energy":{"Mean":-185.59274193548384,"Sigma":0.4471325435368877,"Taucorr":1.1671041700697726},"EnergyVariance":{"Mean":59.42285054630593,"Sigma":3.790054739703124,"Taucorr":0.49017371666292153},"Iteration":4},
{"Acceptance":[0.35398599937310626],"Energy":{"Mean":-189.14516129032262,"Sigma":0.4792255728469447,"Taucorr":1.7645296309334468},"EnergyVariance":{"Mean":50.25110561914674,"Sigma":2.7513308796380214,"Taucorr":0.3751384008489078},"Iteration":5},
{"Acceptance":[0.307613276216348],"Energy":{"Mean":-192.8094758064516,"Sigma":0.3537889990195616,"Taucorr":1.0217772179662188},"EnergyVariance":{"Mean":40.755031176834024,"Sigma":2.901149196049562,"Taucorr":0.6677022743991607},"Iteration":6},
{"Acceptance":[0.2675965590499077],"Energy":{"Mean":-195.03125000000003,"Sigma":0.2682595863061779,"Taucorr":0.6482331483384502},"EnergyVariance":{"Mean":31.054466985887096,"Sigma":1.6409247110010572,"Taucorr":0.050155134351202},"Iteration":7},
{"Acceptance":[0.24126702190645352],"Energy":{"Mean":-196.78528225806457,"Sigma":0.29966849240729004,"Taucorr":1.1010773256065594},"EnergyVariance":{"Mean":27.791597904201353,"Sigma":1.508843248958439,"Taucorr":0.08683401821447945},"Iteration":8},
{"Acceptance":[0.2122035315014105],"Energy":{"Mean":-199.07459677419354,"Sigma":0.1995915131814522,"Taucorr":0.5211054266675961},"EnergyVariance":{"Mean":19.331128869667012,"Sigma":1.2742460237529858,"Taucorr":0.17925848689224988},"Iteration":9},
{"Acceptance":[0.18468986173510257],"Energy":{"Mean":-200.58366935483875,"Sigma":0.17364458718761158,"Taucorr":0.5109102385005666},"EnergyVariance":{"Mean":14.779289761641518,"Sigma":0.8983103129828665,"Taucorr":0.08978367929064068},"Iteration":10},
{"Acceptance":[0.17107233657228432],"Energy":{"Mean":-201.36995967741936,"Sigma":0.19695630454520718,"Taucorr":1.003368392289199},"EnergyVariance":{"Mean":12.78550886934183,"Sigma":0.9416252275496556,"Taucorr":0.4217783708895475},"Iteration":11},
{"Acceptance":[0.15703688224845888],"Energy":{"Mean":-202.2056451612903,"Sigma":0.17130908908142561,"Taucorr":0.9338907823130924},"EnergyVariance":{"Mean":10.14117780957336,"Sigma":0.7827735180820584,"Taucorr":0.47835392398187593},"Iteration":12},
{"Acceptance":[0.14516072858983736],"Energy":{"Mean":-202.81149193548387,"Sigma":0.11265934681708185,"Taucorr":0.30108360504361265},"EnergyVariance":{"Mean":7.8505534192898025,"Sigma":0.3795411049948417,"Taucorr":-0.1052453052868188},"Iteration":13},
{"Acceptance":[0.1333542297913837],"Energy":{"Mean":-203.6078629032258,"Sigma":0.0953034237886969,"Taucorr":0.2625803190048569},"EnergyVariance":{"Mean":5.901672045720604,"Sigma":0.3936554699430233,"Taucorr":0.2726151608971652},"Iteration":14},
{"Acceptance":[0.128965973600808],"Energy":{"Mean":-203.94959677419354,"Sigma":0.08457174665919179,"Taucorr":0.18086881893072337},"EnergyVariance":{"Mean":5.205120805150885,"Sigma":0.3468661392606146,"Taucorr":0.07672825670139782},"Iteration":15},
{"Acceptance":[0.12060739038066381],"Energy":{"Mean":-204.04032258064515,"Sigma":0.126985189950934,"Taucorr":0.9693300782573713},"EnergyVariance":{"Mean":5.437890218522373,"Sigma":0.5186434935281481,"Taucorr":0.5692499862667189},"Iteration":16},
{"Acceptance":[0.11087312367220423],"Energy":{"Mean":-204.65725806451613,"Sigma":0.11554899666181576,"Taucorr":0.9495470746660812},"EnergyVariance":{"Mean":4.563979578563994,"Sigma":0.5752578909131842,"Taucorr":0.7257531952909413},"Iteration":17},
{"Acceptance":[0.10721624351339115],"Energy":{"Mean":-204.8336693548387,"Sigma":0.07918152666457112,"Taucorr":0.4379814995438911},"EnergyVariance":{"Mean":3.312051858415713,"Sigma":0.23747880112252365,"Taucorr":0.10523215316645307},"Iteration":18},
{"Acceptance":[0.10244488559189217],"Energy":{"Mean":-204.96975806451613,"Sigma":0.08195880692627423,"Taucorr":0.5275981775673293},"EnergyVariance":{"Mean":3.239004780176899,"Sigma":0.31047373409436735,"Taucorr":0.432031200088267},"Iteration":19},
{"Acceptance":[0.09527043499460175],"Energy":{"Mean":-205.19556451612905,"Sigma":0.07794627058310676,"Taucorr":0.6151303377655264},"EnergyVariance":{"Mean":2.699657745837669,"Sigma":0.26268501453485577,"Taucorr":0.3308895854850966},"Iteration":20},
{"Acceptance":[0.09579284644586077],"Energy":{"Mean":-205.20967741935482,"Sigma":0.07029952162759376,"Taucorr":0.3922985614104012},"EnergyVariance":{"Mean":2.744341831425598,"Sigma":0.2901389102401416,"Taucorr":0.4030810719848126},"Iteration":21},
{"Acceptance":[0.08938459931041688],"Energy":{"Mean":-205.4334677419355,"Sigma":0.05448897212825121,"Taucorr":0.20515450493538423},"EnergyVariance":{"Mean":2.0862992650884493,"Sigma":0.19253678528546697,"Taucorr":0.1292545257154064},"Iteration":22},
{"Acceptance":[0.08379479678194546],"Energy":{"Mean":-205.49092741935482,"Sigma":0.07864669294357514,"Taucorr":0.6473179014823367},"EnergyVariance":{"Mean":2.671288656022373,"Sigma":0.4919636505262873,"Taucorr":1.07060696480786},"Iteration":23},
{"Acceptance":[0.08121756695573433],"Energy":{"Mean":-205.58266129032253,"Sigma":0.07266972952913178,"Taucorr":0.7520355408865547},"EnergyVariance":{"Mean":2.0899413046305932,"Sigma":0.21518178493460177,"Taucorr":0.5295822590138033},"Iteration":24},
{"Acceptance":[0.07958067774178944],"Energy":{"Mean":-205.67237903225808,"Sigma":0.10579908039659133,"Taucorr":1.6060028921387488},"EnergyVariance":{"Mean":2.633591920850676,"Sigma":0.8474033676902146,"Taucorr":2.5595671335781645},"Iteration":25},
{"Acceptance":[0.07682931076515864],"Energy":{"Mean":-205.83266129032256,"Sigma":0.07348875595033084,"Taucorr":1.0836734800245962},"EnergyVariance":{"Mean":1.6897396917273673,"Sigma":0.3095318496569372,"Taucorr":0.775160555335132},"Iteration":26},
{"Acceptance":[0.07475707867516455],"Energy":{"Mean":-205.8366935483871,"Sigma":0.05741603700242846,"Taucorr":0.48471865211125287},"EnergyVariance":{"Mean":1.6588148738293444,"Sigma":0.1979199135031734,"Taucorr":0.3580416301247754},"Iteration":27},
{"Acceptance":[0.07108278480130951],"Energy":{"Mean":-206.0897177419355,"Sigma":0.06254605049925757,"Taucorr":1.0176559027028536},"EnergyVariance":{"Mean":1.277232984846514,"Sigma":0.18830804809686116,"Taucorr":0.34513667892773403},"Iteration":28},
{"Acceptance":[0.0690802075714833],"Energy":{"Mean":-206.06350806451618,"Sigma":0.0681961419342313,"Taucorr":0.9350249168646749},"EnergyVariance":{"Mean":1.60584575799948,"Sigma":0.2796564655793373,"Taucorr":0.5937239760472874},"Iteration":29},
{"Acceptance":[0.06692090690627939],"Energy":{"Mean":-206.13911290322588,"Sigma":0.05443299476587272,"Taucorr":0.7313105039176373},"EnergyVariance":{"Mean":1.192341148543184,"Sigma":0.1828209272305433,"Taucorr":1.0014432601972236},"Iteration":30},
{"Acceptance":[0.06383867934385122],"Energy":{"Mean":-206.18649193548384,"Sigma":0.041027111223665924,"Taucorr":0.3155406043226324},"EnergyVariance":{"Mean":1.0226804354188346,"Sigma":0.1114326838287259,"Taucorr":0.16732167842101975},"Iteration":31},
{"Acceptance":[0.064482986800404],"Energy":{"Mean":-206.27116935483872,"Sigma":0.0564137978183277,"Taucorr":0.857852593409905},"EnergyVariance":{"Mean":1.1613462132544223,"Sigma":0.2285705626340151,"Taucorr":0.306161500978706},"Iteration":32},
{"Acceptance":[0.06263713300595548],"Energy":{"Mean":-206.3084677419355,"Sigma":0.04958543558650129,"Taucorr":1.0228498420682226},"EnergyVariance":{"Mean":0.8000089425078044,"Sigma":0.10506732717590196,"Taucorr":0.3138339966003668},"Iteration":33},
{"Acceptance":[0.061087312367220425],"Energy":{"Mean":-206.3034274193549,"Sigma":0.05313179013348531,"Taucorr":0.9861806156128272},"EnergyVariance":{"Mean":0.9411979302159214,"Sigma":0.14686125499140928,"Taucorr":0.08534926136869014},"Iteration":34},
{"Acceptance":[0.05619405844042768],"Energy":{"Mean":-206.48387096774195,"Sigma":0.035700288527356565,"Taucorr":0.4979703558581581},"EnergyVariance":{"Mean":0.6328043704474505,"Sigma":0.06234573047700839,"Taucorr":0.053516301750410555},"Iteration":35},
{"Acceptance":[0.05967680144882109],"Energy":{"Mean":-206.40322580645162,"Sigma":0.051509367760130154,"Taucorr":1.0475681684786085},"EnergyVariance":{"Mean":0.8495057232049946,"Sigma":0.18516031990895568,"Taucorr":1.3208616443637162},"Iteration":36},
{"Acceptance":[0.05795284365966635],"Energy":{"Mean":-206.47076612903226,"Sigma":0.05338302070818431,"Taucorr":1.2931885238108263},"EnergyVariance":{"Mean":0.7874518324011446,"Sigma":0.1496870537916016,"Taucorr":0.33198822977250897},"Iteration":37},
{"Acceptance":[0.05278097029220214],"Energy":{"Mean":-206.5372983870968,"Sigma":0.04794192053450604,"Taucorr":0.9146403006193617},"EnergyVariance":{"Mean":0.805060443223205,"Sigma":0.20402855704145736,"Taucorr":0.3478615191421638},"Iteration":38},
{"Acceptance":[0.05083063420750183],"Energy":{"Mean":-206.5675403225806,"Sigma":0.04906075082050608,"Taucorr":1.4098535602642},"EnergyVariance":{"Mean":0.6244705628902185,"Sigma":0.0991344850918049,"Taucorr":0.2738689249499189},"Iteration":39},
{"Acceptance":[0.05222373141085919],"Energy":{"Mean":-206.51713709677423,"Sigma":0.05653375839740588,"Taucorr":1.0620641104928903},"EnergyVariance":{"Mean":1.0138192231399583,"Sigma":0.3172055328949401,"Taucorr":0.8679731949110734},"Iteration":40},
{"Acceptance":[0.053912861769929994],"Energy":{"Mean":-206.60584677419354,"Sigma":0.030662399650732804,"Taucorr":0.27946451798283056},"EnergyVariance":{"Mean":0.5976674281347555,"Sigma":0.09078185273389536,"Taucorr":0.14387983830545958},"Iteration":41},
{"Acceptance":[0.05023856789607495],"Energy":{"Mean":-206.63709677419354,"Sigma":0.0400215578288861,"Taucorr":0.8975304555083823},"EnergyVariance":{"Mean":0.5678980228928199,"Sigma":0.09484078199418618,"Taucorr":0.07754175161275945},"Iteration":42},
{"Acceptance":[0.05016891303590708],"Energy":{"Mean":-206.63104838709674,"Sigma":0.04082018235563905,"Taucorr":1.3161997752721242},"EnergyVariance":{"Mean":0.4546005137877212,"Sigma":0.05363423216078523,"Taucorr":0.008911739533178475},"Iteration":43},
{"Acceptance":[0.04780064779019956],"Energy":{"Mean":-206.6764112903226,"Sigma":0.0418146327805014,"Taucorr":1.4221178624329804},"EnergyVariance":{"Mean":0.4507338953563996,"Sigma":0.08072216190350406,"Taucorr":0.38824648253418903},"Iteration":44},
{"Acceptance":[0.04762651063977989],"Energy":{"Mean":-206.71471774193543,"Sigma":0.0416181320691678,"Taucorr":1.6484965042376052},"EnergyVariance":{"Mean":0.39946080742715917,"Sigma":0.10326683037998201,"Taucorr":0.4257129181316196},"Iteration":45},
{"Acceptance":[0.04381290704558911],"Energy":{"Mean":-206.7016129032258,"Sigma":0.0408566778321781,"Taucorr":1.116194349133658},"EnergyVariance":{"Mean":0.5117715920915713,"Sigma":0.09989330770350015,"Taucorr":0.6294302186326137},"Iteration":46},
{"Acceptance":[0.04264618813777731],"Energy":{"Mean":-206.72580645161293,"Sigma":0.05108676299641025,"Taucorr":1.2255924744714222},"EnergyVariance":{"Mean":0.7494146722164412,"Sigma":0.29052402992967064,"Taucorr":0.9054649659607954},"Iteration":47},
{"Acceptance":[0.04900219412809529],"Energy":{"Mean":-206.70060483870967,"Sigma":0.04141661004873735,"Taucorr":1.2860316931558629},"EnergyVariance":{"Mean":0.47588673094432893,"Sigma":0.10714349606963634,"Taucorr":0.21304057242668994},"Iteration":48},
{"Acceptance":[0.04567617455507958],"Energy":{"Mean":-206.7711693548387,"Sigma":0.030515119175019777,"Taucorr":0.7676856512929728},"EnergyVariance":{"Mean":0.36396718099635794,"Sigma":0.06597990022810499,"Taucorr":0.14693937262667423},"Iteration":49} 
]}