{"Output": [
{"Acceptance":[0.5501006036217304],"Energy":{"Mean":-315.7983870967742,"Sigma":0.88661032605876,"Taucorr":-0.11739563018220328},"EnergyVariance":{"Mean":126.35451352757546,"Sigma":15.600487483676806,"Taucorr":-0.09002822841699959},"Iteration":0},
{"Acceptance":[0.12505030181086518],"Energy":{"Mean":-338.8145161290323,"Sigma":0.7989381176609,"Taucorr":0.42528762238801976},"EnergyVariance":{"Mean":42.425273152965666,"Sigma":5.775169072647795,"Taucorr":0.05815656329442076},"Iteration":1},
{"Acceptance":[0.05593561368209256],"Energy":{"Mean":-355.8225806451612,"Sigma":0.32132821385582344,"Taucorr":0.3502333762931623},"EnergyVariance":{"Mean":7.468522372528614,"Sigma":1.3101905095671282,"Taucorr":0.03263901404407954},"Iteration":2},
{"Acceptance":[0.014587525150905433],"Energy":{"Mean":-363.41935483870964,"Sigma":0.17862493623789977,"Taucorr":0.36225137174211264},"EnergyVariance":{"Mean":2.2757544224765867,"Sigma":0.4477169356573471,"Taucorr":0.05848252984180713},"Iteration":3},
{"Acceptance":[0.02012072434607646],"Energy":{"Mean":-364.11290322580646,"Sigma":0.16347976333833722,"Taucorr":0.12437987943472939},"EnergyVariance":{"Mean":2.632414151925078,"Sigma":0.6793214357238326,"Taucorr":-0.0976903621390473},"Iteration":4},
{"Acceptance":[0.004426559356136821],"Energy":{"Mean":-365.78225806451616,"Sigma":0.062154351187089514,"Taucorr":0.3894813732651625},"EnergyVariance":{"Mean":0.2671045785639959,"Sigma":0.09021304999564284,"Taucorr":0.5786061110739757},"Iteration":5},
{"Acceptance":[0.0022132796780684103],"Energy":{"Mean":-365.9516129032258,"Sigma":0.024372100982027155,"Taucorr":0.08755230125519087},"EnergyVariance":{"Mean":0.0621748178980229,"Sigma":0.03439987707287136,"Taucorr":0.021378688413314806},"Iteration":6},
{"Acceptance":[0.003722334004024145],"Energy":{"Mean":-365.67741935483866,"Sigma":0.14113287245159448,"Taucorr":0.5326425438596571},"EnergyVariance":{"Mean":1.1862643080124868,"Sigma":0.6361848893799406,"Taucorr":0.6817920782726059},"Iteration":7},
{"Acceptance":[0.0013078470824949698],"Energy":{"Mean":-365.95161290322585,"Sigma":0.04085667783217899,"Taucorr":-0.004861982434134049},"EnergyVariance":{"Mean":0.20733610822060355,"Sigma":0.19760206591520446,"Taucorr":-0.00092783730193996},"Iteration":8},
{"Acceptance":[0.0006036217303822937],"Energy":{"Mean":-365.9435483870968,"Sigma":0.03219079006435016,"Taucorr":0.6964590964591062},"EnergyVariance":{"Mean":0.05326482830385016,"Sigma":0.02855634602482983,"Taucorr":0.6964590964590969},"Iteration":9},
{"Acceptance":[0.0008048289738430583],"Energy":{"Mean":-365.91129032258067,"Sigma":0.08242656156022532,"Taucorr":0.45905359008806346},"EnergyVariance":{"Mean":0.435678980228928,"Sigma":0.3888243492565422,"Taucorr":0.498345166764818},"Iteration":10},
{"Acceptance":[0.0014084507042253522],"Energy":{"Mean":-365.90322580645164,"Sigma":0.04590403055083219,"Taucorr":0.021077405857752973},"EnergyVariance":{"Mean":0.2486992715920916,"Sigma":0.19335259604211272,"Taucorr":-0.004173647678315129},"Iteration":11},
{"Acceptance":[0.0016096579476861167],"Energy":{"Mean":-365.9677419354838,"Sigma":0.019197388248771995,"Taucorr":0.2260416666667101},"EnergyVariance":{"Mean":0.03121748178980229,"Sigma":0.017958847071427794,"Taucorr":0.22604166666666647},"Iteration":12},
{"Acceptance":[0.0014084507042253522],"Energy":{"Mean":-365.983870967742,"Sigma":0.01121325463151359,"Taucorr":-0.012704918032737988},"EnergyVariance":{"Mean":0.01586888657648283,"Sigma":0.01085153674017549,"Taucorr":-0.012704918032787005},"Iteration":13},
{"Acceptance":[0.0016096579476861167],"Energy":{"Mean":-365.9354838709678,"Sigma":0.03471803073325268,"Taucorr":0.18169856459327105},"EnergyVariance":{"Mean":0.10874089490114461,"Sigma":0.07198320795262413,"Taucorr":0.01573120098416514},"Iteration":14},
{"Acceptance":[0.0018108651911468814],"Energy":{"Mean":-365.8790322580645,"Sigma":0.05168006383095873,"Taucorr":0.4614008374571701},"EnergyVariance":{"Mean":0.1708506763787722,"Sigma":0.07394253744697771,"Taucorr":0.326477808068103},"Iteration":15},
{"Acceptance":[0.001006036217303823],"Energy":{"Mean":-365.9758064516129,"Sigma":0.017790744201908213,"Taucorr":-0.010147299508981522},"EnergyVariance":{"Mean":0.03973725286160249,"Sigma":0.03215013679968399,"Taucorr":-0.005821639123296529},"Iteration":16},
{"Acceptance":[0.002012072434607646],"Energy":{"Mean":-365.86290322580646,"Sigma":0.08184589971848599,"Taucorr":-0.021093218416870674},"EnergyVariance":{"Mean":0.8602367325702395,"Sigma":0.5629692207697948,"Taucorr":-0.01460879195729553},"Iteration":17},
{"Acceptance":[0.0008048289738430583],"Energy":{"Mean":-365.71774193548384,"Sigma":0.20038334749208336,"Taucorr":0.8023529411764687},"EnergyVariance":{"Mean":1.8961368366285125,"Sigma":1.2895638007958183,"Taucorr":0.8023529411764707},"Iteration":18},
{"Acceptance":[0.001006036217303823],"Energy":{"Mean":-365.9838709677419,"Sigma":0.016129032258064994,"Taucorr":2.0650148258027912e-14},"EnergyVariance":{"Mean":0.03199791883454733,"Sigma":0.03173777315296429,"Taucorr":-2.220446049250313e-16},"Iteration":19},
{"Acceptance":[0.00040241448692152917],"Energy":{"Mean":-366.0,"Sigma":0.0,"Taucorr":null},"EnergyVariance":{"Mean":0.0,"Sigma":0.0,"Taucorr":null},"Iteration":20},
{"Acceptance":[0.001006036217303823],"Energy":{"Mean":-365.9838709677419,"Sigma":0.016129032258067208,"Taucorr":0.5081967213116636},"EnergyVariance":{"Mean":0.01586888657648283,"Sigma":0.015608740894899786,"Taucorr":0.5081967213114753},"Iteration":21},
{"Acceptance":[0.001006036217303823],"Energy":{"Mean":-365.8548387096775,"Sigma":0.12950183372948612,"Taucorr":0.5039756900481172},"EnergyVariance":{"Mean":1.0273152965660772,"Sigma":0.9944813420379209,"Taucorr":0.5078035996016612},"Iteration":22},
{"Acceptance":[0.001006036217303823],"Energy":{"Mean":-365.94354838709677,"Sigma":0.041331464717810955,"Taucorr":-0.01033646559565432},"EnergyVariance":{"Mean":0.21455515088449534,"Sigma":0.1968343496339726,"Taucorr":-0.0018604881074296697},"Iteration":23},
{"Acceptance":[0.00040241448692152917],"Energy":{"Mean":-366.0,"Sigma":0.0,"Taucorr":null},"EnergyVariance":{"Mean":0.0,"Sigma":0.0,"Taucorr":null},"Iteration":24},
{"Acceptance":[0.00040241448692152917],"Energy":{"Mean":-365.9516129032258,"Sigma":0.03558148840381584,"Taucorr":-0.010147299509001118},"EnergyVariance":{"Mean":0.15894901144641,"Sigma":0.128600547198732,"Taucorr":-0.005821639123296418},"Iteration":25},
{"Acceptance":[0.0008048289738430583],"Energy":{"Mean":-366.008064516129,"Sigma":0.008064516129033123,"Taucorr":9.43689570931383e-14},"EnergyVariance":{"Mean":0.007999479708636839,"Sigma":0.007934443288241534,"Taucorr":0.0},"Iteration":26},
{"Acceptance":[0.0006036217303822937],"Energy":{"Mean":-365.98387096774195,"Sigma":0.016129032258064776,"Taucorr":1.4432899320127035e-14},"EnergyVariance":{"Mean":0.031997918834547355,"Sigma":0.03173777315296613,"Taucorr":-2.220446049250313e-16},"Iteration":27},
{"Acceptance":[0.001006036217303823],"Energy":{"Mean":-365.9596774193547,"Sigma":0.026173465472337,"Taucorr":-0.016206123973200037},"EnergyVariance":{"Mean":0.08708376690946934,"Sigma":0.07088714446134024,"Taucorr":-0.00546814749078256},"Iteration":28},
{"Acceptance":[0.00040241448692152917],"Energy":{"Mean":-366.0,"Sigma":0.0,"Taucorr":null},"EnergyVariance":{"Mean":0.0,"Sigma":0.0,"Taucorr":null},"Iteration":29},
{"Acceptance":[0.0006036217303822937],"Energy":{"Mean":-366.0,"Sigma":0.0,"Taucorr":null},"EnergyVariance":{"Mean":0.0,"Sigma":0.0,"Taucorr":null},"Iteration":30},
{"Acceptance":[0.0012072434607645875],"Energy":{"Mean":-365.7741935483871,"Sigma":0.15868869517740475,"Taucorr":1.3172161172161196},"EnergyVariance":{"Mean":0.8522372528616028,"Sigma":0.5630889183714283,"Taucorr":1.3172161172161174},"Iteration":31},
{"Acceptance":[0.0008048289738430583],"Energy":{"Mean":-365.9838709677419,"Sigma":0.01612903225806548,"Taucorr":0.5081967213115586},"EnergyVariance":{"Mean":0.01586888657648283,"Sigma":0.015608740894899786,"Taucorr":0.5081967213114749},"Iteration":32},
{"Acceptance":[0.0008048289738430583],"Energy":{"Mean":-365.9435483870968,"Sigma":0.039672173794351256,"Taucorr":0.6317870722433434},"EnergyVariance":{"Mean":0.08552289281997918,"Sigma":0.06386841391472733,"Taucorr":0.5366057659416406},"Iteration":33},
{"Acceptance":[0.0012072434607645875],"Energy":{"Mean":-365.90322580645153,"Sigma":0.09677419354838815,"Taucorr":0.5081967213114869},"EnergyVariance":{"Mean":0.5712799167533822,"Sigma":0.5619146722164252,"Taucorr":0.5081967213114753},"Iteration":34},
{"Acceptance":[0.0008048289738430583],"Energy":{"Mean":-365.991935483871,"Sigma":0.008064516129032341,"Taucorr":2.2648549702353193e-14},"EnergyVariance":{"Mean":0.007999479708636839,"Sigma":0.007934443288241534,"Taucorr":0.0},"Iteration":35},
{"Acceptance":[0.0012072434607645875],"Energy":{"Mean":-365.9596774193548,"Sigma":0.023465755744939962,"Taucorr":0.3751260504201366},"EnergyVariance":{"Mean":0.03869667013527576,"Sigma":0.021573356088090034,"Taucorr":0.375126050420168},"Iteration":36},
{"Acceptance":[0.0022132796780684103],"Energy":{"Mean":-365.83064516129025,"Sigma":0.0878255057423336,"Taucorr":0.37216309936623515},"EnergyVariance":{"Mean":0.5438995837669094,"Sigma":0.3034917228109292,"Taucorr":0.22173071991472604},"Iteration":37},
{"Acceptance":[0.0014084507042253522],"Energy":{"Mean":-365.96774193548384,"Sigma":0.019197388248771173,"Taucorr":0.2260416666666849},"EnergyVariance":{"Mean":0.031217481789802288,"Sigma":0.01795884707142998,"Taucorr":0.2260416666666667},"Iteration":38},
{"Acceptance":[0.00040241448692152917],"Energy":{"Mean":-366.0,"Sigma":0.0,"Taucorr":null},"EnergyVariance":{"Mean":0.0,"Sigma":0.0,"Taucorr":null},"Iteration":39},
{"Acceptance":[0.0012072434607645875],"Energy":{"Mean":-365.6370967741934,"Sigma":0.1897362025801761,"Taucorr":0.8545939278182353},"EnergyVariance":{"Mean":1.6344302809573363,"Sigma":0.8074705968515896,"Taucorr":0.8068159173772926},"Iteration":40},
{"Acceptance":[0.00040241448692152917],"Energy":{"Mean":-366.0,"Sigma":0.0,"Taucorr":null},"EnergyVariance":{"Mean":0.0,"Sigma":0.0,"Taucorr":null},"Iteration":41},
{"Acceptance":[0.0012072434607645875],"Energy":{"Mean":-366.0,"Sigma":0.0,"Taucorr":null},"EnergyVariance":{"Mean":0.0,"Sigma":0.0,"Taucorr":null},"Iteration":42},
{"Acceptance":[0.0006036217303822937],"Energy":{"Mean":-366.0,"Sigma":0.0,"Taucorr":null},"EnergyVariance":{"Mean":0.0,"Sigma":0.0,"Taucorr":null},"Iteration":43},
{"Acceptance":[0.00040241448692152917],"Energy":{"Mean":-365.96774193548384,"Sigma":0.03225806451612922,"Taucorr":7.327471962526033e-15},"EnergyVariance":{"Mean":0.12799167533818936,"Sigma":0.12695109261186086,"Taucorr":-2.220446049250313e-16},"Iteration":44},
{"Acceptance":[0.0],"Energy":{"Mean":-366.0,"Sigma":0.0,"Taucorr":null},"EnergyVariance":{"Mean":0.0,"Sigma":0.0,"Taucorr":null},"Iteration":45},
{"Acceptance":[0.0006036217303822937],"Energy":{"Mean":-366.0,"Sigma":0.0,"Taucorr":null},"EnergyVariance":{"Mean":0.0,"Sigma":0.0,"Taucorr":null},"Iteration":46},
{"Acceptance":[0.00040241448692152917],"Energy":{"Mean":-365.92741935483866,"Sigma":0.07258064516129172,"Taucorr":1.0247933884297697},"EnergyVariance":{"Mean":0.21247398543184176,"Sigma":0.20720603537980578,"Taucorr":1.0247933884297518},"Iteration":47},
{"Acceptance":[0.0012072434607645875],"Energy":{"Mean":-365.9032258064516,"Sigma":0.06727952778907903,"Taucorr":-0.01270491803277507},"EnergyVariance":{"Mean":0.5712799167533819,"Sigma":0.39065532264625646,"Taucorr":-0.012704918032786783},"Iteration":48},
{"Acceptance":[0.0006036217303822937],"Energy":{"Mean":-366.0,"Sigma":0.0,"Taucorr":null},"EnergyVariance":{"Mean":0.0,"Sigma":0.0,"Taucorr":null},"Iteration":49},
{"Acceptance":[0.00040241448692152917],"Energy":{"Mean":-365.9758064516129,"Sigma":0.02419354838709724,"Taucorr":1.7985612998927536e-14},"EnergyVariance":{"Mean":0.07199531737773152,"Sigma":0.0714099895941738,"Taucorr":0.0},"Iteration":50},
{"Acceptance":[0.0016096579476861167],"Energy":{"Mean":-366.0,"Sigma":0.0,"Taucorr":null},"EnergyVariance":{"Mean":0.0,"Sigma":0.0,"Taucorr":null},"Iteration":51},
{"Acceptance":[0.0008048289738430583],"Energy":{"Mean":-366.0,"Sigma":0.0,"Taucorr":null},"EnergyVariance":{"Mean":0.0,"Sigma":0.0,"Taucorr":null},"Iteration":52},
{"Acceptance":[0.0014084507042253522],"Energy":{"Mean":-365.98387096774195,"Sigma":0.025755999068824195,"Taucorr":0.34770270270268144},"EnergyVariance":{"Mean":0.04812695109261186,"Sigma":0.040136468661236324,"Taucorr":0.2139949744822358},"Iteration":53},
{"Acceptance":[0.0009054325955734407],"Energy":{"Mean":-365.98387096774195,"Sigma":0.016129032258064776,"Taucorr":0.5081967213115008},"EnergyVariance":{"Mean":0.01586888657648283,"Sigma":0.015608740894901618,"Taucorr":0.5081967213114753},"Iteration":54},
{"Acceptance":[0.0005030181086519115],"Energy":{"Mean":-365.991935483871,"Sigma":0.00806451612903265,"Taucorr":3.574918139293004e-14},"EnergyVariance":{"Mean":0.007999479708636839,"Sigma":0.007934443288241534,"Taucorr":0.0},"Iteration":55},
{"Acceptance":[0.0006036217303822937],"Energy":{"Mean":-366.0,"Sigma":0.0,"Taucorr":null},"EnergyVariance":{"Mean":0.0,"Sigma":0.0,"Taucorr":null},"Iteration":56},
{"Acceptance":[0.00040241448692152917],"Energy":{"Mean":-365.93548387096774,"Sigma":0.06451612903226019,"Taucorr":2.6645352591003757e-14},"EnergyVariance":{"Mean":0.5119667013527575,"Sigma":0.5078043704474507,"Taucorr":0.0},"Iteration":57},
{"Acceptance":[0.00040241448692152917],"Energy":{"Mean":-366.0,"Sigma":0.0,"Taucorr":null},"EnergyVariance":{"Mean":0.0,"Sigma":0.0,"Taucorr":null},"Iteration":58},
{"Acceptance":[0.0012072434607645875],"Energy":{"Mean":-365.9516129032258,"Sigma":0.04085667783217827,"Taucorr":-0.004861982434144985},"EnergyVariance":{"Mean":0.20733610822060353,"Sigma":0.19760206591519983,"Taucorr":-0.000927837301940071},"Iteration":59},
{"Acceptance":[0.00020120724346076458],"Energy":{"Mean":-366.0,"Sigma":0.0,"Taucorr":null},"EnergyVariance":{"Mean":0.0,"Sigma":0.0,"Taucorr":null},"Iteration":60},
{"Acceptance":[0.00020120724346076458],"Energy":{"Mean":-365.991935483871,"Sigma":0.008064516129032381,"Taucorr":2.2426505097428162e-14},"EnergyVariance":{"Mean":0.007999479708636837,"Sigma":0.007934443288241534,"Taucorr":0.0},"Iteration":61},
{"Acceptance":[0.0012072434607645875],"Energy":{"Mean":-366.0,"Sigma":0.011593472394003976,"Taucorr":0.012499999999989742},"EnergyVariance":{"Mean":0.016129032258064523,"Sigma":0.011213254631513014,"Taucorr":-0.012704918032787005},"Iteration":62},
{"Acceptance":[0.0006036217303822937],"Energy":{"Mean":-366.008064516129,"Sigma":0.008064516129032875,"Taucorr":5.6621374255882984e-14},"EnergyVariance":{"Mean":0.007999479708636839,"Sigma":0.007934443288241534,"Taucorr":0.0},"Iteration":63},
{"Acceptance":[0.0006036217303822937],"Energy":{"Mean":-366.01612903225805,"Sigma":0.011213254631513198,"Taucorr":-0.01270491803277013},"EnergyVariance":{"Mean":0.015868886576482832,"Sigma":0.010851536740174215,"Taucorr":-0.012704918032786894},"Iteration":64},
{"Acceptance":[0.0008048289738430583],"Energy":{"Mean":-365.9758064516129,"Sigma":0.024193548387097127,"Taucorr":1.0658141036401503e-14},"EnergyVariance":{"Mean":0.07199531737773154,"Sigma":0.04417718717507422,"Taucorr":-0.018924954485411705},"Iteration":65},
{"Acceptance":[0.00020120724346076458],"Energy":{"Mean":-366.0,"Sigma":0.0,"Taucorr":null},"EnergyVariance":{"Mean":0.0,"Sigma":0.0,"Taucorr":null},"Iteration":66},
{"Acceptance":[0.0008048289738430583],"Energy":{"Mean":-365.9354838709678,"Sigma":0.06451612903225762,"Taucorr":-6.439293542825908e-15},"EnergyVariance":{"Mean":0.5119667013527576,"Sigma":0.5078043704474582,"Taucorr":0.0},"Iteration":67},
{"Acceptance":[0.0008048289738430583],"Energy":{"Mean":-366.008064516129,"Sigma":0.008064516129033219,"Taucorr":1.0236256287043943e-13},"EnergyVariance":{"Mean":0.007999479708636839,"Sigma":0.007934443288241532,"Taucorr":-2.220446049250313e-16},"Iteration":68},
{"Acceptance":[0.0006036217303822937],"Energy":{"Mean":-365.90322580645153,"Sigma":0.081713355664359,"Taucorr":-0.0048619824341242235},"EnergyVariance":{"Mean":0.8293444328824142,"Sigma":0.7904082636607902,"Taucorr":-0.0009278373019398489},"Iteration":69},
{"Acceptance":[0.0],"Energy":{"Mean":-366.0,"Sigma":0.0,"Taucorr":null},"EnergyVariance":{"Mean":0.0,"Sigma":0.0,"Taucorr":null},"Iteration":70},
{"Acceptance":[0.0014084507042253522],"Energy":{"Mean":-366.008064516129,"Sigma":0.01827166179351257,"Taucorr":0.3509433962264422},"EnergyVariance":{"Mean":0.02412851196670135,"Sigma":0.017615435921413573,"Taucorr":0.31691536199094084},"Iteration":71},
{"Acceptance":[0.00040241448692152917],"Energy":{"Mean":-366.0,"Sigma":0.0,"Taucorr":null},"EnergyVariance":{"Mean":0.0,"Sigma":0.0,"Taucorr":null},"Iteration":72},
{"Acceptance":[0.0014084507042253522],"Energy":{"Mean":-366.0403225806451,"Sigma":0.020401791355924674,"Taucorr":0.16151260504200127},"EnergyVariance":{"Mean":0.038696670135275765,"Sigma":0.01875648560141644,"Taucorr":0.1615126050420166},"Iteration":73},
{"Acceptance":[0.0012072434607645875],"Energy":{"Mean":-366.03225806451616,"Sigma":0.019197388248770854,"Taucorr":0.2260416666666475},"EnergyVariance":{"Mean":0.031217481789802295,"Sigma":0.01795884707142998,"Taucorr":0.2260416666666667},"Iteration":74},
{"Acceptance":[0.001006036217303823],"Energy":{"Mean":-366.0161290322581,"Sigma":0.01612903225806522,"Taucorr":0.5081967213115233},"EnergyVariance":{"Mean":0.01586888657648283,"Sigma":0.015608740894899786,"Taucorr":0.5081967213114753},"Iteration":75},
{"Acceptance":[0.0033199195171026157],"Energy":{"Mean":-366.0725806451613,"Sigma":0.03878800319446737,"Taucorr":0.29971894322651016},"EnergyVariance":{"Mean":0.11569979188345474,"Sigma":0.03188008995534538,"Taucorr":0.1925771285635085},"Iteration":76},
{"Acceptance":[0.00835010060362173],"Energy":{"Mean":-366.233870967742,"Sigma":0.04480465946236692,"Taucorr":-0.02483103879850418},"EnergyVariance":{"Mean":0.2598204994797087,"Sigma":0.04996584139136211,"Taucorr":0.08047486310277052},"Iteration":77},
{"Acceptance":[0.0009054325955734407],"Energy":{"Mean":-366.9758064516129,"Sigma":0.017790744201907998,"Taucorr":0.3245179063361002},"EnergyVariance":{"Mean":0.023608220603537983,"Sigma":0.01692990174052599,"Taucorr":0.3245179063360877},"Iteration":78},
{"Acceptance":[0.00040241448692152917],"Energy":{"Mean":-366.991935483871,"Sigma":0.008064516129032159,"Taucorr":-1.7763568394002505e-15},"EnergyVariance":{"Mean":0.007999479708636839,"Sigma":0.007934443288241534,"Taucorr":0.0},"Iteration":79},
{"Acceptance":[0.0008048289738430583],"Energy":{"Mean":-366.9435483870968,"Sigma":0.03421484425096291,"Taucorr":0.34182509505707415},"EnergyVariance":{"Mean":0.0855228928199792,"Sigma":0.06133399956732445,"Taucorr":0.45596926447446395},"Iteration":80},
{"Acceptance":[0.00040241448692152917],"Energy":{"Mean":-367.0,"Sigma":0.011593472394004042,"Taucorr":0.012499999999995848},"EnergyVariance":{"Mean":0.016129032258064516,"Sigma":0.011213254631513016,"Taucorr":-0.012704918032786783},"Iteration":81},
{"Acceptance":[0.00020120724346076458],"Energy":{"Mean":-366.991935483871,"Sigma":0.00806451612903243,"Taucorr":5.551115123125783e-15},"EnergyVariance":{"Mean":0.007999479708636839,"Sigma":0.007934443288241534,"Taucorr":0.0},"Iteration":82},
{"Acceptance":[0.0006036217303822937],"Energy":{"Mean":-367.0,"Sigma":0.0,"Taucorr":null},"EnergyVariance":{"Mean":0.0,"Sigma":0.0,"Taucorr":null},"Iteration":83},
{"Acceptance":[0.00040241448692152917],"Energy":{"Mean":-366.991935483871,"Sigma":0.008064516129032858,"Taucorr":6.128431095930864e-14},"EnergyVariance":{"Mean":0.007999479708636839,"Sigma":0.007934443288241532,"Taucorr":0.0},"Iteration":84},
{"Acceptance":[0.001006036217303823],"Energy":{"Mean":-367.0,"Sigma":0.0,"Taucorr":null},"EnergyVariance":{"Mean":0.0,"Sigma":0.0,"Taucorr":null},"Iteration":85},
{"Acceptance":[0.0006036217303822937],"Energy":{"Mean":-367.0,"Sigma":0.0,"Taucorr":null},"EnergyVariance":{"Mean":0.0,"Sigma":0.0,"Taucorr":null},"Iteration":86},
{"Acceptance":[0.001006036217303823],"Energy":{"Mean":-367.0,"Sigma":0.0,"Taucorr":null},"EnergyVariance":{"Mean":0.0,"Sigma":0.0,"Taucorr":null},"Iteration":87},
{"Acceptance":[0.001006036217303823],"Energy":{"Mean":-367.0,"Sigma":0.01159347239400423,"Taucorr":0.012500000000018052},"EnergyVariance":{"Mean":0.01612903225806452,"Sigma":0.011213254631513018,"Taucorr":-0.012704918032786672},"Iteration":88},
{"Acceptance":[0.0006036217303822937],"Energy":{"Mean":-366.9193548387097,"Sigma":0.08064516129032206,"Taucorr":0.5081967213114649},"EnergyVariance":{"Mean":0.3967221644120707,"Sigma":0.3902185223725313,"Taucorr":0.5081967213114753},"Iteration":89},
{"Acceptance":[0.0008048289738430583],"Energy":{"Mean":-366.9919354838709,"Sigma":0.02454935496092778,"Taucorr":0.15732410611307823},"EnergyVariance":{"Mean":0.056386576482830394,"Sigma":0.035984316994021714,"Taucorr":0.03717363117598049},"Iteration":90},
{"Acceptance":[0.0008048289738430583],"Energy":{"Mean":-367.0241935483871,"Sigma":0.024193548387096732,"Taucorr":1.0247933884297318},"EnergyVariance":{"Mean":0.023608220603537983,"Sigma":0.023022892819980253,"Taucorr":1.0247933884297515},"Iteration":91},
{"Acceptance":[0.0014084507042253522],"Energy":{"Mean":-366.91129032258067,"Sigma":0.06614214399255634,"Taucorr":0.4805404124200062},"EnergyVariance":{"Mean":0.27438865764828296,"Sigma":0.24638882850391697,"Taucorr":0.5046553604099302},"Iteration":92},
{"Acceptance":[0.0012072434607645875],"Energy":{"Mean":-366.9516129032258,"Sigma":0.03558148840381556,"Taucorr":-0.010147299509006169},"EnergyVariance":{"Mean":0.15894901144641,"Sigma":0.12860054719873204,"Taucorr":-0.005821639123295974},"Iteration":93},
{"Acceptance":[0.00040241448692152917],"Energy":{"Mean":-366.9758064516129,"Sigma":0.024193548387097082,"Taucorr":1.3766765505351941e-14},"EnergyVariance":{"Mean":0.07199531737773153,"Sigma":0.0714099895941738,"Taucorr":-2.220446049250313e-16},"Iteration":94},
{"Acceptance":[0.00040241448692152917],"Energy":{"Mean":-367.0,"Sigma":0.0,"Taucorr":null},"EnergyVariance":{"Mean":0.0,"Sigma":0.0,"Taucorr":null},"Iteration":95},
{"Acceptance":[0.0006036217303822937],"Energy":{"Mean":-367.0,"Sigma":0.0,"Taucorr":null},"EnergyVariance":{"Mean":0.0,"Sigma":0.0,"Taucorr":null},"Iteration":96},
{"Acceptance":[0.00020120724346076458],"Energy":{"Mean":-366.98387096774195,"Sigma":0.016129032258064783,"Taucorr":1.4210854715202004e-14},"EnergyVariance":{"Mean":0.03199791883454735,"Sigma":0.03173777315296613,"Taucorr":-2.220446049250313e-16},"Iteration":97},
{"Acceptance":[0.00040241448692152917],"Energy":{"Mean":-366.9838709677419,"Sigma":0.016129032258065248,"Taucorr":0.5081967213115255},"EnergyVariance":{"Mean":0.01586888657648283,"Sigma":0.015608740894899786,"Taucorr":0.5081967213114753},"Iteration":98},
{"Acceptance":[0.00020120724346076458],"Energy":{"Mean":-367.0,"Sigma":0.0,"Taucorr":null},"EnergyVariance":{"Mean":0.0,"Sigma":0.0,"Taucorr":null},"Iteration":99} 
]}