{"Output": [
{"Acceptance":[0.9550420168067227],"Energy":{"Mean":-0.19642701381276298,"Sigma":0.2466545463193526,"Taucorr":0.05635089532411697},"EnergyVariance":{"Mean":6.725190239606965,"Sigma":0.6428287418115265,"Taucorr":-0.10415548103125133},"Iteration":0},
{"Acceptance":[0.930672268907563],"Energy":{"Mean":-0.8603887781036256,"Sigma":0.16087380845052554,"Taucorr":-0.15187388721957162},"EnergyVariance":{"Mean":4.572031369259955,"Sigma":0.5322570255400451,"Taucorr":0.08116364687118816},"Iteration":1},
{"Acceptance":[0.9088235294117647],"Energy":{"Mean":-0.7396473447217713,"Sigma":0.20247847776988312,"Taucorr":-0.02704926873873781},"EnergyVariance":{"Mean":5.331101469737957,"Sigma":0.5640168497357675,"Taucorr":0.01400190382584543},"Iteration":2},
{"Acceptance":[0.8558823529411764],"Energy":{"Mean":-1.146759538775299,"Sigma":0.2287735878730106,"Taucorr":-0.011460788238575659},"EnergyVariance":{"Mean":6.588513725755345,"Sigma":0.6197698174740816,"Taucorr":-0.06499789838581499},"Iteration":3},
{"Acceptance":[0.8168067226890756],"Energy":{"Mean":-1.40953400982527,"Sigma":0.26387776401262186,"Taucorr":0.14586133549495128},"EnergyVariance":{"Mean":6.6304258152359745,"Sigma":0.9190819441081052,"Taucorr":0.1108839520667112},"Iteration":4},
{"Acceptance":[0.7840336134453781],"Energy":{"Mean":-1.7121403160977877,"Sigma":0.18478571018168724,"Taucorr":-0.0908130903402502},"EnergyVariance":{"Mean":5.132041396481218,"Sigma":0.5603286296759823,"Taucorr":-0.011413001911867449},"Iteration":5},
{"Acceptance":[0.7634453781512605],"Energy":{"Mean":-1.8203323995726641,"Sigma":0.20301076214947866,"Taucorr":-0.08244781907656235},"EnergyVariance":{"Mean":6.070192763999114,"Sigma":0.63088591877749,"Taucorr":-0.11110764847804061},"Iteration":6},
{"Acceptance":[0.7138655462184874],"Energy":{"Mean":-2.290073931073256,"Sigma":0.2263940699215362,"Taucorr":0.11715250666377153},"EnergyVariance":{"Mean":5.107551005701423,"Sigma":0.5669302404782717,"Taucorr":0.015203405532013936},"Iteration":7},
{"Acceptance":[0.6584033613445378],"Energy":{"Mean":-2.996707730656545,"Sigma":0.20577355439732414,"Taucorr":0.07290450279691718},"EnergyVariance":{"Mean":4.545398861728908,"Sigma":0.47223794024447935,"Taucorr":-0.006197736902075812},"Iteration":8},
{"Acceptance":[0.6357142857142857],"Energy":{"Mean":-2.8712244130424023,"Sigma":0.27660176917475726,"Taucorr":0.37516902799500473},"EnergyVariance":{"Mean":5.376418703346876,"Sigma":0.6534784084756364,"Taucorr":0.08026348686985141},"Iteration":9},
{"Acceptance":[0.5794117647058824],"Energy":{"Mean":-3.248843933561148,"Sigma":0.26468726253300046,"Taucorr":0.26161807431960504},"EnergyVariance":{"Mean":5.657231600107157,"Sigma":0.4728032510541511,"Taucorr":-0.07446793775636751},"Iteration":10},
{"Acceptance":[0.5281512605042017],"Energy":{"Mean":-4.20953738820409,"Sigma":0.270524490846758,"Taucorr":0.4758980289818011},"EnergyVariance":{"Mean":4.611942155259378,"Sigma":0.4947900033036377,"Taucorr":-0.07134829944263821},"Iteration":11},
{"Acceptance":[0.5058823529411764],"Energy":{"Mean":-4.026495787771791,"Sigma":0.2510280609114116,"Taucorr":0.46644498991086536},"EnergyVariance":{"Mean":4.009982889250063,"Sigma":0.5606186873359104,"Taucorr":0.11721284007765209},"Iteration":12},
{"Acceptance":[0.4785714285714286],"Energy":{"Mean":-4.1874603762284694,"Sigma":0.23478867500808626,"Taucorr":0.33398120333750647},"EnergyVariance":{"Mean":4.065117875587467,"Sigma":0.42129596185292006,"Taucorr":0.13412388850350476},"Iteration":13},
{"Acceptance":[0.4449579831932773],"Energy":{"Mean":-4.355103734440195,"Sigma":0.23706463190255486,"Taucorr":0.2637730889582295},"EnergyVariance":{"Mean":4.525267898884159,"Sigma":0.7556582064242007,"Taucorr":0.06604737179927},"Iteration":14},
{"Acceptance":[0.37100840336134455],"Energy":{"Mean":-5.058657041521606,"Sigma":0.27633919165415854,"Taucorr":0.37999348425739676},"EnergyVariance":{"Mean":5.33679628079708,"Sigma":0.5437675071293099,"Taucorr":-0.11197139125125316},"Iteration":15},
{"Acceptance":[0.3558823529411765],"Energy":{"Mean":-5.433067899816962,"Sigma":0.2116537600628394,"Taucorr":0.3976062428750027},"EnergyVariance":{"Mean":3.069313345374139,"Sigma":0.3417418749978143,"Taucorr":-0.011056627339829261},"Iteration":16},
{"Acceptance":[0.35294117647058826],"Energy":{"Mean":-5.5689178944454785,"Sigma":0.22312034273960019,"Taucorr":0.38900144758677824},"EnergyVariance":{"Mean":3.4439035841633965,"Sigma":0.38610511341522874,"Taucorr":-0.15331708830032942},"Iteration":17},
{"Acceptance":[0.3004201680672269],"Energy":{"Mean":-6.180158068288733,"Sigma":0.22152841029098988,"Taucorr":0.5139129687240831},"EnergyVariance":{"Mean":2.976687883389315,"Sigma":0.49921241021705554,"Taucorr":0.2691340606383291},"Iteration":18},
{"Acceptance":[0.2647058823529412],"Energy":{"Mean":-6.101920960148987,"Sigma":0.1793588152188298,"Taucorr":0.2908233989921539},"EnergyVariance":{"Mean":2.501733579480015,"Sigma":0.30237954714046994,"Taucorr":-0.014052911483829533},"Iteration":19},
{"Acceptance":[0.25546218487394956],"Energy":{"Mean":-6.132703621714157,"Sigma":0.21607284820661307,"Taucorr":0.4980606845865271},"EnergyVariance":{"Mean":2.8768588943214044,"Sigma":0.5884845181230505,"Taucorr":0.2819693824941978},"Iteration":20},
{"Acceptance":[0.226890756302521],"Energy":{"Mean":-6.352362428938882,"Sigma":0.1859749030961319,"Taucorr":0.39088635859926435},"EnergyVariance":{"Mean":2.387599553228941,"Sigma":0.43438379646055997,"Taucorr":0.014446316499910239},"Iteration":21},
{"Acceptance":[0.21092436974789916],"Energy":{"Mean":-6.845842424911586,"Sigma":0.16149840976484733,"Taucorr":0.38683667670172284},"EnergyVariance":{"Mean":1.8087059636447915,"Sigma":0.31652281592938,"Taucorr":0.18233486125451726},"Iteration":22},
{"Acceptance":[0.19243697478991598],"Energy":{"Mean":-6.782564149837493,"Sigma":0.17067432075078837,"Taucorr":0.4610349047205836},"EnergyVariance":{"Mean":1.8641133664037495,"Sigma":0.22524129251371222,"Taucorr":0.00972010121321154},"Iteration":23},
{"Acceptance":[0.16470588235294117],"Energy":{"Mean":-7.093110112943515,"Sigma":0.1505757505477115,"Taucorr":0.44269864115759605},"EnergyVariance":{"Mean":1.4791503066639073,"Sigma":0.23848034388169687,"Taucorr":0.10033878450537159},"Iteration":24},
{"Acceptance":[0.18025210084033613],"Energy":{"Mean":-6.870744223330394,"Sigma":0.15840058225412373,"Taucorr":0.2757396341450187},"EnergyVariance":{"Mean":1.9891735787035034,"Sigma":0.3858304245578663,"Taucorr":0.032386726390695175},"Iteration":25},
{"Acceptance":[0.15798319327731092],"Energy":{"Mean":-7.16412063197022,"Sigma":0.13795543575586106,"Taucorr":0.2831792264621936},"EnergyVariance":{"Mean":1.4944851052095103,"Sigma":0.23185147448338078,"Taucorr":0.0240923663594087},"Iteration":26},
{"Acceptance":[0.12899159663865548],"Energy":{"Mean":-7.332936501540288,"Sigma":0.16280229332130386,"Taucorr":0.4278497083274654},"EnergyVariance":{"Mean":1.7567846043136104,"Sigma":0.3164234604152554,"Taucorr":0.12562019832996885},"Iteration":27},
{"Acceptance":[0.12773109243697478],"Energy":{"Mean":-7.456493616885813,"Sigma":0.13101640973806516,"Taucorr":0.49097986154252893},"EnergyVariance":{"Mean":1.0652748533425451,"Sigma":0.19409617820759154,"Taucorr":0.1682533299369674},"Iteration":28},
{"Acceptance":[0.11680672268907563],"Energy":{"Mean":-7.360455384171719,"Sigma":0.11159583398505997,"Taucorr":0.216542344700688},"EnergyVariance":{"Mean":1.068880660965577,"Sigma":0.1456048403481756,"Taucorr":0.09603269049181751},"Iteration":29},
{"Acceptance":[0.11890756302521008],"Energy":{"Mean":-7.4725720771940125,"Sigma":0.14313976315955446,"Taucorr":0.5247606742911521},"EnergyVariance":{"Mean":1.2296266115111012,"Sigma":0.24099211376221236,"Taucorr":0.2956965543778992},"Iteration":30},
{"Acceptance":[0.09915966386554621],"Energy":{"Mean":-7.743827202332497,"Sigma":0.10632649420591257,"Taucorr":0.5340307238504867},"EnergyVariance":{"Mean":0.6723952888685242,"Sigma":0.20331903029637582,"Taucorr":0.3798219246707869},"Iteration":31},
{"Acceptance":[0.10672268907563025],"Energy":{"Mean":-7.542617116849392,"Sigma":0.11790787220114726,"Taucorr":0.5223348502553717},"EnergyVariance":{"Mean":0.8363105091223848,"Sigma":0.18869966814383007,"Taucorr":0.585463839409545},"Iteration":32},
{"Acceptance":[0.08781512605042016],"Energy":{"Mean":-7.8748586836659085,"Sigma":0.08832843966679164,"Taucorr":0.45871377958713455},"EnergyVariance":{"Mean":0.5004806182360172,"Sigma":0.22927957064746124,"Taucorr":0.5294758486987861},"Iteration":33},
{"Acceptance":[0.09327731092436975],"Energy":{"Mean":-7.822296340011308,"Sigma":0.09506973223593529,"Taucorr":0.3212798365274241},"EnergyVariance":{"Mean":0.6768126958725151,"Sigma":0.19581178636592267,"Taucorr":0.12383212684642342},"Iteration":34},
{"Acceptance":[0.09033613445378151],"Energy":{"Mean":-7.740626376330732,"Sigma":0.08947178599749021,"Taucorr":0.13416337716085824},"EnergyVariance":{"Mean":0.7763296460185415,"Sigma":0.16231748311862917,"Taucorr":0.03591217590475193},"Iteration":35},
{"Acceptance":[0.07605042016806722],"Energy":{"Mean":-7.8299002831093425,"Sigma":0.10304865745345636,"Taucorr":0.471904333754653},"EnergyVariance":{"Mean":0.6719489400351696,"Sigma":0.16743311004383726,"Taucorr":0.33235389516513714},"Iteration":36},
{"Acceptance":[0.08865546218487395],"Energy":{"Mean":-7.885296756812481,"Sigma":0.09574997945508952,"Taucorr":0.4240273039151251},"EnergyVariance":{"Mean":0.6101936592116859,"Sigma":0.21198410699869555,"Taucorr":0.4739167439336516},"Iteration":37},
{"Acceptance":[0.08403361344537816],"Energy":{"Mean":-7.753222118153975,"Sigma":0.11493694252798854,"Taucorr":0.676166949026703},"EnergyVariance":{"Mean":0.6907572069337286,"Sigma":0.20221211212135584,"Taucorr":0.8447915565261142},"Iteration":38},
{"Acceptance":[0.07899159663865546],"Energy":{"Mean":-7.991831799137041,"Sigma":0.05846694807006801,"Taucorr":0.15690747275005057},"EnergyVariance":{"Mean":0.32003078933251106,"Sigma":0.1133697706500308,"Taucorr":0.05859437897061848},"Iteration":39},
{"Acceptance":[0.07478991596638655],"Energy":{"Mean":-7.886047022426763,"Sigma":0.10956094403182133,"Taucorr":0.3457907378544465},"EnergyVariance":{"Mean":0.8728180566117648,"Sigma":0.4432349427904631,"Taucorr":0.28167319253906975},"Iteration":40},
{"Acceptance":[0.08151260504201681],"Energy":{"Mean":-7.936145921158013,"Sigma":0.1201858028103915,"Taucorr":0.7405087674033295},"EnergyVariance":{"Mean":0.7161130948602447,"Sigma":0.4569084662906438,"Taucorr":0.9498349199778637},"Iteration":41},
{"Acceptance":[0.0726890756302521],"Energy":{"Mean":-8.055120178443572,"Sigma":0.04770405946355245,"Taucorr":0.09714361295366447},"EnergyVariance":{"Mean":0.2343726873336613,"Sigma":0.08044317739192382,"Taucorr":-0.0016079849313870853},"Iteration":42},
{"Acceptance":[0.07058823529411765],"Energy":{"Mean":-8.101229312308353,"Sigma":0.0412069091331602,"Taucorr":0.3613604727259455},"EnergyVariance":{"Mean":0.12123562546176771,"Sigma":0.04667920579384315,"Taucorr":0.39905678851393456},"Iteration":43},
{"Acceptance":[0.06218487394957983],"Energy":{"Mean":-8.067731590759303,"Sigma":0.052890188290808555,"Taucorr":0.25009076310861156},"EnergyVariance":{"Mean":0.22935674925445768,"Sigma":0.11523306304422543,"Taucorr":0.38506647603190336},"Iteration":44},
{"Acceptance":[0.06386554621848739],"Energy":{"Mean":-8.015117980963979,"Sigma":0.0591319259183559,"Taucorr":0.2773368713695301},"EnergyVariance":{"Mean":0.2766367641666017,"Sigma":0.1038609346279595,"Taucorr":0.09553864448392613},"Iteration":45},
{"Acceptance":[0.0684873949579832],"Energy":{"Mean":-8.059229068311796,"Sigma":0.058918112800668054,"Taucorr":0.17825949516896078},"EnergyVariance":{"Mean":0.31475808079965223,"Sigma":0.1518455667040749,"Taucorr":0.2636033673713991},"Iteration":46},
{"Acceptance":[0.06428571428571428],"Energy":{"Mean":-8.01059748617538,"Sigma":0.052634241475711246,"Taucorr":0.07242321407140284},"EnergyVariance":{"Mean":0.2976422748392268,"Sigma":0.09172151114121374,"Taucorr":0.02093995201127108},"Iteration":47},
{"Acceptance":[0.06218487394957983],"Energy":{"Mean":-8.023074252467087,"Sigma":0.10955015058394571,"Taucorr":0.8494353271777855},"EnergyVariance":{"Mean":0.5469517271057172,"Sigma":0.3748054973374571,"Taucorr":0.9414608540310188},"Iteration":48},
{"Acceptance":[0.06386554621848739],"Energy":{"Mean":-8.168387387263719,"Sigma":0.027963627685378446,"Taucorr":0.3754606215134193},"EnergyVariance":{"Mean":0.05493201399103741,"Sigma":0.04300484875265052,"Taucorr":0.17012552831580496},"Iteration":49} 
]}