{"Output": [
{"Acceptance":[0.8106791307239957],"Energy":{"Mean":-3929.6562499999995,"Sigma":1.4788332105584614,"Taucorr":0.10620210271747244},"EnergyVariance":{"Mean":1787.5763923891127,"Sigma":85.56713890886512,"Taucorr":0.07603012138199217},"Iteration":0},
{"Acceptance":[0.7554931251901806],"Energy":{"Mean":-3946.9485887096776,"Sigma":1.463002472893336,"Taucorr":0.09396665254493153},"EnergyVariance":{"Mean":1785.5487681695504,"Sigma":80.93560234317282,"Taucorr":0.0037903498306590677},"Iteration":1},
{"Acceptance":[0.6028673936580499],"Energy":{"Mean":-4004.4284274193556,"Sigma":2.422664389020295,"Taucorr":0.9084041768754312},"EnergyVariance":{"Mean":2064.918264462475,"Sigma":102.97745862462352,"Taucorr":0.13447232295692213},"Iteration":2},
{"Acceptance":[0.4484336189876374],"Energy":{"Mean":-4110.603830645161,"Sigma":1.9991316091351439,"Taucorr":0.5367465388397945},"EnergyVariance":{"Mean":1910.090025648738,"Sigma":76.52191816260017,"Taucorr":-0.09098192972914831},"Iteration":3},
{"Acceptance":[0.33097096516244084],"Energy":{"Mean":-4218.58870967742,"Sigma":1.8966669800854417,"Taucorr":0.6923359346900517},"EnergyVariance":{"Mean":1494.9518080124867,"Sigma":95.91786885874015,"Taucorr":0.3796616774070649},"Iteration":4},
{"Acceptance":[0.2530871186656571],"Energy":{"Mean":-4301.335685483871,"Sigma":1.0133672358528365,"Taucorr":0.04154127667882612},"EnergyVariance":{"Mean":939.6060652559186,"Sigma":54.248054378987185,"Taucorr":0.1594395726892922},"Iteration":5},
{"Acceptance":[0.1976322065202777],"Energy":{"Mean":-4351.389112903225,"Sigma":1.349633779221595,"Taucorr":0.9598135495658375},"EnergyVariance":{"Mean":618.2699621162851,"Sigma":36.12467784875272,"Taucorr":0.22755071731162124},"Iteration":6},
{"Acceptance":[0.16284064452668898],"Energy":{"Mean":-4382.461693548386,"Sigma":0.8664444799229505,"Taucorr":0.6402516918533077},"EnergyVariance":{"Mean":326.2303874544745,"Sigma":12.904960215177018,"Taucorr":-0.09129452731560106},"Iteration":7},
{"Acceptance":[0.13812246573209824],"Energy":{"Mean":-4403.473790322581,"Sigma":0.734680711325397,"Taucorr":0.5680847228931873},"EnergyVariance":{"Mean":250.40052273022883,"Sigma":14.635170171956643,"Taucorr":0.25034222048404753},"Iteration":8},
{"Acceptance":[0.11691422586740073],"Energy":{"Mean":-4420.313508064516,"Sigma":0.5172784946812203,"Taucorr":0.1166500572041439},"EnergyVariance":{"Mean":215.00755946767688,"Sigma":13.125525393532017,"Taucorr":0.26582419940854973},"Iteration":9},
{"Acceptance":[0.10103458280554514],"Energy":{"Mean":-4431.725806451614,"Sigma":0.5114443578179212,"Taucorr":0.28546384701069083},"EnergyVariance":{"Mean":165.01151144640997,"Sigma":8.490631171232458,"Taucorr":0.13948569091174334},"Iteration":10},
{"Acceptance":[0.08630133108772724],"Energy":{"Mean":-4441.201612903225,"Sigma":0.5576286955269336,"Taucorr":0.7104873262090674},"EnergyVariance":{"Mean":127.2839490114464,"Sigma":6.0498567052583025,"Taucorr":0.03821727292117305},"Iteration":11},
{"Acceptance":[0.07631640401095441],"Energy":{"Mean":-4449.728830645161,"Sigma":0.3898988872212191,"Taucorr":0.3557076718501695},"EnergyVariance":{"Mean":88.02828169712538,"Sigma":4.5484150796786045,"Taucorr":0.10230097815473183},"Iteration":12},
{"Acceptance":[0.06525231224303496],"Energy":{"Mean":-4456.328629032258,"Sigma":0.474201877418423,"Taucorr":0.9143212578475273},"EnergyVariance":{"Mean":78.78111586238293,"Sigma":3.4679287601171955,"Taucorr":0.010038507205913483},"Iteration":13},
{"Acceptance":[0.05788568638412602],"Energy":{"Mean":-4461.2026209677415,"Sigma":0.38943938612636286,"Taucorr":0.7247002995023608},"EnergyVariance":{"Mean":61.3611624853668,"Sigma":2.830834244653944,"Taucorr":0.012521799535631706},"Iteration":14},
{"Acceptance":[0.050618131382109216],"Energy":{"Mean":-4466.071572580644,"Sigma":0.4674628240053856,"Taucorr":1.2981606259807763},"EnergyVariance":{"Mean":60.21564349473206,"Sigma":5.74062189178069,"Taucorr":0.8704024108004091},"Iteration":15},
{"Acceptance":[0.04507723988592698],"Energy":{"Mean":-4469.488911290324,"Sigma":0.32082181802026377,"Taucorr":0.5354538413309204},"EnergyVariance":{"Mean":49.253909298582194,"Sigma":3.887111947619776,"Taucorr":0.20204883367556536},"Iteration":16},
{"Acceptance":[0.03965311047108192],"Energy":{"Mean":-4471.96875,"Sigma":0.24546029424002222,"Taucorr":0.35287953497636626},"EnergyVariance":{"Mean":35.00406376008064,"Sigma":2.4813545868933016,"Taucorr":0.2584431258087343},"Iteration":17},
{"Acceptance":[0.03524799558427038],"Energy":{"Mean":-4474.397177419356,"Sigma":0.17086361488509166,"Taucorr":0.027314747383120452},"EnergyVariance":{"Mean":27.43297590400624,"Sigma":2.0405332539481393,"Taucorr":0.3559740734515281},"Iteration":18},
{"Acceptance":[0.032976442365529005],"Energy":{"Mean":-4476.003024193548,"Sigma":0.25483131922384084,"Taucorr":0.6318700468430904},"EnergyVariance":{"Mean":28.428418273608226,"Sigma":3.907758667136458,"Taucorr":0.9151407110875827},"Iteration":19},
{"Acceptance":[0.030513823922781343],"Energy":{"Mean":-4477.489919354838,"Sigma":0.23369362018795797,"Taucorr":0.6308545831247521},"EnergyVariance":{"Mean":23.929333864464102,"Sigma":1.9940287037725806,"Taucorr":0.1539097717893113},"Iteration":20},
{"Acceptance":[0.02963633919030804],"Energy":{"Mean":-4479.139112903225,"Sigma":0.1805722794245607,"Taucorr":0.42950052597085286},"EnergyVariance":{"Mean":17.38185727757544,"Sigma":1.2220128048967944,"Taucorr":0.24213141190551224},"Iteration":21},
{"Acceptance":[0.02875531621294573],"Energy":{"Mean":-4479.581653225805,"Sigma":0.25430466278814107,"Taucorr":0.7149825132819199},"EnergyVariance":{"Mean":26.37438113781218,"Sigma":2.814835526287912,"Taucorr":0.29316338281279797},"Iteration":22},
{"Acceptance":[0.02709941760489127],"Energy":{"Mean":-4481.060483870969,"Sigma":0.23951875948922804,"Taucorr":1.111339834501601},"EnergyVariance":{"Mean":17.641502991675335,"Sigma":1.6119133894883497,"Taucorr":0.4413428492478422},"Iteration":23},
{"Acceptance":[0.02600963817907765],"Energy":{"Mean":-4482.169354838709,"Sigma":0.2068061000243574,"Taucorr":0.6962516749881005},"EnergyVariance":{"Mean":17.715270551508844,"Sigma":1.8631563141708807,"Taucorr":0.19534872384649626},"Iteration":24},
{"Acceptance":[0.025662890179955135],"Energy":{"Mean":-4483.258064516129,"Sigma":0.28647684840683457,"Taucorr":1.4703031926646815},"EnergyVariance":{"Mean":20.639047866805413,"Sigma":2.5736774017868456,"Taucorr":0.7424091920699776},"Iteration":25},
{"Acceptance":[0.023140121574094386],"Energy":{"Mean":-4484.577620967743,"Sigma":0.3076569303796616,"Taucorr":1.9773799136581172},"EnergyVariance":{"Mean":18.931474985366805,"Sigma":2.633984240517208,"Taucorr":0.627791000955751},"Iteration":26},
{"Acceptance":[0.02265892026918967],"Energy":{"Mean":-4485.524193548386,"Sigma":0.16057004832150096,"Taucorr":0.18379961902594721},"EnergyVariance":{"Mean":18.68288241415193,"Sigma":2.2176828163910494,"Taucorr":0.664446847500588},"Iteration":27},
{"Acceptance":[0.021477146476261914],"Energy":{"Mean":-4486.381048387096,"Sigma":0.27202006602410767,"Taucorr":1.3609922597299233},"EnergyVariance":{"Mean":19.70157632023934,"Sigma":1.586092803588981,"Taucorr":0.2565848858113472},"Iteration":28},
{"Acceptance":[0.020129075173550913],"Energy":{"Mean":-4487.785282258064,"Sigma":0.31873729001473716,"Taucorr":2.0971890782680496},"EnergyVariance":{"Mean":19.382323710652965,"Sigma":2.1042518809930706,"Taucorr":0.5936729759098587},"Iteration":29},
{"Acceptance":[0.018844692278842005],"Energy":{"Mean":-4488.926411290324,"Sigma":0.23783202415459212,"Taucorr":1.1685008518784958},"EnergyVariance":{"Mean":16.798012121162852,"Sigma":1.3088151929937675,"Taucorr":0.14542779887193802},"Iteration":30},
{"Acceptance":[0.016070708285861882],"Energy":{"Mean":-4490.260080645161,"Sigma":0.2787613427430896,"Taucorr":1.981740870027466},"EnergyVariance":{"Mean":15.515019348335066,"Sigma":2.0006029465603317,"Taucorr":1.4879139542521482},"Iteration":31},
{"Acceptance":[0.01501277306404931],"Energy":{"Mean":-4491.378024193548,"Sigma":0.1586995810862252,"Taucorr":0.5969732984284448},"EnergyVariance":{"Mean":11.376250934898541,"Sigma":1.1002829065301944,"Taucorr":0.48874601377455296},"Iteration":32},
{"Acceptance":[0.012925208579536206],"Energy":{"Mean":-4491.990927419354,"Sigma":0.18914596513844625,"Taucorr":0.8193334884750649},"EnergyVariance":{"Mean":13.436409623764307,"Sigma":2.484071169939322,"Taucorr":0.7277358172555617},"Iteration":33},
{"Acceptance":[0.011488681154600073],"Energy":{"Mean":-4493.019153225808,"Sigma":0.12248543894009051,"Taucorr":0.4261202681123979},"EnergyVariance":{"Mean":8.02685089587669,"Sigma":0.8065758387529337,"Taucorr":-0.0899068228164826},"Iteration":34},
{"Acceptance":[0.010890717768358184],"Energy":{"Mean":-4493.150201612904,"Sigma":0.13158415089228565,"Taucorr":0.6063389899821396},"EnergyVariance":{"Mean":7.754657217416754,"Sigma":1.394018039583532,"Taucorr":0.4627785521249417},"Iteration":35},
{"Acceptance":[0.009560337690092206],"Energy":{"Mean":-4493.615927419355,"Sigma":0.12715872478694368,"Taucorr":0.6454378481344198},"EnergyVariance":{"Mean":6.99462534957076,"Sigma":1.3564580188915427,"Taucorr":1.0573027326105084},"Iteration":36},
{"Acceptance":[0.009337428262084875],"Energy":{"Mean":-4493.909274193549,"Sigma":0.09620830290407742,"Taucorr":0.5070478441315607},"EnergyVariance":{"Mean":4.554268828043704,"Sigma":0.6193678432316412,"Taucorr":0.5515971700255875},"Iteration":37},
{"Acceptance":[0.008382102142053456],"Energy":{"Mean":-4494.21875,"Sigma":0.16568300110401776,"Taucorr":1.6948785335573375},"EnergyVariance":{"Mean":6.197108114919354,"Sigma":1.3525061620892767,"Taucorr":0.7493118099047242},"Iteration":38},
{"Acceptance":[0.007844288918924656],"Energy":{"Mean":-4494.516129032258,"Sigma":0.10019167374608412,"Taucorr":0.5375291667805175},"EnergyVariance":{"Mean":4.794094693028094,"Sigma":0.7825939662308553,"Taucorr":0.47393735555783967},"Iteration":39},
{"Acceptance":[0.007911515571815757],"Energy":{"Mean":-4494.890120967742,"Sigma":0.09247419276069478,"Taucorr":0.5797157549471703},"EnergyVariance":{"Mean":3.9244185337539026,"Sigma":0.5838369346687113,"Taucorr":0.21398498932651056},"Iteration":40},
{"Acceptance":[0.007826597694479631],"Energy":{"Mean":-4494.963709677419,"Sigma":0.09572402866335207,"Taucorr":0.4168063093082087},"EnergyVariance":{"Mean":4.952312044745058,"Sigma":0.6642001278390962,"Taucorr":0.11323253854068982},"Iteration":41},
{"Acceptance":[0.007568305817582247],"Energy":{"Mean":-4495.150201612902,"Sigma":0.10541675321045171,"Taucorr":0.5568175155939439},"EnergyVariance":{"Mean":5.210302378707076,"Sigma":0.8087911938120068,"Taucorr":0.3854309119494186},"Iteration":42},
{"Acceptance":[0.008329028468718377],"Energy":{"Mean":-4495.395161290324,"Sigma":0.14447244525965158,"Taucorr":0.910606925397698},"EnergyVariance":{"Mean":7.331750780437045,"Sigma":1.0334517756516692,"Taucorr":0.18017850518844925},"Iteration":43},
{"Acceptance":[0.008198113407825182],"Energy":{"Mean":-4496.041330645161,"Sigma":0.16198732128265808,"Taucorr":0.949961641223003},"EnergyVariance":{"Mean":8.967041777770554,"Sigma":1.5274365628823128,"Taucorr":0.6004137499598765},"Iteration":44},
{"Acceptance":[0.008339643203385393],"Energy":{"Mean":-4496.088709677418,"Sigma":0.2082447565774888,"Taucorr":1.9477970552379147},"EnergyVariance":{"Mean":8.7784209157128,"Sigma":1.2610156097563863,"Taucorr":0.5376962424990464},"Iteration":45},
{"Acceptance":[0.007869056633147693],"Energy":{"Mean":-4497.032258064516,"Sigma":0.1861763531537916,"Taucorr":1.42753742971647},"EnergyVariance":{"Mean":8.910249739854317,"Sigma":0.9325987230463111,"Taucorr":0.15572573098976084},"Iteration":46},
{"Acceptance":[0.00658821198332779],"Energy":{"Mean":-4497.890120967743,"Sigma":0.21953522167968192,"Taucorr":2.2201590528435156},"EnergyVariance":{"Mean":8.77925724343132,"Sigma":0.7811992952095559,"Taucorr":0.37980483605795134},"Iteration":47},
{"Acceptance":[0.006252078718872291],"Energy":{"Mean":-4498.207661290324,"Sigma":0.1826003438046612,"Taucorr":1.7459545704627248},"EnergyVariance":{"Mean":7.356070336888656,"Sigma":0.507726427097355,"Taucorr":0.7649647174165926},"Iteration":48},
{"Acceptance":[0.005130455089057624],"Energy":{"Mean":-4498.918346774193,"Sigma":0.21772840086373407,"Taucorr":2.4606662915542676},"EnergyVariance":{"Mean":7.933856944263787,"Sigma":0.9688511536861284,"Taucorr":0.2663416576526626},"Iteration":49} 
]}