{"Output": [
{"Acceptance":[0.9147058823529411],"Energy":{"Mean":-14.233870967741934,"Sigma":0.29005363887308355,"Taucorr":0.21908889591901293},"EnergyVariance":{"Mean":7.195304370447451,"Sigma":1.073524639126791,"Taucorr":0.04131517710113142},"Iteration":0},
{"Acceptance":[0.8676470588235294],"Energy":{"Mean":-15.201612903225806,"Sigma":0.19825154911282036,"Taucorr":-0.11172863366171126},"EnergyVariance":{"Mean":6.225481269510926,"Sigma":0.7951712391347285,"Taucorr":-0.06219888475887242},"Iteration":1},
{"Acceptance":[0.853781512605042],"Energy":{"Mean":-15.169354838709676,"Sigma":0.1740516148163737,"Taucorr":-0.20956861154762496},"EnergyVariance":{"Mean":6.414867325702392,"Sigma":0.85567844731013,"Taucorr":0.020017149204479723},"Iteration":2},
{"Acceptance":[0.807563025210084],"Energy":{"Mean":-15.35483870967742,"Sigma":0.25154741358913896,"Taucorr":0.03592899111493253},"EnergyVariance":{"Mean":7.261186264308012,"Sigma":0.9135332342871948,"Taucorr":-0.05374441815161335},"Iteration":3},
{"Acceptance":[0.7323529411764705],"Energy":{"Mean":-16.056451612903224,"Sigma":0.23637884135934495,"Taucorr":-0.0014041577412688966},"EnergyVariance":{"Mean":6.891974505723206,"Sigma":0.9071427601256817,"Taucorr":0.07950092907618067},"Iteration":4},
{"Acceptance":[0.7037815126050421],"Energy":{"Mean":-16.338709677419356,"Sigma":0.2629823747867738,"Taucorr":0.14810619574265682},"EnergyVariance":{"Mean":6.5626951092611865,"Sigma":0.7370303058449279,"Taucorr":-0.0174968339239443},"Iteration":5},
{"Acceptance":[0.6672268907563025],"Energy":{"Mean":-17.040322580645164,"Sigma":0.3021199234481139,"Taucorr":0.3585046598832299},"EnergyVariance":{"Mean":6.538696670135275,"Sigma":0.7884837913476979,"Taucorr":0.0755275558076316},"Iteration":6},
{"Acceptance":[0.588655462184874],"Energy":{"Mean":-17.250000000000004,"Sigma":0.2516077336110781,"Taucorr":0.11168831168831195},"EnergyVariance":{"Mean":6.36491935483871,"Sigma":0.7815878128475487,"Taucorr":-0.02627515597261687},"Iteration":7},
{"Acceptance":[0.5226890756302521],"Energy":{"Mean":-18.46774193548387,"Sigma":0.29868482676071684,"Taucorr":0.3348996476782391},"EnergyVariance":{"Mean":6.571540062434963,"Sigma":0.6056158688181074,"Taucorr":-0.10842412467343371},"Iteration":8},
{"Acceptance":[0.523109243697479],"Energy":{"Mean":-18.516129032258064,"Sigma":0.2738454463329282,"Taucorr":0.24177405857740597},"EnergyVariance":{"Mean":6.21748178980229,"Sigma":0.5694398937897289,"Taucorr":-0.11512858877871723},"Iteration":9},
{"Acceptance":[0.43109243697478994],"Energy":{"Mean":-19.370967741935484,"Sigma":0.296908571727584,"Taucorr":0.49900771775082653},"EnergyVariance":{"Mean":5.426899063475545,"Sigma":0.5111196459032755,"Taucorr":-0.06683976281701448},"Iteration":10},
{"Acceptance":[0.40336134453781514],"Energy":{"Mean":-19.209677419354847,"Sigma":0.2307353759952989,"Taucorr":0.1318577739846376},"EnergyVariance":{"Mean":5.181841831425598,"Sigma":0.5494520676168971,"Taucorr":-0.053889203021764476},"Iteration":11},
{"Acceptance":[0.39663865546218485],"Energy":{"Mean":-19.70967741935484,"Sigma":0.24650698865574197,"Taucorr":0.32228820835718364},"EnergyVariance":{"Mean":4.544745057232049,"Sigma":0.7629350288091766,"Taucorr":0.3782638131408811},"Iteration":12},
{"Acceptance":[0.3226890756302521],"Energy":{"Mean":-20.25,"Sigma":0.2008048322256248,"Taucorr":0.2740717432347396},"EnergyVariance":{"Mean":3.2036290322580645,"Sigma":0.536182178440575,"Taucorr":0.36119329345604323},"Iteration":13},
{"Acceptance":[0.31218487394957983],"Energy":{"Mean":-20.564516129032256,"Sigma":0.1960523513087616,"Taucorr":0.243039087415161},"EnergyVariance":{"Mean":3.1813215400624353,"Sigma":0.38211023291217044,"Taucorr":0.05220949722325785},"Iteration":14},
{"Acceptance":[0.2571428571428571],"Energy":{"Mean":-20.78225806451613,"Sigma":0.22681227597460055,"Taucorr":0.7293472492481867},"EnergyVariance":{"Mean":2.5735561914672216,"Sigma":0.4657541333514743,"Taucorr":0.43896110738307115},"Iteration":15},
{"Acceptance":[0.27521008403361347],"Energy":{"Mean":-20.7258064516129,"Sigma":0.24548471874721142,"Taucorr":0.48899514057618887},"EnergyVariance":{"Mean":3.747398543184183,"Sigma":0.6109285911353138,"Taucorr":0.25131790308926805},"Iteration":16},
{"Acceptance":[0.24873949579831933],"Energy":{"Mean":-21.080645161290317,"Sigma":0.18197951880733346,"Taucorr":0.08030909495219096},"EnergyVariance":{"Mean":3.509625390218522,"Sigma":0.6398705274311133,"Taucorr":0.015462016777116117},"Iteration":17},
{"Acceptance":[0.21932773109243697],"Energy":{"Mean":-21.499999999999996,"Sigma":0.12269377914491106,"Taucorr":0.08274111675126905},"EnergyVariance":{"Mean":1.588709677419355,"Sigma":0.22165930553004273,"Taucorr":0.010629973183276742},"Iteration":18},
{"Acceptance":[0.2008403361344538],"Energy":{"Mean":-21.64516129032258,"Sigma":0.12474392778786661,"Taucorr":0.20473659003831335},"EnergyVariance":{"Mean":1.3579604578563993,"Sigma":0.2108745773028193,"Taucorr":0.051265906034159925},"Iteration":19},
{"Acceptance":[0.19285714285714287],"Energy":{"Mean":-21.774193548387093,"Sigma":0.1308341921978918,"Taucorr":0.408554108666366},"EnergyVariance":{"Mean":1.1586888657648284,"Sigma":0.1564320106310079,"Taucorr":0.08212940009266656},"Iteration":20},
{"Acceptance":[0.1953781512605042],"Energy":{"Mean":-21.806451612903228,"Sigma":0.12087810298880178,"Taucorr":0.12827391778828723},"EnergyVariance":{"Mean":1.4302809573361082,"Sigma":0.281572228946803,"Taucorr":-0.06041926919559887},"Iteration":21},
{"Acceptance":[0.16974789915966387],"Energy":{"Mean":-21.733870967741932,"Sigma":0.2060690339591335,"Taucorr":0.6006605816407649},"EnergyVariance":{"Mean":2.3727237252861606,"Sigma":0.9119328197958436,"Taucorr":0.40473860215309987},"Iteration":22},
{"Acceptance":[0.16092436974789917],"Energy":{"Mean":-21.911290322580648,"Sigma":0.13347525398734317,"Taucorr":0.40560124711068113},"EnergyVariance":{"Mean":1.209872528616025,"Sigma":0.28060603422455516,"Taucorr":0.42199194991184286},"Iteration":23},
{"Acceptance":[0.1584033613445378],"Energy":{"Mean":-21.92741935483871,"Sigma":0.13379969601676858,"Taucorr":0.1252594644506},"EnergyVariance":{"Mean":1.7608610822060349,"Sigma":0.39977891461200665,"Taucorr":0.045861865161655246},"Iteration":24},
{"Acceptance":[0.15042016806722688],"Energy":{"Mean":-22.14516129032258,"Sigma":0.10091929168361717,"Taucorr":0.29752401457436295},"EnergyVariance":{"Mean":0.785379812695109,"Sigma":0.11266432635583984,"Taucorr":0.22276946289758848},"Iteration":25},
{"Acceptance":[0.13487394957983193],"Energy":{"Mean":-22.0483870967742,"Sigma":0.1620680175637094,"Taucorr":0.6802794145599682},"EnergyVariance":{"Mean":1.3686264308012484,"Sigma":0.4161448918000994,"Taucorr":0.834609479554383},"Iteration":26},
{"Acceptance":[0.1319327731092437],"Energy":{"Mean":-22.080645161290317,"Sigma":0.1508876499245619,"Taucorr":0.5906332320162089},"EnergyVariance":{"Mean":1.2838189386056187,"Sigma":0.4147580306122689,"Taucorr":0.6254834242310066},"Iteration":27},
{"Acceptance":[0.11722689075630252],"Energy":{"Mean":-22.39516129032258,"Sigma":0.08888057829111967,"Taucorr":0.1574144152072513},"EnergyVariance":{"Mean":0.7390088449531738,"Sigma":0.17787214384965142,"Taucorr":0.056537888846271644},"Iteration":28},
{"Acceptance":[0.10882352941176471],"Energy":{"Mean":-22.379032258064512,"Sigma":0.10553942833394478,"Taucorr":0.37402705169695594},"EnergyVariance":{"Mean":0.7837539021852236,"Sigma":0.17503461950250557,"Taucorr":-0.05024098466974769},"Iteration":29},
{"Acceptance":[0.10336134453781512],"Energy":{"Mean":-22.31451612903226,"Sigma":0.1221270612000058,"Taucorr":0.5089419844051786},"EnergyVariance":{"Mean":0.9091441207075963,"Sigma":0.3611797599828382,"Taucorr":0.5625531619766715},"Iteration":30},
{"Acceptance":[0.11218487394957984],"Energy":{"Mean":-22.62903225806452,"Sigma":0.06009733116059097,"Taucorr":0.14149135987978978},"EnergyVariance":{"Mean":0.3462539021852237,"Sigma":0.05699743796076639,"Taucorr":0.10352641025745912},"Iteration":31},
{"Acceptance":[0.08739495798319327],"Energy":{"Mean":-22.491935483870968,"Sigma":0.0815540184526291,"Taucorr":0.15878286372682537},"EnergyVariance":{"Mean":0.6209027055150884,"Sigma":0.14583388086155707,"Taucorr":-0.04798406917012782},"Iteration":32},
{"Acceptance":[0.08025210084033614],"Energy":{"Mean":-22.548387096774192,"Sigma":0.05959017161906823,"Taucorr":-0.005026533018868573},"EnergyVariance":{"Mean":0.4412070759625389,"Sigma":0.07889514162010876,"Taucorr":-0.03179591792813896},"Iteration":33},
{"Acceptance":[0.06386554621848739],"Energy":{"Mean":-22.733870967741936,"Sigma":0.054298413647107927,"Taucorr":0.2440619161996258},"EnergyVariance":{"Mean":0.24369146722164406,"Sigma":0.06686449173333249,"Taucorr":0.09124842201087435},"Iteration":34},
{"Acceptance":[0.06932773109243698],"Energy":{"Mean":-22.661290322580648,"Sigma":0.08077945807159505,"Taucorr":0.3325013491635159},"EnergyVariance":{"Mean":0.48204994797086365,"Sigma":0.14454857716462174,"Taucorr":0.11375592629695863},"Iteration":35},
{"Acceptance":[0.07689075630252101],"Energy":{"Mean":-22.532258064516128,"Sigma":0.1122484855633828,"Taucorr":0.5346127127474811},"EnergyVariance":{"Mean":0.7489594172736732,"Sigma":0.2670162445936786,"Taucorr":0.6429590531258058},"Iteration":36},
{"Acceptance":[0.06680672268907563],"Energy":{"Mean":-22.491935483870968,"Sigma":0.10205145166036016,"Taucorr":0.4129693149161031},"EnergyVariance":{"Mean":0.7015478668054109,"Sigma":0.2884988124027146,"Taucorr":0.9369547369482902},"Iteration":37},
{"Acceptance":[0.046218487394957986],"Energy":{"Mean":-22.758064516129032,"Sigma":0.049843668194717576,"Taucorr":-0.07655010814707969},"EnergyVariance":{"Mean":0.36082206035379816,"Sigma":0.09641501080387878,"Taucorr":-0.034620575826989686},"Iteration":38},
{"Acceptance":[0.052100840336134456],"Energy":{"Mean":-22.67741935483871,"Sigma":0.05702474041826996,"Taucorr":0.02654109589041087},"EnergyVariance":{"Mean":0.37981269510926124,"Sigma":0.11500655839991172,"Taucorr":-0.004456646714407875},"Iteration":39} 
]}