{"Output": [
{"Acceptance":[0.8514005602240896],"Energy":{"Mean":-156.91935483870967,"Sigma":0.8680706496548709,"Taucorr":0.2783280685427666},"EnergyVariance":{"Mean":59.54188345473465,"Sigma":9.893159080355138,"Taucorr":0.08023171023266862},"Iteration":0},
{"Acceptance":[0.8093837535014006],"Energy":{"Mean":-157.39516129032253,"Sigma":0.8059568374696193,"Taucorr":0.031180175357732764},"EnergyVariance":{"Mean":75.20675078043705,"Sigma":8.208436937650413,"Taucorr":-0.015473063636304518},"Iteration":1},
{"Acceptance":[0.7932773109243697],"Energy":{"Mean":-159.16935483870972,"Sigma":0.9319873476786534,"Taucorr":0.09807507891259049},"EnergyVariance":{"Mean":89.31809313215402,"Sigma":12.886609179992789,"Taucorr":0.05447902978954722},"Iteration":2},
{"Acceptance":[0.6749299719887956],"Energy":{"Mean":-162.89516129032262,"Sigma":1.2250068133203318,"Taucorr":0.33570883816418107},"EnergyVariance":{"Mean":110.43255723204994,"Sigma":10.950803833741745,"Taucorr":-0.14822910142220053},"Iteration":3},
{"Acceptance":[0.5317927170868347],"Energy":{"Mean":-171.87903225806454,"Sigma":1.0829737389799226,"Taucorr":0.3793486025909697},"EnergyVariance":{"Mean":82.02568938605617,"Sigma":10.491674696694483,"Taucorr":0.008786582883522853},"Iteration":4},
{"Acceptance":[0.4061624649859944],"Energy":{"Mean":-179.0161290322581,"Sigma":1.0100925835793517,"Taucorr":0.3841747037195873},"EnergyVariance":{"Mean":70.96748178980229,"Sigma":10.786374707904702,"Taucorr":0.19160448432203547},"Iteration":5},
{"Acceptance":[0.3543417366946779],"Energy":{"Mean":-181.09677419354838,"Sigma":1.0477624276294664,"Taucorr":0.4982151373888416},"EnergyVariance":{"Mean":67.63579604578565,"Sigma":10.072071375676655,"Taucorr":0.00031993325981161114},"Iteration":6},
{"Acceptance":[0.31442577030812324],"Energy":{"Mean":-184.77419354838713,"Sigma":0.6764425881738863,"Taucorr":0.21015319319345527},"EnergyVariance":{"Mean":39.626430801248695,"Sigma":9.261824735042994,"Taucorr":0.45039406899059253},"Iteration":7},
{"Acceptance":[0.2662464985994398],"Energy":{"Mean":-188.78225806451616,"Sigma":0.598131267226396,"Taucorr":0.3234789826374618},"EnergyVariance":{"Mean":26.718717481789806,"Sigma":2.813310416504286,"Taucorr":-0.12933345752061154},"Iteration":8},
{"Acceptance":[0.23403361344537815],"Energy":{"Mean":-191.3870967741935,"Sigma":0.4559697673312164,"Taucorr":0.18773157217216174},"EnergyVariance":{"Mean":18.59209157127992,"Sigma":2.8348979325783508,"Taucorr":0.11276996143289864},"Iteration":9},
{"Acceptance":[0.22282913165266108],"Energy":{"Mean":-191.70161290322585,"Sigma":0.6601583545405758,"Taucorr":0.6289148639505182},"EnergyVariance":{"Mean":23.741610301768993,"Sigma":4.308974011631081,"Taucorr":0.1457705411736412},"Iteration":10},
{"Acceptance":[0.2004201680672269],"Energy":{"Mean":-193.72580645161293,"Sigma":0.3288042115058581,"Taucorr":-0.012923312941893306},"EnergyVariance":{"Mean":13.650624349635795,"Sigma":2.01860678645919,"Taucorr":0.012227291788686756},"Iteration":11},
{"Acceptance":[0.17591036414565828],"Energy":{"Mean":-194.3790322580645,"Sigma":0.4128108095501405,"Taucorr":0.094173540158768},"EnergyVariance":{"Mean":17.63859261186265,"Sigma":2.9010378732435713,"Taucorr":0.013706761632553688},"Iteration":12},
{"Acceptance":[0.16302521008403362],"Energy":{"Mean":-195.76612903225808,"Sigma":0.42136099952195477,"Taucorr":0.40734671818845114},"EnergyVariance":{"Mean":12.034014047866803,"Sigma":1.684836315148529,"Taucorr":0.12361197753430397},"Iteration":13},
{"Acceptance":[0.1623249299719888],"Energy":{"Mean":-195.37903225806457,"Sigma":0.5475840103147743,"Taucorr":0.47254885147163295},"EnergyVariance":{"Mean":18.96117325702393,"Sigma":3.4671852292921184,"Taucorr":0.17625917777376898},"Iteration":14},
{"Acceptance":[0.12983193277310925],"Energy":{"Mean":-196.64516129032256,"Sigma":0.4713248020477191,"Taucorr":0.6794129536471449},"EnergyVariance":{"Mean":11.583766909469304,"Sigma":2.319637167924243,"Taucorr":0.28266853489028076},"Iteration":15},
{"Acceptance":[0.12212885154061624],"Energy":{"Mean":-197.43548387096772,"Sigma":0.5033446923256512,"Taucorr":0.6893574137691383},"EnergyVariance":{"Mean":13.100676378772114,"Sigma":2.664001800456276,"Taucorr":0.544921416061608},"Iteration":16},
{"Acceptance":[0.10350140056022408],"Energy":{"Mean":-199.04032258064518,"Sigma":0.3427624914771875,"Taucorr":0.3624861230795511},"EnergyVariance":{"Mean":8.37740634755463,"Sigma":1.3621644635186845,"Taucorr":0.07179346550165555},"Iteration":17},
{"Acceptance":[0.10420168067226891],"Energy":{"Mean":-198.33870967741936,"Sigma":0.3851316607540306,"Taucorr":0.5495121367214391},"EnergyVariance":{"Mean":8.6917273673257,"Sigma":1.3656919789632578,"Taucorr":0.1452234519648148},"Iteration":18},
{"Acceptance":[0.0880952380952381],"Energy":{"Mean":-200.02419354838713,"Sigma":0.2795337031994857,"Taucorr":0.3674696814942594},"EnergyVariance":{"Mean":5.539737252861603,"Sigma":0.719321148120473,"Taucorr":0.09212416834746562},"Iteration":19},
{"Acceptance":[0.08025210084033614],"Energy":{"Mean":-200.2338709677419,"Sigma":0.2579216674531184,"Taucorr":0.408801051734352},"EnergyVariance":{"Mean":4.5017559833506775,"Sigma":0.6877011319000976,"Taucorr":0.09665894653657292},"Iteration":20},
{"Acceptance":[0.07787114845938375],"Energy":{"Mean":-200.2177419354839,"Sigma":0.23723936901407833,"Taucorr":0.2310426768127709},"EnergyVariance":{"Mean":4.734846514047867,"Sigma":0.7490739733637998,"Taucorr":0.1260755164485361},"Iteration":21},
{"Acceptance":[0.0742296918767507],"Energy":{"Mean":-199.41129032258064,"Sigma":0.33592041490123237,"Taucorr":0.3354532856259257},"EnergyVariance":{"Mean":8.306646722164412,"Sigma":1.3956519890935994,"Taucorr":0.10462232274090844},"Iteration":22},
{"Acceptance":[0.0700280112044818],"Energy":{"Mean":-200.1451612903226,"Sigma":0.4063961389008176,"Taucorr":0.550114305693767},"EnergyVariance":{"Mean":9.67247658688866,"Sigma":3.6776245506141487,"Taucorr":0.4709381701631048},"Iteration":23},
{"Acceptance":[0.060364145658263306],"Energy":{"Mean":-201.40322580645164,"Sigma":0.14465263330436498,"Taucorr":0.17660374777732657},"EnergyVariance":{"Mean":1.9019250780437036,"Sigma":0.46298675903902875,"Taucorr":0.3322679922555247},"Iteration":24},
{"Acceptance":[0.062324929971988796],"Energy":{"Mean":-201.0241935483871,"Sigma":0.27517219406347987,"Taucorr":0.28145524790727683},"EnergyVariance":{"Mean":5.959092091571279,"Sigma":1.9690906963699497,"Taucorr":0.10388614578812705},"Iteration":25},
{"Acceptance":[0.05742296918767507],"Energy":{"Mean":-201.13709677419354,"Sigma":0.25369280956170037,"Taucorr":0.4426513637842122},"EnergyVariance":{"Mean":4.198946409989594,"Sigma":1.4462226055015812,"Taucorr":0.10769807734364467},"Iteration":26},
{"Acceptance":[0.06134453781512605],"Energy":{"Mean":-201.34677419354836,"Sigma":0.19457612441626715,"Taucorr":0.3439897215870247},"EnergyVariance":{"Mean":2.758779916753382,"Sigma":0.6988988882762627,"Taucorr":0.30890721870449056},"Iteration":27},
{"Acceptance":[0.049019607843137254],"Energy":{"Mean":-201.59677419354836,"Sigma":0.13603319257878688,"Taucorr":0.04731640185162189},"EnergyVariance":{"Mean":2.079344432882414,"Sigma":0.4196309669988668,"Taucorr":-0.026602608068134914},"Iteration":28},
{"Acceptance":[0.0561624649859944],"Energy":{"Mean":-201.508064516129,"Sigma":0.22938788080728126,"Taucorr":0.49572952312340923},"EnergyVariance":{"Mean":3.2499349635796047,"Sigma":0.9245729042025341,"Taucorr":0.49039387066834816},"Iteration":29},
{"Acceptance":[0.06064425770308123],"Energy":{"Mean":-201.89516129032262,"Sigma":0.15457807364978268,"Taucorr":0.14243552927127057},"EnergyVariance":{"Mean":2.2873959417273677,"Sigma":1.1575519350015524,"Taucorr":0.43169200174247513},"Iteration":30},
{"Acceptance":[0.049019607843137254],"Energy":{"Mean":-201.63709677419354,"Sigma":0.21869564138041903,"Taucorr":0.4148801456457968},"EnergyVariance":{"Mean":3.215075442247659,"Sigma":0.9068476041303686,"Taucorr":0.43415409880451916},"Iteration":31},
{"Acceptance":[0.05],"Energy":{"Mean":-201.78225806451613,"Sigma":0.2108425033548751,"Taucorr":0.2720207158729878},"EnergyVariance":{"Mean":3.5412981269510917,"Sigma":1.055277771110513,"Taucorr":0.08437024798768045},"Iteration":32},
{"Acceptance":[0.04873949579831933],"Energy":{"Mean":-202.01612903225808,"Sigma":0.1932793829541324,"Taucorr":0.43109119662625306},"EnergyVariance":{"Mean":2.4674817898022896,"Sigma":0.8004527085710663,"Taucorr":0.3068100965413535},"Iteration":33},
{"Acceptance":[0.04089635854341737],"Energy":{"Mean":-202.2016129032258,"Sigma":0.11903473494523568,"Taucorr":0.1140886383427292},"EnergyVariance":{"Mean":1.4190296566077003,"Sigma":0.45184539104549,"Taucorr":-0.02315589829015091},"Iteration":34},
{"Acceptance":[0.038795518207282914],"Energy":{"Mean":-202.18548387096774,"Sigma":0.14935692885042046,"Taucorr":0.3919073189294312},"EnergyVariance":{"Mean":1.5381763787721126,"Sigma":0.9492300449878434,"Taucorr":0.47179372751683746},"Iteration":35},
{"Acceptance":[0.03753501400560224],"Energy":{"Mean":-202.016129032258,"Sigma":0.12483079077992984,"Taucorr":0.07140530479291696},"EnergyVariance":{"Mean":1.6771592091571284,"Sigma":0.39649850117506563,"Taucorr":0.02540280766644787},"Iteration":36},
{"Acceptance":[0.03207282913165266],"Energy":{"Mean":-202.20967741935485,"Sigma":0.20709744414188347,"Taucorr":0.736349225704181},"EnergyVariance":{"Mean":2.133454734651405,"Sigma":1.2881020258820022,"Taucorr":0.767866693606045},"Iteration":37},
{"Acceptance":[0.03081232492997199],"Energy":{"Mean":-202.3951612903226,"Sigma":0.09330706731146941,"Taucorr":0.05495786990225804},"EnergyVariance":{"Mean":0.9648152965660773,"Sigma":0.3495364078177526,"Taucorr":0.007435228517021719},"Iteration":38},
{"Acceptance":[0.03851540616246499],"Energy":{"Mean":-202.24193548387103,"Sigma":0.12019466232118196,"Taucorr":0.2212882787750804},"EnergyVariance":{"Mean":1.2317898022892821,"Sigma":0.2861006149825333,"Taucorr":-0.005071305966554807},"Iteration":39},
{"Acceptance":[0.033893557422969185],"Energy":{"Mean":-201.9516129032258,"Sigma":0.1958642808441078,"Taucorr":0.24686650745285732},"EnergyVariance":{"Mean":3.1589490114464103,"Sigma":0.9557556911419465,"Taucorr":0.412690901108272},"Iteration":40},
{"Acceptance":[0.02969187675070028],"Energy":{"Mean":-202.61290322580646,"Sigma":0.09757731265970304,"Taucorr":0.33059040590404454},"EnergyVariance":{"Mean":0.7049947970863685,"Sigma":0.4216815401346083,"Taucorr":0.45705544426640543},"Iteration":41},
{"Acceptance":[0.03137254901960784],"Energy":{"Mean":-202.68548387096774,"Sigma":0.06756890343759181,"Taucorr":0.27831260140617065},"EnergyVariance":{"Mean":0.36075702393340264,"Sigma":0.11944365002962302,"Taucorr":0.04437616053129201},"Iteration":42},
{"Acceptance":[0.02997198879551821],"Energy":{"Mean":-202.4758064516129,"Sigma":0.13685937700384804,"Taucorr":0.1836762265024906},"EnergyVariance":{"Mean":1.6848985431841825,"Sigma":0.9000061499524354,"Taucorr":-0.006600166364376547},"Iteration":43},
{"Acceptance":[0.030252100840336135],"Energy":{"Mean":-202.25806451612897,"Sigma":0.17331518888996916,"Taucorr":0.3307440336920985},"EnergyVariance":{"Mean":2.2237252861602497,"Sigma":0.9096548385960435,"Taucorr":0.3420167001063288},"Iteration":44},
{"Acceptance":[0.02997198879551821],"Energy":{"Mean":-202.56451612903228,"Sigma":0.12212706120000584,"Taucorr":0.6549295774647901},"EnergyVariance":{"Mean":0.7942247658688864,"Sigma":0.3814295455075724,"Taucorr":0.7226961594148762},"Iteration":45},
{"Acceptance":[0.02535014005602241],"Energy":{"Mean":-202.55645161290323,"Sigma":0.1469719806425683,"Taucorr":0.08704411553384506},"EnergyVariance":{"Mean":2.2629422476586885,"Sigma":1.7098144686506649,"Taucorr":-0.0010821517430325556},"Iteration":46},
{"Acceptance":[0.028711484593837534],"Energy":{"Mean":-202.54838709677423,"Sigma":0.07639329021680563,"Taucorr":0.1477230046948309},"EnergyVariance":{"Mean":0.5541103017689907,"Sigma":0.1291778435287606,"Taucorr":0.00627526928418265},"Iteration":47},
{"Acceptance":[0.023109243697478993],"Energy":{"Mean":-202.7016129032258,"Sigma":0.10777525078895533,"Taucorr":0.12397886723853713},"EnergyVariance":{"Mean":1.1448361082206036,"Sigma":0.6020794994494054,"Taucorr":-0.005419163158609186},"Iteration":48},
{"Acceptance":[0.01904761904761905],"Energy":{"Mean":-202.8225806451613,"Sigma":0.05079151512820183,"Taucorr":0.016405588484330935},"EnergyVariance":{"Mean":0.3072320499479708,"Sigma":0.13260817352023818,"Taucorr":-0.025090772450252596},"Iteration":49} 
]}