{"Output": [
{"Acceptance":[0.9176190476190477],"Energy":{"Mean":-12.0241935483871,"Sigma":0.19584214303326006,"Taucorr":-0.06663679487639024},"EnergyVariance":{"Mean":5.442963059313215,"Sigma":0.5430008853140834,"Taucorr":-0.058156037081409595},"Iteration":0},
{"Acceptance":[0.8823809523809524],"Energy":{"Mean":-12.14516129032258,"Sigma":0.22293683514883997,"Taucorr":0.1430723550982429},"EnergyVariance":{"Mean":4.75312174817898,"Sigma":0.7169618256663236,"Taucorr":0.02545699074702057},"Iteration":1},
{"Acceptance":[0.8742857142857143],"Energy":{"Mean":-12.362903225806454,"Sigma":0.17267608656273417,"Taucorr":-0.09873482573612091},"EnergyVariance":{"Mean":4.569914151925077,"Sigma":0.4378708056913385,"Taucorr":-0.08759233087368568},"Iteration":2},
{"Acceptance":[0.8085714285714286],"Energy":{"Mean":-12.41935483870968,"Sigma":0.21420868906197452,"Taucorr":-0.020782161159215384},"EnergyVariance":{"Mean":5.888657648283039,"Sigma":0.7132435584789877,"Taucorr":-0.06991785974281822},"Iteration":3},
{"Acceptance":[0.7719047619047619],"Energy":{"Mean":-13.370967741935484,"Sigma":0.18508606242218326,"Taucorr":-0.006097151918033783},"EnergyVariance":{"Mean":4.2656087408949,"Sigma":0.40476427662975895,"Taucorr":-0.11493606221664227},"Iteration":4},
{"Acceptance":[0.7433333333333333],"Energy":{"Mean":-13.459677419354836,"Sigma":0.18697391219958695,"Taucorr":-0.11068951304245428},"EnergyVariance":{"Mean":5.522567637877212,"Sigma":0.6251817236442874,"Taucorr":-0.10382865843926475},"Iteration":5},
{"Acceptance":[0.7038095238095238],"Energy":{"Mean":-13.629032258064516,"Sigma":0.24699020695344437,"Taucorr":0.15807665982203944},"EnergyVariance":{"Mean":5.7010926118626415,"Sigma":0.8264103024843336,"Taucorr":0.10599139055305629},"Iteration":6},
{"Acceptance":[0.6580952380952381],"Energy":{"Mean":-14.516129032258064,"Sigma":0.2099460644609871,"Taucorr":0.057465760753263595},"EnergyVariance":{"Mean":4.86264308012487,"Sigma":0.6696996190336336,"Taucorr":-0.09658649336690744},"Iteration":7},
{"Acceptance":[0.5880952380952381],"Energy":{"Mean":-14.68548387096774,"Sigma":0.24837313185152918,"Taucorr":0.35111834138227904},"EnergyVariance":{"Mean":4.457531217481789,"Sigma":0.5381676791472678,"Taucorr":0.07376854215620299},"Iteration":8},
{"Acceptance":[0.5742857142857143],"Energy":{"Mean":-14.677419354838712,"Sigma":0.1905684579063475,"Taucorr":-0.01843168050258026},"EnergyVariance":{"Mean":4.637877211238293,"Sigma":0.528278384950621,"Taucorr":0.10641850526473395},"Iteration":9},
{"Acceptance":[0.5871428571428572],"Energy":{"Mean":-14.677419354838708,"Sigma":0.20286706688425965,"Taucorr":0.18962999716472917},"EnergyVariance":{"Mean":3.670135275754423,"Sigma":0.4903875869920405,"Taucorr":0.06404791220490436},"Iteration":10},
{"Acceptance":[0.5152380952380953],"Energy":{"Mean":-15.419354838709681,"Sigma":0.18197951880733326,"Taucorr":-0.004998103186646841},"EnergyVariance":{"Mean":4.114464099895941,"Sigma":0.5662909612029065,"Taucorr":-0.017276644808740527},"Iteration":11},
{"Acceptance":[0.4638095238095238],"Energy":{"Mean":-15.701612903225806,"Sigma":0.21515790489187464,"Taucorr":0.3446504717618232},"EnergyVariance":{"Mean":3.370642559833507,"Sigma":0.3863208933209942,"Taucorr":0.08889484158975847},"Iteration":12},
{"Acceptance":[0.430952380952381],"Energy":{"Mean":-16.040322580645167,"Sigma":0.19018128525849665,"Taucorr":0.33381359857626913},"EnergyVariance":{"Mean":2.667728928199792,"Sigma":0.43316898243330704,"Taucorr":0.30156823756954776},"Iteration":13},
{"Acceptance":[0.43761904761904763],"Energy":{"Mean":-15.822580645161292,"Sigma":0.2849715955443329,"Taucorr":0.40263999247731397},"EnergyVariance":{"Mean":5.533038501560873,"Sigma":0.826269284632921,"Taucorr":0.14734716367872502},"Iteration":14},
{"Acceptance":[0.39476190476190476],"Energy":{"Mean":-16.35483870967742,"Sigma":0.2232380815818206,"Taucorr":0.37088630987581295},"EnergyVariance":{"Mean":3.5192507804370443,"Sigma":0.6169115046243849,"Taucorr":-0.024711270884045067},"Iteration":15},
{"Acceptance":[0.3914285714285714],"Energy":{"Mean":-16.13709677419355,"Sigma":0.1597371453413503,"Taucorr":-0.01676313312371075},"EnergyVariance":{"Mean":3.2473335067637885,"Sigma":0.43688925583526655,"Taucorr":0.031462165731409475},"Iteration":16},
{"Acceptance":[0.36904761904761907],"Energy":{"Mean":-16.58870967741936,"Sigma":0.17217316985010483,"Taucorr":0.16484121148874553},"EnergyVariance":{"Mean":2.7421305931321545,"Sigma":0.4485747100099975,"Taucorr":0.14914368908786146},"Iteration":17},
{"Acceptance":[0.33285714285714285],"Energy":{"Mean":-17.008064516129032,"Sigma":0.12512567390371082,"Taucorr":-0.004564468092226492},"EnergyVariance":{"Mean":1.9434833506763791,"Sigma":0.25741118983155326,"Taucorr":0.1421504355632055},"Iteration":18},
{"Acceptance":[0.3180952380952381],"Energy":{"Mean":-16.90322580645162,"Sigma":0.222907660662665,"Taucorr":0.5862308119104847},"EnergyVariance":{"Mean":2.8132154006243493,"Sigma":0.39076557791848715,"Taucorr":0.08792076722183184},"Iteration":19},
{"Acceptance":[0.3028571428571429],"Energy":{"Mean":-17.5241935483871,"Sigma":0.136859377003848,"Taucorr":0.13504356243949744},"EnergyVariance":{"Mean":1.8139308012486992,"Sigma":0.30863874137551794,"Taucorr":-0.07237934326973072},"Iteration":20},
{"Acceptance":[0.3219047619047619],"Energy":{"Mean":-17.056451612903228,"Sigma":0.20003685057664494,"Taucorr":0.501797675465304},"EnergyVariance":{"Mean":2.456490634755463,"Sigma":0.5103302939047385,"Taucorr":0.32113022355653076},"Iteration":21},
{"Acceptance":[0.2785714285714286],"Energy":{"Mean":-17.556451612903228,"Sigma":0.14651400783491236,"Taucorr":0.027044008827729282},"EnergyVariance":{"Mean":2.504877731529657,"Sigma":0.431585505326408,"Taucorr":0.04930828951095201},"Iteration":22},
{"Acceptance":[0.26047619047619047],"Energy":{"Mean":-17.443548387096772,"Sigma":0.12684640478085005,"Taucorr":0.0771384136858475},"EnergyVariance":{"Mean":1.7145551508844952,"Sigma":0.3111561869081029,"Taucorr":-0.03427688248416011},"Iteration":23},
{"Acceptance":[0.26857142857142857],"Energy":{"Mean":-17.298387096774192,"Sigma":0.23968487231353508,"Taucorr":0.8865846499400196},"EnergyVariance":{"Mean":2.548061914672216,"Sigma":0.44668838954391016,"Taucorr":0.5224557598546706},"Iteration":24},
{"Acceptance":[0.26047619047619047],"Energy":{"Mean":-17.395161290322584,"Sigma":0.19837179764419552,"Taucorr":0.5655327434641921},"EnergyVariance":{"Mean":2.2712669094693028,"Sigma":0.7092127208979448,"Taucorr":0.23969322830095996},"Iteration":25},
{"Acceptance":[0.2195238095238095],"Energy":{"Mean":-17.943548387096783,"Sigma":0.1690858078190695,"Taucorr":0.5255054432348376},"EnergyVariance":{"Mean":1.7145551508844952,"Sigma":0.34218578116102877,"Taucorr":0.25780474655680385},"Iteration":26},
{"Acceptance":[0.20476190476190476],"Energy":{"Mean":-17.991935483870964,"Sigma":0.1797862645936128,"Taucorr":0.6573018817916794},"EnergyVariance":{"Mean":1.717676899063476,"Sigma":0.2983571248382685,"Taucorr":0.20027675941481915},"Iteration":27},
{"Acceptance":[0.2195238095238095],"Energy":{"Mean":-17.790322580645157,"Sigma":0.1560159103211158,"Taucorr":0.505829400454467},"EnergyVariance":{"Mean":1.4882934443288243,"Sigma":0.21938727636258923,"Taucorr":0.1115155595612487},"Iteration":28},
{"Acceptance":[0.19476190476190477],"Energy":{"Mean":-17.959677419354843,"Sigma":0.1660324387730884,"Taucorr":0.5903835696657893},"EnergyVariance":{"Mean":1.5548257023933405,"Sigma":0.22692381702603462,"Taucorr":0.0578705286408745},"Iteration":29},
{"Acceptance":[0.19285714285714287],"Energy":{"Mean":-18.370967741935488,"Sigma":0.16472156686047498,"Taucorr":0.7699366462086732},"EnergyVariance":{"Mean":1.313995837669095,"Sigma":0.24011913333596177,"Taucorr":0.21739407581794978},"Iteration":30},
{"Acceptance":[0.1957142857142857],"Energy":{"Mean":-18.14516129032258,"Sigma":0.14282771858908833,"Taucorr":0.4884453781512592},"EnergyVariance":{"Mean":1.2692507804370448,"Sigma":0.23077953368441947,"Taucorr":0.367056757050947},"Iteration":31},
{"Acceptance":[0.15142857142857144],"Energy":{"Mean":-18.572580645161292,"Sigma":0.16114240529175394,"Taucorr":0.48840317191965477},"EnergyVariance":{"Mean":1.6156997918834548,"Sigma":0.19050355649329412,"Taucorr":-0.01762106506725647},"Iteration":32},
{"Acceptance":[0.11619047619047619],"Energy":{"Mean":-18.85483870967742,"Sigma":0.16911144824803162,"Taucorr":0.6764224812945883},"EnergyVariance":{"Mean":1.495057232049948,"Sigma":0.26693759533318656,"Taucorr":0.14404007391123863},"Iteration":33},
{"Acceptance":[0.13],"Energy":{"Mean":-18.766129032258064,"Sigma":0.1799549988068134,"Taucorr":0.6317084888576823},"EnergyVariance":{"Mean":1.7598204994797086,"Sigma":0.2601028602460704,"Taucorr":0.27579906415079636},"Iteration":34},
{"Acceptance":[0.15047619047619049],"Energy":{"Mean":-18.596774193548384,"Sigma":0.1768441310518342,"Taucorr":0.8410711046617088},"EnergyVariance":{"Mean":1.4341831425598335,"Sigma":0.2288006928989411,"Taucorr":0.0954942949787394},"Iteration":35},
{"Acceptance":[0.1138095238095238],"Energy":{"Mean":-18.83870967741936,"Sigma":0.13744421502627938,"Taucorr":0.618718687374751},"EnergyVariance":{"Mean":1.0385015608740897,"Sigma":0.1423258743654934,"Taucorr":0.37751749207150775},"Iteration":36},
{"Acceptance":[0.08571428571428572],"Energy":{"Mean":-19.201612903225808,"Sigma":0.14218880131802455,"Taucorr":0.6340115072068333},"EnergyVariance":{"Mean":1.0964490114464098,"Sigma":0.23148610734021635,"Taucorr":0.5281042628460462},"Iteration":37},
{"Acceptance":[0.06333333333333334],"Energy":{"Mean":-19.322580645161285,"Sigma":0.1286789517857303,"Taucorr":0.5427477357485353},"EnergyVariance":{"Mean":0.9765868886576483,"Sigma":0.237272799562041,"Taucorr":0.33388463499639887},"Iteration":38},
{"Acceptance":[0.08142857142857143],"Energy":{"Mean":-19.15322580645161,"Sigma":0.15278658043361212,"Taucorr":0.7891666179991834},"EnergyVariance":{"Mean":1.1136186264308012,"Sigma":0.18124072884282014,"Taucorr":0.13030431903884465},"Iteration":39} 
]}