{"Output": [
{"Acceptance":[0.9149222065063649],"Energy":{"Mean":-622.5241935483871,"Sigma":1.8327719633710653,"Taucorr":0.09397087255006076},"EnergyVariance":{"Mean":347.79780176899067,"Sigma":44.37867100494186,"Taucorr":-0.08961810830316258},"Iteration":0},
{"Acceptance":[0.8887553041018388],"Energy":{"Mean":-623.5403225806452,"Sigma":1.190187071576813,"Taucorr":-0.17771594706966404},"EnergyVariance":{"Mean":270.31289021852234,"Sigma":37.2627620068372,"Taucorr":0.05227462955755513},"Iteration":1},
{"Acceptance":[0.8712164073550213],"Energy":{"Mean":-625.6612903225807,"Sigma":1.6681934560679257,"Taucorr":0.06725890589904027},"EnergyVariance":{"Mean":301.70785639958376,"Sigma":41.61497994122744,"Taucorr":0.10552545948428393},"Iteration":2},
{"Acceptance":[0.8381188118811881],"Energy":{"Mean":-626.4758064516128,"Sigma":1.3446106503006106,"Taucorr":-0.06361226830256422},"EnergyVariance":{"Mean":254.79780176899064,"Sigma":34.76017994828574,"Taucorr":0.11740000654231086},"Iteration":3},
{"Acceptance":[0.7659123055162659],"Energy":{"Mean":-631.4516129032256,"Sigma":1.6809903057151847,"Taucorr":0.03707750578065372},"EnergyVariance":{"Mean":323.5702393340271,"Sigma":38.401737223454305,"Taucorr":-0.04582056617462826},"Iteration":4},
{"Acceptance":[0.7101838755304102],"Energy":{"Mean":-636.9677419354838,"Sigma":1.8778470118544286,"Taucorr":0.2760514723405496},"EnergyVariance":{"Mean":279.4505723204994,"Sigma":38.150595540793724,"Taucorr":0.11661372846778195},"Iteration":5},
{"Acceptance":[0.4946958981612447],"Energy":{"Mean":-651.3306451612904,"Sigma":1.8061419665491032,"Taucorr":0.11316888428000038},"EnergyVariance":{"Mean":327.1890608740895,"Sigma":39.52169995873164,"Taucorr":-0.02371573212229311},"Iteration":6},
{"Acceptance":[0.36654879773691657],"Energy":{"Mean":-671.9516129032257,"Sigma":1.964483685308665,"Taucorr":0.30191996332923454},"EnergyVariance":{"Mean":295.9654006243497,"Sigma":51.288308801894615,"Taucorr":0.0952141280692197},"Iteration":7},
{"Acceptance":[0.25063649222065065],"Energy":{"Mean":-684.0725806451611,"Sigma":1.4185878915195929,"Taucorr":0.18860538439019636},"EnergyVariance":{"Mean":179.7286030176899,"Sigma":32.05521608563072,"Taucorr":0.20086249759677566},"Iteration":8},
{"Acceptance":[0.17114568599717114],"Energy":{"Mean":-699.2096774193549,"Sigma":1.1886615300793282,"Taucorr":0.18979007180368246},"EnergyVariance":{"Mean":125.97216441207077,"Sigma":15.349813192354322,"Taucorr":-0.037091842320281065},"Iteration":9},
{"Acceptance":[0.12001414427157002],"Energy":{"Mean":-711.1935483870967,"Sigma":1.1477953199187252,"Taucorr":0.4087679740659891},"EnergyVariance":{"Mean":89.15608740894899,"Sigma":12.509379153842003,"Taucorr":0.18656293822746084},"Iteration":10},
{"Acceptance":[0.08408769448373409],"Energy":{"Mean":-716.4758064516129,"Sigma":0.8542552279326266,"Taucorr":0.312548939261739},"EnergyVariance":{"Mean":55.23328563995839,"Sigma":9.241772403690394,"Taucorr":0.1425026110064891},"Iteration":11},
{"Acceptance":[0.06181046676096181],"Energy":{"Mean":-722.1532258064516,"Sigma":0.7861090223846661,"Taucorr":0.4298612602893187},"EnergyVariance":{"Mean":40.87168314255983,"Sigma":8.091326665343168,"Taucorr":0.0013962966664365917},"Iteration":12},
{"Acceptance":[0.046534653465346534],"Energy":{"Mean":-725.8870967741934,"Sigma":0.624633086888779,"Taucorr":0.28004262264580826},"EnergyVariance":{"Mean":30.76144640998959,"Sigma":4.6728118954616304,"Taucorr":0.3797547595943377},"Iteration":13},
{"Acceptance":[0.037057991513437055],"Energy":{"Mean":-728.1048387096772,"Sigma":0.373117892225011,"Taucorr":0.08993479868251741},"EnergyVariance":{"Mean":14.51320239334027,"Sigma":1.7411541674301525,"Taucorr":0.05175486901071935},"Iteration":14},
{"Acceptance":[0.026874115983026876],"Energy":{"Mean":-729.4435483870967,"Sigma":0.4507624480803319,"Taucorr":0.3363912189898218},"EnergyVariance":{"Mean":14.940361602497395,"Sigma":3.0467156600596472,"Taucorr":0.18072086751071303},"Iteration":15},
{"Acceptance":[0.01951909476661952],"Energy":{"Mean":-731.5403225806451,"Sigma":0.30499796716084926,"Taucorr":0.2188896970489389},"EnergyVariance":{"Mean":7.958051508844955,"Sigma":1.9642221511316669,"Taucorr":0.4176462613927051},"Iteration":16},
{"Acceptance":[0.014922206506364923],"Energy":{"Mean":-732.758064516129,"Sigma":0.1934699661917715,"Taucorr":0.1249611554488338},"EnergyVariance":{"Mean":3.6834027055150886,"Sigma":1.0830012387001926,"Taucorr":0.07563135143189215},"Iteration":17},
{"Acceptance":[0.013366336633663366],"Energy":{"Mean":-732.959677419355,"Sigma":0.2131739074346587,"Taucorr":0.8087284909395407},"EnergyVariance":{"Mean":2.1354708636836635,"Sigma":0.6755751891850278,"Taucorr":1.05832423389289},"Iteration":18},
{"Acceptance":[0.011810466760961811],"Energy":{"Mean":-732.9112903225807,"Sigma":0.23490686415010073,"Taucorr":0.4971278974221629},"EnergyVariance":{"Mean":3.4034209157127986,"Sigma":1.505212137774587,"Taucorr":0.4726096662503767},"Iteration":19},
{"Acceptance":[0.009547383309759547],"Energy":{"Mean":-733.5887096774193,"Sigma":0.08404139012976092,"Taucorr":0.12612730852160192},"EnergyVariance":{"Mean":0.6937434963579605,"Sigma":0.2510519610338909,"Taucorr":-0.023087475888017128},"Iteration":20},
{"Acceptance":[0.007567185289957567],"Energy":{"Mean":-733.7661290322582,"Sigma":0.06016943356343738,"Taucorr":0.26230238254283733},"EnergyVariance":{"Mean":0.29207856399583765,"Sigma":0.09136916682103528,"Taucorr":0.23176700713651122},"Iteration":21},
{"Acceptance":[0.006930693069306931],"Energy":{"Mean":-733.741935483871,"Sigma":0.05736586852831835,"Taucorr":-0.11826545632973645},"EnergyVariance":{"Mean":0.5301768990634755,"Sigma":0.20738388857183457,"Taucorr":-0.043224383016757684},"Iteration":22},
{"Acceptance":[0.0033946251768033945],"Energy":{"Mean":-733.8145161290323,"Sigma":0.08516882501695902,"Taucorr":0.24018560483435714},"EnergyVariance":{"Mean":0.6026925078043704,"Sigma":0.2662657007967845,"Taucorr":0.29966113172855846},"Iteration":23},
{"Acceptance":[0.0038896746817538895],"Energy":{"Mean":-733.6693548387099,"Sigma":0.08858740351227687,"Taucorr":0.018407265106503146},"EnergyVariance":{"Mean":0.9309963579604578,"Sigma":0.30537151457900585,"Taucorr":0.032320529765133665},"Iteration":24},
{"Acceptance":[0.002758132956152758],"Energy":{"Mean":-733.9999999999999,"Sigma":0.060241449667689774,"Taucorr":0.6531250000000413},"EnergyVariance":{"Mean":0.19354838709677422,"Sigma":0.10220004459640271,"Taucorr":0.6825790229885431},"Iteration":25},
{"Acceptance":[0.0019801980198019802],"Energy":{"Mean":-733.9032258064516,"Sigma":0.07302729950110591,"Taucorr":0.6673611111110791},"EnergyVariance":{"Mean":0.2809573361082206,"Sigma":0.25166536799953837,"Taucorr":0.556640993318656},"Iteration":26},
{"Acceptance":[0.0026874115983026876],"Energy":{"Mean":-733.8629032258065,"Sigma":0.058931696472405634,"Taucorr":0.3635550880883971},"EnergyVariance":{"Mean":0.24733350676378765,"Sigma":0.09442818223631474,"Taucorr":0.36599638761465336},"Iteration":27},
{"Acceptance":[0.0011315417256011315],"Energy":{"Mean":-733.9354838709677,"Sigma":0.054338324283620947,"Taucorr":0.17247109826587015},"EnergyVariance":{"Mean":0.2700312174817897,"Sigma":0.1989766892720161,"Taucorr":-0.0020320653068448546},"Iteration":28},
{"Acceptance":[0.0009900990099009901],"Energy":{"Mean":-733.9919354838711,"Sigma":0.02163936752419497,"Taucorr":0.010726643598748087},"EnergyVariance":{"Mean":0.0563865764828304,"Sigma":0.034381772908863316,"Taucorr":-0.01972010310367922},"Iteration":29},
{"Acceptance":[0.0015558698727015559],"Energy":{"Mean":-733.9516129032259,"Sigma":0.05238832828681147,"Taucorr":0.02707148659625158},"EnergyVariance":{"Mean":0.3202393340270552,"Sigma":0.2015822988195648,"Taucorr":-0.016270235191817473},"Iteration":30},
{"Acceptance":[0.0008486562942008486],"Energy":{"Mean":-733.9516129032259,"Sigma":0.026989033114003146,"Taucorr":-0.025619834710717104},"EnergyVariance":{"Mean":0.09443288241415194,"Sigma":0.07056769894566223,"Taucorr":-0.0084292606115281},"Iteration":31},
{"Acceptance":[0.001272984441301273],"Energy":{"Mean":-734.0161290322582,"Sigma":0.04327873504838621,"Taucorr":0.01072664359867559},"EnergyVariance":{"Mean":0.22554630593132158,"Sigma":0.1001701635670707,"Taucorr":0.2272390851130459},"Iteration":32},
{"Acceptance":[0.0008486562942008486],"Energy":{"Mean":-733.9516129032259,"Sigma":0.035581488403814934,"Taucorr":0.32451790633605804},"EnergyVariance":{"Mean":0.09443288241415193,"Sigma":0.06771960696210397,"Taucorr":0.324517906336088},"Iteration":33},
{"Acceptance":[0.0007072135785007072],"Energy":{"Mean":-733.8064516129031,"Sigma":0.19354838709677616,"Taucorr":1.0247933884297624},"EnergyVariance":{"Mean":1.5109261186264307,"Sigma":1.473465140478604,"Taucorr":1.0247933884297526},"Iteration":34},
{"Acceptance":[0.0007072135785007072],"Energy":{"Mean":-734.008064516129,"Sigma":0.033768405908480834,"Taucorr":0.011770289511228271},"EnergyVariance":{"Mean":0.13703173777315295,"Sigma":0.08362356531375113,"Taucorr":-0.01971176975046557},"Iteration":35},
{"Acceptance":[0.0014144271570014145],"Energy":{"Mean":-733.9354838709676,"Sigma":0.10038082187315797,"Taucorr":0.8849418604651169},"EnergyVariance":{"Mean":0.44745057232049934,"Sigma":0.37536258040651554,"Taucorr":0.969583864975085},"Iteration":36},
{"Acceptance":[0.0005657708628005657],"Energy":{"Mean":-733.9758064516127,"Sigma":0.043925093113894836,"Taucorr":0.008642319487068395},"EnergyVariance":{"Mean":0.23328563995837667,"Sigma":0.2012873884116413,"Taucorr":-0.004069951350832768},"Iteration":37},
{"Acceptance":[0.0008486562942008486],"Energy":{"Mean":-734.0241935483871,"Sigma":0.043925093113892144,"Taucorr":0.20308285163774964},"EnergyVariance":{"Mean":0.1687695109261186,"Sigma":0.09898001911395815,"Taucorr":0.09374592719286468},"Iteration":38},
{"Acceptance":[0.0009900990099009901],"Energy":{"Mean":-733.9516129032257,"Sigma":0.06702125609568575,"Taucorr":0.45925925925923883},"EnergyVariance":{"Mean":0.2879812695109261,"Sigma":0.2529620366111602,"Taucorr":0.48584224552603106},"Iteration":39},
{"Acceptance":[0.0019801980198019802],"Energy":{"Mean":-733.9838709677421,"Sigma":0.08824413522728224,"Taucorr":0.09403033236522507},"EnergyVariance":{"Mean":0.8061914672216445,"Sigma":0.5275628709554939,"Taucorr":-0.008339881760448697},"Iteration":40},
{"Acceptance":[0.0015558698727015559],"Energy":{"Mean":-734.0322580645163,"Sigma":0.022426509263030102,"Taucorr":-0.012704918032636403},"EnergyVariance":{"Mean":0.06347554630593133,"Sigma":0.04340614696068667,"Taucorr":-0.012704918032786783},"Iteration":41},
{"Acceptance":[0.0009900990099009901],"Energy":{"Mean":-734.0483870967743,"Sigma":0.04246971539383154,"Taucorr":0.19787234042554924},"EnergyVariance":{"Mean":0.15894901144641,"Sigma":0.07878249003432568,"Taucorr":0.15284889171825788},"Iteration":42},
{"Acceptance":[0.0006364922206506365],"Energy":{"Mean":-733.9274193548388,"Sigma":0.053372232605722034,"Taucorr":0.3245179063360598},"EnergyVariance":{"Mean":0.21247398543184187,"Sigma":0.1523691156647339,"Taucorr":0.32451790633608824},"Iteration":43},
{"Acceptance":[0.0013437057991513438],"Energy":{"Mean":-733.983870967742,"Sigma":0.07140626974573687,"Taucorr":0.3843727072633695},"EnergyVariance":{"Mean":0.3545785639958378,"Sigma":0.17044022944439366,"Taucorr":0.12393615698727622},"Iteration":44},
{"Acceptance":[0.0002828854314002829],"Energy":{"Mean":-734.0,"Sigma":0.0,"Taucorr":null},"EnergyVariance":{"Mean":0.0,"Sigma":0.0,"Taucorr":null},"Iteration":45},
{"Acceptance":[0.0015558698727015559],"Energy":{"Mean":-734.0725806451612,"Sigma":0.04211088215788299,"Taucorr":0.1646452635750868},"EnergyVariance":{"Mean":0.16408688865764826,"Sigma":0.07563908113894573,"Taucorr":0.15127578103423756},"Iteration":46},
{"Acceptance":[0.0009900990099009901],"Energy":{"Mean":-734.0483870967741,"Sigma":0.0355814884038153,"Taucorr":0.3245179063360655},"EnergyVariance":{"Mean":0.09443288241415193,"Sigma":0.06771960696210397,"Taucorr":0.324517906336088},"Iteration":47},
{"Acceptance":[0.0016973125884016972],"Energy":{"Mean":-734.0322580645162,"Sigma":0.02242650926302782,"Taucorr":-0.012704918032724333},"EnergyVariance":{"Mean":0.06347554630593132,"Sigma":0.04340614696069176,"Taucorr":-0.012704918032787005},"Iteration":48},
{"Acceptance":[0.0014144271570014145],"Energy":{"Mean":-734.0967741935484,"Sigma":0.048744201964056516,"Taucorr":0.2933615819208958},"EnergyVariance":{"Mean":0.18418314255983345,"Sigma":0.08805404225764797,"Taucorr":0.29336158192090445},"Iteration":49},
{"Acceptance":[0.0021216407355021216],"Energy":{"Mean":-733.9354838709678,"Sigma":0.1807123530952474,"Taucorr":0.5062956204379667},"EnergyVariance":{"Mean":1.995837669094693,"Sigma":1.58506815165028,"Taucorr":0.4978837994922819},"Iteration":50},
{"Acceptance":[0.003536067892503536],"Energy":{"Mean":-734.1129032258066,"Sigma":0.14426245016127423,"Taucorr":0.7964426877470103},"EnergyVariance":{"Mean":0.9872528616024978,"Sigma":0.439728147822402,"Taucorr":0.7146534812797625},"Iteration":51},
{"Acceptance":[0.0021216407355021216],"Energy":{"Mean":-734.1451612903223,"Sigma":0.05284155860346802,"Taucorr":0.13777777777782574},"EnergyVariance":{"Mean":0.26925078043704476,"Sigma":0.09034201954788552,"Taucorr":0.1377777777777781},"Iteration":52},
{"Acceptance":[0.0036067892503536068],"Energy":{"Mean":-734.3548387096773,"Sigma":0.0817929078710928,"Taucorr":0.15085390946502386},"EnergyVariance":{"Mean":0.6321540062434965,"Sigma":0.10389036487944535,"Taucorr":0.1468761582840249},"Iteration":53},
{"Acceptance":[0.00487977369165488],"Energy":{"Mean":-734.2177419354841,"Sigma":0.10287659344581178,"Taucorr":0.4949398548563414},"EnergyVariance":{"Mean":0.6542013527575441,"Sigma":0.1726054900174267,"Taucorr":0.17760905617252642},"Iteration":54},
{"Acceptance":[0.008486562942008486],"Energy":{"Mean":-734.6451612903224,"Sigma":0.13949515038993365,"Taucorr":0.14974576271186624},"EnergyVariance":{"Mean":1.8418314255983352,"Sigma":0.8957240366361173,"Taucorr":-0.013855976874577791},"Iteration":55},
{"Acceptance":[0.010396039603960397],"Energy":{"Mean":-734.983870967742,"Sigma":0.10494204997819188,"Taucorr":0.17746552172784114},"EnergyVariance":{"Mean":0.9997398543184183,"Sigma":0.003385227418648176,"Taucorr":0.1774655217278166},"Iteration":56},
{"Acceptance":[0.007920792079207921],"Energy":{"Mean":-735.2741935483872,"Sigma":0.10773501362093188,"Taucorr":0.22151590849327396},"EnergyVariance":{"Mean":0.9893340270551507,"Sigma":0.11422443613411132,"Taucorr":0.6499452406713224},"Iteration":57},
{"Acceptance":[0.003536067892503536],"Energy":{"Mean":-735.7903225806451,"Sigma":0.05571718885174925,"Taucorr":0.008593208593213109},"EnergyVariance":{"Mean":0.3753902185223724,"Sigma":0.08806910495921189,"Taucorr":0.008593208593208668},"Iteration":58},
{"Acceptance":[0.001272984441301273],"Energy":{"Mean":-735.9354838709676,"Sigma":0.038394776497545996,"Taucorr":0.2260416666667754},"EnergyVariance":{"Mean":0.12486992715920919,"Sigma":0.07183538828571118,"Taucorr":0.22604166666666647},"Iteration":59},
{"Acceptance":[0.0018387553041018388],"Energy":{"Mean":-735.8870967741935,"Sigma":0.07934434758870344,"Taucorr":0.4915389740173317},"EnergyVariance":{"Mean":0.3904786680541104,"Sigma":0.1684448142947897,"Taucorr":0.4167828627179885},"Iteration":60},
{"Acceptance":[0.002263083451202263],"Energy":{"Mean":-735.9032258064517,"Sigma":0.0672795277890796,"Taucorr":0.3887873754153076},"EnergyVariance":{"Mean":0.3132154006243496,"Sigma":0.24697276155238695,"Taucorr":0.47249432953805093},"Iteration":61},
{"Acceptance":[0.0026874115983026876],"Energy":{"Mean":-735.741935483871,"Sigma":0.09802064666733874,"Taucorr":0.5506012950971033},"EnergyVariance":{"Mean":0.5624349635796045,"Sigma":0.14751050808308228,"Taucorr":0.47405417153274443},"Iteration":62},
{"Acceptance":[0.0019801980198019802],"Energy":{"Mean":-735.8548387096773,"Sigma":0.08096709934200899,"Taucorr":0.26457819437594854},"EnergyVariance":{"Mean":0.527315296566077,"Sigma":0.267524826846763,"Taucorr":0.2835797339803092},"Iteration":63},
{"Acceptance":[0.0004243281471004243],"Energy":{"Mean":-735.9193548387096,"Sigma":0.0469315114898815,"Taucorr":0.375126050420135},"EnergyVariance":{"Mean":0.15478668054110306,"Sigma":0.08629342435236015,"Taucorr":0.3751260504201682},"Iteration":64},
{"Acceptance":[0.0004243281471004243],"Energy":{"Mean":-736.0,"Sigma":0.0,"Taucorr":null},"EnergyVariance":{"Mean":0.0,"Sigma":0.0,"Taucorr":null},"Iteration":65},
{"Acceptance":[0.0007072135785007072],"Energy":{"Mean":-736.0,"Sigma":0.0,"Taucorr":null},"EnergyVariance":{"Mean":0.0,"Sigma":0.0,"Taucorr":null},"Iteration":66},
{"Acceptance":[0.0004243281471004243],"Energy":{"Mean":-736.0,"Sigma":0.0,"Taucorr":null},"EnergyVariance":{"Mean":0.0,"Sigma":0.0,"Taucorr":null},"Iteration":67},
{"Acceptance":[0.0002828854314002829],"Energy":{"Mean":-736.016129032258,"Sigma":0.016129032258063843,"Taucorr":-3.2085445411667024e-14},"EnergyVariance":{"Mean":0.031997918834547355,"Sigma":0.03173777315296614,"Taucorr":0.0},"Iteration":68},
{"Acceptance":[0.0007072135785007072],"Energy":{"Mean":-735.7903225806451,"Sigma":0.1425086180159302,"Taucorr":0.3127814457423411},"EnergyVariance":{"Mean":1.5366805411030173,"Sigma":1.078067768518483,"Taucorr":0.32316329844715996},"Iteration":69},
{"Acceptance":[0.0004243281471004243],"Energy":{"Mean":-735.9677419354838,"Sigma":0.08960931892473475,"Taucorr":0.047376009227226734},"EnergyVariance":{"Mean":0.9021852237252861,"Sigma":0.8012861773919623,"Taucorr":-0.0014835810169740449},"Iteration":70},
{"Acceptance":[0.0002828854314002829],"Energy":{"Mean":-735.9919354838709,"Sigma":0.008064516129033875,"Taucorr":1.6298074001497298e-13},"EnergyVariance":{"Mean":0.007999479708636837,"Sigma":0.007934443288239699,"Taucorr":-2.220446049250313e-16},"Iteration":71},
{"Acceptance":[0.0004243281471004243],"Energy":{"Mean":-736.016129032258,"Sigma":0.016129032258065775,"Taucorr":6.039613253960852e-14},"EnergyVariance":{"Mean":0.031997918834547355,"Sigma":0.03173777315296614,"Taucorr":2.220446049250313e-16},"Iteration":72},
{"Acceptance":[0.0002828854314002829],"Energy":{"Mean":-735.8790322580646,"Sigma":0.07039726723482112,"Taucorr":-0.02273143904676861},"EnergyVariance":{"Mean":0.638592611862643,"Sigma":0.3899389086654272,"Taucorr":-0.01833237696907325},"Iteration":73},
{"Acceptance":[0.0002828854314002829],"Energy":{"Mean":-735.9354838709677,"Sigma":0.06451612903225709,"Taucorr":1.5500000000000074},"EnergyVariance":{"Mean":0.12486992715920912,"Sigma":0.1207075962538951,"Taucorr":1.5500000000000003},"Iteration":74},
{"Acceptance":[0.0005657708628005657],"Energy":{"Mean":-735.9999999999999,"Sigma":0.04637388957601871,"Taucorr":0.18333333333337287},"EnergyVariance":{"Mean":0.19354838709677422,"Sigma":0.14232595361525932,"Taucorr":0.045173041894369104},"Iteration":75},
{"Acceptance":[0.00014144271570014144],"Energy":{"Mean":-736.016129032258,"Sigma":0.016129032258065716,"Taucorr":6.128431095930864e-14},"EnergyVariance":{"Mean":0.031997918834547355,"Sigma":0.03173777315296613,"Taucorr":0.0},"Iteration":76},
{"Acceptance":[0.00014144271570014144],"Energy":{"Mean":-735.9596774193546,"Sigma":0.04032258064516163,"Taucorr":6.8833827526759706e-15},"EnergyVariance":{"Mean":0.1999869927159209,"Sigma":0.19836108220602,"Taucorr":2.220446049250313e-16},"Iteration":77},
{"Acceptance":[0.0],"Energy":{"Mean":-736.0,"Sigma":0.0,"Taucorr":null},"EnergyVariance":{"Mean":0.0,"Sigma":0.0,"Taucorr":null},"Iteration":78},
{"Acceptance":[0.0007072135785007072],"Energy":{"Mean":-735.9516129032259,"Sigma":0.03558148840381411,"Taucorr":-0.010147299509041086},"EnergyVariance":{"Mean":0.15894901144641,"Sigma":0.12860054719873595,"Taucorr":-0.005821639123296529},"Iteration":79},
{"Acceptance":[0.0002828854314002829],"Energy":{"Mean":-736.0,"Sigma":0.0,"Taucorr":null},"EnergyVariance":{"Mean":0.0,"Sigma":0.0,"Taucorr":null},"Iteration":80},
{"Acceptance":[0.0002828854314002829],"Energy":{"Mean":-735.9435483870969,"Sigma":0.05645161290322367,"Taucorr":-2.942091015256665e-14},"EnergyVariance":{"Mean":0.39197450572320514,"Sigma":0.3887877211238479,"Taucorr":-1.1102230246251565e-16},"Iteration":81},
{"Acceptance":[0.00014144271570014144],"Energy":{"Mean":-736.0,"Sigma":0.0,"Taucorr":null},"EnergyVariance":{"Mean":0.0,"Sigma":0.0,"Taucorr":null},"Iteration":82},
{"Acceptance":[0.0004243281471004243],"Energy":{"Mean":-735.983870967742,"Sigma":0.011213254631513733,"Taucorr":-0.012704918032722001},"EnergyVariance":{"Mean":0.01586888657648283,"Sigma":0.010851536740174214,"Taucorr":-0.012704918032786894},"Iteration":83},
{"Acceptance":[0.0005657708628005657],"Energy":{"Mean":-735.983870967742,"Sigma":0.059041952315235686,"Taucorr":0.10462215700659716},"EnergyVariance":{"Mean":0.35457856399583776,"Sigma":0.18767609765238397,"Taucorr":-0.0005189668974628359},"Iteration":84},
{"Acceptance":[0.0002828854314002829],"Energy":{"Mean":-735.9677419354839,"Sigma":0.03225806451612955,"Taucorr":1.4432899320127035e-14},"EnergyVariance":{"Mean":0.12799167533818942,"Sigma":0.12695109261186452,"Taucorr":-2.220446049250313e-16},"Iteration":85},
{"Acceptance":[0.0002828854314002829],"Energy":{"Mean":-736.016129032258,"Sigma":0.05904195231523658,"Taucorr":0.45051903114188885},"EnergyVariance":{"Mean":0.22554630593132155,"Sigma":0.15861549625085697,"Taucorr":0.13886503471718636},"Iteration":86},
{"Acceptance":[0.0004243281471004243],"Energy":{"Mean":-735.9193548387095,"Sigma":0.04241863934962209,"Taucorr":0.7258645533141257},"EnergyVariance":{"Mean":0.09027055150884494,"Sigma":0.04363546076380432,"Taucorr":0.29429345780311544},"Iteration":87},
{"Acceptance":[0.0004243281471004243],"Energy":{"Mean":-735.9919354838709,"Sigma":0.008064516129034338,"Taucorr":2.2648549702353193e-13},"EnergyVariance":{"Mean":0.007999479708636839,"Sigma":0.007934443288239699,"Taucorr":-2.220446049250313e-16},"Iteration":88},
{"Acceptance":[0.0009900990099009901],"Energy":{"Mean":-735.9758064516129,"Sigma":0.052305500838508205,"Taucorr":0.13362723487628037},"EnergyVariance":{"Mean":0.2655437044745057,"Sigma":0.15566490612275724,"Taucorr":0.023315081307917596},"Iteration":89},
{"Acceptance":[0.0007072135785007072],"Energy":{"Mean":-736.0483870967741,"Sigma":0.035581488403815045,"Taucorr":0.3245179063360777},"EnergyVariance":{"Mean":0.09443288241415193,"Sigma":0.06771960696210397,"Taucorr":0.3245179063360877},"Iteration":90},
{"Acceptance":[0.0002828854314002829],"Energy":{"Mean":-736.0,"Sigma":0.0,"Taucorr":null},"EnergyVariance":{"Mean":0.0,"Sigma":0.0,"Taucorr":null},"Iteration":91},
{"Acceptance":[0.0008486562942008486],"Energy":{"Mean":-735.8870967741937,"Sigma":0.09757731265970417,"Taucorr":0.9401151631477973},"EnergyVariance":{"Mean":0.40660770031217475,"Sigma":0.3654116293501015,"Taucorr":1.003879673890845},"Iteration":92},
{"Acceptance":[0.0008486562942008486],"Energy":{"Mean":-735.983870967742,"Sigma":0.01612903225806443,"Taucorr":-1.2434497875801753e-14},"EnergyVariance":{"Mean":0.03199791883454735,"Sigma":0.03173777315296614,"Taucorr":0.0},"Iteration":93},
{"Acceptance":[0.0005657708628005657],"Energy":{"Mean":-735.9354838709676,"Sigma":0.06451612903225841,"Taucorr":5.10702591327572e-15},"EnergyVariance":{"Mean":0.5119667013527573,"Sigma":0.5078043704474287,"Taucorr":-2.220446049250313e-16},"Iteration":94},
{"Acceptance":[0.0002828854314002829],"Energy":{"Mean":-736.0,"Sigma":0.0,"Taucorr":null},"EnergyVariance":{"Mean":0.0,"Sigma":0.0,"Taucorr":null},"Iteration":95},
{"Acceptance":[0.0002828854314002829],"Energy":{"Mean":-736.016129032258,"Sigma":0.016129032258064495,"Taucorr":-2.9976021664879227e-15},"EnergyVariance":{"Mean":0.03199791883454735,"Sigma":0.03173777315296613,"Taucorr":-2.220446049250313e-16},"Iteration":96},
{"Acceptance":[0.0002828854314002829],"Energy":{"Mean":-736.016129032258,"Sigma":0.016129032258064682,"Taucorr":2.2648549702353193e-14},"EnergyVariance":{"Mean":0.03199791883454735,"Sigma":0.03173777315296613,"Taucorr":-2.220446049250313e-16},"Iteration":97},
{"Acceptance":[0.0004243281471004243],"Energy":{"Mean":-735.9354838709677,"Sigma":0.06451612903225694,"Taucorr":-9.880984919163893e-15},"EnergyVariance":{"Mean":0.5119667013527575,"Sigma":0.5078043704474435,"Taucorr":0.0},"Iteration":98},
{"Acceptance":[0.0009900990099009901],"Energy":{"Mean":-736.0080645161291,"Sigma":0.018271661793515512,"Taucorr":0.010016155088988343},"EnergyVariance":{"Mean":0.040257544224765886,"Sigma":0.03276488127976621,"Taucorr":-0.006080986408856903},"Iteration":99} 
]}