{"Output": [
{"Acceptance":[0.7827731092436975],"Energy":{"Mean":-157.64516129032262,"Sigma":0.9161612140341838,"Taucorr":0.09886430856521966},"EnergyVariance":{"Mean":86.19667013527578,"Sigma":10.602822713527248,"Taucorr":-0.021180407724071038},"Iteration":0},
{"Acceptance":[0.5445378151260504],"Energy":{"Mean":-165.4677419354839,"Sigma":0.8533411512172223,"Taucorr":0.15294176771565382},"EnergyVariance":{"Mean":68.58766909469303,"Sigma":8.609464775719514,"Taucorr":-0.1342863740171712},"Iteration":1},
{"Acceptance":[0.14243697478991596],"Energy":{"Mean":-181.53225806451616,"Sigma":0.4918341161205577,"Taucorr":0.3608710051333004},"EnergyVariance":{"Mean":17.281217481789803,"Sigma":2.621482378774772,"Taucorr":0.14147860198461093},"Iteration":2},
{"Acceptance":[0.07591036414565826],"Energy":{"Mean":-188.1370967741935,"Sigma":0.3907255983887047,"Taucorr":0.3081206652373697},"EnergyVariance":{"Mean":11.618301248699272,"Sigma":1.9428499826319374,"Taucorr":0.23363924545843906},"Iteration":3},
{"Acceptance":[0.06820728291316526],"Energy":{"Mean":-192.79032258064512,"Sigma":0.2454140604112151,"Taucorr":0.34036327686949963},"EnergyVariance":{"Mean":4.407648283038502,"Sigma":1.1548778129103185,"Taucorr":0.3662960646811746},"Iteration":4},
{"Acceptance":[0.030952380952380953],"Energy":{"Mean":-195.491935483871,"Sigma":0.15314089327997585,"Taucorr":0.4364058607439931},"EnergyVariance":{"Mean":1.540257544224766,"Sigma":0.6145033857410495,"Taucorr":0.2838923549532133},"Iteration":5},
{"Acceptance":[0.028711484593837534],"Energy":{"Mean":-196.21774193548384,"Sigma":0.22769943860104372,"Taucorr":0.4857013611049724},"EnergyVariance":{"Mean":3.2348465140478666,"Sigma":0.8512396887586436,"Taucorr":0.166672261462116},"Iteration":6},
{"Acceptance":[0.010784313725490196],"Energy":{"Mean":-197.72580645161284,"Sigma":0.0830814785895988,"Taucorr":0.12163809523808933},"EnergyVariance":{"Mean":0.6828824141519251,"Sigma":0.2881595406332365,"Taucorr":-0.009817964505156207},"Iteration":7},
{"Acceptance":[0.00784313725490196],"Energy":{"Mean":-197.97580645161293,"Sigma":0.07179986251154774,"Taucorr":0.27195566112431624},"EnergyVariance":{"Mean":0.4107049947970864,"Sigma":0.13139119009660752,"Taucorr":0.2567434182699192},"Iteration":8},
{"Acceptance":[0.008683473389355743],"Energy":{"Mean":-198.1451612903226,"Sigma":0.08422176431576728,"Taucorr":0.27959088795909104},"EnergyVariance":{"Mean":0.559573361082206,"Sigma":0.1755294246924822,"Taucorr":0.06317661068722169},"Iteration":9},
{"Acceptance":[0.019187675070028012],"Energy":{"Mean":-199.16129032258064,"Sigma":0.11450476999547597,"Taucorr":0.10681284259984014},"EnergyVariance":{"Mean":1.3288241415192505,"Sigma":0.22855985644595295,"Taucorr":-0.0009284855354786403},"Iteration":10},
{"Acceptance":[0.007563025210084034],"Energy":{"Mean":-199.9193548387097,"Sigma":0.03912190895102457,"Taucorr":-0.036715749039691326},"EnergyVariance":{"Mean":0.2031737773152966,"Sigma":0.10137193279390382,"Taucorr":-0.03157770233666818},"Iteration":11},
{"Acceptance":[0.00784313725490196],"Energy":{"Mean":-199.9112903225806,"Sigma":0.06407781213205549,"Taucorr":0.05890312365050254},"EnergyVariance":{"Mean":0.4518080124869927,"Sigma":0.38766508041244446,"Taucorr":0.002007433469739861},"Iteration":12},
{"Acceptance":[0.007142857142857143],"Energy":{"Mean":-199.9032258064516,"Sigma":0.0682711026838734,"Taucorr":-0.01201284322408358},"EnergyVariance":{"Mean":0.5874089490114464,"Sigma":0.42453960657970147,"Taucorr":-0.010200892050516941},"Iteration":13},
{"Acceptance":[0.0063025210084033615],"Energy":{"Mean":-199.88709677419357,"Sigma":0.06006124750008243,"Taucorr":0.1806065442937118},"EnergyVariance":{"Mean":0.32596253902185224,"Sigma":0.17988507370589668,"Taucorr":0.15031006214511988},"Iteration":14},
{"Acceptance":[0.008963585434173669],"Energy":{"Mean":-199.79838709677423,"Sigma":0.1697639707296327,"Taucorr":0.9655929013175659},"EnergyVariance":{"Mean":1.2093522372528613,"Sigma":1.116052002430628,"Taucorr":1.0202613786851413},"Iteration":15},
{"Acceptance":[0.014285714285714285],"Energy":{"Mean":-199.96774193548393,"Sigma":0.02242650926302555,"Taucorr":-0.012704918032805101},"EnergyVariance":{"Mean":0.06347554630593133,"Sigma":0.04340614696069814,"Taucorr":-0.012704918032786894},"Iteration":16},
{"Acceptance":[0.013165266106442577],"Energy":{"Mean":-199.9838709677419,"Sigma":0.016129032258064602,"Taucorr":5.10702591327572e-15},"EnergyVariance":{"Mean":0.031997918834547334,"Sigma":0.03173777315296429,"Taucorr":-2.220446049250313e-16},"Iteration":17},
{"Acceptance":[0.015126050420168067],"Energy":{"Mean":-199.8145161290322,"Sigma":0.08673261185431037,"Taucorr":0.11861901034872924},"EnergyVariance":{"Mean":0.7478537981269512,"Sigma":0.3679570126627505,"Taucorr":0.07922624774181652},"Iteration":18},
{"Acceptance":[0.01610644257703081],"Energy":{"Mean":-199.73387096774192,"Sigma":0.12854410348902315,"Taucorr":0.3388414666881405},"EnergyVariance":{"Mean":1.211433402705515,"Sigma":0.6444919552427981,"Taucorr":0.4013979584633963},"Iteration":19},
{"Acceptance":[0.016526610644257703],"Energy":{"Mean":-199.90322580645156,"Sigma":0.058747476901710755,"Taucorr":0.038903566710699944},"EnergyVariance":{"Mean":0.3938605619146723,"Sigma":0.2885094816422812,"Taucorr":-0.004082521289252905},"Iteration":20},
{"Acceptance":[0.013725490196078431],"Energy":{"Mean":-199.98387096774192,"Sigma":0.016129032258064214,"Taucorr":-1.2878587085651816e-14},"EnergyVariance":{"Mean":0.03199791883454733,"Sigma":0.031737773152965214,"Taucorr":-2.220446049250313e-16},"Iteration":21},
{"Acceptance":[0.013725490196078431],"Energy":{"Mean":-199.95967741935482,"Sigma":0.03298903001428518,"Taucorr":-0.005952952472387529},"EnergyVariance":{"Mean":0.13547086368366287,"Sigma":0.12640104960768625,"Taucorr":-0.001474304316416708},"Iteration":22},
{"Acceptance":[0.014285714285714285],"Energy":{"Mean":-199.9758064516129,"Sigma":0.024193548387096607,"Taucorr":-7.327471962526033e-15},"EnergyVariance":{"Mean":0.07199531737773154,"Sigma":0.07140998959417241,"Taucorr":-2.220446049250313e-16},"Iteration":23},
{"Acceptance":[0.01750700280112045],"Energy":{"Mean":-200.0,"Sigma":0.0,"Taucorr":null},"EnergyVariance":{"Mean":0.0,"Sigma":0.0,"Taucorr":null},"Iteration":24},
{"Acceptance":[0.014705882352941176],"Energy":{"Mean":-199.97580645161293,"Sigma":0.017790744201907488,"Taucorr":-0.010147299509016494},"EnergyVariance":{"Mean":0.039737252861602505,"Sigma":0.03215013679968399,"Taucorr":-0.005821639123296529},"Iteration":25},
{"Acceptance":[0.017366946778711485],"Energy":{"Mean":-199.94354838709677,"Sigma":0.0361256718867362,"Taucorr":0.034937147811010094},"EnergyVariance":{"Mean":0.15003902185223722,"Sigma":0.12566771054040657,"Taucorr":-0.0011881908595250956},"Iteration":26},
{"Acceptance":[0.020168067226890758],"Energy":{"Mean":-199.83870967741936,"Sigma":0.1612903225806452,"Taucorr":0.5081967213114769},"EnergyVariance":{"Mean":1.586888657648283,"Sigma":1.5608740894901159,"Taucorr":0.5081967213114749},"Iteration":27},
{"Acceptance":[0.013585434173669468],"Energy":{"Mean":-199.88709677419354,"Sigma":0.11290322580645147,"Taucorr":0.5081967213114738},"EnergyVariance":{"Mean":0.7775754422476587,"Sigma":0.7648283038501538,"Taucorr":0.5081967213114755},"Iteration":28},
{"Acceptance":[0.018907563025210083],"Energy":{"Mean":-199.99193548387095,"Sigma":0.008064516129032511,"Taucorr":1.709743457922741e-14},"EnergyVariance":{"Mean":0.007999479708636834,"Sigma":0.007934443288241073,"Taucorr":-2.220446049250313e-16},"Iteration":29},
{"Acceptance":[0.01680672268907563],"Energy":{"Mean":-199.99193548387095,"Sigma":0.008064516129032431,"Taucorr":1.176836406102666e-14},"EnergyVariance":{"Mean":0.007999479708636834,"Sigma":0.007934443288241074,"Taucorr":0.0},"Iteration":30},
{"Acceptance":[0.020168067226890758],"Energy":{"Mean":-200.0,"Sigma":0.0,"Taucorr":null},"EnergyVariance":{"Mean":0.0,"Sigma":0.0,"Taucorr":null},"Iteration":31},
{"Acceptance":[0.020448179271708684],"Energy":{"Mean":-199.89516129032253,"Sigma":0.051554065925909116,"Taucorr":0.038525819584328436},"EnergyVariance":{"Mean":0.3035249739854319,"Sigma":0.15429391113038787,"Taucorr":-0.01307070340483435},"Iteration":32},
{"Acceptance":[0.01246498599439776],"Energy":{"Mean":-199.96774193548387,"Sigma":0.025245928778223434,"Taucorr":-0.007598039215685026},"EnergyVariance":{"Mean":0.07960457856399585,"Sigma":0.07116884104735104,"Taucorr":-0.0026519242813039523},"Iteration":33},
{"Acceptance":[0.012324929971988795],"Energy":{"Mean":-199.89516129032256,"Sigma":0.07843752526314662,"Taucorr":0.48491620111730993},"EnergyVariance":{"Mean":0.3841701352757542,"Sigma":0.2754277277169917,"Taucorr":0.3596648623625067},"Iteration":34},
{"Acceptance":[0.01134453781512605],"Energy":{"Mean":-200.0,"Sigma":0.0,"Taucorr":null},"EnergyVariance":{"Mean":0.0,"Sigma":0.0,"Taucorr":null},"Iteration":35},
{"Acceptance":[0.011624649859943978],"Energy":{"Mean":-199.93548387096772,"Sigma":0.06451612903225824,"Taucorr":2.220446049250313e-15},"EnergyVariance":{"Mean":0.5119667013527578,"Sigma":0.5078043704474472,"Taucorr":2.220446049250313e-16},"Iteration":36},
{"Acceptance":[0.0067226890756302525],"Energy":{"Mean":-199.95967741935485,"Sigma":0.023465755744941166,"Taucorr":-0.022731439046742075},"EnergyVariance":{"Mean":0.0709547346514048,"Sigma":0.04332654540726836,"Taucorr":-0.01833237696907336},"Iteration":37},
{"Acceptance":[0.009103641456582634],"Energy":{"Mean":-199.9758064516129,"Sigma":0.024193548387096687,"Taucorr":1.0247933884297407},"EnergyVariance":{"Mean":0.02360822060353798,"Sigma":0.02302289281997888,"Taucorr":1.0247933884297522},"Iteration":38},
{"Acceptance":[0.005042016806722689],"Energy":{"Mean":-199.95967741935485,"Sigma":0.04032258064516122,"Taucorr":-1.5543122344752192e-15},"EnergyVariance":{"Mean":0.19998699271592085,"Sigma":0.19836108220603604,"Taucorr":2.220446049250313e-16},"Iteration":39},
{"Acceptance":[0.007703081232492998],"Energy":{"Mean":-200.0,"Sigma":0.0,"Taucorr":null},"EnergyVariance":{"Mean":0.0,"Sigma":0.0,"Taucorr":null},"Iteration":40},
{"Acceptance":[0.008543417366946778],"Energy":{"Mean":-200.0,"Sigma":0.0,"Taucorr":null},"EnergyVariance":{"Mean":0.0,"Sigma":0.0,"Taucorr":null},"Iteration":41},
{"Acceptance":[0.007563025210084034],"Energy":{"Mean":-199.96774193548387,"Sigma":0.03225806451612982,"Taucorr":1.865174681370263e-14},"EnergyVariance":{"Mean":0.12799167533818936,"Sigma":0.1269510926118627,"Taucorr":0.0},"Iteration":42},
{"Acceptance":[0.0070028011204481795],"Energy":{"Mean":-200.0,"Sigma":0.0,"Taucorr":null},"EnergyVariance":{"Mean":0.0,"Sigma":0.0,"Taucorr":null},"Iteration":43},
{"Acceptance":[0.006862745098039216],"Energy":{"Mean":-200.0,"Sigma":0.0,"Taucorr":null},"EnergyVariance":{"Mean":0.0,"Sigma":0.0,"Taucorr":null},"Iteration":44},
{"Acceptance":[0.007142857142857143],"Energy":{"Mean":-199.9838709677419,"Sigma":0.016129032258064578,"Taucorr":-4.440892098500626e-16},"EnergyVariance":{"Mean":0.031997918834547334,"Sigma":0.03173777315296429,"Taucorr":-2.220446049250313e-16},"Iteration":45},
{"Acceptance":[0.008823529411764706],"Energy":{"Mean":-200.0,"Sigma":0.0,"Taucorr":null},"EnergyVariance":{"Mean":0.0,"Sigma":0.0,"Taucorr":null},"Iteration":46},
{"Acceptance":[0.007983193277310924],"Energy":{"Mean":-199.99193548387095,"Sigma":0.008064516129032542,"Taucorr":2.4424906541753444e-14},"EnergyVariance":{"Mean":0.007999479708636837,"Sigma":0.007934443288241074,"Taucorr":-2.220446049250313e-16},"Iteration":47},
{"Acceptance":[0.008543417366946778],"Energy":{"Mean":-199.95967741935485,"Sigma":0.0329890300142847,"Taucorr":0.26855862584017876},"EnergyVariance":{"Mean":0.08708376690946927,"Sigma":0.07814866770939999,"Taucorr":0.10103873578771339},"Iteration":48},
{"Acceptance":[0.007703081232492998],"Energy":{"Mean":-200.0,"Sigma":0.0,"Taucorr":null},"EnergyVariance":{"Mean":0.0,"Sigma":0.0,"Taucorr":null},"Iteration":49},
{"Acceptance":[0.0056022408963585435],"Energy":{"Mean":-200.0,"Sigma":0.0,"Taucorr":null},"EnergyVariance":{"Mean":0.0,"Sigma":0.0,"Taucorr":null},"Iteration":50},
{"Acceptance":[0.007563025210084034],"Energy":{"Mean":-199.92741935483875,"Sigma":0.053372232605723297,"Taucorr":0.26634423897581294},"EnergyVariance":{"Mean":0.2286030176899064,"Sigma":0.16690796705205346,"Taucorr":0.16663850544525427},"Iteration":51},
{"Acceptance":[0.005042016806722689],"Energy":{"Mean":-199.88709677419357,"Sigma":0.11290322580645151,"Taucorr":0.5081967213114766},"EnergyVariance":{"Mean":0.7775754422476587,"Sigma":0.76482830385016,"Taucorr":0.5081967213114755},"Iteration":52},
{"Acceptance":[0.0011204481792717086],"Energy":{"Mean":-199.9677419354839,"Sigma":0.032258064516128934,"Taucorr":-2.55351295663786e-15},"EnergyVariance":{"Mean":0.1279916753381894,"Sigma":0.12695109261186452,"Taucorr":-2.220446049250313e-16},"Iteration":53},
{"Acceptance":[0.0028011204481792717],"Energy":{"Mean":-199.95967741935482,"Sigma":0.028626192498868875,"Taucorr":-0.011720226843105752},"EnergyVariance":{"Mean":0.10321279916753379,"Sigma":0.0761651068343403,"Taucorr":-0.009322252609536064},"Iteration":54},
{"Acceptance":[0.0016806722689075631],"Energy":{"Mean":-199.99193548387095,"Sigma":0.008064516129033366,"Taucorr":1.0103029524088925e-13},"EnergyVariance":{"Mean":0.007999479708636839,"Sigma":0.007934443288241076,"Taucorr":0.0},"Iteration":55},
{"Acceptance":[0.00196078431372549],"Energy":{"Mean":-200.0,"Sigma":0.0,"Taucorr":null},"EnergyVariance":{"Mean":0.0,"Sigma":0.0,"Taucorr":null},"Iteration":56},
{"Acceptance":[0.0028011204481792717],"Energy":{"Mean":-199.95967741935488,"Sigma":0.02862619249886806,"Taucorr":0.21026581118236987},"EnergyVariance":{"Mean":0.07095473465140478,"Sigma":0.04849263671946319,"Taucorr":0.10338002353298881},"Iteration":57},
{"Acceptance":[0.00196078431372549],"Energy":{"Mean":-200.0,"Sigma":0.0,"Taucorr":null},"EnergyVariance":{"Mean":0.0,"Sigma":0.0,"Taucorr":null},"Iteration":58},
{"Acceptance":[0.0016806722689075631],"Energy":{"Mean":-199.96774193548393,"Sigma":0.022426509263026022,"Taucorr":0.15329670329670375},"EnergyVariance":{"Mean":0.04734651404786683,"Sigma":0.0342168221591229,"Taucorr":0.04214454742051965},"Iteration":59},
{"Acceptance":[0.0032212885154061623],"Energy":{"Mean":-199.95161290322577,"Sigma":0.048387096774194,"Taucorr":0.5081967213114842},"EnergyVariance":{"Mean":0.14281997918834555,"Sigma":0.1404786680541063,"Taucorr":0.5081967213114753},"Iteration":60},
{"Acceptance":[0.0015406162464985994],"Energy":{"Mean":-200.0,"Sigma":0.0,"Taucorr":null},"EnergyVariance":{"Mean":0.0,"Sigma":0.0,"Taucorr":null},"Iteration":61},
{"Acceptance":[0.0016806722689075631],"Energy":{"Mean":-199.98387096774192,"Sigma":0.016129032258063888,"Taucorr":-2.864375403532904e-14},"EnergyVariance":{"Mean":0.03199791883454735,"Sigma":0.031737773152965214,"Taucorr":-2.220446049250313e-16},"Iteration":62},
{"Acceptance":[0.0011204481792717086],"Energy":{"Mean":-200.0,"Sigma":0.0,"Taucorr":null},"EnergyVariance":{"Mean":0.0,"Sigma":0.0,"Taucorr":null},"Iteration":63},
{"Acceptance":[0.002240896358543417],"Energy":{"Mean":-199.90322580645162,"Sigma":0.05641319737451367,"Taucorr":-0.022620558375648303},"EnergyVariance":{"Mean":0.4099895941727367,"Sigma":0.26900749086239883,"Taucorr":-0.0144242100692909},"Iteration":64},
{"Acceptance":[0.0030812324929971988],"Energy":{"Mean":-199.95161290322582,"Sigma":0.04085667783217953,"Taucorr":-0.004861982434120338},"EnergyVariance":{"Mean":0.20733610822060355,"Sigma":0.19760206591520216,"Taucorr":-0.00092783730193996},"Iteration":65},
{"Acceptance":[0.00196078431372549],"Energy":{"Mean":-199.95161290322582,"Sigma":0.029373738450854864,"Taucorr":0.6524011299434755},"EnergyVariance":{"Mean":0.04604578563995838,"Sigma":0.026531118600773486,"Taucorr":0.6524011299435029},"Iteration":66},
{"Acceptance":[0.002240896358543417],"Energy":{"Mean":-200.0,"Sigma":0.0,"Taucorr":null},"EnergyVariance":{"Mean":0.0,"Sigma":0.0,"Taucorr":null},"Iteration":67},
{"Acceptance":[0.0025210084033613447],"Energy":{"Mean":-199.96774193548387,"Sigma":0.032258064516129975,"Taucorr":2.2648549702353193e-14},"EnergyVariance":{"Mean":0.1279916753381894,"Sigma":0.12695109261186271,"Taucorr":2.220446049250313e-16},"Iteration":68},
{"Acceptance":[0.0011204481792717086],"Energy":{"Mean":-200.0,"Sigma":0.0,"Taucorr":null},"EnergyVariance":{"Mean":0.0,"Sigma":0.0,"Taucorr":null},"Iteration":69},
{"Acceptance":[0.002240896358543417],"Energy":{"Mean":-200.0,"Sigma":0.0,"Taucorr":null},"EnergyVariance":{"Mean":0.0,"Sigma":0.0,"Taucorr":null},"Iteration":70},
{"Acceptance":[0.0016806722689075631],"Energy":{"Mean":-200.0,"Sigma":0.0,"Taucorr":null},"EnergyVariance":{"Mean":0.0,"Sigma":0.0,"Taucorr":null},"Iteration":71},
{"Acceptance":[0.0016806722689075631],"Energy":{"Mean":-200.0,"Sigma":0.0,"Taucorr":null},"EnergyVariance":{"Mean":0.0,"Sigma":0.0,"Taucorr":null},"Iteration":72},
{"Acceptance":[0.00392156862745098],"Energy":{"Mean":-200.0,"Sigma":0.0,"Taucorr":null},"EnergyVariance":{"Mean":0.0,"Sigma":0.0,"Taucorr":null},"Iteration":73},
{"Acceptance":[0.0028011204481792717],"Energy":{"Mean":-200.0,"Sigma":0.0,"Taucorr":null},"EnergyVariance":{"Mean":0.0,"Sigma":0.0,"Taucorr":null},"Iteration":74},
{"Acceptance":[0.0014005602240896359],"Energy":{"Mean":-200.0,"Sigma":0.0,"Taucorr":null},"EnergyVariance":{"Mean":0.0,"Sigma":0.0,"Taucorr":null},"Iteration":75},
{"Acceptance":[0.0028011204481792717],"Energy":{"Mean":-199.91935483870967,"Sigma":0.04693151148988157,"Taucorr":0.37512605042015157},"EnergyVariance":{"Mean":0.15478668054110303,"Sigma":0.08629342435236281,"Taucorr":0.375126050420168},"Iteration":76},
{"Acceptance":[0.0025210084033613447],"Energy":{"Mean":-200.0,"Sigma":0.0,"Taucorr":null},"EnergyVariance":{"Mean":0.0,"Sigma":0.0,"Taucorr":null},"Iteration":77},
{"Acceptance":[0.0016806722689075631],"Energy":{"Mean":-200.0,"Sigma":0.0,"Taucorr":null},"EnergyVariance":{"Mean":0.0,"Sigma":0.0,"Taucorr":null},"Iteration":78},
{"Acceptance":[0.00196078431372549],"Energy":{"Mean":-200.0,"Sigma":0.0,"Taucorr":null},"EnergyVariance":{"Mean":0.0,"Sigma":0.0,"Taucorr":null},"Iteration":79},
{"Acceptance":[0.0025210084033613447],"Energy":{"Mean":-199.98387096774192,"Sigma":0.016129032258064287,"Taucorr":-1.4210854715202004e-14},"EnergyVariance":{"Mean":0.03199791883454734,"Sigma":0.031737773152965214,"Taucorr":-2.220446049250313e-16},"Iteration":80},
{"Acceptance":[0.0011204481792717086],"Energy":{"Mean":-200.0,"Sigma":0.0,"Taucorr":null},"EnergyVariance":{"Mean":0.0,"Sigma":0.0,"Taucorr":null},"Iteration":81},
{"Acceptance":[0.0016806722689075631],"Energy":{"Mean":-200.0,"Sigma":0.0,"Taucorr":null},"EnergyVariance":{"Mean":0.0,"Sigma":0.0,"Taucorr":null},"Iteration":82},
{"Acceptance":[0.0011204481792717086],"Energy":{"Mean":-200.0,"Sigma":0.0,"Taucorr":null},"EnergyVariance":{"Mean":0.0,"Sigma":0.0,"Taucorr":null},"Iteration":83},
{"Acceptance":[0.002240896358543417],"Energy":{"Mean":-200.0,"Sigma":0.0,"Taucorr":null},"EnergyVariance":{"Mean":0.0,"Sigma":0.0,"Taucorr":null},"Iteration":84},
{"Acceptance":[0.0028011204481792717],"Energy":{"Mean":-199.97580645161287,"Sigma":0.017790744201907058,"Taucorr":-0.010147299509034702},"EnergyVariance":{"Mean":0.039737252861602505,"Sigma":0.032150136799682025,"Taucorr":-0.005821639123295974},"Iteration":85},
{"Acceptance":[0.0028011204481792717],"Energy":{"Mean":-200.0,"Sigma":0.0,"Taucorr":null},"EnergyVariance":{"Mean":0.0,"Sigma":0.0,"Taucorr":null},"Iteration":86},
{"Acceptance":[0.0014005602240896359],"Energy":{"Mean":-199.9758064516129,"Sigma":0.024193548387096607,"Taucorr":-7.327471962526033e-15},"EnergyVariance":{"Mean":0.07199531737773156,"Sigma":0.07140998959417243,"Taucorr":-2.220446049250313e-16},"Iteration":87},
{"Acceptance":[0.0030812324929971988],"Energy":{"Mean":-200.0,"Sigma":0.0,"Taucorr":null},"EnergyVariance":{"Mean":0.0,"Sigma":0.0,"Taucorr":null},"Iteration":88},
{"Acceptance":[0.0025210084033613447],"Energy":{"Mean":-199.95161290322577,"Sigma":0.03363976389453983,"Taucorr":-0.012704918032768908},"EnergyVariance":{"Mean":0.14281997918834552,"Sigma":0.09766383066156219,"Taucorr":-0.012704918032787116},"Iteration":89},
{"Acceptance":[0.002240896358543417],"Energy":{"Mean":-200.0,"Sigma":0.0,"Taucorr":null},"EnergyVariance":{"Mean":0.0,"Sigma":0.0,"Taucorr":null},"Iteration":90},
{"Acceptance":[0.0011204481792717086],"Energy":{"Mean":-199.92741935483875,"Sigma":0.04519008298748938,"Taucorr":0.26539833531508716},"EnergyVariance":{"Mean":0.16408688865764828,"Sigma":0.1263817200030297,"Taucorr":0.011179114116920519},"Iteration":91},
{"Acceptance":[0.0008403361344537816],"Energy":{"Mean":-200.0,"Sigma":0.0,"Taucorr":null},"EnergyVariance":{"Mean":0.0,"Sigma":0.0,"Taucorr":null},"Iteration":92},
{"Acceptance":[0.0014005602240896359],"Energy":{"Mean":-200.0,"Sigma":0.0,"Taucorr":null},"EnergyVariance":{"Mean":0.0,"Sigma":0.0,"Taucorr":null},"Iteration":93},
{"Acceptance":[0.0033613445378151263],"Energy":{"Mean":-199.8629032258065,"Sigma":0.08506694839554695,"Taucorr":0.1675348746463825},"EnergyVariance":{"Mean":0.6666883454734653,"Sigma":0.4421296400953002,"Taucorr":0.06883331003557314},"Iteration":94},
{"Acceptance":[0.0011204481792717086],"Energy":{"Mean":-200.0,"Sigma":0.0,"Taucorr":null},"EnergyVariance":{"Mean":0.0,"Sigma":0.0,"Taucorr":null},"Iteration":95},
{"Acceptance":[0.002240896358543417],"Energy":{"Mean":-200.0,"Sigma":0.0,"Taucorr":null},"EnergyVariance":{"Mean":0.0,"Sigma":0.0,"Taucorr":null},"Iteration":96},
{"Acceptance":[0.002240896358543417],"Energy":{"Mean":-200.0,"Sigma":0.0,"Taucorr":null},"EnergyVariance":{"Mean":0.0,"Sigma":0.0,"Taucorr":null},"Iteration":97},
{"Acceptance":[0.0014005602240896359],"Energy":{"Mean":-200.0,"Sigma":0.0,"Taucorr":null},"EnergyVariance":{"Mean":0.0,"Sigma":0.0,"Taucorr":null},"Iteration":98},
{"Acceptance":[0.00196078431372549],"Energy":{"Mean":-200.0,"Sigma":0.0,"Taucorr":null},"EnergyVariance":{"Mean":0.0,"Sigma":0.0,"Taucorr":null},"Iteration":99} 
]}