{"Output": [
{"Acceptance":[0.6602706827108298],"Energy":{"Mean":-325.2318548387098,"Sigma":0.42881592125816415,"Taucorr":0.21977221372704725},"EnergyVariance":{"Mean":126.587372366025,"Sigma":5.780027542831445,"Taucorr":0.061727927696986096},"Iteration":0},
{"Acceptance":[0.5671953568658845],"Energy":{"Mean":-333.86995967741944,"Sigma":0.496968922393378,"Taucorr":0.3652035299511245},"EnergyVariance":{"Mean":141.44377499837407,"Sigma":6.6831988628644705,"Taucorr":0.05792981161924127},"Iteration":1},
{"Acceptance":[0.47635904235358867],"Energy":{"Mean":-343.2409274193548,"Sigma":0.6179766563075566,"Taucorr":0.9784984193427155},"EnergyVariance":{"Mean":127.98731688182883,"Sigma":5.589284817213883,"Taucorr":0.040334777487904594},"Iteration":2},
{"Acceptance":[0.388124484026718],"Energy":{"Mean":-353.2641129032257,"Sigma":0.5522700258296945,"Taucorr":0.7588887385349783},"EnergyVariance":{"Mean":120.04919598725286,"Sigma":7.785124222642485,"Taucorr":0.45933335063859915},"Iteration":3},
{"Acceptance":[0.32296800340229653],"Energy":{"Mean":-361.3588709677419,"Sigma":0.5550391386314673,"Taucorr":1.0056812877267194},"EnergyVariance":{"Mean":101.38129227367324,"Sigma":5.559336746712996,"Taucorr":0.28065410926610834},"Iteration":4},
{"Acceptance":[0.2762990018262327],"Energy":{"Mean":-366.0423387096773,"Sigma":0.5895820540525291,"Taucorr":1.730850748796215},"EnergyVariance":{"Mean":77.20788485301769,"Sigma":3.993484846640069,"Taucorr":0.22686781468476513},"Iteration":5},
{"Acceptance":[0.23668476221449478],"Energy":{"Mean":-370.39415322580646,"Sigma":0.4296547883915956,"Taucorr":1.2518937417672016},"EnergyVariance":{"Mean":52.21258678297347,"Sigma":3.067575851354381,"Taucorr":0.3370421952441548},"Iteration":6},
{"Acceptance":[0.20437545343106597],"Energy":{"Mean":-374.12802419354836,"Sigma":0.4482861883146926,"Taucorr":1.5180980738878},"EnergyVariance":{"Mean":49.341472709092095,"Sigma":2.454299989888594,"Taucorr":0.037149933285668846},"Iteration":7},
{"Acceptance":[0.17962124433992946],"Energy":{"Mean":-380.2268145161291,"Sigma":0.31057866256525724,"Taucorr":0.9899494851084121},"EnergyVariance":{"Mean":32.0785954978538,"Sigma":1.5848022773885155,"Taucorr":0.06868048381331049},"Iteration":8},
{"Acceptance":[0.15714357191103995],"Energy":{"Mean":-381.75302419354836,"Sigma":0.3840156026937055,"Taucorr":2.0828304790743126},"EnergyVariance":{"Mean":28.290817467156614,"Sigma":2.0661538092909595,"Taucorr":0.7000037567444266},"Iteration":9},
{"Acceptance":[0.13660470817802017],"Energy":{"Mean":-383.81048387096774,"Sigma":0.2887694605310848,"Taucorr":1.1370117037570373},"EnergyVariance":{"Mean":25.240293314255982,"Sigma":1.7467711609885404,"Taucorr":0.2015769723572054},"Iteration":10},
{"Acceptance":[0.12353338503489855],"Energy":{"Mean":-385.53024193548384,"Sigma":0.23420573579214626,"Taucorr":1.0102085468159157},"EnergyVariance":{"Mean":17.997069296305934,"Sigma":1.0792720986723463,"Taucorr":0.20497013541266218},"Iteration":11},
{"Acceptance":[0.10741000175118205],"Energy":{"Mean":-386.7933467741935,"Sigma":0.20158601971302292,"Taucorr":0.8718158074272913},"EnergyVariance":{"Mean":14.678060573296046,"Sigma":1.3680053149722722,"Taucorr":0.8824672963457318},"Iteration":12},
{"Acceptance":[0.09642758862232007],"Energy":{"Mean":-387.9788306451613,"Sigma":0.188234376676479,"Taucorr":1.0247194370104613},"EnergyVariance":{"Mean":11.514672826157648,"Sigma":1.018232379578014,"Taucorr":0.8518046711862475},"Iteration":13},
{"Acceptance":[0.08680859580216646],"Energy":{"Mean":-388.6663306451613,"Sigma":0.10227161047961092,"Taucorr":0.006196429030453698},"EnergyVariance":{"Mean":10.238463148738294,"Sigma":0.5996227641796358,"Taucorr":0.008600729229169324},"Iteration":14},
{"Acceptance":[0.0801666124634128],"Energy":{"Mean":-389.3377016129031,"Sigma":0.1390040188651615,"Taucorr":0.6293297370085724},"EnergyVariance":{"Mean":8.477691491610297,"Sigma":0.6507750688841606,"Taucorr":0.3069264229358093},"Iteration":15},
{"Acceptance":[0.07232381857753983],"Energy":{"Mean":-389.90322580645164,"Sigma":0.11049355875429144,"Taucorr":0.4055893569360931},"EnergyVariance":{"Mean":6.680150884495317,"Sigma":0.4387265518297101,"Taucorr":0.09250233890037407},"Iteration":16},
{"Acceptance":[0.06436844870287443],"Energy":{"Mean":-390.32459677419354,"Sigma":0.07879987299180118,"Taucorr":0.0349512306245775},"EnergyVariance":{"Mean":5.751491772892821,"Sigma":0.5089557631251238,"Taucorr":0.15373157876226895},"Iteration":17},
{"Acceptance":[0.05753883871613339],"Energy":{"Mean":-390.84576612903226,"Sigma":0.09135534274054627,"Taucorr":0.45459076810050236},"EnergyVariance":{"Mean":4.332058687239855,"Sigma":0.4449892956411675,"Taucorr":0.5564819823998381},"Iteration":18},
{"Acceptance":[0.05339854401721162],"Energy":{"Mean":-391.2217741935484,"Sigma":0.06932425791788666,"Taucorr":0.2515405820193072},"EnergyVariance":{"Mean":3.1685581425598333,"Sigma":0.2944307922909098,"Taucorr":0.07309803700142325},"Iteration":19},
{"Acceptance":[0.04894553823831086],"Energy":{"Mean":-391.28629032258056,"Sigma":0.0745886002496395,"Taucorr":0.3527913512561477},"EnergyVariance":{"Mean":3.2325539802289294,"Sigma":0.38084087804156147,"Taucorr":0.4069985883053957},"Iteration":20},
{"Acceptance":[0.0462186976208941],"Energy":{"Mean":-391.51008064516134,"Sigma":0.061507357487925865,"Taucorr":0.17671947093504559},"EnergyVariance":{"Mean":2.7700596709157126,"Sigma":0.3858298056990621,"Taucorr":0.2511325252832809},"Iteration":21},
{"Acceptance":[0.04366697520826558],"Energy":{"Mean":-391.62701612903226,"Sigma":0.06577340943860385,"Taucorr":0.3306474934594368},"EnergyVariance":{"Mean":2.580641096514049,"Sigma":0.2614445893991162,"Taucorr":0.2089045270982972},"Iteration":22},
{"Acceptance":[0.03911390188377155],"Energy":{"Mean":-391.90625000000006,"Sigma":0.06067565919114311,"Taucorr":0.6794495250898402},"EnergyVariance":{"Mean":1.5466544858870965,"Sigma":0.18309015930442457,"Taucorr":0.6295465446674744},"Iteration":23},
{"Acceptance":[0.03571160533360018],"Energy":{"Mean":-392.03629032258067,"Sigma":0.05117685850402133,"Taucorr":0.3521699248013278},"EnergyVariance":{"Mean":1.522876560874089,"Sigma":0.17403845220757835,"Taucorr":0.4128671472161499},"Iteration":24},
{"Acceptance":[0.03463587921847247],"Energy":{"Mean":-392.0534274193549,"Sigma":0.046513921770668674,"Taucorr":0.0842647560257721},"EnergyVariance":{"Mean":1.8348471237643083,"Sigma":0.38778024925219884,"Taucorr":0.6268191829706224},"Iteration":25},
{"Acceptance":[0.03240937632902209],"Energy":{"Mean":-392.0927419354838,"Sigma":0.06145777298873782,"Taucorr":0.600204683323265},"EnergyVariance":{"Mean":1.7010763527575445,"Sigma":0.3109270442030903,"Taucorr":1.0159349116140883},"Iteration":26},
{"Acceptance":[0.03060816050834313],"Energy":{"Mean":-392.2026209677419,"Sigma":0.03931193126324572,"Taucorr":0.008363179585485492},"EnergyVariance":{"Mean":1.5063237756893864,"Sigma":0.21368409278215428,"Taucorr":-0.018550893432460358},"Iteration":27},
{"Acceptance":[0.028394166062091913],"Energy":{"Mean":-392.351814516129,"Sigma":0.040679702158538354,"Taucorr":0.1383627776815778},"EnergyVariance":{"Mean":1.284492675273153,"Sigma":0.20439050451290805,"Taucorr":-0.005977792304127427},"Iteration":28},
{"Acceptance":[0.026768068446201186],"Energy":{"Mean":-392.33165322580635,"Sigma":0.0554997271588506,"Taucorr":1.0546365178027506},"EnergyVariance":{"Mean":0.9817400087799166,"Sigma":0.15321677739455242,"Taucorr":0.5875742746115176},"Iteration":29},
{"Acceptance":[0.024766717534335677],"Energy":{"Mean":-392.41733870967744,"Sigma":0.04549487970183558,"Taucorr":0.6441165934331063},"EnergyVariance":{"Mean":0.896392917533819,"Sigma":0.1235673198476682,"Taucorr":0.16314110533881587},"Iteration":30},
{"Acceptance":[0.022390113326495386],"Energy":{"Mean":-392.39112903225816,"Sigma":0.050822183517586356,"Taucorr":0.4947843867030717},"EnergyVariance":{"Mean":1.2865342091571281,"Sigma":0.25146746551755056,"Taucorr":0.48177478246752825},"Iteration":31},
{"Acceptance":[0.02315312836164411],"Energy":{"Mean":-392.45766129032256,"Sigma":0.043681503289397294,"Taucorr":0.6662043466850927},"EnergyVariance":{"Mean":0.8107074336628511,"Sigma":0.1404636292588068,"Taucorr":0.4013464875548891},"Iteration":32},
{"Acceptance":[0.019212968753908887],"Energy":{"Mean":-392.58971774193543,"Sigma":0.034255410729383526,"Taucorr":0.3582911690836029},"EnergyVariance":{"Mean":0.6774345977497396,"Sigma":0.15731968252115183,"Taucorr":0.4203148707611044},"Iteration":33},
{"Acceptance":[0.020626422835413903],"Energy":{"Mean":-392.60080645161287,"Sigma":0.02698401236554171,"Taucorr":-0.0028533288525622313},"EnergyVariance":{"Mean":0.7257251560874088,"Sigma":0.12153767065774296,"Taucorr":-0.08948165985972978},"Iteration":34},
{"Acceptance":[0.017912090661196308],"Energy":{"Mean":-392.63508064516117,"Sigma":0.03721292155318767,"Taucorr":0.7244662575648282},"EnergyVariance":{"Mean":0.5603822515608741,"Sigma":0.10312444343893562,"Taucorr":0.5140214681129063},"Iteration":35},
{"Acceptance":[0.016598704125284566],"Energy":{"Mean":-392.69959677419354,"Sigma":0.026472012197046806,"Taucorr":0.26804437930996317},"EnergyVariance":{"Mean":0.4520966116024973,"Sigma":0.07670803578127114,"Taucorr":0.10835893317591838},"Iteration":36},
{"Acceptance":[0.0176369049108148],"Energy":{"Mean":-392.6512096774194,"Sigma":0.029632067454187106,"Taucorr":0.23486154497504363},"EnergyVariance":{"Mean":0.5920549882934445,"Sigma":0.0991690783545857,"Taucorr":0.15130704162869069},"Iteration":37},
{"Acceptance":[0.016911415205263552],"Energy":{"Mean":-392.66733870967744,"Sigma":0.03808207489812919,"Taucorr":0.4231122059133595},"EnergyVariance":{"Mean":0.7784493691467222,"Sigma":0.30756819733663837,"Taucorr":0.4514872961906803},"Iteration":38},
{"Acceptance":[0.015447927350961899],"Energy":{"Mean":-392.74697580645153,"Sigma":0.027433434478083545,"Taucorr":0.6159482299849315},"EnergyVariance":{"Mean":0.33416424135015604,"Sigma":0.05899242169749664,"Taucorr":0.4226371817388931},"Iteration":39},
{"Acceptance":[0.014071998599054362],"Energy":{"Mean":-392.7177419354839,"Sigma":0.04324506697560544,"Taucorr":0.9121115687974841},"EnergyVariance":{"Mean":0.6562174817898022,"Sigma":0.1982418467387397,"Taucorr":0.8313037027873154},"Iteration":40},
{"Acceptance":[0.012858679608735896],"Energy":{"Mean":-392.7076612903226,"Sigma":0.055364679975247445,"Taucorr":1.4435465917660615},"EnergyVariance":{"Mean":0.7814735626951091,"Sigma":0.266306121423034,"Taucorr":1.6857169589804304},"Iteration":41},
{"Acceptance":[0.012633527631151028],"Energy":{"Mean":-392.7610887096774,"Sigma":0.03951647190985591,"Taucorr":0.8179735015349447},"EnergyVariance":{"Mean":0.5870746211628513,"Sigma":0.20838863593438547,"Taucorr":0.6904368086836807},"Iteration":42},
{"Acceptance":[0.012658544517549346],"Energy":{"Mean":-392.766129032258,"Sigma":0.038936179292862735,"Taucorr":0.6363942796472428},"EnergyVariance":{"Mean":0.6610301768990635,"Sigma":0.24021670023008979,"Taucorr":0.4265391086995107},"Iteration":43},
{"Acceptance":[0.012008105471193055],"Energy":{"Mean":-392.7580645161291,"Sigma":0.04445400693102182,"Taucorr":0.9370501057872438},"EnergyVariance":{"Mean":0.6813865764828305,"Sigma":0.20767014972489228,"Taucorr":0.7765188960302913},"Iteration":44},
{"Acceptance":[0.01189552948240062],"Energy":{"Mean":-392.81653225806457,"Sigma":0.023490282656717973,"Taucorr":0.25213432702320815},"EnergyVariance":{"Mean":0.36351700702393347,"Sigma":0.08879130298556222,"Taucorr":0.11165167717654412},"Iteration":45},
{"Acceptance":[0.010744752708077952],"Energy":{"Mean":-392.85685483870975,"Sigma":0.02990289340792837,"Taucorr":0.6699608409273796},"EnergyVariance":{"Mean":0.37870301118626437,"Sigma":0.19294159015152046,"Taucorr":0.8714537895179635},"Iteration":46},
{"Acceptance":[0.011407700197633402],"Energy":{"Mean":-392.81653225806457,"Sigma":0.0323639475299694,"Taucorr":0.6791953348911404},"EnergyVariance":{"Mean":0.4401299102497399,"Sigma":0.161807618420624,"Taucorr":0.7909479934308377},"Iteration":47},
{"Acceptance":[0.010869837140069546],"Energy":{"Mean":-392.8497983870967,"Sigma":0.02665944732423637,"Taucorr":0.3266232387731264},"EnergyVariance":{"Mean":0.42602818515868884,"Sigma":0.17229719911117386,"Taucorr":0.07338437357627325},"Iteration":48},
{"Acceptance":[0.010244414980111576],"Energy":{"Mean":-392.87096774193554,"Sigma":0.01612062953165001,"Taucorr":0.3322553243659778},"EnergyVariance":{"Mean":0.15472164412070757,"Sigma":0.029427831589070346,"Taucorr":0.05624894472975073},"Iteration":49} 
]}