{"Output": [
{"Acceptance":[0.34410927717700623],"Energy":{"Mean":-4045.8790322580653,"Sigma":3.2600520925595227,"Taucorr":0.025044993065506005},"EnergyVariance":{"Mean":1244.8805280957338,"Sigma":245.43150584499588,"Taucorr":0.01270686801242793},"Iteration":0},
{"Acceptance":[0.12310756972111554],"Energy":{"Mean":-4092.241935483871,"Sigma":1.7673671213974558,"Taucorr":-0.1329481225510108},"EnergyVariance":{"Mean":523.3608220603537,"Sigma":57.26232198740626,"Taucorr":-0.10433535032108793},"Iteration":1},
{"Acceptance":[0.06323278315310188],"Energy":{"Mean":-4143.354838709678,"Sigma":1.6371351762009207,"Taucorr":0.3331555126600374},"EnergyVariance":{"Mean":197.8418314255983,"Sigma":25.889441195762082,"Taucorr":0.029314692846319046},"Iteration":2},
{"Acceptance":[0.046215139442231074],"Energy":{"Mean":-4171.1612903225805,"Sigma":1.3931258070952457,"Taucorr":0.47623887196161296},"EnergyVariance":{"Mean":122.26430801248704,"Sigma":20.15899357309356,"Taucorr":0.34009205914645046},"Iteration":3},
{"Acceptance":[0.028827546955036996],"Energy":{"Mean":-4187.008064516129,"Sigma":1.1356564507168805,"Taucorr":0.40307393725061624},"EnergyVariance":{"Mean":87.83058012486991,"Sigma":16.482163356650158,"Taucorr":0.2759628713767991},"Iteration":4},
{"Acceptance":[0.023762094479225955],"Energy":{"Mean":-4202.612903225806,"Sigma":0.7572089658524777,"Taucorr":0.33326381631522584},"EnergyVariance":{"Mean":42.31789802289283,"Sigma":9.708616468984365,"Taucorr":0.26709865441282954},"Iteration":5},
{"Acceptance":[0.014314171883893],"Energy":{"Mean":-4206.016129032258,"Sigma":0.5664138608920203,"Taucorr":-0.023075193832579555},"EnergyVariance":{"Mean":41.37070759625391,"Sigma":7.814025075747251,"Taucorr":0.03179239424433111},"Iteration":6},
{"Acceptance":[0.009134889015367104],"Energy":{"Mean":-4210.5887096774195,"Sigma":0.42416083932929466,"Taucorr":0.22592303392599822},"EnergyVariance":{"Mean":15.242130593132154,"Sigma":2.11259043501868,"Taucorr":0.0527055295017943},"Iteration":7},
{"Acceptance":[0.004695503699487763],"Energy":{"Mean":-4213.491935483872,"Sigma":0.256497257045743,"Taucorr":0.6274832816830385},"EnergyVariance":{"Mean":3.5886446409989605,"Sigma":1.1152861835432442,"Taucorr":0.7593925760786384},"Iteration":8},
{"Acceptance":[0.0028457598178713715],"Energy":{"Mean":-4213.887096774194,"Sigma":0.13210389650866636,"Taucorr":0.2809246640167029},"EnergyVariance":{"Mean":1.3743496357960459,"Sigma":0.3835408519096853,"Taucorr":0.17603673184417779},"Iteration":9},
{"Acceptance":[0.0032441661923733635],"Energy":{"Mean":-4214.645161290324,"Sigma":0.17381480130975477,"Taucorr":0.3158784555631097},"EnergyVariance":{"Mean":2.2773152965660772,"Sigma":0.38119759014425486,"Taucorr":-0.04105153472930351},"Iteration":10},
{"Acceptance":[0.004040978941377347],"Energy":{"Mean":-4214.516129032258,"Sigma":0.35751071189887956,"Taucorr":0.503852990033236},"EnergyVariance":{"Mean":7.830385015608741,"Sigma":3.6597394520414923,"Taucorr":0.6641462587852702},"Iteration":11},
{"Acceptance":[0.0024473534433693796],"Energy":{"Mean":-4216.282258064515,"Sigma":0.1806283594336379,"Taucorr":0.31013838195497556},"EnergyVariance":{"Mean":2.4767819979188346,"Sigma":0.39069708918632967,"Taucorr":0.2552619373067929},"Iteration":12},
{"Acceptance":[0.0017359134889015366],"Energy":{"Mean":-4216.991935483872,"Sigma":0.14958898481304284,"Taucorr":0.3662586482174105},"EnergyVariance":{"Mean":1.5886446409989594,"Sigma":0.36612086125612286,"Taucorr":0.0934151727694229},"Iteration":13},
{"Acceptance":[0.001309049516220831],"Energy":{"Mean":-4217.290322580645,"Sigma":0.17471050332551277,"Taucorr":0.6903662157704165},"EnergyVariance":{"Mean":1.5770031217481795,"Sigma":0.5571936461669046,"Taucorr":0.61047784305132},"Iteration":14},
{"Acceptance":[0.001309049516220831],"Energy":{"Mean":-4217.427419354838,"Sigma":0.17855210241783528,"Taucorr":0.4789673648318328},"EnergyVariance":{"Mean":2.0027965660770035,"Sigma":0.5321185357951016,"Taucorr":0.4111896935003546},"Iteration":15},
{"Acceptance":[0.00221969265793967],"Energy":{"Mean":-4217.967741935482,"Sigma":0.2223233669691871,"Taucorr":0.39774124154880297},"EnergyVariance":{"Mean":3.3860561914672216,"Sigma":0.7258477815870081,"Taucorr":0.21165733406788734},"Iteration":16},
{"Acceptance":[0.0038417757541263516],"Energy":{"Mean":-4219.354838709677,"Sigma":0.20339001728904904,"Taucorr":0.07317577071848025},"EnergyVariance":{"Mean":4.438605619146721,"Sigma":0.3597657393786454,"Taucorr":-0.06174769939312175},"Iteration":17},
{"Acceptance":[0.002902675014228799],"Energy":{"Mean":-4220.024193548386,"Sigma":0.203581784149073,"Taucorr":0.1210388704897738},"EnergyVariance":{"Mean":4.1042533818938605,"Sigma":0.4941812290091253,"Taucorr":0.34885794699927186},"Iteration":18},
{"Acceptance":[0.00039840637450199205],"Energy":{"Mean":-4221.169354838711,"Sigma":0.11022161008567018,"Taucorr":0.9156746765254553},"EnergyVariance":{"Mean":0.5277705515088451,"Sigma":0.28841779306281085,"Taucorr":0.9481257573382849},"Iteration":19},
{"Acceptance":[0.0008537279453614115],"Energy":{"Mean":-4221.145161290323,"Sigma":0.05770498006451998,"Taucorr":0.3090441932169601},"EnergyVariance":{"Mean":0.2531217481789802,"Sigma":0.13446896477239004,"Taucorr":0.40185767451829457},"Iteration":20},
{"Acceptance":[0.0007114399544678429],"Energy":{"Mean":-4221.137096774195,"Sigma":0.044659268080257074,"Taucorr":0.030520393812432878},"EnergyVariance":{"Mean":0.23120447450572318,"Sigma":0.0952975097323532,"Taucorr":-0.021711881270722433},"Iteration":21},
{"Acceptance":[0.001906659077973819],"Energy":{"Mean":-4221.322580645162,"Sigma":0.12815562426411667,"Taucorr":0.455388779527645},"EnergyVariance":{"Mean":1.0572320499479708,"Sigma":0.4148894807221848,"Taucorr":0.13545975695076518},"Iteration":22},
{"Acceptance":[0.0022766078542970974],"Energy":{"Mean":-4221.475806451612,"Sigma":0.134381717741408,"Taucorr":0.5681491211610903},"EnergyVariance":{"Mean":1.0397372528616025,"Sigma":0.5374017401147096,"Taucorr":0.6382738612843106},"Iteration":23},
{"Acceptance":[0.004410927717700626],"Energy":{"Mean":-4221.8387096774195,"Sigma":0.1464400071191143,"Taucorr":0.3755872193435629},"EnergyVariance":{"Mean":1.5062434963579605,"Sigma":0.32548743209717046,"Taucorr":0.38673648868879096},"Iteration":24},
{"Acceptance":[0.0051792828685258965],"Energy":{"Mean":-4222.6532258064535,"Sigma":0.17570037245561937,"Taucorr":0.16863647816053584},"EnergyVariance":{"Mean":2.8394250780437047,"Sigma":0.5305657920887332,"Taucorr":0.034626336027292814},"Iteration":25},
{"Acceptance":[0.004837791690381332],"Energy":{"Mean":-4223.58064516129,"Sigma":0.22312151830788235,"Taucorr":0.38662422781378614},"EnergyVariance":{"Mean":3.453173777315296,"Sigma":0.41243586387683157,"Taucorr":0.3537292148984206},"Iteration":26},
{"Acceptance":[0.00796812749003984],"Energy":{"Mean":-4224.790322580645,"Sigma":0.18076033194995803,"Taucorr":0.13801106797719054},"EnergyVariance":{"Mean":3.1495837669094695,"Sigma":0.17068025802109027,"Taucorr":-0.31299748610317246},"Iteration":27},
{"Acceptance":[0.003500284575981787],"Energy":{"Mean":-4226.249999999999,"Sigma":0.12646985275521846,"Taucorr":0.1377777777781476},"EnergyVariance":{"Mean":1.5423387096774195,"Sigma":0.2596327517849127,"Taucorr":0.12982424938545067},"Iteration":28},
{"Acceptance":[0.0007114399544678429],"Energy":{"Mean":-4226.822580645159,"Sigma":0.06679444916408674,"Taucorr":0.23808607417862404},"EnergyVariance":{"Mean":0.37174817898022894,"Sigma":0.12745821673774774,"Taucorr":0.12508170084057257},"Iteration":29},
{"Acceptance":[0.0003414911781445646],"Energy":{"Mean":-4227.0,"Sigma":0.10434125154604108,"Taucorr":0.26875000000002114},"EnergyVariance":{"Mean":0.8709677419354839,"Sigma":0.6816400770120328,"Taucorr":0.028066588785046753},"Iteration":30},
{"Acceptance":[0.0001707455890722823],"Energy":{"Mean":-4226.967741935484,"Sigma":0.02242650926303153,"Taucorr":-0.012704918032625467},"EnergyVariance":{"Mean":0.06347554630593133,"Sigma":0.04340614696069686,"Taucorr":-0.012704918032786894},"Iteration":31},
{"Acceptance":[5.6915196357427435e-05],"Energy":{"Mean":-4226.975806451614,"Sigma":0.024193548387094206,"Taucorr":-8.515410598874951e-14},"EnergyVariance":{"Mean":0.07199531737773153,"Sigma":0.0714099895942068,"Taucorr":0.0},"Iteration":32},
{"Acceptance":[0.0],"Energy":{"Mean":-4227.0,"Sigma":0.0,"Taucorr":null},"EnergyVariance":{"Mean":0.0,"Sigma":0.0,"Taucorr":null},"Iteration":33},
{"Acceptance":[0.00011383039271485487],"Energy":{"Mean":-4227.024193548386,"Sigma":0.024193548387091132,"Taucorr":-2.339239912885205e-13},"EnergyVariance":{"Mean":0.07199531737773153,"Sigma":0.07140998959420682,"Taucorr":2.220446049250313e-16},"Iteration":34},
{"Acceptance":[0.0],"Energy":{"Mean":-4227.0,"Sigma":0.0,"Taucorr":null},"EnergyVariance":{"Mean":0.0,"Sigma":0.0,"Taucorr":null},"Iteration":35},
{"Acceptance":[0.00022766078542970974],"Energy":{"Mean":-4227.040322580647,"Sigma":0.06965426736024412,"Taucorr":0.40687882980756906},"EnergyVariance":{"Mean":0.3290192507804371,"Sigma":0.2612231912425315,"Taucorr":0.4231741176011782},"Iteration":36},
{"Acceptance":[0.00011383039271485487],"Energy":{"Mean":-4226.967741935484,"Sigma":0.03225806451613069,"Taucorr":4.463096558993129e-14},"EnergyVariance":{"Mean":0.12799167533818942,"Sigma":0.12695109261186452,"Taucorr":-2.220446049250313e-16},"Iteration":37},
{"Acceptance":[0.00011383039271485487],"Energy":{"Mean":-4227.112903225806,"Sigma":0.10741257365016671,"Taucorr":-0.0012753702686293944},"EnergyVariance":{"Mean":1.4227367325702391,"Sigma":0.8894333602358353,"Taucorr":-0.017795377193477513},"Iteration":38},
{"Acceptance":[0.00011383039271485487],"Energy":{"Mean":-4227.088709677419,"Sigma":0.07382446768609616,"Taucorr":-0.005355600345579636},"EnergyVariance":{"Mean":0.6776144640998958,"Sigma":0.64004339162318,"Taucorr":-0.0011554323293193614},"Iteration":39},
{"Acceptance":[0.00022766078542970974],"Energy":{"Mean":-4227.072580645161,"Sigma":0.0725806451612893,"Taucorr":-2.5202062658991053e-14},"EnergyVariance":{"Mean":0.6479578563995837,"Sigma":0.6426899063475972,"Taucorr":-2.220446049250313e-16},"Iteration":40},
{"Acceptance":[0.0001707455890722823],"Energy":{"Mean":-4227.137096774196,"Sigma":0.09548877493947273,"Taucorr":0.12831013626772836},"EnergyVariance":{"Mean":0.8924947970863681,"Sigma":0.6698739202676222,"Taucorr":0.025102062930022595},"Iteration":41},
{"Acceptance":[0.00022766078542970974],"Energy":{"Mean":-4227.362903225808,"Sigma":0.18361612220333917,"Taucorr":0.16151260504209353},"EnergyVariance":{"Mean":3.1344302809573357,"Sigma":1.5192753337141474,"Taucorr":0.1615126050420168},"Iteration":42},
{"Acceptance":[0.00022766078542970974],"Energy":{"Mean":-4227.290322580645,"Sigma":0.17277649423894278,"Taucorr":0.22604166666669723},"EnergyVariance":{"Mean":2.5286160249739855,"Sigma":1.4546666127860046,"Taucorr":0.22604166666666647},"Iteration":43},
{"Acceptance":[0.00039840637450199205],"Energy":{"Mean":-4227.435483870968,"Sigma":0.32023339563433084,"Taucorr":1.1909604519773436},"EnergyVariance":{"Mean":3.729708636836629,"Sigma":2.603187603221059,"Taucorr":1.190960451977401},"Iteration":44},
{"Acceptance":[0.0011383039271485487],"Energy":{"Mean":-4228.161290322581,"Sigma":0.34402511221652005,"Taucorr":0.29959490740741423},"EnergyVariance":{"Mean":9.103017689906348,"Sigma":2.297199942864613,"Taucorr":0.2995949074074078},"Iteration":45},
{"Acceptance":[0.0037848605577689245],"Energy":{"Mean":-4231.427419354839,"Sigma":0.4605678981015893,"Taucorr":0.14439240176946744},"EnergyVariance":{"Mean":20.244732049947974,"Sigma":0.06685663036931372,"Taucorr":0.14439240176944923},"Iteration":46},
{"Acceptance":[0.0027603870233352304],"Energy":{"Mean":-4230.2661290322585,"Sigma":0.5094451287724268,"Taucorr":0.3522925457102246},"EnergyVariance":{"Mean":18.72756243496357,"Sigma":1.2571791080992845,"Taucorr":0.35229254571026725},"Iteration":47},
{"Acceptance":[0.0014513375071143995],"Energy":{"Mean":-4234.685483870967,"Sigma":0.33660379654947703,"Taucorr":0.13685440009502647},"EnergyVariance":{"Mean":10.941402185223724,"Sigma":2.028385447000293,"Taucorr":0.08814992515133246},"Iteration":48},
{"Acceptance":[0.00022766078542970974],"Energy":{"Mean":-4235.564516129032,"Sigma":0.24290129802601224,"Taucorr":0.4728813559321523},"EnergyVariance":{"Mean":3.729708636836629,"Sigma":1.9745524871792466,"Taucorr":0.47288135593220315},"Iteration":49},
{"Acceptance":[0.002105862265224815],"Energy":{"Mean":-4233.814516129032,"Sigma":0.44600492757529314,"Taucorr":0.27763910190955743},"EnergyVariance":{"Mean":15.731724765868888,"Sigma":1.9704236506225112,"Taucorr":0.21925704071857433},"Iteration":50},
{"Acceptance":[0.00039840637450199205],"Energy":{"Mean":-4235.951612903226,"Sigma":0.2530511006127445,"Taucorr":0.7096064722332527},"EnergyVariance":{"Mean":3.2557232049947973,"Sigma":1.971316926926533,"Taucorr":0.8370724088316306},"Iteration":51},
{"Acceptance":[0.00022766078542970974],"Energy":{"Mean":-4236.129032258064,"Sigma":0.10098371511290234,"Taucorr":0.7556250000000622},"EnergyVariance":{"Mean":0.49947970863683655,"Sigma":0.3778745468740777,"Taucorr":0.7556249999999998},"Iteration":52},
{"Acceptance":[0.00025611838360842346],"Energy":{"Mean":-4236.096774193548,"Sigma":0.05397806622803127,"Taucorr":-0.025619834710359835},"EnergyVariance":{"Mean":0.3777315296566077,"Sigma":0.20546489725499578,"Taucorr":-0.025619834710744027},"Iteration":53},
{"Acceptance":[0.0012805919180421173],"Energy":{"Mean":-4236.645161290323,"Sigma":0.1706936329719152,"Taucorr":0.32788461538465985},"EnergyVariance":{"Mean":2.1644120707596253,"Sigma":0.4625246828915144,"Taucorr":0.3278846153846152},"Iteration":54},
{"Acceptance":[0.0026750142287990893],"Energy":{"Mean":-4237.129032258063,"Sigma":0.15890712431750936,"Taucorr":-0.020898876404531364},"EnergyVariance":{"Mean":3.2414151925078034,"Sigma":0.2768059584891906,"Taucorr":-0.020898876404494227},"Iteration":55},
{"Acceptance":[0.0022481502561183834],"Energy":{"Mean":-4238.5483870967755,"Sigma":0.21671402134656623,"Taucorr":0.28078762306594063},"EnergyVariance":{"Mean":3.6992715920915704,"Sigma":0.237686345993615,"Taucorr":0.28078762306610383},"Iteration":56},
{"Acceptance":[0.0011383039271485487],"Energy":{"Mean":-4239.548387096775,"Sigma":0.1298362051451381,"Taucorr":0.1469480519480023},"EnergyVariance":{"Mean":1.6024973985431847,"Sigma":0.4020734094818586,"Taucorr":0.14694805194805183},"Iteration":57},
{"Acceptance":[5.6915196357427435e-05],"Energy":{"Mean":-4240.0,"Sigma":0.0,"Taucorr":null},"EnergyVariance":{"Mean":0.0,"Sigma":0.0,"Taucorr":null},"Iteration":58},
{"Acceptance":[5.6915196357427435e-05],"Energy":{"Mean":-4239.967741935484,"Sigma":0.03225806451613364,"Taucorr":1.1968204205459188e-13},"EnergyVariance":{"Mean":0.12799167533818942,"Sigma":0.12695109261186455,"Taucorr":0.0},"Iteration":59},
{"Acceptance":[5.6915196357427435e-05],"Energy":{"Mean":-4240.0,"Sigma":0.0,"Taucorr":null},"EnergyVariance":{"Mean":0.0,"Sigma":0.0,"Taucorr":null},"Iteration":60},
{"Acceptance":[0.0],"Energy":{"Mean":-4240.0,"Sigma":0.0,"Taucorr":null},"EnergyVariance":{"Mean":0.0,"Sigma":0.0,"Taucorr":null},"Iteration":61},
{"Acceptance":[0.0],"Energy":{"Mean":-4240.0,"Sigma":0.0,"Taucorr":null},"EnergyVariance":{"Mean":0.0,"Sigma":0.0,"Taucorr":null},"Iteration":62},
{"Acceptance":[0.0],"Energy":{"Mean":-4240.0,"Sigma":0.0,"Taucorr":null},"EnergyVariance":{"Mean":0.0,"Sigma":0.0,"Taucorr":null},"Iteration":63},
{"Acceptance":[0.0],"Energy":{"Mean":-4240.0,"Sigma":0.0,"Taucorr":null},"EnergyVariance":{"Mean":0.0,"Sigma":0.0,"Taucorr":null},"Iteration":64},
{"Acceptance":[0.0],"Energy":{"Mean":-4240.0,"Sigma":0.0,"Taucorr":null},"EnergyVariance":{"Mean":0.0,"Sigma":0.0,"Taucorr":null},"Iteration":65},
{"Acceptance":[0.0],"Energy":{"Mean":-4240.0,"Sigma":0.0,"Taucorr":null},"EnergyVariance":{"Mean":0.0,"Sigma":0.0,"Taucorr":null},"Iteration":66},
{"Acceptance":[0.0],"Energy":{"Mean":-4240.0,"Sigma":0.0,"Taucorr":null},"EnergyVariance":{"Mean":0.0,"Sigma":0.0,"Taucorr":null},"Iteration":67},
{"Acceptance":[0.0],"Energy":{"Mean":-4240.0,"Sigma":0.0,"Taucorr":null},"EnergyVariance":{"Mean":0.0,"Sigma":0.0,"Taucorr":null},"Iteration":68},
{"Acceptance":[0.0],"Energy":{"Mean":-4240.0,"Sigma":0.0,"Taucorr":null},"EnergyVariance":{"Mean":0.0,"Sigma":0.0,"Taucorr":null},"Iteration":69},
{"Acceptance":[0.0],"Energy":{"Mean":-4240.0,"Sigma":0.0,"Taucorr":null},"EnergyVariance":{"Mean":0.0,"Sigma":0.0,"Taucorr":null},"Iteration":70},
{"Acceptance":[0.0],"Energy":{"Mean":-4240.0,"Sigma":0.0,"Taucorr":null},"EnergyVariance":{"Mean":0.0,"Sigma":0.0,"Taucorr":null},"Iteration":71},
{"Acceptance":[0.0],"Energy":{"Mean":-4240.0,"Sigma":0.0,"Taucorr":null},"EnergyVariance":{"Mean":0.0,"Sigma":0.0,"Taucorr":null},"Iteration":72},
{"Acceptance":[0.0],"Energy":{"Mean":-4240.0,"Sigma":0.0,"Taucorr":null},"EnergyVariance":{"Mean":0.0,"Sigma":0.0,"Taucorr":null},"Iteration":73},
{"Acceptance":[0.0],"Energy":{"Mean":-4240.0,"Sigma":0.0,"Taucorr":null},"EnergyVariance":{"Mean":0.0,"Sigma":0.0,"Taucorr":null},"Iteration":74},
{"Acceptance":[0.0],"Energy":{"Mean":-4240.0,"Sigma":0.0,"Taucorr":null},"EnergyVariance":{"Mean":0.0,"Sigma":0.0,"Taucorr":null},"Iteration":75},
{"Acceptance":[0.0],"Energy":{"Mean":-4240.0,"Sigma":0.0,"Taucorr":null},"EnergyVariance":{"Mean":0.0,"Sigma":0.0,"Taucorr":null},"Iteration":76},
{"Acceptance":[0.0],"Energy":{"Mean":-4240.0,"Sigma":0.0,"Taucorr":null},"EnergyVariance":{"Mean":0.0,"Sigma":0.0,"Taucorr":null},"Iteration":77},
{"Acceptance":[0.0],"Energy":{"Mean":-4240.0,"Sigma":0.0,"Taucorr":null},"EnergyVariance":{"Mean":0.0,"Sigma":0.0,"Taucorr":null},"Iteration":78},
{"Acceptance":[0.0],"Energy":{"Mean":-4240.0,"Sigma":0.0,"Taucorr":null},"EnergyVariance":{"Mean":0.0,"Sigma":0.0,"Taucorr":null},"Iteration":79},
{"Acceptance":[5.6915196357427435e-05],"Energy":{"Mean":-4240.048387096775,"Sigma":0.035581488403808426,"Taucorr":0.3245179063358553},"EnergyVariance":{"Mean":0.09443288241415192,"Sigma":0.0677196069620716,"Taucorr":0.324517906336088},"Iteration":80},
{"Acceptance":[5.6915196357427435e-05],"Energy":{"Mean":-4239.806451612903,"Sigma":0.19354838709677122,"Taucorr":1.0247933884297227},"EnergyVariance":{"Mean":1.5109261186264307,"Sigma":1.4734651404787362,"Taucorr":1.0247933884297518},"Iteration":81},
{"Acceptance":[0.0],"Energy":{"Mean":-4240.0,"Sigma":0.0,"Taucorr":null},"EnergyVariance":{"Mean":0.0,"Sigma":0.0,"Taucorr":null},"Iteration":82},
{"Acceptance":[0.0],"Energy":{"Mean":-4240.0,"Sigma":0.0,"Taucorr":null},"EnergyVariance":{"Mean":0.0,"Sigma":0.0,"Taucorr":null},"Iteration":83},
{"Acceptance":[0.0],"Energy":{"Mean":-4240.0,"Sigma":0.0,"Taucorr":null},"EnergyVariance":{"Mean":0.0,"Sigma":0.0,"Taucorr":null},"Iteration":84},
{"Acceptance":[5.6915196357427435e-05],"Energy":{"Mean":-4240.0,"Sigma":0.0,"Taucorr":null},"EnergyVariance":{"Mean":0.0,"Sigma":0.0,"Taucorr":null},"Iteration":85},
{"Acceptance":[0.0],"Energy":{"Mean":-4240.0,"Sigma":0.0,"Taucorr":null},"EnergyVariance":{"Mean":0.0,"Sigma":0.0,"Taucorr":null},"Iteration":86},
{"Acceptance":[5.6915196357427435e-05],"Energy":{"Mean":-4240.032258064516,"Sigma":0.03225806451612433,"Taucorr":0.5081967213112635},"EnergyVariance":{"Mean":0.06347554630593133,"Sigma":0.06243496357960648,"Taucorr":0.5081967213114753},"Iteration":87},
{"Acceptance":[0.0],"Energy":{"Mean":-4240.0,"Sigma":0.0,"Taucorr":null},"EnergyVariance":{"Mean":0.0,"Sigma":0.0,"Taucorr":null},"Iteration":88},
{"Acceptance":[0.0],"Energy":{"Mean":-4240.0,"Sigma":0.0,"Taucorr":null},"EnergyVariance":{"Mean":0.0,"Sigma":0.0,"Taucorr":null},"Iteration":89},
{"Acceptance":[5.6915196357427435e-05],"Energy":{"Mean":-4239.959677419354,"Sigma":0.040322580645160415,"Taucorr":-9.992007221626409e-15},"EnergyVariance":{"Mean":0.19998699271592096,"Sigma":0.1983610822059834,"Taucorr":2.220446049250313e-16},"Iteration":90},
{"Acceptance":[5.6915196357427435e-05],"Energy":{"Mean":-4240.032258064516,"Sigma":0.032258064516132536,"Taucorr":0.5081967213115379},"EnergyVariance":{"Mean":0.06347554630593132,"Sigma":0.06243496357960647,"Taucorr":0.5081967213114753},"Iteration":91},
{"Acceptance":[5.6915196357427435e-05],"Energy":{"Mean":-4240.0161290322585,"Sigma":0.016129032258075507,"Taucorr":5.262457136723242e-13},"EnergyVariance":{"Mean":0.031997918834547355,"Sigma":0.03173777315295147,"Taucorr":0.0},"Iteration":92},
{"Acceptance":[0.00011383039271485487],"Energy":{"Mean":-4240.032258064516,"Sigma":0.022426509263053934,"Taucorr":-0.01270491803179069},"EnergyVariance":{"Mean":0.06347554630593133,"Sigma":0.04340614696069686,"Taucorr":-0.012704918032786894},"Iteration":93},
{"Acceptance":[5.6915196357427435e-05],"Energy":{"Mean":-4240.0,"Sigma":0.0,"Taucorr":null},"EnergyVariance":{"Mean":0.0,"Sigma":0.0,"Taucorr":null},"Iteration":94},
{"Acceptance":[0.00022766078542970974],"Energy":{"Mean":-4240.096774193548,"Sigma":0.04874420196404017,"Taucorr":0.2933615819205705},"EnergyVariance":{"Mean":0.18418314255983353,"Sigma":0.08805404225765903,"Taucorr":0.2933615819209039},"Iteration":95},
{"Acceptance":[0.00022766078542970974],"Energy":{"Mean":-4240.080645161291,"Sigma":0.05234693094467783,"Taucorr":0.5887394957982848},"EnergyVariance":{"Mean":0.154786680541103,"Sigma":0.09625080851114576,"Taucorr":0.5887394957983192},"Iteration":96},
{"Acceptance":[0.0007968127490039841],"Energy":{"Mean":-4240.225806451613,"Sigma":0.06491810257257076,"Taucorr":0.1469480519480162},"EnergyVariance":{"Mean":0.40062434963579613,"Sigma":0.10051835237046468,"Taucorr":0.14694805194805205},"Iteration":97},
{"Acceptance":[0.0014228799089356858],"Energy":{"Mean":-4240.387096774194,"Sigma":0.0858533302294044,"Taucorr":0.22604166666655567},"EnergyVariance":{"Mean":0.6243496357960457,"Sigma":0.10523956608757509,"Taucorr":0.22604166666666647},"Iteration":98},
{"Acceptance":[0.0028457598178713715],"Energy":{"Mean":-4240.5161290322585,"Sigma":0.08192532322064837,"Taucorr":0.03896059782610595},"EnergyVariance":{"Mean":0.765868886576483,"Sigma":0.0792825708586186,"Taucorr":0.03896059782608696},"Iteration":99} 
]}