{"Output": [
{"Acceptance":[0.9120624408703879],"Energy":{"Mean":-1431.9354838709676,"Sigma":2.002148299895956,"Taucorr":-0.1449753771630451},"EnergyVariance":{"Mean":694.3990634755462,"Sigma":107.51672283250846,"Taucorr":0.005416945334557055},"Iteration":0},
{"Acceptance":[0.9017029328287607],"Energy":{"Mean":-1430.2096774193549,"Sigma":2.7299882028919504,"Taucorr":0.10549072241545276},"EnergyVariance":{"Mean":756.9882934443289,"Sigma":99.74799082977376,"Taucorr":0.013434315749172754},"Iteration":1},
{"Acceptance":[0.8999526963103122],"Energy":{"Mean":-1432.0806451612902,"Sigma":2.0793527702424144,"Taucorr":0.011003454014710146},"EnergyVariance":{"Mean":520.364464099896,"Sigma":69.6226060173634,"Taucorr":0.008152532049374384},"Iteration":2},
{"Acceptance":[0.890728476821192],"Energy":{"Mean":-1432.5161290322576,"Sigma":2.501341991528709,"Taucorr":0.020852125630674512},"EnergyVariance":{"Mean":738.7658688865765,"Sigma":142.58325880291557,"Taucorr":0.27041787341203616},"Iteration":3},
{"Acceptance":[0.8865657521286661],"Energy":{"Mean":-1433.766129032258,"Sigma":2.2240116653509445,"Taucorr":-0.09452362154928312},"EnergyVariance":{"Mean":750.2114334027054,"Sigma":123.44646336570433,"Taucorr":0.17216553335375695},"Iteration":4},
{"Acceptance":[0.871996215704825],"Energy":{"Mean":-1433.5322580645159,"Sigma":2.667474892694658,"Taucorr":0.10119755872396852},"EnergyVariance":{"Mean":727.8779916753384,"Sigma":87.17181362554504,"Taucorr":-0.08472844038365812},"Iteration":5},
{"Acceptance":[0.8692052980132451],"Energy":{"Mean":-1439.5080645161293,"Sigma":2.066842816947817,"Taucorr":-0.002222477162857228},"EnergyVariance":{"Mean":527.7821930280955,"Sigma":80.9604755225579,"Taucorr":0.052137424169544255},"Iteration":6},
{"Acceptance":[0.8544938505203405],"Energy":{"Mean":-1432.6129032258068,"Sigma":1.7862918396071183,"Taucorr":-0.22314952750692058},"EnergyVariance":{"Mean":708.8178980228927,"Sigma":91.13860326259686,"Taucorr":0.0413327650475418},"Iteration":7},
{"Acceptance":[0.8384578997161779],"Energy":{"Mean":-1436.0967741935483,"Sigma":1.7300583237789187,"Taucorr":-0.25349172078148335},"EnergyVariance":{"Mean":746.7325702393342,"Sigma":128.12050279878434,"Taucorr":0.14198695607824696},"Iteration":8},
{"Acceptance":[0.8285714285714286],"Energy":{"Mean":-1436.2016129032259,"Sigma":1.8385953086483446,"Taucorr":-0.14189595101420927},"EnergyVariance":{"Mean":580.5480619146723,"Sigma":95.50629805579085,"Taucorr":0.08726639215495202},"Iteration":9},
{"Acceptance":[0.7682592242194891],"Energy":{"Mean":-1446.1209677419351,"Sigma":2.4228379944348486,"Taucorr":0.07543043908824232},"EnergyVariance":{"Mean":627.3805280957334,"Sigma":85.9185159419033,"Taucorr":0.05440499966783752},"Iteration":10},
{"Acceptance":[0.7298959318826869],"Energy":{"Mean":-1451.1209677419354,"Sigma":2.365064701874204,"Taucorr":-0.041907677725891435},"EnergyVariance":{"Mean":750.9450442247659,"Sigma":87.2211875005789,"Taucorr":-0.16193496506158006},"Iteration":11},
{"Acceptance":[0.6463576158940397],"Energy":{"Mean":-1465.8145161290322,"Sigma":2.845505977219016,"Taucorr":0.27446347054017595},"EnergyVariance":{"Mean":642.9736602497399,"Sigma":112.86656712415572,"Taucorr":0.09781383357845541},"Iteration":12},
{"Acceptance":[0.4903027436140019],"Energy":{"Mean":-1493.8548387096773,"Sigma":2.906721312657171,"Taucorr":0.2953682388858958},"EnergyVariance":{"Mean":653.3015088449532,"Sigma":93.70727696090646,"Taucorr":0.03437116360950454},"Iteration":13},
{"Acceptance":[0.40175023651844843],"Energy":{"Mean":-1524.9032258064515,"Sigma":1.7432156287757108,"Taucorr":0.005397157667093477},"EnergyVariance":{"Mean":369.7809573361082,"Sigma":56.52269510373488,"Taucorr":0.1018800582037569},"Iteration":14},
{"Acceptance":[0.35638599810785243],"Energy":{"Mean":-1544.8225806451608,"Sigma":1.9877715391833946,"Taucorr":0.06758718466140667},"EnergyVariance":{"Mean":428.12981269510925,"Sigma":53.79043893417805,"Taucorr":0.016704456984658278},"Iteration":15},
{"Acceptance":[0.30842005676442763],"Energy":{"Mean":-1560.282258064516,"Sigma":2.3408981232822907,"Taucorr":0.2648180414275436},"EnergyVariance":{"Mean":440.6380723204995,"Sigma":59.279126762873226,"Taucorr":-0.039887341533253795},"Iteration":16},
{"Acceptance":[0.2710974456007569],"Energy":{"Mean":-1577.653225806452,"Sigma":2.0769367635548655,"Taucorr":0.2571687194827105},"EnergyVariance":{"Mean":350.37168314255985,"Sigma":51.29528522260974,"Taucorr":0.15040820361810558},"Iteration":17},
{"Acceptance":[0.2401135288552507],"Energy":{"Mean":-1585.9758064516132,"Sigma":1.854243710083893,"Taucorr":0.317660618580238},"EnergyVariance":{"Mean":258.60425338189395,"Sigma":37.296330662620946,"Taucorr":0.08649905412355474},"Iteration":18},
{"Acceptance":[0.1965468306527909],"Energy":{"Mean":-1606.1290322580646,"Sigma":1.5418826193304294,"Taucorr":0.2839034208037752},"EnergyVariance":{"Mean":186.51560874089492,"Sigma":21.98313465769576,"Taucorr":-0.08393878227198781},"Iteration":19},
{"Acceptance":[0.17682119205298014],"Energy":{"Mean":-1614.4193548387095,"Sigma":1.3481063529312993,"Taucorr":0.2901521574411561},"EnergyVariance":{"Mean":141.4531737773153,"Sigma":20.447215136364953,"Taucorr":0.11280476586184573},"Iteration":20},
{"Acceptance":[0.15283822138126774],"Energy":{"Mean":-1626.145161290323,"Sigma":1.2756388971441082,"Taucorr":0.2848421819309481},"EnergyVariance":{"Mean":127.51118626430801,"Sigma":21.9463252711969,"Taucorr":0.2028598161496521},"Iteration":21},
{"Acceptance":[0.1369441816461684],"Energy":{"Mean":-1631.782258064516,"Sigma":1.3607270913504,"Taucorr":0.3686576686751297},"EnergyVariance":{"Mean":131.0896852237253,"Sigma":14.268679060301451,"Taucorr":-0.11626390834078743},"Iteration":22},
{"Acceptance":[0.12909176915799433],"Energy":{"Mean":-1636.072580645161,"Sigma":1.009910138421448,"Taucorr":0.3145806358979514},"EnergyVariance":{"Mean":77.002796566077,"Sigma":9.813379744051378,"Taucorr":0.0017057789646874877},"Iteration":23},
{"Acceptance":[0.1118732261116367],"Energy":{"Mean":-1642.5967741935485,"Sigma":0.8046970159927836,"Taucorr":0.02567640423201134},"EnergyVariance":{"Mean":75.75676378772113,"Sigma":11.648610606592598,"Taucorr":0.08456050361099299},"Iteration":24},
{"Acceptance":[0.10633869441816461],"Energy":{"Mean":-1649.0967741935485,"Sigma":0.8503381221351377,"Taucorr":0.175852232291134},"EnergyVariance":{"Mean":65.79708636836631,"Sigma":7.033948951233077,"Taucorr":-0.04037964488952639},"Iteration":25},
{"Acceptance":[0.0967360454115421],"Energy":{"Mean":-1650.7983870967746,"Sigma":0.9638924332943795,"Taucorr":0.2986093373195371},"EnergyVariance":{"Mean":71.54806191467219,"Sigma":9.866578107711758,"Taucorr":0.1553259744624429},"Iteration":26},
{"Acceptance":[0.0848628192999054],"Energy":{"Mean":-1655.5645161290327,"Sigma":0.7475738304546008,"Taucorr":0.10724182228492429},"EnergyVariance":{"Mean":56.60067637877211,"Sigma":6.743106945101392,"Taucorr":0.025760823285538637},"Iteration":27},
{"Acceptance":[0.06892147587511827],"Energy":{"Mean":-1662.5000000000002,"Sigma":0.9034729884508046,"Taucorr":0.46974996105313294},"EnergyVariance":{"Mean":51.76612903225807,"Sigma":9.833547032605356,"Taucorr":0.23020726898666044},"Iteration":28},
{"Acceptance":[0.06187322611163671],"Energy":{"Mean":-1665.0322580645159,"Sigma":0.5530635518669902,"Taucorr":0.13285869317881238},"EnergyVariance":{"Mean":29.724765868886575,"Sigma":3.7063056614294796,"Taucorr":0.2092608048462563},"Iteration":29},
{"Acceptance":[0.051561021759697255],"Energy":{"Mean":-1666.766129032258,"Sigma":0.5928489041070554,"Taucorr":0.1693714087766327},"EnergyVariance":{"Mean":32.29207856399583,"Sigma":4.8836097524048965,"Taucorr":0.016264360969592717},"Iteration":30},
{"Acceptance":[0.05085146641438032],"Energy":{"Mean":-1668.7741935483873,"Sigma":0.4753825339555535,"Taucorr":0.11120066353962643},"EnergyVariance":{"Mean":22.73933402705515,"Sigma":4.055586136197137,"Taucorr":-0.021664900063821546},"Iteration":31},
{"Acceptance":[0.041674550614947965],"Energy":{"Mean":-1670.3145161290327,"Sigma":0.3327887504268726,"Taucorr":0.08056456396523604},"EnergyVariance":{"Mean":11.731724765868886,"Sigma":1.9602915286522358,"Taucorr":0.009733135865962916},"Iteration":32},
{"Acceptance":[0.03779564806054872],"Energy":{"Mean":-1670.983870967742,"Sigma":0.3518261659654157,"Taucorr":0.22950726697080293},"EnergyVariance":{"Mean":10.43522372528616,"Sigma":1.8827081027018784,"Taucorr":-0.04124690423234251},"Iteration":33},
{"Acceptance":[0.039735099337748346],"Energy":{"Mean":-1670.0967741935485,"Sigma":0.5433712739105048,"Taucorr":0.5656726159577188},"EnergyVariance":{"Mean":17.039021852237248,"Sigma":5.114831187212138,"Taucorr":0.576233955982344},"Iteration":34},
{"Acceptance":[0.036707663197729425],"Energy":{"Mean":-1670.467741935484,"Sigma":0.41017664950798494,"Taucorr":0.1262158545225569},"EnergyVariance":{"Mean":16.523152965660774,"Sigma":2.9191010770732824,"Taucorr":0.019761307186264565},"Iteration":35},
{"Acceptance":[0.035383159886471144],"Energy":{"Mean":-1670.911290322581,"Sigma":0.430919931672933,"Taucorr":0.15925099960578293},"EnergyVariance":{"Mean":17.32277575442247,"Sigma":3.6200879262314483,"Taucorr":0.14149280754577997},"Iteration":36},
{"Acceptance":[0.03136234626300852],"Energy":{"Mean":-1671.6129032258063,"Sigma":0.45817524786083746,"Taucorr":0.3936403824683927},"EnergyVariance":{"Mean":14.446930280957334,"Sigma":2.7848343272244835,"Taucorr":0.07929055574685251},"Iteration":37},
{"Acceptance":[0.028855250709555344],"Energy":{"Mean":-1672.3145161290322,"Sigma":0.3711663797314378,"Taucorr":0.2631045895205485},"EnergyVariance":{"Mean":11.102692507804372,"Sigma":3.041531798711042,"Taucorr":0.31581861379968856},"Iteration":38},
{"Acceptance":[0.027672658467360455],"Energy":{"Mean":-1672.524193548387,"Sigma":0.40649214680970364,"Taucorr":0.459755041369001},"EnergyVariance":{"Mean":10.588124349635795,"Sigma":3.338083238294354,"Taucorr":0.16647045658222104},"Iteration":39},
{"Acceptance":[0.024929044465468307],"Energy":{"Mean":-1673.024193548387,"Sigma":0.2405065327588607,"Taucorr":0.16141186713261846},"EnergyVariance":{"Mean":5.3784469302809566,"Sigma":1.1806711577072178,"Taucorr":0.08449614476228784},"Iteration":40},
{"Acceptance":[0.026348155156102174],"Energy":{"Mean":-1673.0161290322583,"Sigma":0.3391829770465264,"Taucorr":0.40449798796103653},"EnergyVariance":{"Mean":7.82232049947971,"Sigma":2.2154623587032494,"Taucorr":0.08310462072723612},"Iteration":41},
{"Acceptance":[0.021996215704824976],"Energy":{"Mean":-1673.5000000000002,"Sigma":0.23872420763681426,"Taucorr":0.277459749552748},"EnergyVariance":{"Mean":4.508064516129031,"Sigma":1.0029180456612734,"Taucorr":0.4020230183296972},"Iteration":42},
{"Acceptance":[0.020056764427625356],"Energy":{"Mean":-1673.9677419354841,"Sigma":0.22681227597460174,"Taucorr":0.46658917501193675},"EnergyVariance":{"Mean":3.2731529656607696,"Sigma":0.6151598251816551,"Taucorr":-0.07053793201694897},"Iteration":43},
{"Acceptance":[0.02119205298013245],"Energy":{"Mean":-1673.8306451612902,"Sigma":0.21947735351559625,"Taucorr":0.14059797207027047},"EnergyVariance":{"Mean":4.624544745057232,"Sigma":1.2264027121020726,"Taucorr":0.04219450302018701},"Iteration":44},
{"Acceptance":[0.01934720908230842],"Energy":{"Mean":-1673.7177419354841,"Sigma":0.3284743847486467,"Taucorr":0.46673741460501206},"EnergyVariance":{"Mean":6.863878772112383,"Sigma":1.5240065127093796,"Taucorr":0.29272198926902715},"Iteration":45},
{"Acceptance":[0.02029328287606433],"Energy":{"Mean":-1673.7741935483868,"Sigma":0.26395330891832813,"Taucorr":0.2321623844238897},"EnergyVariance":{"Mean":5.852237252861602,"Sigma":1.5675983914978033,"Taucorr":0.05075009614067283},"Iteration":46},
{"Acceptance":[0.019820245979186378],"Energy":{"Mean":-1674.556451612903,"Sigma":0.22857367386539368,"Taucorr":0.27423955117457566},"EnergyVariance":{"Mean":4.150039021852236,"Sigma":1.6239315427944103,"Taucorr":0.12006171281426581},"Iteration":47},
{"Acceptance":[0.018637653736991486],"Energy":{"Mean":-1674.3709677419354,"Sigma":0.24617257467973966,"Taucorr":0.3770385674931017},"EnergyVariance":{"Mean":4.249479708636835,"Sigma":1.3588890564660296,"Taucorr":0.25288918996752585},"Iteration":48},
{"Acceptance":[0.018495742667928097],"Energy":{"Mean":-1673.491935483871,"Sigma":0.5831970506280487,"Taucorr":0.9712182827030666},"EnergyVariance":{"Mean":14.217676899063472,"Sigma":5.840661373521128,"Taucorr":0.9670202191862023},"Iteration":49} 
]}