{"Output": [
{"Acceptance":[0.8871287128712871],"Energy":{"Mean":-624.1209677419356,"Sigma":1.5346303085226325,"Taucorr":0.12842650823870871},"EnergyVariance":{"Mean":230.47730228928197,"Sigma":31.236980818257205,"Taucorr":0.0669702283612722},"Iteration":0},
{"Acceptance":[0.8748939179632249],"Energy":{"Mean":-624.5564516129033,"Sigma":1.2848219447692608,"Taucorr":-0.14495324702913776},"EnergyVariance":{"Mean":285.9403616024974,"Sigma":27.739707198580803,"Taucorr":-0.1048762921512677},"Iteration":1},
{"Acceptance":[0.8522630834512023],"Energy":{"Mean":-627.0887096774194,"Sigma":1.453145845305302,"Taucorr":-0.05126508275415892},"EnergyVariance":{"Mean":289.4034209157128,"Sigma":32.661901327534096,"Taucorr":-0.04872600003268546},"Iteration":2},
{"Acceptance":[0.8340876944837341],"Energy":{"Mean":-624.1290322580646,"Sigma":1.9338478748834216,"Taucorr":0.22391903864325347},"EnergyVariance":{"Mean":317.7091571279917,"Sigma":46.01065542841334,"Taucorr":-0.012154408329175193},"Iteration":3},
{"Acceptance":[0.7801272984441301],"Energy":{"Mean":-631.4193548387095,"Sigma":1.4751702606660437,"Taucorr":-0.053992140128691246},"EnergyVariance":{"Mean":300.06607700312173,"Sigma":37.45583867965449,"Taucorr":-0.039762786790760896},"Iteration":4},
{"Acceptance":[0.7317538896746818],"Energy":{"Mean":-634.556451612903,"Sigma":1.9032269455072146,"Taucorr":0.2152516780800784},"EnergyVariance":{"Mean":311.4564906347555,"Sigma":46.378414410509116,"Taucorr":0.18597376438861923},"Iteration":5},
{"Acceptance":[0.6314002828854314],"Energy":{"Mean":-645.008064516129,"Sigma":1.772303489833587,"Taucorr":0.20553817730158053},"EnergyVariance":{"Mean":273.79832206035377,"Sigma":34.68793061251179,"Taucorr":-0.061923617866239455},"Iteration":6},
{"Acceptance":[0.5524045261669024],"Energy":{"Mean":-656.7016129032259,"Sigma":1.8560935446841291,"Taucorr":0.2592253916494254},"EnergyVariance":{"Mean":279.06419094693035,"Sigma":26.33789919425888,"Taucorr":-0.1404481662568986},"Iteration":7},
{"Acceptance":[0.4958274398868458],"Energy":{"Mean":-663.7580645161291,"Sigma":1.7061512632807738,"Taucorr":0.30184677247394787},"EnergyVariance":{"Mean":223.26404786680536,"Sigma":27.413222753614953,"Taucorr":0.04052257473667775},"Iteration":8},
{"Acceptance":[0.43083451202263084],"Energy":{"Mean":-673.8306451612902,"Sigma":1.8543898475120282,"Taucorr":0.3916256262991793},"EnergyVariance":{"Mean":237.1890608740895,"Sigma":29.226324883182656,"Taucorr":-0.08293692219982235},"Iteration":9},
{"Acceptance":[0.34724186704384724],"Energy":{"Mean":-686.4677419354839,"Sigma":1.3414274782859197,"Taucorr":0.1787615900485542},"EnergyVariance":{"Mean":163.03928199791886,"Sigma":24.051644481014897,"Taucorr":-0.016280512235052835},"Iteration":10},
{"Acceptance":[0.32065063649222064],"Energy":{"Mean":-691.1612903225806,"Sigma":1.3661886975837132,"Taucorr":0.19267937652665934},"EnergyVariance":{"Mean":165.7159209157128,"Sigma":29.3531700655483,"Taucorr":0.0407464332381795},"Iteration":11},
{"Acceptance":[0.2785714285714286],"Energy":{"Mean":-697.7661290322579,"Sigma":1.300895859842247,"Taucorr":0.18683125699842962},"EnergyVariance":{"Mean":151.53401404786678,"Sigma":18.638468573556096,"Taucorr":-0.04700957387306587},"Iteration":12},
{"Acceptance":[0.236987270155587],"Energy":{"Mean":-706.0967741935485,"Sigma":0.81959187156461,"Taucorr":0.0664835478439485},"EnergyVariance":{"Mean":72.92611862643082,"Sigma":8.957439538802362,"Taucorr":0.03164617805554559},"Iteration":13},
{"Acceptance":[0.21322489391796323],"Energy":{"Mean":-711.032258064516,"Sigma":0.8771855910928694,"Taucorr":0.18406956760456183},"EnergyVariance":{"Mean":69.17637877211239,"Sigma":8.892017390042504,"Taucorr":-0.04669346580286177},"Iteration":14},
{"Acceptance":[0.20714285714285716],"Energy":{"Mean":-712.6451612903226,"Sigma":0.8421661612881787,"Taucorr":0.13839074945553453},"EnergyVariance":{"Mean":68.32570239334026,"Sigma":10.026144372407982,"Taucorr":0.0616076212352592},"Iteration":15},
{"Acceptance":[0.1927157001414427],"Energy":{"Mean":-714.9435483870966,"Sigma":0.958599285964161,"Taucorr":0.3646476365984751},"EnergyVariance":{"Mean":65.35971644120707,"Sigma":9.695820468772432,"Taucorr":0.02759031365977138},"Iteration":16},
{"Acceptance":[0.1809052333804809],"Energy":{"Mean":-718.3709677419355,"Sigma":0.7250204824453661,"Taucorr":0.3487608513021546},"EnergyVariance":{"Mean":38.0881893860562,"Sigma":6.52487427287622,"Taucorr":0.17396227584759416},"Iteration":17},
{"Acceptance":[0.17015558698727015],"Energy":{"Mean":-720.7903225806451,"Sigma":0.8084813167551491,"Taucorr":0.4881309110441784},"EnergyVariance":{"Mean":40.6818418314256,"Sigma":9.382391065343878,"Taucorr":0.3832303495650198},"Iteration":18},
{"Acceptance":[0.1618811881188119],"Energy":{"Mean":-722.1048387096772,"Sigma":0.5595906474211578,"Taucorr":0.06943853110798937},"EnergyVariance":{"Mean":33.81965400624349,"Sigma":5.759354436262308,"Taucorr":-0.003550564623988617},"Iteration":19},
{"Acceptance":[0.15077793493635078],"Energy":{"Mean":-722.2096774193549,"Sigma":0.48194509210096054,"Taucorr":0.06472879577920199},"EnergyVariance":{"Mean":25.294745057232053,"Sigma":3.6820145844714647,"Taucorr":-0.05307246656156317},"Iteration":20},
{"Acceptance":[0.15226308345120226],"Energy":{"Mean":-724.3870967741937,"Sigma":0.7226964432942766,"Taucorr":0.35703147775387556},"EnergyVariance":{"Mean":37.47918834547347,"Sigma":6.240227521482981,"Taucorr":-0.07546986632983277},"Iteration":21},
{"Acceptance":[0.14342291371994342],"Energy":{"Mean":-727.3306451612905,"Sigma":0.48518191588507253,"Taucorr":-0.02121648158543671},"EnergyVariance":{"Mean":30.237447970863684,"Sigma":4.370670619028622,"Taucorr":0.2371590890116444},"Iteration":22},
{"Acceptance":[0.13783592644978784],"Energy":{"Mean":-727.3467741935484,"Sigma":0.6295455584215781,"Taucorr":0.2582355975924311},"EnergyVariance":{"Mean":32.145876690946935,"Sigma":4.630252185654862,"Taucorr":-0.030819459857110654},"Iteration":23},
{"Acceptance":[0.1340876944837341],"Energy":{"Mean":-730.2500000000001,"Sigma":0.6181615128054982,"Taucorr":0.18257305147274616},"EnergyVariance":{"Mean":34.42943548387097,"Sigma":4.984158154547043,"Taucorr":0.07387643145442147},"Iteration":24},
{"Acceptance":[0.12687411598302686],"Energy":{"Mean":-733.3709677419355,"Sigma":0.7894525604028443,"Taucorr":0.5144841392796424},"EnergyVariance":{"Mean":37.78173777315297,"Sigma":5.451157035838669,"Taucorr":0.18839060865476176},"Iteration":25},
{"Acceptance":[0.10813295615275813],"Energy":{"Mean":-736.6290322580646,"Sigma":0.6764938634438189,"Taucorr":0.23151120021095672},"EnergyVariance":{"Mean":38.47528616024974,"Sigma":4.769431147820741,"Taucorr":0.05350319382988},"Iteration":26},
{"Acceptance":[0.08882602545968883],"Energy":{"Mean":-741.0806451612902,"Sigma":0.7665194251526276,"Taucorr":0.2881300321718546},"EnergyVariance":{"Mean":45.84833506763789,"Sigma":5.659289264306329,"Taucorr":-0.010392202175168397},"Iteration":27},
{"Acceptance":[0.07538896746817539],"Energy":{"Mean":-743.4435483870968,"Sigma":0.6424404994643946,"Taucorr":0.19166133534180663},"EnergyVariance":{"Mean":36.69842611862643,"Sigma":4.623964426283429,"Taucorr":0.14529832378773},"Iteration":28},
{"Acceptance":[0.059193776520509195],"Energy":{"Mean":-747.0322580645161,"Sigma":0.6833997412804915,"Taucorr":0.38468073428310656},"EnergyVariance":{"Mean":32.466701352757546,"Sigma":7.650387919387972,"Taucorr":0.30207031629830994},"Iteration":29},
{"Acceptance":[0.053536067892503536],"Energy":{"Mean":-748.491935483871,"Sigma":0.526257310496018,"Taucorr":0.19818234652718192},"EnergyVariance":{"Mean":24.39509625390218,"Sigma":4.129180266126675,"Taucorr":0.07690605989318533},"Iteration":30},
{"Acceptance":[0.049646393210749644],"Energy":{"Mean":-749.7661290322582,"Sigma":0.4694906133291286,"Taucorr":0.277411931447324},"EnergyVariance":{"Mean":17.437239854318413,"Sigma":2.7984455086282845,"Taucorr":0.14170447614755488},"Iteration":31},
{"Acceptance":[0.038401697312588405],"Energy":{"Mean":-751.4435483870968,"Sigma":0.43836660368124525,"Taucorr":0.11869856693915537},"EnergyVariance":{"Mean":19.101651925078045,"Sigma":3.167615421965639,"Taucorr":0.10217276377515772},"Iteration":32},
{"Acceptance":[0.0342998585572843],"Energy":{"Mean":-752.0645161290324,"Sigma":0.38099469098823907,"Taucorr":0.29552983586796155},"EnergyVariance":{"Mean":11.221644120707595,"Sigma":2.1743659454434643,"Taucorr":0.1671950146640262},"Iteration":33},
{"Acceptance":[0.03946251768033946],"Energy":{"Mean":-753.0887096774194,"Sigma":0.44503660401236156,"Taucorr":0.37709981220524846},"EnergyVariance":{"Mean":13.887291883454735,"Sigma":1.9451651097690201,"Taucorr":0.03749305108976353},"Iteration":34},
{"Acceptance":[0.0330975954738331],"Energy":{"Mean":-753.4032258064516,"Sigma":0.4577113207460472,"Taucorr":0.3210569287644426},"EnergyVariance":{"Mean":15.692247658688867,"Sigma":2.7371496354055798,"Taucorr":0.4617077615072205},"Iteration":35},
{"Acceptance":[0.031753889674681755],"Energy":{"Mean":-755.0322580645162,"Sigma":0.40139908805030794,"Taucorr":0.12122883843820842},"EnergyVariance":{"Mean":15.95057232049948,"Sigma":3.9987761134866715,"Taucorr":0.06631329237783778},"Iteration":36},
{"Acceptance":[0.024752475247524754],"Energy":{"Mean":-756.032258064516,"Sigma":0.28838210527060154,"Taucorr":0.1579827643908911},"EnergyVariance":{"Mean":7.77315296566077,"Sigma":1.1828707427243916,"Taucorr":0.02486624185955355},"Iteration":37},
{"Acceptance":[0.026096181046676097],"Energy":{"Mean":-756.4112903225806,"Sigma":0.38808677167834177,"Taucorr":0.46031677533764526},"EnergyVariance":{"Mean":9.645356399583768,"Sigma":3.1824880556809183,"Taucorr":0.35541145266205576},"Iteration":38},
{"Acceptance":[0.024328147100424326],"Energy":{"Mean":-756.8629032258065,"Sigma":0.2822811050503884,"Taucorr":0.25516691889073695},"EnergyVariance":{"Mean":6.489268990634755,"Sigma":1.9468337221307093,"Taucorr":0.43896128195929685},"Iteration":39},
{"Acceptance":[0.025106082036775106],"Energy":{"Mean":-757.1048387096774,"Sigma":0.2507446419705409,"Taucorr":0.1535500324279242},"EnergyVariance":{"Mean":5.9164281997918815,"Sigma":1.168150100017538,"Taucorr":0.1797550456811009},"Iteration":40},
{"Acceptance":[0.02164073550212164],"Energy":{"Mean":-757.7580645161291,"Sigma":0.19277398842671464,"Taucorr":0.10458846603811522},"EnergyVariance":{"Mean":3.780176899063476,"Sigma":0.6914365672297113,"Taucorr":-0.03469910975793555},"Iteration":41},
{"Acceptance":[0.021711456859971712],"Energy":{"Mean":-757.5887096774195,"Sigma":0.24553769915545534,"Taucorr":0.3944366871146352},"EnergyVariance":{"Mean":4.145356399583767,"Sigma":1.036805919714128,"Taucorr":0.10318960784292053},"Iteration":42},
{"Acceptance":[0.022065063649222064],"Energy":{"Mean":-757.4032258064515,"Sigma":0.3341409744007765,"Taucorr":0.2713485198281689},"EnergyVariance":{"Mean":8.901925078043707,"Sigma":5.424915185954965,"Taucorr":0.47477385159623486},"Iteration":43},
{"Acceptance":[0.019024045261669023],"Energy":{"Mean":-757.3548387096776,"Sigma":0.41018193471062153,"Taucorr":0.6920140553823793},"EnergyVariance":{"Mean":8.68054110301769,"Sigma":3.878440038170189,"Taucorr":0.6199452951304691},"Iteration":44},
{"Acceptance":[0.01562942008486563],"Energy":{"Mean":-757.7500000000001,"Sigma":0.32274861218395223,"Taucorr":0.5116205030245189},"EnergyVariance":{"Mean":6.332661290322581,"Sigma":2.325366319666332,"Taucorr":0.5167439494926835},"Iteration":45},
{"Acceptance":[0.017185289957567185],"Energy":{"Mean":-757.7177419354839,"Sigma":0.31510834787159975,"Taucorr":0.6593724918814141},"EnergyVariance":{"Mean":5.267104578563997,"Sigma":1.858705824056075,"Taucorr":0.15165425798689736},"Iteration":46},
{"Acceptance":[0.01640735502121641],"Energy":{"Mean":-758.5645161290322,"Sigma":0.1351859243083867,"Taucorr":-0.04228466998623931},"EnergyVariance":{"Mean":2.4555150884495323,"Sigma":1.1491468875807913,"Taucorr":-0.031833920860447174},"Iteration":47},
{"Acceptance":[0.016265912305516265],"Energy":{"Mean":-758.1451612903226,"Sigma":0.25367571838981623,"Taucorr":0.4946420398823129},"EnergyVariance":{"Mean":3.9789281997918824,"Sigma":1.136909903493957,"Taucorr":0.2623901490945475},"Iteration":48},
{"Acceptance":[0.015063649222065064],"Energy":{"Mean":-758.3145161290323,"Sigma":0.19433085561212404,"Taucorr":0.3118535021710792},"EnergyVariance":{"Mean":2.860757023933403,"Sigma":0.9975608156993588,"Taucorr":0.11794072362551034},"Iteration":49} 
]}