{"Output": [
{"Acceptance":[0.73362240100303],"Energy":{"Mean":-165.3477822580645,"Sigma":0.33059106559840057,"Taucorr":0.25459230134873834},"EnergyVariance":{"Mean":71.76513621065297,"Sigma":3.047750564555211,"Taucorr":-0.02008546372434239},"Iteration":0},
{"Acceptance":[0.6473722704001672],"Energy":{"Mean":-170.2540322580645,"Sigma":0.3666285050538244,"Taucorr":0.4712257467574422},"EnergyVariance":{"Mean":68.5765966441207,"Sigma":3.01626132088228,"Taucorr":0.01994824303769338},"Iteration":1},
{"Acceptance":[0.5601992129000801],"Energy":{"Mean":-175.6733870967742,"Sigma":0.3940124325720347,"Taucorr":0.6084614250336517},"EnergyVariance":{"Mean":69.39735626951091,"Sigma":2.5405391725799062,"Taucorr":-0.06422329074206884},"Iteration":2},
{"Acceptance":[0.4715808170515098],"Energy":{"Mean":-181.73185483870972,"Sigma":0.39524957182619525,"Taucorr":0.6927313442112224},"EnergyVariance":{"Mean":64.899872366025,"Sigma":3.4456740511136146,"Taucorr":0.20207469665507816},"Iteration":3},
{"Acceptance":[0.40467732386027233],"Energy":{"Mean":-185.85584677419357,"Sigma":0.41303443054648264,"Taucorr":1.0513039687795003},"EnergyVariance":{"Mean":54.49030855716702,"Sigma":2.7215196160136745,"Taucorr":0.10186556414324943},"Iteration":4},
{"Acceptance":[0.35278445303521055],"Energy":{"Mean":-189.48689516129036,"Sigma":0.3950662156583326,"Taucorr":1.042502046210834},"EnergyVariance":{"Mean":50.13692503739594,"Sigma":2.7532663692299977,"Taucorr":0.2201385237016279},"Iteration":5},
{"Acceptance":[0.3032598474558562],"Energy":{"Mean":-192.93346774193546,"Sigma":0.2304464293933677,"Taucorr":0.26259395997043566},"EnergyVariance":{"Mean":34.505654103798136,"Sigma":1.4870666987098693,"Taucorr":-0.08552528042594376},"Iteration":6},
{"Acceptance":[0.26467105492285725],"Energy":{"Mean":-195.55645161290323,"Sigma":0.2818296720270225,"Taucorr":0.8760238842975598},"EnergyVariance":{"Mean":28.601651925078045,"Sigma":1.4600585663607761,"Taucorr":0.114167611938637},"Iteration":7},
{"Acceptance":[0.23228154494479852],"Energy":{"Mean":-197.5866935483871,"Sigma":0.17071923033489825,"Taucorr":0.15329662656146736},"EnergyVariance":{"Mean":22.10538745447451,"Sigma":1.2358206505557463,"Taucorr":0.21460882317461294},"Iteration":8},
{"Acceptance":[0.20746700100999546],"Energy":{"Mean":-199.52721774193543,"Sigma":0.1282568160076108,"Taucorr":0.03943099690989027},"EnergyVariance":{"Mean":15.110146291298125,"Sigma":0.9525325291098571,"Taucorr":0.2596393842791723},"Iteration":9},
{"Acceptance":[0.18549089262703305],"Energy":{"Mean":-200.40927419354838,"Sigma":0.20264938547844136,"Taucorr":0.7949712365299966},"EnergyVariance":{"Mean":15.713543021592093,"Sigma":1.021331040158771,"Taucorr":0.13339422474489593},"Iteration":10},
{"Acceptance":[0.16866924389649288],"Energy":{"Mean":-201.07056451612905,"Sigma":0.23635462238455532,"Taucorr":1.5889158378003865},"EnergyVariance":{"Mean":13.25106903616025,"Sigma":0.6907606138817454,"Taucorr":0.040199551227342645},"Iteration":11},
{"Acceptance":[0.15886532232786543],"Energy":{"Mean":-202.13810483870967,"Sigma":0.14641618018208247,"Taucorr":0.7292699883016842},"EnergyVariance":{"Mean":8.641209311589492,"Sigma":0.5678940547433812,"Taucorr":0.3052359064592839},"Iteration":12},
{"Acceptance":[0.14054609410371607],"Energy":{"Mean":-202.94556451612905,"Sigma":0.13710665682280335,"Taucorr":0.583610163910464},"EnergyVariance":{"Mean":8.595827100676377,"Sigma":0.616807257170455,"Taucorr":0.11360404079236186},"Iteration":13},
{"Acceptance":[0.13291888691533452],"Energy":{"Mean":-203.23588709677418,"Sigma":0.1474457617786733,"Taucorr":0.90925692688517},"EnergyVariance":{"Mean":7.643954051768993,"Sigma":0.7058682706253873,"Taucorr":0.4374416494233174},"Iteration":14},
{"Acceptance":[0.12048549437537004],"Energy":{"Mean":-203.9052419354839,"Sigma":0.11357835062943658,"Taucorr":0.6316669569249636},"EnergyVariance":{"Mean":5.648278973725287,"Sigma":0.49933782615361794,"Taucorr":0.37650617559520283},"Iteration":15},
{"Acceptance":[0.11343293978337339],"Energy":{"Mean":-204.12399193548384,"Sigma":0.12473496660116472,"Taucorr":0.8642630402532587},"EnergyVariance":{"Mean":5.650956645096253,"Sigma":0.5686170097516878,"Taucorr":0.6901722744965648},"Iteration":16},
{"Acceptance":[0.10550969943927838],"Energy":{"Mean":-204.46370967741933,"Sigma":0.09053743886143448,"Taucorr":0.45056040928619046},"EnergyVariance":{"Mean":4.2728765608740895,"Sigma":0.4246491854122675,"Taucorr":0.6656917943257448},"Iteration":17},
{"Acceptance":[0.09917110716400236],"Energy":{"Mean":-204.62197580645164,"Sigma":0.08691909270537419,"Taucorr":0.31557718584147887},"EnergyVariance":{"Mean":4.589960612317898,"Sigma":0.4816295243664186,"Taucorr":0.32555739068765566},"Iteration":18},
{"Acceptance":[0.09088217880402605],"Energy":{"Mean":-205.04032258064515,"Sigma":0.09678329370295863,"Taucorr":0.9279366879760542},"EnergyVariance":{"Mean":3.2503902185223725,"Sigma":0.30724230860430485,"Taucorr":0.6004015486691339},"Iteration":19},
{"Acceptance":[0.08804374325218542],"Energy":{"Mean":-205.23487903225805,"Sigma":0.08735912920682794,"Taucorr":0.8291465677511314},"EnergyVariance":{"Mean":2.8450334531087416,"Sigma":0.29296523126620677,"Taucorr":0.3838912925352279},"Iteration":20},
{"Acceptance":[0.08116532581060844],"Energy":{"Mean":-205.26512096774192,"Sigma":0.07041410621192637,"Taucorr":0.38452478647672106},"EnergyVariance":{"Mean":2.777493130528096,"Sigma":0.2140815240520736,"Taucorr":0.06936607353485791},"Iteration":21},
{"Acceptance":[0.07799602967297044],"Energy":{"Mean":-205.4737903225806,"Sigma":0.0639465787385234,"Taucorr":0.34335003206088954},"EnergyVariance":{"Mean":2.402538859261186,"Sigma":0.2151391722546561,"Taucorr":0.20008546914041703},"Iteration":22},
{"Acceptance":[0.07564517814230488],"Energy":{"Mean":-205.52822580645162,"Sigma":0.06295791322793233,"Taucorr":0.2415855265715734},"EnergyVariance":{"Mean":2.6483968522372527,"Sigma":0.32874949222478966,"Taucorr":0.1764948807093163},"Iteration":23},
{"Acceptance":[0.06918468986173511],"Energy":{"Mean":-205.8054435483871,"Sigma":0.06318026427858289,"Taucorr":0.6738825874199661},"EnergyVariance":{"Mean":1.6849300452003118,"Sigma":0.17396259586160107,"Taucorr":0.3676836331115134},"Iteration":24},
{"Acceptance":[0.06697314805140529],"Energy":{"Mean":-205.89919354838707,"Sigma":0.05452687966626539,"Taucorr":0.39442927405899686},"EnergyVariance":{"Mean":1.6470961238293444,"Sigma":0.14688231518220213,"Taucorr":0.02861868505583176},"Iteration":25},
{"Acceptance":[0.06246299585553582],"Energy":{"Mean":-206.01411290322582,"Sigma":0.06117271274655724,"Taucorr":0.37848654406983295},"EnergyVariance":{"Mean":2.110687922736732,"Sigma":0.3891222590355953,"Taucorr":0.491133098765974},"Iteration":26},
{"Acceptance":[0.06255006443074565],"Energy":{"Mean":-206.05544354838707,"Sigma":0.05710428197707999,"Taucorr":0.5462799881993665},"EnergyVariance":{"Mean":1.5443050452003124,"Sigma":0.15728330369760057,"Taucorr":0.05650086255114284},"Iteration":27},
{"Acceptance":[0.056507505311183086],"Energy":{"Mean":-206.1995967741935,"Sigma":0.03991646970132218,"Taucorr":0.22888885344621224},"EnergyVariance":{"Mean":1.0831449986992718,"Sigma":0.1348012077939989,"Taucorr":0.37957586440795965},"Iteration":28},
{"Acceptance":[0.055062166962699825],"Energy":{"Mean":-206.210685483871,"Sigma":0.05512555435527291,"Taucorr":0.6808158285432677},"EnergyVariance":{"Mean":1.2751680784989594,"Sigma":0.21075597110927602,"Taucorr":0.6508274542173507},"Iteration":29},
{"Acceptance":[0.05156201023926445],"Energy":{"Mean":-206.32056451612902,"Sigma":0.047953930299277824,"Taucorr":0.4984679187844536},"EnergyVariance":{"Mean":1.1411900039021854,"Sigma":0.21361551296306866,"Taucorr":0.5057807482023664},"Iteration":30},
{"Acceptance":[0.048967366698011355],"Energy":{"Mean":-206.36592741935485,"Sigma":0.04185592639521547,"Taucorr":0.41012455798484004},"EnergyVariance":{"Mean":0.9537987366675337,"Sigma":0.12771433712867478,"Taucorr":0.2604056175379189},"Iteration":31},
{"Acceptance":[0.048235990666248736],"Energy":{"Mean":-206.37903225806448,"Sigma":0.04515183872870245,"Taucorr":0.3840785794581495},"EnergyVariance":{"Mean":1.1426248699271593,"Sigma":0.20976422726753452,"Taucorr":0.07575295386141212},"Iteration":32},
{"Acceptance":[0.048967366698011355],"Energy":{"Mean":-206.34173387096777,"Sigma":0.04950476100635354,"Taucorr":0.5880326627484569},"EnergyVariance":{"Mean":1.1160808646592093,"Sigma":0.2367511965154271,"Taucorr":0.7863398848473593},"Iteration":33},
{"Acceptance":[0.04598962142583499],"Energy":{"Mean":-206.5070564516129,"Sigma":0.03604682347285992,"Taucorr":0.3562079579305655},"EnergyVariance":{"Mean":0.7519663355228928,"Sigma":0.10360869662699337,"Taucorr":0.23500084225034612},"Iteration":34},
{"Acceptance":[0.04421342249155435],"Energy":{"Mean":-206.50705645161293,"Sigma":0.04994346765071488,"Taucorr":0.9093476061742647},"EnergyVariance":{"Mean":0.8769663355228929,"Sigma":0.18741340586408609,"Taucorr":0.9172601837144274},"Iteration":35},
{"Acceptance":[0.04205412182635043],"Energy":{"Mean":-206.5725806451613,"Sigma":0.035002732971440506,"Taucorr":0.5024159574563074},"EnergyVariance":{"Mean":0.6056191467221644,"Sigma":0.07463071414680951,"Taucorr":0.18087330820001313},"Iteration":36},
{"Acceptance":[0.03818827708703375],"Energy":{"Mean":-206.66633064516128,"Sigma":0.0392187626315731,"Taucorr":1.1274421218689863},"EnergyVariance":{"Mean":0.4683018584157129,"Sigma":0.10046314978368975,"Taucorr":1.1729311796670363},"Iteration":37},
{"Acceptance":[0.03860620624804096],"Energy":{"Mean":-206.5957661290322,"Sigma":0.035731585857437353,"Taucorr":0.5042638928992265},"EnergyVariance":{"Mean":0.6299417517559834,"Sigma":0.12089728878736455,"Taucorr":0.3443323625101672},"Iteration":38},
{"Acceptance":[0.038101208511823914],"Energy":{"Mean":-206.6381048387097,"Sigma":0.03604870282029598,"Taucorr":0.20263970006886312},"EnergyVariance":{"Mean":0.916410924492716,"Sigma":0.19997717202901302,"Taucorr":0.0725747241183411},"Iteration":39},
{"Acceptance":[0.03872810225333473],"Energy":{"Mean":-206.68749999999997,"Sigma":0.030536202734119125,"Taucorr":0.4566136185754026},"EnergyVariance":{"Mean":0.48298891129032256,"Sigma":0.07756806451077572,"Taucorr":0.0598940577303374},"Iteration":40},
{"Acceptance":[0.036307595862501305],"Energy":{"Mean":-206.62701612903226,"Sigma":0.04797511666776235,"Taucorr":0.9616679083029531},"EnergyVariance":{"Mean":0.7802378707075963,"Sigma":0.21628372770135382,"Taucorr":0.679528199137484},"Iteration":41},
{"Acceptance":[0.03230244140284888],"Energy":{"Mean":-206.65826612903228,"Sigma":0.0365451774017922,"Taucorr":0.3786307327329256},"EnergyVariance":{"Mean":0.7531776388527576,"Sigma":0.19970099835164878,"Taucorr":0.4891747131583367},"Iteration":42},
{"Acceptance":[0.03374777975133215],"Energy":{"Mean":-206.7338709677419,"Sigma":0.04508502104293581,"Taucorr":0.9401971155336906},"EnergyVariance":{"Mean":0.6993366285119667,"Sigma":0.22483039202598432,"Taucorr":0.546419251063613},"Iteration":43},
{"Acceptance":[0.03395674433183576],"Energy":{"Mean":-206.71270161290317,"Sigma":0.03156492374778623,"Taucorr":0.25446631890464577},"EnergyVariance":{"Mean":0.6543547980619145,"Sigma":0.15150639926697632,"Taucorr":0.23626831333265474},"Iteration":44},
{"Acceptance":[0.033469160310660676],"Energy":{"Mean":-206.79637096774195,"Sigma":0.030185879948218877,"Taucorr":0.6008055591342714},"EnergyVariance":{"Mean":0.4101481204474506,"Sigma":0.14853817957292378,"Taucorr":0.29496484202418927},"Iteration":45},
{"Acceptance":[0.03211089053738725],"Energy":{"Mean":-206.8185483870968,"Sigma":0.02807901538074244,"Taucorr":0.8873561310313907},"EnergyVariance":{"Mean":0.281591441207076,"Sigma":0.06592071668443507,"Taucorr":0.7365383473932021},"Iteration":46},
{"Acceptance":[0.0316581339462961],"Energy":{"Mean":-206.82560483870964,"Sigma":0.031175118400481986,"Taucorr":0.9016326385746309},"EnergyVariance":{"Mean":0.3435782632023933,"Sigma":0.12081587127220425,"Taucorr":1.1110162630986278},"Iteration":47},
{"Acceptance":[0.03204123567721938],"Energy":{"Mean":-206.7933467741935,"Sigma":0.019853156074154728,"Taucorr":0.11186277537409917},"EnergyVariance":{"Mean":0.31918960555411036,"Sigma":0.05066494183030693,"Taucorr":-0.010929424486257222},"Iteration":48},
{"Acceptance":[0.026869362309755163],"Energy":{"Mean":-206.86290322580646,"Sigma":0.016181450440638262,"Taucorr":0.24242785479472873},"EnergyVariance":{"Mean":0.1747528616024974,"Sigma":0.022222157891957455,"Taucorr":0.13161096142193052},"Iteration":49} 
]}