{"Output": [
{"Acceptance":[0.7225384177575412],"Energy":{"Mean":-3916.895161290322,"Sigma":4.490084269414625,"Taucorr":0.19952384756150432},"EnergyVariance":{"Mean":1772.480944328824,"Sigma":222.09471281148714,"Taucorr":0.10261633671424697},"Iteration":0},
{"Acceptance":[0.3015082527034718],"Energy":{"Mean":-4024.540322580646,"Sigma":3.3450753558502146,"Taucorr":0.2588732464065744},"EnergyVariance":{"Mean":906.8128902185222,"Sigma":124.8174578428144,"Taucorr":0.10638939656118274},"Iteration":1},
{"Acceptance":[0.18571428571428572],"Energy":{"Mean":-4103.419354838708,"Sigma":3.0401300529440225,"Taucorr":0.20629243899741212},"EnergyVariance":{"Mean":804.7757544224767,"Sigma":97.02180961917486,"Taucorr":0.07422704450935314},"Iteration":2},
{"Acceptance":[0.10947638019351166],"Energy":{"Mean":-4193.41129032258,"Sigma":2.2617538984581333,"Taucorr":0.4355608053681047},"EnergyVariance":{"Mean":336.27438865764833,"Sigma":47.91434488452462,"Taucorr":0.11496848281604866},"Iteration":3},
{"Acceptance":[0.07094479225953329],"Energy":{"Mean":-4236.516129032258,"Sigma":1.8145149342887408,"Taucorr":0.2737791251374414},"EnergyVariance":{"Mean":261.68522372528616,"Sigma":37.42123591370177,"Taucorr":0.17657862738325603},"Iteration":4},
{"Acceptance":[0.04311326124075128],"Energy":{"Mean":-4270.870967741935,"Sigma":0.8154152388772989,"Taucorr":-0.10017595513046196},"EnergyVariance":{"Mean":102.2736732570239,"Sigma":11.949039915031047,"Taucorr":0.036353414307826126},"Iteration":5},
{"Acceptance":[0.028201479795105292],"Energy":{"Mean":-4287.169354838709,"Sigma":0.8174332941754873,"Taucorr":0.2531910861052311},"EnergyVariance":{"Mean":54.56002861602499,"Sigma":9.371430003495036,"Taucorr":0.23761186425179726},"Iteration":6},
{"Acceptance":[0.023847467273762094],"Energy":{"Mean":-4293.419354838709,"Sigma":0.6222128280017118,"Taucorr":0.39569885106968894},"EnergyVariance":{"Mean":26.58220603537981,"Sigma":5.231558229002788,"Taucorr":0.3829219126253818},"Iteration":7},
{"Acceptance":[0.0219977233921457],"Energy":{"Mean":-4296.798387096775,"Sigma":0.4299630133565763,"Taucorr":0.07403419594863203},"EnergyVariance":{"Mean":19.806126430801243,"Sigma":2.7831878802963463,"Taucorr":-0.024433547432706204},"Iteration":8},
{"Acceptance":[0.01883892999430848],"Energy":{"Mean":-4304.516129032258,"Sigma":0.514564159958545,"Taucorr":0.17918122436580375},"EnergyVariance":{"Mean":23.97554630593132,"Sigma":2.872312534472482,"Taucorr":-0.008315119711821473},"Iteration":9},
{"Acceptance":[0.009590210586226522],"Energy":{"Mean":-4311.25806451613,"Sigma":0.3349056742038779,"Taucorr":0.058413886782949676},"EnergyVariance":{"Mean":12.352757544224769,"Sigma":1.6271934958872463,"Taucorr":0.07978868666650507},"Iteration":10},
{"Acceptance":[0.005748434832100171],"Energy":{"Mean":-4311.959677419356,"Sigma":0.3106740794275776,"Taucorr":0.05308843224116977},"EnergyVariance":{"Mean":10.732245057232053,"Sigma":2.1906952617410185,"Taucorr":0.010827862629687934},"Iteration":11},
{"Acceptance":[0.001906659077973819],"Energy":{"Mean":-4313.701612903225,"Sigma":0.13035278581084225,"Taucorr":0.4001120385413385},"EnergyVariance":{"Mean":1.160965140478668,"Sigma":0.5708352560959402,"Taucorr":0.4399799715182463},"Iteration":12},
{"Acceptance":[0.0008537279453614115],"Energy":{"Mean":-4313.846774193549,"Sigma":0.0849394307876471,"Taucorr":0.018616495628919316},"EnergyVariance":{"Mean":0.8555541103017688,"Sigma":0.5226006892556041,"Taucorr":-0.01719716075489336},"Iteration":13},
{"Acceptance":[0.001195219123505976],"Energy":{"Mean":-4314.0,"Sigma":0.034780417182005544,"Taucorr":0.012499999999856626},"EnergyVariance":{"Mean":0.14516129032258066,"Sigma":0.04604549168909741,"Taucorr":0.09037102473498249},"Iteration":14},
{"Acceptance":[0.00039840637450199205],"Energy":{"Mean":-4314.145161290321,"Sigma":0.11286481681548202,"Taucorr":0.47742616033793894},"EnergyVariance":{"Mean":0.8015088449531736,"Sigma":0.7568586498441155,"Taucorr":0.5069181457679792},"Iteration":15},
{"Acceptance":[0.0005122367672168469],"Energy":{"Mean":-4314.032258064515,"Sigma":0.032258064516177194,"Taucorr":0.16847826087095485},"EnergyVariance":{"Mean":0.09573361082206036,"Sigma":0.03962272946554783,"Taucorr":0.016142936113532014},"Iteration":16},
{"Acceptance":[0.0004553215708594195],"Energy":{"Mean":-4314.032258064516,"Sigma":0.050190410936597506,"Taucorr":0.3047635135139004},"EnergyVariance":{"Mean":0.19250780437044746,"Sigma":0.13355013801127089,"Taucorr":0.009838206687774242},"Iteration":17},
{"Acceptance":[0.0003414911781445646],"Energy":{"Mean":-4314.0161290322585,"Sigma":0.01612903225807416,"Taucorr":0.5081967213125449},"EnergyVariance":{"Mean":0.015868886576482836,"Sigma":0.015608740894886952,"Taucorr":0.5081967213114755},"Iteration":18},
{"Acceptance":[0.00025611838360842346],"Energy":{"Mean":-4314.0161290322585,"Sigma":0.016129032258111485,"Taucorr":0.5081967213143821},"EnergyVariance":{"Mean":0.015868886576482836,"Sigma":0.01560874089488695,"Taucorr":0.5081967213114753},"Iteration":19},
{"Acceptance":[0.0005406943653955606],"Energy":{"Mean":-4314.072580645161,"Sigma":0.023741292651422927,"Taucorr":0.014975845410828859},"EnergyVariance":{"Mean":0.06731269510926119,"Sigma":0.020294975976226898,"Taucorr":0.01497584541062813},"Iteration":20},
{"Acceptance":[0.0001707455890722823],"Energy":{"Mean":-4314.056451612904,"Sigma":0.0361256718867345,"Taucorr":0.43847908745244313},"EnergyVariance":{"Mean":0.08552289281997918,"Sigma":0.06219028139991654,"Taucorr":0.48284809829690534},"Iteration":21},
{"Acceptance":[0.00022766078542970974],"Energy":{"Mean":-4314.016129032258,"Sigma":0.011213254631515237,"Taucorr":-0.01270491803273821},"EnergyVariance":{"Mean":0.01586888657648283,"Sigma":0.010851536740184414,"Taucorr":-0.012704918032786894},"Iteration":22},
{"Acceptance":[0.0003414911781445646],"Energy":{"Mean":-4313.9516129032245,"Sigma":0.10396659593214846,"Taucorr":0.5088136596920099},"EnergyVariance":{"Mean":0.65894901144641,"Sigma":0.5725009805923341,"Taucorr":0.5025266473145968},"Iteration":23},
{"Acceptance":[0.0003414911781445646],"Energy":{"Mean":-4314.032258064515,"Sigma":0.019197388248767957,"Taucorr":0.22604166666650483},"EnergyVariance":{"Mean":0.031217481789802284,"Sigma":0.01795884707146708,"Taucorr":0.22604166666666703},"Iteration":24},
{"Acceptance":[0.00022766078542970974],"Energy":{"Mean":-4314.080645161292,"Sigma":0.05104696442669431,"Taucorr":0.8079087048837372},"EnergyVariance":{"Mean":0.12252861602497395,"Sigma":0.08952318113921331,"Taucorr":0.9651380878926508},"Iteration":25},
{"Acceptance":[0.0008537279453614115],"Energy":{"Mean":-4314.096774193549,"Sigma":0.06525118891804148,"Taucorr":0.4319907407403887},"EnergyVariance":{"Mean":0.2809573361082206,"Sigma":0.24501976305216397,"Taucorr":0.5015733838737368},"Iteration":26},
{"Acceptance":[0.0004553215708594195],"Energy":{"Mean":-4313.774193548386,"Sigma":0.2595889116514672,"Taucorr":0.5082626582279999},"EnergyVariance":{"Mean":4.1103017689906345,"Sigma":4.010987316005036,"Taucorr":0.5077613275241752},"Iteration":27},
{"Acceptance":[0.0005122367672168469],"Energy":{"Mean":-4314.104838709679,"Sigma":0.03978131340576335,"Taucorr":0.537075537075185},"EnergyVariance":{"Mean":0.09384755463059313,"Sigma":0.03144007027218794,"Taucorr":0.5370755370755369},"Iteration":28},
{"Acceptance":[0.0006829823562891292],"Energy":{"Mean":-4314.056451612904,"Sigma":0.02515991173507935,"Taucorr":0.23089133089259084},"EnergyVariance":{"Mean":0.05326482830385015,"Sigma":0.022319276539101377,"Taucorr":0.23089133089133074},"Iteration":29},
{"Acceptance":[0.0008537279453614115],"Energy":{"Mean":-4314.112903225808,"Sigma":0.03989015441192096,"Taucorr":0.3415548098430683},"EnergyVariance":{"Mean":0.11628511966701355,"Sigma":0.039193517651606835,"Taucorr":0.13478775708390323},"Iteration":30},
{"Acceptance":[0.0007968127490039841],"Energy":{"Mean":-4314.129032258064,"Sigma":0.06747258278502397,"Taucorr":0.36934571890180634},"EnergyVariance":{"Mean":0.3220603537981269,"Sigma":0.2413015576028627,"Taucorr":0.4825071946835615},"Iteration":31},
{"Acceptance":[0.0007968127490039841],"Energy":{"Mean":-4314.080645161291,"Sigma":0.02690858872309069,"Taucorr":-0.006700288184699643},"EnergyVariance":{"Mean":0.09027055150884494,"Sigma":0.03387732093461744,"Taucorr":-0.021237672212604197},"Iteration":32},
{"Acceptance":[0.001309049516220831],"Energy":{"Mean":-4314.2983870967755,"Sigma":0.09305114419129129,"Taucorr":0.7707900046561438},"EnergyVariance":{"Mean":0.4190296566077002,"Sigma":0.16199832648115725,"Taucorr":0.6294695935532653},"Iteration":33},
{"Acceptance":[0.0018782014797951053],"Energy":{"Mean":-4314.161290322581,"Sigma":0.04106837188055045,"Taucorr":0.26677884615340497},"EnergyVariance":{"Mean":0.1352757544224766,"Sigma":0.027820509983553152,"Taucorr":0.26677884615384573},"Iteration":34},
{"Acceptance":[0.0019351166761525328],"Energy":{"Mean":-4314.290322580645,"Sigma":0.05197287106838355,"Taucorr":0.2477459016395448},"EnergyVariance":{"Mean":0.22216441207075965,"Sigma":0.02880483543732716,"Taucorr":0.04172280258084493},"Iteration":35},
{"Acceptance":[0.002731929425156517],"Energy":{"Mean":-4314.32258064516,"Sigma":0.07070454616022276,"Taucorr":0.47510313531301795},"EnergyVariance":{"Mean":0.31529656607700307,"Sigma":0.10329408522384374,"Taucorr":0.6573481912146999},"Iteration":36},
{"Acceptance":[0.0034718269778030732],"Energy":{"Mean":-4314.395161290323,"Sigma":0.04748258530283166,"Taucorr":0.0801360544216071},"EnergyVariance":{"Mean":0.2390088449531738,"Sigma":0.009956025950564393,"Taucorr":0.08013605442176852},"Iteration":37},
{"Acceptance":[0.00421172453044963],"Energy":{"Mean":-4314.5887096774195,"Sigma":0.08404139012973272,"Taucorr":0.3684046287865962},"EnergyVariance":{"Mean":0.5001951092611864,"Sigma":0.1444385932923699,"Taucorr":0.5534570409297739},"Iteration":38},
{"Acceptance":[0.003130335799658509],"Energy":{"Mean":-4314.838709677419,"Sigma":0.06194472377313344,"Taucorr":0.18410633484162964},"EnergyVariance":{"Mean":0.3449531737773152,"Sigma":0.07599113184739803,"Taucorr":0.10422303388884335},"Iteration":39},
{"Acceptance":[0.0027603870233352304],"Energy":{"Mean":-4315.032258064517,"Sigma":0.08419602023312198,"Taucorr":0.23182314410452398},"EnergyVariance":{"Mean":0.5957336108220603,"Sigma":0.12263903153250073,"Taucorr":0.19662400527940027},"Iteration":40},
{"Acceptance":[0.0020489470688673877],"Energy":{"Mean":-4315.451612903226,"Sigma":0.08708183862384505,"Taucorr":0.07422325432431831},"EnergyVariance":{"Mean":0.8121748178980228,"Sigma":0.12121882497876103,"Taucorr":-0.0399347603095872},"Iteration":41},
{"Acceptance":[0.0034718269778030732],"Energy":{"Mean":-4315.5161290322585,"Sigma":0.07417601475849522,"Taucorr":-0.13503787878789358},"EnergyVariance":{"Mean":0.9271592091571279,"Sigma":0.08732397323818812,"Taucorr":-0.05361029730050443},"Iteration":42},
{"Acceptance":[0.0025327262379055207],"Energy":{"Mean":-4316.34677419355,"Sigma":0.08572698236075624,"Taucorr":0.018503320152124747},"EnergyVariance":{"Mean":0.8716831425598335,"Sigma":0.058116325954112626,"Taucorr":-0.009417301417770252},"Iteration":43},
{"Acceptance":[0.0011383039271485487],"Energy":{"Mean":-4316.709677419354,"Sigma":0.09843996464301805,"Taucorr":0.5328561767359055},"EnergyVariance":{"Mean":0.577003121748179,"Sigma":0.16279662342375215,"Taucorr":0.3268077135867019},"Iteration":44},
{"Acceptance":[0.0005122367672168469],"Energy":{"Mean":-4316.879032258064,"Sigma":0.05664329974652266,"Taucorr":0.5553043478261541},"EnergyVariance":{"Mean":0.18697970863683663,"Sigma":0.09259666187261562,"Taucorr":0.5718043690539898},"Iteration":45},
{"Acceptance":[0.0001707455890722823],"Energy":{"Mean":-4316.991935483871,"Sigma":0.008064516129036541,"Taucorr":6.590283874174929e-13},"EnergyVariance":{"Mean":0.007999479708636837,"Sigma":0.007934443288245203,"Taucorr":2.220446049250313e-16},"Iteration":46},
{"Acceptance":[0.0001707455890722823],"Energy":{"Mean":-4316.8387096774195,"Sigma":0.12408178185485011,"Taucorr":0.9535842651756152},"EnergyVariance":{"Mean":0.6514047866805411,"Sigma":0.5664270514566876,"Taucorr":1.0146800860693574},"Iteration":47},
{"Acceptance":[0.0],"Energy":{"Mean":-4317.0,"Sigma":0.0,"Taucorr":null},"EnergyVariance":{"Mean":0.0,"Sigma":0.0,"Taucorr":null},"Iteration":48},
{"Acceptance":[0.0],"Energy":{"Mean":-4317.0,"Sigma":0.0,"Taucorr":null},"EnergyVariance":{"Mean":0.0,"Sigma":0.0,"Taucorr":null},"Iteration":49},
{"Acceptance":[5.6915196357427435e-05],"Energy":{"Mean":-4317.0161290322585,"Sigma":0.016129032258119062,"Taucorr":2.652988939644274e-12},"EnergyVariance":{"Mean":0.03199791883454736,"Sigma":0.03173777315295147,"Taucorr":0.0},"Iteration":50},
{"Acceptance":[0.0],"Energy":{"Mean":-4317.0,"Sigma":0.0,"Taucorr":null},"EnergyVariance":{"Mean":0.0,"Sigma":0.0,"Taucorr":null},"Iteration":51},
{"Acceptance":[0.00011383039271485487],"Energy":{"Mean":-4317.032258064516,"Sigma":0.032258064516132536,"Taucorr":0.5081967213116543},"EnergyVariance":{"Mean":0.06347554630593132,"Sigma":0.06243496357960647,"Taucorr":0.5081967213114753},"Iteration":52},
{"Acceptance":[0.0],"Energy":{"Mean":-4317.0,"Sigma":0.0,"Taucorr":null},"EnergyVariance":{"Mean":0.0,"Sigma":0.0,"Taucorr":null},"Iteration":53},
{"Acceptance":[0.0],"Energy":{"Mean":-4317.0,"Sigma":0.0,"Taucorr":null},"EnergyVariance":{"Mean":0.0,"Sigma":0.0,"Taucorr":null},"Iteration":54},
{"Acceptance":[5.6915196357427435e-05],"Energy":{"Mean":-4316.895161290321,"Sigma":0.1048387096774386,"Taucorr":1.5876189252139739e-13},"EnergyVariance":{"Mean":1.3519120707596255,"Sigma":1.3409209157124857,"Taucorr":2.220446049250313e-16},"Iteration":55},
{"Acceptance":[0.0],"Energy":{"Mean":-4317.0,"Sigma":0.0,"Taucorr":null},"EnergyVariance":{"Mean":0.0,"Sigma":0.0,"Taucorr":null},"Iteration":56},
{"Acceptance":[0.00011383039271485487],"Energy":{"Mean":-4316.9838709677415,"Sigma":0.01612903225805718,"Taucorr":-5.121458812595847e-13},"EnergyVariance":{"Mean":0.03199791883454734,"Sigma":0.03173777315295146,"Taucorr":0.0},"Iteration":57},
{"Acceptance":[0.00011383039271485487],"Energy":{"Mean":-4316.774193548386,"Sigma":0.13438171774140367,"Taucorr":0.22604166666670023},"EnergyVariance":{"Mean":1.529656607700312,"Sigma":0.8799835064999314,"Taucorr":0.22604166666666703},"Iteration":58},
{"Acceptance":[0.0],"Energy":{"Mean":-4317.0,"Sigma":0.0,"Taucorr":null},"EnergyVariance":{"Mean":0.0,"Sigma":0.0,"Taucorr":null},"Iteration":59},
{"Acceptance":[0.00011383039271485487],"Energy":{"Mean":-4317.0,"Sigma":0.0,"Taucorr":null},"EnergyVariance":{"Mean":0.0,"Sigma":0.0,"Taucorr":null},"Iteration":60},
{"Acceptance":[0.0001707455890722823],"Energy":{"Mean":-4316.943548387096,"Sigma":0.05401821354944134,"Taucorr":-0.0011209546196497833},"EnergyVariance":{"Mean":0.3597164412070761,"Sigma":0.2309480241427561,"Taucorr":-0.016317932176026062},"Iteration":61},
{"Acceptance":[0.0],"Energy":{"Mean":-4317.0,"Sigma":0.0,"Taucorr":null},"EnergyVariance":{"Mean":0.0,"Sigma":0.0,"Taucorr":null},"Iteration":62},
{"Acceptance":[5.6915196357427435e-05],"Energy":{"Mean":-4317.0,"Sigma":0.0,"Taucorr":null},"EnergyVariance":{"Mean":0.0,"Sigma":0.0,"Taucorr":null},"Iteration":63},
{"Acceptance":[0.0],"Energy":{"Mean":-4317.0,"Sigma":0.0,"Taucorr":null},"EnergyVariance":{"Mean":0.0,"Sigma":0.0,"Taucorr":null},"Iteration":64},
{"Acceptance":[0.00011383039271485487],"Energy":{"Mean":-4316.927419354839,"Sigma":0.050791515128225675,"Taucorr":-0.012392564460983246},"EnergyVariance":{"Mean":0.3253772112382935,"Sigma":0.228389623919634,"Taucorr":-0.011491419486613641},"Iteration":65},
{"Acceptance":[5.6915196357427435e-05],"Energy":{"Mean":-4317.0,"Sigma":0.0,"Taucorr":null},"EnergyVariance":{"Mean":0.0,"Sigma":0.0,"Taucorr":null},"Iteration":66},
{"Acceptance":[0.00011383039271485487],"Energy":{"Mean":-4316.991935483872,"Sigma":0.008064516129023973,"Taucorr":-6.479261571712414e-13},"EnergyVariance":{"Mean":0.007999479708636835,"Sigma":0.007934443288259872,"Taucorr":2.220446049250313e-16},"Iteration":67},
{"Acceptance":[5.6915196357427435e-05],"Energy":{"Mean":-4316.991935483872,"Sigma":0.008064516129024361,"Taucorr":-6.231681837221004e-13},"EnergyVariance":{"Mean":0.007999479708636835,"Sigma":0.00793444328825987,"Taucorr":2.220446049250313e-16},"Iteration":68},
{"Acceptance":[0.0],"Energy":{"Mean":-4317.0,"Sigma":0.0,"Taucorr":null},"EnergyVariance":{"Mean":0.0,"Sigma":0.0,"Taucorr":null},"Iteration":69},
{"Acceptance":[0.00011383039271485487],"Energy":{"Mean":-4316.9516129032245,"Sigma":0.03363976389457582,"Taucorr":-0.012704918031920143},"EnergyVariance":{"Mean":0.1428199791883454,"Sigma":0.09766383066147613,"Taucorr":-0.012704918032787227},"Iteration":70},
{"Acceptance":[0.0],"Energy":{"Mean":-4317.0,"Sigma":0.0,"Taucorr":null},"EnergyVariance":{"Mean":0.0,"Sigma":0.0,"Taucorr":null},"Iteration":71},
{"Acceptance":[0.0001707455890722823],"Energy":{"Mean":-4317.0,"Sigma":0.0,"Taucorr":null},"EnergyVariance":{"Mean":0.0,"Sigma":0.0,"Taucorr":null},"Iteration":72},
{"Acceptance":[0.0],"Energy":{"Mean":-4317.0,"Sigma":0.0,"Taucorr":null},"EnergyVariance":{"Mean":0.0,"Sigma":0.0,"Taucorr":null},"Iteration":73},
{"Acceptance":[5.6915196357427435e-05],"Energy":{"Mean":-4317.0,"Sigma":0.0,"Taucorr":null},"EnergyVariance":{"Mean":0.0,"Sigma":0.0,"Taucorr":null},"Iteration":74},
{"Acceptance":[5.6915196357427435e-05],"Energy":{"Mean":-4317.0161290322585,"Sigma":0.01612903225807416,"Taucorr":5.069278330438465e-13},"EnergyVariance":{"Mean":0.03199791883454735,"Sigma":0.03173777315295146,"Taucorr":0.0},"Iteration":75},
{"Acceptance":[0.0],"Energy":{"Mean":-4317.0,"Sigma":0.0,"Taucorr":null},"EnergyVariance":{"Mean":0.0,"Sigma":0.0,"Taucorr":null},"Iteration":76},
{"Acceptance":[5.6915196357427435e-05],"Energy":{"Mean":-4317.0,"Sigma":0.0,"Taucorr":null},"EnergyVariance":{"Mean":0.0,"Sigma":0.0,"Taucorr":null},"Iteration":77},
{"Acceptance":[0.0],"Energy":{"Mean":-4317.0,"Sigma":0.0,"Taucorr":null},"EnergyVariance":{"Mean":0.0,"Sigma":0.0,"Taucorr":null},"Iteration":78},
{"Acceptance":[0.0],"Energy":{"Mean":-4317.0,"Sigma":0.0,"Taucorr":null},"EnergyVariance":{"Mean":0.0,"Sigma":0.0,"Taucorr":null},"Iteration":79},
{"Acceptance":[0.0],"Energy":{"Mean":-4317.0,"Sigma":0.0,"Taucorr":null},"EnergyVariance":{"Mean":0.0,"Sigma":0.0,"Taucorr":null},"Iteration":80},
{"Acceptance":[5.6915196357427435e-05],"Energy":{"Mean":-4317.0161290322585,"Sigma":0.016129032258083285,"Taucorr":9.350298313393068e-13},"EnergyVariance":{"Mean":0.03199791883454736,"Sigma":0.03173777315295147,"Taucorr":0.0},"Iteration":81},
{"Acceptance":[0.0],"Energy":{"Mean":-4317.0,"Sigma":0.0,"Taucorr":null},"EnergyVariance":{"Mean":0.0,"Sigma":0.0,"Taucorr":null},"Iteration":82},
{"Acceptance":[0.0],"Energy":{"Mean":-4317.0,"Sigma":0.0,"Taucorr":null},"EnergyVariance":{"Mean":0.0,"Sigma":0.0,"Taucorr":null},"Iteration":83},
{"Acceptance":[5.6915196357427435e-05],"Energy":{"Mean":-4317.0161290322585,"Sigma":0.016129032258083285,"Taucorr":9.350298313393068e-13},"EnergyVariance":{"Mean":0.03199791883454736,"Sigma":0.03173777315295147,"Taucorr":0.0},"Iteration":84},
{"Acceptance":[5.6915196357427435e-05],"Energy":{"Mean":-4317.0,"Sigma":0.0,"Taucorr":null},"EnergyVariance":{"Mean":0.0,"Sigma":0.0,"Taucorr":null},"Iteration":85},
{"Acceptance":[5.6915196357427435e-05],"Energy":{"Mean":-4316.919354838708,"Sigma":0.08064516129033952,"Taucorr":0.5081967213116441},"EnergyVariance":{"Mean":0.39672216441207075,"Sigma":0.3902185223723204,"Taucorr":0.508196721311476},"Iteration":86},
{"Acceptance":[5.6915196357427435e-05],"Energy":{"Mean":-4317.032258064516,"Sigma":0.02242650926303061,"Taucorr":-0.012704918032659884},"EnergyVariance":{"Mean":0.06347554630593133,"Sigma":0.04340614696069686,"Taucorr":-0.012704918032786894},"Iteration":87},
{"Acceptance":[0.0],"Energy":{"Mean":-4317.0,"Sigma":0.0,"Taucorr":null},"EnergyVariance":{"Mean":0.0,"Sigma":0.0,"Taucorr":null},"Iteration":88},
{"Acceptance":[0.0],"Energy":{"Mean":-4317.0,"Sigma":0.0,"Taucorr":null},"EnergyVariance":{"Mean":0.0,"Sigma":0.0,"Taucorr":null},"Iteration":89},
{"Acceptance":[0.0],"Energy":{"Mean":-4317.0,"Sigma":0.0,"Taucorr":null},"EnergyVariance":{"Mean":0.0,"Sigma":0.0,"Taucorr":null},"Iteration":90},
{"Acceptance":[0.0],"Energy":{"Mean":-4317.0,"Sigma":0.0,"Taucorr":null},"EnergyVariance":{"Mean":0.0,"Sigma":0.0,"Taucorr":null},"Iteration":91},
{"Acceptance":[5.6915196357427435e-05],"Energy":{"Mean":-4316.919354838708,"Sigma":0.08064516129034974,"Taucorr":0.5081967213119076},"EnergyVariance":{"Mean":0.39672216441207075,"Sigma":0.39021852237232046,"Taucorr":0.5081967213114762},"Iteration":92},
{"Acceptance":[0.00011383039271485487],"Energy":{"Mean":-4317.0,"Sigma":0.0,"Taucorr":null},"EnergyVariance":{"Mean":0.0,"Sigma":0.0,"Taucorr":null},"Iteration":93},
{"Acceptance":[5.6915196357427435e-05],"Energy":{"Mean":-4317.056451612903,"Sigma":0.056451612903227005,"Taucorr":4.551914400963142e-14},"EnergyVariance":{"Mean":0.3919745057232048,"Sigma":0.38878772112380944,"Taucorr":2.220446049250313e-16},"Iteration":94},
{"Acceptance":[5.6915196357427435e-05],"Energy":{"Mean":-4317.0,"Sigma":0.0,"Taucorr":null},"EnergyVariance":{"Mean":0.0,"Sigma":0.0,"Taucorr":null},"Iteration":95},
{"Acceptance":[0.0],"Energy":{"Mean":-4317.0,"Sigma":0.0,"Taucorr":null},"EnergyVariance":{"Mean":0.0,"Sigma":0.0,"Taucorr":null},"Iteration":96},
{"Acceptance":[0.0],"Energy":{"Mean":-4317.0,"Sigma":0.0,"Taucorr":null},"EnergyVariance":{"Mean":0.0,"Sigma":0.0,"Taucorr":null},"Iteration":97},
{"Acceptance":[5.6915196357427435e-05],"Energy":{"Mean":-4317.024193548386,"Sigma":0.024193548387078476,"Taucorr":-6.06070749142873e-13},"EnergyVariance":{"Mean":0.07199531737773152,"Sigma":0.07140998959420682,"Taucorr":2.220446049250313e-16},"Iteration":98},
{"Acceptance":[5.6915196357427435e-05],"Energy":{"Mean":-4316.991935483871,"Sigma":0.008064516129027411,"Taucorr":-6.31494856406789e-13},"EnergyVariance":{"Mean":0.007999479708636835,"Sigma":0.0079344432882452,"Taucorr":-2.220446049250313e-16},"Iteration":99} 
]}