{"Output": [
{"Acceptance":[0.9188383045525903],"Energy":{"Mean":-511.7096774193548,"Sigma":1.2672517452261423,"Taucorr":-0.07963242133002607},"EnergyVariance":{"Mean":234.9479708636836,"Sigma":36.9062517261362,"Taucorr":-0.01835221250462199},"Iteration":0},
{"Acceptance":[0.8916012558869701],"Energy":{"Mean":-510.1532258064516,"Sigma":1.2164683933682046,"Taucorr":-0.06246585990515369},"EnergyVariance":{"Mean":208.00071540062433,"Sigma":29.28653908459247,"Taucorr":0.03572027388688492},"Iteration":1},
{"Acceptance":[0.863265306122449],"Energy":{"Mean":-513.6532258064516,"Sigma":1.497474460772528,"Taucorr":0.21039823594385032},"EnergyVariance":{"Mean":194.1297476586889,"Sigma":27.39922515032541,"Taucorr":0.16480846736125943},"Iteration":2},
{"Acceptance":[0.8551020408163266],"Energy":{"Mean":-515.1532258064516,"Sigma":1.112772705452154,"Taucorr":-0.15175676861284892},"EnergyVariance":{"Mean":218.678134755463,"Sigma":33.38608452851855,"Taucorr":-0.06598369091843087},"Iteration":3},
{"Acceptance":[0.7891679748822606],"Energy":{"Mean":-519.0887096774192,"Sigma":1.6130577882931558,"Taucorr":0.2590273786706643},"EnergyVariance":{"Mean":210.82277575442242,"Sigma":26.996751653922907,"Taucorr":0.028011058938313793},"Iteration":4},
{"Acceptance":[0.6824960753532182],"Energy":{"Mean":-524.0483870967743,"Sigma":1.4241305286900972,"Taucorr":0.049950736091117665},"EnergyVariance":{"Mean":226.804110301769,"Sigma":29.955498186321716,"Taucorr":-0.013384758969284705},"Iteration":5},
{"Acceptance":[0.5625588697017269],"Energy":{"Mean":-530.6451612903227,"Sigma":1.6070984252979723,"Taucorr":0.17262851499415244},"EnergyVariance":{"Mean":236.14828303850157,"Sigma":20.638404125657022,"Taucorr":-0.2018165652975516},"Iteration":6},
{"Acceptance":[0.4510989010989011],"Energy":{"Mean":-541.983870967742,"Sigma":1.6043009851826213,"Taucorr":0.39615961005124056},"EnergyVariance":{"Mean":176.62877211238296,"Sigma":21.404626541325847,"Taucorr":0.03654246429197827},"Iteration":7},
{"Acceptance":[0.3795918367346939],"Energy":{"Mean":-548.709677419355,"Sigma":1.369556515918504,"Taucorr":0.249309198074947},"EnergyVariance":{"Mean":153.94797086368362,"Sigma":19.956521949162056,"Taucorr":0.009309372533380156},"Iteration":8},
{"Acceptance":[0.3274725274725275],"Energy":{"Mean":-559.7177419354838,"Sigma":1.1469772062942587,"Taucorr":0.26123707403756224},"EnergyVariance":{"Mean":106.28323361082205,"Sigma":16.89174382651463,"Taucorr":0.30553662678604077},"Iteration":9},
{"Acceptance":[0.2707221350078493],"Energy":{"Mean":-568.5725806451611,"Sigma":1.0678081225628373,"Taucorr":0.2053073332831833},"EnergyVariance":{"Mean":99.42215140478667,"Sigma":12.9190892376821,"Taucorr":0.04777292755437734},"Iteration":10},
{"Acceptance":[0.22291993720565148],"Energy":{"Mean":-575.7983870967745,"Sigma":0.8378976631605639,"Taucorr":-0.04332793816907915},"EnergyVariance":{"Mean":94.54806191467222,"Sigma":9.040605327228187,"Taucorr":-0.15600537502965628},"Iteration":11},
{"Acceptance":[0.18288854003139718],"Energy":{"Mean":-585.0322580645161,"Sigma":0.9171852347096207,"Taucorr":0.0975491418578679},"EnergyVariance":{"Mean":86.57960457856399,"Sigma":9.61763729326462,"Taucorr":0.09418148179947972},"Iteration":12},
{"Acceptance":[0.1576138147566719],"Energy":{"Mean":-589.6612903225806,"Sigma":0.7393098702757874,"Taucorr":0.025773312283072558},"EnergyVariance":{"Mean":63.93366285119667,"Sigma":7.075794269948411,"Taucorr":0.08417955692137202},"Iteration":13},
{"Acceptance":[0.12260596546310833],"Energy":{"Mean":-595.8467741935485,"Sigma":0.9182789403437706,"Taucorr":0.45690989102246526},"EnergyVariance":{"Mean":54.19426378772111,"Sigma":6.835525038960401,"Taucorr":0.010257265562774842},"Iteration":14},
{"Acceptance":[0.09874411302982732],"Energy":{"Mean":-600.0645161290321,"Sigma":0.6085157049439002,"Taucorr":0.21138768345604475},"EnergyVariance":{"Mean":32.01196670135275,"Sigma":3.2523544550330823,"Taucorr":-0.09346428116759087},"Iteration":15},
{"Acceptance":[0.0728414442700157],"Energy":{"Mean":-604.5725806451613,"Sigma":0.5342054632196787,"Taucorr":0.2721808426926129},"EnergyVariance":{"Mean":22.7286030176899,"Sigma":4.765094729718301,"Taucorr":0.3773308627753965},"Iteration":16},
{"Acceptance":[0.06671899529042387],"Energy":{"Mean":-605.6290322580645,"Sigma":0.4600828244367077,"Taucorr":0.12690609222905758},"EnergyVariance":{"Mean":20.765608740894898,"Sigma":3.424577482567706,"Taucorr":-0.005349116879876159},"Iteration":17},
{"Acceptance":[0.061067503924646785],"Energy":{"Mean":-607.8629032258065,"Sigma":0.38518231782805934,"Taucorr":0.1929968239228289},"EnergyVariance":{"Mean":13.166688345473466,"Sigma":2.7723802885886832,"Taucorr":0.03156424775337452},"Iteration":18},
{"Acceptance":[0.05141287284144427],"Energy":{"Mean":-608.8790322580646,"Sigma":0.3287052982286635,"Taucorr":0.3180893739340752},"EnergyVariance":{"Mean":8.122463579604577,"Sigma":2.0180462178973055,"Taucorr":0.3096960116060211},"Iteration":19},
{"Acceptance":[0.04387755102040816],"Energy":{"Mean":-610.1048387096773,"Sigma":0.30492688034782567,"Taucorr":0.0823315914615308},"EnergyVariance":{"Mean":9.819654006243496,"Sigma":1.3633740984390683,"Taucorr":0.003935266169558194},"Iteration":20},
{"Acceptance":[0.036734693877551024],"Energy":{"Mean":-611.1129032258065,"Sigma":0.29622143473676105,"Taucorr":0.3360113650102934},"EnergyVariance":{"Mean":6.4549947970863695,"Sigma":1.0317985813433408,"Taucorr":-0.02495845473232644},"Iteration":21},
{"Acceptance":[0.02849293563579278],"Energy":{"Mean":-612.3145161290324,"Sigma":0.2093152372373164,"Taucorr":0.1726276483480652},"EnergyVariance":{"Mean":4.005918314255984,"Sigma":0.7347264945242523,"Taucorr":0.12667459945037063},"Iteration":22},
{"Acceptance":[0.022762951334379906],"Energy":{"Mean":-613.008064516129,"Sigma":0.2132959070101372,"Taucorr":0.2867399374577114},"EnergyVariance":{"Mean":3.55638657648283,"Sigma":0.63329936268542,"Taucorr":0.0928270662222821},"Iteration":23},
{"Acceptance":[0.022370486656200943],"Energy":{"Mean":-613.258064516129,"Sigma":0.19416344924456,"Taucorr":0.30815877765685595},"EnergyVariance":{"Mean":2.8688865764828306,"Sigma":0.5328162797390276,"Taucorr":0.15899087762506214},"Iteration":24},
{"Acceptance":[0.020486656200941915],"Energy":{"Mean":-613.5967741935484,"Sigma":0.17873413131864388,"Taucorr":0.15517480697492125},"EnergyVariance":{"Mean":2.9986992715920917,"Sigma":0.674913231238013,"Taucorr":-0.037825518602900565},"Iteration":25},
{"Acceptance":[0.01726844583987441],"Energy":{"Mean":-613.8548387096773,"Sigma":0.1791460454055867,"Taucorr":0.4363260520794777},"EnergyVariance":{"Mean":2.1079604578563993,"Sigma":0.4218983388286596,"Taucorr":0.1589721673455129},"Iteration":26},
{"Acceptance":[0.013579277864992152],"Energy":{"Mean":-614.2661290322582,"Sigma":0.17958115990662846,"Taucorr":0.3416117013936828},"EnergyVariance":{"Mean":2.3565946930280957,"Sigma":0.9237458679762455,"Taucorr":0.1972310797562501},"Iteration":27},
{"Acceptance":[0.012323390894819467],"Energy":{"Mean":-614.290322580645,"Sigma":0.1265212667498746,"Taucorr":-0.08973330442324529},"EnergyVariance":{"Mean":2.399583766909469,"Sigma":0.721771781488953,"Taucorr":0.06015752908447203},"Iteration":28},
{"Acceptance":[0.010361067503924647],"Energy":{"Mean":-614.709677419355,"Sigma":0.16923959212354045,"Taucorr":0.4118165903581782},"EnergyVariance":{"Mean":1.9318418314255978,"Sigma":0.5205748187282211,"Taucorr":0.37447739003239333},"Iteration":29},
{"Acceptance":[0.0062009419152276295],"Energy":{"Mean":-614.7822580645163,"Sigma":0.15060002547331813,"Taucorr":0.07438870885670568},"EnergyVariance":{"Mean":2.42839490114464,"Sigma":1.7481076745338562,"Taucorr":-0.008705435130563988},"Iteration":30},
{"Acceptance":[0.005416012558869702],"Energy":{"Mean":-614.8306451612904,"Sigma":0.1468244035588228,"Taucorr":0.3498436653187551},"EnergyVariance":{"Mean":1.5600286160249737,"Sigma":0.7861563185632161,"Taucorr":0.3586333457194306},"Iteration":31},
{"Acceptance":[0.005180533751962323],"Energy":{"Mean":-614.9274193548387,"Sigma":0.12170029089824774,"Taucorr":0.2132976827094767},"EnergyVariance":{"Mean":1.2769901144641003,"Sigma":0.6376246862618539,"Taucorr":-0.020561678075138312},"Iteration":32},
{"Acceptance":[0.005965463108320251],"Energy":{"Mean":-615.0645161290323,"Sigma":0.13063520471816908,"Taucorr":0.17964959568731298},"EnergyVariance":{"Mean":1.5442247658688868,"Sigma":0.4662272717391067,"Taucorr":-0.027509674369857684},"Iteration":33},
{"Acceptance":[0.006122448979591836],"Energy":{"Mean":-615.1693548387096,"Sigma":0.13389687532701286,"Taucorr":0.3165245870057234},"EnergyVariance":{"Mean":1.3503511966701354,"Sigma":0.3870250337143895,"Taucorr":0.4269034556101162},"Iteration":34},
{"Acceptance":[0.0065149136577708],"Energy":{"Mean":-615.2983870967744,"Sigma":0.10396659593215304,"Taucorr":0.30845527169187037},"EnergyVariance":{"Mean":0.8222554630593133,"Sigma":0.17522430650224963,"Taucorr":0.6346779009226127},"Iteration":35},
{"Acceptance":[0.006828885400313972],"Energy":{"Mean":-615.5000000000002,"Sigma":0.12805408803456914,"Taucorr":0.4262962962962822},"EnergyVariance":{"Mean":1.0887096774193548,"Sigma":0.14177654835529097,"Taucorr":0.030819928507510475},"Iteration":36},
{"Acceptance":[0.01020408163265306],"Energy":{"Mean":-615.5645161290322,"Sigma":0.09970908081905584,"Taucorr":0.18622627737230457},"EnergyVariance":{"Mean":0.8909989594172737,"Sigma":0.10845215229986059,"Taucorr":0.2984852251782907},"Iteration":37},
{"Acceptance":[0.012323390894819467],"Energy":{"Mean":-615.733870967742,"Sigma":0.12906585584091074,"Taucorr":0.1474127656076496},"EnergyVariance":{"Mean":1.5824011446409991,"Sigma":0.42655958977988545,"Taucorr":-0.03365093707925382},"Iteration":38},
{"Acceptance":[0.01098901098901099],"Energy":{"Mean":-616.2016129032257,"Sigma":0.1138401981029873,"Taucorr":0.12566498187572417},"EnergyVariance":{"Mean":1.2738683662851196,"Sigma":0.23032752973409082,"Taucorr":-0.02970750481494755},"Iteration":39},
{"Acceptance":[0.007378335949764521],"Energy":{"Mean":-616.4193548387098,"Sigma":0.09302784354133561,"Taucorr":0.1458017676767912},"EnergyVariance":{"Mean":0.8241415192507804,"Sigma":0.07802335264758332,"Taucorr":0.14580176767676778},"Iteration":40},
{"Acceptance":[0.004474097331240189],"Energy":{"Mean":-616.7419354838709,"Sigma":0.0790432294337715,"Taucorr":0.1831753006475233},"EnergyVariance":{"Mean":0.5624349635796045,"Sigma":0.14541681318689476,"Taucorr":0.03677864038659462},"Iteration":41},
{"Acceptance":[0.0037676609105180532],"Energy":{"Mean":-616.6370967741938,"Sigma":0.11408749099618146,"Taucorr":0.13356153806558002},"EnergyVariance":{"Mean":1.263462539021852,"Sigma":0.7635762274869117,"Taucorr":0.017652919665335443},"Iteration":42},
{"Acceptance":[0.002904238618524333],"Energy":{"Mean":-616.8467741935484,"Sigma":0.05271833676781173,"Taucorr":0.12174118760351016},"EnergyVariance":{"Mean":0.27490894901144647,"Sigma":0.08915172011914717,"Taucorr":0.13207035724100225},"Iteration":43},
{"Acceptance":[0.00141287284144427],"Energy":{"Mean":-616.8870967741937,"Sigma":0.06842968850192378,"Taucorr":0.8516483516483302},"EnergyVariance":{"Mean":0.2130593132154006,"Sigma":0.1214075118582662,"Taucorr":0.8516483516483504},"Iteration":44},
{"Acceptance":[0.0009419152276295133],"Energy":{"Mean":-616.9596774193548,"Sigma":0.02617346547234203,"Taucorr":-0.1890062409985172},"EnergyVariance":{"Mean":0.13547086368366285,"Sigma":0.08420586606409157,"Taucorr":0.0799099635136099},"Iteration":45},
{"Acceptance":[0.00047095761381475666],"Energy":{"Mean":-616.9919354838709,"Sigma":0.008064516129032756,"Taucorr":1.1546319456101628e-14},"EnergyVariance":{"Mean":0.007999479708636837,"Sigma":0.007934443288239699,"Taucorr":-2.220446049250313e-16},"Iteration":46},
{"Acceptance":[0.0003139717425431711],"Energy":{"Mean":-617.0,"Sigma":0.0,"Taucorr":null},"EnergyVariance":{"Mean":0.0,"Sigma":0.0,"Taucorr":null},"Iteration":47},
{"Acceptance":[0.0006279434850863422],"Energy":{"Mean":-616.9516129032259,"Sigma":0.04838709677419448,"Taucorr":0.5081967213115091},"EnergyVariance":{"Mean":0.14281997918834546,"Sigma":0.14047866805411452,"Taucorr":0.5081967213114753},"Iteration":48},
{"Acceptance":[0.0009419152276295133],"Energy":{"Mean":-616.9112903225807,"Sigma":0.055051768277018395,"Taucorr":0.5493958257048608},"EnergyVariance":{"Mean":0.17761446409989595,"Sigma":0.10989443185718438,"Taucorr":0.34226846824705903},"Iteration":49},
{"Acceptance":[0.0003139717425431711],"Energy":{"Mean":-617.0,"Sigma":0.0,"Taucorr":null},"EnergyVariance":{"Mean":0.0,"Sigma":0.0,"Taucorr":null},"Iteration":50},
{"Acceptance":[0.001098901098901099],"Energy":{"Mean":-617.0241935483872,"Sigma":0.017790744201908845,"Taucorr":0.3245179063361413},"EnergyVariance":{"Mean":0.02360822060353798,"Sigma":0.016929901740521947,"Taucorr":0.324517906336088},"Iteration":51},
{"Acceptance":[0.0003139717425431711],"Energy":{"Mean":-617.0,"Sigma":0.0,"Taucorr":null},"EnergyVariance":{"Mean":0.0,"Sigma":0.0,"Taucorr":null},"Iteration":52},
{"Acceptance":[0.0007849293563579278],"Energy":{"Mean":-617.0080645161291,"Sigma":0.008064516129033495,"Taucorr":1.2967404927621828e-13},"EnergyVariance":{"Mean":0.007999479708636839,"Sigma":0.007934443288239699,"Taucorr":-2.220446049250313e-16},"Iteration":53},
{"Acceptance":[0.0006279434850863422],"Energy":{"Mean":-616.983870967742,"Sigma":0.016129032258063707,"Taucorr":0.5081967213114116},"EnergyVariance":{"Mean":0.01586888657648283,"Sigma":0.015608740894901618,"Taucorr":0.5081967213114755},"Iteration":54},
{"Acceptance":[0.00047095761381475666],"Energy":{"Mean":-616.5483870967741,"Sigma":0.27273489304986986,"Taucorr":1.0902423584735128},"EnergyVariance":{"Mean":2.8766909469302804,"Sigma":1.8864877710193804,"Taucorr":1.1873336378144987},"Iteration":55},
{"Acceptance":[0.0006279434850863422],"Energy":{"Mean":-616.9677419354838,"Sigma":0.022426509263028173,"Taucorr":-0.01270491803270557},"EnergyVariance":{"Mean":0.06347554630593132,"Sigma":0.04340614696069176,"Taucorr":-0.012704918032787005},"Iteration":56},
{"Acceptance":[0.001098901098901099],"Energy":{"Mean":-616.8629032258065,"Sigma":0.10228485792600774,"Taucorr":-0.0034231792400686856},"EnergyVariance":{"Mean":1.2957206035379814,"Sigma":1.1325955765046272,"Taucorr":-0.0032025187700849833},"Iteration":57},
{"Acceptance":[0.00047095761381475666],"Energy":{"Mean":-617.0241935483873,"Sigma":0.017790744201908248,"Taucorr":0.32451790633614075},"EnergyVariance":{"Mean":0.023608220603537976,"Sigma":0.016929901740517898,"Taucorr":0.324517906336088},"Iteration":58},
{"Acceptance":[0.0006279434850863422],"Energy":{"Mean":-617.0000000000001,"Sigma":0.011593472394006515,"Taucorr":0.012500000000149614},"EnergyVariance":{"Mean":0.016129032258064523,"Sigma":0.011213254631513016,"Taucorr":-0.012704918032786783},"Iteration":59},
{"Acceptance":[0.0006279434850863422],"Energy":{"Mean":-616.9596774193548,"Sigma":0.04931898339167398,"Taucorr":0.4867438867437597},"EnergyVariance":{"Mean":0.1515998959417274,"Sigma":0.1412374366073678,"Taucorr":0.5022228720283981},"Iteration":60},
{"Acceptance":[0.0006279434850863422],"Energy":{"Mean":-616.9516129032259,"Sigma":0.02698903311400361,"Taucorr":0.4728813559322279},"EnergyVariance":{"Mean":0.046045785639958384,"Sigma":0.024377191199746514,"Taucorr":0.4728813559322035},"Iteration":61},
{"Acceptance":[0.0007849293563579278],"Energy":{"Mean":-617.008064516129,"Sigma":0.008064516129032558,"Taucorr":4.1522341120980855e-14},"EnergyVariance":{"Mean":0.007999479708636837,"Sigma":0.007934443288241534,"Taucorr":0.0},"Iteration":62},
{"Acceptance":[0.0006279434850863422],"Energy":{"Mean":-616.983870967742,"Sigma":0.0161290322580653,"Taucorr":0.5081967213115015},"EnergyVariance":{"Mean":0.01586888657648283,"Sigma":0.015608740894901616,"Taucorr":0.5081967213114749},"Iteration":63},
{"Acceptance":[0.0],"Energy":{"Mean":-617.0,"Sigma":0.0,"Taucorr":null},"EnergyVariance":{"Mean":0.0,"Sigma":0.0,"Taucorr":null},"Iteration":64},
{"Acceptance":[0.0003924646781789639],"Energy":{"Mean":-616.9516129032259,"Sigma":0.03558148840381941,"Taucorr":-0.010147299508920682},"EnergyVariance":{"Mean":0.15894901144640997,"Sigma":0.12860054719873595,"Taucorr":-0.005821639123296529},"Iteration":65},
{"Acceptance":[0.0008634222919937205],"Energy":{"Mean":-616.9919354838709,"Sigma":0.02454935496092705,"Taucorr":0.15732410611306835},"EnergyVariance":{"Mean":0.056386576482830394,"Sigma":0.035984316994020736,"Taucorr":0.03717363117599681},"Iteration":66},
{"Acceptance":[0.0009419152276295133],"Energy":{"Mean":-616.9274193548388,"Sigma":0.07258064516128902,"Taucorr":-1.3766765505351941e-14},"EnergyVariance":{"Mean":0.647957856399584,"Sigma":0.6426899063475644,"Taucorr":4.440892098500626e-16},"Iteration":67},
{"Acceptance":[0.0003139717425431711],"Energy":{"Mean":-617.0,"Sigma":0.0,"Taucorr":null},"EnergyVariance":{"Mean":0.0,"Sigma":0.0,"Taucorr":null},"Iteration":68},
{"Acceptance":[0.0003139717425431711],"Energy":{"Mean":-617.0000000000001,"Sigma":0.01159347239400803,"Taucorr":0.012500000000258193},"EnergyVariance":{"Mean":0.016129032258064516,"Sigma":0.011213254631513018,"Taucorr":-0.012704918032786672},"Iteration":69},
{"Acceptance":[0.0003139717425431711],"Energy":{"Mean":-617.0,"Sigma":0.011593472394004206,"Taucorr":0.012500000000000067},"EnergyVariance":{"Mean":0.016129032258064516,"Sigma":0.011213254631513016,"Taucorr":-0.012704918032786783},"Iteration":70},
{"Acceptance":[0.00015698587127158556],"Energy":{"Mean":-617.0,"Sigma":0.0,"Taucorr":null},"EnergyVariance":{"Mean":0.0,"Sigma":0.0,"Taucorr":null},"Iteration":71},
{"Acceptance":[0.00047095761381475666],"Energy":{"Mean":-616.9758064516128,"Sigma":0.02419354838709764,"Taucorr":2.7977620220553945e-14},"EnergyVariance":{"Mean":0.07199531737773154,"Sigma":0.0714099895941683,"Taucorr":2.220446049250313e-16},"Iteration":72},
{"Acceptance":[0.0009419152276295133],"Energy":{"Mean":-617.0080645161291,"Sigma":0.008064516129035963,"Taucorr":3.5704772471945034e-13},"EnergyVariance":{"Mean":0.007999479708636837,"Sigma":0.007934443288239699,"Taucorr":-2.220446049250313e-16},"Iteration":73},
{"Acceptance":[0.0006279434850863422],"Energy":{"Mean":-617.0080645161291,"Sigma":0.018271661793513125,"Taucorr":0.35094339622641846},"EnergyVariance":{"Mean":0.024128511966701353,"Sigma":0.01761543592141112,"Taucorr":0.31691536199083237},"Iteration":74},
{"Acceptance":[0.00141287284144427],"Energy":{"Mean":-616.9516129032257,"Sigma":0.07813291236380629,"Taucorr":0.043168987579981},"EnergyVariance":{"Mean":0.6912070759625393,"Sigma":0.6454002304448556,"Taucorr":-0.001127335968726606},"Iteration":75},
{"Acceptance":[0.0012558869701726845],"Energy":{"Mean":-616.8145161290323,"Sigma":0.10623552522242462,"Taucorr":0.38972905377235467},"EnergyVariance":{"Mean":0.7801118626430803,"Sigma":0.4432915937297532,"Taucorr":0.41528430835853913},"Iteration":76},
{"Acceptance":[0.0006279434850863422],"Energy":{"Mean":-616.9758064516127,"Sigma":0.03730655969748956,"Taucorr":0.4712915129152525},"EnergyVariance":{"Mean":0.08812434963579603,"Sigma":0.06477931315805754,"Taucorr":0.4809194394969101},"Iteration":77},
{"Acceptance":[0.00047095761381475666],"Energy":{"Mean":-617.0,"Sigma":0.0,"Taucorr":null},"EnergyVariance":{"Mean":0.0,"Sigma":0.0,"Taucorr":null},"Iteration":78},
{"Acceptance":[0.0003139717425431711],"Energy":{"Mean":-616.9677419354838,"Sigma":0.022426509263028735,"Taucorr":-0.012704918032695356},"EnergyVariance":{"Mean":0.06347554630593132,"Sigma":0.04340614696069176,"Taucorr":-0.012704918032787005},"Iteration":79},
{"Acceptance":[0.0009419152276295133],"Energy":{"Mean":-616.9758064516129,"Sigma":0.02419354838710007,"Taucorr":1.1235457009206584e-13},"EnergyVariance":{"Mean":0.07199531737773153,"Sigma":0.04417718717507422,"Taucorr":-0.018924954485411705},"Iteration":80},
{"Acceptance":[0.0003139717425431711],"Energy":{"Mean":-616.9919354838709,"Sigma":0.008064516129036437,"Taucorr":4.2543746303636e-13},"EnergyVariance":{"Mean":0.007999479708636839,"Sigma":0.0079344432882397,"Taucorr":0.0},"Iteration":81},
{"Acceptance":[0.0009419152276295133],"Energy":{"Mean":-616.8790322580645,"Sigma":0.12152202759631923,"Taucorr":0.00011101958959092162},"EnergyVariance":{"Mean":1.8160119667013526,"Sigma":1.784749454310624,"Taucorr":-0.00022820944452245362},"Iteration":82},
{"Acceptance":[0.0009419152276295133],"Energy":{"Mean":-616.9758064516129,"Sigma":0.033510628047845166,"Taucorr":0.07368989735281484},"EnergyVariance":{"Mean":0.12038241415192509,"Sigma":0.07816852516836457,"Taucorr":-0.004610946586433573},"Iteration":83},
{"Acceptance":[0.0003139717425431711],"Energy":{"Mean":-616.983870967742,"Sigma":0.016129032258064762,"Taucorr":0.5081967213115062},"EnergyVariance":{"Mean":0.01586888657648283,"Sigma":0.015608740894901618,"Taucorr":0.5081967213114753},"Iteration":84},
{"Acceptance":[0.00015698587127158556],"Energy":{"Mean":-616.9677419354839,"Sigma":0.03225806451612886,"Taucorr":0.5081967213114504},"EnergyVariance":{"Mean":0.0634755463059313,"Sigma":0.06243496357960646,"Taucorr":0.5081967213114753},"Iteration":85},
{"Acceptance":[0.00047095761381475666],"Energy":{"Mean":-617.0,"Sigma":0.0,"Taucorr":null},"EnergyVariance":{"Mean":0.0,"Sigma":0.0,"Taucorr":null},"Iteration":86},
{"Acceptance":[0.001098901098901099],"Energy":{"Mean":-616.9516129032259,"Sigma":0.04838709677419324,"Taucorr":0.508196721311474},"EnergyVariance":{"Mean":0.14281997918834546,"Sigma":0.14047866805411452,"Taucorr":0.5081967213114746},"Iteration":87},
{"Acceptance":[0.0007849293563579278],"Energy":{"Mean":-617.0080645161291,"Sigma":0.01827166179351469,"Taucorr":0.35094339622654014},"EnergyVariance":{"Mean":0.024128511966701353,"Sigma":0.01761543592141112,"Taucorr":0.31691536199083237},"Iteration":88},
{"Acceptance":[0.0009419152276295133],"Energy":{"Mean":-616.9838709677418,"Sigma":0.034655531977387966,"Taucorr":0.009739676840310962},"EnergyVariance":{"Mean":0.14490114464099899,"Sigma":0.127960087357521,"Taucorr":-0.003363974308790152},"Iteration":89},
{"Acceptance":[0.001098901098901099],"Energy":{"Mean":-616.9758064516127,"Sigma":0.03906645618190947,"Taucorr":0.8037037037038259},"EnergyVariance":{"Mean":0.07199531737773153,"Sigma":0.03561988796116747,"Taucorr":0.6947617756032798},"Iteration":90},
{"Acceptance":[0.0006279434850863422],"Energy":{"Mean":-617.0161290322582,"Sigma":0.034655531977383795,"Taucorr":0.41885113268608154},"EnergyVariance":{"Mean":0.08038501560874088,"Sigma":0.04226162479387275,"Taucorr":0.1343205395163075},"Iteration":91},
{"Acceptance":[0.00047095761381475666],"Energy":{"Mean":-616.9838709677418,"Sigma":0.025755999068828517,"Taucorr":0.007524271844772001},"EnergyVariance":{"Mean":0.08038501560874087,"Sigma":0.07200501637482982,"Taucorr":-0.002888730204551493},"Iteration":92},
{"Acceptance":[0.00047095761381475666],"Energy":{"Mean":-616.774193548387,"Sigma":0.16573185636342622,"Taucorr":1.1405697321879766},"EnergyVariance":{"Mean":1.0296566077003118,"Sigma":0.7502557708194209,"Taucorr":1.1995756958222528},"Iteration":93},
{"Acceptance":[0.0007849293563579278],"Energy":{"Mean":-616.9999999999999,"Sigma":0.011593472394007733,"Taucorr":0.012500000000236988},"EnergyVariance":{"Mean":0.01612903225806452,"Sigma":0.011213254631513018,"Taucorr":-0.012704918032786672},"Iteration":94},
{"Acceptance":[0.0007849293563579278],"Energy":{"Mean":-616.991935483871,"Sigma":0.008064516129032376,"Taucorr":2.90878432451791e-14},"EnergyVariance":{"Mean":0.007999479708636837,"Sigma":0.007934443288241534,"Taucorr":0.0},"Iteration":95},
{"Acceptance":[0.0007849293563579278],"Energy":{"Mean":-617.0,"Sigma":0.0,"Taucorr":null},"EnergyVariance":{"Mean":0.0,"Sigma":0.0,"Taucorr":null},"Iteration":96},
{"Acceptance":[0.0008634222919937205],"Energy":{"Mean":-617.0080645161291,"Sigma":0.008064516129034869,"Taucorr":2.3092638912203256e-13},"EnergyVariance":{"Mean":0.007999479708636839,"Sigma":0.007934443288239699,"Taucorr":-2.220446049250313e-16},"Iteration":97},
{"Acceptance":[0.0005494505494505495],"Energy":{"Mean":-617.0080645161291,"Sigma":0.008064516129034338,"Taucorr":2.2648549702353193e-13},"EnergyVariance":{"Mean":0.007999479708636839,"Sigma":0.007934443288239699,"Taucorr":-2.220446049250313e-16},"Iteration":98},
{"Acceptance":[0.001098901098901099],"Energy":{"Mean":-617.0000000000001,"Sigma":0.028398091712352212,"Taucorr":0.11499999999996491},"EnergyVariance":{"Mean":0.0806451612903226,"Sigma":0.0373646244169781,"Taucorr":0.002359208523571632},"Iteration":99} 
]}