{"Output": [
{"Acceptance":[0.8614845938375351],"Energy":{"Mean":-155.17741935483875,"Sigma":0.8067418832446107,"Taucorr":-0.027133896164165505},"EnergyVariance":{"Mean":84.64594172736732,"Sigma":10.693240219361764,"Taucorr":0.09630764661136448},"Iteration":0},
{"Acceptance":[0.8169467787114846],"Energy":{"Mean":-155.70161290322577,"Sigma":1.021964384705923,"Taucorr":0.2699836510477138},"EnergyVariance":{"Mean":83.41902965660772,"Sigma":11.109480549773789,"Taucorr":0.05949418544795415},"Iteration":1},
{"Acceptance":[0.6535014005602241],"Energy":{"Mean":-162.36290322580646,"Sigma":0.7707556958586668,"Taucorr":-0.02114015324906271},"EnergyVariance":{"Mean":76.29572060353799,"Sigma":11.266258218874507,"Taucorr":0.07327421076604135},"Iteration":2},
{"Acceptance":[0.1661064425770308],"Energy":{"Mean":-182.41129032258067,"Sigma":0.5863075162762637,"Taucorr":0.2987409422293016},"EnergyVariance":{"Mean":26.467937044745057,"Sigma":2.73996000735564,"Taucorr":-0.03626572591179272},"Iteration":3},
{"Acceptance":[0.08585434173669468],"Energy":{"Mean":-192.41129032258064,"Sigma":0.3245237178188761,"Taucorr":0.3825447745983348},"EnergyVariance":{"Mean":7.338904786680542,"Sigma":1.9895985714207263,"Taucorr":0.13308907782951584},"Iteration":4},
{"Acceptance":[0.04159663865546218],"Energy":{"Mean":-195.3951612903226,"Sigma":0.12366175769268088,"Taucorr":0.07267830976990763},"EnergyVariance":{"Mean":1.6422346514047867,"Sigma":0.3713085947993852,"Taucorr":0.06616394159694317},"Iteration":5},
{"Acceptance":[0.03319327731092437],"Energy":{"Mean":-195.51612903225805,"Sigma":0.16797956699817324,"Taucorr":0.09284571631710326},"EnergyVariance":{"Mean":2.927159209157128,"Sigma":1.104534907346566,"Taucorr":-0.01055629590404461},"Iteration":6},
{"Acceptance":[0.02969187675070028],"Energy":{"Mean":-195.67741935483872,"Sigma":0.18116763919886222,"Taucorr":0.5296244692144327},"EnergyVariance":{"Mean":1.960457856399583,"Sigma":0.8271152056542538,"Taucorr":0.6697866146953193},"Iteration":7},
{"Acceptance":[0.02142857142857143],"Energy":{"Mean":-195.98387096774198,"Sigma":0.07771560701721757,"Taucorr":0.35345188284516993},"EnergyVariance":{"Mean":0.4352237252861602,"Sigma":0.19793345067528617,"Taucorr":0.16040451186598448},"Iteration":8},
{"Acceptance":[0.02661064425770308],"Energy":{"Mean":-196.1612903225807,"Sigma":0.14644000711912852,"Taucorr":0.11764741715399807},"EnergyVariance":{"Mean":2.135275754422477,"Sigma":0.6832116181198932,"Taucorr":0.011248166829294415},"Iteration":9},
{"Acceptance":[0.01946778711484594],"Energy":{"Mean":-198.77419354838707,"Sigma":0.13636744652493415,"Taucorr":0.2892684021543964},"EnergyVariance":{"Mean":1.4490114464099897,"Sigma":0.3562031417929391,"Taucorr":-0.03015551319472648},"Iteration":10},
{"Acceptance":[0.007282913165266107],"Energy":{"Mean":-199.95967741935488,"Sigma":0.05922525593016139,"Taucorr":-0.011861662987484423},"EnergyVariance":{"Mean":0.4419224765868886,"Sigma":0.21537884233118434,"Taucorr":-0.009681308440770586},"Iteration":11},
{"Acceptance":[0.007703081232492998],"Energy":{"Mean":-199.95161290322582,"Sigma":0.08552443752404996,"Taucorr":0.6221122647631456},"EnergyVariance":{"Mean":0.4008844953173777,"Sigma":0.24087429837377727,"Taucorr":0.4617464065399809},"Iteration":12},
{"Acceptance":[0.013025210084033614],"Energy":{"Mean":-200.28225806451613,"Sigma":0.07122387795425689,"Taucorr":0.1543445641795127},"EnergyVariance":{"Mean":0.4767819979188347,"Sigma":0.16593657619515817,"Taucorr":-0.021417098276023172},"Iteration":13},
{"Acceptance":[0.005742296918767507],"Energy":{"Mean":-200.77419354838707,"Sigma":0.12012249500016287,"Taucorr":0.43508771929824497},"EnergyVariance":{"Mean":0.9490114464099895,"Sigma":0.5975828567333477,"Taucorr":0.3289325626868068},"Iteration":14},
{"Acceptance":[0.0030812324929971988],"Energy":{"Mean":-200.92741935483875,"Sigma":0.05079151512820248,"Taucorr":-0.01239256446131698},"EnergyVariance":{"Mean":0.3253772112382933,"Sigma":0.22838962391960818,"Taucorr":-0.011491419486613641},"Iteration":15},
{"Acceptance":[0.002240896358543417],"Energy":{"Mean":-200.92741935483878,"Sigma":0.04211088215788291,"Taucorr":0.327281697089279},"EnergyVariance":{"Mean":0.13182882414151925,"Sigma":0.07814201375488813,"Taucorr":0.02885832808406874},"Iteration":16},
{"Acceptance":[0.0033613445378151263],"Energy":{"Mean":-200.9354838709677,"Sigma":0.03839477649754239,"Taucorr":-0.021291208791206384},"EnergyVariance":{"Mean":0.18938605619146726,"Sigma":0.12981007103477807,"Taucorr":-0.01232269919143264},"Iteration":17},
{"Acceptance":[0.0025210084033613447],"Energy":{"Mean":-200.87096774193546,"Sigma":0.052964493764433435,"Taucorr":-0.0537180349932449},"EnergyVariance":{"Mean":0.38657648283038504,"Sigma":0.17823055098091423,"Taucorr":-0.0373288188943664},"Iteration":18},
{"Acceptance":[0.00028011204481792715],"Energy":{"Mean":-201.0,"Sigma":0.0,"Taucorr":null},"EnergyVariance":{"Mean":0.0,"Sigma":0.0,"Taucorr":null},"Iteration":19},
{"Acceptance":[0.0014005602240896359],"Energy":{"Mean":-200.9274193548387,"Sigma":0.06475091686474219,"Taucorr":-0.0031081589171648716},"EnergyVariance":{"Mean":0.5189255983350676,"Sigma":0.5065808503416603,"Taucorr":-0.0003428697718926288},"Iteration":20},
{"Acceptance":[0.00196078431372549],"Energy":{"Mean":-200.9032258064516,"Sigma":0.07116297680763108,"Taucorr":0.324517906336086},"EnergyVariance":{"Mean":0.37773152965660767,"Sigma":0.2708784278483997,"Taucorr":0.32451790633608824},"Iteration":21},
{"Acceptance":[0.0025210084033613447],"Energy":{"Mean":-200.95161290322577,"Sigma":0.03363976389453979,"Taucorr":-0.012704918032769796},"EnergyVariance":{"Mean":0.14281997918834544,"Sigma":0.12583222684895531,"Taucorr":-0.0029862203777914487},"Iteration":22},
{"Acceptance":[0.0015406162464985994],"Energy":{"Mean":-200.95967741935485,"Sigma":0.03298903001428474,"Taucorr":-0.00595295247239791},"EnergyVariance":{"Mean":0.13547086368366285,"Sigma":0.12640104960768808,"Taucorr":-0.00147430431641693},"Iteration":23},
{"Acceptance":[0.003781512605042017],"Energy":{"Mean":-200.8467741935484,"Sigma":0.07835456646123307,"Taucorr":-0.03222141648537569},"EnergyVariance":{"Mean":0.8071670135275754,"Sigma":0.46928373087421027,"Taucorr":-0.02090259326221877},"Iteration":24},
{"Acceptance":[0.0008403361344537816],"Energy":{"Mean":-200.99193548387098,"Sigma":0.008064516129032391,"Taucorr":2.1316282072803006e-14},"EnergyVariance":{"Mean":0.007999479708636837,"Sigma":0.007934443288241532,"Taucorr":-2.220446049250313e-16},"Iteration":25},
{"Acceptance":[0.0025210084033613447],"Energy":{"Mean":-200.97580645161293,"Sigma":0.0177907442019081,"Taucorr":-0.010147299508989127},"EnergyVariance":{"Mean":0.03973725286160251,"Sigma":0.032150136799683995,"Taucorr":-0.005821639123296529},"Iteration":26},
{"Acceptance":[0.0011204481792717086],"Energy":{"Mean":-200.91935483870967,"Sigma":0.06597806002856967,"Taucorr":0.5000971817298361},"EnergyVariance":{"Mean":0.2676899063475547,"Sigma":0.24757720686999973,"Taucorr":0.5063331989171547},"Iteration":27},
{"Acceptance":[0.0016806722689075631],"Energy":{"Mean":-200.97580645161287,"Sigma":0.013494516557000383,"Taucorr":-0.02561983471078988},"EnergyVariance":{"Mean":0.023608220603537983,"Sigma":0.012841556078435705,"Taucorr":-0.025619834710743583},"Iteration":28},
{"Acceptance":[0.002240896358543417],"Energy":{"Mean":-200.9112903225806,"Sigma":0.05381717744620276,"Taucorr":-0.02009812510951714},"EnergyVariance":{"Mean":0.37116285119667025,"Sigma":0.2872843779765153,"Taucorr":-0.007201552085670415},"Iteration":29},
{"Acceptance":[0.0005602240896358543],"Energy":{"Mean":-201.0,"Sigma":0.0,"Taucorr":null},"EnergyVariance":{"Mean":0.0,"Sigma":0.0,"Taucorr":null},"Iteration":30},
{"Acceptance":[0.0008403361344537816],"Energy":{"Mean":-200.99193548387098,"Sigma":0.008064516129032214,"Taucorr":-8.770761894538737e-15},"EnergyVariance":{"Mean":0.007999479708636839,"Sigma":0.007934443288241534,"Taucorr":0.0},"Iteration":31},
{"Acceptance":[0.000980392156862745],"Energy":{"Mean":-200.89516129032256,"Sigma":0.09684137453082584,"Taucorr":0.4983451536642981},"EnergyVariance":{"Mean":0.5777185223725284,"Sigma":0.5601775651931723,"Taucorr":0.5076755784681011},"Iteration":32},
{"Acceptance":[0.0021008403361344537],"Energy":{"Mean":-200.88709677419354,"Sigma":0.06438158012870053,"Taucorr":0.24517110266160846},"EnergyVariance":{"Mean":0.3420915712799167,"Sigma":0.1861004458889018,"Taucorr":0.0500677742792458},"Iteration":33},
{"Acceptance":[0.00196078431372549],"Energy":{"Mean":-200.8548387096774,"Sigma":0.1225700334965377,"Taucorr":0.9076991676575512},"EnergyVariance":{"Mean":0.6563475546305931,"Sigma":0.5713033720300482,"Taucorr":0.9819037660227634},"Iteration":34},
{"Acceptance":[0.0008403361344537816],"Energy":{"Mean":-200.96774193548387,"Sigma":0.022426509263027344,"Taucorr":-0.012704918032742596},"EnergyVariance":{"Mean":0.0634755463059313,"Sigma":0.04340614696069558,"Taucorr":-0.012704918032787116},"Iteration":35},
{"Acceptance":[0.00196078431372549],"Energy":{"Mean":-201.0,"Sigma":0.0,"Taucorr":null},"EnergyVariance":{"Mean":0.0,"Sigma":0.0,"Taucorr":null},"Iteration":36},
{"Acceptance":[0.0008403361344537816],"Energy":{"Mean":-200.91935483870967,"Sigma":0.051046964426658986,"Taucorr":-0.017599843382922753},"EnergyVariance":{"Mean":0.3322060353798127,"Sigma":0.22736002325020255,"Taucorr":-0.012510313221396285},"Iteration":37},
{"Acceptance":[0.002240896358543417],"Energy":{"Mean":-200.93548387096772,"Sigma":0.04332879722249249,"Taucorr":1.0096088435374195},"EnergyVariance":{"Mean":0.0764828303850156,"Sigma":0.05286336920527778,"Taucorr":0.6902309016158164},"Iteration":38},
{"Acceptance":[0.002240896358543417],"Energy":{"Mean":-200.76612903225805,"Sigma":0.156376769594075,"Taucorr":0.6085862217747724},"EnergyVariance":{"Mean":1.3565946930280959,"Sigma":0.9241204153101915,"Taucorr":0.46810629700774853},"Iteration":39},
{"Acceptance":[0.0016806722689075631],"Energy":{"Mean":-200.91935483870967,"Sigma":0.05725238499773799,"Taucorr":0.4921895006401992},"EnergyVariance":{"Mean":0.20317377731529657,"Sigma":0.14778985842649028,"Taucorr":0.49561486510888786},"Iteration":40},
{"Acceptance":[0.0011204481792717086],"Energy":{"Mean":-201.0,"Sigma":0.0,"Taucorr":null},"EnergyVariance":{"Mean":0.0,"Sigma":0.0,"Taucorr":null},"Iteration":41},
{"Acceptance":[0.0005602240896358543],"Energy":{"Mean":-200.95161290322577,"Sigma":0.04838709677419392,"Taucorr":5.995204332975845e-15},"EnergyVariance":{"Mean":0.28798126951092606,"Sigma":0.28563995837668693,"Taucorr":-4.440892098500626e-16},"Iteration":42},
{"Acceptance":[0.0011204481792717086],"Energy":{"Mean":-200.91935483870967,"Sigma":0.05725238499773829,"Taucorr":-0.011720226843099424},"EnergyVariance":{"Mean":0.4128511966701353,"Sigma":0.30466042733736454,"Taucorr":-0.009322252609535953},"Iteration":43},
{"Acceptance":[0.0008403361344537816],"Energy":{"Mean":-201.0,"Sigma":0.0,"Taucorr":null},"EnergyVariance":{"Mean":0.0,"Sigma":0.0,"Taucorr":null},"Iteration":44},
{"Acceptance":[0.00196078431372549],"Energy":{"Mean":-200.92741935483875,"Sigma":0.04519008298748952,"Taucorr":-0.01854899027674728},"EnergyVariance":{"Mean":0.2608610822060354,"Sigma":0.17270794371948392,"Taucorr":-0.014104588138974472},"Iteration":45},
{"Acceptance":[0.00028011204481792715],"Energy":{"Mean":-200.9516129032258,"Sigma":0.048387096774193374,"Taucorr":0.508196721311468},"EnergyVariance":{"Mean":0.14281997918834546,"Sigma":0.14047866805410905,"Taucorr":0.5081967213114753},"Iteration":46},
{"Acceptance":[0.0016806722689075631],"Energy":{"Mean":-200.9274193548387,"Sigma":0.05337223260572316,"Taucorr":-0.010147299509008001},"EnergyVariance":{"Mean":0.3576352757544225,"Sigma":0.289351231197147,"Taucorr":-0.005821639123296307},"Iteration":47},
{"Acceptance":[0.0005602240896358543],"Energy":{"Mean":-200.9758064516129,"Sigma":0.02419354838709667,"Taucorr":-4.3298697960381105e-15},"EnergyVariance":{"Mean":0.07199531737773154,"Sigma":0.07140998959417244,"Taucorr":0.0},"Iteration":48},
{"Acceptance":[0.0025210084033613447],"Energy":{"Mean":-200.94354838709677,"Sigma":0.04878865632985241,"Taucorr":-0.004097818902838224},"EnergyVariance":{"Mean":0.295200312174818,"Sigma":0.28471084907180577,"Taucorr":-0.0006328176706949518},"Iteration":49},
{"Acceptance":[0.00196078431372549],"Energy":{"Mean":-200.95161290322577,"Sigma":0.03558148840381642,"Taucorr":0.3245179063361071},"EnergyVariance":{"Mean":0.09443288241415192,"Sigma":0.0677196069620979,"Taucorr":0.32451790633608824},"Iteration":50},
{"Acceptance":[0.0008403361344537816],"Energy":{"Mean":-200.95161290322577,"Sigma":0.048387096774194095,"Taucorr":0.5081967213114911},"EnergyVariance":{"Mean":0.14281997918834552,"Sigma":0.1404786680541063,"Taucorr":0.5081967213114753},"Iteration":51},
{"Acceptance":[0.0008403361344537816],"Energy":{"Mean":-200.93548387096772,"Sigma":0.0645161290322586,"Taucorr":0.5081967213114822},"EnergyVariance":{"Mean":0.25390218522372543,"Sigma":0.24973985431841494,"Taucorr":0.508196721311476},"Iteration":52},
{"Acceptance":[0.0016806722689075631],"Energy":{"Mean":-200.99193548387095,"Sigma":0.008064516129032497,"Taucorr":2.0650148258027912e-14},"EnergyVariance":{"Mean":0.007999479708636834,"Sigma":0.007934443288241074,"Taucorr":-2.220446049250313e-16},"Iteration":53},
{"Acceptance":[0.0014005602240896359],"Energy":{"Mean":-200.9677419354839,"Sigma":0.032258064516128934,"Taucorr":-3.4416913763379853e-15},"EnergyVariance":{"Mean":0.1279916753381894,"Sigma":0.12695109261186452,"Taucorr":-2.220446049250313e-16},"Iteration":54},
{"Acceptance":[0.0014005602240896359],"Energy":{"Mean":-200.88709677419354,"Sigma":0.11290322580645197,"Taucorr":0.5081967213114804},"EnergyVariance":{"Mean":0.777575442247659,"Sigma":0.7648283038501538,"Taucorr":0.5081967213114755},"Iteration":55},
{"Acceptance":[0.0005602240896358543],"Energy":{"Mean":-201.0,"Sigma":0.0,"Taucorr":null},"EnergyVariance":{"Mean":0.0,"Sigma":0.0,"Taucorr":null},"Iteration":56},
{"Acceptance":[0.0011204481792717086],"Energy":{"Mean":-200.96774193548393,"Sigma":0.022426509263025685,"Taucorr":-0.012704918032796886},"EnergyVariance":{"Mean":0.06347554630593133,"Sigma":0.04340614696069814,"Taucorr":-0.012704918032786894},"Iteration":57},
{"Acceptance":[0.0011204481792717086],"Energy":{"Mean":-200.99193548387095,"Sigma":0.008064516129032846,"Taucorr":6.306066779870889e-14},"EnergyVariance":{"Mean":0.007999479708636834,"Sigma":0.007934443288241074,"Taucorr":0.0},"Iteration":58},
{"Acceptance":[0.0008403361344537816],"Energy":{"Mean":-200.9677419354839,"Sigma":0.03225806451612881,"Taucorr":-7.549516567451064e-15},"EnergyVariance":{"Mean":0.1279916753381894,"Sigma":0.12695109261186455,"Taucorr":0.0},"Iteration":59},
{"Acceptance":[0.00028011204481792715],"Energy":{"Mean":-200.97580645161293,"Sigma":0.024193548387096264,"Taucorr":1.0247933884297151},"EnergyVariance":{"Mean":0.023608220603537983,"Sigma":0.023022892819980253,"Taucorr":1.0247933884297515},"Iteration":60},
{"Acceptance":[0.0014005602240896359],"Energy":{"Mean":-200.97580645161293,"Sigma":0.02419354838709672,"Taucorr":-2.886579864025407e-15},"EnergyVariance":{"Mean":0.07199531737773153,"Sigma":0.0714099895941738,"Taucorr":-2.220446049250313e-16},"Iteration":61},
{"Acceptance":[0.0005602240896358543],"Energy":{"Mean":-201.0,"Sigma":0.0,"Taucorr":null},"EnergyVariance":{"Mean":0.0,"Sigma":0.0,"Taucorr":null},"Iteration":62},
{"Acceptance":[0.0014005602240896359],"Energy":{"Mean":-200.97580645161293,"Sigma":0.02419354838709663,"Taucorr":-2.9976021664879227e-15},"EnergyVariance":{"Mean":0.07199531737773153,"Sigma":0.0714099895941738,"Taucorr":0.0},"Iteration":63},
{"Acceptance":[0.0008403361344537816],"Energy":{"Mean":-200.90322580645162,"Sigma":0.0711629768076317,"Taucorr":0.32451790633609456},"EnergyVariance":{"Mean":0.37773152965660767,"Sigma":0.2708784278484037,"Taucorr":0.324517906336088},"Iteration":64},
{"Acceptance":[0.0005602240896358543],"Energy":{"Mean":-201.0,"Sigma":0.0,"Taucorr":null},"EnergyVariance":{"Mean":0.0,"Sigma":0.0,"Taucorr":null},"Iteration":65},
{"Acceptance":[0.00028011204481792715],"Energy":{"Mean":-201.0,"Sigma":0.0,"Taucorr":null},"EnergyVariance":{"Mean":0.0,"Sigma":0.0,"Taucorr":null},"Iteration":66},
{"Acceptance":[0.0014005602240896359],"Energy":{"Mean":-201.0,"Sigma":0.0,"Taucorr":null},"EnergyVariance":{"Mean":0.0,"Sigma":0.0,"Taucorr":null},"Iteration":67},
{"Acceptance":[0.00028011204481792715],"Energy":{"Mean":-200.99193548387098,"Sigma":0.008064516129032254,"Taucorr":4.440892098500626e-15},"EnergyVariance":{"Mean":0.007999479708636837,"Sigma":0.007934443288241534,"Taucorr":0.0},"Iteration":68},
{"Acceptance":[0.00028011204481792715],"Energy":{"Mean":-200.9838709677419,"Sigma":0.016129032258064512,"Taucorr":-2.55351295663786e-15},"EnergyVariance":{"Mean":0.03199791883454734,"Sigma":0.0317377731529643,"Taucorr":0.0},"Iteration":69},
{"Acceptance":[0.0011204481792717086],"Energy":{"Mean":-201.0,"Sigma":0.0,"Taucorr":null},"EnergyVariance":{"Mean":0.0,"Sigma":0.0,"Taucorr":null},"Iteration":70},
{"Acceptance":[0.00196078431372549],"Energy":{"Mean":-200.95161290322574,"Sigma":0.02698903311400327,"Taucorr":0.07209302325583866},"EnergyVariance":{"Mean":0.07830385015608742,"Sigma":0.044434425796539494,"Taucorr":0.0036723258999716846},"Iteration":71},
{"Acceptance":[0.0011204481792717086],"Energy":{"Mean":-200.99193548387098,"Sigma":0.008064516129032254,"Taucorr":8.881784197001252e-16},"EnergyVariance":{"Mean":0.007999479708636837,"Sigma":0.007934443288241534,"Taucorr":0.0},"Iteration":72},
{"Acceptance":[0.0014005602240896359],"Energy":{"Mean":-201.0,"Sigma":0.0,"Taucorr":null},"EnergyVariance":{"Mean":0.0,"Sigma":0.0,"Taucorr":null},"Iteration":73},
{"Acceptance":[0.00028011204481792715],"Energy":{"Mean":-201.0,"Sigma":0.0,"Taucorr":null},"EnergyVariance":{"Mean":0.0,"Sigma":0.0,"Taucorr":null},"Iteration":74},
{"Acceptance":[0.0007002801120448179],"Energy":{"Mean":-200.99193548387098,"Sigma":0.008064516129032381,"Taucorr":1.532107773982716e-14},"EnergyVariance":{"Mean":0.007999479708636837,"Sigma":0.007934443288241532,"Taucorr":-2.220446049250313e-16},"Iteration":75},
{"Acceptance":[0.0007002801120448179],"Energy":{"Mean":-200.9838709677419,"Sigma":0.016129032258064578,"Taucorr":0.50819672131148},"EnergyVariance":{"Mean":0.015868886576482832,"Sigma":0.015608740894899784,"Taucorr":0.5081967213114753},"Iteration":76},
{"Acceptance":[0.0005602240896358543],"Energy":{"Mean":-200.96774193548387,"Sigma":0.0322580645161298,"Taucorr":1.709743457922741e-14},"EnergyVariance":{"Mean":0.1279916753381894,"Sigma":0.1269510926118627,"Taucorr":0.0},"Iteration":77},
{"Acceptance":[0.00028011204481792715],"Energy":{"Mean":-201.0,"Sigma":0.0,"Taucorr":null},"EnergyVariance":{"Mean":0.0,"Sigma":0.0,"Taucorr":null},"Iteration":78},
{"Acceptance":[0.0011204481792717086],"Energy":{"Mean":-200.83870967741936,"Sigma":0.10723077508770797,"Taucorr":0.30613879003558997},"EnergyVariance":{"Mean":0.8772112382934444,"Sigma":0.6054102789823036,"Taucorr":0.32146153922647036},"Iteration":79},
{"Acceptance":[0.0005602240896358543],"Energy":{"Mean":-201.0,"Sigma":0.0,"Taucorr":null},"EnergyVariance":{"Mean":0.0,"Sigma":0.0,"Taucorr":null},"Iteration":80},
{"Acceptance":[0.0005602240896358543],"Energy":{"Mean":-200.95967741935485,"Sigma":0.04032258064516081,"Taucorr":-1.0103029524088925e-14},"EnergyVariance":{"Mean":0.19998699271592085,"Sigma":0.19836108220603604,"Taucorr":0.0},"Iteration":81},
{"Acceptance":[0.0016806722689075631],"Energy":{"Mean":-201.0,"Sigma":0.0,"Taucorr":null},"EnergyVariance":{"Mean":0.0,"Sigma":0.0,"Taucorr":null},"Iteration":82},
{"Acceptance":[0.0005602240896358543],"Energy":{"Mean":-201.0,"Sigma":0.0,"Taucorr":null},"EnergyVariance":{"Mean":0.0,"Sigma":0.0,"Taucorr":null},"Iteration":83},
{"Acceptance":[0.00028011204481792715],"Energy":{"Mean":-201.0,"Sigma":0.0,"Taucorr":null},"EnergyVariance":{"Mean":0.0,"Sigma":0.0,"Taucorr":null},"Iteration":84},
{"Acceptance":[0.0005602240896358543],"Energy":{"Mean":-200.98387096774192,"Sigma":0.016129032258064287,"Taucorr":0.5081967213114538},"EnergyVariance":{"Mean":0.015868886576482832,"Sigma":0.015608740894900703,"Taucorr":0.5081967213114755},"Iteration":85},
{"Acceptance":[0.0008403361344537816],"Energy":{"Mean":-200.99193548387095,"Sigma":0.00806451612903264,"Taucorr":3.863576125695545e-14},"EnergyVariance":{"Mean":0.007999479708636834,"Sigma":0.007934443288241074,"Taucorr":-2.220446049250313e-16},"Iteration":86},
{"Acceptance":[0.00028011204481792715],"Energy":{"Mean":-201.0,"Sigma":0.0,"Taucorr":null},"EnergyVariance":{"Mean":0.0,"Sigma":0.0,"Taucorr":null},"Iteration":87},
{"Acceptance":[0.0008403361344537816],"Energy":{"Mean":-200.95161290322582,"Sigma":0.04838709677419369,"Taucorr":3.1086244689504383e-15},"EnergyVariance":{"Mean":0.2879812695109261,"Sigma":0.2856399583766924,"Taucorr":0.0},"Iteration":88},
{"Acceptance":[0.0],"Energy":{"Mean":-201.0,"Sigma":0.0,"Taucorr":null},"EnergyVariance":{"Mean":0.0,"Sigma":0.0,"Taucorr":null},"Iteration":89},
{"Acceptance":[0.0008403361344537816],"Energy":{"Mean":-201.0,"Sigma":0.0,"Taucorr":null},"EnergyVariance":{"Mean":0.0,"Sigma":0.0,"Taucorr":null},"Iteration":90},
{"Acceptance":[0.0008403361344537816],"Energy":{"Mean":-201.0,"Sigma":0.0,"Taucorr":null},"EnergyVariance":{"Mean":0.0,"Sigma":0.0,"Taucorr":null},"Iteration":91},
{"Acceptance":[0.0005602240896358543],"Energy":{"Mean":-201.0,"Sigma":0.0,"Taucorr":null},"EnergyVariance":{"Mean":0.0,"Sigma":0.0,"Taucorr":null},"Iteration":92},
{"Acceptance":[0.0005602240896358543],"Energy":{"Mean":-201.0,"Sigma":0.0,"Taucorr":null},"EnergyVariance":{"Mean":0.0,"Sigma":0.0,"Taucorr":null},"Iteration":93},
{"Acceptance":[0.0005602240896358543],"Energy":{"Mean":-200.96774193548387,"Sigma":0.0322580645161298,"Taucorr":1.709743457922741e-14},"EnergyVariance":{"Mean":0.12799167533818936,"Sigma":0.1269510926118627,"Taucorr":0.0},"Iteration":94},
{"Acceptance":[0.0005602240896358543],"Energy":{"Mean":-201.0,"Sigma":0.0,"Taucorr":null},"EnergyVariance":{"Mean":0.0,"Sigma":0.0,"Taucorr":null},"Iteration":95},
{"Acceptance":[0.0011204481792717086],"Energy":{"Mean":-200.91935483870967,"Sigma":0.05725238499773811,"Taucorr":0.2530612244897936},"EnergyVariance":{"Mean":0.2676899063475547,"Sigma":0.1818425385441005,"Taucorr":0.17721050132137295},"Iteration":96},
{"Acceptance":[0.00196078431372549],"Energy":{"Mean":-200.96774193548387,"Sigma":0.032258064516130065,"Taucorr":2.6201263381153694e-14},"EnergyVariance":{"Mean":0.12799167533818936,"Sigma":0.12695109261186271,"Taucorr":2.220446049250313e-16},"Iteration":97},
{"Acceptance":[0.00196078431372549],"Energy":{"Mean":-200.93548387096772,"Sigma":0.044853018526053015,"Taucorr":-0.012704918032770796},"EnergyVariance":{"Mean":0.25390218522372543,"Sigma":0.17362458784277982,"Taucorr":-0.012704918032786894},"Iteration":98},
{"Acceptance":[0.0005602240896358543],"Energy":{"Mean":-200.95161290322577,"Sigma":0.0408566778321797,"Taucorr":-0.00486198243411845},"EnergyVariance":{"Mean":0.2073361082206035,"Sigma":0.19760206591519747,"Taucorr":-0.000927837301940293},"Iteration":99} 
]}