{"Output": [
{"Acceptance":[0.9088401697312588],"Energy":{"Mean":-624.9838709677418,"Sigma":1.3401339747998198,"Taucorr":-0.12213772388474814},"EnergyVariance":{"Mean":292.30619146722165,"Sigma":36.62407848266299,"Taucorr":-0.023485543376880358},"Iteration":0},
{"Acceptance":[0.890947666195191],"Energy":{"Mean":-626.548387096774,"Sigma":1.4487396893432307,"Taucorr":0.05428076874096577},"EnergyVariance":{"Mean":232.87669094693024,"Sigma":30.980470110467255,"Taucorr":0.00969219709785063},"Iteration":1},
{"Acceptance":[0.8636492220650637],"Energy":{"Mean":-627.3064516129032,"Sigma":1.3985259942676769,"Taucorr":-0.06464250036014413},"EnergyVariance":{"Mean":276.29318418314256,"Sigma":33.02427711082993,"Taucorr":0.013690638567005586},"Iteration":2},
{"Acceptance":[0.8507779349363508],"Energy":{"Mean":-629.0645161290322,"Sigma":1.2175888246691016,"Taucorr":-0.16544683647734837},"EnergyVariance":{"Mean":272.52809573361077,"Sigma":27.93309731912021,"Taucorr":-0.05082798161375218},"Iteration":3},
{"Acceptance":[0.8178925035360679],"Energy":{"Mean":-629.5725806451612,"Sigma":1.3961445351235113,"Taucorr":0.0787473793973279},"EnergyVariance":{"Mean":207.1318288241415,"Sigma":24.89054019383608,"Taucorr":-0.028838432457953533},"Iteration":4},
{"Acceptance":[0.7765912305516266],"Energy":{"Mean":-632.290322580645,"Sigma":1.6915784754089531,"Taucorr":0.10224088351554506},"EnergyVariance":{"Mean":292.2060353798127,"Sigma":32.163153109486856,"Taucorr":-0.07468629001748467},"Iteration":5},
{"Acceptance":[0.7291371994342292],"Energy":{"Mean":-633.4032258064516,"Sigma":1.9186295729205607,"Taucorr":0.20540966756939305},"EnergyVariance":{"Mean":320.93418314255985,"Sigma":50.72892039550087,"Taucorr":0.1863312441101419},"Iteration":6},
{"Acceptance":[0.6461810466760962],"Energy":{"Mean":-641.0967741935484,"Sigma":2.1888241743096475,"Taucorr":0.2818013063964133},"EnergyVariance":{"Mean":376.8777315296566,"Sigma":46.121991637994796,"Taucorr":0.06882825692125594},"Iteration":7},
{"Acceptance":[0.5006364922206507],"Energy":{"Mean":-659.9919354838709,"Sigma":2.109645152822864,"Taucorr":0.4295402586485465},"EnergyVariance":{"Mean":294.4596123829345,"Sigma":43.49521013810602,"Taucorr":0.11152999225510352},"Iteration":8},
{"Acceptance":[0.40516265912305516],"Energy":{"Mean":-669.7661290322579,"Sigma":1.796162856173301,"Taucorr":0.2659664410944059},"EnergyVariance":{"Mean":259.03401404786683,"Sigma":36.39949908583093,"Taucorr":-0.0043935768893439975},"Iteration":9},
{"Acceptance":[0.2927864214992928],"Energy":{"Mean":-684.6209677419356,"Sigma":1.5144852104439679,"Taucorr":0.12271270742184259},"EnergyVariance":{"Mean":226.5256893860562,"Sigma":31.55574120263395,"Taucorr":0.03655404817481178},"Iteration":10},
{"Acceptance":[0.24434229137199434],"Energy":{"Mean":-695.2983870967743,"Sigma":1.5136218116007694,"Taucorr":0.30849548539260097},"EnergyVariance":{"Mean":174.2738683662851,"Sigma":23.209564778997024,"Taucorr":-0.025287423634088257},"Iteration":11},
{"Acceptance":[0.185997171145686],"Energy":{"Mean":-705.8709677419355,"Sigma":1.28242204943168,"Taucorr":0.34150711437983816},"EnergyVariance":{"Mean":120.19302809573361,"Sigma":21.43307130890864,"Taucorr":0.45301084882095544},"Iteration":12},
{"Acceptance":[0.14257425742574256],"Energy":{"Mean":-711.7983870967743,"Sigma":0.994637459944895,"Taucorr":0.246828346144911},"EnergyVariance":{"Mean":81.4674167533819,"Sigma":10.229123615773172,"Taucorr":0.025132613651482782},"Iteration":13},
{"Acceptance":[0.107991513437058],"Energy":{"Mean":-719.8629032258065,"Sigma":1.051997505368109,"Taucorr":0.49893655710242457},"EnergyVariance":{"Mean":68.13443028095733,"Sigma":21.082627077822426,"Taucorr":0.8146596498030112},"Iteration":14},
{"Acceptance":[0.07892503536067892],"Energy":{"Mean":-726.1451612903226,"Sigma":0.5867916907899768,"Taucorr":0.17064085452762845},"EnergyVariance":{"Mean":31.575702393340272,"Sigma":6.335458884103208,"Taucorr":-0.055088343994110056},"Iteration":15},
{"Acceptance":[0.0661951909476662],"Energy":{"Mean":-729.3225806451613,"Sigma":0.5037752032686518,"Taucorr":0.4167738830144827},"EnergyVariance":{"Mean":17.024973985431842,"Sigma":4.905742974312508,"Taucorr":0.8667706137590656},"Iteration":16},
{"Acceptance":[0.04865629420084865],"Energy":{"Mean":-731.3225806451611,"Sigma":0.3358494183000108,"Taucorr":0.16830513784459655},"EnergyVariance":{"Mean":10.379812695109262,"Sigma":1.6353858994680666,"Taucorr":0.16643567685052962},"Iteration":17},
{"Acceptance":[0.033663366336633666],"Energy":{"Mean":-732.7096774193548,"Sigma":0.3362300428169411,"Taucorr":0.04373881022135684},"EnergyVariance":{"Mean":12.786680541103017,"Sigma":2.6326780301289836,"Taucorr":0.021857542687901965},"Iteration":18},
{"Acceptance":[0.02666195190947666],"Energy":{"Mean":-733.0806451612904,"Sigma":0.38000903653202,"Taucorr":0.41985692345000447},"EnergyVariance":{"Mean":9.654786680541102,"Sigma":1.902401748052658,"Taucorr":0.41096334694835857},"Iteration":19},
{"Acceptance":[0.022913719943422915],"Energy":{"Mean":-734.0806451612904,"Sigma":0.3096536169167916,"Taucorr":0.45311251734432945},"EnergyVariance":{"Mean":6.187044745057232,"Sigma":2.030011368902856,"Taucorr":0.6475382046951006},"Iteration":20},
{"Acceptance":[0.020226308345120226],"Energy":{"Mean":-734.6693548387095,"Sigma":0.15265882650000992,"Taucorr":0.046090942881936936},"EnergyVariance":{"Mean":2.6245447450572326,"Sigma":0.6236928334731413,"Taucorr":0.0360822652812659},"Iteration":21},
{"Acceptance":[0.019660537482319662],"Energy":{"Mean":-734.8548387096776,"Sigma":0.23064140157850066,"Taucorr":0.21750584812004414},"EnergyVariance":{"Mean":4.559573361082206,"Sigma":2.4667274055982067,"Taucorr":-0.0028508317263016836},"Iteration":22},
{"Acceptance":[0.019165487977369167],"Energy":{"Mean":-735.2500000000001,"Sigma":0.21314339662978143,"Taucorr":0.5586707410236675},"EnergyVariance":{"Mean":2.6391129032258065,"Sigma":1.0500204398189334,"Taucorr":0.34856169145696625},"Iteration":23},
{"Acceptance":[0.01746817538896747],"Energy":{"Mean":-735.5161290322579,"Sigma":0.14979173887908645,"Taucorr":0.3960092905405407},"EnergyVariance":{"Mean":1.5400624349635794,"Sigma":0.4572976865324336,"Taucorr":0.26972694954002674},"Iteration":24},
{"Acceptance":[0.02128712871287129],"Energy":{"Mean":-735.717741935484,"Sigma":0.10287659344581396,"Taucorr":0.007227205919634883},"EnergyVariance":{"Mean":1.2832336108220603,"Sigma":0.4908877747739855,"Taucorr":-0.024090714911559785},"Iteration":25},
{"Acceptance":[0.026096181046676097],"Energy":{"Mean":-735.6774193548385,"Sigma":0.12059081059689411,"Taucorr":0.1883960752903393},"EnergyVariance":{"Mean":1.2991675338189386,"Sigma":0.37758456294950615,"Taucorr":0.19907591057676954},"Iteration":26},
{"Acceptance":[0.022984441301272984],"Energy":{"Mean":-735.9516129032259,"Sigma":0.10588804878819298,"Taucorr":0.11201800969753051},"EnergyVariance":{"Mean":1.1266909469302808,"Sigma":0.31928089757778083,"Taucorr":0.033675545541848706},"Iteration":27},
{"Acceptance":[0.020933521923620933],"Energy":{"Mean":-736.2096774193551,"Sigma":0.12053686704215595,"Taucorr":0.21692235441457164},"EnergyVariance":{"Mean":1.2463579604578565,"Sigma":0.3629738157034877,"Taucorr":0.08955175156701711},"Iteration":28},
{"Acceptance":[0.01845827439886846],"Energy":{"Mean":-736.516129032258,"Sigma":0.09413976959402652,"Taucorr":0.12021906453524123},"EnergyVariance":{"Mean":0.8787721123829345,"Sigma":0.1651573946475027,"Taucorr":0.019071237647037553},"Iteration":29},
{"Acceptance":[0.015346534653465346],"Energy":{"Mean":-736.5403225806451,"Sigma":0.07341220177940695,"Taucorr":-0.15404249541783854},"EnergyVariance":{"Mean":0.9580515088449529,"Sigma":0.305782857583808,"Taucorr":-0.027229614799016144},"Iteration":30},
{"Acceptance":[0.014639321074964639],"Energy":{"Mean":-736.8225806451612,"Sigma":0.06679444916402728,"Taucorr":0.2715618141916458},"EnergyVariance":{"Mean":0.3556191467221644,"Sigma":0.07505552321274526,"Taucorr":0.1700731898994735},"Iteration":31},
{"Acceptance":[0.011951909476661951],"Energy":{"Mean":-736.8790322580647,"Sigma":0.07039726723482596,"Taucorr":0.06251350378108878},"EnergyVariance":{"Mean":0.541818418314256,"Sigma":0.19764708331596975,"Taucorr":-0.04926477095180226},"Iteration":32},
{"Acceptance":[0.010608203677510608],"Energy":{"Mean":-736.8548387096776,"Sigma":0.06326063337494084,"Taucorr":0.17240582800289272},"EnergyVariance":{"Mean":0.3660249739854319,"Sigma":0.14174039311148198,"Taucorr":0.09487348218703495},"Iteration":33},
{"Acceptance":[0.009618104667609617],"Energy":{"Mean":-736.8709677419356,"Sigma":0.07937166531979076,"Taucorr":0.2514253279515931},"EnergyVariance":{"Mean":0.5156087408949012,"Sigma":0.2917994247036384,"Taucorr":0.01888503858484558},"Iteration":34},
{"Acceptance":[0.010254596888260255],"Energy":{"Mean":-736.8548387096774,"Sigma":0.07493204228368809,"Taucorr":0.1548470646274962},"EnergyVariance":{"Mean":0.527315296566077,"Sigma":0.2651702079363752,"Taucorr":-0.009018035123606383},"Iteration":35},
{"Acceptance":[0.01082036775106082],"Energy":{"Mean":-736.983870967742,"Sigma":0.046280299390659994,"Taucorr":0.12900621118010747},"EnergyVariance":{"Mean":0.20941727367325705,"Sigma":0.06219589447084927,"Taucorr":0.025972668098259377},"Iteration":36},
{"Acceptance":[0.011598302687411598],"Energy":{"Mean":-736.9435483870969,"Sigma":0.044464673393836945,"Taucorr":0.11278269419857279},"EnergyVariance":{"Mean":0.19842611862643086,"Sigma":0.12617932679187752,"Taucorr":-0.005362273672037066},"Iteration":37},
{"Acceptance":[0.013295615275813296],"Energy":{"Mean":-736.8225806451615,"Sigma":0.06264075375123743,"Taucorr":-0.03315299446407083},"EnergyVariance":{"Mean":0.5169094693028095,"Sigma":0.22771645849917943,"Taucorr":0.08176789403120177},"Iteration":38},
{"Acceptance":[0.011173974540311174],"Energy":{"Mean":-736.8064516129031,"Sigma":0.0932605880720692,"Taucorr":0.16758116883119467},"EnergyVariance":{"Mean":0.801248699271592,"Sigma":0.4981268261009132,"Taucorr":0.0012063911302199193},"Iteration":39},
{"Acceptance":[0.012588401697312589],"Energy":{"Mean":-736.991935483871,"Sigma":0.04257168364479445,"Taucorr":0.563811297330866},"EnergyVariance":{"Mean":0.10477367325702393,"Sigma":0.04738287759798066,"Taucorr":0.23112039529292505},"Iteration":40},
{"Acceptance":[0.012588401697312589],"Energy":{"Mean":-737.0080645161293,"Sigma":0.03171587355645587,"Taucorr":0.09044072004962378},"EnergyVariance":{"Mean":0.10477367325702394,"Sigma":0.030014017942539373,"Taucorr":0.09163382410611198},"Iteration":41},
{"Acceptance":[0.013437057991513438],"Energy":{"Mean":-736.9193548387098,"Sigma":0.12877999534412385,"Taucorr":0.9179475587703587},"EnergyVariance":{"Mean":0.7193028095733612,"Sigma":0.5833556323974789,"Taucorr":1.005381440283108},"Iteration":42},
{"Acceptance":[0.012659123055162659],"Energy":{"Mean":-736.9758064516128,"Sigma":0.046885296302416724,"Taucorr":0.6230145867099142},"EnergyVariance":{"Mean":0.12038241415192508,"Sigma":0.06088093553173981,"Taucorr":0.6591617920892665},"Iteration":43},
{"Acceptance":[0.013578500707213578],"Energy":{"Mean":-736.9193548387096,"Sigma":0.08310756792250522,"Taucorr":0.28388142102736735},"EnergyVariance":{"Mean":0.5418834547346515,"Sigma":0.20778841631749642,"Taucorr":0.2831696772284027},"Iteration":44},
{"Acceptance":[0.012517680339462517],"Energy":{"Mean":-737.0161290322579,"Sigma":0.05904195231523795,"Taucorr":0.1651331719128677},"EnergyVariance":{"Mean":0.32232049947970853,"Sigma":0.20409671379434924,"Taucorr":-0.009155706813107956},"Iteration":45},
{"Acceptance":[0.01173974540311174],"Energy":{"Mean":-737.032258064516,"Sigma":0.02778066813497613,"Taucorr":0.09624183006536269},"EnergyVariance":{"Mean":0.07960457856399585,"Sigma":0.02349544240187204,"Taucorr":-0.01943342797910247},"Iteration":46},
{"Acceptance":[0.012234794908062235],"Energy":{"Mean":-737.0564516129033,"Sigma":0.034214844250962176,"Taucorr":0.34182509505703584},"EnergyVariance":{"Mean":0.0855228928199792,"Sigma":0.02897509873131908,"Taucorr":0.23431525342402992},"Iteration":47},
{"Acceptance":[0.011598302687411598],"Energy":{"Mean":-737.0322580645162,"Sigma":0.030102726191764146,"Taucorr":0.20008169934648112},"EnergyVariance":{"Mean":0.07960457856399585,"Sigma":0.025877805615040675,"Taucorr":0.08296327589439445},"Iteration":48},
{"Acceptance":[0.010961810466760962],"Energy":{"Mean":-736.9758064516127,"Sigma":0.05357493835850351,"Taucorr":0.7930919485468293},"EnergyVariance":{"Mean":0.13651144640998958,"Sigma":0.09540968333396803,"Taucorr":0.9249687836803395},"Iteration":49},
{"Acceptance":[0.011386138613861386],"Energy":{"Mean":-736.9677419354839,"Sigma":0.057667399480869595,"Taucorr":0.13606391585764388},"EnergyVariance":{"Mean":0.3215400624349636,"Sigma":0.1998364216637849,"Taucorr":-0.010898956878443222},"Iteration":50},
{"Acceptance":[0.009900990099009901],"Energy":{"Mean":-737.048387096774,"Sigma":0.03157887130233623,"Taucorr":-0.015913757700314612},"EnergyVariance":{"Mean":0.12669094693028096,"Sigma":0.041302308871384405,"Taucorr":0.04408682308975731},"Iteration":51},
{"Acceptance":[0.011103253182461104],"Energy":{"Mean":-737.0564516129033,"Sigma":0.05146989596622301,"Taucorr":0.3937210132002059},"EnergyVariance":{"Mean":0.18229708636836628,"Sigma":0.061080069509130606,"Taucorr":0.5025078132375125},"Iteration":52},
{"Acceptance":[0.0128005657708628],"Energy":{"Mean":-737.0403225806451,"Sigma":0.0761089822330612,"Taucorr":0.5321462219710185},"EnergyVariance":{"Mean":0.3451482830385015,"Sigma":0.11940800137299168,"Taucorr":0.5484262443096524},"Iteration":53},
{"Acceptance":[0.010608203677510608],"Energy":{"Mean":-737.1532258064516,"Sigma":0.03961749124073058,"Taucorr":0.2439598997493243},"EnergyVariance":{"Mean":0.1297476586888657,"Sigma":0.027476647150832527,"Taucorr":0.24395989974937327},"Iteration":54},
{"Acceptance":[0.012376237623762377],"Energy":{"Mean":-737.0967741935484,"Sigma":0.04127898029700306,"Taucorr":0.023149350649426692},"EnergyVariance":{"Mean":0.200312174817898,"Sigma":0.08107704947595772,"Taucorr":0.39309057892796184},"Iteration":55},
{"Acceptance":[0.01082036775106082],"Energy":{"Mean":-737.2016129032257,"Sigma":0.056104926228795676,"Taucorr":0.25109765329300404},"EnergyVariance":{"Mean":0.2577393340270551,"Sigma":0.08259799501634654,"Taucorr":-0.019885343444334513},"Iteration":56},
{"Acceptance":[0.012446958981612447],"Energy":{"Mean":-737.0322580645162,"Sigma":0.08258421531260968,"Taucorr":0.22366472172348772},"EnergyVariance":{"Mean":0.5796045785639958,"Sigma":0.22986113823481377,"Taucorr":-0.0017750221518390563},"Iteration":57},
{"Acceptance":[0.014002828854314003],"Energy":{"Mean":-737.3629032258065,"Sigma":0.051638098688974385,"Taucorr":0.20928270042192954},"EnergyVariance":{"Mean":0.2312044745057232,"Sigma":0.014158833511491895,"Taucorr":0.20928270042194086},"Iteration":58},
{"Acceptance":[0.017751060820367752],"Energy":{"Mean":-737.298387096774,"Sigma":0.0737069127266762,"Taucorr":-0.0065507636153864235},"EnergyVariance":{"Mean":0.6770941727367326,"Sigma":0.42750254823467176,"Taucorr":-0.0013224008399853604},"Iteration":59},
{"Acceptance":[0.016831683168316833],"Energy":{"Mean":-737.532258064516,"Sigma":0.05995286621327628,"Taucorr":-0.018023255813950034},"EnergyVariance":{"Mean":0.45863683662851196,"Sigma":0.11309814682711215,"Taucorr":-0.009876059925030989},"Iteration":60},
{"Acceptance":[0.010466760961810467],"Energy":{"Mean":-737.8225806451615,"Sigma":0.046653533655736844,"Taucorr":0.32592295345108835},"EnergyVariance":{"Mean":0.1620707596253902,"Sigma":0.03953872048276804,"Taucorr":0.19979587132017163},"Iteration":61},
{"Acceptance":[0.012164073550212163],"Energy":{"Mean":-737.6451612903226,"Sigma":0.051554065925910116,"Taucorr":0.1258217131474456},"EnergyVariance":{"Mean":0.2611862643080125,"Sigma":0.025719888414652666,"Taucorr":-0.038789005438054414},"Iteration":62},
{"Acceptance":[0.00975954738330976],"Energy":{"Mean":-737.5967741935482,"Sigma":0.0682711026838714,"Taucorr":0.05678372915612151},"EnergyVariance":{"Mean":0.514828303850156,"Sigma":0.130356748778678,"Taucorr":0.1268463078876021},"Iteration":63},
{"Acceptance":[0.007072135785007072],"Energy":{"Mean":-737.8064516129032,"Sigma":0.04878865632984916,"Taucorr":0.27724447513805883},"EnergyVariance":{"Mean":0.1883454734651405,"Sigma":0.05475140664033091,"Taucorr":0.39643516690360847},"Iteration":64},
{"Acceptance":[0.005516265912305516],"Energy":{"Mean":-737.9677419354838,"Sigma":0.019197388248773806,"Taucorr":0.22604166666679038},"EnergyVariance":{"Mean":0.031217481789802284,"Sigma":0.017958847071427794,"Taucorr":0.22604166666666647},"Iteration":65},
{"Acceptance":[0.006718528995756719],"Energy":{"Mean":-737.9354838709677,"Sigma":0.0383947764975404,"Taucorr":0.3337320574162147},"EnergyVariance":{"Mean":0.10874089490114462,"Sigma":0.04165083203805601,"Taucorr":0.1221547112207717},"Iteration":66},
{"Acceptance":[0.00586987270155587],"Energy":{"Mean":-737.6693548387095,"Sigma":0.13930853472057977,"Taucorr":0.03730346947740648},"EnergyVariance":{"Mean":2.221318938605619,"Sigma":1.5353922469206915,"Taucorr":0.0010299488017050384},"Iteration":67},
{"Acceptance":[0.004172560113154172],"Energy":{"Mean":-737.9919354838709,"Sigma":0.008064516129036338,"Taucorr":3.9190872769268026e-13},"EnergyVariance":{"Mean":0.007999479708636839,"Sigma":0.0079344432882397,"Taucorr":0.0},"Iteration":68},
{"Acceptance":[0.005728429985855729],"Energy":{"Mean":-737.8790322580646,"Sigma":0.054218504238621165,"Taucorr":0.2681127383255507},"EnergyVariance":{"Mean":0.23536680541103014,"Sigma":0.1508400173059942,"Taucorr":0.19774380420915305},"Iteration":69},
{"Acceptance":[0.005091937765205092],"Energy":{"Mean":-737.9112903225806,"Sigma":0.06614214399255715,"Taucorr":0.42610252966197737},"EnergyVariance":{"Mean":0.2905176899063476,"Sigma":0.24723120416373548,"Taucorr":0.48829765248356194},"Iteration":70},
{"Acceptance":[0.005940594059405941],"Energy":{"Mean":-737.9435483870966,"Sigma":0.03219079006435055,"Taucorr":-0.0240893637688136},"EnergyVariance":{"Mean":0.13390998959417275,"Sigma":0.07991557204754668,"Taucorr":-0.019633308508812786},"Iteration":71},
{"Acceptance":[0.005799151343705799],"Energy":{"Mean":-737.9677419354839,"Sigma":0.015301343516943637,"Taucorr":-0.03874999999999912},"EnergyVariance":{"Mean":0.031217481789802277,"Sigma":0.014314160064238619,"Taucorr":-0.03875000000000006},"Iteration":72},
{"Acceptance":[0.0049504950495049506],"Energy":{"Mean":-737.8790322580645,"Sigma":0.04901032333367118,"Taucorr":0.36463646745338096},"EnergyVariance":{"Mean":0.17085067637877213,"Sigma":0.07003897696953149,"Taucorr":0.2415186605017725},"Iteration":73},
{"Acceptance":[0.005657708628005658],"Energy":{"Mean":-738.0,"Sigma":0.011593472394004344,"Taucorr":0.012500000000009726},"EnergyVariance":{"Mean":0.016129032258064516,"Sigma":0.011213254631513018,"Taucorr":-0.012704918032786672},"Iteration":74},
{"Acceptance":[0.004667609618104668],"Energy":{"Mean":-738.0080645161291,"Sigma":0.029520976157617743,"Taucorr":0.4505190311418622},"EnergyVariance":{"Mean":0.056386576482830394,"Sigma":0.03965387406271404,"Taucorr":0.13886503471709977},"Iteration":75},
{"Acceptance":[0.005799151343705799],"Energy":{"Mean":-737.9677419354838,"Sigma":0.03225806451613056,"Taucorr":0.5081967213115355},"EnergyVariance":{"Mean":0.06347554630593132,"Sigma":0.06243496357959914,"Taucorr":0.5081967213114753},"Iteration":76},
{"Acceptance":[0.00487977369165488],"Energy":{"Mean":-737.8870967741935,"Sigma":0.05893169647240634,"Taucorr":0.3169402985075055},"EnergyVariance":{"Mean":0.2614464099895942,"Sigma":0.12533904249684377,"Taucorr":0.16107484435672115},"Iteration":77},
{"Acceptance":[0.004738330975954739],"Energy":{"Mean":-737.9838709677418,"Sigma":0.01121325463151104,"Taucorr":-0.012704918032956647},"EnergyVariance":{"Mean":0.015868886576482832,"Sigma":0.010851536740171667,"Taucorr":-0.012704918032786783},"Iteration":78},
{"Acceptance":[0.0038896746817538895],"Energy":{"Mean":-738.0,"Sigma":0.0,"Taucorr":null},"EnergyVariance":{"Mean":0.0,"Sigma":0.0,"Taucorr":null},"Iteration":79},
{"Acceptance":[0.004526166902404526],"Energy":{"Mean":-737.9838709677418,"Sigma":0.011213254631512473,"Taucorr":-0.012704918032821866},"EnergyVariance":{"Mean":0.015868886576482832,"Sigma":0.010851536740171665,"Taucorr":-0.012704918032786894},"Iteration":80},
{"Acceptance":[0.004738330975954739],"Energy":{"Mean":-737.9516129032259,"Sigma":0.03558148840381474,"Taucorr":0.7523012552300714},"EnergyVariance":{"Mean":0.06217481789802289,"Sigma":0.04161268508190538,"Taucorr":0.26294103387088164},"Iteration":81},
{"Acceptance":[0.005162659123055162],"Energy":{"Mean":-737.9032258064516,"Sigma":0.04441589151037012,"Taucorr":-0.04187131630650931},"EnergyVariance":{"Mean":0.2648283038501561,"Sigma":0.14130192922254914,"Taucorr":-0.02621517196905726},"Iteration":82},
{"Acceptance":[0.004455445544554455],"Energy":{"Mean":-737.983870967742,"Sigma":0.016129032258065477,"Taucorr":4.551914400963142e-14},"EnergyVariance":{"Mean":0.031997918834547355,"Sigma":0.03173777315296613,"Taucorr":0.0},"Iteration":83},
{"Acceptance":[0.005233380480905233],"Energy":{"Mean":-737.9677419354838,"Sigma":0.03225806451613489,"Taucorr":0.5081967213116834},"EnergyVariance":{"Mean":0.06347554630593132,"Sigma":0.06243496357959914,"Taucorr":0.5081967213114753},"Iteration":84},
{"Acceptance":[0.004243281471004243],"Energy":{"Mean":-737.9758064516128,"Sigma":0.02419354838709665,"Taucorr":0.14435389988358638},"EnergyVariance":{"Mean":0.055866285119667035,"Sigma":0.03520369631564657,"Taucorr":0.03195140012414288},"Iteration":85},
{"Acceptance":[0.004809052333804809],"Energy":{"Mean":-737.9596774193548,"Sigma":0.023465755744938626,"Taucorr":-0.022731439046815793},"EnergyVariance":{"Mean":0.07095473465140478,"Sigma":0.04332654540726442,"Taucorr":-0.018332376969072806},"Iteration":86},
{"Acceptance":[0.004172560113154172],"Energy":{"Mean":-737.9758064516128,"Sigma":0.03730655969748774,"Taucorr":0.0071676300578650265},"EnergyVariance":{"Mean":0.1687695109261186,"Sigma":0.09908311774045943,"Taucorr":-0.021934840535893785},"Iteration":87},
{"Acceptance":[0.003748231966053748],"Energy":{"Mean":-737.9596774193545,"Sigma":0.02346575574494534,"Taucorr":0.37512605042036484},"EnergyVariance":{"Mean":0.03869667013527576,"Sigma":0.0215733560880767,"Taucorr":0.375126050420168},"Iteration":88},
{"Acceptance":[0.005586987270155587],"Energy":{"Mean":-738.016129032258,"Sigma":0.044804659462368106,"Taucorr":0.5960161662817998},"EnergyVariance":{"Mean":0.11264308012486993,"Sigma":0.04867232312302981,"Taucorr":0.23122214795010465},"Iteration":89},
{"Acceptance":[0.005091937765205092],"Energy":{"Mean":-738.0,"Sigma":0.0,"Taucorr":null},"EnergyVariance":{"Mean":0.0,"Sigma":0.0,"Taucorr":null},"Iteration":90},
{"Acceptance":[0.004031117397454031],"Energy":{"Mean":-737.9677419354838,"Sigma":0.032258064516129725,"Taucorr":0.5081967213114793},"EnergyVariance":{"Mean":0.06347554630593132,"Sigma":0.06243496357959914,"Taucorr":0.5081967213114753},"Iteration":91},
{"Acceptance":[0.003536067892503536],"Energy":{"Mean":-737.9677419354838,"Sigma":0.037997480610937016,"Taucorr":0.8988729508197599},"EnergyVariance":{"Mean":0.06347554630593132,"Sigma":0.035118510791461804,"Taucorr":0.8371460170655505},"Iteration":92},
{"Acceptance":[0.005799151343705799],"Energy":{"Mean":-737.9596774193546,"Sigma":0.03861996773348674,"Taucorr":0.26861035422361546},"EnergyVariance":{"Mean":0.11934183142559832,"Sigma":0.0685811319626725,"Taucorr":0.28537821130354435},"Iteration":93},
{"Acceptance":[0.004526166902404526],"Energy":{"Mean":-737.9596774193546,"Sigma":0.028626192498869083,"Taucorr":0.21026581118240006},"EnergyVariance":{"Mean":0.0709547346514048,"Sigma":0.048492636719450234,"Taucorr":0.10338002353296027},"Iteration":94},
{"Acceptance":[0.004101838755304102],"Energy":{"Mean":-738.0,"Sigma":0.0,"Taucorr":null},"EnergyVariance":{"Mean":0.0,"Sigma":0.0,"Taucorr":null},"Iteration":95},
{"Acceptance":[0.0033946251768033945],"Energy":{"Mean":-737.9677419354837,"Sigma":0.0191973882487711,"Taucorr":-0.021291208791206828},"EnergyVariance":{"Mean":0.04734651404786681,"Sigma":0.032452517758688244,"Taucorr":-0.012322699191430475},"Iteration":96},
{"Acceptance":[0.0026874115983026876],"Energy":{"Mean":-737.8951612903227,"Sigma":0.09684137453082448,"Taucorr":1.0013204672422193},"EnergyVariance":{"Mean":0.3841701352757545,"Sigma":0.36664829828331397,"Taucorr":1.0233973817211903},"Iteration":97},
{"Acceptance":[0.0033946251768033945],"Energy":{"Mean":-737.9596774193545,"Sigma":0.03683874734005916,"Taucorr":-0.0024040325706856658},"EnergyVariance":{"Mean":0.16772892819979182,"Sigma":0.12909950166343012,"Taucorr":-0.007867060633845846},"Iteration":98},
{"Acceptance":[0.0039603960396039604],"Energy":{"Mean":-737.8548387096773,"Sigma":0.07402973969057267,"Taucorr":0.013515655965100848},"EnergyVariance":{"Mean":0.656347554630593,"Sigma":0.38499376525861356,"Taucorr":-0.015351641077089029},"Iteration":99} 
]}