{"Output": [
{"Acceptance":[0.006435643564356435],"Energy":{"Mean":-711.7500000000001,"Sigma":0.18476954550529676,"Taucorr":0.39390557939910054},"EnergyVariance":{"Mean":2.348790322580645,"Sigma":0.5305262637657532,"Taucorr":0.06955027741531183},"Iteration":0},
{"Acceptance":[0.007567185289957567],"Energy":{"Mean":-714.8145161290322,"Sigma":0.16557481413956188,"Taucorr":0.551994481191425},"EnergyVariance":{"Mean":1.6026925078043708,"Sigma":0.5074697879966281,"Taucorr":0.6929979732836762},"Iteration":1},
{"Acceptance":[0.0021216407355021216],"Energy":{"Mean":-719.725806451613,"Sigma":0.16079224169052267,"Taucorr":0.6551833301833998},"EnergyVariance":{"Mean":1.3764308012486994,"Sigma":0.57692345396383,"Taucorr":0.5335786097516375},"Iteration":2},
{"Acceptance":[0.002263083451202263],"Energy":{"Mean":-719.9596774193549,"Sigma":0.07341220177940691,"Taucorr":0.03515698834399106},"EnergyVariance":{"Mean":0.6193418314255983,"Sigma":0.32574145267573257,"Taucorr":-0.028494531085230257},"Iteration":3},
{"Acceptance":[0.006577086280056577],"Energy":{"Mean":-720.6451612903224,"Sigma":0.07493204228368969,"Taucorr":0.3173491379310285},"EnergyVariance":{"Mean":0.4224765868886575,"Sigma":0.20999326170493643,"Taucorr":0.49325845278292724},"Iteration":4},
{"Acceptance":[0.0005657708628005657],"Energy":{"Mean":-721.0,"Sigma":0.0,"Taucorr":null},"EnergyVariance":{"Mean":0.0,"Sigma":0.0,"Taucorr":null},"Iteration":5},
{"Acceptance":[0.0005657708628005657],"Energy":{"Mean":-721.0,"Sigma":0.0,"Taucorr":null},"EnergyVariance":{"Mean":0.0,"Sigma":0.0,"Taucorr":null},"Iteration":6},
{"Acceptance":[0.0003536067892503536],"Energy":{"Mean":-720.8387096774194,"Sigma":0.1319561200571386,"Taucorr":1.2295798319327744},"EnergyVariance":{"Mean":0.6191467221644124,"Sigma":0.4852579898875533,"Taucorr":1.2295798319327733},"Iteration":7},
{"Acceptance":[0.0007779349363507779],"Energy":{"Mean":-721.0,"Sigma":0.0,"Taucorr":null},"EnergyVariance":{"Mean":0.0,"Sigma":0.0,"Taucorr":null},"Iteration":8},
{"Acceptance":[0.0007072135785007072],"Energy":{"Mean":-721.1451612903226,"Sigma":0.235542782438044,"Taucorr":0.7040668319104146},"EnergyVariance":{"Mean":2.833766909469303,"Sigma":1.7299975169674948,"Taucorr":0.6738215277234425},"Iteration":9},
{"Acceptance":[0.007637906647807638],"Energy":{"Mean":-725.5887096774194,"Sigma":0.43138754423308845,"Taucorr":0.2300125695369084},"EnergyVariance":{"Mean":15.677614464099898,"Sigma":0.5167395513198069,"Taucorr":0.06196753626313323},"Iteration":10},
{"Acceptance":[0.0004950495049504951],"Energy":{"Mean":-729.0,"Sigma":0.0,"Taucorr":null},"EnergyVariance":{"Mean":0.0,"Sigma":0.0,"Taucorr":null},"Iteration":11},
{"Acceptance":[0.0004243281471004243],"Energy":{"Mean":-729.0,"Sigma":0.0,"Taucorr":null},"EnergyVariance":{"Mean":0.0,"Sigma":0.0,"Taucorr":null},"Iteration":12},
{"Acceptance":[0.0002828854314002829],"Energy":{"Mean":-728.7903225806451,"Sigma":0.20967741935483913,"Taucorr":0.5081967213114813},"EnergyVariance":{"Mean":2.6818418314255985,"Sigma":2.6378772112382785,"Taucorr":0.5081967213114753},"Iteration":13},
{"Acceptance":[0.0004243281471004243],"Energy":{"Mean":-728.9596774193545,"Sigma":0.04032258064516431,"Taucorr":5.995204332975845e-14},"EnergyVariance":{"Mean":0.19998699271592088,"Sigma":0.1983610822060108,"Taucorr":-3.3306690738754696e-16},"Iteration":14},
{"Acceptance":[0.0004243281471004243],"Energy":{"Mean":-729.0,"Sigma":0.0,"Taucorr":null},"EnergyVariance":{"Mean":0.0,"Sigma":0.0,"Taucorr":null},"Iteration":15},
{"Acceptance":[0.0004243281471004243],"Energy":{"Mean":-728.991935483871,"Sigma":0.033768405908480674,"Taucorr":0.011770289511220167},"EnergyVariance":{"Mean":0.13703173777315295,"Sigma":0.08362356531375112,"Taucorr":-0.01971176975046579},"Iteration":16},
{"Acceptance":[0.0],"Energy":{"Mean":-729.0,"Sigma":0.0,"Taucorr":null},"EnergyVariance":{"Mean":0.0,"Sigma":0.0,"Taucorr":null},"Iteration":17},
{"Acceptance":[0.001272984441301273],"Energy":{"Mean":-728.967741935484,"Sigma":0.06215435118709229,"Taucorr":0.00907190635455346},"EnergyVariance":{"Mean":0.4667013527575442,"Sigma":0.3960417904766041,"Taucorr":-0.004621218993162757},"Iteration":18},
{"Acceptance":[0.0011315417256011315],"Energy":{"Mean":-729.0483870967743,"Sigma":0.03363976389453727,"Taucorr":-0.012704918032827861},"EnergyVariance":{"Mean":0.14281997918834546,"Sigma":0.0976638306615603,"Taucorr":-0.012704918032786894},"Iteration":19},
{"Acceptance":[0.004809052333804809],"Energy":{"Mean":-729.5564516129033,"Sigma":0.12998639166747422,"Taucorr":0.264227292294433},"EnergyVariance":{"Mean":1.3597164412070764,"Sigma":0.24529690040473695,"Taucorr":0.2642272922944464},"Iteration":20},
{"Acceptance":[0.0026874115983026876],"Energy":{"Mean":-731.7177419354839,"Sigma":0.18062835943367972,"Taucorr":1.0068376068375926},"EnergyVariance":{"Mean":1.331620707596254,"Sigma":0.801174174907467,"Taucorr":1.0068376068376066},"Iteration":21},
{"Acceptance":[0.005374823196605375],"Energy":{"Mean":-732.0,"Sigma":0.0,"Taucorr":null},"EnergyVariance":{"Mean":0.0,"Sigma":0.0,"Taucorr":null},"Iteration":22},
{"Acceptance":[0.005374823196605375],"Energy":{"Mean":-732.0,"Sigma":0.0,"Taucorr":null},"EnergyVariance":{"Mean":0.0,"Sigma":0.0,"Taucorr":null},"Iteration":23},
{"Acceptance":[0.004455445544554455],"Energy":{"Mean":-732.0,"Sigma":0.0,"Taucorr":null},"EnergyVariance":{"Mean":0.0,"Sigma":0.0,"Taucorr":null},"Iteration":24},
{"Acceptance":[0.005233380480905233],"Energy":{"Mean":-732.0,"Sigma":0.0,"Taucorr":null},"EnergyVariance":{"Mean":0.0,"Sigma":0.0,"Taucorr":null},"Iteration":25},
{"Acceptance":[0.006506364922206506],"Energy":{"Mean":-732.0,"Sigma":0.0,"Taucorr":null},"EnergyVariance":{"Mean":0.0,"Sigma":0.0,"Taucorr":null},"Iteration":26},
{"Acceptance":[0.005657708628005658],"Energy":{"Mean":-732.0,"Sigma":0.0,"Taucorr":null},"EnergyVariance":{"Mean":0.0,"Sigma":0.0,"Taucorr":null},"Iteration":27},
{"Acceptance":[0.00487977369165488],"Energy":{"Mean":-731.9274193548388,"Sigma":0.07258064516128826,"Taucorr":-2.4646951146678475e-14},"EnergyVariance":{"Mean":0.647957856399584,"Sigma":0.6426899063475643,"Taucorr":2.220446049250313e-16},"Iteration":28},
{"Acceptance":[0.008981612446958982],"Energy":{"Mean":-732.0,"Sigma":0.0,"Taucorr":null},"EnergyVariance":{"Mean":0.0,"Sigma":0.0,"Taucorr":null},"Iteration":29},
{"Acceptance":[0.009193776520509194],"Energy":{"Mean":-732.0,"Sigma":0.0,"Taucorr":null},"EnergyVariance":{"Mean":0.0,"Sigma":0.0,"Taucorr":null},"Iteration":30},
{"Acceptance":[0.009193776520509194],"Energy":{"Mean":-732.0,"Sigma":0.0,"Taucorr":null},"EnergyVariance":{"Mean":0.0,"Sigma":0.0,"Taucorr":null},"Iteration":31},
{"Acceptance":[0.00891089108910891],"Energy":{"Mean":-732.0,"Sigma":0.0,"Taucorr":null},"EnergyVariance":{"Mean":0.0,"Sigma":0.0,"Taucorr":null},"Iteration":32},
{"Acceptance":[0.008415841584158416],"Energy":{"Mean":-732.0,"Sigma":0.0,"Taucorr":null},"EnergyVariance":{"Mean":0.0,"Sigma":0.0,"Taucorr":null},"Iteration":33},
{"Acceptance":[0.007425742574257425],"Energy":{"Mean":-732.0,"Sigma":0.0,"Taucorr":null},"EnergyVariance":{"Mean":0.0,"Sigma":0.0,"Taucorr":null},"Iteration":34},
{"Acceptance":[0.007991513437057991],"Energy":{"Mean":-732.0,"Sigma":0.0,"Taucorr":null},"EnergyVariance":{"Mean":0.0,"Sigma":0.0,"Taucorr":null},"Iteration":35},
{"Acceptance":[0.009264497878359264],"Energy":{"Mean":-732.0,"Sigma":0.0,"Taucorr":null},"EnergyVariance":{"Mean":0.0,"Sigma":0.0,"Taucorr":null},"Iteration":36},
{"Acceptance":[0.010113154172560113],"Energy":{"Mean":-732.0,"Sigma":0.0,"Taucorr":null},"EnergyVariance":{"Mean":0.0,"Sigma":0.0,"Taucorr":null},"Iteration":37},
{"Acceptance":[0.008132956152758133],"Energy":{"Mean":-732.0,"Sigma":0.0,"Taucorr":null},"EnergyVariance":{"Mean":0.0,"Sigma":0.0,"Taucorr":null},"Iteration":38},
{"Acceptance":[0.009264497878359264],"Energy":{"Mean":-732.0,"Sigma":0.0,"Taucorr":null},"EnergyVariance":{"Mean":0.0,"Sigma":0.0,"Taucorr":null},"Iteration":39},
{"Acceptance":[0.009193776520509194],"Energy":{"Mean":-732.0,"Sigma":0.0,"Taucorr":null},"EnergyVariance":{"Mean":0.0,"Sigma":0.0,"Taucorr":null},"Iteration":40},
{"Acceptance":[0.008274398868458275],"Energy":{"Mean":-732.016129032258,"Sigma":0.0161290322580653,"Taucorr":3.086420008457935e-14},"EnergyVariance":{"Mean":0.031997918834547355,"Sigma":0.03173777315296614,"Taucorr":0.0},"Iteration":41},
{"Acceptance":[0.00975954738330976],"Energy":{"Mean":-732.0645161290323,"Sigma":0.05049185755644733,"Taucorr":0.7556250000000266},"EnergyVariance":{"Mean":0.12486992715920912,"Sigma":0.09446863671850793,"Taucorr":0.7556249999999998},"Iteration":42},
{"Acceptance":[0.005516265912305516],"Energy":{"Mean":-732.0645161290323,"Sigma":0.038394776497541666,"Taucorr":0.22604166666665626},"EnergyVariance":{"Mean":0.12486992715920912,"Sigma":0.07183538828571992,"Taucorr":0.22604166666666703},"Iteration":43},
{"Acceptance":[0.009052333804809052],"Energy":{"Mean":-732.5000000000002,"Sigma":0.095602222496317,"Taucorr":0.24946236559132562},"EnergyVariance":{"Mean":0.75,"Sigma":0.09560222249628011,"Taucorr":0.2494623655913979},"Iteration":44},
{"Acceptance":[0.0002828854314002829],"Energy":{"Mean":-734.0,"Sigma":0.0,"Taucorr":null},"EnergyVariance":{"Mean":0.0,"Sigma":0.0,"Taucorr":null},"Iteration":45},
{"Acceptance":[0.0002828854314002829],"Energy":{"Mean":-734.0,"Sigma":0.0,"Taucorr":null},"EnergyVariance":{"Mean":0.0,"Sigma":0.0,"Taucorr":null},"Iteration":46},
{"Acceptance":[0.0002828854314002829],"Energy":{"Mean":-733.9919354838709,"Sigma":0.008064516129033495,"Taucorr":1.2967404927621828e-13},"EnergyVariance":{"Mean":0.007999479708636839,"Sigma":0.007934443288239699,"Taucorr":-2.220446049250313e-16},"Iteration":47},
{"Acceptance":[0.0004243281471004243],"Energy":{"Mean":-734.0,"Sigma":0.0,"Taucorr":null},"EnergyVariance":{"Mean":0.0,"Sigma":0.0,"Taucorr":null},"Iteration":48},
{"Acceptance":[0.0004243281471004243],"Energy":{"Mean":-734.0,"Sigma":0.0,"Taucorr":null},"EnergyVariance":{"Mean":0.0,"Sigma":0.0,"Taucorr":null},"Iteration":49},
{"Acceptance":[0.0004243281471004243],"Energy":{"Mean":-733.983870967742,"Sigma":0.016129032258063707,"Taucorr":-4.8183679268731794e-14},"EnergyVariance":{"Mean":0.03199791883454735,"Sigma":0.03173777315296613,"Taucorr":-2.220446049250313e-16},"Iteration":50},
{"Acceptance":[0.0008486562942008486],"Energy":{"Mean":-733.9274193548388,"Sigma":0.07258064516128922,"Taucorr":-1.0658141036401503e-14},"EnergyVariance":{"Mean":0.6479578563995838,"Sigma":0.6426899063475642,"Taucorr":0.0},"Iteration":51},
{"Acceptance":[0.0002828854314002829],"Energy":{"Mean":-734.0,"Sigma":0.0,"Taucorr":null},"EnergyVariance":{"Mean":0.0,"Sigma":0.0,"Taucorr":null},"Iteration":52},
{"Acceptance":[0.0002828854314002829],"Energy":{"Mean":-734.0,"Sigma":0.0,"Taucorr":null},"EnergyVariance":{"Mean":0.0,"Sigma":0.0,"Taucorr":null},"Iteration":53},
{"Acceptance":[0.0002828854314002829],"Energy":{"Mean":-734.0,"Sigma":0.0,"Taucorr":null},"EnergyVariance":{"Mean":0.0,"Sigma":0.0,"Taucorr":null},"Iteration":54},
{"Acceptance":[0.0008486562942008486],"Energy":{"Mean":-734.0,"Sigma":0.0,"Taucorr":null},"EnergyVariance":{"Mean":0.0,"Sigma":0.0,"Taucorr":null},"Iteration":55},
{"Acceptance":[0.001272984441301273],"Energy":{"Mean":-734.0,"Sigma":0.0,"Taucorr":null},"EnergyVariance":{"Mean":0.0,"Sigma":0.0,"Taucorr":null},"Iteration":56},
{"Acceptance":[0.00014144271570014144],"Energy":{"Mean":-734.0,"Sigma":0.0,"Taucorr":null},"EnergyVariance":{"Mean":0.0,"Sigma":0.0,"Taucorr":null},"Iteration":57},
{"Acceptance":[0.0005657708628005657],"Energy":{"Mean":-733.9516129032259,"Sigma":0.0355814884038161,"Taucorr":0.045173041894365884},"EnergyVariance":{"Mean":0.1428199791883455,"Sigma":0.12626718543306395,"Taucorr":0.00045572841106900075},"Iteration":58},
{"Acceptance":[0.0007072135785007072],"Energy":{"Mean":-734.0,"Sigma":0.0,"Taucorr":null},"EnergyVariance":{"Mean":0.0,"Sigma":0.0,"Taucorr":null},"Iteration":59},
{"Acceptance":[0.0005657708628005657],"Energy":{"Mean":-734.0,"Sigma":0.0,"Taucorr":null},"EnergyVariance":{"Mean":0.0,"Sigma":0.0,"Taucorr":null},"Iteration":60},
{"Acceptance":[0.0002828854314002829],"Energy":{"Mean":-734.0,"Sigma":0.0,"Taucorr":null},"EnergyVariance":{"Mean":0.0,"Sigma":0.0,"Taucorr":null},"Iteration":61},
{"Acceptance":[0.0002828854314002829],"Energy":{"Mean":-734.0,"Sigma":0.0,"Taucorr":null},"EnergyVariance":{"Mean":0.0,"Sigma":0.0,"Taucorr":null},"Iteration":62},
{"Acceptance":[0.0004243281471004243],"Energy":{"Mean":-734.0,"Sigma":0.0,"Taucorr":null},"EnergyVariance":{"Mean":0.0,"Sigma":0.0,"Taucorr":null},"Iteration":63},
{"Acceptance":[0.0002828854314002829],"Energy":{"Mean":-734.0,"Sigma":0.06956083436402513,"Taucorr":0.5249999999999919},"EnergyVariance":{"Mean":0.2903225806451612,"Sigma":0.20183858336723426,"Taucorr":0.49083333333333257},"Iteration":64},
{"Acceptance":[0.0004243281471004243],"Energy":{"Mean":-734.0,"Sigma":0.0,"Taucorr":null},"EnergyVariance":{"Mean":0.0,"Sigma":0.0,"Taucorr":null},"Iteration":65},
{"Acceptance":[0.0005657708628005657],"Energy":{"Mean":-734.0,"Sigma":0.0,"Taucorr":null},"EnergyVariance":{"Mean":0.0,"Sigma":0.0,"Taucorr":null},"Iteration":66},
{"Acceptance":[0.0008486562942008486],"Energy":{"Mean":-734.0,"Sigma":0.0,"Taucorr":null},"EnergyVariance":{"Mean":0.0,"Sigma":0.0,"Taucorr":null},"Iteration":67},
{"Acceptance":[0.0008486562942008486],"Energy":{"Mean":-733.8306451612904,"Sigma":0.12453520941335842,"Taucorr":0.3245179063361171},"EnergyVariance":{"Mean":1.1568028095733613,"Sigma":0.8295651852857452,"Taucorr":0.32451790633608746},"Iteration":68},
{"Acceptance":[0.0],"Energy":{"Mean":-734.0,"Sigma":0.0,"Taucorr":null},"EnergyVariance":{"Mean":0.0,"Sigma":0.0,"Taucorr":null},"Iteration":69},
{"Acceptance":[0.0002828854314002829],"Energy":{"Mean":-734.0,"Sigma":0.0,"Taucorr":null},"EnergyVariance":{"Mean":0.0,"Sigma":0.0,"Taucorr":null},"Iteration":70},
{"Acceptance":[0.0005657708628005657],"Energy":{"Mean":-734.0,"Sigma":0.0,"Taucorr":null},"EnergyVariance":{"Mean":0.0,"Sigma":0.0,"Taucorr":null},"Iteration":71},
{"Acceptance":[0.0002828854314002829],"Energy":{"Mean":-734.0,"Sigma":0.0,"Taucorr":null},"EnergyVariance":{"Mean":0.0,"Sigma":0.0,"Taucorr":null},"Iteration":72},
{"Acceptance":[0.00014144271570014144],"Energy":{"Mean":-734.0,"Sigma":0.0,"Taucorr":null},"EnergyVariance":{"Mean":0.0,"Sigma":0.0,"Taucorr":null},"Iteration":73},
{"Acceptance":[0.00014144271570014144],"Energy":{"Mean":-734.0,"Sigma":0.0,"Taucorr":null},"EnergyVariance":{"Mean":0.0,"Sigma":0.0,"Taucorr":null},"Iteration":74},
{"Acceptance":[0.0002828854314002829],"Energy":{"Mean":-734.0,"Sigma":0.0,"Taucorr":null},"EnergyVariance":{"Mean":0.0,"Sigma":0.0,"Taucorr":null},"Iteration":75},
{"Acceptance":[0.0002828854314002829],"Energy":{"Mean":-734.0,"Sigma":0.0,"Taucorr":null},"EnergyVariance":{"Mean":0.0,"Sigma":0.0,"Taucorr":null},"Iteration":76},
{"Acceptance":[0.0007072135785007072],"Energy":{"Mean":-734.0,"Sigma":0.0,"Taucorr":null},"EnergyVariance":{"Mean":0.0,"Sigma":0.0,"Taucorr":null},"Iteration":77},
{"Acceptance":[0.0002828854314002829],"Energy":{"Mean":-734.0,"Sigma":0.0,"Taucorr":null},"EnergyVariance":{"Mean":0.0,"Sigma":0.0,"Taucorr":null},"Iteration":78},
{"Acceptance":[0.0011315417256011315],"Energy":{"Mean":-734.0080645161291,"Sigma":0.008064516129033219,"Taucorr":9.43689570931383e-14},"EnergyVariance":{"Mean":0.007999479708636837,"Sigma":0.007934443288239699,"Taucorr":-2.220446049250313e-16},"Iteration":79},
{"Acceptance":[0.0],"Energy":{"Mean":-734.0,"Sigma":0.0,"Taucorr":null},"EnergyVariance":{"Mean":0.0,"Sigma":0.0,"Taucorr":null},"Iteration":80},
{"Acceptance":[0.0005657708628005657],"Energy":{"Mean":-734.0,"Sigma":0.0,"Taucorr":null},"EnergyVariance":{"Mean":0.0,"Sigma":0.0,"Taucorr":null},"Iteration":81},
{"Acceptance":[0.0009900990099009901],"Energy":{"Mean":-734.0483870967741,"Sigma":0.033639763894538384,"Taucorr":-0.012704918032794887},"EnergyVariance":{"Mean":0.14281997918834546,"Sigma":0.09766383066156796,"Taucorr":-0.01270491803278645},"Iteration":82},
{"Acceptance":[0.0004243281471004243],"Energy":{"Mean":-734.0,"Sigma":0.0,"Taucorr":null},"EnergyVariance":{"Mean":0.0,"Sigma":0.0,"Taucorr":null},"Iteration":83},
{"Acceptance":[0.0004243281471004243],"Energy":{"Mean":-734.0,"Sigma":0.0,"Taucorr":null},"EnergyVariance":{"Mean":0.0,"Sigma":0.0,"Taucorr":null},"Iteration":84},
{"Acceptance":[0.0007072135785007072],"Energy":{"Mean":-734.0,"Sigma":0.0,"Taucorr":null},"EnergyVariance":{"Mean":0.0,"Sigma":0.0,"Taucorr":null},"Iteration":85},
{"Acceptance":[0.0007072135785007072],"Energy":{"Mean":-733.967741935484,"Sigma":0.051511998137651845,"Taucorr":0.03432708688249364},"EnergyVariance":{"Mean":0.3054110301768991,"Sigma":0.2871417280720645,"Taucorr":-0.0006054773214743125},"Iteration":86},
{"Acceptance":[0.0004243281471004243],"Energy":{"Mean":-734.0,"Sigma":0.0,"Taucorr":null},"EnergyVariance":{"Mean":0.0,"Sigma":0.0,"Taucorr":null},"Iteration":87},
{"Acceptance":[0.0002828854314002829],"Energy":{"Mean":-734.0,"Sigma":0.0,"Taucorr":null},"EnergyVariance":{"Mean":0.0,"Sigma":0.0,"Taucorr":null},"Iteration":88},
{"Acceptance":[0.0007072135785007072],"Energy":{"Mean":-734.0322580645163,"Sigma":0.025245928778223795,"Taucorr":-0.007598039215675589},"EnergyVariance":{"Mean":0.07960457856399586,"Sigma":0.07116884104734124,"Taucorr":-0.002651924281302731},"Iteration":89},
{"Acceptance":[0.0005657708628005657],"Energy":{"Mean":-734.0,"Sigma":0.0,"Taucorr":null},"EnergyVariance":{"Mean":0.0,"Sigma":0.0,"Taucorr":null},"Iteration":90},
{"Acceptance":[0.00014144271570014144],"Energy":{"Mean":-734.0241935483871,"Sigma":0.024193548387096402,"Taucorr":-1.2101430968414206e-14},"EnergyVariance":{"Mean":0.07199531737773153,"Sigma":0.0714099895941738,"Taucorr":0.0},"Iteration":91},
{"Acceptance":[0.0005657708628005657],"Energy":{"Mean":-734.0483870967741,"Sigma":0.033639763894540084,"Taucorr":-0.012704918032760582},"EnergyVariance":{"Mean":0.14281997918834546,"Sigma":0.09766383066156793,"Taucorr":-0.012704918032787005},"Iteration":92},
{"Acceptance":[0.0016973125884016972],"Energy":{"Mean":-734.2903225806452,"Sigma":0.10819683762095461,"Taucorr":0.4151785714285424},"EnergyVariance":{"Mean":0.7866805411030178,"Sigma":0.2617665426313323,"Taucorr":0.4151785714285713},"Iteration":93},
{"Acceptance":[0.0004950495049504951],"Energy":{"Mean":-737.0322580645161,"Sigma":0.02242650926302648,"Taucorr":-0.012704918032764412},"EnergyVariance":{"Mean":0.06347554630593132,"Sigma":0.04340614696069686,"Taucorr":-0.012704918032786894},"Iteration":94},
{"Acceptance":[0.001272984441301273],"Energy":{"Mean":-737.0806451612902,"Sigma":0.04080358271184686,"Taucorr":0.16151260504194997},"EnergyVariance":{"Mean":0.1547866805411031,"Sigma":0.07502594240566576,"Taucorr":0.1615126050420166},"Iteration":95},
{"Acceptance":[0.009900990099009901],"Energy":{"Mean":-737.951612903226,"Sigma":0.1212720187515839,"Taucorr":0.2592924219261823},"EnergyVariance":{"Mean":1.191207075962539,"Sigma":0.18917210130320475,"Taucorr":-0.0035724197130070356},"Iteration":96},
{"Acceptance":[7.072135785007072e-05],"Energy":{"Mean":-739.0,"Sigma":0.0,"Taucorr":null},"EnergyVariance":{"Mean":0.0,"Sigma":0.0,"Taucorr":null},"Iteration":97},
{"Acceptance":[0.00014144271570014144],"Energy":{"Mean":-738.9032258064517,"Sigma":0.0711629768076292,"Taucorr":0.3245179063360464},"EnergyVariance":{"Mean":0.3777315296566077,"Sigma":0.27087842784841587,"Taucorr":0.3245179063360877},"Iteration":98},
{"Acceptance":[0.0],"Energy":{"Mean":-739.0,"Sigma":0.0,"Taucorr":null},"EnergyVariance":{"Mean":0.0,"Sigma":0.0,"Taucorr":null},"Iteration":99} 
]}