{"Output": [
{"Acceptance":[0.948051948051948],"Energy":{"Mean":-6.830645161290322,"Sigma":0.1677600279738255,"Taucorr":0.12129333488969307},"EnergyVariance":{"Mean":2.785835067637878,"Sigma":0.26990300848956716,"Taucorr":-0.06006142173317153},"Iteration":0},
{"Acceptance":[0.9272727272727272],"Energy":{"Mean":-6.96774193548387,"Sigma":0.16989162242879435,"Taucorr":0.04500199680511163},"EnergyVariance":{"Mean":3.2570239334027056,"Sigma":0.4576353751430806,"Taucorr":0.03738561125163686},"Iteration":1},
{"Acceptance":[0.8954545454545455],"Energy":{"Mean":-7.314516129032258,"Sigma":0.15596031940172353,"Taucorr":-0.012804219355658508},"EnergyVariance":{"Mean":3.0704344432882413,"Sigma":0.3619129325472291,"Taucorr":0.06740491414096661},"Iteration":2},
{"Acceptance":[0.888961038961039],"Energy":{"Mean":-7.096774193548387,"Sigma":0.1820867021986665,"Taucorr":0.250639245355296},"EnergyVariance":{"Mean":2.7164412070759627,"Sigma":0.2888590377599973,"Taucorr":-0.16032896152295717},"Iteration":3},
{"Acceptance":[0.8207792207792208],"Energy":{"Mean":-7.483870967741936,"Sigma":0.1727137462818173,"Taucorr":0.020596486047541607},"EnergyVariance":{"Mean":3.5239334027055147,"Sigma":0.5698342157693149,"Taucorr":0.2282235076440473},"Iteration":4},
{"Acceptance":[0.8214285714285714],"Energy":{"Mean":-7.532258064516129,"Sigma":0.17418857021958686,"Taucorr":0.09501866445458307},"EnergyVariance":{"Mean":3.1360561914672216,"Sigma":0.47727364043584053,"Taucorr":0.17273856298643542},"Iteration":5},
{"Acceptance":[0.7344155844155844],"Energy":{"Mean":-7.862903225806452,"Sigma":0.20830818439952178,"Taucorr":0.14546412672444975},"EnergyVariance":{"Mean":4.134430280957336,"Sigma":0.4332303650745951,"Taucorr":-0.07501317889899217},"Iteration":6},
{"Acceptance":[0.6571428571428571],"Energy":{"Mean":-8.475806451612902,"Sigma":0.22491182224053674,"Taucorr":0.12327778284493207},"EnergyVariance":{"Mean":4.991350156087409,"Sigma":0.5607542510044542,"Taucorr":0.06383389560370833},"Iteration":7},
{"Acceptance":[0.6116883116883117],"Energy":{"Mean":-8.532258064516128,"Sigma":0.2274041022872706,"Taucorr":0.34832246200818817},"EnergyVariance":{"Mean":3.7489594172736735,"Sigma":0.3909621311162944,"Taucorr":-0.021637919642431114},"Iteration":8},
{"Acceptance":[0.5655844155844156],"Energy":{"Mean":-8.725806451612904,"Sigma":0.22640090722943554,"Taucorr":0.22296104051070909},"EnergyVariance":{"Mean":4.3603017689906345,"Sigma":0.4550943475724363,"Taucorr":-0.035378440548155865},"Iteration":9},
{"Acceptance":[0.5155844155844156],"Energy":{"Mean":-9.11290322580645,"Sigma":0.2265444927927115,"Taucorr":0.2463200467490928},"EnergyVariance":{"Mean":4.2291883454734664,"Sigma":0.45420430771848425,"Taucorr":-0.07755561998282157},"Iteration":10},
{"Acceptance":[0.4564935064935065],"Energy":{"Mean":-9.750000000000004,"Sigma":0.17847923887577916,"Taucorr":0.02666666666666695},"EnergyVariance":{"Mean":3.71975806451613,"Sigma":0.3393922334153672,"Taucorr":-0.09345422548682003},"Iteration":11},
{"Acceptance":[0.41493506493506493],"Energy":{"Mean":-9.766129032258064,"Sigma":0.26128700382865144,"Taucorr":0.5046623819231548},"EnergyVariance":{"Mean":4.179175338189386,"Sigma":0.3666699411341962,"Taucorr":-0.11112410420318297},"Iteration":12},
{"Acceptance":[0.37857142857142856],"Energy":{"Mean":-10.193548387096774,"Sigma":0.25655641329252754,"Taucorr":0.45183049914362616},"EnergyVariance":{"Mean":4.252861602497399,"Sigma":0.6593277724765689,"Taucorr":0.20497318928727049},"Iteration":13},
{"Acceptance":[0.32987012987012987],"Energy":{"Mean":-10.693548387096774,"Sigma":0.20336869869802562,"Taucorr":0.23631109270276351},"EnergyVariance":{"Mean":3.454474505723205,"Sigma":0.45501822298122735,"Taucorr":0.00784193209452344},"Iteration":14},
{"Acceptance":[0.2772727272727273],"Energy":{"Mean":-11.13709677419355,"Sigma":0.14426245016127662,"Taucorr":0.16497719209325812},"EnergyVariance":{"Mean":1.9247528616024974,"Sigma":0.1976902818180156,"Taucorr":-0.04486550725201005},"Iteration":15},
{"Acceptance":[0.23506493506493506],"Energy":{"Mean":-11.475806451612904,"Sigma":0.1789886607771135,"Taucorr":0.3635207935467323},"EnergyVariance":{"Mean":2.28167273673257,"Sigma":0.4026440997233449,"Taucorr":0.15391806652261253},"Iteration":16},
{"Acceptance":[0.2331168831168831],"Energy":{"Mean":-11.499999999999998,"Sigma":0.1762055251596107,"Taucorr":0.3486559139784947},"EnergyVariance":{"Mean":2.25,"Sigma":0.3376070121067624,"Taucorr":0.02487922705313983},"Iteration":17},
{"Acceptance":[0.21688311688311687],"Energy":{"Mean":-11.483870967741934,"Sigma":0.16228189824742004,"Taucorr":0.1902272727272729},"EnergyVariance":{"Mean":2.3465140478668047,"Sigma":0.34519579953247287,"Taucorr":-0.017912834644255915},"Iteration":18},
{"Acceptance":[0.17012987012987013],"Energy":{"Mean":-11.943548387096774,"Sigma":0.15455002209821406,"Taucorr":0.486715302957494},"EnergyVariance":{"Mean":1.488748699271592,"Sigma":0.39335186825540913,"Taucorr":0.6812411706004069},"Iteration":19},
{"Acceptance":[0.18246753246753247],"Energy":{"Mean":-11.637096774193548,"Sigma":0.17690541397672596,"Taucorr":0.309923643230521},"EnergyVariance":{"Mean":2.376365764828304,"Sigma":0.46340016616740304,"Taucorr":0.2178951692372465},"Iteration":20},
{"Acceptance":[0.1590909090909091],"Energy":{"Mean":-11.766129032258064,"Sigma":0.14615846270133007,"Taucorr":0.14590567545963207},"EnergyVariance":{"Mean":2.034014047866805,"Sigma":0.4285775095458501,"Taucorr":0.3283469414214263},"Iteration":21},
{"Acceptance":[0.1266233766233766],"Energy":{"Mean":-12.129032258064516,"Sigma":0.14886260883579844,"Taucorr":0.32865786143625475},"EnergyVariance":{"Mean":1.6446409989594175,"Sigma":0.3296533736553789,"Taucorr":0.21427505670325708},"Iteration":22},
{"Acceptance":[0.10194805194805195],"Energy":{"Mean":-12.36290322580645,"Sigma":0.12094981946084137,"Taucorr":0.4400883452259595},"EnergyVariance":{"Mean":0.9570109261186264,"Sigma":0.2506078332341525,"Taucorr":0.1425644981967117},"Iteration":23},
{"Acceptance":[0.10649350649350649],"Energy":{"Mean":-12.217741935483872,"Sigma":0.1442173610993343,"Taucorr":0.7096500399778589},"EnergyVariance":{"Mean":1.057427159209157,"Sigma":0.27717455807614233,"Taucorr":0.5150917958466756},"Iteration":24},
{"Acceptance":[0.08571428571428572],"Energy":{"Mean":-12.467741935483872,"Sigma":0.08339401190103761,"Taucorr":0.20835846617837162},"EnergyVariance":{"Mean":0.6037981269510927,"Sigma":0.09735558373223421,"Taucorr":-0.04040480662511714},"Iteration":25},
{"Acceptance":[0.08441558441558442],"Energy":{"Mean":-12.43548387096774,"Sigma":0.10496270582918674,"Taucorr":0.3041139240506331},"EnergyVariance":{"Mean":0.84261186264308,"Sigma":0.2229727439726629,"Taucorr":0.4069566229835837},"Iteration":26},
{"Acceptance":[0.09675324675324676],"Energy":{"Mean":-12.419354838709676,"Sigma":0.10329718634216911,"Taucorr":0.22528033352501464},"EnergyVariance":{"Mean":0.9047866805411029,"Sigma":0.19136628254795857,"Taucorr":0.08410916613923514},"Iteration":27},
{"Acceptance":[0.06428571428571428],"Energy":{"Mean":-12.54032258064516,"Sigma":0.10757391444502391,"Taucorr":0.5406942463147888},"EnergyVariance":{"Mean":0.6838579604578563,"Sigma":0.1763055509727787,"Taucorr":0.09840151227463156},"Iteration":28},
{"Acceptance":[0.07662337662337662],"Energy":{"Mean":-12.483870967741938,"Sigma":0.09197320486296245,"Taucorr":0.15181714471968577},"EnergyVariance":{"Mean":0.7981269510926119,"Sigma":0.18617702733814664,"Taucorr":0.12392726981874325},"Iteration":29},
{"Acceptance":[0.06233766233766234],"Energy":{"Mean":-12.370967741935484,"Sigma":0.16349302365091364,"Taucorr":0.5789013146662114},"EnergyVariance":{"Mean":1.5236732570239335,"Sigma":0.5789671747418005,"Taucorr":0.4585304681694331},"Iteration":30},
{"Acceptance":[0.05584415584415584],"Energy":{"Mean":-12.580645161290326,"Sigma":0.10198770269943201,"Taucorr":0.4421360153256704},"EnergyVariance":{"Mean":0.6789802289281999,"Sigma":0.17812062924888206,"Taucorr":0.31807135373697815},"Iteration":31},
{"Acceptance":[0.03636363636363636],"Energy":{"Mean":-12.693548387096774,"Sigma":0.06830284930390211,"Taucorr":0.15454005934718051},"EnergyVariance":{"Mean":0.4383454734651405,"Sigma":0.10997274207032073,"Taucorr":0.011049921471090851},"Iteration":32},
{"Acceptance":[0.04285714285714286],"Energy":{"Mean":-12.677419354838708,"Sigma":0.08375716017145114,"Taucorr":0.32182854311199194},"EnergyVariance":{"Mean":0.5249739854318418,"Sigma":0.17095212403666665,"Taucorr":0.10586066639248504},"Iteration":33},
{"Acceptance":[0.04415584415584416],"Energy":{"Mean":-12.709677419354843,"Sigma":0.0743220019392046,"Taucorr":0.3171777221526917},"EnergyVariance":{"Mean":0.41571279916753373,"Sigma":0.14939361150854458,"Taucorr":0.4455984098178467},"Iteration":34},
{"Acceptance":[0.024675324675324677],"Energy":{"Mean":-12.89516129032258,"Sigma":0.04887744376695466,"Taucorr":0.8359550561797753},"EnergyVariance":{"Mean":0.10997658688865769,"Sigma":0.050130405840557245,"Taucorr":0.5372260138146001},"Iteration":35},
{"Acceptance":[0.01948051948051948],"Energy":{"Mean":-12.86290322580645,"Sigma":0.04757381033468584,"Taucorr":0.42449244060475066},"EnergyVariance":{"Mean":0.15055931321540061,"Sigma":0.05149651502468039,"Taucorr":0.20902429098250497},"Iteration":36},
{"Acceptance":[0.03116883116883117],"Energy":{"Mean":-12.766129032258064,"Sigma":0.06016943356343917,"Taucorr":0.35694618272840917},"EnergyVariance":{"Mean":0.2598204994797087,"Sigma":0.060248629694485,"Taucorr":0.08745129003900354},"Iteration":37},
{"Acceptance":[0.015584415584415584],"Energy":{"Mean":-12.911290322580646,"Sigma":0.04267340824297723,"Taucorr":0.36663311524911824},"EnergyVariance":{"Mean":0.12922736732570236,"Sigma":0.060953304560602245,"Taucorr":0.18406341416493222},"Iteration":38},
{"Acceptance":[0.03506493506493506],"Energy":{"Mean":-12.741935483870972,"Sigma":0.07376571362372161,"Taucorr":0.33422503242541957},"EnergyVariance":{"Mean":0.40114464099895936,"Sigma":0.1181436273192143,"Taucorr":0.1585325412366081},"Iteration":39} 
]}