{"Output": [
{"Acceptance":[0.8389355742296919],"Energy":{"Mean":-157.26612903225808,"Sigma":0.7668304655436456,"Taucorr":-0.13947335832135394},"EnergyVariance":{"Mean":100.30820759625391,"Sigma":8.524410441868115,"Taucorr":-0.1883408058013012},"Iteration":0},
{"Acceptance":[0.8012605042016807],"Energy":{"Mean":-157.90322580645162,"Sigma":0.7924100148494551,"Taucorr":0.05301519238220054},"EnergyVariance":{"Mean":69.82934443288242,"Sigma":9.532555242116413,"Taucorr":0.0037765626686840914},"Iteration":1},
{"Acceptance":[0.765686274509804],"Energy":{"Mean":-159.36290322580646,"Sigma":0.927248698651117,"Taucorr":0.15998771003142276},"EnergyVariance":{"Mean":80.11830124869927,"Sigma":8.43381490693879,"Taucorr":0.009904753510737385},"Iteration":2},
{"Acceptance":[0.7050420168067227],"Energy":{"Mean":-162.14516129032262,"Sigma":0.9876777227816197,"Taucorr":0.18203488905122078},"EnergyVariance":{"Mean":87.96279916753382,"Sigma":10.562534988251336,"Taucorr":0.012921401560908818},"Iteration":3},
{"Acceptance":[0.6521008403361345],"Energy":{"Mean":-164.3790322580645,"Sigma":0.9252920904522449,"Taucorr":0.18617871433014943},"EnergyVariance":{"Mean":76.735366805411,"Sigma":10.163612602358151,"Taucorr":-0.026078024688182044},"Iteration":4},
{"Acceptance":[0.5911764705882353],"Energy":{"Mean":-169.24999999999997,"Sigma":1.0630019371005726,"Taucorr":0.3605772351634082},"EnergyVariance":{"Mean":80.75201612903226,"Sigma":10.752954818602422,"Taucorr":0.08248380767221153},"Iteration":5},
{"Acceptance":[0.5147058823529411],"Energy":{"Mean":-172.66129032258064,"Sigma":0.8384692583454842,"Taucorr":0.1536771154942872},"EnergyVariance":{"Mean":66.1433402705515,"Sigma":8.375756451516347,"Taucorr":0.010811754456827694},"Iteration":6},
{"Acceptance":[0.4631652661064426],"Energy":{"Mean":-176.77419354838707,"Sigma":0.9645152299776443,"Taucorr":0.43351182138460886},"EnergyVariance":{"Mean":61.28772112382933,"Sigma":8.071886395795417,"Taucorr":0.008047011331405285},"Iteration":7},
{"Acceptance":[0.40588235294117647],"Energy":{"Mean":-179.79032258064512,"Sigma":0.8824069580086873,"Taucorr":0.3067230702480982},"EnergyVariance":{"Mean":59.35926118626431,"Sigma":11.373653477230135,"Taucorr":0.28108087427831474},"Iteration":8},
{"Acceptance":[0.3456582633053221],"Energy":{"Mean":-183.91129032258067,"Sigma":0.8414296259759313,"Taucorr":0.38021124899588266},"EnergyVariance":{"Mean":49.46793704474506,"Sigma":10.576871776838733,"Taucorr":0.27134007117250225},"Iteration":9},
{"Acceptance":[0.31778711484593836],"Energy":{"Mean":-187.56451612903226,"Sigma":0.5546683284280989,"Taucorr":0.11346629104496575},"EnergyVariance":{"Mean":30.84261186264308,"Sigma":3.554833946707998,"Taucorr":0.06166201315392916},"Iteration":10},
{"Acceptance":[0.2848739495798319],"Energy":{"Mean":-188.90322580645164,"Sigma":0.5321236389389089,"Taucorr":0.1023546747053008},"EnergyVariance":{"Mean":28.90998959417274,"Sigma":4.099672075524575,"Taucorr":0.08697085589424014},"Iteration":11},
{"Acceptance":[0.24663865546218489],"Energy":{"Mean":-191.5241935483871,"Sigma":0.6139457743197391,"Taucorr":0.2618656258616666},"EnergyVariance":{"Mean":30.426834027055143,"Sigma":5.562854955189772,"Taucorr":0.19346953006804946},"Iteration":12},
{"Acceptance":[0.21554621848739497],"Energy":{"Mean":-193.07258064516128,"Sigma":0.5742214865741501,"Taucorr":0.3037866542928217},"EnergyVariance":{"Mean":25.22860301768991,"Sigma":2.560716801216729,"Taucorr":-0.13726604368805378},"Iteration":13},
{"Acceptance":[0.19523809523809524],"Energy":{"Mean":-194.27419354838713,"Sigma":0.5836429484063171,"Taucorr":0.38820520597805075},"EnergyVariance":{"Mean":23.58610822060354,"Sigma":3.254364602149451,"Taucorr":0.06127427836793797},"Iteration":14},
{"Acceptance":[0.16596638655462184],"Energy":{"Mean":-196.08870967741936,"Sigma":0.3634046714820028,"Taucorr":0.006080328088083564},"EnergyVariance":{"Mean":16.048582206035384,"Sigma":1.8053219133999026,"Taucorr":-0.0597816939637309},"Iteration":15},
{"Acceptance":[0.15476190476190477],"Energy":{"Mean":-196.9193548387097,"Sigma":0.4954615390352698,"Taucorr":0.2982483047000727},"EnergyVariance":{"Mean":18.91285119667013,"Sigma":2.5156109576472048,"Taucorr":0.18268285018333386},"Iteration":16},
{"Acceptance":[0.12492997198879552],"Energy":{"Mean":-198.37903225806454,"Sigma":0.36383393199760883,"Taucorr":0.20143338245759468},"EnergyVariance":{"Mean":11.606334547346515,"Sigma":1.9237232295044684,"Taucorr":0.1827425287352339},"Iteration":17},
{"Acceptance":[0.11526610644257704],"Energy":{"Mean":-199.8387096774194,"Sigma":0.36945695165460235,"Taucorr":0.565688573315722},"EnergyVariance":{"Mean":7.877211238293442,"Sigma":1.273486504499632,"Taucorr":0.23990012469991584},"Iteration":18},
{"Acceptance":[0.10420168067226891],"Energy":{"Mean":-200.0161290322581,"Sigma":0.37152249310894,"Taucorr":0.4930574576219592},"EnergyVariance":{"Mean":8.54812695109261,"Sigma":1.6214324402750118,"Taucorr":0.026445344453315145},"Iteration":19},
{"Acceptance":[0.09467787114845938],"Energy":{"Mean":-200.3064516129032,"Sigma":0.2911576997174408,"Taucorr":0.20089882138984716},"EnergyVariance":{"Mean":7.43834547346514,"Sigma":1.365894911466891,"Taucorr":0.08095470664768878},"Iteration":20},
{"Acceptance":[0.08669467787114846],"Energy":{"Mean":-200.78225806451613,"Sigma":0.2827338539840824,"Taucorr":0.31813626278478346},"EnergyVariance":{"Mean":6.0090400624349645,"Sigma":0.7170478505612884,"Taucorr":-0.009252939594302456},"Iteration":21},
{"Acceptance":[0.08053221288515407],"Energy":{"Mean":-201.33064516129036,"Sigma":0.2790602260829686,"Taucorr":0.30096694547471614},"EnergyVariance":{"Mean":5.979383454734651,"Sigma":0.9443548962793676,"Taucorr":0.031262197412469495},"Iteration":22},
{"Acceptance":[0.07380952380952381],"Energy":{"Mean":-201.42741935483866,"Sigma":0.391473908478932,"Taucorr":0.5525526027178371},"EnergyVariance":{"Mean":8.954409469302812,"Sigma":3.5592415675064255,"Taucorr":0.8565001136164603},"Iteration":23},
{"Acceptance":[0.06694677871148459],"Energy":{"Mean":-202.53225806451616,"Sigma":0.19355958748954383,"Taucorr":0.20221398557044235},"EnergyVariance":{"Mean":3.281217481789801,"Sigma":0.7816314943255056,"Taucorr":-0.040256251627745654},"Iteration":24},
{"Acceptance":[0.06750700280112044],"Energy":{"Mean":-202.1693548387097,"Sigma":0.24190860065694286,"Taucorr":0.31519231619109445},"EnergyVariance":{"Mean":4.414867325702393,"Sigma":1.5088379116566404,"Taucorr":0.04385920091588136},"Iteration":25},
{"Acceptance":[0.0561624649859944],"Energy":{"Mean":-202.2741935483871,"Sigma":0.18991892678535371,"Taucorr":0.030317494869082195},"EnergyVariance":{"Mean":4.182882414151925,"Sigma":0.794195592319705,"Taucorr":0.04118402173544655},"Iteration":26},
{"Acceptance":[0.058403361344537816],"Energy":{"Mean":-202.41129032258067,"Sigma":0.17411388062697924,"Taucorr":0.07505767186215206},"EnergyVariance":{"Mean":3.2421305931321536,"Sigma":0.6302273303410277,"Taucorr":-0.03198159029516945},"Iteration":27},
{"Acceptance":[0.06106442577030812],"Energy":{"Mean":-202.61290322580643,"Sigma":0.18398176250687723,"Taucorr":0.25606339758125385},"EnergyVariance":{"Mean":2.753381893860561,"Sigma":0.525570524856389,"Taucorr":0.11725453029434096},"Iteration":28},
{"Acceptance":[0.050980392156862744],"Energy":{"Mean":-203.0725806451613,"Sigma":0.2031980694504091,"Taucorr":0.3235282951213868},"EnergyVariance":{"Mean":3.083441727367327,"Sigma":0.8847391391050458,"Taucorr":0.06661295323877314},"Iteration":29} 
]}