{"Output": [
{"Acceptance":[0.8640018921475875],"Energy":{"Mean":-1426.225806451613,"Sigma":2.5178757378014827,"Taucorr":-0.06524334597892772},"EnergyVariance":{"Mean":896.8038501560875,"Sigma":133.68656495368188,"Taucorr":0.04997162377205999},"Iteration":0},
{"Acceptance":[0.8326868495742668],"Energy":{"Mean":-1433.4274193548385,"Sigma":2.4294672174789094,"Taucorr":-0.0193304638591017},"EnergyVariance":{"Mean":755.1802159209159,"Sigma":117.91611192285951,"Taucorr":-0.07008267175042965},"Iteration":1},
{"Acceptance":[0.7561021759697256],"Energy":{"Mean":-1444.1451612903227,"Sigma":2.8302269703036087,"Taucorr":0.13838788373025335},"EnergyVariance":{"Mean":771.6724765868887,"Sigma":98.41183406649078,"Taucorr":-0.07215383499850064},"Iteration":2},
{"Acceptance":[0.5063386944181646],"Energy":{"Mean":-1475.08064516129,"Sigma":2.424211075992416,"Taucorr":0.3037503579620917},"EnergyVariance":{"Mean":449.67091571279917,"Sigma":49.910270825631585,"Taucorr":-0.030253165141594762},"Iteration":3},
{"Acceptance":[0.33315988647114475],"Energy":{"Mean":-1508.4112903225807,"Sigma":2.333445131358649,"Taucorr":0.3245947284713172},"EnergyVariance":{"Mean":406.09696930280955,"Sigma":54.233850194881185,"Taucorr":0.24659021311454954},"Iteration":4},
{"Acceptance":[0.21480605487228005],"Energy":{"Mean":-1536.5806451612905,"Sigma":1.9933487216015442,"Taucorr":0.26410376445285366},"EnergyVariance":{"Mean":319.8080124869927,"Sigma":35.45021910741986,"Taucorr":-0.023689751259359237},"Iteration":5},
{"Acceptance":[0.15255439924314096],"Energy":{"Mean":-1561.4919354838712,"Sigma":1.529964327320087,"Taucorr":0.3651615346702408},"EnergyVariance":{"Mean":166.3950962539022,"Sigma":24.898611154024348,"Taucorr":0.3067444725306697},"Iteration":6},
{"Acceptance":[0.11069063386944182],"Energy":{"Mean":-1576.5241935483873,"Sigma":1.192458089630618,"Taucorr":0.350835658209373},"EnergyVariance":{"Mean":102.78167273673257,"Sigma":12.314133483194157,"Taucorr":0.09047805185118851},"Iteration":7},
{"Acceptance":[0.0781456953642384],"Energy":{"Mean":-1586.5080645161293,"Sigma":1.1894181661866376,"Taucorr":0.5209737107410612},"EnergyVariance":{"Mean":85.21767689906346,"Sigma":15.928601401410488,"Taucorr":0.33520833597690536},"Iteration":8},
{"Acceptance":[0.05085146641438032],"Energy":{"Mean":-1591.9516129032259,"Sigma":0.7586791148478232,"Taucorr":0.3689097590723033},"EnergyVariance":{"Mean":40.739594172736744,"Sigma":4.941328371700727,"Taucorr":0.18006674498527475},"Iteration":9},
{"Acceptance":[0.0413434247871334],"Energy":{"Mean":-1597.9999999999998,"Sigma":0.6742179858718694,"Taucorr":0.448700054734539},"EnergyVariance":{"Mean":29.46774193548387,"Sigma":6.356435037753101,"Taucorr":0.6732882237339706},"Iteration":10},
{"Acceptance":[0.03382213812677389],"Energy":{"Mean":-1600.3870967741937,"Sigma":0.4556748967364511,"Taucorr":0.2153907251952739},"EnergyVariance":{"Mean":17.850156087408948,"Sigma":2.219785080257093,"Taucorr":-0.020648288239780765},"Iteration":11},
{"Acceptance":[0.02620624408703879],"Energy":{"Mean":-1603.7258064516132,"Sigma":0.36978539960638657,"Taucorr":0.3542705002510612},"EnergyVariance":{"Mean":9.84417273673257,"Sigma":1.2986824630909404,"Taucorr":0.12561106358247698},"Iteration":12},
{"Acceptance":[0.020482497634815515],"Energy":{"Mean":-1604.9354838709678,"Sigma":0.25159911735048396,"Taucorr":0.18427069044352862},"EnergyVariance":{"Mean":5.689386056191468,"Sigma":0.876030324261331,"Taucorr":0.09534013591887813},"Iteration":13},
{"Acceptance":[0.014380321665089877],"Energy":{"Mean":-1606.1854838709678,"Sigma":0.2684002142162526,"Taucorr":0.3765553625426299},"EnergyVariance":{"Mean":5.054305411030176,"Sigma":0.9532127575452379,"Taucorr":0.38192830803872524},"Iteration":14},
{"Acceptance":[0.011069063386944182],"Energy":{"Mean":-1606.943548387097,"Sigma":0.2189631227296213,"Taucorr":0.45065735673399576},"EnergyVariance":{"Mean":3.1016519250780434,"Sigma":0.5809688914225608,"Taucorr":0.24621714038338383},"Iteration":15},
{"Acceptance":[0.007852412488174077],"Energy":{"Mean":-1607.2903225806454,"Sigma":0.17471050332550567,"Taucorr":0.2063429913860676},"EnergyVariance":{"Mean":2.657648283038502,"Sigma":0.4219554615188329,"Taucorr":0.04245580324996101},"Iteration":16},
{"Acceptance":[0.007426679280983917],"Energy":{"Mean":-1607.5967741935483,"Sigma":0.22856418928379627,"Taucorr":0.5167304684283915},"EnergyVariance":{"Mean":3.159989594172736,"Sigma":1.1428572564557393,"Taucorr":0.3994997064492294},"Iteration":17},
{"Acceptance":[0.006054872280037843],"Energy":{"Mean":-1608.1370967741934,"Sigma":0.08184589971848064,"Taucorr":0.14935930292153166},"EnergyVariance":{"Mean":0.634430280957336,"Sigma":0.17575244390530628,"Taucorr":-0.04107715820968988},"Iteration":18},
{"Acceptance":[0.0067644276253547774],"Energy":{"Mean":-1608.1612903225807,"Sigma":0.1713907325730717,"Taucorr":0.725622132015564},"EnergyVariance":{"Mean":1.4739854318418313,"Sigma":0.5695246129538181,"Taucorr":0.5148447771766895},"Iteration":19},
{"Acceptance":[0.009602649006622516],"Energy":{"Mean":-1608.25,"Sigma":0.1516043237105742,"Taucorr":0.38859315589350496},"EnergyVariance":{"Mean":1.590725806451613,"Sigma":0.43307903301593337,"Taucorr":0.28863736158680053},"Iteration":20},
{"Acceptance":[0.006433301797540208],"Energy":{"Mean":-1608.556451612903,"Sigma":0.10607214869327532,"Taucorr":0.1470534573983},"EnergyVariance":{"Mean":1.0693938605619149,"Sigma":0.3225248051626468,"Taucorr":0.4038758070138626},"Iteration":21},
{"Acceptance":[0.003500473036896878],"Energy":{"Mean":-1608.782258064516,"Sigma":0.054058331054835956,"Taucorr":0.17285122960797994},"EnergyVariance":{"Mean":0.2671045785639959,"Sigma":0.05922108498525412,"Taucorr":-0.008749830978677264},"Iteration":22},
{"Acceptance":[0.00293282876064333],"Energy":{"Mean":-1608.7338709677422,"Sigma":0.06343174711291527,"Taucorr":-0.1672671622212446},"EnergyVariance":{"Mean":0.7436914672216441,"Sigma":0.2810837111883908,"Taucorr":0.038850437942550164},"Iteration":23},
{"Acceptance":[0.001608325449385052],"Energy":{"Mean":-1609.0403225806451,"Sigma":0.07249098404596317,"Taucorr":0.02181035388023378},"EnergyVariance":{"Mean":0.6193418314255984,"Sigma":0.3939658833508357,"Taucorr":-0.01671451796764284},"Iteration":24},
{"Acceptance":[0.0015137180700094607],"Energy":{"Mean":-1608.9193548387093,"Sigma":0.13033615387635888,"Taucorr":0.832874211749038},"EnergyVariance":{"Mean":0.783818938605619,"Sigma":0.5852490331268213,"Taucorr":0.9739929529436486},"Iteration":25},
{"Acceptance":[0.001608325449385052],"Energy":{"Mean":-1609.2419354838707,"Sigma":0.14316125155669482,"Taucorr":0.09942781145618773},"EnergyVariance":{"Mean":2.102757544224765,"Sigma":0.7614032526096286,"Taucorr":-0.007941738814424282},"Iteration":26},
{"Acceptance":[0.0015137180700094607],"Energy":{"Mean":-1609.0645161290327,"Sigma":0.06756890343759538,"Taucorr":0.015929732313626044},"EnergyVariance":{"Mean":0.5442247658688867,"Sigma":0.3875709757101772,"Taucorr":-0.010694200957152455},"Iteration":27},
{"Acceptance":[0.0012298959318826868],"Energy":{"Mean":-1609.1612903225807,"Sigma":0.07824381790206422,"Taucorr":0.3846577017116942},"EnergyVariance":{"Mean":0.4255983350676379,"Sigma":0.13083784747682534,"Taucorr":0.3240727556278903},"Iteration":28},
{"Acceptance":[0.0021759697256386],"Energy":{"Mean":-1609.1774193548388,"Sigma":0.08295090884273318,"Taucorr":0.06976357267949784},"EnergyVariance":{"Mean":0.7427159209157128,"Sigma":0.23567380149884584,"Taucorr":-0.004625214000872124},"Iteration":29},
{"Acceptance":[0.001892147587511826],"Energy":{"Mean":-1609.129032258065,"Sigma":0.06229371089383633,"Taucorr":0.24101373182529606},"EnergyVariance":{"Mean":0.32206035379812703,"Sigma":0.10315067690617526,"Taucorr":0.17505863154329326},"Iteration":30},
{"Acceptance":[0.0031220435193945128],"Energy":{"Mean":-1609.3225806451615,"Sigma":0.09782139500562399,"Taucorr":0.1943446899938568},"EnergyVariance":{"Mean":0.8475546305931321,"Sigma":0.3714395534084653,"Taucorr":0.008203117950883354},"Iteration":31},
{"Acceptance":[0.0035950804162724692],"Energy":{"Mean":-1609.3709677419356,"Sigma":0.09265423623448495,"Taucorr":0.11221719457014967},"EnergyVariance":{"Mean":0.8623829344432883,"Sigma":0.17353928253900594,"Taucorr":-0.030643540444857897},"Iteration":32},
{"Acceptance":[0.004966887417218543],"Energy":{"Mean":-1609.9112903225807,"Sigma":0.142721431004065,"Taucorr":0.2326385455099249},"EnergyVariance":{"Mean":1.709872528616025,"Sigma":0.4215722775912319,"Taucorr":0.002614847933051112},"Iteration":33},
{"Acceptance":[0.006669820245979187],"Energy":{"Mean":-1610.0241935483875,"Sigma":0.10959041457333167,"Taucorr":0.042177877500368055},"EnergyVariance":{"Mean":1.3623178980228927,"Sigma":0.20471291635204492,"Taucorr":-0.02765210277223412},"Iteration":34},
{"Acceptance":[0.0035950804162724692],"Energy":{"Mean":-1610.6612903225807,"Sigma":0.11031990816105142,"Taucorr":0.1640145395799517},"EnergyVariance":{"Mean":1.127211238293444,"Sigma":0.3296712131991162,"Taucorr":-0.002647075577629443},"Iteration":35},
{"Acceptance":[0.002696310312204352],"Energy":{"Mean":-1610.6129032258063,"Sigma":0.11813896824020315,"Taucorr":0.29774540618964496},"EnergyVariance":{"Mean":1.0759625390218523,"Sigma":0.5015364286151269,"Taucorr":0.4670522895594146},"Iteration":36},
{"Acceptance":[0.001608325449385052],"Energy":{"Mean":-1610.8709677419354,"Sigma":0.10031601126366049,"Taucorr":0.21100567842197893},"EnergyVariance":{"Mean":0.8704474505723205,"Sigma":0.32002865450155843,"Taucorr":-0.026501563806553385},"Iteration":37},
{"Acceptance":[0.0012298959318826868],"Energy":{"Mean":-1611.0967741935488,"Sigma":0.08171335566435552,"Taucorr":0.07316630355843057},"EnergyVariance":{"Mean":0.7164412070759627,"Sigma":0.3265529758138143,"Taucorr":-0.030028543689470166},"Iteration":38},
{"Acceptance":[0.0010406811731315043],"Energy":{"Mean":-1611.008064516129,"Sigma":0.05852564800289826,"Taucorr":-0.31473431333294},"EnergyVariance":{"Mean":1.137031737773153,"Sigma":0.567281933134448,"Taucorr":0.262437221190967},"Iteration":39},
{"Acceptance":[0.0011352885525070956],"Energy":{"Mean":-1611.4677419354841,"Sigma":0.14091766045249388,"Taucorr":0.05093298908583688},"EnergyVariance":{"Mean":2.216701352757544,"Sigma":0.5586097747163968,"Taucorr":0.03252656913383123},"Iteration":40},
{"Acceptance":[0.0017029328287606433],"Energy":{"Mean":-1611.7903225806451,"Sigma":0.2451400669930753,"Taucorr":0.5743779777660114},"EnergyVariance":{"Mean":3.439906347554631,"Sigma":0.8259250799254871,"Taucorr":0.5585264048002452},"Iteration":41},
{"Acceptance":[0.00293282876064333],"Energy":{"Mean":-1611.9516129032256,"Sigma":0.2572652272572794,"Taucorr":0.5264793675785542},"EnergyVariance":{"Mean":3.9654006243496354,"Sigma":0.8017271231374076,"Taucorr":0.5532338283482852},"Iteration":42},
{"Acceptance":[0.0057710501419110695],"Energy":{"Mean":-1613.0564516129036,"Sigma":0.27985923819221054,"Taucorr":0.2894179217429188},"EnergyVariance":{"Mean":6.101651925078045,"Sigma":0.2904348536011554,"Taucorr":0.20048850989843892},"Iteration":43},
{"Acceptance":[0.003784295175023652],"Energy":{"Mean":-1614.483870967742,"Sigma":0.23039688870890487,"Taucorr":0.0997455075511412},"EnergyVariance":{"Mean":5.443288241415193,"Sigma":0.47329979522073073,"Taucorr":0.11365975530050187},"Iteration":44},
{"Acceptance":[0.0027909176915799434],"Energy":{"Mean":-1615.0000000000002,"Sigma":0.23446346896599968,"Taucorr":0.30620192307692407},"EnergyVariance":{"Mean":4.193548387096775,"Sigma":0.7750918847213072,"Taucorr":0.37044338824740375},"Iteration":45},
{"Acceptance":[0.0017029328287606433],"Energy":{"Mean":-1615.322580645161,"Sigma":0.2135193918527969,"Taucorr":0.4681885555156027},"EnergyVariance":{"Mean":2.895941727367326,"Sigma":0.7710276075277184,"Taucorr":0.46656139505429683},"Iteration":46},
{"Acceptance":[0.0006622516556291391],"Energy":{"Mean":-1615.9032258064517,"Sigma":0.09677419354838804,"Taucorr":1.5500000000000012},"EnergyVariance":{"Mean":0.2809573361082206,"Sigma":0.271592091571297,"Taucorr":1.5499999999999994},"Iteration":47},
{"Acceptance":[0.0005676442762535478],"Energy":{"Mean":-1615.9435483870966,"Sigma":0.03219079006434848,"Taucorr":0.6964590964589703},"EnergyVariance":{"Mean":0.05326482830385015,"Sigma":0.02855634602481519,"Taucorr":0.6964590964590962},"Iteration":48},
{"Acceptance":[0.0004730368968779565],"Energy":{"Mean":-1615.991935483871,"Sigma":0.008064516129034255,"Taucorr":2.1671553440683056e-13},"EnergyVariance":{"Mean":0.007999479708636839,"Sigma":0.007934443288241534,"Taucorr":0.0},"Iteration":49},
{"Acceptance":[0.0003784295175023652],"Energy":{"Mean":-1615.991935483871,"Sigma":0.00806451612903306,"Taucorr":5.1736392947532295e-14},"EnergyVariance":{"Mean":0.007999479708636837,"Sigma":0.007934443288241534,"Taucorr":0.0},"Iteration":50},
{"Acceptance":[0.0],"Energy":{"Mean":-1616.0,"Sigma":0.0,"Taucorr":null},"EnergyVariance":{"Mean":0.0,"Sigma":0.0,"Taucorr":null},"Iteration":51},
{"Acceptance":[0.0003784295175023652],"Energy":{"Mean":-1615.9838709677417,"Sigma":0.011213254631512272,"Taucorr":-0.01270491803285223},"EnergyVariance":{"Mean":0.01586888657648283,"Sigma":0.010851536740169117,"Taucorr":-0.012704918032786783},"Iteration":52},
{"Acceptance":[0.0002838221381267739],"Energy":{"Mean":-1616.0,"Sigma":0.0,"Taucorr":null},"EnergyVariance":{"Mean":0.0,"Sigma":0.0,"Taucorr":null},"Iteration":53},
{"Acceptance":[0.0002838221381267739],"Energy":{"Mean":-1615.8225806451612,"Sigma":0.12657265986014749,"Taucorr":0.7454373561328878},"EnergyVariance":{"Mean":0.7911030176899063,"Sigma":0.5860060817192164,"Taucorr":0.7547919735970199},"Iteration":54},
{"Acceptance":[9.46073793755913e-05],"Energy":{"Mean":-1616.0,"Sigma":0.0,"Taucorr":null},"EnergyVariance":{"Mean":0.0,"Sigma":0.0,"Taucorr":null},"Iteration":55},
{"Acceptance":[0.0004730368968779565],"Energy":{"Mean":-1615.967741935484,"Sigma":0.032258064516128636,"Taucorr":-2.55351295663786e-15},"EnergyVariance":{"Mean":0.12799167533818942,"Sigma":0.12695109261186455,"Taucorr":2.220446049250313e-16},"Iteration":56},
{"Acceptance":[0.0004730368968779565],"Energy":{"Mean":-1616.0,"Sigma":0.0,"Taucorr":null},"EnergyVariance":{"Mean":0.0,"Sigma":0.0,"Taucorr":null},"Iteration":57},
{"Acceptance":[0.0001892147587511826],"Energy":{"Mean":-1615.991935483871,"Sigma":0.008064516129032976,"Taucorr":9.015010959956271e-14},"EnergyVariance":{"Mean":0.007999479708636839,"Sigma":0.007934443288241534,"Taucorr":0.0},"Iteration":58},
{"Acceptance":[0.0001892147587511826],"Energy":{"Mean":-1616.0,"Sigma":0.0,"Taucorr":null},"EnergyVariance":{"Mean":0.0,"Sigma":0.0,"Taucorr":null},"Iteration":59},
{"Acceptance":[9.46073793755913e-05],"Energy":{"Mean":-1615.991935483871,"Sigma":0.008064516129034475,"Taucorr":2.4646951146678475e-13},"EnergyVariance":{"Mean":0.007999479708636839,"Sigma":0.007934443288241534,"Taucorr":0.0},"Iteration":60},
{"Acceptance":[0.0003784295175023652],"Energy":{"Mean":-1615.991935483871,"Sigma":0.0245493549609234,"Taucorr":0.011121076233087224},"EnergyVariance":{"Mean":0.07251560874089492,"Sigma":0.04517479260232934,"Taucorr":-0.01846420210814076},"Iteration":61},
{"Acceptance":[0.0002838221381267739],"Energy":{"Mean":-1615.9193548387093,"Sigma":0.08064516129032515,"Taucorr":0.5081967213115315},"EnergyVariance":{"Mean":0.3967221644120708,"Sigma":0.390218522372467,"Taucorr":0.5081967213114749},"Iteration":62},
{"Acceptance":[0.0002838221381267739],"Energy":{"Mean":-1615.9274193548388,"Sigma":0.058191319128564345,"Taucorr":0.14003597841306137},"EnergyVariance":{"Mean":0.3253772112382935,"Sigma":0.2835341476241275,"Taucorr":0.0002267720697903819},"Iteration":63},
{"Acceptance":[0.0005676442762535478],"Energy":{"Mean":-1615.991935483871,"Sigma":0.008064516129034475,"Taucorr":2.4646951146678475e-13},"EnergyVariance":{"Mean":0.007999479708636839,"Sigma":0.007934443288241534,"Taucorr":0.0},"Iteration":64},
{"Acceptance":[0.0005676442762535478],"Energy":{"Mean":-1615.8951612903224,"Sigma":0.0784375252631465,"Taucorr":0.08915443037973836},"EnergyVariance":{"Mean":0.6422346514047866,"Sigma":0.5194770281302497,"Taucorr":0.006231727961995337},"Iteration":65},
{"Acceptance":[9.46073793755913e-05],"Energy":{"Mean":-1616.0,"Sigma":0.0,"Taucorr":null},"EnergyVariance":{"Mean":0.0,"Sigma":0.0,"Taucorr":null},"Iteration":66},
{"Acceptance":[0.0002838221381267739],"Energy":{"Mean":-1616.0,"Sigma":0.0,"Taucorr":null},"EnergyVariance":{"Mean":0.0,"Sigma":0.0,"Taucorr":null},"Iteration":67},
{"Acceptance":[0.0003784295175023652],"Energy":{"Mean":-1616.0,"Sigma":0.0,"Taucorr":null},"EnergyVariance":{"Mean":0.0,"Sigma":0.0,"Taucorr":null},"Iteration":68},
{"Acceptance":[0.0003784295175023652],"Energy":{"Mean":-1615.9274193548388,"Sigma":0.05702474041827115,"Taucorr":-0.007448342143176356},"EnergyVariance":{"Mean":0.40602237252861617,"Sigma":0.38662568154612686,"Taucorr":-0.0009059516816238289},"Iteration":69},
{"Acceptance":[0.0002838221381267739],"Energy":{"Mean":-1616.0,"Sigma":0.0,"Taucorr":null},"EnergyVariance":{"Mean":0.0,"Sigma":0.0,"Taucorr":null},"Iteration":70},
{"Acceptance":[0.0002838221381267739],"Energy":{"Mean":-1616.0,"Sigma":0.0,"Taucorr":null},"EnergyVariance":{"Mean":0.0,"Sigma":0.0,"Taucorr":null},"Iteration":71},
{"Acceptance":[0.00042573320719016083],"Energy":{"Mean":-1616.0645161290324,"Sigma":0.03660259909002612,"Taucorr":0.8651939655170562},"EnergyVariance":{"Mean":0.060353798126951096,"Sigma":0.031879683078403456,"Taucorr":0.8651939655172414},"Iteration":72},
{"Acceptance":[0.00042573320719016083],"Energy":{"Mean":-1615.983870967742,"Sigma":0.055522304767934676,"Taucorr":0.08819612590805848},"EnergyVariance":{"Mean":0.32232049947970853,"Sigma":0.2888276963343161,"Taucorr":-0.0004549629318605364},"Iteration":73},
{"Acceptance":[0.0003784295175023652],"Energy":{"Mean":-1616.0,"Sigma":0.0,"Taucorr":null},"EnergyVariance":{"Mean":0.0,"Sigma":0.0,"Taucorr":null},"Iteration":74},
{"Acceptance":[0.0001892147587511826],"Energy":{"Mean":-1615.983870967742,"Sigma":0.036543323587024494,"Taucorr":0.3509433962264463},"EnergyVariance":{"Mean":0.09651404786680541,"Sigma":0.07046174368565429,"Taucorr":0.31691536199094084},"Iteration":75},
{"Acceptance":[0.0003784295175023652],"Energy":{"Mean":-1616.0241935483873,"Sigma":0.017790744201902766,"Taucorr":0.324517906335676},"EnergyVariance":{"Mean":0.023608220603537983,"Sigma":0.0169299017405179,"Taucorr":0.324517906336088},"Iteration":76},
{"Acceptance":[0.0001892147587511826],"Energy":{"Mean":-1616.008064516129,"Sigma":0.00806451612903341,"Taucorr":1.1968204205459188e-13},"EnergyVariance":{"Mean":0.007999479708636839,"Sigma":0.007934443288241532,"Taucorr":-2.220446049250313e-16},"Iteration":77},
{"Acceptance":[0.0002838221381267739],"Energy":{"Mean":-1616.0080645161293,"Sigma":0.01827166179351916,"Taucorr":0.010016155089156764},"EnergyVariance":{"Mean":0.04025754422476588,"Sigma":0.03276488127976306,"Taucorr":-0.006080986408858791},"Iteration":78},
{"Acceptance":[0.0003784295175023652],"Energy":{"Mean":-1616.0,"Sigma":0.0,"Taucorr":null},"EnergyVariance":{"Mean":0.0,"Sigma":0.0,"Taucorr":null},"Iteration":79},
{"Acceptance":[0.0003784295175023652],"Energy":{"Mean":-1615.991935483871,"Sigma":0.037538279687556825,"Taucorr":0.06581740976658979},"EnergyVariance":{"Mean":0.1531607700312175,"Sigma":0.1289632039509305,"Taucorr":-0.000918998163960294},"Iteration":80},
{"Acceptance":[0.0001892147587511826],"Energy":{"Mean":-1616.0322580645163,"Sigma":0.019197388248774826,"Taucorr":-0.02129120879108548},"EnergyVariance":{"Mean":0.0473465140478668,"Sigma":0.032452517758688244,"Taucorr":-0.012322699191430475},"Iteration":81},
{"Acceptance":[0.0002838221381267739],"Energy":{"Mean":-1615.9032258064517,"Sigma":0.07116297680763155,"Taucorr":0.3245179063360911},"EnergyVariance":{"Mean":0.3777315296566077,"Sigma":0.27087842784841587,"Taucorr":0.32451790633608824},"Iteration":82},
{"Acceptance":[0.0006622516556291391],"Energy":{"Mean":-1615.967741935484,"Sigma":0.04138388257618495,"Taucorr":0.004831670822952994},"EnergyVariance":{"Mean":0.20863683662851193,"Sigma":0.19891042303374556,"Taucorr":-0.0010859400640508277},"Iteration":83},
{"Acceptance":[0.0004730368968779565],"Energy":{"Mean":-1616.0080645161293,"Sigma":0.018271661793522184,"Taucorr":0.010016155089280776},"EnergyVariance":{"Mean":0.04025754422476588,"Sigma":0.03276488127976306,"Taucorr":-0.006080986408858791},"Iteration":84},
{"Acceptance":[0.0004730368968779565],"Energy":{"Mean":-1616.0564516129034,"Sigma":0.036125671886737376,"Taucorr":-0.09550966896097601},"EnergyVariance":{"Mean":0.19842611862643078,"Sigma":0.10273098288148748,"Taucorr":-0.005691822074761987},"Iteration":85},
{"Acceptance":[0.0004730368968779565],"Energy":{"Mean":-1616.0,"Sigma":0.0,"Taucorr":null},"EnergyVariance":{"Mean":0.0,"Sigma":0.0,"Taucorr":null},"Iteration":86},
{"Acceptance":[0.0004730368968779565],"Energy":{"Mean":-1616.0,"Sigma":0.0,"Taucorr":null},"EnergyVariance":{"Mean":0.0,"Sigma":0.0,"Taucorr":null},"Iteration":87},
{"Acceptance":[0.0007568590350047304],"Energy":{"Mean":-1615.991935483871,"Sigma":0.014122500576949798,"Taucorr":0.008355795148211498},"EnergyVariance":{"Mean":0.024128511966701353,"Sigma":0.013423702026384675,"Taucorr":-0.025610705571436743},"Iteration":88},
{"Acceptance":[0.0003784295175023652],"Energy":{"Mean":-1615.9596774193549,"Sigma":0.04032258064516235,"Taucorr":1.5765166949677223e-14},"EnergyVariance":{"Mean":0.19998699271592096,"Sigma":0.19836108220603832,"Taucorr":-1.1102230246251565e-16},"Iteration":89},
{"Acceptance":[0.0001892147587511826],"Energy":{"Mean":-1616.0,"Sigma":0.0,"Taucorr":null},"EnergyVariance":{"Mean":0.0,"Sigma":0.0,"Taucorr":null},"Iteration":90},
{"Acceptance":[0.0005676442762535478],"Energy":{"Mean":-1615.9032258064515,"Sigma":0.06827110268387408,"Taucorr":0.9310064935064579},"EnergyVariance":{"Mean":0.20031217481789804,"Sigma":0.12130164755457233,"Taucorr":0.9789294848624561},"Iteration":91},
{"Acceptance":[0.0005676442762535478],"Energy":{"Mean":-1616.024193548387,"Sigma":0.024193548387095264,"Taucorr":-5.96189764223709e-14},"EnergyVariance":{"Mean":0.07199531737773153,"Sigma":0.04417718717507422,"Taucorr":-0.018924954485411705},"Iteration":92},
{"Acceptance":[9.46073793755913e-05],"Energy":{"Mean":-1616.0,"Sigma":0.0,"Taucorr":null},"EnergyVariance":{"Mean":0.0,"Sigma":0.0,"Taucorr":null},"Iteration":93},
{"Acceptance":[0.0001892147587511826],"Energy":{"Mean":-1615.975806451613,"Sigma":0.033510628047842696,"Taucorr":0.005907575035703494},"EnergyVariance":{"Mean":0.13651144640998955,"Sigma":0.1274699460868749,"Taucorr":-0.0016661115633264667},"Iteration":94},
{"Acceptance":[0.0004730368968779565],"Energy":{"Mean":-1615.9758064516127,"Sigma":0.04392509311390179,"Taucorr":0.04642108415710944},"EnergyVariance":{"Mean":0.2171566077003122,"Sigma":0.1998141396879441,"Taucorr":-0.00032606584030342445},"Iteration":95},
{"Acceptance":[0.0004730368968779565],"Energy":{"Mean":-1615.991935483871,"Sigma":0.018271661793514988,"Taucorr":0.3509433962265819},"EnergyVariance":{"Mean":0.024128511966701353,"Sigma":0.017615435921413573,"Taucorr":0.31691536199094084},"Iteration":96},
{"Acceptance":[0.0003784295175023652],"Energy":{"Mean":-1615.991935483871,"Sigma":0.008064516129031503,"Taucorr":-9.547918011776346e-14},"EnergyVariance":{"Mean":0.007999479708636839,"Sigma":0.007934443288241534,"Taucorr":0.0},"Iteration":97},
{"Acceptance":[0.0006622516556291391],"Energy":{"Mean":-1615.975806451613,"Sigma":0.01779074420190858,"Taucorr":0.3245179063361068},"EnergyVariance":{"Mean":0.02360822060353798,"Sigma":0.01692990174052599,"Taucorr":0.32451790633608824},"Iteration":98},
{"Acceptance":[0.0004730368968779565],"Energy":{"Mean":-1616.0161290322583,"Sigma":0.016129032258072676,"Taucorr":3.9190872769268026e-13},"EnergyVariance":{"Mean":0.031997918834547355,"Sigma":0.0317377731529588,"Taucorr":0.0},"Iteration":99} 
]}