{"Output": [
{"Acceptance":[0.5275469550369949],"Energy":{"Mean":-3946.3790322580644,"Sigma":3.441872750887034,"Taucorr":-0.06781764977596871},"EnergyVariance":{"Mean":1685.7676248699267,"Sigma":186.02768480752565,"Taucorr":-0.08157884011930189},"Iteration":0},
{"Acceptance":[0.20685828116107],"Energy":{"Mean":-4101.064516129033,"Sigma":2.7196261934281964,"Taucorr":0.11812355857404533},"EnergyVariance":{"Mean":735.8990634755463,"Sigma":89.13121486701374,"Taucorr":-0.03057449238800508},"Iteration":1},
{"Acceptance":[0.09083665338645418],"Energy":{"Mean":-4170.701612903226,"Sigma":2.3016888188156774,"Taucorr":0.36786474981216655},"EnergyVariance":{"Mean":375.4190296566076,"Sigma":52.426944468135765,"Taucorr":0.08114904683180679},"Iteration":2},
{"Acceptance":[0.06280591918042117],"Energy":{"Mean":-4224.99193548387,"Sigma":1.5546705504033564,"Taucorr":0.19799869719257146},"EnergyVariance":{"Mean":212.9596123829344,"Sigma":37.06148048993047,"Taucorr":0.23212695450187493},"Iteration":3},
{"Acceptance":[0.03412066021627774],"Energy":{"Mean":-4249.24193548387,"Sigma":0.9127593070187912,"Taucorr":0.17887820943674881},"EnergyVariance":{"Mean":75.47372528616025,"Sigma":13.614201713466867,"Taucorr":0.5710506210069441},"Iteration":4},
{"Acceptance":[0.02359134889015367],"Energy":{"Mean":-4262.072580645162,"Sigma":0.4877799097693746,"Taucorr":0.1568503288753662},"EnergyVariance":{"Mean":22.2769901144641,"Sigma":3.219997162845438,"Taucorr":0.10471173597322392},"Iteration":5},
{"Acceptance":[0.019038133181559478],"Energy":{"Mean":-4266.540322580646,"Sigma":0.5839585866651805,"Taucorr":0.4154201879866861},"EnergyVariance":{"Mean":22.909664412070764,"Sigma":4.397855332942828,"Taucorr":0.30508284286621934},"Iteration":6},
{"Acceptance":[0.0163915765509391],"Energy":{"Mean":-4268.008064516128,"Sigma":0.6169082501543617,"Taucorr":0.3395365166900469},"EnergyVariance":{"Mean":27.87896722164412,"Sigma":5.6903418933198155,"Taucorr":0.0672765726836434},"Iteration":7},
{"Acceptance":[0.01935116676152533],"Energy":{"Mean":-4273.225806451613,"Sigma":0.5549574766609077,"Taucorr":0.24237616493668945},"EnergyVariance":{"Mean":25.51352757544225,"Sigma":2.800254588238738,"Taucorr":0.019027015100369193},"Iteration":8},
{"Acceptance":[0.013773477518497439],"Energy":{"Mean":-4277.572580645161,"Sigma":0.48557049204022257,"Taucorr":0.06500705758325875},"EnergyVariance":{"Mean":25.664086888657657,"Sigma":3.049007034291308,"Taucorr":-0.04265567483284666},"Iteration":9},
{"Acceptance":[0.00973249857712009],"Energy":{"Mean":-4285.1935483870975,"Sigma":0.38880670720437377,"Taucorr":0.1666228315612539},"EnergyVariance":{"Mean":13.946409989594171,"Sigma":2.769884341707926,"Taucorr":0.08730292708984921},"Iteration":10},
{"Acceptance":[0.009305634604439386],"Energy":{"Mean":-4287.032258064518,"Sigma":0.4426432602498371,"Taucorr":0.1737026209384127},"EnergyVariance":{"Mean":17.886056191467226,"Sigma":3.031953830274883,"Taucorr":0.272021457722017},"Iteration":11},
{"Acceptance":[0.009704040978941378],"Energy":{"Mean":-4289.08870967742,"Sigma":0.5859635465074736,"Taucorr":0.4925656114822484},"EnergyVariance":{"Mean":21.274388657648288,"Sigma":2.4010025720276844,"Taucorr":0.4837310204618308},"Iteration":12},
{"Acceptance":[0.008394991462720547],"Energy":{"Mean":-4293.25806451613,"Sigma":0.4666979450396951,"Taucorr":0.42086120251808534},"EnergyVariance":{"Mean":14.54630593132154,"Sigma":2.5211886389101466,"Taucorr":0.49678562237985824},"Iteration":13},
{"Acceptance":[0.01055776892430279],"Energy":{"Mean":-4294.943548387096,"Sigma":0.3176504971864804,"Taucorr":0.16528981515698526},"EnergyVariance":{"Mean":9.327458376690947,"Sigma":2.32343599339994,"Taucorr":0.20488539736786848},"Iteration":14},
{"Acceptance":[0.008992601024473534],"Energy":{"Mean":-4295.806451612904,"Sigma":0.1990264198094756,"Taucorr":0.4640107061973344},"EnergyVariance":{"Mean":2.527055150884496,"Sigma":1.2353499754894661,"Taucorr":0.4286073750803846},"Iteration":15},
{"Acceptance":[0.007626636311895276],"Energy":{"Mean":-4296.306451612903,"Sigma":0.1558490780756015,"Taucorr":0.21694968160828654},"EnergyVariance":{"Mean":2.0835067637877214,"Sigma":0.8145900648788,"Taucorr":0.04524810869018869},"Iteration":16},
{"Acceptance":[0.005122367672168469],"Energy":{"Mean":-4296.806451612903,"Sigma":0.08173988166916077,"Taucorr":0.2796273445211286},"EnergyVariance":{"Mean":0.5270551508844953,"Sigma":0.16944738958480324,"Taucorr":0.14414045076356985},"Iteration":17},
{"Acceptance":[0.0051792828685258965],"Energy":{"Mean":-4297.064516129032,"Sigma":0.16598020267339827,"Taucorr":0.9849179206566117},"EnergyVariance":{"Mean":1.1409989594172734,"Sigma":0.713638658903449,"Taucorr":1.2904661755711313},"Iteration":18},
{"Acceptance":[0.003813318155947638],"Energy":{"Mean":-4297.048387096775,"Sigma":0.045524651892504535,"Taucorr":-0.057407407407477296},"EnergyVariance":{"Mean":0.2879812695109261,"Sigma":0.2010570812819775,"Taucorr":-0.0055846744507846435},"Iteration":19},
{"Acceptance":[0.00466704610130905],"Energy":{"Mean":-4297.064516129033,"Sigma":0.07237126309877259,"Taucorr":0.12916666666672239},"EnergyVariance":{"Mean":0.5119667013527575,"Sigma":0.1983955861793463,"Taucorr":-0.020200671336871923},"Iteration":20},
{"Acceptance":[0.004040978941377347],"Energy":{"Mean":-4297.145161290323,"Sigma":0.06535078376958027,"Taucorr":-0.0437754179847194},"EnergyVariance":{"Mean":0.5757023933402705,"Sigma":0.26385253578652024,"Taucorr":-0.03848167038166039},"Iteration":21},
{"Acceptance":[0.0038702333523050656],"Energy":{"Mean":-4297.064516129034,"Sigma":0.043328797222520525,"Taucorr":-0.045261270491323335},"EnergyVariance":{"Mean":0.25390218522372526,"Sigma":0.074358203664846,"Taucorr":-0.07405598653675077},"Iteration":22},
{"Acceptance":[0.0041548093340922024],"Energy":{"Mean":-4297.104838709676,"Sigma":0.09258401702296212,"Taucorr":0.15606636989026712},"EnergyVariance":{"Mean":0.8035249739854318,"Sigma":0.32106987963777517,"Taucorr":0.011470100178984421},"Iteration":23},
{"Acceptance":[0.0042401821286283435],"Energy":{"Mean":-4297.33064516129,"Sigma":0.0798074773275629,"Taucorr":0.11139985788227491},"EnergyVariance":{"Mean":0.6406737773152966,"Sigma":0.110367077513641,"Taucorr":0.10401729308915342},"Iteration":24},
{"Acceptance":[0.00543540125213432],"Energy":{"Mean":-4297.435483870968,"Sigma":0.07599496122185431,"Taucorr":0.021305841924234792},"EnergyVariance":{"Mean":0.681321540062435,"Sigma":0.08580076266984357,"Taucorr":0.021305841924398994},"Iteration":25},
{"Acceptance":[0.007285145133750712],"Energy":{"Mean":-4297.693548387097,"Sigma":0.09953499237405346,"Taucorr":0.07959044790896708},"EnergyVariance":{"Mean":1.051248699271592,"Sigma":0.14847745741983398,"Taucorr":-0.024159200962540983},"Iteration":26},
{"Acceptance":[0.005805350028457598],"Energy":{"Mean":-4298.459677419353,"Sigma":0.13673259663671433,"Taucorr":0.21717983043320344},"EnergyVariance":{"Mean":1.603212799167534,"Sigma":0.36996583754489204,"Taucorr":0.021046514803197747},"Iteration":27},
{"Acceptance":[0.004695503699487763],"Energy":{"Mean":-4298.830645161289,"Sigma":0.07810516137293567,"Taucorr":-0.14060183166147627},"EnergyVariance":{"Mean":1.0438995837669094,"Sigma":0.537478202344704,"Taucorr":-0.007542068597566676},"Iteration":28},
{"Acceptance":[0.004097894137734775],"Energy":{"Mean":-4299.104838709678,"Sigma":0.07843752526315124,"Taucorr":0.1936806963158143},"EnergyVariance":{"Mean":0.5454604578563995,"Sigma":0.4122483383992806,"Taucorr":0.06479006090473727},"Iteration":29},
{"Acceptance":[0.006858281161070005],"Energy":{"Mean":-4299.274193548387,"Sigma":0.09793214042204243,"Taucorr":-0.08603249954361014},"EnergyVariance":{"Mean":1.4248178980228932,"Sigma":0.3781057724923544,"Taucorr":0.16659070383764607},"Iteration":30},
{"Acceptance":[0.0070574843483210015],"Energy":{"Mean":-4299.540322580646,"Sigma":0.15428327798155425,"Taucorr":0.25384306239343846},"EnergyVariance":{"Mean":1.9419224765868883,"Sigma":0.612288820560727,"Taucorr":0.1946267419017279},"Iteration":31},
{"Acceptance":[0.009305634604439386],"Energy":{"Mean":-4299.879032258065,"Sigma":0.19941816163812137,"Taucorr":0.35382921236073883},"EnergyVariance":{"Mean":2.8643990634755463,"Sigma":0.8215387855945256,"Taucorr":0.30004679592883843},"Iteration":32},
{"Acceptance":[0.007199772339214571],"Energy":{"Mean":-4300.491935483871,"Sigma":0.18925571217914205,"Taucorr":0.1222118122530872},"EnergyVariance":{"Mean":3.540257544224766,"Sigma":0.7940299529621392,"Taucorr":0.35369135761986314},"Iteration":33},
{"Acceptance":[0.004581673306772908],"Energy":{"Mean":-4301.9758064516145,"Sigma":0.2580309117905143,"Taucorr":0.20039937257323603},"EnergyVariance":{"Mean":5.846188865764828,"Sigma":0.5914749281728211,"Taucorr":0.10454585393141402},"Iteration":34},
{"Acceptance":[0.004809334092202618],"Energy":{"Mean":-4303.403225806451,"Sigma":0.2323551171180247,"Taucorr":0.04471853527387848},"EnergyVariance":{"Mean":6.095473465140478,"Sigma":0.26614253507853647,"Taucorr":-0.07568569131124919},"Iteration":35},
{"Acceptance":[0.006687535571997723],"Energy":{"Mean":-4302.427419354839,"Sigma":0.2919607308039797,"Taucorr":0.21563901096460059},"EnergyVariance":{"Mean":7.325377211238294,"Sigma":0.4751696855767086,"Taucorr":-0.015179578899785773},"Iteration":36},
{"Acceptance":[0.0008821855435401252],"Energy":{"Mean":-4305.362903225807,"Sigma":0.21309253558040003,"Taucorr":0.6146406043142787},"EnergyVariance":{"Mean":2.5053980228928205,"Sigma":0.8138501110341304,"Taucorr":0.5268792182506006},"Iteration":37},
{"Acceptance":[0.0004553215708594195],"Energy":{"Mean":-4305.862903225806,"Sigma":0.0643815801287009,"Taucorr":0.10015311590872944},"EnergyVariance":{"Mean":0.4247528616024973,"Sigma":0.20937473041617313,"Taucorr":0.0019941764733799605},"Iteration":38},
{"Acceptance":[0.0003414911781445646],"Energy":{"Mean":-4305.975806451614,"Sigma":0.024193548387075957,"Taucorr":-7.115419364822628e-13},"EnergyVariance":{"Mean":0.0719953173777315,"Sigma":0.0714099895942068,"Taucorr":0.0},"Iteration":39},
{"Acceptance":[5.6915196357427435e-05],"Energy":{"Mean":-4306.0,"Sigma":0.0,"Taucorr":null},"EnergyVariance":{"Mean":0.0,"Sigma":0.0,"Taucorr":null},"Iteration":40},
{"Acceptance":[0.0],"Energy":{"Mean":-4306.0,"Sigma":0.0,"Taucorr":null},"EnergyVariance":{"Mean":0.0,"Sigma":0.0,"Taucorr":null},"Iteration":41},
{"Acceptance":[0.0001707455890722823],"Energy":{"Mean":-4306.0,"Sigma":0.0,"Taucorr":null},"EnergyVariance":{"Mean":0.0,"Sigma":0.0,"Taucorr":null},"Iteration":42},
{"Acceptance":[0.00022766078542970974],"Energy":{"Mean":-4306.0,"Sigma":0.0,"Taucorr":null},"EnergyVariance":{"Mean":0.0,"Sigma":0.0,"Taucorr":null},"Iteration":43},
{"Acceptance":[0.00011383039271485487],"Energy":{"Mean":-4306.0,"Sigma":0.0,"Taucorr":null},"EnergyVariance":{"Mean":0.0,"Sigma":0.0,"Taucorr":null},"Iteration":44},
{"Acceptance":[0.0001707455890722823],"Energy":{"Mean":-4306.0,"Sigma":0.0,"Taucorr":null},"EnergyVariance":{"Mean":0.0,"Sigma":0.0,"Taucorr":null},"Iteration":45},
{"Acceptance":[0.00011383039271485487],"Energy":{"Mean":-4306.008064516128,"Sigma":0.008064516129016064,"Taucorr":-1.6570078642530461e-12},"EnergyVariance":{"Mean":0.007999479708636835,"Sigma":0.007934443288259872,"Taucorr":2.220446049250313e-16},"Iteration":46},
{"Acceptance":[0.0],"Energy":{"Mean":-4306.0,"Sigma":0.0,"Taucorr":null},"EnergyVariance":{"Mean":0.0,"Sigma":0.0,"Taucorr":null},"Iteration":47},
{"Acceptance":[0.00011383039271485487],"Energy":{"Mean":-4306.0,"Sigma":0.0,"Taucorr":null},"EnergyVariance":{"Mean":0.0,"Sigma":0.0,"Taucorr":null},"Iteration":48},
{"Acceptance":[5.6915196357427435e-05],"Energy":{"Mean":-4306.0,"Sigma":0.0,"Taucorr":null},"EnergyVariance":{"Mean":0.0,"Sigma":0.0,"Taucorr":null},"Iteration":49},
{"Acceptance":[0.00011383039271485487],"Energy":{"Mean":-4306.0,"Sigma":0.0,"Taucorr":null},"EnergyVariance":{"Mean":0.0,"Sigma":0.0,"Taucorr":null},"Iteration":50},
{"Acceptance":[0.00011383039271485487],"Energy":{"Mean":-4305.967741935484,"Sigma":0.03225806451612601,"Taucorr":0.5081967213112786},"EnergyVariance":{"Mean":0.0634755463059313,"Sigma":0.06243496357960646,"Taucorr":0.5081967213114753},"Iteration":51},
{"Acceptance":[0.00022766078542970974],"Energy":{"Mean":-4305.9838709677415,"Sigma":0.016129032258077644,"Taucorr":5.819789095085071e-13},"EnergyVariance":{"Mean":0.031997918834547355,"Sigma":0.03173777315295146,"Taucorr":-2.220446049250313e-16},"Iteration":52},
{"Acceptance":[0.0],"Energy":{"Mean":-4306.0,"Sigma":0.0,"Taucorr":null},"EnergyVariance":{"Mean":0.0,"Sigma":0.0,"Taucorr":null},"Iteration":53},
{"Acceptance":[0.0001707455890722823],"Energy":{"Mean":-4306.008064516128,"Sigma":0.008064516129024694,"Taucorr":-6.020739462542224e-13},"EnergyVariance":{"Mean":0.007999479708636835,"Sigma":0.007934443288259872,"Taucorr":2.220446049250313e-16},"Iteration":54},
{"Acceptance":[0.0001707455890722823],"Energy":{"Mean":-4306.0,"Sigma":0.0,"Taucorr":null},"EnergyVariance":{"Mean":0.0,"Sigma":0.0,"Taucorr":null},"Iteration":55},
{"Acceptance":[5.6915196357427435e-05],"Energy":{"Mean":-4306.0,"Sigma":0.0,"Taucorr":null},"EnergyVariance":{"Mean":0.0,"Sigma":0.0,"Taucorr":null},"Iteration":56},
{"Acceptance":[5.6915196357427435e-05],"Energy":{"Mean":-4306.0,"Sigma":0.0,"Taucorr":null},"EnergyVariance":{"Mean":0.0,"Sigma":0.0,"Taucorr":null},"Iteration":57},
{"Acceptance":[0.00011383039271485487],"Energy":{"Mean":-4306.0,"Sigma":0.0,"Taucorr":null},"EnergyVariance":{"Mean":0.0,"Sigma":0.0,"Taucorr":null},"Iteration":58},
{"Acceptance":[0.00011383039271485487],"Energy":{"Mean":-4306.0,"Sigma":0.0,"Taucorr":null},"EnergyVariance":{"Mean":0.0,"Sigma":0.0,"Taucorr":null},"Iteration":59},
{"Acceptance":[0.00011383039271485487],"Energy":{"Mean":-4305.967741935484,"Sigma":0.03225806451613364,"Taucorr":0.5081967213116689},"EnergyVariance":{"Mean":0.06347554630593132,"Sigma":0.06243496357960646,"Taucorr":0.5081967213114753},"Iteration":60},
{"Acceptance":[0.00011383039271485487],"Energy":{"Mean":-4305.935483870968,"Sigma":0.06451612903225745,"Taucorr":0.5081967213114864},"EnergyVariance":{"Mean":0.25390218522372526,"Sigma":0.24973985431842588,"Taucorr":0.5081967213114753},"Iteration":61},
{"Acceptance":[5.6915196357427435e-05],"Energy":{"Mean":-4306.0,"Sigma":0.0,"Taucorr":null},"EnergyVariance":{"Mean":0.0,"Sigma":0.0,"Taucorr":null},"Iteration":62},
{"Acceptance":[5.6915196357427435e-05],"Energy":{"Mean":-4306.0,"Sigma":0.0,"Taucorr":null},"EnergyVariance":{"Mean":0.0,"Sigma":0.0,"Taucorr":null},"Iteration":63},
{"Acceptance":[0.0001707455890722823],"Energy":{"Mean":-4305.935483870967,"Sigma":0.06451612903226768,"Taucorr":0.5081967213116878},"EnergyVariance":{"Mean":0.25390218522372526,"Sigma":0.2497398543183085,"Taucorr":0.5081967213114753},"Iteration":64},
{"Acceptance":[0.00011383039271485487],"Energy":{"Mean":-4306.0,"Sigma":0.0,"Taucorr":null},"EnergyVariance":{"Mean":0.0,"Sigma":0.0,"Taucorr":null},"Iteration":65},
{"Acceptance":[5.6915196357427435e-05],"Energy":{"Mean":-4306.0,"Sigma":0.0,"Taucorr":null},"EnergyVariance":{"Mean":0.0,"Sigma":0.0,"Taucorr":null},"Iteration":66},
{"Acceptance":[0.00022766078542970974],"Energy":{"Mean":-4306.032258064516,"Sigma":0.022426509263021935,"Taucorr":0.49083333333339885},"EnergyVariance":{"Mean":0.031217481789802284,"Sigma":0.020979637697670833,"Taucorr":0.49083333333333345},"Iteration":67},
{"Acceptance":[0.00011383039271485487],"Energy":{"Mean":-4306.0161290322585,"Sigma":0.01612903225806793,"Taucorr":0.5081967213110383},"EnergyVariance":{"Mean":0.015868886576482832,"Sigma":0.01560874089488695,"Taucorr":0.508196721311476},"Iteration":68},
{"Acceptance":[5.6915196357427435e-05],"Energy":{"Mean":-4306.0,"Sigma":0.0,"Taucorr":null},"EnergyVariance":{"Mean":0.0,"Sigma":0.0,"Taucorr":null},"Iteration":69},
{"Acceptance":[0.0002845759817871372],"Energy":{"Mean":-4306.0,"Sigma":0.0,"Taucorr":null},"EnergyVariance":{"Mean":0.0,"Sigma":0.0,"Taucorr":null},"Iteration":70},
{"Acceptance":[5.6915196357427435e-05],"Energy":{"Mean":-4306.0,"Sigma":0.0,"Taucorr":null},"EnergyVariance":{"Mean":0.0,"Sigma":0.0,"Taucorr":null},"Iteration":71},
{"Acceptance":[0.00022766078542970974],"Energy":{"Mean":-4305.8387096774195,"Sigma":0.16129032258066248,"Taucorr":0.5081967213115892},"EnergyVariance":{"Mean":1.5868886576482832,"Sigma":1.5608740894901618,"Taucorr":0.5081967213114753},"Iteration":72},
{"Acceptance":[0.0001707455890722823],"Energy":{"Mean":-4305.975806451614,"Sigma":0.02419354838710208,"Taucorr":2.318145675417327e-13},"EnergyVariance":{"Mean":0.07199531737773152,"Sigma":0.07140998959420677,"Taucorr":0.0},"Iteration":73},
{"Acceptance":[0.00011383039271485487],"Energy":{"Mean":-4306.0,"Sigma":0.0,"Taucorr":null},"EnergyVariance":{"Mean":0.0,"Sigma":0.0,"Taucorr":null},"Iteration":74},
{"Acceptance":[0.0001707455890722823],"Energy":{"Mean":-4305.879032258064,"Sigma":0.10164703301204972,"Taucorr":0.7470070197831367},"EnergyVariance":{"Mean":0.5095603537981269,"Sigma":0.37920878243338496,"Taucorr":0.7532104100825545},"Iteration":75},
{"Acceptance":[0.00022766078542970974],"Energy":{"Mean":-4305.975806451613,"Sigma":0.024193548387093353,"Taucorr":-1.4144241333724494e-13},"EnergyVariance":{"Mean":0.07199531737773153,"Sigma":0.0714099895941628,"Taucorr":0.0},"Iteration":76},
{"Acceptance":[0.0003414911781445646],"Energy":{"Mean":-4306.008064516128,"Sigma":0.008064516129022542,"Taucorr":-7.30526750203353e-13},"EnergyVariance":{"Mean":0.007999479708636835,"Sigma":0.00793444328825987,"Taucorr":2.220446049250313e-16},"Iteration":77},
{"Acceptance":[0.00011383039271485487],"Energy":{"Mean":-4306.0,"Sigma":0.0,"Taucorr":null},"EnergyVariance":{"Mean":0.0,"Sigma":0.0,"Taucorr":null},"Iteration":78},
{"Acceptance":[5.6915196357427435e-05],"Energy":{"Mean":-4306.0,"Sigma":0.0,"Taucorr":null},"EnergyVariance":{"Mean":0.0,"Sigma":0.0,"Taucorr":null},"Iteration":79},
{"Acceptance":[0.0001707455890722823],"Energy":{"Mean":-4305.927419354839,"Sigma":0.0725806451613172,"Taucorr":1.024793388430157},"EnergyVariance":{"Mean":0.21247398543184184,"Sigma":0.20720603537985524,"Taucorr":1.0247933884297515},"Iteration":80},
{"Acceptance":[0.00022766078542970974],"Energy":{"Mean":-4306.0,"Sigma":0.0,"Taucorr":null},"EnergyVariance":{"Mean":0.0,"Sigma":0.0,"Taucorr":null},"Iteration":81},
{"Acceptance":[0.00019920318725099602],"Energy":{"Mean":-4306.0,"Sigma":0.0,"Taucorr":null},"EnergyVariance":{"Mean":0.0,"Sigma":0.0,"Taucorr":null},"Iteration":82},
{"Acceptance":[0.0001422879908935686],"Energy":{"Mean":-4306.0,"Sigma":0.0,"Taucorr":null},"EnergyVariance":{"Mean":0.0,"Sigma":0.0,"Taucorr":null},"Iteration":83},
{"Acceptance":[5.6915196357427435e-05],"Energy":{"Mean":-4306.0,"Sigma":0.0,"Taucorr":null},"EnergyVariance":{"Mean":0.0,"Sigma":0.0,"Taucorr":null},"Iteration":84},
{"Acceptance":[5.6915196357427435e-05],"Energy":{"Mean":-4306.0,"Sigma":0.0,"Taucorr":null},"EnergyVariance":{"Mean":0.0,"Sigma":0.0,"Taucorr":null},"Iteration":85},
{"Acceptance":[5.6915196357427435e-05],"Energy":{"Mean":-4306.024193548386,"Sigma":0.01779074420188298,"Taucorr":0.32451790633463495},"EnergyVariance":{"Mean":0.023608220603537983,"Sigma":0.016929901740550264,"Taucorr":0.32451790633608857},"Iteration":86},
{"Acceptance":[8.537279453614115e-05],"Energy":{"Mean":-4306.0,"Sigma":0.0,"Taucorr":null},"EnergyVariance":{"Mean":0.0,"Sigma":0.0,"Taucorr":null},"Iteration":87},
{"Acceptance":[0.00019920318725099602],"Energy":{"Mean":-4306.0,"Sigma":0.0,"Taucorr":null},"EnergyVariance":{"Mean":0.0,"Sigma":0.0,"Taucorr":null},"Iteration":88},
{"Acceptance":[5.6915196357427435e-05],"Energy":{"Mean":-4306.0161290322585,"Sigma":0.011213254631570035,"Taucorr":-0.012704918029069034},"EnergyVariance":{"Mean":0.015868886576482832,"Sigma":0.010851536740164019,"Taucorr":-0.012704918032786783},"Iteration":89},
{"Acceptance":[5.6915196357427435e-05],"Energy":{"Mean":-4306.0,"Sigma":0.0,"Taucorr":null},"EnergyVariance":{"Mean":0.0,"Sigma":0.0,"Taucorr":null},"Iteration":90},
{"Acceptance":[0.00011383039271485487],"Energy":{"Mean":-4306.0161290322585,"Sigma":0.016129032258059943,"Taucorr":0.5081967213108358},"EnergyVariance":{"Mean":0.015868886576482832,"Sigma":0.01560874089488695,"Taucorr":0.5081967213114753},"Iteration":91},
{"Acceptance":[5.6915196357427435e-05],"Energy":{"Mean":-4306.0,"Sigma":0.0,"Taucorr":null},"EnergyVariance":{"Mean":0.0,"Sigma":0.0,"Taucorr":null},"Iteration":92},
{"Acceptance":[0.0001707455890722823],"Energy":{"Mean":-4306.0,"Sigma":0.0,"Taucorr":null},"EnergyVariance":{"Mean":0.0,"Sigma":0.0,"Taucorr":null},"Iteration":93},
{"Acceptance":[0.0001707455890722823],"Energy":{"Mean":-4306.024193548386,"Sigma":0.024193548387079745,"Taucorr":1.0247933884290923},"EnergyVariance":{"Mean":0.023608220603537983,"Sigma":0.02302289282001326,"Taucorr":1.0247933884297522},"Iteration":94},
{"Acceptance":[0.00011383039271485487],"Energy":{"Mean":-4306.0,"Sigma":0.0,"Taucorr":null},"EnergyVariance":{"Mean":0.0,"Sigma":0.0,"Taucorr":null},"Iteration":95},
{"Acceptance":[0.0001707455890722823],"Energy":{"Mean":-4306.0,"Sigma":0.0,"Taucorr":null},"EnergyVariance":{"Mean":0.0,"Sigma":0.0,"Taucorr":null},"Iteration":96},
{"Acceptance":[0.00039840637450199205],"Energy":{"Mean":-4306.024193548386,"Sigma":0.017790744201940805,"Taucorr":0.32451790633818267},"EnergyVariance":{"Mean":0.023608220603537983,"Sigma":0.016929901740550264,"Taucorr":0.32451790633608824},"Iteration":97},
{"Acceptance":[0.00011383039271485487],"Energy":{"Mean":-4306.0161290322585,"Sigma":0.016129032258083285,"Taucorr":0.5081967213128922},"EnergyVariance":{"Mean":0.015868886576482836,"Sigma":0.01560874089488695,"Taucorr":0.5081967213114753},"Iteration":98},
{"Acceptance":[0.00022766078542970974],"Energy":{"Mean":-4306.008064516128,"Sigma":0.00806451612902434,"Taucorr":-6.66799948589869e-13},"EnergyVariance":{"Mean":0.007999479708636837,"Sigma":0.00793444328825987,"Taucorr":0.0},"Iteration":99} 
]}