{"Output": [
{"Acceptance":[0.920682302771855],"Energy":{"Mean":-2494.233870967742,"Sigma":2.8023831899886575,"Taucorr":-0.05711503382235844},"EnergyVariance":{"Mean":1090.534014047867,"Sigma":97.12794963624056,"Taucorr":-0.10661137212687749},"Iteration":0},
{"Acceptance":[0.9106965174129353],"Energy":{"Mean":-2490.564516129032,"Sigma":3.5318247389726602,"Taucorr":0.16954381493214998},"EnergyVariance":{"Mean":1145.761966701353,"Sigma":124.93769833808916,"Taucorr":-0.03442709286738088},"Iteration":1},
{"Acceptance":[0.9026297085998578],"Energy":{"Mean":-2493.048387096774,"Sigma":2.8168659507070104,"Taucorr":-0.11186406335255666},"EnergyVariance":{"Mean":1257.2557232049946,"Sigma":211.93473153544,"Taucorr":0.07643024569141366},"Iteration":2},
{"Acceptance":[0.9015280739161337],"Energy":{"Mean":-2496.274193548387,"Sigma":2.390234242994954,"Taucorr":-0.17498587459479925},"EnergyVariance":{"Mean":1081.0699791883455,"Sigma":129.88427771025192,"Taucorr":0.07343370549233774},"Iteration":3},
{"Acceptance":[0.8977611940298508],"Energy":{"Mean":-2492.8870967741946,"Sigma":3.2059428751995154,"Taucorr":0.05797828525631343},"EnergyVariance":{"Mean":1132.8420915712798,"Sigma":136.65027911608638,"Taucorr":-0.005706965644294737},"Iteration":4},
{"Acceptance":[0.8909026297085999],"Energy":{"Mean":-2495.830645161291,"Sigma":2.880187864821181,"Taucorr":-0.10348016560971462},"EnergyVariance":{"Mean":1286.6245447450572,"Sigma":187.37985349487764,"Taucorr":0.16484669078907277},"Iteration":5},
{"Acceptance":[0.8774342572850036],"Energy":{"Mean":-2492.8145161290327,"Sigma":2.6207394441514302,"Taucorr":-0.06439498288748674},"EnergyVariance":{"Mean":969.6833376690947,"Sigma":128.73068838272494,"Taucorr":0.24236558965168686},"Iteration":6},
{"Acceptance":[0.8690476190476191],"Energy":{"Mean":-2501.1693548387098,"Sigma":3.854692488341191,"Taucorr":0.2682309201313132},"EnergyVariance":{"Mean":1189.4955124869925,"Sigma":137.63792054640749,"Taucorr":-0.044219932514575455},"Iteration":7},
{"Acceptance":[0.8547974413646056],"Energy":{"Mean":-2502.8306451612902,"Sigma":2.9628839095371884,"Taucorr":0.06486386956921952},"EnergyVariance":{"Mean":955.7858350676378,"Sigma":111.35061277561599,"Taucorr":-0.11394219521307447},"Iteration":8},
{"Acceptance":[0.8478322672352523],"Energy":{"Mean":-2500.7096774193546,"Sigma":2.551620209877666,"Taucorr":-0.03496947450281668},"EnergyVariance":{"Mean":861.044745057232,"Sigma":105.89076836029543,"Taucorr":0.000371276916470209},"Iteration":9},
{"Acceptance":[0.8342928216062544],"Energy":{"Mean":-2501.2499999999995,"Sigma":3.050141015601371,"Taucorr":0.0026198104569260527},"EnergyVariance":{"Mean":1138.3487903225805,"Sigma":147.4623401888665,"Taucorr":-0.06617672638324368},"Iteration":10},
{"Acceptance":[0.8072139303482587],"Energy":{"Mean":-2506.25,"Sigma":3.7758250540391423,"Taucorr":0.0893943439211452},"EnergyVariance":{"Mean":1487.6229838709676,"Sigma":343.99918177059124,"Taucorr":0.048753709599705264},"Iteration":11},
{"Acceptance":[0.7431769722814499],"Energy":{"Mean":-2515.927419354839,"Sigma":3.596372753526836,"Taucorr":-0.01666716920789546},"EnergyVariance":{"Mean":1645.7286030176901,"Sigma":225.4164658539203,"Taucorr":-0.0019473538318326433},"Iteration":12},
{"Acceptance":[0.6297085998578535],"Energy":{"Mean":-2536.3387096774186,"Sigma":2.9656308234609017,"Taucorr":-0.002200450494129036},"EnergyVariance":{"Mean":1086.5626951092609,"Sigma":133.02559290864414,"Taucorr":-0.1059617084131983},"Iteration":13},
{"Acceptance":[0.525728500355366],"Energy":{"Mean":-2570.467741935485,"Sigma":4.250470276566304,"Taucorr":0.3385435365333379},"EnergyVariance":{"Mean":1325.0231529656608,"Sigma":163.12283074751514,"Taucorr":0.10939639016602021},"Iteration":14},
{"Acceptance":[0.4427860696517413],"Energy":{"Mean":-2615.6451612903224,"Sigma":2.6900547170742257,"Taucorr":0.07060677752858269},"EnergyVariance":{"Mean":779.9386056191469,"Sigma":118.15499814782432,"Taucorr":0.14207206841841435},"Iteration":15},
{"Acceptance":[0.36592039800995024],"Energy":{"Mean":-2644.991935483871,"Sigma":3.0739209110846044,"Taucorr":0.29242961695207925},"EnergyVariance":{"Mean":733.3305801248699,"Sigma":110.31009255588226,"Taucorr":0.03173428493914687},"Iteration":16},
{"Acceptance":[0.3168088130774698],"Energy":{"Mean":-2670.3629032258063,"Sigma":2.6317907225337436,"Taucorr":0.15283652664917236},"EnergyVariance":{"Mean":652.4892689906347,"Sigma":95.73066219514577,"Taucorr":0.01528850609791188},"Iteration":17},
{"Acceptance":[0.2899786780383795],"Energy":{"Mean":-2687.524193548387,"Sigma":1.8499983594409273,"Taucorr":-0.11052382406235045},"EnergyVariance":{"Mean":540.4268340270551,"Sigma":64.67917352554615,"Taucorr":-0.05610048669215806},"Iteration":18},
{"Acceptance":[0.26684434968017057],"Energy":{"Mean":-2711.604838709677,"Sigma":2.094660845643667,"Taucorr":0.17394684832968854},"EnergyVariance":{"Mean":400.3841701352757,"Sigma":54.989970641772906,"Taucorr":0.05849478634569938},"Iteration":19},
{"Acceptance":[0.23212508884150676],"Energy":{"Mean":-2730.9516129032254,"Sigma":1.9057573831963435,"Taucorr":0.14791669653684714},"EnergyVariance":{"Mean":344.73959417273676,"Sigma":35.193385664074825,"Taucorr":-0.04684548957646051},"Iteration":20},
{"Acceptance":[0.21147832267235253],"Energy":{"Mean":-2745.4677419354834,"Sigma":1.8077916017061968,"Taucorr":0.09375073488669683},"EnergyVariance":{"Mean":338.50702393340265,"Sigma":58.823558522970636,"Taucorr":0.210175226741939},"Iteration":21},
{"Acceptance":[0.18439943141435677],"Energy":{"Mean":-2760.3467741935483,"Sigma":1.6153945812522428,"Taucorr":0.20412504041234125},"EnergyVariance":{"Mean":227.92007023933402,"Sigma":27.214835249365553,"Taucorr":-0.020664177690478958},"Iteration":22},
{"Acceptance":[0.17178393745557924],"Energy":{"Mean":-2769.3387096774195,"Sigma":1.6867027542105315,"Taucorr":0.406640903557856},"EnergyVariance":{"Mean":192.98204994797084,"Sigma":34.55907423078685,"Taucorr":0.012240005021160072},"Iteration":23},
{"Acceptance":[0.1658493248045487],"Energy":{"Mean":-2775.419354838709,"Sigma":1.5180538570838977,"Taucorr":0.3609570418061324},"EnergyVariance":{"Mean":164.6144640998959,"Sigma":21.326702698720233,"Taucorr":0.11245916427126446},"Iteration":24},
{"Acceptance":[0.15522388059701492],"Energy":{"Mean":-2781.2580645161293,"Sigma":1.4522638922608104,"Taucorr":0.19651614038813803},"EnergyVariance":{"Mean":186.22372528616026,"Sigma":31.03567438852103,"Taucorr":0.25312554015524313},"Iteration":25},
{"Acceptance":[0.15199004975124378],"Energy":{"Mean":-2784.8951612903224,"Sigma":1.2752173646440916,"Taucorr":0.33839560606117924},"EnergyVariance":{"Mean":119.28739594172735,"Sigma":15.579217917723431,"Taucorr":0.04868754738851433},"Iteration":26},
{"Acceptance":[0.13816631130063967],"Energy":{"Mean":-2790.8145161290317,"Sigma":1.1914777883588734,"Taucorr":0.4007618482704487},"EnergyVariance":{"Mean":96.92527315296567,"Sigma":14.494489479402544,"Taucorr":0.22789446730907237},"Iteration":27},
{"Acceptance":[0.12878464818763327],"Energy":{"Mean":-2793.4677419354844,"Sigma":0.8749609772775991,"Taucorr":0.004031815612035028},"EnergyVariance":{"Mean":93.41024973985432,"Sigma":12.825819584120289,"Taucorr":-0.07273472413457865},"Iteration":28},
{"Acceptance":[0.11641791044776119],"Energy":{"Mean":-2796.7499999999995,"Sigma":1.1731769201708337,"Taucorr":0.2272097413957419},"EnergyVariance":{"Mean":116.39717741935482,"Sigma":14.239149315261974,"Taucorr":-0.02440686004638043},"Iteration":29},
{"Acceptance":[0.11716417910447761],"Energy":{"Mean":-2802.3306451612902,"Sigma":0.985539744645586,"Taucorr":0.14738743348846373},"EnergyVariance":{"Mean":92.26970603537981,"Sigma":13.68397146861124,"Taucorr":-0.12288360699230894},"Iteration":30},
{"Acceptance":[0.10856432125088841],"Energy":{"Mean":-2802.193548387097,"Sigma":1.0567060351935362,"Taucorr":0.33834842383400154},"EnergyVariance":{"Mean":81.91415192507803,"Sigma":13.946094363461977,"Taucorr":0.43008925009162},"Iteration":31},
{"Acceptance":[0.09907604832977968],"Energy":{"Mean":-2806.459677419355,"Sigma":0.8082319059129738,"Taucorr":0.09172330355168823},"EnergyVariance":{"Mean":67.8935353798127,"Sigma":7.153561628018465,"Taucorr":-0.07772827858123399},"Iteration":32},
{"Acceptance":[0.09538024164889837],"Energy":{"Mean":-2810.387096774193,"Sigma":0.936695081673822,"Taucorr":0.35722936504001357},"EnergyVariance":{"Mean":62.946930280957346,"Sigma":11.419332891019925,"Taucorr":0.01876606085164101},"Iteration":33},
{"Acceptance":[0.08166311300639659],"Energy":{"Mean":-2813.3225806451615,"Sigma":0.7316935676454676,"Taucorr":0.23443106909918632},"EnergyVariance":{"Mean":44.83142559833506,"Sigma":6.111838714222243,"Taucorr":-0.01825000233442109},"Iteration":34},
{"Acceptance":[0.08237384506041222],"Energy":{"Mean":-2816.0967741935488,"Sigma":0.6732880939391028,"Taucorr":0.26807781345410586},"EnergyVariance":{"Mean":36.29708636836629,"Sigma":5.963086645359881,"Taucorr":0.1105403350547488},"Iteration":35},
{"Acceptance":[0.0816275764036958],"Energy":{"Mean":-2816.2016129032263,"Sigma":0.7026657531121067,"Taucorr":0.2893682742296829},"EnergyVariance":{"Mean":38.467416753381904,"Sigma":4.439630417194414,"Taucorr":-0.025745013119620908},"Iteration":36},
{"Acceptance":[0.08169864960909737],"Energy":{"Mean":-2819.693548387096,"Sigma":0.610692106642547,"Taucorr":0.2014870509607477},"EnergyVariance":{"Mean":32.696409989594166,"Sigma":4.937473417140696,"Taucorr":-0.0965921140693583},"Iteration":37},
{"Acceptance":[0.07651030561478323],"Energy":{"Mean":-2819.129032258064,"Sigma":0.6351986150885962,"Taucorr":0.08968106283537436},"EnergyVariance":{"Mean":42.080124869927154,"Sigma":5.428820362488299,"Taucorr":-0.06033521070436271},"Iteration":38},
{"Acceptance":[0.07626154939587776],"Energy":{"Mean":-2821.766129032258,"Sigma":0.7838195257247407,"Taucorr":0.29922122944220797},"EnergyVariance":{"Mean":47.27594953173776,"Sigma":9.56378011937412,"Taucorr":-0.026372194831791984},"Iteration":39},
{"Acceptance":[0.06872778962331201],"Energy":{"Mean":-2824.6209677419356,"Sigma":0.47460665203815056,"Taucorr":-0.08033474204765922},"EnergyVariance":{"Mean":33.00956035379813,"Sigma":3.863442103296865,"Taucorr":-0.11065328660091622},"Iteration":40},
{"Acceptance":[0.06549395877754087],"Energy":{"Mean":-2826.2338709677424,"Sigma":0.5857785330375374,"Taucorr":0.16989580301051077},"EnergyVariance":{"Mean":31.501755983350684,"Sigma":3.756185855873775,"Taucorr":-0.022726908469800966},"Iteration":41},
{"Acceptance":[0.061656005685856434],"Energy":{"Mean":-2827.516129032258,"Sigma":0.7400718764016939,"Taucorr":0.46396029689849483},"EnergyVariance":{"Mean":34.94328824141519,"Sigma":5.595520992414115,"Taucorr":0.06273122340151405},"Iteration":42},
{"Acceptance":[0.06162046908315565],"Energy":{"Mean":-2827.58064516129,"Sigma":0.6067925431534564,"Taucorr":0.17396575353072619},"EnergyVariance":{"Mean":33.598335067637876,"Sigma":4.832527480252752,"Taucorr":0.02323200542580539},"Iteration":43},
{"Acceptance":[0.054193319118692254],"Energy":{"Mean":-2829.6693548387098,"Sigma":0.7085676807253891,"Taucorr":0.360505753709669},"EnergyVariance":{"Mean":35.882609261186275,"Sigma":7.655480814188021,"Taucorr":0.07516068961296196},"Iteration":44},
{"Acceptance":[0.05042643923240938],"Energy":{"Mean":-2832.8145161290327,"Sigma":0.6091779828393941,"Taucorr":0.487183346226877},"EnergyVariance":{"Mean":23.118821540062434,"Sigma":3.575391657003802,"Taucorr":0.026627207207924553},"Iteration":45},
{"Acceptance":[0.04715707178393746],"Energy":{"Mean":-2832.1048387096776,"Sigma":0.6886926794004197,"Taucorr":0.4038784529718693},"EnergyVariance":{"Mean":32.271266909469304,"Sigma":7.539607602511651,"Taucorr":0.2955560127990188},"Iteration":46},
{"Acceptance":[0.046090973702914],"Energy":{"Mean":-2832.814516129032,"Sigma":0.5202831815173542,"Taucorr":0.18747915206303645},"EnergyVariance":{"Mean":24.215595733610826,"Sigma":4.204142865248062,"Taucorr":0.016264325718809536},"Iteration":47},
{"Acceptance":[0.04402985074626865],"Energy":{"Mean":-2834.733870967742,"Sigma":0.3893638808403882,"Taucorr":0.10906283058387034},"EnergyVariance":{"Mean":15.308207596253903,"Sigma":1.779394689046424,"Taucorr":-0.049721625891242294},"Iteration":48},
{"Acceptance":[0.04584221748400853],"Energy":{"Mean":-2834.9193548387098,"Sigma":0.432140691816237,"Taucorr":0.23819538500126103},"EnergyVariance":{"Mean":15.558012486992716,"Sigma":2.229036125655038,"Taucorr":-0.08273174015100543},"Iteration":49} 
]}