{"Output": [
{"Acceptance":[0.659893076341382],"Energy":{"Mean":-656.0957661290323,"Sigma":0.8294916516311214,"Taucorr":0.5452026803258483},"EnergyVariance":{"Mean":326.1874014291753,"Sigma":13.466116191506568,"Taucorr":-0.08857213300105438},"Iteration":0},
{"Acceptance":[0.5361307001037582],"Energy":{"Mean":-677.0393145161289,"Sigma":1.038018444501202,"Taucorr":1.172357455388373},"EnergyVariance":{"Mean":319.24543017527316,"Sigma":16.14260743167896,"Taucorr":0.13932298894758788},"Iteration":1},
{"Acceptance":[0.4320911664878744],"Energy":{"Mean":-697.0977822580645,"Sigma":0.9568519500248626,"Taucorr":0.9033395695673465},"EnergyVariance":{"Mean":323.27370475903984,"Sigma":22.531761835962442,"Taucorr":0.4628156728463496},"Iteration":2},
{"Acceptance":[0.35247876475036494],"Energy":{"Mean":-712.8346774193548,"Sigma":0.8865266526957875,"Taucorr":1.1862560772407655},"EnergyVariance":{"Mean":230.9424265088449,"Sigma":15.30639117433531,"Taucorr":0.5161586571001342},"Iteration":3},
{"Acceptance":[0.2901183546418585],"Energy":{"Mean":-727.5504032258066,"Sigma":0.5457436981738227,"Taucorr":0.44922906565761866},"EnergyVariance":{"Mean":155.47124983740892,"Sigma":9.163455149641806,"Taucorr":0.31702710570400394},"Iteration":4},
{"Acceptance":[0.23752703867189562],"Energy":{"Mean":-738.8558467741934,"Sigma":0.47531840059678493,"Taucorr":0.4800130744764167},"EnergyVariance":{"Mean":114.23022791200572,"Sigma":6.630848220655723,"Taucorr":0.13025923944939732},"Iteration":5},
{"Acceptance":[0.19888152225524505],"Energy":{"Mean":-746.890120967742,"Sigma":0.4694883767142226,"Taucorr":0.6401872414076941},"EnergyVariance":{"Mean":95.78933788859261,"Sigma":4.843318354502475,"Taucorr":0.22438601253108414},"Iteration":6},
{"Acceptance":[0.16974130805620527],"Energy":{"Mean":-751.8024193548387,"Sigma":0.4431740997771842,"Taucorr":0.9183755500396455},"EnergyVariance":{"Mean":68.612171566077,"Sigma":4.066301350861686,"Taucorr":0.39091884508962327},"Iteration":7},
{"Acceptance":[0.14339728821905282],"Energy":{"Mean":-756.3316532258066,"Sigma":0.44445007017211013,"Taucorr":1.2242538941908034},"EnergyVariance":{"Mean":56.76601420232829,"Sigma":3.5733383583778324,"Taucorr":0.3562717628573113},"Iteration":8},
{"Acceptance":[0.12523961099484726],"Energy":{"Mean":-760.1875000000001,"Sigma":0.4521407785216364,"Taucorr":1.7515640944487965},"EnergyVariance":{"Mean":44.98903729838709,"Sigma":3.356767845663684,"Taucorr":0.7759611331859206},"Iteration":9},
{"Acceptance":[0.10803158468599969],"Energy":{"Mean":-762.9647177419355,"Sigma":0.3908117616319029,"Taucorr":1.6383923782523508},"EnergyVariance":{"Mean":35.390892259040065,"Sigma":2.7326497810549863,"Taucorr":0.5316126018696903},"Iteration":10},
{"Acceptance":[0.09517612507254278],"Energy":{"Mean":-765.8689516129033,"Sigma":0.30040931472504234,"Taucorr":1.1154665767377574},"EnergyVariance":{"Mean":27.68040696540063,"Sigma":3.2231645496944283,"Taucorr":1.0948097821216136},"Iteration":11},
{"Acceptance":[0.08628633733710848],"Energy":{"Mean":-767.9586693548388,"Sigma":0.16550155863992597,"Taucorr":0.3277463685000428},"EnergyVariance":{"Mean":16.396477261641518,"Sigma":0.9229862287210209,"Taucorr":0.23050543793842015},"Iteration":12},
{"Acceptance":[0.07732620508942546],"Energy":{"Mean":-768.6129032258068,"Sigma":0.13687447386721316,"Taucorr":0.14634741432853104},"EnergyVariance":{"Mean":14.362252861602494,"Sigma":0.8063677050434589,"Taucorr":0.03107050822368973},"Iteration":13},
{"Acceptance":[0.07320225805884319],"Energy":{"Mean":-769.1834677419354,"Sigma":0.19390787627490347,"Taucorr":0.7871639424289871},"EnergyVariance":{"Mean":14.474404103798124,"Sigma":1.05392791712049,"Taucorr":0.3219804122040766},"Iteration":14},
{"Acceptance":[0.06728452596591808],"Energy":{"Mean":-770.8306451612902,"Sigma":0.12325541808751782,"Taucorr":0.3511225434774403},"EnergyVariance":{"Mean":8.84430280957336,"Sigma":0.6843935906332848,"Taucorr":0.35404070417914946},"Iteration":15},
{"Acceptance":[0.06205265286741818],"Energy":{"Mean":-771.0433467741935,"Sigma":0.20341133364580882,"Taucorr":1.6569184311282639},"EnergyVariance":{"Mean":9.505177508779916,"Sigma":1.0213411924804918,"Taucorr":0.5307639856157109},"Iteration":16},
{"Acceptance":[0.05879042611188295],"Energy":{"Mean":-771.5342741935483,"Sigma":0.15158600124517158,"Taucorr":1.0693940361700274},"EnergyVariance":{"Mean":7.254873666753381,"Sigma":0.7116933822731187,"Taucorr":0.2443741985265957},"Iteration":17},
{"Acceptance":[0.05471923746548722],"Energy":{"Mean":-772.0493951612904,"Sigma":0.14396441315337347,"Taucorr":1.2051330769716078},"EnergyVariance":{"Mean":6.022761730944329,"Sigma":0.3114504555448431,"Taucorr":-0.1684094435992851},"Iteration":18},
{"Acceptance":[0.051386666197703254],"Energy":{"Mean":-772.609879032258,"Sigma":0.13441423039291314,"Taucorr":1.071237717533923},"EnergyVariance":{"Mean":5.69760401762487,"Sigma":0.759136345235437,"Taucorr":1.1611237915521073},"Iteration":19},
{"Acceptance":[0.04729789142324534],"Energy":{"Mean":-772.9627016129033,"Sigma":0.1144343424814437,"Taucorr":0.7884830091413901},"EnergyVariance":{"Mean":5.035907217416753,"Sigma":0.5457030547437486,"Taucorr":0.48953568337010844},"Iteration":20},
{"Acceptance":[0.04307722068832105],"Energy":{"Mean":-773.2237903225806,"Sigma":0.1367241734653473,"Taucorr":1.5087206273454257},"EnergyVariance":{"Mean":4.611208214099896,"Sigma":0.5165145248614151,"Taucorr":0.3308513530062027},"Iteration":21},
{"Acceptance":[0.041573606739004274],"Energy":{"Mean":-773.6179435483871,"Sigma":0.11194146818622147,"Taucorr":1.1415392795033374},"EnergyVariance":{"Mean":3.782460287135796,"Sigma":0.4756068555064924,"Taucorr":0.2539143667390863},"Iteration":22},
{"Acceptance":[0.03914672106642281],"Energy":{"Mean":-773.8387096774193,"Sigma":0.10015211018394245,"Taucorr":0.9707757258125222},"EnergyVariance":{"Mean":3.3792273673257025,"Sigma":0.35323863246689863,"Taucorr":0.19048076880564513},"Iteration":23},
{"Acceptance":[0.03657914636934386],"Energy":{"Mean":-773.9919354838709,"Sigma":0.09244122003917349,"Taucorr":0.6609829723777636},"EnergyVariance":{"Mean":3.6471123829344427,"Sigma":0.7585184852449602,"Taucorr":0.7330060596026049},"Iteration":24},
{"Acceptance":[0.03409950231257584],"Energy":{"Mean":-774.210685483871,"Sigma":0.09775246192740258,"Taucorr":1.0609656732760149},"EnergyVariance":{"Mean":3.0332325946279917,"Sigma":0.37402537112165807,"Taucorr":0.3438376918171132},"Iteration":25},
{"Acceptance":[0.03229692418620193],"Energy":{"Mean":-774.2822580645162,"Sigma":0.1024470001213017,"Taucorr":1.241112763830273},"EnergyVariance":{"Mean":2.986862643080126,"Sigma":0.336307764065431,"Taucorr":0.15974617559027882},"Iteration":26},
{"Acceptance":[0.03011624430649104],"Energy":{"Mean":-774.4133064516128,"Sigma":0.10040983806010642,"Taucorr":1.0416594226257805},"EnergyVariance":{"Mean":3.2404680996357964,"Sigma":0.3836786536668472,"Taucorr":0.2546941289544079},"Iteration":27},
{"Acceptance":[0.027583841865536463],"Energy":{"Mean":-774.7943548387096,"Sigma":0.07795713408403446,"Taucorr":1.0688776637498982},"EnergyVariance":{"Mean":1.9194036160249741,"Sigma":0.22727000102514838,"Taucorr":0.053548027177535484},"Iteration":28},
{"Acceptance":[0.026625397886147407],"Energy":{"Mean":-774.679435483871,"Sigma":0.10528267503407188,"Taucorr":1.7328963371808017},"EnergyVariance":{"Mean":2.459738390998959,"Sigma":0.30301109051894026,"Taucorr":0.35512331382293305},"Iteration":29},
{"Acceptance":[0.025605402458540705],"Energy":{"Mean":-774.9284274193548,"Sigma":0.09289703312040429,"Taucorr":1.5219501217684495},"EnergyVariance":{"Mean":2.114837043119148,"Sigma":0.40702484606121214,"Taucorr":0.8650243224127225},"Iteration":30},
{"Acceptance":[0.02447989026256089],"Energy":{"Mean":-774.9314516129032,"Sigma":0.09802548454805532,"Taucorr":1.730709356947869},"EnergyVariance":{"Mean":2.134414021852238,"Sigma":0.7704873880308443,"Taucorr":1.6510448241395301},"Iteration":31},
{"Acceptance":[0.02180679879710884],"Energy":{"Mean":-775.1078629032259,"Sigma":0.07744446487394241,"Taucorr":1.2679949467560951},"EnergyVariance":{"Mean":1.6809059166883455,"Sigma":0.21690021563435158,"Taucorr":0.06418484905031774},"Iteration":32},
{"Acceptance":[0.02177162654098447],"Energy":{"Mean":-775.186491935484,"Sigma":0.07655319192606264,"Taucorr":1.3772206831718943},"EnergyVariance":{"Mean":1.5468739838059313,"Sigma":0.25707773724906685,"Taucorr":0.2276505660110607},"Iteration":33},
{"Acceptance":[0.020619735152911385],"Energy":{"Mean":-775.2782258064515,"Sigma":0.06582797652920405,"Taucorr":1.3664265187381852},"EnergyVariance":{"Mean":1.1504129812695105,"Sigma":0.19330364304854028,"Taucorr":0.4873889100831872},"Iteration":34},
{"Acceptance":[0.019362326996465187],"Energy":{"Mean":-775.297379032258,"Sigma":0.06617030494754178,"Taucorr":0.624875915475211},"EnergyVariance":{"Mean":1.9287028079474504,"Sigma":0.5556993954698225,"Taucorr":0.8146917224130497},"Iteration":35},
{"Acceptance":[0.018896294602817297],"Energy":{"Mean":-775.414314516129,"Sigma":0.0548199287890677,"Taucorr":1.1810605947624218},"EnergyVariance":{"Mean":0.8858031591441207,"Sigma":0.13242209660907417,"Taucorr":0.2827676054767302},"Iteration":36},
{"Acceptance":[0.01678595923535515],"Energy":{"Mean":-775.461693548387,"Sigma":0.057434322834635496,"Taucorr":1.2462068476357218},"EnergyVariance":{"Mean":0.9360326157648283,"Sigma":0.15786695849681875,"Taucorr":0.6568877904723252},"Iteration":37},
{"Acceptance":[0.017471818229780348],"Energy":{"Mean":-775.4405241935483,"Sigma":0.04880878638461415,"Taucorr":0.4159118941945259},"EnergyVariance":{"Mean":1.2888013381243497,"Sigma":0.2953199316399715,"Taucorr":0.27500114257543373},"Iteration":38},
{"Acceptance":[0.016486995058298013],"Energy":{"Mean":-775.5806451612904,"Sigma":0.060185194449631954,"Taucorr":1.8136557190364466},"EnergyVariance":{"Mean":0.7757544224765868,"Sigma":0.1856722122174937,"Taucorr":0.15361507837848765},"Iteration":39},
{"Acceptance":[0.016293547649613986],"Energy":{"Mean":-775.5020161290322,"Sigma":0.042792309025787095,"Taucorr":0.3947269797624178},"EnergyVariance":{"Mean":1.0141088384495316,"Sigma":0.1956669502936967,"Taucorr":-0.011639477478591065},"Iteration":40},
{"Acceptance":[0.01615285862511651],"Energy":{"Mean":-775.517137096774,"Sigma":0.060081547225676435,"Taucorr":1.3000682468437277},"EnergyVariance":{"Mean":0.9936579328173777,"Sigma":0.20472469982371216,"Taucorr":0.42350065733627595},"Iteration":41},
{"Acceptance":[0.015554930271002233],"Energy":{"Mean":-775.5453629032257,"Sigma":0.06457962685032166,"Taucorr":1.0625223562505743},"EnergyVariance":{"Mean":1.3225389812044746,"Sigma":0.36682382153062504,"Taucorr":0.30603666274859476},"Iteration":42},
{"Acceptance":[0.014490969523240069],"Energy":{"Mean":-775.6673387096774,"Sigma":0.04153747748808776,"Taucorr":0.5069527762749191},"EnergyVariance":{"Mean":0.8490138852757545,"Sigma":0.2238267230821006,"Taucorr":0.3569984567871085},"Iteration":43},
{"Acceptance":[0.014561314035488807],"Energy":{"Mean":-775.7127016129031,"Sigma":0.03972507573795952,"Taucorr":0.5969623011716485},"EnergyVariance":{"Mean":0.7128225399973984,"Sigma":0.19518257636939632,"Taucorr":0.3052283151149291},"Iteration":44},
{"Acceptance":[0.013910627297187977],"Energy":{"Mean":-775.5997983870968,"Sigma":0.055019763579297186,"Taucorr":0.7377842795083747},"EnergyVariance":{"Mean":1.2118144754812694,"Sigma":0.4571380764957888,"Taucorr":0.8915655379516274},"Iteration":45},
{"Acceptance":[0.014156833090058562],"Energy":{"Mean":-775.6723790322582,"Sigma":0.05170299911093517,"Taucorr":1.0305050754118787},"EnergyVariance":{"Mean":0.865446759560354,"Sigma":0.24035090193279968,"Taucorr":0.4227783511580161},"Iteration":46},
{"Acceptance":[0.013057700086172028],"Energy":{"Mean":-775.7550403225806,"Sigma":0.04210364211887126,"Taucorr":1.1838579744871343},"EnergyVariance":{"Mean":0.5216479822450572,"Sigma":0.1541275151154276,"Taucorr":0.13511152585266883},"Iteration":47},
{"Acceptance":[0.013207182174700596],"Energy":{"Mean":-775.790322580645,"Sigma":0.03785099925092687,"Taucorr":1.1286857778767758},"EnergyVariance":{"Mean":0.4358740894901145,"Sigma":0.14545187719244562,"Taucorr":0.17272186918625765},"Iteration":48},
{"Acceptance":[0.012670805268803967],"Energy":{"Mean":-775.8377016129032,"Sigma":0.026972712264482144,"Taucorr":0.6285570065906594},"EnergyVariance":{"Mean":0.31942536257804377,"Sigma":0.11396551340688936,"Taucorr":0.3670436643284277},"Iteration":49} 
]}