{"Output": [
{"Acceptance":[0.7270400167171664],"Energy":{"Mean":-165.7459677419355,"Sigma":0.2571750200931984,"Taucorr":0.011625433768321924},"EnergyVariance":{"Mean":64.05441922476587,"Sigma":3.18902418954617,"Taucorr":0.09620223294220875},"Iteration":0},
{"Acceptance":[0.6504544979625954],"Energy":{"Mean":-170.34274193548387,"Sigma":0.3360997556737602,"Taucorr":0.3099576212782671},"EnergyVariance":{"Mean":69.10631828824141,"Sigma":2.6339169620586484,"Taucorr":-0.023626914980489522},"Iteration":1},
{"Acceptance":[0.5656845331382997],"Energy":{"Mean":-175.61995967741933,"Sigma":0.355626626287789,"Taucorr":0.4336882099483529},"EnergyVariance":{"Mean":67.11665806289022,"Sigma":2.5521509704944747,"Taucorr":-0.0770329101359678},"Iteration":2},
{"Acceptance":[0.5033260195730157],"Energy":{"Mean":-178.9637096774193,"Sigma":0.296832010095455,"Taucorr":0.24538479780562739},"EnergyVariance":{"Mean":58.57126365764828,"Sigma":3.1156381078629765,"Taucorr":0.17642168473537867},"Iteration":3},
{"Acceptance":[0.44204715634033365],"Energy":{"Mean":-183.3608870967742,"Sigma":0.32155509441114893,"Taucorr":0.4715342911777799},"EnergyVariance":{"Mean":52.73467985822061,"Sigma":2.596573142302251,"Taucorr":0.09717772417915727},"Iteration":4},
{"Acceptance":[0.39219169017518196],"Energy":{"Mean":-186.789314516129,"Sigma":0.24757716999592447,"Taucorr":0.18581307272650782},"EnergyVariance":{"Mean":44.28524872366025,"Sigma":2.518168794052794,"Taucorr":0.2759539608236363},"Iteration":5},
{"Acceptance":[0.3512172186814335],"Energy":{"Mean":-189.47580645161293,"Sigma":0.41102883449164374,"Taucorr":1.4815680541978116},"EnergyVariance":{"Mean":42.24538241415194,"Sigma":2.362554650661527,"Taucorr":0.3541316331190387},"Iteration":6},
{"Acceptance":[0.3118970501166719],"Energy":{"Mean":-192.2157258064516,"Sigma":0.27853888513377234,"Taucorr":0.8229551016927332},"EnergyVariance":{"Mean":29.05830108610822,"Sigma":1.3268541887208953,"Taucorr":0.008222228649470642},"Iteration":7},
{"Acceptance":[0.2831818340124682],"Energy":{"Mean":-193.9959677419355,"Sigma":0.27721395403081656,"Taucorr":0.9002584836013989},"EnergyVariance":{"Mean":27.193532127991674,"Sigma":1.3707848937013623,"Taucorr":0.20700477923905747},"Iteration":8},
{"Acceptance":[0.25155852749625607],"Energy":{"Mean":-195.84173387096774,"Sigma":0.24943204758470064,"Taucorr":0.6721500806247305},"EnergyVariance":{"Mean":26.30055667111082,"Sigma":1.464335218296964,"Taucorr":0.10495156573753084},"Iteration":9},
{"Acceptance":[0.22989586598404904],"Energy":{"Mean":-197.30342741935482,"Sigma":0.2844323894457172,"Taucorr":1.3902351119066974},"EnergyVariance":{"Mean":21.207326962473992,"Sigma":1.3049845814895749,"Taucorr":0.25713598953918304},"Iteration":10},
{"Acceptance":[0.21133284574931216],"Energy":{"Mean":-198.30544354838705,"Sigma":0.2630047856973098,"Taucorr":1.2295508995531212},"EnergyVariance":{"Mean":19.816986496813207,"Sigma":1.213987155509863,"Taucorr":0.27771592868157935},"Iteration":11},
{"Acceptance":[0.1924912060739038],"Energy":{"Mean":-199.3729838709678,"Sigma":0.25143629533066114,"Taucorr":1.615385838800929},"EnergyVariance":{"Mean":14.808463677159214,"Sigma":0.8275657900496706,"Taucorr":0.2251527559229598},"Iteration":12},
{"Acceptance":[0.1690871730575001],"Energy":{"Mean":-201.39818548387095,"Sigma":0.2381118663207717,"Taucorr":1.563477664637881},"EnergyVariance":{"Mean":13.614633804305413,"Sigma":1.2475181106461004,"Taucorr":1.2127768510313586},"Iteration":13},
{"Acceptance":[0.15590499077073103],"Energy":{"Mean":-202.02923387096772,"Sigma":0.16380226406175918,"Taucorr":0.7320911984053395},"EnergyVariance":{"Mean":10.79047602594953,"Sigma":0.7029276882877514,"Taucorr":0.21944949472652764},"Iteration":14},
{"Acceptance":[0.1409117821195974],"Energy":{"Mean":-202.58064516129033,"Sigma":0.16602978655474296,"Taucorr":0.8056674672214381},"EnergyVariance":{"Mean":10.461238293444328,"Sigma":1.1259058214518731,"Taucorr":0.6178290081815916},"Iteration":15},
{"Acceptance":[0.1308118273952565],"Energy":{"Mean":-203.43951612903226,"Sigma":0.13069145975395058,"Taucorr":0.7451942448294593},"EnergyVariance":{"Mean":6.796744927159208,"Sigma":0.44244377198888385,"Taucorr":0.07812879999078826},"Iteration":16},
{"Acceptance":[0.11938843032772611],"Energy":{"Mean":-203.75907258064518,"Sigma":0.12640501990930905,"Taucorr":0.8112917388075171},"EnergyVariance":{"Mean":6.037720107635274,"Sigma":0.3875170102289137,"Taucorr":0.2336462117804996},"Iteration":17},
{"Acceptance":[0.11073381395186849],"Energy":{"Mean":-204.08669354838707,"Sigma":0.10743243920360496,"Taucorr":0.4807471348497536},"EnergyVariance":{"Mean":5.831193906087409,"Sigma":0.528415983551739,"Taucorr":0.3737826659777861},"Iteration":18},
{"Acceptance":[0.1050743565632292],"Energy":{"Mean":-204.5846774193548,"Sigma":0.055792523434381,"Taucorr":-0.1200399932710256},"EnergyVariance":{"Mean":4.05936199271592,"Sigma":0.22559727744367924,"Taucorr":-0.0192245182676003},"Iteration":19},
{"Acceptance":[0.09534008985476962],"Energy":{"Mean":-204.9737903225807,"Sigma":0.07254750214011896,"Taucorr":0.18127621712404673},"EnergyVariance":{"Mean":3.8279420850676384,"Sigma":0.32961626477743733,"Taucorr":0.10020028959201632},"Iteration":20},
{"Acceptance":[0.09070804165360638],"Energy":{"Mean":-204.9747983870967,"Sigma":0.0925144767946065,"Taucorr":0.5931956860313436},"EnergyVariance":{"Mean":3.8794052012877205,"Sigma":0.32186593347104553,"Taucorr":0.23161469520119493},"Iteration":21},
{"Acceptance":[0.08436944937833037],"Energy":{"Mean":-205.28931451612905,"Sigma":0.08823338657456607,"Taucorr":0.6402591896935164},"EnergyVariance":{"Mean":3.3830309817247657,"Sigma":0.6008286194231035,"Taucorr":0.8624794321470277},"Iteration":22},
{"Acceptance":[0.07862292341448125],"Energy":{"Mean":-205.4022177419355,"Sigma":0.05972927582052967,"Taucorr":0.19794491152820937},"EnergyVariance":{"Mean":2.5327773396852242,"Sigma":0.3143684953273337,"Taucorr":0.41570597091467343},"Iteration":23},
{"Acceptance":[0.07609793473339602],"Energy":{"Mean":-205.51209677419354,"Sigma":0.06127285581616197,"Taucorr":0.3253686557545724},"EnergyVariance":{"Mean":2.253885926118626,"Sigma":0.2832764246140867,"Taucorr":0.6024032937459327},"Iteration":24},
{"Acceptance":[0.07259777800996065],"Energy":{"Mean":-205.68145161290317,"Sigma":0.05403764918538697,"Taucorr":0.25808850568342423},"EnergyVariance":{"Mean":1.9086075702393341,"Sigma":0.1571559113000446,"Taucorr":0.0612140778537037},"Iteration":25},
{"Acceptance":[0.06981158360324592],"Energy":{"Mean":-205.6602822580645,"Sigma":0.080449190655606,"Taucorr":0.7929229703599905},"EnergyVariance":{"Mean":2.4803579848465143,"Sigma":0.346043509435648,"Taucorr":0.64539136195998},"Iteration":26},
{"Acceptance":[0.0628460975864591],"Energy":{"Mean":-205.86995967741936,"Sigma":0.06846680391849648,"Taucorr":0.7742745820369672},"EnergyVariance":{"Mean":1.8228072564386055,"Sigma":0.14521831120478162,"Taucorr":-0.013412027878611732},"Iteration":27},
{"Acceptance":[0.06244558214049385],"Energy":{"Mean":-205.81754032258064,"Sigma":0.06081562243669154,"Taucorr":0.43230206138935845},"EnergyVariance":{"Mean":1.9657004015998958,"Sigma":0.24979363882914501,"Taucorr":0.3829090931886423},"Iteration":28},
{"Acceptance":[0.05906732142235224],"Energy":{"Mean":-206.03125,"Sigma":0.06775613490455426,"Taucorr":1.045576221970095},"EnergyVariance":{"Mean":1.471805695564516,"Sigma":0.23952685021711562,"Taucorr":0.6330437679789147},"Iteration":29},
{"Acceptance":[0.0526939017169923],"Energy":{"Mean":-206.11491935483872,"Sigma":0.06677872643827182,"Taucorr":1.0045342977841594},"EnergyVariance":{"Mean":1.468648380593132,"Sigma":0.19125016921325547,"Taucorr":0.49218598344772224},"Iteration":30},
{"Acceptance":[0.052868038867411975],"Energy":{"Mean":-206.14213709677418,"Sigma":0.0601339564660175,"Taucorr":0.7473623197428816},"EnergyVariance":{"Mean":1.436450271527055,"Sigma":0.19319688614245037,"Taucorr":0.41535483932267925},"Iteration":31},
{"Acceptance":[0.04753944206457006],"Energy":{"Mean":-206.30443548387098,"Sigma":0.04799770515311378,"Taucorr":0.5602308349598328},"EnergyVariance":{"Mean":1.0766738748699272,"Sigma":0.12272152546028978,"Taucorr":0.05757711130053289},"Iteration":32},
{"Acceptance":[0.05023856789607495],"Energy":{"Mean":-206.3034274193549,"Sigma":0.05469001623218814,"Taucorr":0.6140550088317172},"EnergyVariance":{"Mean":1.3303108334417273,"Sigma":0.26868507633405003,"Taucorr":0.9740146086454502},"Iteration":33},
{"Acceptance":[0.0479399575105353],"Energy":{"Mean":-206.35584677419357,"Sigma":0.03794752615900739,"Taucorr":0.15333964816226353},"EnergyVariance":{"Mean":1.0921230732960459,"Sigma":0.1911807847593486,"Taucorr":0.11732669493528025},"Iteration":34},
{"Acceptance":[0.046041862570960886],"Energy":{"Mean":-206.36592741935485,"Sigma":0.03666732195201459,"Taucorr":0.21820169360364217},"EnergyVariance":{"Mean":0.9275890592481789,"Sigma":0.12975449309526113,"Taucorr":0.12182494877356176},"Iteration":35},
{"Acceptance":[0.042733256712987146],"Energy":{"Mean":-206.38508064516128,"Sigma":0.04597334195279295,"Taucorr":0.39182396141609166},"EnergyVariance":{"Mean":1.1742935418834548,"Sigma":0.16651887571878057,"Taucorr":0.07303912990444739},"Iteration":36},
{"Acceptance":[0.041270504649461914],"Energy":{"Mean":-206.58366935483875,"Sigma":0.04406060767628266,"Taucorr":0.7842071275560738},"EnergyVariance":{"Mean":0.7490478261576485,"Sigma":0.1479422153708932,"Taucorr":0.6782828057481511},"Iteration":37},
{"Acceptance":[0.039546546860307175],"Energy":{"Mean":-206.52520161290323,"Sigma":0.048138643045002864,"Taucorr":0.7525711815273664},"EnergyVariance":{"Mean":0.9167035883844954,"Sigma":0.25693094965301655,"Taucorr":0.9201678490188527},"Iteration":38},
{"Acceptance":[0.04238498241214781],"Energy":{"Mean":-206.53729838709677,"Sigma":0.05035616082177983,"Taucorr":1.142995181278948},"EnergyVariance":{"Mean":0.7647378625780438,"Sigma":0.1130233412681676,"Taucorr":0.36021453659226765},"Iteration":39},
{"Acceptance":[0.03994706230627242],"Energy":{"Mean":-206.6189516129032,"Sigma":0.03802332408725546,"Taucorr":0.5181755201864084},"EnergyVariance":{"Mean":0.7035924492715921,"Sigma":0.16560115858293606,"Taucorr":0.707311453422794},"Iteration":40},
{"Acceptance":[0.0359941489917459],"Energy":{"Mean":-206.66330645161284,"Sigma":0.03210227839550455,"Taucorr":0.40207568892433965},"EnergyVariance":{"Mean":0.5660729383454733,"Sigma":0.0937241060926134,"Taucorr":0.2187934666359096},"Iteration":41},
{"Acceptance":[0.03576777069620033],"Energy":{"Mean":-206.7066532258065,"Sigma":0.0386602927590076,"Taucorr":0.9137945483714254},"EnergyVariance":{"Mean":0.5238267023283039,"Sigma":0.12956987927266825,"Taucorr":1.0652199946603278},"Iteration":42},
{"Acceptance":[0.037578797060564904],"Energy":{"Mean":-206.66431451612905,"Sigma":0.03201246390277456,"Taucorr":0.42389870359571147},"EnergyVariance":{"Mean":0.5496136430150885,"Sigma":0.11773754890850985,"Taucorr":0.21019180475970356},"Iteration":43},
{"Acceptance":[0.03439208720788493],"Energy":{"Mean":-206.69858870967744,"Sigma":0.03551383296368467,"Taucorr":0.4583585656708532},"EnergyVariance":{"Mean":0.6520947824531738,"Sigma":0.12796115567150404,"Taucorr":0.02077163722686659},"Iteration":44},
{"Acceptance":[0.03137951450562463],"Energy":{"Mean":-206.7318548387097,"Sigma":0.04077783990986092,"Taucorr":1.0061396436895673},"EnergyVariance":{"Mean":0.5470497853798127,"Sigma":0.20371217263502478,"Taucorr":0.6716255986749464},"Iteration":45},
{"Acceptance":[0.03423536377250723],"Energy":{"Mean":-206.8054435483871,"Sigma":0.026033318988121282,"Taucorr":0.5696094519553137},"EnergyVariance":{"Mean":0.31396230326482827,"Sigma":0.05668356692439859,"Taucorr":0.027552497624910854},"Iteration":46},
{"Acceptance":[0.02601609027269878],"Energy":{"Mean":-206.78326612903223,"Sigma":0.02612294375167375,"Taucorr":0.6316655953509052},"EnergyVariance":{"Mean":0.2987925582075963,"Sigma":0.06325912083138144,"Taucorr":0.8836330407976829},"Iteration":47},
{"Acceptance":[0.035854839271410165],"Energy":{"Mean":-206.7993951612903,"Sigma":0.029973042938330384,"Taucorr":0.8583986347431294},"EnergyVariance":{"Mean":0.32770124707336107,"Sigma":0.07027749328492879,"Taucorr":0.44614529541313097},"Iteration":48},
{"Acceptance":[0.025476265106397798],"Energy":{"Mean":-206.72479838709677,"Sigma":0.045745104355481916,"Taucorr":0.40555735517249913},"EnergyVariance":{"Mean":1.1450302012877211,"Sigma":0.31419996973575226,"Taucorr":0.34767373716436933},"Iteration":49} 
]}