{"Output": [
{"Acceptance":[0.6078381372773156],"Energy":{"Mean":-664.8175403225806,"Sigma":1.019729451132809,"Taucorr":1.0819045200307869},"EnergyVariance":{"Mean":325.7116681435354,"Sigma":15.68260613775079,"Taucorr":0.13964895235884545},"Iteration":0},
{"Acceptance":[0.4955858818563917],"Energy":{"Mean":-682.9627016129033,"Sigma":0.8541688213258479,"Taucorr":0.6630601081880876},"EnergyVariance":{"Mean":310.83429431419086,"Sigma":15.966833773881156,"Taucorr":0.2421453766206597},"Iteration":1},
{"Acceptance":[0.411568155039305],"Energy":{"Mean":-699.539314516129,"Sigma":0.7469555814016415,"Taucorr":0.8274102836163058},"EnergyVariance":{"Mean":208.2706317881764,"Sigma":10.915036766016646,"Taucorr":0.2530363010498248},"Iteration":2},
{"Acceptance":[0.34448586954610205],"Energy":{"Mean":-712.5342741935485,"Sigma":0.6633787076211503,"Taucorr":0.7237766742757494},"EnergyVariance":{"Mean":178.1822930215921,"Sigma":8.154892122007732,"Taucorr":-0.10484877701140444},"Iteration":3},
{"Acceptance":[0.2967659110493643],"Energy":{"Mean":-721.8840725806451,"Sigma":0.6842960435077983,"Taucorr":1.2444351724035003},"EnergyVariance":{"Mean":133.0077301882805,"Sigma":6.657031523602753,"Taucorr":0.05071791678357329},"Iteration":4},
{"Acceptance":[0.25271266025359196],"Energy":{"Mean":-729.9334677419355,"Sigma":0.5443470603785173,"Taucorr":0.9655514574759394},"EnergyVariance":{"Mean":100.18307345863685,"Sigma":4.803168120846135,"Taucorr":0.02464328549283057},"Iteration":5},
{"Acceptance":[0.21929022387141023],"Energy":{"Mean":-735.8719758064518,"Sigma":0.4874934407271434,"Taucorr":1.2114837795246127},"EnergyVariance":{"Mean":68.80316625747919,"Sigma":3.357720079296025,"Taucorr":0.06304987657201044},"Iteration":6},
{"Acceptance":[0.19277034275363594],"Energy":{"Mean":-741.1622983870967,"Sigma":0.3657386246879368,"Taucorr":0.5672194777235602},"EnergyVariance":{"Mean":62.1057156851587,"Sigma":3.398373852396429,"Taucorr":0.296524759685284},"Iteration":7},
{"Acceptance":[0.1721066422805691],"Energy":{"Mean":-744.5493951612904,"Sigma":0.4549555723574636,"Taucorr":1.2022098800585612},"EnergyVariance":{"Mean":60.25159237610562,"Sigma":3.7616744034191445,"Taucorr":0.25397291068600625},"Iteration":8},
{"Acceptance":[0.15085380651741906],"Energy":{"Mean":-747.9445564516128,"Sigma":0.32663499278149216,"Taucorr":0.6452770937664591},"EnergyVariance":{"Mean":46.15922440003903,"Sigma":3.3385799627224415,"Taucorr":0.3591848911150073},"Iteration":9},
{"Acceptance":[0.13486801610889332],"Energy":{"Mean":-750.5191532258063,"Sigma":0.2523648125483346,"Taucorr":0.5065368907517227},"EnergyVariance":{"Mean":31.35245573458637,"Sigma":1.5922863585117437,"Taucorr":-0.058548020005030954},"Iteration":10},
{"Acceptance":[0.12139704201325995],"Energy":{"Mean":-752.3911290322582,"Sigma":0.257811719890243,"Taucorr":0.8838754215028441},"EnergyVariance":{"Mean":23.798630983350677,"Sigma":1.5013903367985106,"Taucorr":0.20001067183275612},"Iteration":11},
{"Acceptance":[0.10799641242987532],"Energy":{"Mean":-753.7933467741934,"Sigma":0.16832182224459527,"Taucorr":0.15043905374827993},"EnergyVariance":{"Mean":21.583302508779912,"Sigma":1.3947320690664229,"Taucorr":0.012655224419394706},"Iteration":12},
{"Acceptance":[0.09896593566994355],"Energy":{"Mean":-755.4899193548388,"Sigma":0.19633308404530395,"Taucorr":0.6423607864531686},"EnergyVariance":{"Mean":16.71965644510926,"Sigma":1.244703859368688,"Taucorr":0.2942155692162254},"Iteration":13},
{"Acceptance":[0.09018166470288237],"Energy":{"Mean":-756.1905241935484,"Sigma":0.1965787840212215,"Taucorr":0.6381474797557629},"EnergyVariance":{"Mean":16.823579563930796,"Sigma":0.9024329766856861,"Taucorr":0.0028150301657170473},"Iteration":14},
{"Acceptance":[0.08597858009602026],"Energy":{"Mean":-757.0524193548388,"Sigma":0.18951863130354862,"Taucorr":0.8473465806585008},"EnergyVariance":{"Mean":13.208945759625392,"Sigma":0.9403926592433123,"Taucorr":0.19229409258179242},"Iteration":15},
{"Acceptance":[0.07549724777095827],"Energy":{"Mean":-757.9647177419354,"Sigma":0.15738660482802228,"Taucorr":0.49867522788343},"EnergyVariance":{"Mean":12.29008580742716,"Sigma":0.8035704985487203,"Taucorr":0.2256391085739361},"Iteration":16},
{"Acceptance":[0.07025658160842728],"Energy":{"Mean":-758.6854838709678,"Sigma":0.11543490516320215,"Taucorr":0.18642974189026662},"EnergyVariance":{"Mean":9.618821540062434,"Sigma":0.6096118527044013,"Taucorr":0.11322384822909892},"Iteration":17},
{"Acceptance":[0.05718129539419306],"Energy":{"Mean":-759.3618951612904,"Sigma":0.15432806000224958,"Taucorr":0.7729026120778244},"EnergyVariance":{"Mean":9.271249634170136,"Sigma":0.6593362736531782,"Taucorr":0.24363917703237659},"Iteration":18},
{"Acceptance":[0.0590718041608779],"Energy":{"Mean":-760.0181451612904,"Sigma":0.13629862345084712,"Taucorr":0.5907519396646839},"EnergyVariance":{"Mean":8.439186882154008,"Sigma":0.6751108588964037,"Taucorr":0.19184583432692848},"Iteration":19},
{"Acceptance":[0.04663841162091342],"Energy":{"Mean":-760.4808467741937,"Sigma":0.17626914396046806,"Taucorr":1.278419818126713},"EnergyVariance":{"Mean":8.656891218457337,"Sigma":1.3205737864191807,"Taucorr":0.7077462102280743},"Iteration":20},
{"Acceptance":[0.03990292457309674],"Energy":{"Mean":-761.0030241935483,"Sigma":0.13135200560193425,"Taucorr":0.975666561129922},"EnergyVariance":{"Mean":5.79333762844693,"Sigma":0.6301910792510453,"Taucorr":0.3305451523830034},"Iteration":21},
{"Acceptance":[0.035330531276928756],"Energy":{"Mean":-761.5443548387096,"Sigma":0.09274522259251276,"Taucorr":0.4349819388514832},"EnergyVariance":{"Mean":4.558516519250781,"Sigma":0.5369226028249373,"Taucorr":0.1330550218139176},"Iteration":22},
{"Acceptance":[0.03445122487381953],"Energy":{"Mean":-761.6008064516129,"Sigma":0.09519175519275123,"Taucorr":0.5470435550263824},"EnergyVariance":{"Mean":4.288225156087409,"Sigma":0.34535105734160776,"Taucorr":0.12072467988910396},"Iteration":23},
{"Acceptance":[0.030564690572076746],"Energy":{"Mean":-761.9586693548384,"Sigma":0.08822647603488118,"Taucorr":0.3978639443067956},"EnergyVariance":{"Mean":4.295670810028615,"Sigma":0.6099647428817955,"Taucorr":0.4114107199320114},"Iteration":24},
{"Acceptance":[0.0285686650370188],"Energy":{"Mean":-762.1391129032257,"Sigma":0.09511593084705622,"Taucorr":0.7680914033823056},"EnergyVariance":{"Mean":3.5350830840270557,"Sigma":0.4138657005810603,"Taucorr":0.25410723511376976},"Iteration":25},
{"Acceptance":[0.025992297275908762],"Energy":{"Mean":-762.485887096774,"Sigma":0.06449827541946447,"Taucorr":0.3387895904837599},"EnergyVariance":{"Mean":2.45746211628512,"Sigma":0.21411609495536948,"Taucorr":0.13920743147903103},"Iteration":26},
{"Acceptance":[0.025200921513110458],"Energy":{"Mean":-762.5796370967741,"Sigma":0.0828299485786791,"Taucorr":1.0043571104689877},"EnergyVariance":{"Mean":2.259786965075442,"Sigma":0.3223467542836449,"Taucorr":0.35197724460663504},"Iteration":27},
{"Acceptance":[0.02149904155602061],"Energy":{"Mean":-762.6078629032257,"Sigma":0.10572926144465432,"Taucorr":1.086942276493412},"EnergyVariance":{"Mean":3.490381723139959,"Sigma":0.7698085681991038,"Taucorr":0.6057010628219215},"Iteration":28},
{"Acceptance":[0.01986353164623745],"Energy":{"Mean":-762.7701612903226,"Sigma":0.1081420365709261,"Taucorr":1.5059926599574265},"EnergyVariance":{"Mean":2.8887064255983343,"Sigma":0.8702909620383814,"Taucorr":1.5427886984538732},"Iteration":29},
{"Acceptance":[0.01856215816963579],"Energy":{"Mean":-763.03125,"Sigma":0.07629923053770042,"Taucorr":1.1203068320563472},"EnergyVariance":{"Mean":1.7802734374999996,"Sigma":0.3104484172428089,"Taucorr":0.10966280163811137},"Iteration":30},
{"Acceptance":[0.01735750839737615],"Energy":{"Mean":-763.0030241935484,"Sigma":0.08167479470867213,"Taucorr":1.0786899148616935},"EnergyVariance":{"Mean":2.0937408542533817,"Sigma":0.3343715432474554,"Taucorr":0.584611041345672},"Iteration":31},
{"Acceptance":[0.015598895591157695],"Energy":{"Mean":-763.1693548387096,"Sigma":0.06997884835406631,"Taucorr":1.390050737715269},"EnergyVariance":{"Mean":1.2838189386056194,"Sigma":0.1870131922789676,"Taucorr":0.8464200740528309},"Iteration":32},
{"Acceptance":[0.014051316321685454],"Energy":{"Mean":-763.2197580645163,"Sigma":0.06024988342007957,"Taucorr":0.6109567021749245},"EnergyVariance":{"Mean":1.6190451027575443,"Sigma":0.18663193579623194,"Taucorr":-0.11100572223362676},"Iteration":33},
{"Acceptance":[0.011853050313912386],"Energy":{"Mean":-763.4455645161289,"Sigma":0.042200073841452884,"Taucorr":0.3473366731853489},"EnergyVariance":{"Mean":1.0413916168054111,"Sigma":0.1929015155372242,"Taucorr":0.2321336383536987},"Iteration":34},
{"Acceptance":[0.012046497722596416],"Energy":{"Mean":-763.3911290322579,"Sigma":0.06642372623835396,"Taucorr":1.2743717751618646},"EnergyVariance":{"Mean":1.2320987252861606,"Sigma":0.27624526094190394,"Taucorr":0.6836220797694275},"Iteration":35},
{"Acceptance":[0.010929778590647697],"Energy":{"Mean":-763.4112903225807,"Sigma":0.06880338796748454,"Taucorr":1.265207634878692},"EnergyVariance":{"Mean":1.328824141519251,"Sigma":0.25523100948851857,"Taucorr":0.520390828769415},"Iteration":36},
{"Acceptance":[0.009795473330636793],"Energy":{"Mean":-763.5272177419355,"Sigma":0.0447547344494004,"Taucorr":0.573342733354739},"EnergyVariance":{"Mean":0.9246624203303851,"Sigma":0.17978988641874,"Taucorr":-0.012988314296143777},"Iteration":37},
{"Acceptance":[0.008327031637444384],"Energy":{"Mean":-763.5030241935483,"Sigma":0.05913940310238385,"Taucorr":0.577156450270534},"EnergyVariance":{"Mean":1.608861821995317,"Sigma":0.43845108958985196,"Taucorr":0.5349609650571201},"Iteration":38},
{"Acceptance":[0.008810650159154458],"Energy":{"Mean":-763.4798387096774,"Sigma":0.06149303718385871,"Taucorr":1.2121376367491778},"EnergyVariance":{"Mean":1.0943515868886573,"Sigma":0.23841632406472577,"Taucorr":0.46023703412681993},"Iteration":39},
{"Acceptance":[0.0072982431458065876],"Energy":{"Mean":-763.6300403225805,"Sigma":0.051524490597064335,"Taucorr":0.8834629539974521},"EnergyVariance":{"Mean":0.9508314499869928,"Sigma":0.24316857814188605,"Taucorr":0.12947246222879727},"Iteration":40},
{"Acceptance":[0.007122381865184742],"Energy":{"Mean":-763.6149193548387,"Sigma":0.050251114558729965,"Taucorr":0.8626251827848659},"EnergyVariance":{"Mean":0.9182451547866805,"Sigma":0.179815101939441,"Taucorr":0.20113764804283796},"Iteration":41},
{"Acceptance":[0.006243075462075515],"Energy":{"Mean":-763.6582661290321,"Sigma":0.06440209596314797,"Taucorr":1.0888289900568968},"EnergyVariance":{"Mean":1.293500219497919,"Sigma":0.5649649679913313,"Taucorr":0.8391369182230719},"Iteration":42},
{"Acceptance":[0.005117563266095704],"Energy":{"Mean":-763.7570564516128,"Sigma":0.03794841877944256,"Taucorr":0.5019842589197443},"EnergyVariance":{"Mean":0.7121477871357959,"Sigma":0.2581887056473335,"Taucorr":0.09234012363005273},"Iteration":43},
{"Acceptance":[0.005117563266095704],"Energy":{"Mean":-763.7318548387098,"Sigma":0.03981365663432277,"Taucorr":0.6280977735223174},"EnergyVariance":{"Mean":0.6962433337669094,"Sigma":0.19357147738087696,"Taucorr":0.06836237105608278},"Iteration":44},
{"Acceptance":[0.004836185217100751],"Energy":{"Mean":-763.7338709677421,"Sigma":0.054337077519954154,"Taucorr":1.6733978462157046},"EnergyVariance":{"Mean":0.6731269510926119,"Sigma":0.19940264006972883,"Taucorr":0.5720018473262538},"Iteration":45},
{"Acceptance":[0.004414118143608322],"Energy":{"Mean":-763.7933467741934,"Sigma":0.031239158716067215,"Taucorr":0.2855458210827674},"EnergyVariance":{"Mean":0.6155605732960459,"Sigma":0.17666188514043488,"Taucorr":-0.03739569810955273},"Iteration":46},
{"Acceptance":[0.004906529729349489],"Energy":{"Mean":-763.766129032258,"Sigma":0.04840949302476771,"Taucorr":0.9849065757374211},"EnergyVariance":{"Mean":0.7819979188345473,"Sigma":0.3099206891252418,"Taucorr":0.5018847383396174},"Iteration":47},
{"Acceptance":[0.00351722561243691],"Energy":{"Mean":-763.8245967741935,"Sigma":0.04423401186988198,"Taucorr":1.9318884096834803},"EnergyVariance":{"Mean":0.39866919224765857,"Sigma":0.12621664069807967,"Taucorr":0.4485344228388065},"Iteration":48},
{"Acceptance":[0.0031830891792554035],"Energy":{"Mean":-763.8175403225806,"Sigma":0.03435809622851826,"Taucorr":0.5474263767045007},"EnergyVariance":{"Mean":0.5584423370837669,"Sigma":0.13467843649645816,"Taucorr":0.14617754680162853},"Iteration":49} 
]}