{"Output": [
{"Acceptance":[0.8275408670931059],"Energy":{"Mean":-2494.2096774193546,"Sigma":2.9102409272422656,"Taucorr":0.04210138078414394},"EnergyVariance":{"Mean":960.8431321540063,"Sigma":143.8328420656064,"Taucorr":0.22185020268128208},"Iteration":0},
{"Acceptance":[0.7393745557924662],"Energy":{"Mean":-2498.7903225806444,"Sigma":3.6574437422487156,"Taucorr":0.07568133258842591},"EnergyVariance":{"Mean":1429.0528095733612,"Sigma":303.7403049807369,"Taucorr":-0.022056604820919035},"Iteration":1},
{"Acceptance":[0.3861407249466951],"Energy":{"Mean":-2546.588709677418,"Sigma":2.705518762171008,"Taucorr":0.17948462189150183},"EnergyVariance":{"Mean":662.5163241415191,"Sigma":74.87675549469395,"Taucorr":-0.05861966354329656},"Iteration":2},
{"Acceptance":[0.27594171997157074],"Energy":{"Mean":-2586.040322580645,"Sigma":1.9679589603570669,"Taucorr":-0.09140418118039312},"EnergyVariance":{"Mean":582.9257934443289,"Sigma":71.76243585478475,"Taucorr":0.07373302193075859},"Iteration":3},
{"Acceptance":[0.20028429282160626],"Energy":{"Mean":-2624.1612903225805,"Sigma":1.9857201365326573,"Taucorr":0.27831339057743276},"EnergyVariance":{"Mean":311.5707596253902,"Sigma":43.723751376924,"Taucorr":0.14391967424991137},"Iteration":4},
{"Acceptance":[0.15636105188343993],"Energy":{"Mean":-2651.7016129032263,"Sigma":1.7187462357666912,"Taucorr":0.27235021193990994},"EnergyVariance":{"Mean":235.2254812695109,"Sigma":27.827399885306786,"Taucorr":-0.07153425574159417},"Iteration":5},
{"Acceptance":[0.12157071783937455],"Energy":{"Mean":-2674.2499999999995,"Sigma":1.327996712652989,"Taucorr":0.16058548325697997},"EnergyVariance":{"Mean":164.1875,"Sigma":16.60256996073417,"Taucorr":-0.16020957262205},"Iteration":6},
{"Acceptance":[0.09925373134328358],"Energy":{"Mean":-2695.3467741935488,"Sigma":1.1930397056094164,"Taucorr":0.07693038033011579},"EnergyVariance":{"Mean":151.72652185223725,"Sigma":17.194808531938005,"Taucorr":-0.10766079851287064},"Iteration":7},
{"Acceptance":[0.07590618336886994],"Energy":{"Mean":-2711.129032258065,"Sigma":1.1993429522741206,"Taucorr":0.15930161542995025},"EnergyVariance":{"Mean":134.17689906347553,"Sigma":19.88318941482798,"Taucorr":-0.03702970619625845},"Iteration":8},
{"Acceptance":[0.05277185501066098],"Energy":{"Mean":-2727.048387096774,"Sigma":1.080709354536975,"Taucorr":0.3887360665394285},"EnergyVariance":{"Mean":80.82023933402705,"Sigma":14.726370862774406,"Taucorr":0.15670593876833405},"Iteration":9},
{"Acceptance":[0.03742004264392324],"Energy":{"Mean":-2732.370967741935,"Sigma":0.8373722794396331,"Taucorr":0.09197729813121824},"EnergyVariance":{"Mean":72.84625390218524,"Sigma":8.976425004700591,"Taucorr":0.10739138352669741},"Iteration":10},
{"Acceptance":[0.024733475479744138],"Energy":{"Mean":-2741.2580645161293,"Sigma":0.7971289097667894,"Taucorr":0.3990543565434981},"EnergyVariance":{"Mean":43.46566077003123,"Sigma":6.859972755223059,"Taucorr":0.012533267619222799},"Iteration":11},
{"Acceptance":[0.018834399431414357],"Energy":{"Mean":-2746.403225806452,"Sigma":0.4225939832090073,"Taucorr":-0.002202249708202153},"EnergyVariance":{"Mean":22.06321540062435,"Sigma":3.5270791583461514,"Taucorr":0.06888439915792444},"Iteration":12},
{"Acceptance":[0.017199715707178393],"Energy":{"Mean":-2750.7903225806454,"Sigma":0.5060250926395298,"Taucorr":-0.01886142351867115},"EnergyVariance":{"Mean":32.73022892819979,"Sigma":3.0414486661577333,"Taucorr":-0.06597988917437159},"Iteration":13},
{"Acceptance":[0.018976545842217484],"Energy":{"Mean":-2750.2983870967746,"Sigma":0.6416774215170625,"Taucorr":0.32589114696794386},"EnergyVariance":{"Mean":30.66096514047867,"Sigma":4.009054819069373,"Taucorr":0.3009094138270618},"Iteration":14},
{"Acceptance":[0.012117981520966596],"Energy":{"Mean":-2754.9435483870966,"Sigma":0.43913246547457524,"Taucorr":0.4199130290020915},"EnergyVariance":{"Mean":12.891974505723203,"Sigma":3.055801962005884,"Taucorr":0.36397150593191807},"Iteration":15},
{"Acceptance":[0.009523809523809525],"Energy":{"Mean":-2756.3145161290327,"Sigma":0.23588307596977537,"Taucorr":0.3753606069176658},"EnergyVariance":{"Mean":3.909144120707596,"Sigma":1.3700879751468924,"Taucorr":0.23019066908897468},"Iteration":16},
{"Acceptance":[0.008031272210376687],"Energy":{"Mean":-2756.693548387096,"Sigma":0.09033218074940957,"Taucorr":0.10795776867310225},"EnergyVariance":{"Mean":0.8254422476586887,"Sigma":0.31372295048649956,"Taucorr":0.3142208849727489},"Iteration":17},
{"Acceptance":[0.00824449182658138],"Energy":{"Mean":-2756.766129032258,"Sigma":0.1447724780915484,"Taucorr":0.14392605347810272},"EnergyVariance":{"Mean":2.001755983350676,"Sigma":0.9038857187640195,"Taucorr":0.07584901427719437},"Iteration":18},
{"Acceptance":[0.007711442786069652],"Energy":{"Mean":-2757.016129032258,"Sigma":0.0741760147585085,"Taucorr":0.2496974063402243},"EnergyVariance":{"Mean":0.4513527575442248,"Sigma":0.10535302715557215,"Taucorr":0.07046807777066977},"Iteration":19},
{"Acceptance":[0.005863539445628998],"Energy":{"Mean":-2757.2258064516127,"Sigma":0.14215830506001118,"Taucorr":0.5028390008396009},"EnergyVariance":{"Mean":1.239334027055151,"Sigma":0.5626807968572526,"Taucorr":0.66261725481773},"Iteration":20},
{"Acceptance":[0.005152807391613362],"Energy":{"Mean":-2756.9838709677415,"Sigma":0.054298413647098025,"Taucorr":0.20332996972737527},"EnergyVariance":{"Mean":0.2578043704474506,"Sigma":0.07504109500747352,"Taucorr":0.0015861253725507618},"Iteration":21},
{"Acceptance":[0.0048685145700071075],"Energy":{"Mean":-2757.266129032258,"Sigma":0.11819400619716798,"Taucorr":0.026827517447639226},"EnergyVariance":{"Mean":1.6307882414151926,"Sigma":0.6018470858773489,"Taucorr":0.016599992468257385},"Iteration":22},
{"Acceptance":[0.005188343994314144],"Energy":{"Mean":-2757.370967741935,"Sigma":0.14474252619752898,"Taucorr":0.08968924872003381},"EnergyVariance":{"Mean":2.1849635796045788,"Sigma":0.5727548725287702,"Taucorr":0.09375389434891135},"Iteration":23},
{"Acceptance":[0.004619758351101635],"Energy":{"Mean":-2757.1693548387107,"Sigma":0.1026445327528726,"Taucorr":0.03763963088867284},"EnergyVariance":{"Mean":1.205189906347555,"Sigma":0.5097792964666424,"Taucorr":0.10100925520620552},"Iteration":24},
{"Acceptance":[0.004797441364605544],"Energy":{"Mean":-2757.314516129032,"Sigma":0.12102149343420829,"Taucorr":0.30508050921338703},"EnergyVariance":{"Mean":1.118821540062435,"Sigma":0.3330588751551652,"Taucorr":0.1317892531118412},"Iteration":25},
{"Acceptance":[0.005366027007818052],"Energy":{"Mean":-2757.7258064516122,"Sigma":0.237412926514213,"Taucorr":0.7843373493976813},"EnergyVariance":{"Mean":2.6990114464099895,"Sigma":1.3863141778097074,"Taucorr":0.8877791581461112},"Iteration":26},
{"Acceptance":[0.007107320540156361],"Energy":{"Mean":-2758.0725806451615,"Sigma":0.17627932852416509,"Taucorr":0.27354621317815053},"EnergyVariance":{"Mean":2.4705385015608736,"Sigma":0.6170860461341795,"Taucorr":0.2992005012710365},"Iteration":27},
{"Acceptance":[0.008315565031982943],"Energy":{"Mean":-2758.4193548387107,"Sigma":0.17824830782883888,"Taucorr":0.2811148086522556},"EnergyVariance":{"Mean":2.50156087408949,"Sigma":0.7044536719855121,"Taucorr":0.46873505532370474},"Iteration":28},
{"Acceptance":[0.006254442075337598],"Energy":{"Mean":-2759.145161290322,"Sigma":0.1839581947411323,"Taucorr":0.34505387134253185},"EnergyVariance":{"Mean":2.4627991675338192,"Sigma":0.6394180184461875,"Taucorr":0.2242162412503722},"Iteration":29},
{"Acceptance":[0.007604832977967307],"Energy":{"Mean":-2759.9838709677424,"Sigma":0.3656882382810091,"Taucorr":0.4639319145043769},"EnergyVariance":{"Mean":8.531997918834547,"Sigma":2.8719351341920536,"Taucorr":0.4186324580339865},"Iteration":30},
{"Acceptance":[0.006645344705046198],"Energy":{"Mean":-2760.9193548387098,"Sigma":0.32758219373532765,"Taucorr":0.49411223010307503},"EnergyVariance":{"Mean":6.638657648283039,"Sigma":1.5675158207053015,"Taucorr":0.5626653970127078},"Iteration":31},
{"Acceptance":[0.007178393745557924],"Energy":{"Mean":-2761.814516129032,"Sigma":0.3778062992096665,"Taucorr":0.2771047434812154},"EnergyVariance":{"Mean":11.296240894901144,"Sigma":1.9993829411387918,"Taucorr":0.07502920355390041},"Iteration":32},
{"Acceptance":[0.007746979388770434],"Energy":{"Mean":-2764.0241935483873,"Sigma":0.3503751519991026,"Taucorr":0.011878546830273229},"EnergyVariance":{"Mean":14.749414672216442,"Sigma":1.7501613967041774,"Taucorr":0.012870002900196353},"Iteration":33},
{"Acceptance":[0.009488272921108742],"Energy":{"Mean":-2767.8064516129034,"Sigma":0.5239825878226405,"Taucorr":0.3310768245838669},"EnergyVariance":{"Mean":20.317377731529653,"Sigma":2.1580957474339173,"Taucorr":0.1604176511061759},"Iteration":34},
{"Acceptance":[0.00589907604832978],"Energy":{"Mean":-2770.5161290322585,"Sigma":0.44023690528891535,"Taucorr":0.29677065943240566},"EnergyVariance":{"Mean":14.959417273673255,"Sigma":2.0849419992534055,"Taucorr":0.3221442344615919},"Iteration":35},
{"Acceptance":[0.002594171997157072],"Energy":{"Mean":-2772.370967741936,"Sigma":0.3574985840527483,"Taucorr":0.3366495444853639},"EnergyVariance":{"Mean":9.394640998959417,"Sigma":1.677912547811033,"Taucorr":0.2417249035958674},"Iteration":36},
{"Acceptance":[0.0008173418621179816],"Energy":{"Mean":-2773.774193548387,"Sigma":0.1923799858778309,"Taucorr":0.621430402460899},"EnergyVariance":{"Mean":2.029656607700312,"Sigma":1.198947763870501,"Taucorr":0.5859359686947863},"Iteration":37},
{"Acceptance":[0.0011016346837242359],"Energy":{"Mean":-2773.8870967741937,"Sigma":0.11641988666204707,"Taucorr":0.2925179322284811},"EnergyVariance":{"Mean":1.0517689906347552,"Sigma":0.6643995896253789,"Taucorr":0.23846443223505953},"Iteration":38},
{"Acceptance":[0.0004975124378109452],"Energy":{"Mean":-2774.008064516129,"Sigma":0.008064516129034083,"Taucorr":1.729727472365994e-13},"EnergyVariance":{"Mean":0.007999479708636839,"Sigma":0.007934443288245203,"Taucorr":2.220446049250313e-16},"Iteration":39},
{"Acceptance":[0.0012082444918265814],"Energy":{"Mean":-2774.016129032258,"Sigma":0.05176389205123569,"Taucorr":0.011259079903228497},"EnergyVariance":{"Mean":0.32232049947970864,"Sigma":0.20593458155109595,"Taucorr":-0.01703081283042107},"Iteration":40},
{"Acceptance":[0.0009239516702203269],"Energy":{"Mean":-2774.032258064516,"Sigma":0.03972678107938469,"Taucorr":0.36767441860481187},"EnergyVariance":{"Mean":0.11186264308012488,"Sigma":0.07070847041966435,"Taucorr":0.30701844506163845},"Iteration":41},
{"Acceptance":[0.0006396588486140725],"Energy":{"Mean":-2773.9677419354844,"Sigma":0.0721612734989905,"Taucorr":1.1635472972975949},"EnergyVariance":{"Mean":0.19250780437044746,"Sigma":0.12953853144887773,"Taucorr":1.1680623388709592},"Iteration":42},
{"Acceptance":[0.0010660980810234541],"Energy":{"Mean":-2774.0645161290327,"Sigma":0.13368623087163564,"Taucorr":0.5861311053985423},"EnergyVariance":{"Mean":1.0119667013527576,"Sigma":0.6504044108278519,"Taucorr":0.5593078288631597},"Iteration":43},
{"Acceptance":[0.0005685856432125089],"Energy":{"Mean":-2774.0403225806454,"Sigma":0.030884745411495825,"Taucorr":-0.18093385214006646},"EnergyVariance":{"Mean":0.18385796045785635,"Sigma":0.10313346413192115,"Taucorr":0.5499174927909964},"Iteration":44},
{"Acceptance":[0.00042643923240938164],"Energy":{"Mean":-2774.048387096774,"Sigma":0.024372100982030073,"Taucorr":0.08755230125532298},"EnergyVariance":{"Mean":0.06217481789802289,"Sigma":0.03439987707287394,"Taucorr":0.02137868841331869},"Iteration":45},
{"Acceptance":[0.0007107320540156361],"Energy":{"Mean":-2773.983870967742,"Sigma":0.0305317653000179,"Taucorr":0.008949191686327906},"EnergyVariance":{"Mean":0.11264308012486997,"Sigma":0.07796978809727553,"Taucorr":-0.012804142432631171},"Iteration":46},
{"Acceptance":[0.0007107320540156361],"Energy":{"Mean":-2774.048387096774,"Sigma":0.0408566778321838,"Taucorr":0.218806921675884},"EnergyVariance":{"Mean":0.14281997918834546,"Sigma":0.07417768741315468,"Taucorr":0.1965869247829637},"Iteration":47},
{"Acceptance":[0.0006396588486140725],"Energy":{"Mean":-2773.9032258064517,"Sigma":0.09677419354839335,"Taucorr":0.1009771986971364},"EnergyVariance":{"Mean":0.9583766909469302,"Sigma":0.7916699765988382,"Taucorr":-0.001229592818123959},"Iteration":48},
{"Acceptance":[0.0007107320540156361],"Energy":{"Mean":-2774.064516129032,"Sigma":0.036602599090031794,"Taucorr":0.25771531100474443},"EnergyVariance":{"Mean":0.10874089490114468,"Sigma":0.06665136793013078,"Taucorr":0.30341419195115227},"Iteration":49},
{"Acceptance":[0.0009950248756218905],"Energy":{"Mean":-2773.9112903225805,"Sigma":0.059735513716958816,"Taucorr":-0.014279545127354298},"EnergyVariance":{"Mean":0.45180801248699276,"Sigma":0.26963838033924564,"Taucorr":-0.020026664321605048},"Iteration":50},
{"Acceptance":[0.0005685856432125089],"Energy":{"Mean":-2774.0322580645156,"Sigma":0.041383882576198405,"Taucorr":0.8231209150330816},"EnergyVariance":{"Mean":0.07960457856399583,"Sigma":0.07021919393689724,"Taucorr":0.7047320797696881},"Iteration":51},
{"Acceptance":[0.0004975124378109452],"Energy":{"Mean":-2774.104838709677,"Sigma":0.04887744376696668,"Taucorr":0.34200521803981165},"EnergyVariance":{"Mean":0.17449271592091567,"Sigma":0.08410374165591601,"Taucorr":0.36081309568252595},"Iteration":52},
{"Acceptance":[0.0007462686567164179],"Energy":{"Mean":-2774.1129032258063,"Sigma":0.06006124750009089,"Taucorr":0.5412698412700017},"EnergyVariance":{"Mean":0.21305931321540061,"Sigma":0.10656027782273751,"Taucorr":0.5412698412698405},"Iteration":53},
{"Acceptance":[0.0011016346837242359],"Energy":{"Mean":-2774.008064516129,"Sigma":0.04984366819472228,"Taucorr":0.40253553592020064},"EnergyVariance":{"Mean":0.169289802289282,"Sigma":0.0880963099179602,"Taucorr":0.266361542872794},"Iteration":54},
{"Acceptance":[0.0008528784648187633],"Energy":{"Mean":-2774.129032258065,"Sigma":0.04470778440965033,"Taucorr":0.009186422413898998},"EnergyVariance":{"Mean":0.24141519250780433,"Sigma":0.08645297666369585,"Taucorr":-0.03936717976013465},"Iteration":55},
{"Acceptance":[0.001279317697228145],"Energy":{"Mean":-2774.2096774193546,"Sigma":0.05571718885174068,"Taucorr":0.03142650253427193},"EnergyVariance":{"Mean":0.3592611862643081,"Sigma":0.086734510516377,"Taucorr":0.029862658655603336},"Iteration":56},
{"Acceptance":[0.0013148542999289268],"Energy":{"Mean":-2774.266129032258,"Sigma":0.07234130190389962,"Taucorr":0.20989814947637342},"EnergyVariance":{"Mean":0.45336888657648294,"Sigma":0.10654392819462155,"Taucorr":0.22172154218947981},"Iteration":57},
{"Acceptance":[0.0024520255863539446],"Energy":{"Mean":-2774.4354838709683,"Sigma":0.0976661404547675,"Taucorr":0.42683929305389823},"EnergyVariance":{"Mean":0.6329344432882416,"Sigma":0.10943555120517334,"Taucorr":0.4309335087892615},"Iteration":58},
{"Acceptance":[0.004442075337597726],"Energy":{"Mean":-2774.870967741935,"Sigma":0.1023060502722211,"Taucorr":0.17679157549230518},"EnergyVariance":{"Mean":0.951092611862643,"Sigma":0.026848076246218388,"Taucorr":-0.0202826568391698},"Iteration":59},
{"Acceptance":[0.004761904761904762],"Energy":{"Mean":-2775.2741935483873,"Sigma":0.07893344711766687,"Taucorr":-0.10627506014455657},"EnergyVariance":{"Mean":0.9732049947970862,"Sigma":0.05520975398496768,"Taucorr":0.04509431645358497},"Iteration":60},
{"Acceptance":[0.0019189765458422175],"Energy":{"Mean":-2775.5967741935488,"Sigma":0.09677419354837141,"Taucorr":0.3945454545452698},"EnergyVariance":{"Mean":0.6438605619146722,"Sigma":0.11550468262233946,"Taucorr":0.39454545454545453},"Iteration":61},
{"Acceptance":[0.0009594882729211088],"Energy":{"Mean":-2775.975806451613,"Sigma":0.05602759341984828,"Taucorr":0.03283073056911323},"EnergyVariance":{"Mean":0.3623178980228928,"Sigma":0.2878834769839438,"Taucorr":-0.0061139715159737595},"Iteration":62},
{"Acceptance":[0.00046197583511016347],"Energy":{"Mean":-2775.983870967742,"Sigma":0.04480465946236998,"Taucorr":-0.11696933010487198},"EnergyVariance":{"Mean":0.3223204994797085,"Sigma":0.29682139668848134,"Taucorr":0.027578859332164862},"Iteration":63},
{"Acceptance":[0.0009950248756218905],"Energy":{"Mean":-2776.008064516129,"Sigma":0.03376840590847438,"Taucorr":0.16933581626309258},"EnergyVariance":{"Mean":0.10477367325702394,"Sigma":0.04904472887769232,"Taucorr":0.009559254490185354},"Iteration":64},
{"Acceptance":[0.0007107320540156361],"Energy":{"Mean":-2776.0322580645166,"Sigma":0.04743690699952272,"Taucorr":0.581249999999895},"EnergyVariance":{"Mean":0.12799167533818936,"Sigma":0.07144540137805547,"Taucorr":0.495552500772631},"Iteration":65},
{"Acceptance":[0.0007107320540156361],"Energy":{"Mean":-2775.887096774193,"Sigma":0.17150453365485918,"Taucorr":1.2743301862720957},"EnergyVariance":{"Mean":1.0195109261186266,"Sigma":0.5945707341536073,"Taucorr":1.3058829321386634},"Iteration":66},
{"Acceptance":[0.0008528784648187633],"Energy":{"Mean":-2776.0645161290327,"Sigma":0.04632711811723162,"Taucorr":0.9252106741571322},"EnergyVariance":{"Mean":0.0926118626430801,"Sigma":0.04014090858892068,"Taucorr":0.8406950446817647},"Iteration":67},
{"Acceptance":[0.0009239516702203269],"Energy":{"Mean":-2776.0322580645166,"Sigma":0.07840988208158932,"Taucorr":0.5687132352942725},"EnergyVariance":{"Mean":0.35379812695109264,"Sigma":0.26182787714947436,"Taucorr":0.49822610779534016},"Iteration":68},
{"Acceptance":[0.0008528784648187633],"Energy":{"Mean":-2776.064516129032,"Sigma":0.025840031915480073,"Taucorr":0.18038793103449446},"EnergyVariance":{"Mean":0.06035379812695111,"Sigma":0.02250583424896895,"Taucorr":0.18038793103448236},"Iteration":69},
{"Acceptance":[0.0014214641080312722],"Energy":{"Mean":-2776.112903225807,"Sigma":0.03816825666513687,"Taucorr":0.2704697986571267},"EnergyVariance":{"Mean":0.11628511966701352,"Sigma":0.032238757607162244,"Taucorr":0.3649102757111934},"Iteration":70},
{"Acceptance":[0.001990049751243781],"Energy":{"Mean":-2776.201612903226,"Sigma":0.04552465189250394,"Taucorr":0.2918383838383053},"EnergyVariance":{"Mean":0.16096514047866803,"Sigma":0.027167937419718926,"Taucorr":0.2918383838383838},"Iteration":71},
{"Acceptance":[0.00255863539445629],"Energy":{"Mean":-2776.2338709677424,"Sigma":0.0802679349460754,"Taucorr":0.12816785235599404},"EnergyVariance":{"Mean":0.6307882414151925,"Sigma":0.42189365222207836,"Taucorr":0.0024303325513407303},"Iteration":72},
{"Acceptance":[0.00255863539445629],"Energy":{"Mean":-2776.0,"Sigma":0.14892084929531055,"Taucorr":0.8862704918032531},"EnergyVariance":{"Mean":0.9838709677419356,"Sigma":0.5443916753764849,"Taucorr":0.8831722701518174},"Iteration":73},
{"Acceptance":[0.004655294953802416],"Energy":{"Mean":-2776.3629032258054,"Sigma":0.05417850533665838,"Taucorr":-0.020355970278086388},"EnergyVariance":{"Mean":0.37636576482830386,"Sigma":0.09994365193671727,"Taucorr":0.004494154995349775},"Iteration":74},
{"Acceptance":[0.005152807391613362],"Energy":{"Mean":-2776.5080645161293,"Sigma":0.047069884797017604,"Taucorr":0.045173041894438826},"EnergyVariance":{"Mean":0.24993496357960454,"Sigma":0.0007591916902951069,"Taucorr":0.045173041894352894},"Iteration":75},
{"Acceptance":[0.0031627576403695807],"Energy":{"Mean":-2776.66129032258,"Sigma":0.04716190812002825,"Taucorr":0.11071428571399311},"EnergyVariance":{"Mean":0.2239854318418314,"Sigma":0.01521351874834436,"Taucorr":0.11071428571428588},"Iteration":76},
{"Acceptance":[0.001990049751243781],"Energy":{"Mean":-2776.7903225806454,"Sigma":0.04195615702177968,"Taucorr":0.09535050071537499},"EnergyVariance":{"Mean":0.18184183142559834,"Sigma":0.03451065589238381,"Taucorr":0.07746774658259681},"Iteration":77},
{"Acceptance":[0.001279317697228145],"Energy":{"Mean":-2776.8709677419356,"Sigma":0.03822501246850148,"Taucorr":0.29959490740741623},"EnergyVariance":{"Mean":0.11238293444328827,"Sigma":0.028360493121800796,"Taucorr":0.2995949074074076},"Iteration":78},
{"Acceptance":[0.0005685856432125089],"Energy":{"Mean":-2776.9677419354834,"Sigma":0.019197388248769955,"Taucorr":0.2260416666666325},"EnergyVariance":{"Mean":0.03121748178980229,"Sigma":0.017958847071414697,"Taucorr":0.2260416666666667},"Iteration":79},
{"Acceptance":[0.00042643923240938164],"Energy":{"Mean":-2777.0,"Sigma":0.0,"Taucorr":null},"EnergyVariance":{"Mean":0.0,"Sigma":0.0,"Taucorr":null},"Iteration":80},
{"Acceptance":[0.0007107320540156361],"Energy":{"Mean":-2776.9919354838707,"Sigma":0.008064516129040694,"Taucorr":8.091305403468141e-13},"EnergyVariance":{"Mean":0.00799947970863684,"Sigma":0.007934443288237865,"Taucorr":-2.220446049250313e-16},"Iteration":81},
{"Acceptance":[7.107320540156361e-05],"Energy":{"Mean":-2777.0,"Sigma":0.0,"Taucorr":null},"EnergyVariance":{"Mean":0.0,"Sigma":0.0,"Taucorr":null},"Iteration":82},
{"Acceptance":[0.00021321961620469082],"Energy":{"Mean":-2777.0,"Sigma":0.0,"Taucorr":null},"EnergyVariance":{"Mean":0.0,"Sigma":0.0,"Taucorr":null},"Iteration":83},
{"Acceptance":[0.00021321961620469082],"Energy":{"Mean":-2777.0,"Sigma":0.0,"Taucorr":null},"EnergyVariance":{"Mean":0.0,"Sigma":0.0,"Taucorr":null},"Iteration":84},
{"Acceptance":[0.00021321961620469082],"Energy":{"Mean":-2777.0,"Sigma":0.0,"Taucorr":null},"EnergyVariance":{"Mean":0.0,"Sigma":0.0,"Taucorr":null},"Iteration":85},
{"Acceptance":[0.00035536602700781805],"Energy":{"Mean":-2777.0,"Sigma":0.0,"Taucorr":null},"EnergyVariance":{"Mean":0.0,"Sigma":0.0,"Taucorr":null},"Iteration":86},
{"Acceptance":[7.107320540156361e-05],"Energy":{"Mean":-2777.0,"Sigma":0.0,"Taucorr":null},"EnergyVariance":{"Mean":0.0,"Sigma":0.0,"Taucorr":null},"Iteration":87},
{"Acceptance":[0.00028429282160625445],"Energy":{"Mean":-2776.983870967742,"Sigma":0.016129032258062795,"Taucorr":0.5081967213112983},"EnergyVariance":{"Mean":0.01586888657648283,"Sigma":0.015608740894901618,"Taucorr":0.5081967213114753},"Iteration":88},
{"Acceptance":[0.00021321961620469082],"Energy":{"Mean":-2777.0,"Sigma":0.0,"Taucorr":null},"EnergyVariance":{"Mean":0.0,"Sigma":0.0,"Taucorr":null},"Iteration":89},
{"Acceptance":[7.107320540156361e-05],"Energy":{"Mean":-2777.0,"Sigma":0.0,"Taucorr":null},"EnergyVariance":{"Mean":0.0,"Sigma":0.0,"Taucorr":null},"Iteration":90},
{"Acceptance":[0.00028429282160625445],"Energy":{"Mean":-2777.0,"Sigma":0.0,"Taucorr":null},"EnergyVariance":{"Mean":0.0,"Sigma":0.0,"Taucorr":null},"Iteration":91},
{"Acceptance":[0.0],"Energy":{"Mean":-2777.0,"Sigma":0.0,"Taucorr":null},"EnergyVariance":{"Mean":0.0,"Sigma":0.0,"Taucorr":null},"Iteration":92},
{"Acceptance":[0.00021321961620469082],"Energy":{"Mean":-2777.0,"Sigma":0.0,"Taucorr":null},"EnergyVariance":{"Mean":0.0,"Sigma":0.0,"Taucorr":null},"Iteration":93},
{"Acceptance":[0.00021321961620469082],"Energy":{"Mean":-2777.016129032258,"Sigma":0.016129032258062004,"Taucorr":-1.397770788003072e-13},"EnergyVariance":{"Mean":0.03199791883454735,"Sigma":0.03173777315296613,"Taucorr":-2.220446049250313e-16},"Iteration":94},
{"Acceptance":[0.00014214641080312722],"Energy":{"Mean":-2777.0,"Sigma":0.0,"Taucorr":null},"EnergyVariance":{"Mean":0.0,"Sigma":0.0,"Taucorr":null},"Iteration":95},
{"Acceptance":[0.00035536602700781805],"Energy":{"Mean":-2776.959677419354,"Sigma":0.028626192498868625,"Taucorr":0.07871545929795387},"EnergyVariance":{"Mean":0.08708376690946933,"Sigma":0.07168396745902429,"Taucorr":0.0057121330743460375},"Iteration":96},
{"Acceptance":[0.00028429282160625445],"Energy":{"Mean":-2777.0,"Sigma":0.0,"Taucorr":null},"EnergyVariance":{"Mean":0.0,"Sigma":0.0,"Taucorr":null},"Iteration":97},
{"Acceptance":[0.00035536602700781805],"Energy":{"Mean":-2776.846774193548,"Sigma":0.14511648053904552,"Taucorr":1.0137742303306894},"EnergyVariance":{"Mean":0.8555541103017691,"Sigma":0.8263153011222177,"Taucorr":1.0244739542272967},"Iteration":98},
{"Acceptance":[0.00021321961620469082],"Energy":{"Mean":-2777.0,"Sigma":0.0,"Taucorr":null},"EnergyVariance":{"Mean":0.0,"Sigma":0.0,"Taucorr":null},"Iteration":99} 
]}