{"Output": [
{"Acceptance":[0.9181236673773987],"Energy":{"Mean":-2495.637096774193,"Sigma":2.2718721470135588,"Taucorr":-0.14582098220152595},"EnergyVariance":{"Mean":896.2312044745057,"Sigma":145.64292228671258,"Taucorr":0.14277277346527995},"Iteration":0},
{"Acceptance":[0.9163468372423597],"Energy":{"Mean":-2488.435483870968,"Sigma":3.592404766771786,"Taucorr":0.18342571210260183},"EnergyVariance":{"Mean":1161.3264828303847,"Sigma":141.84810823144974,"Taucorr":0.05679659101384216},"Iteration":1},
{"Acceptance":[0.9083866382373845],"Energy":{"Mean":-2495.774193548387,"Sigma":2.725263991324004,"Taucorr":-0.07473175536864551},"EnergyVariance":{"Mean":1074.0619146722167,"Sigma":139.44601669383084,"Taucorr":-0.07494634342539003},"Iteration":2},
{"Acceptance":[0.9051528073916134],"Energy":{"Mean":-2493.572580645161,"Sigma":2.701259004263852,"Taucorr":-0.11044731805130364},"EnergyVariance":{"Mean":1151.970538501561,"Sigma":168.12953421399712,"Taucorr":-0.11066252910897184},"Iteration":3},
{"Acceptance":[0.9006396588486141],"Energy":{"Mean":-2499.088709677419,"Sigma":2.8964092616840125,"Taucorr":-0.04374607004441067},"EnergyVariance":{"Mean":1130.8066467221643,"Sigma":117.39232500294214,"Taucorr":-0.057859559190756915},"Iteration":4},
{"Acceptance":[0.8953802416488984],"Energy":{"Mean":-2491.9193548387093,"Sigma":3.1606065477319993,"Taucorr":0.04952725958203352},"EnergyVariance":{"Mean":1117.9612382934445,"Sigma":123.07435330317314,"Taucorr":-0.1313041478440365},"Iteration":5},
{"Acceptance":[0.8911513859275053],"Energy":{"Mean":-2496.0806451612907,"Sigma":2.7278281934154633,"Taucorr":-0.12151347976856558},"EnergyVariance":{"Mean":1209.0902705515089,"Sigma":149.72862674168277,"Taucorr":0.01174469255656363},"Iteration":6},
{"Acceptance":[0.8898720682302772],"Energy":{"Mean":-2498.9838709677415,"Sigma":3.165887046444161,"Taucorr":0.11451177577083937},"EnergyVariance":{"Mean":1003.0803850156087,"Sigma":125.52535784404432,"Taucorr":0.04755448814611474},"Iteration":7},
{"Acceptance":[0.8807391613361762],"Energy":{"Mean":-2495.903225806452,"Sigma":3.3917530718569298,"Taucorr":0.09528085067263237},"EnergyVariance":{"Mean":1188.506763787721,"Sigma":102.24748281274354,"Taucorr":-0.20464284619278417},"Iteration":8},
{"Acceptance":[0.8709665955934612],"Energy":{"Mean":-2501.387096774193,"Sigma":3.5931131616136134,"Taucorr":0.14066969910187854},"EnergyVariance":{"Mean":1239.3178980228927,"Sigma":138.2236558446806,"Taucorr":-0.09143289572122393},"Iteration":9},
{"Acceptance":[0.8724946695095949],"Energy":{"Mean":-2495.2096774193556,"Sigma":3.0215422069465077,"Taucorr":-0.03719824513064113},"EnergyVariance":{"Mean":1213.2140998959421,"Sigma":182.61457476918315,"Taucorr":0.22126499611359407},"Iteration":10},
{"Acceptance":[0.8622601279317698],"Energy":{"Mean":-2501.6532258064517,"Sigma":2.7293131353462305,"Taucorr":0.011536703315406904},"EnergyVariance":{"Mean":895.5813605619147,"Sigma":119.96912016303548,"Taucorr":0.009656192809604058},"Iteration":11},
{"Acceptance":[0.8580668088130775],"Energy":{"Mean":-2501.3387096774195,"Sigma":2.734279317363621,"Taucorr":-0.06176605647328226},"EnergyVariance":{"Mean":1049.191727367326,"Sigma":138.17335683543618,"Taucorr":-0.05640627096780426},"Iteration":12},
{"Acceptance":[0.8482231698649609],"Energy":{"Mean":-2506.822580645162,"Sigma":3.4416056820156022,"Taucorr":0.07219842273568622},"EnergyVariance":{"Mean":1273.0652965660768,"Sigma":160.2065926398953,"Taucorr":0.03432025433248165},"Iteration":13},
{"Acceptance":[0.8205756929637527],"Energy":{"Mean":-2504.7016129032263,"Sigma":3.202767187171157,"Taucorr":0.0291719736466467},"EnergyVariance":{"Mean":1192.1448361082207,"Sigma":141.0345122307365,"Taucorr":-0.0584309749565593},"Iteration":14},
{"Acceptance":[0.8071783937455579],"Energy":{"Mean":-2505.2741935483873,"Sigma":3.2210529492662983,"Taucorr":-0.0002475987384521483},"EnergyVariance":{"Mean":1276.7796566077006,"Sigma":139.8665480441384,"Taucorr":-0.128540793187706},"Iteration":15},
{"Acceptance":[0.778820184790334],"Energy":{"Mean":-2507.4758064516136,"Sigma":2.9564117226834354,"Taucorr":-0.0895810258418715},"EnergyVariance":{"Mean":1309.7171566077004,"Sigma":186.54035725016317,"Taucorr":0.1740159029548788},"Iteration":16},
{"Acceptance":[0.7122601279317697],"Energy":{"Mean":-2527.33064516129,"Sigma":3.4565542210270124,"Taucorr":0.13136830686364065},"EnergyVariance":{"Mean":1163.8019640998957,"Sigma":144.13570879427164,"Taucorr":0.10314326232675897},"Iteration":17},
{"Acceptance":[0.6489694385216773],"Energy":{"Mean":-2543.040322580644,"Sigma":3.0921139890473976,"Taucorr":0.11670457434300863},"EnergyVariance":{"Mean":953.4741805411029,"Sigma":120.61581147158651,"Taucorr":0.18034148521098925},"Iteration":18},
{"Acceptance":[0.5470859985785359],"Energy":{"Mean":-2572.693548387096,"Sigma":4.066049271353277,"Taucorr":0.2473092125251507},"EnergyVariance":{"Mean":1360.5673777315294,"Sigma":198.22347865205396,"Taucorr":0.04597272817662046},"Iteration":19},
{"Acceptance":[0.45749822316986494],"Energy":{"Mean":-2607.427419354839,"Sigma":3.924372313832982,"Taucorr":0.38742531320573004},"EnergyVariance":{"Mean":1067.293119146722,"Sigma":152.62256102393087,"Taucorr":-0.042584590982897796},"Iteration":20},
{"Acceptance":[0.3760127931769723],"Energy":{"Mean":-2652.9435483870966,"Sigma":2.9957790574312186,"Taucorr":0.37739695061426914},"EnergyVariance":{"Mean":629.069393860562,"Sigma":80.23639920404834,"Taucorr":-0.07226396191055873},"Iteration":21},
{"Acceptance":[0.3254442075337598],"Energy":{"Mean":-2673.8306451612902,"Sigma":2.9858399490226057,"Taucorr":0.2215267571095778},"EnergyVariance":{"Mean":759.8987382934444,"Sigma":133.1293615821747,"Taucorr":0.37807262743399406},"Iteration":22},
{"Acceptance":[0.27651030561478324],"Energy":{"Mean":-2716.5000000000005,"Sigma":2.6221502708675453,"Taucorr":0.3073084266116477},"EnergyVariance":{"Mean":523.7822580645161,"Sigma":54.13093909645746,"Taucorr":-0.12640310969495305},"Iteration":23},
{"Acceptance":[0.25184790334044066],"Energy":{"Mean":-2741.3790322580644,"Sigma":2.2950645669854235,"Taucorr":0.1642600508079899},"EnergyVariance":{"Mean":487.6708506763788,"Sigma":67.48897286651305,"Taucorr":0.01174348256901181},"Iteration":24},
{"Acceptance":[0.20909737029140013],"Energy":{"Mean":-2765.2016129032263,"Sigma":1.990178146063749,"Taucorr":0.24965650915305326},"EnergyVariance":{"Mean":324.9351586888657,"Sigma":41.18787244798361,"Taucorr":-0.024478373302103396},"Iteration":25},
{"Acceptance":[0.19772565742714995],"Energy":{"Mean":-2778.524193548387,"Sigma":1.914620980723479,"Taucorr":0.03829410547071599},"EnergyVariance":{"Mean":418.81393080124866,"Sigma":50.32701772893392,"Taucorr":0.0117253357181335},"Iteration":26},
{"Acceptance":[0.16826581378820185],"Energy":{"Mean":-2788.3387096774186,"Sigma":1.8136114829722783,"Taucorr":0.3321233079745757},"EnergyVariance":{"Mean":243.0949531737773,"Sigma":30.431008472892835,"Taucorr":-0.0818022923439013},"Iteration":27},
{"Acceptance":[0.16204690831556504],"Energy":{"Mean":-2799.7258064516127,"Sigma":1.3501470867059513,"Taucorr":0.17532822722821328},"EnergyVariance":{"Mean":166.00546305931323,"Sigma":21.20582343642375,"Taucorr":0.026346620022362988},"Iteration":28},
{"Acceptance":[0.14243070362473348],"Energy":{"Mean":-2810.4758064516136,"Sigma":1.2719764296011948,"Taucorr":0.09625631790198597},"EnergyVariance":{"Mean":166.87844693028094,"Sigma":25.93675737805483,"Taucorr":0.025295544574244322},"Iteration":29},
{"Acceptance":[0.12999289267945985],"Energy":{"Mean":-2818.064516129032,"Sigma":1.2492991444848818,"Taucorr":0.21264727298713249},"EnergyVariance":{"Mean":134.68938605619147,"Sigma":21.958748440092492,"Taucorr":0.038263308474867364},"Iteration":30},
{"Acceptance":[0.1189410092395167],"Energy":{"Mean":-2820.5645161290327,"Sigma":1.3377263521628489,"Taucorr":0.22510446750709823},"EnergyVariance":{"Mean":151.77809573361083,"Sigma":18.79938032811483,"Taucorr":-0.02253337842125752},"Iteration":31},
{"Acceptance":[0.11862117981520967],"Energy":{"Mean":-2826.403225806452,"Sigma":1.1637257914368182,"Taucorr":0.29553979877596825},"EnergyVariance":{"Mean":104.69224765868886,"Sigma":15.272761518862916,"Taucorr":0.16523248384062839},"Iteration":32},
{"Acceptance":[0.10398009950248756],"Energy":{"Mean":-2833.516129032259,"Sigma":1.2020331948808938,"Taucorr":0.24435640630039523},"EnergyVariance":{"Mean":119.37877211238293,"Sigma":18.999106561635532,"Taucorr":0.23721798313306686},"Iteration":33},
{"Acceptance":[0.09093816631130064],"Energy":{"Mean":-2839.4032258064512,"Sigma":1.104346095343477,"Taucorr":0.35942136122595625},"EnergyVariance":{"Mean":87.2728928199792,"Sigma":10.68826773719996,"Taucorr":-0.053769304090029446},"Iteration":34},
{"Acceptance":[0.08869936034115139],"Energy":{"Mean":-2842.137096774193,"Sigma":0.8957665298680824,"Taucorr":0.249826320777366},"EnergyVariance":{"Mean":65.81184963579604,"Sigma":9.73570957250591,"Taucorr":0.0739726203646105},"Iteration":35},
{"Acceptance":[0.08017057569296375],"Energy":{"Mean":-2848.0806451612907,"Sigma":0.962983372324184,"Taucorr":0.323153585629686},"EnergyVariance":{"Mean":69.28381893860562,"Sigma":9.342420633967395,"Taucorr":0.0020525122967068876},"Iteration":36},
{"Acceptance":[0.07139303482587064],"Energy":{"Mean":-2850.782258064516,"Sigma":1.0362218085380135,"Taucorr":0.35091526037342124},"EnergyVariance":{"Mean":77.60581425598335,"Sigma":11.677221634168971,"Taucorr":0.01472333247746238},"Iteration":37},
{"Acceptance":[0.06673773987206823],"Energy":{"Mean":-2855.862903225806,"Sigma":0.709747674919337,"Taucorr":0.12214419212729533},"EnergyVariance":{"Mean":49.795720603537994,"Sigma":6.292424577274143,"Taucorr":-0.029293381291916165},"Iteration":38},
{"Acceptance":[0.06197583511016347],"Energy":{"Mean":-2857.7419354838703,"Sigma":0.9578119575876114,"Taucorr":0.5119152599311345},"EnergyVariance":{"Mean":55.75598335067637,"Sigma":10.093904813025958,"Taucorr":0.25069023137335045},"Iteration":39},
{"Acceptance":[0.06101634683724236],"Energy":{"Mean":-2858.612903225807,"Sigma":1.0638764777467642,"Taucorr":0.5667299887574941},"EnergyVariance":{"Mean":65.25338189386056,"Sigma":12.233943918620588,"Taucorr":0.21411956247316444},"Iteration":40},
{"Acceptance":[0.05522388059701493],"Energy":{"Mean":-2861.532258064516,"Sigma":0.8105273352706645,"Taucorr":0.19982201194097993},"EnergyVariance":{"Mean":57.732830385015596,"Sigma":11.799786252423635,"Taucorr":0.012330958961243366},"Iteration":41},
{"Acceptance":[0.051847903340440656],"Energy":{"Mean":-2864.0967741935488,"Sigma":0.6329523563406624,"Taucorr":0.267089650759761},"EnergyVariance":{"Mean":32.11966701352758,"Sigma":5.179434502623413,"Taucorr":0.13465199689958351},"Iteration":42},
{"Acceptance":[0.046730632551528074],"Energy":{"Mean":-2867.1290322580644,"Sigma":0.5629548301822583,"Taucorr":0.32656329295471276},"EnergyVariance":{"Mean":23.58012486992716,"Sigma":4.9703322962238206,"Taucorr":0.21925382224366297},"Iteration":43},
{"Acceptance":[0.045095948827292114],"Energy":{"Mean":-2866.766129032258,"Sigma":0.6566385034219282,"Taucorr":0.14800803556243558},"EnergyVariance":{"Mean":40.92111082206036,"Sigma":8.721929816009167,"Taucorr":0.2076201124305871},"Iteration":44},
{"Acceptance":[0.041009239516702205],"Energy":{"Mean":-2868.1532258064512,"Sigma":0.5408920125756653,"Taucorr":0.3202285267025202},"EnergyVariance":{"Mean":21.93619927159209,"Sigma":5.3167283429910235,"Taucorr":0.05525515984742768},"Iteration":45},
{"Acceptance":[0.03891257995735608],"Energy":{"Mean":-2869.75,"Sigma":0.4782922128366839,"Taucorr":0.20139712533922005},"EnergyVariance":{"Mean":20.058467741935488,"Sigma":3.224514862396323,"Taucorr":0.060007390160535246},"Iteration":46},
{"Acceptance":[0.03578535891968728],"Energy":{"Mean":-2870.467741935484,"Sigma":0.48854374556275637,"Taucorr":0.15404954270945093},"EnergyVariance":{"Mean":22.442507804370454,"Sigma":8.363054695681438,"Taucorr":0.007658358945637489},"Iteration":47},
{"Acceptance":[0.03823738450604122],"Energy":{"Mean":-2870.5645161290313,"Sigma":0.5720844434829829,"Taucorr":0.42972878789704716},"EnergyVariance":{"Mean":21.64906347554631,"Sigma":6.792529067872888,"Taucorr":0.49249928304616053},"Iteration":48},
{"Acceptance":[0.031911869225302064],"Energy":{"Mean":-2871.8870967741937,"Sigma":0.4775664551061468,"Taucorr":0.2660521716891585},"EnergyVariance":{"Mean":18.30983350676379,"Sigma":3.3984133478203873,"Taucorr":0.015659059830006705},"Iteration":49} 
]}