{"Output": [
{"Acceptance":[0.8906832298136645],"Energy":{"Mean":-35.064516129032256,"Sigma":0.27286998704518267,"Taucorr":-0.08294259110079127},"EnergyVariance":{"Mean":10.979708636836628,"Sigma":1.517419455300019,"Taucorr":0.23767658942267678},"Iteration":0},
{"Acceptance":[0.8586956521739131],"Energy":{"Mean":-35.33064516129031,"Sigma":0.30921925112345205,"Taucorr":-0.17439600131080985},"EnergyVariance":{"Mean":18.060028616024976,"Sigma":2.468771093749552,"Taucorr":-0.0033846741686329174},"Iteration":1},
{"Acceptance":[0.8291925465838509],"Energy":{"Mean":-35.685483870967744,"Sigma":0.2723769678694163,"Taucorr":-0.14298930826891676},"EnergyVariance":{"Mean":12.78011186264308,"Sigma":1.518045322472527,"Taucorr":-0.08517374156986707},"Iteration":2},
{"Acceptance":[0.7726708074534161],"Energy":{"Mean":-36.548387096774185,"Sigma":0.45443148856665055,"Taucorr":0.2525314455714155},"EnergyVariance":{"Mean":16.87669094693028,"Sigma":2.2020976538639876,"Taucorr":-0.0195942438441431},"Iteration":3},
{"Acceptance":[0.7503105590062111],"Energy":{"Mean":-37.298387096774206,"Sigma":0.4804538841451368,"Taucorr":0.3165063832811509},"EnergyVariance":{"Mean":17.386771592091574,"Sigma":2.0311997177513272,"Taucorr":0.01394684019053094},"Iteration":4},
{"Acceptance":[0.6692546583850931],"Energy":{"Mean":-38.62903225806451,"Sigma":0.3573105497988716,"Taucorr":-0.04094891177052151},"EnergyVariance":{"Mean":17.104318418314254,"Sigma":2.275172289406867,"Taucorr":0.020605524001510944},"Iteration":5},
{"Acceptance":[0.6114906832298137],"Energy":{"Mean":-39.87096774193549,"Sigma":0.4394631022564735,"Taucorr":0.1592816813954827},"EnergyVariance":{"Mean":18.0156087408949,"Sigma":1.828205184862751,"Taucorr":-0.13512668167728464},"Iteration":6},
{"Acceptance":[0.5484472049689441],"Energy":{"Mean":-40.70161290322581,"Sigma":0.42855398193846067,"Taucorr":0.27211189209135256},"EnergyVariance":{"Mean":14.62870707596254,"Sigma":2.0401869858862245,"Taucorr":-0.012643411888405842},"Iteration":7},
{"Acceptance":[0.47422360248447204],"Energy":{"Mean":-42.58064516129033,"Sigma":0.3856266887999467,"Taucorr":0.19394887485195433},"EnergyVariance":{"Mean":13.178980228928195,"Sigma":2.092884465315318,"Taucorr":0.12906736611808023},"Iteration":8},
{"Acceptance":[0.4540372670807453],"Energy":{"Mean":-42.78225806451612,"Sigma":0.4814770530552828,"Taucorr":0.2846274164510152},"EnergyVariance":{"Mean":18.170330385015607,"Sigma":2.0240872837821335,"Taucorr":0.023584611354898644},"Iteration":9},
{"Acceptance":[0.42857142857142855],"Energy":{"Mean":-43.83870967741935,"Sigma":0.4078445154753585,"Taucorr":0.3418561335902379},"EnergyVariance":{"Mean":12.151404786680539,"Sigma":1.9631777967010695,"Taucorr":0.10740969163860403},"Iteration":10},
{"Acceptance":[0.40062111801242234],"Energy":{"Mean":-43.645161290322584,"Sigma":0.38412276010641755,"Taucorr":0.3445132432694171},"EnergyVariance":{"Mean":10.745057232049946,"Sigma":1.2285813762181506,"Taucorr":-0.0072064338788903615},"Iteration":11},
{"Acceptance":[0.35341614906832297],"Energy":{"Mean":-45.26612903225807,"Sigma":0.2681416241985164,"Taucorr":0.05260942008371705},"EnergyVariance":{"Mean":8.001755983350677,"Sigma":1.1710416497314502,"Taucorr":0.019820503646703957},"Iteration":12},
{"Acceptance":[0.31459627329192547],"Energy":{"Mean":-46.379032258064505,"Sigma":0.27382961299786635,"Taucorr":0.17655887713137997},"EnergyVariance":{"Mean":6.816011966701353,"Sigma":0.84020120733958,"Taucorr":-0.08574838178844468},"Iteration":13},
{"Acceptance":[0.31894409937888196],"Energy":{"Mean":-45.41129032258065,"Sigma":0.2665360198520993,"Taucorr":0.2739191041784268},"EnergyVariance":{"Mean":5.645356399583768,"Sigma":0.8770579129121434,"Taucorr":0.038707021652030216},"Iteration":14},
{"Acceptance":[0.2748447204968944],"Energy":{"Mean":-46.28225806451612,"Sigma":0.24912263667252504,"Taucorr":0.22465210465877294},"EnergyVariance":{"Mean":5.2671045785639965,"Sigma":0.7042394916328903,"Taucorr":-0.02369048440468552},"Iteration":15},
{"Acceptance":[0.2736024844720497],"Energy":{"Mean":-46.76612903225806,"Sigma":0.27433582646381016,"Taucorr":0.48916980555130907},"EnergyVariance":{"Mean":4.6791753381893875,"Sigma":0.6689579660292987,"Taucorr":0.10658190219607766},"Iteration":16},
{"Acceptance":[0.22732919254658385],"Energy":{"Mean":-47.572580645161295,"Sigma":0.2368003413530741,"Taucorr":0.32180462780713925},"EnergyVariance":{"Mean":4.196344953173778,"Sigma":0.6314424561689819,"Taucorr":0.03317933441582244},"Iteration":17},
{"Acceptance":[0.23975155279503105],"Energy":{"Mean":-46.887096774193544,"Sigma":0.27747873833045217,"Taucorr":0.36548190766012023},"EnergyVariance":{"Mean":5.471123829344433,"Sigma":0.8617219634292458,"Taucorr":0.13598557594480265},"Iteration":18},
{"Acceptance":[0.21739130434782608],"Energy":{"Mean":-47.79032258064516,"Sigma":0.23846980101001572,"Taucorr":0.47994751804067326},"EnergyVariance":{"Mean":3.568938605619146,"Sigma":0.4190818228051365,"Taucorr":-0.016101751986872137},"Iteration":19},
{"Acceptance":[0.19968944099378882],"Energy":{"Mean":-47.94354838709678,"Sigma":0.2282794685953411,"Taucorr":0.2906856216805994},"EnergyVariance":{"Mean":4.05326482830385,"Sigma":0.7687765237972162,"Taucorr":0.05582287826926968},"Iteration":20},
{"Acceptance":[0.18354037267080744],"Energy":{"Mean":-48.491935483870975,"Sigma":0.17331518888996797,"Taucorr":0.17975207600449838},"EnergyVariance":{"Mean":2.717676899063475,"Sigma":0.3756006738129187,"Taucorr":0.01867132775615865},"Iteration":21},
{"Acceptance":[0.1531055900621118],"Energy":{"Mean":-48.76612903225808,"Sigma":0.18799146481388995,"Taucorr":0.3859078016064472},"EnergyVariance":{"Mean":2.453368886576483,"Sigma":0.4864330057890529,"Taucorr":0.25531956771147246},"Iteration":22},
{"Acceptance":[0.16614906832298137],"Energy":{"Mean":-48.87903225806451,"Sigma":0.16715156655524668,"Taucorr":0.20743031568800752},"EnergyVariance":{"Mean":2.4289151925078043,"Sigma":0.41994521097388915,"Taucorr":0.1130504037277984},"Iteration":23},
{"Acceptance":[0.15248447204968943],"Energy":{"Mean":-48.69354838709679,"Sigma":0.2186559866853732,"Taucorr":0.275164597764213},"EnergyVariance":{"Mean":3.7931841831425595,"Sigma":0.9245965269472206,"Taucorr":0.20765907539538586},"Iteration":24},
{"Acceptance":[0.15062111801242237],"Energy":{"Mean":-49.08870967741935,"Sigma":0.22196228582849756,"Taucorr":0.5672905546264695},"EnergyVariance":{"Mean":2.838904786680541,"Sigma":0.6069536487120403,"Taucorr":0.361821361719164},"Iteration":25},
{"Acceptance":[0.12080745341614907],"Energy":{"Mean":-49.37096774193548,"Sigma":0.16142467522583265,"Taucorr":0.4160223048327145},"EnergyVariance":{"Mean":1.7494797086368368,"Sigma":0.34550598182040715,"Taucorr":-0.002664201156847179},"Iteration":26},
{"Acceptance":[0.11397515527950311],"Energy":{"Mean":-49.45161290322581,"Sigma":0.15398791795517802,"Taucorr":0.2512362637362633},"EnergyVariance":{"Mean":1.9412070759625388,"Sigma":0.3684178023651468,"Taucorr":-0.05930549314385464},"Iteration":27},
{"Acceptance":[0.11770186335403726],"Energy":{"Mean":-49.12903225806452,"Sigma":0.2283269466991792,"Taucorr":0.551946056674633},"EnergyVariance":{"Mean":3.0478668054110303,"Sigma":0.6337355122408419,"Taucorr":0.1874494158553517},"Iteration":28},
{"Acceptance":[0.1062111801242236],"Energy":{"Mean":-49.637096774193544,"Sigma":0.13561821296501905,"Taucorr":0.22050209205021087},"EnergyVariance":{"Mean":1.5699141519250779,"Sigma":0.34127101617074584,"Taucorr":0.15148012928601162},"Iteration":29},
{"Acceptance":[0.08726708074534162],"Energy":{"Mean":-49.59677419354839,"Sigma":0.17104887504809937,"Taucorr":0.6510567482110179},"EnergyVariance":{"Mean":1.5632154006243497,"Sigma":0.3167325399268945,"Taucorr":0.3808692789420054},"Iteration":30},
{"Acceptance":[0.08540372670807453],"Energy":{"Mean":-49.967741935483865,"Sigma":0.1289650362531998,"Taucorr":0.4474457831325305},"EnergyVariance":{"Mean":1.079604578563996,"Sigma":0.19109724052224003,"Taucorr":0.013277932312234952},"Iteration":31},
{"Acceptance":[0.07515527950310559],"Energy":{"Mean":-50.04032258064515,"Sigma":0.1194165780452451,"Taucorr":0.15989234157083565},"EnergyVariance":{"Mean":1.329019250780437,"Sigma":0.2577402426426132,"Taucorr":0.14088734329768482},"Iteration":32},
{"Acceptance":[0.09099378881987577],"Energy":{"Mean":-49.75000000000001,"Sigma":0.16920115915106645,"Taucorr":0.3975334018499487},"EnergyVariance":{"Mean":1.9616935483870965,"Sigma":0.4765474001164565,"Taucorr":0.4384201677367343},"Iteration":33},
{"Acceptance":[0.07329192546583851],"Energy":{"Mean":-50.16935483870969,"Sigma":0.11322917618978505,"Taucorr":0.3469228082431004},"EnergyVariance":{"Mean":0.9309963579604579,"Sigma":0.17134234521305763,"Taucorr":0.4557830973254339},"Iteration":34},
{"Acceptance":[0.06521739130434782],"Energy":{"Mean":-50.13709677419356,"Sigma":0.11290322580645154,"Taucorr":0.36278720206141224},"EnergyVariance":{"Mean":0.9086238293444328,"Sigma":0.1770962816907285,"Taucorr":0.2533171393258007},"Iteration":35},
{"Acceptance":[0.04937888198757764],"Energy":{"Mean":-50.290322580645146,"Sigma":0.10310813185181675,"Taucorr":0.38558844256518987},"EnergyVariance":{"Mean":0.7382934443288243,"Sigma":0.1357271544924843,"Taucorr":0.003129883427083202},"Iteration":36},
{"Acceptance":[0.058695652173913045],"Energy":{"Mean":-50.153225806451616,"Sigma":0.10793604946216914,"Taucorr":0.30702512636436896},"EnergyVariance":{"Mean":0.887812174817898,"Sigma":0.1517157444768666,"Taucorr":0.11200948133906363},"Iteration":37},
{"Acceptance":[0.06273291925465839],"Energy":{"Mean":-50.26612903225806,"Sigma":0.11116168348459841,"Taucorr":0.40420181072506256},"EnergyVariance":{"Mean":0.8404656607700313,"Sigma":0.17139947855461146,"Taucorr":0.41703495202573493},"Iteration":38},
{"Acceptance":[0.05714285714285714],"Energy":{"Mean":-50.25,"Sigma":0.11418246103759618,"Taucorr":0.24615384615384683},"EnergyVariance":{"Mean":1.0745967741935483,"Sigma":0.266167722831061,"Taucorr":0.15707248416608055},"Iteration":39} 
]}