{"Output": [
{"Acceptance":[0.7282857142857143],"Energy":{"Mean":-5.847144463139018,"Sigma":0.7214658670534887,"Taucorr":0.2024162597612963},"EnergyVariance":{"Mean":45.57347426191124,"Sigma":5.3590758287628475,"Taucorr":0.07043339983282981},"Iteration":0},
{"Acceptance":[0.6337142857142857],"Energy":{"Mean":-8.686146023401893,"Sigma":0.6452831032166751,"Taucorr":0.1683027336663282},"EnergyVariance":{"Mean":38.31796749098377,"Sigma":4.544028256873349,"Taucorr":-0.11112402760720852},"Iteration":1},
{"Acceptance":[0.5605714285714286],"Energy":{"Mean":-10.833359159361166,"Sigma":0.710410521661148,"Taucorr":0.29366828031676595},"EnergyVariance":{"Mean":39.10703248560519,"Sigma":4.774829715999933,"Taucorr":0.011947435480739954},"Iteration":2},
{"Acceptance":[0.48914285714285716],"Energy":{"Mean":-13.839784573053551,"Sigma":0.6452160655446911,"Taucorr":0.23828989179329618},"EnergyVariance":{"Mean":34.678359023560745,"Sigma":4.893808650929446,"Taucorr":0.048787681529007365},"Iteration":3},
{"Acceptance":[0.4502857142857143],"Energy":{"Mean":-14.259972517435013,"Sigma":0.7243590691377799,"Taucorr":0.3147090075135659},"EnergyVariance":{"Mean":39.607770942136014,"Sigma":5.186933940751716,"Taucorr":0.05665847989866457},"Iteration":4},
{"Acceptance":[0.318],"Energy":{"Mean":-18.614186220200203,"Sigma":0.6356309244556143,"Taucorr":0.3993355476493321},"EnergyVariance":{"Mean":27.628887127380562,"Sigma":3.159716851791801,"Taucorr":-0.026933293645570455},"Iteration":5},
{"Acceptance":[0.31114285714285717],"Energy":{"Mean":-19.362152252703762,"Sigma":0.6423889564993626,"Taucorr":0.5863229680913005},"EnergyVariance":{"Mean":23.36212193660986,"Sigma":4.212469453759188,"Taucorr":0.14118061350778344},"Iteration":6},
{"Acceptance":[0.21628571428571428],"Energy":{"Mean":-22.160910915863933,"Sigma":0.44738794179189495,"Taucorr":0.09951767449326188},"EnergyVariance":{"Mean":20.532492547017988,"Sigma":5.188443263947824,"Taucorr":0.18558557793183728},"Iteration":7},
{"Acceptance":[0.17514285714285716],"Energy":{"Mean":-23.761388220902887,"Sigma":0.40841257524061514,"Taucorr":0.5184364763264941},"EnergyVariance":{"Mean":10.07254883613737,"Sigma":1.7816349018417355,"Taucorr":0.28893962802092643},"Iteration":8},
{"Acceptance":[0.1637142857142857],"Energy":{"Mean":-24.5702543773182,"Sigma":0.2805275029348734,"Taucorr":0.17496682392681695},"EnergyVariance":{"Mean":7.1704032590372035,"Sigma":1.4009009541138624,"Taucorr":-0.04743859878095835},"Iteration":9},
{"Acceptance":[0.14742857142857144],"Energy":{"Mean":-24.770074741162222,"Sigma":0.32096286781187444,"Taucorr":0.3525148637305444},"EnergyVariance":{"Mean":7.431607077076007,"Sigma":1.1826998488189104,"Taucorr":0.0998048540348041},"Iteration":10},
{"Acceptance":[0.13542857142857143],"Energy":{"Mean":-25.10423280132067,"Sigma":0.3726444913658078,"Taucorr":0.44263892481023603},"EnergyVariance":{"Mean":9.059811415971442,"Sigma":2.0950741826883523,"Taucorr":0.11046123015870868},"Iteration":11},
{"Acceptance":[0.12342857142857143],"Energy":{"Mean":-25.64514924623369,"Sigma":0.18854493151930257,"Taucorr":0.055877313791721006},"EnergyVariance":{"Mean":3.933017600568428,"Sigma":0.9277015348813894,"Taucorr":0.11424412159299513},"Iteration":12},
{"Acceptance":[0.11828571428571429],"Energy":{"Mean":-26.266954914267778,"Sigma":0.13370604332039585,"Taucorr":0.10480208203992813},"EnergyVariance":{"Mean":1.8178745624452786,"Sigma":0.3375260561028067,"Taucorr":0.09736514992577361},"Iteration":13},
{"Acceptance":[0.10371428571428572],"Energy":{"Mean":-26.286461203781034,"Sigma":0.1370928891207317,"Taucorr":0.008638672673224601},"EnergyVariance":{"Mean":2.272456593094999,"Sigma":0.5239250614856861,"Taucorr":-0.053950153868420836},"Iteration":14},
{"Acceptance":[0.09228571428571429],"Energy":{"Mean":-26.152465095875506,"Sigma":0.2011828130035298,"Taucorr":0.2768205411464578},"EnergyVariance":{"Mean":3.2043221174084735,"Sigma":0.6864635668399311,"Taucorr":0.04956738383735049},"Iteration":15},
{"Acceptance":[0.09857142857142857],"Energy":{"Mean":-26.169648099134726,"Sigma":0.2437104456915825,"Taucorr":0.4894718998705855},"EnergyVariance":{"Mean":3.6916450612068172,"Sigma":0.9464907571583586,"Taucorr":0.2771339568903636},"Iteration":16},
{"Acceptance":[0.08228571428571428],"Energy":{"Mean":-26.613610757070692,"Sigma":0.12578049510450648,"Taucorr":0.19661845518061327},"EnergyVariance":{"Mean":1.3967115988836745,"Sigma":0.3211357783360868,"Taucorr":0.09648943504626628},"Iteration":17},
{"Acceptance":[0.09571428571428571],"Energy":{"Mean":-26.405384013440617,"Sigma":0.24473463062449818,"Taucorr":0.6234924039197856},"EnergyVariance":{"Mean":3.278655834167913,"Sigma":1.3244284953327459,"Taucorr":0.7697066332487981},"Iteration":18},
{"Acceptance":[0.08914285714285715],"Energy":{"Mean":-26.83688963869323,"Sigma":0.10521854265606802,"Taucorr":0.1508844888995886},"EnergyVariance":{"Mean":1.0460579831132597,"Sigma":0.25186469889170504,"Taucorr":-0.0038641254925814716},"Iteration":19},
{"Acceptance":[0.08257142857142857],"Energy":{"Mean":-26.952685890956946,"Sigma":0.11626789188456013,"Taucorr":0.3926406183079634},"EnergyVariance":{"Mean":0.9313610404572475,"Sigma":0.5128011785836614,"Taucorr":0.14968901853513816},"Iteration":20},
{"Acceptance":[0.08342857142857144],"Energy":{"Mean":-26.887550198229818,"Sigma":0.1577808771919234,"Taucorr":0.9030829093074861},"EnergyVariance":{"Mean":1.0911903424253173,"Sigma":0.4423427556832355,"Taucorr":0.900589462751179},"Iteration":21},
{"Acceptance":[0.08228571428571428],"Energy":{"Mean":-26.81490009945084,"Sigma":0.15022491695619947,"Taucorr":0.6119681073416812},"EnergyVariance":{"Mean":1.2481498523366354,"Sigma":0.3662542335180621,"Taucorr":0.616999507266605},"Iteration":22},
{"Acceptance":[0.06685714285714285],"Energy":{"Mean":-27.165854424408373,"Sigma":0.07754560254337559,"Taucorr":-0.006021731196549085},"EnergyVariance":{"Mean":0.7486548143816844,"Sigma":0.4761471675122669,"Taucorr":-0.014454745546643555},"Iteration":23},
{"Acceptance":[0.08],"Energy":{"Mean":-27.107109804685425,"Sigma":0.06357009669022468,"Taucorr":0.12926933821622577},"EnergyVariance":{"Mean":0.39495197412062455,"Sigma":0.13297438336809306,"Taucorr":-0.011967843658403032},"Iteration":24},
{"Acceptance":[0.07514285714285714],"Energy":{"Mean":-26.906954145120793,"Sigma":0.1640726285939156,"Taucorr":0.1486399704407686},"EnergyVariance":{"Mean":2.552370288372131,"Sigma":1.3064054229762632,"Taucorr":0.18439137946232154},"Iteration":25},
{"Acceptance":[0.08228571428571428],"Energy":{"Mean":-27.033681497473278,"Sigma":0.09838615348399755,"Taucorr":0.09912478950379566},"EnergyVariance":{"Mean":0.993632503725498,"Sigma":0.6086319801250122,"Taucorr":0.016522834699726374},"Iteration":26},
{"Acceptance":[0.07514285714285714],"Energy":{"Mean":-27.178136000967545,"Sigma":0.05831191593630592,"Taucorr":0.07454111175314881},"EnergyVariance":{"Mean":0.3639725468590314,"Sigma":0.16906763895480612,"Taucorr":-0.022487806016864176},"Iteration":27},
{"Acceptance":[0.07571428571428572],"Energy":{"Mean":-27.041210578942678,"Sigma":0.09211507995203722,"Taucorr":0.36735884623850945},"EnergyVariance":{"Mean":0.6016414791514915,"Sigma":0.20491953424935042,"Taucorr":0.37259229580389996},"Iteration":28},
{"Acceptance":[0.07542857142857143],"Energy":{"Mean":-27.201076682864,"Sigma":0.048175708524719106,"Taucorr":0.05476202561626864},"EnergyVariance":{"Mean":0.25729100994385695,"Sigma":0.09707039809404654,"Taucorr":-0.012541788040450974},"Iteration":29},
{"Acceptance":[0.07885714285714286],"Energy":{"Mean":-27.283019081470613,"Sigma":0.037573188383326635,"Taucorr":0.264810004084036},"EnergyVariance":{"Mean":0.11352137835755936,"Sigma":0.052721008809818684,"Taucorr":0.19550344363401717},"Iteration":30},
{"Acceptance":[0.07657142857142857],"Energy":{"Mean":-27.163637112489674,"Sigma":0.06374349541610262,"Taucorr":0.2966265183475687},"EnergyVariance":{"Mean":0.31368381108112836,"Sigma":0.10238504513672372,"Taucorr":0.13869254029514633},"Iteration":31},
{"Acceptance":[0.06571428571428571],"Energy":{"Mean":-27.260906446168637,"Sigma":0.04582513866963618,"Taucorr":0.17068241155949027},"EnergyVariance":{"Mean":0.1925598656245138,"Sigma":0.09770479174199827,"Taucorr":0.2463653703913138},"Iteration":32},
{"Acceptance":[0.074],"Energy":{"Mean":-27.087667070926095,"Sigma":0.142391771825375,"Taucorr":0.5010655482757207},"EnergyVariance":{"Mean":1.2456108675274193,"Sigma":0.6902752992142543,"Taucorr":0.3590381829174176},"Iteration":33},
{"Acceptance":[0.08],"Energy":{"Mean":-26.96352776646241,"Sigma":0.14746912346986074,"Taucorr":0.9026318184968782},"EnergyVariance":{"Mean":0.9535283875257183,"Sigma":0.36587222226262717,"Taucorr":0.7502418989154223},"Iteration":34},
{"Acceptance":[0.07171428571428572],"Energy":{"Mean":-27.30178469909255,"Sigma":0.031394808486876064,"Taucorr":0.35764367066584},"EnergyVariance":{"Mean":0.07067794361321253,"Sigma":0.028512548700944475,"Taucorr":0.27800634856607165},"Iteration":35},
{"Acceptance":[0.07828571428571429],"Energy":{"Mean":-27.351472231232993,"Sigma":0.016182953278405788,"Taucorr":0.009883292548860112},"EnergyVariance":{"Mean":0.03158783747035026,"Sigma":0.015051303173343295,"Taucorr":-0.01117790210482511},"Iteration":36},
{"Acceptance":[0.07857142857142857],"Energy":{"Mean":-26.98050135614828,"Sigma":0.19315827147679743,"Taucorr":0.6278821518235904},"EnergyVariance":{"Mean":2.034407800003024,"Sigma":1.2850030733071207,"Taucorr":0.7345427752919929},"Iteration":37},
{"Acceptance":[0.07371428571428572],"Energy":{"Mean":-27.258859563600254,"Sigma":0.049012528896529774,"Taucorr":0.062339958787803185},"EnergyVariance":{"Mean":0.26271834146679873,"Sigma":0.20242658534507438,"Taucorr":-0.0028941002103848312},"Iteration":38},
{"Acceptance":[0.08114285714285714],"Energy":{"Mean":-27.088708126224834,"Sigma":0.13289251011427203,"Taucorr":0.4715929928337014},"EnergyVariance":{"Mean":1.1178711575176254,"Sigma":0.7599859897378836,"Taucorr":0.43665710989050255},"Iteration":39} 
]}