{"Output": [
{"Acceptance":[0.7312193083272386],"Energy":{"Mean":-164.89112903225808,"Sigma":0.262057482580074,"Taucorr":0.019206304590502876},"EnergyVariance":{"Mean":65.5385503381894,"Sigma":2.894332504352548,"Taucorr":-0.018734922650155805},"Iteration":0},
{"Acceptance":[0.6436631490962282],"Energy":{"Mean":-170.23991935483872,"Sigma":0.2805860857749772,"Taucorr":0.1129984491961793},"EnergyVariance":{"Mean":63.63800321930282,"Sigma":2.7950244876038735,"Taucorr":0.052914196645482026},"Iteration":1},
{"Acceptance":[0.5688015881308118],"Energy":{"Mean":-175.04032258064515,"Sigma":0.3611906086896298,"Taucorr":0.5548910557203619},"EnergyVariance":{"Mean":61.278616024973985,"Sigma":3.36152163581196,"Taucorr":0.2511597047102717},"Iteration":2},
{"Acceptance":[0.49447985233169645],"Energy":{"Mean":-179.60080645161295,"Sigma":0.34002351351917437,"Taucorr":0.5055115578292644},"EnergyVariance":{"Mean":56.97370902705516,"Sigma":2.8486573200380874,"Taucorr":0.18874380554764125},"Iteration":3},
{"Acceptance":[0.43522098004388254],"Energy":{"Mean":-183.6693548387097,"Sigma":0.357850976629974,"Taucorr":0.5942437546614863},"EnergyVariance":{"Mean":57.987447970863684,"Sigma":3.1013762358281776,"Taucorr":0.17935785372464175},"Iteration":4},
{"Acceptance":[0.3762233134816982],"Energy":{"Mean":-187.6602822580645,"Sigma":0.32626840320977446,"Taucorr":0.6863220990967869},"EnergyVariance":{"Mean":44.4622128235562,"Sigma":2.227724012552093,"Taucorr":0.03690363293021692},"Iteration":5},
{"Acceptance":[0.3322885104308153],"Energy":{"Mean":-191.1673387096774,"Sigma":0.356833575698463,"Taucorr":1.2381413041234561},"EnergyVariance":{"Mean":36.29861065946931,"Sigma":2.6165856855472036,"Taucorr":0.5026665831446542},"Iteration":6},
{"Acceptance":[0.2985755581095671],"Energy":{"Mean":-193.12701612903226,"Sigma":0.31450945161094784,"Taucorr":1.3077363990852717},"EnergyVariance":{"Mean":27.112899161030178,"Sigma":1.524583137825157,"Taucorr":0.1724843282815286},"Iteration":7},
{"Acceptance":[0.27297739699787554],"Energy":{"Mean":-194.76008064516122,"Sigma":0.24754925744961687,"Taucorr":0.7281062477870799},"EnergyVariance":{"Mean":24.724696767689906,"Sigma":1.1610292572773109,"Taucorr":0.003968400315314535},"Iteration":8},
{"Acceptance":[0.24525476265106397],"Energy":{"Mean":-197.03024193548384,"Sigma":0.255107783589275,"Taucorr":0.9844779799189516},"EnergyVariance":{"Mean":21.722875747918835,"Sigma":1.213646459398762,"Taucorr":0.22589765661726113},"Iteration":9},
{"Acceptance":[0.2227214153867586],"Energy":{"Mean":-198.38810483870964,"Sigma":0.25269786822222806,"Taucorr":1.3240582336682496},"EnergyVariance":{"Mean":17.346350440621748,"Sigma":1.0717160603498772,"Taucorr":0.21892701352055932},"Iteration":10},
{"Acceptance":[0.20488977118378435],"Energy":{"Mean":-199.03629032258064,"Sigma":0.19176432601878304,"Taucorr":0.5498837614624656},"EnergyVariance":{"Mean":17.35553785119667,"Sigma":0.9645177929663845,"Taucorr":0.11592419363244211},"Iteration":11},
{"Acceptance":[0.18557796120224287],"Energy":{"Mean":-200.2258064516129,"Sigma":0.20888724923050137,"Taucorr":0.9007600316932591},"EnergyVariance":{"Mean":15.434898543184184,"Sigma":0.7037351340927558,"Taucorr":-0.09731047627397782},"Iteration":12},
{"Acceptance":[0.16602235921011388],"Energy":{"Mean":-201.210685483871,"Sigma":0.1738596180737198,"Taucorr":0.7878376961061995},"EnergyVariance":{"Mean":11.630006788176381,"Sigma":1.0020988842619685,"Taucorr":0.41991824329315275},"Iteration":13},
{"Acceptance":[0.158046877720893],"Energy":{"Mean":-202.13608870967744,"Sigma":0.17757412451526694,"Taucorr":1.065179782669414},"EnergyVariance":{"Mean":9.98248792761446,"Sigma":0.7427390997915044,"Taucorr":0.49088694805532196},"Iteration":14},
{"Acceptance":[0.14411590568731933],"Energy":{"Mean":-202.8245967741936,"Sigma":0.15126925349659398,"Taucorr":0.861111447262217},"EnergyVariance":{"Mean":8.330120805150885,"Sigma":0.6379906801617998,"Taucorr":0.24125085416682857},"Iteration":15},
{"Acceptance":[0.13579214989725907],"Energy":{"Mean":-203.26108870967744,"Sigma":0.1268060752443234,"Taucorr":0.7190853388366383},"EnergyVariance":{"Mean":6.535663330840271,"Sigma":0.38767330697176056,"Taucorr":0.15559482555244664},"Iteration":16},
{"Acceptance":[0.13100337826071815],"Energy":{"Mean":-203.27822580645156,"Sigma":0.2098033895790934,"Taucorr":2.236950469576037},"EnergyVariance":{"Mean":7.968961368366284,"Sigma":0.8939253939773757,"Taucorr":0.6856471974238447},"Iteration":17},
{"Acceptance":[0.12415978824922509],"Energy":{"Mean":-203.87298387096774,"Sigma":0.1292127433957062,"Taucorr":0.9861749625459282},"EnergyVariance":{"Mean":5.566528193288241,"Sigma":0.5698418371798443,"Taucorr":0.7552644826388186},"Iteration":18},
{"Acceptance":[0.11233587573572947],"Energy":{"Mean":-204.1844758064516,"Sigma":0.10610120470141307,"Taucorr":0.5414452696508749},"EnergyVariance":{"Mean":5.356089644575964,"Sigma":0.5194627405388059,"Taucorr":0.23893814621810983},"Iteration":19},
{"Acceptance":[0.10852227214153867],"Energy":{"Mean":-204.58467741935482,"Sigma":0.0958347235945548,"Taucorr":0.6105871206860793},"EnergyVariance":{"Mean":4.097668444328825,"Sigma":0.6386829132274042,"Taucorr":1.2521867136584461},"Iteration":20},
{"Acceptance":[0.10059903179744367],"Energy":{"Mean":-204.90020161290326,"Sigma":0.0722039770627403,"Taucorr":0.32794232422549563},"EnergyVariance":{"Mean":3.1200806045135274,"Sigma":0.30260618538057266,"Taucorr":0.3420545329806822},"Iteration":21},
{"Acceptance":[0.09729042593946993],"Energy":{"Mean":-204.88407258064518,"Sigma":0.09896127133853544,"Taucorr":0.9571002094547589},"EnergyVariance":{"Mean":3.330310833441727,"Sigma":0.3201782427632578,"Taucorr":0.4926837043433975},"Iteration":22},
{"Acceptance":[0.09206631142687981],"Energy":{"Mean":-205.21370967741936,"Sigma":0.046534307925256584,"Taucorr":-0.05810376615172197},"EnergyVariance":{"Mean":2.4281184963579605,"Sigma":0.24851260694364016,"Taucorr":0.05746592944361395},"Iteration":23},
{"Acceptance":[0.08645909518336642],"Energy":{"Mean":-205.45060483870967,"Sigma":0.055935016268151394,"Taucorr":0.350795978032286},"EnergyVariance":{"Mean":1.8221568922346516,"Sigma":0.14077635416387496,"Taucorr":-0.06448262541101119},"Iteration":24},
{"Acceptance":[0.08412565736774283],"Energy":{"Mean":-205.43145161290326,"Sigma":0.06756088196152127,"Taucorr":0.47746039776732074},"EnergyVariance":{"Mean":2.313849505723205,"Sigma":0.30361354752029784,"Taucorr":0.7156557085930535},"Iteration":25},
{"Acceptance":[0.080869292654895],"Energy":{"Mean":-205.54838709677423,"Sigma":0.07171394868022767,"Taucorr":0.8100198860470027},"EnergyVariance":{"Mean":1.945239334027055,"Sigma":0.16377980580945378,"Taucorr":0.13967725480890536},"Iteration":26},
{"Acceptance":[0.07834430397380977],"Energy":{"Mean":-205.67842741935485,"Sigma":0.06685426313357298,"Taucorr":0.7550808034562058},"EnergyVariance":{"Mean":1.764534623764308,"Sigma":0.15510476521906316,"Taucorr":0.23675004490294094},"Iteration":27},
{"Acceptance":[0.07473966496012259],"Energy":{"Mean":-205.71975806451607,"Sigma":0.06602117154305973,"Taucorr":0.5574563838841735},"EnergyVariance":{"Mean":2.0424321995317376,"Sigma":0.24017792370367946,"Taucorr":0.14123703592372994},"Iteration":28},
{"Acceptance":[0.07195347055340787],"Energy":{"Mean":-205.8004032258065,"Sigma":0.05887821707464997,"Taucorr":0.5299191954395315},"EnergyVariance":{"Mean":1.6678224180541104,"Sigma":0.185811237047165,"Taucorr":0.2666525674805751},"Iteration":29},
{"Acceptance":[0.07019468533416919],"Energy":{"Mean":-205.8780241935484,"Sigma":0.07491531451424818,"Taucorr":1.456154850380437},"EnergyVariance":{"Mean":1.42161383812435,"Sigma":0.13998419081333924,"Taucorr":0.32230544917292103},"Iteration":30},
{"Acceptance":[0.0661721171594748],"Energy":{"Mean":-206.0110887096775,"Sigma":0.05579920142940812,"Taucorr":0.6499343422982151},"EnergyVariance":{"Mean":1.3416109114854318,"Sigma":0.20249864096780215,"Taucorr":0.27761373351118224},"Iteration":31},
{"Acceptance":[0.06469195138090761],"Energy":{"Mean":-206.07358870967744,"Sigma":0.05114507821209059,"Taucorr":0.5918296728804711},"EnergyVariance":{"Mean":1.1871250243886577,"Sigma":0.13345331030899105,"Taucorr":0.31364867033756194},"Iteration":32},
{"Acceptance":[0.06211472155469648],"Energy":{"Mean":-206.0473790322581,"Sigma":0.06067342608749549,"Taucorr":1.019579139671961},"EnergyVariance":{"Mean":1.2003761950442247,"Sigma":0.15760902145177766,"Taucorr":0.8062207395406782},"Iteration":33},
{"Acceptance":[0.06070421063629715],"Energy":{"Mean":-206.25806451612905,"Sigma":0.052069240202197414,"Taucorr":0.6773243801652891},"EnergyVariance":{"Mean":1.1410639958376692,"Sigma":0.19089017225231356,"Taucorr":0.2068812655345751},"Iteration":34},
{"Acceptance":[0.05859715111621913],"Energy":{"Mean":-206.3074596774194,"Sigma":0.05599735628453232,"Taucorr":1.2691316413173361},"EnergyVariance":{"Mean":0.8782508048257024,"Sigma":0.1344869793300678,"Taucorr":0.19960302817042752},"Iteration":35},
{"Acceptance":[0.05732594991815554],"Energy":{"Mean":-206.3790322580645,"Sigma":0.048428381804872196,"Taucorr":0.6793579700459038},"EnergyVariance":{"Mean":0.9853668054110303,"Sigma":0.1564970182036395,"Taucorr":0.49611796196216873},"Iteration":36},
{"Acceptance":[0.05495768467244802],"Energy":{"Mean":-206.29939516129033,"Sigma":0.05349774738272417,"Taucorr":1.1745798629400976},"EnergyVariance":{"Mean":0.8468544728798126,"Sigma":0.09211733179382718,"Taucorr":0.25902877273729685},"Iteration":37},
{"Acceptance":[0.05325114059833525],"Energy":{"Mean":-206.40826612903223,"Sigma":0.058650529995454975,"Taucorr":1.537995095269593},"EnergyVariance":{"Mean":0.8363429614334028,"Sigma":0.14100771815531976,"Taucorr":0.5439132987190185},"Iteration":38},
{"Acceptance":[0.05150976909413854],"Energy":{"Mean":-206.42137096774195,"Sigma":0.05662715123375389,"Taucorr":1.7521083596919893},"EnergyVariance":{"Mean":0.7055110236732571,"Sigma":0.08416913616281985,"Taucorr":0.1954320562927354},"Iteration":39},
{"Acceptance":[0.051753561104726085],"Energy":{"Mean":-206.47177419354838,"Sigma":0.05027133281037951,"Taucorr":0.9873069668938179},"EnergyVariance":{"Mean":0.8419452393340269,"Sigma":0.17771547471124005,"Taucorr":0.3189503472166981},"Iteration":40},
{"Acceptance":[0.04785288893532546],"Energy":{"Mean":-206.52217741935485,"Sigma":0.047452613875832925,"Taucorr":1.0340234349530482},"EnergyVariance":{"Mean":0.727330742715921,"Sigma":0.14683961156390773,"Taucorr":0.008109140264759729},"Iteration":41},
{"Acceptance":[0.04870616097238185],"Energy":{"Mean":-206.49899193548384,"Sigma":0.046135153082899706,"Taucorr":1.0430862976867068},"EnergyVariance":{"Mean":0.6834667257414153,"Sigma":0.10516879791998866,"Taucorr":0.09179232355811073},"Iteration":42},
{"Acceptance":[0.0465642740222199],"Energy":{"Mean":-206.59778225806448,"Sigma":0.04838499659420556,"Taucorr":1.2316969534236757},"EnergyVariance":{"Mean":0.669874113878772,"Sigma":0.19331717137365245,"Taucorr":0.579927034625908},"Iteration":43},
{"Acceptance":[0.046181172291296625],"Energy":{"Mean":-206.59979838709677,"Sigma":0.0358923821165333,"Taucorr":0.5586968014134319},"EnergyVariance":{"Mean":0.6029435077393339,"Sigma":0.07796080778936149,"Taucorr":-0.03309251083895676},"Iteration":44},
{"Acceptance":[0.044056699056176644],"Energy":{"Mean":-206.69556451612908,"Sigma":0.03558529615045488,"Taucorr":0.8020080016416811},"EnergyVariance":{"Mean":0.48191581035379827,"Sigma":0.08238643027545409,"Taucorr":0.09437093862818247},"Iteration":45},
{"Acceptance":[0.04210636297147634],"Energy":{"Mean":-206.63608870967744,"Sigma":0.0429053543109311,"Taucorr":0.9650462090212715},"EnergyVariance":{"Mean":0.6226088953563995,"Sigma":0.1034369964891412,"Taucorr":0.13132809485707797},"Iteration":46},
{"Acceptance":[0.04304670358374255],"Energy":{"Mean":-206.64616935483872,"Sigma":0.04389346429644169,"Taucorr":1.1249179989494218},"EnergyVariance":{"Mean":0.587505487447971,"Sigma":0.13511633665496592,"Taucorr":0.20096318069383168},"Iteration":47},
{"Acceptance":[0.040817748058370774],"Energy":{"Mean":-206.71673387096774,"Sigma":0.04628176319277087,"Taucorr":1.2985427260574216},"EnergyVariance":{"Mean":0.5901232033688865,"Sigma":0.1830707679879913,"Taucorr":1.057132422286995},"Iteration":48},
{"Acceptance":[0.041949639536098635],"Energy":{"Mean":-206.7862903225806,"Sigma":0.02776603260767877,"Taucorr":0.47493499038682196},"EnergyVariance":{"Mean":0.3918281737773154,"Sigma":0.09052901354365754,"Taucorr":0.10656346236682879},"Iteration":49} 
]}