{"Output": [
{"Acceptance":[0.8658263305322129],"Energy":{"Mean":-154.78225806451618,"Sigma":0.879175286775547,"Taucorr":0.14035122455505622},"EnergyVariance":{"Mean":74.23484651404787,"Sigma":9.945878262132219,"Taucorr":0.05855509114386426},"Iteration":0},
{"Acceptance":[0.8411764705882353],"Energy":{"Mean":-156.81451612903223,"Sigma":0.5586523412930346,"Taucorr":-0.1579813253940563},"EnergyVariance":{"Mean":56.11882154006243,"Sigma":7.287724471298205,"Taucorr":0.011627466351583515},"Iteration":1},
{"Acceptance":[0.8085434173669468],"Energy":{"Mean":-157.50806451612905,"Sigma":0.9413930902651083,"Taucorr":0.20627303411978415},"EnergyVariance":{"Mean":77.16928980228927,"Sigma":10.198727122117067,"Taucorr":-0.027548619200328583},"Iteration":2},
{"Acceptance":[0.7703081232492998],"Energy":{"Mean":-160.04838709677418,"Sigma":0.8040070476305622,"Taucorr":0.05155683241358766},"EnergyVariance":{"Mean":72.07830385015608,"Sigma":8.668672413623431,"Taucorr":0.006975768087641221},"Iteration":3},
{"Acceptance":[0.7523809523809524],"Energy":{"Mean":-160.33870967741936,"Sigma":0.6881825436026833,"Taucorr":-0.09244762754126978},"EnergyVariance":{"Mean":71.46592091571279,"Sigma":7.442822817159433,"Taucorr":-0.1654564564208531},"Iteration":4},
{"Acceptance":[0.7204481792717087],"Energy":{"Mean":-161.0806451612903,"Sigma":0.9173790313718929,"Taucorr":0.24288436047271456},"EnergyVariance":{"Mean":69.67091571279916,"Sigma":9.444235898133492,"Taucorr":0.0670596166998162},"Iteration":5},
{"Acceptance":[0.6763305322128852],"Energy":{"Mean":-162.8629032258065,"Sigma":0.9820183509605638,"Taucorr":0.2721223071836357},"EnergyVariance":{"Mean":76.81184963579604,"Sigma":10.597557215637675,"Taucorr":0.10693081389237757},"Iteration":6},
{"Acceptance":[0.5659663865546218],"Energy":{"Mean":-171.21774193548393,"Sigma":1.0521829545393229,"Taucorr":0.2550817586383721},"EnergyVariance":{"Mean":90.1703303850156,"Sigma":12.39271494165235,"Taucorr":0.16385307631494817},"Iteration":7},
{"Acceptance":[0.4943977591036415],"Energy":{"Mean":-175.10483870967738,"Sigma":0.935613635790402,"Taucorr":0.348487730976326},"EnergyVariance":{"Mean":63.448686264308016,"Sigma":9.129343375888222,"Taucorr":-0.013380834441512501},"Iteration":8},
{"Acceptance":[0.4549019607843137],"Energy":{"Mean":-177.59677419354838,"Sigma":0.9951277420670986,"Taucorr":0.34531068897161477},"EnergyVariance":{"Mean":72.04708636836628,"Sigma":9.52217510468111,"Taucorr":0.087768443121233},"Iteration":9},
{"Acceptance":[0.403781512605042],"Energy":{"Mean":-181.62096774193546,"Sigma":0.7563237849672911,"Taucorr":0.14999957942145203},"EnergyVariance":{"Mean":54.122463579604585,"Sigma":7.886503468477046,"Taucorr":0.05660459617873981},"Iteration":10},
{"Acceptance":[0.37170868347338937],"Energy":{"Mean":-184.64516129032256,"Sigma":0.7431383423744474,"Taucorr":0.4083567572080594},"EnergyVariance":{"Mean":37.390218522372535,"Sigma":4.362657430256207,"Taucorr":0.09851509858902785},"Iteration":11},
{"Acceptance":[0.3317927170868347],"Energy":{"Mean":-186.20161290322582,"Sigma":0.6772433207018804,"Taucorr":0.1357243680037753},"EnergyVariance":{"Mean":44.370642559833506,"Sigma":7.062439949751327,"Taucorr":0.16029243257457715},"Iteration":12},
{"Acceptance":[0.29327731092436976],"Energy":{"Mean":-189.69354838709674,"Sigma":0.5635321685844403,"Taucorr":0.36050891168548127},"EnergyVariance":{"Mean":22.696409989594173,"Sigma":2.607022942287283,"Taucorr":-0.014337092781362137},"Iteration":13},
{"Acceptance":[0.276890756302521],"Energy":{"Mean":-190.48387096774192,"Sigma":0.5660578027058394,"Taucorr":0.2520954546357166},"EnergyVariance":{"Mean":26.201352757544228,"Sigma":4.14352741430413,"Taucorr":0.10189063212493343},"Iteration":14},
{"Acceptance":[0.25014005602240896],"Energy":{"Mean":-192.91129032258067,"Sigma":0.5158181187192136,"Taucorr":0.3377443553945476},"EnergyVariance":{"Mean":19.532453173777316,"Sigma":2.840090782485179,"Taucorr":0.02963047161851584},"Iteration":15},
{"Acceptance":[0.23319327731092437],"Energy":{"Mean":-193.8790322580645,"Sigma":0.4707679278591491,"Taucorr":0.2741407014757201},"EnergyVariance":{"Mean":17.606334547346517,"Sigma":2.310072950801033,"Taucorr":-0.06958513088547008},"Iteration":16},
{"Acceptance":[0.22142857142857142],"Energy":{"Mean":-194.33870967741936,"Sigma":0.48340030873050693,"Taucorr":0.312304248092109},"EnergyVariance":{"Mean":17.691727367325704,"Sigma":2.2811705815120398,"Taucorr":-0.0043674094262197705},"Iteration":17},
{"Acceptance":[0.21050420168067227],"Energy":{"Mean":-195.50806451612905,"Sigma":0.5633859654782106,"Taucorr":0.4342062916494195},"EnergyVariance":{"Mean":20.89509625390219,"Sigma":4.837505376362331,"Taucorr":0.2469585589145663},"Iteration":18},
{"Acceptance":[0.19453781512605042],"Energy":{"Mean":-197.5483870967742,"Sigma":0.4742593766026407,"Taucorr":0.49451801144652696},"EnergyVariance":{"Mean":13.908949011446408,"Sigma":1.6899647752005864,"Taucorr":0.03151960375769203},"Iteration":19},
{"Acceptance":[0.18683473389355743],"Energy":{"Mean":-197.0322580645161,"Sigma":0.3510242186533088,"Taucorr":0.09477039774583629},"EnergyVariance":{"Mean":12.740894901144642,"Sigma":1.414380688973,"Taucorr":-0.09035057989511813},"Iteration":20},
{"Acceptance":[0.1749299719887955],"Energy":{"Mean":-197.9193548387097,"Sigma":0.3959450204811821,"Taucorr":0.18505110811260528},"EnergyVariance":{"Mean":14.07414151925078,"Sigma":2.3616365680794558,"Taucorr":0.1350779757525853},"Iteration":21},
{"Acceptance":[0.15252100840336136],"Energy":{"Mean":-199.46774193548384,"Sigma":0.42308104657812223,"Taucorr":0.3288660803478758},"EnergyVariance":{"Mean":13.2812174817898,"Sigma":1.9737139126830825,"Taucorr":0.16306805587304407},"Iteration":22},
{"Acceptance":[0.14551820728291318],"Energy":{"Mean":-199.9193548387097,"Sigma":0.3577834797522497,"Taucorr":0.39297707220632205},"EnergyVariance":{"Mean":8.816077003121752,"Sigma":1.3873039515186658,"Taucorr":0.10127786285006002},"Iteration":23},
{"Acceptance":[0.14677871148459384],"Energy":{"Mean":-200.4193548387097,"Sigma":0.37591949935661945,"Taucorr":0.28996985102861184},"EnergyVariance":{"Mean":11.00156087408949,"Sigma":1.3906205330938106,"Taucorr":-0.13207367641528017},"Iteration":24},
{"Acceptance":[0.12829131652661063],"Energy":{"Mean":-201.75806451612902,"Sigma":0.35572957572298003,"Taucorr":0.35952162045683156},"EnergyVariance":{"Mean":9.054370447450573,"Sigma":1.4238056079774855,"Taucorr":0.049898786465851},"Iteration":25},
{"Acceptance":[0.12212885154061624],"Energy":{"Mean":-201.69354838709677,"Sigma":0.35273693276882895,"Taucorr":0.46003214856882046},"EnergyVariance":{"Mean":7.970603537981271,"Sigma":0.9074721637037582,"Taucorr":0.10478426359432869},"Iteration":26},
{"Acceptance":[0.10602240896358543],"Energy":{"Mean":-202.4677419354839,"Sigma":0.3172339151476003,"Taucorr":0.19713936179564462},"EnergyVariance":{"Mean":8.877991675338187,"Sigma":1.7059616001933202,"Taucorr":0.1800548016470448},"Iteration":27},
{"Acceptance":[0.1061624649859944],"Energy":{"Mean":-203.2177419354839,"Sigma":0.31124574866118165,"Taucorr":0.3619092423059169},"EnergyVariance":{"Mean":6.912265868886577,"Sigma":0.867663422233208,"Taucorr":0.043912037346903854},"Iteration":28},
{"Acceptance":[0.09761904761904762],"Energy":{"Mean":-204.01612903225802,"Sigma":0.32666765769633116,"Taucorr":0.34071383343886363},"EnergyVariance":{"Mean":7.806191467221645,"Sigma":1.9990676616697325,"Taucorr":0.24561877044354563},"Iteration":29} 
]}