{"Output": [
{"Acceptance":[0.9376190476190476],"Energy":{"Mean":-12.427419354838706,"Sigma":0.21664398611246008,"Taucorr":0.04202337481528551},"EnergyVariance":{"Mean":5.325377211238295,"Sigma":0.7047118766860027,"Taucorr":-0.06440185145228688},"Iteration":0},
{"Acceptance":[0.8938095238095238],"Energy":{"Mean":-12.330645161290322,"Sigma":0.1845464859605903,"Taucorr":-0.1143377201911217},"EnergyVariance":{"Mean":5.430996357960458,"Sigma":0.5326452421735028,"Taucorr":-0.09237913210034465},"Iteration":1},
{"Acceptance":[0.8609523809523809],"Energy":{"Mean":-13.201612903225808,"Sigma":0.21671402134659784,"Taucorr":-0.012023821296326953},"EnergyVariance":{"Mean":5.919029656607698,"Sigma":0.7225292891651148,"Taucorr":-0.0632703192659248},"Iteration":2},
{"Acceptance":[0.8180952380952381],"Energy":{"Mean":-13.508064516129034,"Sigma":0.21549014864334495,"Taucorr":0.12899829539757346},"EnergyVariance":{"Mean":4.540257544224765,"Sigma":0.6122179488392192,"Taucorr":0.16898429845590113},"Iteration":3},
{"Acceptance":[0.7766666666666666],"Energy":{"Mean":-13.516129032258062,"Sigma":0.2168740169544724,"Taucorr":0.019103641456582277},"EnergyVariance":{"Mean":5.5723204994797095,"Sigma":0.6785764212274012,"Taucorr":-0.06455767117866895},"Iteration":4},
{"Acceptance":[0.7176190476190476],"Energy":{"Mean":-14.120967741935482,"Sigma":0.24780514146675187,"Taucorr":0.1716903216851159},"EnergyVariance":{"Mean":5.622463579604579,"Sigma":0.680462931347161,"Taucorr":-0.11507528803103578},"Iteration":5},
{"Acceptance":[0.6885714285714286],"Energy":{"Mean":-14.201612903225808,"Sigma":0.23629628602699013,"Taucorr":0.0692884945065605},"EnergyVariance":{"Mean":6.031932882414151,"Sigma":0.8480509406009491,"Taucorr":0.14715374589959285},"Iteration":6},
{"Acceptance":[0.6290476190476191],"Energy":{"Mean":-14.838709677419354,"Sigma":0.2829254782141134,"Taucorr":0.3516449144914493},"EnergyVariance":{"Mean":5.780437044745057,"Sigma":0.7202905250743692,"Taucorr":0.014706217555309542},"Iteration":7},
{"Acceptance":[0.5838095238095238],"Energy":{"Mean":-15.04838709677419,"Sigma":0.253846578325932,"Taucorr":0.1351282051282049},"EnergyVariance":{"Mean":6.239594172736733,"Sigma":0.8958575361196184,"Taucorr":0.12215112342328438},"Iteration":8},
{"Acceptance":[0.5333333333333333],"Energy":{"Mean":-15.370967741935482,"Sigma":0.22566239644569713,"Taucorr":0.12947058823529412},"EnergyVariance":{"Mean":4.975286160249741,"Sigma":0.521602596766579,"Taucorr":-0.056530922615293744},"Iteration":9},
{"Acceptance":[0.4938095238095238],"Energy":{"Mean":-16.024193548387093,"Sigma":0.27590390028443035,"Taucorr":0.36782764898067444},"EnergyVariance":{"Mean":5.394575962539022,"Sigma":0.8131701838674452,"Taucorr":0.06830301921220616},"Iteration":10},
{"Acceptance":[0.4104761904761905],"Energy":{"Mean":-16.161290322580644,"Sigma":0.23173851687015548,"Taucorr":0.2745028062469498},"EnergyVariance":{"Mean":4.264308012486993,"Sigma":0.5294612238923182,"Taucorr":0.017205256596591223},"Iteration":11},
{"Acceptance":[0.39714285714285713],"Energy":{"Mean":-16.91935483870968,"Sigma":0.29905476014673943,"Taucorr":0.5283902427160856},"EnergyVariance":{"Mean":5.348335067637876,"Sigma":0.6926618810358012,"Taucorr":0.20902518888861232},"Iteration":12},
{"Acceptance":[0.42095238095238097],"Energy":{"Mean":-16.39516129032259,"Sigma":0.30995451312751765,"Taucorr":0.6039822094761267},"EnergyVariance":{"Mean":5.351912070759625,"Sigma":0.9156791483604283,"Taucorr":0.3374178242199619},"Iteration":13},
{"Acceptance":[0.3352380952380952],"Energy":{"Mean":-17.145161290322577,"Sigma":0.23525729267443266,"Taucorr":0.3189350316079369},"EnergyVariance":{"Mean":4.1563475546305915,"Sigma":0.43622941886320393,"Taucorr":-0.0026689881084063782},"Iteration":14},
{"Acceptance":[0.2714285714285714],"Energy":{"Mean":-18.096774193548388,"Sigma":0.22290766066266546,"Taucorr":0.4548447406925703},"EnergyVariance":{"Mean":3.2003121748178978,"Sigma":0.6446829204543462,"Taucorr":0.1222710404038101},"Iteration":15},
{"Acceptance":[0.25],"Energy":{"Mean":-18.249999999999996,"Sigma":0.1555427542095638,"Taucorr":0.10048820179007345},"EnergyVariance":{"Mean":2.477822580645161,"Sigma":0.3594157397092471,"Taucorr":0.1518126821719903},"Iteration":16},
{"Acceptance":[0.24761904761904763],"Energy":{"Mean":-18.16129032258065,"Sigma":0.21737324420901838,"Taucorr":0.42211078091464416},"EnergyVariance":{"Mean":3.151404786680542,"Sigma":0.5088872095759421,"Taucorr":0.2806379186532896},"Iteration":17},
{"Acceptance":[0.24857142857142858],"Energy":{"Mean":-18.241935483870968,"Sigma":0.21735329713449048,"Taucorr":0.4562805034677624},"EnergyVariance":{"Mean":3.0382414151925072,"Sigma":0.36593883411948264,"Taucorr":0.07991756963612406},"Iteration":18},
{"Acceptance":[0.18095238095238095],"Energy":{"Mean":-18.92741935483871,"Sigma":0.1598863626978872,"Taucorr":0.36896006326611297},"EnergyVariance":{"Mean":1.809248178980229,"Sigma":0.3793335050126635,"Taucorr":0.220993302666168},"Iteration":19},
{"Acceptance":[0.16142857142857142],"Energy":{"Mean":-19.129032258064516,"Sigma":0.13760185266843988,"Taucorr":0.38079004329004373},"EnergyVariance":{"Mean":1.322060353798127,"Sigma":0.3632271537572077,"Taucorr":0.7282345433300612},"Iteration":20},
{"Acceptance":[0.15619047619047619],"Energy":{"Mean":-19.0,"Sigma":0.16064386578049994,"Taucorr":0.5468085106382992},"EnergyVariance":{"Mean":1.5161290322580647,"Sigma":0.25451183609773387,"Taucorr":0.4374081782566114},"Iteration":21},
{"Acceptance":[0.1419047619047619],"Energy":{"Mean":-19.153225806451612,"Sigma":0.14372044780609977,"Taucorr":0.36506931219274563},"EnergyVariance":{"Mean":1.4684573361082205,"Sigma":0.21645454746902726,"Taucorr":0.17478518672144028},"Iteration":22},
{"Acceptance":[0.15857142857142856],"Energy":{"Mean":-18.870967741935484,"Sigma":0.19567602961902222,"Taucorr":0.5140908581671524},"EnergyVariance":{"Mean":2.3220603537981273,"Sigma":0.5019323571441289,"Taucorr":0.2079075324114742},"Iteration":23},
{"Acceptance":[0.1361904761904762],"Energy":{"Mean":-19.274193548387096,"Sigma":0.15953344220384724,"Taucorr":0.6506502199273283},"EnergyVariance":{"Mean":1.3603017689906347,"Sigma":0.35835328412121575,"Taucorr":0.27538433832552434},"Iteration":24},
{"Acceptance":[0.13714285714285715],"Energy":{"Mean":-19.451612903225804,"Sigma":0.10714987671701601,"Taucorr":0.16984205330700852},"EnergyVariance":{"Mean":1.0541103017689906,"Sigma":0.32198105353662326,"Taucorr":0.11910848299170618},"Iteration":25},
{"Acceptance":[0.11666666666666667],"Energy":{"Mean":-19.475806451612904,"Sigma":0.09081089200167249,"Taucorr":0.20719143919470284},"EnergyVariance":{"Mean":0.7171566077003122,"Sigma":0.13321305701668132,"Taucorr":0.05296956525089869},"Iteration":26},
{"Acceptance":[0.1219047619047619],"Energy":{"Mean":-19.241935483870968,"Sigma":0.15958778846405217,"Taucorr":0.6114731401144553},"EnergyVariance":{"Mean":1.4092091571279914,"Sigma":0.4779712991380246,"Taucorr":0.7240648394226172},"Iteration":27},
{"Acceptance":[0.11],"Energy":{"Mean":-19.572580645161295,"Sigma":0.08767727693501211,"Taucorr":0.13481791983232838},"EnergyVariance":{"Mean":0.7447320499479708,"Sigma":0.16460782156149395,"Taucorr":0.010616543425710057},"Iteration":28},
{"Acceptance":[0.1],"Energy":{"Mean":-19.62096774193548,"Sigma":0.09621252778587781,"Taucorr":0.14653962626486394},"EnergyVariance":{"Mean":0.8805280957336108,"Sigma":0.22415186878016438,"Taucorr":0.0841078779665676},"Iteration":29},
{"Acceptance":[0.10761904761904761],"Energy":{"Mean":-19.677419354838708,"Sigma":0.08613064313261418,"Taucorr":0.3966129856850713},"EnergyVariance":{"Mean":0.5088449531737773,"Sigma":0.17678853078973764,"Taucorr":0.11681291666579752},"Iteration":30},
{"Acceptance":[0.09428571428571429],"Energy":{"Mean":-19.653225806451616,"Sigma":0.08880737533158353,"Taucorr":0.25097170476286235},"EnergyVariance":{"Mean":0.6458766909469303,"Sigma":0.20602275261568595,"Taucorr":0.020222720948724682},"Iteration":31},
{"Acceptance":[0.08619047619047619],"Energy":{"Mean":-19.84677419354839,"Sigma":0.04127898029699923,"Taucorr":0.039437562772014045},"EnergyVariance":{"Mean":0.19426378772112385,"Sigma":0.07431083896591574,"Taucorr":0.02714159429780949},"Iteration":32},
{"Acceptance":[0.1],"Energy":{"Mean":-19.620967741935484,"Sigma":0.08429894939167226,"Taucorr":0.28329642149434664},"EnergyVariance":{"Mean":0.5579474505723205,"Sigma":0.16229654562566972,"Taucorr":0.26104662651758004},"Iteration":33},
{"Acceptance":[0.0919047619047619],"Energy":{"Mean":-19.629032258064512,"Sigma":0.09265423623448431,"Taucorr":0.25306122448979584},"EnergyVariance":{"Mean":0.701092611862643,"Sigma":0.19748841949003865,"Taucorr":0.1389527759371353},"Iteration":34},
{"Acceptance":[0.09333333333333334],"Energy":{"Mean":-19.516129032258068,"Sigma":0.09968733638943517,"Taucorr":0.3714020771513361},"EnergyVariance":{"Mean":0.7013527575442248,"Sigma":0.1622551507738044,"Taucorr":0.26341152647338884},"Iteration":35},
{"Acceptance":[0.0880952380952381],"Energy":{"Mean":-19.69354838709677,"Sigma":0.0817398816691683,"Taucorr":0.29174185463659186},"EnergyVariance":{"Mean":0.518990634755463,"Sigma":0.17624171391763052,"Taucorr":0.1800084318535181},"Iteration":36},
{"Acceptance":[0.08428571428571428],"Energy":{"Mean":-19.65322580645161,"Sigma":0.11039848360417802,"Taucorr":0.5092915316577631},"EnergyVariance":{"Mean":0.7426508844953174,"Sigma":0.2850448712534243,"Taucorr":0.406795573839448},"Iteration":37},
{"Acceptance":[0.09],"Energy":{"Mean":-19.790322580645164,"Sigma":0.05449767455030454,"Taucorr":0.2933615819209039},"EnergyVariance":{"Mean":0.2302289281997919,"Sigma":0.07219649644964507,"Taucorr":0.046687109087182654},"Iteration":38},
{"Acceptance":[0.08904761904761904],"Energy":{"Mean":-19.806451612903224,"Sigma":0.05762979439080252,"Taucorr":0.013169934640521186},"EnergyVariance":{"Mean":0.3980228928199792,"Sigma":0.12836618839447425,"Taucorr":-0.022444330398892764},"Iteration":39} 
]}