{"Output": [
{"Acceptance":[0.8476190476190476],"Energy":{"Mean":-156.91129032258064,"Sigma":0.796122017710162,"Taucorr":-0.04375815946147377},"EnergyVariance":{"Mean":85.43567898022894,"Sigma":11.955138623015984,"Taucorr":0.06701786956322275},"Iteration":0},
{"Acceptance":[0.822829131652661],"Energy":{"Mean":-159.31451612903226,"Sigma":0.724101941185001,"Taucorr":-0.04033632999982478},"EnergyVariance":{"Mean":70.15107960457854,"Sigma":8.228831347069097,"Taucorr":-0.055364247664944854},"Iteration":1},
{"Acceptance":[0.7855742296918767],"Energy":{"Mean":-159.2177419354839,"Sigma":0.8871651977521845,"Taucorr":0.18089088122955987},"EnergyVariance":{"Mean":71.0896852237253,"Sigma":9.652236832504318,"Taucorr":-0.0787539413188415},"Iteration":2},
{"Acceptance":[0.7140056022408964],"Energy":{"Mean":-162.98387096774192,"Sigma":1.3015156323995885,"Taucorr":0.3726045001013224},"EnergyVariance":{"Mean":119.38683662851196,"Sigma":19.187253264564397,"Taucorr":0.26846185100877684},"Iteration":3},
{"Acceptance":[0.584593837535014],"Energy":{"Mean":-170.1048387096774,"Sigma":1.1932141351204009,"Taucorr":0.3998773509680581},"EnergyVariance":{"Mean":97.30352497398543,"Sigma":9.75736572912733,"Taucorr":-0.06064120087918917},"Iteration":4},
{"Acceptance":[0.47478991596638653],"Energy":{"Mean":-177.02419354838707,"Sigma":1.0503682686689308,"Taucorr":0.4878637324720497},"EnergyVariance":{"Mean":68.68489854318418,"Sigma":6.421004207516916,"Taucorr":-0.13447577134167216},"Iteration":5},
{"Acceptance":[0.4196078431372549],"Energy":{"Mean":-180.61290322580646,"Sigma":0.7307418816088816,"Taucorr":-0.00780209454295816},"EnergyVariance":{"Mean":66.72112382934444,"Sigma":7.838765909158901,"Taucorr":-0.048991719179130366},"Iteration":6},
{"Acceptance":[0.37591036414565826],"Energy":{"Mean":-183.3548387096774,"Sigma":0.8873191314675524,"Taucorr":0.2567337558849597},"EnergyVariance":{"Mean":63.98699271592091,"Sigma":9.384438484525532,"Taucorr":0.013560950532014004},"Iteration":7},
{"Acceptance":[0.3014005602240896],"Energy":{"Mean":-188.70967741935485,"Sigma":0.9363548040737742,"Taucorr":0.4868093048057055},"EnergyVariance":{"Mean":54.64151925078045,"Sigma":8.866265658206405,"Taucorr":0.22687678172687498},"Iteration":8},
{"Acceptance":[0.2707282913165266],"Energy":{"Mean":-191.45967741935485,"Sigma":0.6321469619302367,"Taucorr":0.2856619214048256},"EnergyVariance":{"Mean":31.280632154006238,"Sigma":4.734910872744959,"Taucorr":0.18664564701588715},"Iteration":9},
{"Acceptance":[0.23067226890756304],"Energy":{"Mean":-194.0967741935484,"Sigma":0.7133215334814569,"Taucorr":0.34781649539758297},"EnergyVariance":{"Mean":36.90998959417274,"Sigma":4.832395093284952,"Taucorr":-0.016173349780487012},"Iteration":10},
{"Acceptance":[0.19411764705882353],"Energy":{"Mean":-195.66935483870972,"Sigma":0.7155518113510131,"Taucorr":0.3985554019319474},"EnergyVariance":{"Mean":35.0438995837669,"Sigma":6.686486239827632,"Taucorr":0.24683961212211436},"Iteration":11},
{"Acceptance":[0.1766106442577031],"Energy":{"Mean":-197.0,"Sigma":0.5832565233608713,"Taucorr":0.341204604409857},"EnergyVariance":{"Mean":24.870967741935484,"Sigma":2.2301354582919184,"Taucorr":-0.023362235243182428},"Iteration":12},
{"Acceptance":[0.1334733893557423],"Energy":{"Mean":-200.06451612903226,"Sigma":0.446908096854755,"Taucorr":0.4404952792606164},"EnergyVariance":{"Mean":13.06035379812695,"Sigma":1.8107526193201111,"Taucorr":0.24622228441088878},"Iteration":13},
{"Acceptance":[0.13711484593837536],"Energy":{"Mean":-199.65322580645162,"Sigma":0.5957598179350235,"Taucorr":0.5506992032807916},"EnergyVariance":{"Mean":20.774908949011447,"Sigma":3.9190233465836735,"Taucorr":0.26483044430711467},"Iteration":14},
{"Acceptance":[0.12703081232492996],"Energy":{"Mean":-201.21774193548384,"Sigma":0.438678050725919,"Taucorr":0.27683510422580804},"EnergyVariance":{"Mean":15.234846514047868,"Sigma":2.859506761036783,"Taucorr":0.14781217198111862},"Iteration":15},
{"Acceptance":[0.11134453781512606],"Energy":{"Mean":-201.7016129032258,"Sigma":0.3892747866499082,"Taucorr":0.37416042898189894},"EnergyVariance":{"Mean":10.660965140478668,"Sigma":2.0061549772957994,"Taucorr":0.31337380571040163},"Iteration":16},
{"Acceptance":[0.09705882352941177],"Energy":{"Mean":-202.5564516129032,"Sigma":0.4174792631221457,"Taucorr":0.5748198436144742},"EnergyVariance":{"Mean":9.972619667013525,"Sigma":2.1826783747750103,"Taucorr":0.5672973088521533},"Iteration":17},
{"Acceptance":[0.09243697478991597],"Energy":{"Mean":-203.22580645161293,"Sigma":0.2457583279169764,"Taucorr":0.020041156759907364},"EnergyVariance":{"Mean":7.1425598335067635,"Sigma":1.0882228423205595,"Taucorr":-0.09320342510488372},"Iteration":18},
{"Acceptance":[0.0799719887955182],"Energy":{"Mean":-203.8951612903226,"Sigma":0.2946143354620231,"Taucorr":0.39734986388533544},"EnergyVariance":{"Mean":5.948686264308013,"Sigma":1.0258833716580598,"Taucorr":0.17484951873772292},"Iteration":19},
{"Acceptance":[0.07436974789915966],"Energy":{"Mean":-204.05645161290323,"Sigma":0.3114546337758538,"Taucorr":0.49082189265384335},"EnergyVariance":{"Mean":6.021006763787723,"Sigma":1.7443035261756146,"Taucorr":0.7363823857005447},"Iteration":20},
{"Acceptance":[0.07563025210084033],"Energy":{"Mean":-204.58064516129033,"Sigma":0.20719163405489624,"Taucorr":0.181749630525328},"EnergyVariance":{"Mean":3.8725286160249746,"Sigma":0.841649563908654,"Taucorr":0.15736251674069446},"Iteration":21},
{"Acceptance":[0.0742296918767507],"Energy":{"Mean":-204.4596774193548,"Sigma":0.2318974949073261,"Taucorr":0.20126594497689432},"EnergyVariance":{"Mean":4.716116024973985,"Sigma":1.0646750691238291,"Taucorr":0.20542939959024775},"Iteration":22},
{"Acceptance":[0.06470588235294118],"Energy":{"Mean":-204.5967741935484,"Sigma":0.21492603733886761,"Taucorr":0.2761994455895983},"EnergyVariance":{"Mean":3.6599895941727363,"Sigma":0.6789277990769127,"Taucorr":0.307880434958708},"Iteration":23},
{"Acceptance":[0.0634453781512605],"Energy":{"Mean":-204.88709677419354,"Sigma":0.19114774646369131,"Taucorr":0.18558417334708877},"EnergyVariance":{"Mean":3.277575442247659,"Sigma":0.5060186106679586,"Taucorr":0.08176009820337093},"Iteration":24},
{"Acceptance":[0.05588235294117647],"Energy":{"Mean":-205.25806451612905,"Sigma":0.18925571217915374,"Taucorr":0.4764212407749119},"EnergyVariance":{"Mean":2.2559833506763787,"Sigma":0.3499683237254684,"Taucorr":0.41871050655938746},"Iteration":25},
{"Acceptance":[0.050980392156862744],"Energy":{"Mean":-205.27419354838707,"Sigma":0.22068893799520437,"Taucorr":0.6164379908852882},"EnergyVariance":{"Mean":2.682882414151925,"Sigma":0.5267790964654556,"Taucorr":0.4891891167154342},"Iteration":26},
{"Acceptance":[0.047058823529411764],"Energy":{"Mean":-205.69354838709683,"Sigma":0.17987065148612438,"Taucorr":0.40590429941964645},"EnergyVariance":{"Mean":2.196409989594172,"Sigma":0.7570215733145047,"Taucorr":-0.014093299410982807},"Iteration":27},
{"Acceptance":[0.042296918767507005],"Energy":{"Mean":-205.62903225806448,"Sigma":0.18252668376950767,"Taucorr":0.17403508771928922},"EnergyVariance":{"Mean":3.0398022892819982,"Sigma":0.49528052238880615,"Taucorr":-0.06727177133988282},"Iteration":28},
{"Acceptance":[0.04089635854341737],"Energy":{"Mean":-206.00806451612908,"Sigma":0.1557516767405474,"Taucorr":0.28724389992792676},"EnergyVariance":{"Mean":1.8950962539021858,"Sigma":0.43023895423618314,"Taucorr":0.0005524182010576695},"Iteration":29} 
]}