{"Output": [
{"Acceptance":[0.9165338645418327],"Energy":{"Mean":-3899.7338709677424,"Sigma":3.894025191070602,"Taucorr":0.0647457530457175},"EnergyVariance":{"Mean":1651.2759495317378,"Sigma":250.34677021392565,"Taucorr":0.1502576126061268},"Iteration":0},
{"Acceptance":[0.9163915765509391],"Energy":{"Mean":-3898.483870967742,"Sigma":3.9416942669452117,"Taucorr":0.031443630670292655},"EnergyVariance":{"Mean":1797.9755463059314,"Sigma":226.82239473700304,"Taucorr":-0.03656631980706737},"Iteration":1},
{"Acceptance":[0.9114399544678429],"Energy":{"Mean":-3898.4758064516136,"Sigma":3.7357319034782495,"Taucorr":-0.04288031952839605},"EnergyVariance":{"Mean":1877.5719953173773,"Sigma":216.8341337168745,"Taucorr":-0.00968796191918736},"Iteration":2},
{"Acceptance":[0.9097040409789414],"Energy":{"Mean":-3895.483870967743,"Sigma":3.2858431980278153,"Taucorr":-0.12204946516660442},"EnergyVariance":{"Mean":1756.8465140478668,"Sigma":263.97700149588155,"Taucorr":0.1219274935898721},"Iteration":3},
{"Acceptance":[0.9072282299373933],"Energy":{"Mean":-3899.6129032258063,"Sigma":4.4954552723989325,"Taucorr":0.05069412281779451},"EnergyVariance":{"Mean":2256.8985431841825,"Sigma":283.68940464145237,"Taucorr":-0.06387157230468116},"Iteration":4},
{"Acceptance":[0.8984632896983494],"Energy":{"Mean":-3903.9193548387098,"Sigma":4.078009263846527,"Taucorr":0.06278811532300177},"EnergyVariance":{"Mean":1817.2999479708635,"Sigma":292.2438396026051,"Taucorr":-0.07704704157992948},"Iteration":5},
{"Acceptance":[0.8958167330677291],"Energy":{"Mean":-3907.2741935483864,"Sigma":3.406357805608009,"Taucorr":-0.03982915398075776},"EnergyVariance":{"Mean":1550.7312695109256,"Sigma":134.37146369546804,"Taucorr":-0.26576408321198164},"Iteration":6},
{"Acceptance":[0.8928571428571429],"Energy":{"Mean":-3909.0080645161293,"Sigma":3.685639158160001,"Taucorr":-0.075795760915213},"EnergyVariance":{"Mean":1969.3628381893864,"Sigma":268.613003021487,"Taucorr":0.030046423010569367},"Iteration":7},
{"Acceptance":[0.8900682982356289],"Energy":{"Mean":-3906.161290322581,"Sigma":4.227367765415265,"Taucorr":0.28248594027013063},"EnergyVariance":{"Mean":1404.5546305931323,"Sigma":151.96865699872558,"Taucorr":-0.09476135548079717},"Iteration":8},
{"Acceptance":[0.8848036425725668],"Energy":{"Mean":-3905.693548387096,"Sigma":2.5592891548529266,"Taucorr":-0.22985155837147664},"EnergyVariance":{"Mean":1491.1157648283038,"Sigma":167.92128763603412,"Taucorr":0.002361482640675261},"Iteration":9},
{"Acceptance":[0.8807911212293682],"Energy":{"Mean":-3910.9677419354834,"Sigma":4.070097188073152,"Taucorr":0.07932549726479099},"EnergyVariance":{"Mean":1758.5796045785642,"Sigma":227.13158307355826,"Taucorr":0.062013068988926445},"Iteration":10},
{"Acceptance":[0.8821286283437678],"Energy":{"Mean":-3910.5483870967746,"Sigma":2.9383316565761355,"Taucorr":-0.26070125602854316},"EnergyVariance":{"Mean":2218.892819979188,"Sigma":284.5161903043205,"Taucorr":-0.001375620646066722},"Iteration":11},
{"Acceptance":[0.8761525327262379],"Energy":{"Mean":-3901.4677419354834,"Sigma":4.6161931835071,"Taucorr":0.09756324840981001},"EnergyVariance":{"Mean":2193.103798126951,"Sigma":209.3217298676852,"Taucorr":-0.10098249533861725},"Iteration":12},
{"Acceptance":[0.8595048377916904],"Energy":{"Mean":-3914.895161290323,"Sigma":3.5586819135037175,"Taucorr":-0.028024621599740673},"EnergyVariance":{"Mean":1650.1906217481792,"Sigma":196.24425763149029,"Taucorr":-0.06593340832275463},"Iteration":13},
{"Acceptance":[0.8566306203756403],"Energy":{"Mean":-3909.354838709677,"Sigma":4.376850978543834,"Taucorr":0.07386405970593968},"EnergyVariance":{"Mean":2053.003121748179,"Sigma":285.8453342894347,"Taucorr":0.07935782426540738},"Iteration":14},
{"Acceptance":[0.8211439954467843],"Energy":{"Mean":-3918.0564516129025,"Sigma":4.169698515400226,"Taucorr":0.08374450477728301},"EnergyVariance":{"Mean":1831.7306841831426,"Sigma":209.97424590183638,"Taucorr":0.010211114300471169},"Iteration":15},
{"Acceptance":[0.8074843483210017],"Energy":{"Mean":-3924.2177419354844,"Sigma":4.0261534434827855,"Taucorr":0.12721262785531318},"EnergyVariance":{"Mean":1589.4283949011449,"Sigma":224.2112863211658,"Taucorr":-0.0662440961662289},"Iteration":16},
{"Acceptance":[0.7367956744450769],"Energy":{"Mean":-3942.540322580646,"Sigma":4.401858368156075,"Taucorr":0.162005370182716},"EnergyVariance":{"Mean":1800.0548257023931,"Sigma":208.05005734393492,"Taucorr":0.004127801596594316},"Iteration":17},
{"Acceptance":[0.6569436539556062],"Energy":{"Mean":-3961.4274193548385,"Sigma":3.9982555596090106,"Taucorr":0.07760541120271658},"EnergyVariance":{"Mean":1702.099570759625,"Sigma":211.04143913802704,"Taucorr":0.007969436694655774},"Iteration":18},
{"Acceptance":[0.5662777461582242],"Energy":{"Mean":-4001.4516129032254,"Sigma":3.824377441690419,"Taucorr":0.03136381400154953},"EnergyVariance":{"Mean":1692.79604578564,"Sigma":227.66485792979287,"Taucorr":-0.062012048086920124},"Iteration":19},
{"Acceptance":[0.49470688673875923],"Energy":{"Mean":-4026.8225806451624,"Sigma":4.23258915568291,"Taucorr":0.3225259415507379},"EnergyVariance":{"Mean":1339.4846514047865,"Sigma":114.93387212064495,"Taucorr":-0.17525424667243406},"Iteration":20},
{"Acceptance":[0.4153386454183267],"Energy":{"Mean":-4076.1209677419365,"Sigma":3.947741135929363,"Taucorr":0.30312244498133567},"EnergyVariance":{"Mean":1193.41278616025,"Sigma":165.88733715109294,"Taucorr":0.09010180409743052},"Iteration":21},
{"Acceptance":[0.34948776323278313],"Energy":{"Mean":-4116.225806451613,"Sigma":3.536376913151297,"Taucorr":0.3125647595411213},"EnergyVariance":{"Mean":946.5296566077002,"Sigma":100.15980185829439,"Taucorr":-0.03747402777530923},"Iteration":22},
{"Acceptance":[0.3071997723392146],"Energy":{"Mean":-4145.387096774195,"Sigma":3.84060504847839,"Taucorr":0.46270192449449166},"EnergyVariance":{"Mean":942.2856399583767,"Sigma":121.53030536697852,"Taucorr":0.007846529285425508},"Iteration":23},
{"Acceptance":[0.277632327831531],"Energy":{"Mean":-4176.951612903225,"Sigma":3.0571487558565433,"Taucorr":0.11847229651674018},"EnergyVariance":{"Mean":929.3686264308012,"Sigma":114.1694119822804,"Taucorr":-0.041230347369551},"Iteration":24},
{"Acceptance":[0.23853158793397838],"Energy":{"Mean":-4200.596774193548,"Sigma":3.0075326002075653,"Taucorr":0.3949741638621448},"EnergyVariance":{"Mean":621.5632154006244,"Sigma":85.05210589689551,"Taucorr":0.10202943873885051},"Iteration":25},
{"Acceptance":[0.21519635742743312],"Energy":{"Mean":-4221.185483870968,"Sigma":2.6881602150277324,"Taucorr":0.25023813316858423},"EnergyVariance":{"Mean":592.3607570239333,"Sigma":70.78820843369782,"Taucorr":0.02094768458299634},"Iteration":26},
{"Acceptance":[0.18426294820717132],"Energy":{"Mean":-4236.314516129031,"Sigma":2.7830363567807086,"Taucorr":0.2188854259431351},"EnergyVariance":{"Mean":662.6026925078044,"Sigma":92.44795805418039,"Taucorr":0.18067263581733028},"Iteration":27},
{"Acceptance":[0.1477233921457029],"Energy":{"Mean":-4266.000000000002,"Sigma":2.228782878227386,"Taucorr":0.4169720662277294},"EnergyVariance":{"Mean":333.16129032258067,"Sigma":38.86191357095346,"Taucorr":-0.0008725902189450907},"Iteration":28},
{"Acceptance":[0.142544109277177],"Energy":{"Mean":-4274.475806451613,"Sigma":2.0061851550070537,"Taucorr":0.32750596561414647},"EnergyVariance":{"Mean":299.12038241415195,"Sigma":32.636842905215026,"Taucorr":-0.03680019526579564},"Iteration":29},
{"Acceptance":[0.13542970973249857],"Energy":{"Mean":-4287.120967741935,"Sigma":2.1174159720966377,"Taucorr":0.40915585152201506},"EnergyVariance":{"Mean":303.28375390218525,"Sigma":41.90287288432344,"Taucorr":0.2290191316828908},"Iteration":30},
{"Acceptance":[0.13557199772339215],"Energy":{"Mean":-4295.370967741936,"Sigma":1.5654137764064808,"Taucorr":0.10071704323102415},"EnergyVariance":{"Mean":250.87851196670138,"Sigma":35.161649297409085,"Taucorr":-0.039222792795337746},"Iteration":31},
{"Acceptance":[0.12370517928286853],"Energy":{"Mean":-4300.637096774194,"Sigma":2.0146586035691287,"Taucorr":0.40244855732435336},"EnergyVariance":{"Mean":276.60217221644115,"Sigma":32.345827178162395,"Taucorr":-0.015777454764794807},"Iteration":32},
{"Acceptance":[0.11084234490608992],"Energy":{"Mean":-4314.193548387097,"Sigma":1.515010454443297,"Taucorr":0.24951233089394853},"EnergyVariance":{"Mean":188.33350676378777,"Sigma":21.47731092990305,"Taucorr":-0.16753917041036154},"Iteration":33},
{"Acceptance":[0.10091064314171884],"Energy":{"Mean":-4321.475806451613,"Sigma":1.4808070869828973,"Taucorr":0.279993018427805},"EnergyVariance":{"Mean":172.89457596253902,"Sigma":22.10206854391609,"Taucorr":-0.09538442252768481},"Iteration":34},
{"Acceptance":[0.09077973819009676],"Energy":{"Mean":-4332.59677419355,"Sigma":1.6542417544516752,"Taucorr":0.40216215047825865},"EnergyVariance":{"Mean":186.54708636836628,"Sigma":43.09266446235553,"Taucorr":0.5760812577601913},"Iteration":35},
{"Acceptance":[0.0744735344336938],"Energy":{"Mean":-4342.451612903225,"Sigma":1.3179090719343622,"Taucorr":0.2874507135980515},"EnergyVariance":{"Mean":135.65088449531734,"Sigma":18.06449629203871,"Taucorr":-0.015346666205400428},"Iteration":36},
{"Acceptance":[0.06932270916334661],"Energy":{"Mean":-4349.637096774194,"Sigma":1.1960305488913785,"Taucorr":0.44460316961527857},"EnergyVariance":{"Mean":93.13443028095732,"Sigma":10.182320519732734,"Taucorr":-0.0871044532485058},"Iteration":37},
{"Acceptance":[0.06135458167330677],"Energy":{"Mean":-4357.362903225807,"Sigma":0.9314428850310048,"Taucorr":0.1889969270977021},"EnergyVariance":{"Mean":77.44088189386054,"Sigma":8.339047416299131,"Taucorr":-0.1103629010230689},"Iteration":38},
{"Acceptance":[0.052162777461582245],"Energy":{"Mean":-4363.9516129032245,"Sigma":1.167976570023383,"Taucorr":0.589596897077201},"EnergyVariance":{"Mean":76.99765868886577,"Sigma":10.507801184533104,"Taucorr":0.18354935596904887},"Iteration":39},
{"Acceptance":[0.04243027888446215],"Energy":{"Mean":-4369.491935483871,"Sigma":1.0075977413945285,"Taucorr":0.36207860149075266},"EnergyVariance":{"Mean":72.42735431841831,"Sigma":13.480635330713104,"Taucorr":0.26445404110316006},"Iteration":40},
{"Acceptance":[0.03927148548662493],"Energy":{"Mean":-4374.967741935484,"Sigma":0.7231522556673826,"Taucorr":0.24488356329453298},"EnergyVariance":{"Mean":43.17637877211237,"Sigma":9.199617103924183,"Taucorr":0.27417120128984573},"Iteration":41},
{"Acceptance":[0.037564029595902104],"Energy":{"Mean":-4375.693548387096,"Sigma":0.8372790735262425,"Taucorr":0.2891677579105262},"EnergyVariance":{"Mean":54.631893860561924,"Sigma":8.749118906499708,"Taucorr":0.1815499958857405},"Iteration":42},
{"Acceptance":[0.03449060899260102],"Energy":{"Mean":-4377.435483870969,"Sigma":0.8560323376855484,"Taucorr":0.21420262698973214},"EnergyVariance":{"Mean":63.1006763787721,"Sigma":11.963913999978933,"Taucorr":-0.027621550872686862},"Iteration":43},
{"Acceptance":[0.029425156516789983],"Energy":{"Mean":-4380.322580645162,"Sigma":0.8575403646090157,"Taucorr":0.4727457502881821},"EnergyVariance":{"Mean":46.49271592091572,"Sigma":7.905030714245427,"Taucorr":0.1935200419256229},"Iteration":44},
{"Acceptance":[0.029311326124075127],"Energy":{"Mean":-4382.685483870969,"Sigma":0.7168261646034866,"Taucorr":0.4027371988161621},"EnergyVariance":{"Mean":35.00591831425598,"Sigma":6.444026263439488,"Taucorr":0.2376394120625529},"Iteration":45},
{"Acceptance":[0.023705179282868527],"Energy":{"Mean":-4383.927419354839,"Sigma":0.7715709387300945,"Taucorr":0.3750231209829271},"EnergyVariance":{"Mean":41.841506243496376,"Sigma":10.321721221983356,"Taucorr":0.2764187298411632},"Iteration":46},
{"Acceptance":[0.02319294251565168],"Energy":{"Mean":-4385.9516129032245,"Sigma":0.6553562762105668,"Taucorr":0.21580259011462988},"EnergyVariance":{"Mean":36.900884495317385,"Sigma":12.282406281034634,"Taucorr":-0.023729478288481487},"Iteration":47},
{"Acceptance":[0.020830961866818442],"Energy":{"Mean":-4387.91935483871,"Sigma":0.527138131595037,"Taucorr":0.2680040334366569},"EnergyVariance":{"Mean":22.251560874089495,"Sigma":5.640208987729463,"Taucorr":0.061559059365666635},"Iteration":48},
{"Acceptance":[0.020034149117814457],"Energy":{"Mean":-4386.903225806451,"Sigma":0.6214877029894201,"Taucorr":0.2815456117226275},"EnergyVariance":{"Mean":30.39386056191467,"Sigma":8.261263793189174,"Taucorr":0.30629807436235434},"Iteration":49} 
]}