{"Output": [
{"Acceptance":[0.8620724346076458],"Energy":{"Mean":-305.4354838709677,"Sigma":1.2250722900513014,"Taucorr":0.17728661475642904},"EnergyVariance":{"Mean":136.27809573361083,"Sigma":15.352115735273815,"Taucorr":-0.06936010694566697},"Iteration":0},
{"Acceptance":[0.8417505030181086],"Energy":{"Mean":-303.90322580645153,"Sigma":0.984740933902176,"Taucorr":-0.010029591047239717},"EnergyVariance":{"Mean":121.71644120707596,"Sigma":12.951238021216149,"Taucorr":-0.09029393112173872},"Iteration":1},
{"Acceptance":[0.83420523138833],"Energy":{"Mean":-307.70161290322574,"Sigma":1.31510145949605,"Taucorr":0.22205923322026289},"EnergyVariance":{"Mean":147.30612643080127,"Sigma":18.89008990177157,"Taucorr":-0.05568074768790332},"Iteration":2},
{"Acceptance":[0.8071428571428572],"Energy":{"Mean":-307.2661290322581,"Sigma":1.2712672263278664,"Taucorr":0.21561828189861698},"EnergyVariance":{"Mean":138.88885275754419,"Sigma":16.306833161595222,"Taucorr":-0.03143067910244679},"Iteration":3},
{"Acceptance":[0.7793762575452716],"Energy":{"Mean":-309.9919354838709,"Sigma":1.0807133664882724,"Taucorr":0.06126570635063733},"EnergyVariance":{"Mean":127.97574141519252,"Sigma":15.815806087566758,"Taucorr":0.06889218555848187},"Iteration":4},
{"Acceptance":[0.7554325955734407],"Energy":{"Mean":-309.9112903225806,"Sigma":1.0830778268023298,"Taucorr":0.048413672676647423},"EnergyVariance":{"Mean":131.54858220603538,"Sigma":17.18559696799968,"Taucorr":-0.03148055490615281},"Iteration":5},
{"Acceptance":[0.711569416498994],"Energy":{"Mean":-313.4435483870968,"Sigma":1.320929010683786,"Taucorr":0.21744950275657027},"EnergyVariance":{"Mean":149.56939386056186,"Sigma":24.163385452075936,"Taucorr":0.3108267754543904},"Iteration":6},
{"Acceptance":[0.6664989939637826],"Energy":{"Mean":-315.74193548387086,"Sigma":1.1565314679767262,"Taucorr":0.13372480800372177},"EnergyVariance":{"Mean":129.8043704474505,"Sigma":15.95784201329191,"Taucorr":-0.07922494573304356},"Iteration":7},
{"Acceptance":[0.599496981891348],"Energy":{"Mean":-321.54032258064524,"Sigma":1.4204297005363555,"Taucorr":0.3711175803709914},"EnergyVariance":{"Mean":142.44192247658683,"Sigma":22.023405500071725,"Taucorr":0.12030016417384715},"Iteration":8},
{"Acceptance":[0.5064386317907444],"Energy":{"Mean":-331.0161290322581,"Sigma":0.8896005721331601,"Taucorr":-0.1046674555462816},"EnergyVariance":{"Mean":123.11264308012487,"Sigma":16.400378903707523,"Taucorr":0.01029262840471823},"Iteration":9},
{"Acceptance":[0.47917505030181085],"Energy":{"Mean":-332.66935483870964,"Sigma":1.2754604427281444,"Taucorr":0.3708729729653224},"EnergyVariance":{"Mean":114.88260926118626,"Sigma":13.456471423557682,"Taucorr":-0.002655247819646045},"Iteration":10},
{"Acceptance":[0.42203219315895374],"Energy":{"Mean":-337.75,"Sigma":0.9240659335038623,"Taucorr":-0.005903219075441002},"EnergyVariance":{"Mean":106.28427419354841,"Sigma":12.42520595131964,"Taucorr":-0.07085131092923369},"Iteration":11},
{"Acceptance":[0.3658953722334004],"Energy":{"Mean":-343.0161290322581,"Sigma":0.9151455231149218,"Taucorr":0.21042622780231912},"EnergyVariance":{"Mean":72.4997398543184,"Sigma":12.72109804244412,"Taucorr":0.3845008953111946},"Iteration":12},
{"Acceptance":[0.33319919517102614],"Energy":{"Mean":-346.4274193548388,"Sigma":0.8146172618999438,"Taucorr":0.09075630726765505},"EnergyVariance":{"Mean":69.08344172736732,"Sigma":9.200482899997922,"Taucorr":-0.07854519144026506},"Iteration":13},
{"Acceptance":[0.3073440643863179],"Energy":{"Mean":-350.491935483871,"Sigma":0.8704747708825228,"Taucorr":0.26122080182049645},"EnergyVariance":{"Mean":61.217676899063484,"Sigma":8.295401199299157,"Taucorr":0.06439183289191208},"Iteration":14},
{"Acceptance":[0.26961770623742454],"Energy":{"Mean":-352.7177419354839,"Sigma":0.7782097886813332,"Taucorr":0.3500428227701361},"EnergyVariance":{"Mean":43.815491675338194,"Sigma":6.356298279210368,"Taucorr":-0.02537588084486675},"Iteration":15},
{"Acceptance":[0.2413480885311871],"Energy":{"Mean":-357.37096774193543,"Sigma":0.6642635755592623,"Taucorr":0.06965964011686598},"EnergyVariance":{"Mean":47.636576482830385,"Sigma":5.516992006190716,"Taucorr":-0.013546775877818662},"Iteration":16},
{"Acceptance":[0.2250503018108652],"Energy":{"Mean":-359.3790322580645,"Sigma":0.7051910981510969,"Taucorr":0.19851504488138305},"EnergyVariance":{"Mean":43.78375390218522,"Sigma":4.12276923869651,"Taucorr":-0.18414125167977907},"Iteration":17},
{"Acceptance":[0.2038229376257545],"Energy":{"Mean":-361.37096774193554,"Sigma":0.8195257420611022,"Taucorr":0.4462135207775898},"EnergyVariance":{"Mean":43.65270551508844,"Sigma":7.688209309928804,"Taucorr":0.16984766716189825},"Iteration":18},
{"Acceptance":[0.17847082494969818],"Energy":{"Mean":-363.6451612903226,"Sigma":0.6295558890300509,"Taucorr":0.28012172580886885},"EnergyVariance":{"Mean":31.245057232049948,"Sigma":5.0490394787928645,"Taucorr":0.04403381423390085},"Iteration":19},
{"Acceptance":[0.16901408450704225],"Energy":{"Mean":-365.241935483871,"Sigma":0.5916629415641957,"Taucorr":0.34088597498399864},"EnergyVariance":{"Mean":25.602757544224765,"Sigma":4.26131496300829,"Taucorr":0.2907586495385255},"Iteration":20},
{"Acceptance":[0.14808853118712273],"Energy":{"Mean":-366.6370967741936,"Sigma":0.4515264894284356,"Taucorr":0.17402797637985234},"EnergyVariance":{"Mean":18.602172216441204,"Sigma":2.8700921645351136,"Taucorr":-0.07012814278478391},"Iteration":21},
{"Acceptance":[0.14235412474849093],"Energy":{"Mean":-367.52419354838713,"Sigma":0.5102912459963899,"Taucorr":0.32297904766997676},"EnergyVariance":{"Mean":19.45909209157128,"Sigma":2.443861888276434,"Taucorr":-0.05535560515798038},"Iteration":22},
{"Acceptance":[0.12977867203219315],"Energy":{"Mean":-368.91935483870964,"Sigma":0.46553055302845725,"Taucorr":0.17314317247178057},"EnergyVariance":{"Mean":19.799947970863673,"Sigma":2.3438112715981156,"Taucorr":-0.121461716576168},"Iteration":23},
{"Acceptance":[0.11287726358148893],"Energy":{"Mean":-370.4274193548386,"Sigma":0.42930200106282307,"Taucorr":0.2498470434861142},"EnergyVariance":{"Mean":15.115699791883452,"Sigma":2.5162408609916107,"Taucorr":0.05234667896824685},"Iteration":24},
{"Acceptance":[0.11006036217303823],"Energy":{"Mean":-370.233870967742,"Sigma":0.3095555875939162,"Taucorr":0.17399641483751893},"EnergyVariance":{"Mean":8.743691467221645,"Sigma":1.4141686462943408,"Taucorr":0.047781696214618696},"Iteration":25},
{"Acceptance":[0.09969818913480885],"Energy":{"Mean":-371.58870967741944,"Sigma":0.4389547070311849,"Taucorr":0.35927854255975844},"EnergyVariance":{"Mean":13.790517689906347,"Sigma":2.342763057149652,"Taucorr":0.34820313851342144},"Iteration":26},
{"Acceptance":[0.09406438631790745],"Energy":{"Mean":-371.5645161290322,"Sigma":0.43051727793926026,"Taucorr":0.382031926243529},"EnergyVariance":{"Mean":12.923257023933408,"Sigma":1.9489344845476197,"Taucorr":0.1515080594252598},"Iteration":27},
{"Acceptance":[0.08038229376257545],"Energy":{"Mean":-373.60483870967744,"Sigma":0.6704971467978299,"Taucorr":0.8837351534858597},"EnergyVariance":{"Mean":19.980944328824144,"Sigma":3.4690272547535286,"Taucorr":0.28765169671820245},"Iteration":28},
{"Acceptance":[0.07354124748490945],"Energy":{"Mean":-374.2419354838709,"Sigma":0.5842332387673713,"Taucorr":0.771763148355376},"EnergyVariance":{"Mean":16.505983350676384,"Sigma":2.8053482156134217,"Taucorr":0.06544953356756511},"Iteration":29},
{"Acceptance":[0.05331991951710262],"Energy":{"Mean":-375.9596774193549,"Sigma":0.57409311070348,"Taucorr":0.8668704580042208},"EnergyVariance":{"Mean":14.829019250780439,"Sigma":3.178934608550117,"Taucorr":0.7139399340916215},"Iteration":30},
{"Acceptance":[0.045975855130784705],"Energy":{"Mean":-377.26612903225805,"Sigma":0.28087217366561207,"Taucorr":0.12007613854555177},"EnergyVariance":{"Mean":7.824336628511967,"Sigma":1.3773928823488213,"Taucorr":0.0053553353821604865},"Iteration":31},
{"Acceptance":[0.04637826961770624],"Energy":{"Mean":-377.7822580645161,"Sigma":0.3002557009485957,"Taucorr":0.329204073494078},"EnergyVariance":{"Mean":6.686459417273673,"Sigma":1.785929898037596,"Taucorr":0.4946818748119943},"Iteration":32},
{"Acceptance":[0.039134808853118715],"Energy":{"Mean":-377.2822580645162,"Sigma":0.4057287906268545,"Taucorr":0.683051246779498},"EnergyVariance":{"Mean":8.557427159209155,"Sigma":1.598933660045023,"Taucorr":0.37355037493349696},"Iteration":33},
{"Acceptance":[0.038028169014084505],"Energy":{"Mean":-377.92741935483866,"Sigma":0.4044765548030716,"Taucorr":0.5411204953060338},"EnergyVariance":{"Mean":9.664086888657648,"Sigma":2.8257563070324707,"Taucorr":0.2741532077493499},"Iteration":34},
{"Acceptance":[0.0369215291750503],"Energy":{"Mean":-378.8467741935483,"Sigma":0.18574082248954019,"Taucorr":0.08978034891077924},"EnergyVariance":{"Mean":3.597489594172738,"Sigma":0.8037484297425839,"Taucorr":0.06850193822517348},"Iteration":35},
{"Acceptance":[0.03470824949698189],"Energy":{"Mean":-379.0483870967741,"Sigma":0.2354415192435194,"Taucorr":0.4746838973596026},"EnergyVariance":{"Mean":3.4976586888657644,"Sigma":0.6668099524675885,"Taucorr":0.23801378386987726},"Iteration":36},
{"Acceptance":[0.03420523138832998],"Energy":{"Mean":-379.04838709677426,"Sigma":0.16616295717919813,"Taucorr":0.05745153300879402},"EnergyVariance":{"Mean":3.0460457856399583,"Sigma":0.46071436404231925,"Taucorr":-0.019856777141981752},"Iteration":37},
{"Acceptance":[0.03772635814889336],"Energy":{"Mean":-379.3225806451612,"Sigma":0.19197388248771152,"Taucorr":0.08908045977011736},"EnergyVariance":{"Mean":3.8475546305931325,"Sigma":0.9389653943530183,"Taucorr":-0.023643281997669907},"Iteration":38},
{"Acceptance":[0.03561368209255533],"Energy":{"Mean":-379.58064516129025,"Sigma":0.15309841903335183,"Taucorr":0.05824602055211914},"EnergyVariance":{"Mean":2.582206035379813,"Sigma":0.6082177179688153,"Taucorr":0.33731446631493955},"Iteration":39},
{"Acceptance":[0.035311871227364185],"Energy":{"Mean":-379.72580645161287,"Sigma":0.22640090722943762,"Taucorr":0.10445702598893436},"EnergyVariance":{"Mean":5.215140478668053,"Sigma":1.644529233745901,"Taucorr":0.15807245334584763},"Iteration":40},
{"Acceptance":[0.03511066398390342],"Energy":{"Mean":-379.9193548387098,"Sigma":0.18012357495507125,"Taucorr":0.07115756943926455},"EnergyVariance":{"Mean":3.493496357960457,"Sigma":0.7357493007341447,"Taucorr":0.05732411736088017},"Iteration":41},
{"Acceptance":[0.03611670020120725],"Energy":{"Mean":-379.87903225806446,"Sigma":0.21685402395908862,"Taucorr":0.33170179737033545},"EnergyVariance":{"Mean":3.477302289281997,"Sigma":1.0832754009733074,"Taucorr":0.1515306558939441},"Iteration":42},
{"Acceptance":[0.029678068410462777],"Energy":{"Mean":-379.87903225806457,"Sigma":0.24942702289499577,"Taucorr":0.36706017597382945},"EnergyVariance":{"Mean":4.41278616024974,"Sigma":1.315799765017265,"Taucorr":0.45491087332399116},"Iteration":43},
{"Acceptance":[0.028873239436619718],"Energy":{"Mean":-379.90322580645164,"Sigma":0.2549713823692039,"Taucorr":0.4938469994826651},"EnergyVariance":{"Mean":4.022892819979188,"Sigma":0.7663609728956345,"Taucorr":0.4358803100033829},"Iteration":44},
{"Acceptance":[0.02847082494969819],"Energy":{"Mean":-380.42741935483866,"Sigma":0.21257305777247243,"Taucorr":0.3873471082961297},"EnergyVariance":{"Mean":3.1318288241415195,"Sigma":1.1714133160578812,"Taucorr":0.361246635454864},"Iteration":45},
{"Acceptance":[0.02806841046277666],"Energy":{"Mean":-380.64516129032256,"Sigma":0.148366641881422,"Taucorr":0.1446884291377568},"EnergyVariance":{"Mean":2.0998959417273673,"Sigma":0.5004174168809059,"Taucorr":-0.03254086838094283},"Iteration":46},
{"Acceptance":[0.025251509054325955],"Energy":{"Mean":-380.508064516129,"Sigma":0.19622919414666562,"Taucorr":0.26671579878293605},"EnergyVariance":{"Mean":3.088644640998959,"Sigma":0.8521081052827677,"Taucorr":0.3229457587468587},"Iteration":47},
{"Acceptance":[0.028269617706237423],"Energy":{"Mean":-380.6370967741935,"Sigma":0.22595041493745005,"Taucorr":0.22817840389749455},"EnergyVariance":{"Mean":4.311849635796045,"Sigma":1.3508724621232586,"Taucorr":0.0326831605165635},"Iteration":48},
{"Acceptance":[0.023843058350100605],"Energy":{"Mean":-380.99193548387103,"Sigma":0.13741266579712014,"Taucorr":0.09259566559358301},"EnergyVariance":{"Mean":1.9596123829344434,"Sigma":0.5170252312061797,"Taucorr":-0.0462017178744919},"Iteration":49} 
]}