{"Output": [
{"Acceptance":[0.8387955182072829],"Energy":{"Mean":-156.11290322580643,"Sigma":0.7629560780983262,"Taucorr":0.031094395838076716},"EnergyVariance":{"Mean":67.40660770031216,"Sigma":7.845869862007144,"Taucorr":-0.07787019103925757},"Iteration":0},
{"Acceptance":[0.8270308123249299],"Energy":{"Mean":-155.9274193548387,"Sigma":0.9285780513041734,"Taucorr":0.09645922990097355},"EnergyVariance":{"Mean":88.90602237252862,"Sigma":10.47134605411835,"Taucorr":-0.10602195471333842},"Iteration":1},
{"Acceptance":[0.792296918767507],"Energy":{"Mean":-159.31451612903223,"Sigma":0.7604087523761502,"Taucorr":0.01823420527105457},"EnergyVariance":{"Mean":68.61882154006243,"Sigma":8.091338020636604,"Taucorr":-0.01531583848673529},"Iteration":2},
{"Acceptance":[0.7495798319327731],"Energy":{"Mean":-159.7741935483871,"Sigma":0.8268312064215967,"Taucorr":0.04434008177617399},"EnergyVariance":{"Mean":77.23933402705515,"Sigma":10.467609620761936,"Taucorr":0.0379740885061427},"Iteration":3},
{"Acceptance":[0.7309523809523809],"Energy":{"Mean":-161.7741935483871,"Sigma":0.875929217716948,"Taucorr":0.09865529202862111},"EnergyVariance":{"Mean":78.81997918834547,"Sigma":10.467072607135764,"Taucorr":0.10854245559450626},"Iteration":4},
{"Acceptance":[0.677170868347339],"Energy":{"Mean":-164.70161290322582,"Sigma":0.838539064532558,"Taucorr":0.12438635486479033},"EnergyVariance":{"Mean":69.25773933402705,"Sigma":7.039261558008656,"Taucorr":-0.07555107485124557},"Iteration":5},
{"Acceptance":[0.607703081232493],"Energy":{"Mean":-167.70967741935485,"Sigma":1.0700025609326156,"Taucorr":0.25951567507197615},"EnergyVariance":{"Mean":92.70603537981269,"Sigma":16.33660403248193,"Taucorr":0.10192896966310339},"Iteration":6},
{"Acceptance":[0.5154061624649859],"Energy":{"Mean":-172.66935483870972,"Sigma":1.21102612985882,"Taucorr":0.3030312049255266},"EnergyVariance":{"Mean":112.31809313215399,"Sigma":16.649527587369573,"Taucorr":0.3518801515242357},"Iteration":7},
{"Acceptance":[0.43907563025210083],"Energy":{"Mean":-178.11290322580646,"Sigma":0.96000943023464,"Taucorr":0.1884767791291816},"EnergyVariance":{"Mean":82.32596253902183,"Sigma":12.719324057827961,"Taucorr":0.11862676411340245},"Iteration":8},
{"Acceptance":[0.3715686274509804],"Energy":{"Mean":-182.5967741935484,"Sigma":1.1178342527315714,"Taucorr":0.6245310043435381},"EnergyVariance":{"Mean":68.33740894901145,"Sigma":10.836625346119384,"Taucorr":0.31867574867569104},"Iteration":9},
{"Acceptance":[0.31862745098039214],"Energy":{"Mean":-188.63709677419354,"Sigma":0.7377893736716999,"Taucorr":0.43732097495242706},"EnergyVariance":{"Mean":35.71507544224765,"Sigma":4.487384238225477,"Taucorr":-0.02478366430216511},"Iteration":10},
{"Acceptance":[0.2759103641456583],"Energy":{"Mean":-190.79032258064515,"Sigma":0.7179623921427852,"Taucorr":0.37112067424886785},"EnergyVariance":{"Mean":36.391519250780426,"Sigma":5.3896685306064445,"Taucorr":0.1108395189076361},"Iteration":11},
{"Acceptance":[0.2638655462184874],"Energy":{"Mean":-192.7661290322581,"Sigma":0.6677010272649097,"Taucorr":0.28915669416475465},"EnergyVariance":{"Mean":34.74369146722164,"Sigma":4.915792690359475,"Taucorr":-0.03190876398586023},"Iteration":12},
{"Acceptance":[0.22815126050420168],"Energy":{"Mean":-194.4516129032258,"Sigma":0.6243727341374175,"Taucorr":0.4447741112067891},"EnergyVariance":{"Mean":25.376690946930278,"Sigma":4.521852818447381,"Taucorr":0.03151094976829194},"Iteration":13},
{"Acceptance":[0.1938375350140056],"Energy":{"Mean":-195.56451612903234,"Sigma":0.5275944268966488,"Taucorr":0.2872258975248523},"EnergyVariance":{"Mean":21.745837669094698,"Sigma":4.630167748119102,"Taucorr":0.2672964057704429},"Iteration":14},
{"Acceptance":[0.18599439775910365],"Energy":{"Mean":-196.10483870967744,"Sigma":0.4886857228239716,"Taucorr":0.24957430918596002},"EnergyVariance":{"Mean":19.59384755463059,"Sigma":3.3815651878763124,"Taucorr":0.2829519977528697},"Iteration":15},
{"Acceptance":[0.17450980392156862],"Energy":{"Mean":-197.92741935483872,"Sigma":0.41755714765455304,"Taucorr":0.29033847687801895},"EnergyVariance":{"Mean":13.567312695109258,"Sigma":2.222241396895604,"Taucorr":0.29770492984292796},"Iteration":16},
{"Acceptance":[0.16624649859943977],"Energy":{"Mean":-198.8548387096774,"Sigma":0.33234548385411217,"Taucorr":0.06707005885291073},"EnergyVariance":{"Mean":11.97892819979188,"Sigma":1.4321215552396338,"Taucorr":-0.07333692816218518},"Iteration":17},
{"Acceptance":[0.1450980392156863],"Energy":{"Mean":-199.58870967741936,"Sigma":0.33108415651583617,"Taucorr":0.2001006355574455},"EnergyVariance":{"Mean":9.629227367325703,"Sigma":1.4331721369920267,"Taucorr":0.13337334243960153},"Iteration":18},
{"Acceptance":[0.12759103641456582],"Energy":{"Mean":-200.15322580645162,"Sigma":0.276712026504469,"Taucorr":0.22259313593405716},"EnergyVariance":{"Mean":6.516844432882413,"Sigma":0.9607004334577639,"Taucorr":-0.07532227499775207},"Iteration":19},
{"Acceptance":[0.1296918767507003],"Energy":{"Mean":-200.42741935483872,"Sigma":0.35887247794777033,"Taucorr":0.296974039826974},"EnergyVariance":{"Mean":9.938280437044746,"Sigma":1.910327409988811,"Taucorr":0.04060740801511842},"Iteration":20},
{"Acceptance":[0.11974789915966387],"Energy":{"Mean":-201.25806451612905,"Sigma":0.288321959880665,"Taucorr":0.24081442249698493},"EnergyVariance":{"Mean":6.901144640998959,"Sigma":0.9315462531460215,"Taucorr":0.05008652557517701},"Iteration":21},
{"Acceptance":[0.1092436974789916],"Energy":{"Mean":-201.47580645161295,"Sigma":0.24684973192035387,"Taucorr":0.2606283413636087},"EnergyVariance":{"Mean":4.9268340270551505,"Sigma":0.5511871051024396,"Taucorr":-0.08984826091050635},"Iteration":22},
{"Acceptance":[0.10168067226890756],"Energy":{"Mean":-202.32258064516134,"Sigma":0.25824926182822816,"Taucorr":0.3008202966273864},"EnergyVariance":{"Mean":5.12174817898023,"Sigma":0.825582436758602,"Taucorr":0.13474406154959007},"Iteration":23},
{"Acceptance":[0.09215686274509804],"Energy":{"Mean":-202.40322580645164,"Sigma":0.28224270311501765,"Taucorr":0.2932405964365453},"EnergyVariance":{"Mean":6.176118626430801,"Sigma":1.2216143830795103,"Taucorr":0.14095767408412907},"Iteration":24},
{"Acceptance":[0.09005602240896358],"Energy":{"Mean":-202.79032258064515,"Sigma":0.22985993110857825,"Taucorr":0.2623222459566671},"EnergyVariance":{"Mean":4.262486992715922,"Sigma":0.5732630116444465,"Taucorr":0.11070684150557053},"Iteration":25},
{"Acceptance":[0.0788515406162465],"Energy":{"Mean":-202.84677419354838,"Sigma":0.1959528070772573,"Taucorr":0.07859294080152956},"EnergyVariance":{"Mean":4.081360561914671,"Sigma":0.5530787738981912,"Taucorr":0.045289121654391806},"Iteration":26},
{"Acceptance":[0.07759103641456583],"Energy":{"Mean":-203.02419354838713,"Sigma":0.2759039002844307,"Taucorr":0.21586395504947686},"EnergyVariance":{"Mean":6.539737252861602,"Sigma":1.0518312578530404,"Taucorr":0.05838802931726961},"Iteration":27},
{"Acceptance":[0.06722689075630252],"Energy":{"Mean":-203.5,"Sigma":0.24973103811470782,"Taucorr":0.5592427616926523},"EnergyVariance":{"Mean":3.620967741935484,"Sigma":1.222980613781651,"Taucorr":0.7669276329225949},"Iteration":28},
{"Acceptance":[0.06106442577030812],"Energy":{"Mean":-203.63709677419357,"Sigma":0.18867061446630837,"Taucorr":0.23234993364228318},"EnergyVariance":{"Mean":2.989268990634755,"Sigma":0.7611109182049418,"Taucorr":-0.07373714016244293},"Iteration":29},
{"Acceptance":[0.05826330532212885],"Energy":{"Mean":-204.02419354838713,"Sigma":0.1569855648411812,"Taucorr":0.012195872436751909},"EnergyVariance":{"Mean":2.9590920915712795,"Sigma":0.9106217982855594,"Taucorr":0.026734818920373438},"Iteration":30},
{"Acceptance":[0.06260504201680672],"Energy":{"Mean":-204.03225806451616,"Sigma":0.23667213821211935,"Taucorr":0.5576657348242804},"EnergyVariance":{"Mean":3.257023933402706,"Sigma":0.7369427358912306,"Taucorr":0.23828797449100725},"Iteration":31},
{"Acceptance":[0.05714285714285714],"Energy":{"Mean":-203.83064516129033,"Sigma":0.32717163148436956,"Taucorr":0.7686377480040585},"EnergyVariance":{"Mean":5.189060874089489,"Sigma":2.487388290031269,"Taucorr":0.9262426568701039},"Iteration":32},
{"Acceptance":[0.059803921568627454],"Energy":{"Mean":-204.28225806451613,"Sigma":0.1942527505942274,"Taucorr":0.1931966974259295},"EnergyVariance":{"Mean":3.3477497398543177,"Sigma":0.6922848456830453,"Taucorr":-0.0507183776890644},"Iteration":33},
{"Acceptance":[0.05378151260504202],"Energy":{"Mean":-203.94354838709677,"Sigma":0.18356888975953312,"Taucorr":0.09678247026875031},"EnergyVariance":{"Mean":3.472619667013528,"Sigma":0.7514732893079905,"Taucorr":-0.03073820986987119},"Iteration":34},
{"Acceptance":[0.051400560224089634],"Energy":{"Mean":-204.04032258064515,"Sigma":0.27778326968787687,"Taucorr":0.516673865488847},"EnergyVariance":{"Mean":4.667728928199792,"Sigma":1.3662548866431317,"Taucorr":0.41296048942052077},"Iteration":35},
{"Acceptance":[0.04495798319327731],"Energy":{"Mean":-205.08064516129033,"Sigma":0.1445176891236847,"Taucorr":0.38882538253826193},"EnergyVariance":{"Mean":1.4451092611862646,"Sigma":0.21597887131802004,"Taucorr":0.031869150299629334},"Iteration":36},
{"Acceptance":[0.050560224089635855],"Energy":{"Mean":-204.77419354838707,"Sigma":0.26113761633529414,"Taucorr":0.6119602703821216},"EnergyVariance":{"Mean":3.7715920915712804,"Sigma":1.0093252295832555,"Taucorr":0.34765813334168527},"Iteration":37},
{"Acceptance":[0.0453781512605042],"Energy":{"Mean":-205.20967741935488,"Sigma":0.16276210218516646,"Taucorr":0.10028275663758524},"EnergyVariance":{"Mean":2.714099895941727,"Sigma":0.6960737921892165,"Taucorr":0.2637014190882385},"Iteration":38},
{"Acceptance":[0.045098039215686274],"Energy":{"Mean":-205.23387096774195,"Sigma":0.178077956482007,"Taucorr":0.40163264078896177},"EnergyVariance":{"Mean":2.163046305931321,"Sigma":0.5181116041753684,"Taucorr":0.4385185432672484},"Iteration":39},
{"Acceptance":[0.04047619047619048],"Energy":{"Mean":-205.29838709677418,"Sigma":0.19757241589182414,"Taucorr":0.563295405444332},"EnergyVariance":{"Mean":2.2577393340270557,"Sigma":0.5078865155972669,"Taucorr":0.2862448547673374},"Iteration":40},
{"Acceptance":[0.04257703081232493],"Energy":{"Mean":-205.08870967741936,"Sigma":0.2583415851344524,"Taucorr":0.6411087204151382},"EnergyVariance":{"Mean":3.596969302809573,"Sigma":1.6243417062080117,"Taucorr":0.6529963338151104},"Iteration":41},
{"Acceptance":[0.035854341736694675],"Energy":{"Mean":-205.16935483870964,"Sigma":0.25647190019167554,"Taucorr":0.4162986314688467},"EnergyVariance":{"Mean":4.414867325702392,"Sigma":1.7789649808478523,"Taucorr":0.5430947472021534},"Iteration":42},
{"Acceptance":[0.039775910364145656],"Energy":{"Mean":-205.3790322580645,"Sigma":0.18544880453941653,"Taucorr":0.32685922046222915},"EnergyVariance":{"Mean":2.5579474505723203,"Sigma":0.6930995149332942,"Taucorr":0.20805445557338575},"Iteration":43},
{"Acceptance":[0.03403361344537815],"Energy":{"Mean":-205.76612903225805,"Sigma":0.1734902168970947,"Taucorr":0.4398738566192215},"EnergyVariance":{"Mean":1.9694979188345476,"Sigma":0.33251491918183507,"Taucorr":0.11606091450754885},"Iteration":44},
{"Acceptance":[0.03165266106442577],"Energy":{"Mean":-205.8629032258065,"Sigma":0.14611395872789748,"Taucorr":0.35388487078629616},"EnergyVariance":{"Mean":1.537656087408949,"Sigma":0.21136957495852896,"Taucorr":0.3850327334266431},"Iteration":45},
{"Acceptance":[0.03053221288515406],"Energy":{"Mean":-205.8790322580645,"Sigma":0.1371125860584521,"Taucorr":0.11482275635483208},"EnergyVariance":{"Mean":1.880528095733611,"Sigma":0.35988060649995235,"Taucorr":-0.008156319512349908},"Iteration":46},
{"Acceptance":[0.023249299719887956],"Energy":{"Mean":-206.14516129032256,"Sigma":0.18064036091932179,"Taucorr":0.7480423879631151},"EnergyVariance":{"Mean":1.6079604578564,"Sigma":0.4319648659406039,"Taucorr":0.4148461869545528},"Iteration":47},
{"Acceptance":[0.02857142857142857],"Energy":{"Mean":-205.98387096774195,"Sigma":0.1341718344715192,"Taucorr":0.4670074982958441},"EnergyVariance":{"Mean":1.1449011446409991,"Sigma":0.15827123017328648,"Taucorr":0.19783254855797705},"Iteration":48},
{"Acceptance":[0.020448179271708684],"Energy":{"Mean":-206.31451612903234,"Sigma":0.12960223573479332,"Taucorr":0.5107158765510467},"EnergyVariance":{"Mean":1.0220473465140478,"Sigma":0.17906560667826926,"Taucorr":0.32096952563878023},"Iteration":49} 
]}