{"Output": [
{"Acceptance":[0.9070482497634815],"Energy":{"Mean":-1429.3870967741934,"Sigma":1.8407294132506549,"Taucorr":-0.07405863447494065},"EnergyVariance":{"Mean":489.2211238293445,"Sigma":68.30780126843058,"Taucorr":0.12679779384017087},"Iteration":0},
{"Acceptance":[0.902554399243141],"Energy":{"Mean":-1430.9354838709676,"Sigma":1.792980928642351,"Taucorr":-0.1653367687985497},"EnergyVariance":{"Mean":590.7700312174818,"Sigma":66.79978227868469,"Taucorr":-0.04078337924359299},"Iteration":1},
{"Acceptance":[0.8961210974456008],"Energy":{"Mean":-1429.0483870967741,"Sigma":2.172822706857444,"Taucorr":-0.062796821266973},"EnergyVariance":{"Mean":664.1105619146722,"Sigma":69.1536797010535,"Taucorr":-0.1590097515515423},"Iteration":2},
{"Acceptance":[0.8883159886471145],"Energy":{"Mean":-1432.7096774193544,"Sigma":2.0333607692774986,"Taucorr":-0.003756046716595962},"EnergyVariance":{"Mean":512.3995837669095,"Sigma":63.473287022236846,"Taucorr":-0.003189012303209171},"Iteration":3},
{"Acceptance":[0.8722800378429517],"Energy":{"Mean":-1430.6370967741934,"Sigma":2.1595573617323924,"Taucorr":-0.05022025982428674},"EnergyVariance":{"Mean":637.6828173777317,"Sigma":96.60934333789501,"Taucorr":0.13089198072607322},"Iteration":4},
{"Acceptance":[0.862724692526017],"Energy":{"Mean":-1431.9758064516134,"Sigma":2.387195762260297,"Taucorr":-0.01292436858274909},"EnergyVariance":{"Mean":719.5397372528614,"Sigma":83.0481340857236,"Taucorr":-0.08571184569454254},"Iteration":5},
{"Acceptance":[0.8545411542100284],"Energy":{"Mean":-1433.3870967741932,"Sigma":1.5844862261197223,"Taucorr":-0.21382057567610058},"EnergyVariance":{"Mean":539.5275754422477,"Sigma":79.25139846690207,"Taucorr":0.22509696513767852},"Iteration":6},
{"Acceptance":[0.8464522232734153],"Energy":{"Mean":-1435.532258064516,"Sigma":2.5063827643081424,"Taucorr":0.09377377697155465},"EnergyVariance":{"Mean":650.652185223725,"Sigma":78.92283448560012,"Taucorr":0.03806015430560317},"Iteration":7},
{"Acceptance":[0.8225165562913908],"Energy":{"Mean":-1438.3790322580646,"Sigma":2.7441009791617104,"Taucorr":0.1405178737599494},"EnergyVariance":{"Mean":723.0095603537982,"Sigma":75.30257699900254,"Taucorr":-0.1848632667168651},"Iteration":8},
{"Acceptance":[0.779848628192999],"Energy":{"Mean":-1444.0887096774193,"Sigma":2.3614155469468856,"Taucorr":0.04893276986810835},"EnergyVariance":{"Mean":624.7421305931322,"Sigma":72.84508168842973,"Taucorr":0.07180234472824543},"Iteration":9},
{"Acceptance":[0.6823084200567644],"Energy":{"Mean":-1454.8387096774197,"Sigma":2.478063662296578,"Taucorr":0.06786187594612902},"EnergyVariance":{"Mean":665.0546305931321,"Sigma":75.45111554104268,"Taucorr":-0.10291990266382856},"Iteration":10},
{"Acceptance":[0.5839640491958372],"Energy":{"Mean":-1475.0725806451615,"Sigma":3.490389908519234,"Taucorr":0.42379315938618844},"EnergyVariance":{"Mean":811.0511836628515,"Sigma":100.20644202375733,"Taucorr":0.03316207043287789},"Iteration":11},
{"Acceptance":[0.4800378429517502],"Energy":{"Mean":-1504.0564516129034,"Sigma":3.069375038779942,"Taucorr":0.3267875085880231},"EnergyVariance":{"Mean":700.7790712799169,"Sigma":92.344637554169,"Taucorr":0.10686740615332824},"Iteration":12},
{"Acceptance":[0.38656575212866606],"Energy":{"Mean":-1531.201612903226,"Sigma":2.102719033213819,"Taucorr":0.13417526350987674},"EnergyVariance":{"Mean":428.7738683662851,"Sigma":48.92393622345991,"Taucorr":-0.051960659853191704},"Iteration":13},
{"Acceptance":[0.3314096499526963],"Energy":{"Mean":-1548.9677419354844,"Sigma":2.153196608879414,"Taucorr":0.27671761215945856},"EnergyVariance":{"Mean":367.0957336108221,"Sigma":39.96561509340848,"Taucorr":-0.03267218409534611},"Iteration":14},
{"Acceptance":[0.2869441816461684],"Energy":{"Mean":-1568.5403225806451,"Sigma":1.9741302962669227,"Taucorr":0.22931023120663363},"EnergyVariance":{"Mean":328.63547086368374,"Sigma":40.26214153972979,"Taucorr":-0.0692202420726995},"Iteration":15},
{"Acceptance":[0.256717123935667],"Energy":{"Mean":-1589.7499999999998,"Sigma":1.692011591510673,"Taucorr":0.16820717253411133},"EnergyVariance":{"Mean":263.49395161290323,"Sigma":37.53455703389654,"Taucorr":0.1972480339137911},"Iteration":16},
{"Acceptance":[0.22748344370860926],"Energy":{"Mean":-1604.1370967741934,"Sigma":1.6784464907373338,"Taucorr":0.24362536961509196},"EnergyVariance":{"Mean":232.98926899063477,"Sigma":24.412125098774055,"Taucorr":-0.11602670230088302},"Iteration":17},
{"Acceptance":[0.2022232734153264],"Energy":{"Mean":-1612.403225806452,"Sigma":1.3033598754630433,"Taucorr":0.0214849233278388},"EnergyVariance":{"Mean":200.3374089490114,"Sigma":28.827377816568358,"Taucorr":-0.12123716818438135},"Iteration":18},
{"Acceptance":[0.1695837275307474],"Energy":{"Mean":-1627.2500000000002,"Sigma":1.4457018238353536,"Taucorr":0.26257400873153713},"EnergyVariance":{"Mean":168.55846774193546,"Sigma":18.197934905024127,"Taucorr":-0.006026804479570103},"Iteration":19},
{"Acceptance":[0.14370860927152318],"Energy":{"Mean":-1639.9758064516125,"Sigma":1.307975680793424,"Taucorr":0.3085914098397087},"EnergyVariance":{"Mean":130.12038241415192,"Sigma":13.709847169983957,"Taucorr":-0.07526537586640636},"Iteration":20},
{"Acceptance":[0.12450331125827814],"Energy":{"Mean":-1646.1370967741932,"Sigma":1.0664002550585319,"Taucorr":0.18901147975937338},"EnergyVariance":{"Mean":101.50539802289283,"Sigma":13.477981056670993,"Taucorr":-0.11085065885728534},"Iteration":21},
{"Acceptance":[0.10312204351939451],"Energy":{"Mean":-1653.5564516129032,"Sigma":0.7689111905857395,"Taucorr":-0.019156720698993157},"EnergyVariance":{"Mean":75.6177809573361,"Sigma":9.935086431320505,"Taucorr":0.10039051136508292},"Iteration":22},
{"Acceptance":[0.09224219489120151],"Energy":{"Mean":-1658.5725806451612,"Sigma":0.9781341649669999,"Taucorr":0.28908444224266683},"EnergyVariance":{"Mean":74.56731269510927,"Sigma":10.762077898714276,"Taucorr":0.020627343957427713},"Iteration":23},
{"Acceptance":[0.08793755912961211],"Energy":{"Mean":-1661.3790322580646,"Sigma":0.9101334363753083,"Taucorr":0.3750215320064495},"EnergyVariance":{"Mean":58.21923777315297,"Sigma":7.634884139373741,"Taucorr":0.15161510630944186},"Iteration":24},
{"Acceptance":[0.07365184484389782],"Energy":{"Mean":-1665.588709677419,"Sigma":0.8863168614614325,"Taucorr":0.4219205589788364},"EnergyVariance":{"Mean":52.40342091571279,"Sigma":10.240806850920235,"Taucorr":0.3883209358395757},"Iteration":25},
{"Acceptance":[0.06745506149479659],"Energy":{"Mean":-1667.959677419355,"Sigma":0.9378608104389499,"Taucorr":0.5094661723031046},"EnergyVariance":{"Mean":53.587083766909466,"Sigma":8.727420524756006,"Taucorr":0.14835019524905302},"Iteration":26},
{"Acceptance":[0.0597918637653737],"Energy":{"Mean":-1671.991935483871,"Sigma":0.5645775696211504,"Taucorr":0.031084826454908177},"EnergyVariance":{"Mean":36.91122528616025,"Sigma":5.762768193968648,"Taucorr":-0.09131070724462298},"Iteration":27},
{"Acceptance":[0.05610217596972564],"Energy":{"Mean":-1674.0806451612905,"Sigma":0.622320827171988,"Taucorr":0.3044854446563192},"EnergyVariance":{"Mean":29.60639958376692,"Sigma":3.253112440061006,"Taucorr":-0.07679577763597123},"Iteration":28},
{"Acceptance":[0.04929044465468307],"Energy":{"Mean":-1674.6854838709676,"Sigma":0.7031006350077634,"Taucorr":0.2999426741891844},"EnergyVariance":{"Mean":38.00591831425598,"Sigma":7.2474814857977545,"Taucorr":0.08205099985352382},"Iteration":29},
{"Acceptance":[0.04796594134342479],"Energy":{"Mean":-1677.951612903226,"Sigma":0.37948383075027176,"Taucorr":0.04213338216793572},"EnergyVariance":{"Mean":16.33636836628512,"Sigma":3.0788892171841966,"Taucorr":0.027034858200894796},"Iteration":30},
{"Acceptance":[0.049952696310312204],"Energy":{"Mean":-1676.9919354838712,"Sigma":0.481720130088234,"Taucorr":0.10750115583412745},"EnergyVariance":{"Mean":23.491870447450573,"Sigma":4.489065127554429,"Taucorr":-0.04369116335738682},"Iteration":31},
{"Acceptance":[0.043282876064333016],"Energy":{"Mean":-1679.8064516129032,"Sigma":0.29800178551355927,"Taucorr":-0.01673380599419305},"EnergyVariance":{"Mean":11.301248699271595,"Sigma":3.142591517425652,"Taucorr":-0.01802001107996154},"Iteration":32},
{"Acceptance":[0.0434720908230842],"Energy":{"Mean":-1679.4677419354837,"Sigma":0.5034480485264028,"Taucorr":0.3936665722083985},"EnergyVariance":{"Mean":17.44250780437045,"Sigma":3.9916587908279477,"Taucorr":0.46090670390376265},"Iteration":33},
{"Acceptance":[0.040350047303689685],"Energy":{"Mean":-1680.3870967741932,"Sigma":0.435000727609915,"Taucorr":0.29225834159817776},"EnergyVariance":{"Mean":14.688865764828304,"Sigma":2.58042533144859,"Taucorr":0.16317221356364764},"Iteration":34},
{"Acceptance":[0.03491012298959319],"Energy":{"Mean":-1681.3064516129032,"Sigma":0.45565586627446997,"Taucorr":0.2329015544041304},"EnergyVariance":{"Mean":17.422216441207077,"Sigma":4.215807845159788,"Taucorr":0.09925540644490449},"Iteration":35},
{"Acceptance":[0.03325449385052034],"Energy":{"Mean":-1681.846774193548,"Sigma":0.383930825729781,"Taucorr":0.1251606768836343},"EnergyVariance":{"Mean":14.50071540062435,"Sigma":3.166685867709939,"Taucorr":0.06001584769404689},"Iteration":36},
{"Acceptance":[0.030889309366130557],"Energy":{"Mean":-1681.7419354838712,"Sigma":0.5697910236340563,"Taucorr":0.7222045288066501},"EnergyVariance":{"Mean":16.336628511966705,"Sigma":6.35968206488546,"Taucorr":0.8358974746748751},"Iteration":37},
{"Acceptance":[0.031929990539262064],"Energy":{"Mean":-1682.3790322580649,"Sigma":0.2663651608038182,"Taucorr":0.23998698534195462},"EnergyVariance":{"Mean":5.896657127991675,"Sigma":1.5809625134435745,"Taucorr":0.24235610610062697},"Iteration":38},
{"Acceptance":[0.03136234626300852],"Energy":{"Mean":-1682.524193548387,"Sigma":0.44349462039712856,"Taucorr":0.5409536868616207},"EnergyVariance":{"Mean":11.620382414151925,"Sigma":4.226307575483313,"Taucorr":0.27795139542904235},"Iteration":39},
{"Acceptance":[0.027341532639545883],"Energy":{"Mean":-1682.7983870967744,"Sigma":0.3244969959514957,"Taucorr":0.29666365301990294},"EnergyVariance":{"Mean":8.128707075962536,"Sigma":2.5928958881806725,"Taucorr":0.240939455340907},"Iteration":40},
{"Acceptance":[0.02682119205298013],"Energy":{"Mean":-1683.1370967741937,"Sigma":0.32623600980950423,"Taucorr":0.4153746805278903},"EnergyVariance":{"Mean":7.150559313215401,"Sigma":1.8670738146968882,"Taucorr":0.2027660371049762},"Iteration":41},
{"Acceptance":[0.03032166508987701],"Energy":{"Mean":-1682.903225806452,"Sigma":0.4893595522912192,"Taucorr":0.636529350357345},"EnergyVariance":{"Mean":12.95837669094693,"Sigma":4.3617039446560355,"Taucorr":0.5254347762582412},"Iteration":42},
{"Acceptance":[0.027294228949858088],"Energy":{"Mean":-1683.8548387096776,"Sigma":0.24367653112480725,"Taucorr":0.15117479241081655},"EnergyVariance":{"Mean":5.607960457856401,"Sigma":1.8173334473880232,"Taucorr":-0.010957777538067703},"Iteration":43},
{"Acceptance":[0.027294228949858088],"Energy":{"Mean":-1683.2499999999998,"Sigma":0.5764183068884424,"Taucorr":0.8776267500340016},"EnergyVariance":{"Mean":14.832661290322584,"Sigma":8.186795805664444,"Taucorr":1.0738642377974914},"Iteration":44},
{"Acceptance":[0.028003784295175024],"Energy":{"Mean":-1683.2016129032259,"Sigma":0.35609503889499716,"Taucorr":0.3497707413522916},"EnergyVariance":{"Mean":9.177094172736732,"Sigma":2.296415694143329,"Taucorr":0.31365113070657635},"Iteration":45},
{"Acceptance":[0.026395458845789973],"Energy":{"Mean":-1683.9758064516127,"Sigma":0.29314636301539526,"Taucorr":0.17915855279105442},"EnergyVariance":{"Mean":7.781672736732569,"Sigma":2.1472229011607356,"Taucorr":0.2567702818863591},"Iteration":46},
{"Acceptance":[0.02445600756859035],"Energy":{"Mean":-1684.3870967741937,"Sigma":0.2528968481750169,"Taucorr":0.3687528729027807},"EnergyVariance":{"Mean":4.527575442247659,"Sigma":1.0073006538290563,"Taucorr":0.19072722338153414},"Iteration":47},
{"Acceptance":[0.026679280983916746],"Energy":{"Mean":-1683.959677419355,"Sigma":0.43581230148171296,"Taucorr":0.4116475729781566},"EnergyVariance":{"Mean":12.812890218522373,"Sigma":3.017265989741751,"Taucorr":0.3010357448407668},"Iteration":48},
{"Acceptance":[0.02455061494796594],"Energy":{"Mean":-1683.758064516129,"Sigma":0.3665231643004098,"Taucorr":0.15808657452496888},"EnergyVariance":{"Mean":12.554370447450573,"Sigma":2.51734663830825,"Taucorr":0.021432682798754432},"Iteration":49} 
]}