{"Output": [
{"Acceptance":[0.8680672268907563],"Energy":{"Mean":-156.3306451612903,"Sigma":0.7381125209969307,"Taucorr":-0.03565264181605354},"EnergyVariance":{"Mean":72.15680280957336,"Sigma":9.661168427761611,"Taucorr":0.1901279174260282},"Iteration":0},
{"Acceptance":[0.838375350140056],"Energy":{"Mean":-157.16129032258064,"Sigma":0.6711757845375288,"Taucorr":-0.06965623560408224},"EnergyVariance":{"Mean":64.37721123829344,"Sigma":4.828828632844574,"Taucorr":-0.22712601334158394},"Iteration":1},
{"Acceptance":[0.826890756302521],"Energy":{"Mean":-157.52419354838707,"Sigma":0.7198561347000378,"Taucorr":-0.08563816878195885},"EnergyVariance":{"Mean":76.91070499479709,"Sigma":12.37763778481926,"Taucorr":-0.009056088029727682},"Iteration":2},
{"Acceptance":[0.7872549019607843],"Energy":{"Mean":-159.20161290322577,"Sigma":0.8123227147228295,"Taucorr":0.07170846301639311},"EnergyVariance":{"Mean":70.98354578563998,"Sigma":9.188502387895442,"Taucorr":0.05531994514769678},"Iteration":3},
{"Acceptance":[0.7464985994397759],"Energy":{"Mean":-160.53225806451613,"Sigma":0.7381448279486904,"Taucorr":0.013933432017587344},"EnergyVariance":{"Mean":65.20057232049948,"Sigma":9.324935873540841,"Taucorr":-0.06076412605506559},"Iteration":4},
{"Acceptance":[0.7149859943977591],"Energy":{"Mean":-160.258064516129,"Sigma":0.9047725811037653,"Taucorr":0.16555626057529604},"EnergyVariance":{"Mean":75.64308012486991,"Sigma":9.550882417898672,"Taucorr":0.02081632945913925},"Iteration":5},
{"Acceptance":[0.6596638655462185],"Energy":{"Mean":-164.98387096774195,"Sigma":1.0305765874843211,"Taucorr":0.38153159637253453},"EnergyVariance":{"Mean":74.09651404786679,"Sigma":10.127041547096077,"Taucorr":0.18806227892386673},"Iteration":6},
{"Acceptance":[0.588515406162465],"Energy":{"Mean":-167.54032258064515,"Sigma":1.0749529105836453,"Taucorr":0.3218026559328293},"EnergyVariance":{"Mean":86.47418054110302,"Sigma":11.173160637271284,"Taucorr":0.07479381704533616},"Iteration":7},
{"Acceptance":[0.5092436974789916],"Energy":{"Mean":-172.54032258064515,"Sigma":0.6830411886179301,"Taucorr":0.05480836583092985},"EnergyVariance":{"Mean":51.71611602497398,"Sigma":5.845039492382518,"Taucorr":-0.04427574249582583},"Iteration":8},
{"Acceptance":[0.4673669467787115],"Energy":{"Mean":-175.49999999999997,"Sigma":1.07175366291816,"Taucorr":0.4163772361125633},"EnergyVariance":{"Mean":77.08870967741937,"Sigma":10.686474898251218,"Taucorr":0.055854125663847065},"Iteration":9},
{"Acceptance":[0.4275910364145658],"Energy":{"Mean":-177.16935483870967,"Sigma":1.0347060187634678,"Taucorr":0.4674241823388817},"EnergyVariance":{"Mean":68.06002861602497,"Sigma":10.998550825244063,"Taucorr":0.13962848179518705},"Iteration":10},
{"Acceptance":[0.3371148459383754],"Energy":{"Mean":-180.8467741935484,"Sigma":0.8798580514909777,"Taucorr":0.39258998691697966},"EnergyVariance":{"Mean":53.3394250780437,"Sigma":8.232421072638777,"Taucorr":0.23753884962292782},"Iteration":11},
{"Acceptance":[0.28179271708683473],"Energy":{"Mean":-185.00806451612902,"Sigma":0.873942054051497,"Taucorr":0.4683381175262348},"EnergyVariance":{"Mean":48.507999479708644,"Sigma":9.06621816153605,"Taucorr":0.34323036105711713},"Iteration":12},
{"Acceptance":[0.23669467787114845],"Energy":{"Mean":-188.6935483870968,"Sigma":0.738778932753971,"Taucorr":0.4256892680092125},"EnergyVariance":{"Mean":36.260926118626436,"Sigma":4.64548348332863,"Taucorr":0.1481559979516588},"Iteration":13},
{"Acceptance":[0.21316526610644257],"Energy":{"Mean":-191.16129032258064,"Sigma":0.49317225107809703,"Taucorr":0.18422781255206233},"EnergyVariance":{"Mean":21.86108220603538,"Sigma":3.2748337013120787,"Taucorr":-0.13176209289786983},"Iteration":14},
{"Acceptance":[0.18459383753501402],"Energy":{"Mean":-192.06451612903223,"Sigma":0.6159798276807511,"Taucorr":0.414669413060325},"EnergyVariance":{"Mean":25.511966701352755,"Sigma":2.958395374465983,"Taucorr":0.07409849367924326},"Iteration":15},
{"Acceptance":[0.1627450980392157],"Energy":{"Mean":-192.83870967741936,"Sigma":0.5321073426219072,"Taucorr":0.30185412573674},"EnergyVariance":{"Mean":21.7159209157128,"Sigma":4.294047954992027,"Taucorr":0.2278940875730514},"Iteration":16},
{"Acceptance":[0.1392156862745098],"Energy":{"Mean":-194.58064516129033,"Sigma":0.5574986253869687,"Taucorr":0.4073587888068372},"EnergyVariance":{"Mean":21.06607700312175,"Sigma":3.632614327980402,"Taucorr":0.1188480267272376},"Iteration":17},
{"Acceptance":[0.12773109243697478],"Energy":{"Mean":-196.2661290322581,"Sigma":0.4458493591538796,"Taucorr":0.36022790197469134},"EnergyVariance":{"Mean":14.211433402705515,"Sigma":2.8213450837533607,"Taucorr":-0.042159336109986234},"Iteration":18},
{"Acceptance":[0.107703081232493],"Energy":{"Mean":-197.0725806451613,"Sigma":0.4992189529207151,"Taucorr":0.527130921405317},"EnergyVariance":{"Mean":14.922151404786678,"Sigma":3.1728112900096908,"Taucorr":0.43689171859335196},"Iteration":19},
{"Acceptance":[0.09313725490196079],"Energy":{"Mean":-197.53225806451616,"Sigma":0.40705174162597074,"Taucorr":0.4580622477681324},"EnergyVariance":{"Mean":10.636056191467222,"Sigma":2.68223062543943,"Taucorr":0.41829352129297337},"Iteration":20},
{"Acceptance":[0.0865546218487395],"Energy":{"Mean":-198.37096774193552,"Sigma":0.29003869035147406,"Taucorr":0.2969803230072563},"EnergyVariance":{"Mean":6.491415192507804,"Sigma":1.1894003948434038,"Taucorr":0.1598583828032113},"Iteration":21},
{"Acceptance":[0.08417366946778712],"Energy":{"Mean":-198.50806451612905,"Sigma":0.2682790311800998,"Taucorr":0.2508577606654667},"EnergyVariance":{"Mean":5.895096253902184,"Sigma":0.8238883994714539,"Taucorr":0.066494102449279},"Iteration":22},
{"Acceptance":[0.07338935574229692],"Energy":{"Mean":-199.18548387096772,"Sigma":0.2041135245526527,"Taucorr":0.06061045891141348},"EnergyVariance":{"Mean":4.570434443288241,"Sigma":0.7818860154430328,"Taucorr":-0.062376508116860185},"Iteration":23},
{"Acceptance":[0.06988795518207283],"Energy":{"Mean":-198.68548387096774,"Sigma":0.3634822143552821,"Taucorr":0.5169652668679963},"EnergyVariance":{"Mean":7.989789281997918,"Sigma":2.6311716705725576,"Taucorr":0.09782315130213359},"Iteration":24},
{"Acceptance":[0.06190476190476191],"Energy":{"Mean":-199.79838709677418,"Sigma":0.17444973196797295,"Taucorr":0.09210131061868665},"EnergyVariance":{"Mean":3.1609651404786687,"Sigma":0.722392636819125,"Taucorr":-0.033295877755138814},"Iteration":25},
{"Acceptance":[0.06162464985994398],"Energy":{"Mean":-199.90322580645162,"Sigma":0.2703237354660066,"Taucorr":0.5866366838596035},"EnergyVariance":{"Mean":4.135796045785639,"Sigma":1.3651508059306898,"Taucorr":0.35456023651288815},"Iteration":26},
{"Acceptance":[0.05896358543417367],"Energy":{"Mean":-200.06451612903226,"Sigma":0.14197518994958577,"Taucorr":-0.009649619263222442},"EnergyVariance":{"Mean":2.528095733610822,"Sigma":0.3840072256238273,"Taucorr":-0.027227037038996815},"Iteration":27},
{"Acceptance":[0.06498599439775911],"Energy":{"Mean":-199.58870967741933,"Sigma":0.26527232586126676,"Taucorr":0.31060043122875947},"EnergyVariance":{"Mean":5.3389047866805415,"Sigma":1.7684465832859377,"Taucorr":0.3352138483028654},"Iteration":28},
{"Acceptance":[0.050980392156862744],"Energy":{"Mean":-200.1129032258064,"Sigma":0.21992139042711523,"Taucorr":0.5525522415539037},"EnergyVariance":{"Mean":2.8259625390218517,"Sigma":0.4669002043836107,"Taucorr":0.2301067345706551},"Iteration":29},
{"Acceptance":[0.05392156862745098],"Energy":{"Mean":-200.29032258064515,"Sigma":0.14577231020966905,"Taucorr":0.0008499501495510264},"EnergyVariance":{"Mean":2.609261186264308,"Sigma":0.4568486993127997,"Taucorr":-0.02984646851187317},"Iteration":30},
{"Acceptance":[0.05168067226890756],"Energy":{"Mean":-200.56451612903223,"Sigma":0.16312132743588958,"Taucorr":0.16642917681957736},"EnergyVariance":{"Mean":2.4555150884495327,"Sigma":0.5657322369852678,"Taucorr":0.08847584020107269},"Iteration":31},
{"Acceptance":[0.047058823529411764],"Energy":{"Mean":-200.41935483870972,"Sigma":0.19343634750006403,"Taucorr":0.31019875435061084},"EnergyVariance":{"Mean":2.8402705515088447,"Sigma":1.1630360619438682,"Taucorr":0.436152154610977},"Iteration":32},
{"Acceptance":[0.0469187675070028],"Energy":{"Mean":-200.86290322580646,"Sigma":0.13512176392304256,"Taucorr":0.38871673444175014},"EnergyVariance":{"Mean":1.2634625390218521,"Sigma":0.32049890782402135,"Taucorr":0.05022914874237949},"Iteration":33},
{"Acceptance":[0.04061624649859944],"Energy":{"Mean":-200.68548387096774,"Sigma":0.1711629034208567,"Taucorr":0.35035452285214463},"EnergyVariance":{"Mean":2.118821540062435,"Sigma":0.7961097405101294,"Taucorr":0.44613763090351355},"Iteration":34},
{"Acceptance":[0.042717086834733894],"Energy":{"Mean":-200.75806451612905,"Sigma":0.1388721229330142,"Taucorr":0.16625748940522933},"EnergyVariance":{"Mean":1.7801768990634756,"Sigma":0.47341339438900787,"Taucorr":0.27537019508631166},"Iteration":35},
{"Acceptance":[0.03949579831932773],"Energy":{"Mean":-201.04032258064515,"Sigma":0.11065346844892893,"Taucorr":0.23639890606118752},"EnergyVariance":{"Mean":1.0225676378772113,"Sigma":0.16560199260730646,"Taucorr":0.0003660860088194884},"Iteration":36},
{"Acceptance":[0.03711484593837535],"Energy":{"Mean":-200.73387096774186,"Sigma":0.14053253357642684,"Taucorr":0.06573566386961716},"EnergyVariance":{"Mean":2.1469172736732567,"Sigma":0.5505774066575648,"Taucorr":-0.04950112979428617},"Iteration":37},
{"Acceptance":[0.034873949579831934],"Energy":{"Mean":-201.04032258064518,"Sigma":0.10310813185181725,"Taucorr":0.24517826699281808},"EnergyVariance":{"Mean":0.8774063475546307,"Sigma":0.22287263206774138,"Taucorr":0.2653198629350916},"Iteration":38},
{"Acceptance":[0.03459383753501401],"Energy":{"Mean":-201.03225806451613,"Sigma":0.2168140324375025,"Taucorr":0.7198737650933018},"EnergyVariance":{"Mean":2.3699271592091575,"Sigma":1.1000090635947213,"Taucorr":0.5367620408264073},"Iteration":39},
{"Acceptance":[0.03179271708683473],"Energy":{"Mean":-201.11290322580646,"Sigma":0.10803642709891209,"Taucorr":0.18248825129854962},"EnergyVariance":{"Mean":1.0517689906347556,"Sigma":0.2690097550351029,"Taucorr":0.08614921999235237},"Iteration":40},
{"Acceptance":[0.032492997198879554],"Energy":{"Mean":-201.33064516129033,"Sigma":0.12453520941335486,"Taucorr":0.5244987775061121},"EnergyVariance":{"Mean":0.9309963579604579,"Sigma":0.3670096469440207,"Taucorr":0.08738348690049291},"Iteration":41},
{"Acceptance":[0.029131652661064426],"Energy":{"Mean":-201.25,"Sigma":0.10875641125583077,"Taucorr":0.20884086444008232},"EnergyVariance":{"Mean":1.026209677419355,"Sigma":0.31098793045607315,"Taucorr":-0.03747444415645168},"Iteration":42},
{"Acceptance":[0.03081232492997199],"Energy":{"Mean":-200.96774193548384,"Sigma":0.1510456099153962,"Taucorr":0.14951228323699828},"EnergyVariance":{"Mean":2.160249739854318,"Sigma":0.9310030420963983,"Taucorr":-0.00273672835206773},"Iteration":43},
{"Acceptance":[0.028011204481792718],"Energy":{"Mean":-201.08870967741933,"Sigma":0.11391634540120418,"Taucorr":0.1342740476559685},"EnergyVariance":{"Mean":1.2582596253902185,"Sigma":0.29494612702929796,"Taucorr":0.02037180359472135},"Iteration":44},
{"Acceptance":[0.025070028011204483],"Energy":{"Mean":-201.23387096774195,"Sigma":0.1321531186043322,"Taucorr":0.5721807440109141},"EnergyVariance":{"Mean":1.0017559833506764,"Sigma":0.3057271260445132,"Taucorr":0.3953732558251365},"Iteration":45},
{"Acceptance":[0.02492997198879552],"Energy":{"Mean":-201.41129032258064,"Sigma":0.08077945807159582,"Taucorr":0.3023013912365172},"EnergyVariance":{"Mean":0.5001951092611864,"Sigma":0.12465396853846357,"Taucorr":0.10183025690302105},"Iteration":46},
{"Acceptance":[0.02296918767507003],"Energy":{"Mean":-201.45161290322577,"Sigma":0.0789883573484151,"Taucorr":0.3104258241758362},"EnergyVariance":{"Mean":0.47346514047866817,"Sigma":0.10514295496624902,"Taucorr":0.2603566729556539},"Iteration":47},
{"Acceptance":[0.01876750700280112],"Energy":{"Mean":-201.56451612903223,"Sigma":0.08357578327762304,"Taucorr":0.06376749743939658},"EnergyVariance":{"Mean":0.7619667013527576,"Sigma":0.22056991281639043,"Taucorr":-0.03701383925115753},"Iteration":48},
{"Acceptance":[0.020168067226890758],"Energy":{"Mean":-201.21774193548387,"Sigma":0.1474432346956255,"Taucorr":0.14477621302888177},"EnergyVariance":{"Mean":2.073556191467222,"Sigma":0.6245940652736104,"Taucorr":0.04217026805216151},"Iteration":49} 
]}