{"Output": [
{"Acceptance":[0.9065279091769158],"Energy":{"Mean":-1430.5403225806451,"Sigma":2.789479486030145,"Taucorr":0.1212196735738773},"EnergyVariance":{"Mean":770.3290192507806,"Sigma":106.00375707159283,"Taucorr":-0.018745184905273604},"Iteration":0},
{"Acceptance":[0.892809839167455],"Energy":{"Mean":-1437.3225806451612,"Sigma":2.3422600044714645,"Taucorr":0.0020408568128373883},"EnergyVariance":{"Mean":672.057232049948,"Sigma":105.60928457129691,"Taucorr":0.1537469210498965},"Iteration":1},
{"Acceptance":[0.8805108798486282],"Energy":{"Mean":-1433.2580645161288,"Sigma":2.2147624168976012,"Taucorr":-0.014497829163318376},"EnergyVariance":{"Mean":621.3527575442246,"Sigma":82.55909438328145,"Taucorr":-0.07096294374230744},"Iteration":2},
{"Acceptance":[0.8700094607379376],"Energy":{"Mean":-1433.8951612903227,"Sigma":2.4027810442161996,"Taucorr":0.0493588779259343},"EnergyVariance":{"Mean":646.3196540062435,"Sigma":91.90642572978432,"Taucorr":-0.09851873344560963},"Iteration":3},
{"Acceptance":[0.8623935666982024],"Energy":{"Mean":-1436.0241935483868,"Sigma":2.0250897643289827,"Taucorr":-0.011363933328150333},"EnergyVariance":{"Mean":516.152640478668,"Sigma":54.76691207569431,"Taucorr":-0.1006369006149262},"Iteration":4},
{"Acceptance":[0.843519394512772],"Energy":{"Mean":-1433.6451612903227,"Sigma":2.383826952610666,"Taucorr":-0.04688866425710336},"EnergyVariance":{"Mean":771.2934443288242,"Sigma":110.06942532431106,"Taucorr":0.09172219366892531},"Iteration":5},
{"Acceptance":[0.819914853358562],"Energy":{"Mean":-1440.5403225806454,"Sigma":2.0339225561149927,"Taucorr":-0.108293768651473},"EnergyVariance":{"Mean":649.5064386056192,"Sigma":85.27443598090872,"Taucorr":0.14754622974120213},"Iteration":6},
{"Acceptance":[0.7806054872280038],"Energy":{"Mean":-1443.298387096774,"Sigma":2.2654018654996952,"Taucorr":0.023950425266987874},"EnergyVariance":{"Mean":602.3867715920916,"Sigma":51.77021973681766,"Taucorr":-0.1671845384047702},"Iteration":7},
{"Acceptance":[0.7364238410596027],"Energy":{"Mean":-1447.9516129032256,"Sigma":2.2664992235800727,"Taucorr":-0.02923666708403},"EnergyVariance":{"Mean":671.0944328824143,"Sigma":104.34273360779521,"Taucorr":0.06863185318032539},"Iteration":8},
{"Acceptance":[0.6266319772942289],"Energy":{"Mean":-1464.9193548387093,"Sigma":3.0412130409294122,"Taucorr":0.4239624028028448},"EnergyVariance":{"Mean":615.6225286160251,"Sigma":86.29862244444655,"Taucorr":0.1299922527540902},"Iteration":9},
{"Acceptance":[0.5558183538315988],"Energy":{"Mean":-1478.9758064516127,"Sigma":2.4249585640709315,"Taucorr":0.10827906974708812},"EnergyVariance":{"Mean":594.5397372528615,"Sigma":82.95427812980058,"Taucorr":0.06360147024496621},"Iteration":10},
{"Acceptance":[0.482639545884579],"Energy":{"Mean":-1496.467741935484,"Sigma":2.79553556181101,"Taucorr":0.27390221067954146},"EnergyVariance":{"Mean":621.0392819979189,"Sigma":83.68457627338199,"Taucorr":0.050134304115280526},"Iteration":11},
{"Acceptance":[0.43088930936613057],"Energy":{"Mean":-1516.3951612903224,"Sigma":2.7364714691155423,"Taucorr":0.3776073772081634},"EnergyVariance":{"Mean":524.7551378772112,"Sigma":62.494057559028136,"Taucorr":-0.027142621212320583},"Iteration":12},
{"Acceptance":[0.3451750236518448],"Energy":{"Mean":-1538.2096774193546,"Sigma":2.7125281023813925,"Taucorr":0.2250323245274165},"EnergyVariance":{"Mean":624.1173257023934,"Sigma":77.55446984785617,"Taucorr":-0.10230399881379915},"Iteration":13},
{"Acceptance":[0.30132450331125826],"Energy":{"Mean":-1558.1774193548388,"Sigma":2.3023244900706152,"Taucorr":0.25613636761334857},"EnergyVariance":{"Mean":431.1298126951093,"Sigma":70.59647053449486,"Taucorr":0.13705518643428782},"Iteration":14},
{"Acceptance":[0.24848628192999053],"Energy":{"Mean":-1578.1612903225807,"Sigma":1.7062325814265813,"Taucorr":0.04587200605332875},"EnergyVariance":{"Mean":327.9901144641,"Sigma":37.68008421114754,"Taucorr":-0.00955572491961787},"Iteration":15},
{"Acceptance":[0.2317407757805109],"Energy":{"Mean":-1594.491935483871,"Sigma":1.4470253075608137,"Taucorr":0.023865693135567634},"EnergyVariance":{"Mean":245.81445109261182,"Sigma":31.107118572512483,"Taucorr":0.056467033557142776},"Iteration":16},
{"Acceptance":[0.19711447492904446],"Energy":{"Mean":-1604.1209677419354,"Sigma":1.9964979745371414,"Taucorr":0.5190445112345328},"EnergyVariance":{"Mean":240.55794745057236,"Sigma":41.32119672843324,"Taucorr":0.39266805176761954},"Iteration":17},
{"Acceptance":[0.16911069063386944],"Energy":{"Mean":-1618.6935483870966,"Sigma":1.2603714718149424,"Taucorr":0.26101943587135024},"EnergyVariance":{"Mean":128.3738293444329,"Sigma":15.426793547377999,"Taucorr":-0.06807387045004137},"Iteration":18},
{"Acceptance":[0.14120151371807002],"Energy":{"Mean":-1624.0564516129034,"Sigma":1.0667701779466612,"Taucorr":0.11268051725933725},"EnergyVariance":{"Mean":114.23068418314253,"Sigma":13.741907424512565,"Taucorr":0.011817529170336405},"Iteration":19},
{"Acceptance":[0.11466414380321666],"Energy":{"Mean":-1634.6693548387098,"Sigma":1.0234079621994872,"Taucorr":0.2607257220236715},"EnergyVariance":{"Mean":84.67293184183143,"Sigma":8.657248253431197,"Taucorr":-0.12771359001774324},"Iteration":20},
{"Acceptance":[0.09858088930936613],"Energy":{"Mean":-1637.0887096774197,"Sigma":1.1160214224960086,"Taucorr":0.3239236782735003},"EnergyVariance":{"Mean":92.96793704474504,"Sigma":16.44781001836442,"Taucorr":0.12030161592430699},"Iteration":21},
{"Acceptance":[0.0880794701986755],"Energy":{"Mean":-1641.2258064516132,"Sigma":0.8047535887066567,"Taucorr":0.18980952917323357},"EnergyVariance":{"Mean":57.739334027055136,"Sigma":7.951623444029893,"Taucorr":0.030659420364821388},"Iteration":22},
{"Acceptance":[0.07658467360454116],"Energy":{"Mean":-1646.4112903225807,"Sigma":0.6515643280095326,"Taucorr":0.21122471215393557},"EnergyVariance":{"Mean":36.709872528616025,"Sigma":4.5392611898693405,"Taucorr":-0.029707004103660284},"Iteration":23},
{"Acceptance":[0.0674077578051088],"Energy":{"Mean":-1648.3629032258061,"Sigma":0.5714816046199558,"Taucorr":-0.0979471163422333},"EnergyVariance":{"Mean":49.95701092611863,"Sigma":5.903324448306257,"Taucorr":-0.016487632636338012},"Iteration":24},
{"Acceptance":[0.05719016083254494],"Energy":{"Mean":-1652.1048387096776,"Sigma":0.6738963691378228,"Taucorr":0.3337857804372695},"EnergyVariance":{"Mean":33.497073361082215,"Sigma":6.265274490953444,"Taucorr":0.0387320625616393},"Iteration":25},
{"Acceptance":[0.05274361400189215],"Energy":{"Mean":-1653.9919354838712,"Sigma":0.6021337363247411,"Taucorr":0.4122165372243157},"EnergyVariance":{"Mean":24.443483350676377,"Sigma":3.0347587070736886,"Taucorr":0.04855860535860401},"Iteration":26},
{"Acceptance":[0.0456480605487228],"Energy":{"Mean":-1656.1532258064515,"Sigma":0.4610759709511622,"Taucorr":0.13227896473312306},"EnergyVariance":{"Mean":20.678134755463056,"Sigma":2.87636301874015,"Taucorr":0.1547767370674532},"Iteration":27},
{"Acceptance":[0.03945127719962157],"Energy":{"Mean":-1657.5887096774193,"Sigma":0.4101449368618838,"Taucorr":0.18526737057954468},"EnergyVariance":{"Mean":15.096969302809573,"Sigma":3.3279130010544438,"Taucorr":0.2367342942570142},"Iteration":28},
{"Acceptance":[0.03614001892147588],"Energy":{"Mean":-1658.6048387096773,"Sigma":0.3630764222311318,"Taucorr":0.23291510615405286},"EnergyVariance":{"Mean":11.061589490114464,"Sigma":2.1222774203393375,"Taucorr":0.09256155759251994},"Iteration":29},
{"Acceptance":[0.03235572374645222],"Energy":{"Mean":-1659.6290322580649,"Sigma":0.33538434214280366,"Taucorr":0.3418518694399598},"EnergyVariance":{"Mean":8.217221644120709,"Sigma":1.3967957290959292,"Taucorr":-0.06804202054257191},"Iteration":30},
{"Acceptance":[0.027672658467360455],"Energy":{"Mean":-1659.9999999999998,"Sigma":0.28914036476705945,"Taucorr":0.028648424543919804},"EnergyVariance":{"Mean":9.725806451612902,"Sigma":1.6713652119956541,"Taucorr":-0.07151322623615336},"Iteration":31},
{"Acceptance":[0.027530747398297067],"Energy":{"Mean":-1659.516129032258,"Sigma":0.41379691591051826,"Taucorr":0.21551065860640206},"EnergyVariance":{"Mean":14.717481789802287,"Sigma":3.5598792619963593,"Taucorr":-0.026731457047956986},"Iteration":32},
{"Acceptance":[0.022232734153263954],"Energy":{"Mean":-1660.6532258064515,"Sigma":0.39241419501710484,"Taucorr":0.597403742529651},"EnergyVariance":{"Mean":8.629747658688867,"Sigma":2.1849109757943963,"Taucorr":0.5110429635256859},"Iteration":33},
{"Acceptance":[0.02445600756859035],"Energy":{"Mean":-1660.540322580645,"Sigma":0.39910800647501665,"Taucorr":0.5742181872641934},"EnergyVariance":{"Mean":9.119341831425597,"Sigma":2.4163892928614663,"Taucorr":0.3764457605668985},"Iteration":34},
{"Acceptance":[0.02133396404919584],"Energy":{"Mean":-1661.0403225806451,"Sigma":0.3581044732137505,"Taucorr":0.6256342185629231},"EnergyVariance":{"Mean":7.006438605619146,"Sigma":2.3147299191719157,"Taucorr":0.28472090861457733},"Iteration":35},
{"Acceptance":[0.01944181646168401],"Energy":{"Mean":-1661.3145161290322,"Sigma":0.3104297536973128,"Taucorr":0.32876267564002737},"EnergyVariance":{"Mean":7.151079604578564,"Sigma":1.8400502315067637,"Taucorr":0.19655767702833904},"Iteration":36},
{"Acceptance":[0.018543046357615896],"Energy":{"Mean":-1661.2903225806447,"Sigma":0.28916285691927307,"Taucorr":0.2595145239376142},"EnergyVariance":{"Mean":6.770551508844953,"Sigma":1.6696660358831812,"Taucorr":0.13994319529326782},"Iteration":37},
{"Acceptance":[0.016461684011352885],"Energy":{"Mean":-1662.2096774193549,"Sigma":0.15900259270962122,"Taucorr":0.03178886021890415},"EnergyVariance":{"Mean":2.9237773152965665,"Sigma":0.8303001107580593,"Taucorr":-0.04386091135542075},"Iteration":38},
{"Acceptance":[0.018637653736991486],"Energy":{"Mean":-1662.1774193548383,"Sigma":0.15080142019090392,"Taucorr":0.07029012411149238},"EnergyVariance":{"Mean":2.4523933402705516,"Sigma":0.7379973431989652,"Taucorr":0.0096728549512618},"Iteration":39},
{"Acceptance":[0.016130558183538316],"Energy":{"Mean":-1662.0403225806454,"Sigma":0.3027865154704656,"Taucorr":0.4540812396139444},"EnergyVariance":{"Mean":5.909664412070759,"Sigma":2.976568064110815,"Taucorr":0.46486746411646473},"Iteration":40},
{"Acceptance":[0.015941343424787133],"Energy":{"Mean":-1662.0967741935485,"Sigma":0.31101581299796716,"Taucorr":0.5495570956489642},"EnergyVariance":{"Mean":5.66805411030177,"Sigma":2.527559550356121,"Taucorr":0.37380915580988083},"Iteration":41},
{"Acceptance":[0.015468306527909178],"Energy":{"Mean":-1662.104838709677,"Sigma":0.2549968884346256,"Taucorr":0.6816604208705597},"EnergyVariance":{"Mean":3.3841701352757543,"Sigma":1.2546797621728485,"Taucorr":0.7457522876182716},"Iteration":42},
{"Acceptance":[0.015515610217596973],"Energy":{"Mean":-1662.1129032258061,"Sigma":0.23036865898524295,"Taucorr":0.24888079746906266},"EnergyVariance":{"Mean":4.358220603537981,"Sigma":1.2923195555769336,"Taucorr":0.09560843878461922},"Iteration":43},
{"Acceptance":[0.013386944181646168],"Energy":{"Mean":-1662.2419354838712,"Sigma":0.18818740336691936,"Taucorr":0.2788817564424211},"EnergyVariance":{"Mean":2.79630593132154,"Sigma":0.6304061801817049,"Taucorr":0.0076460094125009315},"Iteration":44},
{"Acceptance":[0.01423841059602649],"Energy":{"Mean":-1662.0161290322583,"Sigma":0.2683921370494418,"Taucorr":0.04607503607502206},"EnergyVariance":{"Mean":8.11264308012487,"Sigma":2.6316302483263656,"Taucorr":0.06536691028617203},"Iteration":45},
{"Acceptance":[0.015279091769157994],"Energy":{"Mean":-1662.75,"Sigma":0.2333141313143493,"Taucorr":0.8337349397590492},"EnergyVariance":{"Mean":2.5100806451612905,"Sigma":1.4590026213056508,"Taucorr":0.9902703427040711},"Iteration":46},
{"Acceptance":[0.013859981078524125],"Energy":{"Mean":-1662.5,"Sigma":0.20739033894609007,"Taucorr":0.3840970350404539},"EnergyVariance":{"Mean":2.9919354838709684,"Sigma":1.7966322987928156,"Taucorr":0.45278359062464135},"Iteration":47},
{"Acceptance":[0.013576158940397352],"Energy":{"Mean":-1662.5887096774197,"Sigma":0.22226485311978636,"Taucorr":0.35229972085892747},"EnergyVariance":{"Mean":3.5647112382934436,"Sigma":1.8884193975021146,"Taucorr":0.42130670763948996},"Iteration":48},
{"Acceptance":[0.013765373699148533],"Energy":{"Mean":-1662.7419354838707,"Sigma":0.1845817238094934,"Taucorr":0.48513331702548135},"EnergyVariance":{"Mean":2.126951092611863,"Sigma":0.832805087317874,"Taucorr":0.42510882642596115},"Iteration":49} 
]}