{"Output": [
{"Acceptance":[0.8881475667189953],"Energy":{"Mean":-510.1048387096775,"Sigma":1.2107701158049755,"Taucorr":-0.10640802759528495},"EnergyVariance":{"Mean":229.06158949011441,"Sigma":28.89817235953559,"Taucorr":0.09628913566618613},"Iteration":0},
{"Acceptance":[0.8728414442700158],"Energy":{"Mean":-509.84677419354847,"Sigma":1.3797536313583711,"Taucorr":0.04279971596690979},"EnergyVariance":{"Mean":215.6942637877211,"Sigma":31.37390768258848,"Taucorr":0.02630149624911937},"Iteration":1},
{"Acceptance":[0.8621664050235479],"Energy":{"Mean":-511.75,"Sigma":1.1568519575178615,"Taucorr":-0.09757799792991156},"EnergyVariance":{"Mean":204.5262096774194,"Sigma":18.6970894980259,"Taucorr":-0.16323973874112874},"Iteration":2},
{"Acceptance":[0.8488226059654631],"Energy":{"Mean":-515.0967741935483,"Sigma":1.4772321100296095,"Taucorr":0.05392799314527219},"EnergyVariance":{"Mean":242.28095733610826,"Sigma":29.227022924133983,"Taucorr":-0.13207719836095033},"Iteration":3},
{"Acceptance":[0.8386970172684458],"Energy":{"Mean":-514.7177419354841,"Sigma":1.6919219020129985,"Taucorr":0.18784391331713834},"EnergyVariance":{"Mean":255.9445239334027,"Sigma":39.079660679590646,"Taucorr":0.1845495881196333},"Iteration":4},
{"Acceptance":[0.8069073783359497],"Energy":{"Mean":-517.2016129032257,"Sigma":1.2574198789562891,"Taucorr":-0.027970409013431063},"EnergyVariance":{"Mean":205.99967481789798,"Sigma":27.086769172767816,"Taucorr":-0.05645559236045139},"Iteration":5},
{"Acceptance":[0.7574568288854003],"Energy":{"Mean":-520.1451612903228,"Sigma":1.884385976886243,"Taucorr":0.2999448728931844},"EnergyVariance":{"Mean":272.99505723205,"Sigma":36.47402525801142,"Taucorr":0.1689098617625827},"Iteration":6},
{"Acceptance":[0.7],"Energy":{"Mean":-523.2580645161289,"Sigma":1.665247401255482,"Taucorr":0.10115487249085264},"EnergyVariance":{"Mean":283.69146722164413,"Sigma":45.33044437964492,"Taucorr":0.1278186991391409},"Iteration":7},
{"Acceptance":[0.5409733124018838],"Energy":{"Mean":-537.4758064516129,"Sigma":1.2103582313570063,"Taucorr":-0.005866045634986383},"EnergyVariance":{"Mean":182.33005983350674,"Sigma":20.446925717700108,"Taucorr":-0.099128771348308},"Iteration":8},
{"Acceptance":[0.4556514913657771],"Energy":{"Mean":-549.9354838709677,"Sigma":1.4876267336422964,"Taucorr":0.28410131169555386},"EnergyVariance":{"Mean":173.57648283038498,"Sigma":24.798161496521434,"Taucorr":-0.05856478229700429},"Iteration":9},
{"Acceptance":[0.4048665620094192],"Energy":{"Mean":-560.1854838709676,"Sigma":1.303890360743875,"Taucorr":0.20938232328692175},"EnergyVariance":{"Mean":147.39301508844952,"Sigma":20.617967308992426,"Taucorr":0.09597499066054838},"Iteration":10},
{"Acceptance":[0.35047095761381475],"Energy":{"Mean":-569.4274193548387,"Sigma":1.1403636439200446,"Taucorr":0.1604185116542325},"EnergyVariance":{"Mean":121.09957075962542,"Sigma":15.084262197764234,"Taucorr":0.06257189217790726},"Iteration":11},
{"Acceptance":[0.30941915227629513],"Energy":{"Mean":-576.8548387096772,"Sigma":1.1086642035969108,"Taucorr":0.14522226095762159},"EnergyVariance":{"Mean":117.1563475546306,"Sigma":15.778986641471002,"Taucorr":0.11613955816927923},"Iteration":12},
{"Acceptance":[0.27456828885400314],"Energy":{"Mean":-581.8467741935485,"Sigma":1.4175208092077307,"Taucorr":0.40499285809202645},"EnergyVariance":{"Mean":136.54910249739856,"Sigma":19.10552813046652,"Taucorr":0.05135105289242725},"Iteration":13},
{"Acceptance":[0.23673469387755103],"Energy":{"Mean":-589.0725806451612,"Sigma":0.9225515071720207,"Taucorr":0.1911883600437323},"EnergyVariance":{"Mean":75.72860301768992,"Sigma":10.641031648340757,"Taucorr":0.1169099846403816},"Iteration":14},
{"Acceptance":[0.2],"Energy":{"Mean":-593.6370967741935,"Sigma":0.8201788676603666,"Taucorr":0.14603617757908105},"EnergyVariance":{"Mean":64.03765608740895,"Sigma":8.9330102240024,"Taucorr":0.025237394712216976},"Iteration":15},
{"Acceptance":[0.1684458398744113],"Energy":{"Mean":-599.6209677419354,"Sigma":0.6737065432493068,"Taucorr":0.08893712839836154},"EnergyVariance":{"Mean":47.39665712799167,"Sigma":5.610871267149567,"Taucorr":-0.03821815919692678},"Iteration":16},
{"Acceptance":[0.15282574568288854],"Energy":{"Mean":-600.741935483871,"Sigma":0.7623961123453564,"Taucorr":0.39048328040955904},"EnergyVariance":{"Mean":40.143080124869925,"Sigma":6.074005347075076,"Taucorr":0.1194066795012817},"Iteration":17},
{"Acceptance":[0.1272370486656201],"Energy":{"Mean":-604.5161290322582,"Sigma":0.6948287756001562,"Taucorr":0.12604218090066432},"EnergyVariance":{"Mean":47.427159209157125,"Sigma":6.790056085057832,"Taucorr":0.13758793536362912},"Iteration":18},
{"Acceptance":[0.11797488226059655],"Energy":{"Mean":-606.3387096774194,"Sigma":0.6569058690911035,"Taucorr":0.21792631090029813},"EnergyVariance":{"Mean":36.965920915712786,"Sigma":4.6074156001326605,"Taucorr":0.124507579153039},"Iteration":19},
{"Acceptance":[0.09317111459968602],"Energy":{"Mean":-608.741935483871,"Sigma":0.7867761113071648,"Taucorr":0.3900548000194656},"EnergyVariance":{"Mean":42.772112382934445,"Sigma":7.031719194960443,"Taucorr":-0.028455547400519976},"Iteration":20},
{"Acceptance":[0.08273155416012559],"Energy":{"Mean":-612.0564516129033,"Sigma":0.46035132642272353,"Taucorr":0.2193643454818931},"EnergyVariance":{"Mean":18.1177809573361,"Sigma":1.841842512988634,"Taucorr":-0.06269718058267781},"Iteration":21},
{"Acceptance":[0.076138147566719],"Energy":{"Mean":-613.3548387096773,"Sigma":0.49659786006055145,"Taucorr":0.43546339976252446},"EnergyVariance":{"Mean":16.212799167533817,"Sigma":2.885409517632314,"Taucorr":0.11695772421415696},"Iteration":22},
{"Acceptance":[0.06467817896389325],"Energy":{"Mean":-614.2500000000002,"Sigma":0.5264508881504523,"Taucorr":0.3200795421476217},"EnergyVariance":{"Mean":20.78427419354839,"Sigma":5.613362243312472,"Taucorr":0.033892181548315525},"Iteration":23},
{"Acceptance":[0.05784929356357928],"Energy":{"Mean":-615.9112903225805,"Sigma":0.43695986428603545,"Taucorr":0.2583561195045231},"EnergyVariance":{"Mean":15.484066077003122,"Sigma":2.4154212903411567,"Taucorr":0.041113584318534735},"Iteration":24},
{"Acceptance":[0.05204081632653061],"Energy":{"Mean":-616.4274193548388,"Sigma":0.4527682992963737,"Taucorr":0.4381741011581316},"EnergyVariance":{"Mean":13.438280437044748,"Sigma":2.4759768869082746,"Taucorr":0.2811441070717223},"Iteration":25},
{"Acceptance":[0.04262166405023548],"Energy":{"Mean":-616.7741935483873,"Sigma":0.34104418223328764,"Taucorr":0.13552558591041497},"EnergyVariance":{"Mean":11.255463059313215,"Sigma":1.862257012021194,"Taucorr":-0.05545841307780469},"Iteration":26},
{"Acceptance":[0.04144427001569859],"Energy":{"Mean":-617.4112903225806,"Sigma":0.3613647196826044,"Taucorr":0.32163136847848584},"EnergyVariance":{"Mean":9.774388657648284,"Sigma":1.953398110053471,"Taucorr":0.3512032531350284},"Iteration":27},
{"Acceptance":[0.03414442700156986],"Energy":{"Mean":-618.1532258064515,"Sigma":0.33614621341761647,"Taucorr":0.384615894094546},"EnergyVariance":{"Mean":7.855554110301768,"Sigma":1.6544430574172364,"Taucorr":0.15358550405040094},"Iteration":28},
{"Acceptance":[0.03218210361067504],"Energy":{"Mean":-618.4596774193549,"Sigma":0.2823425372829012,"Taucorr":0.2948816365265893},"EnergyVariance":{"Mean":6.167728928199791,"Sigma":1.351648419517722,"Taucorr":0.22140798060434552},"Iteration":29},
{"Acceptance":[0.02872841444270016],"Energy":{"Mean":-618.7983870967741,"Sigma":0.26751026380638576,"Taucorr":0.29095903220150765},"EnergyVariance":{"Mean":5.56419094693028,"Sigma":1.1536940054233307,"Taucorr":0.11458413836540526},"Iteration":30},
{"Acceptance":[0.026138147566718995],"Energy":{"Mean":-618.9354838709678,"Sigma":0.2602644803320494,"Taucorr":0.34754816343813355},"EnergyVariance":{"Mean":4.915192507804372,"Sigma":1.1676587436249997,"Taucorr":0.09947935191333845},"Iteration":31},
{"Acceptance":[0.023626373626373626],"Energy":{"Mean":-618.7338709677418,"Sigma":0.3208556026074544,"Taucorr":0.22410166390217534},"EnergyVariance":{"Mean":8.743691467221646,"Sigma":3.6226497992285505,"Taucorr":0.41334854123277476},"Iteration":32},
{"Acceptance":[0.01978021978021978],"Energy":{"Mean":-619.3870967741934,"Sigma":0.2050566108817734,"Taucorr":0.21033657281690987},"EnergyVariance":{"Mean":3.64047866805411,"Sigma":0.9195589084699843,"Taucorr":-0.013275969668831877},"Iteration":33},
{"Acceptance":[0.016875981161695447],"Energy":{"Mean":-619.2741935483871,"Sigma":0.2621650035261786,"Taucorr":0.19085845486627762},"EnergyVariance":{"Mean":6.118366285119666,"Sigma":1.4896373328515,"Taucorr":0.09685382825500666},"Iteration":34},
{"Acceptance":[0.016797488226059653],"Energy":{"Mean":-619.8306451612902,"Sigma":0.19412995064767244,"Taucorr":0.117468595685706},"EnergyVariance":{"Mean":3.753577003121748,"Sigma":1.0830550779728145,"Taucorr":-0.02009785586912155},"Iteration":35},
{"Acceptance":[0.016248037676609105],"Energy":{"Mean":-619.3709677419354,"Sigma":0.3825619226955253,"Taucorr":0.7092857642165609},"EnergyVariance":{"Mean":7.443028095733612,"Sigma":3.1210457788818,"Taucorr":0.8220624971944668},"Iteration":36},
{"Acceptance":[0.013657770800627944],"Energy":{"Mean":-619.7096774193549,"Sigma":0.28281818464103,"Taucorr":0.5006985605419048},"EnergyVariance":{"Mean":4.915712799167534,"Sigma":1.8802510251197257,"Taucorr":0.4374118676865658},"Iteration":37},
{"Acceptance":[0.010596546310832025],"Energy":{"Mean":-620.3870967741935,"Sigma":0.1447275479260421,"Taucorr":0.10638929708546285},"EnergyVariance":{"Mean":2.1243496357960456,"Sigma":0.8104365728398559,"Taucorr":-0.012111041367332376},"Iteration":38},
{"Acceptance":[0.009262166405023548],"Energy":{"Mean":-620.4596774193549,"Sigma":0.10757391444502479,"Taucorr":0.10946254525202637},"EnergyVariance":{"Mean":1.167728928199792,"Sigma":0.4330143338225502,"Taucorr":0.048634328683564654},"Iteration":39},
{"Acceptance":[0.009811616954474097],"Energy":{"Mean":-620.3306451612901,"Sigma":0.15657073394384305,"Taucorr":0.1938253868486386},"EnergyVariance":{"Mean":2.1729318418314256,"Sigma":0.6535276531633614,"Taucorr":-0.02758117319886022},"Iteration":40},
{"Acceptance":[0.010125588697017268],"Energy":{"Mean":-620.25,"Sigma":0.13960389432902107,"Taucorr":0.26120358514725817},"EnergyVariance":{"Mean":1.5745967741935485,"Sigma":0.43380175928007925,"Taucorr":0.3515688350530881},"Iteration":41},
{"Acceptance":[0.00847723704866562],"Energy":{"Mean":-620.6048387096776,"Sigma":0.0817929078710925,"Taucorr":-0.05103967071180021},"EnergyVariance":{"Mean":0.9164281997918836,"Sigma":0.39110162386446157,"Taucorr":-0.03010712745132693},"Iteration":42},
{"Acceptance":[0.007456828885400314],"Energy":{"Mean":-620.4758064516128,"Sigma":0.13685937700384543,"Taucorr":0.1028796078831663},"EnergyVariance":{"Mean":1.9107049947970862,"Sigma":0.820025595635255,"Taucorr":0.18088616886547038},"Iteration":43},
{"Acceptance":[0.00934065934065934],"Energy":{"Mean":-620.0564516129034,"Sigma":0.18098805781734392,"Taucorr":0.2044529348889096},"EnergyVariance":{"Mean":2.8597164412070755,"Sigma":0.7795217888757418,"Taucorr":0.1858909222458749},"Iteration":44},
{"Acceptance":[0.008791208791208791],"Energy":{"Mean":-620.5403225806451,"Sigma":0.10375786936961649,"Taucorr":0.12767741537703792},"EnergyVariance":{"Mean":1.0548257023933403,"Sigma":0.3832270233896237,"Taucorr":-0.014201817738041633},"Iteration":45},
{"Acceptance":[0.006750392464678179],"Energy":{"Mean":-620.491935483871,"Sigma":0.1464103963601343,"Taucorr":0.16725040323909557},"EnergyVariance":{"Mean":1.9757414151925086,"Sigma":0.7352867643267561,"Taucorr":0.12053838626249891},"Iteration":46},
{"Acceptance":[0.007142857142857143],"Energy":{"Mean":-620.3951612903226,"Sigma":0.11106413043072168,"Taucorr":-0.09035996488145437},"EnergyVariance":{"Mean":1.851912070759625,"Sigma":0.5069335450766493,"Taucorr":-0.03819570127419686},"Iteration":47},
{"Acceptance":[0.0057299843014128726],"Energy":{"Mean":-620.3790322580645,"Sigma":0.22891485708286993,"Taucorr":0.7598866034425769},"EnergyVariance":{"Mean":2.5579474505723208,"Sigma":1.0944147384370961,"Taucorr":0.7070252303620528},"Iteration":48},
{"Acceptance":[0.006593406593406593],"Energy":{"Mean":-620.5241935483872,"Sigma":0.1026234103053405,"Taucorr":0.0698941344778129},"EnergyVariance":{"Mean":1.1365114464099895,"Sigma":0.35614163763024104,"Taucorr":0.017176968327568543},"Iteration":49} 
]}