{"Output": [
{"Acceptance":[0.9229083665338645],"Energy":{"Mean":-3895.008064516129,"Sigma":3.8454603152835194,"Taucorr":-0.041177004455480504},"EnergyVariance":{"Mean":1982.1047736732569,"Sigma":246.27375983808776,"Taucorr":-0.051289275333554096},"Iteration":0},
{"Acceptance":[0.9148264086511099],"Energy":{"Mean":-3903.2580645161283,"Sigma":3.080865414633874,"Taucorr":-0.13511694897008464},"EnergyVariance":{"Mean":1599.8043704474508,"Sigma":200.2117461158764,"Taucorr":-0.07579339418223446},"Iteration":1},
{"Acceptance":[0.9147410358565737],"Energy":{"Mean":-3900.717741935484,"Sigma":4.231406861031749,"Taucorr":0.07015306520188158},"EnergyVariance":{"Mean":1931.3154916753385,"Sigma":187.40681245093944,"Taucorr":-0.16604332332078975},"Iteration":2},
{"Acceptance":[0.91084234490609],"Energy":{"Mean":-3898.6048387096776,"Sigma":4.767592974232386,"Taucorr":0.08155658121568199},"EnergyVariance":{"Mean":2403.706750780437,"Sigma":465.99757693912005,"Taucorr":0.18707806868537713},"Iteration":3},
{"Acceptance":[0.9007683551508253],"Energy":{"Mean":-3902.7096774193546,"Sigma":4.227789795587188,"Taucorr":0.012096906818441555},"EnergyVariance":{"Mean":2146.593132154006,"Sigma":219.87704121888459,"Taucorr":-0.25338195624051785},"Iteration":4},
{"Acceptance":[0.9],"Energy":{"Mean":-3897.7983870967746,"Sigma":3.950218099240123,"Taucorr":0.005290038442266387},"EnergyVariance":{"Mean":1899.225481269511,"Sigma":206.10331285610422,"Taucorr":0.022926965792129383},"Iteration":5},
{"Acceptance":[0.8935970404097894],"Energy":{"Mean":-3905.5725806451615,"Sigma":3.6087221390588895,"Taucorr":-0.09705146124812414},"EnergyVariance":{"Mean":1987.6156997918831,"Sigma":363.99293275515294,"Taucorr":0.060562339661809794},"Iteration":6},
{"Acceptance":[0.8905236198064883],"Energy":{"Mean":-3900.2822580645166,"Sigma":4.374101166277914,"Taucorr":0.059635036403778985},"EnergyVariance":{"Mean":2102.5574271592095,"Sigma":299.68580337793503,"Taucorr":0.09330957420901298},"Iteration":7},
{"Acceptance":[0.890865110984633],"Energy":{"Mean":-3906.0000000000005,"Sigma":3.733062106123078,"Taucorr":-0.09109638322431635},"EnergyVariance":{"Mean":2095.967741935484,"Sigma":322.6572750917227,"Taucorr":-0.0931035577546156},"Iteration":8},
{"Acceptance":[0.8808764940239043],"Energy":{"Mean":-3899.6129032258063,"Sigma":3.9752398776217355,"Taucorr":0.07679818404486705},"EnergyVariance":{"Mean":1684.914672216441,"Sigma":188.2452824289925,"Taucorr":-0.05059889536575768},"Iteration":9},
{"Acceptance":[0.8744166192373364],"Energy":{"Mean":-3899.338709677419,"Sigma":3.2878594776088543,"Taucorr":-0.013471895904393016},"EnergyVariance":{"Mean":1366.4497918834547,"Sigma":169.88370281301073,"Taucorr":0.0414461286860619},"Iteration":10},
{"Acceptance":[0.8739043824701195],"Energy":{"Mean":-3908.0967741935483,"Sigma":3.6597321538721146,"Taucorr":-0.02039531143118778},"EnergyVariance":{"Mean":1717.4745057232049,"Sigma":177.98452262475766,"Taucorr":-0.15693507306965732},"Iteration":11},
{"Acceptance":[0.8624644280022766],"Energy":{"Mean":-3913.1693548387098,"Sigma":3.702211397723989,"Taucorr":-0.08306074376649286},"EnergyVariance":{"Mean":2021.7374479708637,"Sigma":301.93340384585156,"Taucorr":0.04954380296054928},"Iteration":12},
{"Acceptance":[0.8542117245304496],"Energy":{"Mean":-3915.951612903226,"Sigma":4.47525183040495,"Taucorr":0.2924375831503587},"EnergyVariance":{"Mean":1554.3363683662851,"Sigma":166.77449895208224,"Taucorr":-0.10783916356645817},"Iteration":13},
{"Acceptance":[0.8392714854866249],"Energy":{"Mean":-3914.2419354838717,"Sigma":5.096099128425857,"Taucorr":0.11158922448473452},"EnergyVariance":{"Mean":2611.505983350676,"Sigma":327.022938710048,"Taucorr":-0.08336050680967039},"Iteration":14},
{"Acceptance":[0.8185828116107],"Energy":{"Mean":-3918.0,"Sigma":4.262678747868161,"Taucorr":0.19292165059807165},"EnergyVariance":{"Mean":1612.7096774193549,"Sigma":208.18493223005103,"Taucorr":0.056685399649011425},"Iteration":15},
{"Acceptance":[0.730022766078543],"Energy":{"Mean":-3940.2661290322585,"Sigma":5.575350602359448,"Taucorr":0.4073007284171568},"EnergyVariance":{"Mean":2107.0178850156085,"Sigma":272.3234102307897,"Taucorr":-0.05259946098895191},"Iteration":16},
{"Acceptance":[0.5957598178713717],"Energy":{"Mean":-3974.9274193548385,"Sigma":5.131263462758999,"Taucorr":0.1280263563633044},"EnergyVariance":{"Mean":2578.373764308013,"Sigma":304.47981240357353,"Taucorr":-0.07493152004254411},"Iteration":17},
{"Acceptance":[0.48081957882754695],"Energy":{"Mean":-4023.8225806451615,"Sigma":4.4439942792889715,"Taucorr":0.42946279492880846},"EnergyVariance":{"Mean":1306.7427159209158,"Sigma":223.90045897687804,"Taucorr":0.25604856759849404},"Iteration":18},
{"Acceptance":[0.39402390438247015],"Energy":{"Mean":-4078.693548387096,"Sigma":4.049387808460519,"Taucorr":0.19187880064830554},"EnergyVariance":{"Mean":1457.5512486992718,"Sigma":189.85829241448297,"Taucorr":-0.027872809348556016},"Iteration":19},
{"Acceptance":[0.3408651109846329],"Energy":{"Mean":-4121.806451612903,"Sigma":3.952468088283622,"Taucorr":0.1465457855969643},"EnergyVariance":{"Mean":1485.9786680541108,"Sigma":204.5932456754758,"Taucorr":-0.008962087996613632},"Iteration":20},
{"Acceptance":[0.27669322709163346],"Energy":{"Mean":-4168.766129032257,"Sigma":2.7162378978514545,"Taucorr":0.0035091301180789625},"EnergyVariance":{"Mean":901.1630463059314,"Sigma":102.15307245752844,"Taucorr":-0.11261749373446123},"Iteration":21},
{"Acceptance":[0.24120660216277745],"Energy":{"Mean":-4203.959677419357,"Sigma":3.083102943460059,"Taucorr":0.2708427312645658},"EnergyVariance":{"Mean":758.3774063475547,"Sigma":94.00074274382492,"Taucorr":-0.061823646278396316},"Iteration":22},
{"Acceptance":[0.2056346044393853],"Energy":{"Mean":-4244.620967741936,"Sigma":2.6206600315646686,"Taucorr":0.182515164084868},"EnergyVariance":{"Mean":618.8482700312175,"Sigma":73.26693683764634,"Taucorr":-0.004762038838334148},"Iteration":23},
{"Acceptance":[0.16670461013090496],"Energy":{"Mean":-4280.4838709677415,"Sigma":2.9325741812403074,"Taucorr":0.3659153382500485},"EnergyVariance":{"Mean":610.7981269510926,"Sigma":94.97625208373063,"Taucorr":0.06808688368195559},"Iteration":24},
{"Acceptance":[0.1400682982356289],"Energy":{"Mean":-4305.0564516129025,"Sigma":2.173079107189773,"Taucorr":0.20069713605874073},"EnergyVariance":{"Mean":414.47261966701353,"Sigma":45.39517216006187,"Taucorr":-0.12711969934150164},"Iteration":25},
{"Acceptance":[0.12037564029595903],"Energy":{"Mean":-4322.967741935485,"Sigma":2.3763151971191885,"Taucorr":0.4366855471901937},"EnergyVariance":{"Mean":370.75702393340276,"Sigma":66.97754619121113,"Taucorr":0.3408102905543271},"Iteration":26},
{"Acceptance":[0.10017074558907228],"Energy":{"Mean":-4342.822580645164,"Sigma":1.8189265396116603,"Taucorr":0.2322103003086522},"EnergyVariance":{"Mean":277.8878772112383,"Sigma":39.21361170589113,"Taucorr":0.05400446605435871},"Iteration":27},
{"Acceptance":[0.0871371656232214],"Energy":{"Mean":-4360.975806451613,"Sigma":1.565820872642502,"Taucorr":0.2835985744003833},"EnergyVariance":{"Mean":192.42683402705515,"Sigma":23.386329998817722,"Taucorr":0.07837391706731556},"Iteration":28},
{"Acceptance":[0.0809334092202618],"Energy":{"Mean":-4366.879032258065,"Sigma":1.6140708139479054,"Taucorr":0.3503010924372948},"EnergyVariance":{"Mean":188.4289151925078,"Sigma":23.992189176284104,"Taucorr":-0.08123996350053297},"Iteration":29},
{"Acceptance":[0.07959590210586226],"Energy":{"Mean":-4378.588709677419,"Sigma":1.1568838141991482,"Taucorr":0.18325549380098793},"EnergyVariance":{"Mean":120.46793704474506,"Sigma":12.312750520404277,"Taucorr":-0.1332640209874602},"Iteration":30},
{"Acceptance":[0.07344906089926011],"Energy":{"Mean":-4385.483870967741,"Sigma":0.9910849575053249,"Taucorr":0.06240348472221757},"EnergyVariance":{"Mean":107.41103017689909,"Sigma":13.129769177981501,"Taucorr":-0.07519454766244904},"Iteration":31},
{"Acceptance":[0.06681844052361981],"Energy":{"Mean":-4393.306451612903,"Sigma":0.7136071550202802,"Taucorr":0.08641186012186675},"EnergyVariance":{"Mean":53.40608740894901,"Sigma":6.510977594588645,"Taucorr":0.06861883834193427},"Iteration":32},
{"Acceptance":[0.05845190665907797],"Energy":{"Mean":-4395.145161290323,"Sigma":1.0377792533591363,"Taucorr":0.26647660735086},"EnergyVariance":{"Mean":86.41441207075962,"Sigma":15.929195191199701,"Taucorr":0.41165731130187744},"Iteration":33},
{"Acceptance":[0.05404097894137735],"Energy":{"Mean":-4400.564516129031,"Sigma":0.846717868070353,"Taucorr":0.29972644398412396},"EnergyVariance":{"Mean":55.13293444328825,"Sigma":6.975951755585845,"Taucorr":0.18997712279967027},"Iteration":34},
{"Acceptance":[0.04985771200910643],"Energy":{"Mean":-4402.032258064516,"Sigma":1.1154909917246412,"Taucorr":0.5377645875961443},"EnergyVariance":{"Mean":73.74089490114466,"Sigma":19.88214476378028,"Taucorr":0.20720266083934447},"Iteration":35},
{"Acceptance":[0.04365395560614684],"Energy":{"Mean":-4405.741935483871,"Sigma":0.8407852729026818,"Taucorr":0.28200939608618736},"EnergyVariance":{"Mean":55.594693028095726,"Sigma":10.285115032081977,"Taucorr":0.16414813143503437},"Iteration":36},
{"Acceptance":[0.041918042117245306],"Energy":{"Mean":-4408.717741935484,"Sigma":0.7520350468951185,"Taucorr":0.30298610099708567},"EnergyVariance":{"Mean":43.315491675338194,"Sigma":9.75217298896738,"Taucorr":-0.03354886354644826},"Iteration":37},
{"Acceptance":[0.03966989186112692],"Energy":{"Mean":-4410.596774193547,"Sigma":0.8109364541743976,"Taucorr":0.367070229058694},"EnergyVariance":{"Mean":46.64386056191468,"Sigma":9.66171798557267,"Taucorr":0.14897570997009935},"Iteration":38},
{"Acceptance":[0.03764940239043825],"Energy":{"Mean":-4411.467741935484,"Sigma":0.8785635526583593,"Taucorr":0.3572041780780202},"EnergyVariance":{"Mean":55.377991675338194,"Sigma":8.245779338487528,"Taucorr":0.1481095860899162},"Iteration":39},
{"Acceptance":[0.03540125213431986],"Energy":{"Mean":-4414.588709677419,"Sigma":0.4991320944680362,"Taucorr":0.05519394057938565},"EnergyVariance":{"Mean":27.59696930280957,"Sigma":4.427832391295495,"Taucorr":-0.03541917912936349},"Iteration":40},
{"Acceptance":[0.030136596471257826],"Energy":{"Mean":-4417.354838709677,"Sigma":0.5990330687136214,"Taucorr":0.37923463994035633},"EnergyVariance":{"Mean":25.099895941727368,"Sigma":3.9713170408262797,"Taucorr":0.1800460370333209},"Iteration":41},
{"Acceptance":[0.03033579965850882],"Energy":{"Mean":-4418.6209677419365,"Sigma":0.45464611189589993,"Taucorr":0.022100331482212243},"EnergyVariance":{"Mean":24.34827003121748,"Sigma":4.579877594580256,"Taucorr":0.015992944560055955},"Iteration":42},
{"Acceptance":[0.030250426863972682],"Energy":{"Mean":-4417.9838709677415,"Sigma":0.6406833847112292,"Taucorr":0.252839864387858},"EnergyVariance":{"Mean":33.53199791883455,"Sigma":4.847371625154683,"Taucorr":0.010769785667527842},"Iteration":43},
{"Acceptance":[0.025156516789982927],"Energy":{"Mean":-4420.314516129032,"Sigma":0.661536146284377,"Taucorr":0.2990374868462855},"EnergyVariance":{"Mean":33.6833376690947,"Sigma":5.838986006604741,"Taucorr":0.16557072027688957},"Iteration":44},
{"Acceptance":[0.023989755264655663],"Energy":{"Mean":-4422.161290322582,"Sigma":0.5605235152684562,"Taucorr":0.1270946607679373},"EnergyVariance":{"Mean":30.812695109261192,"Sigma":5.170772307637008,"Taucorr":-0.001541089645336724},"Iteration":45},
{"Acceptance":[0.01946499715424018],"Energy":{"Mean":-4423.00806451613,"Sigma":0.6433576940099681,"Taucorr":0.5624300019271411},"EnergyVariance":{"Mean":23.95961238293444,"Sigma":5.128160326028023,"Taucorr":0.34256835861658586},"Iteration":46},
{"Acceptance":[0.018497438816163916],"Energy":{"Mean":-4424.2258064516145,"Sigma":0.44364612803827774,"Taucorr":0.18924979261719144},"EnergyVariance":{"Mean":17.561914672216442,"Sigma":4.545495217049123,"Taucorr":0.1993330050562413},"Iteration":47},
{"Acceptance":[0.016476949345475243],"Energy":{"Mean":-4424.943548387097,"Sigma":0.535652260089668,"Taucorr":0.3950638502825844},"EnergyVariance":{"Mean":19.714555150884493,"Sigma":5.349935163093626,"Taucorr":0.2826763281306087},"Iteration":48},
{"Acceptance":[0.014399544678429141],"Energy":{"Mean":-4425.048387096774,"Sigma":0.5338563490835639,"Taucorr":0.16147957430517823},"EnergyVariance":{"Mean":26.497658688865766,"Sigma":7.174316897925718,"Taucorr":0.20931143695096888},"Iteration":49} 
]}