{"Output": [
{"Acceptance":[0.8630252100840337],"Energy":{"Mean":-156.2258064516129,"Sigma":0.742467083980368,"Taucorr":-0.009560555768811374},"EnergyVariance":{"Mean":69.1264308012487,"Sigma":8.682528210934525,"Taucorr":0.13514394380041794},"Iteration":0},
{"Acceptance":[0.8378151260504202],"Energy":{"Mean":-156.49999999999994,"Sigma":0.7616479021711529,"Taucorr":0.0563954219595002},"EnergyVariance":{"Mean":64.12096774193547,"Sigma":7.811659597531602,"Taucorr":0.03847578295257248},"Iteration":1},
{"Acceptance":[0.8180672268907563],"Energy":{"Mean":-158.12096774193552,"Sigma":0.5463553443784595,"Taucorr":-0.17166712224399977},"EnergyVariance":{"Mean":55.91278616024972,"Sigma":7.893287487531859,"Taucorr":-0.023870347038163764},"Iteration":2},
{"Acceptance":[0.7862745098039216],"Energy":{"Mean":-158.6935483870968,"Sigma":0.8912439715686385,"Taucorr":0.2815709790602722},"EnergyVariance":{"Mean":62.5028616024974,"Sigma":6.428124583969159,"Taucorr":-0.040578569007355736},"Iteration":3},
{"Acceptance":[0.7432773109243698],"Energy":{"Mean":-160.19354838709683,"Sigma":0.9053091372905395,"Taucorr":0.19435685309021566},"EnergyVariance":{"Mean":72.59157127991674,"Sigma":8.410868011263128,"Taucorr":-0.040931618149812665},"Iteration":4},
{"Acceptance":[0.7298319327731092],"Energy":{"Mean":-161.91935483870967,"Sigma":0.7102728440587356,"Taucorr":-0.0883208031729259},"EnergyVariance":{"Mean":75.36446409989594,"Sigma":10.58900185468255,"Taucorr":-0.06625569568812278},"Iteration":5},
{"Acceptance":[0.6485994397759104],"Energy":{"Mean":-164.3870967741935,"Sigma":0.9982403004974739,"Taucorr":0.17455852623500967},"EnergyVariance":{"Mean":90.85015608740895,"Sigma":12.246059646864207,"Taucorr":0.02141057498010346},"Iteration":6},
{"Acceptance":[0.5238095238095238],"Energy":{"Mean":-170.86290322580643,"Sigma":0.796821534443153,"Taucorr":0.08585945420605978},"EnergyVariance":{"Mean":66.65055931321541,"Sigma":7.2037128568226985,"Taucorr":-0.05013242581063998},"Iteration":7},
{"Acceptance":[0.4275910364145658],"Energy":{"Mean":-176.22580645161293,"Sigma":0.8489679723677095,"Taucorr":0.22553428629825545},"EnergyVariance":{"Mean":61.09417273673257,"Sigma":5.738551820247445,"Taucorr":-0.1750721453472922},"Iteration":8},
{"Acceptance":[0.4016806722689076],"Energy":{"Mean":-178.19354838709677,"Sigma":1.1277123621279275,"Taucorr":0.5648813613952561},"EnergyVariance":{"Mean":73.44640998959416,"Sigma":10.416257484898917,"Taucorr":0.01693695301889009},"Iteration":9},
{"Acceptance":[0.3542016806722689],"Energy":{"Mean":-182.08064516129033,"Sigma":0.7468920457877748,"Taucorr":0.3499465071764162},"EnergyVariance":{"Mean":40.36446409989594,"Sigma":5.048144588594931,"Taucorr":-0.04193357074870224},"Iteration":10},
{"Acceptance":[0.29173669467787117],"Energy":{"Mean":-185.08870967741942,"Sigma":0.7477159114845685,"Taucorr":0.20611460969794793},"EnergyVariance":{"Mean":48.69374349635796,"Sigma":6.41329893621119,"Taucorr":-0.07648530595813646},"Iteration":11},
{"Acceptance":[0.24803921568627452],"Energy":{"Mean":-189.02419354838707,"Sigma":0.46552589620946244,"Taucorr":0.05218970529985956},"EnergyVariance":{"Mean":24.13651144640999,"Sigma":2.2265260967453804,"Taucorr":-0.09548831732877205},"Iteration":12},
{"Acceptance":[0.22156862745098038],"Energy":{"Mean":-190.83870967741933,"Sigma":0.6060346599150772,"Taucorr":0.30978460577120304},"EnergyVariance":{"Mean":27.89334027055151,"Sigma":4.888027855913321,"Taucorr":0.10275050159253207},"Iteration":13},
{"Acceptance":[0.19789915966386554],"Energy":{"Mean":-192.07258064516128,"Sigma":0.4614425645458054,"Taucorr":0.20041220975736995},"EnergyVariance":{"Mean":18.69634495317378,"Sigma":2.224578901601177,"Taucorr":-0.007991307666624647},"Iteration":14},
{"Acceptance":[0.17324929971988795],"Energy":{"Mean":-193.6854838709677,"Sigma":0.4692088602757005,"Taucorr":0.07052965341094586},"EnergyVariance":{"Mean":23.731724765868886,"Sigma":3.557977537135404,"Taucorr":0.011319961096765696},"Iteration":15},
{"Acceptance":[0.17787114845938376],"Energy":{"Mean":-194.2016129032258,"Sigma":0.4585536159067085,"Taucorr":0.21269270058603262},"EnergyVariance":{"Mean":18.14483610822061,"Sigma":2.8895080135161124,"Taucorr":0.29383652490785195},"Iteration":16},
{"Acceptance":[0.16106442577030813],"Energy":{"Mean":-195.22580645161293,"Sigma":0.42618507116079635,"Taucorr":0.2705157192075798},"EnergyVariance":{"Mean":14.497398543184184,"Sigma":1.995061889496869,"Taucorr":0.02415926173515448},"Iteration":17},
{"Acceptance":[0.1480392156862745],"Energy":{"Mean":-195.69354838709674,"Sigma":0.42828579253022936,"Taucorr":0.19581120328621182},"EnergyVariance":{"Mean":16.212539021852237,"Sigma":2.7805030280189733,"Taucorr":0.25258819076262506},"Iteration":18},
{"Acceptance":[0.13795518207282914],"Energy":{"Mean":-196.89516129032253,"Sigma":0.43760930947021404,"Taucorr":0.24220675691737525},"EnergyVariance":{"Mean":15.868041103017688,"Sigma":2.3675725839714183,"Taucorr":-0.05958353091340646},"Iteration":19},
{"Acceptance":[0.11890756302521008],"Energy":{"Mean":-198.6612903225806,"Sigma":0.3678162064218425,"Taucorr":0.47720905007791103},"EnergyVariance":{"Mean":8.514308012486993,"Sigma":1.1142021178665606,"Taucorr":0.02671661758154764},"Iteration":20},
{"Acceptance":[0.1123249299719888],"Energy":{"Mean":-199.19354838709677,"Sigma":0.34190124600347654,"Taucorr":0.19788941360674517},"EnergyVariance":{"Mean":10.301248699271595,"Sigma":1.6545970385635307,"Taucorr":0.11541341225700719},"Iteration":21},
{"Acceptance":[0.10546218487394958],"Energy":{"Mean":-199.8064516129032,"Sigma":0.3471678186076511,"Taucorr":0.41060882070949145},"EnergyVariance":{"Mean":8.139958376690949,"Sigma":1.4779946586418,"Taucorr":0.48525908617991254},"Iteration":22},
{"Acceptance":[0.09215686274509804],"Energy":{"Mean":-199.63709677419362,"Sigma":0.3992329186624521,"Taucorr":0.4417475303512213},"EnergyVariance":{"Mean":10.408623829344435,"Sigma":1.7197087503649653,"Taucorr":0.15271917422659786},"Iteration":23},
{"Acceptance":[0.09915966386554621],"Energy":{"Mean":-200.72580645161287,"Sigma":0.2473936283606575,"Taucorr":0.1549087946408354},"EnergyVariance":{"Mean":5.7473985431841825,"Sigma":0.780659847951367,"Taucorr":0.07054063140963596},"Iteration":24},
{"Acceptance":[0.09243697478991597],"Energy":{"Mean":-200.36290322580643,"Sigma":0.2998294115524886,"Taucorr":0.19482210434256864},"EnergyVariance":{"Mean":7.957010926118626,"Sigma":1.1669781962879324,"Taucorr":-0.13159792052972907},"Iteration":25},
{"Acceptance":[0.0819327731092437],"Energy":{"Mean":-201.26612903225805,"Sigma":0.22238186542224728,"Taucorr":0.2007087310268365},"EnergyVariance":{"Mean":4.340465660770033,"Sigma":0.660787228944739,"Taucorr":-0.04409550735596596},"Iteration":26},
{"Acceptance":[0.08529411764705883],"Energy":{"Mean":-201.7096774193548,"Sigma":0.2470516396634974,"Taucorr":0.1541356877323371},"EnergyVariance":{"Mean":5.738293444328824,"Sigma":2.0584348151050125,"Taucorr":-0.013125087859916729},"Iteration":27},
{"Acceptance":[0.08361344537815125],"Energy":{"Mean":-202.02419354838705,"Sigma":0.2005887968406195,"Taucorr":0.14880718926385006},"EnergyVariance":{"Mean":3.8139308012486994,"Sigma":0.894441463604114,"Taucorr":0.03141506071279854},"Iteration":28},
{"Acceptance":[0.08263305322128851],"Energy":{"Mean":-201.81451612903226,"Sigma":0.23069779082222064,"Taucorr":0.17114966594209569},"EnergyVariance":{"Mean":4.876886056191468,"Sigma":1.491683929157442,"Taucorr":0.2829607510184463},"Iteration":29} 
]}