{"Output": [
{"Acceptance":[0.19567404426559357],"Energy":{"Mean":-343.3548387096775,"Sigma":0.7142721494177992,"Taucorr":0.23348126322703078},"EnergyVariance":{"Mean":42.77731529656607,"Sigma":4.437605233407772,"Taucorr":-0.03735508418093447},"Iteration":0},
{"Acceptance":[0.09818913480885312],"Energy":{"Mean":-356.9435483870967,"Sigma":0.30754614948287107,"Taucorr":-0.0926237161531307},"EnergyVariance":{"Mean":14.279071279916753,"Sigma":2.0414795904662384,"Taucorr":-0.025802101654506193},"Iteration":1},
{"Acceptance":[0.03440643863179074],"Energy":{"Mean":-363.6370967741936,"Sigma":0.15504019149287562,"Taucorr":0.11375455650060506},"EnergyVariance":{"Mean":2.4086238293444326,"Sigma":0.3614808323109886,"Taucorr":0.08452850098077025},"Iteration":2},
{"Acceptance":[0.00925553319919517],"Energy":{"Mean":-364.8467741935484,"Sigma":0.10605170893035341,"Taucorr":-0.03408682700310439},"EnergyVariance":{"Mean":1.484586368366285,"Sigma":0.6978049295786977,"Taucorr":0.2198013452592643},"Iteration":3},
{"Acceptance":[0.010865191146881288],"Energy":{"Mean":-364.8064516129033,"Sigma":0.10795613245601011,"Taucorr":0.244648648648654},"EnergyVariance":{"Mean":0.9625390218522373,"Sigma":0.4083798583770799,"Taucorr":0.06674468147676571},"Iteration":4},
{"Acceptance":[0.009959758551307847],"Energy":{"Mean":-365.1532258064516,"Sigma":0.1726133021056675,"Taucorr":0.4013468121181112},"EnergyVariance":{"Mean":2.0329734651404796,"Sigma":0.8285274847915844,"Taucorr":0.2754556985529759},"Iteration":5},
{"Acceptance":[0.006639839034205231],"Energy":{"Mean":-370.23387096774184,"Sigma":0.28254209979169564,"Taucorr":0.4784096947702713},"EnergyVariance":{"Mean":5.017885015608741,"Sigma":1.7761448267491993,"Taucorr":0.5923934517088476},"Iteration":6},
{"Acceptance":[0.011468812877263581],"Energy":{"Mean":-370.93548387096786,"Sigma":0.06756890343759163,"Taucorr":0.30068620178041483},"EnergyVariance":{"Mean":0.35067637877211244,"Sigma":0.17545282443743254,"Taucorr":0.23799178405092702},"Iteration":7},
{"Acceptance":[0.012977867203219315],"Energy":{"Mean":-370.9193548387097,"Sigma":0.060671751205819094,"Taucorr":-0.009179357021999623},"EnergyVariance":{"Mean":0.4612382934443287,"Sigma":0.386034804235214,"Taucorr":-0.004682519256060447},"Iteration":8},
{"Acceptance":[0.005935613682092555],"Energy":{"Mean":-370.90322580645164,"Sigma":0.05874747690171114,"Taucorr":0.8970890410959078},"EnergyVariance":{"Mean":0.15192507804370445,"Sigma":0.09377684727180527,"Taucorr":0.7824461447608313},"Iteration":9},
{"Acceptance":[0.011670020120724347],"Energy":{"Mean":-371.03225806451616,"Sigma":0.03225806451612761,"Taucorr":-3.397282455352979e-14},"EnergyVariance":{"Mean":0.12799167533818942,"Sigma":0.07676493098534805,"Taucorr":-0.020298801226292462},"Iteration":10},
{"Acceptance":[0.011670020120724347],"Energy":{"Mean":-370.96774193548384,"Sigma":0.01919738824877063,"Taucorr":0.22604166666664238},"EnergyVariance":{"Mean":0.03121748178980228,"Sigma":0.01795884707142998,"Taucorr":0.22604166666666703},"Iteration":11},
{"Acceptance":[0.013782696177062374],"Energy":{"Mean":-370.9596774193548,"Sigma":0.049318983391679436,"Taucorr":0.004076265614724184},"EnergyVariance":{"Mean":0.296761186264308,"Sigma":0.2862624391844902,"Taucorr":-0.0007665260319599798},"Iteration":12},
{"Acceptance":[0.016901408450704224],"Energy":{"Mean":-370.9838709677419,"Sigma":0.01612903225806522,"Taucorr":3.375077994860476e-14},"EnergyVariance":{"Mean":0.03199791883454734,"Sigma":0.0317377731529643,"Taucorr":-2.220446049250313e-16},"Iteration":13},
{"Acceptance":[0.013883299798792756],"Energy":{"Mean":-371.0806451612903,"Sigma":0.0878255057423358,"Taucorr":0.28227155727156295},"EnergyVariance":{"Mean":0.6063995837669095,"Sigma":0.36496939039086584,"Taucorr":0.16102592808383343},"Iteration":14},
{"Acceptance":[0.009859154929577466],"Energy":{"Mean":-370.8709677419355,"Sigma":0.13363757346114516,"Taucorr":0.44620685791125847},"EnergyVariance":{"Mean":1.1607700312174818,"Sigma":0.7863079759960953,"Taucorr":0.40637427234143264},"Iteration":15},
{"Acceptance":[0.007545271629778672],"Energy":{"Mean":-370.991935483871,"Sigma":0.11209387325092994,"Taucorr":0.4303735024665316},"EnergyVariance":{"Mean":0.8305801248699268,"Sigma":0.5808016336081758,"Taucorr":0.4680918357326659},"Iteration":16},
{"Acceptance":[0.010261569416498993],"Energy":{"Mean":-371.2903225806452,"Sigma":0.09425484086249562,"Taucorr":0.2919400452488584},"EnergyVariance":{"Mean":0.6899063475546305,"Sigma":0.18566526398545674,"Taucorr":0.16246460539231034},"Iteration":17},
{"Acceptance":[0.012374245472837022],"Energy":{"Mean":-372.77419354838713,"Sigma":0.09654991933369712,"Taucorr":0.46486427320489077},"EnergyVariance":{"Mean":0.5941727367325702,"Sigma":0.36975089382301857,"Taucorr":0.5049994172541701},"Iteration":18},
{"Acceptance":[0.00925553319919517],"Energy":{"Mean":-372.8467741935483,"Sigma":0.04734541818341344,"Taucorr":0.06813186813188798},"EnergyVariance":{"Mean":0.24265088449531735,"Sigma":0.08412384259793214,"Taucorr":-0.005236515190492508},"Iteration":19},
{"Acceptance":[0.010462776659959759],"Energy":{"Mean":-372.8145161290322,"Sigma":0.09052396903485309,"Taucorr":0.4364350453172111},"EnergyVariance":{"Mean":0.5381763787721123,"Sigma":0.32422555462080654,"Taucorr":0.484634336016288},"Iteration":20},
{"Acceptance":[0.013883299798792756],"Energy":{"Mean":-372.95967741935476,"Sigma":0.02617346547233939,"Taucorr":-0.016206123973130815},"EnergyVariance":{"Mean":0.08708376690946933,"Sigma":0.07088714446134309,"Taucorr":-0.005468147490783115},"Iteration":21},
{"Acceptance":[0.014084507042253521],"Energy":{"Mean":-372.8790322580645,"Sigma":0.08509242898572296,"Taucorr":0.40246474232240137},"EnergyVariance":{"Mean":0.4934313215400625,"Sigma":0.3865244356016459,"Taucorr":0.4694299625116889},"Iteration":22},
{"Acceptance":[0.013883299798792756],"Energy":{"Mean":-372.7822580645161,"Sigma":0.15672296609837108,"Taucorr":0.3395019337116505},"EnergyVariance":{"Mean":1.7993626430801246,"Sigma":1.3196227126841749,"Taucorr":0.375572795023416},"Iteration":23},
{"Acceptance":[0.006237424547283702],"Energy":{"Mean":-372.9919354838709,"Sigma":0.014122500576954264,"Taucorr":0.00835579514846252},"EnergyVariance":{"Mean":0.02412851196670136,"Sigma":0.013423702026384187,"Taucorr":-0.02561070557143652},"Iteration":24},
{"Acceptance":[0.00613682092555332],"Energy":{"Mean":-372.84677419354836,"Sigma":0.10283443954383797,"Taucorr":-0.057115018379918725},"EnergyVariance":{"Mean":1.4684573361082207,"Sigma":1.1377595304683432,"Taucorr":-0.003991107650743009},"Iteration":25},
{"Acceptance":[0.0096579476861167],"Energy":{"Mean":-372.9758064516129,"Sigma":0.026827903118009533,"Taucorr":-0.07542108546476717},"EnergyVariance":{"Mean":0.10425338189386056,"Sigma":0.0729017911417533,"Taucorr":-0.00015744793031879922},"Iteration":26},
{"Acceptance":[0.00835010060362173],"Energy":{"Mean":-372.9758064516129,"Sigma":0.06893471150462337,"Taucorr":0.4309301843795599},"EnergyVariance":{"Mean":0.3139308012486993,"Sigma":0.27050593782273136,"Taucorr":0.3149971563924543},"Iteration":27},
{"Acceptance":[0.006740442655935613],"Energy":{"Mean":-372.9354838709678,"Sigma":0.05907865853719511,"Taucorr":0.25011363636366657},"EnergyVariance":{"Mean":0.2861602497398542,"Sigma":0.18323276333526972,"Taucorr":0.17236118256029875},"Iteration":28},
{"Acceptance":[0.006639839034205231],"Energy":{"Mean":-373.0,"Sigma":0.04490132550669304,"Taucorr":0.35416666666664987},"EnergyVariance":{"Mean":0.14516129032258066,"Sigma":0.07311630294608476,"Taucorr":0.2933615819209039},"Iteration":29},
{"Acceptance":[0.007344064386317907],"Energy":{"Mean":-372.4435483870969,"Sigma":0.3711196509915096,"Taucorr":1.0387049135781945},"EnergyVariance":{"Mean":5.504877731529657,"Sigma":2.9935770761864995,"Taucorr":0.9381662894456806},"Iteration":30},
{"Acceptance":[0.014989939637826962],"Energy":{"Mean":-373.0967741935483,"Sigma":0.0473454181834135,"Taucorr":0.05431485355650767},"EnergyVariance":{"Mean":0.2486992715920916,"Sigma":0.04094624713115823,"Taucorr":0.09604911273162908},"Iteration":31},
{"Acceptance":[0.009959758551307847],"Energy":{"Mean":-373.5322580645161,"Sigma":0.056490002307800255,"Taucorr":-0.0020462046204715034},"EnergyVariance":{"Mean":0.39412070759625384,"Sigma":0.07200213403121686,"Taucorr":-0.043984093299891225},"Iteration":32},
{"Acceptance":[0.00040241448692152917],"Energy":{"Mean":-374.008064516129,"Sigma":0.008064516129032624,"Taucorr":5.5067062021407764e-14},"EnergyVariance":{"Mean":0.007999479708636837,"Sigma":0.007934443288241534,"Taucorr":0.0},"Iteration":33},
{"Acceptance":[0.0008048289738430583],"Energy":{"Mean":-373.91129032258067,"Sigma":0.04993057962636271,"Taucorr":0.09367917401159598},"EnergyVariance":{"Mean":0.25825962539021863,"Sigma":0.14836668369413844,"Taucorr":0.017638901168737342},"Iteration":34},
{"Acceptance":[0.0008048289738430583],"Energy":{"Mean":-373.9758064516129,"Sigma":0.04236750173085022,"Taucorr":0.00835579514824103},"EnergyVariance":{"Mean":0.21715660770031214,"Sigma":0.12081331823746207,"Taucorr":-0.02561070557143663},"Iteration":35},
{"Acceptance":[0.0012072434607645875],"Energy":{"Mean":-374.0,"Sigma":0.0,"Taucorr":null},"EnergyVariance":{"Mean":0.0,"Sigma":0.0,"Taucorr":null},"Iteration":36},
{"Acceptance":[0.00040241448692152917],"Energy":{"Mean":-373.9758064516129,"Sigma":0.033510628047841905,"Taucorr":0.4592592592591884},"EnergyVariance":{"Mean":0.07199531737773152,"Sigma":0.0632405091527936,"Taucorr":0.4858422455260376},"Iteration":37},
{"Acceptance":[0.00040241448692152917],"Energy":{"Mean":-373.9274193548387,"Sigma":0.08131442721641974,"Taucorr":0.5015217043088223},"EnergyVariance":{"Mean":0.40602237252861606,"Sigma":0.3913202809648123,"Taucorr":0.5068213403227799},"Iteration":38},
{"Acceptance":[0.0008048289738430583],"Energy":{"Mean":-373.9596774193548,"Sigma":0.0603493126899024,"Taucorr":0.4018067556952114},"EnergyVariance":{"Mean":0.24837408949011444,"Sigma":0.1566186761739165,"Taucorr":0.3232151183800789},"Iteration":39},
{"Acceptance":[0.0014084507042253522],"Energy":{"Mean":-373.9516129032258,"Sigma":0.04246971539383238,"Taucorr":0.03500627352574048},"EnergyVariance":{"Mean":0.20733610822060358,"Sigma":0.13134672766459235,"Taucorr":-0.012612159678473955},"Iteration":40},
{"Acceptance":[0.0006036217303822937],"Energy":{"Mean":-374.0161290322581,"Sigma":0.011213254631513927,"Taucorr":-0.012704918032732215},"EnergyVariance":{"Mean":0.01586888657648283,"Sigma":0.010851536740172942,"Taucorr":-0.012704918032786894},"Iteration":41},
{"Acceptance":[0.00040241448692152917],"Energy":{"Mean":-374.008064516129,"Sigma":0.008064516129032159,"Taucorr":-9.880984919163893e-15},"EnergyVariance":{"Mean":0.007999479708636839,"Sigma":0.007934443288241534,"Taucorr":2.220446049250313e-16},"Iteration":42},
{"Acceptance":[0.0012072434607645875],"Energy":{"Mean":-373.96774193548384,"Sigma":0.04138388257618456,"Taucorr":0.004831670822943779},"EnergyVariance":{"Mean":0.20863683662851198,"Sigma":0.198910423033741,"Taucorr":-0.0010859400640511607},"Iteration":43},
{"Acceptance":[0.0008048289738430583],"Energy":{"Mean":-374.0,"Sigma":0.0,"Taucorr":null},"EnergyVariance":{"Mean":0.0,"Sigma":0.0,"Taucorr":null},"Iteration":44},
{"Acceptance":[0.0018108651911468814],"Energy":{"Mean":-373.8870967741936,"Sigma":0.07849278242059403,"Taucorr":0.30426559911655016},"EnergyVariance":{"Mean":0.47112382934443287,"Sigma":0.27448697261555693,"Taucorr":0.2864803149834233},"Iteration":45},
{"Acceptance":[0.0018108651911468814],"Energy":{"Mean":-374.00000000000006,"Sigma":0.03845119794825535,"Taucorr":0.06375000000000097},"EnergyVariance":{"Mean":0.16129032258064518,"Sigma":0.12938459958504475,"Taucorr":-0.0028234924623118385},"Iteration":46},
{"Acceptance":[0.0018108651911468814],"Energy":{"Mean":-373.9758064516129,"Sigma":0.04236750173085091,"Taucorr":0.008355795148253797},"EnergyVariance":{"Mean":0.21715660770031217,"Sigma":0.1994441271149743,"Taucorr":-0.00217492853053719},"Iteration":47},
{"Acceptance":[0.002414486921529175],"Energy":{"Mean":-374.08870967741933,"Sigma":0.029667483142626662,"Taucorr":0.1695897023330747},"EnergyVariance":{"Mean":0.08084027055150883,"Sigma":0.024403897423774953,"Taucorr":0.16958970233306525},"Iteration":48},
{"Acceptance":[0.005633802816901409],"Energy":{"Mean":-374.225806451613,"Sigma":0.049669389100996,"Taucorr":0.3678943452380655},"EnergyVariance":{"Mean":0.1748178980228928,"Sigma":0.027238052087636126,"Taucorr":0.36789434523809506},"Iteration":49},
{"Acceptance":[0.0025150905432595573],"Energy":{"Mean":-374.7741935483871,"Sigma":0.18814131853622157,"Taucorr":0.4651787773933108},"EnergyVariance":{"Mean":2.2554630593132154,"Sigma":2.083306206901157,"Taucorr":0.43934546867074675},"Iteration":50},
{"Acceptance":[0.0014084507042253522],"Energy":{"Mean":-374.95161290322585,"Sigma":0.03363976389453763,"Taucorr":-0.012704918032816592},"EnergyVariance":{"Mean":0.14281997918834546,"Sigma":0.1258322268489609,"Taucorr":-0.0029862203777917817},"Iteration":51},
{"Acceptance":[0.0012072434607645875],"Energy":{"Mean":-374.9112903225806,"Sigma":0.0790980634531566,"Taucorr":0.6353483016695509},"EnergyVariance":{"Mean":0.3389047866805411,"Sigma":0.2164521895101481,"Taucorr":0.6611611319127075},"Iteration":52},
{"Acceptance":[0.0016096579476861167],"Energy":{"Mean":-375.05645161290323,"Sigma":0.04446467339383821,"Taucorr":0.027093318297131685},"EnergyVariance":{"Mean":0.2306841831425599,"Sigma":0.11718516262458807,"Taucorr":-0.026383164589551644},"Iteration":53},
{"Acceptance":[0.008651911468812877],"Energy":{"Mean":-375.83870967741933,"Sigma":0.16003544092393077,"Taucorr":0.3537330795262278},"EnergyVariance":{"Mean":1.8449531737773155,"Sigma":0.20674590929703435,"Taucorr":0.3219135191971366},"Iteration":54},
{"Acceptance":[0.0005030181086519115],"Energy":{"Mean":-378.0,"Sigma":0.0,"Taucorr":null},"EnergyVariance":{"Mean":0.0,"Sigma":0.0,"Taucorr":null},"Iteration":55},
{"Acceptance":[0.00020120724346076458],"Energy":{"Mean":-378.0,"Sigma":0.0,"Taucorr":null},"EnergyVariance":{"Mean":0.0,"Sigma":0.0,"Taucorr":null},"Iteration":56},
{"Acceptance":[0.00020120724346076458],"Energy":{"Mean":-377.98387096774195,"Sigma":0.01612903225806443,"Taucorr":-5.218048215738236e-15},"EnergyVariance":{"Mean":0.03199791883454735,"Sigma":0.03173777315296614,"Taucorr":0.0},"Iteration":57},
{"Acceptance":[0.00040241448692152917],"Energy":{"Mean":-377.9758064516129,"Sigma":0.024193548387096454,"Taucorr":-1.4210854715202004e-14},"EnergyVariance":{"Mean":0.07199531737773153,"Sigma":0.0714099895941738,"Taucorr":-2.220446049250313e-16},"Iteration":58},
{"Acceptance":[0.0],"Energy":{"Mean":-378.0,"Sigma":0.0,"Taucorr":null},"EnergyVariance":{"Mean":0.0,"Sigma":0.0,"Taucorr":null},"Iteration":59},
{"Acceptance":[0.00020120724346076458],"Energy":{"Mean":-377.96774193548384,"Sigma":0.03225806451612922,"Taucorr":7.327471962526033e-15},"EnergyVariance":{"Mean":0.12799167533818936,"Sigma":0.12695109261186086,"Taucorr":-2.220446049250313e-16},"Iteration":60},
{"Acceptance":[0.00040241448692152917],"Energy":{"Mean":-377.99999999999994,"Sigma":0.023186944788009565,"Taucorr":0.18333333333337987},"EnergyVariance":{"Mean":0.048387096774193554,"Sigma":0.03558148840381484,"Taucorr":0.045173041894369326},"Iteration":61},
{"Acceptance":[0.00040241448692152917],"Energy":{"Mean":-377.86290322580646,"Sigma":0.081845899718485,"Taucorr":0.07612551159617353},"EnergyVariance":{"Mean":0.7150754422476587,"Sigma":0.512867017754343,"Taucorr":0.006468924296327838},"Iteration":62},
{"Acceptance":[0.00040241448692152917],"Energy":{"Mean":-377.9758064516129,"Sigma":0.024193548387097082,"Taucorr":1.3766765505351941e-14},"EnergyVariance":{"Mean":0.07199531737773153,"Sigma":0.0714099895941738,"Taucorr":-2.220446049250313e-16},"Iteration":63},
{"Acceptance":[0.0],"Energy":{"Mean":-378.0,"Sigma":0.0,"Taucorr":null},"EnergyVariance":{"Mean":0.0,"Sigma":0.0,"Taucorr":null},"Iteration":64},
{"Acceptance":[0.00020120724346076458],"Energy":{"Mean":-378.0,"Sigma":0.0,"Taucorr":null},"EnergyVariance":{"Mean":0.0,"Sigma":0.0,"Taucorr":null},"Iteration":65},
{"Acceptance":[0.00020120724346076458],"Energy":{"Mean":-377.991935483871,"Sigma":0.008064516129032247,"Taucorr":1.1324274851176597e-14},"EnergyVariance":{"Mean":0.007999479708636839,"Sigma":0.007934443288241534,"Taucorr":0.0},"Iteration":66},
{"Acceptance":[0.0006036217303822937],"Energy":{"Mean":-377.94354838709677,"Sigma":0.05645161290322559,"Taucorr":-2.9976021664879227e-15},"EnergyVariance":{"Mean":0.39197450572320497,"Sigma":0.3887877211238287,"Taucorr":-1.1102230246251565e-16},"Iteration":67},
{"Acceptance":[0.0],"Energy":{"Mean":-378.0,"Sigma":0.0,"Taucorr":null},"EnergyVariance":{"Mean":0.0,"Sigma":0.0,"Taucorr":null},"Iteration":68},
{"Acceptance":[0.00020120724346076458],"Energy":{"Mean":-378.0,"Sigma":0.0,"Taucorr":null},"EnergyVariance":{"Mean":0.0,"Sigma":0.0,"Taucorr":null},"Iteration":69},
{"Acceptance":[0.00020120724346076458],"Energy":{"Mean":-377.9838709677419,"Sigma":0.016129032258065383,"Taucorr":3.952393967665557e-14},"EnergyVariance":{"Mean":0.03199791883454734,"Sigma":0.0317377731529643,"Taucorr":-2.220446049250313e-16},"Iteration":70},
{"Acceptance":[0.00020120724346076458],"Energy":{"Mean":-377.9516129032258,"Sigma":0.03363976389453884,"Taucorr":-0.012704918032791612},"EnergyVariance":{"Mean":0.14281997918834546,"Sigma":0.09766383066156412,"Taucorr":-0.012704918032786783},"Iteration":71},
{"Acceptance":[0.0006036217303822937],"Energy":{"Mean":-377.90322580645164,"Sigma":0.07116297680763131,"Taucorr":-0.010147299509002616},"EnergyVariance":{"Mean":0.6357960457856401,"Sigma":0.514402188794936,"Taucorr":-0.005821639123296196},"Iteration":72},
{"Acceptance":[0.00020120724346076458],"Energy":{"Mean":-377.9838709677419,"Sigma":0.016129032258065248,"Taucorr":3.530509218307998e-14},"EnergyVariance":{"Mean":0.031997918834547334,"Sigma":0.0317377731529643,"Taucorr":0.0},"Iteration":73},
{"Acceptance":[0.00020120724346076458],"Energy":{"Mean":-377.9677419354838,"Sigma":0.0322580645161296,"Taucorr":0.5081967213115084},"EnergyVariance":{"Mean":0.06347554630593133,"Sigma":0.06243496357959914,"Taucorr":0.5081967213114755},"Iteration":74},
{"Acceptance":[0.0],"Energy":{"Mean":-378.0,"Sigma":0.0,"Taucorr":null},"EnergyVariance":{"Mean":0.0,"Sigma":0.0,"Taucorr":null},"Iteration":75},
{"Acceptance":[0.0006036217303822937],"Energy":{"Mean":-377.9596774193548,"Sigma":0.028626192498870003,"Taucorr":-0.011720226843075832},"EnergyVariance":{"Mean":0.10321279916753381,"Sigma":0.07616510683434033,"Taucorr":-0.009322252609535842},"Iteration":76},
{"Acceptance":[0.0],"Energy":{"Mean":-378.0,"Sigma":0.0,"Taucorr":null},"EnergyVariance":{"Mean":0.0,"Sigma":0.0,"Taucorr":null},"Iteration":77},
{"Acceptance":[0.00040241448692152917],"Energy":{"Mean":-377.7741935483871,"Sigma":0.15698556484118006,"Taucorr":0.4908333333333178},"EnergyVariance":{"Mean":1.5296566077003124,"Sigma":1.0280022471857995,"Taucorr":0.49083333333333345},"Iteration":78},
{"Acceptance":[0.0006036217303822937],"Energy":{"Mean":-378.06451612903226,"Sigma":0.04485301852605469,"Taucorr":1.5500000000000167},"EnergyVariance":{"Mean":0.060353798126951116,"Sigma":0.039065532264626154,"Taucorr":1.5500000000000003},"Iteration":79},
{"Acceptance":[0.00020120724346076458],"Energy":{"Mean":-378.0,"Sigma":0.0,"Taucorr":null},"EnergyVariance":{"Mean":0.0,"Sigma":0.0,"Taucorr":null},"Iteration":80},
{"Acceptance":[0.00020120724346076458],"Energy":{"Mean":-378.0,"Sigma":0.0,"Taucorr":null},"EnergyVariance":{"Mean":0.0,"Sigma":0.0,"Taucorr":null},"Iteration":81},
{"Acceptance":[0.00020120724346076458],"Energy":{"Mean":-378.008064516129,"Sigma":0.008064516129032376,"Taucorr":7.771561172376096e-15},"EnergyVariance":{"Mean":0.007999479708636837,"Sigma":0.007934443288241534,"Taucorr":0.0},"Iteration":82},
{"Acceptance":[0.0],"Energy":{"Mean":-378.0,"Sigma":0.0,"Taucorr":null},"EnergyVariance":{"Mean":0.0,"Sigma":0.0,"Taucorr":null},"Iteration":83},
{"Acceptance":[0.0],"Energy":{"Mean":-378.0,"Sigma":0.0,"Taucorr":null},"EnergyVariance":{"Mean":0.0,"Sigma":0.0,"Taucorr":null},"Iteration":84},
{"Acceptance":[0.00040241448692152917],"Energy":{"Mean":-378.0241935483871,"Sigma":0.017790744201908796,"Taucorr":0.32451790633614563},"EnergyVariance":{"Mean":0.02360822060353798,"Sigma":0.016929901740525992,"Taucorr":0.324517906336088},"Iteration":85},
{"Acceptance":[0.00040241448692152917],"Energy":{"Mean":-378.0161290322581,"Sigma":0.011213254631513014,"Taucorr":-0.012704918032785117},"EnergyVariance":{"Mean":0.01586888657648283,"Sigma":0.010851536740172942,"Taucorr":-0.012704918032786894},"Iteration":86},
{"Acceptance":[0.0008048289738430583],"Energy":{"Mean":-377.98387096774206,"Sigma":0.05304629225913811,"Taucorr":0.47683553597650585},"EnergyVariance":{"Mean":0.177159209157128,"Sigma":0.14385756683678053,"Taucorr":0.493099194641313},"Iteration":87},
{"Acceptance":[0.0012072434607645875],"Energy":{"Mean":-378.0322580645162,"Sigma":0.019197388248772918,"Taucorr":0.22604166666675696},"EnergyVariance":{"Mean":0.031217481789802298,"Sigma":0.017958847071427794,"Taucorr":0.22604166666666647},"Iteration":88},
{"Acceptance":[0.0028169014084507044],"Energy":{"Mean":-378.0483870967742,"Sigma":0.04246971539383057,"Taucorr":0.2766848816029045},"EnergyVariance":{"Mean":0.14281997918834544,"Sigma":0.06875672182416122,"Taucorr":0.38183293101467075},"Iteration":89},
{"Acceptance":[0.009356136820925553],"Energy":{"Mean":-378.3629032258064,"Sigma":0.04757381033468417,"Taucorr":0.10202531645566493},"EnergyVariance":{"Mean":0.2312044745057232,"Sigma":0.013044431865966623,"Taucorr":0.10202531645569646},"Iteration":90},
{"Acceptance":[0.0008048289738430583],"Energy":{"Mean":-378.94354838709677,"Sigma":0.030030623750039762,"Taucorr":0.04561740243119139},"EnergyVariance":{"Mean":0.10165192507804366,"Sigma":0.07096241421641117,"Taucorr":-0.0010364287611318579},"Iteration":91},
{"Acceptance":[0.0],"Energy":{"Mean":-379.0,"Sigma":0.0,"Taucorr":null},"EnergyVariance":{"Mean":0.0,"Sigma":0.0,"Taucorr":null},"Iteration":92},
{"Acceptance":[0.00020120724346076458],"Energy":{"Mean":-379.0,"Sigma":0.0,"Taucorr":null},"EnergyVariance":{"Mean":0.0,"Sigma":0.0,"Taucorr":null},"Iteration":93},
{"Acceptance":[0.0006036217303822937],"Energy":{"Mean":-378.98387096774195,"Sigma":0.016129032258064762,"Taucorr":1.1546319456101628e-14},"EnergyVariance":{"Mean":0.03199791883454735,"Sigma":0.03173777315296614,"Taucorr":0.0},"Iteration":94},
{"Acceptance":[0.00020120724346076458],"Energy":{"Mean":-378.991935483871,"Sigma":0.008064516129033184,"Taucorr":1.0014211682118912e-13},"EnergyVariance":{"Mean":0.007999479708636839,"Sigma":0.007934443288241532,"Taucorr":-2.220446049250313e-16},"Iteration":95},
{"Acceptance":[0.0006036217303822937],"Energy":{"Mean":-378.8225806451613,"Sigma":0.09432381624008775,"Taucorr":0.4410738255033706},"EnergyVariance":{"Mean":0.5814255983350677,"Sigma":0.328412727737733,"Taucorr":0.4729640729702438},"Iteration":96},
{"Acceptance":[0.00020120724346076458],"Energy":{"Mean":-378.991935483871,"Sigma":0.00806451612903265,"Taucorr":3.574918139293004e-14},"EnergyVariance":{"Mean":0.007999479708636839,"Sigma":0.007934443288241534,"Taucorr":0.0},"Iteration":97},
{"Acceptance":[0.00040241448692152917],"Energy":{"Mean":-378.95161290322585,"Sigma":0.033639763894538585,"Taucorr":-0.012704918032795665},"EnergyVariance":{"Mean":0.14281997918834546,"Sigma":0.09766383066156796,"Taucorr":-0.01270491803278645},"Iteration":98},
{"Acceptance":[0.00020120724346076458],"Energy":{"Mean":-379.0,"Sigma":0.0,"Taucorr":null},"EnergyVariance":{"Mean":0.0,"Sigma":0.0,"Taucorr":null},"Iteration":99} 
]}