{"Output": [
{"Acceptance":[0.8428571428571429],"Energy":{"Mean":-156.34677419354844,"Sigma":0.9109310358440003,"Taucorr":0.2428919292246201},"EnergyVariance":{"Mean":68.69426378772113,"Sigma":9.064396805217338,"Taucorr":0.06558296346029047},"Iteration":0},
{"Acceptance":[0.8411764705882353],"Energy":{"Mean":-156.71774193548387,"Sigma":1.0459690891295492,"Taucorr":0.2512962270385284},"EnergyVariance":{"Mean":89.55742715920914,"Sigma":13.644716139604828,"Taucorr":0.15211079839242525},"Iteration":1},
{"Acceptance":[0.7983193277310925],"Energy":{"Mean":-158.491935483871,"Sigma":0.6661440025394818,"Taucorr":-0.09243354756495586},"EnergyVariance":{"Mean":66.95961238293445,"Sigma":8.040594640683768,"Taucorr":-0.003888547648801477},"Iteration":2},
{"Acceptance":[0.7700280112044818],"Energy":{"Mean":-158.75806451612902,"Sigma":0.7743783381616152,"Taucorr":0.08547843540533584},"EnergyVariance":{"Mean":62.9898543184183,"Sigma":9.734303879547282,"Taucorr":0.1925251158152005},"Iteration":3},
{"Acceptance":[0.746358543417367],"Energy":{"Mean":-161.05645161290326,"Sigma":0.7864536637619127,"Taucorr":0.05578791625132129},"EnergyVariance":{"Mean":68.44036160249739,"Sigma":9.210858864693476,"Taucorr":-0.018231834573865957},"Iteration":4},
{"Acceptance":[0.6507002801120448],"Energy":{"Mean":-165.7822580645161,"Sigma":0.9029329402310473,"Taucorr":0.24934251387237893},"EnergyVariance":{"Mean":66.91226586888656,"Sigma":7.7230031173980915,"Taucorr":-0.027972304443343532},"Iteration":5},
{"Acceptance":[0.6012605042016806],"Energy":{"Mean":-168.5241935483871,"Sigma":0.8343559455727456,"Taucorr":0.11911179535987759},"EnergyVariance":{"Mean":69.15264047866805,"Sigma":8.669870246989674,"Taucorr":0.04766778143106187},"Iteration":6},
{"Acceptance":[0.5481792717086835],"Energy":{"Mean":-169.43548387096777,"Sigma":0.7888646856056056,"Taucorr":0.031168560380404275},"EnergyVariance":{"Mean":72.05228928199793,"Sigma":8.85069650814133,"Taucorr":0.04931853125536767},"Iteration":7},
{"Acceptance":[0.48739495798319327],"Energy":{"Mean":-173.2016129032258,"Sigma":0.9009716495455188,"Taucorr":0.2853890519694322},"EnergyVariance":{"Mean":63.56419094693028,"Sigma":11.056705951078722,"Taucorr":0.14454953674323634},"Iteration":8},
{"Acceptance":[0.419187675070028],"Energy":{"Mean":-177.76612903225805,"Sigma":0.7883506230233898,"Taucorr":0.17054157695910477},"EnergyVariance":{"Mean":57.00175598335068,"Sigma":5.7072724323116075,"Taucorr":-0.05595445030664181},"Iteration":9},
{"Acceptance":[0.3775910364145658],"Energy":{"Mean":-179.7741935483871,"Sigma":0.747878256752625,"Taucorr":0.2705269629267053},"EnergyVariance":{"Mean":44.64255983350676,"Sigma":6.856266133932201,"Taucorr":-0.005385402674157269},"Iteration":10},
{"Acceptance":[0.3348739495798319],"Energy":{"Mean":-183.14516129032253,"Sigma":0.8024470465854475,"Taucorr":0.32538645889248485},"EnergyVariance":{"Mean":47.97892819979189,"Sigma":9.750773920329108,"Taucorr":0.04636405991074655},"Iteration":11},
{"Acceptance":[0.31736694677871147],"Energy":{"Mean":-183.95161290322582,"Sigma":0.5874378661765911,"Taucorr":0.17137748845783574},"EnergyVariance":{"Mean":31.61056191467222,"Sigma":3.546509467085292,"Taucorr":-0.0029536303582411993},"Iteration":12},
{"Acceptance":[0.26778711484593837],"Energy":{"Mean":-186.21774193548384,"Sigma":0.4619590610911063,"Taucorr":0.031646903543136595},"EnergyVariance":{"Mean":24.686459417273674,"Sigma":3.227885667230317,"Taucorr":0.0035066502285647783},"Iteration":13},
{"Acceptance":[0.2687675070028011],"Energy":{"Mean":-187.90322580645162,"Sigma":0.5031723848126168,"Taucorr":0.06178643164198161},"EnergyVariance":{"Mean":27.71644120707596,"Sigma":3.371296048616318,"Taucorr":0.12309883525809773},"Iteration":14},
{"Acceptance":[0.2718487394957983],"Energy":{"Mean":-187.59677419354836,"Sigma":0.5043730031012462,"Taucorr":0.09439038733333793},"EnergyVariance":{"Mean":26.321279916753372,"Sigma":3.6742376668179366,"Taucorr":0.32910545464257357},"Iteration":15},
{"Acceptance":[0.23641456582633052],"Energy":{"Mean":-190.61290322580643,"Sigma":0.48079217640486405,"Taucorr":0.07695343018222434},"EnergyVariance":{"Mean":24.64047866805411,"Sigma":3.5902204861695366,"Taucorr":0.2790370559878531},"Iteration":16},
{"Acceptance":[0.22142857142857142],"Energy":{"Mean":-189.88709677419354,"Sigma":0.28488790232673333,"Taucorr":-0.12947347585114766},"EnergyVariance":{"Mean":13.471123829344434,"Sigma":2.2865153993570044,"Taucorr":0.21290228467284555},"Iteration":17},
{"Acceptance":[0.20742296918767508],"Energy":{"Mean":-191.12096774193554,"Sigma":0.3919332713774444,"Taucorr":0.21204296015254598},"EnergyVariance":{"Mean":13.267624869927158,"Sigma":2.176353058242138,"Taucorr":0.2044004895055943},"Iteration":18},
{"Acceptance":[0.19145658263305323],"Energy":{"Mean":-191.11290322580646,"Sigma":0.44943792699933516,"Taucorr":0.30632017965992997},"EnergyVariance":{"Mean":15.406607700312177,"Sigma":1.7832805438447161,"Taucorr":-0.10531155831465994},"Iteration":19},
{"Acceptance":[0.18781512605042017],"Energy":{"Mean":-191.6048387096774,"Sigma":0.3973660242111352,"Taucorr":0.2622912571793251},"EnergyVariance":{"Mean":12.739008844953172,"Sigma":1.891907643482858,"Taucorr":0.03769025527862602},"Iteration":20},
{"Acceptance":[0.18235294117647058],"Energy":{"Mean":-192.7258064516129,"Sigma":0.24712182977491234,"Taucorr":0.021704368879413405},"EnergyVariance":{"Mean":7.1990114464099895,"Sigma":1.3933602880901095,"Taucorr":0.2676231507586124},"Iteration":21},
{"Acceptance":[0.17478991596638654],"Energy":{"Mean":-193.20161290322582,"Sigma":0.3891021086028467,"Taucorr":0.3200375743898456},"EnergyVariance":{"Mean":11.354513527575444,"Sigma":1.5410528141863207,"Taucorr":0.09206284171590906},"Iteration":22},
{"Acceptance":[0.16372549019607843],"Energy":{"Mean":-193.92741935483866,"Sigma":0.3213282138558185,"Taucorr":0.24398902731740535},"EnergyVariance":{"Mean":8.535054630593132,"Sigma":1.2677611494552956,"Taucorr":0.024377585452515005},"Iteration":23},
{"Acceptance":[0.14943977591036414],"Energy":{"Mean":-194.08870967741933,"Sigma":0.32576386392583384,"Taucorr":0.2811469093230172},"EnergyVariance":{"Mean":8.355033818938605,"Sigma":1.0945220571577814,"Taucorr":-0.0795290454744163},"Iteration":24},
{"Acceptance":[0.15476190476190477],"Energy":{"Mean":-194.22580645161287,"Sigma":0.3835240593856484,"Taucorr":0.43501277225060997},"EnergyVariance":{"Mean":9.674817898022892,"Sigma":2.125375863229718,"Taucorr":0.1732148221410228},"Iteration":25},
{"Acceptance":[0.1226890756302521],"Energy":{"Mean":-195.83064516129036,"Sigma":0.33023840703407437,"Taucorr":0.3222621771820885},"EnergyVariance":{"Mean":8.156802809573364,"Sigma":1.0204290220384755,"Taucorr":-0.11905519790637498},"Iteration":26},
{"Acceptance":[0.123109243697479],"Energy":{"Mean":-195.78225806451613,"Sigma":0.40390265772816375,"Taucorr":0.6277869973023724},"EnergyVariance":{"Mean":8.896136836628509,"Sigma":1.5912127837667116,"Taucorr":0.31055780274196165},"Iteration":27},
{"Acceptance":[0.10448179271708684],"Energy":{"Mean":-197.75000000000003,"Sigma":0.34489362548940605,"Taucorr":0.28794788273616045},"EnergyVariance":{"Mean":9.284274193548386,"Sigma":1.6636502577227046,"Taucorr":0.46067819762856344},"Iteration":28},
{"Acceptance":[0.11722689075630252],"Energy":{"Mean":-196.4193548387097,"Sigma":0.30285094651161815,"Taucorr":0.16601701683253456},"EnergyVariance":{"Mean":8.469302809573364,"Sigma":1.5320026293386269,"Taucorr":0.03245244629473276},"Iteration":29} 
]}