{"Output": [
{"Acceptance":[0.6829234733445075],"Energy":{"Mean":-322.6814516129032,"Sigma":0.5617517038725186,"Taucorr":0.6409510918579489},"EnergyVariance":{"Mean":137.04570434443286,"Sigma":5.243287941198308,"Taucorr":-0.09922882523409049},"Iteration":0},
{"Acceptance":[0.5945263052560479],"Energy":{"Mean":-330.7862903225806,"Sigma":0.48110312478685185,"Taucorr":0.32459091099761894},"EnergyVariance":{"Mean":139.0853765608741,"Sigma":5.915837064323011,"Taucorr":-0.05772215623565363},"Iteration":1},
{"Acceptance":[0.506041578065194],"Energy":{"Mean":-340.01713709677426,"Sigma":0.6003153550559504,"Taucorr":0.735634866986461},"EnergyVariance":{"Mean":144.51482728765606,"Sigma":6.682007269347422,"Taucorr":0.07984156508271056},"Iteration":2},
{"Acceptance":[0.43276711780451804],"Energy":{"Mean":-348.0534274193548,"Sigma":0.6664374924501316,"Taucorr":1.3318897506460432},"EnergyVariance":{"Mean":120.13323422053851,"Sigma":7.723526698463301,"Taucorr":0.4021284463346364},"Iteration":3},
{"Acceptance":[0.35137467790758764],"Energy":{"Mean":-357.75201612903226,"Sigma":0.5094225880779301,"Taucorr":0.8264892703806872},"EnergyVariance":{"Mean":96.93850399973985,"Sigma":6.0562461970673604,"Taucorr":0.3654151378750221},"Iteration":4},
{"Acceptance":[0.31751432216746306],"Energy":{"Mean":-361.3084677419355,"Sigma":0.557114191295407,"Taucorr":1.2981447130469208},"EnergyVariance":{"Mean":85.52783152315297,"Sigma":4.292716190210311,"Taucorr":0.16551164521908213},"Iteration":5},
{"Acceptance":[0.2681184799739824],"Energy":{"Mean":-367.5897177419355,"Sigma":0.45676143713013106,"Taucorr":0.987520015367092},"EnergyVariance":{"Mean":69.49598298484649,"Sigma":4.155647972022035,"Taucorr":0.1911457475195033},"Iteration":6},
{"Acceptance":[0.2319315537988142],"Energy":{"Mean":-370.9475806451612,"Sigma":0.3580610537285339,"Taucorr":0.6390170560602391},"EnergyVariance":{"Mean":55.77346188865765,"Sigma":3.950590602674099,"Taucorr":0.6463052408151719},"Iteration":7},
{"Acceptance":[0.20264928826958198],"Energy":{"Mean":-375.1572580645161,"Sigma":0.3017627280110143,"Taucorr":0.6505898483803789},"EnergyVariance":{"Mean":39.21518925598334,"Sigma":2.5304712311338253,"Taucorr":0.36763637741043376},"Iteration":8},
{"Acceptance":[0.17635654066494885],"Energy":{"Mean":-378.4183467741936,"Sigma":0.23116496828924643,"Taucorr":0.3405928222748723},"EnergyVariance":{"Mean":31.49938113781218,"Sigma":1.6829416748518808,"Taucorr":0.12389872300763527},"Iteration":9},
{"Acceptance":[0.16507392489930703],"Energy":{"Mean":-379.33467741935493,"Sigma":0.22065317235936335,"Taucorr":0.3599013543299603},"EnergyVariance":{"Mean":28.0553297346514,"Sigma":1.7483876116659085,"Taucorr":0.271699736695452},"Iteration":10},
{"Acceptance":[0.14649888674855527],"Energy":{"Mean":-381.57459677419354,"Sigma":0.14691665660809528,"Taucorr":0.06691721298837561},"EnergyVariance":{"Mean":18.865403063215403,"Sigma":0.7977835315544454,"Taucorr":-0.1487621610700527},"Iteration":11},
{"Acceptance":[0.13540389763090085],"Energy":{"Mean":-382.32661290322574,"Sigma":0.2300044500033219,"Taucorr":0.9578942546545604},"EnergyVariance":{"Mean":17.980017559833506,"Sigma":1.2485530696513363,"Taucorr":0.2801873833359184},"Iteration":12},
{"Acceptance":[0.1257098541515523],"Energy":{"Mean":-383.2993951612905,"Sigma":0.1718965296483116,"Taucorr":0.5816223201236235},"EnergyVariance":{"Mean":13.536370601912072,"Sigma":0.799508664586474,"Taucorr":0.009015652422174947},"Iteration":13},
{"Acceptance":[0.12056888399669777],"Energy":{"Mean":-384.0957661290323,"Sigma":0.17566798088284863,"Taucorr":0.6240949360514663},"EnergyVariance":{"Mean":13.602724009820498,"Sigma":1.0276292050270892,"Taucorr":0.37539063939136763},"Iteration":14},
{"Acceptance":[0.11103745027893829],"Energy":{"Mean":-384.6431451612903,"Sigma":0.15080411561643178,"Taucorr":0.4811105672797875},"EnergyVariance":{"Mean":11.485557849895944,"Sigma":0.604858644217356,"Taucorr":-0.016603379068278412},"Iteration":15},
{"Acceptance":[0.10114327170840318],"Energy":{"Mean":-385.26512096774195,"Sigma":0.13439860513897578,"Taucorr":0.5503159227507155},"EnergyVariance":{"Mean":8.521444743431323,"Sigma":0.49014946063703374,"Taucorr":0.01245826643103043},"Iteration":16},
{"Acceptance":[0.09651514772471419],"Energy":{"Mean":-385.76310483870964,"Sigma":0.11787287653829677,"Taucorr":0.45046558939883896},"EnergyVariance":{"Mean":7.243275843847554,"Sigma":0.5189843770233658,"Taucorr":0.21916075606566676},"Iteration":17},
{"Acceptance":[0.09134916068346134],"Energy":{"Mean":-386.4868951612903,"Sigma":0.14504713813611553,"Taucorr":0.9220994350298006},"EnergyVariance":{"Mean":7.330473424492716,"Sigma":0.6204996563970073,"Taucorr":0.36826605182458116},"Iteration":18},
{"Acceptance":[0.08588297100542866],"Energy":{"Mean":-386.7177419354839,"Sigma":0.1331395906658559,"Taucorr":0.7960111511893682},"EnergyVariance":{"Mean":6.777185223725286,"Sigma":0.5296066052478285,"Taucorr":0.38948383365186034},"Iteration":19},
{"Acceptance":[0.07889075125709855],"Energy":{"Mean":-386.8447580645161,"Sigma":0.13877769532943537,"Taucorr":1.2344179600626903},"EnergyVariance":{"Mean":5.502109618886576,"Sigma":0.39298744234185345,"Taucorr":0.3252130148235851},"Iteration":20},
{"Acceptance":[0.07357466289745579],"Energy":{"Mean":-387.1250000000001,"Sigma":0.15079872471723446,"Taucorr":1.6897647500571549},"EnergyVariance":{"Mean":5.145665322580646,"Sigma":0.3712113916506954,"Taucorr":0.17645212853018466},"Iteration":21},
{"Acceptance":[0.07535086183173642],"Energy":{"Mean":-387.99798387096774,"Sigma":0.09481845764767333,"Taucorr":0.30878061616946206},"EnergyVariance":{"Mean":5.5080604513527565,"Sigma":0.4223747595702962,"Taucorr":0.233586440856545},"Iteration":22},
{"Acceptance":[0.0689715558001651],"Energy":{"Mean":-387.9385080645161,"Sigma":0.08754659702728278,"Taucorr":0.41501189143851036},"EnergyVariance":{"Mean":4.1504526128381904,"Sigma":0.3124874560000387,"Taucorr":0.10266731102573667},"Iteration":23},
{"Acceptance":[0.06658244314912566],"Energy":{"Mean":-388.4173387096775,"Sigma":0.13301384869507432,"Taucorr":1.2402852001367815},"EnergyVariance":{"Mean":5.037521949791884,"Sigma":0.5844174182211764,"Taucorr":1.0542707808075917},"Iteration":24},
{"Acceptance":[0.058914767468040925],"Energy":{"Mean":-388.58770161290323,"Sigma":0.10755659451705873,"Taucorr":0.9087646705605485},"EnergyVariance":{"Mean":4.068921330319978,"Sigma":0.38700831332461855,"Taucorr":0.543085694825221},"Iteration":25},
{"Acceptance":[0.05503715007630151],"Energy":{"Mean":-389.03729838709677,"Sigma":0.11700237936381855,"Taucorr":1.331683748917114},"EnergyVariance":{"Mean":3.7032459270941724,"Sigma":0.46383642195111224,"Taucorr":0.8226875585605147},"Iteration":26},
{"Acceptance":[0.05341105246041078],"Energy":{"Mean":-388.8407258064515,"Sigma":0.13791904345555192,"Taucorr":1.555434542050187},"EnergyVariance":{"Mean":4.585518828043704,"Sigma":0.6081896856289272,"Taucorr":0.3595022300553876},"Iteration":27},
{"Acceptance":[0.04759462637280164],"Energy":{"Mean":-389.0342741935484,"Sigma":0.0911530412515874,"Taucorr":0.8628086197578233},"EnergyVariance":{"Mean":3.0210026990114462,"Sigma":0.3873630346088959,"Taucorr":0.21236579082568108},"Iteration":28},
{"Acceptance":[0.046181172291296625],"Energy":{"Mean":-389.37802419354836,"Sigma":0.14992826212643354,"Taucorr":2.7370946675979666},"EnergyVariance":{"Mean":3.440767063930801,"Sigma":0.40632298435878844,"Taucorr":0.8391345376524719},"Iteration":29},
{"Acceptance":[0.04310409526430341],"Energy":{"Mean":-389.77721774193554,"Sigma":0.16652847472856408,"Taucorr":3.2409505300011605},"EnergyVariance":{"Mean":3.6731503235561904,"Sigma":0.36764873140685134,"Taucorr":0.18317995428016565},"Iteration":30},
{"Acceptance":[0.04564330923373277],"Energy":{"Mean":-389.7106854838709,"Sigma":0.14493990735120418,"Taucorr":2.4469401470395136},"EnergyVariance":{"Mean":3.5322245301118627,"Sigma":0.3667647077294547,"Taucorr":1.2755069944686905},"Iteration":31},
{"Acceptance":[0.03634953593675731],"Energy":{"Mean":-389.41129032258056,"Sigma":0.08617585803246702,"Taucorr":1.2347659084523472},"EnergyVariance":{"Mean":2.121162851196671,"Sigma":0.32922950838568515,"Taucorr":0.44446369271328645},"Iteration":32},
{"Acceptance":[0.03245941010181873],"Energy":{"Mean":-389.72379032258067,"Sigma":0.07630056237970158,"Taucorr":0.7970078147987385},"EnergyVariance":{"Mean":2.2241114399063475,"Sigma":0.3583741363520663,"Taucorr":0.33718906666219584},"Iteration":33},
{"Acceptance":[0.029232231756435596],"Energy":{"Mean":-389.84778225806446,"Sigma":0.08739363176980423,"Taucorr":1.7426191656183865},"EnergyVariance":{"Mean":1.68751524291103,"Sigma":0.2654138188131135,"Taucorr":1.208649936347594},"Iteration":34},
{"Acceptance":[0.027718710129337302],"Energy":{"Mean":-389.9022177419355,"Sigma":0.07093222168268248,"Taucorr":0.8991984601127452},"EnergyVariance":{"Mean":1.7817692751690948,"Sigma":0.2613388043379465,"Taucorr":0.37387340841727734},"Iteration":35},
{"Acceptance":[0.024103770044780228],"Energy":{"Mean":-390.0070564516129,"Sigma":0.05972870870673229,"Taucorr":0.624836052305435},"EnergyVariance":{"Mean":1.5715227871357962,"Sigma":0.2004114808325481,"Taucorr":0.35599874295444345},"Iteration":36},
{"Acceptance":[0.022665299076876894],"Energy":{"Mean":-390.0937500000001,"Sigma":0.05915085734569782,"Taucorr":0.43351539927284577},"EnergyVariance":{"Mean":1.857138356854839,"Sigma":0.3042385421304515,"Taucorr":0.12434377843782884},"Iteration":37},
{"Acceptance":[0.021702148950541615],"Energy":{"Mean":-390.13911290322585,"Sigma":0.04901239671842831,"Taucorr":0.356377354315373},"EnergyVariance":{"Mean":1.3899217937044743,"Sigma":0.22684129209755755,"Taucorr":0.12768311711211688},"Iteration":38},
{"Acceptance":[0.01962574737948115],"Energy":{"Mean":-390.20967741935493,"Sigma":0.043383486578824314,"Taucorr":0.20278198106581302},"EnergyVariance":{"Mean":1.327003121748179,"Sigma":0.2508357838574572,"Taucorr":0.17774713390994623},"Iteration":39},
{"Acceptance":[0.01719910939884422],"Energy":{"Mean":-390.2933467741935,"Sigma":0.05721391509325794,"Taucorr":0.7304720899905068},"EnergyVariance":{"Mean":1.3181815410379811,"Sigma":0.31440487163979114,"Taucorr":1.124419786162714},"Iteration":40},
{"Acceptance":[0.015160233157381232],"Energy":{"Mean":-390.4223790322581,"Sigma":0.04159615087484711,"Taucorr":0.6073560674769498},"EnergyVariance":{"Mean":0.7742169208506765,"Sigma":0.1282036538963105,"Taucorr":0.3132456203731745},"Iteration":41},
{"Acceptance":[0.014384709679033348],"Energy":{"Mean":-390.38508064516134,"Sigma":0.05488538691847415,"Taucorr":0.49852090635449164},"EnergyVariance":{"Mean":1.494858058012487,"Sigma":0.35081768269796365,"Taucorr":0.41887990928138774},"Iteration":42},
{"Acceptance":[0.013133865359117404],"Energy":{"Mean":-390.5514112903226,"Sigma":0.04437316337011727,"Taucorr":0.9858090865053144},"EnergyVariance":{"Mean":0.6566310727757544,"Sigma":0.13505370383199097,"Taucorr":0.488778978425908},"Iteration":43},
{"Acceptance":[0.01280864583593926],"Energy":{"Mean":-390.5030241935483,"Sigma":0.04079278932111108,"Taucorr":0.5275761555408625},"EnergyVariance":{"Mean":0.8024102090920917,"Sigma":0.11409449540212825,"Taucorr":0.3435953251760693},"Iteration":44},
{"Acceptance":[0.01081980336727291],"Energy":{"Mean":-390.58366935483866,"Sigma":0.026736840766619873,"Taucorr":-0.07411496865033301},"EnergyVariance":{"Mean":0.8317091164802289,"Sigma":0.197836155731002,"Taucorr":0.20957710894763437},"Iteration":45},
{"Acceptance":[0.01038200785530233],"Energy":{"Mean":-390.633064516129,"Sigma":0.026916140598097552,"Taucorr":0.19765393770873585},"EnergyVariance":{"Mean":0.5145518990634755,"Sigma":0.07788955067264462,"Taucorr":0.05029226478348858},"Iteration":46},
{"Acceptance":[0.008418182273034298],"Energy":{"Mean":-390.70060483870964,"Sigma":0.034133566659162895,"Taucorr":0.5411015755905715},"EnergyVariance":{"Mean":0.5545157632023933,"Sigma":0.13898284754943543,"Taucorr":0.05761315253435162},"Iteration":47},
{"Acceptance":[0.008280589397843544],"Energy":{"Mean":-390.65725806451616,"Sigma":0.040225858458113516,"Taucorr":0.8821175738294873},"EnergyVariance":{"Mean":0.5801086108220604,"Sigma":0.20170938943273065,"Taucorr":0.9520818853780084},"Iteration":48},
{"Acceptance":[0.00727991394191079],"Energy":{"Mean":-390.7318548387097,"Sigma":0.02969145041446107,"Taucorr":0.3867464718229189},"EnergyVariance":{"Mean":0.492614301508845,"Sigma":0.1095691442470414,"Taucorr":0.12732551720699192},"Iteration":49} 
]}