{"Output": [
{"Acceptance":[0.6760688464713682],"Energy":{"Mean":-323.46270161290323,"Sigma":0.39278614362812864,"Taucorr":0.03485049107411087},"EnergyVariance":{"Mean":142.9300604432232,"Sigma":6.74054594577307,"Taucorr":0.11447322945446103},"Iteration":0},
{"Acceptance":[0.5897981137267656],"Energy":{"Mean":-331.63004032258067,"Sigma":0.5571751714252823,"Taucorr":0.5806881213346968},"EnergyVariance":{"Mean":142.33994435321281,"Sigma":5.15753164405402,"Taucorr":-0.1457868784646379},"Iteration":1},
{"Acceptance":[0.4975608535761639],"Energy":{"Mean":-340.31350806451616,"Sigma":0.4825706374116836,"Taucorr":0.4164074365278232},"EnergyVariance":{"Mean":125.91481753219303,"Sigma":5.6290932490123,"Taucorr":-0.037893922458263785},"Iteration":2},
{"Acceptance":[0.42870187376479124],"Energy":{"Mean":-347.7691532258065,"Sigma":0.43266014728426516,"Taucorr":0.3767137872567863},"EnergyVariance":{"Mean":105.79852428297345,"Sigma":5.8917838599343035,"Taucorr":0.3170310678796169},"Iteration":3},
{"Acceptance":[0.36249468391164036],"Energy":{"Mean":-355.2550403225807,"Sigma":0.522707843378244,"Taucorr":1.0334724823463846},"EnergyVariance":{"Mean":88.28475282095476,"Sigma":4.841236004064716,"Taucorr":0.1189262012983372},"Iteration":4},
{"Acceptance":[0.3125109448877993],"Energy":{"Mean":-360.61290322580646,"Sigma":0.46675128860414616,"Taucorr":1.0678690274196088},"EnergyVariance":{"Mean":68.85015608740893,"Sigma":3.2593409630776593,"Taucorr":0.09502691403389008},"Iteration":5},
{"Acceptance":[0.27820028519250495],"Energy":{"Mean":-364.8195564516129,"Sigma":0.4666231086204502,"Taucorr":1.1568795074044957},"EnergyVariance":{"Mean":65.11562560971645,"Sigma":3.5285174454540638,"Taucorr":0.2639462637975668},"Iteration":6},
{"Acceptance":[0.2477797513321492],"Energy":{"Mean":-368.73487903225805,"Sigma":0.47363465470610433,"Taucorr":1.5709099449126334},"EnergyVariance":{"Mean":53.674670549882926,"Sigma":3.324821901876401,"Taucorr":0.3139348574573676},"Iteration":7},
{"Acceptance":[0.21789708052935733],"Energy":{"Mean":-370.50000000000006,"Sigma":0.5432352958834199,"Taucorr":2.718713179004115},"EnergyVariance":{"Mean":45.42943548387097,"Sigma":3.1056872880320934,"Taucorr":0.5436884240288211},"Iteration":8},
{"Acceptance":[0.1921171790958897],"Energy":{"Mean":-374.6955645161291,"Sigma":0.409347598560533,"Taucorr":1.5417533640833159},"EnergyVariance":{"Mean":40.66538355228927,"Sigma":2.199368807141155,"Taucorr":0.2380317894229248},"Iteration":9},
{"Acceptance":[0.1814599854902059],"Energy":{"Mean":-376.33669354838713,"Sigma":0.4224233783531144,"Taucorr":2.2563221120268873},"EnergyVariance":{"Mean":32.078169712539015,"Sigma":2.0843603913649043,"Taucorr":0.26392433471221954},"Iteration":10},
{"Acceptance":[0.16269732069146675],"Energy":{"Mean":-380.37802419354836,"Sigma":0.4336726666140321,"Taucorr":2.6959681809511156},"EnergyVariance":{"Mean":29.15850899941467,"Sigma":1.6743057639139074,"Taucorr":0.2155847556674566},"Iteration":11},
{"Acceptance":[0.1405698846721537],"Energy":{"Mean":-381.9183467741935,"Sigma":0.32304349774471297,"Taucorr":1.7821850456105457},"EnergyVariance":{"Mean":22.65764726684443,"Sigma":0.8951222918362645,"Taucorr":-0.16314156405677677},"Iteration":12},
{"Acceptance":[0.13495359367573112],"Energy":{"Mean":-383.9697580645161,"Sigma":0.3370388497205484,"Taucorr":2.0425020562697283},"EnergyVariance":{"Mean":22.138198328563995,"Sigma":1.6942176335681944,"Taucorr":0.6981738455270725},"Iteration":13},
{"Acceptance":[0.11740424786731044],"Energy":{"Mean":-385.55544354838713,"Sigma":0.32285826847103855,"Taucorr":2.349802861795672},"EnergyVariance":{"Mean":18.123942141974506,"Sigma":1.675681161922449,"Taucorr":0.8286329030094621},"Iteration":14},
{"Acceptance":[0.11001175793660721],"Energy":{"Mean":-386.4788306451612,"Sigma":0.3160297531732392,"Taucorr":2.681689989474133},"EnergyVariance":{"Mean":15.55398734228668,"Sigma":1.4838122843618502,"Taucorr":1.1240141828138088},"Iteration":15},
{"Acceptance":[0.09403847597128061],"Energy":{"Mean":-388.0766129032258,"Sigma":0.17861943680386258,"Taucorr":1.0729317384965367},"EnergyVariance":{"Mean":10.050582075962538,"Sigma":0.7781475466025956,"Taucorr":0.262601748335371},"Iteration":16},
{"Acceptance":[0.08795937257648913],"Energy":{"Mean":-388.2036290322581,"Sigma":0.19925026944807492,"Taucorr":1.1550359337034843},"EnergyVariance":{"Mean":11.885954572060355,"Sigma":0.8779774003124989,"Taucorr":0.22953270173718243},"Iteration":17},
{"Acceptance":[0.07542591249093138],"Energy":{"Mean":-389.32358870967744,"Sigma":0.14838787290879293,"Taucorr":0.8618897161105883},"EnergyVariance":{"Mean":8.011217766324142,"Sigma":0.6294575913453276,"Taucorr":0.4863616992899559},"Iteration":18},
{"Acceptance":[0.07158582042878943],"Energy":{"Mean":-389.6864919354839,"Sigma":0.17368145181573472,"Taucorr":1.6237995910947607},"EnergyVariance":{"Mean":7.03780140316077,"Sigma":0.6257475857721029,"Taucorr":0.6757003733972291},"Iteration":19},
{"Acceptance":[0.06082855927751232],"Energy":{"Mean":-390.4929435483871,"Sigma":0.14493079258183103,"Taucorr":1.155670836200684},"EnergyVariance":{"Mean":6.286240529071278,"Sigma":1.209537204462242,"Taucorr":1.4855705178833296},"Iteration":20},
{"Acceptance":[0.053823831085983036],"Energy":{"Mean":-390.9445564516129,"Sigma":0.09924223223962207,"Taucorr":0.5145009074857632},"EnergyVariance":{"Mean":4.8104340774583765,"Sigma":0.4027549236040642,"Taucorr":0.02588641629475741},"Iteration":21},
{"Acceptance":[0.05354864533560153],"Energy":{"Mean":-390.8598790322581,"Sigma":0.12450229349215779,"Taucorr":1.1275069653327767},"EnergyVariance":{"Mean":4.719277404721644,"Sigma":0.4690902647998017,"Taucorr":0.31710831222525393},"Iteration":22},
{"Acceptance":[0.0537112550971906],"Energy":{"Mean":-390.8316532258064,"Sigma":0.1625586472653057,"Taucorr":2.21005669735221},"EnergyVariance":{"Mean":4.831538395876691,"Sigma":0.6234886735896122,"Taucorr":1.373977129632713},"Iteration":23},
{"Acceptance":[0.04584344432491932],"Energy":{"Mean":-391.34979838709677,"Sigma":0.11789643852828956,"Taucorr":1.4714046046587044},"EnergyVariance":{"Mean":3.493568507739333,"Sigma":0.38962668109798504,"Taucorr":0.7525540510476123},"Iteration":24},
{"Acceptance":[0.037788006904660644],"Energy":{"Mean":-391.7227822580646,"Sigma":0.08235831572837682,"Taucorr":0.8385588458009592},"EnergyVariance":{"Mean":2.5108519364594173,"Sigma":0.287793377782878,"Taucorr":0.26046979188741615},"Iteration":25},
{"Acceptance":[0.03820078553023291],"Energy":{"Mean":-391.851814516129,"Sigma":0.06305146064297285,"Taucorr":0.48830583000529015},"EnergyVariance":{"Mean":1.9931620301118624,"Sigma":0.24215202464939384,"Taucorr":0.5142907142093505},"Iteration":26},
{"Acceptance":[0.03466089610487079],"Energy":{"Mean":-392.0957661290323,"Sigma":0.06965037682115101,"Taucorr":0.9904205545155365},"EnergyVariance":{"Mean":1.6128046549817905,"Sigma":0.1726146290685225,"Taucorr":0.01844826736603644},"Iteration":27},
{"Acceptance":[0.03310984914817502],"Energy":{"Mean":-392.00907258064524,"Sigma":0.12950706492205302,"Taucorr":2.227192766283201},"EnergyVariance":{"Mean":3.047296720538502,"Sigma":1.1207837195569164,"Taucorr":2.822876701713843},"Iteration":28},
{"Acceptance":[0.02908213043804568],"Energy":{"Mean":-392.19354838709677,"Sigma":0.07314316810362942,"Taucorr":0.8892783141324769},"EnergyVariance":{"Mean":1.908103537981269,"Sigma":0.38400720120784093,"Taucorr":0.5481013380549091},"Iteration":29},
{"Acceptance":[0.028756910914867536],"Energy":{"Mean":-392.20766129032256,"Sigma":0.07663633272190318,"Taucorr":1.213040763914512},"EnergyVariance":{"Mean":1.698812272372529,"Sigma":0.43029032211814056,"Taucorr":1.069037187507269},"Iteration":30},
{"Acceptance":[0.03213419057864058],"Energy":{"Mean":-392.1129032258066,"Sigma":0.08417348770195325,"Taucorr":1.4184233361763834},"EnergyVariance":{"Mean":1.8299947970863684,"Sigma":0.32355733532185565,"Taucorr":0.7177125940726508},"Iteration":31},
{"Acceptance":[0.026780576889400345],"Energy":{"Mean":-392.4122983870967,"Sigma":0.05372583530244476,"Taucorr":0.9501688573646632},"EnergyVariance":{"Mean":0.9862600399973985,"Sigma":0.1472953936195809,"Taucorr":0.6246348937793027},"Iteration":32},
{"Acceptance":[0.0247291922047382],"Energy":{"Mean":-392.52923387096774,"Sigma":0.03742531440075078,"Taucorr":0.21332990749894198},"EnergyVariance":{"Mean":0.9729357033688865,"Sigma":0.21221774773451937,"Taucorr":0.17354945228316465},"Iteration":33},
{"Acceptance":[0.024829259750331473],"Energy":{"Mean":-392.38104838709677,"Sigma":0.06805642565176089,"Taucorr":1.126210740869731},"EnergyVariance":{"Mean":1.4112537395941729,"Sigma":0.25989698849737286,"Taucorr":0.5289445829230564},"Iteration":34},
{"Acceptance":[0.023440822555224776],"Energy":{"Mean":-392.4929435483871,"Sigma":0.056289369388359,"Taucorr":0.9184867885272465},"EnergyVariance":{"Mean":1.106805045200312,"Sigma":0.23596303577069871,"Taucorr":0.4064388457623438},"Iteration":35},
{"Acceptance":[0.0202886948690366],"Energy":{"Mean":-392.61794354838713,"Sigma":0.039039567930547754,"Taucorr":0.5287605468073444},"EnergyVariance":{"Mean":0.7340731903616026,"Sigma":0.14143339677503158,"Taucorr":0.3301504179720295},"Iteration":36},
{"Acceptance":[0.019588222049883672],"Energy":{"Mean":-392.6068548387097,"Sigma":0.04261621803424272,"Taucorr":0.564418171940114},"EnergyVariance":{"Mean":0.8454368821540063,"Sigma":0.19342450291781085,"Taucorr":0.33124731882825753},"Iteration":37},
{"Acceptance":[0.01811222575238286],"Energy":{"Mean":-392.68951612903226,"Sigma":0.036916821892471245,"Taucorr":0.45375623847040913},"EnergyVariance":{"Mean":0.7080352497398543,"Sigma":0.20235667068346974,"Taucorr":0.250447380216296},"Iteration":38},
{"Acceptance":[0.0189002576739299],"Energy":{"Mean":-392.64314516129025,"Sigma":0.05063388084083887,"Taucorr":1.1720704863097389},"EnergyVariance":{"Mean":0.7597513982830387,"Sigma":0.15384170360004862,"Taucorr":0.37306319577584557},"Iteration":39},
{"Acceptance":[0.018212293297976134],"Energy":{"Mean":-392.71471774193543,"Sigma":0.033792471766798476,"Taucorr":0.49828399074665153},"EnergyVariance":{"Mean":0.5667995171045788,"Sigma":0.11100528566977164,"Taucorr":0.07154728350599748},"Iteration":40},
{"Acceptance":[0.017949615990793786],"Energy":{"Mean":-392.7096774193548,"Sigma":0.028845445107223894,"Taucorr":0.36946963722392145},"EnergyVariance":{"Mean":0.4741805411030176,"Sigma":0.10735578153736974,"Taucorr":0.19922194983842723},"Iteration":41},
{"Acceptance":[0.0163110099317039],"Energy":{"Mean":-392.7560483870968,"Sigma":0.03302802536620492,"Taucorr":0.4696699116442219},"EnergyVariance":{"Mean":0.5574230944328825,"Sigma":0.16026888920496132,"Taucorr":0.016379469416658354},"Iteration":42},
{"Acceptance":[0.01653616190928877],"Energy":{"Mean":-392.7651209677419,"Sigma":0.037170115089615624,"Taucorr":0.7431778381002059},"EnergyVariance":{"Mean":0.5506786143990635,"Sigma":0.18011176779026175,"Taucorr":0.1160811631361045},"Iteration":43},
{"Acceptance":[0.015085182498186276],"Energy":{"Mean":-392.79838709677415,"Sigma":0.037674290024612964,"Taucorr":1.1312824489614488},"EnergyVariance":{"Mean":0.4311264308012488,"Sigma":0.1797505352669429,"Taucorr":0.5647624585141615},"Iteration":44},
{"Acceptance":[0.013859355064668651],"Energy":{"Mean":-392.79939516129025,"Sigma":0.03616503162808673,"Taucorr":0.6417294603828956},"EnergyVariance":{"Mean":0.5676206019120706,"Sigma":0.17624494204614752,"Taucorr":0.17541577751728743},"Iteration":45},
{"Acceptance":[0.015310334475771145],"Energy":{"Mean":-392.73790322580646,"Sigma":0.04890169351551816,"Taucorr":0.8179804156495296},"EnergyVariance":{"Mean":0.8990472164412071,"Sigma":0.31678424123054555,"Taucorr":0.7708954245027544},"Iteration":46},
{"Acceptance":[0.014234608360643435],"Energy":{"Mean":-392.74697580645164,"Sigma":0.03482129754542922,"Taucorr":0.4037252279450668},"EnergyVariance":{"Mean":0.6648094026404786,"Sigma":0.13192395554113107,"Taucorr":0.2395957718716778},"Iteration":47},
{"Acceptance":[0.013033797813524128],"Energy":{"Mean":-392.8225806451612,"Sigma":0.03415241648886867,"Taucorr":0.8007146973799888},"EnergyVariance":{"Mean":0.4443288241415193,"Sigma":0.1408397482874626,"Taucorr":0.5008810655597875},"Iteration":48},
{"Acceptance":[0.013971931053461086],"Energy":{"Mean":-392.83366935483866,"Sigma":0.03632763911757546,"Taucorr":1.4925293104316115},"EnergyVariance":{"Mean":0.3281808906737773,"Sigma":0.08772083354402449,"Taucorr":0.39500566416879934},"Iteration":49} 
]}