{"Output": [
{"Acceptance":[0.6549001620049577],"Energy":{"Mean":-541.0877016129031,"Sigma":0.620559527095715,"Taucorr":0.2098639956251963},"EnergyVariance":{"Mean":268.80380036257793,"Sigma":11.371069786633456,"Taucorr":-0.004517717243687602},"Iteration":0},
{"Acceptance":[0.5422384010305857],"Energy":{"Mean":-556.5504032258062,"Sigma":1.0878012936775323,"Taucorr":1.4879056408315692},"EnergyVariance":{"Mean":294.94907241805413,"Sigma":15.284958780619014,"Taucorr":0.16815116744569714},"Iteration":1},
{"Acceptance":[0.4366911951281401],"Energy":{"Mean":-573.8256048387096,"Sigma":0.8873478001990174,"Taucorr":1.1003708936007013},"EnergyVariance":{"Mean":243.78712665029914,"Sigma":13.20007027980646,"Taucorr":0.13778625385083543},"Iteration":2},
{"Acceptance":[0.3536685339527258],"Energy":{"Mean":-589.4808467741937,"Sigma":0.5654746566577836,"Taucorr":0.34246131753485953},"EnergyVariance":{"Mean":188.07019767007023,"Sigma":9.218963540143541,"Taucorr":0.1277486437323242},"Iteration":3},
{"Acceptance":[0.2834306013702106],"Energy":{"Mean":-601.3518145161289,"Sigma":0.703267933115357,"Taucorr":1.0112729621635943},"EnergyVariance":{"Mean":162.15949267527319,"Sigma":9.361608289363906,"Taucorr":0.17296006336790004},"Iteration":4},
{"Acceptance":[0.24369059004938223],"Energy":{"Mean":-610.453629032258,"Sigma":0.6050770699678991,"Taucorr":1.396038072761988},"EnergyVariance":{"Mean":95.6793013462539,"Sigma":6.303529410044709,"Taucorr":0.44454016226544624},"Iteration":5},
{"Acceptance":[0.19990045478500185],"Energy":{"Mean":-617.7308467741934,"Sigma":0.3955016227005839,"Taucorr":0.5227964259549296},"EnergyVariance":{"Mean":75.779371057167,"Sigma":3.551697493476281,"Taucorr":-0.07024928096447602},"Iteration":6},
{"Acceptance":[0.17095426775710967],"Energy":{"Mean":-622.2852822580646,"Sigma":0.3590431846352953,"Taucorr":0.7384115359474088},"EnergyVariance":{"Mean":51.57889629129813,"Sigma":3.567787155825335,"Taucorr":0.31991983834187965},"Iteration":7},
{"Acceptance":[0.15402182187262117],"Energy":{"Mean":-625.2348790322582,"Sigma":0.35985860684182946,"Taucorr":0.9471113586427344},"EnergyVariance":{"Mean":44.34100119504423,"Sigma":2.2748463088278945,"Taucorr":-0.0073125314238048356},"Iteration":8},
{"Acceptance":[0.13620127652099234],"Energy":{"Mean":-627.7842741935485,"Sigma":0.2380871122752425,"Taucorr":0.34875993027978636},"EnergyVariance":{"Mean":33.09257527965661,"Sigma":2.007325224736031,"Taucorr":0.08809868235088913},"Iteration":9},
{"Acceptance":[0.11911268127964397],"Energy":{"Mean":-630.2227822580643,"Sigma":0.15224533325383782,"Taucorr":0.048808556395626757},"EnergyVariance":{"Mean":20.92718258162071,"Sigma":1.3514164114657574,"Taucorr":0.0897471418257555},"Iteration":10},
{"Acceptance":[0.10703062479261413],"Energy":{"Mean":-631.4939516129034,"Sigma":0.20474267629691875,"Taucorr":0.5953122641084054},"EnergyVariance":{"Mean":18.96367309443288,"Sigma":1.3008537795099893,"Taucorr":0.13568438877663436},"Iteration":11},
{"Acceptance":[0.09181582183358382],"Energy":{"Mean":-633.1381048387096,"Sigma":0.18530170899574858,"Taucorr":0.7281791473773489},"EnergyVariance":{"Mean":13.852902859976586,"Sigma":0.8062050298407952,"Taucorr":-0.05919433652507955},"Iteration":12},
{"Acceptance":[0.08523803017586322],"Energy":{"Mean":-633.8064516129033,"Sigma":0.14788367150669016,"Taucorr":0.42392222098991006},"EnergyVariance":{"Mean":11.728668054110301,"Sigma":0.7934067252430524,"Taucorr":0.10012050979234155},"Iteration":13},
{"Acceptance":[0.07508832197997385],"Energy":{"Mean":-634.4062500000001,"Sigma":0.18271791563376455,"Taucorr":1.054704250538056},"EnergyVariance":{"Mean":10.640404485887096,"Sigma":1.271075346511018,"Taucorr":0.706570755149067},"Iteration":14},
{"Acceptance":[0.0675931528507017],"Energy":{"Mean":-635.0131048387096,"Sigma":0.132263545241142,"Taucorr":0.4195715053027138},"EnergyVariance":{"Mean":9.426239553524972,"Sigma":0.8271533452061827,"Taucorr":0.4564518719364793},"Iteration":15},
{"Acceptance":[0.06207912868658872],"Energy":{"Mean":-635.5100806451613,"Sigma":0.16359347702177215,"Taucorr":0.9827594428343085},"EnergyVariance":{"Mean":8.943446767689904,"Sigma":0.9594139499745726,"Taucorr":0.14237664155802798},"Iteration":16},
{"Acceptance":[0.057999726738625496],"Energy":{"Mean":-635.9637096774193,"Sigma":0.13374246893518366,"Taucorr":0.9720540997064848},"EnergyVariance":{"Mean":6.0208604318418315,"Sigma":0.40127277195460176,"Taucorr":0.1156603458975467},"Iteration":17},
{"Acceptance":[0.05122674838483009],"Energy":{"Mean":-636.5735887096777,"Sigma":0.09424765302430331,"Taucorr":0.4494413400677304},"EnergyVariance":{"Mean":4.635713734066076,"Sigma":0.7759311455724761,"Taucorr":0.9325369456542323},"Iteration":18},
{"Acceptance":[0.04926512208927839],"Energy":{"Mean":-636.6935483870968,"Sigma":0.09561781100910005,"Taucorr":0.3640911153701989},"EnergyVariance":{"Mean":5.242780957336109,"Sigma":0.4645163049539995,"Taucorr":0.09467465947303466},"Iteration":19},
{"Acceptance":[0.04356567056389436],"Energy":{"Mean":-637.0252016129031,"Sigma":0.08185541805505042,"Taucorr":0.36433688802513997},"EnergyVariance":{"Mean":3.841098749674818,"Sigma":0.45940157357314637,"Taucorr":0.34929544420697634},"Iteration":20},
{"Acceptance":[0.03978880799484707],"Energy":{"Mean":-637.3407258064515,"Sigma":0.10322173736099813,"Taucorr":0.7992797624228585},"EnergyVariance":{"Mean":4.063341408688867,"Sigma":0.5739557310734483,"Taucorr":0.37750430104716237},"Iteration":21},
{"Acceptance":[0.03956434329436106],"Energy":{"Mean":-637.4324596774193,"Sigma":0.07904494357266025,"Taucorr":0.308739430958502},"EnergyVariance":{"Mean":3.828099595148284,"Sigma":0.3845917069004315,"Taucorr":0.23854535590094617},"Iteration":22},
{"Acceptance":[0.036558468174809206],"Energy":{"Mean":-637.6068548387099,"Sigma":0.0614968929783814,"Taucorr":0.23397707063982387},"EnergyVariance":{"Mean":2.5530981724765867,"Sigma":0.36311151247938606,"Taucorr":0.34143621761556797},"Iteration":23},
{"Acceptance":[0.03400152245622938],"Energy":{"Mean":-637.665322580645,"Sigma":0.07825853572046419,"Taucorr":0.47584196891188935},"EnergyVariance":{"Mean":3.1097652185223725,"Sigma":0.4132470714343322,"Taucorr":0.1224313952074585},"Iteration":24},
{"Acceptance":[0.033103663654285326],"Energy":{"Mean":-637.9314516129033,"Sigma":0.08086160470522893,"Taucorr":0.8132456255972604},"EnergyVariance":{"Mean":2.4670753121748175,"Sigma":0.30121922899189685,"Taucorr":0.15024716695374896},"Iteration":25},
{"Acceptance":[0.03143481740284582],"Energy":{"Mean":-637.7631048387096,"Sigma":0.07346340045361723,"Taucorr":0.3957991207677999},"EnergyVariance":{"Mean":2.985211327718522,"Sigma":0.5268637847626684,"Taucorr":0.633426147964878},"Iteration":26},
{"Acceptance":[0.030253937891593308],"Energy":{"Mean":-638.0997983870969,"Sigma":0.11618280658346619,"Taucorr":1.697650814405034},"EnergyVariance":{"Mean":3.0434677012877205,"Sigma":0.6558886382691904,"Taucorr":0.38043168312055353},"Iteration":27},
{"Acceptance":[0.0289266683582847],"Energy":{"Mean":-638.0060483870967,"Sigma":0.07431106284895561,"Taucorr":0.8176580128186801},"EnergyVariance":{"Mean":2.076576320239335,"Sigma":0.3003510639676785,"Taucorr":0.2947175926068246},"Iteration":28},
{"Acceptance":[0.024759432397087815],"Energy":{"Mean":-638.1754032258062,"Sigma":0.06281301689181076,"Taucorr":0.5789233918456438},"EnergyVariance":{"Mean":1.8119756438605619,"Sigma":0.27873095090930955,"Taucorr":0.3901535163199513},"Iteration":29},
{"Acceptance":[0.02359807155544278],"Energy":{"Mean":-638.2782258064517,"Sigma":0.07690724090492045,"Taucorr":1.258578884509476},"EnergyVariance":{"Mean":1.6665420135275753,"Sigma":0.3385714019165886,"Taucorr":1.061411188051582},"Iteration":30},
{"Acceptance":[0.022251283352526692],"Energy":{"Mean":-638.3689516129033,"Sigma":0.04546881304356462,"Taucorr":0.3783403385994458},"EnergyVariance":{"Mean":1.166294062174818,"Sigma":0.1736267501721445,"Taucorr":-0.026299570538994677},"Iteration":31},
{"Acceptance":[0.020631233775105888],"Energy":{"Mean":-638.3346774193549,"Sigma":0.05934923656504768,"Taucorr":0.6353974514244314},"EnergyVariance":{"Mean":1.537184573361082,"Sigma":0.373585830898551,"Taucorr":0.17950613831212792},"Iteration":32},
{"Acceptance":[0.02154861124665743],"Energy":{"Mean":-638.391129032258,"Sigma":0.05677530565413091,"Taucorr":0.847031135016548},"EnergyVariance":{"Mean":1.1857277575442244,"Sigma":0.27695259194904753,"Taucorr":0.3407143578452677},"Iteration":33},
{"Acceptance":[0.018318271426619563],"Energy":{"Mean":-638.4919354838709,"Sigma":0.050409273830684095,"Taucorr":0.40777484233585004},"EnergyVariance":{"Mean":1.387031737773153,"Sigma":0.3138382188503665,"Taucorr":0.3571099543082198},"Iteration":34},
{"Acceptance":[0.01800597271289989],"Energy":{"Mean":-638.5725806451612,"Sigma":0.04280338958022049,"Taucorr":0.30639213845566315},"EnergyVariance":{"Mean":1.125780437044745,"Sigma":0.38453352446807326,"Taucorr":0.36891946293533595},"Iteration":35},
{"Acceptance":[0.01753752464232038],"Energy":{"Mean":-638.5262096774193,"Sigma":0.048910697502819074,"Taucorr":0.4427263861727435},"EnergyVariance":{"Mean":1.2573775689386057,"Sigma":0.2590694666278834,"Taucorr":0.015566091201699828},"Iteration":36},
{"Acceptance":[0.016034587082544453],"Energy":{"Mean":-638.6461693548387,"Sigma":0.05590897025750431,"Taucorr":1.0569934345408485},"EnergyVariance":{"Mean":0.9947635519640996,"Sigma":0.28344802016275067,"Taucorr":0.373619243052978},"Iteration":37},
{"Acceptance":[0.016532313157535183],"Energy":{"Mean":-638.6854838709678,"Sigma":0.029519828709317176,"Taucorr":0.33354474000838064},"EnergyVariance":{"Mean":0.5180150884495317,"Sigma":0.11403183377987107,"Taucorr":0.4511831999191417},"Iteration":38},
{"Acceptance":[0.016024827747740715],"Energy":{"Mean":-638.6239919354838,"Sigma":0.058981681687741795,"Taucorr":0.7927429968899662},"EnergyVariance":{"Mean":1.3334163225156086,"Sigma":0.5842943642702836,"Taucorr":1.1224676525651787},"Iteration":39},
{"Acceptance":[0.016483516483516484],"Energy":{"Mean":-638.6008064516128,"Sigma":0.05318149426206341,"Taucorr":1.1129086435000635},"EnergyVariance":{"Mean":0.8688703173777317,"Sigma":0.20837217942776154,"Taucorr":0.7264612946897993},"Iteration":40},
{"Acceptance":[0.014990338258544298],"Energy":{"Mean":-638.5846774193549,"Sigma":0.06895731127808576,"Taucorr":0.8550499253496624},"EnergyVariance":{"Mean":1.7387974765868885,"Sigma":0.5878818276962617,"Taucorr":0.7868011071159666},"Iteration":41},
{"Acceptance":[0.014268147483067555],"Energy":{"Mean":-638.7439516129033,"Sigma":0.03163138757659734,"Taucorr":0.5268079186416514},"EnergyVariance":{"Mean":0.4828263202393341,"Sigma":0.12200386582573199,"Taucorr":0.15721146195302804},"Iteration":42},
{"Acceptance":[0.014785392227665763],"Energy":{"Mean":-638.748991935484,"Sigma":0.03322027631710806,"Taucorr":0.1759542708702201},"EnergyVariance":{"Mean":0.8089707579994799,"Sigma":0.20806204404593862,"Taucorr":0.11108506299247767},"Iteration":43},
{"Acceptance":[0.013858255421310483],"Energy":{"Mean":-638.7560483870966,"Sigma":0.038626106866134796,"Taucorr":0.8969727170083939},"EnergyVariance":{"Mean":0.5291972879812694,"Sigma":0.1829852216587117,"Taucorr":0.8196079666264142},"Iteration":44},
{"Acceptance":[0.013331251341908535],"Energy":{"Mean":-638.7741935483872,"Sigma":0.031105501859381175,"Taucorr":0.4677819077935744},"EnergyVariance":{"Mean":0.4953824141519249,"Sigma":0.11529082266432454,"Taucorr":0.14499309692980533},"Iteration":45},
{"Acceptance":[0.013809458747291784],"Energy":{"Mean":-638.7923387096773,"Sigma":0.030313535312962565,"Taucorr":0.3164493424392598},"EnergyVariance":{"Mean":0.5576832401144641,"Sigma":0.1677034497658202,"Taucorr":-0.00033326277585121744},"Iteration":46},
{"Acceptance":[0.012482189213983174],"Energy":{"Mean":-638.8064516129032,"Sigma":0.04112771450556304,"Taucorr":0.7893575954645284},"EnergyVariance":{"Mean":0.6500390218522373,"Sigma":0.2685616186026379,"Taucorr":0.9869074471517085},"Iteration":47},
{"Acceptance":[0.013184861319852439],"Energy":{"Mean":-638.8639112903224,"Sigma":0.023302067805897112,"Taucorr":0.6473138129226039},"EnergyVariance":{"Mean":0.23450405664672214,"Sigma":0.055719346990104696,"Taucorr":0.1745215735086425},"Iteration":48},
{"Acceptance":[0.013009193293385122],"Energy":{"Mean":-638.8629032258065,"Sigma":0.03769765950176783,"Taucorr":0.7312020861761879},"EnergyVariance":{"Mean":0.5719302809573361,"Sigma":0.2476695358950306,"Taucorr":0.4884700107886071},"Iteration":49} 
]}