{"Output": [
{"Acceptance":[0.8827439886845827],"Energy":{"Mean":-623.1209677419356,"Sigma":1.8214622127396558,"Taucorr":0.20591883053983584},"EnergyVariance":{"Mean":289.04181841831434,"Sigma":36.98161931684865,"Taucorr":0.00041635817203922176},"Iteration":0},
{"Acceptance":[0.8739745403111739],"Energy":{"Mean":-624.4193548387095,"Sigma":1.8045412806132792,"Taucorr":0.0697462832267125},"EnergyVariance":{"Mean":351.50156087408953,"Sigma":53.133470977052625,"Taucorr":0.0473944859825578},"Iteration":1},
{"Acceptance":[0.857991513437058],"Energy":{"Mean":-624.8225806451615,"Sigma":1.2830676419066702,"Taucorr":-0.10250886777441065},"EnergyVariance":{"Mean":254.71045785639967,"Sigma":32.79021677642209,"Taucorr":0.16723814691619165},"Iteration":2},
{"Acceptance":[0.8494342291371995],"Energy":{"Mean":-626.0725806451612,"Sigma":1.3688741129661275,"Taucorr":-0.009422093266314435},"EnergyVariance":{"Mean":234.9060223725286,"Sigma":26.390901419821567,"Taucorr":-0.15896852587209004},"Iteration":3},
{"Acceptance":[0.8337340876944838],"Energy":{"Mean":-629.6129032258063,"Sigma":1.833779468310594,"Taucorr":0.12777660202853336},"EnergyVariance":{"Mean":329.43080124869925,"Sigma":49.38304880138542,"Taucorr":0.0575345491411241},"Iteration":4},
{"Acceptance":[0.7989391796322489],"Energy":{"Mean":-628.7016129032259,"Sigma":1.8271187198730625,"Taucorr":0.11419492411662302},"EnergyVariance":{"Mean":334.27386836628517,"Sigma":39.130631291666404,"Taucorr":-0.006369401474086378},"Iteration":5},
{"Acceptance":[0.7384724186704384],"Energy":{"Mean":-637.1451612903226,"Sigma":1.5892267593648302,"Taucorr":0.08469133348283431},"EnergyVariance":{"Mean":265.6563475546306,"Sigma":39.9447167963471,"Taucorr":0.027902155502073755},"Iteration":6},
{"Acceptance":[0.6624469589816124],"Energy":{"Mean":-638.9677419354838,"Sigma":2.036486469846071,"Taucorr":0.13731144395288086},"EnergyVariance":{"Mean":400.20863683662856,"Sigma":52.017852271852874,"Taucorr":-0.04512723347144387},"Iteration":7},
{"Acceptance":[0.5095473833097596],"Energy":{"Mean":-658.3064516129034,"Sigma":2.2860525468512276,"Taucorr":0.4765598112749706},"EnergyVariance":{"Mean":329.11576482830384,"Sigma":50.51215842931774,"Taucorr":0.07417389806766805},"Iteration":8},
{"Acceptance":[0.4443422913719943],"Energy":{"Mean":-675.0483870967743,"Sigma":1.8619859958572826,"Taucorr":0.4410433173702315},"EnergyVariance":{"Mean":226.57830385015606,"Sigma":34.85010264659454,"Taucorr":0.05046067644885244},"Iteration":9},
{"Acceptance":[0.36966053748231964],"Energy":{"Mean":-686.5,"Sigma":1.3066722898715961,"Taucorr":0.13760712012144383},"EnergyVariance":{"Mean":164.68548387096774,"Sigma":20.82300916577626,"Taucorr":0.04733805503985078},"Iteration":10},
{"Acceptance":[0.33338048090523337],"Energy":{"Mean":-694.6209677419356,"Sigma":1.3655157247681067,"Taucorr":0.32198625797690394},"EnergyVariance":{"Mean":139.50956035379815,"Sigma":22.39444804073137,"Taucorr":0.0819500210963684},"Iteration":11},
{"Acceptance":[0.3152050919377652],"Energy":{"Mean":-698.4354838709677,"Sigma":1.2617175389561672,"Taucorr":0.2648498517418051},"EnergyVariance":{"Mean":128.00390218522372,"Sigma":14.242729743172665,"Taucorr":-0.09982988181872232},"Iteration":12},
{"Acceptance":[0.2756011315417256],"Energy":{"Mean":-704.5080645161289,"Sigma":0.9187037875853237,"Taucorr":0.009255089377150583},"EnergyVariance":{"Mean":101.92735431841828,"Sigma":14.1844802404102,"Taucorr":-0.038402363525829486},"Iteration":13},
{"Acceptance":[0.2548090523338048],"Energy":{"Mean":-707.467741935484,"Sigma":1.1718438471405501,"Taucorr":0.2868556626067992},"EnergyVariance":{"Mean":107.32960457856402,"Sigma":18.77581387230664,"Taucorr":0.23930135467720748},"Iteration":14},
{"Acceptance":[0.2364214992927864],"Energy":{"Mean":-712.4354838709679,"Sigma":1.166971988193326,"Taucorr":0.3829144464220563},"EnergyVariance":{"Mean":94.85874089490112,"Sigma":12.247365140674072,"Taucorr":0.11937044433062438},"Iteration":15},
{"Acceptance":[0.21704384724186704],"Energy":{"Mean":-716.8387096774192,"Sigma":0.9440353490209912,"Taucorr":0.2645949766287339},"EnergyVariance":{"Mean":71.68366285119667,"Sigma":11.681068536575294,"Taucorr":0.20714724495955594},"Iteration":16},
{"Acceptance":[0.18995756718528994],"Energy":{"Mean":-720.4112903225806,"Sigma":0.5583612238777105,"Taucorr":-0.07994223779391912},"EnergyVariance":{"Mean":45.645356399583775,"Sigma":4.688391844133805,"Taucorr":-0.023162088062994857},"Iteration":17},
{"Acceptance":[0.1647100424328147],"Energy":{"Mean":-722.3870967741934,"Sigma":0.924635841546703,"Taucorr":0.4333526516061159},"EnergyVariance":{"Mean":56.334027055150884,"Sigma":11.840564181242437,"Taucorr":0.17528271505654103},"Iteration":18},
{"Acceptance":[0.14745403111739747],"Energy":{"Mean":-725.0806451612904,"Sigma":0.7859131987809059,"Taucorr":0.24586340673541984},"EnergyVariance":{"Mean":50.92898022892819,"Sigma":8.025186909418762,"Taucorr":0.11923584289574829},"Iteration":19},
{"Acceptance":[0.13394625176803396],"Energy":{"Mean":-728.9112903225807,"Sigma":0.6430509841048155,"Taucorr":0.25585901482803475},"EnergyVariance":{"Mean":33.64535639958377,"Sigma":3.7477057940015275,"Taucorr":-0.10528525442963443},"Iteration":20},
{"Acceptance":[0.1193069306930693],"Energy":{"Mean":-730.1048387096774,"Sigma":0.6059488020829376,"Taucorr":0.13155113674602192},"EnergyVariance":{"Mean":35.75513787721124,"Sigma":6.206916225747202,"Taucorr":-0.06317710420322808},"Iteration":21},
{"Acceptance":[0.10657708628005658],"Energy":{"Mean":-732.2499999999999,"Sigma":0.5881902259775178,"Taucorr":0.1857755539671183},"EnergyVariance":{"Mean":31.026209677419367,"Sigma":4.053755864771411,"Taucorr":0.10973306250399117},"Iteration":22},
{"Acceptance":[0.09413012729844412],"Energy":{"Mean":-733.5241935483872,"Sigma":0.4733992323186661,"Taucorr":0.11411544469011703},"EnergyVariance":{"Mean":22.44296305931321,"Sigma":2.8663091216929217,"Taucorr":0.033395454320259366},"Iteration":23},
{"Acceptance":[0.08585572842998586],"Energy":{"Mean":-735.2903225806452,"Sigma":0.33180363537093466,"Taucorr":0.01904116145500534},"EnergyVariance":{"Mean":13.044745057232051,"Sigma":1.4394402016466887,"Taucorr":-0.0708667158949417},"Iteration":24},
{"Acceptance":[0.08132956152758133],"Energy":{"Mean":-736.6854838709676,"Sigma":0.5073343447441017,"Taucorr":0.34360397206385795},"EnergyVariance":{"Mean":18.763982830385018,"Sigma":3.4869092020239774,"Taucorr":0.1326419850879137},"Iteration":25},
{"Acceptance":[0.07425742574257425],"Energy":{"Mean":-737.4354838709676,"Sigma":0.3518323277063783,"Taucorr":0.025466412885395084},"EnergyVariance":{"Mean":14.48777315296566,"Sigma":1.9136745098827108,"Taucorr":0.12888128452620273},"Iteration":26},
{"Acceptance":[0.07050919377652051],"Energy":{"Mean":-737.8064516129033,"Sigma":0.36250874617171547,"Taucorr":0.10760267944455537},"EnergyVariance":{"Mean":13.301248699271591,"Sigma":2.4877786716134707,"Taucorr":0.06771214837293527},"Iteration":27},
{"Acceptance":[0.06272984441301273],"Energy":{"Mean":-737.9838709677417,"Sigma":0.290516661532204,"Taucorr":0.15948273012724568},"EnergyVariance":{"Mean":7.8707075962539035,"Sigma":0.8132754943310955,"Taucorr":-0.07804855650109299},"Iteration":28},
{"Acceptance":[0.06746817538896747],"Energy":{"Mean":-738.3951612903226,"Sigma":0.3114685544692616,"Taucorr":0.01748695529545019},"EnergyVariance":{"Mean":11.529331425598336,"Sigma":2.082196884703929,"Taucorr":0.0028284032924187352},"Iteration":29},
{"Acceptance":[0.064992927864215],"Energy":{"Mean":-739.1854838709678,"Sigma":0.31323145405359676,"Taucorr":0.10695739210644162},"EnergyVariance":{"Mean":9.941402185223724,"Sigma":1.7930293398332628,"Taucorr":0.1562725552367028},"Iteration":30},
{"Acceptance":[0.05551626591230552],"Energy":{"Mean":-739.6612903225807,"Sigma":0.2320283362077372,"Taucorr":0.02516711367856994},"EnergyVariance":{"Mean":6.304630593132155,"Sigma":1.0500578244576972,"Taucorr":0.17306748498450397},"Iteration":31},
{"Acceptance":[0.05332390381895332],"Energy":{"Mean":-739.4677419354838,"Sigma":0.33233896081691056,"Taucorr":0.35349099467198286},"EnergyVariance":{"Mean":7.958636836628514,"Sigma":1.632293048754458,"Taucorr":-0.014317200721233714},"Iteration":32},
{"Acceptance":[0.05021216407355021],"Energy":{"Mean":-740.25,"Sigma":0.20313404653138528,"Taucorr":-0.08879451159751733},"EnergyVariance":{"Mean":6.171370967741935,"Sigma":0.8331735452078817,"Taucorr":-0.09833908276225295},"Iteration":33},
{"Acceptance":[0.048444130127298445],"Energy":{"Mean":-740.6290322580646,"Sigma":0.21341783684498544,"Taucorr":0.17192667706707399},"EnergyVariance":{"Mean":4.1688345473465125,"Sigma":0.7581405027133481,"Taucorr":0.17117936824570845},"Iteration":34},
{"Acceptance":[0.04391796322489392],"Energy":{"Mean":-741.0161290322582,"Sigma":0.22716564815809276,"Taucorr":0.21816977688820283},"EnergyVariance":{"Mean":4.419094693028096,"Sigma":0.9150383004478816,"Taucorr":-0.07097495191022507},"Iteration":35},
{"Acceptance":[0.04377652050919378],"Energy":{"Mean":-740.7661290322582,"Sigma":0.2428923729172355,"Taucorr":0.11782190278961169},"EnergyVariance":{"Mean":5.872723725286161,"Sigma":1.3419419346285462,"Taucorr":0.09517904653197073},"Iteration":36},
{"Acceptance":[0.040806223479490804],"Energy":{"Mean":-741.4112903225805,"Sigma":0.18240787448544143,"Taucorr":0.22079448351697173},"EnergyVariance":{"Mean":2.8389047866805415,"Sigma":0.46709715787078093,"Taucorr":0.14017853053276397},"Iteration":37},
{"Acceptance":[0.03875530410183876],"Energy":{"Mean":-741.4677419354839,"Sigma":0.18970192219760695,"Taucorr":0.0018285849112288366},"EnergyVariance":{"Mean":4.410249739854318,"Sigma":0.8793693460333631,"Taucorr":-0.007914029364791852},"Iteration":38},
{"Acceptance":[0.03910891089108911],"Energy":{"Mean":-741.4677419354838,"Sigma":0.3473675843257485,"Taucorr":0.39090071520035186},"EnergyVariance":{"Mean":8.329604578563996,"Sigma":3.6194200168995287,"Taucorr":0.43294771446165947},"Iteration":39},
{"Acceptance":[0.03408769448373409],"Energy":{"Mean":-741.9032258064518,"Sigma":0.24557301307756346,"Taucorr":0.42192996637350033},"EnergyVariance":{"Mean":4.022892819979187,"Sigma":1.1082287193208045,"Taucorr":0.13009332717347133},"Iteration":40},
{"Acceptance":[0.03132956152758133],"Energy":{"Mean":-742.201612903226,"Sigma":0.17290192183748473,"Taucorr":0.4913904962300586},"EnergyVariance":{"Mean":1.8545135275754423,"Sigma":0.2799329495609368,"Taucorr":0.23051532172456712},"Iteration":41},
{"Acceptance":[0.03182461103253183],"Energy":{"Mean":-741.9516129032259,"Sigma":0.1899417549514049,"Taucorr":0.13730292161696755},"EnergyVariance":{"Mean":3.4815296566077008,"Sigma":0.7158328086287092,"Taucorr":0.07599698795650223},"Iteration":42},
{"Acceptance":[0.03125884016973126],"Energy":{"Mean":-742.1048387096774,"Sigma":0.23353702520927874,"Taucorr":0.35292638960093003},"EnergyVariance":{"Mean":3.9325572320499473,"Sigma":1.4651806943813226,"Taucorr":-0.0019526862575198756},"Iteration":43},
{"Acceptance":[0.027086280056577088],"Energy":{"Mean":-742.7661290322578,"Sigma":0.17271374628180472,"Taucorr":0.4091436490797563},"EnergyVariance":{"Mean":2.017885015608741,"Sigma":0.5870790658532137,"Taucorr":0.09892553384465519},"Iteration":44},
{"Acceptance":[0.02545968882602546],"Energy":{"Mean":-742.3064516129033,"Sigma":0.19834993969716544,"Taucorr":0.1971628813432127},"EnergyVariance":{"Mean":3.4706035379812694,"Sigma":0.9859421483089177,"Taucorr":0.15382436017403023},"Iteration":45},
{"Acceptance":[0.022984441301272984],"Energy":{"Mean":-742.5645161290324,"Sigma":0.17733380146454422,"Taucorr":0.196163030246282},"EnergyVariance":{"Mean":2.7780957336108227,"Sigma":0.6226199447750528,"Taucorr":0.005007291011458137},"Iteration":46},
{"Acceptance":[0.023833097595473834],"Energy":{"Mean":-742.8870967741934,"Sigma":0.11641988666205276,"Taucorr":0.12107966660203584},"EnergyVariance":{"Mean":1.3420915712799169,"Sigma":0.2519477282892665,"Taucorr":0.2366021221604948},"Iteration":47},
{"Acceptance":[0.02369165487977369],"Energy":{"Mean":-742.6129032258065,"Sigma":0.18973620258017973,"Taucorr":0.3136304971319499},"EnergyVariance":{"Mean":2.7211238293444335,"Sigma":1.0819784652768356,"Taucorr":0.04478485330662252},"Iteration":48},
{"Acceptance":[0.021711456859971712],"Energy":{"Mean":-742.7177419354837,"Sigma":0.1828470832269437,"Taucorr":0.23029267053190405},"EnergyVariance":{"Mean":2.81549167533819,"Sigma":1.3457902766805114,"Taucorr":0.15297909042176694},"Iteration":49} 
]}