{"Output": [
{"Acceptance":[0.738873079112123],"Energy":{"Mean":-3914.2661290322576,"Sigma":5.151116064002198,"Taucorr":0.11981377512977576},"EnergyVariance":{"Mean":2632.792078563996,"Sigma":293.41080997295063,"Taucorr":-0.13443702347536912},"Iteration":0},
{"Acceptance":[0.3919749573136027],"Energy":{"Mean":-4007.129032258065,"Sigma":3.795740237065382,"Taucorr":0.2305465489831715},"EnergyVariance":{"Mean":1212.8865764828304,"Sigma":122.84121472154202,"Taucorr":-0.06444516879623235},"Iteration":1},
{"Acceptance":[0.2147410358565737],"Energy":{"Mean":-4102.854838709677,"Sigma":3.6616432021693592,"Taucorr":0.3855939607450676},"EnergyVariance":{"Mean":931.0918314255981,"Sigma":132.46531115998755,"Taucorr":0.0166762164290023},"Iteration":2},
{"Acceptance":[0.11878201479795106],"Energy":{"Mean":-4175.983870967742,"Sigma":2.043838612687857,"Taucorr":0.2761410658750665},"EnergyVariance":{"Mean":330.9997398543184,"Sigma":47.990232683292064,"Taucorr":0.1181574372736226},"Iteration":3},
{"Acceptance":[0.0912919749573136],"Energy":{"Mean":-4205.443548387097,"Sigma":1.538908882305968,"Taucorr":0.21410717673750057},"EnergyVariance":{"Mean":203.95649063475543,"Sigma":28.659464075490536,"Taucorr":0.11746617241908675},"Iteration":4},
{"Acceptance":[0.05039840637450199],"Energy":{"Mean":-4228.0887096774195,"Sigma":0.8912318093799305,"Taucorr":0.13215109609642384},"EnergyVariance":{"Mean":77.27438865764829,"Sigma":10.789790434403304,"Taucorr":0.042025485526616335},"Iteration":5},
{"Acceptance":[0.03138873079112123],"Energy":{"Mean":-4242.491935483871,"Sigma":0.7054400623594171,"Taucorr":0.07301080911923497},"EnergyVariance":{"Mean":53.41122528616025,"Sigma":6.923602657988442,"Taucorr":-0.0949828891305185},"Iteration":6},
{"Acceptance":[0.024672737620944792],"Energy":{"Mean":-4246.991935483872,"Sigma":0.5937039592752522,"Taucorr":0.19369072568310053},"EnergyVariance":{"Mean":31.24993496357961,"Sigma":5.453272139282823,"Taucorr":0.1905774945237394},"Iteration":7},
{"Acceptance":[0.01920887877063176],"Energy":{"Mean":-4250.975806451614,"Sigma":0.407317945134643,"Taucorr":0.17122675212098348},"EnergyVariance":{"Mean":15.201027575442247,"Sigma":2.3607303298666333,"Taucorr":-0.039088000661538114},"Iteration":8},
{"Acceptance":[0.01920887877063176],"Energy":{"Mean":-4255.798387096774,"Sigma":0.44015810863437155,"Taucorr":0.153752743233335},"EnergyVariance":{"Mean":18.225481269510926,"Sigma":2.638620765627443,"Taucorr":-0.011888160629856592},"Iteration":9},
{"Acceptance":[0.014968696642003414],"Energy":{"Mean":-4259.104838709677,"Sigma":0.570061092928183,"Taucorr":0.302626238354301},"EnergyVariance":{"Mean":24.90029916753382,"Sigma":2.6677777789264177,"Taucorr":0.023907010425948894},"Iteration":10},
{"Acceptance":[0.014257256687535571],"Energy":{"Mean":-4263.282258064516,"Sigma":0.41425245787485065,"Taucorr":0.22900963633503724},"EnergyVariance":{"Mean":14.476781997918833,"Sigma":3.719381756014225,"Taucorr":0.27191827896602216},"Iteration":11},
{"Acceptance":[0.012720546385885032],"Energy":{"Mean":-4265.491935483871,"Sigma":0.3037586829963414,"Taucorr":0.32685386124356375},"EnergyVariance":{"Mean":6.862838189386056,"Sigma":1.5286456596452354,"Taucorr":0.27066562601169275},"Iteration":12},
{"Acceptance":[0.01064314171883893],"Energy":{"Mean":-4266.75,"Sigma":0.29512162610277415,"Taucorr":0.3107415318888961},"EnergyVariance":{"Mean":6.606854838709679,"Sigma":1.3998553639176456,"Taucorr":0.0114260328846999},"Iteration":13},
{"Acceptance":[0.006772908366533864],"Energy":{"Mean":-4267.814516129032,"Sigma":0.1597914223206175,"Taucorr":0.11476511775943188},"EnergyVariance":{"Mean":2.5543054110301764,"Sigma":0.439279465422233,"Taucorr":0.04422712270217366},"Iteration":14},
{"Acceptance":[0.0036710301650540694],"Energy":{"Mean":-4269.008064516129,"Sigma":0.25754315615179285,"Taucorr":0.40488061747110493},"EnergyVariance":{"Mean":4.507999479708636,"Sigma":1.3308251684007335,"Taucorr":0.1081913445377568},"Iteration":15},
{"Acceptance":[0.0031587933978372224],"Energy":{"Mean":-4269.49193548387,"Sigma":0.31929102218899946,"Taucorr":0.6656002514901427},"EnergyVariance":{"Mean":5.378967221644121,"Sigma":2.06016255398225,"Taucorr":0.4694755379895025},"Iteration":16},
{"Acceptance":[0.00466704610130905],"Energy":{"Mean":-4270.580645161291,"Sigma":0.25251080482955507,"Taucorr":0.22122727272725795},"EnergyVariance":{"Mean":5.437044745057233,"Sigma":1.1019235536986662,"Taucorr":0.13384493363355932},"Iteration":17},
{"Acceptance":[0.005350028457598179],"Energy":{"Mean":-4272.459677419353,"Sigma":0.429443371627286,"Taucorr":0.33674473056678045},"EnergyVariance":{"Mean":13.554825702393343,"Sigma":2.060685032155704,"Taucorr":0.22126532977422964},"Iteration":18},
{"Acceptance":[0.0042401821286283435],"Energy":{"Mean":-4274.572580645161,"Sigma":0.4202843297030902,"Taucorr":0.20884346235621476},"EnergyVariance":{"Mean":15.325377211238294,"Sigma":1.19732497842369,"Taucorr":0.13500170342016127},"Iteration":19},
{"Acceptance":[0.003955606146841206],"Energy":{"Mean":-4277.120967741936,"Sigma":0.3727749342139603,"Taucorr":0.05975378586187097},"EnergyVariance":{"Mean":15.267624869927158,"Sigma":1.0993949784972932,"Taucorr":-0.026842578318746202},"Iteration":20},
{"Acceptance":[0.0019351166761525328],"Energy":{"Mean":-4279.3387096774195,"Sigma":0.28481940776549614,"Taucorr":0.14998305371970178},"EnergyVariance":{"Mean":7.6755983350676384,"Sigma":3.5823183515643664,"Taucorr":0.20636283319743964},"Iteration":21},
{"Acceptance":[0.000910643141718839],"Energy":{"Mean":-4279.758064516127,"Sigma":0.16167963767154855,"Taucorr":0.2050456360525491},"EnergyVariance":{"Mean":2.2801768990634756,"Sigma":1.1526264588538986,"Taucorr":0.20485572323582635},"Iteration":22},
{"Acceptance":[0.0003414911781445646],"Energy":{"Mean":-4280.0564516129025,"Sigma":0.042926665114704575,"Taucorr":0.07112422156663545},"EnergyVariance":{"Mean":0.19842611862643084,"Sigma":0.12904360834382633,"Taucorr":-0.00934565360757017},"Iteration":23},
{"Acceptance":[0.0001707455890722823],"Energy":{"Mean":-4280.016129032257,"Sigma":0.041697005950527354,"Taucorr":0.010590062111973997},"EnergyVariance":{"Mean":0.20941727367325697,"Sigma":0.14523735601180715,"Taucorr":-0.012762116182112426},"Iteration":24},
{"Acceptance":[0.0007968127490039841],"Energy":{"Mean":-4280.137096774193,"Sigma":0.06940483319352123,"Taucorr":0.4032520325203345},"EnergyVariance":{"Mean":0.3279786680541103,"Sigma":0.24078096213623054,"Taucorr":0.4869656931079773},"Iteration":25},
{"Acceptance":[0.0006829823562891292],"Energy":{"Mean":-4280.209677419354,"Sigma":0.0977548875339044,"Taucorr":0.56310588235291},"EnergyVariance":{"Mean":0.5528095733610822,"Sigma":0.3230267802116415,"Taucorr":0.5049691336828472},"Iteration":26},
{"Acceptance":[0.00039840637450199205],"Energy":{"Mean":-4280.201612903226,"Sigma":0.13491303194283094,"Taucorr":1.1935747318705763},"EnergyVariance":{"Mean":0.6609651404786681,"Sigma":0.47351403914764406,"Taucorr":1.2248145865323607},"Iteration":27},
{"Acceptance":[0.000910643141718839],"Energy":{"Mean":-4280.1612903225805,"Sigma":0.056259272947449306,"Taucorr":-0.04263447432778983},"EnergyVariance":{"Mean":0.42559833506763783,"Sigma":0.1966513460790164,"Taucorr":-0.03410345021782446},"Iteration":28},
{"Acceptance":[0.002105862265224815],"Energy":{"Mean":-4280.33870967742,"Sigma":0.09737715385887913,"Taucorr":0.21051505546768567},"EnergyVariance":{"Mean":0.8207596253902188,"Sigma":0.32021305069704675,"Taucorr":0.27977897183607625},"Iteration":29},
{"Acceptance":[0.0007968127490039841],"Energy":{"Mean":-4280.06451612903,"Sigma":0.2884347221987285,"Taucorr":0.5654225352114972},"EnergyVariance":{"Mean":4.80228928199792,"Sigma":3.662672453009464,"Taucorr":0.5000011354324372},"Iteration":30},
{"Acceptance":[0.0014513375071143995],"Energy":{"Mean":-4280.5161290322585,"Sigma":0.12854410348904075,"Taucorr":0.09728975535182893},"EnergyVariance":{"Mean":1.7013527575442247,"Sigma":0.3862422162560033,"Taucorr":0.11215360470342361},"Iteration":31},
{"Acceptance":[0.0021343198634035288],"Energy":{"Mean":-4281.201612903226,"Sigma":0.20849542774913035,"Taucorr":0.2969638806490116},"EnergyVariance":{"Mean":3.3545135275754427,"Sigma":0.3274801938423392,"Taucorr":0.21183577555413935},"Iteration":32},
{"Acceptance":[0.004040978941377347],"Energy":{"Mean":-4282.201612903226,"Sigma":0.18780686531945873,"Taucorr":0.033732857531534766},"EnergyVariance":{"Mean":4.064190946930282,"Sigma":0.11139987180478235,"Taucorr":-0.11394521314092976},"Iteration":33},
{"Acceptance":[0.002731929425156517],"Energy":{"Mean":-4282.74193548387,"Sigma":0.1871129952182436,"Taucorr":0.10716512617381446},"EnergyVariance":{"Mean":3.5463059313215397,"Sigma":0.2594161379897717,"Taucorr":0.04884378570976766},"Iteration":34},
{"Acceptance":[0.0008252703471826978],"Energy":{"Mean":-4283.846774193549,"Sigma":0.10855689464814258,"Taucorr":0.10686162391759368},"EnergyVariance":{"Mean":1.194263787721124,"Sigma":0.6744493395629828,"Taucorr":0.007511291393630493},"Iteration":35},
{"Acceptance":[0.0003130335799658509],"Energy":{"Mean":-4284.032258064516,"Sigma":0.03010272619176248,"Taucorr":0.377971311475395},"EnergyVariance":{"Mean":0.06347554630593132,"Sigma":0.027619010862965372,"Taucorr":0.3270331052189419},"Iteration":36},
{"Acceptance":[0.000597609561752988],"Energy":{"Mean":-4283.991935483871,"Sigma":0.044122067613636254,"Taucorr":0.1457032620132106},"EnergyVariance":{"Mean":0.18541883454734653,"Sigma":0.07991572730158447,"Taucorr":-0.021320674110270776},"Iteration":37},
{"Acceptance":[0.0005406943653955606],"Energy":{"Mean":-4284.145161290323,"Sigma":0.0683662983183259,"Taucorr":0.1435352358764871},"EnergyVariance":{"Mean":0.4466701352757545,"Sigma":0.2867156342285084,"Taucorr":0.004289940173316187},"Iteration":38},
{"Acceptance":[0.0007968127490039841],"Energy":{"Mean":-4284.032258064516,"Sigma":0.027780668134981784,"Taucorr":0.09624183006557718},"EnergyVariance":{"Mean":0.07960457856399585,"Sigma":0.028951615903078782,"Taucorr":0.22967912389402678},"Iteration":39},
{"Acceptance":[0.0010529311326124076],"Energy":{"Mean":-4284.088709677419,"Sigma":0.05744139965850264,"Taucorr":0.4668732568948145},"EnergyVariance":{"Mean":0.209872528616025,"Sigma":0.08329381710216403,"Taucorr":0.03225907104448589},"Iteration":40},
{"Acceptance":[0.0008537279453614115],"Energy":{"Mean":-4284.096774193548,"Sigma":0.06525118891808114,"Taucorr":-0.028327085285603404},"EnergyVariance":{"Mean":0.5551508844953175,"Sigma":0.3370245287460733,"Taucorr":0.07863567720695164},"Iteration":41},
{"Acceptance":[0.0021627774615822423],"Energy":{"Mean":-4284.1290322580635,"Sigma":0.06943606146650214,"Taucorr":0.15732410611300518},"EnergyVariance":{"Mean":0.45109261186264293,"Sigma":0.18586380049511925,"Taucorr":-0.03954519018418706},"Iteration":42},
{"Acceptance":[0.0022766078542970974],"Energy":{"Mean":-4284.217741935485,"Sigma":0.050190410936607796,"Taucorr":0.2647191011242147},"EnergyVariance":{"Mean":0.20258844953173777,"Sigma":0.031177078866555106,"Taucorr":0.2143250080521516},"Iteration":43},
{"Acceptance":[0.0031872509960159364],"Energy":{"Mean":-4284.403225806451,"Sigma":0.07484519808727352,"Taucorr":0.09465648854940822},"EnergyVariance":{"Mean":0.579344432882414,"Sigma":0.3475918590292197,"Taucorr":-0.004561973155075727},"Iteration":44},
{"Acceptance":[0.0031018782014797953],"Energy":{"Mean":-4284.629032258062,"Sigma":0.04470778440965207,"Taucorr":0.026783723522955327},"EnergyVariance":{"Mean":0.23335067637877213,"Sigma":0.011537492750621634,"Taucorr":0.026783723522853853},"Iteration":45},
{"Acceptance":[0.0019351166761525328],"Energy":{"Mean":-4284.725806451612,"Sigma":0.0454293122027386,"Taucorr":0.1377777777775685},"EnergyVariance":{"Mean":0.19901144640998955,"Sigma":0.020516463575333082,"Taucorr":0.13777777777777767},"Iteration":46},
{"Acceptance":[0.0010244735344336938],"Energy":{"Mean":-4284.9435483870975,"Sigma":0.061028018221013516,"Taucorr":0.08435374149733954},"EnergyVariance":{"Mean":0.391974505723205,"Sigma":0.29407060660927364,"Taucorr":-0.0066449325409236315},"Iteration":47},
{"Acceptance":[0.00011383039271485487],"Energy":{"Mean":-4285.0,"Sigma":0.0,"Taucorr":null},"EnergyVariance":{"Mean":0.0,"Sigma":0.0,"Taucorr":null},"Iteration":48},
{"Acceptance":[0.0041832669322709164],"Energy":{"Mean":-4284.540322580645,"Sigma":0.09496517060569891,"Taucorr":-0.0826767800340753},"EnergyVariance":{"Mean":1.3290192507804373,"Sigma":0.5383552687522434,"Taucorr":0.003191572317762237},"Iteration":49},
{"Acceptance":[0.00025611838360842346],"Energy":{"Mean":-4284.975806451614,"Sigma":0.013494516556999866,"Taucorr":-0.025619834710832623},"EnergyVariance":{"Mean":0.023608220603537976,"Sigma":0.012841556078455645,"Taucorr":-0.025619834710743916},"Iteration":50},
{"Acceptance":[5.6915196357427435e-05],"Energy":{"Mean":-4284.991935483872,"Sigma":0.00806451612902225,"Taucorr":-8.406608742461685e-13},"EnergyVariance":{"Mean":0.007999479708636835,"Sigma":0.00793444328825987,"Taucorr":2.220446049250313e-16},"Iteration":51},
{"Acceptance":[0.00011383039271485487],"Energy":{"Mean":-4285.096774193548,"Sigma":0.169470006923406,"Taucorr":0.519459459459489},"EnergyVariance":{"Mean":1.732570239334027,"Sigma":0.9616605941889027,"Taucorr":0.47293307086614156},"Iteration":52},
{"Acceptance":[0.0002845759817871372],"Energy":{"Mean":-4285.00806451613,"Sigma":0.08398978349912344,"Taucorr":0.0434378818741229},"EnergyVariance":{"Mean":0.7983220603537982,"Sigma":0.4149349377472528,"Taucorr":-0.0298631818509143},"Iteration":53},
{"Acceptance":[0.00022766078542970974],"Energy":{"Mean":-4284.943548387097,"Sigma":0.030030623750043842,"Taucorr":0.0456174024313275},"EnergyVariance":{"Mean":0.10165192507804369,"Sigma":0.07096241421640194,"Taucorr":-0.0010364287611343004},"Iteration":54},
{"Acceptance":[0.0001707455890722823],"Energy":{"Mean":-4285.1935483870975,"Sigma":0.11518432949263908,"Taucorr":0.22604166666678283},"EnergyVariance":{"Mean":1.1238293444328824,"Sigma":0.6465184945713481,"Taucorr":0.22604166666666647},"Iteration":55},
{"Acceptance":[5.6915196357427435e-05],"Energy":{"Mean":-4285.0,"Sigma":0.0,"Taucorr":null},"EnergyVariance":{"Mean":0.0,"Sigma":0.0,"Taucorr":null},"Iteration":56},
{"Acceptance":[5.6915196357427435e-05],"Energy":{"Mean":-4285.0,"Sigma":0.0,"Taucorr":null},"EnergyVariance":{"Mean":0.0,"Sigma":0.0,"Taucorr":null},"Iteration":57},
{"Acceptance":[5.6915196357427435e-05],"Energy":{"Mean":-4284.991935483871,"Sigma":0.008064516129036541,"Taucorr":6.590283874174929e-13},"EnergyVariance":{"Mean":0.007999479708636837,"Sigma":0.007934443288245203,"Taucorr":2.220446049250313e-16},"Iteration":58},
{"Acceptance":[0.0005122367672168469],"Energy":{"Mean":-4285.387096774195,"Sigma":0.20830818439953142,"Taucorr":0.4692176870748611},"EnergyVariance":{"Mean":2.7533818938605616,"Sigma":1.0679007289109403,"Taucorr":0.40032155644110456},"Iteration":59},
{"Acceptance":[0.00039840637450199205],"Energy":{"Mean":-4285.193548387098,"Sigma":0.11518432949262998,"Taucorr":0.22604166666670122},"EnergyVariance":{"Mean":1.1238293444328824,"Sigma":0.6465184945711385,"Taucorr":0.22604166666666625},"Iteration":60},
{"Acceptance":[0.0005691519635742744],"Energy":{"Mean":-4285.387096774194,"Sigma":0.16992989923956403,"Taucorr":0.31734913793106057},"EnergyVariance":{"Mean":2.1727367325702396,"Sigma":0.8880207637678353,"Taucorr":0.3173491379310345},"Iteration":61},
{"Acceptance":[0.0017643710870802504],"Energy":{"Mean":-4285.774193548386,"Sigma":0.19515462531941413,"Taucorr":0.07893518518521048},"EnergyVariance":{"Mean":4.0457856399583765,"Sigma":0.8687528481963526,"Taucorr":0.07893518518518561},"Iteration":62},
{"Acceptance":[0.0028457598178713715],"Energy":{"Mean":-4287.467741935484,"Sigma":0.32290306467721847,"Taucorr":0.1897003273734652},"EnergyVariance":{"Mean":9.297346514047867,"Sigma":0.7341977416185019,"Taucorr":0.01970403777041574},"Iteration":63},
{"Acceptance":[0.0030449630051223677],"Energy":{"Mean":-4289.153225806451,"Sigma":0.31509458798215084,"Taucorr":0.30028896560536844},"EnergyVariance":{"Mean":7.629747658688866,"Sigma":0.7346375337501128,"Taucorr":0.3106139177194569},"Iteration":64},
{"Acceptance":[0.0011383039271485487],"Energy":{"Mean":-4290.274193548388,"Sigma":0.22935007481098893,"Taucorr":0.2337758895378611},"EnergyVariance":{"Mean":4.4086888657648275,"Sigma":1.1391085435683934,"Taucorr":0.3214165721161526},"Iteration":65},
{"Acceptance":[0.0005122367672168469],"Energy":{"Mean":-4290.129032258064,"Sigma":0.3170493516207954,"Taucorr":0.8838574423479795},"EnergyVariance":{"Mean":4.467221644120709,"Sigma":1.3500165939981283,"Taucorr":0.8838574423480083},"Iteration":66},
{"Acceptance":[0.0003414911781445646],"Energy":{"Mean":-4291.274193548388,"Sigma":0.14772233048301248,"Taucorr":0.2974686968617084},"EnergyVariance":{"Mean":1.682882414151925,"Sigma":0.7957385504105549,"Taucorr":0.29110687319110273},"Iteration":67},
{"Acceptance":[5.6915196357427435e-05],"Energy":{"Mean":-4290.9516129032245,"Sigma":0.04838709677421071,"Taucorr":2.6356694604601216e-13},"EnergyVariance":{"Mean":0.287981269510926,"Sigma":0.2856399583765632,"Taucorr":0.0},"Iteration":68},
{"Acceptance":[0.00022766078542970974],"Energy":{"Mean":-4291.080645161292,"Sigma":0.05725238499776137,"Taucorr":0.07871545929828949},"EnergyVariance":{"Mean":0.3483350676378771,"Sigma":0.28673586983609717,"Taucorr":0.0057121330743460375},"Iteration":69},
{"Acceptance":[0.0001707455890722823],"Energy":{"Mean":-4290.991935483872,"Sigma":0.008064516129017405,"Taucorr":-1.5386580898280044e-12},"EnergyVariance":{"Mean":0.007999479708636835,"Sigma":0.00793444328825987,"Taucorr":0.0},"Iteration":70},
{"Acceptance":[0.00022766078542970974],"Energy":{"Mean":-4291.000000000001,"Sigma":0.01159347239398198,"Taucorr":0.012499999998407563},"EnergyVariance":{"Mean":0.01612903225806452,"Sigma":0.011213254631513016,"Taucorr":-0.012704918032786783},"Iteration":71},
{"Acceptance":[0.0001707455890722823],"Energy":{"Mean":-4291.096774193548,"Sigma":0.0672795277890762,"Taucorr":-0.012704918032801382},"EnergyVariance":{"Mean":0.5712799167533819,"Sigma":0.39065532264627173,"Taucorr":-0.012704918032787005},"Iteration":72},
{"Acceptance":[0.0004837791690381332],"Energy":{"Mean":-4291.104838709678,"Sigma":0.11106413043070917,"Taucorr":0.3277978851748311},"EnergyVariance":{"Mean":0.9164281997918838,"Sigma":0.6164865788486447,"Taucorr":0.3179746506223662},"Iteration":73},
{"Acceptance":[0.0005406943653955606],"Energy":{"Mean":-4291.491935483872,"Sigma":0.24824217249562786,"Taucorr":0.4343011976720582},"EnergyVariance":{"Mean":4.056386576482831,"Sigma":1.3815974857758266,"Taucorr":0.18877219325074557},"Iteration":74},
{"Acceptance":[0.0003414911781445646],"Energy":{"Mean":-4291.153225806452,"Sigma":0.10793604946216837,"Taucorr":0.3219577706483425},"EnergyVariance":{"Mean":0.8716831425598337,"Sigma":0.6069573988416969,"Taucorr":0.32279942188557287},"Iteration":75},
{"Acceptance":[0.0006829823562891292],"Energy":{"Mean":-4291.435483870969,"Sigma":0.19911354015498142,"Taucorr":0.5061835748792392},"EnergyVariance":{"Mean":2.423257023933402,"Sigma":1.0212597704719322,"Taucorr":0.5061835748792272},"Iteration":76},
{"Acceptance":[0.0013659647125782584],"Energy":{"Mean":-4291.782258064516,"Sigma":0.2534021028663142,"Taucorr":0.366514448804786},"EnergyVariance":{"Mean":4.5574271592091575,"Sigma":1.0915296316337686,"Taucorr":0.36395657971677176},"Iteration":77},
{"Acceptance":[0.003414911781445646],"Energy":{"Mean":-4293.8064516129025,"Sigma":0.28556435291039867,"Taucorr":0.04773837936127068},"EnergyVariance":{"Mean":9.156087408949011,"Sigma":0.3215118857676127,"Taucorr":0.4007671257756966},"Iteration":78},
{"Acceptance":[0.002817302219692658],"Energy":{"Mean":-4295.112903225807,"Sigma":0.3029511453386608,"Taucorr":0.22723981900445978},"EnergyVariance":{"Mean":7.761446409989594,"Sigma":0.6743106138185683,"Taucorr":0.22723981900452517},"Iteration":79},
{"Acceptance":[0.0007398975526465567],"Energy":{"Mean":-4296.370967741935,"Sigma":0.16715156655524294,"Taucorr":0.008593208593199675},"EnergyVariance":{"Mean":3.3785119667013532,"Sigma":0.7926219446326789,"Taucorr":0.008593208593208446},"Iteration":80},
{"Acceptance":[0.00022766078542970974],"Energy":{"Mean":-4297.0,"Sigma":0.0,"Taucorr":null},"EnergyVariance":{"Mean":0.0,"Sigma":0.0,"Taucorr":null},"Iteration":81},
{"Acceptance":[0.00011383039271485487],"Energy":{"Mean":-4296.975806451614,"Sigma":0.02419354838707848,"Taucorr":-5.869749131193203e-13},"EnergyVariance":{"Mean":0.07199531737773157,"Sigma":0.07140998959420682,"Taucorr":2.220446049250313e-16},"Iteration":82},
{"Acceptance":[0.00022766078542970974],"Energy":{"Mean":-4296.9112903225805,"Sigma":0.07382446768611438,"Taucorr":-0.005355600345415434},"EnergyVariance":{"Mean":0.6776144640998957,"Sigma":0.6400433916230476,"Taucorr":-0.0011554323293189173},"Iteration":83},
{"Acceptance":[0.00022766078542970974],"Energy":{"Mean":-4296.967741935484,"Sigma":0.03225806451613364,"Taucorr":-0.30097087378635456},"EnergyVariance":{"Mean":0.3215400624349637,"Sigma":0.32049947970863873,"Taucorr":0.1155492081820304},"Iteration":84},
{"Acceptance":[0.0],"Energy":{"Mean":-4297.0,"Sigma":0.0,"Taucorr":null},"EnergyVariance":{"Mean":0.0,"Sigma":0.0,"Taucorr":null},"Iteration":85},
{"Acceptance":[0.00011383039271485487],"Energy":{"Mean":-4296.709677419354,"Sigma":0.26642212599476156,"Taucorr":1.2263657407408421},"EnergyVariance":{"Mean":2.5286160249739855,"Sigma":1.9563870206034395,"Taucorr":1.2287340042491903},"Iteration":86},
{"Acceptance":[0.00011383039271485487],"Energy":{"Mean":-4297.0,"Sigma":0.0,"Taucorr":null},"EnergyVariance":{"Mean":0.0,"Sigma":0.0,"Taucorr":null},"Iteration":87},
{"Acceptance":[5.6915196357427435e-05],"Energy":{"Mean":-4296.967741935484,"Sigma":0.03225806451612601,"Taucorr":-9.547918011776346e-14},"EnergyVariance":{"Mean":0.12799167533818942,"Sigma":0.12695109261186455,"Taucorr":0.0},"Iteration":88},
{"Acceptance":[0.0001707455890722823],"Energy":{"Mean":-4296.991935483871,"Sigma":0.00806451612902767,"Taucorr":-6.640243910283061e-13},"EnergyVariance":{"Mean":0.007999479708636835,"Sigma":0.0079344432882452,"Taucorr":-2.220446049250313e-16},"Iteration":89},
{"Acceptance":[0.0001707455890722823],"Energy":{"Mean":-4296.999999999999,"Sigma":0.020080483222589433,"Taucorr":0.2687500000014873},"EnergyVariance":{"Mean":0.03225806451612903,"Sigma":0.01919738824878384,"Taucorr":0.22604166666763004},"Iteration":90},
{"Acceptance":[0.0],"Energy":{"Mean":-4297.0,"Sigma":0.0,"Taucorr":null},"EnergyVariance":{"Mean":0.0,"Sigma":0.0,"Taucorr":null},"Iteration":91},
{"Acceptance":[5.6915196357427435e-05],"Energy":{"Mean":-4297.0161290322585,"Sigma":0.016129032258107693,"Taucorr":1.98596694644948e-12},"EnergyVariance":{"Mean":0.03199791883454736,"Sigma":0.03173777315295147,"Taucorr":0.0},"Iteration":92},
{"Acceptance":[0.0],"Energy":{"Mean":-4297.0,"Sigma":0.0,"Taucorr":null},"EnergyVariance":{"Mean":0.0,"Sigma":0.0,"Taucorr":null},"Iteration":93},
{"Acceptance":[0.0],"Energy":{"Mean":-4297.0,"Sigma":0.0,"Taucorr":null},"EnergyVariance":{"Mean":0.0,"Sigma":0.0,"Taucorr":null},"Iteration":94},
{"Acceptance":[0.00011383039271485487],"Energy":{"Mean":-4296.991935483872,"Sigma":0.008064516129009278,"Taucorr":-2.424282996571492e-12},"EnergyVariance":{"Mean":0.007999479708636835,"Sigma":0.007934443288259872,"Taucorr":2.220446049250313e-16},"Iteration":95},
{"Acceptance":[0.0001707455890722823],"Energy":{"Mean":-4296.975806451614,"Sigma":0.03730655969747368,"Taucorr":0.06075841499763701},"EnergyVariance":{"Mean":0.15264047866805414,"Sigma":0.12796957602873077,"Taucorr":-0.0006212873938314378},"Iteration":96},
{"Acceptance":[0.0],"Energy":{"Mean":-4297.0,"Sigma":0.0,"Taucorr":null},"EnergyVariance":{"Mean":0.0,"Sigma":0.0,"Taucorr":null},"Iteration":97},
{"Acceptance":[0.0001707455890722823],"Energy":{"Mean":-4296.927419354839,"Sigma":0.08131442721643897,"Taucorr":0.002491360604528814},"EnergyVariance":{"Mean":0.8092481789802294,"Sigma":0.7944908352233483,"Taucorr":-0.0002928850048442011},"Iteration":98},
{"Acceptance":[5.6915196357427435e-05],"Energy":{"Mean":-4297.0,"Sigma":0.0,"Taucorr":null},"EnergyVariance":{"Mean":0.0,"Sigma":0.0,"Taucorr":null},"Iteration":99} 
]}