{"Output": [
{"Acceptance":[0.0260596546310832],"Energy":{"Mean":-577.0806451612904,"Sigma":0.2094498351333622,"Taucorr":-0.02827154878325233},"EnergyVariance":{"Mean":5.71930280957336,"Sigma":1.228432347114971,"Taucorr":0.009571265181842148},"Iteration":0},
{"Acceptance":[0.012951334379905808],"Energy":{"Mean":-582.6693548387098,"Sigma":0.33568800654546405,"Taucorr":0.4727240362584114},"EnergyVariance":{"Mean":7.124544745057232,"Sigma":0.6197737729096191,"Taucorr":0.38903626407892444},"Iteration":1},
{"Acceptance":[0.010518053375196233],"Energy":{"Mean":-584.9112903225807,"Sigma":0.05744139965850699,"Taucorr":0.19847772554296372},"EnergyVariance":{"Mean":0.2905176899063476,"Sigma":0.18066033144738633,"Taucorr":0.17263976330954278},"Iteration":2},
{"Acceptance":[0.008948194662480377],"Energy":{"Mean":-584.9112903225807,"Sigma":0.06194472377313024,"Taucorr":0.1963154864708727},"EnergyVariance":{"Mean":0.33890478668054114,"Sigma":0.2338735359068478,"Taucorr":0.08645856308490885},"Iteration":3},
{"Acceptance":[0.008948194662480377],"Energy":{"Mean":-584.9596774193545,"Sigma":0.028626192498873004,"Taucorr":-0.01172022684300733},"EnergyVariance":{"Mean":0.10321279916753384,"Sigma":0.07616510683432431,"Taucorr":-0.009322252609535175},"Iteration":4},
{"Acceptance":[0.01098901098901099],"Energy":{"Mean":-584.8629032258066,"Sigma":0.07131513215946499,"Taucorr":0.16107216494845333},"EnergyVariance":{"Mean":0.4731399583766908,"Sigma":0.3099547041758433,"Taucorr":0.07725698592336983},"Iteration":5},
{"Acceptance":[0.004160125588697017],"Energy":{"Mean":-584.4838709677421,"Sigma":0.24700776071537664,"Taucorr":0.796171818835375},"EnergyVariance":{"Mean":2.8949011446409987,"Sigma":1.2612789860930809,"Taucorr":0.68357296557813},"Iteration":6},
{"Acceptance":[0.00141287284144427],"Energy":{"Mean":-584.9677419354838,"Sigma":0.022426509263028235,"Taucorr":-0.012704918032715007},"EnergyVariance":{"Mean":0.06347554630593132,"Sigma":0.04340614696069176,"Taucorr":-0.012704918032787005},"Iteration":7},
{"Acceptance":[0.0013343799058084772],"Energy":{"Mean":-584.9193548387096,"Sigma":0.060671751205821134,"Taucorr":-0.009179357021971979},"EnergyVariance":{"Mean":0.46123829344432876,"Sigma":0.3898570646415761,"Taucorr":-0.00435827560268609},"Iteration":8},
{"Acceptance":[0.000706436420722135],"Energy":{"Mean":-585.016129032258,"Sigma":0.0161290322580653,"Taucorr":3.574918139293004e-14},"EnergyVariance":{"Mean":0.031997918834547355,"Sigma":0.03173777315296614,"Taucorr":0.0},"Iteration":9},
{"Acceptance":[0.0007849293563579278],"Energy":{"Mean":-584.9435483870969,"Sigma":0.04292666511470457,"Taucorr":-0.008739780095913363},"EnergyVariance":{"Mean":0.2306841831425598,"Sigma":0.19839187083007973,"Taucorr":-0.003811424610194014},"Iteration":10},
{"Acceptance":[0.00047095761381475666],"Energy":{"Mean":-585.0887096774194,"Sigma":0.041068371880573995,"Taucorr":0.2136017897091288},"EnergyVariance":{"Mean":0.14535639958376692,"Sigma":0.07039189153143355,"Taucorr":0.21519109400290715},"Iteration":11},
{"Acceptance":[0.0012558869701726845],"Energy":{"Mean":-584.9354838709677,"Sigma":0.06020545238352563,"Taucorr":-0.0018023255813754968},"EnergyVariance":{"Mean":0.4474505723204994,"Sigma":0.30687382690434056,"Taucorr":-0.012909848830080672},"Iteration":12},
{"Acceptance":[0.003453689167974882],"Energy":{"Mean":-585.0967741935483,"Sigma":0.07920761761016487,"Taucorr":0.23789800995023347},"EnergyVariance":{"Mean":0.5228928199791884,"Sigma":0.2297325387485831,"Taucorr":0.016660684669675185},"Iteration":13},
{"Acceptance":[0.0024332810047095763],"Energy":{"Mean":-586.6935483870969,"Sigma":0.09469083636682003,"Taucorr":0.4450289790458597},"EnergyVariance":{"Mean":0.5835067637877211,"Sigma":0.1288512179200346,"Taucorr":0.3356714801900522},"Iteration":14},
{"Acceptance":[0.0006279434850863422],"Energy":{"Mean":-587.016129032258,"Sigma":0.016129032258065775,"Taucorr":0.508196721311561},"EnergyVariance":{"Mean":0.01586888657648283,"Sigma":0.015608740894901616,"Taucorr":0.5081967213114749},"Iteration":15},
{"Acceptance":[0.001098901098901099],"Energy":{"Mean":-586.8709677419357,"Sigma":0.0703972672348246,"Taucorr":-0.09767342032965581},"EnergyVariance":{"Mean":0.7575442247658686,"Sigma":0.5488514313601724,"Taucorr":0.07547898664591324},"Iteration":16},
{"Acceptance":[0.0006279434850863422],"Energy":{"Mean":-586.7983870967741,"Sigma":0.1673719036905195,"Taucorr":0.42097834022878033},"EnergyVariance":{"Mean":1.8706425598335064,"Sigma":1.562063138628515,"Taucorr":0.4724977300489108},"Iteration":17},
{"Acceptance":[0.002511773940345369],"Energy":{"Mean":-586.8629032258067,"Sigma":0.12150418688160579,"Taucorr":0.22790552166430744},"EnergyVariance":{"Mean":1.2473335067637878,"Sigma":0.7296235280655333,"Taucorr":0.1630983249993646},"Iteration":18},
{"Acceptance":[0.002197802197802198],"Energy":{"Mean":-587.1854838709677,"Sigma":0.14754612088098576,"Taucorr":0.26599441860462825},"EnergyVariance":{"Mean":1.7478537981269513,"Sigma":0.7579218131481071,"Taucorr":-0.030039026453160977},"Iteration":19},
{"Acceptance":[0.0011773940345368916],"Energy":{"Mean":-589.0,"Sigma":0.09489666139588886,"Taucorr":0.6840517241379174},"EnergyVariance":{"Mean":0.467741935483871,"Sigma":0.2635423328821205,"Taucorr":0.6442940274583597},"Iteration":20},
{"Acceptance":[0.0032967032967032967],"Energy":{"Mean":-589.3064516129034,"Sigma":0.10795613245601744,"Taucorr":0.2033954557059635},"EnergyVariance":{"Mean":1.0189906347554631,"Sigma":0.2322787167407299,"Taucorr":0.11229079653617591},"Iteration":21},
{"Acceptance":[0.000706436420722135],"Energy":{"Mean":-592.0080645161291,"Sigma":0.021639367524191183,"Taucorr":0.010726643598611196},"EnergyVariance":{"Mean":0.056386576482830394,"Sigma":0.034381772908868076,"Taucorr":-0.01972010310366684},"Iteration":22},
{"Acceptance":[0.0009419152276295133],"Energy":{"Mean":-592.024193548387,"Sigma":0.021234857696921565,"Taucorr":-0.18531365313638343},"EnergyVariance":{"Mean":0.08812434963579605,"Sigma":0.05101893910819847,"Taucorr":0.08753403130405812},"Iteration":23},
{"Acceptance":[0.0018838304552590266],"Energy":{"Mean":-592.008064516129,"Sigma":0.0629514565578984,"Taucorr":0.41601075531654064},"EnergyVariance":{"Mean":0.2660639958376691,"Sigma":0.09612844661403881,"Taucorr":0.3273932944616391},"Iteration":24},
{"Acceptance":[0.010910518053375196],"Energy":{"Mean":-592.5483870967741,"Sigma":0.05108941513206387,"Taucorr":0.14816176470590914},"EnergyVariance":{"Mean":0.2476586888657648,"Sigma":0.004944136948259644,"Taucorr":0.14816176470588205},"Iteration":25},
{"Acceptance":[0.0003139717425431711],"Energy":{"Mean":-592.9112903225807,"Sigma":0.06814396830411748,"Taucorr":-0.008330534094770303},"EnergyVariance":{"Mean":0.5808402705515089,"Sigma":0.5070209468574272,"Taucorr":-0.0033561711299682218},"Iteration":26},
{"Acceptance":[0.0],"Energy":{"Mean":-593.0,"Sigma":0.0,"Taucorr":null},"EnergyVariance":{"Mean":0.0,"Sigma":0.0,"Taucorr":null},"Iteration":27},
{"Acceptance":[0.0003139717425431711],"Energy":{"Mean":-592.9516129032259,"Sigma":0.04838709677419337,"Taucorr":1.0247933884297484},"EnergyVariance":{"Mean":0.09443288241415192,"Sigma":0.09209157127992101,"Taucorr":1.0247933884297518},"Iteration":28},
{"Acceptance":[0.00015698587127158556],"Energy":{"Mean":-592.9032258064517,"Sigma":0.09677419354838736,"Taucorr":1.9984014443252818e-15},"EnergyVariance":{"Mean":1.1519250780437043,"Sigma":1.142559833506781,"Taucorr":0.0},"Iteration":29},
{"Acceptance":[0.00015698587127158556],"Energy":{"Mean":-593.0,"Sigma":0.0,"Taucorr":null},"EnergyVariance":{"Mean":0.0,"Sigma":0.0,"Taucorr":null},"Iteration":30},
{"Acceptance":[0.0],"Energy":{"Mean":-593.0,"Sigma":0.0,"Taucorr":null},"EnergyVariance":{"Mean":0.0,"Sigma":0.0,"Taucorr":null},"Iteration":31},
{"Acceptance":[0.0],"Energy":{"Mean":-593.0,"Sigma":0.0,"Taucorr":null},"EnergyVariance":{"Mean":0.0,"Sigma":0.0,"Taucorr":null},"Iteration":32},
{"Acceptance":[0.00047095761381475666],"Energy":{"Mean":-592.9758064516128,"Sigma":0.02419354838709693,"Taucorr":-1.3322676295501878e-15},"EnergyVariance":{"Mean":0.07199531737773154,"Sigma":0.07140998959416829,"Taucorr":-2.220446049250313e-16},"Iteration":33},
{"Acceptance":[0.0003139717425431711],"Energy":{"Mean":-592.8870967741937,"Sigma":0.11290322580645164,"Taucorr":0.5081967213114835},"EnergyVariance":{"Mean":0.7775754422476586,"Sigma":0.7648283038501792,"Taucorr":0.5081967213114753},"Iteration":34},
{"Acceptance":[0.0],"Energy":{"Mean":-593.0,"Sigma":0.0,"Taucorr":null},"EnergyVariance":{"Mean":0.0,"Sigma":0.0,"Taucorr":null},"Iteration":35},
{"Acceptance":[0.00015698587127158556],"Energy":{"Mean":-592.983870967742,"Sigma":0.01612903225806502,"Taucorr":3.175237850427948e-14},"EnergyVariance":{"Mean":0.03199791883454735,"Sigma":0.03173777315296613,"Taucorr":-2.220446049250313e-16},"Iteration":36},
{"Acceptance":[0.0],"Energy":{"Mean":-593.0,"Sigma":0.0,"Taucorr":null},"EnergyVariance":{"Mean":0.0,"Sigma":0.0,"Taucorr":null},"Iteration":37},
{"Acceptance":[0.0],"Energy":{"Mean":-593.0,"Sigma":0.0,"Taucorr":null},"EnergyVariance":{"Mean":0.0,"Sigma":0.0,"Taucorr":null},"Iteration":38},
{"Acceptance":[0.00015698587127158556],"Energy":{"Mean":-593.0,"Sigma":0.0,"Taucorr":null},"EnergyVariance":{"Mean":0.0,"Sigma":0.0,"Taucorr":null},"Iteration":39},
{"Acceptance":[0.0],"Energy":{"Mean":-593.0,"Sigma":0.0,"Taucorr":null},"EnergyVariance":{"Mean":0.0,"Sigma":0.0,"Taucorr":null},"Iteration":40},
{"Acceptance":[0.0003139717425431711],"Energy":{"Mean":-592.983870967742,"Sigma":0.011213254631514138,"Taucorr":-0.012704918032714896},"EnergyVariance":{"Mean":0.015868886576482832,"Sigma":0.010851536740174215,"Taucorr":-0.012704918032787116},"Iteration":41},
{"Acceptance":[0.00047095761381475666],"Energy":{"Mean":-592.8548387096773,"Sigma":0.1451612903225808,"Taucorr":1.0247933884297429},"EnergyVariance":{"Mean":0.849895941727367,"Sigma":0.828824141519223,"Taucorr":1.0247933884297518},"Iteration":42},
{"Acceptance":[0.00015698587127158556],"Energy":{"Mean":-593.0,"Sigma":0.0,"Taucorr":null},"EnergyVariance":{"Mean":0.0,"Sigma":0.0,"Taucorr":null},"Iteration":43},
{"Acceptance":[0.00015698587127158556],"Energy":{"Mean":-593.0,"Sigma":0.0,"Taucorr":null},"EnergyVariance":{"Mean":0.0,"Sigma":0.0,"Taucorr":null},"Iteration":44},
{"Acceptance":[0.00015698587127158556],"Energy":{"Mean":-593.0,"Sigma":0.0,"Taucorr":null},"EnergyVariance":{"Mean":0.0,"Sigma":0.0,"Taucorr":null},"Iteration":45},
{"Acceptance":[0.0006279434850863422],"Energy":{"Mean":-592.9193548387096,"Sigma":0.0806451612903231,"Taucorr":7.105427357601002e-15},"EnergyVariance":{"Mean":0.7999479708636836,"Sigma":0.793444328824135,"Taucorr":-1.1102230246251565e-16},"Iteration":46},
{"Acceptance":[0.00015698587127158556],"Energy":{"Mean":-592.983870967742,"Sigma":0.0161290322580653,"Taucorr":0.5081967213115206},"EnergyVariance":{"Mean":0.01586888657648283,"Sigma":0.015608740894901616,"Taucorr":0.5081967213114749},"Iteration":47},
{"Acceptance":[0.00015698587127158556],"Energy":{"Mean":-592.9758064516128,"Sigma":0.02419354838709717,"Taucorr":7.327471962526033e-15},"EnergyVariance":{"Mean":0.07199531737773154,"Sigma":0.07140998959416829,"Taucorr":-2.220446049250313e-16},"Iteration":48},
{"Acceptance":[0.00015698587127158556],"Energy":{"Mean":-593.0,"Sigma":0.0,"Taucorr":null},"EnergyVariance":{"Mean":0.0,"Sigma":0.0,"Taucorr":null},"Iteration":49},
{"Acceptance":[0.0],"Energy":{"Mean":-593.0,"Sigma":0.0,"Taucorr":null},"EnergyVariance":{"Mean":0.0,"Sigma":0.0,"Taucorr":null},"Iteration":50},
{"Acceptance":[0.0],"Energy":{"Mean":-593.0,"Sigma":0.0,"Taucorr":null},"EnergyVariance":{"Mean":0.0,"Sigma":0.0,"Taucorr":null},"Iteration":51},
{"Acceptance":[0.0003139717425431711],"Energy":{"Mean":-592.983870967742,"Sigma":0.025755999068824965,"Taucorr":0.007524271844663866},"EnergyVariance":{"Mean":0.08038501560874092,"Sigma":0.07200501637483513,"Taucorr":-0.0028887302045509378},"Iteration":52},
{"Acceptance":[0.00015698587127158556],"Energy":{"Mean":-593.0,"Sigma":0.0,"Taucorr":null},"EnergyVariance":{"Mean":0.0,"Sigma":0.0,"Taucorr":null},"Iteration":53},
{"Acceptance":[0.0],"Energy":{"Mean":-593.0,"Sigma":0.0,"Taucorr":null},"EnergyVariance":{"Mean":0.0,"Sigma":0.0,"Taucorr":null},"Iteration":54},
{"Acceptance":[0.00015698587127158556],"Energy":{"Mean":-593.0,"Sigma":0.0,"Taucorr":null},"EnergyVariance":{"Mean":0.0,"Sigma":0.0,"Taucorr":null},"Iteration":55},
{"Acceptance":[0.00047095761381475666],"Energy":{"Mean":-592.9758064516128,"Sigma":0.02419354838709717,"Taucorr":7.327471962526033e-15},"EnergyVariance":{"Mean":0.07199531737773154,"Sigma":0.07140998959416829,"Taucorr":-2.220446049250313e-16},"Iteration":56},
{"Acceptance":[0.00015698587127158556],"Energy":{"Mean":-593.0,"Sigma":0.0,"Taucorr":null},"EnergyVariance":{"Mean":0.0,"Sigma":0.0,"Taucorr":null},"Iteration":57},
{"Acceptance":[0.0],"Energy":{"Mean":-593.0,"Sigma":0.0,"Taucorr":null},"EnergyVariance":{"Mean":0.0,"Sigma":0.0,"Taucorr":null},"Iteration":58},
{"Acceptance":[0.00015698587127158556],"Energy":{"Mean":-592.758064516129,"Sigma":0.17790744201907804,"Taucorr":0.3245179063360877},"EnergyVariance":{"Mean":2.360822060353798,"Sigma":1.6929901740525182,"Taucorr":0.32451790633608824},"Iteration":59},
{"Acceptance":[0.00015698587127158556],"Energy":{"Mean":-592.9032258064517,"Sigma":0.09677419354838657,"Taucorr":0.5081967213114749},"EnergyVariance":{"Mean":0.5712799167533819,"Sigma":0.5619146722164581,"Taucorr":0.5081967213114749},"Iteration":60},
{"Acceptance":[0.0],"Energy":{"Mean":-593.0,"Sigma":0.0,"Taucorr":null},"EnergyVariance":{"Mean":0.0,"Sigma":0.0,"Taucorr":null},"Iteration":61},
{"Acceptance":[0.00015698587127158556],"Energy":{"Mean":-593.0,"Sigma":0.0,"Taucorr":null},"EnergyVariance":{"Mean":0.0,"Sigma":0.0,"Taucorr":null},"Iteration":62},
{"Acceptance":[0.0003139717425431711],"Energy":{"Mean":-592.8064516129031,"Sigma":0.12362669126415839,"Taucorr":-0.013055929919148779},"EnergyVariance":{"Mean":1.9302809573361086,"Sigma":1.3086203267752625,"Taucorr":-0.012959590851817082},"Iteration":63},
{"Acceptance":[0.00047095761381475666],"Energy":{"Mean":-592.983870967742,"Sigma":0.0161290322580653,"Taucorr":3.574918139293004e-14},"EnergyVariance":{"Mean":0.031997918834547355,"Sigma":0.03173777315296614,"Taucorr":0.0},"Iteration":64},
{"Acceptance":[0.0003139717425431711],"Energy":{"Mean":-593.0161290322582,"Sigma":0.011213254631514086,"Taucorr":-0.012704918032723889},"EnergyVariance":{"Mean":0.015868886576482832,"Sigma":0.010851536740171667,"Taucorr":-0.012704918032786783},"Iteration":65},
{"Acceptance":[0.00015698587127158556],"Energy":{"Mean":-592.8951612903226,"Sigma":0.10483870967741872,"Taucorr":-3.552713678800501e-15},"EnergyVariance":{"Mean":1.3519120707596253,"Sigma":1.340920915712795,"Taucorr":-1.1102230246251565e-16},"Iteration":66},
{"Acceptance":[0.00015698587127158556],"Energy":{"Mean":-592.9516129032259,"Sigma":0.04838709677419323,"Taucorr":0.508196721311456},"EnergyVariance":{"Mean":0.14281997918834546,"Sigma":0.14047866805411452,"Taucorr":0.5081967213114749},"Iteration":67},
{"Acceptance":[0.0003139717425431711],"Energy":{"Mean":-593.0,"Sigma":0.0,"Taucorr":null},"EnergyVariance":{"Mean":0.0,"Sigma":0.0,"Taucorr":null},"Iteration":68},
{"Acceptance":[0.00015698587127158556],"Energy":{"Mean":-593.0,"Sigma":0.0,"Taucorr":null},"EnergyVariance":{"Mean":0.0,"Sigma":0.0,"Taucorr":null},"Iteration":69},
{"Acceptance":[0.0],"Energy":{"Mean":-593.0,"Sigma":0.0,"Taucorr":null},"EnergyVariance":{"Mean":0.0,"Sigma":0.0,"Taucorr":null},"Iteration":70},
{"Acceptance":[0.00015698587127158556],"Energy":{"Mean":-593.0,"Sigma":0.0,"Taucorr":null},"EnergyVariance":{"Mean":0.0,"Sigma":0.0,"Taucorr":null},"Iteration":71},
{"Acceptance":[0.0003139717425431711],"Energy":{"Mean":-593.0,"Sigma":0.0,"Taucorr":null},"EnergyVariance":{"Mean":0.0,"Sigma":0.0,"Taucorr":null},"Iteration":72},
{"Acceptance":[0.0003139717425431711],"Energy":{"Mean":-592.9516129032259,"Sigma":0.048387096774193464,"Taucorr":-3.4416913763379853e-15},"EnergyVariance":{"Mean":0.28798126951092606,"Sigma":0.2856399583766952,"Taucorr":0.0},"Iteration":73},
{"Acceptance":[0.0003139717425431711],"Energy":{"Mean":-592.991935483871,"Sigma":0.01827166179351127,"Taucorr":0.010016155088802936},"EnergyVariance":{"Mean":0.040257544224765886,"Sigma":0.03276488127976937,"Taucorr":-0.006080986408855238},"Iteration":74},
{"Acceptance":[0.0003139717425431711],"Energy":{"Mean":-592.9677419354838,"Sigma":0.025245928778224718,"Taucorr":-0.007598039215649222},"EnergyVariance":{"Mean":0.0796045785639958,"Sigma":0.07116884104734683,"Taucorr":-0.002651924281303508},"Iteration":75},
{"Acceptance":[0.00047095761381475666],"Energy":{"Mean":-592.9677419354838,"Sigma":0.02242650926303078,"Taucorr":-0.012704918032636403},"EnergyVariance":{"Mean":0.06347554630593132,"Sigma":0.04340614696069176,"Taucorr":-0.012704918032787116},"Iteration":76},
{"Acceptance":[0.00015698587127158556],"Energy":{"Mean":-593.0,"Sigma":0.0,"Taucorr":null},"EnergyVariance":{"Mean":0.0,"Sigma":0.0,"Taucorr":null},"Iteration":77},
{"Acceptance":[0.0],"Energy":{"Mean":-593.0,"Sigma":0.0,"Taucorr":null},"EnergyVariance":{"Mean":0.0,"Sigma":0.0,"Taucorr":null},"Iteration":78},
{"Acceptance":[0.0006279434850863422],"Energy":{"Mean":-593.0,"Sigma":0.0,"Taucorr":null},"EnergyVariance":{"Mean":0.0,"Sigma":0.0,"Taucorr":null},"Iteration":79},
{"Acceptance":[0.0003139717425431711],"Energy":{"Mean":-592.9274193548388,"Sigma":0.05337223260572523,"Taucorr":-0.010147299508975804},"EnergyVariance":{"Mean":0.35763527575442244,"Sigma":0.2893512311971559,"Taucorr":-0.00582163912329664},"Iteration":80},
{"Acceptance":[0.00015698587127158556],"Energy":{"Mean":-593.0,"Sigma":0.0,"Taucorr":null},"EnergyVariance":{"Mean":0.0,"Sigma":0.0,"Taucorr":null},"Iteration":81},
{"Acceptance":[0.00015698587127158556],"Energy":{"Mean":-593.0,"Sigma":0.0,"Taucorr":null},"EnergyVariance":{"Mean":0.0,"Sigma":0.0,"Taucorr":null},"Iteration":82},
{"Acceptance":[0.00015698587127158556],"Energy":{"Mean":-592.9354838709676,"Sigma":0.06451612903225888,"Taucorr":8.659739592076221e-15},"EnergyVariance":{"Mean":0.5119667013527573,"Sigma":0.5078043704474287,"Taucorr":-2.220446049250313e-16},"Iteration":83},
{"Acceptance":[0.00015698587127158556],"Energy":{"Mean":-593.0,"Sigma":0.0,"Taucorr":null},"EnergyVariance":{"Mean":0.0,"Sigma":0.0,"Taucorr":null},"Iteration":84},
{"Acceptance":[0.0],"Energy":{"Mean":-593.0,"Sigma":0.0,"Taucorr":null},"EnergyVariance":{"Mean":0.0,"Sigma":0.0,"Taucorr":null},"Iteration":85},
{"Acceptance":[0.0],"Energy":{"Mean":-593.0,"Sigma":0.0,"Taucorr":null},"EnergyVariance":{"Mean":0.0,"Sigma":0.0,"Taucorr":null},"Iteration":86},
{"Acceptance":[0.0],"Energy":{"Mean":-593.0,"Sigma":0.0,"Taucorr":null},"EnergyVariance":{"Mean":0.0,"Sigma":0.0,"Taucorr":null},"Iteration":87},
{"Acceptance":[0.0],"Energy":{"Mean":-593.0,"Sigma":0.0,"Taucorr":null},"EnergyVariance":{"Mean":0.0,"Sigma":0.0,"Taucorr":null},"Iteration":88},
{"Acceptance":[0.0003139717425431711],"Energy":{"Mean":-592.9596774193546,"Sigma":0.04032258064516219,"Taucorr":2.1538326677728037e-14},"EnergyVariance":{"Mean":0.1999869927159209,"Sigma":0.19836108220602003,"Taucorr":2.220446049250313e-16},"Iteration":89},
{"Acceptance":[0.0003139717425431711],"Energy":{"Mean":-592.8467741935484,"Sigma":0.10668352060744561,"Taucorr":0.3181299885975206},"EnergyVariance":{"Mean":0.8555541103017688,"Sigma":0.6075269358710353,"Taucorr":0.3240612546970032},"Iteration":90},
{"Acceptance":[0.0003139717425431711],"Energy":{"Mean":-592.991935483871,"Sigma":0.00806451612903225,"Taucorr":3.552713678800501e-15},"EnergyVariance":{"Mean":0.007999479708636837,"Sigma":0.007934443288241534,"Taucorr":0.0},"Iteration":91},
{"Acceptance":[0.00015698587127158556],"Energy":{"Mean":-593.0,"Sigma":0.0,"Taucorr":null},"EnergyVariance":{"Mean":0.0,"Sigma":0.0,"Taucorr":null},"Iteration":92},
{"Acceptance":[0.0],"Energy":{"Mean":-593.0,"Sigma":0.0,"Taucorr":null},"EnergyVariance":{"Mean":0.0,"Sigma":0.0,"Taucorr":null},"Iteration":93},
{"Acceptance":[0.00015698587127158556],"Energy":{"Mean":-593.0,"Sigma":0.0,"Taucorr":null},"EnergyVariance":{"Mean":0.0,"Sigma":0.0,"Taucorr":null},"Iteration":94},
{"Acceptance":[0.00015698587127158556],"Energy":{"Mean":-593.008064516129,"Sigma":0.008064516129032275,"Taucorr":9.103828801926284e-15},"EnergyVariance":{"Mean":0.007999479708636837,"Sigma":0.007934443288241532,"Taucorr":-2.220446049250313e-16},"Iteration":95},
{"Acceptance":[0.00047095761381475666],"Energy":{"Mean":-593.0080645161289,"Sigma":0.01827166179351613,"Taucorr":0.3509433962266302},"EnergyVariance":{"Mean":0.024128511966701353,"Sigma":0.017615435921416022,"Taucorr":0.31691536199104897},"Iteration":96},
{"Acceptance":[0.0],"Energy":{"Mean":-593.0,"Sigma":0.0,"Taucorr":null},"EnergyVariance":{"Mean":0.0,"Sigma":0.0,"Taucorr":null},"Iteration":97},
{"Acceptance":[0.0003139717425431711],"Energy":{"Mean":-592.9193548387096,"Sigma":0.08064516129032141,"Taucorr":-1.1546319456101628e-14},"EnergyVariance":{"Mean":0.7999479708636837,"Sigma":0.793444328824135,"Taucorr":-1.1102230246251565e-16},"Iteration":98},
{"Acceptance":[0.0],"Energy":{"Mean":-593.0,"Sigma":0.0,"Taucorr":null},"EnergyVariance":{"Mean":0.0,"Sigma":0.0,"Taucorr":null},"Iteration":99} 
]}