{"Output": [
{"Acceptance":[0.8640845070422535],"Energy":{"Mean":-303.233870967742,"Sigma":1.0249531515566348,"Taucorr":-0.07915306603583916},"EnergyVariance":{"Mean":153.51788501560875,"Sigma":19.245142464110103,"Taucorr":0.018730909997123457},"Iteration":0},
{"Acceptance":[0.8403420523138833],"Energy":{"Mean":-305.20161290322585,"Sigma":0.9608897195150552,"Taucorr":0.005323325294260717},"EnergyVariance":{"Mean":112.37064255983353,"Sigma":13.035316782541143,"Taucorr":-0.12532199260225352},"Iteration":1},
{"Acceptance":[0.8190140845070423],"Energy":{"Mean":-304.29032258064507,"Sigma":1.3482414259945985,"Taucorr":0.25421870557386694},"EnergyVariance":{"Mean":148.22216441207078,"Sigma":22.984862075115426,"Taucorr":0.062040407030901856},"Iteration":2},
{"Acceptance":[0.7933601609657948],"Energy":{"Mean":-306.6774193548388,"Sigma":1.1455379510796893,"Taucorr":0.07443417695267374},"EnergyVariance":{"Mean":140.49271592091569,"Sigma":18.715667998167078,"Taucorr":0.06858226329847539},"Iteration":3},
{"Acceptance":[0.7578470824949698],"Energy":{"Mean":-310.1129032258065,"Sigma":1.137155874312544,"Taucorr":0.11685856341774004},"EnergyVariance":{"Mean":128.92273673257026,"Sigma":13.791249393780337,"Taucorr":-0.1951913265948036},"Iteration":4},
{"Acceptance":[0.7276659959758551],"Energy":{"Mean":-310.16935483870975,"Sigma":0.9967950723358776,"Taucorr":-0.059860496600249724},"EnergyVariance":{"Mean":138.83422216441204,"Sigma":16.523453497030143,"Taucorr":-0.04689912680201336},"Iteration":5},
{"Acceptance":[0.6870221327967807],"Energy":{"Mean":-313.8387096774192,"Sigma":1.2910229953838064,"Taucorr":0.07428689172093195},"EnergyVariance":{"Mean":178.49011446409992,"Sigma":20.84531230416484,"Taucorr":-0.11411190083884265},"Iteration":6},
{"Acceptance":[0.5806841046277667],"Energy":{"Mean":-323.63709677419354,"Sigma":1.3147651324290837,"Taucorr":0.1670333567156389},"EnergyVariance":{"Mean":159.37636576482834,"Sigma":19.831153049281458,"Taucorr":0.032180509520134404},"Iteration":7},
{"Acceptance":[0.5308853118712273],"Energy":{"Mean":-328.74999999999994,"Sigma":1.4389923296290308,"Taucorr":0.235661126704791},"EnergyVariance":{"Mean":173.10685483870967,"Sigma":17.58095670287244,"Taucorr":-0.12515898409018755},"Iteration":8},
{"Acceptance":[0.45140845070422536],"Energy":{"Mean":-339.1532258064516,"Sigma":1.2933700571576556,"Taucorr":0.1282263185799596},"EnergyVariance":{"Mean":163.7587799167534,"Sigma":25.423998868813012,"Taucorr":0.23582548324648356},"Iteration":9},
{"Acceptance":[0.38158953722334005],"Energy":{"Mean":-343.7580645161291,"Sigma":1.4482787276555358,"Taucorr":0.46412933369368536},"EnergyVariance":{"Mean":133.79630593132157,"Sigma":22.93772979476043,"Taucorr":0.05849357983396075},"Iteration":10},
{"Acceptance":[0.3203219315895372],"Energy":{"Mean":-352.76612903225816,"Sigma":1.1184507985120913,"Taucorr":0.3172918876156855},"EnergyVariance":{"Mean":94.13078824141519,"Sigma":16.56098337411971,"Taucorr":0.18955661302731774},"Iteration":11},
{"Acceptance":[0.28189134808853117],"Energy":{"Mean":-357.0403225806451,"Sigma":1.0746402732828777,"Taucorr":0.32734297760150943},"EnergyVariance":{"Mean":85.84514828303848,"Sigma":11.447699641138806,"Taucorr":0.07632713495562626},"Iteration":12},
{"Acceptance":[0.24245472837022133],"Energy":{"Mean":-362.56451612903226,"Sigma":0.9052540591184717,"Taucorr":0.4890651085141907},"EnergyVariance":{"Mean":50.955515088449545,"Sigma":6.042838193293318,"Taucorr":0.012538240920902943},"Iteration":13},
{"Acceptance":[0.22997987927565391],"Energy":{"Mean":-364.58064516129036,"Sigma":0.8304024073716129,"Taucorr":0.27399131136643906},"EnergyVariance":{"Mean":54.79188345473465,"Sigma":6.444324877638349,"Taucorr":-0.09029487356225674},"Iteration":14},
{"Acceptance":[0.17303822937625754],"Energy":{"Mean":-369.9193548387097,"Sigma":0.6627966060295382,"Taucorr":0.20689174012184086},"EnergyVariance":{"Mean":38.219302809573364,"Sigma":5.69059023237056,"Taucorr":-0.0075833066816573536},"Iteration":15},
{"Acceptance":[0.16951710261569417],"Energy":{"Mean":-371.5725806451613,"Sigma":0.7853834030821993,"Taucorr":0.5198546677833531},"EnergyVariance":{"Mean":37.19634495317378,"Sigma":5.627216463513846,"Taucorr":0.5229021843303523},"Iteration":16},
{"Acceptance":[0.1472837022132797],"Energy":{"Mean":-373.3870967741935,"Sigma":0.787148002034677,"Taucorr":0.561001513878429},"EnergyVariance":{"Mean":35.914672216441204,"Sigma":6.421432792915761,"Taucorr":0.3519540690368511},"Iteration":17},
{"Acceptance":[0.1170020120724346],"Energy":{"Mean":-376.4596774193548,"Sigma":0.5731558522251984,"Taucorr":0.22429754879444963},"EnergyVariance":{"Mean":27.89353537981269,"Sigma":4.533493890513096,"Taucorr":0.06979656003720835},"Iteration":18},
{"Acceptance":[0.11167002012072434],"Energy":{"Mean":-377.27419354838713,"Sigma":0.4161321580277694,"Taucorr":0.14021824124610782},"EnergyVariance":{"Mean":16.63449531737773,"Sigma":1.7465199604465376,"Taucorr":-0.10329676059506776},"Iteration":19},
{"Acceptance":[0.09899396378269618],"Energy":{"Mean":-379.2822580645161,"Sigma":0.46297627837636546,"Taucorr":0.5196426325665155},"EnergyVariance":{"Mean":12.92839490114464,"Sigma":2.1239050810902302,"Taucorr":0.13863133538210382},"Iteration":20},
{"Acceptance":[0.09778672032193159],"Energy":{"Mean":-379.5080645161291,"Sigma":0.4707126647589605,"Taucorr":0.36963611988494605},"EnergyVariance":{"Mean":15.669289802289281,"Sigma":3.200295721121664,"Taucorr":0.2951890232869194},"Iteration":21},
{"Acceptance":[0.08571428571428572],"Energy":{"Mean":-380.5887096774194,"Sigma":0.35668507899479635,"Taucorr":0.2030399186550056},"EnergyVariance":{"Mean":11.129227367325703,"Sigma":2.033777940623899,"Taucorr":0.10496187946518065},"Iteration":22},
{"Acceptance":[0.08098591549295775],"Energy":{"Mean":-381.20967741935493,"Sigma":0.3550891100854596,"Taucorr":0.2325819017424865},"EnergyVariance":{"Mean":10.585067637877211,"Sigma":1.6008631149631203,"Taucorr":0.14219443752346905},"Iteration":23},
{"Acceptance":[0.07997987927565392],"Energy":{"Mean":-380.9596774193548,"Sigma":0.3618383420516736,"Taucorr":0.12685221283296677},"EnergyVariance":{"Mean":12.845148283038505,"Sigma":3.041321553165942,"Taucorr":0.1494006328400519},"Iteration":24},
{"Acceptance":[0.07535211267605633],"Energy":{"Mean":-382.79838709677426,"Sigma":0.25411118418899553,"Taucorr":0.2137081409619509},"EnergyVariance":{"Mean":5.564190946930281,"Sigma":0.6119935839941067,"Taucorr":-0.05933260215602226},"Iteration":25},
{"Acceptance":[0.07132796780684104],"Energy":{"Mean":-382.38709677419354,"Sigma":0.27135628824793334,"Taucorr":0.22792401940285578},"EnergyVariance":{"Mean":6.221123829344434,"Sigma":1.1920973743583985,"Taucorr":-0.040881849927055236},"Iteration":26},
{"Acceptance":[0.0676056338028169],"Energy":{"Mean":-382.56451612903237,"Sigma":0.32481751326985187,"Taucorr":0.3555084891099193},"EnergyVariance":{"Mean":7.584547346514048,"Sigma":1.3373041259118883,"Taucorr":-0.05772650324412837},"Iteration":27},
{"Acceptance":[0.06317907444668008],"Energy":{"Mean":-382.4596774193549,"Sigma":0.3760463491997307,"Taucorr":0.20631407700068505},"EnergyVariance":{"Mean":12.312890218522368,"Sigma":4.11581140177983,"Taucorr":0.16621825107001542},"Iteration":28},
{"Acceptance":[0.05865191146881288],"Energy":{"Mean":-383.2661290322581,"Sigma":0.3458539928803177,"Taucorr":0.6013817077089354},"EnergyVariance":{"Mean":6.6791753381893875,"Sigma":1.4838514536470198,"Taucorr":0.3373666899058325},"Iteration":29},
{"Acceptance":[0.059456740442655934],"Energy":{"Mean":-383.34677419354836,"Sigma":0.38567728085414504,"Taucorr":0.6864425793935249},"EnergyVariance":{"Mean":7.71039281997919,"Sigma":2.8542206776652326,"Taucorr":0.5257190058747174},"Iteration":30},
{"Acceptance":[0.05020120724346076],"Energy":{"Mean":-383.7096774193548,"Sigma":0.3104576863696798,"Taucorr":0.428590349661748},"EnergyVariance":{"Mean":6.383454734651404,"Sigma":1.4682989682006298,"Taucorr":0.3347440566320701},"Iteration":31},
{"Acceptance":[0.05432595573440644],"Energy":{"Mean":-383.8548387096775,"Sigma":0.24669160189328532,"Taucorr":0.2900983030369556},"EnergyVariance":{"Mean":4.736992715920915,"Sigma":1.1197744111494223,"Taucorr":0.13408547638731272},"Iteration":32},
{"Acceptance":[0.043360160965794765],"Energy":{"Mean":-384.5080645161291,"Sigma":0.2869200253320147,"Taucorr":0.3829860599117523},"EnergyVariance":{"Mean":5.733805931321538,"Sigma":2.9025610851394252,"Taucorr":0.2836152617403377},"Iteration":33},
{"Acceptance":[0.04798792756539235],"Energy":{"Mean":-383.9516129032258,"Sigma":0.2506495204503231,"Taucorr":0.36214953271027983},"EnergyVariance":{"Mean":4.481529656607701,"Sigma":0.710643712577096,"Taucorr":0.03942170227960817},"Iteration":34},
{"Acceptance":[0.043058350100603625],"Energy":{"Mean":-384.5564516129032,"Sigma":0.2069717909131197,"Taucorr":0.2841421630306409},"EnergyVariance":{"Mean":3.359716441207076,"Sigma":1.2423072447416952,"Taucorr":0.1335826398365939},"Iteration":35},
{"Acceptance":[0.036519114688128775],"Energy":{"Mean":-384.70161290322574,"Sigma":0.30550930393385767,"Taucorr":0.6407465329387032},"EnergyVariance":{"Mean":5.031932882414153,"Sigma":2.031006744137562,"Taucorr":0.24471703345129636},"Iteration":36},
{"Acceptance":[0.04084507042253521],"Energy":{"Mean":-385.1693548387097,"Sigma":0.14074833445709253,"Taucorr":0.12570226126457662},"EnergyVariance":{"Mean":1.9471253902185226,"Sigma":0.45412767751685124,"Taucorr":-0.01585286738687891},"Iteration":37},
{"Acceptance":[0.03118712273641851],"Energy":{"Mean":-385.15322580645164,"Sigma":0.15146126024216433,"Taucorr":0.1382763997999168},"EnergyVariance":{"Mean":2.210392819979189,"Sigma":0.5814668855389192,"Taucorr":-0.01758331919732542},"Iteration":38},
{"Acceptance":[0.03219315895372234],"Energy":{"Mean":-385.241935483871,"Sigma":0.23488840606150874,"Taucorr":0.6410309684192135},"EnergyVariance":{"Mean":2.9737252861602497,"Sigma":1.3610526708267676,"Taucorr":0.5845489519123155},"Iteration":39},
{"Acceptance":[0.02847082494969819],"Energy":{"Mean":-385.16935483870964,"Sigma":0.2575179022835734,"Taucorr":0.4588168738437127},"EnergyVariance":{"Mean":4.25357700312175,"Sigma":2.109910421421891,"Taucorr":0.41328246239128885},"Iteration":40},
{"Acceptance":[0.02716297786720322],"Energy":{"Mean":-385.35483870967744,"Sigma":0.18793379695007628,"Taucorr":0.305484275516096},"EnergyVariance":{"Mean":2.696670135275755,"Sigma":1.135865840858634,"Taucorr":0.1450597645902506},"Iteration":41},
{"Acceptance":[0.030080482897384304],"Energy":{"Mean":-385.24193548387103,"Sigma":0.13887212293301046,"Taucorr":0.2630460251045723},"EnergyVariance":{"Mean":1.5543704474505724,"Sigma":0.3110620994616305,"Taucorr":0.5238115526635689},"Iteration":42},
{"Acceptance":[0.03631790744466801],"Energy":{"Mean":-385.1048387096773,"Sigma":0.22947292152559914,"Taucorr":0.475540230785816},"EnergyVariance":{"Mean":3.3196540062434967,"Sigma":1.2082863119117795,"Taucorr":0.26943545087714327},"Iteration":43},
{"Acceptance":[0.03158953722334004],"Energy":{"Mean":-385.2016129032258,"Sigma":0.21421880923721318,"Taucorr":0.4562661142819373},"EnergyVariance":{"Mean":2.9512877211238293,"Sigma":0.7723692749627172,"Taucorr":0.3537678545755103},"Iteration":44},
{"Acceptance":[0.02283702213279678],"Energy":{"Mean":-385.6370967741936,"Sigma":0.1614112449936663,"Taucorr":0.3255503803236851},"EnergyVariance":{"Mean":1.9408818938605623,"Sigma":1.130634352561297,"Taucorr":0.15371907334375512},"Iteration":45},
{"Acceptance":[0.02535211267605634],"Energy":{"Mean":-385.6451612903225,"Sigma":0.11580375592154206,"Taucorr":0.3221797199170203},"EnergyVariance":{"Mean":1.0031217481789803,"Sigma":0.32540682488267947,"Taucorr":0.06548798025094693},"Iteration":46},
{"Acceptance":[0.0227364185110664],"Energy":{"Mean":-385.7096774193548,"Sigma":0.09567022645690654,"Taucorr":0.055954522096613446},"EnergyVariance":{"Mean":1.012486992715921,"Sigma":0.3420189074125719,"Taucorr":0.009868570069460625},"Iteration":47},
{"Acceptance":[0.023843058350100605],"Energy":{"Mean":-385.6693548387097,"Sigma":0.14728141119147597,"Taucorr":0.4648760524954083},"EnergyVariance":{"Mean":1.3826092611862644,"Sigma":0.6905418185966422,"Taucorr":0.3860738017461759},"Iteration":48},
{"Acceptance":[0.0227364185110664],"Energy":{"Mean":-385.62903225806446,"Sigma":0.19840458004962686,"Taucorr":0.583980780430986},"EnergyVariance":{"Mean":2.2333506763787727,"Sigma":1.3160483794149413,"Taucorr":0.7624146999955941},"Iteration":49} 
]}