{"Output": [
{"Acceptance":[0.675981287368974],"Energy":{"Mean":-324.1552419354838,"Sigma":0.3597786824338731,"Taucorr":-0.007716269815579879},"EnergyVariance":{"Mean":130.28638381243496,"Sigma":4.734703204756477,"Taucorr":-0.17723077629998846},"Iteration":0},
{"Acceptance":[0.5784279388587297],"Energy":{"Mean":-332.9949596774194,"Sigma":0.5114143545921468,"Taucorr":0.3954234414338086},"EnergyVariance":{"Mean":144.73082136934184,"Sigma":6.027763144099979,"Taucorr":0.015841444613063915},"Iteration":1},
{"Acceptance":[0.49260751006929676],"Energy":{"Mean":-341.08971774193554,"Sigma":0.4141136721155881,"Taucorr":0.14317265126208867},"EnergyVariance":{"Mean":132.1159426622659,"Sigma":5.770818744594481,"Taucorr":0.007473107000046997},"Iteration":2},
{"Acceptance":[0.41953318489980734],"Energy":{"Mean":-349.60786290322585,"Sigma":0.5042615741788917,"Taucorr":0.5671899659375774},"EnergyVariance":{"Mean":118.06296236830129,"Sigma":6.9484910085965215,"Taucorr":0.13085927187905133},"Iteration":3},
{"Acceptance":[0.36210692217246643],"Energy":{"Mean":-355.90725806451604,"Sigma":0.47091900478788434,"Taucorr":0.7447870342077354},"EnergyVariance":{"Mean":88.27567312695108,"Sigma":3.887493532804025,"Taucorr":0.02773771073333542},"Iteration":4},
{"Acceptance":[0.30705726365296576],"Energy":{"Mean":-362.2116935483871,"Sigma":0.5896482359553694,"Taucorr":1.4598244062092651},"EnergyVariance":{"Mean":87.90478261576482,"Sigma":5.75644767423514,"Taucorr":0.5339264754495021},"Iteration":5},
{"Acceptance":[0.263377780001501],"Energy":{"Mean":-366.15524193548396,"Sigma":0.3551786731350596,"Taucorr":0.49762054842718295},"EnergyVariance":{"Mean":62.65735155437044,"Sigma":3.6665911076042423,"Taucorr":0.3302905998022536},"Iteration":6},
{"Acceptance":[0.2318690115828184],"Energy":{"Mean":-370.48487903225805,"Sigma":0.438853682855432,"Taucorr":1.3483071052291002},"EnergyVariance":{"Mean":51.630819743431324,"Sigma":3.077019146126813,"Taucorr":0.28434061782827447},"Iteration":7},
{"Acceptance":[0.20841568058439447],"Energy":{"Mean":-374.1139112903226,"Sigma":0.40362975398193107,"Taucorr":1.2791453470735783},"EnergyVariance":{"Mean":45.373112927614464,"Sigma":2.84823465230679,"Taucorr":0.2771975761526203},"Iteration":8},
{"Acceptance":[0.18421184299402096],"Energy":{"Mean":-377.6552419354839,"Sigma":0.3439866117213448,"Taucorr":1.2668665385709528},"EnergyVariance":{"Mean":33.183561231789795,"Sigma":1.8067085578514108,"Taucorr":0.24808636133137218},"Iteration":9},
{"Acceptance":[0.16544917819528182],"Energy":{"Mean":-378.67439516129036,"Sigma":0.397358693145171,"Taucorr":2.1100012081068584},"EnergyVariance":{"Mean":29.975634714815293,"Sigma":1.2528452247708182,"Taucorr":-0.1364965663342892},"Iteration":10},
{"Acceptance":[0.15247792259775347],"Energy":{"Mean":-381.36290322580646,"Sigma":0.4025568207200794,"Taucorr":2.261045760746446},"EnergyVariance":{"Mean":29.082010926118627,"Sigma":1.723850232661241,"Taucorr":0.3264191580474697},"Iteration":11},
{"Acceptance":[0.13620443799564705],"Energy":{"Mean":-383.99294354838713,"Sigma":0.2891356786817994,"Taucorr":1.4104667369581125},"EnergyVariance":{"Mean":21.682409883909987,"Sigma":1.392179977200247,"Taucorr":0.23724456152773143},"Iteration":12},
{"Acceptance":[0.12254521802216496],"Energy":{"Mean":-384.4506048387097,"Sigma":0.5328974577789661,"Taucorr":5.208213199870022},"EnergyVariance":{"Mean":24.650785924492716,"Sigma":2.6798145893827194,"Taucorr":2.025809325822446},"Iteration":13},
{"Acceptance":[0.10898606559427614],"Energy":{"Mean":-386.4909274193549,"Sigma":0.2736779129305366,"Taucorr":1.9491784048499423},"EnergyVariance":{"Mean":15.15314349473205,"Sigma":1.2932769773864583,"Taucorr":1.0062506974008403},"Iteration":14},
{"Acceptance":[0.10303204663147625],"Energy":{"Mean":-387.16028225806457,"Sigma":0.31722814916275716,"Taucorr":2.5705508709633125},"EnergyVariance":{"Mean":16.239430565491677,"Sigma":1.936324404478806,"Taucorr":1.3740571557684857},"Iteration":15},
{"Acceptance":[0.08760913616691267],"Energy":{"Mean":-388.53528225806457,"Sigma":0.23064228276645815,"Taucorr":2.386450986381687},"EnergyVariance":{"Mean":9.131819678394903,"Sigma":1.3407587267808967,"Taucorr":2.1946481895131913},"Iteration":16},
{"Acceptance":[0.08333124859280014],"Energy":{"Mean":-388.98387096774195,"Sigma":0.11818512159543713,"Taucorr":0.3575893067005883},"EnergyVariance":{"Mean":8.070304370447449,"Sigma":0.569256788690309,"Taucorr":0.21705002294654296},"Iteration":17},
{"Acceptance":[0.07277412253270958],"Energy":{"Mean":-389.898185483871,"Sigma":0.12557802963863762,"Taucorr":0.7722476957080036},"EnergyVariance":{"Mean":6.141851546240893,"Sigma":0.6673844198824578,"Taucorr":0.8136883917148621},"Iteration":18},
{"Acceptance":[0.06880894603857604],"Energy":{"Mean":-390.0514112903226,"Sigma":0.13789767446224388,"Taucorr":1.0463848898956258},"EnergyVariance":{"Mean":6.093123008259627,"Sigma":0.5258667586518968,"Taucorr":0.44141066006919727},"Iteration":19},
{"Acceptance":[0.06463112601005679],"Energy":{"Mean":-390.38608870967744,"Sigma":0.12146849759111089,"Taucorr":1.061294977445264},"EnergyVariance":{"Mean":4.682588734066077,"Sigma":0.421277429047237,"Taucorr":0.2057188875286713},"Iteration":20},
{"Acceptance":[0.05853951417206615],"Energy":{"Mean":-390.8699596774193,"Sigma":0.07804225152928415,"Taucorr":0.35873571145268013},"EnergyVariance":{"Mean":3.514339514503122,"Sigma":0.35557018320873046,"Taucorr":0.23949713393185368},"Iteration":21},
{"Acceptance":[0.05362369599479649],"Energy":{"Mean":-391.070564516129,"Sigma":0.09373843725665462,"Taucorr":0.7804617807046728},"EnergyVariance":{"Mean":3.4002625845473458,"Sigma":0.2718147372005132,"Taucorr":0.056909198763479774},"Iteration":22},
{"Acceptance":[0.04983363770545118],"Energy":{"Mean":-391.336693548387,"Sigma":0.07726624364633447,"Taucorr":0.5504596090159921},"EnergyVariance":{"Mean":2.816072938345473,"Sigma":0.40663308013722954,"Taucorr":0.2152724250064103},"Iteration":23},
{"Acceptance":[0.04585595276811848],"Energy":{"Mean":-391.5443548387096,"Sigma":0.07425953631076858,"Taucorr":0.6136035063712713},"EnergyVariance":{"Mean":2.4536778095733607,"Sigma":0.24982207832543754,"Taucorr":0.1529614398285778},"Iteration":24},
{"Acceptance":[0.044442498686613464],"Energy":{"Mean":-391.5,"Sigma":0.07563574637056558,"Taucorr":0.753102718360124},"EnergyVariance":{"Mean":2.2620967741935485,"Sigma":0.18780037219172932,"Taucorr":0.08631149764683799},"Iteration":25},
{"Acceptance":[0.03993945913491607],"Energy":{"Mean":-391.61895161290323,"Sigma":0.06345737437695041,"Taucorr":0.41299315236224887},"EnergyVariance":{"Mean":2.1854472879812694,"Sigma":0.20558557518987483,"Taucorr":0.10096960675887001},"Iteration":26},
{"Acceptance":[0.03941410452055137],"Energy":{"Mean":-391.87399193548384,"Sigma":0.051857383631256845,"Taucorr":0.505005772599654},"EnergyVariance":{"Mean":1.3258558386446408,"Sigma":0.11256429088871386,"Taucorr":0.09080106129692012},"Iteration":27},
{"Acceptance":[0.03612438395917244],"Energy":{"Mean":-391.8024193548387,"Sigma":0.08770122667076077,"Taucorr":1.0224463290964114},"EnergyVariance":{"Mean":2.503300598335067,"Sigma":0.42231130762660724,"Taucorr":0.5800928726503884},"Iteration":28},
{"Acceptance":[0.03404798238811198],"Energy":{"Mean":-392.0080645161291,"Sigma":0.08081676969838382,"Taucorr":1.0925081974536557},"EnergyVariance":{"Mean":2.032193028095734,"Sigma":0.4489249984971808,"Taucorr":0.7832983028815625},"Iteration":29},
{"Acceptance":[0.03164636129387337],"Energy":{"Mean":-392.0564516129031,"Sigma":0.06752978974202166,"Taucorr":0.7558771236219486},"EnergyVariance":{"Mean":1.7992325702393341,"Sigma":0.3292038720237111,"Taucorr":0.5572703793876512},"Iteration":30},
{"Acceptance":[0.027656167913341505],"Energy":{"Mean":-392.1864919354839,"Sigma":0.0630600557369912,"Taucorr":0.674303877886308},"EnergyVariance":{"Mean":1.6779223709027054,"Sigma":0.31015531254756923,"Taucorr":0.14011728228203224},"Iteration":31},
{"Acceptance":[0.027931353663723013],"Energy":{"Mean":-392.23891129032256,"Sigma":0.049940076387827693,"Taucorr":0.4485586111915433},"EnergyVariance":{"Mean":1.3028004276144642,"Sigma":0.21432505332598853,"Taucorr":0.10172301253362726},"Iteration":32},
{"Acceptance":[0.023903634953593676],"Energy":{"Mean":-392.3477822580645,"Sigma":0.06096471055501027,"Taucorr":1.0521379628909242},"EnergyVariance":{"Mean":1.186507178394901,"Sigma":0.22464652304959348,"Taucorr":0.5188293011816014},"Iteration":33},
{"Acceptance":[0.024529057113551647],"Energy":{"Mean":-392.3699596774193,"Sigma":0.048587594240530205,"Taucorr":0.6898751287354148},"EnergyVariance":{"Mean":0.9830895145031215,"Sigma":0.1763684651845089,"Taucorr":0.31727412523072196},"Iteration":34},
{"Acceptance":[0.022840417281665124],"Energy":{"Mean":-392.43951612903226,"Sigma":0.044121299892812375,"Taucorr":0.5722757800590494},"EnergyVariance":{"Mean":0.8995675078043702,"Sigma":0.12650619568471985,"Taucorr":0.22468738087726325},"Iteration":35},
{"Acceptance":[0.020238661096239962],"Energy":{"Mean":-392.5453629032258,"Sigma":0.04039140631530065,"Taucorr":0.4569972310943884},"EnergyVariance":{"Mean":0.8447164005593132,"Sigma":0.1890520179287452,"Taucorr":0.3301262073268023},"Iteration":36},
{"Acceptance":[0.01827483551397193],"Energy":{"Mean":-392.55141129032256,"Sigma":0.04743833511226672,"Taucorr":1.050581084524456},"EnergyVariance":{"Mean":0.7191310727757545,"Sigma":0.131326406160989,"Taucorr":0.3715980792778254},"Iteration":37},
{"Acceptance":[0.018474970605158483],"Energy":{"Mean":-392.4737903225806,"Sigma":0.06031281816092063,"Taucorr":0.9450838615414201},"EnergyVariance":{"Mean":1.247296923777315,"Sigma":0.26637254493135065,"Taucorr":0.29389001389603175},"Iteration":38},
{"Acceptance":[0.018237310184374453],"Energy":{"Mean":-392.5957661290323,"Sigma":0.03401526960935505,"Taucorr":0.33037562755443084},"EnergyVariance":{"Mean":0.6904256227237253,"Sigma":0.10303246492097706,"Taucorr":0.132947228734553},"Iteration":39},
{"Acceptance":[0.01566057088534761],"Energy":{"Mean":-392.6592741935484,"Sigma":0.027851298098256042,"Taucorr":0.006461688707037672},"EnergyVariance":{"Mean":0.758905924817898,"Sigma":0.18490787923893476,"Taucorr":-0.00806362384165854},"Iteration":40},
{"Acceptance":[0.014835013634203087],"Energy":{"Mean":-392.61391129032256,"Sigma":0.05002411185874408,"Taucorr":0.5122599807920338},"EnergyVariance":{"Mean":1.2249274437434963,"Sigma":0.32208377973961966,"Taucorr":0.2893445294270369},"Iteration":41},
{"Acceptance":[0.014847522077402246],"Energy":{"Mean":-392.7046370967742,"Sigma":0.035374303896622786,"Taucorr":0.2781296587959754},"EnergyVariance":{"Mean":0.796833336043184,"Sigma":0.2322526122406606,"Taucorr":0.08559536714376426},"Iteration":42},
{"Acceptance":[0.015460435794161058],"Energy":{"Mean":-392.70866935483866,"Sigma":0.021218900035011316,"Taucorr":-0.004683712706617105},"EnergyVariance":{"Mean":0.45040871325442255,"Sigma":0.058083434538695085,"Taucorr":-0.07022683418333292},"Iteration":43},
{"Acceptance":[0.014247116803842594],"Energy":{"Mean":-392.75403225806457,"Sigma":0.02113732856494116,"Taucorr":0.09357108345318987},"EnergyVariance":{"Mean":0.3729676118626431,"Sigma":0.05989315277319227,"Taucorr":-0.022448696029783943},"Iteration":44},
{"Acceptance":[0.015110199384584595],"Energy":{"Mean":-392.75201612903226,"Sigma":0.034868930726912155,"Taucorr":0.7424850011597102},"EnergyVariance":{"Mean":0.4848749674817898,"Sigma":0.1215476818091804,"Taucorr":0.08556606869249284},"Iteration":45},
{"Acceptance":[0.012908713381532535],"Energy":{"Mean":-392.7721774193547,"Sigma":0.03172334880411988,"Taucorr":0.9032639198684573},"EnergyVariance":{"Mean":0.355354936264308,"Sigma":0.06296709115251978,"Taucorr":0.2300509632425014},"Iteration":46},
{"Acceptance":[0.012208240562379607],"Energy":{"Mean":-392.8104838709677,"Sigma":0.02221252109687292,"Taucorr":0.21252240992593285},"EnergyVariance":{"Mean":0.3431158949011446,"Sigma":0.07432876866955403,"Taucorr":0.2863539293259122},"Iteration":47},
{"Acceptance":[0.01148275085682836],"Energy":{"Mean":-392.77620967741933,"Sigma":0.04758306559361802,"Taucorr":1.493324991754505},"EnergyVariance":{"Mean":0.5628211173257024,"Sigma":0.2229734607042779,"Taucorr":1.206784868004339},"Iteration":48},
{"Acceptance":[0.011157531333650213],"Energy":{"Mean":-392.8114919354839,"Sigma":0.03524479577969669,"Taucorr":0.8397371837833176},"EnergyVariance":{"Mean":0.4594243870317377,"Sigma":0.17308237843723143,"Taucorr":1.0861900459892941},"Iteration":49} 
]}