{"Output": [
{"Acceptance":[0.0008252703471826978],"Energy":{"Mean":-4136.112903225808,"Sigma":0.05540504528165225,"Taucorr":0.7709281961468886},"EnergyVariance":{"Mean":0.14854318418314258,"Sigma":0.04223044028516243,"Taucorr":0.5958639305628912},"Iteration":0},
{"Acceptance":[2.8457598178713718e-05],"Energy":{"Mean":-4137.0,"Sigma":0.0,"Taucorr":null},"EnergyVariance":{"Mean":0.0,"Sigma":0.0,"Taucorr":null},"Iteration":1},
{"Acceptance":[0.0],"Energy":{"Mean":-4137.0,"Sigma":0.0,"Taucorr":null},"EnergyVariance":{"Mean":0.0,"Sigma":0.0,"Taucorr":null},"Iteration":2},
{"Acceptance":[0.0],"Energy":{"Mean":-4137.0,"Sigma":0.0,"Taucorr":null},"EnergyVariance":{"Mean":0.0,"Sigma":0.0,"Taucorr":null},"Iteration":3},
{"Acceptance":[0.0],"Energy":{"Mean":-4137.0,"Sigma":0.0,"Taucorr":null},"EnergyVariance":{"Mean":0.0,"Sigma":0.0,"Taucorr":null},"Iteration":4},
{"Acceptance":[0.0],"Energy":{"Mean":-4137.0,"Sigma":0.0,"Taucorr":null},"EnergyVariance":{"Mean":0.0,"Sigma":0.0,"Taucorr":null},"Iteration":5},
{"Acceptance":[5.6915196357427435e-05],"Energy":{"Mean":-4137.16935483871,"Sigma":0.16935483870968396,"Taucorr":1.024793388429788},"EnergyVariance":{"Mean":1.156802809573361,"Sigma":1.1281217481788013,"Taucorr":1.0247933884297522},"Iteration":6},
{"Acceptance":[0.0001422879908935686],"Energy":{"Mean":-4144.0,"Sigma":0.0,"Taucorr":null},"EnergyVariance":{"Mean":0.0,"Sigma":0.0,"Taucorr":null},"Iteration":7},
{"Acceptance":[5.6915196357427435e-05],"Energy":{"Mean":-4144.056451612903,"Sigma":0.056451612903215966,"Taucorr":-1.4732659536775827e-13},"EnergyVariance":{"Mean":0.3919745057232049,"Sigma":0.3887877211238095,"Taucorr":2.220446049250313e-16},"Iteration":8},
{"Acceptance":[0.0015936254980079682],"Energy":{"Mean":-4145.41129032258,"Sigma":0.338709677419403,"Taucorr":0.3945454545455903},"EnergyVariance":{"Mean":7.887291883454734,"Sigma":1.4149323621235042,"Taucorr":0.39454545454545453},"Iteration":9},
{"Acceptance":[8.537279453614115e-05],"Energy":{"Mean":-4150.774193548386,"Sigma":0.15698556484115458,"Taucorr":0.49083333333312185},"EnergyVariance":{"Mean":1.5296566077003122,"Sigma":1.0280022471855852,"Taucorr":0.49083333333333345},"Iteration":10},
{"Acceptance":[5.6915196357427435e-05],"Energy":{"Mean":-4151.0,"Sigma":0.0,"Taucorr":null},"EnergyVariance":{"Mean":0.0,"Sigma":0.0,"Taucorr":null},"Iteration":11},
{"Acceptance":[5.6915196357427435e-05],"Energy":{"Mean":-4150.975806451614,"Sigma":0.024193548387098626,"Taucorr":9.747758156208874e-14},"EnergyVariance":{"Mean":0.07199531737773152,"Sigma":0.07140998959420677,"Taucorr":0.0},"Iteration":12},
{"Acceptance":[0.0],"Energy":{"Mean":-4151.0,"Sigma":0.0,"Taucorr":null},"EnergyVariance":{"Mean":0.0,"Sigma":0.0,"Taucorr":null},"Iteration":13},
{"Acceptance":[5.6915196357427435e-05],"Energy":{"Mean":-4150.975806451614,"Sigma":0.024193548387094206,"Taucorr":-8.515410598874951e-14},"EnergyVariance":{"Mean":0.07199531737773153,"Sigma":0.0714099895942068,"Taucorr":0.0},"Iteration":14},
{"Acceptance":[0.0],"Energy":{"Mean":-4151.0,"Sigma":0.0,"Taucorr":null},"EnergyVariance":{"Mean":0.0,"Sigma":0.0,"Taucorr":null},"Iteration":15},
{"Acceptance":[0.0],"Energy":{"Mean":-4151.0,"Sigma":0.0,"Taucorr":null},"EnergyVariance":{"Mean":0.0,"Sigma":0.0,"Taucorr":null},"Iteration":16},
{"Acceptance":[0.0],"Energy":{"Mean":-4151.0,"Sigma":0.0,"Taucorr":null},"EnergyVariance":{"Mean":0.0,"Sigma":0.0,"Taucorr":null},"Iteration":17},
{"Acceptance":[0.0],"Energy":{"Mean":-4151.0,"Sigma":0.0,"Taucorr":null},"EnergyVariance":{"Mean":0.0,"Sigma":0.0,"Taucorr":null},"Iteration":18},
{"Acceptance":[0.0],"Energy":{"Mean":-4151.0,"Sigma":0.0,"Taucorr":null},"EnergyVariance":{"Mean":0.0,"Sigma":0.0,"Taucorr":null},"Iteration":19},
{"Acceptance":[0.0],"Energy":{"Mean":-4151.0,"Sigma":0.0,"Taucorr":null},"EnergyVariance":{"Mean":0.0,"Sigma":0.0,"Taucorr":null},"Iteration":20},
{"Acceptance":[0.0],"Energy":{"Mean":-4151.0,"Sigma":0.0,"Taucorr":null},"EnergyVariance":{"Mean":0.0,"Sigma":0.0,"Taucorr":null},"Iteration":21},
{"Acceptance":[0.0],"Energy":{"Mean":-4151.0,"Sigma":0.0,"Taucorr":null},"EnergyVariance":{"Mean":0.0,"Sigma":0.0,"Taucorr":null},"Iteration":22},
{"Acceptance":[0.0],"Energy":{"Mean":-4151.0,"Sigma":0.0,"Taucorr":null},"EnergyVariance":{"Mean":0.0,"Sigma":0.0,"Taucorr":null},"Iteration":23},
{"Acceptance":[0.0],"Energy":{"Mean":-4151.0,"Sigma":0.0,"Taucorr":null},"EnergyVariance":{"Mean":0.0,"Sigma":0.0,"Taucorr":null},"Iteration":24},
{"Acceptance":[0.0],"Energy":{"Mean":-4151.0,"Sigma":0.0,"Taucorr":null},"EnergyVariance":{"Mean":0.0,"Sigma":0.0,"Taucorr":null},"Iteration":25},
{"Acceptance":[0.0],"Energy":{"Mean":-4151.0,"Sigma":0.0,"Taucorr":null},"EnergyVariance":{"Mean":0.0,"Sigma":0.0,"Taucorr":null},"Iteration":26},
{"Acceptance":[0.0],"Energy":{"Mean":-4151.0,"Sigma":0.0,"Taucorr":null},"EnergyVariance":{"Mean":0.0,"Sigma":0.0,"Taucorr":null},"Iteration":27},
{"Acceptance":[0.0],"Energy":{"Mean":-4151.0,"Sigma":0.0,"Taucorr":null},"EnergyVariance":{"Mean":0.0,"Sigma":0.0,"Taucorr":null},"Iteration":28},
{"Acceptance":[0.0],"Energy":{"Mean":-4151.0,"Sigma":0.0,"Taucorr":null},"EnergyVariance":{"Mean":0.0,"Sigma":0.0,"Taucorr":null},"Iteration":29},
{"Acceptance":[0.0],"Energy":{"Mean":-4151.0,"Sigma":0.0,"Taucorr":null},"EnergyVariance":{"Mean":0.0,"Sigma":0.0,"Taucorr":null},"Iteration":30},
{"Acceptance":[0.0],"Energy":{"Mean":-4151.0,"Sigma":0.0,"Taucorr":null},"EnergyVariance":{"Mean":0.0,"Sigma":0.0,"Taucorr":null},"Iteration":31},
{"Acceptance":[5.6915196357427435e-05],"Energy":{"Mean":-4150.903225806452,"Sigma":0.06727952778908715,"Taucorr":-0.012704918032685864},"EnergyVariance":{"Mean":0.5712799167533819,"Sigma":0.39065532264627184,"Taucorr":-0.012704918032786672},"Iteration":32},
{"Acceptance":[0.0],"Energy":{"Mean":-4151.0,"Sigma":0.0,"Taucorr":null},"EnergyVariance":{"Mean":0.0,"Sigma":0.0,"Taucorr":null},"Iteration":33},
{"Acceptance":[0.0],"Energy":{"Mean":-4151.0,"Sigma":0.0,"Taucorr":null},"EnergyVariance":{"Mean":0.0,"Sigma":0.0,"Taucorr":null},"Iteration":34},
{"Acceptance":[5.6915196357427435e-05],"Energy":{"Mean":-4151.0,"Sigma":0.0,"Taucorr":null},"EnergyVariance":{"Mean":0.0,"Sigma":0.0,"Taucorr":null},"Iteration":35},
{"Acceptance":[0.0],"Energy":{"Mean":-4151.0,"Sigma":0.0,"Taucorr":null},"EnergyVariance":{"Mean":0.0,"Sigma":0.0,"Taucorr":null},"Iteration":36},
{"Acceptance":[0.0],"Energy":{"Mean":-4151.0,"Sigma":0.0,"Taucorr":null},"EnergyVariance":{"Mean":0.0,"Sigma":0.0,"Taucorr":null},"Iteration":37},
{"Acceptance":[0.0],"Energy":{"Mean":-4151.0,"Sigma":0.0,"Taucorr":null},"EnergyVariance":{"Mean":0.0,"Sigma":0.0,"Taucorr":null},"Iteration":38},
{"Acceptance":[0.0],"Energy":{"Mean":-4151.0,"Sigma":0.0,"Taucorr":null},"EnergyVariance":{"Mean":0.0,"Sigma":0.0,"Taucorr":null},"Iteration":39},
{"Acceptance":[0.0],"Energy":{"Mean":-4151.0,"Sigma":0.0,"Taucorr":null},"EnergyVariance":{"Mean":0.0,"Sigma":0.0,"Taucorr":null},"Iteration":40},
{"Acceptance":[0.0],"Energy":{"Mean":-4151.0,"Sigma":0.0,"Taucorr":null},"EnergyVariance":{"Mean":0.0,"Sigma":0.0,"Taucorr":null},"Iteration":41},
{"Acceptance":[0.0],"Energy":{"Mean":-4151.0,"Sigma":0.0,"Taucorr":null},"EnergyVariance":{"Mean":0.0,"Sigma":0.0,"Taucorr":null},"Iteration":42},
{"Acceptance":[5.6915196357427435e-05],"Energy":{"Mean":-4151.032258064516,"Sigma":0.03225806451612433,"Taucorr":0.5081967213112635},"EnergyVariance":{"Mean":0.06347554630593132,"Sigma":0.06243496357960646,"Taucorr":0.5081967213114749},"Iteration":43},
{"Acceptance":[5.6915196357427435e-05],"Energy":{"Mean":-4151.0,"Sigma":0.0,"Taucorr":null},"EnergyVariance":{"Mean":0.0,"Sigma":0.0,"Taucorr":null},"Iteration":44},
{"Acceptance":[0.0],"Energy":{"Mean":-4151.0,"Sigma":0.0,"Taucorr":null},"EnergyVariance":{"Mean":0.0,"Sigma":0.0,"Taucorr":null},"Iteration":45},
{"Acceptance":[0.0001707455890722823],"Energy":{"Mean":-4151.032258064516,"Sigma":0.0322580645161379,"Taucorr":0.5081967213119145},"EnergyVariance":{"Mean":0.06347554630593132,"Sigma":0.06243496357960646,"Taucorr":0.5081967213114749},"Iteration":46},
{"Acceptance":[0.00022766078542970974],"Energy":{"Mean":-4151.064516129033,"Sigma":0.030602687033916127,"Taucorr":-0.03874999999933265},"EnergyVariance":{"Mean":0.12486992715920914,"Sigma":0.057256640256898805,"Taucorr":-0.03875000000000006},"Iteration":47},
{"Acceptance":[0.00042686397268070576],"Energy":{"Mean":-4152.903225806452,"Sigma":0.048744201964068375,"Taucorr":0.29336158192120343},"EnergyVariance":{"Mean":0.1841831425598335,"Sigma":0.08805404225765903,"Taucorr":0.2933615819209039},"Iteration":48},
{"Acceptance":[0.0],"Energy":{"Mean":-4153.0,"Sigma":0.0,"Taucorr":null},"EnergyVariance":{"Mean":0.0,"Sigma":0.0,"Taucorr":null},"Iteration":49},
{"Acceptance":[0.0],"Energy":{"Mean":-4153.0,"Sigma":0.0,"Taucorr":null},"EnergyVariance":{"Mean":0.0,"Sigma":0.0,"Taucorr":null},"Iteration":50},
{"Acceptance":[0.0],"Energy":{"Mean":-4153.0,"Sigma":0.0,"Taucorr":null},"EnergyVariance":{"Mean":0.0,"Sigma":0.0,"Taucorr":null},"Iteration":51},
{"Acceptance":[0.0],"Energy":{"Mean":-4153.0,"Sigma":0.0,"Taucorr":null},"EnergyVariance":{"Mean":0.0,"Sigma":0.0,"Taucorr":null},"Iteration":52},
{"Acceptance":[0.0],"Energy":{"Mean":-4153.0,"Sigma":0.0,"Taucorr":null},"EnergyVariance":{"Mean":0.0,"Sigma":0.0,"Taucorr":null},"Iteration":53},
{"Acceptance":[0.0],"Energy":{"Mean":-4153.0,"Sigma":0.0,"Taucorr":null},"EnergyVariance":{"Mean":0.0,"Sigma":0.0,"Taucorr":null},"Iteration":54},
{"Acceptance":[0.0],"Energy":{"Mean":-4153.0,"Sigma":0.0,"Taucorr":null},"EnergyVariance":{"Mean":0.0,"Sigma":0.0,"Taucorr":null},"Iteration":55},
{"Acceptance":[0.0],"Energy":{"Mean":-4153.0,"Sigma":0.0,"Taucorr":null},"EnergyVariance":{"Mean":0.0,"Sigma":0.0,"Taucorr":null},"Iteration":56},
{"Acceptance":[0.00011383039271485487],"Energy":{"Mean":-4153.0,"Sigma":0.0,"Taucorr":null},"EnergyVariance":{"Mean":0.0,"Sigma":0.0,"Taucorr":null},"Iteration":57},
{"Acceptance":[0.0],"Energy":{"Mean":-4153.0,"Sigma":0.0,"Taucorr":null},"EnergyVariance":{"Mean":0.0,"Sigma":0.0,"Taucorr":null},"Iteration":58},
{"Acceptance":[0.0],"Energy":{"Mean":-4153.0,"Sigma":0.0,"Taucorr":null},"EnergyVariance":{"Mean":0.0,"Sigma":0.0,"Taucorr":null},"Iteration":59},
{"Acceptance":[0.0],"Energy":{"Mean":-4153.0,"Sigma":0.0,"Taucorr":null},"EnergyVariance":{"Mean":0.0,"Sigma":0.0,"Taucorr":null},"Iteration":60},
{"Acceptance":[0.0],"Energy":{"Mean":-4153.0,"Sigma":0.0,"Taucorr":null},"EnergyVariance":{"Mean":0.0,"Sigma":0.0,"Taucorr":null},"Iteration":61},
{"Acceptance":[0.0],"Energy":{"Mean":-4153.0,"Sigma":0.0,"Taucorr":null},"EnergyVariance":{"Mean":0.0,"Sigma":0.0,"Taucorr":null},"Iteration":62},
{"Acceptance":[0.0],"Energy":{"Mean":-4153.0,"Sigma":0.0,"Taucorr":null},"EnergyVariance":{"Mean":0.0,"Sigma":0.0,"Taucorr":null},"Iteration":63},
{"Acceptance":[0.0],"Energy":{"Mean":-4153.0,"Sigma":0.0,"Taucorr":null},"EnergyVariance":{"Mean":0.0,"Sigma":0.0,"Taucorr":null},"Iteration":64},
{"Acceptance":[0.0],"Energy":{"Mean":-4153.0,"Sigma":0.0,"Taucorr":null},"EnergyVariance":{"Mean":0.0,"Sigma":0.0,"Taucorr":null},"Iteration":65},
{"Acceptance":[0.0],"Energy":{"Mean":-4153.0,"Sigma":0.0,"Taucorr":null},"EnergyVariance":{"Mean":0.0,"Sigma":0.0,"Taucorr":null},"Iteration":66},
{"Acceptance":[0.0],"Energy":{"Mean":-4153.0,"Sigma":0.0,"Taucorr":null},"EnergyVariance":{"Mean":0.0,"Sigma":0.0,"Taucorr":null},"Iteration":67},
{"Acceptance":[0.0],"Energy":{"Mean":-4153.0,"Sigma":0.0,"Taucorr":null},"EnergyVariance":{"Mean":0.0,"Sigma":0.0,"Taucorr":null},"Iteration":68},
{"Acceptance":[0.0],"Energy":{"Mean":-4153.0,"Sigma":0.0,"Taucorr":null},"EnergyVariance":{"Mean":0.0,"Sigma":0.0,"Taucorr":null},"Iteration":69},
{"Acceptance":[0.0],"Energy":{"Mean":-4153.0,"Sigma":0.0,"Taucorr":null},"EnergyVariance":{"Mean":0.0,"Sigma":0.0,"Taucorr":null},"Iteration":70},
{"Acceptance":[0.0],"Energy":{"Mean":-4153.0,"Sigma":0.0,"Taucorr":null},"EnergyVariance":{"Mean":0.0,"Sigma":0.0,"Taucorr":null},"Iteration":71},
{"Acceptance":[0.0],"Energy":{"Mean":-4153.0,"Sigma":0.0,"Taucorr":null},"EnergyVariance":{"Mean":0.0,"Sigma":0.0,"Taucorr":null},"Iteration":72},
{"Acceptance":[0.0],"Energy":{"Mean":-4153.0,"Sigma":0.0,"Taucorr":null},"EnergyVariance":{"Mean":0.0,"Sigma":0.0,"Taucorr":null},"Iteration":73},
{"Acceptance":[0.0],"Energy":{"Mean":-4153.0,"Sigma":0.0,"Taucorr":null},"EnergyVariance":{"Mean":0.0,"Sigma":0.0,"Taucorr":null},"Iteration":74},
{"Acceptance":[0.0],"Energy":{"Mean":-4153.0,"Sigma":0.0,"Taucorr":null},"EnergyVariance":{"Mean":0.0,"Sigma":0.0,"Taucorr":null},"Iteration":75},
{"Acceptance":[0.0],"Energy":{"Mean":-4153.0,"Sigma":0.0,"Taucorr":null},"EnergyVariance":{"Mean":0.0,"Sigma":0.0,"Taucorr":null},"Iteration":76},
{"Acceptance":[0.0],"Energy":{"Mean":-4153.0,"Sigma":0.0,"Taucorr":null},"EnergyVariance":{"Mean":0.0,"Sigma":0.0,"Taucorr":null},"Iteration":77},
{"Acceptance":[0.0],"Energy":{"Mean":-4153.0,"Sigma":0.0,"Taucorr":null},"EnergyVariance":{"Mean":0.0,"Sigma":0.0,"Taucorr":null},"Iteration":78},
{"Acceptance":[0.0],"Energy":{"Mean":-4153.0,"Sigma":0.0,"Taucorr":null},"EnergyVariance":{"Mean":0.0,"Sigma":0.0,"Taucorr":null},"Iteration":79},
{"Acceptance":[0.0],"Energy":{"Mean":-4153.0,"Sigma":0.0,"Taucorr":null},"EnergyVariance":{"Mean":0.0,"Sigma":0.0,"Taucorr":null},"Iteration":80},
{"Acceptance":[0.0],"Energy":{"Mean":-4153.0,"Sigma":0.0,"Taucorr":null},"EnergyVariance":{"Mean":0.0,"Sigma":0.0,"Taucorr":null},"Iteration":81},
{"Acceptance":[0.0],"Energy":{"Mean":-4153.0,"Sigma":0.0,"Taucorr":null},"EnergyVariance":{"Mean":0.0,"Sigma":0.0,"Taucorr":null},"Iteration":82},
{"Acceptance":[0.0],"Energy":{"Mean":-4153.0,"Sigma":0.0,"Taucorr":null},"EnergyVariance":{"Mean":0.0,"Sigma":0.0,"Taucorr":null},"Iteration":83},
{"Acceptance":[0.0],"Energy":{"Mean":-4153.0,"Sigma":0.0,"Taucorr":null},"EnergyVariance":{"Mean":0.0,"Sigma":0.0,"Taucorr":null},"Iteration":84},
{"Acceptance":[0.0],"Energy":{"Mean":-4153.0,"Sigma":0.0,"Taucorr":null},"EnergyVariance":{"Mean":0.0,"Sigma":0.0,"Taucorr":null},"Iteration":85},
{"Acceptance":[0.0],"Energy":{"Mean":-4153.0,"Sigma":0.0,"Taucorr":null},"EnergyVariance":{"Mean":0.0,"Sigma":0.0,"Taucorr":null},"Iteration":86},
{"Acceptance":[0.0],"Energy":{"Mean":-4153.0,"Sigma":0.0,"Taucorr":null},"EnergyVariance":{"Mean":0.0,"Sigma":0.0,"Taucorr":null},"Iteration":87},
{"Acceptance":[5.6915196357427435e-05],"Energy":{"Mean":-4153.0,"Sigma":0.0,"Taucorr":null},"EnergyVariance":{"Mean":0.0,"Sigma":0.0,"Taucorr":null},"Iteration":88},
{"Acceptance":[0.0],"Energy":{"Mean":-4153.0,"Sigma":0.0,"Taucorr":null},"EnergyVariance":{"Mean":0.0,"Sigma":0.0,"Taucorr":null},"Iteration":89},
{"Acceptance":[0.0],"Energy":{"Mean":-4153.0,"Sigma":0.0,"Taucorr":null},"EnergyVariance":{"Mean":0.0,"Sigma":0.0,"Taucorr":null},"Iteration":90},
{"Acceptance":[0.0],"Energy":{"Mean":-4153.0,"Sigma":0.0,"Taucorr":null},"EnergyVariance":{"Mean":0.0,"Sigma":0.0,"Taucorr":null},"Iteration":91},
{"Acceptance":[0.0],"Energy":{"Mean":-4153.0,"Sigma":0.0,"Taucorr":null},"EnergyVariance":{"Mean":0.0,"Sigma":0.0,"Taucorr":null},"Iteration":92},
{"Acceptance":[0.0],"Energy":{"Mean":-4153.0,"Sigma":0.0,"Taucorr":null},"EnergyVariance":{"Mean":0.0,"Sigma":0.0,"Taucorr":null},"Iteration":93},
{"Acceptance":[0.0],"Energy":{"Mean":-4153.0,"Sigma":0.0,"Taucorr":null},"EnergyVariance":{"Mean":0.0,"Sigma":0.0,"Taucorr":null},"Iteration":94},
{"Acceptance":[0.0],"Energy":{"Mean":-4153.0,"Sigma":0.0,"Taucorr":null},"EnergyVariance":{"Mean":0.0,"Sigma":0.0,"Taucorr":null},"Iteration":95},
{"Acceptance":[0.0],"Energy":{"Mean":-4153.0,"Sigma":0.0,"Taucorr":null},"EnergyVariance":{"Mean":0.0,"Sigma":0.0,"Taucorr":null},"Iteration":96},
{"Acceptance":[0.0],"Energy":{"Mean":-4153.0,"Sigma":0.0,"Taucorr":null},"EnergyVariance":{"Mean":0.0,"Sigma":0.0,"Taucorr":null},"Iteration":97},
{"Acceptance":[0.0],"Energy":{"Mean":-4153.0,"Sigma":0.0,"Taucorr":null},"EnergyVariance":{"Mean":0.0,"Sigma":0.0,"Taucorr":null},"Iteration":98},
{"Acceptance":[0.0],"Energy":{"Mean":-4153.0,"Sigma":0.0,"Taucorr":null},"EnergyVariance":{"Mean":0.0,"Sigma":0.0,"Taucorr":null},"Iteration":99} 
]}