{"Output": [
{"Acceptance":[0.8050780890647004],"Energy":{"Mean":-3932.755040322581,"Sigma":1.6520781405264904,"Taucorr":0.23400958953390127},"EnergyVariance":{"Mean":1842.4813254015996,"Sigma":83.91028822800965,"Taucorr":-0.04095919545063703},"Iteration":0},
{"Acceptance":[0.7176020606738234],"Energy":{"Mean":-3963.276209677419,"Sigma":1.6714603211325678,"Taucorr":0.18893772489236338},"EnergyVariance":{"Mean":2009.3511275689389,"Sigma":69.46645268332539,"Taucorr":-0.19231914004504225},"Iteration":1},
{"Acceptance":[0.5250118531203781],"Energy":{"Mean":-4063.9616935483878,"Sigma":1.6388475776871712,"Taucorr":0.16176634720268368},"EnergyVariance":{"Mean":2011.0186939060877,"Sigma":81.17647502734722,"Taucorr":-0.06099543292403298},"Iteration":2},
{"Acceptance":[0.40636388725736483],"Energy":{"Mean":-4163.220766129032,"Sigma":1.5501981692142683,"Taucorr":0.34967146387964143},"EnergyVariance":{"Mean":1401.4159800582072,"Sigma":61.42371470745082,"Taucorr":0.0032842192262294567},"Iteration":3},
{"Acceptance":[0.3302067042664157],"Energy":{"Mean":-4237.789314516128,"Sigma":1.307084455696599,"Taucorr":0.3381559477390812},"EnergyVariance":{"Mean":1010.0110551752732,"Sigma":44.32358805927629,"Taucorr":-0.001954100704763151},"Iteration":4},
{"Acceptance":[0.27210164669917136],"Energy":{"Mean":-4294.313508064515,"Sigma":1.285805633476946,"Taucorr":0.5176633585604762},"EnergyVariance":{"Mean":804.9894143063866,"Sigma":36.91332933160666,"Taucorr":0.0860808019956345},"Iteration":5},
{"Acceptance":[0.22121814695038672],"Energy":{"Mean":-4339.4657258064535,"Sigma":0.8450039900454392,"Taucorr":0.12234778288483206},"EnergyVariance":{"Mean":568.4968091506244,"Sigma":27.376510404238633,"Taucorr":0.058198925652389044},"Iteration":6},
{"Acceptance":[0.17784987934584928],"Energy":{"Mean":-4375.996975806452,"Sigma":0.986912803119757,"Taucorr":0.5365546663129179},"EnergyVariance":{"Mean":465.5957569832857,"Sigma":27.288019974080594,"Taucorr":0.22554241151122656},"Iteration":7},
{"Acceptance":[0.14221621506867732],"Energy":{"Mean":-4403.947580645161,"Sigma":0.7843077086019926,"Taucorr":0.43887110501113225},"EnergyVariance":{"Mean":324.64644575962535,"Sigma":20.1224968096648,"Taucorr":0.23639319139670822},"Iteration":8},
{"Acceptance":[0.11615350321626461],"Energy":{"Mean":-4421.996975806452,"Sigma":0.6134215740149923,"Taucorr":0.39367730901172837},"EnergyVariance":{"Mean":208.63204730586625,"Sigma":10.16640512149451,"Taucorr":0.07553504875577322},"Iteration":9},
{"Acceptance":[0.09590412771648751],"Energy":{"Mean":-4436.230846774194,"Sigma":0.5053948651447786,"Taucorr":0.27124831940622585},"EnergyVariance":{"Mean":164.10094363781218,"Sigma":12.681594642196425,"Taucorr":0.3888142270402827},"Iteration":10},
{"Acceptance":[0.08210143440447801],"Energy":{"Mean":-4446.199596774194,"Sigma":0.5722656566765667,"Taucorr":0.9033394874816498},"EnergyVariance":{"Mean":115.63153209547349,"Sigma":7.480729713343202,"Taucorr":0.3203253059028017},"Iteration":11},
{"Acceptance":[0.07102672790189155],"Energy":{"Mean":-4452.791330645161,"Sigma":0.4182858000648887,"Taucorr":0.45348800228422503},"EnergyVariance":{"Mean":90.92319097131893,"Sigma":4.97313165229329,"Taucorr":0.20747169313134328},"Iteration":12},
{"Acceptance":[0.06227664829138154],"Energy":{"Mean":-4458.7348790322585,"Sigma":0.4220482543677874,"Taucorr":0.6664121891502996},"EnergyVariance":{"Mean":75.66862216278619,"Sigma":4.114114862037365,"Taucorr":0.1864912833022806},"Iteration":13},
{"Acceptance":[0.05549737108404747],"Energy":{"Mean":-4462.970766129032,"Sigma":0.3534878520549811,"Taucorr":0.4980349539361897},"EnergyVariance":{"Mean":62.036443767885025,"Sigma":5.642998586422816,"Taucorr":0.6145320378019741},"Iteration":14},
{"Acceptance":[0.04877470579493748],"Energy":{"Mean":-4466.950604838709,"Sigma":0.32672198828809423,"Taucorr":0.6506459006540761},"EnergyVariance":{"Mean":45.96832624707337,"Sigma":4.809640621727776,"Taucorr":0.7945287793147326},"Iteration":15},
{"Acceptance":[0.04573535343528196],"Energy":{"Mean":-4469.10181451613,"Sigma":0.2486141348220801,"Taucorr":0.26893929681377027},"EnergyVariance":{"Mean":39.8293515462409,"Sigma":2.935033300359128,"Taucorr":0.18494701290579174},"Iteration":16},
{"Acceptance":[0.04168406303737094],"Energy":{"Mean":-4471.152217741936,"Sigma":0.2154598086232917,"Taucorr":0.07074868092915021},"EnergyVariance":{"Mean":40.30243459774973,"Sigma":2.6026106913539793,"Taucorr":-0.06377493211363972},"Iteration":17},
{"Acceptance":[0.037707075782129035],"Energy":{"Mean":-4473.618951612903,"Sigma":0.21009879985743243,"Taucorr":0.2855031370889438},"EnergyVariance":{"Mean":27.84472148152966,"Sigma":1.521170767024303,"Taucorr":-0.04924410681764535},"Iteration":18},
{"Acceptance":[0.035856573705179286],"Energy":{"Mean":-4475.530241935482,"Sigma":0.28662165629166897,"Taucorr":0.8752179641249513},"EnergyVariance":{"Mean":29.59989187695109,"Sigma":1.9341527445830347,"Taucorr":0.07838703724109664},"Iteration":19},
{"Acceptance":[0.03353548505799183],"Energy":{"Mean":-4477.260080645163,"Sigma":0.21172666791612865,"Taucorr":0.2099963523114724},"EnergyVariance":{"Mean":31.285180638657646,"Sigma":2.404603845157589,"Taucorr":0.2854380135478398},"Iteration":20},
{"Acceptance":[0.031518685471258835],"Energy":{"Mean":-4479.945564516128,"Sigma":0.3284727347827336,"Taucorr":0.88625263949956},"EnergyVariance":{"Mean":38.565585165192516,"Sigma":3.4323939203656124,"Taucorr":0.276292176674539},"Iteration":21},
{"Acceptance":[0.029186982089404373],"Energy":{"Mean":-4482.1310483870975,"Sigma":0.3123972255556509,"Taucorr":1.0303892133724981},"EnergyVariance":{"Mean":31.597745675078038,"Sigma":3.3878253358611916,"Taucorr":0.8244059719112005},"Iteration":22},
{"Acceptance":[0.027594771889352006],"Energy":{"Mean":-4483.885080645164,"Sigma":0.42455252746098754,"Taucorr":1.9128400860121269},"EnergyVariance":{"Mean":37.01501934833507,"Sigma":2.6603094664779046,"Taucorr":0.22774825305302304},"Iteration":23},
{"Acceptance":[0.024580187243919527],"Energy":{"Mean":-4485.325604838708,"Sigma":0.3579565983660203,"Taucorr":1.775537746071989},"EnergyVariance":{"Mean":27.901037940621748,"Sigma":2.8833100818978488,"Taucorr":1.238844237559242},"Iteration":24},
{"Acceptance":[0.02553905160883995],"Energy":{"Mean":-4490.840725806453,"Sigma":0.5691555825942372,"Taucorr":3.3962456468808178},"EnergyVariance":{"Mean":41.19640592481791,"Sigma":4.265258333690836,"Taucorr":0.8446382597599049},"Iteration":25},
{"Acceptance":[0.0232851896145436],"Energy":{"Mean":-4491.2772177419365,"Sigma":0.6587936206755224,"Taucorr":5.15493421014272},"EnergyVariance":{"Mean":38.02899709774973,"Sigma":3.861580761007735,"Taucorr":0.9736756970618281},"Iteration":26},
{"Acceptance":[0.021926503577165583],"Energy":{"Mean":-4496.156250000001,"Sigma":0.29286787017647947,"Taucorr":1.098126437530277},"EnergyVariance":{"Mean":26.593529485887096,"Sigma":2.2829791482030255,"Taucorr":0.5060678620101231},"Iteration":27},
{"Acceptance":[0.018940224890845146],"Energy":{"Mean":-4497.883064516129,"Sigma":0.2083046069338805,"Taucorr":0.5978928606324116},"EnergyVariance":{"Mean":19.583100286160253,"Sigma":1.5729802637685766,"Taucorr":0.17776535488226575},"Iteration":28},
{"Acceptance":[0.017252482078789638],"Energy":{"Mean":-4498.513104838709,"Sigma":0.3789797063774982,"Taucorr":2.7262915334033746},"EnergyVariance":{"Mean":22.05829600513788,"Sigma":2.8849460852036093,"Taucorr":1.0506162002964998},"Iteration":29},
{"Acceptance":[0.015164917594276534],"Energy":{"Mean":-4500.532258064517,"Sigma":0.25810323445268024,"Taucorr":1.251529695832834},"EnergyVariance":{"Mean":18.84573361082206,"Sigma":2.131901195432912,"Taucorr":0.4833582840638657},"Iteration":30},
{"Acceptance":[0.013583322128891184],"Energy":{"Mean":-4501.377016129032,"Sigma":0.19969280572416692,"Taucorr":0.5572895965513793},"EnergyVariance":{"Mean":18.688503999739858,"Sigma":2.4530521757832666,"Taucorr":0.857185364579744},"Iteration":31},
{"Acceptance":[0.012302477479071282],"Energy":{"Mean":-4503.2661290322585,"Sigma":0.18380013904153653,"Taucorr":0.5598406981332211},"EnergyVariance":{"Mean":15.794094693028091,"Sigma":1.4749436778609928,"Taucorr":0.2142688006629001},"Iteration":32},
{"Acceptance":[0.011361304338595883],"Energy":{"Mean":-4504.050403225806,"Sigma":0.20720634736113183,"Taucorr":0.6264103197621205},"EnergyVariance":{"Mean":18.886572418054104,"Sigma":1.4363962365564111,"Taucorr":0.401196140246621},"Iteration":33},
{"Acceptance":[0.009588643649204249],"Energy":{"Mean":-4505.875,"Sigma":0.19905586122268826,"Taucorr":0.6041895215015121},"EnergyVariance":{"Mean":17.780745967741936,"Sigma":1.4868766472444048,"Taucorr":0.3095646375769694},"Iteration":34},
{"Acceptance":[0.007872594878036699],"Energy":{"Mean":-4506.660282258065,"Sigma":0.2084848672798151,"Taucorr":0.8349404256031563},"EnergyVariance":{"Mean":16.133583791298125,"Sigma":1.8851090489594466,"Taucorr":0.6123742744217822},"Iteration":35},
{"Acceptance":[0.006064551739755012],"Energy":{"Mean":-4507.61693548387,"Sigma":0.14907566724837085,"Taucorr":0.4772098369841199},"EnergyVariance":{"Mean":11.26858415712799,"Sigma":0.9989193385715744,"Taucorr":0.18806417399661868},"Iteration":36},
{"Acceptance":[0.004833242518381182],"Energy":{"Mean":-4508.402217741936,"Sigma":0.12835502508789923,"Taucorr":0.7332358302645252},"EnergyVariance":{"Mean":6.61947088807232,"Sigma":0.8181381656110575,"Taucorr":0.3492471869318201},"Iteration":37},
{"Acceptance":[0.003941604806351857],"Energy":{"Mean":-4508.792338709678,"Sigma":0.12787805985385,"Taucorr":0.8588651987932379},"EnergyVariance":{"Mean":5.962925175598334,"Sigma":0.9877550713654326,"Taucorr":0.4649507264626893},"Iteration":38},
{"Acceptance":[0.0036196245214523788],"Energy":{"Mean":-4508.746975806452,"Sigma":0.15547087224811093,"Taucorr":0.8991666705250234},"EnergyVariance":{"Mean":8.559970692963061,"Sigma":2.1187404016039335,"Taucorr":0.7480033130446166},"Iteration":39},
{"Acceptance":[0.0035347066441162524],"Energy":{"Mean":-4509.195564516129,"Sigma":0.08514456079058667,"Taucorr":0.5592667850909863},"EnergyVariance":{"Mean":3.391190003902185,"Sigma":0.5759947338212229,"Taucorr":0.3557636034872179},"Iteration":40},
{"Acceptance":[0.0030782730534345743],"Energy":{"Mean":-4509.3810483870975,"Sigma":0.08211158355026428,"Taucorr":0.6973022387957242},"EnergyVariance":{"Mean":2.790285997658689,"Sigma":0.7234383722611092,"Taucorr":0.7246928487674278},"Iteration":41},
{"Acceptance":[0.002703219095200017],"Energy":{"Mean":-4509.542338709677,"Sigma":0.07557391840837382,"Taucorr":0.14326867018880018},"EnergyVariance":{"Mean":4.3994171110822045,"Sigma":1.2156286311705067,"Taucorr":-0.035002794162613315},"Iteration":42},
{"Acceptance":[0.003085349543212585],"Energy":{"Mean":-4509.501008064515,"Sigma":0.0805892783530563,"Taucorr":0.43617192757266654},"EnergyVariance":{"Mean":3.4374989838059307,"Sigma":0.7341796232693352,"Taucorr":0.578131726794332},"Iteration":43},
{"Acceptance":[0.002968587461875411],"Energy":{"Mean":-4509.729838709678,"Sigma":0.05846426574760704,"Taucorr":0.3017308757994913},"EnergyVariance":{"Mean":2.1124967481789803,"Sigma":0.41898694026448957,"Taucorr":0.1790876190800118},"Iteration":44},
{"Acceptance":[0.0031667291756597056],"Energy":{"Mean":-4509.841733870968,"Sigma":0.05497233778400552,"Taucorr":0.0513426817870315},"EnergyVariance":{"Mean":2.715879251755983,"Sigma":0.6303765754250206,"Taucorr":0.29915046660790223},"Iteration":45},
{"Acceptance":[0.0030428906045445216],"Energy":{"Mean":-4509.979838709677,"Sigma":0.06418345006215063,"Taucorr":0.14742682639636562},"EnergyVariance":{"Mean":3.1528193288241417,"Sigma":0.6147696114283021,"Taucorr":0.2647882736374798},"Iteration":46},
{"Acceptance":[0.0033684091343330054],"Energy":{"Mean":-4510.120967741936,"Sigma":0.06683145903637747,"Taucorr":0.45975233094152523},"EnergyVariance":{"Mean":2.3059313215400628,"Sigma":0.31760402859938364,"Taucorr":0.0776921356694581},"Iteration":47},
{"Acceptance":[0.0038071515005696573],"Energy":{"Mean":-4510.352822580644,"Sigma":0.06906382352263521,"Taucorr":0.5417780809749928},"EnergyVariance":{"Mean":2.268661387877211,"Sigma":0.40523660095304415,"Taucorr":0.2926571617890552},"Iteration":48},
{"Acceptance":[0.0038177662352366732],"Energy":{"Mean":-4510.519153225807,"Sigma":0.08148587323754922,"Taucorr":0.7179912288982364},"EnergyVariance":{"Mean":2.7012460571670136,"Sigma":0.4364621357055165,"Taucorr":0.35105327549781884},"Iteration":49} 
]}