{"Output": [
{"Acceptance":[0.9235913488901537],"Energy":{"Mean":-3907.1290322580644,"Sigma":3.331159324004292,"Taucorr":-0.06543039121911598},"EnergyVariance":{"Mean":1570.3865764828304,"Sigma":166.21089109098003,"Taucorr":-0.19090791673203655},"Iteration":0},
{"Acceptance":[0.9161923733636881],"Energy":{"Mean":-3907.58870967742,"Sigma":3.4777624663653137,"Taucorr":-0.00038364239983135207},"EnergyVariance":{"Mean":1488.8066467221647,"Sigma":209.40331898133002,"Taucorr":-0.02341334959942415},"Iteration":1},
{"Acceptance":[0.9135742743312465],"Energy":{"Mean":-3902.8145161290317,"Sigma":3.8092623347843007,"Taucorr":-0.058708094385913845},"EnergyVariance":{"Mean":2022.2317247658689,"Sigma":270.4533948348282,"Taucorr":-0.14223810687476102},"Iteration":2},
{"Acceptance":[0.9080819578827547],"Energy":{"Mean":-3907.290322580645,"Sigma":4.5662991881940185,"Taucorr":0.1634679046014672},"EnergyVariance":{"Mean":1932.7866805411034,"Sigma":337.6709931756194,"Taucorr":0.0497991502971431},"Iteration":3},
{"Acceptance":[0.9062891291974957],"Energy":{"Mean":-3898.354838709677,"Sigma":3.873708147364849,"Taucorr":0.05041608779182083},"EnergyVariance":{"Mean":1676.6321540062431,"Sigma":197.23549902628085,"Taucorr":-0.04481549792069217},"Iteration":4},
{"Acceptance":[0.9029311326124075],"Energy":{"Mean":-3902.209677419355,"Sigma":4.187620914225953,"Taucorr":0.030054117063727737},"EnergyVariance":{"Mean":2034.6495837669097,"Sigma":319.20403558141874,"Taucorr":0.14037146710899506},"Iteration":5},
{"Acceptance":[0.8980364257256688],"Energy":{"Mean":-3901.467741935484,"Sigma":4.977810195876005,"Taucorr":0.22924661865864182},"EnergyVariance":{"Mean":2089.6683142559837,"Sigma":238.42924766733185,"Taucorr":-0.03304359267646462},"Iteration":6},
{"Acceptance":[0.8876209447922595],"Energy":{"Mean":-3898.8951612903234,"Sigma":4.199922781444986,"Taucorr":0.020306194762754637},"EnergyVariance":{"Mean":2084.964815296566,"Sigma":226.92809418490108,"Taucorr":-0.08724993309755424},"Iteration":7},
{"Acceptance":[0.888873079112123],"Energy":{"Mean":-3909.5403225806454,"Sigma":3.2788442260798276,"Taucorr":0.030834889746721328},"EnergyVariance":{"Mean":1245.5386966701356,"Sigma":179.385046454181,"Taucorr":0.0034998855998569223},"Iteration":8},
{"Acceptance":[0.8894706886738759],"Energy":{"Mean":-3903.0483870967737,"Sigma":4.48086462222942,"Taucorr":0.1883295481884183},"EnergyVariance":{"Mean":1793.9170135275754,"Sigma":152.519878994581,"Taucorr":-0.14732625039784347},"Iteration":9},
{"Acceptance":[0.8764940239043825],"Energy":{"Mean":-3908.4516129032263,"Sigma":4.415491109858765,"Taucorr":0.05053353305300501},"EnergyVariance":{"Mean":2177.9573361082216,"Sigma":259.67272619540216,"Taucorr":-0.17339814807249337},"Iteration":10},
{"Acceptance":[0.8745873648264086],"Energy":{"Mean":-3906.1209677419347,"Sigma":3.6000647949616367,"Taucorr":-0.05333615833097727},"EnergyVariance":{"Mean":1784.4934313215401,"Sigma":223.80759500744668,"Taucorr":-0.06530737872097542},"Iteration":11},
{"Acceptance":[0.8669322709163346],"Energy":{"Mean":-3910.1693548387093,"Sigma":4.511028705974443,"Taucorr":0.2221658427857348},"EnergyVariance":{"Mean":1732.963254422477,"Sigma":212.13115502836703,"Taucorr":0.12466598335945045},"Iteration":12},
{"Acceptance":[0.8719123505976095],"Energy":{"Mean":-3910.3064516129025,"Sigma":3.3736548429934463,"Taucorr":-0.06602672258858944},"EnergyVariance":{"Mean":1612.9222164412074,"Sigma":205.91657059009606,"Taucorr":-0.04818926595487183},"Iteration":13},
{"Acceptance":[0.8608138873079112],"Energy":{"Mean":-3910.7903225806444,"Sigma":3.992753799041091,"Taucorr":0.05070675028570237},"EnergyVariance":{"Mean":1780.327003121748,"Sigma":206.837296018071,"Taucorr":-0.0528040493089148},"Iteration":14},
{"Acceptance":[0.8520774046670461],"Energy":{"Mean":-3904.9032258064526,"Sigma":4.5007418357970925,"Taucorr":0.15096067266661706},"EnergyVariance":{"Mean":1913.7648283038493,"Sigma":350.30709191845074,"Taucorr":0.0199483553642813},"Iteration":15},
{"Acceptance":[0.8355150825270348],"Energy":{"Mean":-3911.379032258065,"Sigma":3.0274477115553764,"Taucorr":-0.17713429172665923},"EnergyVariance":{"Mean":1745.8482700312177,"Sigma":217.80617330253241,"Taucorr":0.014653735669622914},"Iteration":16},
{"Acceptance":[0.820774046670461],"Energy":{"Mean":-3921.7661290322585,"Sigma":3.771799281921174,"Taucorr":-0.0015256410308624457},"EnergyVariance":{"Mean":1755.2114334027058,"Sigma":199.30105336311053,"Taucorr":-0.08400091489189881},"Iteration":17},
{"Acceptance":[0.7931132612407513],"Energy":{"Mean":-3924.2903225806454,"Sigma":3.5485324994646965,"Taucorr":-0.07981861242819788},"EnergyVariance":{"Mean":1843.0447450572321,"Sigma":266.22390585555036,"Taucorr":0.09649119213317392},"Iteration":18},
{"Acceptance":[0.7911781445645988],"Energy":{"Mean":-3922.5080645161297,"Sigma":4.423414664541954,"Taucorr":0.1147031054449541},"EnergyVariance":{"Mean":1957.6047736732573,"Sigma":260.3170242283999,"Taucorr":-0.016753912748997124},"Iteration":19},
{"Acceptance":[0.6825554923164485],"Energy":{"Mean":-3953.3629032258063,"Sigma":4.611868727522798,"Taucorr":0.19256228002965559},"EnergyVariance":{"Mean":1888.7312044745058,"Sigma":240.0622852215656,"Taucorr":-0.016796612260717603},"Iteration":20},
{"Acceptance":[0.5895560614684121],"Energy":{"Mean":-3980.604838709677,"Sigma":4.12728877841413,"Taucorr":0.09165706389377193},"EnergyVariance":{"Mean":1770.6583636836629,"Sigma":275.04633714475176,"Taucorr":0.003674539298834767},"Iteration":21},
{"Acceptance":[0.49234490608992604],"Energy":{"Mean":-4038.0967741935488,"Sigma":4.598542859138381,"Taucorr":0.30935951947912665},"EnergyVariance":{"Mean":1606.84547346514,"Sigma":261.7950576175377,"Taucorr":0.09262942751472814},"Iteration":22},
{"Acceptance":[0.4184120660216278],"Energy":{"Mean":-4078.0483870967746,"Sigma":4.592865249885668,"Taucorr":0.22162545348989116},"EnergyVariance":{"Mean":1797.7557232049949,"Sigma":216.61645542196834,"Taucorr":-0.10334706413692923},"Iteration":23},
{"Acceptance":[0.3632896983494593],"Energy":{"Mean":-4128.524193548387,"Sigma":3.8514826575121552,"Taucorr":0.1257696535939299},"EnergyVariance":{"Mean":1457.8623178980226,"Sigma":232.67913770599534,"Taucorr":0.18719656155451214},"Iteration":24},
{"Acceptance":[0.3092771770062607],"Energy":{"Mean":-4167.927419354839,"Sigma":3.816510424592065,"Taucorr":0.1606370617897982},"EnergyVariance":{"Mean":1355.9544094693026,"Sigma":176.3948433073116,"Taucorr":0.08034699459756123},"Iteration":25},
{"Acceptance":[0.2692942515651679],"Energy":{"Mean":-4213.137096774193,"Sigma":3.3826692772827682,"Taucorr":0.1088539271975385},"EnergyVariance":{"Mean":1155.795720603538,"Sigma":176.00511043842752,"Taucorr":0.043338116534324844},"Iteration":26},
{"Acceptance":[0.24362549800796812],"Energy":{"Mean":-4243.9032258064535,"Sigma":2.9142926763928205,"Taucorr":0.2761077436821633},"EnergyVariance":{"Mean":673.0067637877212,"Sigma":79.13093642217449,"Taucorr":-0.0004970268413766465},"Iteration":27},
{"Acceptance":[0.20714285714285716],"Energy":{"Mean":-4272.419354838709,"Sigma":3.404582362257396,"Taucorr":0.3346790922116697},"EnergyVariance":{"Mean":854.0499479708636,"Sigma":97.15994172854278,"Taucorr":-0.008352239208563927},"Iteration":28},
{"Acceptance":[0.1813602731929425],"Energy":{"Mean":-4311.862903225807,"Sigma":2.8374852259024435,"Taucorr":0.3371349304251582},"EnergyVariance":{"Mean":591.4892689906347,"Sigma":83.27701342830777,"Taucorr":0.09930011564105279},"Iteration":29},
{"Acceptance":[0.14368241320432557],"Energy":{"Mean":-4354.733870967743,"Sigma":2.5076210581919702,"Taucorr":0.3415230702671739},"EnergyVariance":{"Mean":459.55014308012477,"Sigma":77.62741295856895,"Taucorr":0.13288199240656895},"Iteration":30},
{"Acceptance":[0.11494023904382471],"Energy":{"Mean":-4381.806451612901,"Sigma":2.143749029825737,"Taucorr":0.28909829141770627},"EnergyVariance":{"Mean":358.1722164412071,"Sigma":39.89236866461442,"Taucorr":-0.12965358050976983},"Iteration":31},
{"Acceptance":[0.08767785998861696],"Energy":{"Mean":-4409.048387096773,"Sigma":1.7946462853802094,"Taucorr":0.25607028698476864},"EnergyVariance":{"Mean":261.9815296566076,"Sigma":44.492433339614564,"Taucorr":0.16706401062152132},"Iteration":32},
{"Acceptance":[0.0815310187820148],"Energy":{"Mean":-4415.104838709678,"Sigma":1.465498107618675,"Taucorr":0.16245283751248663},"EnergyVariance":{"Mean":199.38417013527575,"Sigma":27.3066094879666,"Taucorr":-0.03867689373066757},"Iteration":33},
{"Acceptance":[0.06400113830392715],"Energy":{"Mean":-4427.637096774191,"Sigma":1.5978748785949353,"Taucorr":0.4006444549308613},"EnergyVariance":{"Mean":174.34410770031218,"Sigma":39.74292879780534,"Taucorr":0.3317107969229399},"Iteration":34},
{"Acceptance":[0.059220261809903245],"Energy":{"Mean":-4432.322580645161,"Sigma":0.9864807621733144,"Taucorr":0.15598293157231247},"EnergyVariance":{"Mean":91.23465140478666,"Sigma":10.841676605894461,"Taucorr":-0.1218197035178219},"Iteration":35},
{"Acceptance":[0.050910643141718837],"Energy":{"Mean":-4437.467741935484,"Sigma":0.9113783381227837,"Taucorr":0.19892151244531742},"EnergyVariance":{"Mean":73.08766909469304,"Sigma":9.821945047316888,"Taucorr":0.02389027505124275},"Iteration":36},
{"Acceptance":[0.04795105293113261],"Energy":{"Mean":-4439.91935483871,"Sigma":1.0270133057617266,"Taucorr":0.3594300067210263},"EnergyVariance":{"Mean":75.47736732570239,"Sigma":11.420413411572811,"Taucorr":0.01934715678011245},"Iteration":37},
{"Acceptance":[0.04280022766078543],"Energy":{"Mean":-4445.532258064517,"Sigma":0.6392979532650401,"Taucorr":-0.020267448846376712},"EnergyVariance":{"Mean":52.39412070759625,"Sigma":8.178596604343742,"Taucorr":-0.056514962806012536},"Iteration":38},
{"Acceptance":[0.03927148548662493],"Energy":{"Mean":-4446.266129032258,"Sigma":1.0031493073208761,"Taucorr":0.4179316984142455},"EnergyVariance":{"Mean":67.42111082206036,"Sigma":12.68113114541354,"Taucorr":0.2062200870341072},"Iteration":39},
{"Acceptance":[0.03767785998861696],"Energy":{"Mean":-4449.153225806451,"Sigma":0.8149870883727824,"Taucorr":0.3688065666017796},"EnergyVariance":{"Mean":47.01684443288242,"Sigma":13.13879690751148,"Taucorr":0.49403076339690444},"Iteration":40},
{"Acceptance":[0.03614114968696642],"Energy":{"Mean":-4451.661290322582,"Sigma":0.6119935240952273,"Taucorr":0.19735585064068462},"EnergyVariance":{"Mean":33.03043704474506,"Sigma":5.026155154377237,"Taucorr":0.05186793013066626},"Iteration":41},
{"Acceptance":[0.032640865110984636],"Energy":{"Mean":-4452.975806451613,"Sigma":0.7704518677190274,"Taucorr":0.4670655628968039},"EnergyVariance":{"Mean":37.74941467221644,"Sigma":9.470093345662253,"Taucorr":0.47113915328700706},"Iteration":42},
{"Acceptance":[0.03258394991462721],"Energy":{"Mean":-4453.290322580646,"Sigma":0.6244456438496748,"Taucorr":0.21351881666337513},"EnergyVariance":{"Mean":33.60926118626432,"Sigma":5.490599452975485,"Taucorr":0.1389811372966283},"Iteration":43},
{"Acceptance":[0.0292544109277177],"Energy":{"Mean":-4454.983870967743,"Sigma":0.7085248460777939,"Taucorr":0.4351096814353317},"EnergyVariance":{"Mean":33.01586888657647,"Sigma":7.687591980568942,"Taucorr":0.5424409847814697},"Iteration":44},
{"Acceptance":[0.029453614114968697],"Energy":{"Mean":-4455.540322580644,"Sigma":0.7550098602034941,"Taucorr":0.5758082381515894},"EnergyVariance":{"Mean":32.58708376690947,"Sigma":7.142476860264432,"Taucorr":0.61169640063705},"Iteration":45},
{"Acceptance":[0.028116107000569154],"Energy":{"Mean":-4456.975806451614,"Sigma":0.701894023522556,"Taucorr":0.29346278769133627},"EnergyVariance":{"Mean":38.18489854318418,"Sigma":8.72531647316786,"Taucorr":0.06068160892256613},"Iteration":46},
{"Acceptance":[0.026664769493454754],"Energy":{"Mean":-4457.75,"Sigma":0.5200289487392845,"Taucorr":0.20499957268610502},"EnergyVariance":{"Mean":23.590725806451616,"Sigma":3.957208568314171,"Taucorr":0.13771382759583017},"Iteration":47},
{"Acceptance":[0.026550939100739898],"Energy":{"Mean":-4459.74193548387,"Sigma":0.6965239992862409,"Taucorr":0.3428105847944758},"EnergyVariance":{"Mean":35.401144640998965,"Sigma":6.19719779571748,"Taucorr":0.07649360906654534},"Iteration":48},
{"Acceptance":[0.027376209447922597],"Energy":{"Mean":-4460.854838709678,"Sigma":0.5163683920779466,"Taucorr":0.033498303047766576},"EnergyVariance":{"Mean":30.73699271592092,"Sigma":5.690825156635307,"Taucorr":-0.060492410348985504},"Iteration":49} 
]}