{"Output": [
{"Acceptance":[0.9220496894409937],"Energy":{"Mean":-25.129032258064512,"Sigma":0.2779705077721742,"Taucorr":-0.0014594705240175143},"EnergyVariance":{"Mean":9.531737773152965,"Sigma":1.2514829991937226,"Taucorr":-0.05010578500725266},"Iteration":0},
{"Acceptance":[0.8940993788819875],"Energy":{"Mean":-25.443548387096776,"Sigma":0.2648060959841056,"Taucorr":-0.04628353643933858},"EnergyVariance":{"Mean":9.504877731529657,"Sigma":1.1444198148365596,"Taucorr":0.08035928614401755},"Iteration":1},
{"Acceptance":[0.8770186335403727],"Energy":{"Mean":-25.540322580645164,"Sigma":0.312614876561433,"Taucorr":0.0920520721886593},"EnergyVariance":{"Mean":10.151599895941727,"Sigma":1.2117093210679615,"Taucorr":-0.061592940374791016},"Iteration":2},
{"Acceptance":[0.8267080745341615],"Energy":{"Mean":-26.59677419354838,"Sigma":0.3172202474577493,"Taucorr":0.14932240631056026},"EnergyVariance":{"Mean":9.530957336108223,"Sigma":1.1951258188855163,"Taucorr":0.16262013722379143},"Iteration":3},
{"Acceptance":[0.812111801242236],"Energy":{"Mean":-26.806451612903224,"Sigma":0.25576936367570413,"Taucorr":-0.12358954388356119},"EnergyVariance":{"Mean":10.68834547346514,"Sigma":1.1334571010571313,"Taucorr":-0.07103345848596476},"Iteration":4},
{"Acceptance":[0.7559006211180124],"Energy":{"Mean":-27.669354838709673,"Sigma":0.3378830157941101,"Taucorr":0.04844266750659165},"EnergyVariance":{"Mean":12.801964099895942,"Sigma":2.0015851041090715,"Taucorr":0.09556813483049098},"Iteration":5},
{"Acceptance":[0.7149068322981367],"Energy":{"Mean":-28.032258064516128,"Sigma":0.34562199180745196,"Taucorr":0.08101750884700842},"EnergyVariance":{"Mean":12.644120707596253,"Sigma":1.6116262707731361,"Taucorr":0.10410676677970898},"Iteration":6},
{"Acceptance":[0.6745341614906832],"Energy":{"Mean":-28.879032258064512,"Sigma":0.33438094135851776,"Taucorr":0.23053319606718647},"EnergyVariance":{"Mean":9.412786160249738,"Sigma":0.8494128932729991,"Taucorr":-0.08385065339561604},"Iteration":7},
{"Acceptance":[0.6456521739130435],"Energy":{"Mean":-29.11290322580645,"Sigma":0.35238029113487357,"Taucorr":0.18597609422101702},"EnergyVariance":{"Mean":11.132414151925078,"Sigma":1.3149962254292322,"Taucorr":0.14150811989842216},"Iteration":8},
{"Acceptance":[0.5614906832298137],"Energy":{"Mean":-30.40322580645161,"Sigma":0.40339243868806474,"Taucorr":0.489716097661375},"EnergyVariance":{"Mean":10.111602497398543,"Sigma":1.4003814744022538,"Taucorr":0.1834035319408983},"Iteration":9},
{"Acceptance":[0.5527950310559007],"Energy":{"Mean":-30.370967741935484,"Sigma":0.275786014460062,"Taucorr":-0.06873935672654874},"EnergyVariance":{"Mean":10.846253902185223,"Sigma":1.3261590330425457,"Taucorr":0.1508624129895123},"Iteration":10},
{"Acceptance":[0.4953416149068323],"Energy":{"Mean":-31.290322580645157,"Sigma":0.3113223561433016,"Taucorr":0.07854888395111603},"EnergyVariance":{"Mean":10.302809573361083,"Sigma":0.9587846646917731,"Taucorr":-0.13778116289260062},"Iteration":11},
{"Acceptance":[0.4509316770186335],"Energy":{"Mean":-31.225806451612904,"Sigma":0.3798264386301769,"Taucorr":0.36243488595559625},"EnergyVariance":{"Mean":10.287721123829344,"Sigma":1.2874758067341743,"Taucorr":0.020338831550127168},"Iteration":12},
{"Acceptance":[0.4645962732919255],"Energy":{"Mean":-31.903225806451612,"Sigma":0.350820355675516,"Taucorr":0.2934888731318861},"EnergyVariance":{"Mean":9.539021852237255,"Sigma":1.2523015627219038,"Taucorr":0.03997630116377959},"Iteration":13},
{"Acceptance":[0.37888198757763975],"Energy":{"Mean":-33.548387096774185,"Sigma":0.30085437365108664,"Taucorr":0.21402495995728665},"EnergyVariance":{"Mean":7.79604578563996,"Sigma":1.156259624583167,"Taucorr":0.15114816877545534},"Iteration":14},
{"Acceptance":[0.31832298136645965],"Energy":{"Mean":-34.17741935483871,"Sigma":0.28918534732208095,"Taucorr":0.33029692159086155},"EnergyVariance":{"Mean":6.194328824141518,"Sigma":0.6711019515272709,"Taucorr":0.07875500051277595},"Iteration":15},
{"Acceptance":[0.31894409937888196],"Energy":{"Mean":-34.47580645161291,"Sigma":0.31778696258658923,"Taucorr":0.42461682948791135},"EnergyVariance":{"Mean":6.717156607700313,"Sigma":1.2775322957936461,"Taucorr":0.5757017710497885},"Iteration":16},
{"Acceptance":[0.27639751552795033],"Energy":{"Mean":-35.12096774193548,"Sigma":0.2202366053382256,"Taucorr":0.22359789862274637},"EnergyVariance":{"Mean":4.122463579604579,"Sigma":0.5758501223607446,"Taucorr":-0.06247581327441787},"Iteration":17},
{"Acceptance":[0.25869565217391305],"Energy":{"Mean":-35.62096774193549,"Sigma":0.3166251319129015,"Taucorr":0.6597915315822307},"EnergyVariance":{"Mean":5.316011966701355,"Sigma":1.242624242094162,"Taucorr":0.4481920431326041},"Iteration":18},
{"Acceptance":[0.2515527950310559],"Energy":{"Mean":-35.58870967741936,"Sigma":0.24498968244041336,"Taucorr":0.33520417923625956},"EnergyVariance":{"Mean":4.419549947970864,"Sigma":0.674875793999449,"Taucorr":0.1961445974490429},"Iteration":19},
{"Acceptance":[0.24316770186335404],"Energy":{"Mean":-35.758064516129046,"Sigma":0.23716625417483034,"Taucorr":0.4688397085610214},"EnergyVariance":{"Mean":3.5704994797086376,"Sigma":0.6932002158040474,"Taucorr":0.3173051985766965},"Iteration":20},
{"Acceptance":[0.2481366459627329],"Energy":{"Mean":-35.56451612903226,"Sigma":0.2671453386839754,"Taucorr":0.5298174937435158},"EnergyVariance":{"Mean":4.261966701352757,"Sigma":0.6142462379097046,"Taucorr":0.025654720853518276},"Iteration":21},
{"Acceptance":[0.22577639751552794],"Energy":{"Mean":-35.86290322580644,"Sigma":0.206363388407251,"Taucorr":0.3486691534424984},"EnergyVariance":{"Mean":3.0860431841831435,"Sigma":0.4660915236788247,"Taucorr":0.18667630093056398},"Iteration":22},
{"Acceptance":[0.2062111801242236],"Energy":{"Mean":-35.86290322580646,"Sigma":0.2711085143803966,"Taucorr":0.4425568559378359},"EnergyVariance":{"Mean":4.795720603537982,"Sigma":1.3271455728898334,"Taucorr":0.187133045508743},"Iteration":23},
{"Acceptance":[0.1826086956521739],"Energy":{"Mean":-36.52419354838711,"Sigma":0.14120965439103736,"Taucorr":0.18829713451359764},"EnergyVariance":{"Mean":1.7816727367325704,"Sigma":0.26090796010266915,"Taucorr":0.07192966505784204},"Iteration":24},
{"Acceptance":[0.1658385093167702],"Energy":{"Mean":-36.74193548387097,"Sigma":0.11736572685307346,"Taucorr":0.025908430232557733},"EnergyVariance":{"Mean":1.6108220603537977,"Sigma":0.24606399718074806,"Taucorr":0.09603144679513897},"Iteration":25},
{"Acceptance":[0.15683229813664595],"Energy":{"Mean":-36.58064516129032,"Sigma":0.13439784903222354,"Taucorr":0.05499740057187341},"EnergyVariance":{"Mean":2.0015608740894906,"Sigma":0.33395270410177047,"Taucorr":-0.06373081466917957},"Iteration":26},
{"Acceptance":[0.15900621118012423],"Energy":{"Mean":-36.82258064516129,"Sigma":0.13177527934167904,"Taucorr":0.18225444573707916},"EnergyVariance":{"Mean":1.5652965660770028,"Sigma":0.26705564500945955,"Taucorr":0.09942075743257439},"Iteration":27},
{"Acceptance":[0.13229813664596274],"Energy":{"Mean":-36.76612903225806,"Sigma":0.17036310205498362,"Taucorr":0.3775507593924865},"EnergyVariance":{"Mean":2.0340140478668056,"Sigma":0.3744937608182158,"Taucorr":-0.0055121581633379435},"Iteration":28},
{"Acceptance":[0.13664596273291926],"Energy":{"Mean":-37.12096774193548,"Sigma":0.12903225806451607,"Taucorr":0.25944238097535044},"EnergyVariance":{"Mean":1.348270031217482,"Sigma":0.2974744275313711,"Taucorr":0.1771093810833635},"Iteration":29},
{"Acceptance":[0.13074534161490683],"Energy":{"Mean":-37.16129032258064,"Sigma":0.11450476999547649,"Taucorr":0.23103773584905718},"EnergyVariance":{"Mean":1.1030176899063475,"Sigma":0.18389805996045192,"Taucorr":0.11552130880827893},"Iteration":30},
{"Acceptance":[0.15062111801242237],"Energy":{"Mean":-37.20161290322581,"Sigma":0.09232608966678874,"Taucorr":0.31297024710035337},"EnergyVariance":{"Mean":0.6448361082206036,"Sigma":0.10680555456980298,"Taucorr":0.04910899031182292},"Iteration":31},
{"Acceptance":[0.14192546583850932],"Energy":{"Mean":-36.99193548387096,"Sigma":0.149139048458927,"Taucorr":0.2280121837250364},"EnergyVariance":{"Mean":1.8789672216441207,"Sigma":0.9347085974831437,"Taucorr":0.36320256575365184},"Iteration":32},
{"Acceptance":[0.11366459627329192],"Energy":{"Mean":-37.185483870967744,"Sigma":0.1326770180564845,"Taucorr":0.3564960123488544},"EnergyVariance":{"Mean":1.2639828303850151,"Sigma":0.38408843818784916,"Taucorr":0.2985928235019617},"Iteration":33},
{"Acceptance":[0.09813664596273292],"Energy":{"Mean":-37.45967741935484,"Sigma":0.06465039791637582,"Taucorr":-0.08496272183135739},"EnergyVariance":{"Mean":0.6193418314255981,"Sigma":0.12117934714533792,"Taucorr":-0.05176282301995194},"Iteration":34},
{"Acceptance":[0.115527950310559],"Energy":{"Mean":-37.20967741935484,"Sigma":0.09281787447315042,"Taucorr":-0.06932226686402992},"EnergyVariance":{"Mean":1.230228928199792,"Sigma":0.246349874839888,"Taucorr":-0.0032520545769660347},"Iteration":35},
{"Acceptance":[0.10527950310559006],"Energy":{"Mean":-37.395161290322584,"Sigma":0.09038016597498003,"Taucorr":0.11290169007379225},"EnergyVariance":{"Mean":0.8196540062434963,"Sigma":0.20468717840420356,"Taucorr":0.03676107734960421},"Iteration":36},
{"Acceptance":[0.10217391304347827],"Energy":{"Mean":-37.5483870967742,"Sigma":0.06899757947163669,"Taucorr":0.013435218978100294},"EnergyVariance":{"Mean":0.5702393340270552,"Sigma":0.13348351829822286,"Taucorr":0.09192844249681076},"Iteration":37},
{"Acceptance":[0.09006211180124224],"Energy":{"Mean":-37.483870967741936,"Sigma":0.06852466382660652,"Taucorr":-0.009250663129972747},"EnergyVariance":{"Mean":0.588449531737773,"Sigma":0.1106894451278545,"Taucorr":-0.05056423688899353},"Iteration":38},
{"Acceptance":[0.084472049689441],"Energy":{"Mean":-37.58064516129033,"Sigma":0.061769490822989485,"Taucorr":-0.046733668341709333},"EnergyVariance":{"Mean":0.5176899063475544,"Sigma":0.12297142594633252,"Taucorr":-0.05180035086222429},"Iteration":39} 
]}