{"Output": [
{"Acceptance":[0.80149136577708],"Energy":{"Mean":-513.475806451613,"Sigma":1.682666008950093,"Taucorr":0.11725032189199924},"EnergyVariance":{"Mean":282.1042533818939,"Sigma":38.34063400317546,"Taucorr":0.0016102086438249952},"Iteration":0},
{"Acceptance":[0.7596546310832025],"Energy":{"Mean":-517.1048387096776,"Sigma":1.4796002708496758,"Taucorr":0.06763139343298064},"EnergyVariance":{"Mean":237.190621748179,"Sigma":26.632680522343176,"Taucorr":-0.03277831646579399},"Iteration":1},
{"Acceptance":[0.6939560439560439],"Energy":{"Mean":-520.3951612903227,"Sigma":1.7189556013311948,"Taucorr":0.2260014181533484},"EnergyVariance":{"Mean":250.30352497398542,"Sigma":27.795212389661696,"Taucorr":0.03061045750780722},"Iteration":2},
{"Acceptance":[0.5658555729984301],"Energy":{"Mean":-531.1048387096773,"Sigma":1.6541644332565957,"Taucorr":0.1989205583102971},"EnergyVariance":{"Mean":240.7712669094693,"Sigma":33.07147511211888,"Taucorr":0.025329709939425737},"Iteration":3},
{"Acceptance":[0.47959183673469385],"Energy":{"Mean":-543.2338709677417,"Sigma":1.6203484078697024,"Taucorr":0.2153825961903889},"EnergyVariance":{"Mean":225.71143340270552,"Sigma":29.896130040525463,"Taucorr":-0.11881741094574305},"Iteration":4},
{"Acceptance":[0.39717425431711145],"Energy":{"Mean":-557.8709677419355,"Sigma":1.4906911404812906,"Taucorr":0.33908926900015224},"EnergyVariance":{"Mean":162.87044745057233,"Sigma":17.037320745362805,"Taucorr":-0.07483738528448458},"Iteration":5},
{"Acceptance":[0.35455259026687597],"Energy":{"Mean":-565.8548387096772,"Sigma":1.4117771817680018,"Taucorr":0.30380677970149583},"EnergyVariance":{"Mean":152.49505723204993,"Sigma":14.858803687208141,"Taucorr":-0.15643637646563663},"Iteration":6},
{"Acceptance":[0.3008634222919937],"Energy":{"Mean":-573.1451612903226,"Sigma":0.9803701156445841,"Taucorr":0.0971899599185223},"EnergyVariance":{"Mean":98.9789281997919,"Sigma":10.699137813493273,"Taucorr":-0.07245909608837947},"Iteration":7},
{"Acceptance":[0.26263736263736265],"Energy":{"Mean":-581.6048387096774,"Sigma":1.1667304625538524,"Taucorr":0.290410795722139},"EnergyVariance":{"Mean":105.91642819979187,"Sigma":15.409017396781831,"Taucorr":0.13115709231173434},"Iteration":8},
{"Acceptance":[0.22346938775510203],"Energy":{"Mean":-586.7177419354838,"Sigma":1.2050934653153198,"Taucorr":0.27898053403353607},"EnergyVariance":{"Mean":114.65420135275754,"Sigma":17.98958548462789,"Taucorr":-0.007207251337076059},"Iteration":9},
{"Acceptance":[0.19725274725274725],"Energy":{"Mean":-592.1612903225806,"Sigma":1.117465713980345,"Taucorr":0.5584696127644289},"EnergyVariance":{"Mean":72.55463059313217,"Sigma":9.201200604037286,"Taucorr":-0.023578675250710113},"Iteration":10},
{"Acceptance":[0.17770800627943484],"Energy":{"Mean":-594.9354838709677,"Sigma":0.6340439994755095,"Taucorr":0.16250731952151443},"EnergyVariance":{"Mean":37.318418314255986,"Sigma":4.234453628933867,"Taucorr":-0.1162134956929457},"Iteration":11},
{"Acceptance":[0.156436420722135],"Energy":{"Mean":-599.0241935483872,"Sigma":0.7071405046912226,"Taucorr":0.2323635231600587},"EnergyVariance":{"Mean":41.99135015608742,"Sigma":8.039949242471108,"Taucorr":0.2264258006477211},"Iteration":12},
{"Acceptance":[0.1445839874411303],"Energy":{"Mean":-599.5806451612902,"Sigma":0.7292273028650565,"Taucorr":0.36945293588768513},"EnergyVariance":{"Mean":37.61446409989594,"Sigma":5.967338996969314,"Taucorr":0.021487447774221624},"Iteration":13},
{"Acceptance":[0.1336734693877551],"Energy":{"Mean":-602.2499999999999,"Sigma":0.44085693678298477,"Taucorr":0.04950412457132036},"EnergyVariance":{"Mean":21.75201612903226,"Sigma":3.1256282753794147,"Taucorr":0.015124467728318769},"Iteration":14},
{"Acceptance":[0.11334379905808477],"Energy":{"Mean":-603.040322580645,"Sigma":0.48236324238758327,"Taucorr":0.1934404064407803},"EnergyVariance":{"Mean":20.63547086368367,"Sigma":2.7451146704255005,"Taucorr":0.013930168648175645},"Iteration":15},
{"Acceptance":[0.0989010989010989],"Energy":{"Mean":-604.7096774193548,"Sigma":0.5365782637141857,"Taucorr":0.44740166193418873},"EnergyVariance":{"Mean":18.689906347554633,"Sigma":2.6427113588573126,"Taucorr":0.020692396828959292},"Iteration":16},
{"Acceptance":[0.09968602825745683],"Energy":{"Mean":-605.5645161290321,"Sigma":0.4533281558946174,"Taucorr":0.2873421926910358},"EnergyVariance":{"Mean":16.052289281997922,"Sigma":2.296059347994933,"Taucorr":0.1411623412876064},"Iteration":17},
{"Acceptance":[0.09230769230769231],"Energy":{"Mean":-605.5806451612905,"Sigma":0.3775250288601877,"Taucorr":0.02451508452940454},"EnergyVariance":{"Mean":16.71123829344433,"Sigma":5.8085624520693475,"Taucorr":0.33526264750709933},"Iteration":18},
{"Acceptance":[0.08359497645211932],"Energy":{"Mean":-606.9193548387096,"Sigma":0.3741274969512765,"Taucorr":0.24582628980999877},"EnergyVariance":{"Mean":11.541883454734652,"Sigma":1.47230548036741,"Taucorr":-0.07447077460548868},"Iteration":19},
{"Acceptance":[0.08116169544740973],"Energy":{"Mean":-607.9354838709677,"Sigma":0.26129530062959627,"Taucorr":0.0601678003748044},"EnergyVariance":{"Mean":7.495837669094692,"Sigma":0.9586969259268346,"Taucorr":0.19187820417585466},"Iteration":20},
{"Acceptance":[0.07135007849293563],"Energy":{"Mean":-607.7258064516129,"Sigma":0.3579652095168179,"Taucorr":0.22887683164505268},"EnergyVariance":{"Mean":10.811914672216442,"Sigma":2.832673732501872,"Taucorr":0.009295662705443242},"Iteration":21},
{"Acceptance":[0.06616954474097331],"Energy":{"Mean":-608.0161290322579,"Sigma":0.3051827153814635,"Taucorr":0.09587088306135183},"EnergyVariance":{"Mean":9.612643080124872,"Sigma":1.984913459793401,"Taucorr":0.010877351124937817},"Iteration":22},
{"Acceptance":[0.06836734693877551],"Energy":{"Mean":-608.2500000000001,"Sigma":0.30453560626611637,"Taucorr":0.15289637664435873},"EnergyVariance":{"Mean":8.735887096774192,"Sigma":1.6752836124376478,"Taucorr":0.09280502961746995},"Iteration":23},
{"Acceptance":[0.06153846153846154],"Energy":{"Mean":-608.6451612903224,"Sigma":0.2779471099094976,"Taucorr":0.09486189824767843},"EnergyVariance":{"Mean":7.986992715920917,"Sigma":1.6419548332494878,"Taucorr":0.056768500419627776},"Iteration":24},
{"Acceptance":[0.06043956043956044],"Energy":{"Mean":-609.717741935484,"Sigma":0.16343997594554172,"Taucorr":0.09025820773454296},"EnergyVariance":{"Mean":2.7832336108220606,"Sigma":0.6225193256855767,"Taucorr":0.07115458542975484},"Iteration":25},
{"Acceptance":[0.05408163265306123],"Energy":{"Mean":-609.5887096774192,"Sigma":0.17793181123253352,"Taucorr":0.22281320167070995},"EnergyVariance":{"Mean":2.69374349635796,"Sigma":0.36449555060366834,"Taucorr":0.011929397235508454},"Iteration":26},
{"Acceptance":[0.054552590266875985],"Energy":{"Mean":-609.241935483871,"Sigma":0.2290947211506763,"Taucorr":-0.08769065895722589},"EnergyVariance":{"Mean":7.828563995837667,"Sigma":1.6262964508995765,"Taucorr":-0.06398282703985247},"Iteration":27},
{"Acceptance":[0.05376766091051805],"Energy":{"Mean":-609.4274193548388,"Sigma":0.23509136532852734,"Taucorr":0.2521652778377612},"EnergyVariance":{"Mean":4.518925598335068,"Sigma":0.5990838102382976,"Taucorr":-0.03928424246690504},"Iteration":28},
{"Acceptance":[0.046153846153846156],"Energy":{"Mean":-610.0645161290323,"Sigma":0.1854838709677412,"Taucorr":0.06607565423162187},"EnergyVariance":{"Mean":3.7377731529656613,"Sigma":1.2058686996079029,"Taucorr":-0.03272227438733427},"Iteration":29},
{"Acceptance":[0.04756671899529042],"Energy":{"Mean":-609.9274193548387,"Sigma":0.243516340553452,"Taucorr":0.18690757640717504},"EnergyVariance":{"Mean":5.309248178980228,"Sigma":1.4452108685817249,"Taucorr":-0.0075286332466576456},"Iteration":30},
{"Acceptance":[0.04662480376766091],"Energy":{"Mean":-610.0967741935485,"Sigma":0.302249055993178,"Taucorr":0.4480575065847151},"EnergyVariance":{"Mean":5.926118626430801,"Sigma":2.358996846346752,"Taucorr":0.2013518203774175},"Iteration":31},
{"Acceptance":[0.045133437990580845],"Energy":{"Mean":-610.2983870967743,"Sigma":0.15442372705747434,"Taucorr":0.2772913722381213},"EnergyVariance":{"Mean":1.8867715920915709,"Sigma":0.4834811376532487,"Taucorr":0.005276158801782005},"Iteration":32},
{"Acceptance":[0.04372056514913658],"Energy":{"Mean":-610.4354838709678,"Sigma":0.20607955385775023,"Taucorr":0.19130861392273169},"EnergyVariance":{"Mean":3.7780957336108227,"Sigma":1.3614521274760374,"Taucorr":0.10261994155217857},"Iteration":33},
{"Acceptance":[0.039874411302982735],"Energy":{"Mean":-610.5080645161288,"Sigma":0.13544226191579398,"Taucorr":0.12178214272908372},"EnergyVariance":{"Mean":1.8144510926118627,"Sigma":0.4936170348484334,"Taucorr":0.14420864863156235},"Iteration":34},
{"Acceptance":[0.04379905808477237],"Energy":{"Mean":-610.2258064516129,"Sigma":0.2712364259300374,"Taucorr":0.3328002298410273},"EnergyVariance":{"Mean":5.432882414151925,"Sigma":2.0027420121073685,"Taucorr":0.01683654948859803},"Iteration":35},
{"Acceptance":[0.04411302982731554],"Energy":{"Mean":-610.6290322580645,"Sigma":0.19975487927274957,"Taucorr":0.19010717682346778},"EnergyVariance":{"Mean":3.555931321540062,"Sigma":1.5007600921226512,"Taucorr":0.6797338698355553},"Iteration":36},
{"Acceptance":[0.03869701726844584],"Energy":{"Mean":-610.9354838709676,"Sigma":0.22806094201089638,"Taucorr":0.2635307998012846},"EnergyVariance":{"Mean":4.189386056191468,"Sigma":1.5076123459311048,"Taucorr":0.20446025979577553},"Iteration":37},
{"Acceptance":[0.044819466248037676],"Energy":{"Mean":-611.1532258064517,"Sigma":0.17222352760779336,"Taucorr":0.25375829727769605},"EnergyVariance":{"Mean":2.420070239334027,"Sigma":0.5504081904178194,"Taucorr":0.027473213968340127},"Iteration":38},
{"Acceptance":[0.041915227629513344],"Energy":{"Mean":-611.4193548387095,"Sigma":0.20848502975259833,"Taucorr":0.2705177714457314},"EnergyVariance":{"Mean":3.46930280957336,"Sigma":1.1058918090262355,"Taucorr":0.21660091988001207},"Iteration":39},
{"Acceptance":[0.04105180533751962],"Energy":{"Mean":-610.5483870967741,"Sigma":0.28923781812776733,"Taucorr":0.5691628824737887},"EnergyVariance":{"Mean":4.812174817898022,"Sigma":1.381404529943908,"Taucorr":0.3138668537487951},"Iteration":40},
{"Acceptance":[0.03634222919937206],"Energy":{"Mean":-611.2096774193549,"Sigma":0.21348893042289405,"Taucorr":0.408575765241589},"EnergyVariance":{"Mean":3.0850676378772106,"Sigma":0.4707314363470563,"Taucorr":-0.008607618912026216},"Iteration":41},
{"Acceptance":[0.03869701726844584],"Energy":{"Mean":-611.8870967741935,"Sigma":0.282042928764965,"Taucorr":0.4937998731702071},"EnergyVariance":{"Mean":4.922736732570239,"Sigma":2.7796295801733892,"Taucorr":0.20438651619886905},"Iteration":42},
{"Acceptance":[0.040188383045525904],"Energy":{"Mean":-611.4112903225806,"Sigma":0.24250828250371334,"Taucorr":0.6498955813328513},"EnergyVariance":{"Mean":3.1453563995837657,"Sigma":0.7656522092411717,"Taucorr":0.13917307495198394},"Iteration":43},
{"Acceptance":[0.03618524332810047],"Energy":{"Mean":-611.9677419354839,"Sigma":0.24200715784198776,"Taucorr":0.7410989602007845},"EnergyVariance":{"Mean":2.902185223725286,"Sigma":0.44445717257167616,"Taucorr":0.3103602024218888},"Iteration":44},
{"Acceptance":[0.03791208791208791],"Energy":{"Mean":-612.4032258064515,"Sigma":0.3262027824676372,"Taucorr":0.7297995600097809},"EnergyVariance":{"Mean":5.321279916753382,"Sigma":1.2290537652496176,"Taucorr":0.5129679504322393},"Iteration":45},
{"Acceptance":[0.037205651491365774],"Energy":{"Mean":-612.5645161290321,"Sigma":0.21626339909246461,"Taucorr":0.42285076370920416},"EnergyVariance":{"Mean":3.116805411030177,"Sigma":0.6598432900177825,"Taucorr":0.06748263972596902},"Iteration":46},
{"Acceptance":[0.03885400313971742],"Energy":{"Mean":-612.6209677419354,"Sigma":0.2329886954840868,"Taucorr":0.5917288755609229},"EnergyVariance":{"Mean":3.0579474505723208,"Sigma":0.39661785360384694,"Taucorr":0.3724027683623018},"Iteration":47},
{"Acceptance":[0.03634222919937206],"Energy":{"Mean":-612.7419354838711,"Sigma":0.18675348558295682,"Taucorr":0.3266593142169528},"EnergyVariance":{"Mean":2.5946930280957337,"Sigma":0.32631678550486715,"Taucorr":0.2573344538570712},"Iteration":48},
{"Acceptance":[0.03233908948194662],"Energy":{"Mean":-613.5645161290323,"Sigma":0.14935692885042134,"Taucorr":0.2511216350947232},"EnergyVariance":{"Mean":1.8264828303850158,"Sigma":0.27466739062218565,"Taucorr":-0.050235596370556024},"Iteration":49} 
]}