{"Output": [
{"Acceptance":[0.9186211798152096],"Energy":{"Mean":-2490.6048387096776,"Sigma":3.27803815807557,"Taucorr":0.13012835630469255},"EnergyVariance":{"Mean":1048.755137877211,"Sigma":105.48243315928595,"Taucorr":-0.13134425210779632},"Iteration":0},
{"Acceptance":[0.9093105899076048],"Energy":{"Mean":-2487.838709677419,"Sigma":3.4475242088067652,"Taucorr":0.07874102264965877},"EnergyVariance":{"Mean":1263.0062434963581,"Sigma":151.4228725287102,"Taucorr":-0.05417026032819133},"Iteration":1},
{"Acceptance":[0.904868514570007],"Energy":{"Mean":-2497.6774193548385,"Sigma":2.8450861607128854,"Taucorr":-0.011287983497728082},"EnergyVariance":{"Mean":1018.6217481789803,"Sigma":164.50301746515544,"Taucorr":0.24186114950920468},"Iteration":2},
{"Acceptance":[0.8992892679459844],"Energy":{"Mean":-2487.693548387096,"Sigma":3.333354361709581,"Taucorr":0.12735388484082677},"EnergyVariance":{"Mean":1089.2447970863682,"Sigma":141.08740820903645,"Taucorr":0.13635621923314245},"Iteration":3},
{"Acceptance":[0.8907960199004975],"Energy":{"Mean":-2494.8225806451605,"Sigma":3.4201764076914882,"Taucorr":0.03838384644662518},"EnergyVariance":{"Mean":1336.226586888658,"Sigma":124.49824528070255,"Taucorr":-0.23358747887781345},"Iteration":4},
{"Acceptance":[0.881592039800995],"Energy":{"Mean":-2495.24193548387,"Sigma":3.690522660753979,"Taucorr":0.1352619244304495},"EnergyVariance":{"Mean":1318.5543704474503,"Sigma":209.38144360512496,"Taucorr":0.11903779449646545},"Iteration":5},
{"Acceptance":[0.8783937455579247],"Energy":{"Mean":-2494.153225806452,"Sigma":2.3984391603347484,"Taucorr":-0.16605299221622916},"EnergyVariance":{"Mean":1059.3878121748178,"Sigma":146.64760786758183,"Taucorr":0.09622604082907393},"Iteration":6},
{"Acceptance":[0.8754442075337597],"Energy":{"Mean":-2496.129032258065,"Sigma":3.0774690884374287,"Taucorr":-0.0056030376729204745},"EnergyVariance":{"Mean":1178.1123829344435,"Sigma":128.69397283387352,"Taucorr":-0.08070611006989031},"Iteration":7},
{"Acceptance":[0.8685145700071073],"Energy":{"Mean":-2495.064516129032,"Sigma":3.5636676117497688,"Taucorr":0.145794104399404},"EnergyVariance":{"Mean":1209.4151925078047,"Sigma":127.12299466903471,"Taucorr":-0.1404876026481871},"Iteration":8},
{"Acceptance":[0.8571073205401564],"Energy":{"Mean":-2497.153225806452,"Sigma":3.5695598773035604,"Taucorr":0.12028310733169945},"EnergyVariance":{"Mean":1263.3232960457856,"Sigma":173.80057734063138,"Taucorr":-0.062980963216057},"Iteration":9},
{"Acceptance":[0.8415067519545132],"Energy":{"Mean":-2501.0241935483873,"Sigma":3.422850845191587,"Taucorr":0.1965701030459206},"EnergyVariance":{"Mean":1034.394575962539,"Sigma":150.54226468786095,"Taucorr":0.044047469104677495},"Iteration":10},
{"Acceptance":[0.8300284292821606],"Energy":{"Mean":-2501.024193548387,"Sigma":2.7491043223376246,"Taucorr":-0.030922886083349255},"EnergyVariance":{"Mean":990.8623178980229,"Sigma":136.61144297442462,"Taucorr":0.025516520728408154},"Iteration":11},
{"Acceptance":[0.8268301350390903],"Energy":{"Mean":-2502.532258064516,"Sigma":3.4313298374965444,"Taucorr":0.08704281914686096},"EnergyVariance":{"Mean":1233.4747658688864,"Sigma":150.5372104394368,"Taucorr":-0.11856258372537298},"Iteration":12},
{"Acceptance":[0.7728855721393035],"Energy":{"Mean":-2514.096774193548,"Sigma":4.032556978167988,"Taucorr":0.1990086866967018},"EnergyVariance":{"Mean":1430.7164412070758,"Sigma":144.46339056258,"Taucorr":-0.16566237540953593},"Iteration":13},
{"Acceptance":[0.7105543710021321],"Energy":{"Mean":-2515.9838709677424,"Sigma":3.0132087236612524,"Taucorr":-0.06135747215250653},"EnergyVariance":{"Mean":1272.9836108220607,"Sigma":174.32943957635686,"Taucorr":0.06157333551089006},"Iteration":14},
{"Acceptance":[0.6382018479033404],"Energy":{"Mean":-2535.6693548387098,"Sigma":3.368784342031231,"Taucorr":0.12796108115041271},"EnergyVariance":{"Mean":1111.4471253902182,"Sigma":169.6028505547341,"Taucorr":0.08125929185122582},"Iteration":15},
{"Acceptance":[0.5621890547263682],"Energy":{"Mean":-2560.1854838709683,"Sigma":3.579285681084897,"Taucorr":0.1569195199185095},"EnergyVariance":{"Mean":1199.3768860561916,"Sigma":208.47412003161242,"Taucorr":-0.006674763870869405},"Iteration":16},
{"Acceptance":[0.47672352523098793],"Energy":{"Mean":-2586.056451612903,"Sigma":3.319940359238477,"Taucorr":0.18689025694248862},"EnergyVariance":{"Mean":986.8435874089489,"Sigma":118.63396196667014,"Taucorr":-0.10806059076859659},"Iteration":17},
{"Acceptance":[0.40337597725657426],"Energy":{"Mean":-2624.9999999999995,"Sigma":2.6647338425465503,"Taucorr":-0.04737077468320555},"EnergyVariance":{"Mean":964.8064516129033,"Sigma":127.13601572031448,"Taucorr":0.00013348323168671516},"Iteration":18},
{"Acceptance":[0.3264036958066809],"Energy":{"Mean":-2658.9596774193546,"Sigma":3.1516572013483564,"Taucorr":0.4377058125937985},"EnergyVariance":{"Mean":651.4580515088448,"Sigma":81.09166850813456,"Taucorr":0.10641028036202171},"Iteration":19},
{"Acceptance":[0.29093816631130065],"Energy":{"Mean":-2683.5403225806454,"Sigma":3.038863344515326,"Taucorr":0.2897270357466618},"EnergyVariance":{"Mean":719.1515998959417,"Sigma":75.8646686258036,"Taucorr":-0.11369788018199262},"Iteration":20},
{"Acceptance":[0.24623312011371712],"Energy":{"Mean":-2712.387096774193,"Sigma":3.200425011881559,"Taucorr":0.48958065311066634},"EnergyVariance":{"Mean":636.5598335067637,"Sigma":100.10239868340985,"Taucorr":0.17295986436933652},"Iteration":21},
{"Acceptance":[0.20024875621890548],"Energy":{"Mean":-2740.338709677419,"Sigma":2.070678177927527,"Taucorr":0.0914585712310152},"EnergyVariance":{"Mean":445.8368886576483,"Sigma":67.64164476086134,"Taucorr":0.0010125228231112615},"Iteration":22},
{"Acceptance":[0.16613361762615494],"Energy":{"Mean":-2765.9758064516122,"Sigma":2.001926318248875,"Taucorr":0.3117837825564529},"EnergyVariance":{"Mean":303.62038241415195,"Sigma":39.19180025307802,"Taucorr":-0.026249027185461793},"Iteration":23},
{"Acceptance":[0.13599857853589198],"Energy":{"Mean":-2791.5483870967746,"Sigma":1.813384354324966,"Taucorr":0.3468913819324293},"EnergyVariance":{"Mean":238.79604578564,"Sigma":33.06548387959255,"Taucorr":0.2852236444708631},"Iteration":24},
{"Acceptance":[0.11897654584221748],"Energy":{"Mean":-2803.9919354838707,"Sigma":1.2208693728928217,"Taucorr":0.07960969058251288},"EnergyVariance":{"Mean":158.1531607700312,"Sigma":21.03582641716564,"Taucorr":0.008778336586430568},"Iteration":25},
{"Acceptance":[0.10326936744847193],"Energy":{"Mean":-2810.0000000000005,"Sigma":1.0945858941032753,"Taucorr":0.06136950110591466},"EnergyVariance":{"Mean":131.258064516129,"Sigma":20.62063731595137,"Taucorr":0.07692073196278826},"Iteration":26},
{"Acceptance":[0.09214641080312722],"Energy":{"Mean":-2820.5161290322585,"Sigma":1.2722184229031013,"Taucorr":0.3651441633730991},"EnergyVariance":{"Mean":115.05619146722161,"Sigma":19.788074521249946,"Taucorr":0.0015839846044478634},"Iteration":27},
{"Acceptance":[0.0791044776119403],"Energy":{"Mean":-2824.516129032258,"Sigma":0.9247155537563998,"Taucorr":0.15663126096277802},"EnergyVariance":{"Mean":80.08844953173777,"Sigma":11.14986089184852,"Taucorr":-0.0748842778886169},"Iteration":28},
{"Acceptance":[0.07327647476901208],"Energy":{"Mean":-2828.0645161290317,"Sigma":1.1606778552180121,"Taucorr":0.48353911244248604},"EnergyVariance":{"Mean":84.23777315296566,"Sigma":15.02899067361524,"Taucorr":0.23554895764490247},"Iteration":29},
{"Acceptance":[0.07224591329068941],"Energy":{"Mean":-2830.9919354838707,"Sigma":0.9825414073033009,"Taucorr":0.4718882911618103},"EnergyVariance":{"Mean":61.08864464099896,"Sigma":12.109840720887727,"Taucorr":0.16021262938736391},"Iteration":30},
{"Acceptance":[0.06936744847192608],"Energy":{"Mean":-2832.3467741935483,"Sigma":0.7310029032342777,"Taucorr":0.21316172392233734},"EnergyVariance":{"Mean":46.08136056191467,"Sigma":6.309640705890516,"Taucorr":-0.018343978158808727},"Iteration":31},
{"Acceptance":[0.061549395877754084],"Energy":{"Mean":-2837.008064516129,"Sigma":0.5985515526264844,"Taucorr":0.002136558946937428},"EnergyVariance":{"Mean":43.878967221644125,"Sigma":5.742536422696781,"Taucorr":0.050579933016734135},"Iteration":32},
{"Acceptance":[0.055650319829424304],"Energy":{"Mean":-2838.1532258064512,"Sigma":0.6878044212974289,"Taucorr":0.2553606254274047},"EnergyVariance":{"Mean":38.516844432882415,"Sigma":6.397500018370454,"Taucorr":0.19302180665675783},"Iteration":33},
{"Acceptance":[0.05277185501066098],"Energy":{"Mean":-2838.9032258064517,"Sigma":0.6003669822318266,"Taucorr":0.24717039037565225},"EnergyVariance":{"Mean":29.668054110301764,"Sigma":4.122476368223702,"Taucorr":-0.03559981904204357},"Iteration":34},
{"Acceptance":[0.04719260838663824],"Energy":{"Mean":-2841.620967741935,"Sigma":0.5247722198830937,"Taucorr":0.03503019171071131},"EnergyVariance":{"Mean":31.654721644120713,"Sigma":4.824366474062552,"Taucorr":0.10156773271856523},"Iteration":35},
{"Acceptance":[0.042679459843638946],"Energy":{"Mean":-2843.491935483871,"Sigma":0.4291908915233593,"Taucorr":0.031096503129739772},"EnergyVariance":{"Mean":21.330580124869922,"Sigma":3.9511236330743644,"Taucorr":0.03542293862732948},"Iteration":36},
{"Acceptance":[0.040902629708599855],"Energy":{"Mean":-2843.8709677419347,"Sigma":0.5331574350067297,"Taucorr":0.2140279342074647},"EnergyVariance":{"Mean":24.483350676378773,"Sigma":4.088066048269477,"Taucorr":-0.004302215017284061},"Iteration":37},
{"Acceptance":[0.036851457000710734],"Energy":{"Mean":-2844.0887096774195,"Sigma":0.8204827770971245,"Taucorr":0.5105782770275147},"EnergyVariance":{"Mean":40.96793704474506,"Sigma":12.341653492911309,"Taucorr":0.4203150724812551},"Iteration":38},
{"Acceptance":[0.039267945984363894],"Energy":{"Mean":-2843.701612903226,"Sigma":0.8318604743396907,"Taucorr":0.40517432893217786},"EnergyVariance":{"Mean":47.01580385015608,"Sigma":7.7689450334141865,"Taucorr":0.06552014317079313},"Iteration":39},
{"Acceptance":[0.032693674484719264],"Energy":{"Mean":-2846.677419354838,"Sigma":0.5178524653397982,"Taucorr":0.4980365070369822},"EnergyVariance":{"Mean":16.524973985431842,"Sigma":3.4577251780093348,"Taucorr":0.4818604320275117},"Iteration":40},
{"Acceptance":[0.0310589907604833],"Energy":{"Mean":-2846.8387096774195,"Sigma":0.5329906981244595,"Taucorr":0.3420432318571609},"EnergyVariance":{"Mean":20.74817898022893,"Sigma":5.841520907633252,"Taucorr":0.5336843290936186},"Iteration":41},
{"Acceptance":[0.03091684434968017],"Energy":{"Mean":-2847.3387096774186,"Sigma":0.5158181187192202,"Taucorr":0.21450649188373727},"EnergyVariance":{"Mean":22.901404786680544,"Sigma":4.670188875426683,"Taucorr":0.35974434451911586},"Iteration":42},
{"Acceptance":[0.026332622601279318],"Energy":{"Mean":-2848.9838709677415,"Sigma":0.34076437715135743,"Taucorr":0.18861281826166265},"EnergyVariance":{"Mean":10.370707596253903,"Sigma":2.057305153489134,"Taucorr":0.20350298458963867},"Iteration":43},
{"Acceptance":[0.029388770433546554],"Energy":{"Mean":-2849.040322580645,"Sigma":0.403462296241407,"Taucorr":0.1825243536365566},"EnergyVariance":{"Mean":14.667728928199791,"Sigma":3.2445638388432068,"Taucorr":0.09755474957990196},"Iteration":44},
{"Acceptance":[0.02540867093105899],"Energy":{"Mean":-2849.8548387096776,"Sigma":0.27818879292522136,"Taucorr":-0.06649468047295243},"EnergyVariance":{"Mean":10.978928199791884,"Sigma":1.928346430039926,"Taucorr":-0.011269330543481282},"Iteration":45},
{"Acceptance":[0.026119402985074626],"Energy":{"Mean":-2849.9354838709683,"Sigma":0.5398087751241253,"Taucorr":0.46219201329721327},"EnergyVariance":{"Mean":18.624869927159203,"Sigma":3.982842618584139,"Taucorr":0.1272435297248764},"Iteration":46},
{"Acceptance":[0.022743425728500355],"Energy":{"Mean":-2850.983870967742,"Sigma":0.44160866182369013,"Taucorr":0.339297937412385},"EnergyVariance":{"Mean":14.29006243496358,"Sigma":4.459863656182094,"Taucorr":0.2932605537768683},"Iteration":47},
{"Acceptance":[0.021783937455579248],"Energy":{"Mean":-2851.4516129032254,"Sigma":0.2922427539961662,"Taucorr":0.009345358223995293},"EnergyVariance":{"Mean":10.312174817898024,"Sigma":2.165275896803654,"Taucorr":0.022303463838298954},"Iteration":48},
{"Acceptance":[0.02484008528784648],"Energy":{"Mean":-2850.5080645161297,"Sigma":0.5951736747261737,"Taucorr":0.22872318439217532},"EnergyVariance":{"Mean":29.895096253902185,"Sigma":6.676000298614915,"Taucorr":0.09610840124764386},"Iteration":49} 
]}