{"Output": [
{"Acceptance":[0.0007095553453169347],"Energy":{"Mean":-1532.9274193548388,"Sigma":0.11834064894115835,"Taucorr":0.0077253383429961575},"EnergyVariance":{"Mean":1.6963449531737775,"Sigma":1.0176580559580046,"Taucorr":-0.020595228102816276},"Iteration":0},
{"Acceptance":[0.0025070955534531696],"Energy":{"Mean":-1533.7903225806451,"Sigma":0.21938843828691748,"Taucorr":0.3727870675769034},"EnergyVariance":{"Mean":3.3915192507804366,"Sigma":0.707082190183558,"Taucorr":0.3114649225534307},"Iteration":1},
{"Acceptance":[0.006291390728476821],"Energy":{"Mean":-1544.8629032258066,"Sigma":0.20538408474969722,"Taucorr":0.25749444539395594},"EnergyVariance":{"Mean":3.424752861602498,"Sigma":0.7592912678539446,"Taucorr":0.2839780174074126},"Iteration":2},
{"Acceptance":[0.0014191106906338694],"Energy":{"Mean":-1551.8064516129032,"Sigma":0.09180806110166358,"Taucorr":-0.03874999999998824},"EnergyVariance":{"Mean":1.1238293444328824,"Sigma":0.5153097623125485,"Taucorr":-0.03874999999999995},"Iteration":3},
{"Acceptance":[0.0002838221381267739],"Energy":{"Mean":-1552.0483870967744,"Sigma":0.035581488403817016,"Taucorr":0.04517304189438953},"EnergyVariance":{"Mean":0.14281997918834552,"Sigma":0.12626718543304877,"Taucorr":0.00045572841106744644},"Iteration":4},
{"Acceptance":[0.000946073793755913],"Energy":{"Mean":-1552.3225806451615,"Sigma":0.15648763580409672,"Taucorr":0.5427233429394729},"EnergyVariance":{"Mean":1.444328824141519,"Sigma":0.5156319986017823,"Taucorr":0.46396591099432927},"Iteration":5},
{"Acceptance":[0.00023651844843897824],"Energy":{"Mean":-1556.0,"Sigma":0.0,"Taucorr":null},"EnergyVariance":{"Mean":0.0,"Sigma":0.0,"Taucorr":null},"Iteration":6},
{"Acceptance":[9.46073793755913e-05],"Energy":{"Mean":-1556.0564516129034,"Sigma":0.056451612903226984,"Taucorr":1.021405182655144e-14},"EnergyVariance":{"Mean":0.3919745057232049,"Sigma":0.38878772112380944,"Taucorr":0.0},"Iteration":7},
{"Acceptance":[0.0008514664143803217],"Energy":{"Mean":-1556.0887096774193,"Sigma":0.08323789192904699,"Taucorr":-0.0016505666692355203},"EnergyVariance":{"Mean":0.8550338189386053,"Sigma":0.5373519035840593,"Taucorr":-0.017482698825679543},"Iteration":8},
{"Acceptance":[0.0005203405865657521],"Energy":{"Mean":-1562.8870967741939,"Sigma":0.11290322580644865,"Taucorr":0.5081967213114444},"EnergyVariance":{"Mean":0.7775754422476585,"Sigma":0.7648283038502306,"Taucorr":0.5081967213114755},"Iteration":9},
{"Acceptance":[9.46073793755913e-05],"Energy":{"Mean":-1562.991935483871,"Sigma":0.00806451612903306,"Taucorr":1.0902390101819037e-13},"EnergyVariance":{"Mean":0.007999479708636839,"Sigma":0.007934443288241534,"Taucorr":0.0},"Iteration":10},
{"Acceptance":[9.46073793755913e-05],"Energy":{"Mean":-1563.0,"Sigma":0.0,"Taucorr":null},"EnergyVariance":{"Mean":0.0,"Sigma":0.0,"Taucorr":null},"Iteration":11},
{"Acceptance":[0.0002838221381267739],"Energy":{"Mean":-1563.0967741935483,"Sigma":0.07116297680763323,"Taucorr":0.32451790633613187},"EnergyVariance":{"Mean":0.37773152965660767,"Sigma":0.27087842784841587,"Taucorr":0.324517906336088},"Iteration":12},
{"Acceptance":[0.00619678334910123],"Energy":{"Mean":-1564.8064516129034,"Sigma":0.2095533131472522,"Taucorr":0.18153886554624132},"EnergyVariance":{"Mean":3.9625390218522383,"Sigma":0.08111741154079641,"Taucorr":0.18153886554621856},"Iteration":13},
{"Acceptance":[0.0001892147587511826],"Energy":{"Mean":-1566.9274193548388,"Sigma":0.07258064516129022,"Taucorr":0.0},"EnergyVariance":{"Mean":0.6479578563995838,"Sigma":0.6426899063475643,"Taucorr":2.220446049250313e-16},"Iteration":14},
{"Acceptance":[0.0001892147587511826],"Energy":{"Mean":-1566.8548387096776,"Sigma":0.14516129032257805,"Taucorr":0.5081967213114551},"EnergyVariance":{"Mean":1.2853798126951093,"Sigma":1.2643080124870312,"Taucorr":0.5081967213114755},"Iteration":15},
{"Acceptance":[9.46073793755913e-05],"Energy":{"Mean":-1567.0,"Sigma":0.0,"Taucorr":null},"EnergyVariance":{"Mean":0.0,"Sigma":0.0,"Taucorr":null},"Iteration":16},
{"Acceptance":[0.0002838221381267739],"Energy":{"Mean":-1566.9435483870966,"Sigma":0.05645161290322673,"Taucorr":1.5987211554602254e-14},"EnergyVariance":{"Mean":0.3919745057232048,"Sigma":0.3887877211238094,"Taucorr":-1.1102230246251565e-16},"Iteration":17},
{"Acceptance":[0.0001892147587511826],"Energy":{"Mean":-1567.0,"Sigma":0.0,"Taucorr":null},"EnergyVariance":{"Mean":0.0,"Sigma":0.0,"Taucorr":null},"Iteration":18},
{"Acceptance":[0.0001892147587511826],"Energy":{"Mean":-1566.7580645161293,"Sigma":0.24193548387096722,"Taucorr":1.024793388429762},"EnergyVariance":{"Mean":2.360822060353798,"Sigma":2.302289281998026,"Taucorr":1.0247933884297526},"Iteration":19},
{"Acceptance":[0.0001892147587511826],"Energy":{"Mean":-1566.9032258064515,"Sigma":0.1241516477285522,"Taucorr":0.00483167082292979},"EnergyVariance":{"Mean":1.877731529656608,"Sigma":1.7901938073036552,"Taucorr":-0.0010859400640512717},"Iteration":20},
{"Acceptance":[0.0],"Energy":{"Mean":-1567.0,"Sigma":0.0,"Taucorr":null},"EnergyVariance":{"Mean":0.0,"Sigma":0.0,"Taucorr":null},"Iteration":21},
{"Acceptance":[9.46073793755913e-05],"Energy":{"Mean":-1567.024193548387,"Sigma":0.024193548387097558,"Taucorr":2.90878432451791e-14},"EnergyVariance":{"Mean":0.07199531737773153,"Sigma":0.0714099895941738,"Taucorr":0.0},"Iteration":22},
{"Acceptance":[9.46073793755913e-05],"Energy":{"Mean":-1567.0725806451615,"Sigma":0.05337223260572479,"Taucorr":0.324517906336102},"EnergyVariance":{"Mean":0.21247398543184184,"Sigma":0.15236911566470968,"Taucorr":0.324517906336088},"Iteration":23},
{"Acceptance":[0.005439924314096499],"Energy":{"Mean":-1568.6532258064515,"Sigma":0.23778701371559496,"Taucorr":0.31038057563771104},"EnergyVariance":{"Mean":4.291037981269511,"Sigma":1.5319754899954663,"Taucorr":0.4317117292157351},"Iteration":24},
{"Acceptance":[0.0001892147587511826],"Energy":{"Mean":-1570.0483870967744,"Sigma":0.048387096774195275,"Taucorr":0.5081967213115153},"EnergyVariance":{"Mean":0.14281997918834546,"Sigma":0.14047866805409254,"Taucorr":0.5081967213114749},"Iteration":25},
{"Acceptance":[0.0006622516556291391],"Energy":{"Mean":-1570.0725806451615,"Sigma":0.040483549671004884,"Taucorr":-0.02561983471071405},"EnergyVariance":{"Mean":0.21247398543184187,"Sigma":0.11557400470591674,"Taucorr":-0.025619834710743916},"Iteration":26},
{"Acceptance":[0.00586565752128666],"Energy":{"Mean":-1571.0161290322578,"Sigma":0.17232419897551132,"Taucorr":0.40595238095241293},"EnergyVariance":{"Mean":2.0158688865764827,"Sigma":0.1667653538473463,"Taucorr":0.4059523809523813},"Iteration":27},
{"Acceptance":[4.730368968779565e-05],"Energy":{"Mean":-1573.0,"Sigma":0.0,"Taucorr":null},"EnergyVariance":{"Mean":0.0,"Sigma":0.0,"Taucorr":null},"Iteration":28},
{"Acceptance":[0.0002838221381267739],"Energy":{"Mean":-1572.9435483870968,"Sigma":0.05645161290322593,"Taucorr":-2.55351295663786e-15},"EnergyVariance":{"Mean":0.3919745057232051,"Sigma":0.3887877211238352,"Taucorr":0.0},"Iteration":29},
{"Acceptance":[9.46073793755913e-05],"Energy":{"Mean":-1573.0,"Sigma":0.0,"Taucorr":null},"EnergyVariance":{"Mean":0.0,"Sigma":0.0,"Taucorr":null},"Iteration":30},
{"Acceptance":[0.0001892147587511826],"Energy":{"Mean":-1572.9193548387093,"Sigma":0.08064516129032268,"Taucorr":2.220446049250313e-16},"EnergyVariance":{"Mean":0.7999479708636836,"Sigma":0.79344432882408,"Taucorr":2.220446049250313e-16},"Iteration":31},
{"Acceptance":[0.0001892147587511826],"Energy":{"Mean":-1573.0967741935483,"Sigma":0.09677419354838594,"Taucorr":0.5081967213114535},"EnergyVariance":{"Mean":0.5712799167533819,"Sigma":0.5619146722164582,"Taucorr":0.5081967213114749},"Iteration":32},
{"Acceptance":[0.0017029328287606433],"Energy":{"Mean":-1574.0645161290324,"Sigma":0.2220892190717191,"Taucorr":0.07736185383242777},"EnergyVariance":{"Mean":5.253902185223725,"Sigma":0.8597002028582063,"Taucorr":0.0773618538324421},"Iteration":33},
{"Acceptance":[4.730368968779565e-05],"Energy":{"Mean":-1579.0,"Sigma":0.0,"Taucorr":null},"EnergyVariance":{"Mean":0.0,"Sigma":0.0,"Taucorr":null},"Iteration":34},
{"Acceptance":[0.0],"Energy":{"Mean":-1579.0,"Sigma":0.0,"Taucorr":null},"EnergyVariance":{"Mean":0.0,"Sigma":0.0,"Taucorr":null},"Iteration":35},
{"Acceptance":[9.46073793755913e-05],"Energy":{"Mean":-1578.9435483870966,"Sigma":0.05645161290322099,"Taucorr":-6.838973831690964e-14},"EnergyVariance":{"Mean":0.3919745057232048,"Sigma":0.3887877211238094,"Taucorr":2.220446049250313e-16},"Iteration":36},
{"Acceptance":[0.0],"Energy":{"Mean":-1579.0,"Sigma":0.0,"Taucorr":null},"EnergyVariance":{"Mean":0.0,"Sigma":0.0,"Taucorr":null},"Iteration":37},
{"Acceptance":[9.46073793755913e-05],"Energy":{"Mean":-1578.991935483871,"Sigma":0.008064516129031082,"Taucorr":-1.2567724638756772e-13},"EnergyVariance":{"Mean":0.007999479708636839,"Sigma":0.007934443288241534,"Taucorr":0.0},"Iteration":38},
{"Acceptance":[0.0],"Energy":{"Mean":-1579.0,"Sigma":0.0,"Taucorr":null},"EnergyVariance":{"Mean":0.0,"Sigma":0.0,"Taucorr":null},"Iteration":39},
{"Acceptance":[0.0001892147587511826],"Energy":{"Mean":-1579.0,"Sigma":0.0,"Taucorr":null},"EnergyVariance":{"Mean":0.0,"Sigma":0.0,"Taucorr":null},"Iteration":40},
{"Acceptance":[0.0],"Energy":{"Mean":-1579.0,"Sigma":0.0,"Taucorr":null},"EnergyVariance":{"Mean":0.0,"Sigma":0.0,"Taucorr":null},"Iteration":41},
{"Acceptance":[9.46073793755913e-05],"Energy":{"Mean":-1579.0,"Sigma":0.0,"Taucorr":null},"EnergyVariance":{"Mean":0.0,"Sigma":0.0,"Taucorr":null},"Iteration":42},
{"Acceptance":[0.0],"Energy":{"Mean":-1579.0,"Sigma":0.0,"Taucorr":null},"EnergyVariance":{"Mean":0.0,"Sigma":0.0,"Taucorr":null},"Iteration":43},
{"Acceptance":[0.0002838221381267739],"Energy":{"Mean":-1579.0161290322583,"Sigma":0.01612903225806692,"Taucorr":1.2723155862204294e-13},"EnergyVariance":{"Mean":0.031997918834547355,"Sigma":0.031737773152958795,"Taucorr":-2.220446049250313e-16},"Iteration":44},
{"Acceptance":[9.46073793755913e-05],"Energy":{"Mean":-1578.8064516129034,"Sigma":0.14232595361525727,"Taucorr":0.3245179063360413},"EnergyVariance":{"Mean":1.510926118626431,"Sigma":1.0835137113936635,"Taucorr":0.3245179063360877},"Iteration":45},
{"Acceptance":[9.46073793755913e-05],"Energy":{"Mean":-1579.0,"Sigma":0.0,"Taucorr":null},"EnergyVariance":{"Mean":0.0,"Sigma":0.0,"Taucorr":null},"Iteration":46},
{"Acceptance":[9.46073793755913e-05],"Energy":{"Mean":-1579.0,"Sigma":0.0,"Taucorr":null},"EnergyVariance":{"Mean":0.0,"Sigma":0.0,"Taucorr":null},"Iteration":47},
{"Acceptance":[0.0],"Energy":{"Mean":-1579.0,"Sigma":0.0,"Taucorr":null},"EnergyVariance":{"Mean":0.0,"Sigma":0.0,"Taucorr":null},"Iteration":48},
{"Acceptance":[0.0],"Energy":{"Mean":-1579.0,"Sigma":0.0,"Taucorr":null},"EnergyVariance":{"Mean":0.0,"Sigma":0.0,"Taucorr":null},"Iteration":49},
{"Acceptance":[0.0],"Energy":{"Mean":-1579.0,"Sigma":0.0,"Taucorr":null},"EnergyVariance":{"Mean":0.0,"Sigma":0.0,"Taucorr":null},"Iteration":50},
{"Acceptance":[0.0],"Energy":{"Mean":-1579.0,"Sigma":0.0,"Taucorr":null},"EnergyVariance":{"Mean":0.0,"Sigma":0.0,"Taucorr":null},"Iteration":51},
{"Acceptance":[0.0],"Energy":{"Mean":-1579.0,"Sigma":0.0,"Taucorr":null},"EnergyVariance":{"Mean":0.0,"Sigma":0.0,"Taucorr":null},"Iteration":52},
{"Acceptance":[0.0],"Energy":{"Mean":-1579.0,"Sigma":0.0,"Taucorr":null},"EnergyVariance":{"Mean":0.0,"Sigma":0.0,"Taucorr":null},"Iteration":53},
{"Acceptance":[0.0],"Energy":{"Mean":-1579.0,"Sigma":0.0,"Taucorr":null},"EnergyVariance":{"Mean":0.0,"Sigma":0.0,"Taucorr":null},"Iteration":54},
{"Acceptance":[0.0],"Energy":{"Mean":-1579.0,"Sigma":0.0,"Taucorr":null},"EnergyVariance":{"Mean":0.0,"Sigma":0.0,"Taucorr":null},"Iteration":55},
{"Acceptance":[0.0],"Energy":{"Mean":-1579.0,"Sigma":0.0,"Taucorr":null},"EnergyVariance":{"Mean":0.0,"Sigma":0.0,"Taucorr":null},"Iteration":56},
{"Acceptance":[0.0],"Energy":{"Mean":-1579.0,"Sigma":0.0,"Taucorr":null},"EnergyVariance":{"Mean":0.0,"Sigma":0.0,"Taucorr":null},"Iteration":57},
{"Acceptance":[0.0],"Energy":{"Mean":-1579.0,"Sigma":0.0,"Taucorr":null},"EnergyVariance":{"Mean":0.0,"Sigma":0.0,"Taucorr":null},"Iteration":58},
{"Acceptance":[9.46073793755913e-05],"Energy":{"Mean":-1579.0,"Sigma":0.0,"Taucorr":null},"EnergyVariance":{"Mean":0.0,"Sigma":0.0,"Taucorr":null},"Iteration":59},
{"Acceptance":[0.0001892147587511826],"Energy":{"Mean":-1579.0,"Sigma":0.0,"Taucorr":null},"EnergyVariance":{"Mean":0.0,"Sigma":0.0,"Taucorr":null},"Iteration":60},
{"Acceptance":[0.0001892147587511826],"Energy":{"Mean":-1578.967741935484,"Sigma":0.032258064516127415,"Taucorr":0.5081967213114116},"EnergyVariance":{"Mean":0.06347554630593132,"Sigma":0.06243496357960647,"Taucorr":0.5081967213114753},"Iteration":61},
{"Acceptance":[0.0001892147587511826],"Energy":{"Mean":-1578.8548387096776,"Sigma":0.10674446521144407,"Taucorr":0.3245179063360598},"EnergyVariance":{"Mean":0.8498959417273675,"Sigma":0.6094764626589357,"Taucorr":0.32451790633608857},"Iteration":62},
{"Acceptance":[0.0001892147587511826],"Energy":{"Mean":-1579.0,"Sigma":0.0,"Taucorr":null},"EnergyVariance":{"Mean":0.0,"Sigma":0.0,"Taucorr":null},"Iteration":63},
{"Acceptance":[9.46073793755913e-05],"Energy":{"Mean":-1579.0,"Sigma":0.0,"Taucorr":null},"EnergyVariance":{"Mean":0.0,"Sigma":0.0,"Taucorr":null},"Iteration":64},
{"Acceptance":[9.46073793755913e-05],"Energy":{"Mean":-1579.032258064516,"Sigma":0.022426509263027243,"Taucorr":-0.012704918032740653},"EnergyVariance":{"Mean":0.06347554630593133,"Sigma":0.04340614696069686,"Taucorr":-0.012704918032786894},"Iteration":65},
{"Acceptance":[0.0001892147587511826],"Energy":{"Mean":-1579.0,"Sigma":0.0,"Taucorr":null},"EnergyVariance":{"Mean":0.0,"Sigma":0.0,"Taucorr":null},"Iteration":66},
{"Acceptance":[9.46073793755913e-05],"Energy":{"Mean":-1579.0161290322583,"Sigma":0.01612903225806597,"Taucorr":3.7969627442180354e-14},"EnergyVariance":{"Mean":0.03199791883454735,"Sigma":0.031737773152958795,"Taucorr":-2.220446049250313e-16},"Iteration":67},
{"Acceptance":[0.0001892147587511826],"Energy":{"Mean":-1579.0483870967744,"Sigma":0.04838709677419386,"Taucorr":1.0247933884296987},"EnergyVariance":{"Mean":0.09443288241415192,"Sigma":0.092091571279899,"Taucorr":1.0247933884297518},"Iteration":68},
{"Acceptance":[0.0023651844843897824],"Energy":{"Mean":-1579.3951612903227,"Sigma":0.12146849759110319,"Taucorr":0.007670196121197903},"EnergyVariance":{"Mean":1.7873959417273668,"Sigma":1.2716235250090944,"Taucorr":-0.006135452342411529},"Iteration":69},
{"Acceptance":[0.004257332071901609],"Energy":{"Mean":-1588.6290322580646,"Sigma":0.594200349044005,"Taucorr":0.3443390452876256},"EnergyVariance":{"Mean":25.717221644120706,"Sigma":2.530143421735916,"Taucorr":0.3443390452876375},"Iteration":70},
{"Acceptance":[0.0],"Energy":{"Mean":-1592.0,"Sigma":0.0,"Taucorr":null},"EnergyVariance":{"Mean":0.0,"Sigma":0.0,"Taucorr":null},"Iteration":71},
{"Acceptance":[0.0],"Energy":{"Mean":-1592.0,"Sigma":0.0,"Taucorr":null},"EnergyVariance":{"Mean":0.0,"Sigma":0.0,"Taucorr":null},"Iteration":72},
{"Acceptance":[0.0],"Energy":{"Mean":-1592.0,"Sigma":0.0,"Taucorr":null},"EnergyVariance":{"Mean":0.0,"Sigma":0.0,"Taucorr":null},"Iteration":73},
{"Acceptance":[0.0],"Energy":{"Mean":-1592.0,"Sigma":0.0,"Taucorr":null},"EnergyVariance":{"Mean":0.0,"Sigma":0.0,"Taucorr":null},"Iteration":74},
{"Acceptance":[0.0],"Energy":{"Mean":-1592.0,"Sigma":0.0,"Taucorr":null},"EnergyVariance":{"Mean":0.0,"Sigma":0.0,"Taucorr":null},"Iteration":75},
{"Acceptance":[0.0],"Energy":{"Mean":-1592.0,"Sigma":0.0,"Taucorr":null},"EnergyVariance":{"Mean":0.0,"Sigma":0.0,"Taucorr":null},"Iteration":76},
{"Acceptance":[9.46073793755913e-05],"Energy":{"Mean":-1592.0,"Sigma":0.0,"Taucorr":null},"EnergyVariance":{"Mean":0.0,"Sigma":0.0,"Taucorr":null},"Iteration":77},
{"Acceptance":[9.46073793755913e-05],"Energy":{"Mean":-1592.0,"Sigma":0.0,"Taucorr":null},"EnergyVariance":{"Mean":0.0,"Sigma":0.0,"Taucorr":null},"Iteration":78},
{"Acceptance":[0.0],"Energy":{"Mean":-1592.0,"Sigma":0.0,"Taucorr":null},"EnergyVariance":{"Mean":0.0,"Sigma":0.0,"Taucorr":null},"Iteration":79},
{"Acceptance":[0.0],"Energy":{"Mean":-1592.0,"Sigma":0.0,"Taucorr":null},"EnergyVariance":{"Mean":0.0,"Sigma":0.0,"Taucorr":null},"Iteration":80},
{"Acceptance":[0.0],"Energy":{"Mean":-1592.0,"Sigma":0.0,"Taucorr":null},"EnergyVariance":{"Mean":0.0,"Sigma":0.0,"Taucorr":null},"Iteration":81},
{"Acceptance":[0.0],"Energy":{"Mean":-1592.0,"Sigma":0.0,"Taucorr":null},"EnergyVariance":{"Mean":0.0,"Sigma":0.0,"Taucorr":null},"Iteration":82},
{"Acceptance":[0.0],"Energy":{"Mean":-1592.0,"Sigma":0.0,"Taucorr":null},"EnergyVariance":{"Mean":0.0,"Sigma":0.0,"Taucorr":null},"Iteration":83},
{"Acceptance":[9.46073793755913e-05],"Energy":{"Mean":-1591.9354838709676,"Sigma":0.06451612903226174,"Taucorr":4.907185768843192e-14},"EnergyVariance":{"Mean":0.5119667013527577,"Sigma":0.5078043704474289,"Taucorr":0.0},"Iteration":84},
{"Acceptance":[0.0],"Energy":{"Mean":-1592.0,"Sigma":0.0,"Taucorr":null},"EnergyVariance":{"Mean":0.0,"Sigma":0.0,"Taucorr":null},"Iteration":85},
{"Acceptance":[9.46073793755913e-05],"Energy":{"Mean":-1592.0,"Sigma":0.0,"Taucorr":null},"EnergyVariance":{"Mean":0.0,"Sigma":0.0,"Taucorr":null},"Iteration":86},
{"Acceptance":[9.46073793755913e-05],"Energy":{"Mean":-1591.7258064516127,"Sigma":0.27419354838709753,"Taucorr":0.5081967213114778},"EnergyVariance":{"Mean":4.5861082206035375,"Sigma":4.510926118626319,"Taucorr":0.508196721311476},"Iteration":87},
{"Acceptance":[0.0],"Energy":{"Mean":-1592.0,"Sigma":0.0,"Taucorr":null},"EnergyVariance":{"Mean":0.0,"Sigma":0.0,"Taucorr":null},"Iteration":88},
{"Acceptance":[0.0],"Energy":{"Mean":-1592.0,"Sigma":0.0,"Taucorr":null},"EnergyVariance":{"Mean":0.0,"Sigma":0.0,"Taucorr":null},"Iteration":89},
{"Acceptance":[0.0],"Energy":{"Mean":-1592.0,"Sigma":0.0,"Taucorr":null},"EnergyVariance":{"Mean":0.0,"Sigma":0.0,"Taucorr":null},"Iteration":90},
{"Acceptance":[0.0],"Energy":{"Mean":-1592.0,"Sigma":0.0,"Taucorr":null},"EnergyVariance":{"Mean":0.0,"Sigma":0.0,"Taucorr":null},"Iteration":91},
{"Acceptance":[9.46073793755913e-05],"Energy":{"Mean":-1591.9193548387093,"Sigma":0.08064516129032277,"Taucorr":0.5081967213114718},"EnergyVariance":{"Mean":0.39672216441207087,"Sigma":0.390218522372467,"Taucorr":0.5081967213114746},"Iteration":92},
{"Acceptance":[0.0],"Energy":{"Mean":-1592.0,"Sigma":0.0,"Taucorr":null},"EnergyVariance":{"Mean":0.0,"Sigma":0.0,"Taucorr":null},"Iteration":93},
{"Acceptance":[0.0],"Energy":{"Mean":-1592.0,"Sigma":0.0,"Taucorr":null},"EnergyVariance":{"Mean":0.0,"Sigma":0.0,"Taucorr":null},"Iteration":94},
{"Acceptance":[0.0],"Energy":{"Mean":-1592.0,"Sigma":0.0,"Taucorr":null},"EnergyVariance":{"Mean":0.0,"Sigma":0.0,"Taucorr":null},"Iteration":95},
{"Acceptance":[0.0],"Energy":{"Mean":-1592.0,"Sigma":0.0,"Taucorr":null},"EnergyVariance":{"Mean":0.0,"Sigma":0.0,"Taucorr":null},"Iteration":96},
{"Acceptance":[0.0],"Energy":{"Mean":-1592.0,"Sigma":0.0,"Taucorr":null},"EnergyVariance":{"Mean":0.0,"Sigma":0.0,"Taucorr":null},"Iteration":97},
{"Acceptance":[0.0],"Energy":{"Mean":-1592.0,"Sigma":0.0,"Taucorr":null},"EnergyVariance":{"Mean":0.0,"Sigma":0.0,"Taucorr":null},"Iteration":98},
{"Acceptance":[0.0],"Energy":{"Mean":-1592.0,"Sigma":0.0,"Taucorr":null},"EnergyVariance":{"Mean":0.0,"Sigma":0.0,"Taucorr":null},"Iteration":99} 
]}