{"Output": [
{"Acceptance":[0.8011081782992364],"Energy":{"Mean":-3934.464717741936,"Sigma":1.372613506565563,"Taucorr":0.015290207376245868},"EnergyVariance":{"Mean":1811.7084325816206,"Sigma":71.93940090586001,"Taucorr":-0.1258834811900189},"Iteration":0},
{"Acceptance":[0.7082398646975154],"Energy":{"Mean":-3964.835685483871,"Sigma":2.284062086807942,"Taucorr":0.7883083483953472},"EnergyVariance":{"Mean":2006.5022346107573,"Sigma":95.38782960766474,"Taucorr":0.06421912043892597},"Iteration":1},
{"Acceptance":[0.5392214445946233],"Energy":{"Mean":-4046.102822580645,"Sigma":2.1407402466565264,"Taucorr":0.6907184641625033},"EnergyVariance":{"Mean":1907.0519275169092,"Sigma":96.22965246549366,"Taucorr":0.15015436929802117},"Iteration":2},
{"Acceptance":[0.4222859892578885],"Energy":{"Mean":-4140.922379032259,"Sigma":1.3533159064773315,"Taucorr":0.08844244963910775},"EnergyVariance":{"Mean":1542.1905475660117,"Sigma":69.30265459656087,"Taucorr":-0.002359754916535284},"Iteration":3},
{"Acceptance":[0.341171725177443],"Energy":{"Mean":-4213.935483870968,"Sigma":1.4805625811534562,"Taucorr":0.5469868262512143},"EnergyVariance":{"Mean":1037.423257023934,"Sigma":46.30262785087824,"Taucorr":-0.004071721681577212},"Iteration":4},
{"Acceptance":[0.27460318583569804],"Energy":{"Mean":-4269.277217741936,"Sigma":1.1719748989099286,"Taucorr":0.405630099928566},"EnergyVariance":{"Mean":751.5007712912982,"Sigma":45.14905426007401,"Taucorr":0.3133695524929089},"Iteration":5},
{"Acceptance":[0.22169581001040245],"Energy":{"Mean":-4310.077620967743,"Sigma":1.1319193118227269,"Taucorr":0.6072462704405195},"EnergyVariance":{"Mean":573.3639346627862,"Sigma":26.830923370479017,"Taucorr":0.060988889643811106},"Iteration":6},
{"Acceptance":[0.18375521006559906],"Energy":{"Mean":-4344.51008064516,"Sigma":0.8153336483406853,"Taucorr":0.3725505427585849},"EnergyVariance":{"Mean":377.50594676768986,"Sigma":19.307486669074848,"Taucorr":0.15116749791846884},"Iteration":7},
{"Acceptance":[0.15122458655608473],"Energy":{"Mean":-4367.5060483870975,"Sigma":0.8081854261992435,"Taucorr":0.6296586435875939},"EnergyVariance":{"Mean":286.495931158949,"Sigma":14.769887111689428,"Taucorr":0.09982773987794924},"Iteration":8},
{"Acceptance":[0.12486112388810654],"Energy":{"Mean":-4384.241935483871,"Sigma":0.8255414886351574,"Taucorr":1.072432883406178},"EnergyVariance":{"Mean":214.75799947970864,"Sigma":12.815335090029599,"Taucorr":0.32016315041547616},"Iteration":9},
{"Acceptance":[0.10584305760970328],"Energy":{"Mean":-4396.090725806451,"Sigma":0.5729784085231658,"Taucorr":0.6302093256702068},"EnergyVariance":{"Mean":143.9333010861082,"Sigma":8.638171304328013,"Taucorr":0.1931947115734326},"Iteration":10},
{"Acceptance":[0.09404654914975975],"Energy":{"Mean":-4404.775201612904,"Sigma":0.5347968634322883,"Taucorr":0.6635854032439237},"EnergyVariance":{"Mean":121.7932156851587,"Sigma":9.302586850458363,"Taucorr":0.7712441506687062},"Iteration":11},
{"Acceptance":[0.08161315660979528],"Energy":{"Mean":-4411.918346774194,"Sigma":0.3425862431009759,"Taucorr":0.10501146495374503},"EnergyVariance":{"Mean":96.12135694426378,"Sigma":5.732737069019319,"Taucorr":0.24724248050722364},"Iteration":12},
{"Acceptance":[0.07221911642948632],"Energy":{"Mean":-4418.095766129033,"Sigma":0.36063414725091936,"Taucorr":0.41524139886974876},"EnergyVariance":{"Mean":70.41119175175601,"Sigma":4.557283849693719,"Taucorr":0.4000601609953892},"Iteration":13},
{"Acceptance":[0.0657476665274957],"Energy":{"Mean":-4422.455645161291,"Sigma":0.3267573397942871,"Taucorr":0.33537238657157253},"EnergyVariance":{"Mean":63.33069393860563,"Sigma":3.648035742868986,"Taucorr":0.14062662211341104},"Iteration":14},
{"Acceptance":[0.05864994728015115],"Energy":{"Mean":-4426.739919354839,"Sigma":0.32134782063404277,"Taucorr":0.4704288055113427},"EnergyVariance":{"Mean":52.72671289672217,"Sigma":3.759741128292799,"Taucorr":0.30143348766295097},"Iteration":15},
{"Acceptance":[0.05287906986618358],"Energy":{"Mean":-4429.466733870968,"Sigma":0.2855037325650006,"Taucorr":0.1896692881710712},"EnergyVariance":{"Mean":58.563409493691466,"Sigma":4.105141109931307,"Taucorr":0.06910344985949568},"Iteration":16},
{"Acceptance":[0.04805998032735842],"Energy":{"Mean":-4432.406249999999,"Sigma":0.33275108758702904,"Taucorr":0.6573943757915308},"EnergyVariance":{"Mean":47.40250126008063,"Sigma":3.2849828691834544,"Taucorr":0.29091080296872496},"Iteration":17},
{"Acceptance":[0.04289060454452173],"Energy":{"Mean":-4436.452620967742,"Sigma":0.34457339973550427,"Taucorr":0.8478863202983729},"EnergyVariance":{"Mean":43.64694877568939,"Sigma":3.08631323570312,"Taucorr":0.2592063119168131},"Iteration":18},
{"Acceptance":[0.03838641880081804],"Energy":{"Mean":-4438.326612903225,"Sigma":0.4266483459879445,"Taucorr":2.1213889788041085},"EnergyVariance":{"Mean":34.407436914672225,"Sigma":2.943683953933073,"Taucorr":0.807871656711592},"Iteration":19},
{"Acceptance":[0.03433512840290702],"Energy":{"Mean":-4440.896169354839,"Sigma":0.539225761463812,"Taucorr":3.189782976877433},"EnergyVariance":{"Mean":39.04667887454475,"Sigma":3.7046405397543163,"Taucorr":0.5586383367698442},"Iteration":20},
{"Acceptance":[0.029954781230318514],"Energy":{"Mean":-4443.404233870969,"Sigma":0.40636096366038355,"Taucorr":2.279414250063119},"EnergyVariance":{"Mean":29.438409493691466,"Sigma":2.32766047154769,"Taucorr":0.618463344820684},"Iteration":21},
{"Acceptance":[0.027393091930678706],"Energy":{"Mean":-4443.01310483871,"Sigma":0.5729571848945156,"Taucorr":4.574125685606365},"EnergyVariance":{"Mean":32.057287940621755,"Sigma":2.3928297221452075,"Taucorr":0.4172342647596705},"Iteration":22},
{"Acceptance":[0.022506775738962446],"Energy":{"Mean":-4446.977822580645,"Sigma":0.23304030155675728,"Taucorr":0.870374672327533},"EnergyVariance":{"Mean":19.63660493626431,"Sigma":2.1897858703522117,"Taucorr":0.5261486334310459},"Iteration":23},
{"Acceptance":[0.019485114603751956],"Energy":{"Mean":-4448.038306451614,"Sigma":0.17276139759395745,"Taucorr":0.4588305571918341},"EnergyVariance":{"Mean":15.42393584157128,"Sigma":1.5184966483017872,"Taucorr":0.30477417733321344},"Iteration":24},
{"Acceptance":[0.016509450652098533],"Energy":{"Mean":-4449.056451612903,"Sigma":0.17711744228853857,"Taucorr":0.588441383255103},"EnergyVariance":{"Mean":14.281087408949013,"Sigma":2.05431720778258,"Taucorr":0.5311367601576025},"Iteration":25},
{"Acceptance":[0.015193223553388577],"Energy":{"Mean":-4449.770161290323,"Sigma":0.1707858845258956,"Taucorr":0.6934005303808055},"EnergyVariance":{"Mean":12.110480619146722,"Sigma":1.8748477586859995,"Taucorr":0.4733576868190126},"Iteration":26},
{"Acceptance":[0.013657625271560295],"Energy":{"Mean":-4449.946572580646,"Sigma":0.14001093188576894,"Taucorr":0.3759511592274959},"EnergyVariance":{"Mean":11.088879381828823,"Sigma":1.4293485243651118,"Taucorr":0.25110471745398766},"Iteration":27},
{"Acceptance":[0.01222109784662416],"Energy":{"Mean":-4450.787298387097,"Sigma":0.1254814263658917,"Taucorr":0.6219757798859991},"EnergyVariance":{"Mean":6.953749959352238,"Sigma":0.8805861781475174,"Taucorr":0.12975142772007842},"Iteration":28},
{"Acceptance":[0.012125565234621018],"Energy":{"Mean":-4450.478830645162,"Sigma":0.1782872604238305,"Taucorr":0.7709206903985963},"EnergyVariance":{"Mean":12.392697019706038,"Sigma":2.777034560824012,"Taucorr":1.0024787706838139},"Iteration":29},
{"Acceptance":[0.01084825882969012],"Energy":{"Mean":-4451.10685483871,"Sigma":0.12093329482655288,"Taucorr":0.35005601369404316},"EnergyVariance":{"Mean":8.524872366024972,"Sigma":1.553523137026228,"Taucorr":0.11142273856060292},"Iteration":30},
{"Acceptance":[0.010660731850572841],"Energy":{"Mean":-4451.439516129033,"Sigma":0.08469901798273778,"Taucorr":0.2258074274860825},"EnergyVariance":{"Mean":4.897551378772112,"Sigma":0.8004118496286797,"Taucorr":0.19338037648204642},"Iteration":31},
{"Acceptance":[0.010108765647888021],"Energy":{"Mean":-4451.265120967742,"Sigma":0.22132163012492115,"Taucorr":2.0113540804140597},"EnergyVariance":{"Mean":9.664589904721643,"Sigma":3.778266995633688,"Taucorr":3.1575300119250627},"Iteration":32},
{"Acceptance":[0.0104307459327875],"Energy":{"Mean":-4451.698588709677,"Sigma":0.10060665684567421,"Taucorr":0.6132950172641205},"EnergyVariance":{"Mean":4.504917363098334,"Sigma":0.8763591111610872,"Taucorr":0.5452844494471414},"Iteration":33},
{"Acceptance":[0.010122918627444043],"Energy":{"Mean":-4451.70866935484,"Sigma":0.14049155180050366,"Taucorr":0.8647689133087175},"EnergyVariance":{"Mean":7.166134519706036,"Sigma":1.7794072126058993,"Taucorr":0.5435342971892352},"Iteration":34},
{"Acceptance":[0.00940111667008697],"Energy":{"Mean":-4451.833669354839,"Sigma":0.08204720430835585,"Taucorr":0.13933126106529647},"EnergyVariance":{"Mean":5.217293793899583,"Sigma":0.8018477107811423,"Taucorr":0.035105550878208436},"Iteration":35},
{"Acceptance":[0.009875241485213675],"Energy":{"Mean":-4452.203629032258,"Sigma":0.058019345669389814,"Taucorr":0.16534735700284287},"EnergyVariance":{"Mean":2.506922313995838,"Sigma":0.4791761910067754,"Taucorr":0.10703056171530279},"Iteration":36},
{"Acceptance":[0.00939404018030896],"Energy":{"Mean":-4452.157258064517,"Sigma":0.07982996924567459,"Taucorr":0.4049549630879281},"EnergyVariance":{"Mean":3.4893828043704476,"Sigma":0.7038552686244715,"Taucorr":0.5506060760702811},"Iteration":37},
{"Acceptance":[0.00900483324251838],"Energy":{"Mean":-4452.470766129033,"Sigma":0.06585318565733991,"Taucorr":0.5958606081114173},"EnergyVariance":{"Mean":1.9608389291753376,"Sigma":0.3592209197725673,"Taucorr":0.20571819973409655},"Iteration":38},
{"Acceptance":[0.009312660547861838],"Energy":{"Mean":-4452.3266129032245,"Sigma":0.09411709836224644,"Taucorr":0.3697334086704491},"EnergyVariance":{"Mean":5.046549817898024,"Sigma":0.9904621061625298,"Taucorr":0.13926817005910996},"Iteration":39},
{"Acceptance":[0.008541323162058693],"Energy":{"Mean":-4452.4828629032245,"Sigma":0.08269037974913983,"Taucorr":0.5517151329352479},"EnergyVariance":{"Mean":3.221480513462539,"Sigma":0.5958069292983692,"Taucorr":0.025372392074849315},"Iteration":40},
{"Acceptance":[0.008488249488723613],"Energy":{"Mean":-4452.6875,"Sigma":0.06769411554610817,"Taucorr":0.43730472475077065},"EnergyVariance":{"Mean":2.422505040322581,"Sigma":0.4989212408003819,"Taucorr":0.2765428192645182},"Iteration":41},
{"Acceptance":[0.008201651652714187],"Energy":{"Mean":-4452.716733870967,"Sigma":0.10393726908718674,"Taucorr":0.7772499401688759},"EnergyVariance":{"Mean":4.19092965498179,"Sigma":1.2095147887549214,"Taucorr":0.47794372176544575},"Iteration":42},
{"Acceptance":[0.008166269203824135],"Energy":{"Mean":-4452.860887096775,"Sigma":0.08437485948906191,"Taucorr":0.7702552556058686},"EnergyVariance":{"Mean":2.777018567898022,"Sigma":0.5803280427883223,"Taucorr":0.13371074151457085},"Iteration":43},
{"Acceptance":[0.007600150021583294],"Energy":{"Mean":-4452.765120967742,"Sigma":0.0888016538090193,"Taucorr":0.5424521857461693},"EnergyVariance":{"Mean":3.7482592595603546,"Sigma":0.7816142651792357,"Taucorr":0.2542818095841658},"Iteration":44},
{"Acceptance":[0.007932745041149788],"Energy":{"Mean":-4452.957661290324,"Sigma":0.09051947864725028,"Taucorr":0.9424126064488256},"EnergyVariance":{"Mean":2.814739691727367,"Sigma":0.6895901924997194,"Taucorr":0.4886775858115726},"Iteration":45},
{"Acceptance":[0.006938498227339311],"Energy":{"Mean":-4453.190524193549,"Sigma":0.11673224598196096,"Taucorr":0.9500731297425342},"EnergyVariance":{"Mean":4.656240854253382,"Sigma":1.5417314807239566,"Taucorr":0.80323171912195},"Iteration":46},
{"Acceptance":[0.007504617409580152],"Energy":{"Mean":-4453.265120967742,"Sigma":0.08269078938624554,"Taucorr":1.436875701103833},"EnergyVariance":{"Mean":1.7492673240764827,"Sigma":0.22917101004129023,"Taucorr":0.1476668743439019},"Iteration":47},
{"Acceptance":[0.0071331016962346],"Energy":{"Mean":-4453.24193548387,"Sigma":0.09458596531396217,"Taucorr":0.8464837936898109},"EnergyVariance":{"Mean":3.292273673257024,"Sigma":0.7533301054832922,"Taucorr":0.4086836557323583},"Iteration":48},
{"Acceptance":[0.0058274893321916595],"Energy":{"Mean":-4453.44556451613,"Sigma":0.08862525002446264,"Taucorr":1.0217364970781104},"EnergyVariance":{"Mean":2.5575206490634756,"Sigma":0.3955556790991771,"Taucorr":-0.001029660050067327},"Iteration":49} 
]}