{"Output": [
{"Acceptance":[0.936317907444668],"Energy":{"Mean":-302.33870967741944,"Sigma":0.8126642420512298,"Taucorr":-0.1958294612607689},"EnergyVariance":{"Mean":133.53043704474507,"Sigma":21.38383375315066,"Taucorr":0.2560306520243596},"Iteration":0},
{"Acceptance":[0.9184104627766599],"Energy":{"Mean":-301.48387096774184,"Sigma":0.9465511451647827,"Taucorr":0.08085544574004644},"EnergyVariance":{"Mean":94.86264308012484,"Sigma":9.261716696880137,"Taucorr":-0.14108175266913625},"Iteration":1},
{"Acceptance":[0.8949698189134809],"Energy":{"Mean":-304.29032258064507,"Sigma":1.3329013131173209,"Taucorr":0.15662720436495314},"EnergyVariance":{"Mean":166.39958376690944,"Sigma":20.027544294193977,"Taucorr":-0.044884205886453477},"Iteration":2},
{"Acceptance":[0.870523138832998],"Energy":{"Mean":-304.7580645161291,"Sigma":1.1971900271684421,"Taucorr":0.09692125017396713},"EnergyVariance":{"Mean":147.66727367325703,"Sigma":13.650794914958107,"Taucorr":-0.1865999212747},"Iteration":3},
{"Acceptance":[0.848692152917505],"Energy":{"Mean":-305.7903225806451,"Sigma":0.968738286380348,"Taucorr":-0.11722083427508617},"EnergyVariance":{"Mean":150.77861602497404,"Sigma":17.393727516783304,"Taucorr":-0.0772997772976961},"Iteration":4},
{"Acceptance":[0.8169014084507042],"Energy":{"Mean":-306.6693548387097,"Sigma":1.3846987899228247,"Taucorr":0.20104573172028373},"EnergyVariance":{"Mean":168.20518990634753,"Sigma":18.906737413417968,"Taucorr":-0.09701681042775223},"Iteration":5},
{"Acceptance":[0.7782696177062374],"Energy":{"Mean":-308.41129032258067,"Sigma":1.2446956480723368,"Taucorr":0.14518875531721465},"EnergyVariance":{"Mean":147.67761446409992,"Sigma":18.232213769001422,"Taucorr":0.029516378288831024},"Iteration":6},
{"Acceptance":[0.7139839034205231],"Energy":{"Mean":-312.54838709677415,"Sigma":1.123455891030542,"Taucorr":0.06823571700628617},"EnergyVariance":{"Mean":136.6024973985432,"Sigma":17.605252557601222,"Taucorr":0.012320806403938955},"Iteration":7},
{"Acceptance":[0.640543259557344],"Energy":{"Mean":-313.6532258064516,"Sigma":1.3205202939324627,"Taucorr":0.12916178757094454},"EnergyVariance":{"Mean":170.45232830385015,"Sigma":18.402649192027944,"Taucorr":0.031916321646249024},"Iteration":8},
{"Acceptance":[0.503420523138833],"Energy":{"Mean":-319.68548387096774,"Sigma":1.3733723377937728,"Taucorr":0.302275946478058},"EnergyVariance":{"Mean":144.58656347554634,"Sigma":35.070118550108184,"Taucorr":0.0682037800392975},"Iteration":9},
{"Acceptance":[0.39929577464788735],"Energy":{"Mean":-327.5645161290322,"Sigma":0.7907366701013306,"Taucorr":-0.06748388484282836},"EnergyVariance":{"Mean":88.90712799167535,"Sigma":10.721768514067156,"Taucorr":0.09958280783246687},"Iteration":10},
{"Acceptance":[0.32796780684104626],"Energy":{"Mean":-332.70161290322585,"Sigma":1.1940386961520202,"Taucorr":0.35827592726633395},"EnergyVariance":{"Mean":102.16096514047867,"Sigma":9.812178296461385,"Taucorr":-0.18980460547827177},"Iteration":11},
{"Acceptance":[0.26217303822937627],"Energy":{"Mean":-337.74193548387103,"Sigma":0.7885678347287458,"Taucorr":0.2428473794316205},"EnergyVariance":{"Mean":51.48178980228927,"Sigma":5.010287672996351,"Taucorr":-0.0945029651884754},"Iteration":12},
{"Acceptance":[0.21106639839034205],"Energy":{"Mean":-341.73387096774195,"Sigma":0.49104008057931986,"Taucorr":-0.04284327976661928},"EnergyVariance":{"Mean":32.43723985431842,"Sigma":4.113770659573852,"Taucorr":0.030851752206973115},"Iteration":13},
{"Acceptance":[0.18732394366197183],"Energy":{"Mean":-345.53225806451604,"Sigma":0.49672880675224507,"Taucorr":0.00031907502551709044},"EnergyVariance":{"Mean":30.329604578563995,"Sigma":3.991042829798565,"Taucorr":0.25149089078478903},"Iteration":14},
{"Acceptance":[0.16710261569416499],"Energy":{"Mean":-346.88709677419354,"Sigma":0.5461053097757272,"Taucorr":0.09717942419596426},"EnergyVariance":{"Mean":30.7130593132154,"Sigma":4.762926126100213,"Taucorr":0.15920273342850189},"Iteration":15},
{"Acceptance":[0.14336016096579476],"Energy":{"Mean":-350.08870967741933,"Sigma":0.523191764003993,"Taucorr":0.12423654135084561},"EnergyVariance":{"Mean":26.967937044745053,"Sigma":3.7022581969785917,"Taucorr":0.16046599873236878},"Iteration":16},
{"Acceptance":[0.12434607645875252],"Energy":{"Mean":-351.43548387096774,"Sigma":0.4792702424665125,"Taucorr":0.1674424464410832},"EnergyVariance":{"Mean":21.165192507804367,"Sigma":2.8617161898393593,"Taucorr":0.1377642125430807},"Iteration":17},
{"Acceptance":[0.10975855130784708],"Energy":{"Mean":-353.8790322580645,"Sigma":0.40937780085915976,"Taucorr":0.17011979314223447},"EnergyVariance":{"Mean":15.380528095733611,"Sigma":2.191269956468837,"Taucorr":0.22206283295377138},"Iteration":18},
{"Acceptance":[0.08792756539235412],"Energy":{"Mean":-356.2258064516129,"Sigma":0.33548128617697415,"Taucorr":0.242671523474572},"EnergyVariance":{"Mean":9.31997918834547,"Sigma":1.588077655130815,"Taucorr":0.015888487328020284},"Iteration":19},
{"Acceptance":[0.08088531187122737],"Energy":{"Mean":-356.8870967741934,"Sigma":0.36878154315196665,"Taucorr":0.40625405192096453},"EnergyVariance":{"Mean":9.229188345473466,"Sigma":1.4875643561283167,"Taucorr":0.15829293233501562},"Iteration":20},
{"Acceptance":[0.07142857142857142],"Energy":{"Mean":-357.8870967741935,"Sigma":0.3123443073828841,"Taucorr":0.18354598263241428},"EnergyVariance":{"Mean":8.777575442247661,"Sigma":2.4753765693617797,"Taucorr":0.22506330727117252},"Iteration":21},
{"Acceptance":[0.06297786720321931],"Energy":{"Mean":-358.3064516129032,"Sigma":0.24088481537198142,"Taucorr":0.08972421649970974},"EnergyVariance":{"Mean":6.051248699271594,"Sigma":0.658002430363026,"Taucorr":-0.08664167330059497},"Iteration":22},
{"Acceptance":[0.05573440643863179],"Energy":{"Mean":-358.8145161290323,"Sigma":0.23531257578944198,"Taucorr":0.1489088002379454},"EnergyVariance":{"Mean":5.24785379812695,"Sigma":0.5510594145758445,"Taucorr":-0.15090198919887837},"Iteration":23},
{"Acceptance":[0.05030181086519115],"Energy":{"Mean":-359.33870967741933,"Sigma":0.3471365948297549,"Taucorr":0.5281815064785118},"EnergyVariance":{"Mean":7.2078563995837674,"Sigma":2.2661215592666153,"Taucorr":0.6046687583989807},"Iteration":24},
{"Acceptance":[0.03460764587525151],"Energy":{"Mean":-360.65322580645153,"Sigma":0.14695722960317195,"Taucorr":0.15854374254296522},"EnergyVariance":{"Mean":2.0168444328824138,"Sigma":0.5004047595102142,"Taucorr":0.09697258127706421},"Iteration":25},
{"Acceptance":[0.0323943661971831],"Energy":{"Mean":-360.7500000000001,"Sigma":0.16189403145068482,"Taucorr":0.07892831281680757},"EnergyVariance":{"Mean":2.7842741935483866,"Sigma":0.6356805069392595,"Taucorr":0.06360363649101253},"Iteration":26},
{"Acceptance":[0.023440643863179074],"Energy":{"Mean":-360.8790322580645,"Sigma":0.1470457136430624,"Taucorr":0.11256179034721836},"EnergyVariance":{"Mean":2.170850676378772,"Sigma":0.5891288488108496,"Taucorr":-0.010750187617723783},"Iteration":27},
{"Acceptance":[0.02243460764587525],"Energy":{"Mean":-361.1209677419355,"Sigma":0.1515471145297839,"Taucorr":0.43566412476843774},"EnergyVariance":{"Mean":1.509560353798127,"Sigma":0.3452544544635735,"Taucorr":0.5673198347105286},"Iteration":28},
{"Acceptance":[0.018108651911468814],"Energy":{"Mean":-361.37903225806457,"Sigma":0.12262308263708639,"Taucorr":0.2790696400197349},"EnergyVariance":{"Mean":1.1869797086368366,"Sigma":0.4746715893826428,"Taucorr":0.4477624803521385},"Iteration":29},
{"Acceptance":[0.020321931589537223],"Energy":{"Mean":-361.5806451612903,"Sigma":0.07810516137292363,"Taucorr":-0.08534358826912447},"EnergyVariance":{"Mean":0.9047866805411031,"Sigma":0.1821564632822065,"Taucorr":0.12845927097727539},"Iteration":30},
{"Acceptance":[0.020321931589537223],"Energy":{"Mean":-361.6451612903226,"Sigma":0.09112070568106356,"Taucorr":0.3747214795008641},"EnergyVariance":{"Mean":0.5837669094693027,"Sigma":0.11157718742729089,"Taucorr":0.17687577240045804},"Iteration":31},
{"Acceptance":[0.017605633802816902],"Energy":{"Mean":-361.6532258064516,"Sigma":0.14183769847605404,"Taucorr":0.2744982290436897},"EnergyVariance":{"Mean":1.5974895941727372,"Sigma":0.7728667874602814,"Taucorr":0.006593651433149494},"Iteration":32},
{"Acceptance":[0.01448692152917505],"Energy":{"Mean":-361.59677419354836,"Sigma":0.11574758140651216,"Taucorr":0.24122396442781457},"EnergyVariance":{"Mean":1.1116024973985437,"Sigma":0.4840438451572918,"Taucorr":0.02293031282510316},"Iteration":33},
{"Acceptance":[0.015090543259557344],"Energy":{"Mean":-361.86290322580635,"Sigma":0.14472754792604525,"Taucorr":0.21097670411717007},"EnergyVariance":{"Mean":1.8118496357960456,"Sigma":0.6616043630075894,"Taucorr":-0.02408773254242791},"Iteration":34},
{"Acceptance":[0.014989939637826962],"Energy":{"Mean":-361.94354838709677,"Sigma":0.09180806110166231,"Taucorr":-0.04926200305378281},"EnergyVariance":{"Mean":1.1500390218522372,"Sigma":0.39900096672189816,"Taucorr":0.23404209376926932},"Iteration":35},
{"Acceptance":[0.011267605633802818],"Energy":{"Mean":-362.47580645161287,"Sigma":0.12980280676385153,"Taucorr":0.3865728117522662},"EnergyVariance":{"Mean":1.1687695109261187,"Sigma":0.1415109536115218,"Taucorr":0.3697947518094793},"Iteration":36},
{"Acceptance":[0.012474849094567404],"Energy":{"Mean":-362.40322580645164,"Sigma":0.10978805299280668,"Taucorr":0.4591046785594046},"EnergyVariance":{"Mean":0.7728928199791885,"Sigma":0.13145296261974632,"Taucorr":0.37084169348013163},"Iteration":37},
{"Acceptance":[0.014688128772635815],"Energy":{"Mean":-362.4435483870968,"Sigma":0.11342047414031735,"Taucorr":0.14285261322200593},"EnergyVariance":{"Mean":1.2306841831425601,"Sigma":0.26213391064007746,"Taucorr":0.00661758108691235},"Iteration":38},
{"Acceptance":[0.015995975855130785],"Energy":{"Mean":-362.8629032258065,"Sigma":0.11641988666205584,"Taucorr":0.07209302325581746},"EnergyVariance":{"Mean":1.4570109261186268,"Sigma":0.21367706567784409,"Taucorr":0.15914982972979108},"Iteration":39},
{"Acceptance":[0.012877263581488933],"Energy":{"Mean":-362.8951612903227,"Sigma":0.1140494808365396,"Taucorr":0.1456353997165486},"EnergyVariance":{"Mean":1.2390088449531733,"Sigma":0.12508917839631317,"Taucorr":-0.05922983709719132},"Iteration":40},
{"Acceptance":[0.011468812877263581],"Energy":{"Mean":-363.68548387096774,"Sigma":0.10038082187315794,"Taucorr":0.26282123128652723},"EnergyVariance":{"Mean":0.8123699271592091,"Sigma":0.12474756260279483,"Taucorr":0.1563162209540332},"Iteration":41},
{"Acceptance":[0.00925553319919517],"Energy":{"Mean":-363.5483870967742,"Sigma":0.11145383033133202,"Taucorr":0.24761328920569514},"EnergyVariance":{"Mean":1.021852237252862,"Sigma":0.239472891367999,"Taucorr":0.07337424363569833},"Iteration":42},
{"Acceptance":[0.006841046277665996],"Energy":{"Mean":-363.67741935483866,"Sigma":0.1281556242641102,"Taucorr":0.3632058692752336},"EnergyVariance":{"Mean":1.1701352757544223,"Sigma":0.5306023052838694,"Taucorr":0.44654890766890476},"Iteration":43},
{"Acceptance":[0.005533199195171026],"Energy":{"Mean":-364.06451612903226,"Sigma":0.054338324283623125,"Taucorr":0.13456818181818786},"EnergyVariance":{"Mean":0.28616024973985427,"Sigma":0.13599333742473851,"Taucorr":-0.019803686459719694},"Iteration":44},
{"Acceptance":[0.005533199195171026],"Energy":{"Mean":-363.92741935483866,"Sigma":0.05702474041827008,"Taucorr":0.012927439532945728},"EnergyVariance":{"Mean":0.3898933402705515,"Sigma":0.17241626151690714,"Taucorr":-0.04178962961613586},"Iteration":45},
{"Acceptance":[0.004627766599597585],"Energy":{"Mean":-364.0161290322581,"Sigma":0.060169433563439526,"Taucorr":0.19077885391445182},"EnergyVariance":{"Mean":0.3223204994797086,"Sigma":0.13597659908998277,"Taucorr":-0.023152477959394957},"Iteration":46},
{"Acceptance":[0.003822937625754527],"Energy":{"Mean":-364.05645161290323,"Sigma":0.052759442689664905,"Taucorr":0.1935968379446641},"EnergyVariance":{"Mean":0.24681321540062437,"Sigma":0.10519343757209633,"Taucorr":0.16664772965424246},"Iteration":47},
{"Acceptance":[0.005633802816901409],"Energy":{"Mean":-364.12096774193554,"Sigma":0.0919260512044593,"Taucorr":0.5888268156424457},"EnergyVariance":{"Mean":0.4773022892819979,"Sigma":0.27177101361177264,"Taucorr":0.4746032753992221},"Iteration":48},
{"Acceptance":[0.004728370221327968],"Energy":{"Mean":-364.14516129032256,"Sigma":0.03434133209176801,"Taucorr":-0.07948717948714545},"EnergyVariance":{"Mean":0.17247658688865763,"Sigma":0.05634958035156604,"Taucorr":0.3582905305639885},"Iteration":49},
{"Acceptance":[0.005130784708249497],"Energy":{"Mean":-364.06451612903237,"Sigma":0.06952966213106346,"Taucorr":0.18930940892643822},"EnergyVariance":{"Mean":0.4313215400624349,"Sigma":0.1813746064949843,"Taucorr":-0.03643489908599534},"Iteration":50},
{"Acceptance":[0.006841046277665996],"Energy":{"Mean":-364.16129032258067,"Sigma":0.0393980020657228,"Taucorr":0.2056730769230668},"EnergyVariance":{"Mean":0.13527575442247658,"Sigma":0.026688969141294448,"Taucorr":0.20567307692307735},"Iteration":51},
{"Acceptance":[0.00835010060362173],"Energy":{"Mean":-364.1370967741936,"Sigma":0.0758807688790434,"Taucorr":0.3031863106653072},"EnergyVariance":{"Mean":0.440881893860562,"Sigma":0.18862505431697427,"Taucorr":-0.02867977264235555},"Iteration":52},
{"Acceptance":[0.008148893360160966],"Energy":{"Mean":-364.09677419354836,"Sigma":0.1350415205737705,"Taucorr":0.32368169659915524},"EnergyVariance":{"Mean":1.3616024973985432,"Sigma":0.7718557882726946,"Taucorr":0.48439323083160024},"Iteration":53},
{"Acceptance":[0.015291750503018108],"Energy":{"Mean":-364.4354838709678,"Sigma":0.06239802641915827,"Taucorr":0.23342629482072685},"EnergyVariance":{"Mean":0.3264828303850157,"Sigma":0.04754070098698941,"Taucorr":-0.0536504310348237},"Iteration":54},
{"Acceptance":[0.012977867203219315],"Energy":{"Mean":-364.4516129032259,"Sigma":0.054894026496408024,"Taucorr":0.20253944773182941},"EnergyVariance":{"Mean":0.26378772112382926,"Sigma":0.015536164952058685,"Taucorr":-0.004141686786234722},"Iteration":55},
{"Acceptance":[0.012173038229376258],"Energy":{"Mean":-364.5725806451613,"Sigma":0.0853468164859542,"Taucorr":0.2896365929152782},"EnergyVariance":{"Mean":0.5673126951092612,"Sigma":0.3326887977474739,"Taucorr":0.5028272484094356},"Iteration":56},
{"Acceptance":[0.006639839034205231],"Energy":{"Mean":-364.82258064516117,"Sigma":0.04665353365573167,"Taucorr":0.25116788321161043},"EnergyVariance":{"Mean":0.17819979188345472,"Sigma":0.03145332349207483,"Taucorr":0.18640103345908143},"Iteration":57},
{"Acceptance":[0.006036217303822937],"Energy":{"Mean":-364.7741935483871,"Sigma":0.05721450713385241,"Taucorr":0.24125957854407087},"EnergyVariance":{"Mean":0.2715920915712799,"Sigma":0.0683279784620898,"Taucorr":0.03016381008077318},"Iteration":58},
{"Acceptance":[0.004929577464788733],"Energy":{"Mean":-364.7419354838709,"Sigma":0.04561979233461477,"Taucorr":0.11654135338343585},"EnergyVariance":{"Mean":0.20759625390218522,"Sigma":0.02955145020012715,"Taucorr":-0.001751663138237658},"Iteration":59},
{"Acceptance":[0.002414486921529175],"Energy":{"Mean":-364.9193548387097,"Sigma":0.07275963592670844,"Taucorr":0.1820299727520308},"EnergyVariance":{"Mean":0.4773673257023932,"Sigma":0.3915931620530764,"Taucorr":0.014149639246447743},"Iteration":60},
{"Acceptance":[0.0026156941649899397],"Energy":{"Mean":-364.8387096774193,"Sigma":0.07290845922789575,"Taucorr":0.014598689598686931},"EnergyVariance":{"Mean":0.6352757544224767,"Sigma":0.4166403444702182,"Taucorr":-0.007775910706489031},"Iteration":61},
{"Acceptance":[0.002012072434607646],"Energy":{"Mean":-364.9435483870968,"Sigma":0.03612567188673543,"Taucorr":0.03493714781098778},"EnergyVariance":{"Mean":0.15003902185223733,"Sigma":0.1256677105404104,"Taucorr":-0.0011881908595248736},"Iteration":62},
{"Acceptance":[0.0016096579476861167],"Energy":{"Mean":-364.9193548387097,"Sigma":0.04547700703184388,"Taucorr":0.4173076923076805},"EnergyVariance":{"Mean":0.1386576482830385,"Sigma":0.08235923588253134,"Taucorr":0.46986197998615353},"Iteration":63},
{"Acceptance":[0.0016096579476861167],"Energy":{"Mean":-364.97580645161287,"Sigma":0.013494516557000685,"Taucorr":-0.025619834710769562},"EnergyVariance":{"Mean":0.023608220603537983,"Sigma":0.012841556078435703,"Taucorr":-0.025619834710743916},"Iteration":64},
{"Acceptance":[0.0008048289738430583],"Energy":{"Mean":-364.991935483871,"Sigma":0.008064516129031854,"Taucorr":-4.085620730620576e-14},"EnergyVariance":{"Mean":0.007999479708636839,"Sigma":0.007934443288241534,"Taucorr":0.0},"Iteration":65},
{"Acceptance":[0.0006036217303822937],"Energy":{"Mean":-364.9596774193548,"Sigma":0.03298903001428495,"Taucorr":-0.0059529524723968},"EnergyVariance":{"Mean":0.13547086368366285,"Sigma":0.12640104960768622,"Taucorr":-0.00147430431641693},"Iteration":66},
{"Acceptance":[0.001006036217303823],"Energy":{"Mean":-365.008064516129,"Sigma":0.008064516129032142,"Taucorr":-2.4091839634365897e-14},"EnergyVariance":{"Mean":0.007999479708636839,"Sigma":0.007934443288241532,"Taucorr":-2.220446049250313e-16},"Iteration":67},
{"Acceptance":[0.001006036217303823],"Energy":{"Mean":-364.9758064516129,"Sigma":0.017790744201908133,"Taucorr":-0.010147299508984409},"EnergyVariance":{"Mean":0.0397372528616025,"Sigma":0.032150136799683995,"Taucorr":-0.005821639123296307},"Iteration":68},
{"Acceptance":[0.0026156941649899397],"Energy":{"Mean":-364.9112903225807,"Sigma":0.04267340824297969,"Taucorr":0.033622559652970896},"EnergyVariance":{"Mean":0.20987252861602498,"Sigma":0.12566876515635683,"Taucorr":-0.013331328249852892},"Iteration":69},
{"Acceptance":[0.0008048289738430583],"Energy":{"Mean":-364.991935483871,"Sigma":0.00806451612903251,"Taucorr":3.885780586188048e-14},"EnergyVariance":{"Mean":0.007999479708636837,"Sigma":0.007934443288241532,"Taucorr":-2.220446049250313e-16},"Iteration":70},
{"Acceptance":[0.0012072434607645875],"Energy":{"Mean":-364.98387096774195,"Sigma":0.03265880117954238,"Taucorr":0.08233256351037932},"EnergyVariance":{"Mean":0.11264308012486997,"Sigma":0.07341690311510193,"Taucorr":-0.0033956490142077467},"Iteration":71},
{"Acceptance":[0.00040241448692152917],"Energy":{"Mean":-365.0,"Sigma":0.0,"Taucorr":null},"EnergyVariance":{"Mean":0.0,"Sigma":0.0,"Taucorr":null},"Iteration":72},
{"Acceptance":[0.0006036217303822937],"Energy":{"Mean":-365.0,"Sigma":0.0,"Taucorr":null},"EnergyVariance":{"Mean":0.0,"Sigma":0.0,"Taucorr":null},"Iteration":73},
{"Acceptance":[0.0014084507042253522],"Energy":{"Mean":-364.66935483870964,"Sigma":0.2255182492598324,"Taucorr":0.47585374266989156},"EnergyVariance":{"Mean":3.2051899063475537,"Sigma":2.091169608016653,"Taucorr":0.4880756056668385},"Iteration":74},
{"Acceptance":[0.0008048289738430583],"Energy":{"Mean":-365.008064516129,"Sigma":0.01827166179351314,"Taucorr":0.3509433962264674},"EnergyVariance":{"Mean":0.02412851196670135,"Sigma":0.017615435921413573,"Taucorr":0.31691536199094084},"Iteration":75},
{"Acceptance":[0.001006036217303823],"Energy":{"Mean":-365.0,"Sigma":0.0,"Taucorr":null},"EnergyVariance":{"Mean":0.0,"Sigma":0.0,"Taucorr":null},"Iteration":76},
{"Acceptance":[0.00040241448692152917],"Energy":{"Mean":-365.0,"Sigma":0.0,"Taucorr":null},"EnergyVariance":{"Mean":0.0,"Sigma":0.0,"Taucorr":null},"Iteration":77},
{"Acceptance":[0.0008048289738430583],"Energy":{"Mean":-365.0,"Sigma":0.0,"Taucorr":null},"EnergyVariance":{"Mean":0.0,"Sigma":0.0,"Taucorr":null},"Iteration":78},
{"Acceptance":[0.00020120724346076458],"Energy":{"Mean":-365.0,"Sigma":0.0,"Taucorr":null},"EnergyVariance":{"Mean":0.0,"Sigma":0.0,"Taucorr":null},"Iteration":79},
{"Acceptance":[0.001006036217303823],"Energy":{"Mean":-364.91935483870964,"Sigma":0.11557889404739718,"Taucorr":0.5067022633088918},"EnergyVariance":{"Mean":0.8160770031217481,"Sigma":0.7711849780932694,"Taucorr":0.5062119800320879},"Iteration":80},
{"Acceptance":[0.0006036217303822937],"Energy":{"Mean":-365.0,"Sigma":0.023186944788008597,"Taucorr":0.1833333333333449},"EnergyVariance":{"Mean":0.048387096774193554,"Sigma":0.03558148840381569,"Taucorr":0.04517304189435356},"Iteration":81},
{"Acceptance":[0.00040241448692152917],"Energy":{"Mean":-364.9838709677419,"Sigma":0.016129032258065383,"Taucorr":4.3298697960381105e-14},"EnergyVariance":{"Mean":0.031997918834547334,"Sigma":0.0317377731529643,"Taucorr":0.0},"Iteration":82},
{"Acceptance":[0.0012072434607645875],"Energy":{"Mean":-364.9677419354838,"Sigma":0.04743690699952586,"Taucorr":0.28462389380532627},"EnergyVariance":{"Mean":0.17637877211238295,"Sigma":0.12978339282953774,"Taucorr":0.01375730779222839},"Iteration":83},
{"Acceptance":[0.001006036217303823],"Energy":{"Mean":-364.9758064516129,"Sigma":0.06281355615886068,"Taucorr":0.06849001980802827},"EnergyVariance":{"Mean":0.42683402705515117,"Sigma":0.39219494565433594,"Taucorr":-0.0008029123355784984},"Iteration":84},
{"Acceptance":[0.00020120724346076458],"Energy":{"Mean":-365.0,"Sigma":0.0,"Taucorr":null},"EnergyVariance":{"Mean":0.0,"Sigma":0.0,"Taucorr":null},"Iteration":85},
{"Acceptance":[0.001006036217303823],"Energy":{"Mean":-365.008064516129,"Sigma":0.008064516129032858,"Taucorr":6.128431095930864e-14},"EnergyVariance":{"Mean":0.007999479708636839,"Sigma":0.007934443288241534,"Taucorr":0.0},"Iteration":86},
{"Acceptance":[0.0008048289738430583],"Energy":{"Mean":-364.9596774193548,"Sigma":0.032989030014284104,"Taucorr":0.4432630614115338},"EnergyVariance":{"Mean":0.07095473465140478,"Sigma":0.06211113667202035,"Taucorr":0.48987027775881764},"Iteration":87},
{"Acceptance":[0.001006036217303823],"Energy":{"Mean":-364.6370967741935,"Sigma":0.2355611892510603,"Taucorr":0.588739495798323},"EnergyVariance":{"Mean":3.1344302809573357,"Sigma":1.9490788723514783,"Taucorr":0.5887394957983196},"Iteration":88},
{"Acceptance":[0.0006036217303822937],"Energy":{"Mean":-365.0,"Sigma":0.0,"Taucorr":null},"EnergyVariance":{"Mean":0.0,"Sigma":0.0,"Taucorr":null},"Iteration":89},
{"Acceptance":[0.0014084507042253522],"Energy":{"Mean":-364.9838709677419,"Sigma":0.04169700595051986,"Taucorr":0.05319650067297166},"EnergyVariance":{"Mean":0.19328824141519255,"Sigma":0.13098266608068806,"Taucorr":-0.01001309536485434},"Iteration":90},
{"Acceptance":[0.0014084507042253522],"Energy":{"Mean":-364.8790322580645,"Sigma":0.06846136158323249,"Taucorr":0.41214241613501834},"EnergyVariance":{"Mean":0.3160119667013527,"Sigma":0.242683112366772,"Taucorr":0.48513473381429906},"Iteration":91},
{"Acceptance":[0.001006036217303823],"Energy":{"Mean":-365.00000000000006,"Sigma":0.03845119794825343,"Taucorr":0.12638888888884525},"EnergyVariance":{"Mean":0.14516129032258063,"Sigma":0.08013278089339182,"Taucorr":-0.007294709509902575},"Iteration":92},
{"Acceptance":[0.0028169014084507044],"Energy":{"Mean":-364.77419354838696,"Sigma":0.12012249500016285,"Taucorr":0.22547851977881495},"EnergyVariance":{"Mean":1.2232049947970864,"Sigma":0.4757048146834711,"Taucorr":0.18345626971981632},"Iteration":93},
{"Acceptance":[0.0014084507042253522],"Energy":{"Mean":-365.0241935483871,"Sigma":0.01779074420190777,"Taucorr":0.3245179063360669},"EnergyVariance":{"Mean":0.023608220603537983,"Sigma":0.016929901740525992,"Taucorr":0.324517906336088},"Iteration":94},
{"Acceptance":[0.00020120724346076458],"Energy":{"Mean":-365.0,"Sigma":0.0,"Taucorr":null},"EnergyVariance":{"Mean":0.0,"Sigma":0.0,"Taucorr":null},"Iteration":95},
{"Acceptance":[0.0019114688128772635],"Energy":{"Mean":-365.0080645161291,"Sigma":0.01412250057695239,"Taucorr":0.008355795148367373},"EnergyVariance":{"Mean":0.024128511966701356,"Sigma":0.013423702026384187,"Taucorr":-0.02561070557143652},"Iteration":96},
{"Acceptance":[0.0019114688128772635],"Energy":{"Mean":-364.9032258064516,"Sigma":0.08650736446588378,"Taucorr":0.054940401505650605},"EnergyVariance":{"Mean":0.8293444328824142,"Sigma":0.4679653064872415,"Taucorr":0.07743816162673411},"Iteration":97},
{"Acceptance":[0.002414486921529175],"Energy":{"Mean":-365.03225806451616,"Sigma":0.05280051661000875,"Taucorr":0.3906418918919038},"EnergyVariance":{"Mean":0.19250780437044754,"Sigma":0.07627599740359688,"Taucorr":0.27349822509930943},"Iteration":98},
{"Acceptance":[0.0018108651911468814],"Energy":{"Mean":-364.95161290322585,"Sigma":0.05845151795667472,"Taucorr":0.04611223799864861},"EnergyVariance":{"Mean":0.38475546305931313,"Sigma":0.21550273141614967,"Taucorr":-0.021814718807778466},"Iteration":99} 
]}