{"Output": [
{"Acceptance":[0.7952380952380952],"Energy":{"Mean":-155.45967741935485,"Sigma":0.9258167546539958,"Taucorr":0.2230029820018391},"EnergyVariance":{"Mean":72.90966441207078,"Sigma":7.7627251580614365,"Taucorr":-0.15776966093807715},"Iteration":0},
{"Acceptance":[0.7007002801120448],"Energy":{"Mean":-159.24193548387095,"Sigma":0.9014984442707289,"Taucorr":0.09054772435966307},"EnergyVariance":{"Mean":84.63501560874087,"Sigma":12.168098183819222,"Taucorr":0.0035411532613648378},"Iteration":1},
{"Acceptance":[0.39509803921568626],"Energy":{"Mean":-169.68548387096774,"Sigma":0.7793511001832993,"Taucorr":0.15360743324362236},"EnergyVariance":{"Mean":57.15107960457856,"Sigma":9.414298945394739,"Taucorr":0.14340435829352438},"Iteration":2},
{"Acceptance":[0.09943977591036414],"Energy":{"Mean":-181.62903225806448,"Sigma":0.25263955148801703,"Taucorr":0.2594254869394521},"EnergyVariance":{"Mean":5.168834547346514,"Sigma":0.8204678393130759,"Taucorr":-0.002943849452210101},"Iteration":3},
{"Acceptance":[0.053361344537815124],"Energy":{"Mean":-186.13709677419357,"Sigma":0.20472861320335595,"Taucorr":0.2708181800501771},"EnergyVariance":{"Mean":3.344107700312175,"Sigma":0.5927612952888748,"Taucorr":-0.0064821168706010734},"Iteration":4},
{"Acceptance":[0.05994397759103642],"Energy":{"Mean":-191.2983870967742,"Sigma":0.25305110061276537,"Taucorr":0.25832362775669704},"EnergyVariance":{"Mean":5.193223204994797,"Sigma":0.9257726051794407,"Taucorr":0.359320630654657},"Iteration":5},
{"Acceptance":[0.017787114845938375],"Energy":{"Mean":-193.96774193548387,"Sigma":0.26456038182152797,"Taucorr":0.5468540427685704},"EnergyVariance":{"Mean":4.1118626430801255,"Sigma":1.1874367745386865,"Taucorr":0.6835267034408352},"Iteration":6},
{"Acceptance":[0.010224089635854342],"Energy":{"Mean":-197.3467741935484,"Sigma":0.17722374358315712,"Taucorr":0.38029876404160945},"EnergyVariance":{"Mean":2.194263787721124,"Sigma":0.6316941626442173,"Taucorr":0.30057093258259027},"Iteration":7},
{"Acceptance":[0.0056022408963585435],"Energy":{"Mean":-197.75,"Sigma":0.09630261444211727,"Taucorr":0.31060171919770574},"EnergyVariance":{"Mean":0.7036290322580645,"Sigma":0.33101048530296806,"Taucorr":0.0658019367002377},"Iteration":8},
{"Acceptance":[0.0056022408963585435],"Energy":{"Mean":-197.68548387096774,"Sigma":0.09628010068039734,"Taucorr":0.29667363446333084},"EnergyVariance":{"Mean":0.7155957336108221,"Sigma":0.2669685787086023,"Taucorr":0.2655569326608045},"Iteration":9},
{"Acceptance":[0.0030812324929971988],"Energy":{"Mean":-197.9112903225807,"Sigma":0.03582436827732702,"Taucorr":0.31395036887990624},"EnergyVariance":{"Mean":0.09696930280957336,"Sigma":0.03863053881013555,"Taucorr":0.11875197831849915},"Iteration":10},
{"Acceptance":[0.0025210084033613447],"Energy":{"Mean":-197.92741935483866,"Sigma":0.04048354967100336,"Taucorr":-0.025619834710748912},"EnergyVariance":{"Mean":0.21247398543184187,"Sigma":0.1399100866755772,"Taucorr":-0.014141377372272723},"Iteration":11},
{"Acceptance":[0.00196078431372549],"Energy":{"Mean":-197.89516129032253,"Sigma":0.0588580778347045,"Taucorr":0.10541489558307338},"EnergyVariance":{"Mean":0.35191207075962544,"Sigma":0.281498894739496,"Taucorr":2.453932439649975e-05},"Iteration":12},
{"Acceptance":[0.0012605042016806723],"Energy":{"Mean":-197.97580645161293,"Sigma":0.02419354838709672,"Taucorr":-2.886579864025407e-15},"EnergyVariance":{"Mean":0.07199531737773153,"Sigma":0.0714099895941738,"Taucorr":-2.220446049250313e-16},"Iteration":13},
{"Acceptance":[0.0021008403361344537],"Energy":{"Mean":-197.95967741935485,"Sigma":0.02862619249886922,"Taucorr":0.07871545929798607},"EnergyVariance":{"Mean":0.0870837669094693,"Sigma":0.07168396745905892,"Taucorr":0.005712133074362469},"Iteration":14},
{"Acceptance":[0.00028011204481792715],"Energy":{"Mean":-198.0,"Sigma":0.0,"Taucorr":null},"EnergyVariance":{"Mean":0.0,"Sigma":0.0,"Taucorr":null},"Iteration":15},
{"Acceptance":[0.0011204481792717086],"Energy":{"Mean":-197.96774193548387,"Sigma":0.02524592877822517,"Taucorr":-0.007598039215635455},"EnergyVariance":{"Mean":0.07960457856399583,"Sigma":0.07116884104735104,"Taucorr":-0.0026519242813041743},"Iteration":16},
{"Acceptance":[0.0014005602240896359],"Energy":{"Mean":-197.94354838709674,"Sigma":0.048788656329852485,"Taucorr":-0.004097818902836892},"EnergyVariance":{"Mean":0.2952003121748179,"Sigma":0.2847108490718029,"Taucorr":-0.0006328176706953959},"Iteration":17},
{"Acceptance":[0.0018207282913165266],"Energy":{"Mean":-197.90322580645162,"Sigma":0.06208455402729897,"Taucorr":0.18616340361445505},"EnergyVariance":{"Mean":0.3454734651404788,"Sigma":0.23269538016371077,"Taucorr":0.0849120153374947},"Iteration":18},
{"Acceptance":[0.0018207282913165266],"Energy":{"Mean":-197.9112903225806,"Sigma":0.052553591562571556,"Taucorr":-0.021579043780907747},"EnergyVariance":{"Mean":0.3550338189386057,"Sigma":0.2825526406722906,"Taucorr":-0.006138743137971969},"Iteration":19},
{"Acceptance":[0.0016806722689075631],"Energy":{"Mean":-197.92741935483875,"Sigma":0.05079151512820272,"Taucorr":0.013038906414310047},"EnergyVariance":{"Mean":0.30924817898022894,"Sigma":0.28301733005929114,"Taucorr":-0.0012720722027166342},"Iteration":20},
{"Acceptance":[0.0014005602240896359],"Energy":{"Mean":-197.76612903225808,"Sigma":0.14798625148242028,"Taucorr":1.1664601271425128},"EnergyVariance":{"Mean":0.8082075962539021,"Sigma":0.49401540612982286,"Taucorr":1.1905943205229625},"Iteration":21},
{"Acceptance":[0.002240896358543417],"Energy":{"Mean":-197.89516129032256,"Sigma":0.05155406592590895,"Taucorr":-0.035520236555155627},"EnergyVariance":{"Mean":0.3519120707596254,"Sigma":0.1805336589742221,"Taucorr":-0.029450420837618785},"Iteration":22},
{"Acceptance":[0.0016806722689075631],"Energy":{"Mean":-197.83870967741933,"Sigma":0.10469386188936018,"Taucorr":0.5887394957983241},"EnergyVariance":{"Mean":0.6191467221644119,"Sigma":0.38500323404473774,"Taucorr":0.5887394957983192},"Iteration":23},
{"Acceptance":[0.0014005602240896359],"Energy":{"Mean":-197.89516129032253,"Sigma":0.07402973969057498,"Taucorr":0.8210298241142089},"EnergyVariance":{"Mean":0.25513787721123826,"Sigma":0.2033262988953742,"Taucorr":0.9535432869342946},"Iteration":24},
{"Acceptance":[0.0011204481792717086],"Energy":{"Mean":-198.0,"Sigma":0.0,"Taucorr":null},"EnergyVariance":{"Mean":0.0,"Sigma":0.0,"Taucorr":null},"Iteration":25},
{"Acceptance":[0.00196078431372549],"Energy":{"Mean":-197.88709677419354,"Sigma":0.07676131635026281,"Taucorr":0.6695843828715295},"EnergyVariance":{"Mean":0.30983350676378774,"Sigma":0.21083988201938336,"Taucorr":0.7163334074029919},"Iteration":26},
{"Acceptance":[0.0008403361344537816],"Energy":{"Mean":-197.99193548387095,"Sigma":0.00806451612903264,"Taucorr":3.863576125695545e-14},"EnergyVariance":{"Mean":0.007999479708636834,"Sigma":0.007934443288241074,"Taucorr":-2.220446049250313e-16},"Iteration":27},
{"Acceptance":[0.0],"Energy":{"Mean":-198.0,"Sigma":0.0,"Taucorr":null},"EnergyVariance":{"Mean":0.0,"Sigma":0.0,"Taucorr":null},"Iteration":28},
{"Acceptance":[0.0008403361344537816],"Energy":{"Mean":-197.97580645161293,"Sigma":0.01779074420190746,"Taucorr":-0.01014729950901977},"EnergyVariance":{"Mean":0.03973725286160251,"Sigma":0.03215013679968399,"Taucorr":-0.005821639123296529},"Iteration":29},
{"Acceptance":[0.0005602240896358543],"Energy":{"Mean":-197.95967741935485,"Sigma":0.04032258064516103,"Taucorr":-6.217248937900877e-15},"EnergyVariance":{"Mean":0.19998699271592085,"Sigma":0.19836108220603607,"Taucorr":2.220446049250313e-16},"Iteration":30},
{"Acceptance":[0.0008403361344537816],"Energy":{"Mean":-197.99193548387095,"Sigma":0.008064516129033366,"Taucorr":1.0103029524088925e-13},"EnergyVariance":{"Mean":0.007999479708636834,"Sigma":0.007934443288241074,"Taucorr":0.0},"Iteration":31},
{"Acceptance":[0.002240896358543417],"Energy":{"Mean":-197.91129032258058,"Sigma":0.037653604935255346,"Taucorr":-0.009080922738897379},"EnergyVariance":{"Mean":0.17761446409989592,"Sigma":0.09484365342970862,"Taucorr":-0.02101391504629846},"Iteration":32},
{"Acceptance":[0.0016806722689075631],"Energy":{"Mean":-197.79032258064518,"Sigma":0.12219804467661605,"Taucorr":0.730428720808626},"EnergyVariance":{"Mean":0.7463579604578567,"Sigma":0.4229486861589017,"Taucorr":0.7580284279911509},"Iteration":33},
{"Acceptance":[0.00028011204481792715],"Energy":{"Mean":-198.0,"Sigma":0.0,"Taucorr":null},"EnergyVariance":{"Mean":0.0,"Sigma":0.0,"Taucorr":null},"Iteration":34},
{"Acceptance":[0.00196078431372549],"Energy":{"Mean":-197.87903225806448,"Sigma":0.0600973311605901,"Taucorr":0.3299635479951235},"EnergyVariance":{"Mean":0.26762486992715917,"Sigma":0.1459250209776324,"Taucorr":0.40712310570931487},"Iteration":35},
{"Acceptance":[0.0005602240896358543],"Energy":{"Mean":-197.96774193548387,"Sigma":0.022426509263025512,"Taucorr":-0.01270491803280166},"EnergyVariance":{"Mean":0.06347554630593132,"Sigma":0.04340614696069559,"Taucorr":-0.012704918032786783},"Iteration":36},
{"Acceptance":[0.00028011204481792715],"Energy":{"Mean":-197.97580645161293,"Sigma":0.0241935483870968,"Taucorr":1.0247933884297542},"EnergyVariance":{"Mean":0.023608220603537976,"Sigma":0.023022892819980253,"Taucorr":1.0247933884297515},"Iteration":37},
{"Acceptance":[0.0008403361344537816],"Energy":{"Mean":-197.90322580645162,"Sigma":0.0711629768076321,"Taucorr":0.32451790633609856},"EnergyVariance":{"Mean":0.3777315296566077,"Sigma":0.27087842784840377,"Taucorr":0.32451790633608824},"Iteration":38},
{"Acceptance":[0.0011204481792717086],"Energy":{"Mean":-197.87903225806454,"Sigma":0.0975995271876321,"Taucorr":0.46618041402981636},"EnergyVariance":{"Mean":0.6063345473465138,"Sigma":0.556827565058661,"Taucorr":0.5033046023203609},"Iteration":39},
{"Acceptance":[0.0005602240896358543],"Energy":{"Mean":-197.95967741935485,"Sigma":0.040322580645161095,"Taucorr":-2.220446049250313e-15},"EnergyVariance":{"Mean":0.19998699271592085,"Sigma":0.19836108220603604,"Taucorr":0.0},"Iteration":40},
{"Acceptance":[0.0011204481792717086],"Energy":{"Mean":-197.95967741935485,"Sigma":0.04032258064516126,"Taucorr":4.440892098500626e-16},"EnergyVariance":{"Mean":0.19998699271592094,"Sigma":0.1983610822060361,"Taucorr":2.220446049250313e-16},"Iteration":41},
{"Acceptance":[0.0005602240896358543],"Energy":{"Mean":-197.95967741935485,"Sigma":0.04032258064516109,"Taucorr":-2.886579864025407e-15},"EnergyVariance":{"Mean":0.19998699271592085,"Sigma":0.19836108220603604,"Taucorr":0.0},"Iteration":42},
{"Acceptance":[0.0008403361344537816],"Energy":{"Mean":-197.88709677419354,"Sigma":0.07934434758870185,"Taucorr":0.49153897401731506},"EnergyVariance":{"Mean":0.3904786680541104,"Sigma":0.2740994453948312,"Taucorr":0.493552246937899},"Iteration":43},
{"Acceptance":[0.0005602240896358543],"Energy":{"Mean":-197.93548387096772,"Sigma":0.05049185755644681,"Taucorr":-0.007598039215687025},"EnergyVariance":{"Mean":0.3184183142559832,"Sigma":0.2846753641894013,"Taucorr":-0.0026519242813039523},"Iteration":44},
{"Acceptance":[0.0005602240896358543],"Energy":{"Mean":-197.97580645161293,"Sigma":0.017790744201907543,"Taucorr":0.3245179063360695},"EnergyVariance":{"Mean":0.023608220603537983,"Sigma":0.016929901740525992,"Taucorr":0.324517906336088},"Iteration":45},
{"Acceptance":[0.0005602240896358543],"Energy":{"Mean":-198.0,"Sigma":0.0,"Taucorr":null},"EnergyVariance":{"Mean":0.0,"Sigma":0.0,"Taucorr":null},"Iteration":46},
{"Acceptance":[0.0014005602240896359],"Energy":{"Mean":-197.88709677419354,"Sigma":0.07934434758870233,"Taucorr":0.49153897401732105},"EnergyVariance":{"Mean":0.3904786680541104,"Sigma":0.2740994453948313,"Taucorr":0.49355224693789923},"Iteration":47},
{"Acceptance":[0.0005602240896358543],"Energy":{"Mean":-198.0,"Sigma":0.0,"Taucorr":null},"EnergyVariance":{"Mean":0.0,"Sigma":0.0,"Taucorr":null},"Iteration":48},
{"Acceptance":[0.0005602240896358543],"Energy":{"Mean":-198.0,"Sigma":0.0,"Taucorr":null},"EnergyVariance":{"Mean":0.0,"Sigma":0.0,"Taucorr":null},"Iteration":49},
{"Acceptance":[0.00028011204481792715],"Energy":{"Mean":-197.99193548387095,"Sigma":0.00806451612903261,"Taucorr":3.375077994860476e-14},"EnergyVariance":{"Mean":0.007999479708636834,"Sigma":0.007934443288241074,"Taucorr":0.0},"Iteration":50},
{"Acceptance":[0.0005602240896358543],"Energy":{"Mean":-198.0,"Sigma":0.0,"Taucorr":null},"EnergyVariance":{"Mean":0.0,"Sigma":0.0,"Taucorr":null},"Iteration":51},
{"Acceptance":[0.0005602240896358543],"Energy":{"Mean":-197.99193548387095,"Sigma":0.008064516129033604,"Taucorr":1.305622276959184e-13},"EnergyVariance":{"Mean":0.007999479708636834,"Sigma":0.007934443288241073,"Taucorr":-2.220446049250313e-16},"Iteration":52},
{"Acceptance":[0.0005602240896358543],"Energy":{"Mean":-197.98387096774192,"Sigma":0.011213254631511772,"Taucorr":-0.012704918032872492},"EnergyVariance":{"Mean":0.015868886576482832,"Sigma":0.010851536740173579,"Taucorr":-0.012704918032786894},"Iteration":53},
{"Acceptance":[0.0011204481792717086],"Energy":{"Mean":-197.85483870967738,"Sigma":0.1015830302564053,"Taucorr":0.741475826972025},"EnergyVariance":{"Mean":0.5111862643080124,"Sigma":0.37430422656264567,"Taucorr":0.7540702423430652},"Iteration":54},
{"Acceptance":[0.0],"Energy":{"Mean":-198.0,"Sigma":0.0,"Taucorr":null},"EnergyVariance":{"Mean":0.0,"Sigma":0.0,"Taucorr":null},"Iteration":55},
{"Acceptance":[0.00028011204481792715],"Energy":{"Mean":-198.0,"Sigma":0.0,"Taucorr":null},"EnergyVariance":{"Mean":0.0,"Sigma":0.0,"Taucorr":null},"Iteration":56},
{"Acceptance":[0.0014005602240896359],"Energy":{"Mean":-197.90322580645162,"Sigma":0.08171335566435824,"Taucorr":0.46367521367521225},"EnergyVariance":{"Mean":0.4261186264308011,"Sigma":0.3877408914182844,"Taucorr":0.4999132434724831},"Iteration":57},
{"Acceptance":[0.0005602240896358543],"Energy":{"Mean":-197.99193548387098,"Sigma":0.008064516129032214,"Taucorr":-8.770761894538737e-15},"EnergyVariance":{"Mean":0.007999479708636839,"Sigma":0.007934443288241534,"Taucorr":0.0},"Iteration":58},
{"Acceptance":[0.0008403361344537816],"Energy":{"Mean":-197.9677419354839,"Sigma":0.022426509263026435,"Taucorr":-0.012704918032773072},"EnergyVariance":{"Mean":0.06347554630593132,"Sigma":0.043406146960696855,"Taucorr":-0.012704918032786894},"Iteration":59},
{"Acceptance":[0.00028011204481792715],"Energy":{"Mean":-197.99193548387095,"Sigma":0.008064516129033722,"Taucorr":1.4277468096679513e-13},"EnergyVariance":{"Mean":0.007999479708636837,"Sigma":0.007934443288241074,"Taucorr":-2.220446049250313e-16},"Iteration":60},
{"Acceptance":[0.00028011204481792715],"Energy":{"Mean":-197.98387096774192,"Sigma":0.01612903225806434,"Taucorr":0.5081967213114778},"EnergyVariance":{"Mean":0.015868886576482832,"Sigma":0.015608740894900703,"Taucorr":0.5081967213114753},"Iteration":61},
{"Acceptance":[0.0005602240896358543],"Energy":{"Mean":-198.0,"Sigma":0.0,"Taucorr":null},"EnergyVariance":{"Mean":0.0,"Sigma":0.0,"Taucorr":null},"Iteration":62},
{"Acceptance":[0.00028011204481792715],"Energy":{"Mean":-198.0,"Sigma":0.0,"Taucorr":null},"EnergyVariance":{"Mean":0.0,"Sigma":0.0,"Taucorr":null},"Iteration":63},
{"Acceptance":[0.0011204481792717086],"Energy":{"Mean":-197.66935483870964,"Sigma":0.19925502947409982,"Taucorr":1.168683052580115},"EnergyVariance":{"Mean":1.4632544224765869,"Sigma":0.8614169619493409,"Taucorr":1.2398368940293172},"Iteration":64},
{"Acceptance":[0.0],"Energy":{"Mean":-198.0,"Sigma":0.0,"Taucorr":null},"EnergyVariance":{"Mean":0.0,"Sigma":0.0,"Taucorr":null},"Iteration":65},
{"Acceptance":[0.0008403361344537816],"Energy":{"Mean":-197.91935483870967,"Sigma":0.06067175120581963,"Taucorr":0.12114561027837567},"EnergyVariance":{"Mean":0.36446409989594175,"Sigma":0.29508695165830756,"Taucorr":0.016927354927154914},"Iteration":66},
{"Acceptance":[0.00028011204481792715],"Energy":{"Mean":-198.0,"Sigma":0.0,"Taucorr":null},"EnergyVariance":{"Mean":0.0,"Sigma":0.0,"Taucorr":null},"Iteration":67},
{"Acceptance":[0.0],"Energy":{"Mean":-198.0,"Sigma":0.0,"Taucorr":null},"EnergyVariance":{"Mean":0.0,"Sigma":0.0,"Taucorr":null},"Iteration":68},
{"Acceptance":[0.0005602240896358543],"Energy":{"Mean":-197.94354838709677,"Sigma":0.04878865632985232,"Taucorr":-0.004097818902838668},"EnergyVariance":{"Mean":0.295200312174818,"Sigma":0.28471084907180566,"Taucorr":-0.0006328176706956179},"Iteration":69},
{"Acceptance":[0.0005602240896358543],"Energy":{"Mean":-197.98387096774192,"Sigma":0.016129032258064314,"Taucorr":0.5081967213114724},"EnergyVariance":{"Mean":0.015868886576482832,"Sigma":0.015608740894900703,"Taucorr":0.5081967213114753},"Iteration":70},
{"Acceptance":[0.0008403361344537816],"Energy":{"Mean":-197.90322580645162,"Sigma":0.04874420196405671,"Taucorr":0.08755230125523394},"EnergyVariance":{"Mean":0.24869927159209157,"Sigma":0.137599508291488,"Taucorr":0.021378688413315472},"Iteration":71},
{"Acceptance":[0.0005602240896358543],"Energy":{"Mean":-197.9677419354839,"Sigma":0.03225806451612929,"Taucorr":0.5081967213114895},"EnergyVariance":{"Mean":0.06347554630593132,"Sigma":0.06243496357960646,"Taucorr":0.5081967213114753},"Iteration":72},
{"Acceptance":[0.00028011204481792715],"Energy":{"Mean":-198.0,"Sigma":0.0,"Taucorr":null},"EnergyVariance":{"Mean":0.0,"Sigma":0.0,"Taucorr":null},"Iteration":73},
{"Acceptance":[0.0008403361344537816],"Energy":{"Mean":-197.9838709677419,"Sigma":0.011213254631513264,"Taucorr":-0.012704918032773294},"EnergyVariance":{"Mean":0.015868886576482832,"Sigma":0.010851536740172942,"Taucorr":-0.012704918032786894},"Iteration":74},
{"Acceptance":[0.0],"Energy":{"Mean":-198.0,"Sigma":0.0,"Taucorr":null},"EnergyVariance":{"Mean":0.0,"Sigma":0.0,"Taucorr":null},"Iteration":75},
{"Acceptance":[0.00028011204481792715],"Energy":{"Mean":-198.0,"Sigma":0.0,"Taucorr":null},"EnergyVariance":{"Mean":0.0,"Sigma":0.0,"Taucorr":null},"Iteration":76},
{"Acceptance":[0.0008403361344537816],"Energy":{"Mean":-197.92741935483872,"Sigma":0.05337223260572386,"Taucorr":0.5676575505350798},"EnergyVariance":{"Mean":0.16408688865764826,"Sigma":0.11141063421612912,"Taucorr":0.34887298618319107},"Iteration":77},
{"Acceptance":[0.0],"Energy":{"Mean":-198.0,"Sigma":0.0,"Taucorr":null},"EnergyVariance":{"Mean":0.0,"Sigma":0.0,"Taucorr":null},"Iteration":78},
{"Acceptance":[0.0005602240896358543],"Energy":{"Mean":-197.93548387096772,"Sigma":0.0645161290322581,"Taucorr":0.5081967213114762},"EnergyVariance":{"Mean":0.2539021852237254,"Sigma":0.2497398543184149,"Taucorr":0.5081967213114753},"Iteration":79},
{"Acceptance":[0.00028011204481792715],"Energy":{"Mean":-198.0,"Sigma":0.0,"Taucorr":null},"EnergyVariance":{"Mean":0.0,"Sigma":0.0,"Taucorr":null},"Iteration":80},
{"Acceptance":[0.0005602240896358543],"Energy":{"Mean":-197.95161290322577,"Sigma":0.048387096774194165,"Taucorr":1.0436096431476471e-14},"EnergyVariance":{"Mean":0.28798126951092606,"Sigma":0.2856399583766869,"Taucorr":-4.440892098500626e-16},"Iteration":81},
{"Acceptance":[0.00028011204481792715],"Energy":{"Mean":-197.98387096774192,"Sigma":0.01612903225806434,"Taucorr":-4.9960036108132044e-15},"EnergyVariance":{"Mean":0.03199791883454734,"Sigma":0.03173777315296522,"Taucorr":0.0},"Iteration":82},
{"Acceptance":[0.00028011204481792715],"Energy":{"Mean":-197.85483870967738,"Sigma":0.1451612903225807,"Taucorr":1.0247933884297502},"EnergyVariance":{"Mean":0.8498959417273673,"Sigma":0.8288241415192397,"Taucorr":1.0247933884297522},"Iteration":83},
{"Acceptance":[0.0],"Energy":{"Mean":-198.0,"Sigma":0.0,"Taucorr":null},"EnergyVariance":{"Mean":0.0,"Sigma":0.0,"Taucorr":null},"Iteration":84},
{"Acceptance":[0.0005602240896358543],"Energy":{"Mean":-198.0,"Sigma":0.0,"Taucorr":null},"EnergyVariance":{"Mean":0.0,"Sigma":0.0,"Taucorr":null},"Iteration":85},
{"Acceptance":[0.0],"Energy":{"Mean":-198.0,"Sigma":0.0,"Taucorr":null},"EnergyVariance":{"Mean":0.0,"Sigma":0.0,"Taucorr":null},"Iteration":86},
{"Acceptance":[0.0005602240896358543],"Energy":{"Mean":-197.98387096774192,"Sigma":0.01612903225806431,"Taucorr":-1.1213252548714081e-14},"EnergyVariance":{"Mean":0.03199791883454734,"Sigma":0.031737773152965214,"Taucorr":-2.220446049250313e-16},"Iteration":87},
{"Acceptance":[0.0],"Energy":{"Mean":-198.0,"Sigma":0.0,"Taucorr":null},"EnergyVariance":{"Mean":0.0,"Sigma":0.0,"Taucorr":null},"Iteration":88},
{"Acceptance":[0.0005602240896358543],"Energy":{"Mean":-197.90322580645162,"Sigma":0.0711629768076315,"Taucorr":0.3245179063360897},"EnergyVariance":{"Mean":0.3777315296566077,"Sigma":0.27087842784840377,"Taucorr":0.32451790633608824},"Iteration":89},
{"Acceptance":[0.0008403361344537816],"Energy":{"Mean":-198.0,"Sigma":0.0,"Taucorr":null},"EnergyVariance":{"Mean":0.0,"Sigma":0.0,"Taucorr":null},"Iteration":90},
{"Acceptance":[0.00028011204481792715],"Energy":{"Mean":-197.96774193548387,"Sigma":0.032258064516129684,"Taucorr":0.5081967213114906},"EnergyVariance":{"Mean":0.0634755463059313,"Sigma":0.06243496357960465,"Taucorr":0.508196721311476},"Iteration":91},
{"Acceptance":[0.0],"Energy":{"Mean":-198.0,"Sigma":0.0,"Taucorr":null},"EnergyVariance":{"Mean":0.0,"Sigma":0.0,"Taucorr":null},"Iteration":92},
{"Acceptance":[0.0005602240896358543],"Energy":{"Mean":-197.99193548387098,"Sigma":0.008064516129032412,"Taucorr":1.5765166949677223e-14},"EnergyVariance":{"Mean":0.007999479708636839,"Sigma":0.007934443288241534,"Taucorr":0.0},"Iteration":93},
{"Acceptance":[0.0],"Energy":{"Mean":-198.0,"Sigma":0.0,"Taucorr":null},"EnergyVariance":{"Mean":0.0,"Sigma":0.0,"Taucorr":null},"Iteration":94},
{"Acceptance":[0.00028011204481792715],"Energy":{"Mean":-197.98387096774192,"Sigma":0.01612903225806377,"Taucorr":-3.597122599785507e-14},"EnergyVariance":{"Mean":0.03199791883454735,"Sigma":0.03173777315296523,"Taucorr":2.220446049250313e-16},"Iteration":95},
{"Acceptance":[0.0],"Energy":{"Mean":-198.0,"Sigma":0.0,"Taucorr":null},"EnergyVariance":{"Mean":0.0,"Sigma":0.0,"Taucorr":null},"Iteration":96},
{"Acceptance":[0.0008403361344537816],"Energy":{"Mean":-197.90322580645164,"Sigma":0.057592164746313824,"Taucorr":0.2260416666666758},"EnergyVariance":{"Mean":0.28095733610822066,"Sigma":0.16162962364288289,"Taucorr":0.2260416666666667},"Iteration":97},
{"Acceptance":[0.0005602240896358543],"Energy":{"Mean":-197.93548387096772,"Sigma":0.06451612903225824,"Taucorr":0.5081967213114789},"EnergyVariance":{"Mean":0.2539021852237254,"Sigma":0.24973985431841494,"Taucorr":0.508196721311476},"Iteration":98},
{"Acceptance":[0.00028011204481792715],"Energy":{"Mean":-198.0,"Sigma":0.0,"Taucorr":null},"EnergyVariance":{"Mean":0.0,"Sigma":0.0,"Taucorr":null},"Iteration":99} 
]}