{"Output": [
{"Acceptance":[0.8301120448179272],"Energy":{"Mean":-155.1693548387097,"Sigma":0.9058046901309346,"Taucorr":0.05023768508977278},"EnergyVariance":{"Mean":91.70518990634756,"Sigma":12.611906591597165,"Taucorr":0.056026011897455485},"Iteration":0},
{"Acceptance":[0.7690476190476191],"Energy":{"Mean":-157.12096774193552,"Sigma":0.6114796710744816,"Taucorr":-0.09376800221512749},"EnergyVariance":{"Mean":56.60633454734651,"Sigma":7.081202884574524,"Taucorr":0.11749129143296988},"Iteration":1},
{"Acceptance":[0.5928571428571429],"Energy":{"Mean":-162.69354838709674,"Sigma":0.9043435863839493,"Taucorr":0.11663126504967336},"EnergyVariance":{"Mean":81.56737773152963,"Sigma":8.241064604803354,"Taucorr":-0.049951054836402775},"Iteration":2},
{"Acceptance":[0.19327731092436976],"Energy":{"Mean":-193.2983870967742,"Sigma":0.4520591113632077,"Taucorr":0.11991043559992365},"EnergyVariance":{"Mean":20.27386836628512,"Sigma":2.8834466993603516,"Taucorr":0.2345757285439528},"Iteration":3},
{"Acceptance":[0.058403361344537816],"Energy":{"Mean":-200.6935483870967,"Sigma":0.2640436378023377,"Taucorr":0.3885654213165156},"EnergyVariance":{"Mean":4.82544224765869,"Sigma":1.2630785707359269,"Taucorr":0.29052026954479404},"Iteration":4},
{"Acceptance":[0.061764705882352944],"Energy":{"Mean":-202.00806451612902,"Sigma":0.1388721229330143,"Taucorr":0.019700208030547617},"EnergyVariance":{"Mean":2.282193028095733,"Sigma":0.7203144114815178,"Taucorr":-0.03357398521148586},"Iteration":5},
{"Acceptance":[0.03697478991596639],"Energy":{"Mean":-202.93548387096772,"Sigma":0.12430870237417865,"Taucorr":0.24827939369110963},"EnergyVariance":{"Mean":1.2700312174817898,"Sigma":0.45615246743827687,"Taucorr":0.027815414428432716},"Iteration":6},
{"Acceptance":[0.024789915966386553],"Energy":{"Mean":-203.81451612903223,"Sigma":0.07687420070000082,"Taucorr":0.15567288513434496},"EnergyVariance":{"Mean":0.5543054110301769,"Sigma":0.32004329302956863,"Taucorr":0.0603864412227737},"Iteration":7},
{"Acceptance":[0.019327731092436976],"Energy":{"Mean":-203.7661290322581,"Sigma":0.14753142724744225,"Taucorr":0.31277889665520686},"EnergyVariance":{"Mean":1.6469172736732571,"Sigma":0.9450541728555355,"Taucorr":0.2873686636740993},"Iteration":8},
{"Acceptance":[0.02296918767507003],"Energy":{"Mean":-203.87903225806448,"Sigma":0.06009733116059016,"Taucorr":0.20288125128625967},"EnergyVariance":{"Mean":0.3160119667013528,"Sigma":0.17772515345991388,"Taucorr":0.15864082945167834},"Iteration":9},
{"Acceptance":[0.02226890756302521],"Energy":{"Mean":-203.8306451612903,"Sigma":0.06993381738283526,"Taucorr":0.022045377582124548},"EnergyVariance":{"Mean":0.5761576482830382,"Sigma":0.3113458687067274,"Taucorr":-0.022662070593772232},"Iteration":10},
{"Acceptance":[0.02296918767507003],"Energy":{"Mean":-203.6370967741935,"Sigma":0.13561821296501764,"Taucorr":0.1473443257527749},"EnergyVariance":{"Mean":1.7473335067637876,"Sigma":0.7132250193834279,"Taucorr":0.12254305050023173},"Iteration":11},
{"Acceptance":[0.013445378151260505],"Energy":{"Mean":-203.90322580645162,"Sigma":0.05520905936407006,"Taucorr":0.06917456556081991},"EnergyVariance":{"Mean":0.3293444328824141,"Sigma":0.28065507533112016,"Taucorr":-0.0014870039286642989},"Iteration":12},
{"Acceptance":[0.01680672268907563],"Energy":{"Mean":-203.93548387096772,"Sigma":0.044853018526052155,"Taucorr":-0.012704918032785117},"EnergyVariance":{"Mean":0.25390218522372526,"Sigma":0.17362458784277982,"Taucorr":-0.012704918032786894},"Iteration":13},
{"Acceptance":[0.016946778711484593],"Energy":{"Mean":-204.0,"Sigma":0.023186944788008517,"Taucorr":0.18333333333333734},"EnergyVariance":{"Mean":0.048387096774193554,"Sigma":0.03558148840381569,"Taucorr":0.04517304189435356},"Iteration":14},
{"Acceptance":[0.019187675070028012],"Energy":{"Mean":-203.83870967741936,"Sigma":0.10723077508770804,"Taucorr":0.3061387900355925},"EnergyVariance":{"Mean":0.8772112382934446,"Sigma":0.6054102789823037,"Taucorr":0.3214615392264709},"Iteration":15},
{"Acceptance":[0.01764705882352941],"Energy":{"Mean":-203.94354838709677,"Sigma":0.039672173794351485,"Taucorr":-0.01219272369713964},"EnergyVariance":{"Mean":0.19842611862643086,"Sigma":0.1414839665147949,"Taucorr":-0.010789284762488638},"Iteration":16},
{"Acceptance":[0.015126050420168067],"Energy":{"Mean":-203.89516129032262,"Sigma":0.07843752526314861,"Taucorr":0.0010679528033892272},"EnergyVariance":{"Mean":0.7551378772112384,"Sigma":0.6366843547687605,"Taucorr":-0.004325338836550396},"Iteration":17},
{"Acceptance":[0.017787114845938375],"Energy":{"Mean":-203.96774193548393,"Sigma":0.06633850902824218,"Taucorr":0.07991917502787005},"EnergyVariance":{"Mean":0.4667013527575441,"Sigma":0.3947287104960764,"Taucorr":0.0024090497574038583},"Iteration":18},
{"Acceptance":[0.01764705882352941],"Energy":{"Mean":-203.81451612903223,"Sigma":0.1984373570393125,"Taucorr":0.9525531499902471},"EnergyVariance":{"Mean":1.6672086368366283,"Sigma":1.473928890623316,"Taucorr":1.0166622466377233},"Iteration":19},
{"Acceptance":[0.017787114845938375],"Energy":{"Mean":-203.90322580645156,"Sigma":0.06827110268387288,"Taucorr":0.22779062087186575},"EnergyVariance":{"Mean":0.39386056191467217,"Sigma":0.22458772094035487,"Taucorr":0.20044574514208424},"Iteration":20},
{"Acceptance":[0.012605042016806723],"Energy":{"Mean":-203.91935483870972,"Sigma":0.07723993546696045,"Taucorr":0.04687863512991031},"EnergyVariance":{"Mean":0.6709157127991674,"Sigma":0.39461384021050877,"Taucorr":-0.013432071201823104},"Iteration":21},
{"Acceptance":[0.01638655462184874],"Energy":{"Mean":-204.06451612903223,"Sigma":0.07945356215875901,"Taucorr":0.25833333333334874},"EnergyVariance":{"Mean":0.5119667013527576,"Sigma":0.31048775260331124,"Taucorr":0.018314037144408823},"Iteration":22},
{"Acceptance":[0.02142857142857143],"Energy":{"Mean":-204.27419354838707,"Sigma":0.07633651333031785,"Taucorr":0.25733919736119326},"EnergyVariance":{"Mean":0.4732049947970863,"Sigma":0.11081106773756119,"Taucorr":0.25733919736118727},"Iteration":23},
{"Acceptance":[0.02773109243697479],"Energy":{"Mean":-205.77419354838713,"Sigma":0.07721186352873753,"Taucorr":0.37975967540575317},"EnergyVariance":{"Mean":0.4167533818938604,"Sigma":0.11725219253582161,"Taucorr":0.3731165660172624},"Iteration":24},
{"Acceptance":[0.019747899159663865],"Energy":{"Mean":-205.91935483870967,"Sigma":0.05725238499773818,"Taucorr":0.07871545929798396},"EnergyVariance":{"Mean":0.34833506763787725,"Sigma":0.28673586983623267,"Taucorr":0.005712133074362025},"Iteration":25},
{"Acceptance":[0.012745098039215686],"Energy":{"Mean":-205.83870967741936,"Sigma":0.09168991916480346,"Taucorr":0.25626902587519285},"EnergyVariance":{"Mean":0.6836628511966701,"Sigma":0.4176895747383712,"Taucorr":0.3000350086499022},"Iteration":26},
{"Acceptance":[0.017086834733893556],"Energy":{"Mean":-205.95967741935488,"Sigma":0.032989030014284944,"Taucorr":-0.005952952472391526},"EnergyVariance":{"Mean":0.13547086368366287,"Sigma":0.1264010496076899,"Taucorr":-0.001474304316417152},"Iteration":27},
{"Acceptance":[0.015546218487394958],"Energy":{"Mean":-205.95161290322577,"Sigma":0.048387096774193984,"Taucorr":0.5081967213114831},"EnergyVariance":{"Mean":0.14281997918834555,"Sigma":0.1404786680541063,"Taucorr":0.5081967213114753},"Iteration":28},
{"Acceptance":[0.023249299719887956],"Energy":{"Mean":-205.95161290322574,"Sigma":0.03363976389454089,"Taucorr":-0.012704918032745816},"EnergyVariance":{"Mean":0.14281997918834546,"Sigma":0.09766383066156029,"Taucorr":-0.012704918032787005},"Iteration":29},
{"Acceptance":[0.017086834733893556],"Energy":{"Mean":-205.91935483870967,"Sigma":0.052346930944679675,"Taucorr":-0.016206123973119213},"EnergyVariance":{"Mean":0.3483350676378772,"Sigma":0.2835485778453865,"Taucorr":-0.005468147490783781},"Iteration":30},
{"Acceptance":[0.010644257703081233],"Energy":{"Mean":-205.99193548387095,"Sigma":0.018271661793512674,"Taucorr":0.3509433962264301},"EnergyVariance":{"Mean":0.024128511966701353,"Sigma":0.01761543592141296,"Taucorr":0.31691536199091364},"Iteration":31},
{"Acceptance":[0.012324929971988795],"Energy":{"Mean":-205.79032258064518,"Sigma":0.13624020838523676,"Taucorr":0.6550473808896913},"EnergyVariance":{"Mean":0.9882934443288239,"Sigma":0.7608034000138121,"Taucorr":0.5103000392771475},"Iteration":32},
{"Acceptance":[0.021288515406162466],"Energy":{"Mean":-205.9677419354839,"Sigma":0.03225806451612929,"Taucorr":7.327471962526033e-15},"EnergyVariance":{"Mean":0.12799167533818942,"Sigma":0.12695109261186455,"Taucorr":0.0},"Iteration":33},
{"Acceptance":[0.020168067226890758],"Energy":{"Mean":-205.8064516129032,"Sigma":0.12842599507996447,"Taucorr":0.2699644549763096},"EnergyVariance":{"Mean":1.3173777315296566,"Sigma":0.8924928269872734,"Taucorr":0.22662116124824405},"Iteration":34},
{"Acceptance":[0.011904761904761904],"Energy":{"Mean":-205.95161290322577,"Sigma":0.04838709677419404,"Taucorr":7.993605777301127e-15},"EnergyVariance":{"Mean":0.2879812695109262,"Sigma":0.28563995837668693,"Taucorr":-4.440892098500626e-16},"Iteration":35},
{"Acceptance":[0.014005602240896359],"Energy":{"Mean":-206.0,"Sigma":0.0,"Taucorr":null},"EnergyVariance":{"Mean":0.0,"Sigma":0.0,"Taucorr":null},"Iteration":36},
{"Acceptance":[0.015406162464985995],"Energy":{"Mean":-205.91935483870967,"Sigma":0.0806451612903227,"Taucorr":0.36717428087986737},"EnergyVariance":{"Mean":0.461238293444329,"Sigma":0.4547346514047848,"Taucorr":0.17433102410743573},"Iteration":37},
{"Acceptance":[0.0196078431372549],"Energy":{"Mean":-205.99193548387095,"Sigma":0.008064516129032542,"Taucorr":2.4424906541753444e-14},"EnergyVariance":{"Mean":0.007999479708636834,"Sigma":0.007934443288241074,"Taucorr":0.0},"Iteration":38},
{"Acceptance":[0.02030812324929972],"Energy":{"Mean":-205.98387096774192,"Sigma":0.016129032258063652,"Taucorr":0.508196721311414},"EnergyVariance":{"Mean":0.01586888657648283,"Sigma":0.015608740894900702,"Taucorr":0.5081967213114753},"Iteration":39},
{"Acceptance":[0.019327731092436976],"Energy":{"Mean":-206.0,"Sigma":0.0,"Taucorr":null},"EnergyVariance":{"Mean":0.0,"Sigma":0.0,"Taucorr":null},"Iteration":40},
{"Acceptance":[0.021148459383753503],"Energy":{"Mean":-205.91935483870967,"Sigma":0.0806451612903226,"Taucorr":-6.661338147750939e-16},"EnergyVariance":{"Mean":0.7999479708636835,"Sigma":0.7934443288241396,"Taucorr":0.0},"Iteration":41},
{"Acceptance":[0.012605042016806723],"Energy":{"Mean":-205.83870967741936,"Sigma":0.12134350241163838,"Taucorr":0.34569970845480746},"EnergyVariance":{"Mean":1.0707596253902187,"Sigma":0.8088962979360755,"Taucorr":0.33752624627197503},"Iteration":42},
{"Acceptance":[0.012184873949579832],"Energy":{"Mean":-206.0,"Sigma":0.0,"Taucorr":null},"EnergyVariance":{"Mean":0.0,"Sigma":0.0,"Taucorr":null},"Iteration":43},
{"Acceptance":[0.01330532212885154],"Energy":{"Mean":-205.95967741935482,"Sigma":0.03298903001428415,"Taucorr":0.4432630614115298},"EnergyVariance":{"Mean":0.07095473465140478,"Sigma":0.06211113667202035,"Taucorr":0.48987027775881764},"Iteration":44},
{"Acceptance":[0.013165266106442577],"Energy":{"Mean":-205.9838709677419,"Sigma":0.0161290322580648,"Taucorr":1.709743457922741e-14},"EnergyVariance":{"Mean":0.031997918834547334,"Sigma":0.03173777315296429,"Taucorr":-2.220446049250313e-16},"Iteration":45},
{"Acceptance":[0.01568627450980392],"Energy":{"Mean":-205.9838709677419,"Sigma":0.01612903225806454,"Taucorr":0.5081967213114686},"EnergyVariance":{"Mean":0.015868886576482832,"Sigma":0.015608740894899784,"Taucorr":0.5081967213114753},"Iteration":46},
{"Acceptance":[0.013865546218487394],"Energy":{"Mean":-205.94354838709677,"Sigma":0.04878865632985253,"Taucorr":-0.004097818902835781},"EnergyVariance":{"Mean":0.295200312174818,"Sigma":0.28471084907180566,"Taucorr":-0.0006328176706953959},"Iteration":47},
{"Acceptance":[0.017787114845938375],"Energy":{"Mean":-205.98387096774192,"Sigma":0.01612903225806476,"Taucorr":1.687538997430238e-14},"EnergyVariance":{"Mean":0.03199791883454734,"Sigma":0.031737773152965214,"Taucorr":-2.220446049250313e-16},"Iteration":48},
{"Acceptance":[0.014985994397759104],"Energy":{"Mean":-205.95967741935485,"Sigma":0.049318983391679394,"Taucorr":0.9493383742911137},"EnergyVariance":{"Mean":0.10321279916753386,"Sigma":0.09299032838716204,"Taucorr":0.9954814110770349},"Iteration":49},
{"Acceptance":[0.01904761904761905],"Energy":{"Mean":-205.95161290322577,"Sigma":0.048387096774193984,"Taucorr":6.661338147750939e-15},"EnergyVariance":{"Mean":0.2879812695109262,"Sigma":0.28563995837668693,"Taucorr":-2.220446049250313e-16},"Iteration":50},
{"Acceptance":[0.01330532212885154],"Energy":{"Mean":-205.9354838709677,"Sigma":0.06451612903225812,"Taucorr":-4.440892098500626e-16},"EnergyVariance":{"Mean":0.5119667013527573,"Sigma":0.5078043704474434,"Taucorr":-2.220446049250313e-16},"Iteration":51},
{"Acceptance":[0.018907563025210083],"Energy":{"Mean":-205.9112903225806,"Sigma":0.07562320565433205,"Taucorr":0.0069747820380619},"EnergyVariance":{"Mean":0.6937434963579606,"Sigma":0.4690369970679448,"Taucorr":-0.01311559664595191},"Iteration":52},
{"Acceptance":[0.01330532212885154],"Energy":{"Mean":-206.0,"Sigma":0.0,"Taucorr":null},"EnergyVariance":{"Mean":0.0,"Sigma":0.0,"Taucorr":null},"Iteration":53},
{"Acceptance":[0.011064425770308124],"Energy":{"Mean":-205.91129032258067,"Sigma":0.06194472377313448,"Taucorr":-0.012494961708980734},"EnergyVariance":{"Mean":0.48406607700312176,"Sigma":0.3369540141667189,"Taucorr":-0.011872748254157017},"Iteration":54},
{"Acceptance":[0.011624649859943978],"Energy":{"Mean":-206.0,"Sigma":0.0,"Taucorr":null},"EnergyVariance":{"Mean":0.0,"Sigma":0.0,"Taucorr":null},"Iteration":55},
{"Acceptance":[0.010924369747899159],"Energy":{"Mean":-205.79032258064518,"Sigma":0.19368274906165156,"Taucorr":1.0013204672422498},"EnergyVariance":{"Mean":1.5366805411030173,"Sigma":1.4665931931331901,"Taucorr":1.0233973817211908},"Iteration":56},
{"Acceptance":[0.019327731092436976],"Energy":{"Mean":-205.7822580645161,"Sigma":0.1330685890546428,"Taucorr":0.6937263848292567},"EnergyVariance":{"Mean":0.9122658688865767,"Sigma":0.5839928315684968,"Taucorr":0.7329522927223551},"Iteration":57},
{"Acceptance":[0.014145658263305322],"Energy":{"Mean":-205.9516129032258,"Sigma":0.04838709677419372,"Taucorr":3.1086244689504383e-15},"EnergyVariance":{"Mean":0.2879812695109262,"Sigma":0.28563995837668965,"Taucorr":-4.440892098500626e-16},"Iteration":58},
{"Acceptance":[0.019887955182072828],"Energy":{"Mean":-206.0,"Sigma":0.0,"Taucorr":null},"EnergyVariance":{"Mean":0.0,"Sigma":0.0,"Taucorr":null},"Iteration":59},
{"Acceptance":[0.018067226890756304],"Energy":{"Mean":-206.0,"Sigma":0.0,"Taucorr":null},"EnergyVariance":{"Mean":0.0,"Sigma":0.0,"Taucorr":null},"Iteration":60},
{"Acceptance":[0.01610644257703081],"Energy":{"Mean":-206.0,"Sigma":0.0,"Taucorr":null},"EnergyVariance":{"Mean":0.0,"Sigma":0.0,"Taucorr":null},"Iteration":61},
{"Acceptance":[0.019887955182072828],"Energy":{"Mean":-205.98387096774192,"Sigma":0.016129032258063922,"Taucorr":-3.0753177782116836e-14},"EnergyVariance":{"Mean":0.03199791883454735,"Sigma":0.03173777315296522,"Taucorr":0.0},"Iteration":62},
{"Acceptance":[0.020168067226890758],"Energy":{"Mean":-206.0,"Sigma":0.0,"Taucorr":null},"EnergyVariance":{"Mean":0.0,"Sigma":0.0,"Taucorr":null},"Iteration":63},
{"Acceptance":[0.02100840336134454],"Energy":{"Mean":-205.91129032258067,"Sigma":0.06407781213205566,"Taucorr":-0.010933366922778465},"EnergyVariance":{"Mean":0.5163241415192509,"Sigma":0.4004699597439561,"Taucorr":-0.007353633301334095},"Iteration":64},
{"Acceptance":[0.017787114845938375],"Energy":{"Mean":-205.95967741935482,"Sigma":0.016787629027952323,"Taucorr":-0.05210084033615098},"EnergyVariance":{"Mean":0.038696670135275765,"Sigma":0.01543378797731066,"Taucorr":-0.052100840336134435},"Iteration":65},
{"Acceptance":[0.018067226890756304],"Energy":{"Mean":-205.68548387096774,"Sigma":0.19605235130876122,"Taucorr":0.7927796549884383},"EnergyVariance":{"Mean":1.8284989594172738,"Sigma":1.1889467872008017,"Taucorr":0.8205416415684177},"Iteration":66},
{"Acceptance":[0.0058823529411764705],"Energy":{"Mean":-206.0,"Sigma":0.0,"Taucorr":null},"EnergyVariance":{"Mean":0.0,"Sigma":0.0,"Taucorr":null},"Iteration":67},
{"Acceptance":[0.005042016806722689],"Energy":{"Mean":-205.90322580645162,"Sigma":0.09677419354838714,"Taucorr":0.5081967213114766},"EnergyVariance":{"Mean":0.5712799167533817,"Sigma":0.5619146722164416,"Taucorr":0.5081967213114753},"Iteration":68},
{"Acceptance":[0.0070028011204481795],"Energy":{"Mean":-205.92741935483866,"Sigma":0.05079151512820064,"Taucorr":-0.012392564461345623},"EnergyVariance":{"Mean":0.32537721123829344,"Sigma":0.2837105656093569,"Taucorr":-0.003307848503133759},"Iteration":69},
{"Acceptance":[0.006442577030812325],"Energy":{"Mean":-206.0,"Sigma":0.0,"Taucorr":null},"EnergyVariance":{"Mean":0.0,"Sigma":0.0,"Taucorr":null},"Iteration":70},
{"Acceptance":[0.006442577030812325],"Energy":{"Mean":-206.0,"Sigma":0.0,"Taucorr":null},"EnergyVariance":{"Mean":0.0,"Sigma":0.0,"Taucorr":null},"Iteration":71},
{"Acceptance":[0.010364145658263305],"Energy":{"Mean":-205.9516129032258,"Sigma":0.026989033114003264,"Taucorr":-0.025619834710718603},"EnergyVariance":{"Mean":0.09443288241415193,"Sigma":0.051366224313745885,"Taucorr":-0.025619834710743694},"Iteration":72},
{"Acceptance":[0.008123249299719889],"Energy":{"Mean":-205.81451612903226,"Sigma":0.09903278343876629,"Taucorr":0.2141141141141153},"EnergyVariance":{"Mean":0.844627991675338,"Sigma":0.5238659271108994,"Taucorr":0.029222384968934922},"Iteration":73},
{"Acceptance":[0.007282913165266107],"Energy":{"Mean":-206.0,"Sigma":0.0,"Taucorr":null},"EnergyVariance":{"Mean":0.0,"Sigma":0.0,"Taucorr":null},"Iteration":74},
{"Acceptance":[0.009663865546218488],"Energy":{"Mean":-205.96774193548393,"Sigma":0.019197388248771444,"Taucorr":-0.02129120879119495},"EnergyVariance":{"Mean":0.047346514047866814,"Sigma":0.03245251775869765,"Taucorr":-0.012322699191433306},"Iteration":75},
{"Acceptance":[0.013445378151260505],"Energy":{"Mean":-206.0,"Sigma":0.0,"Taucorr":null},"EnergyVariance":{"Mean":0.0,"Sigma":0.0,"Taucorr":null},"Iteration":76},
{"Acceptance":[0.010924369747899159],"Energy":{"Mean":-205.98387096774192,"Sigma":0.01612903225806377,"Taucorr":-3.597122599785507e-14},"EnergyVariance":{"Mean":0.03199791883454735,"Sigma":0.03173777315296522,"Taucorr":0.0},"Iteration":77},
{"Acceptance":[0.01050420168067227],"Energy":{"Mean":-206.0,"Sigma":0.0,"Taucorr":null},"EnergyVariance":{"Mean":0.0,"Sigma":0.0,"Taucorr":null},"Iteration":78},
{"Acceptance":[0.010924369747899159],"Energy":{"Mean":-206.0,"Sigma":0.0,"Taucorr":null},"EnergyVariance":{"Mean":0.0,"Sigma":0.0,"Taucorr":null},"Iteration":79},
{"Acceptance":[0.010224089635854342],"Energy":{"Mean":-205.96774193548393,"Sigma":0.022426509263025775,"Taucorr":-0.012704918032793777},"EnergyVariance":{"Mean":0.06347554630593132,"Sigma":0.04340614696069814,"Taucorr":-0.012704918032786894},"Iteration":80},
{"Acceptance":[0.012184873949579832],"Energy":{"Mean":-206.0,"Sigma":0.0,"Taucorr":null},"EnergyVariance":{"Mean":0.0,"Sigma":0.0,"Taucorr":null},"Iteration":81},
{"Acceptance":[0.012745098039215686],"Energy":{"Mean":-206.0,"Sigma":0.0,"Taucorr":null},"EnergyVariance":{"Mean":0.0,"Sigma":0.0,"Taucorr":null},"Iteration":82},
{"Acceptance":[0.011624649859943978],"Energy":{"Mean":-205.93548387096772,"Sigma":0.06451612903225824,"Taucorr":2.220446049250313e-15},"EnergyVariance":{"Mean":0.5119667013527578,"Sigma":0.5078043704474472,"Taucorr":2.220446049250313e-16},"Iteration":83},
{"Acceptance":[0.016526610644257703],"Energy":{"Mean":-205.87903225806454,"Sigma":0.09896709004285423,"Taucorr":0.4432630614115469},"EnergyVariance":{"Mean":0.6385926118626428,"Sigma":0.5590002300481999,"Taucorr":0.48987027775881664},"Iteration":84},
{"Acceptance":[0.022549019607843137],"Energy":{"Mean":-206.0,"Sigma":0.0,"Taucorr":null},"EnergyVariance":{"Mean":0.0,"Sigma":0.0,"Taucorr":null},"Iteration":85},
{"Acceptance":[0.021568627450980392],"Energy":{"Mean":-205.83064516129033,"Sigma":0.1481911984122343,"Taucorr":0.8790092303605868},"EnergyVariance":{"Mean":0.9793834547346517,"Sigma":0.8259988309369121,"Taucorr":0.9592195198236608},"Iteration":86},
{"Acceptance":[0.012184873949579832],"Energy":{"Mean":-205.97580645161293,"Sigma":0.02419354838709672,"Taucorr":-2.4424906541753444e-15},"EnergyVariance":{"Mean":0.07199531737773153,"Sigma":0.0714099895941738,"Taucorr":0.0},"Iteration":87},
{"Acceptance":[0.010644257703081233],"Energy":{"Mean":-205.95967741935485,"Sigma":0.028626192498869055,"Taucorr":0.8023529411764834},"EnergyVariance":{"Mean":0.038696670135275765,"Sigma":0.02631762858767046,"Taucorr":0.8023529411764705},"Iteration":88},
{"Acceptance":[0.008123249299719889],"Energy":{"Mean":-206.0,"Sigma":0.0,"Taucorr":-0.5},"EnergyVariance":{"Mean":0.016129032258064516,"Sigma":0.016129032258064516,"Taucorr":0.5081967213114755},"Iteration":89},
{"Acceptance":[0.007563025210084034],"Energy":{"Mean":-205.98387096774192,"Sigma":0.016129032258063652,"Taucorr":-4.196643033083092e-14},"EnergyVariance":{"Mean":0.03199791883454735,"Sigma":0.03173777315296522,"Taucorr":0.0},"Iteration":90},
{"Acceptance":[0.00980392156862745],"Energy":{"Mean":-206.0,"Sigma":0.0,"Taucorr":null},"EnergyVariance":{"Mean":0.0,"Sigma":0.0,"Taucorr":null},"Iteration":91},
{"Acceptance":[0.008263305322128852],"Energy":{"Mean":-206.0,"Sigma":0.0,"Taucorr":null},"EnergyVariance":{"Mean":0.0,"Sigma":0.0,"Taucorr":null},"Iteration":92},
{"Acceptance":[0.009103641456582634],"Energy":{"Mean":-205.89516129032253,"Sigma":0.07311630294608457,"Taucorr":-0.012554237778423183},"EnergyVariance":{"Mean":0.6744927159209159,"Sigma":0.4672012165890944,"Taucorr":-0.01210063024777297},"Iteration":93},
{"Acceptance":[0.011204481792717087],"Energy":{"Mean":-206.0,"Sigma":0.0,"Taucorr":null},"EnergyVariance":{"Mean":0.0,"Sigma":0.0,"Taucorr":null},"Iteration":94},
{"Acceptance":[0.01134453781512605],"Energy":{"Mean":-205.99193548387095,"Sigma":0.008064516129032718,"Taucorr":4.907185768843192e-14},"EnergyVariance":{"Mean":0.007999479708636839,"Sigma":0.007934443288241076,"Taucorr":0.0},"Iteration":95},
{"Acceptance":[0.00938375350140056],"Energy":{"Mean":-205.9112903225806,"Sigma":0.06814396830412175,"Taucorr":0.3426597582038071},"EnergyVariance":{"Mean":0.33890478668054114,"Sigma":0.2692641329941989,"Taucorr":0.2773778886755036},"Iteration":96},
{"Acceptance":[0.008683473389355743],"Energy":{"Mean":-206.0,"Sigma":0.0,"Taucorr":null},"EnergyVariance":{"Mean":0.0,"Sigma":0.0,"Taucorr":null},"Iteration":97},
{"Acceptance":[0.008123249299719889],"Energy":{"Mean":-206.0,"Sigma":0.0,"Taucorr":null},"EnergyVariance":{"Mean":0.0,"Sigma":0.0,"Taucorr":null},"Iteration":98},
{"Acceptance":[0.0070028011204481795],"Energy":{"Mean":-205.99193548387095,"Sigma":0.00806451612903274,"Taucorr":4.973799150320701e-14},"EnergyVariance":{"Mean":0.007999479708636834,"Sigma":0.007934443288241074,"Taucorr":-2.220446049250313e-16},"Iteration":99} 
]}