{"Output": [
{"Acceptance":[0.9394957983193277],"Energy":{"Mean":-0.4405437402256114,"Sigma":0.22253557104449262,"Taucorr":0.02554393821357226},"EnergyVariance":{"Mean":5.795153786244165,"Sigma":0.6125528482186872,"Taucorr":0.019066924658618145},"Iteration":0},
{"Acceptance":[0.9088235294117647],"Energy":{"Mean":-0.7381990769717547,"Sigma":0.20743708134148353,"Taucorr":-0.0631387215282081},"EnergyVariance":{"Mean":6.0576524114450185,"Sigma":0.6271147831291948,"Taucorr":-0.09198989841673916},"Iteration":1},
{"Acceptance":[0.8672268907563025],"Energy":{"Mean":-1.0737597882025476,"Sigma":0.2143862868864317,"Taucorr":0.07085616878474599},"EnergyVariance":{"Mean":4.9515642903919534,"Sigma":0.577473977868706,"Taucorr":-0.013078899468691563},"Iteration":2},
{"Acceptance":[0.8365546218487395],"Energy":{"Mean":-1.2764127074600884,"Sigma":0.20923375571632896,"Taucorr":0.03259713871214698},"EnergyVariance":{"Mean":5.055216828946438,"Sigma":0.5840509243484503,"Taucorr":-0.0068498276458641705},"Iteration":3},
{"Acceptance":[0.8025210084033614],"Energy":{"Mean":-1.5988130720692584,"Sigma":0.1894568294329052,"Taucorr":-0.0415174660921373},"EnergyVariance":{"Mean":4.814740115918801,"Sigma":0.575467416851179,"Taucorr":-0.06943513614216545},"Iteration":4},
{"Acceptance":[0.7592436974789916],"Energy":{"Mean":-1.3142380128047932,"Sigma":0.23544942615247752,"Taucorr":0.058864564632307825},"EnergyVariance":{"Mean":6.100477290393699,"Sigma":0.7973155280734674,"Taucorr":0.0553244785556094},"Iteration":5},
{"Acceptance":[0.7369747899159664],"Energy":{"Mean":-1.8873649819571128,"Sigma":0.24156645600760054,"Taucorr":0.03345159463045255},"EnergyVariance":{"Mean":6.727494537855036,"Sigma":0.9469083811330413,"Taucorr":0.09925746095671828},"Iteration":6},
{"Acceptance":[0.6949579831932773],"Energy":{"Mean":-2.469096832489847,"Sigma":0.2747482671435822,"Taucorr":0.2809114316869039},"EnergyVariance":{"Mean":5.944882281109943,"Sigma":0.6428219617277473,"Taucorr":0.020176355617426478},"Iteration":7},
{"Acceptance":[0.6415966386554622],"Energy":{"Mean":-2.850622669112432,"Sigma":0.237177370855566,"Taucorr":0.042943010076700316},"EnergyVariance":{"Mean":6.371876805519117,"Sigma":0.8839991282171161,"Taucorr":0.2379851269987845},"Iteration":8},
{"Acceptance":[0.619327731092437],"Energy":{"Mean":-3.327157639389532,"Sigma":0.21850215212522833,"Taucorr":0.07054588875002199},"EnergyVariance":{"Mean":5.14631035403514,"Sigma":0.6811992509257029,"Taucorr":-0.01533059484551652},"Iteration":9},
{"Acceptance":[0.5521008403361345],"Energy":{"Mean":-3.3784229309124774,"Sigma":0.26615704877298973,"Taucorr":0.35644536424540907},"EnergyVariance":{"Mean":5.086878883918875,"Sigma":0.641125734626983,"Taucorr":0.08081531860218227},"Iteration":10},
{"Acceptance":[0.5138655462184873],"Energy":{"Mean":-4.013880392526321,"Sigma":0.210121226725768,"Taucorr":0.01378126048805206},"EnergyVariance":{"Mean":5.284899234250589,"Sigma":0.7173622936002504,"Taucorr":-0.11209147446317336},"Iteration":11},
{"Acceptance":[0.49327731092436977],"Energy":{"Mean":-3.997318636530759,"Sigma":0.20790132081401788,"Taucorr":0.0881713199276668},"EnergyVariance":{"Mean":4.519451902030886,"Sigma":0.6591137336088803,"Taucorr":0.3580535140460793},"Iteration":12},
{"Acceptance":[0.45168067226890757],"Energy":{"Mean":-4.87143294695069,"Sigma":0.24127963897451474,"Taucorr":0.3329628394181947},"EnergyVariance":{"Mean":4.298241743649186,"Sigma":0.3873354145079679,"Taucorr":-0.07450964463138315},"Iteration":13},
{"Acceptance":[0.4126050420168067],"Energy":{"Mean":-4.818912371864329,"Sigma":0.21725975521440927,"Taucorr":0.17922380547927408},"EnergyVariance":{"Mean":4.273864891933355,"Sigma":0.7191230211414172,"Taucorr":0.18313076161874942},"Iteration":14},
{"Acceptance":[0.41050420168067225],"Energy":{"Mean":-4.977008847502552,"Sigma":0.2512277399441873,"Taucorr":0.3751984491123844},"EnergyVariance":{"Mean":4.435103500195544,"Sigma":0.6038192792018325,"Taucorr":-0.02828913174867642},"Iteration":15},
{"Acceptance":[0.3659663865546218],"Energy":{"Mean":-5.3759837152274095,"Sigma":0.22399255727750975,"Taucorr":0.4714281987241221},"EnergyVariance":{"Mean":3.1763736584642612,"Sigma":0.35153653718041383,"Taucorr":0.019930116538053655},"Iteration":16},
{"Acceptance":[0.31596638655462184],"Energy":{"Mean":-5.9034265092546185,"Sigma":0.17579407849031897,"Taucorr":0.1932598761474953},"EnergyVariance":{"Mean":2.741495482971898,"Sigma":0.42636932344756034,"Taucorr":0.049770356633900725},"Iteration":17},
{"Acceptance":[0.3176470588235294],"Energy":{"Mean":-5.548235053714486,"Sigma":0.2123374098438259,"Taucorr":0.23491904371038352},"EnergyVariance":{"Mean":3.7730159863330437,"Sigma":0.5302294968410521,"Taucorr":0.09164842794761752},"Iteration":18},
{"Acceptance":[0.25840336134453784],"Energy":{"Mean":-6.143952219505405,"Sigma":0.1512889475360097,"Taucorr":0.09303420126601458},"EnergyVariance":{"Mean":2.373612271025873,"Sigma":0.33780249310830135,"Taucorr":0.21402317284391148},"Iteration":19},
{"Acceptance":[0.2411764705882353],"Energy":{"Mean":-6.685310978868598,"Sigma":0.15494805911030055,"Taucorr":0.15597550108638425},"EnergyVariance":{"Mean":2.250918533406603,"Sigma":0.462986035704838,"Taucorr":0.1504977079933265},"Iteration":20},
{"Acceptance":[0.223109243697479],"Energy":{"Mean":-6.4333600105544395,"Sigma":0.20447529483066962,"Taucorr":0.5014754660009186},"EnergyVariance":{"Mean":2.5675356794583037,"Sigma":0.40874813374734065,"Taucorr":0.13373777913145857},"Iteration":21},
{"Acceptance":[0.24831932773109244],"Energy":{"Mean":-6.139888989099001,"Sigma":0.189401956898627,"Taucorr":0.20141263558595968},"EnergyVariance":{"Mean":3.1453606858596883,"Sigma":0.3415077287994625,"Taucorr":-0.10011150233880922},"Iteration":22},
{"Acceptance":[0.18319327731092436],"Energy":{"Mean":-6.632342200944532,"Sigma":0.21231153674307846,"Taucorr":0.6200616701223065},"EnergyVariance":{"Mean":2.4750294336034657,"Sigma":0.5284711135368536,"Taucorr":0.17119485753984154},"Iteration":23},
{"Acceptance":[0.18403361344537816],"Energy":{"Mean":-7.210162895774349,"Sigma":0.13343562574459744,"Taucorr":0.3810644014579133},"EnergyVariance":{"Mean":1.2428280731646624,"Sigma":0.2146197466554596,"Taucorr":0.42016349485933546},"Iteration":24},
{"Acceptance":[0.17100840336134454],"Energy":{"Mean":-6.924570739404289,"Sigma":0.19898677690970054,"Taucorr":0.6489755694945916},"EnergyVariance":{"Mean":2.119399153319843,"Sigma":0.5027434430610832,"Taucorr":0.7048734646848602},"Iteration":25},
{"Acceptance":[0.16260504201680673],"Energy":{"Mean":-7.116862937415189,"Sigma":0.13923189456815988,"Taucorr":0.37237187396757887},"EnergyVariance":{"Mean":1.366629924893954,"Sigma":0.15351960656354477,"Taucorr":0.06500158300222458},"Iteration":26},
{"Acceptance":[0.1672268907563025],"Energy":{"Mean":-7.177376307259008,"Sigma":0.1362524613221867,"Taucorr":0.40231275417780377},"EnergyVariance":{"Mean":1.2653385287079604,"Sigma":0.17926712285782492,"Taucorr":0.01400492029010647},"Iteration":27},
{"Acceptance":[0.13445378151260504],"Energy":{"Mean":-7.353296925539148,"Sigma":0.12814318404594546,"Taucorr":0.29791527537687346},"EnergyVariance":{"Mean":1.2656375703487401,"Sigma":0.2251615911761958,"Taucorr":0.13073249838246204},"Iteration":28},
{"Acceptance":[0.1369747899159664],"Energy":{"Mean":-7.424892779928825,"Sigma":0.12982429992164315,"Taucorr":0.2131487289495414},"EnergyVariance":{"Mean":1.4534730445509114,"Sigma":0.2849813975741366,"Taucorr":0.043007172112193404},"Iteration":29},
{"Acceptance":[0.1361344537815126],"Energy":{"Mean":-7.39603054509979,"Sigma":0.11484337347639834,"Taucorr":0.2094931818398399},"EnergyVariance":{"Mean":1.143243581890589,"Sigma":0.2373552563512656,"Taucorr":0.18544594785826807},"Iteration":30},
{"Acceptance":[0.12352941176470589],"Energy":{"Mean":-7.528543206357404,"Sigma":0.10770491441021143,"Taucorr":0.34901312486025726},"EnergyVariance":{"Mean":0.840294946307514,"Sigma":0.1435675134128286,"Taucorr":0.32602684303991103},"Iteration":31},
{"Acceptance":[0.09873949579831932],"Energy":{"Mean":-7.633379976918051,"Sigma":0.14726621165455234,"Taucorr":0.8451337900122702},"EnergyVariance":{"Mean":0.991552841249689,"Sigma":0.37977362167705564,"Taucorr":0.9082099819570961},"Iteration":32},
{"Acceptance":[0.10546218487394958],"Energy":{"Mean":-7.696530282547314,"Sigma":0.10468157211689222,"Taucorr":0.30838992193601666},"EnergyVariance":{"Mean":0.8336710063741779,"Sigma":0.20208568426067217,"Taucorr":0.2011949303708659},"Iteration":33},
{"Acceptance":[0.10084033613445378],"Energy":{"Mean":-7.910355646871707,"Sigma":0.06627856354684039,"Taucorr":0.22460397985468228},"EnergyVariance":{"Mean":0.3728383484491517,"Sigma":0.0820655837858754,"Taucorr":-0.016946971784022435},"Iteration":34},
{"Acceptance":[0.10882352941176471],"Energy":{"Mean":-7.793571829443936,"Sigma":0.08539764344650048,"Taucorr":0.3051960594050681},"EnergyVariance":{"Mean":0.5570128931873384,"Sigma":0.1214471275988061,"Taucorr":0.2347910964609381},"Iteration":35},
{"Acceptance":[0.10420168067226891],"Energy":{"Mean":-7.803986878774486,"Sigma":0.09179630154654128,"Taucorr":0.39256684536778474},"EnergyVariance":{"Mean":0.5806102958152201,"Sigma":0.1502354363045658,"Taucorr":0.33518040986781483},"Iteration":36},
{"Acceptance":[0.08781512605042016],"Energy":{"Mean":-7.975647332555207,"Sigma":0.06068888076589095,"Taucorr":0.24629570205907947},"EnergyVariance":{"Mean":0.3035165882169115,"Sigma":0.08331397608876769,"Taucorr":0.02012619378568936},"Iteration":37},
{"Acceptance":[0.09243697478991597],"Energy":{"Mean":-7.9777298373896395,"Sigma":0.058329023043353495,"Taucorr":0.08260421206408153},"EnergyVariance":{"Mean":0.3591458898039979,"Sigma":0.1044490557162531,"Taucorr":0.06547193017519026},"Iteration":38},
{"Acceptance":[0.08949579831932773],"Energy":{"Mean":-7.913594153065131,"Sigma":0.08171123007376252,"Taucorr":0.41881844923324074},"EnergyVariance":{"Mean":0.44689850887621546,"Sigma":0.13229178544416467,"Taucorr":0.13025574525430705},"Iteration":39},
{"Acceptance":[0.07773109243697479],"Energy":{"Mean":-7.832566584558744,"Sigma":0.1085650960412201,"Taucorr":0.4269672528996694},"EnergyVariance":{"Mean":0.7819719332657753,"Sigma":0.25586588991677306,"Taucorr":0.3801522775220054},"Iteration":40},
{"Acceptance":[0.07563025210084033],"Energy":{"Mean":-7.966432963075858,"Sigma":0.0597239713171437,"Taucorr":0.10966348313009555},"EnergyVariance":{"Mean":0.35981750619543973,"Sigma":0.09726628247021586,"Taucorr":-0.04261967672231087},"Iteration":41},
{"Acceptance":[0.08361344537815125],"Energy":{"Mean":-7.979225957035036,"Sigma":0.10429268316368287,"Taucorr":0.7508183859135038},"EnergyVariance":{"Mean":0.534796481139428,"Sigma":0.35832014326623896,"Taucorr":0.6140702905199831},"Iteration":42},
{"Acceptance":[0.06638655462184874],"Energy":{"Mean":-8.044838124304883,"Sigma":0.04145048600053409,"Taucorr":0.061915007766641494},"EnergyVariance":{"Mean":0.18804584341913702,"Sigma":0.05164642084205388,"Taucorr":0.05001631804145357},"Iteration":43},
{"Acceptance":[0.07058823529411765],"Energy":{"Mean":-8.046360415122264,"Sigma":0.0576776592777012,"Taucorr":0.15417545022565993},"EnergyVariance":{"Mean":0.3127491428856469,"Sigma":0.1397687400959957,"Taucorr":-0.00036072283428656426},"Iteration":44},
{"Acceptance":[0.07899159663865546],"Energy":{"Mean":-8.097615360329945,"Sigma":0.04859953372307054,"Taucorr":0.3417556367788933},"EnergyVariance":{"Mean":0.17256522719466758,"Sigma":0.11440223681701872,"Taucorr":0.4822633706393564},"Iteration":45},
{"Acceptance":[0.08529411764705883],"Energy":{"Mean":-8.130948475658753,"Sigma":0.035059625745596616,"Taucorr":0.6819196655609114},"EnergyVariance":{"Mean":0.06395900642327879,"Sigma":0.025730017165300028,"Taucorr":0.6912158840773381},"Iteration":46},
{"Acceptance":[0.07815126050420168],"Energy":{"Mean":-7.916347594125697,"Sigma":0.09297488603076053,"Taucorr":0.17709010254320634},"EnergyVariance":{"Mean":0.7851632420822459,"Sigma":0.3710486071631527,"Taucorr":0.014958818447745603},"Iteration":47},
{"Acceptance":[0.07605042016806722],"Energy":{"Mean":-8.077087223668821,"Sigma":0.047085572845080706,"Taucorr":-0.025529842154855487},"EnergyVariance":{"Mean":0.2873703323796584,"Sigma":0.10953174762117386,"Taucorr":-0.044415778423922914},"Iteration":48},
{"Acceptance":[0.07899159663865546],"Energy":{"Mean":-8.027281990097249,"Sigma":0.08609170635845101,"Taucorr":0.5251145311998171},"EnergyVariance":{"Mean":0.4446572292216388,"Sigma":0.26299330916935065,"Taucorr":0.12064774956037805},"Iteration":49} 
]}