{"Output": [
{"Acceptance":[0.8714285714285714],"Energy":{"Mean":-155.3306451612903,"Sigma":0.8132295811866166,"Taucorr":0.032372072355062675},"EnergyVariance":{"Mean":76.39873829344432,"Sigma":9.498223678449625,"Taucorr":-0.0037616457745940357},"Iteration":0},
{"Acceptance":[0.8368347338935574],"Energy":{"Mean":-155.67741935483875,"Sigma":0.90356176547623,"Taucorr":0.027403417878553715},"EnergyVariance":{"Mean":95.20239334027055,"Sigma":16.463265867744308,"Taucorr":0.0013192000185401342},"Iteration":1},
{"Acceptance":[0.7977591036414566],"Energy":{"Mean":-157.4516129032258,"Sigma":0.9327825291128179,"Taucorr":0.21433547490883775},"EnergyVariance":{"Mean":74.90894901144641,"Sigma":7.646011644758494,"Taucorr":-0.09560404885647661},"Iteration":2},
{"Acceptance":[0.7502801120448179],"Energy":{"Mean":-159.83064516129033,"Sigma":1.1080950364393276,"Taucorr":0.31797929246070444},"EnergyVariance":{"Mean":92.31809313215402,"Sigma":11.651340383437486,"Taucorr":0.11143112765895313},"Iteration":3},
{"Acceptance":[0.6529411764705882],"Energy":{"Mean":-163.96774193548387,"Sigma":0.9273141595318513,"Taucorr":0.1480008989021928},"EnergyVariance":{"Mean":81.61186264308013,"Sigma":11.14745808461027,"Taucorr":0.19426739541552474},"Iteration":4},
{"Acceptance":[0.596218487394958],"Energy":{"Mean":-167.81451612903226,"Sigma":0.9532744743138912,"Taucorr":0.2272731119711774},"EnergyVariance":{"Mean":76.84462799167532,"Sigma":8.451744149872292,"Taucorr":-0.08944910289022429},"Iteration":5},
{"Acceptance":[0.48445378151260504],"Energy":{"Mean":-175.4032258064516,"Sigma":0.9356066845597318,"Taucorr":0.22576771190987988},"EnergyVariance":{"Mean":74.17611862643079,"Sigma":9.923844715260556,"Taucorr":-0.048017868497106875},"Iteration":6},
{"Acceptance":[0.4282913165266106],"Energy":{"Mean":-177.1290322580645,"Sigma":0.7551677667110083,"Taucorr":0.13786798103673348},"EnergyVariance":{"Mean":54.983350676378784,"Sigma":5.994538963025683,"Taucorr":-0.1175785089673802},"Iteration":7},
{"Acceptance":[0.3753501400560224],"Energy":{"Mean":-181.92741935483875,"Sigma":0.7863240963245569,"Taucorr":0.16445433645435437},"EnergyVariance":{"Mean":57.228603017689906,"Sigma":7.460392977083531,"Taucorr":0.08481864857302912},"Iteration":8},
{"Acceptance":[0.3404761904761905],"Energy":{"Mean":-185.6290322580645,"Sigma":0.8733564416427364,"Taucorr":0.36727280379001015},"EnergyVariance":{"Mean":54.0881893860562,"Sigma":5.741748796372523,"Taucorr":-0.02384287394852236},"Iteration":9},
{"Acceptance":[0.2822128851540616],"Energy":{"Mean":-188.3951612903226,"Sigma":0.7945356215875761,"Taucorr":0.28642256512133624},"EnergyVariance":{"Mean":49.368041103017696,"Sigma":6.9481797592399905,"Taucorr":-0.07305238439934375},"Iteration":10},
{"Acceptance":[0.24831932773109244],"Energy":{"Mean":-192.86290322580646,"Sigma":0.6987737636789929,"Taucorr":0.4746092455510459},"EnergyVariance":{"Mean":30.811849635796047,"Sigma":3.319987681493858,"Taucorr":-0.027823661434340896},"Iteration":11},
{"Acceptance":[0.2218487394957983],"Energy":{"Mean":-192.56451612903226,"Sigma":0.6697142447454615,"Taucorr":0.22828780625175937},"EnergyVariance":{"Mean":37.87486992715921,"Sigma":4.503896077137819,"Taucorr":-0.017599835092440008},"Iteration":12},
{"Acceptance":[0.19747899159663865],"Energy":{"Mean":-196.50806451612905,"Sigma":0.3725247828531026,"Taucorr":0.05033822462476856},"EnergyVariance":{"Mean":15.507999479708635,"Sigma":2.2914523211446554,"Taucorr":-0.007352426596501593},"Iteration":13},
{"Acceptance":[0.17282913165266106],"Energy":{"Mean":-197.52419354838707,"Sigma":0.4658145309518862,"Taucorr":0.34729913322844863},"EnergyVariance":{"Mean":15.749414672216442,"Sigma":2.1119181924893993,"Taucorr":0.24996532011909767},"Iteration":14},
{"Acceptance":[0.15098039215686274],"Energy":{"Mean":-197.79032258064512,"Sigma":0.49311070620541253,"Taucorr":0.4756784968684732},"EnergyVariance":{"Mean":15.327003121748175,"Sigma":2.900226978469243,"Taucorr":0.13200508128400246},"Iteration":15},
{"Acceptance":[0.15602240896358543],"Energy":{"Mean":-199.30645161290323,"Sigma":0.45299328210430845,"Taucorr":0.4246745325276853},"EnergyVariance":{"Mean":13.64802289281998,"Sigma":2.7707573509342365,"Taucorr":0.4617876297422796},"Iteration":16},
{"Acceptance":[0.14411764705882352],"Energy":{"Mean":-199.84677419354836,"Sigma":0.3519678587161025,"Taucorr":0.18157207272727083},"EnergyVariance":{"Mean":11.17813475546306,"Sigma":1.6143989503785972,"Taucorr":0.16287031831950272},"Iteration":17},
{"Acceptance":[0.13165266106442577],"Energy":{"Mean":-200.2741935483871,"Sigma":0.4006639044669466,"Taucorr":0.309302561149851},"EnergyVariance":{"Mean":12.199011446409989,"Sigma":1.876710001585165,"Taucorr":0.08573815643537175},"Iteration":18},
{"Acceptance":[0.11078431372549019],"Energy":{"Mean":-201.2903225806452,"Sigma":0.3439368796400758,"Taucorr":0.2986370516335387},"EnergyVariance":{"Mean":9.109261186264307,"Sigma":1.6137082778774126,"Taucorr":-0.004157806393098318},"Iteration":19},
{"Acceptance":[0.1092436974789916],"Energy":{"Mean":-201.70967741935482,"Sigma":0.3078491055699335,"Taucorr":0.4490194002033203},"EnergyVariance":{"Mean":6.141519250780439,"Sigma":1.2165836705908855,"Taucorr":0.019239343597278413},"Iteration":20},
{"Acceptance":[0.09971988795518208],"Energy":{"Mean":-201.4677419354839,"Sigma":0.37275167140172283,"Taucorr":0.45041086774109385},"EnergyVariance":{"Mean":8.990894901144639,"Sigma":1.9493645717895427,"Taucorr":0.3041933228725838},"Iteration":21},
{"Acceptance":[0.09299719887955182],"Energy":{"Mean":-202.73387096774192,"Sigma":0.26713722357473174,"Taucorr":0.23719289046199},"EnergyVariance":{"Mean":5.953368886576483,"Sigma":1.2087774537261944,"Taucorr":0.17713618578676937},"Iteration":22},
{"Acceptance":[0.0830532212885154],"Energy":{"Mean":-203.19354838709677,"Sigma":0.21524856768326806,"Taucorr":0.4028313550939686},"EnergyVariance":{"Mean":3.1560874089490114,"Sigma":0.5413855688557762,"Taucorr":0.2804234977865214},"Iteration":23},
{"Acceptance":[0.0892156862745098],"Energy":{"Mean":-203.258064516129,"Sigma":0.3055234955169064,"Taucorr":0.5172978517425815},"EnergyVariance":{"Mean":5.643080124869927,"Sigma":1.946019167409439,"Taucorr":0.4865799900192027},"Iteration":24},
{"Acceptance":[0.07647058823529412],"Energy":{"Mean":-203.6209677419355,"Sigma":0.22386841125248572,"Taucorr":0.29427321635074966},"EnergyVariance":{"Mean":3.8805280957336117,"Sigma":0.9332795287754596,"Taucorr":0.09080301796656354},"Iteration":25},
{"Acceptance":[0.07717086834733894],"Energy":{"Mean":-203.7016129032258,"Sigma":0.2360117077350156,"Taucorr":0.4116236002699928},"EnergyVariance":{"Mean":3.757739334027055,"Sigma":0.7948310376121535,"Taucorr":0.4969472282238786},"Iteration":26},
{"Acceptance":[0.07072829131652661],"Energy":{"Mean":-203.86290322580646,"Sigma":0.1875989737622318,"Taucorr":0.05835612301394355},"EnergyVariance":{"Mean":3.8763657648283036,"Sigma":1.167252757151978,"Taucorr":-0.02698123764195126},"Iteration":27},
{"Acceptance":[0.0634453781512605],"Energy":{"Mean":-204.1774193548387,"Sigma":0.20086959753362213,"Taucorr":0.49870694168149754},"EnergyVariance":{"Mean":2.48465140478668,"Sigma":0.6331178873065021,"Taucorr":0.3708940569331428},"Iteration":28},
{"Acceptance":[0.06400560224089635],"Energy":{"Mean":-203.74193548387095,"Sigma":0.2562351152161971,"Taucorr":0.414109246171967},"EnergyVariance":{"Mean":4.417273673257023,"Sigma":1.082112426829479,"Taucorr":0.4103923228693278},"Iteration":29} 
]}