{"Output": [
{"Acceptance":[0.7412405114745986],"Energy":{"Mean":-2532.216733870968,"Sigma":1.0597102602171913,"Taucorr":-0.012935923371845126},"EnergyVariance":{"Mean":1142.435889332401,"Sigma":50.93916578529594,"Taucorr":-0.026041941094780086},"Iteration":0},
{"Acceptance":[0.5931046366745314],"Energy":{"Mean":-2576.6975806451615,"Sigma":1.6558260432593355,"Taucorr":0.5890369210684059},"EnergyVariance":{"Mean":1247.4710425338187,"Sigma":56.046826936204525,"Taucorr":0.015906671561292107},"Iteration":1},
{"Acceptance":[0.4663096595176869],"Energy":{"Mean":-2640.0211693548385,"Sigma":1.1306630048022068,"Taucorr":0.082421044251615},"EnergyVariance":{"Mean":1087.6094308906738,"Sigma":43.054530267368236,"Taucorr":-0.10644806668167134},"Iteration":2},
{"Acceptance":[0.3707130422487916],"Energy":{"Mean":-2693.5856854838717,"Sigma":1.4376336483438685,"Taucorr":0.6712511691745138},"EnergyVariance":{"Mean":874.3595934817245,"Sigma":42.9031521049179,"Taucorr":0.019963740564362786},"Iteration":3},
{"Acceptance":[0.30145895743308326],"Energy":{"Mean":-2733.570564516129,"Sigma":1.2193124630391485,"Taucorr":0.7293776791275388},"EnergyVariance":{"Mean":599.2228432297085,"Sigma":25.324045178945614,"Taucorr":-0.10909807895264195},"Iteration":4},
{"Acceptance":[0.2406175163260076],"Energy":{"Mean":-2767.3407258064512,"Sigma":0.8289970616796911,"Taucorr":0.3088088227821516},"EnergyVariance":{"Mean":421.0210026990115,"Sigma":21.650491564996525,"Taucorr":0.10682057005972179},"Iteration":5},
{"Acceptance":[0.20110813605153627],"Energy":{"Mean":-2790.988911290322,"Sigma":0.8791622255823631,"Taucorr":0.7065089064973502},"EnergyVariance":{"Mean":317.432336717937,"Sigma":19.727165493404872,"Taucorr":0.5685509195897862},"Iteration":6},
{"Acceptance":[0.17107623516520418],"Energy":{"Mean":-2811.2953629032254,"Sigma":0.6082514606312202,"Taucorr":0.30962506170345083},"EnergyVariance":{"Mean":226.42586559410768,"Sigma":11.314780197514116,"Taucorr":0.041282145063162856},"Iteration":7},
{"Acceptance":[0.15072064190592332],"Energy":{"Mean":-2822.1854838709673,"Sigma":0.8406728229739507,"Taucorr":1.1517547325964805},"EnergyVariance":{"Mean":212.00793444328826,"Sigma":13.540178173449709,"Taucorr":0.4461791059059472},"Iteration":8},
{"Acceptance":[0.12211146752913939],"Energy":{"Mean":-2840.0816532258063,"Sigma":0.7109480087834636,"Taucorr":0.9175951127397313},"EnergyVariance":{"Mean":176.67176017007026,"Sigma":8.071151519046861,"Taucorr":0.05053194754436263},"Iteration":9},
{"Acceptance":[0.10398716895098221],"Energy":{"Mean":-2850.568548387097,"Sigma":0.5515462352814419,"Taucorr":0.6973130718659422},"EnergyVariance":{"Mean":125.89247853798126,"Sigma":5.1030642173109255,"Taucorr":-0.04221036855809096},"Iteration":10},
{"Acceptance":[0.08778929508761697],"Energy":{"Mean":-2860.379032258065,"Sigma":0.5075532928930906,"Taucorr":0.7706250944113544},"EnergyVariance":{"Mean":100.45915712799167,"Sigma":5.400936886663866,"Taucorr":0.16831159032512555},"Iteration":11},
{"Acceptance":[0.07705257018636834],"Energy":{"Mean":-2867.568548387097,"Sigma":0.46927260150017397,"Taucorr":0.8687392849866848},"EnergyVariance":{"Mean":79.72110757023933,"Sigma":5.1791636230433085,"Taucorr":0.3285388592114189},"Iteration":12},
{"Acceptance":[0.06908176700865123],"Energy":{"Mean":-2871.438508064517,"Sigma":0.44963602521658846,"Taucorr":1.0395951063201354},"EnergyVariance":{"Mean":65.06678325799948,"Sigma":4.0378649080144084,"Taucorr":0.27430006913498794},"Iteration":13},
{"Acceptance":[0.0591447734683598],"Energy":{"Mean":-2877.716733870968,"Sigma":0.5430901777056568,"Taucorr":2.201901949375419},"EnergyVariance":{"Mean":54.09012320336888,"Sigma":3.0128450678011442,"Taucorr":0.1886818595270897},"Iteration":14},
{"Acceptance":[0.04890290996173661],"Energy":{"Mean":-2882.024193548387,"Sigma":0.3874466384884894,"Taucorr":1.1054788633076273},"EnergyVariance":{"Mean":46.330059833506766,"Sigma":3.229287676275918,"Taucorr":0.34872558166826917},"Iteration":15},
{"Acceptance":[0.04243878299444165],"Energy":{"Mean":-2885.5997983870966,"Sigma":0.28427073798708274,"Taucorr":0.5956863127090672},"EnergyVariance":{"Mean":36.544475765803845,"Sigma":3.4531739666448864,"Taucorr":0.5951445488157789},"Iteration":16},
{"Acceptance":[0.03703065489603492],"Energy":{"Mean":-2887.8114919354834,"Sigma":0.34503207842994055,"Taucorr":1.2690427675485307},"EnergyVariance":{"Mean":33.344505032193034,"Sigma":2.487583152612685,"Taucorr":0.4282758278435126},"Iteration":17},
{"Acceptance":[0.033761034967259615],"Energy":{"Mean":-2889.6633064516127,"Sigma":0.29585620206392976,"Taucorr":1.2558514823152838},"EnergyVariance":{"Mean":24.701153583506766,"Sigma":2.0125345493904874,"Taucorr":0.6322900297144667},"Iteration":18},
{"Acceptance":[0.029059851718317823],"Energy":{"Mean":-2891.178427419355,"Sigma":0.3081354946943373,"Taucorr":1.881684597005152},"EnergyVariance":{"Mean":19.753445914086896,"Sigma":2.2193083305489965,"Taucorr":1.6589739274944888},"Iteration":19},
{"Acceptance":[0.025489780228519922],"Energy":{"Mean":-2892.4304435483873,"Sigma":0.19969687671195385,"Taucorr":0.6224681663064355},"EnergyVariance":{"Mean":17.60403286778095,"Sigma":1.5839161346271826,"Taucorr":0.3450204326924091},"Iteration":20},
{"Acceptance":[0.023231975115541297],"Energy":{"Mean":-2894.1481854838707,"Sigma":0.17309087129841075,"Taucorr":0.8576422393173699},"EnergyVariance":{"Mean":10.934694288176377,"Sigma":1.084304472021591,"Taucorr":0.522871304671511},"Iteration":21},
{"Acceptance":[0.02165902282548183],"Energy":{"Mean":-2894.2883064516127,"Sigma":0.2062566677676529,"Taucorr":0.8136971462392049},"EnergyVariance":{"Mean":16.045911648022894,"Sigma":1.819499027392652,"Taucorr":0.3899564975432578},"Iteration":22},
{"Acceptance":[0.01924657352668275],"Energy":{"Mean":-2895.0957661290327,"Sigma":0.19131938509982901,"Taucorr":1.0073636270347215},"EnergyVariance":{"Mean":12.032159493691465,"Sigma":1.7330618225634256,"Taucorr":0.7224613184814357},"Iteration":23},
{"Acceptance":[0.018672180836492493],"Energy":{"Mean":-2895.5493951612902,"Sigma":0.18969245829259165,"Taucorr":1.3119047301863878},"EnergyVariance":{"Mean":9.840302053524972,"Sigma":1.1213832412108005,"Taucorr":0.6846281008916633},"Iteration":24},
{"Acceptance":[0.017435027349928862],"Energy":{"Mean":-2896.1885080645166,"Sigma":0.13972782706548065,"Taucorr":0.3208081473459269},"EnergyVariance":{"Mean":11.786037290257543,"Sigma":1.6199840426455563,"Taucorr":0.23527601314256263},"Iteration":25},
{"Acceptance":[0.016228802700529326],"Energy":{"Mean":-2896.884072580645,"Sigma":0.1873610234745009,"Taucorr":1.3715374954629322},"EnergyVariance":{"Mean":9.294020510861081,"Sigma":1.0148288678519688,"Taucorr":0.44635673904799966},"Iteration":26},
{"Acceptance":[0.015636736389102446],"Energy":{"Mean":-2897.653225806452,"Sigma":0.1775729799821094,"Taucorr":1.4484297993136317},"EnergyVariance":{"Mean":8.018860561914675,"Sigma":0.6195116799156816,"Taucorr":0.1792414633049385},"Iteration":27},
{"Acceptance":[0.014598411141450827],"Energy":{"Mean":-2897.900201612903,"Sigma":0.1882289780417603,"Taucorr":1.699687942316047},"EnergyVariance":{"Mean":7.98096770128772,"Sigma":0.7278979383956488,"Taucorr":0.7153194236140614},"Iteration":28},
{"Acceptance":[0.012018062440903829],"Energy":{"Mean":-2898.7782258064512,"Sigma":0.24479354625812885,"Taucorr":3.1684487770794254},"EnergyVariance":{"Mean":8.093961368366283,"Sigma":0.8906279722724827,"Taucorr":0.8735587225795856},"Iteration":29},
{"Acceptance":[0.010202097858840787],"Energy":{"Mean":-2899.4606854838707,"Sigma":0.19639501216200292,"Taucorr":2.245113555284114},"EnergyVariance":{"Mean":6.962164046240895,"Sigma":0.6358146397067099,"Taucorr":0.5306352192706945},"Iteration":30},
{"Acceptance":[0.009897227892509035],"Energy":{"Mean":-2899.71875,"Sigma":0.16905214885431974,"Taucorr":1.442792931017636},"EnergyVariance":{"Mean":7.288841985887097,"Sigma":0.8410729708456257,"Taucorr":0.13272457372589408},"Iteration":31},
{"Acceptance":[0.00903563885722365],"Energy":{"Mean":-2900.087701612902,"Sigma":0.1879163128835869,"Taucorr":2.2466954918912023},"EnergyVariance":{"Mean":6.370332620642559,"Sigma":0.7910455503984836,"Taucorr":0.4235978274893464},"Iteration":32},
{"Acceptance":[0.007723372480404373],"Energy":{"Mean":-2900.4415322580644,"Sigma":0.16852796732816253,"Taucorr":2.7177240487305183},"EnergyVariance":{"Mean":4.3735976521852225,"Sigma":0.41920597808576093,"Taucorr":0.6889495775559507},"Iteration":33},
{"Acceptance":[0.006764578528317559],"Energy":{"Mean":-2900.6905241935474,"Sigma":0.19176026326951193,"Taucorr":3.482987488911946},"EnergyVariance":{"Mean":4.57458762844693,"Sigma":0.7702349267338924,"Taucorr":0.583445969318974},"Iteration":34},
{"Acceptance":[0.0053197599922236065],"Energy":{"Mean":-2901.1239919354834,"Sigma":0.09225378484226038,"Taucorr":0.7098464460713612},"EnergyVariance":{"Mean":3.4856340644510926,"Sigma":0.4896482586142225,"Taucorr":-0.060316376499241986},"Iteration":35},
{"Acceptance":[0.0045465390631213385],"Energy":{"Mean":-2901.2631048387098,"Sigma":0.10732550026570492,"Taucorr":1.1074266967855284},"EnergyVariance":{"Mean":3.550735521266909,"Sigma":1.095944833793422,"Taucorr":0.08371127087367525},"Iteration":36},
{"Acceptance":[0.004665836006468546],"Energy":{"Mean":-2901.2187500000005,"Sigma":0.16326330241046577,"Taucorr":2.7807670738348595},"EnergyVariance":{"Mean":4.025737147177419,"Sigma":0.9631798777830488,"Taucorr":1.1194537159116766},"Iteration":37},
{"Acceptance":[0.0036893684331451094],"Energy":{"Mean":-2901.416330645161,"Sigma":0.08784478796409899,"Taucorr":0.9593914067982441},"EnergyVariance":{"Mean":2.620015568093132,"Sigma":0.5681188308555496,"Taucorr":0.8142838329804571},"Iteration":38},
{"Acceptance":[0.003790991755255693],"Energy":{"Mean":-2901.4616935483873,"Sigma":0.1226399319877701,"Taucorr":2.862667304306899},"EnergyVariance":{"Mean":2.2162745512486994,"Sigma":0.37792950894985855,"Taucorr":0.6139132379019159},"Iteration":39},
{"Acceptance":[0.00318125182259219],"Energy":{"Mean":-2901.716733870968,"Sigma":0.06379596375423853,"Taucorr":0.7277598672424015},"EnergyVariance":{"Mean":1.6425425582075963,"Sigma":0.43942126231938444,"Taucorr":0.4246447047295152},"Iteration":40},
{"Acceptance":[0.004038422452568419],"Energy":{"Mean":-2901.443548387097,"Sigma":0.14835157285742268,"Taucorr":4.089969278375993},"EnergyVariance":{"Mean":2.3758454734651404,"Sigma":0.5972400911784689,"Taucorr":1.539152091234441},"Iteration":41},
{"Acceptance":[0.003092883716409074],"Energy":{"Mean":-2901.8487903225805,"Sigma":0.03218026572691402,"Taucorr":-0.06394105827956509},"EnergyVariance":{"Mean":1.176732407648283,"Sigma":0.2677703646917056,"Taucorr":-0.025558103944098687},"Iteration":42},
{"Acceptance":[0.003393335277431669],"Energy":{"Mean":-2901.740927419355,"Sigma":0.0631883057881624,"Taucorr":0.57573258084674},"EnergyVariance":{"Mean":1.8391313979578565,"Sigma":0.4487375690244668,"Taucorr":-0.031247223133948454},"Iteration":43},
{"Acceptance":[0.0026068591324019336],"Energy":{"Mean":-2901.8770161290327,"Sigma":0.04749114509357131,"Taucorr":0.1822260932002554},"EnergyVariance":{"Mean":1.6381007739334026,"Sigma":0.42737730222547765,"Taucorr":0.1324046790448311},"Iteration":44},
{"Acceptance":[0.0029691683677527106],"Energy":{"Mean":-2901.917338709677,"Sigma":0.06465616103458399,"Taucorr":0.7535378338955256},"EnergyVariance":{"Mean":1.652441304630593,"Sigma":0.5374048233546843,"Taucorr":0.5297065680860822},"Iteration":45},
{"Acceptance":[0.003225435875683748],"Energy":{"Mean":-2901.956653225807,"Sigma":0.04818787392281867,"Taucorr":0.46962585462194717},"EnergyVariance":{"Mean":1.1866291216831426,"Sigma":0.25758154529822463,"Taucorr":0.3122144832331649},"Iteration":46},
{"Acceptance":[0.0034861217889239414],"Energy":{"Mean":-2901.957661290322,"Sigma":0.07931616632424052,"Taucorr":1.072701349197991},"EnergyVariance":{"Mean":1.9820784014047874,"Sigma":0.6323433012950639,"Taucorr":0.9472431290933745},"Iteration":47},
{"Acceptance":[0.0036451843800535512],"Energy":{"Mean":-2902.060483870968,"Sigma":0.07270421455398832,"Taucorr":0.6149347299227332},"EnergyVariance":{"Mean":2.3491642819979193,"Sigma":0.9450320901680407,"Taucorr":0.9646871885531156},"Iteration":48},
{"Acceptance":[0.003927962319839524],"Energy":{"Mean":-2902.256048387097,"Sigma":0.056059626976936325,"Taucorr":0.584056540771503},"EnergyVariance":{"Mean":1.4364553524973986,"Sigma":0.2236798911715259,"Taucorr":0.12760945901164022},"Iteration":49} 
]}