{"Output": [
{"Acceptance":[0.8690633869441816],"Energy":{"Mean":-1429.2580645161288,"Sigma":2.5088950324260737,"Taucorr":0.09723822496995937},"EnergyVariance":{"Mean":648.175338189386,"Sigma":80.00852232233356,"Taucorr":-0.0049643599418846},"Iteration":0},
{"Acceptance":[0.8373226111636708],"Energy":{"Mean":-1436.3467741935488,"Sigma":2.191217729256961,"Taucorr":-0.05609794417925018},"EnergyVariance":{"Mean":665.210392819979,"Sigma":90.69395590120504,"Taucorr":0.10328238026900194},"Iteration":1},
{"Acceptance":[0.7604068117313151],"Energy":{"Mean":-1437.1451612903224,"Sigma":2.8158006127087,"Taucorr":0.12057288933547616},"EnergyVariance":{"Mean":785.7531217481791,"Sigma":82.27944623142572,"Taucorr":-0.05513577666257724},"Iteration":2},
{"Acceptance":[0.507190160832545],"Energy":{"Mean":-1464.3306451612905,"Sigma":2.065896505932073,"Taucorr":-0.032954286784898035},"EnergyVariance":{"Mean":561.9955124869927,"Sigma":71.15747810442359,"Taucorr":0.1329064496781437},"Iteration":3},
{"Acceptance":[0.37469252601702935],"Energy":{"Mean":-1494.0967741935488,"Sigma":1.9750349601967325,"Taucorr":0.10453425041890352},"EnergyVariance":{"Mean":396.8293444328824,"Sigma":74.43735351458331,"Taucorr":0.06383251941410972},"Iteration":4},
{"Acceptance":[0.2625354777672658],"Energy":{"Mean":-1524.7661290322578,"Sigma":2.355927535872809,"Taucorr":0.5100966239636735},"EnergyVariance":{"Mean":337.93723985431836,"Sigma":34.56466068820397,"Taucorr":-0.0819478904822179},"Iteration":5},
{"Acceptance":[0.17052980132450332],"Energy":{"Mean":-1546.1532258064517,"Sigma":1.1619920221717106,"Taucorr":-0.011954874371360225},"EnergyVariance":{"Mean":170.14587669094695,"Sigma":22.614206976363956,"Taucorr":-0.07557247643331116},"Iteration":6},
{"Acceptance":[0.11613055818353832],"Energy":{"Mean":-1562.040322580645,"Sigma":0.9242184124711822,"Taucorr":-0.07034095255218098},"EnergyVariance":{"Mean":122.26450312174816,"Sigma":13.109851163143588,"Taucorr":-0.039875230956445906},"Iteration":7},
{"Acceptance":[0.09162724692526017],"Energy":{"Mean":-1575.8548387096776,"Sigma":0.9219379858051614,"Taucorr":0.3608759869928997},"EnergyVariance":{"Mean":60.720863683662856,"Sigma":7.045315385940644,"Taucorr":-0.03051938359877171},"Iteration":8},
{"Acceptance":[0.07204351939451277],"Energy":{"Mean":-1582.766129032258,"Sigma":0.9089559977780235,"Taucorr":0.2801435117644342},"EnergyVariance":{"Mean":65.13078824141519,"Sigma":8.564557030314747,"Taucorr":0.06327640841127846},"Iteration":9},
{"Acceptance":[0.054493850520340587],"Energy":{"Mean":-1587.1209677419356,"Sigma":0.7462154485564086,"Taucorr":0.32886765573964283},"EnergyVariance":{"Mean":41.31601196670136,"Sigma":4.926642141911604,"Taucorr":0.07587929423700601},"Iteration":10},
{"Acceptance":[0.040066225165562915],"Energy":{"Mean":-1592.7177419354834,"Sigma":0.5666281535952441,"Taucorr":0.16118836116875834},"EnergyVariance":{"Mean":29.863878772112383,"Sigma":3.7056064924708334,"Taucorr":0.036769192027664044},"Iteration":11},
{"Acceptance":[0.024976348155156102],"Energy":{"Mean":-1597.3145161290329,"Sigma":0.5897839660453984,"Taucorr":0.3729513830834804},"EnergyVariance":{"Mean":24.505918314255986,"Sigma":7.329818484211746,"Taucorr":0.3778797217161498},"Iteration":12},
{"Acceptance":[0.01731315042573321],"Energy":{"Mean":-1599.532258064516,"Sigma":0.4678855915844631,"Taucorr":0.49915583914125206},"EnergyVariance":{"Mean":13.474765868886578,"Sigma":2.596768671983853,"Taucorr":0.13845599097504913},"Iteration":13},
{"Acceptance":[0.011825922421948912],"Energy":{"Mean":-1601.4032258064515,"Sigma":0.21586205625964125,"Taucorr":0.09239983866632018},"EnergyVariance":{"Mean":4.837408949011446,"Sigma":0.8294737122723338,"Taucorr":0.0887497987674003},"Iteration":14},
{"Acceptance":[0.008609271523178808],"Energy":{"Mean":-1601.9838709677417,"Sigma":0.21531905679529967,"Taucorr":0.49323289533305426},"EnergyVariance":{"Mean":2.870707596253903,"Sigma":0.8251412146797734,"Taucorr":0.42819344198429343},"Iteration":15},
{"Acceptance":[0.00728476821192053],"Energy":{"Mean":-1602.427419354839,"Sigma":0.1898618443618998,"Taucorr":0.1447765146499741},"EnergyVariance":{"Mean":3.438280437044745,"Sigma":1.4796787229824573,"Taucorr":-0.0199804653843339},"Iteration":16},
{"Acceptance":[0.007663197729422895],"Energy":{"Mean":-1602.959677419355,"Sigma":0.10440356343664965,"Taucorr":-0.0776175060444047},"EnergyVariance":{"Mean":1.5870837669094693,"Sigma":0.4754020773010298,"Taucorr":0.23159804492806768},"Iteration":17},
{"Acceptance":[0.005912961210974456],"Energy":{"Mean":-1603.0483870967741,"Sigma":0.15000867127208212,"Taucorr":0.36796377875671804},"EnergyVariance":{"Mean":1.5944328824141518,"Sigma":0.4661521618749118,"Taucorr":0.2492794635368102},"Iteration":18},
{"Acceptance":[0.005723746452223274],"Energy":{"Mean":-1603.3064516129036,"Sigma":0.14833741571313233,"Taucorr":0.40044573307943787},"EnergyVariance":{"Mean":1.5028616024973982,"Sigma":0.4308540705340318,"Taucorr":0.2651801745376686},"Iteration":19},
{"Acceptance":[0.005439924314096499],"Energy":{"Mean":-1603.733870967742,"Sigma":0.1843819536217268,"Taucorr":0.4594442952218585},"EnergyVariance":{"Mean":2.179175338189386,"Sigma":0.42578478629423266,"Taucorr":0.3913826586847452},"Iteration":20},
{"Acceptance":[0.009602649006622516],"Energy":{"Mean":-1604.2096774193549,"Sigma":0.19472091076854037,"Taucorr":0.19750408528518137},"EnergyVariance":{"Mean":3.343132154006243,"Sigma":0.8423932685452338,"Taucorr":-0.011748978401248167},"Iteration":21},
{"Acceptance":[0.008183538315988647],"Energy":{"Mean":-1605.0322580645163,"Sigma":0.1501531187501978,"Taucorr":0.22280987252505247},"EnergyVariance":{"Mean":1.918314255983351,"Sigma":0.18038892487996677,"Taucorr":0.1557907904405289},"Iteration":22},
{"Acceptance":[0.004541154210028382],"Energy":{"Mean":-1605.233870967742,"Sigma":0.19672571234242775,"Taucorr":0.14691449682699398},"EnergyVariance":{"Mean":3.6791753381893857,"Sigma":1.7339956490871347,"Taucorr":0.003376227568725354},"Iteration":23},
{"Acceptance":[0.0033112582781456954],"Energy":{"Mean":-1605.7903225806451,"Sigma":0.09979601115885264,"Taucorr":0.1748137002005833},"EnergyVariance":{"Mean":0.9076482830385016,"Sigma":0.32997918489993894,"Taucorr":0.10748219358526767},"Iteration":24},
{"Acceptance":[0.002601702932828761],"Energy":{"Mean":-1605.7903225806451,"Sigma":0.14623260589217116,"Taucorr":0.8755918367347171},"EnergyVariance":{"Mean":0.9560353798126949,"Sigma":0.5800300431590615,"Taucorr":0.9573754797874214},"Iteration":25},
{"Acceptance":[0.0032639545884579],"Energy":{"Mean":-1606.0483870967741,"Sigma":0.11442901426770191,"Taucorr":0.3781560283687868},"EnergyVariance":{"Mean":0.9170135275754422,"Sigma":0.3641167082458162,"Taucorr":0.30015447845941123},"Iteration":26},
{"Acceptance":[0.0024597918637653737],"Energy":{"Mean":-1605.967741935484,"Sigma":0.1060925845182728,"Taucorr":-0.09100830003076266},"EnergyVariance":{"Mean":1.6925078043704476,"Sigma":0.7072385970991326,"Taucorr":0.15318624094971411},"Iteration":27},
{"Acceptance":[0.0027909176915799434],"Energy":{"Mean":-1606.0483870967741,"Sigma":0.0670212560956838,"Taucorr":0.055096706743285484},"EnergyVariance":{"Mean":0.49765868886576486,"Sigma":0.20998429149972622,"Taucorr":-0.04569696033535259},"Iteration":28},
{"Acceptance":[0.0028855250709555347],"Energy":{"Mean":-1606.2177419354841,"Sigma":0.18648630476822955,"Taucorr":0.3107413159775789},"EnergyVariance":{"Mean":2.6380723204994796,"Sigma":0.8088381024131234,"Taucorr":0.2108818284570706},"Iteration":29},
{"Acceptance":[0.003547776726584674],"Energy":{"Mean":-1606.5161290322583,"Sigma":0.16797956699817368,"Taucorr":0.5010054021608839},"EnergyVariance":{"Mean":1.7336108220603537,"Sigma":0.48124125499444054,"Taucorr":0.4524246854259718},"Iteration":30},
{"Acceptance":[0.003784295175023652],"Energy":{"Mean":-1607.1290322580644,"Sigma":0.21962546556946566,"Taucorr":0.36768566428245475},"EnergyVariance":{"Mean":3.4188345473465143,"Sigma":0.5627501665274681,"Taucorr":0.3901734323195315},"Iteration":31},
{"Acceptance":[0.007426679280983917],"Energy":{"Mean":-1607.0887096774195,"Sigma":0.21952673530348094,"Taucorr":0.12077209137592693},"EnergyVariance":{"Mean":4.774388657648283,"Sigma":0.604364259366218,"Taucorr":0.02219872787801458},"Iteration":32},
{"Acceptance":[0.007237464522232734],"Energy":{"Mean":-1608.7903225806451,"Sigma":0.20967741935483566,"Taucorr":0.19193129618532379},"EnergyVariance":{"Mean":3.9076482830385015,"Sigma":0.38797942403159474,"Taucorr":0.07963011211958526},"Iteration":33},
{"Acceptance":[0.004257332071901609],"Energy":{"Mean":-1609.6774193548385,"Sigma":0.13824628773871797,"Taucorr":0.10452234412634587},"EnergyVariance":{"Mean":1.9443288241415195,"Sigma":0.4321135720460791,"Taucorr":0.11843479516153421},"Iteration":34},
{"Acceptance":[0.003784295175023652],"Energy":{"Mean":-1609.9435483870966,"Sigma":0.157990436887055,"Taucorr":0.6028220342942625},"EnergyVariance":{"Mean":1.391974505723205,"Sigma":0.46700726082213173,"Taucorr":0.47006286500055516},"Iteration":35},
{"Acceptance":[0.003216650898770104],"Energy":{"Mean":-1610.225806451613,"Sigma":0.11380210534699688,"Taucorr":0.49083333333337376},"EnergyVariance":{"Mean":0.8038501560874088,"Sigma":0.3057618038208919,"Taucorr":0.4649100930892529},"Iteration":36},
{"Acceptance":[0.0036896877956480605],"Energy":{"Mean":-1610.2096774193546,"Sigma":0.1148261742584509,"Taucorr":0.5203027823240836},"EnergyVariance":{"Mean":0.79474505723205,"Sigma":0.21574875391797793,"Taucorr":0.22835300928200575},"Iteration":37},
{"Acceptance":[0.004446546830652791],"Energy":{"Mean":-1610.3064516129034,"Sigma":0.09679659238992015,"Taucorr":0.2907979293109497},"EnergyVariance":{"Mean":0.7286680541103018,"Sigma":0.1559101780256474,"Taucorr":0.19495114334432562},"Iteration":38},
{"Acceptance":[0.005061494796594134],"Energy":{"Mean":-1610.6129032258066,"Sigma":0.10029439842030524,"Taucorr":0.1763367463025699},"EnergyVariance":{"Mean":0.9146722164412071,"Sigma":0.0805333049918322,"Taucorr":-0.0009072433135909885},"Iteration":39},
{"Acceptance":[0.006859035004730369],"Energy":{"Mean":-1610.806451612903,"Sigma":0.1054366735356234,"Taucorr":0.21029729729730862},"EnergyVariance":{"Mean":0.962539021852237,"Sigma":0.04081419620739638,"Taucorr":0.2102972972972973},"Iteration":40},
{"Acceptance":[0.008325449385052034],"Energy":{"Mean":-1611.2016129032259,"Sigma":0.10001300643823678,"Taucorr":0.12545129934532495},"EnergyVariance":{"Mean":0.9835457856399584,"Sigma":0.053202972053466795,"Taucorr":0.13332259843804228},"Iteration":41},
{"Acceptance":[0.006859035004730369],"Energy":{"Mean":-1611.5725806451615,"Sigma":0.1307513175508246,"Taucorr":0.2393012301641777},"EnergyVariance":{"Mean":1.4221514047866808,"Sigma":0.5185838298047379,"Taucorr":0.28176223338904827},"Iteration":42},
{"Acceptance":[0.003784295175023652],"Energy":{"Mean":-1611.6209677419351,"Sigma":0.12096774193548365,"Taucorr":0.25817763410224304},"EnergyVariance":{"Mean":1.1869797086368368,"Sigma":0.3720343125501916,"Taucorr":0.0879842491702243},"Iteration":43},
{"Acceptance":[0.004162724692526017],"Energy":{"Mean":-1611.7983870967741,"Sigma":0.07278942492934452,"Taucorr":0.1971197996380465},"EnergyVariance":{"Mean":0.46741675338189387,"Sigma":0.1548620461450561,"Taucorr":0.24428668370952233},"Iteration":44},
{"Acceptance":[0.0023651844843897824],"Energy":{"Mean":-1612.0483870967744,"Sigma":0.03363976389454155,"Taucorr":-0.012704918032729995},"EnergyVariance":{"Mean":0.14281997918834552,"Sigma":0.09766383066155261,"Taucorr":-0.012704918032787338},"Iteration":45},
{"Acceptance":[0.002554399243140965],"Energy":{"Mean":-1612.0161290322583,"Sigma":0.0448046594623618,"Taucorr":0.010844994617771442},"EnergyVariance":{"Mean":0.24167533818938605,"Sigma":0.2017463781149917,"Taucorr":-0.0052123647778350435},"Iteration":46},
{"Acceptance":[0.0027436140018921476],"Energy":{"Mean":-1611.991935483871,"Sigma":0.018271661793512764,"Taucorr":0.3509433962263999},"EnergyVariance":{"Mean":0.02412851196670135,"Sigma":0.017615435921413573,"Taucorr":0.31691536199094084},"Iteration":47},
{"Acceptance":[0.0026490066225165563],"Energy":{"Mean":-1611.9838709677417,"Sigma":0.01612903225806775,"Taucorr":1.6209256159527285e-13},"EnergyVariance":{"Mean":0.03199791883454735,"Sigma":0.031737773152958795,"Taucorr":-2.220446049250313e-16},"Iteration":48},
{"Acceptance":[0.0026490066225165563],"Energy":{"Mean":-1611.8951612903224,"Sigma":0.10923376429420094,"Taucorr":0.0065409652076674485},"EnergyVariance":{"Mean":1.448686264308013,"Sigma":1.1519089059711232,"Taucorr":-0.006680480082553841},"Iteration":49},
{"Acceptance":[0.0020813623462630085],"Energy":{"Mean":-1612.0,"Sigma":0.0,"Taucorr":null},"EnergyVariance":{"Mean":0.0,"Sigma":0.0,"Taucorr":null},"Iteration":50},
{"Acceptance":[0.0022232734153263957],"Energy":{"Mean":-1612.0806451612907,"Sigma":0.08064516129032438,"Taucorr":0.5081967213115168},"EnergyVariance":{"Mean":0.3967221644120708,"Sigma":0.39021852237246707,"Taucorr":0.5081967213114749},"Iteration":51},
{"Acceptance":[0.0024124881740775783],"Energy":{"Mean":-1611.9112903225805,"Sigma":0.05125886639377167,"Taucorr":-0.023200921128453234},"EnergyVariance":{"Mean":0.338904786680541,"Sigma":0.2122719420272725,"Taucorr":-0.016874061590418654},"Iteration":52},
{"Acceptance":[0.0019394512771996216],"Energy":{"Mean":-1612.0483870967744,"Sigma":0.04838709677419669,"Taucorr":0.5081967213115783},"EnergyVariance":{"Mean":0.14281997918834544,"Sigma":0.1404786680540925,"Taucorr":0.5081967213114746},"Iteration":53},
{"Acceptance":[0.002317880794701987],"Energy":{"Mean":-1612.0,"Sigma":0.0,"Taucorr":null},"EnergyVariance":{"Mean":0.0,"Sigma":0.0,"Taucorr":null},"Iteration":54},
{"Acceptance":[0.0034058656575212867],"Energy":{"Mean":-1611.774193548387,"Sigma":0.16734599673213324,"Taucorr":-0.009812305641901775},"EnergyVariance":{"Mean":3.5135275754422466,"Sigma":2.8887508789236946,"Taucorr":-0.0052696049817402835},"Iteration":55},
{"Acceptance":[0.0019394512771996216],"Energy":{"Mean":-1612.024193548387,"Sigma":0.024193548387096787,"Taucorr":-1.2656542480726785e-14},"EnergyVariance":{"Mean":0.07199531737773153,"Sigma":0.0714099895941738,"Taucorr":0.0},"Iteration":56},
{"Acceptance":[0.0022232734153263957],"Energy":{"Mean":-1611.7580645161293,"Sigma":0.17057929090283416,"Taucorr":0.0482406152865531},"EnergyVariance":{"Mean":3.264047866805411,"Sigma":2.848209984769587,"Taucorr":0.0008708552950078552},"Iteration":57},
{"Acceptance":[0.0027436140018921476],"Energy":{"Mean":-1611.701612903226,"Sigma":0.15615480103705612,"Taucorr":0.2622359591418366},"EnergyVariance":{"Mean":1.9674167533818936,"Sigma":1.156488340765817,"Taucorr":0.10409274731391238},"Iteration":58},
{"Acceptance":[0.0020813623462630085],"Energy":{"Mean":-1612.0,"Sigma":0.0,"Taucorr":null},"EnergyVariance":{"Mean":0.0,"Sigma":0.0,"Taucorr":null},"Iteration":59},
{"Acceptance":[0.0024597918637653737],"Energy":{"Mean":-1611.983870967742,"Sigma":0.016129032258065397,"Taucorr":0.5081967213116108},"EnergyVariance":{"Mean":0.01586888657648283,"Sigma":0.015608740894901618,"Taucorr":0.5081967213114753},"Iteration":60},
{"Acceptance":[0.0023651844843897824],"Energy":{"Mean":-1611.967741935484,"Sigma":0.02242650926302913,"Taucorr":-0.012704918032679924},"EnergyVariance":{"Mean":0.06347554630593133,"Sigma":0.04340614696069686,"Taucorr":-0.012704918032786894},"Iteration":61},
{"Acceptance":[0.002554399243140965],"Energy":{"Mean":-1611.991935483871,"Sigma":0.008064516129030542,"Taucorr":-1.8762769116165146e-13},"EnergyVariance":{"Mean":0.007999479708636839,"Sigma":0.007934443288241534,"Taucorr":0.0},"Iteration":62},
{"Acceptance":[0.0021759697256386],"Energy":{"Mean":-1611.8225806451615,"Sigma":0.13628793660823893,"Taucorr":0.3847672778561154},"EnergyVariance":{"Mean":1.291103017689906,"Sigma":1.0147790543634831,"Taucorr":0.43135261558366733},"Iteration":63},
{"Acceptance":[0.001892147587511826],"Energy":{"Mean":-1612.0,"Sigma":0.0,"Taucorr":null},"EnergyVariance":{"Mean":0.0,"Sigma":0.0,"Taucorr":null},"Iteration":64},
{"Acceptance":[0.0026490066225165563],"Energy":{"Mean":-1612.0322580645159,"Sigma":0.08885618400542326,"Taucorr":0.3871316539925116},"EnergyVariance":{"Mean":0.5473465140478668,"Sigma":0.40634347422013056,"Taucorr":0.43272683278882584},"Iteration":65},
{"Acceptance":[0.0023651844843897824],"Energy":{"Mean":-1612.032258064516,"Sigma":0.04138388257618533,"Taucorr":0.004831670822948331},"EnergyVariance":{"Mean":0.20863683662851193,"Sigma":0.19891042303374556,"Taucorr":-0.0010859400640510497},"Iteration":66},
{"Acceptance":[0.0017029328287606433],"Energy":{"Mean":-1611.8870967741937,"Sigma":0.11290322580646138,"Taucorr":0.5081967213115746},"EnergyVariance":{"Mean":0.7775754422476588,"Sigma":0.7648283038501792,"Taucorr":0.5081967213114749},"Iteration":67},
{"Acceptance":[0.0020813623462630085],"Energy":{"Mean":-1612.0322580645159,"Sigma":0.057667399480864245,"Taucorr":0.008521992238005205},"EnergyVariance":{"Mean":0.4021852237252861,"Sigma":0.2419453020732889,"Taucorr":-0.020456112048461206},"Iteration":68},
{"Acceptance":[0.0011352885525070956],"Energy":{"Mean":-1611.991935483871,"Sigma":0.008064516129033554,"Taucorr":1.2279066652354231e-13},"EnergyVariance":{"Mean":0.007999479708636839,"Sigma":0.007934443288241532,"Taucorr":0.0},"Iteration":69},
{"Acceptance":[0.0014191106906338694],"Energy":{"Mean":-1612.0,"Sigma":0.0,"Taucorr":null},"EnergyVariance":{"Mean":0.0,"Sigma":0.0,"Taucorr":null},"Iteration":70},
{"Acceptance":[0.001608325449385052],"Energy":{"Mean":-1611.8387096774193,"Sigma":0.16129032258064466,"Taucorr":0.5081967213114646},"EnergyVariance":{"Mean":1.586888657648283,"Sigma":1.5608740894900879,"Taucorr":0.5081967213114746},"Iteration":71},
{"Acceptance":[0.0013245033112582781],"Energy":{"Mean":-1612.0,"Sigma":0.0,"Taucorr":null},"EnergyVariance":{"Mean":0.0,"Sigma":0.0,"Taucorr":null},"Iteration":72},
{"Acceptance":[0.0016556291390728477],"Energy":{"Mean":-1611.991935483871,"Sigma":0.008064516129032029,"Taucorr":-2.731148640577885e-14},"EnergyVariance":{"Mean":0.007999479708636839,"Sigma":0.007934443288241534,"Taucorr":0.0},"Iteration":73},
{"Acceptance":[0.000804162724692526],"Energy":{"Mean":-1612.1209677419354,"Sigma":0.0889537210095367,"Taucorr":0.3245179063360538},"EnergyVariance":{"Mean":0.5902055150884495,"Sigma":0.4232475435131498,"Taucorr":0.324517906336088},"Iteration":74},
{"Acceptance":[0.001608325449385052],"Energy":{"Mean":-1612.1209677419354,"Sigma":0.0919260512044624,"Taucorr":0.3349075331731355},"EnergyVariance":{"Mean":0.6224635796045787,"Sigma":0.42241580309779747,"Taucorr":0.3215281645585427},"Iteration":75},
{"Acceptance":[0.0011825922421948912],"Energy":{"Mean":-1612.1451612903224,"Sigma":0.1067444652114449,"Taucorr":0.32451790633607236},"EnergyVariance":{"Mean":0.8498959417273675,"Sigma":0.6094764626589357,"Taucorr":0.32451790633608857},"Iteration":76},
{"Acceptance":[0.0019394512771996216],"Energy":{"Mean":-1611.983870967742,"Sigma":0.019863390539691203,"Taucorr":0.25833333333345865},"EnergyVariance":{"Mean":0.03199791883454735,"Sigma":0.018781004836400005,"Taucorr":0.2172605461722379},"Iteration":77},
{"Acceptance":[0.0017975402081362346],"Energy":{"Mean":-1611.8629032258066,"Sigma":0.13210389650865792,"Taucorr":0.3494620888453779},"EnergyVariance":{"Mean":1.2634625390218523,"Sigma":0.7635163518684953,"Taucorr":0.8108287173880522},"Iteration":78},
{"Acceptance":[0.0010406811731315043],"Energy":{"Mean":-1612.0,"Sigma":0.0,"Taucorr":null},"EnergyVariance":{"Mean":0.0,"Sigma":0.0,"Taucorr":null},"Iteration":79},
{"Acceptance":[0.0014191106906338694],"Energy":{"Mean":-1612.1854838709676,"Sigma":0.13267701805648308,"Taucorr":0.5762268054567585},"EnergyVariance":{"Mean":1.0059183142559833,"Sigma":0.6050318207007125,"Taucorr":0.5803647888403736},"Iteration":80},
{"Acceptance":[0.001608325449385052],"Energy":{"Mean":-1612.6854838709676,"Sigma":0.2306977908222308,"Taucorr":0.606706981858216},"EnergyVariance":{"Mean":2.9575312174817894,"Sigma":0.8372097247581377,"Taucorr":0.6067069818581641},"Iteration":81},
{"Acceptance":[0.0017029328287606433],"Energy":{"Mean":-1612.2822580645159,"Sigma":0.13851261320417738,"Taucorr":0.3860805860806139},"EnergyVariance":{"Mean":1.3316207075962538,"Sigma":0.6143704617927818,"Taucorr":0.38608058608058615},"Iteration":82},
{"Acceptance":[0.0019867549668874172],"Energy":{"Mean":-1612.7903225806451,"Sigma":0.24732351538537564,"Taucorr":0.578432396151894},"EnergyVariance":{"Mean":3.488293444328825,"Sigma":0.825182014496437,"Taucorr":0.5347628408613647},"Iteration":83},
{"Acceptance":[0.0035950804162724692],"Energy":{"Mean":-1613.0403225806454,"Sigma":0.22363588103003204,"Taucorr":0.25256591824068575},"EnergyVariance":{"Mean":4.08708376690947,"Sigma":0.6478336956368075,"Taucorr":0.2502440165089562},"Iteration":84},
{"Acceptance":[0.007142857142857143],"Energy":{"Mean":-1614.024193548387,"Sigma":0.27517219406347515,"Taucorr":0.2669247989031883},"EnergyVariance":{"Mean":6.0719953173777315,"Sigma":0.2491895909946272,"Taucorr":0.1243229503618205},"Iteration":85},
{"Acceptance":[0.005298013245033113],"Energy":{"Mean":-1615.403225806452,"Sigma":0.2273850351592172,"Taucorr":0.09040356470075783},"EnergyVariance":{"Mean":5.38579604578564,"Sigma":0.4195229636930315,"Taucorr":0.11437119645675875},"Iteration":86},
{"Acceptance":[0.0031220435193945128],"Energy":{"Mean":-1615.8870967741934,"Sigma":0.26177606515870433,"Taucorr":0.4852292768959341},"EnergyVariance":{"Mean":4.277575442247659,"Sigma":0.730055307196353,"Taucorr":0.5023271482523091},"Iteration":87},
{"Acceptance":[0.0018448438978240303],"Energy":{"Mean":-1616.693548387097,"Sigma":0.1122291706728466,"Taucorr":0.05729459105376844},"EnergyVariance":{"Mean":1.389958376690947,"Sigma":0.48834705514247256,"Taucorr":0.06636011094845329},"Iteration":88},
{"Acceptance":[0.00042573320719016083],"Energy":{"Mean":-1616.9596774193549,"Sigma":0.040322580645162226,"Taucorr":2.531308496145357e-14},"EnergyVariance":{"Mean":0.19998699271592094,"Sigma":0.19836108220603835,"Taucorr":0.0},"Iteration":89},
{"Acceptance":[0.000946073793755913],"Energy":{"Mean":-1617.008064516129,"Sigma":0.008064516129033554,"Taucorr":1.2279066652354231e-13},"EnergyVariance":{"Mean":0.007999479708636839,"Sigma":0.007934443288241532,"Taucorr":0.0},"Iteration":90},
{"Acceptance":[0.0008514664143803217],"Energy":{"Mean":-1616.9596774193549,"Sigma":0.02862619249887544,"Taucorr":-0.011720226842938442},"EnergyVariance":{"Mean":0.10321279916753377,"Sigma":0.0761651068343435,"Taucorr":-0.009322252609536175},"Iteration":91},
{"Acceptance":[0.0007568590350047304],"Energy":{"Mean":-1616.8064516129032,"Sigma":0.09953499237404748,"Taucorr":0.5893604651162208},"EnergyVariance":{"Mean":0.5593132154006244,"Sigma":0.30949869682595105,"Taucorr":0.44186612941751646},"Iteration":92},
{"Acceptance":[0.0004730368968779565],"Energy":{"Mean":-1617.0,"Sigma":0.0,"Taucorr":null},"EnergyVariance":{"Mean":0.0,"Sigma":0.0,"Taucorr":null},"Iteration":93},
{"Acceptance":[0.0006622516556291391],"Energy":{"Mean":-1616.975806451613,"Sigma":0.024193548387094536,"Taucorr":0.40589198035999385},"EnergyVariance":{"Mean":0.0397372528616025,"Sigma":0.03915192507804476,"Taucorr":0.23286556493185562},"Iteration":94},
{"Acceptance":[0.0002838221381267739],"Energy":{"Mean":-1616.9032258064517,"Sigma":0.09677419354838765,"Taucorr":4.218847493575595e-15},"EnergyVariance":{"Mean":1.1519250780437043,"Sigma":1.1425598335067808,"Taucorr":0.0},"Iteration":95},
{"Acceptance":[0.0005676442762535478],"Energy":{"Mean":-1616.9435483870966,"Sigma":0.03967217379435471,"Taucorr":0.6317870722434817},"EnergyVariance":{"Mean":0.0855228928199792,"Sigma":0.06386841391471017,"Taucorr":0.5366057659416232},"Iteration":96},
{"Acceptance":[0.0006622516556291391],"Energy":{"Mean":-1616.967741935484,"Sigma":0.03225806451613004,"Taucorr":2.4646951146678475e-14},"EnergyVariance":{"Mean":0.1279916753381894,"Sigma":0.12695109261186452,"Taucorr":-2.220446049250313e-16},"Iteration":97},
{"Acceptance":[0.0008514664143803217],"Energy":{"Mean":-1616.991935483871,"Sigma":0.008064516129032579,"Taucorr":3.3306690738754696e-15},"EnergyVariance":{"Mean":0.007999479708636839,"Sigma":0.007934443288241534,"Taucorr":0.0},"Iteration":98},
{"Acceptance":[0.000946073793755913],"Energy":{"Mean":-1616.975806451613,"Sigma":0.024193548387093828,"Taucorr":-9.325873406851315e-14},"EnergyVariance":{"Mean":0.07199531737773152,"Sigma":0.0714099895941738,"Taucorr":0.0},"Iteration":99} 
]}