{"Output": [
{"Acceptance":[0.8804809052333805],"Energy":{"Mean":-624.3225806451613,"Sigma":1.6141675152400785,"Taucorr":0.027819692064596557},"EnergyVariance":{"Mean":303.5894901144642,"Sigma":44.19855575021093,"Taucorr":0.25995988947146764},"Iteration":0},
{"Acceptance":[0.8673267326732673],"Energy":{"Mean":-623.9112903225805,"Sigma":1.5722538949208062,"Taucorr":-0.049786821634508815},"EnergyVariance":{"Mean":337.6776144640999,"Sigma":57.80835257751018,"Taucorr":0.2163686603243027},"Iteration":1},
{"Acceptance":[0.842008486562942],"Energy":{"Mean":-629.233870967742,"Sigma":1.4029028796633123,"Taucorr":-0.0925032541855541},"EnergyVariance":{"Mean":297.0340140478667,"Sigma":34.36549306475505,"Taucorr":-0.048981024196065925},"Iteration":2},
{"Acceptance":[0.8163366336633663],"Energy":{"Mean":-629.0403225806451,"Sigma":1.2182580975435047,"Taucorr":-0.10603471676588361},"EnergyVariance":{"Mean":231.68385796045789,"Sigma":26.027424069457766,"Taucorr":-0.06332999759689933},"Iteration":3},
{"Acceptance":[0.7635785007072136],"Energy":{"Mean":-632.1290322580644,"Sigma":1.6328232265657616,"Taucorr":0.06543201016241162},"EnergyVariance":{"Mean":289.98335067637885,"Sigma":33.429277123593394,"Taucorr":-0.11508504240176981},"Iteration":4},
{"Acceptance":[0.6828854314002829],"Energy":{"Mean":-640.8467741935483,"Sigma":1.8056317744080597,"Taucorr":0.08528819289340728},"EnergyVariance":{"Mean":342.5813605619148,"Sigma":47.04814364119253,"Taucorr":0.05574231776764338},"Iteration":5},
{"Acceptance":[0.5533946251768034],"Energy":{"Mean":-660.1774193548387,"Sigma":1.6488507543944289,"Taucorr":0.057873732626093966},"EnergyVariance":{"Mean":299.71045785639956,"Sigma":39.606038297036996,"Taucorr":0.09141203575651025},"Iteration":6},
{"Acceptance":[0.4691654879773692],"Energy":{"Mean":-670.983870967742,"Sigma":1.7470764936641556,"Taucorr":0.1836029639552501},"EnergyVariance":{"Mean":274.59651404786683,"Sigma":41.691811298878434,"Taucorr":0.1675007722293418},"Iteration":7},
{"Acceptance":[0.37722772277227723],"Energy":{"Mean":-689.6532258064515,"Sigma":1.8562115069451157,"Taucorr":0.24011263308224606},"EnergyVariance":{"Mean":286.3071670135275,"Sigma":67.56271723779054,"Taucorr":0.00518231253919843},"Iteration":8},
{"Acceptance":[0.3045968882602546],"Energy":{"Mean":-704.5806451612905,"Sigma":1.3101335346439593,"Taucorr":0.1777918179722634},"EnergyVariance":{"Mean":155.74349635796045,"Sigma":17.613054213194516,"Taucorr":0.011015941954955366},"Iteration":9},
{"Acceptance":[0.24943422913719943],"Energy":{"Mean":-714.4758064516129,"Sigma":1.4132321510388133,"Taucorr":0.2970535643068356},"EnergyVariance":{"Mean":154.10425338189384,"Sigma":29.34658219351261,"Taucorr":-0.048972957910409065},"Iteration":10},
{"Acceptance":[0.21407355021216407],"Energy":{"Mean":-721.7580645161293,"Sigma":1.2058038339144395,"Taucorr":0.20164538616205796},"EnergyVariance":{"Mean":127.44146722164413,"Sigma":21.48998145163294,"Taucorr":0.044498586044452004},"Iteration":11},
{"Acceptance":[0.18366336633663366],"Energy":{"Mean":-729.524193548387,"Sigma":0.8735475532468467,"Taucorr":0.11521655169591083},"EnergyVariance":{"Mean":76.28167273673256,"Sigma":11.604581966179957,"Taucorr":-0.030153521687421136},"Iteration":12},
{"Acceptance":[0.15509193776520508],"Energy":{"Mean":-731.7500000000001,"Sigma":0.946626721859065,"Taucorr":0.14717427847622055},"EnergyVariance":{"Mean":85.15524193548386,"Sigma":9.069708326683655,"Taucorr":-0.059567229387848475},"Iteration":13},
{"Acceptance":[0.13783592644978784],"Energy":{"Mean":-737.3467741935484,"Sigma":0.8368750612802696,"Taucorr":0.2231086119830762},"EnergyVariance":{"Mean":59.5652315296566,"Sigma":10.966208452080538,"Taucorr":0.02607059432737613},"Iteration":14},
{"Acceptance":[0.12093352192362093],"Energy":{"Mean":-740.3790322580647,"Sigma":0.8077140656155885,"Taucorr":0.38951416974860775},"EnergyVariance":{"Mean":45.106334547346506,"Sigma":7.7662103644295994,"Taucorr":0.08996193480818526},"Iteration":15},
{"Acceptance":[0.10742574257425742],"Energy":{"Mean":-743.0725806451613,"Sigma":0.4819585864825734,"Taucorr":0.023100115025457946},"EnergyVariance":{"Mean":27.309248178980233,"Sigma":3.175628795358881,"Taucorr":-0.11853630748996119},"Iteration":16},
{"Acceptance":[0.09278642149929278],"Energy":{"Mean":-744.8870967741935,"Sigma":0.5886286584403518,"Taucorr":0.09882900171802544},"EnergyVariance":{"Mean":35.584027055150884,"Sigma":5.064320754983875,"Taucorr":0.18552868478794438},"Iteration":17},
{"Acceptance":[0.09165487977369166],"Energy":{"Mean":-746.7741935483872,"Sigma":0.6683468248755237,"Taucorr":0.3821137396418085},"EnergyVariance":{"Mean":31.14255983350677,"Sigma":4.063624060905932,"Taucorr":0.02726138245677523},"Iteration":18},
{"Acceptance":[0.0818953323903819],"Energy":{"Mean":-748.4354838709676,"Sigma":0.4671993515953492,"Taucorr":0.30240051936743095},"EnergyVariance":{"Mean":16.729708636836627,"Sigma":2.3099605915185757,"Taucorr":-0.09721491062455823},"Iteration":19},
{"Acceptance":[0.07022630834512023],"Energy":{"Mean":-749.5161290322582,"Sigma":0.40076128561423524,"Taucorr":0.2897062188020014},"EnergyVariance":{"Mean":12.507804370447449,"Sigma":2.0348833218730706,"Taucorr":-0.004728265526175945},"Iteration":20},
{"Acceptance":[0.06796322489391797],"Energy":{"Mean":-750.5725806451615,"Sigma":0.44694205146065547,"Taucorr":0.1415863106660965},"EnergyVariance":{"Mean":19.147957856399582,"Sigma":4.084516811881397,"Taucorr":0.010341044556068768},"Iteration":21},
{"Acceptance":[0.07043847241867043],"Energy":{"Mean":-750.2500000000002,"Sigma":0.577233856189312,"Taucorr":0.4975365590342542},"EnergyVariance":{"Mean":20.542338709677416,"Sigma":3.9458792339910502,"Taucorr":0.28178789064939835},"Iteration":22},
{"Acceptance":[0.06188118811881188],"Energy":{"Mean":-751.6774193548388,"Sigma":0.4398181363504494,"Taucorr":0.35314680422372335},"EnergyVariance":{"Mean":13.944328824141516,"Sigma":2.0853598309498547,"Taucorr":0.06344627419313376},"Iteration":23},
{"Acceptance":[0.060183875530410186],"Energy":{"Mean":-752.991935483871,"Sigma":0.46612159089197575,"Taucorr":0.3397885150684069},"EnergyVariance":{"Mean":15.911225286160251,"Sigma":3.0965924276999472,"Taucorr":0.39467782262745565},"Iteration":24},
{"Acceptance":[0.059193776520509195],"Energy":{"Mean":-753.4758064516128,"Sigma":0.4143518774196575,"Taucorr":0.15762754430380188},"EnergyVariance":{"Mean":16.05586628511967,"Sigma":2.1617488955085764,"Taucorr":0.0237289655366818},"Iteration":25},
{"Acceptance":[0.05586987270155587],"Energy":{"Mean":-754.0725806451613,"Sigma":0.402143709331942,"Taucorr":0.2725598266202528},"EnergyVariance":{"Mean":12.873764308012488,"Sigma":2.215189009894368,"Taucorr":0.08527421315862427},"Iteration":26},
{"Acceptance":[0.05070721357850071],"Energy":{"Mean":-754.8467741935484,"Sigma":0.5150526410296012,"Taucorr":0.3535627154285157},"EnergyVariance":{"Mean":19.113618626430792,"Sigma":2.616600523522043,"Taucorr":-0.039679324077215805},"Iteration":27},
{"Acceptance":[0.045898161244695895],"Energy":{"Mean":-756.5806451612902,"Sigma":0.5727207158673707,"Taucorr":0.5175751929032681},"EnergyVariance":{"Mean":19.824141519250784,"Sigma":3.450415694756993,"Taucorr":0.20295162265565125},"Iteration":28},
{"Acceptance":[0.04328147100424328],"Energy":{"Mean":-756.5161290322579,"Sigma":0.4565731818808173,"Taucorr":0.3292830579207989},"EnergyVariance":{"Mean":15.459417273673258,"Sigma":1.4110947753868697,"Taucorr":-0.1660416359034101},"Iteration":29},
{"Acceptance":[0.0454031117397454],"Energy":{"Mean":-758.1048387096776,"Sigma":0.4197372119431812,"Taucorr":0.23432242424241956},"EnergyVariance":{"Mean":14.755137877211231,"Sigma":2.954811204200709,"Taucorr":0.03397310989201252},"Iteration":30},
{"Acceptance":[0.03790664780763791],"Energy":{"Mean":-758.282258064516,"Sigma":0.41925143472864407,"Taucorr":0.5009816261269153},"EnergyVariance":{"Mean":10.799362643080125,"Sigma":1.8861928652620863,"Taucorr":0.061824701432077966},"Iteration":31},
{"Acceptance":[0.03514851485148515],"Energy":{"Mean":-758.7258064516128,"Sigma":0.48476172490626634,"Taucorr":0.5342742911399536},"EnergyVariance":{"Mean":13.973204994797086,"Sigma":2.6728358632689435,"Taucorr":0.1656857524755997},"Iteration":32},
{"Acceptance":[0.033663366336633666],"Energy":{"Mean":-759.4193548387095,"Sigma":0.4887700023096969,"Taucorr":0.4419025183455624},"EnergyVariance":{"Mean":15.59833506763788,"Sigma":4.563160606712499,"Taucorr":0.48500548984856684},"Iteration":33},
{"Acceptance":[0.029137199434229138],"Energy":{"Mean":-760.5564516129032,"Sigma":0.40704641578003714,"Taucorr":0.6275405706883517},"EnergyVariance":{"Mean":9.037135796045787,"Sigma":4.190229544212668,"Taucorr":0.4560300805536611},"Iteration":34},
{"Acceptance":[0.0272984441301273],"Energy":{"Mean":-760.7419354838709,"Sigma":0.4235163653145073,"Taucorr":0.6876323381133738},"EnergyVariance":{"Mean":9.288241415192505,"Sigma":3.654923152169329,"Taucorr":0.8196037137245462},"Iteration":35},
{"Acceptance":[0.029632248939179633],"Energy":{"Mean":-761.0564516129033,"Sigma":0.21711378929630856,"Taucorr":0.08680146913629394},"EnergyVariance":{"Mean":4.940361602497398,"Sigma":0.8996968181059964,"Taucorr":-0.051049317879415024},"Iteration":36},
{"Acceptance":[0.025318246110325317],"Energy":{"Mean":-761.3709677419354,"Sigma":0.21529891940392348,"Taucorr":0.2142198396663022},"EnergyVariance":{"Mean":3.9914151925078043,"Sigma":0.8646528356133266,"Taucorr":-0.019880616873740986},"Iteration":37},
{"Acceptance":[0.024964639321074966],"Energy":{"Mean":-761.1693548387098,"Sigma":0.31906008989573187,"Taucorr":0.5642657350388574},"EnergyVariance":{"Mean":5.882609261186264,"Sigma":1.449592184667473,"Taucorr":0.38903001418898364},"Iteration":38},
{"Acceptance":[0.024328147100424326],"Energy":{"Mean":-761.8951612903223,"Sigma":0.24723584620555167,"Taucorr":0.26212438853947084},"EnergyVariance":{"Mean":4.932557232049948,"Sigma":1.6711047819347018,"Taucorr":-0.006915505199827698},"Iteration":39},
{"Acceptance":[0.023974540311173975],"Energy":{"Mean":-761.048387096774,"Sigma":0.4089751410207543,"Taucorr":0.7059356796486658},"EnergyVariance":{"Mean":8.529916753381894,"Sigma":2.329870769903972,"Taucorr":0.5303388815182717},"Iteration":40},
{"Acceptance":[0.02524752475247525],"Energy":{"Mean":-762.4677419354838,"Sigma":0.20567941945304694,"Taucorr":0.20613041022382783},"EnergyVariance":{"Mean":3.6844432882414146,"Sigma":1.0703460175270207,"Taucorr":0.2142139796251602},"Iteration":41},
{"Acceptance":[0.02369165487977369],"Energy":{"Mean":-762.1693548387095,"Sigma":0.15309841903334676,"Taucorr":-0.03625693064127539},"EnergyVariance":{"Mean":3.108415712799167,"Sigma":0.8553169149006131,"Taucorr":0.04608003201934907},"Iteration":42},
{"Acceptance":[0.020155586987270154],"Energy":{"Mean":-762.5887096774194,"Sigma":0.22437140002107053,"Taucorr":0.3418678267635693},"EnergyVariance":{"Mean":3.6776144640998965,"Sigma":1.1369211216221016,"Taucorr":0.4291222773866449},"Iteration":43},
{"Acceptance":[0.02277227722772277],"Energy":{"Mean":-762.8709677419354,"Sigma":0.18689273264014444,"Taucorr":0.12244836423940231},"EnergyVariance":{"Mean":3.4510926118626433,"Sigma":1.749852567590864,"Taucorr":0.10208209237387778},"Iteration":44},
{"Acceptance":[0.018033946251768036],"Energy":{"Mean":-762.8951612903226,"Sigma":0.14282771858908894,"Taucorr":0.15464757186004752},"EnergyVariance":{"Mean":1.9164281997918835,"Sigma":0.37486164218291723,"Taucorr":0.032890724026714446},"Iteration":45},
{"Acceptance":[0.0169024045261669],"Energy":{"Mean":-762.9435483870968,"Sigma":0.2547161812419305,"Taucorr":0.34345949215688654},"EnergyVariance":{"Mean":4.730684183142559,"Sigma":1.6390490604210757,"Taucorr":0.16178662786014686},"Iteration":46},
{"Acceptance":[0.017397454031117397],"Energy":{"Mean":-763.258064516129,"Sigma":0.14031640080323318,"Taucorr":0.10605794270832603},"EnergyVariance":{"Mean":1.9979188345473469,"Sigma":0.5618246216753454,"Taucorr":-0.012218232243038085},"Iteration":47},
{"Acceptance":[0.01654879773691655],"Energy":{"Mean":-763.1532258064517,"Sigma":0.12945160352509777,"Taucorr":0.10828758972781138},"EnergyVariance":{"Mean":1.694263787721124,"Sigma":0.36519397580782886,"Taucorr":-0.0006978827672788346},"Iteration":48},
{"Acceptance":[0.01562942008486563],"Energy":{"Mean":-763.3548387096776,"Sigma":0.11866993257050537,"Taucorr":0.3112085769980406},"EnergyVariance":{"Mean":1.0676378772112383,"Sigma":0.2719169299024625,"Taucorr":0.09540106181940466},"Iteration":49} 
]}