{"Output": [
{"Acceptance":[0.8471988795518207],"Energy":{"Mean":-156.64516129032256,"Sigma":0.8613391512879519,"Taucorr":0.16247214374206764},"EnergyVariance":{"Mean":68.87408949011447,"Sigma":8.665591506335039,"Taucorr":0.09531314412308323},"Iteration":0},
{"Acceptance":[0.8277310924369747],"Energy":{"Mean":-157.79032258064512,"Sigma":0.7035907112835632,"Taucorr":0.0759625180249135},"EnergyVariance":{"Mean":52.859261186264305,"Sigma":5.811170416481001,"Taucorr":-0.09606040795568677},"Iteration":1},
{"Acceptance":[0.7997198879551821],"Energy":{"Mean":-157.04032258064515,"Sigma":0.917137961019029,"Taucorr":0.1839414740350349},"EnergyVariance":{"Mean":75.63547086368364,"Sigma":10.66144304461279,"Taucorr":-0.08352062772557695},"Iteration":2},
{"Acceptance":[0.7781512605042017],"Energy":{"Mean":-158.83064516129028,"Sigma":0.7091365240780334,"Taucorr":-0.1047060671882068},"EnergyVariance":{"Mean":78.23744797086368,"Sigma":11.112096020744737,"Taucorr":0.018973950813888085},"Iteration":3},
{"Acceptance":[0.757422969187675],"Energy":{"Mean":-159.70161290322585,"Sigma":0.8152131585848789,"Taucorr":0.17126581534829888},"EnergyVariance":{"Mean":60.88677159209157,"Sigma":8.40541662428467,"Taucorr":0.08441917969504842},"Iteration":4},
{"Acceptance":[0.7408963585434174],"Energy":{"Mean":-160.16935483870967,"Sigma":0.8522098958329868,"Taucorr":0.11270052128172958},"EnergyVariance":{"Mean":72.89873829344432,"Sigma":10.528045348075674,"Taucorr":0.08237185485480325},"Iteration":5},
{"Acceptance":[0.6642857142857143],"Energy":{"Mean":-165.74193548387098,"Sigma":0.9355209484680422,"Taucorr":0.1848396983959908},"EnergyVariance":{"Mean":78.59469302809575,"Sigma":10.893952157956846,"Taucorr":0.16982650135712218},"Iteration":6},
{"Acceptance":[0.5865546218487395],"Energy":{"Mean":-166.87096774193552,"Sigma":0.8375327764202527,"Taucorr":0.13987847182027946},"EnergyVariance":{"Mean":67.41883454734652,"Sigma":9.422854430500923,"Taucorr":-0.04712106722339232},"Iteration":7},
{"Acceptance":[0.5550420168067227],"Energy":{"Mean":-168.75806451612902,"Sigma":0.9117279375555628,"Taucorr":0.2786877434489212},"EnergyVariance":{"Mean":65.65114464099895,"Sigma":7.074925373122085,"Taucorr":-0.11428834087741413},"Iteration":8},
{"Acceptance":[0.46218487394957986],"Energy":{"Mean":-174.6048387096774,"Sigma":1.2023036911693792,"Taucorr":0.3837553524174533},"EnergyVariance":{"Mean":100.59384755463057,"Sigma":11.119863499866293,"Taucorr":-0.0029409022680108032},"Iteration":9},
{"Acceptance":[0.4008403361344538],"Energy":{"Mean":-179.66935483870967,"Sigma":0.9417430573811324,"Taucorr":0.35208124416429654},"EnergyVariance":{"Mean":64.01164151925077,"Sigma":8.19794298078187,"Taucorr":0.09862626339459535},"Iteration":10},
{"Acceptance":[0.3581232492997199],"Energy":{"Mean":-183.1532258064516,"Sigma":0.9317919361525281,"Taucorr":0.5486341987388681},"EnergyVariance":{"Mean":50.920070239334024,"Sigma":6.502524836578352,"Taucorr":0.1824109178086155},"Iteration":11},
{"Acceptance":[0.29551820728291317],"Energy":{"Mean":-188.15322580645167,"Sigma":0.6586559117842478,"Taucorr":0.14414178606476957},"EnergyVariance":{"Mean":41.42007023933401,"Sigma":4.446986282032997,"Taucorr":-0.035017678524278895},"Iteration":12},
{"Acceptance":[0.27801120448179273],"Energy":{"Mean":-191.6048387096774,"Sigma":0.6618211873905842,"Taucorr":0.22905022327911218},"EnergyVariance":{"Mean":36.948686264308016,"Sigma":3.4675595506103005,"Taucorr":-0.055107909841958236},"Iteration":13},
{"Acceptance":[0.24145658263305322],"Energy":{"Mean":-193.48387096774195,"Sigma":0.6120360305331932,"Taucorr":0.28803704593589063},"EnergyVariance":{"Mean":29.233610822060353,"Sigma":4.09799097802631,"Taucorr":0.12188245083485538},"Iteration":14},
{"Acceptance":[0.20210084033613446],"Energy":{"Mean":-195.48387096774192,"Sigma":0.723541867381304,"Taucorr":0.46224148252966124},"EnergyVariance":{"Mean":33.459417273673246,"Sigma":3.835660734875276,"Taucorr":0.04250045530950064},"Iteration":15},
{"Acceptance":[0.1830532212885154],"Energy":{"Mean":-198.3709677419355,"Sigma":0.4673292580709934,"Taucorr":0.20723497664479607},"EnergyVariance":{"Mean":18.991415192507805,"Sigma":4.094224240999902,"Taucorr":0.2487820317505739},"Iteration":16},
{"Acceptance":[0.16050420168067228],"Energy":{"Mean":-199.81451612903223,"Sigma":0.4869213883494853,"Taucorr":0.3283496946342105},"EnergyVariance":{"Mean":17.60269250780437,"Sigma":2.382726184871651,"Taucorr":0.03001176452344212},"Iteration":17},
{"Acceptance":[0.165406162464986],"Energy":{"Mean":-200.91935483870964,"Sigma":0.42143302264675037,"Taucorr":0.20498975771109995},"EnergyVariance":{"Mean":15.493496357960458,"Sigma":2.4025461212800745,"Taucorr":0.09453313254904683},"Iteration":18},
{"Acceptance":[0.14313725490196078],"Energy":{"Mean":-201.08870967741933,"Sigma":0.5390089954633654,"Taucorr":0.5125971656561557},"EnergyVariance":{"Mean":17.64535639958377,"Sigma":3.898563060470732,"Taucorr":0.3380620265811679},"Iteration":19},
{"Acceptance":[0.130812324929972],"Energy":{"Mean":-202.8306451612903,"Sigma":0.32469735635255365,"Taucorr":0.2118521110166982},"EnergyVariance":{"Mean":9.108415712799168,"Sigma":1.2266304073431313,"Taucorr":0.12343868064848129},"Iteration":20},
{"Acceptance":[0.11904761904761904],"Energy":{"Mean":-203.23387096774192,"Sigma":0.3425347254727613,"Taucorr":0.3839588893757717},"EnergyVariance":{"Mean":8.163046305931323,"Sigma":1.4093184621791155,"Taucorr":0.23741028833976285},"Iteration":21},
{"Acceptance":[0.09915966386554621],"Energy":{"Mean":-203.47580645161287,"Sigma":0.30150938364953045,"Taucorr":0.14856013338664598},"EnergyVariance":{"Mean":8.620382414151925,"Sigma":1.053539381949239,"Taucorr":0.06613344370191954},"Iteration":22},
{"Acceptance":[0.08907563025210084],"Energy":{"Mean":-204.49193548387098,"Sigma":0.32657473559014316,"Taucorr":0.42739845696892853},"EnergyVariance":{"Mean":7.072515608740897,"Sigma":1.5047330291476428,"Taucorr":0.08152549174396972},"Iteration":23},
{"Acceptance":[0.0969187675070028],"Energy":{"Mean":-203.63709677419357,"Sigma":0.40953663655047,"Taucorr":0.5226801132296872},"EnergyVariance":{"Mean":10.086043184183143,"Sigma":1.5648865624325914,"Taucorr":0.3651441172971732},"Iteration":24},
{"Acceptance":[0.08067226890756303],"Energy":{"Mean":-205.32258064516128,"Sigma":0.18700869265170064,"Taucorr":0.3153500986193343},"EnergyVariance":{"Mean":2.6378772112382927,"Sigma":0.45882079046389246,"Taucorr":0.33614950406332755},"Iteration":25},
{"Acceptance":[0.07521008403361344],"Energy":{"Mean":-204.79838709677423,"Sigma":0.31589167081988073,"Taucorr":0.4657598739087322},"EnergyVariance":{"Mean":6.354513527575443,"Sigma":1.831553803973957,"Taucorr":0.2707845599377505},"Iteration":26},
{"Acceptance":[0.07787114845938375],"Energy":{"Mean":-204.77419354838705,"Sigma":0.354190512551378,"Taucorr":0.2754771990377557},"EnergyVariance":{"Mean":9.949011446409989,"Sigma":3.487824575679993,"Taucorr":0.4829983992924073},"Iteration":27},
{"Acceptance":[0.06414565826330532],"Energy":{"Mean":-205.11290322580646,"Sigma":0.2560658490362661,"Taucorr":0.3059624083606297},"EnergyVariance":{"Mean":5.003381893860562,"Sigma":1.4375520055389257,"Taucorr":0.3967822443775424},"Iteration":28},
{"Acceptance":[0.06400560224089635],"Energy":{"Mean":-205.5564516129032,"Sigma":0.19868846765733733,"Taucorr":0.3123272766837125},"EnergyVariance":{"Mean":2.988748699271592,"Sigma":0.5300245266403254,"Taucorr":0.0156545231113292},"Iteration":29} 
]}