{"Output": [
{"Acceptance":[0.8038290886188815],"Energy":{"Mean":-3931.3004032258063,"Sigma":1.2907786229968712,"Taucorr":-0.04627812453842306},"EnergyVariance":{"Mean":1819.5226611277315,"Sigma":86.66176447687283,"Taucorr":-0.0163122765301853},"Iteration":0},
{"Acceptance":[0.7358947867499805],"Energy":{"Mean":-3952.157258064516,"Sigma":1.7214686977158744,"Taucorr":0.3685809654044415},"EnergyVariance":{"Mean":1690.5639795785642,"Sigma":70.58907422404542,"Taucorr":-0.06624126495191995},"Iteration":1},
{"Acceptance":[0.5748904913206853],"Energy":{"Mean":-4013.845766129032,"Sigma":1.710098543501483,"Taucorr":0.2496151593917023},"EnergyVariance":{"Mean":1933.069961913046,"Sigma":116.2389753252085,"Taucorr":0.35754917935689035},"Iteration":2},
{"Acceptance":[0.4509599258383871],"Energy":{"Mean":-4097.577620967742,"Sigma":1.6787462563257833,"Taucorr":0.32776783378561913},"EnergyVariance":{"Mean":1686.9617169208507,"Sigma":102.32667888792203,"Taucorr":0.3651567862745707},"Iteration":3},
{"Acceptance":[0.3537820299618577],"Energy":{"Mean":-4185.941532258064,"Sigma":1.3863388337371207,"Taucorr":0.21370290369692313},"EnergyVariance":{"Mean":1334.3352912005726,"Sigma":56.499441528318215,"Taucorr":-0.008021916707198984},"Iteration":4},
{"Acceptance":[0.2768252036259934],"Energy":{"Mean":-4258.911290322579,"Sigma":1.7364237311029882,"Taucorr":0.971415860360072},"EnergyVariance":{"Mean":1015.3590660770031,"Sigma":52.63602083699657,"Taucorr":0.12772574956888583},"Iteration":5},
{"Acceptance":[0.21852554258985374],"Energy":{"Mean":-4313.027217741936,"Sigma":1.224901539972331,"Taucorr":0.7316500047444512},"EnergyVariance":{"Mean":603.6131704848465,"Sigma":22.732787327402157,"Taucorr":-0.14167180947377112},"Iteration":6},
{"Acceptance":[0.1789255057921069],"Energy":{"Mean":-4348.175403225806,"Sigma":0.9791098388687163,"Taucorr":0.5742086891831426},"EnergyVariance":{"Mean":442.19907241805413,"Sigma":23.025531141376312,"Taucorr":0.17586146818202142},"Iteration":7},
{"Acceptance":[0.1504037137418355],"Energy":{"Mean":-4375.617943548387,"Sigma":0.8893902491502718,"Taucorr":0.8497045384319528},"EnergyVariance":{"Mean":290.3953635129422,"Sigma":15.846817363823764,"Taucorr":0.15374447931920132},"Iteration":8},
{"Acceptance":[0.1269097676788406],"Energy":{"Mean":-4392.932459677418,"Sigma":0.7013887565265676,"Taucorr":0.6574114349875628},"EnergyVariance":{"Mean":210.60733346611605,"Sigma":8.614093837402653,"Taucorr":-0.12678227618144805},"Iteration":9},
{"Acceptance":[0.10937776425381954],"Energy":{"Mean":-4406.789314516129,"Sigma":0.5311728433492714,"Taucorr":0.3693138840801352},"EnergyVariance":{"Mean":160.81952291720862,"Sigma":8.053388668585683,"Taucorr":0.10412161100257022},"Iteration":10},
{"Acceptance":[0.09638179077650322],"Energy":{"Mean":-4415.690524193548,"Sigma":0.4470617814938487,"Taucorr":0.3058310473923018},"EnergyVariance":{"Mean":122.895152144576,"Sigma":6.429963740684691,"Taucorr":0.11262324258632506},"Iteration":11},
{"Acceptance":[0.08316290787117958],"Energy":{"Mean":-4422.80443548387,"Sigma":0.4446751481263732,"Taucorr":0.5495917237231556},"EnergyVariance":{"Mean":93.34885129422477,"Sigma":4.576731147929365,"Taucorr":0.029884704880536406},"Iteration":12},
{"Acceptance":[0.07637301592917849],"Energy":{"Mean":-4429.073588709676,"Sigma":0.438218372361096,"Taucorr":0.5640590644572716},"EnergyVariance":{"Mean":89.4250282501951,"Sigma":6.549823264969651,"Taucorr":0.6575827266318408},"Iteration":13},
{"Acceptance":[0.06655084811729989],"Energy":{"Mean":-4434.252016129033,"Sigma":0.3911372595022152,"Taucorr":0.4999240539080879},"EnergyVariance":{"Mean":75.8114878707076,"Sigma":5.867779440971698,"Taucorr":0.27294548936673946},"Iteration":14},
{"Acceptance":[0.06263401102517108],"Energy":{"Mean":-4439.584677419356,"Sigma":0.3739124955482292,"Taucorr":0.703096172426356},"EnergyVariance":{"Mean":57.58153941207076,"Sigma":4.635887487444991,"Taucorr":0.5558425864954688},"Iteration":15},
{"Acceptance":[0.058657023769929165],"Energy":{"Mean":-4443.116935483871,"Sigma":0.39242921438408795,"Taucorr":0.974697839823566},"EnergyVariance":{"Mean":51.74439060874091,"Sigma":3.187561667404635,"Taucorr":0.03754851618462318},"Iteration":16},
{"Acceptance":[0.052585395540396145],"Energy":{"Mean":-4446.947580645162,"Sigma":0.3109855341834748,"Taucorr":0.5757685369205128},"EnergyVariance":{"Mean":44.545639308012476,"Sigma":2.728039399437839,"Taucorr":0.19524146609117454},"Iteration":17},
{"Acceptance":[0.04954604318074063],"Energy":{"Mean":-4448.825604838709,"Sigma":0.3688302212309605,"Taucorr":1.008759598521382},"EnergyVariance":{"Mean":44.67623955352497,"Sigma":3.5389928235268684,"Taucorr":0.8008656844055468},"Iteration":18},
{"Acceptance":[0.04558320890505474],"Energy":{"Mean":-4451.84375,"Sigma":0.36761317838826246,"Taucorr":1.2171068833861247},"EnergyVariance":{"Mean":38.99675529233872,"Sigma":3.0215323642469447,"Taucorr":0.3011930812271999},"Iteration":19},
{"Acceptance":[0.04154960973158874],"Energy":{"Mean":-4454.649193548386,"Sigma":0.2497214075977015,"Taucorr":0.4494098252407023},"EnergyVariance":{"Mean":32.546289672216446,"Sigma":1.8501796727163706,"Taucorr":-0.04295669732278701},"Iteration":20},
{"Acceptance":[0.04070396920311649],"Energy":{"Mean":-4456.08064516129,"Sigma":0.28253802360296637,"Taucorr":0.8993879252920265},"EnergyVariance":{"Mean":28.2656737773153,"Sigma":1.8621206790291593,"Taucorr":0.3914862908821629},"Iteration":21},
{"Acceptance":[0.038803931697720666],"Energy":{"Mean":-4458.242943548387,"Sigma":0.4254279887559381,"Taucorr":2.046120459117528},"EnergyVariance":{"Mean":35.222228432297094,"Sigma":3.331488604088199,"Taucorr":0.7122023422618564},"Iteration":22},
{"Acceptance":[0.037855682067467256],"Energy":{"Mean":-4460.413306451613,"Sigma":0.3405604397651539,"Taucorr":1.1027036110849546},"EnergyVariance":{"Mean":35.85740358350676,"Sigma":3.234945715441518,"Taucorr":0.5387104001946423},"Iteration":23},
{"Acceptance":[0.037048962232774055],"Energy":{"Mean":-4464.756048387097,"Sigma":0.2450296373393336,"Taucorr":0.32584628608928323},"EnergyVariance":{"Mean":36.0231489008845,"Sigma":2.0454693828327657,"Taucorr":-0.023532159546414133},"Iteration":24},
{"Acceptance":[0.033443490690877695],"Energy":{"Mean":-4467.142137096775,"Sigma":0.27508490376496436,"Taucorr":0.5654963153433112},"EnergyVariance":{"Mean":35.19048252959156,"Sigma":1.5701859278852777,"Taucorr":-0.06503600126833176},"Iteration":25},
{"Acceptance":[0.030159999433880817],"Energy":{"Mean":-4469.5625,"Sigma":0.3637365357963394,"Taucorr":1.4366309808753723},"EnergyVariance":{"Mean":33.85093245967743,"Sigma":3.301021984210478,"Taucorr":0.19160763744862397},"Iteration":26},
{"Acceptance":[0.02529491271149859],"Energy":{"Mean":-4472.813508064517,"Sigma":0.2739513082382688,"Taucorr":1.1289247277220749},"EnergyVariance":{"Mean":22.82913204832206,"Sigma":1.4431462977327627,"Taucorr":0.35570204390715876},"Iteration":27},
{"Acceptance":[0.022103415821615846],"Energy":{"Mean":-4474.617943548386,"Sigma":0.2477329572466191,"Taucorr":0.808383813727584},"EnergyVariance":{"Mean":23.242137706490634,"Sigma":1.7951004331800833,"Taucorr":0.31595941293322904},"Iteration":28},
{"Acceptance":[0.019817709623318448],"Energy":{"Mean":-4475.389112903226,"Sigma":0.2422775639408172,"Taucorr":0.8582833045466471},"EnergyVariance":{"Mean":21.413107277575445,"Sigma":1.6969989740826148,"Taucorr":0.48204184866674604},"Iteration":29},
{"Acceptance":[0.01715341122189749],"Energy":{"Mean":-4477.380040322582,"Sigma":0.16710353178670626,"Taucorr":0.37940107071937734},"EnergyVariance":{"Mean":15.733593546761186,"Sigma":1.0410361360280578,"Taucorr":-0.08422216231892538},"Iteration":30},
{"Acceptance":[0.015143688124942503],"Energy":{"Mean":-4478.230846774194,"Sigma":0.19331092624050034,"Taucorr":0.9460768481046371},"EnergyVariance":{"Mean":12.804572670070238,"Sigma":1.1818999670954182,"Taucorr":0.5559008080694945},"Iteration":31},
{"Acceptance":[0.01405744694401789],"Energy":{"Mean":-4478.957661290322,"Sigma":0.14442882895339518,"Taucorr":0.3603034179952427},"EnergyVariance":{"Mean":12.014336465920913,"Sigma":1.816326012550352,"Taucorr":0.6602900766970217},"Iteration":32},
{"Acceptance":[0.012327245193294319],"Energy":{"Mean":-4479.321572580646,"Sigma":0.19472091076854767,"Taucorr":0.9928363525404866},"EnergyVariance":{"Mean":12.585099139893341,"Sigma":2.068592147270482,"Taucorr":0.46255825652419236},"Iteration":33},
{"Acceptance":[0.012104335765286987],"Energy":{"Mean":-4480.033266129032,"Sigma":0.1332456408209627,"Taucorr":0.42466810411917555},"EnergyVariance":{"Mean":9.514014332401144,"Sigma":1.4768876722429596,"Taucorr":0.47426127652796646},"Iteration":34},
{"Acceptance":[0.011272848216370751],"Energy":{"Mean":-4480.163306451614,"Sigma":0.17948078442304002,"Taucorr":0.6090157931853493},"EnergyVariance":{"Mean":14.392685841571273,"Sigma":2.625627136573604,"Taucorr":0.517001746944564},"Iteration":35},
{"Acceptance":[0.010257371933226242],"Energy":{"Mean":-4481.027217741936,"Sigma":0.13443665701832097,"Taucorr":0.9406833814648463},"EnergyVariance":{"Mean":6.215993065491676,"Sigma":0.7606000513232731,"Taucorr":0.2189197877312884},"Iteration":36},
{"Acceptance":[0.010865950054135147],"Energy":{"Mean":-4481.477822580645,"Sigma":0.1009051935755865,"Taucorr":0.4899590194984753},"EnergyVariance":{"Mean":5.096282355619146,"Sigma":0.4364159056324169,"Taucorr":0.48534468425921673},"Iteration":37},
{"Acceptance":[0.011414378011930962],"Energy":{"Mean":-4481.881048387097,"Sigma":0.10627983605077264,"Taucorr":0.41710121601142025},"EnergyVariance":{"Mean":6.10278599765869,"Sigma":0.5956874658837612,"Taucorr":0.10069387435673549},"Iteration":38},
{"Acceptance":[0.011322383644816825],"Energy":{"Mean":-4482.332661290324,"Sigma":0.11227714997733246,"Taucorr":0.5091460710428675},"EnergyVariance":{"Mean":6.189739691727368,"Sigma":0.6885906978041959,"Taucorr":0.3834231030620573},"Iteration":39},
{"Acceptance":[0.011849582133278608],"Energy":{"Mean":-4482.644153225806,"Sigma":0.11451926440124283,"Taucorr":0.4732678081392796},"EnergyVariance":{"Mean":6.676800492650884,"Sigma":0.7390350558177167,"Taucorr":0.13000807654553936},"Iteration":40},
{"Acceptance":[0.010834105850134099],"Energy":{"Mean":-4483.042338709676,"Sigma":0.12026087154277072,"Taucorr":0.4201038644571019},"EnergyVariance":{"Mean":7.788530014308012,"Sigma":2.0750698727816697,"Taucorr":0.835501517582806},"Iteration":41},
{"Acceptance":[0.010908408992803209],"Energy":{"Mean":-4483.28125,"Sigma":0.11193481085758411,"Taucorr":0.6553542779314183},"EnergyVariance":{"Mean":5.373519405241935,"Sigma":0.6059799979607541,"Taucorr":0.24562003363790563},"Iteration":42},
{"Acceptance":[0.010653655360794831],"Energy":{"Mean":-4483.631048387097,"Sigma":0.11132732749276007,"Taucorr":0.39365093917893423},"EnergyVariance":{"Mean":6.87193922346514,"Sigma":1.2388405926290393,"Taucorr":0.3813179626371941},"Iteration":43},
{"Acceptance":[0.00918528373185765],"Energy":{"Mean":-4484.051411290321,"Sigma":0.08816886714057269,"Taucorr":0.2013238686445632},"EnergyVariance":{"Mean":5.492316556646722,"Sigma":0.5019292241241954,"Taucorr":-0.06325724425797352},"Iteration":44},
{"Acceptance":[0.00913221005852257],"Energy":{"Mean":-4484.365927419353,"Sigma":0.09637012416958123,"Taucorr":0.4218171170126329},"EnergyVariance":{"Mean":4.992105188280437,"Sigma":0.5871078220540168,"Taucorr":0.26649730890059375},"Iteration":45},
{"Acceptance":[0.008463481774500577],"Energy":{"Mean":-4484.739919354839,"Sigma":0.05849728119206304,"Taucorr":-0.10055972739765395},"EnergyVariance":{"Mean":4.244858058012487,"Sigma":0.39578132062103927,"Taucorr":0.014208701388966904},"Iteration":46},
{"Acceptance":[0.007486926185135126],"Energy":{"Mean":-4484.722782258065,"Sigma":0.13468637292364707,"Taucorr":0.8411015213477779},"EnergyVariance":{"Mean":6.702384194523933,"Sigma":1.661140458730873,"Taucorr":0.9609706701487297},"Iteration":47},
{"Acceptance":[0.007402008307799],"Energy":{"Mean":-4485.430443548386,"Sigma":0.0873090956703836,"Taucorr":0.27685324733505123},"EnergyVariance":{"Mean":4.862097383909989,"Sigma":0.8203909714031744,"Taucorr":0.31814401002052894},"Iteration":48},
{"Acceptance":[0.006995110145563394],"Energy":{"Mean":-4485.522177419353,"Sigma":0.1101779622218038,"Taucorr":0.7002074048241309},"EnergyVariance":{"Mean":5.011604936264308,"Sigma":0.7987306062042014,"Taucorr":0.2747371304136046},"Iteration":49} 
]}