{"Output": [
{"Acceptance":[0.5811041548093341],"Energy":{"Mean":-3947.870967741935,"Sigma":4.139240992052519,"Taucorr":0.10827509513640532},"EnergyVariance":{"Mean":1732.273673257024,"Sigma":248.7697011929123,"Taucorr":0.022470545478076587},"Iteration":0},
{"Acceptance":[0.23284006829823564],"Energy":{"Mean":-4012.83870967742,"Sigma":3.9971520168211794,"Taucorr":0.40207609289604795},"EnergyVariance":{"Mean":1089.264308012487,"Sigma":215.8730726627759,"Taucorr":0.5251353827267069},"Iteration":1},
{"Acceptance":[0.1518497438816164],"Energy":{"Mean":-4087.2580645161283,"Sigma":2.237704873511378,"Taucorr":-0.061201976397983304},"EnergyVariance":{"Mean":701.8043704474504,"Sigma":110.44015418499247,"Taucorr":0.10456410173454422},"Iteration":2},
{"Acceptance":[0.09732498577120091],"Energy":{"Mean":-4153.895161290323,"Sigma":2.4573177470334104,"Taucorr":0.39211597311307567},"EnergyVariance":{"Mean":416.2712669094693,"Sigma":53.8872347786148,"Taucorr":0.03804637163176616},"Iteration":3},
{"Acceptance":[0.09103585657370518],"Energy":{"Mean":-4203.895161290323,"Sigma":2.206289098272154,"Taucorr":0.3981731066611598},"EnergyVariance":{"Mean":333.3035249739854,"Sigma":38.29700236607089,"Taucorr":-0.00308104588720709},"Iteration":4},
{"Acceptance":[0.054097894137734776],"Energy":{"Mean":-4240.81451612903,"Sigma":1.5036232111180476,"Taucorr":0.3387272046088251},"EnergyVariance":{"Mean":165.78011186264308,"Sigma":24.759282716419293,"Taucorr":0.04835312278442161},"Iteration":5},
{"Acceptance":[0.02757541263517359],"Energy":{"Mean":-4258.524193548388,"Sigma":0.6341910051469609,"Taucorr":0.23748911688219954},"EnergyVariance":{"Mean":33.53973725286159,"Sigma":6.060169317291006,"Taucorr":0.30122391941019433},"Iteration":6},
{"Acceptance":[0.022111553784860558],"Energy":{"Mean":-4264.129032258065,"Sigma":0.5796586601879528,"Taucorr":-0.010244774647033605},"EnergyVariance":{"Mean":42.19302809573362,"Sigma":6.885707339753225,"Taucorr":0.02544799432860323},"Iteration":7},
{"Acceptance":[0.012919749573136028],"Energy":{"Mean":-4267.403225806451,"Sigma":0.5199872593759114,"Taucorr":0.27001252815820576},"EnergyVariance":{"Mean":21.59547346514048,"Sigma":3.687308867376621,"Taucorr":0.09369104005534568},"Iteration":8},
{"Acceptance":[0.011582242458736482],"Energy":{"Mean":-4273.225806451614,"Sigma":0.687088570802689,"Taucorr":0.4704789130435175},"EnergyVariance":{"Mean":29.916753381893862,"Sigma":3.805014745022493,"Taucorr":0.1938629121583677},"Iteration":9},
{"Acceptance":[0.010102447353443369],"Energy":{"Mean":-4277.258064516128,"Sigma":0.5464307291841716,"Taucorr":0.16936910880574485},"EnergyVariance":{"Mean":27.433402705515086,"Sigma":2.959352299044805,"Taucorr":0.025637682948166818},"Iteration":10},
{"Acceptance":[0.005833807626636312],"Energy":{"Mean":-4281.629032258065,"Sigma":0.35618025967853634,"Taucorr":0.13526508652644087},"EnergyVariance":{"Mean":12.281737773152965,"Sigma":2.1311546636611154,"Taucorr":0.12280963759394692},"Iteration":11},
{"Acceptance":[0.004040978941377347],"Energy":{"Mean":-4283.072580645161,"Sigma":0.24268700482332767,"Taucorr":0.1864072764024156},"EnergyVariance":{"Mean":5.276990114464101,"Sigma":1.003292933178593,"Taucorr":-0.07099761003092009},"Iteration":12},
{"Acceptance":[0.006573705179282869],"Energy":{"Mean":-4284.846774193548,"Sigma":0.23580034706659533,"Taucorr":0.2360313571778737},"EnergyVariance":{"Mean":4.645876690946931,"Sigma":0.3799925450483939,"Taucorr":-0.16575764106506807},"Iteration":13},
{"Acceptance":[0.009590210586226522],"Energy":{"Mean":-4286.532258064516,"Sigma":0.2801070109173282,"Taucorr":0.24897637795276717},"EnergyVariance":{"Mean":6.4425078043704485,"Sigma":0.7966542373254775,"Taucorr":-0.010006903004090462},"Iteration":14},
{"Acceptance":[0.0035856573705179283],"Energy":{"Mean":-4288.629032258064,"Sigma":0.19186092344145042,"Taucorr":0.5438107232817184},"EnergyVariance":{"Mean":2.1688345473465147,"Sigma":0.7739929701307577,"Taucorr":0.34567608711127795},"Iteration":15},
{"Acceptance":[0.0029311326124075126],"Energy":{"Mean":-4288.346774193549,"Sigma":0.16667100237163704,"Taucorr":0.1417800688964692},"EnergyVariance":{"Mean":2.6620057232049943,"Sigma":0.48839780906556024,"Taucorr":-0.015338192017336105},"Iteration":16},
{"Acceptance":[0.0017928286852589642],"Energy":{"Mean":-4288.975806451614,"Sigma":0.17248766463206772,"Taucorr":0.8273979712195658},"EnergyVariance":{"Mean":1.3784469302809572,"Sigma":0.5675662173763532,"Taucorr":0.8645050039973026},"Iteration":17},
{"Acceptance":[0.0015367103016505406],"Energy":{"Mean":-4289.145161290324,"Sigma":0.10984727517796912,"Taucorr":0.20036214092784987},"EnergyVariance":{"Mean":1.0595733610822062,"Sigma":0.532192197555573,"Taucorr":-0.015935884800544198},"Iteration":18},
{"Acceptance":[0.002475811041548093],"Energy":{"Mean":-4289.532258064518,"Sigma":0.11164817020044315,"Taucorr":0.3275414209485974},"EnergyVariance":{"Mean":0.9263787721123828,"Sigma":0.15545414375676642,"Taucorr":0.35145664133102905},"Iteration":19},
{"Acceptance":[0.003699487763232783],"Energy":{"Mean":-4289.6290322580635,"Sigma":0.14097918311877805,"Taucorr":0.31080241587565616},"EnergyVariance":{"Mean":1.507544224765869,"Sigma":0.29659933118905746,"Taucorr":0.063126926009348},"Iteration":20},
{"Acceptance":[0.0030165054069436537],"Energy":{"Mean":-4290.59677419355,"Sigma":0.15234608809698136,"Taucorr":0.0863871967512223},"EnergyVariance":{"Mean":2.4341831425598337,"Sigma":0.5567837194683124,"Taucorr":0.06835848926673227},"Iteration":21},
{"Acceptance":[0.0010529311326124076],"Energy":{"Mean":-4290.887096774192,"Sigma":0.06006124750005458,"Taucorr":-0.029099944782235265},"EnergyVariance":{"Mean":0.47112382934443287,"Sigma":0.2814666315733288,"Taucorr":-0.019367249991504576},"Iteration":22},
{"Acceptance":[0.0006545247581104155],"Energy":{"Mean":-4291.024193548387,"Sigma":0.15042718682557193,"Taucorr":0.32595051530493346},"EnergyVariance":{"Mean":1.684898543184183,"Sigma":0.6911406631701468,"Taucorr":0.2376879599480185},"Iteration":23},
{"Acceptance":[0.0017643710870802504],"Energy":{"Mean":-4291.322580645162,"Sigma":0.19544323364828753,"Taucorr":0.3797983242399232},"EnergyVariance":{"Mean":2.6701352757544226,"Sigma":0.6102461962674912,"Taucorr":0.08212541219090008},"Iteration":24},
{"Acceptance":[0.0004553215708594195],"Energy":{"Mean":-4291.129032258064,"Sigma":0.09896709004286565,"Taucorr":0.9957848837210541},"EnergyVariance":{"Mean":0.40270551508844954,"Sigma":0.3618093008679048,"Taucorr":1.0221975249212278},"Iteration":25},
{"Acceptance":[0.0008821855435401252],"Energy":{"Mean":-4291.080645161292,"Sigma":0.12235760693569239,"Taucorr":0.3086189170665369},"EnergyVariance":{"Mean":1.1386576482830384,"Sigma":0.4508146774496042,"Taucorr":0.12486790623797328},"Iteration":26},
{"Acceptance":[0.0007683551508252703],"Energy":{"Mean":-4291.032258064516,"Sigma":0.1404399459742571,"Taucorr":0.6070097340931186},"EnergyVariance":{"Mean":1.0957336108220603,"Sigma":0.6652615847487295,"Taucorr":0.5143467645546298},"Iteration":27},
{"Acceptance":[0.0008537279453614115],"Energy":{"Mean":-4291.4112903225805,"Sigma":0.1514039970037352,"Taucorr":0.39178837371955066},"EnergyVariance":{"Mean":1.580840270551509,"Sigma":0.6832360042899192,"Taucorr":0.312995401695336},"Iteration":28},
{"Acceptance":[0.0012805919180421173],"Energy":{"Mean":-4291.540322580645,"Sigma":0.12383694089099474,"Taucorr":0.039437562771981294},"EnergyVariance":{"Mean":1.7483740894901145,"Sigma":0.3518323485446079,"Taucorr":0.02661813633061716},"Iteration":29},
{"Acceptance":[0.0021912350597609563],"Energy":{"Mean":-4291.814516129033,"Sigma":0.16879066293650768,"Taucorr":0.1649660619522204},"EnergyVariance":{"Mean":2.6349505723204993,"Sigma":0.40368768792262727,"Taucorr":0.15064151515309987},"Iteration":30},
{"Acceptance":[0.0037848605577689245],"Energy":{"Mean":-4293.225806451613,"Sigma":0.22788026199094236,"Taucorr":0.20006985629557783},"EnergyVariance":{"Mean":4.5619146722164405,"Sigma":0.42222339760240524,"Taucorr":-0.11897594342453038},"Iteration":31},
{"Acceptance":[0.004325554923164485],"Energy":{"Mean":-4293.540322580645,"Sigma":0.26515788920719174,"Taucorr":0.2969314490512699},"EnergyVariance":{"Mean":5.425793444328824,"Sigma":0.9566644988448055,"Taucorr":0.017411740077904803},"Iteration":32},
{"Acceptance":[0.0016220830961866817],"Energy":{"Mean":-4294.596774193547,"Sigma":0.16341344563518725,"Taucorr":0.07880031172647461},"EnergyVariance":{"Mean":2.8374089490114462,"Sigma":1.0930252839241326,"Taucorr":-0.03419158344517603},"Iteration":33},
{"Acceptance":[0.0011667615253272625],"Energy":{"Mean":-4295.040322580644,"Sigma":0.12109312498437343,"Taucorr":0.011083262688271645},"EnergyVariance":{"Mean":1.7645031217481792,"Sigma":0.8380420258456328,"Taucorr":-0.029018502760424947},"Iteration":34},
{"Acceptance":[0.0006829823562891292],"Energy":{"Mean":-4295.008064516129,"Sigma":0.09016403135083398,"Taucorr":0.1526445368880328},"EnergyVariance":{"Mean":0.766063995837669,"Sigma":0.3750853760554293,"Taucorr":0.029855881065520395},"Iteration":35},
{"Acceptance":[0.000910643141718839],"Energy":{"Mean":-4295.137096774196,"Sigma":0.11290322580652223,"Taucorr":0.41131775912976654},"EnergyVariance":{"Mean":0.8602367325702396,"Sigma":0.45859434764162166,"Taucorr":0.34522660571506425},"Iteration":36},
{"Acceptance":[0.0014797951052931133],"Energy":{"Mean":-4295.564516129034,"Sigma":0.18108385671660313,"Taucorr":0.46743728940450213},"EnergyVariance":{"Mean":2.084547346514048,"Sigma":0.6145185056013529,"Taucorr":0.34426043180758925},"Iteration":37},
{"Acceptance":[0.0014513375071143995],"Energy":{"Mean":-4295.548387096774,"Sigma":0.19483221166972808,"Taucorr":0.8115865244079603},"EnergyVariance":{"Mean":1.7799167533818938,"Sigma":0.5697465651748279,"Taucorr":0.8984198911124608},"Iteration":38},
{"Acceptance":[0.0028457598178713715],"Energy":{"Mean":-4296.064516129033,"Sigma":0.16312132743586544,"Taucorr":0.07404864026268587},"EnergyVariance":{"Mean":2.8506763787721123,"Sigma":0.31535314769388106,"Taucorr":-0.03911114173541563},"Iteration":39},
{"Acceptance":[0.006317586795674445],"Energy":{"Mean":-4297.0241935483855,"Sigma":0.21451208663021148,"Taucorr":0.0839535663960993},"EnergyVariance":{"Mean":4.8461888657648275,"Sigma":0.4555635109572752,"Taucorr":0.23647555271518084},"Iteration":40},
{"Acceptance":[0.005890722822993739],"Energy":{"Mean":-4298.096774193547,"Sigma":0.30753910044151966,"Taucorr":0.4237110633727271},"EnergyVariance":{"Mean":6.297086368366283,"Sigma":0.2351691061895397,"Taucorr":-0.24903370013009335},"Iteration":41},
{"Acceptance":[0.003642572566875356],"Energy":{"Mean":-4300.088709677419,"Sigma":0.1464400071191154,"Taucorr":0.12893031045488645},"EnergyVariance":{"Mean":2.096969302809574,"Sigma":0.35029198039331727,"Taucorr":-0.06997152632311748},"Iteration":42},
{"Acceptance":[0.002418895845190666],"Energy":{"Mean":-4300.548387096773,"Sigma":0.10001300643826463,"Taucorr":0.2016839762613456},"EnergyVariance":{"Mean":0.8766909469302808,"Sigma":0.28063972264610304,"Taucorr":0.10390171954022664},"Iteration":43},
{"Acceptance":[0.0009391007398975526],"Energy":{"Mean":-4300.919354838708,"Sigma":0.060671751205826754,"Taucorr":0.5322953736656222},"EnergyVariance":{"Mean":0.21930280957336104,"Sigma":0.10128911672034191,"Taucorr":0.47464062733267454},"Iteration":44},
{"Acceptance":[0.0005122367672168469],"Energy":{"Mean":-4300.830645161288,"Sigma":0.05606627315759558,"Taucorr":0.07841992605615977},"EnergyVariance":{"Mean":0.33422216441207064,"Sigma":0.10400319930894508,"Taucorr":0.04439543848892391},"Iteration":45},
{"Acceptance":[0.00022766078542970974],"Energy":{"Mean":-4301.0,"Sigma":0.0,"Taucorr":null},"EnergyVariance":{"Mean":0.0,"Sigma":0.0,"Taucorr":null},"Iteration":46},
{"Acceptance":[0.0003414911781445646],"Energy":{"Mean":-4300.935483870968,"Sigma":0.07510542942399388,"Taucorr":0.9589989059079616},"EnergyVariance":{"Mean":0.2377731529656608,"Sigma":0.20842916816195534,"Taucorr":1.0121570710107919},"Iteration":47},
{"Acceptance":[0.0004553215708594195],"Energy":{"Mean":-4300.967741935484,"Sigma":0.03010272619180589,"Taucorr":0.37797131147680374},"EnergyVariance":{"Mean":0.06347554630593133,"Sigma":0.027619010862965372,"Taucorr":0.32703310521894224},"Iteration":48},
{"Acceptance":[0.00011383039271485487],"Energy":{"Mean":-4301.024193548386,"Sigma":0.024193548387075957,"Taucorr":1.0247933884285134},"EnergyVariance":{"Mean":0.023608220603537983,"Sigma":0.02302289282001326,"Taucorr":1.0247933884297522},"Iteration":49},
{"Acceptance":[0.0003414911781445646],"Energy":{"Mean":-4300.967741935484,"Sigma":0.01919738824880053,"Taucorr":-0.021291208790059857},"EnergyVariance":{"Mean":0.047346514047866814,"Sigma":0.0324525177586966,"Taucorr":-0.012322699191433306},"Iteration":50},
{"Acceptance":[0.0001707455890722823],"Energy":{"Mean":-4300.991935483872,"Sigma":0.00806451612902225,"Taucorr":-8.406608742461685e-13},"EnergyVariance":{"Mean":0.007999479708636835,"Sigma":0.00793444328825987,"Taucorr":0.0},"Iteration":51},
{"Acceptance":[0.0002845759817871372],"Energy":{"Mean":-4300.903225806452,"Sigma":0.03788320221495069,"Taucorr":0.14995210727976738},"EnergyVariance":{"Mean":0.13579604578563995,"Sigma":0.0705266729671065,"Taucorr":0.007403482232546055},"Iteration":52},
{"Acceptance":[0.0001707455890722823],"Energy":{"Mean":-4301.024193548386,"Sigma":0.01779074420189078,"Taucorr":0.32451790633536604},"EnergyVariance":{"Mean":0.023608220603537976,"Sigma":0.016929901740550264,"Taucorr":0.32451790633608857},"Iteration":53},
{"Acceptance":[0.0003414911781445646],"Energy":{"Mean":-4301.0,"Sigma":0.0,"Taucorr":null},"EnergyVariance":{"Mean":0.0,"Sigma":0.0,"Taucorr":null},"Iteration":54},
{"Acceptance":[5.6915196357427435e-05],"Energy":{"Mean":-4301.0,"Sigma":0.0,"Taucorr":null},"EnergyVariance":{"Mean":0.0,"Sigma":0.0,"Taucorr":null},"Iteration":55},
{"Acceptance":[0.00039840637450199205],"Energy":{"Mean":-4301.0,"Sigma":0.01639564589459171,"Taucorr":0.012499999999679101},"EnergyVariance":{"Mean":0.03225806451612903,"Sigma":0.01530134351694377,"Taucorr":-0.03875000000000017},"Iteration":56},
{"Acceptance":[0.0001707455890722823],"Energy":{"Mean":-4301.056451612903,"Sigma":0.03967217379434392,"Taucorr":1.3172161172161827},"EnergyVariance":{"Mean":0.053264828303850154,"Sigma":0.03519305739820072,"Taucorr":1.3172161172161172},"Iteration":57},
{"Acceptance":[0.00022766078542970974],"Energy":{"Mean":-4300.991935483871,"Sigma":0.014122500576953075,"Taucorr":0.008355795148614287},"EnergyVariance":{"Mean":0.024128511966701356,"Sigma":0.01342370202638662,"Taucorr":-0.025610705571437353},"Iteration":58},
{"Acceptance":[5.6915196357427435e-05],"Energy":{"Mean":-4301.0,"Sigma":0.0,"Taucorr":null},"EnergyVariance":{"Mean":0.0,"Sigma":0.0,"Taucorr":null},"Iteration":59},
{"Acceptance":[0.00011383039271485487],"Energy":{"Mean":-4300.991935483872,"Sigma":0.008064516129024675,"Taucorr":-6.45483666517066e-13},"EnergyVariance":{"Mean":0.007999479708636837,"Sigma":0.00793444328825987,"Taucorr":0.0},"Iteration":60},
{"Acceptance":[5.6915196357427435e-05],"Energy":{"Mean":-4300.991935483871,"Sigma":0.00806451612903617,"Taucorr":5.995204332975845e-13},"EnergyVariance":{"Mean":0.007999479708636837,"Sigma":0.007934443288245201,"Taucorr":0.0},"Iteration":61},
{"Acceptance":[0.0001707455890722823],"Energy":{"Mean":-4300.9838709677415,"Sigma":0.03053176530001091,"Taucorr":0.6912162162167406},"EnergyVariance":{"Mean":0.048126951092611864,"Sigma":0.028973269078711315,"Taucorr":0.6445620078737986},"Iteration":62},
{"Acceptance":[0.0002845759817871372],"Energy":{"Mean":-4300.846774193548,"Sigma":0.0774921252978341,"Taucorr":0.3466527508571383},"EnergyVariance":{"Mean":0.43619927159209154,"Sigma":0.2615893022263614,"Taucorr":0.31631354965525704},"Iteration":63},
{"Acceptance":[0.00011383039271485487],"Energy":{"Mean":-4301.0,"Sigma":0.0,"Taucorr":null},"EnergyVariance":{"Mean":0.0,"Sigma":0.0,"Taucorr":null},"Iteration":64},
{"Acceptance":[0.0002845759817871372],"Energy":{"Mean":-4300.943548387096,"Sigma":0.07305697936405112,"Taucorr":0.5024031777572828},"EnergyVariance":{"Mean":0.3274583766909468,"Sigma":0.2507843657353554,"Taucorr":0.4996125959733716},"Iteration":65},
{"Acceptance":[0.00022766078542970974],"Energy":{"Mean":-4301.032258064517,"Sigma":0.019197388248806967,"Taucorr":0.22604166666838743},"EnergyVariance":{"Mean":0.03121748178980229,"Sigma":0.017958847071397235,"Taucorr":0.22604166666666647},"Iteration":66},
{"Acceptance":[0.0001707455890722823],"Energy":{"Mean":-4301.0,"Sigma":0.0,"Taucorr":null},"EnergyVariance":{"Mean":0.0,"Sigma":0.0,"Taucorr":null},"Iteration":67},
{"Acceptance":[0.00022766078542970974],"Energy":{"Mean":-4301.0161290322585,"Sigma":0.028245001153928067,"Taucorr":0.5194594594605939},"EnergyVariance":{"Mean":0.04812695109261186,"Sigma":0.026712794283017687,"Taucorr":0.47293307086614433},"Iteration":68},
{"Acceptance":[0.00022766078542970974],"Energy":{"Mean":-4301.0161290322585,"Sigma":0.011213254631586024,"Taucorr":-0.01270491802787449},"EnergyVariance":{"Mean":0.015868886576482832,"Sigma":0.010851536740164017,"Taucorr":-0.012704918032787116},"Iteration":69},
{"Acceptance":[0.0004553215708594195],"Energy":{"Mean":-4301.032258064516,"Sigma":0.037997480610940736,"Taucorr":0.8988729508197957},"EnergyVariance":{"Mean":0.06347554630593133,"Sigma":0.03511851079146685,"Taucorr":0.8371460170656551},"Iteration":70},
{"Acceptance":[5.6915196357427435e-05],"Energy":{"Mean":-4301.0,"Sigma":0.0,"Taucorr":null},"EnergyVariance":{"Mean":0.0,"Sigma":0.0,"Taucorr":null},"Iteration":71},
{"Acceptance":[0.0001707455890722823],"Energy":{"Mean":-4301.016129032258,"Sigma":0.011213254631521334,"Taucorr":-0.012704918032041046},"EnergyVariance":{"Mean":0.01586888657648283,"Sigma":0.010851536740184414,"Taucorr":-0.012704918032786894},"Iteration":72},
{"Acceptance":[0.00022766078542970974],"Energy":{"Mean":-4301.0,"Sigma":0.011593472394008927,"Taucorr":0.012500000000218559},"EnergyVariance":{"Mean":0.016129032258064516,"Sigma":0.011213254631513016,"Taucorr":-0.012704918032786783},"Iteration":73},
{"Acceptance":[0.0002845759817871372],"Energy":{"Mean":-4301.024193548386,"Sigma":0.013494516557000315,"Taucorr":-0.02561983471077539},"EnergyVariance":{"Mean":0.023608220603537976,"Sigma":0.012841556078455644,"Taucorr":-0.025619834710744138},"Iteration":74},
{"Acceptance":[0.00011383039271485487],"Energy":{"Mean":-4300.991935483872,"Sigma":0.029520976157665052,"Taucorr":0.831340872376495},"EnergyVariance":{"Mean":0.040257544224765865,"Sigma":0.028446368232290725,"Taucorr":0.7940404998949406},"Iteration":75},
{"Acceptance":[0.0003414911781445646],"Energy":{"Mean":-4301.032258064516,"Sigma":0.02242650926302721,"Taucorr":0.15329670329668676},"EnergyVariance":{"Mean":0.047346514047866814,"Sigma":0.020405108234999043,"Taucorr":0.10561708911411671},"Iteration":76},
{"Acceptance":[0.0002845759817871372],"Energy":{"Mean":-4301.024193548386,"Sigma":0.02123485769693394,"Taucorr":0.19787234042609725},"EnergyVariance":{"Mean":0.03973725286160249,"Sigma":0.019695622508602555,"Taucorr":0.15284889171853422},"Iteration":77},
{"Acceptance":[0.0004553215708594195],"Energy":{"Mean":-4301.016129032258,"Sigma":0.01986339053969535,"Taucorr":0.258333333333722},"EnergyVariance":{"Mean":0.03199791883454735,"Sigma":0.018781004836411565,"Taucorr":0.21726054617249213},"Iteration":78},
{"Acceptance":[0.00039840637450199205],"Energy":{"Mean":-4300.887096774193,"Sigma":0.11110316193094376,"Taucorr":0.033584750411481346},"EnergyVariance":{"Mean":1.4227367325702396,"Sigma":0.8823059148664627,"Taucorr":-0.017551404142251537},"Iteration":79},
{"Acceptance":[0.0003414911781445646],"Energy":{"Mean":-4300.895161290321,"Sigma":0.11345869502569392,"Taucorr":0.1227502941627725},"EnergyVariance":{"Mean":1.271266909469303,"Sigma":0.9781683718102844,"Taucorr":0.00813380127659935},"Iteration":80},
{"Acceptance":[0.0002845759817871372],"Energy":{"Mean":-4301.024193548387,"Sigma":0.013494516557004269,"Taucorr":-0.025619834710545353},"EnergyVariance":{"Mean":0.02360822060353798,"Sigma":0.0128415560784311,"Taucorr":-0.025619834710743805},"Iteration":81},
{"Acceptance":[0.0006829823562891292],"Energy":{"Mean":-4301.016129032257,"Sigma":0.05429841364714632,"Taucorr":0.36583850931753437},"EnergyVariance":{"Mean":0.20941727367325702,"Sigma":0.14591181450404328,"Taucorr":0.468904369397399},"Iteration":82},
{"Acceptance":[0.0007398975526465567],"Energy":{"Mean":-4301.0887096774195,"Sigma":0.031852286545368765,"Taucorr":0.14346076458753854},"EnergyVariance":{"Mean":0.09696930280957336,"Sigma":0.025437273016673034,"Taucorr":0.07905274407601504},"Iteration":83},
{"Acceptance":[0.0008252703471826978],"Energy":{"Mean":-4301.112903225805,"Sigma":0.034467355752316645,"Taucorr":0.22948051948067505},"EnergyVariance":{"Mean":0.100156087408949,"Sigma":0.026684404453503167,"Taucorr":0.22948051948051917},"Iteration":84},
{"Acceptance":[0.0007683551508252703],"Energy":{"Mean":-4301.080645161291,"Sigma":0.03151014680019442,"Taucorr":0.32359649122778933},"EnergyVariance":{"Mean":0.07414151925078041,"Sigma":0.026427865058207507,"Taucorr":0.3235964912280703},"Iteration":85},
{"Acceptance":[0.0009675583380762664],"Energy":{"Mean":-4301.145161290322,"Sigma":0.041436234124729576,"Taucorr":0.2530612244899596},"EnergyVariance":{"Mean":0.14021852237252863,"Sigma":0.034711402488573496,"Taucorr":0.46987404113592723},"Iteration":86},
{"Acceptance":[0.0012521343198634036],"Energy":{"Mean":-4301.120967741936,"Sigma":0.03822501246850549,"Taucorr":0.34507645259964737},"EnergyVariance":{"Mean":0.10633454734651404,"Sigma":0.028977025580952238,"Taucorr":0.34507645259938813},"Iteration":87},
{"Acceptance":[0.0010244735344336938],"Energy":{"Mean":-4301.112903225807,"Sigma":0.03989015441192133,"Taucorr":0.47707792207773336},"EnergyVariance":{"Mean":0.10015608740894902,"Sigma":0.03088270018985669,"Taucorr":0.47707792207792177},"Iteration":88},
{"Acceptance":[0.0018782014797951053],"Energy":{"Mean":-4301.104838709678,"Sigma":0.09684137453086786,"Taucorr":0.49834515366472665},"EnergyVariance":{"Mean":0.5777185223725287,"Sigma":0.4166297903094633,"Taucorr":0.4941027334280381},"Iteration":89},
{"Acceptance":[0.0024473534433693796],"Energy":{"Mean":-4301.298387096775,"Sigma":0.04697768121231101,"Taucorr":0.14830692761741482},"EnergyVariance":{"Mean":0.20935223725286162,"Sigma":0.018942613392018505,"Taucorr":0.1483069276172725},"Iteration":90},
{"Acceptance":[0.003500284575981787],"Energy":{"Mean":-4301.354838709678,"Sigma":0.056528365641459355,"Taucorr":0.2524153386454031},"EnergyVariance":{"Mean":0.2611862643080125,"Sigma":0.02786037582642457,"Taucorr":0.29410451491559464},"Iteration":91},
{"Acceptance":[0.0030449630051223677],"Energy":{"Mean":-4301.524193548387,"Sigma":0.056027593419839115,"Taucorr":0.27402868318124907},"EnergyVariance":{"Mean":0.24941467221644117,"Sigma":0.0027110125848540277,"Taucorr":0.27402868318122553},"Iteration":92},
{"Acceptance":[0.0027888446215139444],"Energy":{"Mean":-4301.637096774193,"Sigma":0.04613955816444622,"Taucorr":0.06627285513361758},"EnergyVariance":{"Mean":0.23120447450572323,"Sigma":0.012651169174089308,"Taucorr":0.06627285513361458},"Iteration":93},
{"Acceptance":[0.0013944223107569722],"Energy":{"Mean":-4301.782258064516,"Sigma":0.05019041093657904,"Taucorr":0.4095456281023283},"EnergyVariance":{"Mean":0.17033038501560874,"Sigma":0.028333296496452876,"Taucorr":0.4095456281023292},"Iteration":94},
{"Acceptance":[0.0006829823562891292],"Energy":{"Mean":-4301.927419354838,"Sigma":0.026420779301752337,"Taucorr":0.1377777777784881},"EnergyVariance":{"Mean":0.06731269510926119,"Sigma":0.022585504886932325,"Taucorr":0.1377777777777779},"Iteration":95},
{"Acceptance":[0.00039840637450199205],"Energy":{"Mean":-4301.967741935484,"Sigma":0.015301343516958742,"Taucorr":-0.03874999999931705},"EnergyVariance":{"Mean":0.031217481789802284,"Sigma":0.014314160064238619,"Taucorr":-0.03874999999999995},"Iteration":96},
{"Acceptance":[0.0001707455890722823],"Energy":{"Mean":-4301.975806451614,"Sigma":0.01349451655702951,"Taucorr":-0.02561983470914131},"EnergyVariance":{"Mean":0.023608220603537983,"Sigma":0.012841556078455645,"Taucorr":-0.025619834710743805},"Iteration":97},
{"Acceptance":[0.0001707455890722823],"Energy":{"Mean":-4301.991935483872,"Sigma":0.008064516129029144,"Taucorr":-2.48245868306185e-13},"EnergyVariance":{"Mean":0.007999479708636837,"Sigma":0.00793444328825987,"Taucorr":0.0},"Iteration":98},
{"Acceptance":[0.0002845759817871372],"Energy":{"Mean":-4301.895161290321,"Sigma":0.07311630294608017,"Taucorr":-0.012554237778468369},"EnergyVariance":{"Mean":0.6744927159209158,"Sigma":0.46720121658888314,"Taucorr":-0.012100630247772637},"Iteration":99} 
]}