{"Output": [
{"Acceptance":[0.9362173038229377],"Energy":{"Mean":-301.8225806451614,"Sigma":1.0796998754375084,"Taucorr":0.041939218566565684},"EnergyVariance":{"Mean":132.2911030176899,"Sigma":17.904900712478316,"Taucorr":-0.07770397127355622},"Iteration":0},
{"Acceptance":[0.9162977867203219],"Energy":{"Mean":-303.7338709677418,"Sigma":1.1508491187243768,"Taucorr":0.224542762383379},"EnergyVariance":{"Mean":112.42111082206034,"Sigma":13.484752270270215,"Taucorr":-0.09015971632806985},"Iteration":1},
{"Acceptance":[0.9085513078470825],"Energy":{"Mean":-304.2096774193548,"Sigma":1.3896263506356135,"Taucorr":0.28722562221612935},"EnergyVariance":{"Mean":150.85926118626435,"Sigma":24.50563522330957,"Taucorr":0.1489364814661236},"Iteration":2},
{"Acceptance":[0.8900402414486922],"Energy":{"Mean":-302.47580645161287,"Sigma":1.2249289445438891,"Taucorr":0.12901898544781398},"EnergyVariance":{"Mean":146.70102757544225,"Sigma":23.561953980782448,"Taucorr":-0.00408475416778592},"Iteration":3},
{"Acceptance":[0.8732394366197183],"Energy":{"Mean":-303.36290322580646,"Sigma":0.9345402174157063,"Taucorr":-0.07864085545760324},"EnergyVariance":{"Mean":127.4731399583767,"Sigma":19.72532211257273,"Taucorr":-0.07732950897181151},"Iteration":4},
{"Acceptance":[0.8604627766599597],"Energy":{"Mean":-304.95967741935493,"Sigma":1.0318253461310647,"Taucorr":0.11263470222661576},"EnergyVariance":{"Mean":106.87740634755465,"Sigma":13.087946506966254,"Taucorr":-0.07510597871678137},"Iteration":5},
{"Acceptance":[0.8430583501006036],"Energy":{"Mean":-305.53225806451616,"Sigma":1.1944507632117274,"Taucorr":0.10274711969934391},"EnergyVariance":{"Mean":145.571540062435,"Sigma":18.601154951142046,"Taucorr":-0.04437247822502455},"Iteration":6},
{"Acceptance":[0.8050301810865191],"Energy":{"Mean":-307.0645161290323,"Sigma":1.128502179712109,"Taucorr":0.06347950589556317},"EnergyVariance":{"Mean":138.99583766909467,"Sigma":20.115585647100136,"Taucorr":0.14327619542524983},"Iteration":7},
{"Acceptance":[0.7858148893360161],"Energy":{"Mean":-307.41129032258067,"Sigma":1.217289668916418,"Taucorr":0.19012736045831857},"EnergyVariance":{"Mean":132.04858220603538,"Sigma":13.400263473657,"Taucorr":-0.11387014879276652},"Iteration":8},
{"Acceptance":[0.7247484909456741],"Energy":{"Mean":-310.24999999999994,"Sigma":1.127729663327337,"Taucorr":0.24642987705154684},"EnergyVariance":{"Mean":104.78427419354838,"Sigma":12.527170349483006,"Taucorr":0.0454079694105608},"Iteration":9},
{"Acceptance":[0.6334004024144869],"Energy":{"Mean":-314.58870967741933,"Sigma":1.3623957189597615,"Taucorr":0.2955692361247394},"EnergyVariance":{"Mean":143.48406607700312,"Sigma":22.720190453893043,"Taucorr":0.3420148389251664},"Iteration":10},
{"Acceptance":[0.49708249496981893],"Energy":{"Mean":-321.8951612903226,"Sigma":1.2240738321051872,"Taucorr":0.28030263061519145},"EnergyVariance":{"Mean":118.09384755463061,"Sigma":13.66841042077892,"Taucorr":0.010848021755977988},"Iteration":11},
{"Acceptance":[0.42132796780684106],"Energy":{"Mean":-326.2016129032258,"Sigma":1.159429512736847,"Taucorr":0.3548606828634506},"EnergyVariance":{"Mean":96.70935223725284,"Sigma":13.748106699628485,"Taucorr":0.10184361685523713},"Iteration":12},
{"Acceptance":[0.3369215291750503],"Energy":{"Mean":-331.6370967741936,"Sigma":0.9088009580806204,"Taucorr":0.16928923330845203},"EnergyVariance":{"Mean":75.89249479708636,"Sigma":7.568031047222305,"Taucorr":-0.018962461870365488},"Iteration":13},
{"Acceptance":[0.28209255533199196],"Energy":{"Mean":-335.37903225806457,"Sigma":0.6098288769032657,"Taucorr":0.0949092502338732},"EnergyVariance":{"Mean":38.445044224765866,"Sigma":4.7847977294385196,"Taucorr":0.06528269187962277},"Iteration":14},
{"Acceptance":[0.24336016096579477],"Energy":{"Mean":-338.09677419354836,"Sigma":0.5951955289274443,"Taucorr":0.14402222393109798},"EnergyVariance":{"Mean":33.82934443288241,"Sigma":5.121276485091233,"Taucorr":0.06607016688207645},"Iteration":15},
{"Acceptance":[0.21106639839034205],"Energy":{"Mean":-340.25806451612914,"Sigma":0.6011284047531299,"Taucorr":0.11873723436617489},"EnergyVariance":{"Mean":35.91727367325702,"Sigma":4.194708090781829,"Taucorr":-0.15851780368384694},"Iteration":16},
{"Acceptance":[0.18953722334004025],"Energy":{"Mean":-342.20967741935493,"Sigma":0.5924135949648126,"Taucorr":0.10244120273891066},"EnergyVariance":{"Mean":35.82700312174818,"Sigma":7.653374585627167,"Taucorr":0.13567239041823365},"Iteration":17},
{"Acceptance":[0.16800804828973842],"Energy":{"Mean":-346.4193548387097,"Sigma":0.47340381168856666,"Taucorr":0.16186819158505172},"EnergyVariance":{"Mean":20.824141519250784,"Sigma":2.4919683646487396,"Taucorr":-0.012569465152934722},"Iteration":18},
{"Acceptance":[0.1533199195171026],"Energy":{"Mean":-347.20161290322574,"Sigma":0.4228709090938898,"Taucorr":0.15436958952986224},"EnergyVariance":{"Mean":16.806126430801246,"Sigma":2.7348340284062314,"Taucorr":0.3413934927425568},"Iteration":19},
{"Acceptance":[0.14647887323943662],"Energy":{"Mean":-348.1209677419355,"Sigma":0.5183294827168186,"Taucorr":0.41011725005104593},"EnergyVariance":{"Mean":18.154721644120713,"Sigma":2.918383142873831,"Taucorr":-0.025508702195085775},"Iteration":20},
{"Acceptance":[0.1284708249496982],"Energy":{"Mean":-350.2580645161291,"Sigma":0.40947840395082635,"Taucorr":0.16467905292105556},"EnergyVariance":{"Mean":15.514047866805411,"Sigma":1.760882327468684,"Taucorr":-0.08882469580063967},"Iteration":21},
{"Acceptance":[0.12364185110663983],"Energy":{"Mean":-351.3064516129032,"Sigma":0.41098977000770753,"Taucorr":0.25935021963603144},"EnergyVariance":{"Mean":13.68028095733611,"Sigma":1.9382556965114108,"Taucorr":-0.016439455990081286},"Iteration":22},
{"Acceptance":[0.10995975855130785],"Energy":{"Mean":-352.2983870967741,"Sigma":0.43985263826911203,"Taucorr":0.4051787348786542},"EnergyVariance":{"Mean":13.144836108220606,"Sigma":2.1933255072529083,"Taucorr":0.12537542669678203},"Iteration":23},
{"Acceptance":[0.09195171026156941],"Energy":{"Mean":-354.6370967741935,"Sigma":0.3204161251188982,"Taucorr":-0.03192501844165507},"EnergyVariance":{"Mean":13.489268990634757,"Sigma":1.496346861334956,"Taucorr":-0.09849982059841761},"Iteration":24},
{"Acceptance":[0.08853118712273642],"Energy":{"Mean":-355.8064516129032,"Sigma":0.3099405244323449,"Taucorr":0.09205120183534066},"EnergyVariance":{"Mean":9.978668054110303,"Sigma":1.0457297222415567,"Taucorr":0.057075298323084556},"Iteration":25},
{"Acceptance":[0.08249496981891348],"Energy":{"Mean":-356.42741935483866,"Sigma":0.4058035882080964,"Taucorr":0.2308323360319121},"EnergyVariance":{"Mean":13.857635275754422,"Sigma":1.8136648162649338,"Taucorr":0.2525765766583413},"Iteration":26},
{"Acceptance":[0.07434607645875252],"Energy":{"Mean":-358.77419354838713,"Sigma":0.25382949750780504,"Taucorr":-0.0696343806509912},"EnergyVariance":{"Mean":9.207075962539024,"Sigma":1.7240889413567064,"Taucorr":0.2660792366700203},"Iteration":27},
{"Acceptance":[0.059154929577464786],"Energy":{"Mean":-359.3064516129033,"Sigma":0.3335435514717801,"Taucorr":0.5844215148641414},"EnergyVariance":{"Mean":6.309313215400624,"Sigma":1.2340981743584667,"Taucorr":0.5037245436313635},"Iteration":28},
{"Acceptance":[0.04758551307847082],"Energy":{"Mean":-360.233870967742,"Sigma":0.21933902536296015,"Taucorr":0.07485689735781498},"EnergyVariance":{"Mean":5.146917273673257,"Sigma":0.8101694509287724,"Taucorr":0.08848432914121507},"Iteration":29},
{"Acceptance":[0.039336016096579475],"Energy":{"Mean":-360.6451612903227,"Sigma":0.27232920896881485,"Taucorr":0.5128610629693933},"EnergyVariance":{"Mean":4.503121748178979,"Sigma":1.2859324003821113,"Taucorr":0.5051044910362417},"Iteration":30},
{"Acceptance":[0.0317907444668008],"Energy":{"Mean":-361.258064516129,"Sigma":0.18961047754433147,"Taucorr":0.4146900559621223},"EnergyVariance":{"Mean":2.4172736732570237,"Sigma":0.6729430536640705,"Taucorr":0.26217357713751244},"Iteration":31},
{"Acceptance":[0.025653923541247486],"Energy":{"Mean":-361.0645161290322,"Sigma":0.18620709866564966,"Taucorr":0.28349502963104534},"EnergyVariance":{"Mean":2.7216441207075963,"Sigma":0.9127641708629647,"Taucorr":0.6052835916339785},"Iteration":32},
{"Acceptance":[0.022535211267605635],"Energy":{"Mean":-361.3790322580645,"Sigma":0.18362792841598427,"Taucorr":0.6122789269892137},"EnergyVariance":{"Mean":1.864399063475546,"Sigma":0.735798231291858,"Taucorr":0.7499018869601344},"Iteration":33},
{"Acceptance":[0.019919517102615695],"Energy":{"Mean":-361.37903225806446,"Sigma":0.13808938576131422,"Taucorr":0.3595166595166478},"EnergyVariance":{"Mean":1.3643990634755463,"Sigma":0.3372760987972261,"Taucorr":0.1712189983432797},"Iteration":34},
{"Acceptance":[0.019014084507042252],"Energy":{"Mean":-361.63709677419354,"Sigma":0.0940706592681116,"Taucorr":0.008668166068938166},"EnergyVariance":{"Mean":1.069914151925078,"Sigma":0.4950554195935746,"Taucorr":-0.025366225118475805},"Iteration":35},
{"Acceptance":[0.017706237424547282],"Energy":{"Mean":-361.5725806451613,"Sigma":0.11719936854570893,"Taucorr":0.1786561471341197},"EnergyVariance":{"Mean":1.2447320499479708,"Sigma":0.47517159880788795,"Taucorr":0.22480823184667276},"Iteration":36},
{"Acceptance":[0.014185110663983903],"Energy":{"Mean":-361.5241935483871,"Sigma":0.18956473867560347,"Taucorr":0.6970549899601872},"EnergyVariance":{"Mean":1.8461888657648289,"Sigma":0.8701413510878877,"Taucorr":0.7394409646852702},"Iteration":37},
{"Acceptance":[0.010663983903420523],"Energy":{"Mean":-361.8306451612903,"Sigma":0.06067175120581791,"Taucorr":0.025260298777707746},"EnergyVariance":{"Mean":0.4309963579604579,"Sigma":0.16812580621907736,"Taucorr":0.03387927547985159},"Iteration":38},
{"Acceptance":[0.013883299798792756],"Energy":{"Mean":-361.8145161290322,"Sigma":0.07945356215875801,"Taucorr":0.008180812122247194},"EnergyVariance":{"Mean":0.7639828303850157,"Sigma":0.49319670861795895,"Taucorr":-0.00225069421720403},"Iteration":39},
{"Acceptance":[0.009054325955734407],"Energy":{"Mean":-361.8629032258064,"Sigma":0.07131513215946508,"Taucorr":0.019418943730424743},"EnergyVariance":{"Mean":0.602172216441207,"Sigma":0.3930688950588945,"Taucorr":-0.01340397242010144},"Iteration":40},
{"Acceptance":[0.010462776659959759],"Energy":{"Mean":-361.9274193548387,"Sigma":0.045190082987490346,"Taucorr":0.04938833570413337},"EnergyVariance":{"Mean":0.22860301768990635,"Sigma":0.09209832575647797,"Taucorr":0.14952479986547818},"Iteration":41},
{"Acceptance":[0.010865191146881288],"Energy":{"Mean":-361.83870967741933,"Sigma":0.14551927185341773,"Taucorr":0.9578043098427422},"EnergyVariance":{"Mean":0.8933402705515092,"Sigma":0.47736533620992316,"Taucorr":1.278759435560737},"Iteration":42},
{"Acceptance":[0.011468812877263581],"Energy":{"Mean":-361.92741935483866,"Sigma":0.07879600413144382,"Taucorr":0.07498775829984816},"EnergyVariance":{"Mean":0.6640868886576483,"Sigma":0.22758621101696652,"Taucorr":-0.03737061150019921},"Iteration":43},
{"Acceptance":[0.009758551307847082],"Energy":{"Mean":-361.9032258064516,"Sigma":0.04734541818341293,"Taucorr":0.13692908653847458},"EnergyVariance":{"Mean":0.2164412070759625,"Sigma":0.08940101054112129,"Taucorr":0.13412254022732362},"Iteration":44},
{"Acceptance":[0.009959758551307847],"Energy":{"Mean":-361.95161290322585,"Sigma":0.03558148840381555,"Taucorr":0.20423529411764485},"EnergyVariance":{"Mean":0.11056191467221645,"Sigma":0.049224989232727674,"Taucorr":0.020265210225090646},"Iteration":45},
{"Acceptance":[0.013279678068410463],"Energy":{"Mean":-361.8629032258065,"Sigma":0.07408828437326341,"Taucorr":0.07602929752524501},"EnergyVariance":{"Mean":0.5860431841831425,"Sigma":0.27375262868859396,"Taucorr":-0.01943728205478734},"Iteration":46},
{"Acceptance":[0.010462776659959759],"Energy":{"Mean":-362.016129032258,"Sigma":0.022999193157213726,"Taucorr":0.006275303643771046},"EnergyVariance":{"Mean":0.06425598335067637,"Sigma":0.03425556610354474,"Taucorr":-0.02862864084107164},"Iteration":47},
{"Acceptance":[0.012374245472837022],"Energy":{"Mean":-361.91129032258067,"Sigma":0.07472924883395325,"Taucorr":0.07531321494716492},"EnergyVariance":{"Mean":0.5969693028095733,"Sigma":0.28351803383787827,"Taucorr":0.022356616395516338},"Iteration":48},
{"Acceptance":[0.012474849094567404],"Energy":{"Mean":-362.0241935483871,"Sigma":0.0454293122027474,"Taucorr":0.044075829383885656},"EnergyVariance":{"Mean":0.23328563995837673,"Sigma":0.08200002066146811,"Taucorr":0.2569663121681556},"Iteration":49},
{"Acceptance":[0.012977867203219315],"Energy":{"Mean":-361.9354838709678,"Sigma":0.05049185755644751,"Taucorr":0.11752049180329127},"EnergyVariance":{"Mean":0.2539021852237254,"Sigma":0.13876002556414904,"Taucorr":0.021237220853492556},"Iteration":50},
{"Acceptance":[0.011971830985915493],"Energy":{"Mean":-362.0161290322581,"Sigma":0.02824500115390256,"Taucorr":0.008355795148308198},"EnergyVariance":{"Mean":0.09651404786680541,"Sigma":0.05369480810553772,"Taucorr":-0.025610705571436743},"Iteration":51},
{"Acceptance":[0.012575452716297788],"Energy":{"Mean":-361.991935483871,"Sigma":0.13643102109553212,"Taucorr":0.5673276332545021},"EnergyVariance":{"Mean":1.072515608740895,"Sigma":0.7906318299029561,"Taucorr":0.4921127953449276},"Iteration":52},
{"Acceptance":[0.014084507042253521],"Energy":{"Mean":-362.08870967741933,"Sigma":0.07104101788885439,"Taucorr":0.7018131453034429},"EnergyVariance":{"Mean":0.2582596253902185,"Sigma":0.1198251266594039,"Taucorr":0.595228006697966},"Iteration":53},
{"Acceptance":[0.014185110663983903],"Energy":{"Mean":-362.02419354838713,"Sigma":0.033510628047843556,"Taucorr":0.0736898973527661},"EnergyVariance":{"Mean":0.12038241415192509,"Sigma":0.05442936321378858,"Taucorr":-0.021582541981484404},"Iteration":54},
{"Acceptance":[0.01488933601609658],"Energy":{"Mean":-362.13709677419354,"Sigma":0.06643647389927561,"Taucorr":0.41792390587198325},"EnergyVariance":{"Mean":0.2957206035379813,"Sigma":0.11619296519695921,"Taucorr":0.5144823137730468},"Iteration":55},
{"Acceptance":[0.01740442655935614],"Energy":{"Mean":-362.1048387096774,"Sigma":0.07843752526314887,"Taucorr":0.4086209589255264},"EnergyVariance":{"Mean":0.4164281997918835,"Sigma":0.14144516877557647,"Taucorr":0.27710030173469014},"Iteration":56},
{"Acceptance":[0.016901408450704224],"Energy":{"Mean":-362.06451612903226,"Sigma":0.030602687033887827,"Taucorr":-0.038749999999991125},"EnergyVariance":{"Mean":0.12486992715920914,"Sigma":0.05725664025695099,"Taucorr":-0.03874999999999995},"Iteration":57},
{"Acceptance":[0.016297786720321932],"Energy":{"Mean":-362.0080645161289,"Sigma":0.07818838479703469,"Taucorr":0.10553053315174432},"EnergyVariance":{"Mean":0.6209027055150885,"Sigma":0.21993231959700932,"Taucorr":-0.05333717079074163},"Iteration":58},
{"Acceptance":[0.01710261569416499],"Energy":{"Mean":-362.1935483870968,"Sigma":0.0631920581424518,"Taucorr":0.17142603129446976},"EnergyVariance":{"Mean":0.36576482830385004,"Sigma":0.10559122756365154,"Taucorr":0.247124801900929},"Iteration":59},
{"Acceptance":[0.016398390342052312],"Energy":{"Mean":-362.2903225806452,"Sigma":0.11540996012902205,"Taucorr":0.32214099216710845},"EnergyVariance":{"Mean":0.9963579604578563,"Sigma":0.27105056163522523,"Taucorr":0.24745124853782086},"Iteration":60},
{"Acceptance":[0.020523138832997986],"Energy":{"Mean":-362.4758064516129,"Sigma":0.10130521772543374,"Taucorr":0.2754454654414731},"EnergyVariance":{"Mean":0.8139308012486992,"Sigma":0.13897672427342722,"Taucorr":0.13273473512519085},"Iteration":61},
{"Acceptance":[0.021227364185110665],"Energy":{"Mean":-362.5564516129033,"Sigma":0.10670383934310082,"Taucorr":0.17514893083337668},"EnergyVariance":{"Mean":1.0371357960457859,"Sigma":0.1883937894480509,"Taucorr":0.04204264328864127},"Iteration":62},
{"Acceptance":[0.022937625754527163],"Energy":{"Mean":-362.5967741935484,"Sigma":0.12360915431942944,"Taucorr":0.5235477472371843},"EnergyVariance":{"Mean":0.9180541103017691,"Sigma":0.14273827923732846,"Taucorr":0.3501237330994067},"Iteration":63},
{"Acceptance":[0.022334004024144868],"Energy":{"Mean":-362.89516129032256,"Sigma":0.10984727517799707,"Taucorr":0.19903204067879998},"EnergyVariance":{"Mean":1.0615894901144642,"Sigma":0.07324622530568221,"Taucorr":-0.06059119861360335},"Iteration":64},
{"Acceptance":[0.027565392354124748],"Energy":{"Mean":-363.11290322580635,"Sigma":0.11110316193093324,"Taucorr":0.2689525691699688},"EnergyVariance":{"Mean":0.9872528616024971,"Sigma":0.03397094895908882,"Taucorr":-0.07995709509110865},"Iteration":65},
{"Acceptance":[0.024949698189134808],"Energy":{"Mean":-363.21774193548384,"Sigma":0.11043775036110472,"Taucorr":0.29414032913311383},"EnergyVariance":{"Mean":0.9445239334027054,"Sigma":0.04884268945485509,"Taucorr":0.2905091970296657},"Iteration":66},
{"Acceptance":[0.018712273641851105],"Energy":{"Mean":-363.58064516129036,"Sigma":0.09726577654475436,"Taucorr":0.2500167672702933},"EnergyVariance":{"Mean":0.775754422476587,"Sigma":0.12488661872485671,"Taucorr":0.16413504743237273},"Iteration":67},
{"Acceptance":[0.01881287726358149],"Energy":{"Mean":-363.62096774193543,"Sigma":0.09337674279147963,"Taucorr":0.22920314849208145},"EnergyVariance":{"Mean":0.7353668054110299,"Sigma":0.20448183942721218,"Taucorr":0.09489813536982039},"Iteration":68},
{"Acceptance":[0.016398390342052312],"Energy":{"Mean":-363.74193548387103,"Sigma":0.11621487269471506,"Taucorr":0.6476905104241419},"EnergyVariance":{"Mean":0.7237252861602499,"Sigma":0.25611988193654683,"Taucorr":0.5144061585399289},"Iteration":69},
{"Acceptance":[0.013078470824949699],"Energy":{"Mean":-363.758064516129,"Sigma":0.11736572685307273,"Taucorr":0.8340536665301046},"EnergyVariance":{"Mean":0.6350156087408948,"Sigma":0.26459497287553413,"Taucorr":0.8700275462635956},"Iteration":70},
{"Acceptance":[0.01448692152917505],"Energy":{"Mean":-363.8629032258064,"Sigma":0.0643815801286997,"Taucorr":0.17731121479177492},"EnergyVariance":{"Mean":0.3763657648283038,"Sigma":0.16862075047023087,"Taucorr":0.1434288369493789},"Iteration":71},
{"Acceptance":[0.014185110663983903],"Energy":{"Mean":-363.88709677419354,"Sigma":0.0654170960989467,"Taucorr":0.39608060230293196},"EnergyVariance":{"Mean":0.2937044745057232,"Sigma":0.19621212178063752,"Taucorr":0.4012549789876827},"Iteration":72},
{"Acceptance":[0.013883299798792756],"Energy":{"Mean":-363.9274193548388,"Sigma":0.05337223260572339,"Taucorr":0.5676575505350714},"EnergyVariance":{"Mean":0.16408688865764826,"Sigma":0.11141063421613506,"Taucorr":0.34887298618320095},"Iteration":73},
{"Acceptance":[0.012575452716297788],"Energy":{"Mean":-363.99999999999994,"Sigma":0.05796736197002228,"Taucorr":0.012500000000014944},"EnergyVariance":{"Mean":0.40322580645161293,"Sigma":0.29709105338145664,"Taucorr":-0.010063044448097525},"Iteration":74},
{"Acceptance":[0.01358148893360161],"Energy":{"Mean":-363.9032258064516,"Sigma":0.10151898715016096,"Taucorr":0.0011157959687412289},"EnergyVariance":{"Mean":1.2648283038501562,"Sigma":0.7994996388952362,"Taucorr":-0.017259464351372822},"Iteration":75},
{"Acceptance":[0.012575452716297788],"Energy":{"Mean":-363.9838709677419,"Sigma":0.03053176530000119,"Taucorr":0.09400269541778106},"EnergyVariance":{"Mean":0.09651404786680544,"Sigma":0.07326434016535674,"Taucorr":0.0041963616427413974},"Iteration":76},
{"Acceptance":[0.015291750503018108],"Energy":{"Mean":-363.9758064516129,"Sigma":0.05230550083850961,"Taucorr":0.13362723487630535},"EnergyVariance":{"Mean":0.26554370447450576,"Sigma":0.1556649061227572,"Taucorr":0.023315081307917374},"Iteration":77},
{"Acceptance":[0.013883299798792756],"Energy":{"Mean":-364.0161290322581,"Sigma":0.0198633905396897,"Taucorr":0.2583333333333441},"EnergyVariance":{"Mean":0.031997918834547334,"Sigma":0.018781004836398562,"Taucorr":0.21726054617220647},"Iteration":78},
{"Acceptance":[0.014084507042253521],"Energy":{"Mean":-363.991935483871,"Sigma":0.008064516129032247,"Taucorr":-0.33423180592991975},"EnergyVariance":{"Mean":0.02412851196670135,"Sigma":0.017736104770390955,"Taucorr":0.328145724861828},"Iteration":79},
{"Acceptance":[0.014185110663983903],"Energy":{"Mean":-364.0322580645162,"Sigma":0.02242650926302507,"Taucorr":0.15329670329666312},"EnergyVariance":{"Mean":0.047346514047866814,"Sigma":0.0342168221591169,"Taucorr":0.042144547420505996},"Iteration":80},
{"Acceptance":[0.015392354124748492],"Energy":{"Mean":-363.9758064516129,"Sigma":0.024193548387097127,"Taucorr":1.4876988529977098e-14},"EnergyVariance":{"Mean":0.07199531737773153,"Sigma":0.0714099895941738,"Taucorr":0.0},"Iteration":81},
{"Acceptance":[0.016498993963782696],"Energy":{"Mean":-364.0,"Sigma":0.0,"Taucorr":null},"EnergyVariance":{"Mean":0.0,"Sigma":0.0,"Taucorr":null},"Iteration":82},
{"Acceptance":[0.015694164989939637],"Energy":{"Mean":-363.991935483871,"Sigma":0.008064516129032159,"Taucorr":-2.55351295663786e-15},"EnergyVariance":{"Mean":0.007999479708636839,"Sigma":0.007934443288241534,"Taucorr":2.220446049250313e-16},"Iteration":83},
{"Acceptance":[0.014185110663983903],"Energy":{"Mean":-363.991935483871,"Sigma":0.02952097615761785,"Taucorr":0.01154562383612423},"EnergyVariance":{"Mean":0.10477367325702393,"Sigma":0.07818178471735636,"Taucorr":-0.00949564624205862},"Iteration":84},
{"Acceptance":[0.016297786720321932],"Energy":{"Mean":-364.008064516129,"Sigma":0.008064516129032244,"Taucorr":1.1546319456101628e-14},"EnergyVariance":{"Mean":0.007999479708636839,"Sigma":0.007934443288241532,"Taucorr":-2.220446049250313e-16},"Iteration":85},
{"Acceptance":[0.014989939637826962],"Energy":{"Mean":-363.95967741935476,"Sigma":0.05922525593016217,"Taucorr":0.0066289903772881464},"EnergyVariance":{"Mean":0.4257934443288241,"Sigma":0.3909315675699236,"Taucorr":-0.0021524336525672316},"Iteration":86},
{"Acceptance":[0.014788732394366197],"Energy":{"Mean":-364.008064516129,"Sigma":0.008064516129032567,"Taucorr":3.9745984281580604e-14},"EnergyVariance":{"Mean":0.007999479708636837,"Sigma":0.007934443288241532,"Taucorr":-2.220446049250313e-16},"Iteration":87},
{"Acceptance":[0.015392354124748492],"Energy":{"Mean":-363.9919354838709,"Sigma":0.047069884797010214,"Taucorr":0.4943521594683842},"EnergyVariance":{"Mean":0.13703173777315295,"Sigma":0.08967962227489973,"Taucorr":0.4790196621543956},"Iteration":88},
{"Acceptance":[0.01609657947686117],"Energy":{"Mean":-364.0,"Sigma":0.0,"Taucorr":-0.5},"EnergyVariance":{"Mean":0.048387096774193554,"Sigma":0.04838709677419356,"Taucorr":0.508196721311476},"Iteration":89},
{"Acceptance":[0.014285714285714285],"Energy":{"Mean":-363.93548387096786,"Sigma":0.06451612903225791,"Taucorr":-1.3322676295501878e-15},"EnergyVariance":{"Mean":0.5119667013527576,"Sigma":0.5078043704474655,"Taucorr":0.0},"Iteration":90},
{"Acceptance":[0.014989939637826962],"Energy":{"Mean":-363.96774193548384,"Sigma":0.034278146514612605,"Taucorr":0.0013989169674989421},"EnergyVariance":{"Mean":0.1441207075962539,"Sigma":0.07854173960538045,"Taucorr":-0.0055843554965370745},"Iteration":91},
{"Acceptance":[0.013883299798792756],"Energy":{"Mean":-364.0241935483871,"Sigma":0.024193548387094112,"Taucorr":0.4058919803599401},"EnergyVariance":{"Mean":0.039737252861602484,"Sigma":0.02257506492634782,"Taucorr":0.35769181086870117},"Iteration":92},
{"Acceptance":[0.013782696177062374],"Energy":{"Mean":-364.008064516129,"Sigma":0.018271661793514964,"Taucorr":-0.13587081891571223},"EnergyVariance":{"Mean":0.056386576482830374,"Sigma":0.03954261425592083,"Taucorr":0.14866268342544764},"Iteration":93},
{"Acceptance":[0.016498993963782696],"Energy":{"Mean":-363.9274193548388,"Sigma":0.09918589882209533,"Taucorr":0.15610409760911892},"EnergyVariance":{"Mean":0.9221514047866807,"Sigma":0.5173312353324826,"Taucorr":-0.009413722878115927},"Iteration":94},
{"Acceptance":[0.015291750503018108],"Energy":{"Mean":-364.0,"Sigma":0.02008048322256228,"Taucorr":0.012499999999993738},"EnergyVariance":{"Mean":0.04838709677419356,"Sigma":0.03363976389453904,"Taucorr":-0.012704918032786894},"Iteration":95},
{"Acceptance":[0.013682092555331992],"Energy":{"Mean":-364.0,"Sigma":0.0,"Taucorr":null},"EnergyVariance":{"Mean":0.0,"Sigma":0.0,"Taucorr":null},"Iteration":96},
{"Acceptance":[0.011770623742454729],"Energy":{"Mean":-363.9435483870968,"Sigma":0.045951232651271275,"Taucorr":0.1544411668305279},"EnergyVariance":{"Mean":0.1984261186264308,"Sigma":0.1374357908433411,"Taucorr":0.0399912370908444},"Iteration":97},
{"Acceptance":[0.014386317907444667],"Energy":{"Mean":-364.0,"Sigma":0.0,"Taucorr":-0.5},"EnergyVariance":{"Mean":0.016129032258064523,"Sigma":0.016129032258064516,"Taucorr":0.5081967213114755},"Iteration":98},
{"Acceptance":[0.01398390342052314],"Energy":{"Mean":-364.0080645161291,"Sigma":0.018271661793511737,"Taucorr":0.010016155088823808},"EnergyVariance":{"Mean":0.04025754422476587,"Sigma":0.032764881279767795,"Taucorr":-0.006080986408856015},"Iteration":99} 
]}