{"Output": [
{"Acceptance":[0.9411764705882353],"Energy":{"Mean":-155.2258064516129,"Sigma":0.5988738130128846,"Taucorr":-0.16934594145588094},"EnergyVariance":{"Mean":66.70707596253902,"Sigma":6.052768496881607,"Taucorr":-0.18285787791213798},"Iteration":0},
{"Acceptance":[0.9352941176470588],"Energy":{"Mean":-155.34677419354836,"Sigma":0.7509561485267027,"Taucorr":-0.003059247586680469},"EnergyVariance":{"Mean":69.79103798126951,"Sigma":11.355944169618512,"Taucorr":0.08046934299633579},"Iteration":1},
{"Acceptance":[0.9280112044817928],"Energy":{"Mean":-154.83870967741936,"Sigma":0.6374879702740993,"Taucorr":-0.11030741960606083},"EnergyVariance":{"Mean":64.13527575442248,"Sigma":8.503931476929226,"Taucorr":-0.07082944112379774},"Iteration":2},
{"Acceptance":[0.9137254901960784],"Energy":{"Mean":-154.48387096774195,"Sigma":0.6366849083834972,"Taucorr":-0.15463691076834363},"EnergyVariance":{"Mean":72.18522372528616,"Sigma":10.914631999896672,"Taucorr":0.09624818811705627},"Iteration":3},
{"Acceptance":[0.900280112044818],"Energy":{"Mean":-156.44354838709677,"Sigma":0.7204491652109392,"Taucorr":-0.08676106948702045},"EnergyVariance":{"Mean":77.24681321540062,"Sigma":12.772559157109631,"Taucorr":0.11481631009950377},"Iteration":4},
{"Acceptance":[0.8875350140056022],"Energy":{"Mean":-156.71774193548384,"Sigma":0.6723956064278914,"Taucorr":0.008596247253486622},"EnergyVariance":{"Mean":54.6703303850156,"Sigma":7.893502224195125,"Taucorr":0.1534157151257124},"Iteration":5},
{"Acceptance":[0.8771708683473389],"Energy":{"Mean":-156.77419354838713,"Sigma":0.6184174694275993,"Taucorr":-0.09592420937840823},"EnergyVariance":{"Mean":58.20707596253902,"Sigma":7.2879357326538905,"Taucorr":-0.047078756694749535},"Iteration":6},
{"Acceptance":[0.8714285714285714],"Energy":{"Mean":-156.88709677419357,"Sigma":0.5015887004498882,"Taucorr":-0.19586126579430502},"EnergyVariance":{"Mean":50.87434963579605,"Sigma":9.473282311887965,"Taucorr":0.32383279519272246},"Iteration":7},
{"Acceptance":[0.8525210084033613],"Energy":{"Mean":-157.74193548387095,"Sigma":0.6216830121558657,"Taucorr":-0.09153597868459723},"EnergyVariance":{"Mean":58.19146722164411,"Sigma":6.957593056672599,"Taucorr":0.1883096316506191},"Iteration":8},
{"Acceptance":[0.8403361344537815],"Energy":{"Mean":-157.5564516129033,"Sigma":0.8704149978431809,"Taucorr":0.1516166587385256},"EnergyVariance":{"Mean":71.50487773152966,"Sigma":9.966705478135356,"Taucorr":0.18296024840387237},"Iteration":9},
{"Acceptance":[0.8175070028011204],"Energy":{"Mean":-156.90322580645162,"Sigma":0.8172104909216626,"Taucorr":0.07593432630012253},"EnergyVariance":{"Mean":71.31321540062436,"Sigma":7.384191445218618,"Taucorr":-0.13906563280835849},"Iteration":10},
{"Acceptance":[0.7990196078431373],"Energy":{"Mean":-159.01612903225805,"Sigma":0.822967967003479,"Taucorr":0.13827600846717758},"EnergyVariance":{"Mean":65.25780437044746,"Sigma":7.620753427839973,"Taucorr":-0.10863018565845967},"Iteration":11},
{"Acceptance":[0.7626050420168067],"Energy":{"Mean":-161.83064516129033,"Sigma":0.7721972470011143,"Taucorr":0.04371106206252717},"EnergyVariance":{"Mean":67.44712539021852,"Sigma":8.063298552530648,"Taucorr":-0.05883597993003453},"Iteration":12},
{"Acceptance":[0.7282913165266106],"Energy":{"Mean":-161.90322580645162,"Sigma":0.7488052687838447,"Taucorr":0.028625864392990752},"EnergyVariance":{"Mean":65.23257023933402,"Sigma":7.69967920498476,"Taucorr":0.017073491558000642},"Iteration":13},
{"Acceptance":[0.6742296918767507],"Energy":{"Mean":-164.4435483870968,"Sigma":0.9098261145916429,"Taucorr":0.35368691864491497},"EnergyVariance":{"Mean":59.63390998959418,"Sigma":8.420849066914009,"Taucorr":-0.12325867780389532},"Iteration":14},
{"Acceptance":[0.5380952380952381],"Energy":{"Mean":-169.3064516129032,"Sigma":1.137680015143731,"Taucorr":0.412211527855207},"EnergyVariance":{"Mean":87.26092611862644,"Sigma":13.18834178632274,"Taucorr":0.152628170231766},"Iteration":15},
{"Acceptance":[0.4896358543417367],"Energy":{"Mean":-170.50806451612908,"Sigma":0.9392490044361888,"Taucorr":0.28620746851989454},"EnergyVariance":{"Mean":69.00799947970864,"Sigma":6.8009397264694735,"Taucorr":-0.11005136336938642},"Iteration":16},
{"Acceptance":[0.39201680672268907],"Energy":{"Mean":-174.10483870967738,"Sigma":0.8941847817224526,"Taucorr":0.19688530860726927},"EnergyVariance":{"Mean":70.56158949011447,"Sigma":10.784944622274708,"Taucorr":0.19875591920510194},"Iteration":17},
{"Acceptance":[0.3317927170868347],"Energy":{"Mean":-179.55645161290326,"Sigma":0.5689914768504081,"Taucorr":0.025459685184518133},"EnergyVariance":{"Mean":37.891974505723205,"Sigma":5.333513151111997,"Taucorr":0.019219230975237034},"Iteration":18},
{"Acceptance":[0.288375350140056],"Energy":{"Mean":-181.13709677419354,"Sigma":0.6861571645960824,"Taucorr":0.23233771595789687},"EnergyVariance":{"Mean":39.537656087408955,"Sigma":5.06916436369691,"Taucorr":-0.07680100741036544},"Iteration":19},
{"Acceptance":[0.22366946778711486],"Energy":{"Mean":-184.75000000000003,"Sigma":0.5951190357119043,"Taucorr":0.3886649666858605},"EnergyVariance":{"Mean":24.510080645161292,"Sigma":2.7966460218550138,"Taucorr":-0.061103394803819155},"Iteration":20},
{"Acceptance":[0.20126050420168068],"Energy":{"Mean":-186.09677419354838,"Sigma":0.41795672644677256,"Taucorr":0.10201828041633942},"EnergyVariance":{"Mean":17.845473465140483,"Sigma":2.7828879576499896,"Taucorr":0.020279084192214802},"Iteration":21},
{"Acceptance":[0.1557422969187675],"Energy":{"Mean":-188.40322580645162,"Sigma":0.4053866830774171,"Taucorr":0.19399573069434217},"EnergyVariance":{"Mean":14.563215400624355,"Sigma":2.1846522508945125,"Taucorr":-0.05179520595945519},"Iteration":22},
{"Acceptance":[0.13375350140056022],"Energy":{"Mean":-189.06451612903226,"Sigma":0.44960671911466005,"Taucorr":0.4368471868261129},"EnergyVariance":{"Mean":13.270031217481788,"Sigma":1.669660428875108,"Taucorr":-0.03787572222020413},"Iteration":23},
{"Acceptance":[0.12030812324929972],"Energy":{"Mean":-190.1532258064516,"Sigma":0.31869977347373435,"Taucorr":0.2211409521950345},"EnergyVariance":{"Mean":8.662005723204995,"Sigma":1.6509194714094002,"Taucorr":0.19051579470407054},"Iteration":24},
{"Acceptance":[0.09635854341736695],"Energy":{"Mean":-191.40322580645164,"Sigma":0.17873413131864693,"Taucorr":-0.16528387182555215},"EnergyVariance":{"Mean":5.869667013527574,"Sigma":1.0252051852895934,"Taucorr":-0.09866588120605085},"Iteration":25},
{"Acceptance":[0.08781512605042016],"Energy":{"Mean":-191.07258064516128,"Sigma":0.37766856031430274,"Taucorr":0.6469679833326227},"EnergyVariance":{"Mean":7.647957856399587,"Sigma":1.9287804183345785,"Taucorr":0.6420891035981837},"Iteration":26},
{"Acceptance":[0.0753501400560224],"Energy":{"Mean":-191.91129032258067,"Sigma":0.20982211715246052,"Taucorr":0.21429747953949108},"EnergyVariance":{"Mean":3.7905176899063475,"Sigma":0.7596566827831136,"Taucorr":0.03544002056508},"Iteration":27},
{"Acceptance":[0.07016806722689076],"Energy":{"Mean":-192.38709677419354,"Sigma":0.1117064062316999,"Taucorr":-0.16891694725028},"EnergyVariance":{"Mean":2.3178980228928197,"Sigma":0.4376804318508587,"Taucorr":-0.02705485066859642},"Iteration":28},
{"Acceptance":[0.060364145658263306],"Energy":{"Mean":-192.48387096774192,"Sigma":0.18032806270159576,"Taucorr":0.20657169117646967},"EnergyVariance":{"Mean":2.830385015608741,"Sigma":0.6756070532808559,"Taucorr":-0.017503498982550214},"Iteration":29},
{"Acceptance":[0.05420168067226891],"Energy":{"Mean":-192.68548387096777,"Sigma":0.17427566762076133,"Taucorr":0.13853131461349055},"EnergyVariance":{"Mean":2.925273152965661,"Sigma":1.0678829257812412,"Taucorr":0.2826514313744103},"Iteration":30},
{"Acceptance":[0.05504201680672269],"Energy":{"Mean":-192.80645161290317,"Sigma":0.1596828499130863,"Taucorr":0.36287217291727025},"EnergyVariance":{"Mean":1.8173777315296569,"Sigma":0.23820607881545494,"Taucorr":-0.07061149322381277},"Iteration":31},
{"Acceptance":[0.046638655462184875],"Energy":{"Mean":-193.42741935483875,"Sigma":0.128155624264111,"Taucorr":0.08982947856139711},"EnergyVariance":{"Mean":1.7124739854318416,"Sigma":0.27939092316999087,"Taucorr":0.18714479483115087},"Iteration":32},
{"Acceptance":[0.0392156862745098],"Energy":{"Mean":-193.5,"Sigma":0.19776982385037037,"Taucorr":0.5465789473684215},"EnergyVariance":{"Mean":2.298387096774194,"Sigma":0.811329334875092,"Taucorr":0.37336610936193426},"Iteration":33},
{"Acceptance":[0.03375350140056022],"Energy":{"Mean":-193.83870967741936,"Sigma":0.16782462808711063,"Taucorr":0.3703790849673171},"EnergyVariance":{"Mean":1.990114464099896,"Sigma":0.558613013460054,"Taucorr":0.3754696836286837},"Iteration":34},
{"Acceptance":[0.02464985994397759],"Energy":{"Mean":-193.79032258064512,"Sigma":0.17355268412156355,"Taucorr":0.2210810126582231},"EnergyVariance":{"Mean":2.5689386056191466,"Sigma":0.6533729225915127,"Taucorr":0.11532984665325785},"Iteration":35},
{"Acceptance":[0.02100840336134454],"Energy":{"Mean":-194.22580645161293,"Sigma":0.15953344220384721,"Taucorr":0.5923656499636891},"EnergyVariance":{"Mean":1.4328824141519252,"Sigma":0.456700988699264,"Taucorr":0.8999074582540716},"Iteration":36},
{"Acceptance":[0.015826330532212884],"Energy":{"Mean":-194.37096774193552,"Sigma":0.10031601126366431,"Taucorr":0.1917781331782531},"EnergyVariance":{"Mean":0.8946409989594173,"Sigma":0.11490455414331073,"Taucorr":0.036549929942945036},"Iteration":37},
{"Acceptance":[0.011764705882352941],"Energy":{"Mean":-194.55645161290323,"Sigma":0.08007865540197694,"Taucorr":-0.004056596057903428},"EnergyVariance":{"Mean":0.7952003121748181,"Sigma":0.20209184996418575,"Taucorr":0.27852061548887597},"Iteration":38},
{"Acceptance":[0.0067226890756302525],"Energy":{"Mean":-194.79032258064515,"Sigma":0.06034931268990105,"Taucorr":0.09667359667357889},"EnergyVariance":{"Mean":0.3753902185223724,"Sigma":0.0953908490904897,"Taucorr":0.09667359667359665},"Iteration":39},
{"Acceptance":[0.007282913165266107],"Energy":{"Mean":-194.74193548387095,"Sigma":0.07556585016208137,"Taucorr":0.12438714153562458},"EnergyVariance":{"Mean":0.5624349635796047,"Sigma":0.19802279484951696,"Taucorr":0.009545600708963375},"Iteration":40},
{"Acceptance":[0.005042016806722689],"Energy":{"Mean":-194.78225806451613,"Sigma":0.08010572271909279,"Taucorr":0.27526510795962056},"EnergyVariance":{"Mean":0.5090400624349636,"Sigma":0.19765450485171446,"Taucorr":0.2199399485675393},"Iteration":41},
{"Acceptance":[0.005322128851540616],"Energy":{"Mean":-194.78225806451616,"Sigma":0.07400044998035106,"Taucorr":0.42552278820375034},"EnergyVariance":{"Mean":0.36387877211238295,"Sigma":0.11312735900401022,"Taucorr":0.42047953109247505},"Iteration":42},
{"Acceptance":[0.004201680672268907],"Energy":{"Mean":-194.8629032258064,"Sigma":0.04312819986167961,"Taucorr":-0.0908583391486516},"EnergyVariance":{"Mean":0.27959157127991685,"Sigma":0.08849487345509595,"Taucorr":-0.07892504781341558},"Iteration":43},
{"Acceptance":[0.004201680672268907],"Energy":{"Mean":-194.84677419354838,"Sigma":0.0910493037850173,"Taucorr":0.30958380667148655},"EnergyVariance":{"Mean":0.629747658688866,"Sigma":0.41708281285806625,"Taucorr":0.31936624669060265},"Iteration":44},
{"Acceptance":[0.004341736694677871],"Energy":{"Mean":-194.89516129032253,"Sigma":0.04604549168909823,"Taucorr":0.247260529258308},"EnergyVariance":{"Mean":0.1744927159209157,"Sigma":0.08813824377568749,"Taucorr":0.11614881343543237},"Iteration":45},
{"Acceptance":[0.0012605042016806723],"Energy":{"Mean":-194.8548387096774,"Sigma":0.10158303025640365,"Taucorr":0.7035027133695033},"EnergyVariance":{"Mean":0.5273152965660769,"Sigma":0.3744573966471914,"Taucorr":0.7424213592619999},"Iteration":46},
{"Acceptance":[0.0030812324929971988],"Energy":{"Mean":-194.90322580645162,"Sigma":0.053978066228004745,"Taucorr":0.5662538699690409},"EnergyVariance":{"Mean":0.16805411030176895,"Sigma":0.09478855724224029,"Taucorr":0.5799945503943029},"Iteration":47},
{"Acceptance":[0.0014005602240896359],"Energy":{"Mean":-194.91129032258064,"Sigma":0.05505176827702002,"Taucorr":0.7822818791946353},"EnergyVariance":{"Mean":0.14535639958376695,"Sigma":0.09332062342454932,"Taucorr":0.7569907726006719},"Iteration":48},
{"Acceptance":[0.002380952380952381],"Energy":{"Mean":-194.91935483870964,"Sigma":0.04693151148988259,"Taucorr":0.37512605042017677},"EnergyVariance":{"Mean":0.15478668054110303,"Sigma":0.08629342435236016,"Taucorr":0.37512605042016856},"Iteration":49},
{"Acceptance":[0.0015406162464985994],"Energy":{"Mean":-194.95161290322577,"Sigma":0.03558148840381638,"Taucorr":0.32451790633610855},"EnergyVariance":{"Mean":0.09443288241415192,"Sigma":0.0677196069620979,"Taucorr":0.324517906336088},"Iteration":50},
{"Acceptance":[0.0028011204481792717],"Energy":{"Mean":-194.76612903225805,"Sigma":0.10429968960392046,"Taucorr":0.39959772627896684},"EnergyVariance":{"Mean":0.7436914672216441,"Sigma":0.34509038837501244,"Taucorr":0.12089396300528943},"Iteration":51},
{"Acceptance":[0.0011204481792717086],"Energy":{"Mean":-194.98387096774192,"Sigma":0.011213254631512895,"Taucorr":-0.012704918032791612},"EnergyVariance":{"Mean":0.015868886576482832,"Sigma":0.010851536740173575,"Taucorr":-0.012704918032787227},"Iteration":52},
{"Acceptance":[0.0016806722689075631],"Energy":{"Mean":-194.9032258064516,"Sigma":0.05874747690171068,"Taucorr":-0.020058823529412073},"EnergyVariance":{"Mean":0.44224765868886573,"Sigma":0.30295031135412087,"Taucorr":-0.01238917092970726},"Iteration":53},
{"Acceptance":[0.0018207282913165266],"Energy":{"Mean":-194.91129032258058,"Sigma":0.047161908120045795,"Taucorr":0.10526618705040458},"EnergyVariance":{"Mean":0.2260015608740895,"Sigma":0.13651433516563258,"Taucorr":0.02944261647440294},"Iteration":54},
{"Acceptance":[0.0021008403361344537],"Energy":{"Mean":-194.83870967741933,"Sigma":0.10209392885331774,"Taucorr":0.46028838659392546},"EnergyVariance":{"Mean":0.6675338189386055,"Sigma":0.45215498762602513,"Taucorr":0.3861486967387163},"Iteration":55},
{"Acceptance":[0.0011204481792717086],"Energy":{"Mean":-194.96774193548393,"Sigma":0.032258064516128955,"Taucorr":-1.3322676295501878e-15},"EnergyVariance":{"Mean":0.1279916753381894,"Sigma":0.12695109261186638,"Taucorr":0.0},"Iteration":56},
{"Acceptance":[0.0028011204481792717],"Energy":{"Mean":-194.95161290322582,"Sigma":0.026989033114002466,"Taucorr":-0.02561983471074325},"EnergyVariance":{"Mean":0.09443288241415194,"Sigma":0.051366224313747405,"Taucorr":-0.025619834710743916},"Iteration":57},
{"Acceptance":[0.0011204481792717086],"Energy":{"Mean":-194.96774193548387,"Sigma":0.01919738824877044,"Taucorr":0.22604166666663494},"EnergyVariance":{"Mean":0.031217481789802284,"Sigma":0.017958847071431062,"Taucorr":0.22604166666666625},"Iteration":58},
{"Acceptance":[0.0016806722689075631],"Energy":{"Mean":-194.87903225806454,"Sigma":0.09759952718763226,"Taucorr":0.46618041402981536},"EnergyVariance":{"Mean":0.6063345473465139,"Sigma":0.556827565058661,"Taucorr":0.5033046023203609},"Iteration":59},
{"Acceptance":[0.0011204481792717086],"Energy":{"Mean":-194.92741935483875,"Sigma":0.04211088215788273,"Taucorr":0.16464526357508935},"EnergyVariance":{"Mean":0.1640868886576483,"Sigma":0.09334316222269946,"Taucorr":0.09587400439309879},"Iteration":60},
{"Acceptance":[0.0011204481792717086],"Energy":{"Mean":-194.98387096774192,"Sigma":0.01612903225806382,"Taucorr":-3.652633751016765e-14},"EnergyVariance":{"Mean":0.03199791883454735,"Sigma":0.03173777315296522,"Taucorr":0.0},"Iteration":61},
{"Acceptance":[0.0005602240896358543],"Energy":{"Mean":-195.0,"Sigma":0.0,"Taucorr":null},"EnergyVariance":{"Mean":0.0,"Sigma":0.0,"Taucorr":null},"Iteration":62},
{"Acceptance":[0.00196078431372549],"Energy":{"Mean":-194.91935483870964,"Sigma":0.05725238499773851,"Taucorr":0.4192170818505375},"EnergyVariance":{"Mean":0.21930280957336112,"Sigma":0.14795443444373482,"Taucorr":0.4905327186847397},"Iteration":63},
{"Acceptance":[0.00028011204481792715],"Energy":{"Mean":-195.0,"Sigma":0.0,"Taucorr":null},"EnergyVariance":{"Mean":0.0,"Sigma":0.0,"Taucorr":null},"Iteration":64},
{"Acceptance":[0.00196078431372549],"Energy":{"Mean":-194.9032258064516,"Sigma":0.052718336767811014,"Taucorr":0.3532792207792189},"EnergyVariance":{"Mean":0.20031217481789804,"Sigma":0.1137716140280377,"Taucorr":0.32792280764088244},"Iteration":65},
{"Acceptance":[0.0011204481792717086],"Energy":{"Mean":-194.94354838709677,"Sigma":0.027702522640835104,"Taucorr":0.051863117870726505},"EnergyVariance":{"Mean":0.08552289281997918,"Sigma":0.04419324385164326,"Taucorr":-0.0036898933655313826},"Iteration":66},
{"Acceptance":[0.0014005602240896359],"Energy":{"Mean":-194.98387096774192,"Sigma":0.016129032258063888,"Taucorr":-2.864375403532904e-14},"EnergyVariance":{"Mean":0.03199791883454735,"Sigma":0.031737773152965214,"Taucorr":-2.220446049250313e-16},"Iteration":67},
{"Acceptance":[0.0011204481792717086],"Energy":{"Mean":-194.9838709677419,"Sigma":0.01612903225806496,"Taucorr":1.84297022087776e-14},"EnergyVariance":{"Mean":0.031997918834547334,"Sigma":0.03173777315296429,"Taucorr":-2.220446049250313e-16},"Iteration":68},
{"Acceptance":[0.0008403361344537816],"Energy":{"Mean":-194.98387096774192,"Sigma":0.01612903225806476,"Taucorr":1.687538997430238e-14},"EnergyVariance":{"Mean":0.03199791883454734,"Sigma":0.031737773152965214,"Taucorr":-2.220446049250313e-16},"Iteration":69},
{"Acceptance":[0.002240896358543417],"Energy":{"Mean":-194.88709677419354,"Sigma":0.060061247500081516,"Taucorr":0.21603694374475446},"EnergyVariance":{"Mean":0.3098335067637877,"Sigma":0.17889021403638336,"Taucorr":0.16085140521509667},"Iteration":70},
{"Acceptance":[0.0014005602240896359],"Energy":{"Mean":-194.94354838709674,"Sigma":0.034214844250963314,"Taucorr":0.3418250950570745},"EnergyVariance":{"Mean":0.08552289281997918,"Sigma":0.06133399956731873,"Taucorr":0.45596926447447284},"Iteration":71},
{"Acceptance":[0.0016806722689075631],"Energy":{"Mean":-194.89516129032253,"Sigma":0.08342000349023088,"Taucorr":0.38985801217038984},"EnergyVariance":{"Mean":0.4809443288241416,"Sigma":0.4058427841624906,"Taucorr":0.04519679314227043},"Iteration":72},
{"Acceptance":[0.0005602240896358543],"Energy":{"Mean":-195.0,"Sigma":0.0,"Taucorr":null},"EnergyVariance":{"Mean":0.0,"Sigma":0.0,"Taucorr":null},"Iteration":73},
{"Acceptance":[0.0011204481792717086],"Energy":{"Mean":-194.97580645161293,"Sigma":0.02419354838709656,"Taucorr":-6.772360450213455e-15},"EnergyVariance":{"Mean":0.07199531737773153,"Sigma":0.0714099895941738,"Taucorr":-2.220446049250313e-16},"Iteration":74},
{"Acceptance":[0.00028011204481792715],"Energy":{"Mean":-194.99193548387095,"Sigma":0.00806451612903274,"Taucorr":5.062616992290714e-14},"EnergyVariance":{"Mean":0.007999479708636837,"Sigma":0.007934443288241074,"Taucorr":-2.220446049250313e-16},"Iteration":75},
{"Acceptance":[0.00196078431372549],"Energy":{"Mean":-194.98387096774192,"Sigma":0.01612903225806434,"Taucorr":-4.9960036108132044e-15},"EnergyVariance":{"Mean":0.03199791883454733,"Sigma":0.031737773152965214,"Taucorr":-2.220446049250313e-16},"Iteration":76},
{"Acceptance":[0.0011204481792717086],"Energy":{"Mean":-194.95967741935485,"Sigma":0.02862619249886828,"Taucorr":0.21026581118237087},"EnergyVariance":{"Mean":0.07095473465140477,"Sigma":0.04849263671946157,"Taucorr":0.10338002353298514},"Iteration":77},
{"Acceptance":[0.0011204481792717086],"Energy":{"Mean":-194.96774193548387,"Sigma":0.02524592877822306,"Taucorr":0.7556249999999851},"EnergyVariance":{"Mean":0.03121748178980229,"Sigma":0.02361715917962842,"Taucorr":0.7556250000000002},"Iteration":78},
{"Acceptance":[0.0005602240896358543],"Energy":{"Mean":-194.95967741935485,"Sigma":0.0234657557449406,"Taucorr":-0.02273143904675906},"EnergyVariance":{"Mean":0.07095473465140477,"Sigma":0.043326545407268366,"Taucorr":-0.01833237696907336},"Iteration":79},
{"Acceptance":[0.0005602240896358543],"Energy":{"Mean":-194.94354838709674,"Sigma":0.03967217379435173,"Taucorr":0.6317870722433621},"EnergyVariance":{"Mean":0.08552289281997918,"Sigma":0.0638684139147209,"Taucorr":0.5366057659416337},"Iteration":80},
{"Acceptance":[0.00196078431372549],"Energy":{"Mean":-194.93548387096772,"Sigma":0.04332879722249214,"Taucorr":-0.014414660831507942},"EnergyVariance":{"Mean":0.2377731529656607,"Sigma":0.19757435692279268,"Taucorr":-0.0048076728180365125},"Iteration":81},
{"Acceptance":[0.0011204481792717086],"Energy":{"Mean":-194.94354838709674,"Sigma":0.0361256718867361,"Taucorr":0.2895713371721067},"EnergyVariance":{"Mean":0.1016519250780437,"Sigma":0.06720250800422886,"Taucorr":0.31384051277253944},"Iteration":82},
{"Acceptance":[0.0005602240896358543],"Energy":{"Mean":-194.98387096774192,"Sigma":0.01612903225806431,"Taucorr":-1.1213252548714081e-14},"EnergyVariance":{"Mean":0.03199791883454734,"Sigma":0.031737773152965214,"Taucorr":-2.220446049250313e-16},"Iteration":83},
{"Acceptance":[0.0005602240896358543],"Energy":{"Mean":-194.98387096774192,"Sigma":0.016129032258063888,"Taucorr":-2.7533531010703882e-14},"EnergyVariance":{"Mean":0.03199791883454735,"Sigma":0.03173777315296522,"Taucorr":0.0},"Iteration":84},
{"Acceptance":[0.0005602240896358543],"Energy":{"Mean":-195.0,"Sigma":0.0,"Taucorr":null},"EnergyVariance":{"Mean":0.0,"Sigma":0.0,"Taucorr":null},"Iteration":85},
{"Acceptance":[0.00028011204481792715],"Energy":{"Mean":-195.0,"Sigma":0.0,"Taucorr":null},"EnergyVariance":{"Mean":0.0,"Sigma":0.0,"Taucorr":null},"Iteration":86},
{"Acceptance":[0.0011204481792717086],"Energy":{"Mean":-194.9274193548387,"Sigma":0.035152410835005705,"Taucorr":0.15682967959528393},"EnergyVariance":{"Mean":0.11569979188345472,"Sigma":0.05300959005135345,"Taucorr":0.0106422818597659},"Iteration":87},
{"Acceptance":[0.0008403361344537816],"Energy":{"Mean":-194.98387096774192,"Sigma":0.01612903225806461,"Taucorr":7.327471962526033e-15},"EnergyVariance":{"Mean":0.03199791883454734,"Sigma":0.031737773152965214,"Taucorr":-2.220446049250313e-16},"Iteration":88},
{"Acceptance":[0.0011204481792717086],"Energy":{"Mean":-194.99193548387098,"Sigma":0.008064516129032254,"Taucorr":-2.7755575615628914e-15},"EnergyVariance":{"Mean":0.007999479708636837,"Sigma":0.007934443288241534,"Taucorr":0.0},"Iteration":89},
{"Acceptance":[0.0014005602240896359],"Energy":{"Mean":-194.96774193548387,"Sigma":0.022426509263027222,"Taucorr":-0.01270491803274898},"EnergyVariance":{"Mean":0.0634755463059313,"Sigma":0.043406146960695585,"Taucorr":-0.012704918032786783},"Iteration":90},
{"Acceptance":[0.0005602240896358543],"Energy":{"Mean":-195.0,"Sigma":0.0,"Taucorr":null},"EnergyVariance":{"Mean":0.0,"Sigma":0.0,"Taucorr":null},"Iteration":91},
{"Acceptance":[0.0004201680672268908],"Energy":{"Mean":-194.9838709677419,"Sigma":0.016129032258064613,"Taucorr":5.10702591327572e-15},"EnergyVariance":{"Mean":0.03199791883454734,"Sigma":0.0317377731529643,"Taucorr":-2.220446049250313e-16},"Iteration":92},
{"Acceptance":[0.0021008403361344537],"Energy":{"Mean":-194.95161290322582,"Sigma":0.026989033114002692,"Taucorr":-0.025619834710739697},"EnergyVariance":{"Mean":0.09443288241415192,"Sigma":0.05136622431374741,"Taucorr":-0.025619834710743805},"Iteration":93},
{"Acceptance":[0.0011204481792717086],"Energy":{"Mean":-194.99193548387098,"Sigma":0.008064516129032391,"Taucorr":2.1316282072803006e-14},"EnergyVariance":{"Mean":0.007999479708636837,"Sigma":0.007934443288241532,"Taucorr":-2.220446049250313e-16},"Iteration":94},
{"Acceptance":[0.0014005602240896359],"Energy":{"Mean":-194.89516129032253,"Sigma":0.05155406592590723,"Taucorr":0.23338196673473566},"EnergyVariance":{"Mean":0.22287981269510923,"Sigma":0.10472489064066356,"Taucorr":0.1503071511614129},"Iteration":95},
{"Acceptance":[0.002240896358543417],"Energy":{"Mean":-194.88709677419348,"Sigma":0.06744044533008227,"Taucorr":0.13735921754594016},"EnergyVariance":{"Mean":0.438865764828304,"Sigma":0.3054704103009907,"Taucorr":0.04011235761824583},"Iteration":96},
{"Acceptance":[0.0016806722689075631],"Energy":{"Mean":-194.95161290322577,"Sigma":0.03558148840381619,"Taucorr":0.3245179063361028},"EnergyVariance":{"Mean":0.09443288241415192,"Sigma":0.0677196069620979,"Taucorr":0.324517906336088},"Iteration":97},
{"Acceptance":[0.0014005602240896359],"Energy":{"Mean":-194.93548387096772,"Sigma":0.03839477649754242,"Taucorr":0.33373205741627054},"EnergyVariance":{"Mean":0.10874089490114466,"Sigma":0.06741190674164686,"Taucorr":0.3218538375504001},"Iteration":98},
{"Acceptance":[0.00196078431372549],"Energy":{"Mean":-194.95967741935485,"Sigma":0.023465755744940257,"Taucorr":-0.02273143904677255},"EnergyVariance":{"Mean":0.07095473465140477,"Sigma":0.043326545407268366,"Taucorr":-0.01833237696907347},"Iteration":99} 
]}