{"Output": [
{"Acceptance":[0.9478991596638655],"Energy":{"Mean":-153.758064516129,"Sigma":0.8602234542600573,"Taucorr":0.08292236332192582},"EnergyVariance":{"Mean":78.07049947970863,"Sigma":8.67331952733648,"Taucorr":-0.13664415992783518},"Iteration":0},
{"Acceptance":[0.9315126050420168],"Energy":{"Mean":-154.62096774193552,"Sigma":0.7360595982822159,"Taucorr":-0.05930016008285527},"EnergyVariance":{"Mean":75.60633454734652,"Sigma":12.87164819122404,"Taucorr":0.14861285150718317},"Iteration":1},
{"Acceptance":[0.9170868347338935],"Energy":{"Mean":-155.6290322580645,"Sigma":0.6970435809393509,"Taucorr":-0.058317888001477525},"EnergyVariance":{"Mean":67.65270551508846,"Sigma":7.911924571239253,"Taucorr":-0.07355755382863122},"Iteration":2},
{"Acceptance":[0.9089635854341737],"Energy":{"Mean":-153.6048387096774,"Sigma":0.5333972819795486,"Taucorr":-0.23603535985322344},"EnergyVariance":{"Mean":66.28739594172738,"Sigma":8.573673878342886,"Taucorr":0.00418986626259088},"Iteration":3},
{"Acceptance":[0.900140056022409],"Energy":{"Mean":-155.17741935483872,"Sigma":0.7433570999250753,"Taucorr":0.048830460337533244},"EnergyVariance":{"Mean":61.920135275754426,"Sigma":9.29267375183514,"Taucorr":0.11970698770608523},"Iteration":4},
{"Acceptance":[0.8885154061624649],"Energy":{"Mean":-156.11290322580646,"Sigma":0.5929512833437569,"Taucorr":-0.14526516040646814},"EnergyVariance":{"Mean":60.95499479708637,"Sigma":7.610347628858711,"Taucorr":0.009112715304524177},"Iteration":5},
{"Acceptance":[0.8683473389355743],"Energy":{"Mean":-156.53225806451613,"Sigma":0.7885898275146973,"Taucorr":0.07408117163307792},"EnergyVariance":{"Mean":66.61992715920918,"Sigma":10.287812092625435,"Taucorr":0.04363021087544161},"Iteration":6},
{"Acceptance":[0.8596638655462185],"Energy":{"Mean":-156.93548387096774,"Sigma":0.7356117838212659,"Taucorr":0.025182997922670647},"EnergyVariance":{"Mean":63.36680541103018,"Sigma":7.554189825347541,"Taucorr":-0.14880697777640206},"Iteration":7},
{"Acceptance":[0.846218487394958],"Energy":{"Mean":-158.2741935483871,"Sigma":0.7966963742416524,"Taucorr":0.04345896699467944},"EnergyVariance":{"Mean":71.82804370447451,"Sigma":6.875116052967907,"Taucorr":-0.19713564765815678},"Iteration":8},
{"Acceptance":[0.8329131652661065],"Energy":{"Mean":-158.9596774193549,"Sigma":0.8410740041175687,"Taucorr":0.11034022468752669},"EnergyVariance":{"Mean":71.28063215400623,"Sigma":7.970925401515203,"Taucorr":-0.11193714921098186},"Iteration":9},
{"Acceptance":[0.8009803921568628],"Energy":{"Mean":-158.62903225806454,"Sigma":0.6038486520552719,"Taucorr":-0.03225855024336355},"EnergyVariance":{"Mean":47.94302809573361,"Sigma":5.640214468781167,"Taucorr":0.027542328822355966},"Iteration":10},
{"Acceptance":[0.7773109243697479],"Energy":{"Mean":-158.37903225806446,"Sigma":0.728072924806492,"Taucorr":0.015017481781034014},"EnergyVariance":{"Mean":63.299882934443275,"Sigma":6.947755849905423,"Taucorr":-0.05003043917161493},"Iteration":11},
{"Acceptance":[0.7542016806722689],"Energy":{"Mean":-161.05645161290326,"Sigma":0.8938040665216055,"Taucorr":0.1738821713862636},"EnergyVariance":{"Mean":72.90810353798126,"Sigma":8.938385929311805,"Taucorr":0.030206325673950873},"Iteration":12},
{"Acceptance":[0.6957983193277311],"Energy":{"Mean":-162.47580645161293,"Sigma":0.874162797538744,"Taucorr":0.2432142140855209},"EnergyVariance":{"Mean":63.23328563995837,"Sigma":8.75153332692728,"Taucorr":0.25241496808200403},"Iteration":13},
{"Acceptance":[0.6560224089635854],"Energy":{"Mean":-164.3548387096774,"Sigma":0.9463266697074088,"Taucorr":0.2491282978542717},"EnergyVariance":{"Mean":73.51925078043705,"Sigma":9.087475542149674,"Taucorr":0.007814994368911088},"Iteration":14},
{"Acceptance":[0.5676470588235294],"Energy":{"Mean":-166.38709677419354,"Sigma":1.0555051986698158,"Taucorr":0.42515209739853665},"EnergyVariance":{"Mean":74.05983350676381,"Sigma":8.948147678711969,"Taucorr":0.120156733299705},"Iteration":15},
{"Acceptance":[0.4588235294117647],"Energy":{"Mean":-168.9193548387097,"Sigma":0.9930123536556141,"Taucorr":0.42892118381676225},"EnergyVariance":{"Mean":65.28381893860562,"Sigma":11.53932757703506,"Taucorr":0.05492719804211288},"Iteration":16},
{"Acceptance":[0.3427170868347339],"Energy":{"Mean":-175.3064516129032,"Sigma":0.6992420702241955,"Taucorr":0.286908652111458},"EnergyVariance":{"Mean":38.21253902185223,"Sigma":4.510392741437368,"Taucorr":0.04829841353506581},"Iteration":17},
{"Acceptance":[0.2488795518207283],"Energy":{"Mean":-177.49999999999997,"Sigma":0.7209424835006805,"Taucorr":0.25283475783475773},"EnergyVariance":{"Mean":42.45967741935483,"Sigma":9.302900871243702,"Taucorr":0.0576722939758586},"Iteration":18},
{"Acceptance":[0.19453781512605042],"Energy":{"Mean":-180.4435483870968,"Sigma":0.6527145217972148,"Taucorr":0.4399259015582593},"EnergyVariance":{"Mean":27.87584547346514,"Sigma":5.130297230112528,"Taucorr":0.34934195705528426},"Iteration":19},
{"Acceptance":[0.15448179271708684],"Energy":{"Mean":-181.5241935483871,"Sigma":0.6036798934908009,"Taucorr":0.6584922024964122},"EnergyVariance":{"Mean":19.346188865764827,"Sigma":3.133419309715012,"Taucorr":0.39914790623899254},"Iteration":20},
{"Acceptance":[0.11400560224089636],"Energy":{"Mean":-183.7096774193548,"Sigma":0.46040783320386375,"Taucorr":0.3637362542659174},"EnergyVariance":{"Mean":15.093132154006243,"Sigma":2.2999768845851314,"Taucorr":0.07555251788887385},"Iteration":21},
{"Acceptance":[0.08977591036414566],"Energy":{"Mean":-185.6209677419355,"Sigma":0.27012317176114864,"Taucorr":0.02239046660054622},"EnergyVariance":{"Mean":8.590205515088448,"Sigma":1.2472302396372397,"Taucorr":-0.054528815700036815},"Iteration":22},
{"Acceptance":[0.07030812324929972],"Energy":{"Mean":-186.33870967741936,"Sigma":0.24223100231132602,"Taucorr":0.02905621877264819},"EnergyVariance":{"Mean":6.8207596253902185,"Sigma":1.589411776466879,"Taucorr":0.1390137625194251},"Iteration":23},
{"Acceptance":[0.05546218487394958],"Energy":{"Mean":-186.16129032258064,"Sigma":0.2091805527338514,"Taucorr":-0.060228722047444505},"EnergyVariance":{"Mean":6.119146722164412,"Sigma":1.2428293897896092,"Taucorr":0.27162256770723103},"Iteration":24},
{"Acceptance":[0.054481792717086835],"Energy":{"Mean":-186.66935483870967,"Sigma":0.2065418989407155,"Taucorr":0.00559489641169586},"EnergyVariance":{"Mean":5.189060874089489,"Sigma":0.7471831721059738,"Taucorr":0.09229853105935337},"Iteration":25},
{"Acceptance":[0.04747899159663865],"Energy":{"Mean":-187.51612903225802,"Sigma":0.29350850491216635,"Taucorr":0.2259472802452409},"EnergyVariance":{"Mean":7.29812695109261,"Sigma":1.7098359918790047,"Taucorr":0.25045647841872487},"Iteration":26},
{"Acceptance":[0.048179271708683476],"Energy":{"Mean":-188.09677419354838,"Sigma":0.2735365309867265,"Taucorr":0.3634396661134418},"EnergyVariance":{"Mean":5.329344432882413,"Sigma":0.67555109916128,"Taucorr":0.045152112792503196},"Iteration":27},
{"Acceptance":[0.04551820728291316],"Energy":{"Mean":-188.49193548387092,"Sigma":0.2715160223612788,"Taucorr":0.4985861826932748},"EnergyVariance":{"Mean":4.540257544224764,"Sigma":0.5272944012903081,"Taucorr":0.04942343029206164},"Iteration":28},
{"Acceptance":[0.05392156862745098],"Energy":{"Mean":-189.07258064516128,"Sigma":0.2245645572538326,"Taucorr":0.11993291993292055},"EnergyVariance":{"Mean":5.002796566077003,"Sigma":0.8508399385955212,"Taucorr":0.5664281735617112},"Iteration":29},
{"Acceptance":[0.05084033613445378],"Energy":{"Mean":-189.1693548387097,"Sigma":0.1888658484380086,"Taucorr":-0.027283301800854698},"EnergyVariance":{"Mean":4.640673777315298,"Sigma":0.4226027416456189,"Taucorr":-0.03044260582270053},"Iteration":30},
{"Acceptance":[0.042717086834733894],"Energy":{"Mean":-189.71774193548387,"Sigma":0.23295147386942874,"Taucorr":0.08358940532917447},"EnergyVariance":{"Mean":5.718717481789802,"Sigma":0.6434052984257255,"Taucorr":-0.00713633344136666},"Iteration":31},
{"Acceptance":[0.040756302521008404],"Energy":{"Mean":-190.41935483870967,"Sigma":0.2129500600165393,"Taucorr":0.12176516645400903},"EnergyVariance":{"Mean":4.485431841831426,"Sigma":0.43855188430241615,"Taucorr":0.06259228654500437},"Iteration":32},
{"Acceptance":[0.032913165266106444],"Energy":{"Mean":-191.07258064516125,"Sigma":0.15988636269788686,"Taucorr":0.001995639082129408},"EnergyVariance":{"Mean":3.13182882414152,"Sigma":0.38295243980957966,"Taucorr":-0.06752551313782024},"Iteration":33},
{"Acceptance":[0.023949579831932775],"Energy":{"Mean":-191.41935483870967,"Sigma":0.1681601486319793,"Taucorr":0.1229081252329507},"EnergyVariance":{"Mean":2.791883454734652,"Sigma":0.6367848168899066,"Taucorr":0.12537616693016895},"Iteration":34},
{"Acceptance":[0.025630252100840335],"Energy":{"Mean":-191.63709677419357,"Sigma":0.23527572182276446,"Taucorr":0.28366195074481415},"EnergyVariance":{"Mean":4.344107700312175,"Sigma":1.1430980731430551,"Taucorr":-0.020011328865540523},"Iteration":35},
{"Acceptance":[0.021988795518207285],"Energy":{"Mean":-192.39516129032256,"Sigma":0.11226779713093454,"Taucorr":0.15104604795979648},"EnergyVariance":{"Mean":1.19062174817898,"Sigma":0.13207846302929174,"Taucorr":0.16602252748331525},"Iteration":36},
{"Acceptance":[0.0257703081232493],"Energy":{"Mean":-192.36290322580646,"Sigma":0.16224181709629276,"Taucorr":0.2203328027781798},"EnergyVariance":{"Mean":2.2473335067637876,"Sigma":0.4707990248769983,"Taucorr":0.0994430254178652},"Iteration":37},
{"Acceptance":[0.026050420168067228],"Energy":{"Mean":-192.8387096774194,"Sigma":0.15491429606692403,"Taucorr":0.4493599397590393},"EnergyVariance":{"Mean":1.5546305931321542,"Sigma":0.2449231181449255,"Taucorr":0.18185837217862522},"Iteration":38},
{"Acceptance":[0.0196078431372549],"Energy":{"Mean":-192.91935483870967,"Sigma":0.14773700512973476,"Taucorr":0.10926319518242655},"EnergyVariance":{"Mean":2.2031737773152966,"Sigma":0.42147362190421805,"Taucorr":0.09013233020636136},"Iteration":39},
{"Acceptance":[0.015826330532212884],"Energy":{"Mean":-193.12096774193546,"Sigma":0.15932947863158634,"Taucorr":0.25273588159669413},"EnergyVariance":{"Mean":2.0740764828303853,"Sigma":0.6824637097357423,"Taucorr":0.453772586949746},"Iteration":40},
{"Acceptance":[0.012324929971988795],"Energy":{"Mean":-193.48387096774198,"Sigma":0.13367001370278125,"Taucorr":0.21351773648647743},"EnergyVariance":{"Mean":1.5400624349635799,"Sigma":0.5042251709191805,"Taucorr":0.40291414318718877},"Iteration":41},
{"Acceptance":[0.00784313725490196],"Energy":{"Mean":-193.45161290322582,"Sigma":0.11442901426770274,"Taucorr":0.17147505422993214},"EnergyVariance":{"Mean":1.1992715920915713,"Sigma":0.30051406389624624,"Taucorr":0.03904172009186879},"Iteration":42},
{"Acceptance":[0.005322128851540616],"Energy":{"Mean":-193.79032258064518,"Sigma":0.080402861810415,"Taucorr":0.40376995860435894},"EnergyVariance":{"Mean":0.4399063475546305,"Sigma":0.17197661533655442,"Taucorr":0.4371970209979327},"Iteration":43},
{"Acceptance":[0.0036414565826330533],"Energy":{"Mean":-193.91935483870967,"Sigma":0.04693151148988219,"Taucorr":-0.022731439046745516},"EnergyVariance":{"Mean":0.2838189386056192,"Sigma":0.1733061816290708,"Taucorr":-0.01833237696907325},"Iteration":44},
{"Acceptance":[0.004481792717086834],"Energy":{"Mean":-193.96774193548387,"Sigma":0.0515119981376493,"Taucorr":-0.1378175519630493},"EnergyVariance":{"Mean":0.4505723204994797,"Sigma":0.18324974002469302,"Taucorr":0.16877279204676787},"Iteration":45},
{"Acceptance":[0.00392156862745098],"Energy":{"Mean":-193.8387096774193,"Sigma":0.06715051611181042,"Taucorr":-3.885780586188048e-15},"EnergyVariance":{"Mean":0.554630593132154,"Sigma":0.23847649840259758,"Taucorr":0.12643677447582757},"Iteration":46},
{"Acceptance":[0.0032212885154061623],"Energy":{"Mean":-193.96774193548393,"Sigma":0.05019041093657874,"Taucorr":0.1431155507559383},"EnergyVariance":{"Mean":0.24089490114464104,"Sigma":0.14298185065102256,"Taucorr":0.034821973993728994},"Iteration":47},
{"Acceptance":[0.002661064425770308],"Energy":{"Mean":-193.9758064516129,"Sigma":0.017790744201907155,"Taucorr":-0.3574082896617542},"EnergyVariance":{"Mean":0.1365114464099896,"Sigma":0.10807933331350315,"Taucorr":0.3237819486443151},"Iteration":48},
{"Acceptance":[0.0033613445378151263],"Energy":{"Mean":-193.9516129032258,"Sigma":0.052388328286811794,"Taucorr":0.12088516746411071},"EnergyVariance":{"Mean":0.27185223725286156,"Sigma":0.11846277603790326,"Taucorr":0.01734975896396218},"Iteration":49},
{"Acceptance":[0.0025210084033613447],"Energy":{"Mean":-193.96774193548382,"Sigma":0.115785034111392,"Taucorr":0.9224865350089793},"EnergyVariance":{"Mean":0.5796045785639957,"Sigma":0.39322793764538705,"Taucorr":0.9700477654551418},"Iteration":50},
{"Acceptance":[0.0011204481792717086],"Energy":{"Mean":-194.0,"Sigma":0.023186944788008482,"Taucorr":0.18333333333333368},"EnergyVariance":{"Mean":0.048387096774193554,"Sigma":0.0355814884038157,"Taucorr":0.04517304189435356},"Iteration":51},
{"Acceptance":[0.0028011204481792717],"Energy":{"Mean":-193.93548387096777,"Sigma":0.06554951950592423,"Taucorr":-0.05409350307286781},"EnergyVariance":{"Mean":0.5926118626430802,"Sigma":0.33024422699641603,"Taucorr":0.09947130554429107},"Iteration":52},
{"Acceptance":[0.0007002801120448179],"Energy":{"Mean":-194.0,"Sigma":0.0,"Taucorr":null},"EnergyVariance":{"Mean":0.0,"Sigma":0.0,"Taucorr":null},"Iteration":53},
{"Acceptance":[0.002380952380952381],"Energy":{"Mean":-193.90322580645156,"Sigma":0.04874420196405649,"Taucorr":0.2933615819209059},"EnergyVariance":{"Mean":0.1841831425598335,"Sigma":0.0880540422576452,"Taucorr":0.29336158192090445},"Iteration":54},
{"Acceptance":[0.0030812324929971988],"Energy":{"Mean":-193.88709677419354,"Sigma":0.06541709609894625,"Taucorr":0.5066417910447809},"EnergyVariance":{"Mean":0.2614464099895942,"Sigma":0.14028255475001608,"Taucorr":0.32810464162593445},"Iteration":55},
{"Acceptance":[0.0016806722689075631],"Energy":{"Mean":-194.05645161290323,"Sigma":0.06528440408382352,"Taucorr":1.4574065080136065},"EnergyVariance":{"Mean":0.1339099895941727,"Sigma":0.12177981758920045,"Taucorr":1.5160543043080938},"Iteration":56},
{"Acceptance":[0.00196078431372549],"Energy":{"Mean":-194.0,"Sigma":0.0,"Taucorr":null},"EnergyVariance":{"Mean":0.0,"Sigma":0.0,"Taucorr":null},"Iteration":57},
{"Acceptance":[0.0016806722689075631],"Energy":{"Mean":-193.98387096774192,"Sigma":0.04771032083144898,"Taucorr":0.011039886039893254},"EnergyVariance":{"Mean":0.27393340270551514,"Sigma":0.20309925072865592,"Taucorr":-0.009753708992042476},"Iteration":58},
{"Acceptance":[0.0025210084033613447],"Energy":{"Mean":-194.00000000000003,"Sigma":0.023186944788009273,"Taucorr":0.012500000000026379},"EnergyVariance":{"Mean":0.06451612903225806,"Sigma":0.044853018526052064,"Taucorr":-0.012704918032786783},"Iteration":59},
{"Acceptance":[0.0025210084033613447],"Energy":{"Mean":-194.00000000000003,"Sigma":0.023186944788007563,"Taucorr":0.01249999999997109},"EnergyVariance":{"Mean":0.06451612903225806,"Sigma":0.044853018526052064,"Taucorr":-0.012704918032786783},"Iteration":60},
{"Acceptance":[0.0028011204481792717],"Energy":{"Mean":-194.06451612903226,"Sigma":0.030602687033888236,"Taucorr":-0.1958791208791088},"EnergyVariance":{"Mean":0.1893860561914672,"Sigma":0.08319544039077406,"Taucorr":0.12921545779900423},"Iteration":61},
{"Acceptance":[0.002240896358543417],"Energy":{"Mean":-194.0241935483871,"Sigma":0.02419354838709644,"Taucorr":-1.176836406102666e-14},"EnergyVariance":{"Mean":0.07199531737773152,"Sigma":0.044177187175073025,"Taucorr":-0.01892495448541237},"Iteration":62},
{"Acceptance":[0.0011204481792717086],"Energy":{"Mean":-193.87096774193546,"Sigma":0.08021390065186314,"Taucorr":0.616813509544784},"EnergyVariance":{"Mean":0.354318418314256,"Sigma":0.25280910400265244,"Taucorr":0.5338435043935781},"Iteration":63},
{"Acceptance":[0.0030812324929971988],"Energy":{"Mean":-194.08064516129033,"Sigma":0.06176949082298916,"Taucorr":0.5699881376037852},"EnergyVariance":{"Mean":0.21930280957336107,"Sigma":0.11166863606150759,"Taucorr":0.5093971697538369},"Iteration":64},
{"Acceptance":[0.0014005602240896359],"Energy":{"Mean":-193.9274193548387,"Sigma":0.05079151512820137,"Taucorr":0.1482859420674849},"EnergyVariance":{"Mean":0.24473204994797088,"Sigma":0.13873995857774946,"Taucorr":0.026570147093158858},"Iteration":65},
{"Acceptance":[0.004201680672268907],"Energy":{"Mean":-193.8951612903226,"Sigma":0.1428277185890886,"Taucorr":0.5830666442086352},"EnergyVariance":{"Mean":1.1583636836628513,"Sigma":0.6073231964438026,"Taucorr":0.6390600023010244},"Iteration":66},
{"Acceptance":[0.002661064425770308],"Energy":{"Mean":-194.04032258064515,"Sigma":0.028626192498869024,"Taucorr":-0.011720226843098869},"EnergyVariance":{"Mean":0.1032127991675338,"Sigma":0.05201336259332434,"Taucorr":-0.032119097681000075},"Iteration":67},
{"Acceptance":[0.0029411764705882353],"Energy":{"Mean":-194.06451612903228,"Sigma":0.03839477649754248,"Taucorr":0.22604166666667747},"EnergyVariance":{"Mean":0.12486992715920917,"Sigma":0.07183538828572208,"Taucorr":0.2260416666666667},"Iteration":68},
{"Acceptance":[0.0028011204481792717],"Energy":{"Mean":-194.04032258064518,"Sigma":0.03683874734005612,"Taucorr":0.30863264020165193},"EnergyVariance":{"Mean":0.10321279916753381,"Sigma":0.06845431797941529,"Taucorr":0.31041440523834385},"Iteration":69},
{"Acceptance":[0.0025210084033613447],"Energy":{"Mean":-193.9354838709677,"Sigma":0.13666916235041882,"Taucorr":0.49273830935252305},"EnergyVariance":{"Mean":1.157127991675338,"Sigma":1.0143190280855443,"Taucorr":0.5010713543188503},"Iteration":70},
{"Acceptance":[0.0028011204481792717],"Energy":{"Mean":-193.9274193548387,"Sigma":0.07350073914036301,"Taucorr":0.00030359416315806076},"EnergyVariance":{"Mean":0.6640868886576481,"Sigma":0.508334076582918,"Taucorr":-0.008153939841942015},"Iteration":71},
{"Acceptance":[0.00392156862745098],"Energy":{"Mean":-194.12096774193546,"Sigma":0.07765979687930948,"Taucorr":0.9748125161624139},"EnergyVariance":{"Mean":0.2514958376690947,"Sigma":0.13481139365504385,"Taucorr":0.9824532358855962},"Iteration":72},
{"Acceptance":[0.00392156862745098],"Energy":{"Mean":-194.12903225806448,"Sigma":0.05664329974652021,"Taucorr":0.056901615271661155},"EnergyVariance":{"Mean":0.3543184183142561,"Sigma":0.10292331101784223,"Taucorr":0.117632484811527},"Iteration":73},
{"Acceptance":[0.004481792717086834],"Energy":{"Mean":-194.12903225806446,"Sigma":0.05664329974652052,"Taucorr":0.31734913793104524},"EnergyVariance":{"Mean":0.24141519250780438,"Sigma":0.09866897375200961,"Taucorr":0.3173491379310347},"Iteration":74},
{"Acceptance":[0.004201680672268907],"Energy":{"Mean":-194.11290322580646,"Sigma":0.044659268080204984,"Taucorr":0.07570207570208365},"EnergyVariance":{"Mean":0.21305931321540056,"Sigma":0.079234185303588,"Taucorr":0.07570207570207554},"Iteration":75},
{"Acceptance":[0.00392156862745098],"Energy":{"Mean":-194.2741935483871,"Sigma":0.09514762066937178,"Taucorr":0.6765805387575632},"EnergyVariance":{"Mean":0.47320499479708655,"Sigma":0.1381175138748933,"Taucorr":0.6765805387575592},"Iteration":76},
{"Acceptance":[0.007563025210084034],"Energy":{"Mean":-194.14516129032262,"Sigma":0.06637118005165918,"Taucorr":0.01376418352243669},"EnergyVariance":{"Mean":0.527315296566077,"Sigma":0.15381875416992924,"Taucorr":-0.07446812991023788},"Iteration":77},
{"Acceptance":[0.011204481792717087],"Energy":{"Mean":-194.30645161290326,"Sigma":0.13849696117709426,"Taucorr":0.23745324442998594},"EnergyVariance":{"Mean":1.5996357960457857,"Sigma":0.5812453773259122,"Taucorr":-0.020054477588851594},"Iteration":78},
{"Acceptance":[0.011204481792717087],"Energy":{"Mean":-194.49999999999997,"Sigma":0.0867576032427713,"Taucorr":0.11720430107527002},"EnergyVariance":{"Mean":0.75,"Sigma":0.08675760324277615,"Taucorr":0.1172043010752688},"Iteration":79},
{"Acceptance":[0.01568627450980392],"Energy":{"Mean":-194.7258064516129,"Sigma":0.09861598617767581,"Taucorr":0.13563035664916512},"EnergyVariance":{"Mean":0.9409469302809571,"Sigma":0.0562139444516394,"Taucorr":0.11668911536109283},"Iteration":80},
{"Acceptance":[0.01610644257703081],"Energy":{"Mean":-194.78225806451616,"Sigma":0.09328383058658866,"Taucorr":-0.008880931065353759},"EnergyVariance":{"Mean":1.089685223725286,"Sigma":0.07513449104387109,"Taucorr":0.031892307222157745},"Iteration":81},
{"Acceptance":[0.021568627450980392],"Energy":{"Mean":-195.08870967741936,"Sigma":0.10143353344212931,"Taucorr":0.12259550777500006},"EnergyVariance":{"Mean":1.016324141519251,"Sigma":0.029377520533723143,"Taucorr":-0.06465084735601623},"Iteration":82},
{"Acceptance":[0.016526610644257703],"Energy":{"Mean":-195.36290322580646,"Sigma":0.10615386838851687,"Taucorr":0.20053908355794703},"EnergyVariance":{"Mean":0.9892689906347554,"Sigma":0.18522140819695382,"Taucorr":0.47118831100980374},"Iteration":83},
{"Acceptance":[0.009103641456582634],"Energy":{"Mean":-195.4677419354839,"Sigma":0.07667654402583647,"Taucorr":-0.037162837162841134},"EnergyVariance":{"Mean":0.7812174817898021,"Sigma":0.07172967021772284,"Taucorr":-0.037162837162837414},"Iteration":84},
{"Acceptance":[0.010784313725490196],"Energy":{"Mean":-195.5967741935484,"Sigma":0.10217883026412562,"Taucorr":0.21191231612344952},"EnergyVariance":{"Mean":0.9019250780437046,"Sigma":0.29306247187050466,"Taucorr":0.05487037953720808},"Iteration":85},
{"Acceptance":[0.0070028011204481795],"Energy":{"Mean":-195.64516129032262,"Sigma":0.1209139665418794,"Taucorr":0.4417711171662092},"EnergyVariance":{"Mean":0.9547346514047867,"Sigma":0.3995669428979405,"Taucorr":0.09976807865764459},"Iteration":86},
{"Acceptance":[0.0067226890756302525],"Energy":{"Mean":-195.62903225806454,"Sigma":0.09551147523097717,"Taucorr":0.3388175807078836},"EnergyVariance":{"Mean":0.668834547346514,"Sigma":0.15719378958776908,"Taucorr":0.20365850127458174},"Iteration":87},
{"Acceptance":[0.0014005602240896359],"Energy":{"Mean":-195.9677419354839,"Sigma":0.03225806451612916,"Taucorr":0.5081967213114793},"EnergyVariance":{"Mean":0.06347554630593132,"Sigma":0.06243496357960647,"Taucorr":0.5081967213114753},"Iteration":88},
{"Acceptance":[0.00196078431372549],"Energy":{"Mean":-195.96774193548387,"Sigma":0.02242650926302735,"Taucorr":-0.012704918032742929},"EnergyVariance":{"Mean":0.0634755463059313,"Sigma":0.043406146960695585,"Taucorr":-0.012704918032786783},"Iteration":89},
{"Acceptance":[0.0014005602240896359],"Energy":{"Mean":-195.95967741935485,"Sigma":0.032989030014284715,"Taucorr":0.4432630614115506},"EnergyVariance":{"Mean":0.07095473465140478,"Sigma":0.062111136672022206,"Taucorr":0.48987027775881575},"Iteration":90},
{"Acceptance":[0.002240896358543417],"Energy":{"Mean":-195.95161290322582,"Sigma":0.02698903311400233,"Taucorr":-0.025619834710746192},"EnergyVariance":{"Mean":0.09443288241415192,"Sigma":0.05136622431374741,"Taucorr":-0.025619834710743805},"Iteration":91},
{"Acceptance":[0.0008403361344537816],"Energy":{"Mean":-195.9032258064516,"Sigma":0.05397806622800559,"Taucorr":0.47288135593221525},"EnergyVariance":{"Mean":0.18418314255983348,"Sigma":0.09750876479897377,"Taucorr":0.4728813559322035},"Iteration":92},
{"Acceptance":[0.0005602240896358543],"Energy":{"Mean":-195.96774193548393,"Sigma":0.0322580645161289,"Taucorr":0.5081967213114706},"EnergyVariance":{"Mean":0.0634755463059313,"Sigma":0.0624349635796083,"Taucorr":0.5081967213114755},"Iteration":93},
{"Acceptance":[0.0008403361344537816],"Energy":{"Mean":-195.95161290322582,"Sigma":0.03558148840381595,"Taucorr":0.32451790633609945},"EnergyVariance":{"Mean":0.09443288241415194,"Sigma":0.06771960696210196,"Taucorr":0.32451790633608857},"Iteration":94},
{"Acceptance":[0.00196078431372549],"Energy":{"Mean":-195.89516129032262,"Sigma":0.06737612443292175,"Taucorr":0.37338758901324176},"EnergyVariance":{"Mean":0.3196540062434963,"Sigma":0.2457255904965757,"Taucorr":0.47107384898715865},"Iteration":95},
{"Acceptance":[0.0014005602240896359],"Energy":{"Mean":-196.0,"Sigma":0.0,"Taucorr":null},"EnergyVariance":{"Mean":0.0,"Sigma":0.0,"Taucorr":null},"Iteration":96},
{"Acceptance":[0.0016806722689075631],"Energy":{"Mean":-195.98387096774192,"Sigma":0.016129032258064488,"Taucorr":3.9968028886505635e-15},"EnergyVariance":{"Mean":0.03199791883454733,"Sigma":0.031737773152965214,"Taucorr":0.0},"Iteration":97},
{"Acceptance":[0.00028011204481792715],"Energy":{"Mean":-195.99193548387098,"Sigma":0.008064516129032391,"Taucorr":1.7541523789077473e-14},"EnergyVariance":{"Mean":0.007999479708636837,"Sigma":0.007934443288241532,"Taucorr":-2.220446049250313e-16},"Iteration":98},
{"Acceptance":[0.00196078431372549],"Energy":{"Mean":-195.98387096774192,"Sigma":0.028245001153900294,"Taucorr":0.00835579514824547},"EnergyVariance":{"Mean":0.09651404786680542,"Sigma":0.05369480810553821,"Taucorr":-0.025610705571436743},"Iteration":99} 
]}