{"Output": [
{"Acceptance":[0.13189134808853117],"Energy":{"Mean":-346.81451612903226,"Sigma":0.5781607542777603,"Taucorr":0.09744573075651008},"EnergyVariance":{"Mean":34.409144120707595,"Sigma":5.152137591647389,"Taucorr":0.012464767253783648},"Iteration":0},
{"Acceptance":[0.052515090543259556],"Energy":{"Mean":-362.8870967741936,"Sigma":0.3695097576223788,"Taucorr":0.2665045949989371},"EnergyVariance":{"Mean":10.954994797086366,"Sigma":3.3959600083281996,"Taucorr":0.4048289786179232},"Iteration":1},
{"Acceptance":[0.026559356136820925],"Energy":{"Mean":-366.6129032258064,"Sigma":0.21497646460249384,"Taucorr":0.36081586826348433},"EnergyVariance":{"Mean":3.3017689906347556,"Sigma":0.6439261608320852,"Taucorr":-0.04090704072285245},"Iteration":2},
{"Acceptance":[0.003118712273641851],"Energy":{"Mean":-368.7822580645162,"Sigma":0.10859682729421047,"Taucorr":-0.02943162158744561},"EnergyVariance":{"Mean":1.5412981269510926,"Sigma":0.7239362894680127,"Taucorr":-0.036588532644547866},"Iteration":3},
{"Acceptance":[0.005331991951710261],"Energy":{"Mean":-368.9435483870967,"Sigma":0.06424674944640872,"Taucorr":0.6004228925853152},"EnergyVariance":{"Mean":0.2306841831425598,"Sigma":0.0984741953314217,"Taucorr":0.6563446304369667},"Iteration":4},
{"Acceptance":[0.007847082494969819],"Energy":{"Mean":-369.08064516129025,"Sigma":0.07367749468011132,"Taucorr":0.22380146644106058},"EnergyVariance":{"Mean":0.4612382934443288,"Sigma":0.10911697864959088,"Taucorr":-0.031955550064759475},"Iteration":5},
{"Acceptance":[0.0030181086519114686],"Energy":{"Mean":-369.8951612903227,"Sigma":0.048877443766958004,"Taucorr":-0.062444315320501764},"EnergyVariance":{"Mean":0.3357830385015609,"Sigma":0.21087267044082605,"Taucorr":0.03154058901961043},"Iteration":6},
{"Acceptance":[0.0026156941649899397],"Energy":{"Mean":-369.8870967741936,"Sigma":0.055405045281671006,"Taucorr":-0.03570057581572306},"EnergyVariance":{"Mean":0.40660770031217486,"Sigma":0.2243084623952032,"Taucorr":-0.02417584819130042},"Iteration":7},
{"Acceptance":[0.002012072434607646],"Energy":{"Mean":-369.87096774193543,"Sigma":0.11292242540285002,"Taucorr":-0.003700197563386687},"EnergyVariance":{"Mean":1.5801248699271593,"Sigma":1.1844473030753393,"Taucorr":-0.008892770646230896},"Iteration":8},
{"Acceptance":[0.002012072434607646],"Energy":{"Mean":-370.0403225806451,"Sigma":0.030884745411493348,"Taucorr":0.32676443629693586},"EnergyVariance":{"Mean":0.07095473465140481,"Sigma":0.027114036480667843,"Taucorr":0.23228285308341434},"Iteration":9},
{"Acceptance":[0.0032193158953722333],"Energy":{"Mean":-370.0,"Sigma":0.043378801621386055,"Taucorr":-0.12236842105262513},"EnergyVariance":{"Mean":0.3064516129032258,"Sigma":0.20955331314724795,"Taucorr":0.024594471676183893},"Iteration":10},
{"Acceptance":[0.005432595573440644],"Energy":{"Mean":-369.9596774193549,"Sigma":0.10504528861602018,"Taucorr":0.46947876985969283},"EnergyVariance":{"Mean":0.6999869927159208,"Sigma":0.5704569597858037,"Taucorr":0.49682185184300776},"Iteration":11},
{"Acceptance":[0.013380281690140845],"Energy":{"Mean":-370.258064516129,"Sigma":0.12725591804886682,"Taucorr":0.7898837601078228},"EnergyVariance":{"Mean":0.7721123829344432,"Sigma":0.4360790486750894,"Taucorr":0.8950491824193509},"Iteration":12},
{"Acceptance":[0.0016096579476861167],"Energy":{"Mean":-370.9596774193548,"Sigma":0.04793697446270841,"Taucorr":0.20666666666669287},"EnergyVariance":{"Mean":0.19998699271592094,"Sigma":0.0962582026956892,"Taucorr":0.085402512260495},"Iteration":13},
{"Acceptance":[0.0016096579476861167],"Energy":{"Mean":-370.9919354838709,"Sigma":0.05373655241599326,"Taucorr":0.457769203788162},"EnergyVariance":{"Mean":0.18541883454734653,"Sigma":0.14450335102107367,"Taucorr":0.4880556188525771},"Iteration":14},
{"Acceptance":[0.003118712273641851],"Energy":{"Mean":-371.0483870967742,"Sigma":0.04085667783217946,"Taucorr":0.21880692167577886},"EnergyVariance":{"Mean":0.14281997918834546,"Sigma":0.07794003983475449,"Taucorr":0.007922564498912932},"Iteration":15},
{"Acceptance":[0.007545271629778672],"Energy":{"Mean":-371.1612903225806,"Sigma":0.06407781213205471,"Taucorr":0.3514692982456056},"EnergyVariance":{"Mean":0.2965660770031216,"Sigma":0.11778257695090061,"Taucorr":1.0157648984550287},"Iteration":16},
{"Acceptance":[0.0023138832997987926],"Energy":{"Mean":-371.94354838709677,"Sigma":0.02770252264083611,"Taucorr":0.3860805860806311},"EnergyVariance":{"Mean":0.05326482830385016,"Sigma":0.02457481847170812,"Taucorr":0.3860805860805858},"Iteration":17},
{"Acceptance":[0.0018108651911468814],"Energy":{"Mean":-371.991935483871,"Sigma":0.01412250057694968,"Taucorr":-0.19531502423265656},"EnergyVariance":{"Mean":0.040257544224765886,"Sigma":0.026222504046088252,"Taucorr":0.5996197608228171},"Iteration":18},
{"Acceptance":[0.0008048289738430583],"Energy":{"Mean":-371.96774193548373,"Sigma":0.037997480610934824,"Taucorr":0.29377906976744783},"EnergyVariance":{"Mean":0.11186264308012484,"Sigma":0.07507652932763821,"Taucorr":0.031173133711715817},"Iteration":19},
{"Acceptance":[0.001006036217303823],"Energy":{"Mean":-371.991935483871,"Sigma":0.11621487269471625,"Taucorr":0.8038795303726438},"EnergyVariance":{"Mean":0.6370317377731529,"Sigma":0.41165693415768806,"Taucorr":0.88607292381943},"Iteration":20},
{"Acceptance":[0.0028169014084507044],"Energy":{"Mean":-371.9032258064516,"Sigma":0.1609270101675205,"Taucorr":0.2630016201395897},"EnergyVariance":{"Mean":2.0874089490114462,"Sigma":1.125271434842912,"Taucorr":0.211476903367379},"Iteration":21},
{"Acceptance":[0.004225352112676056],"Energy":{"Mean":-372.2096774193548,"Sigma":0.06568167592941251,"Taucorr":-0.02005882352940358},"EnergyVariance":{"Mean":0.5528095733610822,"Sigma":0.21897122031479296,"Taucorr":-0.038204450243801924},"Iteration":22},
{"Acceptance":[0.016398390342052312],"Energy":{"Mean":-374.3387096774193,"Sigma":0.22286875540699594,"Taucorr":0.19916046442393798},"EnergyVariance":{"Mean":4.369146722164411,"Sigma":1.4510456188484175,"Taucorr":0.02293001543598705},"Iteration":23},
{"Acceptance":[0.001006036217303823],"Energy":{"Mean":-375.8467741935484,"Sigma":0.08493943078766206,"Taucorr":-0.01774934615112972},"EnergyVariance":{"Mean":0.920070239334027,"Sigma":0.6527975912483021,"Taucorr":-0.010510028260363624},"Iteration":24},
{"Acceptance":[0.0012072434607645875],"Energy":{"Mean":-375.8951612903226,"Sigma":0.07582360821640773,"Taucorr":0.024211744286957826},"EnergyVariance":{"Mean":0.6744927159209156,"Sigma":0.6374692345135201,"Taucorr":-0.0007130108420742576},"Iteration":25},
{"Acceptance":[0.0006036217303822937],"Energy":{"Mean":-375.98387096774195,"Sigma":0.01612903225806484,"Taucorr":1.9761969838327786e-14},"EnergyVariance":{"Mean":0.03199791883454735,"Sigma":0.03173777315296614,"Taucorr":0.0},"Iteration":26},
{"Acceptance":[0.0008048289738430583],"Energy":{"Mean":-375.6532258064516,"Sigma":0.18428786918972512,"Taucorr":0.23979636497662005},"EnergyVariance":{"Mean":2.82329604578564,"Sigma":1.6632732819024831,"Taucorr":0.2942854809879599},"Iteration":27},
{"Acceptance":[0.0006036217303822937],"Energy":{"Mean":-375.991935483871,"Sigma":0.008064516129032142,"Taucorr":-1.6764367671839864e-14},"EnergyVariance":{"Mean":0.007999479708636839,"Sigma":0.007934443288241532,"Taucorr":-2.220446049250313e-16},"Iteration":28},
{"Acceptance":[0.0008048289738430583],"Energy":{"Mean":-375.93548387096774,"Sigma":0.030602687033887726,"Taucorr":-0.038749999999995566},"EnergyVariance":{"Mean":0.12486992715920914,"Sigma":0.057256640256951,"Taucorr":-0.03874999999999995},"Iteration":29},
{"Acceptance":[0.00040241448692152917],"Energy":{"Mean":-375.9758064516129,"Sigma":0.024193548387096732,"Taucorr":-3.4416913763379853e-15},"EnergyVariance":{"Mean":0.07199531737773152,"Sigma":0.0714099895941738,"Taucorr":0.0},"Iteration":30},
{"Acceptance":[0.00040241448692152917],"Energy":{"Mean":-375.9354838709678,"Sigma":0.0645161290322582,"Taucorr":0.5081967213114731},"EnergyVariance":{"Mean":0.2539021852237252,"Sigma":0.24973985431842585,"Taucorr":0.5081967213114753},"Iteration":31},
{"Acceptance":[0.00040241448692152917],"Energy":{"Mean":-375.9758064516129,"Sigma":0.024193548387096912,"Taucorr":4.218847493575595e-15},"EnergyVariance":{"Mean":0.07199531737773152,"Sigma":0.0714099895941738,"Taucorr":0.0},"Iteration":32},
{"Acceptance":[0.0008048289738430583],"Energy":{"Mean":-375.91129032258067,"Sigma":0.06194472377313345,"Taucorr":-0.012494961708994334},"EnergyVariance":{"Mean":0.4840660770031215,"Sigma":0.3369540141667189,"Taucorr":-0.011872748254157128},"Iteration":33},
{"Acceptance":[0.00020120724346076458],"Energy":{"Mean":-376.0,"Sigma":0.0,"Taucorr":null},"EnergyVariance":{"Mean":0.0,"Sigma":0.0,"Taucorr":null},"Iteration":34},
{"Acceptance":[0.00040241448692152917],"Energy":{"Mean":-376.0,"Sigma":0.0,"Taucorr":null},"EnergyVariance":{"Mean":0.0,"Sigma":0.0,"Taucorr":null},"Iteration":35},
{"Acceptance":[0.00020120724346076458],"Energy":{"Mean":-376.0,"Sigma":0.0,"Taucorr":null},"EnergyVariance":{"Mean":0.0,"Sigma":0.0,"Taucorr":null},"Iteration":36},
{"Acceptance":[0.00040241448692152917],"Energy":{"Mean":-375.991935483871,"Sigma":0.008064516129032506,"Taucorr":1.0880185641326534e-14},"EnergyVariance":{"Mean":0.007999479708636839,"Sigma":0.007934443288241532,"Taucorr":0.0},"Iteration":37},
{"Acceptance":[0.0008048289738430583],"Energy":{"Mean":-375.8790322580645,"Sigma":0.09896709004285463,"Taucorr":0.8534853134590137},"EnergyVariance":{"Mean":0.4450442247658688,"Sigma":0.3675602054325971,"Taucorr":0.9242196214609402},"Iteration":38},
{"Acceptance":[0.0006036217303822937],"Energy":{"Mean":-376.0,"Sigma":0.0,"Taucorr":null},"EnergyVariance":{"Mean":0.0,"Sigma":0.0,"Taucorr":null},"Iteration":39},
{"Acceptance":[0.0008048289738430583],"Energy":{"Mean":-375.98387096774195,"Sigma":0.016129032258064762,"Taucorr":0.5081967213114917},"EnergyVariance":{"Mean":0.01586888657648283,"Sigma":0.015608740894901618,"Taucorr":0.5081967213114755},"Iteration":40},
{"Acceptance":[0.00020120724346076458],"Energy":{"Mean":-376.0,"Sigma":0.0,"Taucorr":null},"EnergyVariance":{"Mean":0.0,"Sigma":0.0,"Taucorr":null},"Iteration":41},
{"Acceptance":[0.001006036217303823],"Energy":{"Mean":-376.0,"Sigma":0.0,"Taucorr":null},"EnergyVariance":{"Mean":0.0,"Sigma":0.0,"Taucorr":null},"Iteration":42},
{"Acceptance":[0.00040241448692152917],"Energy":{"Mean":-376.0,"Sigma":0.0,"Taucorr":null},"EnergyVariance":{"Mean":0.0,"Sigma":0.0,"Taucorr":null},"Iteration":43},
{"Acceptance":[0.0006036217303822937],"Energy":{"Mean":-376.0,"Sigma":0.0,"Taucorr":null},"EnergyVariance":{"Mean":0.0,"Sigma":0.0,"Taucorr":null},"Iteration":44},
{"Acceptance":[0.0006036217303822937],"Energy":{"Mean":-375.85483870967744,"Sigma":0.12257003349653788,"Taucorr":0.907699167657559},"EnergyVariance":{"Mean":0.6563475546305931,"Sigma":0.5713033720300553,"Taucorr":0.9819037660227632},"Iteration":45},
{"Acceptance":[0.0],"Energy":{"Mean":-376.0,"Sigma":0.0,"Taucorr":null},"EnergyVariance":{"Mean":0.0,"Sigma":0.0,"Taucorr":null},"Iteration":46},
{"Acceptance":[0.00040241448692152917],"Energy":{"Mean":-376.0,"Sigma":0.0,"Taucorr":null},"EnergyVariance":{"Mean":0.0,"Sigma":0.0,"Taucorr":null},"Iteration":47},
{"Acceptance":[0.0008048289738430583],"Energy":{"Mean":-375.991935483871,"Sigma":0.00806451612903265,"Taucorr":3.574918139293004e-14},"EnergyVariance":{"Mean":0.007999479708636839,"Sigma":0.007934443288241534,"Taucorr":0.0},"Iteration":48},
{"Acceptance":[0.0008048289738430583],"Energy":{"Mean":-375.9758064516129,"Sigma":0.024193548387096774,"Taucorr":1.0247933884297302},"EnergyVariance":{"Mean":0.023608220603537983,"Sigma":0.023022892819980253,"Taucorr":1.0247933884297515},"Iteration":49},
{"Acceptance":[0.00020120724346076458],"Energy":{"Mean":-375.96774193548384,"Sigma":0.032258064516127775,"Taucorr":0.5081967213114387},"EnergyVariance":{"Mean":0.06347554630593133,"Sigma":0.06243496357960281,"Taucorr":0.5081967213114753},"Iteration":50},
{"Acceptance":[0.001006036217303823],"Energy":{"Mean":-375.88709677419354,"Sigma":0.07131513215946578,"Taucorr":0.30101598934045326},"EnergyVariance":{"Mean":0.3904786680541104,"Sigma":0.25655534935682367,"Taucorr":0.37043539988055496},"Iteration":51},
{"Acceptance":[0.0014084507042253522],"Energy":{"Mean":-375.9838709677419,"Sigma":0.016129032258064804,"Taucorr":7.105427357601002e-15},"EnergyVariance":{"Mean":0.031997918834547334,"Sigma":0.0317377731529643,"Taucorr":0.0},"Iteration":52},
{"Acceptance":[0.00040241448692152917],"Energy":{"Mean":-376.0,"Sigma":0.0,"Taucorr":null},"EnergyVariance":{"Mean":0.0,"Sigma":0.0,"Taucorr":null},"Iteration":53},
{"Acceptance":[0.00020120724346076458],"Energy":{"Mean":-376.0,"Sigma":0.0,"Taucorr":null},"EnergyVariance":{"Mean":0.0,"Sigma":0.0,"Taucorr":null},"Iteration":54},
{"Acceptance":[0.00040241448692152917],"Energy":{"Mean":-376.0,"Sigma":0.0,"Taucorr":null},"EnergyVariance":{"Mean":0.0,"Sigma":0.0,"Taucorr":null},"Iteration":55},
{"Acceptance":[0.00040241448692152917],"Energy":{"Mean":-375.9435483870968,"Sigma":0.04878865632985256,"Taucorr":-0.004097818902835781},"EnergyVariance":{"Mean":0.29520031217481796,"Sigma":0.2847108490718112,"Taucorr":-0.0006328176706951738},"Iteration":56},
{"Acceptance":[0.00020120724346076458],"Energy":{"Mean":-376.0,"Sigma":0.0,"Taucorr":null},"EnergyVariance":{"Mean":0.0,"Sigma":0.0,"Taucorr":null},"Iteration":57},
{"Acceptance":[0.00040241448692152917],"Energy":{"Mean":-375.774193548387,"Sigma":0.10710940461860528,"Taucorr":-0.038750000000007834},"EnergyVariance":{"Mean":1.5296566077003122,"Sigma":0.7013938431476314,"Taucorr":-0.03875000000000006},"Iteration":58},
{"Acceptance":[0.0008048289738430583],"Energy":{"Mean":-375.9758064516129,"Sigma":0.024193548387097082,"Taucorr":1.3766765505351941e-14},"EnergyVariance":{"Mean":0.07199531737773153,"Sigma":0.0714099895941738,"Taucorr":-2.220446049250313e-16},"Iteration":59},
{"Acceptance":[0.0008048289738430583],"Energy":{"Mean":-376.0,"Sigma":0.0,"Taucorr":null},"EnergyVariance":{"Mean":0.0,"Sigma":0.0,"Taucorr":null},"Iteration":60},
{"Acceptance":[0.0006036217303822937],"Energy":{"Mean":-376.0,"Sigma":0.0,"Taucorr":null},"EnergyVariance":{"Mean":0.0,"Sigma":0.0,"Taucorr":null},"Iteration":61},
{"Acceptance":[0.0],"Energy":{"Mean":-376.0,"Sigma":0.0,"Taucorr":null},"EnergyVariance":{"Mean":0.0,"Sigma":0.0,"Taucorr":null},"Iteration":62},
{"Acceptance":[0.0],"Energy":{"Mean":-376.0,"Sigma":0.0,"Taucorr":null},"EnergyVariance":{"Mean":0.0,"Sigma":0.0,"Taucorr":null},"Iteration":63},
{"Acceptance":[0.0],"Energy":{"Mean":-376.0,"Sigma":0.0,"Taucorr":null},"EnergyVariance":{"Mean":0.0,"Sigma":0.0,"Taucorr":null},"Iteration":64},
{"Acceptance":[0.00040241448692152917],"Energy":{"Mean":-375.8548387096775,"Sigma":0.10091929168361652,"Taucorr":-0.01270491803279128},"EnergyVariance":{"Mean":1.2853798126951088,"Sigma":0.8789744759541,"Taucorr":-0.012704918032786672},"Iteration":65},
{"Acceptance":[0.0],"Energy":{"Mean":-376.0,"Sigma":0.0,"Taucorr":null},"EnergyVariance":{"Mean":0.0,"Sigma":0.0,"Taucorr":null},"Iteration":66},
{"Acceptance":[0.00040241448692152917],"Energy":{"Mean":-376.0,"Sigma":0.0,"Taucorr":null},"EnergyVariance":{"Mean":0.0,"Sigma":0.0,"Taucorr":null},"Iteration":67},
{"Acceptance":[0.00040241448692152917],"Energy":{"Mean":-375.9758064516129,"Sigma":0.017790744201908067,"Taucorr":0.32451790633608424},"EnergyVariance":{"Mean":0.02360822060353798,"Sigma":0.016929901740525992,"Taucorr":0.324517906336088},"Iteration":68},
{"Acceptance":[0.0008048289738430583],"Energy":{"Mean":-375.9677419354839,"Sigma":0.02524592877822407,"Taucorr":-0.007598039215665209},"EnergyVariance":{"Mean":0.07960457856399586,"Sigma":0.07116884104735247,"Taucorr":-0.0026519242813038413},"Iteration":69},
{"Acceptance":[0.0],"Energy":{"Mean":-376.0,"Sigma":0.0,"Taucorr":null},"EnergyVariance":{"Mean":0.0,"Sigma":0.0,"Taucorr":null},"Iteration":70},
{"Acceptance":[0.00020120724346076458],"Energy":{"Mean":-376.0,"Sigma":0.0,"Taucorr":null},"EnergyVariance":{"Mean":0.0,"Sigma":0.0,"Taucorr":null},"Iteration":71},
{"Acceptance":[0.00040241448692152917],"Energy":{"Mean":-376.0,"Sigma":0.0,"Taucorr":null},"EnergyVariance":{"Mean":0.0,"Sigma":0.0,"Taucorr":null},"Iteration":72},
{"Acceptance":[0.0008048289738430583],"Energy":{"Mean":-376.0,"Sigma":0.0,"Taucorr":null},"EnergyVariance":{"Mean":0.0,"Sigma":0.0,"Taucorr":null},"Iteration":73},
{"Acceptance":[0.0],"Energy":{"Mean":-376.0,"Sigma":0.0,"Taucorr":null},"EnergyVariance":{"Mean":0.0,"Sigma":0.0,"Taucorr":null},"Iteration":74},
{"Acceptance":[0.0008048289738430583],"Energy":{"Mean":-375.9758064516129,"Sigma":0.024193548387096607,"Taucorr":-5.88418203051333e-15},"EnergyVariance":{"Mean":0.07199531737773152,"Sigma":0.07140998959417381,"Taucorr":0.0},"Iteration":75},
{"Acceptance":[0.0006036217303822937],"Energy":{"Mean":-375.9274193548386,"Sigma":0.05079151512819969,"Taucorr":0.10820244328093542},"EnergyVariance":{"Mean":0.2608610822060354,"Sigma":0.20278316943616428,"Taucorr":0.015212510845684757},"Iteration":76},
{"Acceptance":[0.00020120724346076458],"Energy":{"Mean":-376.0,"Sigma":0.0,"Taucorr":null},"EnergyVariance":{"Mean":0.0,"Sigma":0.0,"Taucorr":null},"Iteration":77},
{"Acceptance":[0.00020120724346076458],"Energy":{"Mean":-376.01612903225805,"Sigma":0.01612903225806475,"Taucorr":1.1102230246251565e-14},"EnergyVariance":{"Mean":0.031997918834547355,"Sigma":0.03173777315296614,"Taucorr":0.0},"Iteration":78},
{"Acceptance":[0.00040241448692152917],"Energy":{"Mean":-376.0,"Sigma":0.0,"Taucorr":null},"EnergyVariance":{"Mean":0.0,"Sigma":0.0,"Taucorr":null},"Iteration":79},
{"Acceptance":[0.0],"Energy":{"Mean":-376.0,"Sigma":0.0,"Taucorr":null},"EnergyVariance":{"Mean":0.0,"Sigma":0.0,"Taucorr":null},"Iteration":80},
{"Acceptance":[0.00040241448692152917],"Energy":{"Mean":-376.0,"Sigma":0.0,"Taucorr":null},"EnergyVariance":{"Mean":0.0,"Sigma":0.0,"Taucorr":null},"Iteration":81},
{"Acceptance":[0.00040241448692152917],"Energy":{"Mean":-375.9758064516129,"Sigma":0.017790744201907772,"Taucorr":0.3245179063360658},"EnergyVariance":{"Mean":0.023608220603537976,"Sigma":0.016929901740525992,"Taucorr":0.3245179063360877},"Iteration":82},
{"Acceptance":[0.0],"Energy":{"Mean":-376.0,"Sigma":0.0,"Taucorr":null},"EnergyVariance":{"Mean":0.0,"Sigma":0.0,"Taucorr":null},"Iteration":83},
{"Acceptance":[0.00020120724346076458],"Energy":{"Mean":-376.0,"Sigma":0.0,"Taucorr":null},"EnergyVariance":{"Mean":0.0,"Sigma":0.0,"Taucorr":null},"Iteration":84},
{"Acceptance":[0.001006036217303823],"Energy":{"Mean":-375.90322580645153,"Sigma":0.09677419354838822,"Taucorr":9.325873406851315e-15},"EnergyVariance":{"Mean":1.1519250780437043,"Sigma":1.1425598335067477,"Taucorr":-4.440892098500626e-16},"Iteration":85},
{"Acceptance":[0.00020120724346076458],"Energy":{"Mean":-375.991935483871,"Sigma":0.008064516129032159,"Taucorr":-9.880984919163893e-15},"EnergyVariance":{"Mean":0.007999479708636839,"Sigma":0.007934443288241534,"Taucorr":2.220446049250313e-16},"Iteration":86},
{"Acceptance":[0.00040241448692152917],"Energy":{"Mean":-375.95161290322585,"Sigma":0.03558148840381554,"Taucorr":0.32451790633608857},"EnergyVariance":{"Mean":0.0944328824141519,"Sigma":0.06771960696210397,"Taucorr":0.3245179063360877},"Iteration":87},
{"Acceptance":[0.00040241448692152917],"Energy":{"Mean":-376.0,"Sigma":0.0,"Taucorr":null},"EnergyVariance":{"Mean":0.0,"Sigma":0.0,"Taucorr":null},"Iteration":88},
{"Acceptance":[0.0],"Energy":{"Mean":-376.0,"Sigma":0.0,"Taucorr":null},"EnergyVariance":{"Mean":0.0,"Sigma":0.0,"Taucorr":null},"Iteration":89},
{"Acceptance":[0.00040241448692152917],"Energy":{"Mean":-376.0,"Sigma":0.0,"Taucorr":null},"EnergyVariance":{"Mean":0.0,"Sigma":0.0,"Taucorr":null},"Iteration":90},
{"Acceptance":[0.00020120724346076458],"Energy":{"Mean":-376.0,"Sigma":0.0,"Taucorr":null},"EnergyVariance":{"Mean":0.0,"Sigma":0.0,"Taucorr":null},"Iteration":91},
{"Acceptance":[0.00040241448692152917],"Energy":{"Mean":-376.0,"Sigma":0.0,"Taucorr":null},"EnergyVariance":{"Mean":0.0,"Sigma":0.0,"Taucorr":null},"Iteration":92},
{"Acceptance":[0.00020120724346076458],"Energy":{"Mean":-376.0,"Sigma":0.0,"Taucorr":null},"EnergyVariance":{"Mean":0.0,"Sigma":0.0,"Taucorr":null},"Iteration":93},
{"Acceptance":[0.0008048289738430583],"Energy":{"Mean":-375.92741935483866,"Sigma":0.05079151512820211,"Taucorr":0.10820244328097528},"EnergyVariance":{"Mean":0.2608610822060353,"Sigma":0.17776299350733463,"Taucorr":0.014755364804518112},"Iteration":94},
{"Acceptance":[0.0008048289738430583],"Energy":{"Mean":-375.8387096774193,"Sigma":0.11450476999547579,"Taucorr":0.07871545929797918},"EnergyVariance":{"Mean":1.3933402705515088,"Sigma":1.1469434793449182,"Taucorr":0.0057121330743613585},"Iteration":95},
{"Acceptance":[0.00020120724346076458],"Energy":{"Mean":-375.95161290322585,"Sigma":0.04838709677419288,"Taucorr":0.5081967213114604},"EnergyVariance":{"Mean":0.14281997918834546,"Sigma":0.14047866805411452,"Taucorr":0.5081967213114753},"Iteration":96},
{"Acceptance":[0.00040241448692152917],"Energy":{"Mean":-375.96774193548384,"Sigma":0.025245928778223438,"Taucorr":-0.007598039215685359},"EnergyVariance":{"Mean":0.07960457856399583,"Sigma":0.07116884104734965,"Taucorr":-0.0026519242813038413},"Iteration":97},
{"Acceptance":[0.00020120724346076458],"Energy":{"Mean":-376.0,"Sigma":0.0,"Taucorr":null},"EnergyVariance":{"Mean":0.0,"Sigma":0.0,"Taucorr":null},"Iteration":98},
{"Acceptance":[0.00020120724346076458],"Energy":{"Mean":-375.9758064516129,"Sigma":0.024193548387096767,"Taucorr":-4.440892098500626e-16},"EnergyVariance":{"Mean":0.07199531737773153,"Sigma":0.07140998959417381,"Taucorr":0.0},"Iteration":99} 
]}