{"Output": [
{"Acceptance":[0.8654210028382214],"Energy":{"Mean":-1430.9758064516132,"Sigma":2.3711231753601116,"Taucorr":0.05531258032901476},"EnergyVariance":{"Mean":622.652640478668,"Sigma":82.8401890292354,"Taucorr":0.15303686506851832},"Iteration":0},
{"Acceptance":[0.842573320719016],"Energy":{"Mean":-1434.346774193548,"Sigma":2.485027136309156,"Taucorr":0.1145856476280156},"EnergyVariance":{"Mean":617.9523283038502,"Sigma":90.16215171956094,"Taucorr":0.07815174079557863},"Iteration":1},
{"Acceptance":[0.7939451277199622],"Energy":{"Mean":-1438.5725806451608,"Sigma":2.4147617691327112,"Taucorr":-0.03702718598958232},"EnergyVariance":{"Mean":774.5834417273672,"Sigma":111.84663326053094,"Taucorr":-0.1463239076689753},"Iteration":2},
{"Acceptance":[0.7293282876064333],"Energy":{"Mean":-1441.9193548387095,"Sigma":2.598060357369354,"Taucorr":0.04691152605053017},"EnergyVariance":{"Mean":759.0257544224767,"Sigma":86.88557390308553,"Taucorr":-0.032355817566491696},"Iteration":3},
{"Acceptance":[0.5912488174077578],"Energy":{"Mean":-1457.8064516129034,"Sigma":2.941470027789552,"Taucorr":0.13160427026439236},"EnergyVariance":{"Mean":842.4786680541102,"Sigma":135.53070001944894,"Taucorr":0.1553029264272241},"Iteration":4},
{"Acceptance":[0.3944181646168401],"Energy":{"Mean":-1481.298387096774,"Sigma":2.4146010644372686,"Taucorr":0.18249596842029625},"EnergyVariance":{"Mean":525.3706425598334,"Sigma":65.10849488724683,"Taucorr":-0.07414639532787659},"Iteration":5},
{"Acceptance":[0.280794701986755],"Energy":{"Mean":-1517.548387096774,"Sigma":2.4737987025648716,"Taucorr":0.37953365347787815},"EnergyVariance":{"Mean":427.90894901144645,"Sigma":56.59699819933797,"Taucorr":0.0816540570489247},"Iteration":6},
{"Acceptance":[0.19626300851466413],"Energy":{"Mean":-1545.161290322581,"Sigma":1.9964871160909854,"Taucorr":0.2844214142651875},"EnergyVariance":{"Mean":312.50624349635797,"Sigma":39.46426104771654,"Taucorr":0.0826852195476685},"Iteration":7},
{"Acceptance":[0.14933774834437086],"Energy":{"Mean":-1563.741935483871,"Sigma":1.5217722703716268,"Taucorr":0.1879781266258026},"EnergyVariance":{"Mean":207.01404786680544,"Sigma":26.698605029829427,"Taucorr":0.055883825297982526},"Iteration":8},
{"Acceptance":[0.11319772942289498],"Energy":{"Mean":-1581.7258064516132,"Sigma":1.0767181093133649,"Taucorr":0.20735393938455526},"EnergyVariance":{"Mean":100.79578563995837,"Sigma":12.469443443323042,"Taucorr":-0.0399185597097535},"Iteration":9},
{"Acceptance":[0.09668874172185431],"Energy":{"Mean":-1594.0564516129032,"Sigma":1.152877983489335,"Taucorr":0.24668305558707693},"EnergyVariance":{"Mean":109.47261966701352,"Sigma":21.336481280224742,"Taucorr":0.16281046589573456},"Iteration":10},
{"Acceptance":[0.07436140018921476],"Energy":{"Mean":-1605.282258064516,"Sigma":0.9476018071304477,"Taucorr":0.44125726764327355},"EnergyVariance":{"Mean":58.67033038501562,"Sigma":9.783759882830582,"Taucorr":0.48674987556939364},"Iteration":11},
{"Acceptance":[0.0510879848628193],"Energy":{"Mean":-1611.0806451612902,"Sigma":1.0538834417079601,"Taucorr":0.44098318502564504},"EnergyVariance":{"Mean":72.59027055150884,"Sigma":15.720412967666013,"Taucorr":0.42154544975735697},"Iteration":12},
{"Acceptance":[0.03240302743614002],"Energy":{"Mean":-1616.4112903225805,"Sigma":0.7515707911964542,"Taucorr":0.3744601990416163},"EnergyVariance":{"Mean":39.726001560874096,"Sigma":6.945896150798911,"Taucorr":0.28851595942705677},"Iteration":13},
{"Acceptance":[0.0228476821192053],"Energy":{"Mean":-1620.4919354838712,"Sigma":0.5624308644452315,"Taucorr":0.17742949477197956},"EnergyVariance":{"Mean":28.71767689906348,"Sigma":5.293096864360998,"Taucorr":0.3919607396405792},"Iteration":14},
{"Acceptance":[0.019867549668874173],"Energy":{"Mean":-1625.596774193548,"Sigma":0.5034394363201163,"Taucorr":0.27317762436286097},"EnergyVariance":{"Mean":20.159989594172742,"Sigma":2.477007163161241,"Taucorr":0.011704975351030655},"Iteration":15},
{"Acceptance":[0.019252601702932828],"Energy":{"Mean":-1628.5403225806451,"Sigma":0.431472967012507,"Taucorr":0.18295425009020205},"EnergyVariance":{"Mean":16.764503121748177,"Sigma":2.269108992187202,"Taucorr":-0.08686027381075023},"Iteration":16},
{"Acceptance":[0.014049195837275307],"Energy":{"Mean":-1630.3548387096773,"Sigma":0.44188838929667706,"Taucorr":0.2348514756916772},"EnergyVariance":{"Mean":16.341831425598336,"Sigma":3.9055706542346926,"Taucorr":0.27097651505722253},"Iteration":17},
{"Acceptance":[0.0097918637653737],"Energy":{"Mean":-1632.7258064516134,"Sigma":0.378940734774895,"Taucorr":0.4045049425808258},"EnergyVariance":{"Mean":9.763527575442247,"Sigma":1.5530953296001193,"Taucorr":0.11615162312698935},"Iteration":18},
{"Acceptance":[0.007000946073793756],"Energy":{"Mean":-1633.9677419354841,"Sigma":0.38359188373055064,"Taucorr":0.29029046255903723},"EnergyVariance":{"Mean":11.450572320499482,"Sigma":1.5685745894884116,"Taucorr":0.02436223667300641},"Iteration":19},
{"Acceptance":[0.008893093661305583],"Energy":{"Mean":-1635.4193548387095,"Sigma":0.2831246298329373,"Taucorr":0.004289743999153162},"EnergyVariance":{"Mean":9.775754422476588,"Sigma":0.9022157585705736,"Taucorr":0.04021436864443839},"Iteration":20},
{"Acceptance":[0.006291390728476821],"Energy":{"Mean":-1637.3064516129032,"Sigma":0.2512628527230328,"Taucorr":-0.07557159107066375},"EnergyVariance":{"Mean":9.148022892819979,"Sigma":0.8535483125030076,"Taucorr":0.010765864203633013},"Iteration":21},
{"Acceptance":[0.005676442762535478],"Energy":{"Mean":-1638.1370967741934,"Sigma":0.2860649574884737,"Taucorr":0.22340540894262717},"EnergyVariance":{"Mean":6.957010926118627,"Sigma":1.3770398471197047,"Taucorr":0.2059847800760798},"Iteration":22},
{"Acceptance":[0.0043992431409649955],"Energy":{"Mean":-1639.0967741935488,"Sigma":0.2904569581486025,"Taucorr":0.476520270270261},"EnergyVariance":{"Mean":5.313215400624349,"Sigma":3.1215378455563125,"Taucorr":0.1664140146190648},"Iteration":23},
{"Acceptance":[0.007000946073793756],"Energy":{"Mean":-1639.4919354838712,"Sigma":0.1979341800857061,"Taucorr":0.413695217895269},"EnergyVariance":{"Mean":2.6370317377731523,"Sigma":0.8684155279969096,"Taucorr":0.26250896910552934},"Iteration":24},
{"Acceptance":[0.007852412488174077],"Energy":{"Mean":-1639.8064516129032,"Sigma":0.14969039617457672,"Taucorr":0.30090716661624495},"EnergyVariance":{"Mean":1.7206035379812692,"Sigma":0.41648981850253314,"Taucorr":0.3864514460131738},"Iteration":25},
{"Acceptance":[0.005156102175969726],"Energy":{"Mean":-1640.3064516129034,"Sigma":0.14969039617458144,"Taucorr":0.18254090967660264},"EnergyVariance":{"Mean":2.018990634755463,"Sigma":0.8101084445803298,"Taucorr":0.0005090139638618263},"Iteration":26},
{"Acceptance":[0.002554399243140965],"Energy":{"Mean":-1640.7419354838712,"Sigma":0.18711299521822372,"Taucorr":0.10441616766466677},"EnergyVariance":{"Mean":3.562434963579604,"Sigma":2.556990335927845,"Taucorr":-0.0007122417643417589},"Iteration":27},
{"Acceptance":[0.0026490066225165563],"Energy":{"Mean":-1640.983870967742,"Sigma":0.06852466382661217,"Taucorr":0.18905959031665254},"EnergyVariance":{"Mean":0.4190946930280956,"Sigma":0.11475973237595763,"Taucorr":0.08973483376922442},"Iteration":28},
{"Acceptance":[0.0021759697256386],"Energy":{"Mean":-1640.9919354838707,"Sigma":0.100056349021617,"Taucorr":0.21356749830409483},"EnergyVariance":{"Mean":0.8628381893860562,"Sigma":0.47201343296584863,"Taucorr":0.052730154875842095},"Iteration":29},
{"Acceptance":[0.002601702932828761],"Energy":{"Mean":-1640.9838709677415,"Sigma":0.13417183447152536,"Taucorr":0.07209302325585709},"EnergyVariance":{"Mean":1.93522372528616,"Sigma":1.571301939969553,"Taucorr":-0.005541728762795628},"Iteration":30},
{"Acceptance":[0.0037369914853358564],"Energy":{"Mean":-1640.9435483870968,"Sigma":0.15411457013665653,"Taucorr":0.37668527264916873},"EnergyVariance":{"Mean":1.666168054110302,"Sigma":0.8102917324232392,"Taucorr":0.3728472709997841},"Iteration":31},
{"Acceptance":[0.003878902554399243],"Energy":{"Mean":-1641.2338709677417,"Sigma":0.12802022472892854,"Taucorr":0.4902242668199934},"EnergyVariance":{"Mean":1.017885015608741,"Sigma":0.6275609293929314,"Taucorr":0.4562722524654317},"Iteration":32},
{"Acceptance":[0.0062440870387890255],"Energy":{"Mean":-1641.4677419354837,"Sigma":0.08010572271909261,"Taucorr":0.050635208711427904},"EnergyVariance":{"Mean":0.7167013527575443,"Sigma":0.447742284053614,"Taucorr":-0.00033652473692064033},"Iteration":33},
{"Acceptance":[0.004210028382213813],"Energy":{"Mean":-1641.7258064516127,"Sigma":0.09514762066937503,"Taucorr":-0.03564764591014957},"EnergyVariance":{"Mean":1.1990114464099897,"Sigma":0.6067241451793698,"Taucorr":-0.0054533184512347566},"Iteration":34},
{"Acceptance":[0.0019394512771996216],"Energy":{"Mean":-1641.0483870967744,"Sigma":0.024372100982032616,"Taucorr":0.29336158192107253},"EnergyVariance":{"Mean":0.0460457856399584,"Sigma":0.022013510564403677,"Taucorr":0.2933615819209039},"Iteration":35},
{"Acceptance":[0.007947019867549669],"Energy":{"Mean":-1641.5241935483875,"Sigma":0.07455498684276929,"Taucorr":0.2717222140651968},"EnergyVariance":{"Mean":0.44296305931321533,"Sigma":0.09053559347815511,"Taucorr":0.0465019420798406},"Iteration":36},
{"Acceptance":[0.00402081362346263],"Energy":{"Mean":-1641.6209677419354,"Sigma":0.10490072607425721,"Taucorr":0.46251965590607813},"EnergyVariance":{"Mean":0.703108740894901,"Sigma":0.24769173773226943,"Taucorr":0.2238344842976625},"Iteration":37},
{"Acceptance":[0.0023651844843897824],"Energy":{"Mean":-1641.967741935484,"Sigma":0.09256059878131073,"Taucorr":0.712814371257352},"EnergyVariance":{"Mean":0.4344432882414152,"Sigma":0.2319457301950624,"Taucorr":0.6995153838717718},"Iteration":38},
{"Acceptance":[0.0013718070009460738],"Energy":{"Mean":-1641.8790322580644,"Sigma":0.07590933306935023,"Taucorr":0.041263534319998074},"EnergyVariance":{"Mean":0.6547216441207078,"Sigma":0.5023380115887822,"Taucorr":-0.006765912810505592},"Iteration":39},
{"Acceptance":[0.0012771996215704825],"Energy":{"Mean":-1641.9032258064515,"Sigma":0.05142775932717545,"Taucorr":0.3120129870130165},"EnergyVariance":{"Mean":0.200312174817898,"Sigma":0.08445922460101023,"Taucorr":0.3218019542507047},"Iteration":40},
{"Acceptance":[0.000946073793755913],"Energy":{"Mean":-1641.7500000000002,"Sigma":0.1869391252764946,"Taucorr":0.3846473029045845},"EnergyVariance":{"Mean":2.4294354838709675,"Sigma":1.9082617445945624,"Taucorr":0.4385316889438553},"Iteration":41},
{"Acceptance":[0.0004730368968779565],"Energy":{"Mean":-1641.9435483870966,"Sigma":0.030030623750045806,"Taucorr":0.5412698412700658},"EnergyVariance":{"Mean":0.053264828303850154,"Sigma":0.026640069455670722,"Taucorr":0.5412698412698411},"Iteration":42},
{"Acceptance":[0.0002838221381267739],"Energy":{"Mean":-1642.008064516129,"Sigma":0.008064516129034475,"Taucorr":2.4646951146678475e-13},"EnergyVariance":{"Mean":0.007999479708636839,"Sigma":0.007934443288241534,"Taucorr":0.0},"Iteration":43},
{"Acceptance":[0.0001892147587511826],"Energy":{"Mean":-1642.0,"Sigma":0.0,"Taucorr":null},"EnergyVariance":{"Mean":0.0,"Sigma":0.0,"Taucorr":null},"Iteration":44},
{"Acceptance":[0.0005676442762535478],"Energy":{"Mean":-1641.7822580645163,"Sigma":0.14234118460183362,"Taucorr":0.3084433942360385},"EnergyVariance":{"Mean":1.5412981269510926,"Sigma":1.0755780242469073,"Taucorr":0.32297468446657907},"Iteration":45},
{"Acceptance":[0.0002838221381267739],"Energy":{"Mean":-1642.024193548387,"Sigma":0.024193548387099563,"Taucorr":8.903988657493755e-14},"EnergyVariance":{"Mean":0.07199531737773152,"Sigma":0.07140998959417381,"Taucorr":0.0},"Iteration":46},
{"Acceptance":[0.0005676442762535478],"Energy":{"Mean":-1641.983870967742,"Sigma":0.055522304767932525,"Taucorr":0.34057093425608886},"EnergyVariance":{"Mean":0.22554630593132158,"Sigma":0.15890093470351424,"Taucorr":0.31570014892474774},"Iteration":47},
{"Acceptance":[0.0008514664143803217],"Energy":{"Mean":-1641.3870967741939,"Sigma":0.41199075925235135,"Taucorr":1.3401678437127376},"EnergyVariance":{"Mean":5.672736732570239,"Sigma":3.1530042888762204,"Taucorr":1.3533325697127634},"Iteration":48},
{"Acceptance":[0.0007568590350047304],"Energy":{"Mean":-1642.0483870967744,"Sigma":0.06070747199266798,"Taucorr":0.24529512403763776},"EnergyVariance":{"Mean":0.3041103017689905,"Sigma":0.1684953223817137,"Taucorr":0.21076349156949703},"Iteration":49},
{"Acceptance":[0.0011352885525070956],"Energy":{"Mean":-1642.0806451612907,"Sigma":0.05841441765592063,"Taucorr":-0.010809581564525828},"EnergyVariance":{"Mean":0.42898022892819987,"Sigma":0.14499049449347012,"Taucorr":-0.07723557898286232},"Iteration":50},
{"Acceptance":[0.0002838221381267739],"Energy":{"Mean":-1642.024193548387,"Sigma":0.02419354838709609,"Taucorr":-4.0190073491430667e-14},"EnergyVariance":{"Mean":0.07199531737773153,"Sigma":0.0714099895941738,"Taucorr":-2.220446049250313e-16},"Iteration":51},
{"Acceptance":[0.0008514664143803217],"Energy":{"Mean":-1642.1370967741934,"Sigma":0.06116994403639896,"Taucorr":0.13879761689831804},"EnergyVariance":{"Mean":0.3602367325702394,"Sigma":0.16626029368074333,"Taucorr":0.15680847064609504},"Iteration":52},
{"Acceptance":[0.000946073793755913],"Energy":{"Mean":-1642.1935483870968,"Sigma":0.09397843310940326,"Taucorr":0.597752365930631},"EnergyVariance":{"Mean":0.4947970863683662,"Sigma":0.2373525916775626,"Taucorr":0.5599816453015056},"Iteration":53},
{"Acceptance":[0.000946073793755913],"Energy":{"Mean":-1642.1209677419354,"Sigma":0.06120537406777172,"Taucorr":0.1615126050419632},"EnergyVariance":{"Mean":0.3482700312174819,"Sigma":0.16880837041274802,"Taucorr":0.1615126050420168},"Iteration":54},
{"Acceptance":[0.0013245033112582781],"Energy":{"Mean":-1642.25,"Sigma":0.09837387536759154,"Taucorr":0.2748031496062916},"EnergyVariance":{"Mean":0.7681451612903226,"Sigma":0.29520976157617945,"Taucorr":0.6419069888282669},"Iteration":55},
{"Acceptance":[0.0014191106906338694],"Energy":{"Mean":-1642.217741935484,"Sigma":0.07926233790519205,"Taucorr":0.13777777777770495},"EnergyVariance":{"Mean":0.6058142559833506,"Sigma":0.2032695439826793,"Taucorr":0.1377777777777779},"Iteration":56},
{"Acceptance":[0.002838221381267739],"Energy":{"Mean":-1642.5645161290324,"Sigma":0.10496270582918782,"Taucorr":0.017078618225145448},"EnergyVariance":{"Mean":1.3103537981269513,"Sigma":0.19778696705928983,"Taucorr":0.022257309879668896},"Iteration":57},
{"Acceptance":[0.004635761589403974],"Energy":{"Mean":-1643.0322580645166,"Sigma":0.17913394380490605,"Taucorr":0.4000978879923792},"EnergyVariance":{"Mean":2.192507804370447,"Sigma":0.18345074314976179,"Taucorr":0.29894633466005416},"Iteration":58},
{"Acceptance":[0.007899716177861874],"Energy":{"Mean":-1643.3387096774193,"Sigma":0.14916811756522771,"Taucorr":0.06229823623731201},"EnergyVariance":{"Mean":2.43366285119667,"Sigma":0.15860354916417216,"Taucorr":0.10042522289458222},"Iteration":59},
{"Acceptance":[0.004162724692526017],"Energy":{"Mean":-1644.1532258064517,"Sigma":0.16505026089940777,"Taucorr":0.3799419299743846},"EnergyVariance":{"Mean":1.9039412070759627,"Sigma":0.2463851524678726,"Taucorr":0.4357305131520125},"Iteration":60},
{"Acceptance":[0.0017975402081362346],"Energy":{"Mean":-1644.733870967742,"Sigma":0.1215577011704292,"Taucorr":0.31526343427269254},"EnergyVariance":{"Mean":1.1146592091571277,"Sigma":0.2876441988644126,"Taucorr":0.23043533102369995},"Iteration":61},
{"Acceptance":[0.0005676442762535478],"Energy":{"Mean":-1644.9596774193549,"Sigma":0.02617346547234045,"Taucorr":-0.01620612397311111},"EnergyVariance":{"Mean":0.08708376690946931,"Sigma":0.07088714446134876,"Taucorr":-0.005468147490784225},"Iteration":62},
{"Acceptance":[0.0005676442762535478],"Energy":{"Mean":-1645.1129032258066,"Sigma":0.08663257420642191,"Taucorr":0.7885076252723024},"EnergyVariance":{"Mean":0.35822060353798124,"Sigma":0.15894368922796237,"Taucorr":0.49474120969843927},"Iteration":63},
{"Acceptance":[0.0008987701040681173],"Energy":{"Mean":-1644.983870967742,"Sigma":0.03465553197738236,"Taucorr":0.418851132686077},"EnergyVariance":{"Mean":0.08038501560874091,"Sigma":0.06397397887872758,"Taucorr":0.4659436098817795},"Iteration":64},
{"Acceptance":[0.00042573320719016083],"Energy":{"Mean":-1644.9838709677417,"Sigma":0.016129032258071253,"Taucorr":2.9753977059954195e-13},"EnergyVariance":{"Mean":0.031997918834547355,"Sigma":0.0317377731529588,"Taucorr":0.0},"Iteration":65},
{"Acceptance":[0.0003784295175023652],"Energy":{"Mean":-1644.9838709677417,"Sigma":0.01612903225806337,"Taucorr":-7.061018436615996e-14},"EnergyVariance":{"Mean":0.03199791883454735,"Sigma":0.015061513866937753,"Taucorr":-0.0387073386858558},"Iteration":66},
{"Acceptance":[0.0003784295175023652],"Energy":{"Mean":-1645.0161290322583,"Sigma":0.01612903225806692,"Taucorr":0.5081967213116878},"EnergyVariance":{"Mean":0.01586888657648283,"Sigma":0.015608740894894281,"Taucorr":0.5081967213114755},"Iteration":67},
{"Acceptance":[0.0003784295175023652],"Energy":{"Mean":-1645.0000000000002,"Sigma":0.02318694478801604,"Taucorr":0.18333333333362445},"EnergyVariance":{"Mean":0.048387096774193554,"Sigma":0.035581488403819125,"Taucorr":0.04517304189429072},"Iteration":68},
{"Acceptance":[0.0002838221381267739],"Energy":{"Mean":-1645.0,"Sigma":0.0,"Taucorr":null},"EnergyVariance":{"Mean":0.0,"Sigma":0.0,"Taucorr":null},"Iteration":69},
{"Acceptance":[0.0006622516556291391],"Energy":{"Mean":-1645.0403225806451,"Sigma":0.02040179135592526,"Taucorr":-0.03309608540924358},"EnergyVariance":{"Mean":0.05482570239334026,"Sigma":0.032655278238713704,"Taucorr":-0.01938940656546473},"Iteration":70},
{"Acceptance":[0.0002838221381267739],"Energy":{"Mean":-1644.9435483870966,"Sigma":0.056451612903224424,"Taucorr":-2.4980018054066022e-14},"EnergyVariance":{"Mean":0.3919745057232048,"Sigma":0.3887877211238094,"Taucorr":0.0},"Iteration":71},
{"Acceptance":[0.0005676442762535478],"Energy":{"Mean":-1645.0,"Sigma":0.011593472394004642,"Taucorr":0.012500000000034928},"EnergyVariance":{"Mean":0.01612903225806452,"Sigma":0.011213254631513016,"Taucorr":-0.012704918032786783},"Iteration":72},
{"Acceptance":[0.0011352885525070956],"Energy":{"Mean":-1644.8225806451617,"Sigma":0.17855210241785185,"Taucorr":0.49601229020747983},"EnergyVariance":{"Mean":1.968522372528616,"Sigma":1.8872815137715542,"Taucorr":0.5070436935364888},"Iteration":73},
{"Acceptance":[0.0004730368968779565],"Energy":{"Mean":-1644.967741935484,"Sigma":0.04451340181766153,"Taucorr":0.04215856481484703},"EnergyVariance":{"Mean":0.2247658688865765,"Sigma":0.1434506129456137,"Taucorr":-0.013483405035153773},"Iteration":74},
{"Acceptance":[0.0010406811731315043],"Energy":{"Mean":-1644.9274193548385,"Sigma":0.06974757519497082,"Taucorr":0.04279646017703631},"EnergyVariance":{"Mean":0.5511836628511968,"Sigma":0.5060177569495401,"Taucorr":-0.0014334432310311174},"Iteration":75},
{"Acceptance":[0.0008514664143803217],"Energy":{"Mean":-1645.0161290322583,"Sigma":0.01612903225806551,"Taucorr":0.5081967213114542},"EnergyVariance":{"Mean":0.01586888657648283,"Sigma":0.015608740894894281,"Taucorr":0.5081967213114755},"Iteration":76},
{"Acceptance":[0.0002838221381267739],"Energy":{"Mean":-1645.0,"Sigma":0.0,"Taucorr":null},"EnergyVariance":{"Mean":0.0,"Sigma":0.0,"Taucorr":null},"Iteration":77},
{"Acceptance":[0.0006149479659413434],"Energy":{"Mean":-1645.0161290322583,"Sigma":0.011213254631511087,"Taucorr":-0.0127049180329466},"EnergyVariance":{"Mean":0.01586888657648283,"Sigma":0.010851536740169115,"Taucorr":-0.012704918032786783},"Iteration":78},
{"Acceptance":[0.0005203405865657521],"Energy":{"Mean":-1645.0322580645163,"Sigma":0.019197388248778008,"Taucorr":0.226041666666975},"EnergyVariance":{"Mean":0.031217481789802295,"Sigma":0.01795884707142343,"Taucorr":0.2260416666666667},"Iteration":79},
{"Acceptance":[0.0006622516556291391],"Energy":{"Mean":-1644.9193548387098,"Sigma":0.08934280420491658,"Taucorr":0.33165491405905856},"EnergyVariance":{"Mean":0.5902705515088451,"Sigma":0.5741657887858003,"Taucorr":0.5410265481411747},"Iteration":80},
{"Acceptance":[0.0003784295175023652],"Energy":{"Mean":-1645.008064516129,"Sigma":0.00806451612903379,"Taucorr":1.532107773982716e-13},"EnergyVariance":{"Mean":0.007999479708636839,"Sigma":0.007934443288241534,"Taucorr":2.220446049250313e-16},"Iteration":81},
{"Acceptance":[0.0002838221381267739],"Energy":{"Mean":-1645.0645161290324,"Sigma":0.05049185755645033,"Taucorr":0.7556250000001361},"EnergyVariance":{"Mean":0.12486992715920919,"Sigma":0.09446863671849648,"Taucorr":0.7556250000000004},"Iteration":82},
{"Acceptance":[0.0006622516556291391],"Energy":{"Mean":-1645.0322580645163,"Sigma":0.037997480610936704,"Taucorr":0.1937500000000405},"EnergyVariance":{"Mean":0.12799167533818936,"Sigma":0.07686052479980539,"Taucorr":0.008195361417297597},"Iteration":83},
{"Acceptance":[0.0006149479659413434],"Energy":{"Mean":-1645.0161290322583,"Sigma":0.011213254631517223,"Taucorr":-0.01270491803247542},"EnergyVariance":{"Mean":0.01586888657648283,"Sigma":0.010851536740169117,"Taucorr":-0.012704918032786783},"Iteration":84},
{"Acceptance":[0.0008987701040681173],"Energy":{"Mean":-1644.8629032258063,"Sigma":0.14565328809534983,"Taucorr":0.506941725643731},"EnergyVariance":{"Mean":1.2957206035379816,"Sigma":1.2663484440178365,"Taucorr":0.5078521304704342},"Iteration":85},
{"Acceptance":[0.0007568590350047304],"Energy":{"Mean":-1645.0403225806451,"Sigma":0.02040179135593147,"Taucorr":0.1615126050422715},"EnergyVariance":{"Mean":0.03869667013527575,"Sigma":0.01875648560141644,"Taucorr":0.16151260504201714},"Iteration":86},
{"Acceptance":[0.000946073793755913],"Energy":{"Mean":-1645.032258064516,"Sigma":0.027780668134979026,"Taucorr":0.09624183006545861},"EnergyVariance":{"Mean":0.07960457856399585,"Sigma":0.04652890541873962,"Taucorr":0.2666749281794202},"Iteration":87},
{"Acceptance":[0.0003784295175023652],"Energy":{"Mean":-1645.008064516129,"Sigma":0.008064516129034473,"Taucorr":2.498001805406602e-13},"EnergyVariance":{"Mean":0.007999479708636839,"Sigma":0.007934443288241534,"Taucorr":0.0},"Iteration":88},
{"Acceptance":[0.0007095553453169347],"Energy":{"Mean":-1645.0967741935483,"Sigma":0.04127898029700257,"Taucorr":0.698883928571465},"EnergyVariance":{"Mean":0.08740894901144641,"Sigma":0.033289500239522686,"Taucorr":0.6988839285714286},"Iteration":89},
{"Acceptance":[0.00023651844843897824],"Energy":{"Mean":-1645.024193548387,"Sigma":0.013494516557004968,"Taucorr":-0.02561983471052809},"EnergyVariance":{"Mean":0.023608220603537983,"Sigma":0.012841556078437236,"Taucorr":-0.025619834710743916},"Iteration":90},
{"Acceptance":[0.0011352885525070956],"Energy":{"Mean":-1645.008064516129,"Sigma":0.014122500576950638,"Taucorr":0.008355795148312417},"EnergyVariance":{"Mean":0.024128511966701353,"Sigma":0.013423702026384673,"Taucorr":-0.025610705571436743},"Iteration":91},
{"Acceptance":[0.0005676442762535478],"Energy":{"Mean":-1645.0,"Sigma":0.011593472394005992,"Taucorr":0.012500000000128852},"EnergyVariance":{"Mean":0.016129032258064523,"Sigma":0.011213254631513016,"Taucorr":-0.012704918032787005},"Iteration":92},
{"Acceptance":[0.0012298959318826868],"Energy":{"Mean":-1645.0967741935488,"Sigma":0.03212337472320281,"Taucorr":0.22604166666664882},"EnergyVariance":{"Mean":0.08740894901144641,"Sigma":0.02590594735739867,"Taucorr":0.2260416666666667},"Iteration":93},
{"Acceptance":[0.0013245033112582781],"Energy":{"Mean":-1645.0564516129034,"Sigma":0.05014719921016703,"Taucorr":0.12661396574462647},"EnergyVariance":{"Mean":0.24681321540062431,"Sigma":0.14286404078574577,"Taucorr":0.02354915798274615},"Iteration":94},
{"Acceptance":[0.0014191106906338694],"Energy":{"Mean":-1645.0806451612905,"Sigma":0.029299842136424725,"Taucorr":0.21210526315783906},"EnergyVariance":{"Mean":0.07414151925078044,"Sigma":0.024574061146671967,"Taucorr":0.2121052631578948},"Iteration":95},
{"Acceptance":[0.0017029328287606433],"Energy":{"Mean":-1645.0967741935485,"Sigma":0.037883202214953345,"Taucorr":0.5097470238095447},"EnergyVariance":{"Mean":0.08740894901144643,"Sigma":0.03055096952817678,"Taucorr":0.5097470238095243},"Iteration":96},
{"Acceptance":[0.0020813623462630085],"Energy":{"Mean":-1645.1693548387095,"Sigma":0.05841441765591215,"Taucorr":0.7135013162842607},"EnergyVariance":{"Mean":0.17293184183142565,"Sigma":0.037400032200255694,"Taucorr":0.4642824698744392},"Iteration":97},
{"Acceptance":[0.0022232734153263957],"Energy":{"Mean":-1645.0887096774195,"Sigma":0.07824381790204629,"Taucorr":-0.11101928374657882},"EnergyVariance":{"Mean":0.967937044745057,"Sigma":0.8303452104094486,"Taucorr":0.01257291182613296},"Iteration":98},
{"Acceptance":[0.0030274361400189215],"Energy":{"Mean":-1645.2016129032256,"Sigma":0.0689975794716356,"Taucorr":0.5690572310615079},"EnergyVariance":{"Mean":0.2738683662851197,"Sigma":0.080380483277341,"Taucorr":0.4454865681373328},"Iteration":99} 
]}