{"Output": [
{"Acceptance":[0.012323390894819467],"Energy":{"Mean":-580.7741935483868,"Sigma":0.15911162930237224,"Taucorr":0.2551066111531244},"EnergyVariance":{"Mean":2.0619146722164414,"Sigma":0.4219980846356797,"Taucorr":0.18506044734586546},"Iteration":0},
{"Acceptance":[0.0036891679748822606],"Energy":{"Mean":-583.6532258064516,"Sigma":0.11861511544575405,"Taucorr":0.041648007165250966},"EnergyVariance":{"Mean":1.5974895941727367,"Sigma":0.8109727703938697,"Taucorr":0.018650426855527313},"Iteration":1},
{"Acceptance":[0.0006279434850863422],"Energy":{"Mean":-583.9758064516128,"Sigma":0.017790744201910104,"Taucorr":0.3245179063362126},"EnergyVariance":{"Mean":0.023608220603537986,"Sigma":0.016929901740521947,"Taucorr":0.324517906336088},"Iteration":2},
{"Acceptance":[0.0006279434850863422],"Energy":{"Mean":-583.9516129032259,"Sigma":0.04838709677419419,"Taucorr":0.5081967213115044},"EnergyVariance":{"Mean":0.14281997918834546,"Sigma":0.14047866805411455,"Taucorr":0.5081967213114749},"Iteration":3},
{"Acceptance":[0.000706436420722135],"Energy":{"Mean":-583.8709677419357,"Sigma":0.07039726723482165,"Taucorr":0.17564878892731228},"EnergyVariance":{"Mean":0.45109261186264304,"Sigma":0.2449684847619547,"Taucorr":0.1383404521517272},"Iteration":4},
{"Acceptance":[7.849293563579278e-05],"Energy":{"Mean":-584.0,"Sigma":0.0,"Taucorr":null},"EnergyVariance":{"Mean":0.0,"Sigma":0.0,"Taucorr":null},"Iteration":5},
{"Acceptance":[0.0006279434850863422],"Energy":{"Mean":-584.0403225806454,"Sigma":0.04931898339168141,"Taucorr":0.0040762656147576015},"EnergyVariance":{"Mean":0.296761186264308,"Sigma":0.28626243918447364,"Taucorr":-0.000766526031960646},"Iteration":6},
{"Acceptance":[0.00047095761381475666],"Energy":{"Mean":-584.0967741935483,"Sigma":0.09677419354838657,"Taucorr":0.5081967213114749},"EnergyVariance":{"Mean":0.5712799167533819,"Sigma":0.5619146722164581,"Taucorr":0.5081967213114746},"Iteration":7},
{"Acceptance":[0.006122448979591836],"Energy":{"Mean":-585.6612903225807,"Sigma":0.31141982931992884,"Taucorr":0.2920406259716095},"EnergyVariance":{"Mean":7.530437044745059,"Sigma":0.8558138502160438,"Taucorr":0.29020458558902273},"Iteration":8},
{"Acceptance":[0.0005494505494505495],"Energy":{"Mean":-589.9677419354839,"Sigma":0.03225806451612902,"Taucorr":0.5081967213114655},"EnergyVariance":{"Mean":0.0634755463059313,"Sigma":0.06243496357960646,"Taucorr":0.5081967213114753},"Iteration":9},
{"Acceptance":[0.00015698587127158556],"Energy":{"Mean":-590.0,"Sigma":0.0,"Taucorr":null},"EnergyVariance":{"Mean":0.0,"Sigma":0.0,"Taucorr":null},"Iteration":10},
{"Acceptance":[0.0006279434850863422],"Energy":{"Mean":-589.9596774193546,"Sigma":0.04032258064516177,"Taucorr":2.6645352591003757e-15},"EnergyVariance":{"Mean":0.1999869927159209,"Sigma":0.19836108220602,"Taucorr":2.220446049250313e-16},"Iteration":11},
{"Acceptance":[0.0007849293563579278],"Energy":{"Mean":-589.8870967741937,"Sigma":0.06940483319352428,"Taucorr":0.36598859315590293},"EnergyVariance":{"Mean":0.34209157127991674,"Sigma":0.2500151318455027,"Taucorr":0.42841217530165165},"Iteration":12},
{"Acceptance":[0.0003139717425431711],"Energy":{"Mean":-589.9354838709676,"Sigma":0.0327251135344798,"Taucorr":0.21116573033708674},"EnergyVariance":{"Mean":0.09261186264308013,"Sigma":0.04616302039977283,"Taucorr":0.040473956426193225},"Iteration":13},
{"Acceptance":[0.00047095761381475666],"Energy":{"Mean":-589.991935483871,"Sigma":0.008064516129032182,"Taucorr":-1.63202784619898e-14},"EnergyVariance":{"Mean":0.007999479708636837,"Sigma":0.007934443288241532,"Taucorr":-2.220446049250313e-16},"Iteration":14},
{"Acceptance":[0.00015698587127158556],"Energy":{"Mean":-589.9516129032259,"Sigma":0.04838709677419433,"Taucorr":0.5081967213115002},"EnergyVariance":{"Mean":0.14281997918834546,"Sigma":0.14047866805411452,"Taucorr":0.5081967213114753},"Iteration":15},
{"Acceptance":[0.00015698587127158556],"Energy":{"Mean":-590.0,"Sigma":0.0,"Taucorr":null},"EnergyVariance":{"Mean":0.0,"Sigma":0.0,"Taucorr":null},"Iteration":16},
{"Acceptance":[0.0],"Energy":{"Mean":-590.0,"Sigma":0.0,"Taucorr":null},"EnergyVariance":{"Mean":0.0,"Sigma":0.0,"Taucorr":null},"Iteration":17},
{"Acceptance":[0.0003139717425431711],"Energy":{"Mean":-589.9677419354837,"Sigma":0.02242650926302942,"Taucorr":0.1532967032968553},"EnergyVariance":{"Mean":0.04734651404786679,"Sigma":0.0342168221591121,"Taucorr":0.04214454742049489},"Iteration":18},
{"Acceptance":[0.0003139717425431711],"Energy":{"Mean":-589.9677419354839,"Sigma":0.02524592877822434,"Taucorr":0.7556250000000462},"EnergyVariance":{"Mean":0.031217481789802284,"Sigma":0.023617159179629855,"Taucorr":0.7556250000000002},"Iteration":19},
{"Acceptance":[0.0],"Energy":{"Mean":-590.0,"Sigma":0.0,"Taucorr":null},"EnergyVariance":{"Mean":0.0,"Sigma":0.0,"Taucorr":null},"Iteration":20},
{"Acceptance":[0.0003139717425431711],"Energy":{"Mean":-590.0,"Sigma":0.0,"Taucorr":null},"EnergyVariance":{"Mean":0.0,"Sigma":0.0,"Taucorr":null},"Iteration":21},
{"Acceptance":[0.0],"Energy":{"Mean":-590.0,"Sigma":0.0,"Taucorr":null},"EnergyVariance":{"Mean":0.0,"Sigma":0.0,"Taucorr":null},"Iteration":22},
{"Acceptance":[0.0003139717425431711],"Energy":{"Mean":-589.9919354838709,"Sigma":0.008064516129033875,"Taucorr":1.6298074001497298e-13},"EnergyVariance":{"Mean":0.007999479708636837,"Sigma":0.007934443288239699,"Taucorr":-2.220446049250313e-16},"Iteration":23},
{"Acceptance":[0.00015698587127158556],"Energy":{"Mean":-590.0,"Sigma":0.0,"Taucorr":null},"EnergyVariance":{"Mean":0.0,"Sigma":0.0,"Taucorr":null},"Iteration":24},
{"Acceptance":[0.0],"Energy":{"Mean":-590.0,"Sigma":0.0,"Taucorr":null},"EnergyVariance":{"Mean":0.0,"Sigma":0.0,"Taucorr":null},"Iteration":25},
{"Acceptance":[0.0009419152276295133],"Energy":{"Mean":-589.9274193548388,"Sigma":0.04048354967100483,"Taucorr":0.1142687277051393},"EnergyVariance":{"Mean":0.16408688865764826,"Sigma":0.12521055150246913,"Taucorr":0.00174890643987613},"Iteration":26},
{"Acceptance":[0.00015698587127158556],"Energy":{"Mean":-589.9919354838709,"Sigma":0.008064516129033495,"Taucorr":1.2967404927621828e-13},"EnergyVariance":{"Mean":0.007999479708636839,"Sigma":0.007934443288239699,"Taucorr":-2.220446049250313e-16},"Iteration":27},
{"Acceptance":[0.00015698587127158556],"Energy":{"Mean":-590.0,"Sigma":0.0,"Taucorr":null},"EnergyVariance":{"Mean":0.0,"Sigma":0.0,"Taucorr":null},"Iteration":28},
{"Acceptance":[0.0],"Energy":{"Mean":-590.0,"Sigma":0.0,"Taucorr":null},"EnergyVariance":{"Mean":0.0,"Sigma":0.0,"Taucorr":null},"Iteration":29},
{"Acceptance":[0.0003139717425431711],"Energy":{"Mean":-589.9677419354839,"Sigma":0.03225806451612965,"Taucorr":1.5500000000000802},"EnergyVariance":{"Mean":0.031217481789802284,"Sigma":0.030176899063477442,"Taucorr":1.5500000000000003},"Iteration":30},
{"Acceptance":[0.00015698587127158556],"Energy":{"Mean":-590.0,"Sigma":0.0,"Taucorr":null},"EnergyVariance":{"Mean":0.0,"Sigma":0.0,"Taucorr":null},"Iteration":31},
{"Acceptance":[0.00015698587127158556],"Energy":{"Mean":-589.9032258064517,"Sigma":0.09677419354838636,"Taucorr":0.5081967213114709},"EnergyVariance":{"Mean":0.5712799167533819,"Sigma":0.5619146722164581,"Taucorr":0.5081967213114749},"Iteration":32},
{"Acceptance":[0.00015698587127158556],"Energy":{"Mean":-590.0,"Sigma":0.0,"Taucorr":null},"EnergyVariance":{"Mean":0.0,"Sigma":0.0,"Taucorr":null},"Iteration":33},
{"Acceptance":[0.00015698587127158556],"Energy":{"Mean":-590.0241935483872,"Sigma":0.02419354838709764,"Taucorr":2.7977620220553945e-14},"EnergyVariance":{"Mean":0.07199531737773154,"Sigma":0.0714099895941683,"Taucorr":0.0},"Iteration":34},
{"Acceptance":[0.0],"Energy":{"Mean":-590.0,"Sigma":0.0,"Taucorr":null},"EnergyVariance":{"Mean":0.0,"Sigma":0.0,"Taucorr":null},"Iteration":35},
{"Acceptance":[0.00047095761381475666],"Energy":{"Mean":-590.024193548387,"Sigma":0.05481498538053937,"Taucorr":0.35094339622647375},"EnergyVariance":{"Mean":0.2171566077003122,"Sigma":0.1585389232927295,"Taucorr":0.3169153619909769},"Iteration":36},
{"Acceptance":[0.0003139717425431711],"Energy":{"Mean":-590.0,"Sigma":0.0,"Taucorr":null},"EnergyVariance":{"Mean":0.0,"Sigma":0.0,"Taucorr":null},"Iteration":37},
{"Acceptance":[0.00015698587127158556],"Energy":{"Mean":-589.9919354838709,"Sigma":0.008064516129035963,"Taucorr":3.5704772471945034e-13},"EnergyVariance":{"Mean":0.007999479708636837,"Sigma":0.007934443288239699,"Taucorr":-2.220446049250313e-16},"Iteration":38},
{"Acceptance":[0.00015698587127158556],"Energy":{"Mean":-589.9677419354838,"Sigma":0.032258064516131384,"Taucorr":0.5081967213115821},"EnergyVariance":{"Mean":0.06347554630593132,"Sigma":0.06243496357959914,"Taucorr":0.5081967213114753},"Iteration":39},
{"Acceptance":[0.00047095761381475666],"Energy":{"Mean":-589.9919354838709,"Sigma":0.0409626616103248,"Taucorr":0.012003872216866829},"EnergyVariance":{"Mean":0.20154786680541095,"Sigma":0.14565334617484538,"Taucorr":-0.010897787354366029},"Iteration":40},
{"Acceptance":[0.0003139717425431711],"Energy":{"Mean":-590.0483870967741,"Sigma":0.04838709677419291,"Taucorr":0.5081967213114453},"EnergyVariance":{"Mean":0.14281997918834546,"Sigma":0.14047866805411452,"Taucorr":0.5081967213114749},"Iteration":41},
{"Acceptance":[0.0015698587127158557],"Energy":{"Mean":-590.0322580645162,"Sigma":0.07579501171973908,"Taucorr":0.14549667300378677},"EnergyVariance":{"Mean":0.5473465140478666,"Sigma":0.2384340121776636,"Taucorr":0.04067576798108574},"Iteration":42},
{"Acceptance":[0.009183673469387756],"Energy":{"Mean":-591.8145161290322,"Sigma":0.13368623087162607,"Taucorr":0.010965986394557481},"EnergyVariance":{"Mean":2.1510796045785643,"Sigma":0.08409295167729774,"Taucorr":0.010965986394557925},"Iteration":43},
{"Acceptance":[0.0],"Energy":{"Mean":-593.0,"Sigma":0.0,"Taucorr":null},"EnergyVariance":{"Mean":0.0,"Sigma":0.0,"Taucorr":null},"Iteration":44},
{"Acceptance":[0.0003139717425431711],"Energy":{"Mean":-592.9677419354838,"Sigma":0.03225806451613489,"Taucorr":1.4277468096679513e-13},"EnergyVariance":{"Mean":0.1279916753381894,"Sigma":0.1269510926118572,"Taucorr":-2.220446049250313e-16},"Iteration":45},
{"Acceptance":[0.0003139717425431711],"Energy":{"Mean":-592.9435483870969,"Sigma":0.05645161290322377,"Taucorr":-2.9531932455029164e-14},"EnergyVariance":{"Mean":0.39197450572320514,"Sigma":0.3887877211238479,"Taucorr":-1.1102230246251565e-16},"Iteration":46},
{"Acceptance":[0.0],"Energy":{"Mean":-593.0,"Sigma":0.0,"Taucorr":null},"EnergyVariance":{"Mean":0.0,"Sigma":0.0,"Taucorr":null},"Iteration":47},
{"Acceptance":[0.00015698587127158556],"Energy":{"Mean":-593.0,"Sigma":0.0,"Taucorr":null},"EnergyVariance":{"Mean":0.0,"Sigma":0.0,"Taucorr":null},"Iteration":48},
{"Acceptance":[0.0003139717425431711],"Energy":{"Mean":-592.983870967742,"Sigma":0.01612903225806502,"Taucorr":3.885780586188048e-14},"EnergyVariance":{"Mean":0.03199791883454735,"Sigma":0.03173777315296613,"Taucorr":-2.220446049250313e-16},"Iteration":49},
{"Acceptance":[0.00015698587127158556],"Energy":{"Mean":-592.9596774193546,"Sigma":0.040322580645161164,"Taucorr":-6.328271240363392e-15},"EnergyVariance":{"Mean":0.1999869927159209,"Sigma":0.19836108220602,"Taucorr":2.220446049250313e-16},"Iteration":50},
{"Acceptance":[0.0],"Energy":{"Mean":-593.0,"Sigma":0.0,"Taucorr":null},"EnergyVariance":{"Mean":0.0,"Sigma":0.0,"Taucorr":null},"Iteration":51},
{"Acceptance":[0.00015698587127158556],"Energy":{"Mean":-592.9919354838709,"Sigma":0.008064516129034109,"Taucorr":1.942890293094024e-13},"EnergyVariance":{"Mean":0.007999479708636837,"Sigma":0.007934443288239699,"Taucorr":-2.220446049250313e-16},"Iteration":52},
{"Acceptance":[0.0],"Energy":{"Mean":-593.0,"Sigma":0.0,"Taucorr":null},"EnergyVariance":{"Mean":0.0,"Sigma":0.0,"Taucorr":null},"Iteration":53},
{"Acceptance":[0.0003139717425431711],"Energy":{"Mean":-592.991935483871,"Sigma":0.008064516129032182,"Taucorr":-1.63202784619898e-14},"EnergyVariance":{"Mean":0.007999479708636839,"Sigma":0.007934443288241534,"Taucorr":0.0},"Iteration":54},
{"Acceptance":[0.00015698587127158556],"Energy":{"Mean":-592.9435483870969,"Sigma":0.05645161290322421,"Taucorr":-1.9095836023552692e-14},"EnergyVariance":{"Mean":0.39197450572320514,"Sigma":0.38878772112384796,"Taucorr":0.0},"Iteration":55},
{"Acceptance":[0.00047095761381475666],"Energy":{"Mean":-593.0,"Sigma":0.0,"Taucorr":null},"EnergyVariance":{"Mean":0.0,"Sigma":0.0,"Taucorr":null},"Iteration":56},
{"Acceptance":[0.00047095761381475666],"Energy":{"Mean":-592.9677419354839,"Sigma":0.03225806451612894,"Taucorr":-7.105427357601002e-15},"EnergyVariance":{"Mean":0.1279916753381894,"Sigma":0.12695109261186455,"Taucorr":0.0},"Iteration":57},
{"Acceptance":[0.00015698587127158556],"Energy":{"Mean":-592.9758064516128,"Sigma":0.024193548387098116,"Taucorr":1.024793388429848},"EnergyVariance":{"Mean":0.02360822060353798,"Sigma":0.02302289281997475,"Taucorr":1.0247933884297518},"Iteration":58},
{"Acceptance":[0.0],"Energy":{"Mean":-593.0,"Sigma":0.0,"Taucorr":null},"EnergyVariance":{"Mean":0.0,"Sigma":0.0,"Taucorr":null},"Iteration":59},
{"Acceptance":[0.00015698587127158556],"Energy":{"Mean":-592.9516129032259,"Sigma":0.04838709677419448,"Taucorr":0.5081967213115091},"EnergyVariance":{"Mean":0.14281997918834546,"Sigma":0.14047866805411452,"Taucorr":0.5081967213114753},"Iteration":60},
{"Acceptance":[0.00015698587127158556],"Energy":{"Mean":-593.0,"Sigma":0.0,"Taucorr":null},"EnergyVariance":{"Mean":0.0,"Sigma":0.0,"Taucorr":null},"Iteration":61},
{"Acceptance":[0.0],"Energy":{"Mean":-593.0,"Sigma":0.0,"Taucorr":null},"EnergyVariance":{"Mean":0.0,"Sigma":0.0,"Taucorr":null},"Iteration":62},
{"Acceptance":[0.00015698587127158556],"Energy":{"Mean":-593.0,"Sigma":0.0,"Taucorr":null},"EnergyVariance":{"Mean":0.0,"Sigma":0.0,"Taucorr":null},"Iteration":63},
{"Acceptance":[0.00015698587127158556],"Energy":{"Mean":-592.991935483871,"Sigma":0.008064516129032381,"Taucorr":1.532107773982716e-14},"EnergyVariance":{"Mean":0.007999479708636837,"Sigma":0.007934443288241532,"Taucorr":-2.220446049250313e-16},"Iteration":64},
{"Acceptance":[0.00015698587127158556],"Energy":{"Mean":-593.0,"Sigma":0.0,"Taucorr":null},"EnergyVariance":{"Mean":0.0,"Sigma":0.0,"Taucorr":null},"Iteration":65},
{"Acceptance":[0.0],"Energy":{"Mean":-593.0,"Sigma":0.0,"Taucorr":null},"EnergyVariance":{"Mean":0.0,"Sigma":0.0,"Taucorr":null},"Iteration":66},
{"Acceptance":[0.0003139717425431711],"Energy":{"Mean":-593.0,"Sigma":0.0,"Taucorr":null},"EnergyVariance":{"Mean":0.0,"Sigma":0.0,"Taucorr":null},"Iteration":67},
{"Acceptance":[0.0003139717425431711],"Energy":{"Mean":-593.0,"Sigma":0.0,"Taucorr":null},"EnergyVariance":{"Mean":0.0,"Sigma":0.0,"Taucorr":null},"Iteration":68},
{"Acceptance":[0.0],"Energy":{"Mean":-593.0,"Sigma":0.0,"Taucorr":null},"EnergyVariance":{"Mean":0.0,"Sigma":0.0,"Taucorr":null},"Iteration":69},
{"Acceptance":[0.0],"Energy":{"Mean":-593.0,"Sigma":0.0,"Taucorr":null},"EnergyVariance":{"Mean":0.0,"Sigma":0.0,"Taucorr":null},"Iteration":70},
{"Acceptance":[0.0],"Energy":{"Mean":-593.0,"Sigma":0.0,"Taucorr":null},"EnergyVariance":{"Mean":0.0,"Sigma":0.0,"Taucorr":null},"Iteration":71},
{"Acceptance":[0.00015698587127158556],"Energy":{"Mean":-593.0,"Sigma":0.0,"Taucorr":null},"EnergyVariance":{"Mean":0.0,"Sigma":0.0,"Taucorr":null},"Iteration":72},
{"Acceptance":[0.00047095761381475666],"Energy":{"Mean":-592.991935483871,"Sigma":0.04257168364479408,"Taucorr":0.15839416058394762},"EnergyVariance":{"Mean":0.16928980228928198,"Sigma":0.12988540953007163,"Taucorr":0.003557638781630623},"Iteration":73},
{"Acceptance":[0.0006279434850863422],"Energy":{"Mean":-592.9596774193546,"Sigma":0.040322580645163385,"Taucorr":0.23811809889588897},"EnergyVariance":{"Mean":0.13547086368366282,"Sigma":0.13384495317376194,"Taucorr":0.05897217265665655},"Iteration":74},
{"Acceptance":[0.0],"Energy":{"Mean":-593.0,"Sigma":0.0,"Taucorr":null},"EnergyVariance":{"Mean":0.0,"Sigma":0.0,"Taucorr":null},"Iteration":75},
{"Acceptance":[0.0],"Energy":{"Mean":-593.0,"Sigma":0.0,"Taucorr":null},"EnergyVariance":{"Mean":0.0,"Sigma":0.0,"Taucorr":null},"Iteration":76},
{"Acceptance":[0.0],"Energy":{"Mean":-593.0,"Sigma":0.0,"Taucorr":null},"EnergyVariance":{"Mean":0.0,"Sigma":0.0,"Taucorr":null},"Iteration":77},
{"Acceptance":[0.0],"Energy":{"Mean":-593.0,"Sigma":0.0,"Taucorr":null},"EnergyVariance":{"Mean":0.0,"Sigma":0.0,"Taucorr":null},"Iteration":78},
{"Acceptance":[0.0],"Energy":{"Mean":-593.0,"Sigma":0.0,"Taucorr":null},"EnergyVariance":{"Mean":0.0,"Sigma":0.0,"Taucorr":null},"Iteration":79},
{"Acceptance":[0.0],"Energy":{"Mean":-593.0,"Sigma":0.0,"Taucorr":null},"EnergyVariance":{"Mean":0.0,"Sigma":0.0,"Taucorr":null},"Iteration":80},
{"Acceptance":[0.0],"Energy":{"Mean":-593.0,"Sigma":0.0,"Taucorr":null},"EnergyVariance":{"Mean":0.0,"Sigma":0.0,"Taucorr":null},"Iteration":81},
{"Acceptance":[0.0],"Energy":{"Mean":-593.0,"Sigma":0.0,"Taucorr":null},"EnergyVariance":{"Mean":0.0,"Sigma":0.0,"Taucorr":null},"Iteration":82},
{"Acceptance":[0.00015698587127158556],"Energy":{"Mean":-593.0,"Sigma":0.0,"Taucorr":null},"EnergyVariance":{"Mean":0.0,"Sigma":0.0,"Taucorr":null},"Iteration":83},
{"Acceptance":[0.0],"Energy":{"Mean":-593.0,"Sigma":0.0,"Taucorr":null},"EnergyVariance":{"Mean":0.0,"Sigma":0.0,"Taucorr":null},"Iteration":84},
{"Acceptance":[0.0],"Energy":{"Mean":-593.0,"Sigma":0.0,"Taucorr":null},"EnergyVariance":{"Mean":0.0,"Sigma":0.0,"Taucorr":null},"Iteration":85},
{"Acceptance":[0.0],"Energy":{"Mean":-593.0,"Sigma":0.0,"Taucorr":null},"EnergyVariance":{"Mean":0.0,"Sigma":0.0,"Taucorr":null},"Iteration":86},
{"Acceptance":[0.0],"Energy":{"Mean":-593.0,"Sigma":0.0,"Taucorr":null},"EnergyVariance":{"Mean":0.0,"Sigma":0.0,"Taucorr":null},"Iteration":87},
{"Acceptance":[0.00015698587127158556],"Energy":{"Mean":-593.0,"Sigma":0.0,"Taucorr":null},"EnergyVariance":{"Mean":0.0,"Sigma":0.0,"Taucorr":null},"Iteration":88},
{"Acceptance":[0.0],"Energy":{"Mean":-593.0,"Sigma":0.0,"Taucorr":null},"EnergyVariance":{"Mean":0.0,"Sigma":0.0,"Taucorr":null},"Iteration":89},
{"Acceptance":[0.00015698587127158556],"Energy":{"Mean":-593.0,"Sigma":0.0,"Taucorr":null},"EnergyVariance":{"Mean":0.0,"Sigma":0.0,"Taucorr":null},"Iteration":90},
{"Acceptance":[0.0],"Energy":{"Mean":-593.0,"Sigma":0.0,"Taucorr":null},"EnergyVariance":{"Mean":0.0,"Sigma":0.0,"Taucorr":null},"Iteration":91},
{"Acceptance":[0.0],"Energy":{"Mean":-593.0,"Sigma":0.0,"Taucorr":null},"EnergyVariance":{"Mean":0.0,"Sigma":0.0,"Taucorr":null},"Iteration":92},
{"Acceptance":[0.0],"Energy":{"Mean":-593.0,"Sigma":0.0,"Taucorr":null},"EnergyVariance":{"Mean":0.0,"Sigma":0.0,"Taucorr":null},"Iteration":93},
{"Acceptance":[0.0],"Energy":{"Mean":-593.0,"Sigma":0.0,"Taucorr":null},"EnergyVariance":{"Mean":0.0,"Sigma":0.0,"Taucorr":null},"Iteration":94},
{"Acceptance":[0.0],"Energy":{"Mean":-593.0,"Sigma":0.0,"Taucorr":null},"EnergyVariance":{"Mean":0.0,"Sigma":0.0,"Taucorr":null},"Iteration":95},
{"Acceptance":[0.0],"Energy":{"Mean":-593.0,"Sigma":0.0,"Taucorr":null},"EnergyVariance":{"Mean":0.0,"Sigma":0.0,"Taucorr":null},"Iteration":96},
{"Acceptance":[0.0],"Energy":{"Mean":-593.0,"Sigma":0.0,"Taucorr":null},"EnergyVariance":{"Mean":0.0,"Sigma":0.0,"Taucorr":null},"Iteration":97},
{"Acceptance":[0.0003139717425431711],"Energy":{"Mean":-593.0,"Sigma":0.0,"Taucorr":null},"EnergyVariance":{"Mean":0.0,"Sigma":0.0,"Taucorr":null},"Iteration":98},
{"Acceptance":[0.0],"Energy":{"Mean":-593.0,"Sigma":0.0,"Taucorr":null},"EnergyVariance":{"Mean":0.0,"Sigma":0.0,"Taucorr":null},"Iteration":99} 
]}