{"Output": [
{"Acceptance":[0.6678244200974272],"Energy":{"Mean":-655.5282258064516,"Sigma":0.6523909751493288,"Taucorr":0.20545382291182668},"EnergyVariance":{"Mean":298.9447678199792,"Sigma":17.53707445926521,"Taucorr":0.3732175988022244},"Iteration":0},
{"Acceptance":[0.5501820164254436],"Energy":{"Mean":-673.6834677419355,"Sigma":0.8228708243179504,"Taucorr":0.5620402986644089},"EnergyVariance":{"Mean":315.9119041037981,"Sigma":13.161510041423572,"Taucorr":-0.01630284954252359},"Iteration":1},
{"Acceptance":[0.44624799957793293],"Energy":{"Mean":-692.9868951612905,"Sigma":0.9902517276477937,"Taucorr":1.2017181232893925},"EnergyVariance":{"Mean":285.52704600513783,"Sigma":16.943240302586265,"Taucorr":0.4040375266826467},"Iteration":2},
{"Acceptance":[0.368684381759668],"Energy":{"Mean":-709.8004032258066,"Sigma":0.9172839106874737,"Taucorr":1.3682852130390566},"EnergyVariance":{"Mean":223.15572564386056,"Sigma":13.589570842456228,"Taucorr":0.3796722874312666},"Iteration":3},
{"Acceptance":[0.2998962418444331],"Energy":{"Mean":-725.4667338709676,"Sigma":0.583214997628721,"Taucorr":0.5528733711884668},"EnergyVariance":{"Mean":160.07550626788498,"Sigma":7.231266531092797,"Taucorr":0.028032507007437313},"Iteration":4},
{"Acceptance":[0.24611786223027277],"Energy":{"Mean":-737.5927419354838,"Sigma":0.597240524988618,"Taucorr":0.9040986039248904},"EnergyVariance":{"Mean":125.87647957856399,"Sigma":6.04047931630298,"Taucorr":0.01289015316191433},"Iteration":5},
{"Acceptance":[0.2036209837680038],"Energy":{"Mean":-745.1844758064515,"Sigma":0.4114186166656654,"Taucorr":0.35058296607490325},"EnergyVariance":{"Mean":98.60407351554372,"Sigma":5.235745951880797,"Taucorr":0.15635610768797004},"Iteration":6},
{"Acceptance":[0.17694282749766985],"Energy":{"Mean":-750.5836693548387,"Sigma":0.41416855407075825,"Taucorr":0.70397897493836},"EnergyVariance":{"Mean":70.59582201970603,"Sigma":4.2206175898718215,"Taucorr":0.3806768142967535},"Iteration":7},
{"Acceptance":[0.14915674515941826],"Energy":{"Mean":-755.280241935484,"Sigma":0.3357746741275547,"Taucorr":0.4367154331580808},"EnergyVariance":{"Mean":59.63920639308012,"Sigma":3.1570003763900902,"Taucorr":0.1725744396992367},"Iteration":8},
{"Acceptance":[0.12722684346587412],"Energy":{"Mean":-759.2701612903226,"Sigma":0.3896056549091001,"Taucorr":1.0815700486890607},"EnergyVariance":{"Mean":47.55604513527576,"Sigma":3.3949112921217597,"Taucorr":0.41801480310871064},"Iteration":9},
{"Acceptance":[0.10624659268768795],"Energy":{"Mean":-762.7550403225805,"Sigma":0.243234639111175,"Taucorr":0.35092565977260537},"EnergyVariance":{"Mean":34.451083466116025,"Sigma":2.1317517329053173,"Taucorr":-0.005577937616366435},"Iteration":10},
{"Acceptance":[0.09580922568278143],"Energy":{"Mean":-764.5252016129034,"Sigma":0.27543808029730915,"Taucorr":0.917293630864505},"EnergyVariance":{"Mean":26.52355842709417,"Sigma":1.1044746280890294,"Taucorr":-0.14271074635489517},"Iteration":11},
{"Acceptance":[0.08016636477146827],"Energy":{"Mean":-766.5372983870968,"Sigma":0.15452963769883218,"Taucorr":0.07193424472933285},"EnergyVariance":{"Mean":20.688124959352237,"Sigma":1.0976635016660938,"Taucorr":-0.04766930397759023},"Iteration":12},
{"Acceptance":[0.07128537010006507],"Energy":{"Mean":-768.0766129032257,"Sigma":0.15140914263328487,"Taucorr":0.1720869672815234},"EnergyVariance":{"Mean":16.901388527575442,"Sigma":1.5075793955293502,"Taucorr":0.692438668367297},"Iteration":13},
{"Acceptance":[0.06280885637409211],"Energy":{"Mean":-769.1844758064517,"Sigma":0.1385419559887856,"Taucorr":0.23872851450591082},"EnergyVariance":{"Mean":12.874234805866285,"Sigma":0.6871170310326449,"Taucorr":0.05967606046049878},"Iteration":14},
{"Acceptance":[0.05359372526950741],"Energy":{"Mean":-770.2550403225807,"Sigma":0.14786717880169217,"Taucorr":0.5706096948699242},"EnergyVariance":{"Mean":10.119430240309576,"Sigma":0.6178379050537235,"Taucorr":0.2061951474483701},"Iteration":15},
{"Acceptance":[0.049118055677681446],"Energy":{"Mean":-770.7872983870966,"Sigma":0.1459970712529233,"Taucorr":0.6239032609347279},"EnergyVariance":{"Mean":9.397298346449013,"Sigma":0.7291555634702762,"Taucorr":0.17034004628776667},"Iteration":16},
{"Acceptance":[0.0458646219861773],"Energy":{"Mean":-771.3125000000001,"Sigma":0.14454839062121014,"Taucorr":0.7384076921144069},"EnergyVariance":{"Mean":8.360005040322584,"Sigma":0.5910559397310509,"Taucorr":0.0702617550181791},"Iteration":17},
{"Acceptance":[0.04016671649402951],"Energy":{"Mean":-772.0080645161291,"Sigma":0.12201551162171466,"Taucorr":0.6615805184043035},"EnergyVariance":{"Mean":6.350741415192508,"Sigma":0.7203079636516989,"Taucorr":0.2727783338297701},"Iteration":18},
{"Acceptance":[0.03657035330531277],"Energy":{"Mean":-772.3941532258065,"Sigma":0.08144720458101538,"Taucorr":0.17079876347271394},"EnergyVariance":{"Mean":4.900086782973465,"Sigma":0.46403894261878953,"Taucorr":0.15893660172062307},"Iteration":19},
{"Acceptance":[0.03529535902080439],"Energy":{"Mean":-772.5645161290323,"Sigma":0.09066306073989915,"Taucorr":0.2909994221442258},"EnergyVariance":{"Mean":5.1490634755463045,"Sigma":0.5780379015595544,"Taucorr":0.17508813378466437},"Iteration":20},
{"Acceptance":[0.03274537045178763],"Energy":{"Mean":-772.9506048387099,"Sigma":0.10198770269942503,"Taucorr":1.015963469222127},"EnergyVariance":{"Mean":3.399777859976586,"Sigma":0.31495100864243264,"Taucorr":0.23324289200739046},"Iteration":21},
{"Acceptance":[0.0316462374479011],"Energy":{"Mean":-773.1542338709679,"Sigma":0.07646331604766576,"Taucorr":0.44304367956612156},"EnergyVariance":{"Mean":3.071978042078564,"Sigma":0.2694506958132545,"Taucorr":0.03755636570927634},"Iteration":22},
{"Acceptance":[0.03096917151750699],"Energy":{"Mean":-773.3881048387098,"Sigma":0.07399037896461398,"Taucorr":0.5027469428084359},"EnergyVariance":{"Mean":2.705221408363684,"Sigma":0.37506586454408797,"Taucorr":0.3642117001649814},"Iteration":23},
{"Acceptance":[0.029474350632221303],"Energy":{"Mean":-773.4203629032257,"Sigma":0.09085862440549229,"Taucorr":0.8728592689401409},"EnergyVariance":{"Mean":2.9795450295915717,"Sigma":0.5162445427052924,"Taucorr":0.6441986879855051},"Iteration":24},
{"Acceptance":[0.0290259043666356],"Energy":{"Mean":-773.4788306451613,"Sigma":0.07464897548711319,"Taucorr":0.6181904029380574},"EnergyVariance":{"Mean":2.4693099229318416,"Sigma":0.3577396330130414,"Taucorr":0.444412987127242},"Iteration":25},
{"Acceptance":[0.02923693790338181],"Energy":{"Mean":-773.7106854838709,"Sigma":0.052531027656351245,"Taucorr":0.19774751112536892},"EnergyVariance":{"Mean":1.959643884950572,"Sigma":0.25928473679748354,"Taucorr":0.04338860809358225},"Iteration":26},
{"Acceptance":[0.027425566712976805],"Energy":{"Mean":-773.8014112903226,"Sigma":0.0635587142282871,"Taucorr":0.3656358138869187},"EnergyVariance":{"Mean":2.3123770405176907,"Sigma":0.3267071963623724,"Taucorr":0.16692534152643657},"Iteration":27},
{"Acceptance":[0.027091430279795298],"Energy":{"Mean":-773.7328629032257,"Sigma":0.08433751543992635,"Taucorr":0.6077231395663723},"EnergyVariance":{"Mean":3.1816619650754423,"Sigma":0.7257472680120495,"Taucorr":0.6803269805380061},"Iteration":28},
{"Acceptance":[0.02593074582769112],"Energy":{"Mean":-774.0252016129032,"Sigma":0.046270051479235935,"Taucorr":0.19766578025954673},"EnergyVariance":{"Mean":1.5205342335457857,"Sigma":0.31097877372035365,"Taucorr":0.3258917400132386},"Iteration":29},
{"Acceptance":[0.025218507641172644],"Energy":{"Mean":-774.040322580645,"Sigma":0.056186372847485865,"Taucorr":0.7253237397473824},"EnergyVariance":{"Mean":1.2765998959417273,"Sigma":0.23829721024475206,"Taucorr":0.4646333502664639},"Iteration":30},
{"Acceptance":[0.026009883403970948],"Energy":{"Mean":-773.9768145161293,"Sigma":0.07043046022032658,"Taucorr":0.8364122083839218},"EnergyVariance":{"Mean":1.8391801752731536,"Sigma":0.29906255323942127,"Taucorr":0.5501650325072145},"Iteration":31},
{"Acceptance":[0.025174542321017183],"Energy":{"Mean":-774.1512096774194,"Sigma":0.0625016258893564,"Taucorr":0.6299602426018218},"EnergyVariance":{"Mean":1.7130227302289285,"Sigma":0.4063193146752088,"Taucorr":0.5520527656668912},"Iteration":32},
{"Acceptance":[0.024523855582716355],"Energy":{"Mean":-774.1915322580645,"Sigma":0.039970743235222254,"Taucorr":0.07506038308557605},"EnergyVariance":{"Mean":1.3766218457336101,"Sigma":0.32159667617619325,"Taucorr":0.3100025077003168},"Iteration":33},
{"Acceptance":[0.02396989254875754],"Energy":{"Mean":-774.3346774193548,"Sigma":0.04331081278975321,"Taucorr":0.5167045710541709},"EnergyVariance":{"Mean":0.9142007023933404,"Sigma":0.18035990601484703,"Taucorr":0.7509626869585846},"Iteration":34},
{"Acceptance":[0.02339834338673654],"Energy":{"Mean":-774.3387096774194,"Sigma":0.04457499735671852,"Taucorr":0.41258989304522076},"EnergyVariance":{"Mean":1.0788241415192508,"Sigma":0.18051649480158258,"Taucorr":0.215457768191754},"Iteration":35},
{"Acceptance":[0.022818001160684453],"Energy":{"Mean":-774.4627016129032,"Sigma":0.042730521908828124,"Taucorr":0.32443312458130324},"EnergyVariance":{"Mean":1.0973991529006242,"Sigma":0.2980514929797061,"Taucorr":0.3759389002904563},"Iteration":36},
{"Acceptance":[0.021639730580518088],"Energy":{"Mean":-774.4536290322583,"Sigma":0.049524599989928725,"Taucorr":0.8517526211327804},"EnergyVariance":{"Mean":0.8990594107700314,"Sigma":0.18368387075744497,"Taucorr":0.1417530016517865},"Iteration":37},
{"Acceptance":[0.021692488964704642],"Energy":{"Mean":-774.5272177419354,"Sigma":0.03822501246850368,"Taucorr":0.27790071978218867},"EnergyVariance":{"Mean":0.9307108074271594,"Sigma":0.2824070408047492,"Taucorr":0.032746455521318274},"Iteration":38},
{"Acceptance":[0.02165731670858027],"Energy":{"Mean":-774.4868951612901,"Sigma":0.047531783048366784,"Taucorr":0.4916800720634904},"EnergyVariance":{"Mean":1.1288605212669096,"Sigma":0.2555635606164532,"Taucorr":0.0457291661699859},"Iteration":39},
{"Acceptance":[0.021323180275398767],"Energy":{"Mean":-774.5080645161291,"Sigma":0.03474923795819212,"Taucorr":0.006456555647339712},"EnergyVariance":{"Mean":1.1813865764828302,"Sigma":0.33067014299672054,"Taucorr":-0.011034218494388903},"Iteration":40},
{"Acceptance":[0.020382322424071894],"Energy":{"Mean":-774.5473790322579,"Sigma":0.041266669605036055,"Taucorr":0.538822534457025},"EnergyVariance":{"Mean":0.8122713563345473,"Sigma":0.17933422214896894,"Taucorr":0.24300868770356898},"Iteration":41},
{"Acceptance":[0.020004220670734926],"Energy":{"Mean":-774.555443548387,"Sigma":0.07539531900353387,"Taucorr":1.4636056477186554},"EnergyVariance":{"Mean":1.4344260129422475,"Sigma":0.7673537681852687,"Taucorr":1.082324292309766},"Iteration":42},
{"Acceptance":[0.019124914267625696],"Energy":{"Mean":-774.6270161290322,"Sigma":0.05186652759609635,"Taucorr":1.3519698783725715},"EnergyVariance":{"Mean":0.7197539997398543,"Sigma":0.232601343773362,"Taucorr":0.9039425524051026},"Iteration":43},
{"Acceptance":[0.018922673794910576],"Energy":{"Mean":-774.6572580645161,"Sigma":0.025287488097550163,"Taucorr":0.17526948554467237},"EnergyVariance":{"Mean":0.4692215140478669,"Sigma":0.11070177038660618,"Taucorr":0.3657899937665513},"Iteration":44},
{"Acceptance":[0.01897543217909713],"Energy":{"Mean":-774.6925403225805,"Sigma":0.03135388559715891,"Taucorr":0.547672199941172},"EnergyVariance":{"Mean":0.46494435321279926,"Sigma":0.086172279041834,"Taucorr":0.1692648453240202},"Iteration":45},
{"Acceptance":[0.017990609007614792],"Energy":{"Mean":-774.7469758064516,"Sigma":0.03343675693544575,"Taucorr":0.8895273585555443},"EnergyVariance":{"Mean":0.39868037038241416,"Sigma":0.09922821551082471,"Taucorr":0.11644244646804813},"Iteration":46},
{"Acceptance":[0.017691644830557657],"Energy":{"Mean":-774.7610887096773,"Sigma":0.02602681244757636,"Taucorr":0.5328371883593068},"EnergyVariance":{"Mean":0.3249778469693028,"Sigma":0.05658275559693365,"Taucorr":0.007705009752327907},"Iteration":47},
{"Acceptance":[0.01727837082109632],"Energy":{"Mean":-774.741935483871,"Sigma":0.03320395787018194,"Taucorr":0.5796603202655812},"EnergyVariance":{"Mean":0.5059833506763787,"Sigma":0.1303477205211951,"Taucorr":0.17962613189535348},"Iteration":48},
{"Acceptance":[0.016961820515976996],"Energy":{"Mean":-774.7923387096774,"Sigma":0.02553807653833551,"Taucorr":0.3070466749906632},"EnergyVariance":{"Mean":0.4004251755983351,"Sigma":0.15507654822614148,"Taucorr":0.005150438547001812},"Iteration":49} 
]}