{"Output": [
{"Acceptance":[0.8816326530612245],"Energy":{"Mean":-509.96774193548384,"Sigma":1.5006155518117332,"Taucorr":0.06671700246338486},"EnergyVariance":{"Mean":244.3699271592091,"Sigma":27.29126276089321,"Taucorr":-0.02065690402109699},"Iteration":0},
{"Acceptance":[0.8633437990580848],"Energy":{"Mean":-514.040322580645,"Sigma":1.2833768028279018,"Taucorr":-0.12140864085205316},"EnergyVariance":{"Mean":267.5548257023934,"Sigma":38.51563692402153,"Taucorr":0.1263016091837823},"Iteration":1},
{"Acceptance":[0.8467817896389325],"Energy":{"Mean":-512.6854838709678,"Sigma":1.3138001876449261,"Taucorr":-0.027338765328707215},"EnergyVariance":{"Mean":224.58656347554628,"Sigma":29.680564932005538,"Taucorr":0.017221884131840226},"Iteration":2},
{"Acceptance":[0.8353218210361067],"Energy":{"Mean":-512.7580645161291,"Sigma":1.3861102393244844,"Taucorr":-0.04419151980908942},"EnergyVariance":{"Mean":259.23178980228926,"Sigma":41.96132185128517,"Taucorr":0.0165526566698031},"Iteration":3},
{"Acceptance":[0.810204081632653],"Energy":{"Mean":-513.685483870968,"Sigma":1.3136978784528632,"Taucorr":-0.03887075942109697},"EnergyVariance":{"Mean":230.16720863683665,"Sigma":29.77791385423575,"Taucorr":0.021552585210517616},"Iteration":4},
{"Acceptance":[0.7821036106750392],"Energy":{"Mean":-516.7177419354839,"Sigma":1.392170017246411,"Taucorr":0.07020047482763248},"EnergyVariance":{"Mean":209.0412981269511,"Sigma":23.54648826549522,"Taucorr":-0.09266407471580945},"Iteration":5},
{"Acceptance":[0.7589481946624804],"Energy":{"Mean":-518.709677419355,"Sigma":1.3954658129961741,"Taucorr":0.15421121778748026},"EnergyVariance":{"Mean":183.06087408949014,"Sigma":27.232492079463146,"Taucorr":0.14778046606550166},"Iteration":6},
{"Acceptance":[0.7142857142857143],"Energy":{"Mean":-521.8629032258065,"Sigma":1.6641717364818516,"Taucorr":0.11821748933175591},"EnergyVariance":{"Mean":275.50539802289273,"Sigma":37.157328969267574,"Taucorr":-0.02840367923083159},"Iteration":7},
{"Acceptance":[0.6476452119309262],"Energy":{"Mean":-529.2903225806451,"Sigma":1.5799098574987454,"Taucorr":0.1106258407665709},"EnergyVariance":{"Mean":251.39958376690947,"Sigma":23.370888535175656,"Taucorr":-0.11443943649346439},"Iteration":8},
{"Acceptance":[0.5709576138147566],"Energy":{"Mean":-535.3467741935485,"Sigma":1.9549247647760755,"Taucorr":0.3004517535573159},"EnergyVariance":{"Mean":293.629747658689,"Sigma":38.47291509696829,"Taucorr":0.02346178844521951},"Iteration":9},
{"Acceptance":[0.4872841444270016],"Energy":{"Mean":-545.5161290322582,"Sigma":1.6993806384338184,"Taucorr":0.27894489435936753},"EnergyVariance":{"Mean":228.00780437044747,"Sigma":30.271231914359625,"Taucorr":0.08171431349277747},"Iteration":10},
{"Acceptance":[0.41381475667189954],"Energy":{"Mean":-556.5000000000001,"Sigma":1.5428468310516197,"Taucorr":0.30811779370520476},"EnergyVariance":{"Mean":181.15322580645162,"Sigma":25.971866699723428,"Taucorr":0.16947467550809336},"Iteration":11},
{"Acceptance":[0.3577708006279435],"Energy":{"Mean":-564.1935483870966,"Sigma":1.319503698519192,"Taucorr":0.30541502134837084},"EnergyVariance":{"Mean":132.9464099895942,"Sigma":15.227529530786308,"Taucorr":-0.012970964707676336},"Iteration":12},
{"Acceptance":[0.32645211930926216],"Energy":{"Mean":-571.467741935484,"Sigma":1.1448072298334826,"Taucorr":0.26010408105687877},"EnergyVariance":{"Mean":106.03928199791883,"Sigma":18.090564391150103,"Taucorr":0.4798061561832402},"Iteration":13},
{"Acceptance":[0.2904238618524333],"Energy":{"Mean":-578.0967741935483,"Sigma":1.182799975554341,"Taucorr":0.3000767453674591},"EnergyVariance":{"Mean":107.53902185223727,"Sigma":15.567677047109067,"Taucorr":0.045462275428780785},"Iteration":14},
{"Acceptance":[0.26868131868131867],"Energy":{"Mean":-583.8145161290325,"Sigma":1.0001322319788197,"Taucorr":0.2199819295495986},"EnergyVariance":{"Mean":85.4414021852237,"Sigma":12.13584591451379,"Taucorr":0.05746729645701232},"Iteration":15},
{"Acceptance":[0.24372056514913656],"Energy":{"Mean":-587.733870967742,"Sigma":0.9755020408502945,"Taucorr":0.3994469538481845},"EnergyVariance":{"Mean":65.06627211238293,"Sigma":8.316415862274088,"Taucorr":0.11876911545636148},"Iteration":16},
{"Acceptance":[0.2317111459968603],"Energy":{"Mean":-591.0806451612901,"Sigma":0.8010734646728618,"Taucorr":0.13265989966262248},"EnergyVariance":{"Mean":62.38059313215402,"Sigma":9.712809333852933,"Taucorr":0.10498961934886575},"Iteration":17},
{"Acceptance":[0.20259026687598117],"Energy":{"Mean":-593.4032258064516,"Sigma":0.873341548073091,"Taucorr":0.28966490906144726},"EnergyVariance":{"Mean":59.40192507804371,"Sigma":6.902631744984435,"Taucorr":-0.08742010739170503},"Iteration":18},
{"Acceptance":[0.1849293563579278],"Energy":{"Mean":-599.0483870967741,"Sigma":0.8228441492347952,"Taucorr":0.34344980582063855},"EnergyVariance":{"Mean":49.36862643080124,"Sigma":6.778668896196923,"Taucorr":0.10053544538316239},"Iteration":19},
{"Acceptance":[0.17095761381475666],"Energy":{"Mean":-600.8225806451612,"Sigma":0.9679816011472349,"Taucorr":0.4035642318407885},"EnergyVariance":{"Mean":63.77497398543185,"Sigma":8.3330079162237,"Taucorr":0.14024281939903327},"Iteration":20},
{"Acceptance":[0.14968602825745683],"Energy":{"Mean":-605.0,"Sigma":0.8268023648597237,"Taucorr":0.359404879657104},"EnergyVariance":{"Mean":48.91935483870967,"Sigma":6.980082908209644,"Taucorr":-0.0404633974969168},"Iteration":21},
{"Acceptance":[0.1272370486656201],"Energy":{"Mean":-608.5564516129033,"Sigma":0.6868297982004998,"Taucorr":0.3679844181417231},"EnergyVariance":{"Mean":33.42423257023933,"Sigma":3.7658166206113193,"Taucorr":0.11982241469745714},"Iteration":22},
{"Acceptance":[0.1130298273155416],"Energy":{"Mean":-610.4838709677421,"Sigma":0.6932795177759141,"Taucorr":0.32127724933503077},"EnergyVariance":{"Mean":35.99167533818937,"Sigma":7.581981490611524,"Taucorr":0.49012372232239065},"Iteration":23},
{"Acceptance":[0.09835164835164835],"Energy":{"Mean":-612.8064516129032,"Sigma":0.5881570539262855,"Taucorr":0.33446893940939937},"EnergyVariance":{"Mean":25.49479708636836,"Sigma":3.7555343932630794,"Taucorr":0.25544123759227566},"Iteration":24},
{"Acceptance":[0.09356357927786499],"Energy":{"Mean":-614.9193548387096,"Sigma":0.42508492142939963,"Taucorr":0.10941124441844874},"EnergyVariance":{"Mean":18.235431841831428,"Sigma":1.939776344781453,"Taucorr":-0.08152187101232256},"Iteration":25},
{"Acceptance":[0.08657770800627944],"Energy":{"Mean":-615.7903225806451,"Sigma":0.4615740912277031,"Taucorr":0.12814374618060942},"EnergyVariance":{"Mean":20.859261186264305,"Sigma":2.8347085800435985,"Taucorr":-0.014513081631957525},"Iteration":26},
{"Acceptance":[0.07637362637362638],"Energy":{"Mean":-616.6935483870967,"Sigma":0.4912828387091574,"Taucorr":0.4047597716641562},"EnergyVariance":{"Mean":16.40608740894901,"Sigma":2.945687342477597,"Taucorr":0.3711072068051392},"Iteration":27},
{"Acceptance":[0.07574568288854003],"Energy":{"Mean":-618.2177419354838,"Sigma":0.44461260404149894,"Taucorr":0.47565855058847883},"EnergyVariance":{"Mean":12.460652965660769,"Sigma":2.1779477627920327,"Taucorr":0.23599338929217728},"Iteration":28},
{"Acceptance":[0.06970172684458399],"Energy":{"Mean":-618.1532258064514,"Sigma":0.4998222021721905,"Taucorr":0.44309935287097324},"EnergyVariance":{"Mean":16.291037981269508,"Sigma":4.030557560905378,"Taucorr":0.34910042025465426},"Iteration":29},
{"Acceptance":[0.06766091051805337],"Energy":{"Mean":-618.8870967741937,"Sigma":0.33296458965991604,"Taucorr":0.07654699839416212},"EnergyVariance":{"Mean":11.825962539021852,"Sigma":1.9085974763408768,"Taucorr":-0.021191661303278708},"Iteration":30},
{"Acceptance":[0.0630298273155416],"Energy":{"Mean":-619.467741935484,"Sigma":0.3523618343354181,"Taucorr":0.3059059333900841},"EnergyVariance":{"Mean":9.474765868886577,"Sigma":1.570278737529606,"Taucorr":0.12550655788404574},"Iteration":31},
{"Acceptance":[0.06766091051805337],"Energy":{"Mean":-619.9112903225806,"Sigma":0.26195819330551406,"Taucorr":0.10149143053122545},"EnergyVariance":{"Mean":7.0163241415192505,"Sigma":1.2722261782805317,"Taucorr":0.008064830381958377},"Iteration":32},
{"Acceptance":[0.058006279434850865],"Energy":{"Mean":-620.4677419354838,"Sigma":0.29845974122974894,"Taucorr":0.12386683454302982},"EnergyVariance":{"Mean":8.781217481789803,"Sigma":1.6266011713802977,"Taucorr":-0.10627799221691919},"Iteration":33},
{"Acceptance":[0.05141287284144427],"Energy":{"Mean":-620.9919354838711,"Sigma":0.26296588738041715,"Taucorr":0.21944306917075418},"EnergyVariance":{"Mean":5.91122528616025,"Sigma":1.0804836013963748,"Taucorr":0.07541323579226755},"Iteration":34},
{"Acceptance":[0.05117739403453689],"Energy":{"Mean":-621.6854838709678,"Sigma":0.37655907837610714,"Taucorr":0.5430274979580951},"EnergyVariance":{"Mean":8.3607570239334,"Sigma":1.7327768605461327,"Taucorr":0.2768913545588021},"Iteration":35},
{"Acceptance":[0.04913657770800628],"Energy":{"Mean":-621.9677419354838,"Sigma":0.32248654541490196,"Taucorr":0.31436402782377804},"EnergyVariance":{"Mean":7.853798126951094,"Sigma":1.671639121396805,"Taucorr":0.021422930339431656},"Iteration":36},
{"Acceptance":[0.04552590266875981],"Energy":{"Mean":-622.0080645161291,"Sigma":0.32657473559014083,"Taucorr":0.34282669920356224},"EnergyVariance":{"Mean":7.782193028095735,"Sigma":1.482389488919598,"Taucorr":0.10610086952364683},"Iteration":37},
{"Acceptance":[0.041287284144427],"Energy":{"Mean":-622.6129032258065,"Sigma":0.3007246422236003,"Taucorr":0.19283330092681972},"EnergyVariance":{"Mean":8.02757544224766,"Sigma":2.708431713869177,"Taucorr":0.02048022321615084},"Iteration":38},
{"Acceptance":[0.03924646781789639],"Energy":{"Mean":-622.6612903225807,"Sigma":0.2761944701880715,"Taucorr":0.3433732404246369},"EnergyVariance":{"Mean":5.5626951092611865,"Sigma":0.9053492919329097,"Taucorr":0.11485309493046092},"Iteration":39},
{"Acceptance":[0.043249607535321824],"Energy":{"Mean":-623.5080645161288,"Sigma":0.2652559807904935,"Taucorr":0.3696563713124271},"EnergyVariance":{"Mean":4.975741415192507,"Sigma":1.1630002965633934,"Taucorr":0.1296735366943752},"Iteration":40},
{"Acceptance":[0.04089481946624804],"Energy":{"Mean":-622.8467741935484,"Sigma":0.3848050440889458,"Taucorr":0.6359341916327999},"EnergyVariance":{"Mean":8.01684443288241,"Sigma":4.012557743936575,"Taucorr":0.4202094837432777},"Iteration":41},
{"Acceptance":[0.03948194662480377],"Energy":{"Mean":-623.1774193548387,"Sigma":0.369392400775859,"Taucorr":0.3728933838452122},"EnergyVariance":{"Mean":9.6136836628512,"Sigma":2.339795859916836,"Taucorr":0.3345850526210622},"Iteration":42},
{"Acceptance":[0.036891679748822605],"Energy":{"Mean":-624.5161290322582,"Sigma":0.13367001370278453,"Taucorr":-0.05898674044684826},"EnergyVariance":{"Mean":2.491675338189386,"Sigma":0.5053058049259699,"Taucorr":0.18828420114101185},"Iteration":43},
{"Acceptance":[0.0369701726844584],"Energy":{"Mean":-624.0645161290321,"Sigma":0.25159911735048596,"Taucorr":0.3134036308294408},"EnergyVariance":{"Mean":4.786160249739853,"Sigma":0.7293528692886222,"Taucorr":-0.005401713853114554},"Iteration":44},
{"Acceptance":[0.033437990580847725],"Energy":{"Mean":-624.4919354838711,"Sigma":0.18311957392883738,"Taucorr":0.17831946435064916},"EnergyVariance":{"Mean":3.0402575442247657,"Sigma":0.5545416520514763,"Taucorr":0.03391418224492271},"Iteration":45},
{"Acceptance":[0.03453689167974882],"Energy":{"Mean":-624.5967741935483,"Sigma":0.19526567900467298,"Taucorr":0.18929035711554887},"EnergyVariance":{"Mean":3.4019250780437047,"Sigma":0.5412080829986406,"Taucorr":0.013254672765349529},"Iteration":46},
{"Acceptance":[0.03390894819466248],"Energy":{"Mean":-625.2822580645162,"Sigma":0.17185809955379266,"Taucorr":0.0452046772210043},"EnergyVariance":{"Mean":3.3316207075962536,"Sigma":0.5617211876711764,"Taucorr":0.17774048835696588},"Iteration":47},
{"Acceptance":[0.03108320251177394],"Energy":{"Mean":-625.0322580645162,"Sigma":0.3669369608855996,"Taucorr":0.5674877590716976},"EnergyVariance":{"Mean":7.7570239334027065,"Sigma":1.9662579402029268,"Taucorr":0.3459313199836316},"Iteration":48},
{"Acceptance":[0.029827315541601257],"Energy":{"Mean":-625.266129032258,"Sigma":0.2661290322580653,"Taucorr":0.5303139855083652},"EnergyVariance":{"Mean":4.22756243496358,"Sigma":1.190365689874651,"Taucorr":0.2268142201237826},"Iteration":49} 
]}