{"Output": [
{"Acceptance":[0.9494397759103641],"Energy":{"Mean":-152.9435483870968,"Sigma":0.5851786876051902,"Taucorr":-0.14912789595214115},"EnergyVariance":{"Mean":60.02100676378771,"Sigma":8.199621676850446,"Taucorr":0.036257786092462},"Iteration":0},
{"Acceptance":[0.9371148459383754],"Energy":{"Mean":-155.4435483870968,"Sigma":1.003268159393659,"Taucorr":0.24985090665299048},"EnergyVariance":{"Mean":82.55326482830385,"Sigma":10.597358104163588,"Taucorr":-0.05567530263338494},"Iteration":1},
{"Acceptance":[0.930812324929972],"Energy":{"Mean":-153.97580645161293,"Sigma":1.0137067903569632,"Taucorr":0.19257967101694762},"EnergyVariance":{"Mean":91.24941467221643,"Sigma":12.475051221795244,"Taucorr":-0.007257073344294818},"Iteration":2},
{"Acceptance":[0.9149859943977591],"Energy":{"Mean":-154.96774193548387,"Sigma":0.7590619153458282,"Taucorr":-0.03502957883022806},"EnergyVariance":{"Mean":76.2086368366285,"Sigma":7.087467883228141,"Taucorr":-0.2513286521561551},"Iteration":3},
{"Acceptance":[0.9110644257703081],"Energy":{"Mean":-155.2741935483871,"Sigma":0.7131969180475974,"Taucorr":-0.0037579905660763413},"EnergyVariance":{"Mean":63.03772112382933,"Sigma":8.530726834120467,"Taucorr":-0.0036817786101133176},"Iteration":4},
{"Acceptance":[0.8879551820728291],"Energy":{"Mean":-155.87903225806454,"Sigma":0.6864540888466949,"Taucorr":-0.09979468645676054},"EnergyVariance":{"Mean":72.41278616024975,"Sigma":7.824288500555129,"Taucorr":-0.061441860996866327},"Iteration":5},
{"Acceptance":[0.873249299719888],"Energy":{"Mean":-157.66935483870967,"Sigma":0.7748904793212824,"Taucorr":-0.004506871657218081},"EnergyVariance":{"Mean":74.52777055150882,"Sigma":10.016838999730181,"Taucorr":-0.12848866604985448},"Iteration":6},
{"Acceptance":[0.8663865546218488],"Energy":{"Mean":-156.3225806451613,"Sigma":0.8812711942381664,"Taucorr":0.1467823299397607},"EnergyVariance":{"Mean":73.84755463059312,"Sigma":7.890094010560616,"Taucorr":-0.01786423900042111},"Iteration":7},
{"Acceptance":[0.8449579831932773],"Energy":{"Mean":-156.70161290322577,"Sigma":0.9500579605153242,"Taucorr":0.3237599395447912},"EnergyVariance":{"Mean":67.38677159209158,"Sigma":8.353432660261955,"Taucorr":0.019216915218020048},"Iteration":8},
{"Acceptance":[0.822829131652661],"Energy":{"Mean":-158.51612903225805,"Sigma":0.8190388646521078,"Taucorr":0.07889866981083848},"EnergyVariance":{"Mean":71.26586888657648,"Sigma":7.095716296685997,"Taucorr":-0.20915546223312742},"Iteration":9},
{"Acceptance":[0.8210084033613445],"Energy":{"Mean":-157.6774193548387,"Sigma":0.8281175657720352,"Taucorr":0.07261501946129989},"EnergyVariance":{"Mean":73.65400624349635,"Sigma":9.419824465828706,"Taucorr":-0.04120248374756563},"Iteration":10},
{"Acceptance":[0.7791316526610644],"Energy":{"Mean":-160.3629032258064,"Sigma":0.8939641321553675,"Taucorr":0.08925645482112587},"EnergyVariance":{"Mean":83.40862382934444,"Sigma":13.000245333173893,"Taucorr":0.09514506389883182},"Iteration":11},
{"Acceptance":[0.7641456582633053],"Energy":{"Mean":-159.10483870967738,"Sigma":1.0903273525377541,"Taucorr":0.41485626162215883},"EnergyVariance":{"Mean":79.91642819979192,"Sigma":9.988984901777602,"Taucorr":-0.07666028390569996},"Iteration":12},
{"Acceptance":[0.7005602240896358],"Energy":{"Mean":-162.54838709677418,"Sigma":0.7668728703678851,"Taucorr":0.07952876198416059},"EnergyVariance":{"Mean":62.40894901144641,"Sigma":7.909786035215046,"Taucorr":-0.06168238339686544},"Iteration":13},
{"Acceptance":[0.6068627450980392],"Energy":{"Mean":-166.76612903225805,"Sigma":0.9335398785383333,"Taucorr":0.18204899017862486},"EnergyVariance":{"Mean":78.58240114464101,"Sigma":10.425264607117796,"Taucorr":-0.018833082902866005},"Iteration":14},
{"Acceptance":[0.5484593837535015],"Energy":{"Mean":-167.64516129032256,"Sigma":1.129086020225354,"Taucorr":0.4932068942789336},"EnergyVariance":{"Mean":78.93860561914673,"Sigma":10.50264792191581,"Taucorr":0.20620858566242284},"Iteration":15},
{"Acceptance":[0.43669467787114846],"Energy":{"Mean":-174.21774193548387,"Sigma":0.9998482368363822,"Taucorr":0.45737406410803083},"EnergyVariance":{"Mean":64.21871748178981,"Sigma":10.090448618193433,"Taucorr":0.33204063071312917},"Iteration":16},
{"Acceptance":[0.35532212885154063],"Energy":{"Mean":-176.58064516129028,"Sigma":0.8092531982103854,"Taucorr":0.2800758812503791},"EnergyVariance":{"Mean":51.630593132154004,"Sigma":6.624010722605266,"Taucorr":0.01431046397692437},"Iteration":17},
{"Acceptance":[0.280672268907563],"Energy":{"Mean":-179.6935483870968,"Sigma":0.7154881856041789,"Taucorr":0.1926333651925568},"EnergyVariance":{"Mean":45.454474505723205,"Sigma":4.957452853864344,"Taucorr":-0.17475539973971377},"Iteration":18},
{"Acceptance":[0.2469187675070028],"Energy":{"Mean":-182.30645161290326,"Sigma":0.38341099214870156,"Taucorr":-0.17147249558057376},"EnergyVariance":{"Mean":27.518990634755465,"Sigma":2.7999441688620585,"Taucorr":-0.039121786261892666},"Iteration":19},
{"Acceptance":[0.19859943977591035],"Energy":{"Mean":-182.76612903225808,"Sigma":0.6638652987834913,"Taucorr":0.5911270411863432},"EnergyVariance":{"Mean":24.840465660770022,"Sigma":3.168557006421584,"Taucorr":0.13032494826127095},"Iteration":20},
{"Acceptance":[0.16932773109243698],"Energy":{"Mean":-184.29032258064518,"Sigma":0.5153682228596768,"Taucorr":0.28888452647184415},"EnergyVariance":{"Mean":20.706035379812693,"Sigma":3.3256581651600907,"Taucorr":0.09787223265586109},"Iteration":21},
{"Acceptance":[0.15714285714285714],"Energy":{"Mean":-186.7741935483871,"Sigma":0.44197668750703156,"Taucorr":0.4725864538140776},"EnergyVariance":{"Mean":12.352237252861604,"Sigma":2.4293210598479096,"Taucorr":0.42273323916466965},"Iteration":22},
{"Acceptance":[0.13907563025210085],"Energy":{"Mean":-186.62096774193546,"Sigma":0.47545549294520284,"Taucorr":0.4518173358208628},"EnergyVariance":{"Mean":14.606334547346513,"Sigma":2.5069749366159892,"Taucorr":0.24915074318745467},"Iteration":23},
{"Acceptance":[0.13389355742296918],"Energy":{"Mean":-188.8064516129032,"Sigma":0.45976701635780476,"Taucorr":0.4204459220511294},"EnergyVariance":{"Mean":14.12382934443288,"Sigma":2.119632737960721,"Taucorr":0.03527147538844677},"Iteration":24},
{"Acceptance":[0.12759103641456582],"Energy":{"Mean":-188.9435483870967,"Sigma":0.42164387674069725,"Taucorr":0.30768110998477105},"EnergyVariance":{"Mean":13.537135796045787,"Sigma":4.113507300818909,"Taucorr":0.38846487263312923},"Iteration":25},
{"Acceptance":[0.11722689075630252],"Energy":{"Mean":-190.15322580645162,"Sigma":0.3011352666793052,"Taucorr":0.15234574099854825},"EnergyVariance":{"Mean":8.549102497398543,"Sigma":1.16444852264742,"Taucorr":0.07610141839859907},"Iteration":26},
{"Acceptance":[0.12198879551820728],"Energy":{"Mean":-190.88709677419357,"Sigma":0.3056015374434907,"Taucorr":0.08357782887954956},"EnergyVariance":{"Mean":9.84209157127992,"Sigma":1.47523990273847,"Taucorr":0.06452794748728263},"Iteration":27},
{"Acceptance":[0.11974789915966387],"Energy":{"Mean":-191.74999999999997,"Sigma":0.3162277660168382,"Taucorr":0.14558730158730226},"EnergyVariance":{"Mean":9.526209677419356,"Sigma":1.1348314963673765,"Taucorr":-0.06715442950017392},"Iteration":28},
{"Acceptance":[0.115406162464986],"Energy":{"Mean":-193.15322580645162,"Sigma":0.42036169451361716,"Taucorr":0.519254112810251},"EnergyVariance":{"Mean":10.662005723204995,"Sigma":2.32820855907136,"Taucorr":0.6944056232580762},"Iteration":29},
{"Acceptance":[0.10378151260504202],"Energy":{"Mean":-193.74193548387095,"Sigma":0.30220601794241303,"Taucorr":0.15106447138290646},"EnergyVariance":{"Mean":8.626951092611861,"Sigma":1.1101602646161308,"Taucorr":0.0958217909409419},"Iteration":30},
{"Acceptance":[0.09215686274509804],"Energy":{"Mean":-194.6129032258064,"Sigma":0.30206251348589375,"Taucorr":0.13752733936276684},"EnergyVariance":{"Mean":8.801768990634757,"Sigma":1.1872769948596946,"Taucorr":-0.03864791859099376},"Iteration":31},
{"Acceptance":[0.09481792717086834],"Energy":{"Mean":-196.3225806451613,"Sigma":0.27780668134975867,"Taucorr":0.25932245713334234},"EnergyVariance":{"Mean":6.250780437044745,"Sigma":0.6059253066930648,"Taucorr":-0.08095970323378182},"Iteration":32},
{"Acceptance":[0.07605042016806722],"Energy":{"Mean":-197.258064516129,"Sigma":0.18494545511212696,"Taucorr":-0.003851699595044722},"EnergyVariance":{"Mean":4.239854318418314,"Sigma":0.7875091384325398,"Taucorr":-0.06856525427918614},"Iteration":33},
{"Acceptance":[0.06708683473389356],"Energy":{"Mean":-197.09677419354838,"Sigma":0.22768039620597683,"Taucorr":0.2048717358794434},"EnergyVariance":{"Mean":4.522892819979189,"Sigma":0.550687670316032,"Taucorr":-0.04854327473177095},"Iteration":34},
{"Acceptance":[0.06764705882352941],"Energy":{"Mean":-197.25806451612908,"Sigma":0.27052415047512623,"Taucorr":0.5115163119738131},"EnergyVariance":{"Mean":4.449531737773151,"Sigma":0.7313777072374607,"Taucorr":0.20701181966944082},"Iteration":35},
{"Acceptance":[0.05826330532212885],"Energy":{"Mean":-198.24999999999997,"Sigma":0.15597421898905917,"Taucorr":0.2503538928210245},"EnergyVariance":{"Mean":1.9939516129032258,"Sigma":0.3395838054787913,"Taucorr":-0.05158917242960592},"Iteration":36},
{"Acceptance":[0.05112044817927171],"Energy":{"Mean":-198.33064516129033,"Sigma":0.1752061369548422,"Taucorr":0.3688156595133334},"EnergyVariance":{"Mean":2.172931841831425,"Sigma":0.4179337492916508,"Taucorr":0.18909703630373542},"Iteration":37},
{"Acceptance":[0.05168067226890756],"Energy":{"Mean":-198.74193548387095,"Sigma":0.13192325836566737,"Taucorr":0.320572397287591},"EnergyVariance":{"Mean":1.3043704474505724,"Sigma":0.2845530973451057,"Taucorr":0.14895407074412914},"Iteration":38},
{"Acceptance":[0.05420168067226891],"Energy":{"Mean":-198.86290322580646,"Sigma":0.1571925697636515,"Taucorr":0.3169038212774884},"EnergyVariance":{"Mean":1.8602367325702394,"Sigma":0.5854899561442471,"Taucorr":0.16984636092180883},"Iteration":39},
{"Acceptance":[0.05112044817927171],"Energy":{"Mean":-199.01612903225808,"Sigma":0.14843968212701308,"Taucorr":0.5637226873596055},"EnergyVariance":{"Mean":1.2739334027055151,"Sigma":0.37642941691875703,"Taucorr":0.3635599131892606},"Iteration":40},
{"Acceptance":[0.04915966386554622],"Energy":{"Mean":-199.20967741935488,"Sigma":0.08683253425133564,"Taucorr":0.0834615384615488},"EnergyVariance":{"Mean":0.79474505723205,"Sigma":0.21910914234382584,"Taucorr":0.18784388208724345},"Iteration":41},
{"Acceptance":[0.04677871148459384],"Energy":{"Mean":-199.1854838709677,"Sigma":0.12751119597453206,"Taucorr":0.2910985335734554},"EnergyVariance":{"Mean":1.2639828303850158,"Sigma":0.40344218680404376,"Taucorr":0.3701027055203222},"Iteration":42},
{"Acceptance":[0.045658263305322126],"Energy":{"Mean":-199.29838709677418,"Sigma":0.08708183862382715,"Taucorr":-0.0012935530982608467},"EnergyVariance":{"Mean":0.9351586888657648,"Sigma":0.34146745848244076,"Taucorr":-0.009695927563915074},"Iteration":43},
{"Acceptance":[0.045098039215686274],"Energy":{"Mean":-199.2177419354839,"Sigma":0.15060002547331663,"Taucorr":0.2821984755096897},"EnergyVariance":{"Mean":1.7832336108220603,"Sigma":0.9624420734472423,"Taucorr":0.4469301374388478},"Iteration":44},
{"Acceptance":[0.038795518207282914],"Energy":{"Mean":-199.63709677419354,"Sigma":0.06332913435155782,"Taucorr":0.2520325203252052},"EnergyVariance":{"Mean":0.3279786680541103,"Sigma":0.07764524974754283,"Taucorr":0.2188189787855539},"Iteration":45},
{"Acceptance":[0.03235294117647059],"Energy":{"Mean":-199.64516129032262,"Sigma":0.1597099999345198,"Taucorr":0.7438273514851503},"EnergyVariance":{"Mean":1.261186264308013,"Sigma":0.8168702402279385,"Taucorr":0.7963011683582462},"Iteration":46},
{"Acceptance":[0.02969187675070028],"Energy":{"Mean":-199.8225806451613,"Sigma":0.0593349662852535,"Taucorr":-0.0036970781156810406},"EnergyVariance":{"Mean":0.4362643080124871,"Sigma":0.19849212107256542,"Taucorr":-0.011182671221640073},"Iteration":47},
{"Acceptance":[0.023949579831932775],"Energy":{"Mean":-199.91935483870967,"Sigma":0.02690858872310248,"Taucorr":0.10061403508775502},"EnergyVariance":{"Mean":0.07414151925078041,"Sigma":0.022568493767761908,"Taucorr":0.10061403508771916},"Iteration":48},
{"Acceptance":[0.01876750700280112],"Energy":{"Mean":-199.80645161290317,"Sigma":0.07213122508063763,"Taucorr":0.056057866184439975},"EnergyVariance":{"Mean":0.5754422476586888,"Sigma":0.29715582354847303,"Taucorr":0.01880831806460337},"Iteration":49},
{"Acceptance":[0.02030812324929972],"Energy":{"Mean":-199.82258064516125,"Sigma":0.05933496628525376,"Taucorr":0.4555683122847385},"EnergyVariance":{"Mean":0.2265868886576483,"Sigma":0.08075384573250247,"Taucorr":0.4140716130047263},"Iteration":50},
{"Acceptance":[0.021148459383753503],"Energy":{"Mean":-199.76612903225805,"Sigma":0.13215311860433174,"Taucorr":0.7779385591580914},"EnergyVariance":{"Mean":0.8404656607700314,"Sigma":0.6338163034025419,"Taucorr":0.9119500246310854},"Iteration":51},
{"Acceptance":[0.0196078431372549],"Energy":{"Mean":-199.9112903225806,"Sigma":0.074729248833953,"Taucorr":-0.004940470610291681},"EnergyVariance":{"Mean":0.6937434963579606,"Sigma":0.6395821723032745,"Taucorr":-0.0018225442558609806},"Iteration":52},
{"Acceptance":[0.015966386554621848],"Energy":{"Mean":-199.81451612903223,"Sigma":0.07599496122186845,"Taucorr":-0.06278920822993322},"EnergyVariance":{"Mean":0.8123699271592091,"Sigma":0.39054075607344474,"Taucorr":-0.033430838742174174},"Iteration":53},
{"Acceptance":[0.01904761904761905],"Energy":{"Mean":-199.87903225806454,"Sigma":0.058968471325575575,"Taucorr":0.03913756353500897},"EnergyVariance":{"Mean":0.39665712799167535,"Sigma":0.28216990891709004,"Taucorr":2.239278211391138e-05},"Iteration":54},
{"Acceptance":[0.01876750700280112],"Energy":{"Mean":-199.83870967741936,"Sigma":0.09598694124385566,"Taucorr":0.3488406079501165},"EnergyVariance":{"Mean":0.6675338189386054,"Sigma":0.3437222699629188,"Taucorr":0.3616855457371464},"Iteration":55},
{"Acceptance":[0.017226890756302522],"Energy":{"Mean":-199.9838709677419,"Sigma":0.016129032258064512,"Taucorr":-2.55351295663786e-15},"EnergyVariance":{"Mean":0.03199791883454734,"Sigma":0.0317377731529643,"Taucorr":0.0},"Iteration":56},
{"Acceptance":[0.01526610644257703],"Energy":{"Mean":-199.9677419354839,"Sigma":0.030102726191762273,"Taucorr":0.6770604395604303},"EnergyVariance":{"Mean":0.047346514047866814,"Sigma":0.027735238802890392,"Taucorr":0.6188816080106352},"Iteration":57},
{"Acceptance":[0.015546218487394958],"Energy":{"Mean":-199.96774193548387,"Sigma":0.025245928778223015,"Taucorr":-0.0075980392157012355},"EnergyVariance":{"Mean":0.07960457856399585,"Sigma":0.07116884104735105,"Taucorr":-0.0026519242813039523},"Iteration":58},
{"Acceptance":[0.01834733893557423],"Energy":{"Mean":-199.9112903225806,"Sigma":0.048565977594135,"Taucorr":0.028656079639737486},"EnergyVariance":{"Mean":0.2743886576482831,"Sigma":0.19745091506813264,"Taucorr":-0.004932216496182418},"Iteration":59},
{"Acceptance":[0.015966386554621848],"Energy":{"Mean":-199.81451612903223,"Sigma":0.13318258040190956,"Taucorr":0.40945616222956793},"EnergyVariance":{"Mean":1.1994667013527573,"Sigma":0.9871286779295437,"Taucorr":0.48364767008508613},"Iteration":60},
{"Acceptance":[0.01526610644257703],"Energy":{"Mean":-200.0,"Sigma":0.01159347239400413,"Taucorr":0.01249999999999174},"EnergyVariance":{"Mean":0.01612903225806452,"Sigma":0.011213254631513016,"Taucorr":-0.012704918032786783},"Iteration":61},
{"Acceptance":[0.014705882352941176],"Energy":{"Mean":-200.0,"Sigma":0.0,"Taucorr":null},"EnergyVariance":{"Mean":0.0,"Sigma":0.0,"Taucorr":null},"Iteration":62},
{"Acceptance":[0.012605042016806723],"Energy":{"Mean":-199.99193548387095,"Sigma":0.01827166179351225,"Taucorr":0.010016155088853118},"EnergyVariance":{"Mean":0.040257544224765886,"Sigma":0.03276488127976858,"Taucorr":-0.006080986408855682},"Iteration":63},
{"Acceptance":[0.013025210084033614],"Energy":{"Mean":-199.9758064516129,"Sigma":0.024193548387097454,"Taucorr":0.40589198036008867},"EnergyVariance":{"Mean":0.039737252861602505,"Sigma":0.022575064926346797,"Taucorr":0.3576918108686802},"Iteration":64},
{"Acceptance":[0.012745098039215686],"Energy":{"Mean":-200.0,"Sigma":0.0,"Taucorr":null},"EnergyVariance":{"Mean":0.0,"Sigma":0.0,"Taucorr":null},"Iteration":65},
{"Acceptance":[0.014005602240896359],"Energy":{"Mean":-199.93548387096772,"Sigma":0.056758001112206184,"Taucorr":0.9051199261992602},"EnergyVariance":{"Mean":0.14099895941727367,"Sigma":0.12976858275518768,"Taucorr":0.7762580308447113},"Iteration":66},
{"Acceptance":[0.014285714285714285],"Energy":{"Mean":-199.91935483870967,"Sigma":0.06597806002857078,"Taucorr":-0.005952952472382145},"EnergyVariance":{"Mean":0.5418834547346515,"Sigma":0.5056041984307487,"Taucorr":-0.00147430431641693},"Iteration":67},
{"Acceptance":[0.013865546218487394],"Energy":{"Mean":-199.93548387096774,"Sigma":0.04174896485659611,"Taucorr":-0.016373239436618725},"EnergyVariance":{"Mean":0.22164412070759631,"Sigma":0.11603932194080563,"Taucorr":-0.028872686631158384},"Iteration":68},
{"Acceptance":[0.012184873949579832],"Energy":{"Mean":-199.97580645161293,"Sigma":0.01779074420190743,"Taucorr":0.3245179063360646},"EnergyVariance":{"Mean":0.023608220603537983,"Sigma":0.016929901740525992,"Taucorr":0.324517906336088},"Iteration":69},
{"Acceptance":[0.014005602240896359],"Energy":{"Mean":-200.0,"Sigma":0.0,"Taucorr":null},"EnergyVariance":{"Mean":0.0,"Sigma":0.0,"Taucorr":null},"Iteration":70},
{"Acceptance":[0.012605042016806723],"Energy":{"Mean":-200.008064516129,"Sigma":0.018271661793511234,"Taucorr":0.35094339622635295},"EnergyVariance":{"Mean":0.02412851196670134,"Sigma":0.017615435921414183,"Taucorr":0.3169153619909678},"Iteration":71},
{"Acceptance":[0.014285714285714285],"Energy":{"Mean":-199.84677419354836,"Sigma":0.06924848058854953,"Taucorr":0.007282693813651209},"EnergyVariance":{"Mean":0.581360561914672,"Sigma":0.25211609521934175,"Taucorr":-0.03330711971257039},"Iteration":72},
{"Acceptance":[0.015966386554621848],"Energy":{"Mean":-199.92741935483872,"Sigma":0.046653533655734866,"Taucorr":0.013138868112692825},"EnergyVariance":{"Mean":0.2608610822060354,"Sigma":0.19667271033409628,"Taucorr":-0.007061687263041461},"Iteration":73},
{"Acceptance":[0.013165266106442577],"Energy":{"Mean":-199.79032258064515,"Sigma":0.12219804467661795,"Taucorr":0.8468523464326567},"EnergyVariance":{"Mean":0.6818418314255984,"Sigma":0.3739880955388215,"Taucorr":0.6721764103248147},"Iteration":74},
{"Acceptance":[0.011764705882352941],"Energy":{"Mean":-200.00806451612902,"Sigma":0.029520976157617777,"Taucorr":0.45051903114185177},"EnergyVariance":{"Mean":0.05638657648283039,"Sigma":0.03965387406271425,"Taucorr":0.1388650347171866},"Iteration":75},
{"Acceptance":[0.012324929971988795],"Energy":{"Mean":-199.74193548387095,"Sigma":0.12404683416176597,"Taucorr":0.36447837452471143},"EnergyVariance":{"Mean":1.0946930280957332,"Sigma":0.5326519305712782,"Taucorr":0.3677587659398962},"Iteration":76},
{"Acceptance":[0.01680672268907563],"Energy":{"Mean":-199.74193548387095,"Sigma":0.13935521206640603,"Taucorr":0.6593371212121255},"EnergyVariance":{"Mean":1.0301768990634756,"Sigma":0.5802505778323906,"Taucorr":0.7125729253656676},"Iteration":77},
{"Acceptance":[0.01638655462184874],"Energy":{"Mean":-200.0,"Sigma":0.0,"Taucorr":null},"EnergyVariance":{"Mean":0.0,"Sigma":0.0,"Taucorr":null},"Iteration":78},
{"Acceptance":[0.016666666666666666],"Energy":{"Mean":-199.90322580645162,"Sigma":0.0711629768076321,"Taucorr":0.32451790633609856},"EnergyVariance":{"Mean":0.3777315296566077,"Sigma":0.27087842784840377,"Taucorr":0.32451790633608824},"Iteration":79},
{"Acceptance":[0.016946778711484593],"Energy":{"Mean":-199.95161290322577,"Sigma":0.0355814884038169,"Taucorr":0.3245179063361282},"EnergyVariance":{"Mean":0.09443288241415192,"Sigma":0.0677196069620979,"Taucorr":0.32451790633608857},"Iteration":80},
{"Acceptance":[0.015966386554621848],"Energy":{"Mean":-199.95161290322577,"Sigma":0.06702125609568806,"Taucorr":0.5161722488038318},"EnergyVariance":{"Mean":0.2718522372528617,"Sigma":0.2518526939199157,"Taucorr":0.5058035264342977},"Iteration":81},
{"Acceptance":[0.018907563025210083],"Energy":{"Mean":-200.00000000000003,"Sigma":0.0200804832225627,"Taucorr":0.012500000000010614},"EnergyVariance":{"Mean":0.04838709677419356,"Sigma":0.03363976389453973,"Taucorr":-0.012704918032785673},"Iteration":82},
{"Acceptance":[0.013725490196078431],"Energy":{"Mean":-200.0,"Sigma":0.0,"Taucorr":null},"EnergyVariance":{"Mean":0.0,"Sigma":0.0,"Taucorr":null},"Iteration":83},
{"Acceptance":[0.01680672268907563],"Energy":{"Mean":-200.00806451612905,"Sigma":0.00806451612903274,"Taucorr":4.973799150320701e-14},"EnergyVariance":{"Mean":0.007999479708636837,"Sigma":0.007934443288241074,"Taucorr":-2.220446049250313e-16},"Iteration":84},
{"Acceptance":[0.01750700280112045],"Energy":{"Mean":-199.91129032258067,"Sigma":0.10009967283790025,"Taucorr":0.4793385012919915},"EnergyVariance":{"Mean":0.6292273673257023,"Sigma":0.5626521539173643,"Taucorr":0.5015233127045697},"Iteration":85},
{"Acceptance":[0.013585434173669468],"Energy":{"Mean":-200.0,"Sigma":0.0,"Taucorr":null},"EnergyVariance":{"Mean":0.0,"Sigma":0.0,"Taucorr":null},"Iteration":86},
{"Acceptance":[0.014005602240896359],"Energy":{"Mean":-200.00806451612902,"Sigma":0.029520976157617927,"Taucorr":0.4505190311418631},"EnergyVariance":{"Mean":0.056386576482830374,"Sigma":0.039653874062714256,"Taucorr":0.1388650347171866},"Iteration":87},
{"Acceptance":[0.016666666666666666],"Energy":{"Mean":-199.91935483870967,"Sigma":0.08064516129032276,"Taucorr":0.5081967213114775},"EnergyVariance":{"Mean":0.3967221644120708,"Sigma":0.39021852237252674,"Taucorr":0.508196721311476},"Iteration":88},
{"Acceptance":[0.015546218487394958],"Energy":{"Mean":-199.9112903225806,"Sigma":0.06614214399255695,"Taucorr":0.005301087089299772},"EnergyVariance":{"Mean":0.5324531737773154,"Sigma":0.5042312252046247,"Taucorr":-0.0008284791856084106},"Iteration":89},
{"Acceptance":[0.016246498599439777],"Energy":{"Mean":-200.02419354838707,"Sigma":0.013494516557001323,"Taucorr":-0.02561983471073709},"EnergyVariance":{"Mean":0.023608220603537983,"Sigma":0.012841556078437236,"Taucorr":-0.025619834710744027},"Iteration":90},
{"Acceptance":[0.015966386554621848],"Energy":{"Mean":-199.99193548387095,"Sigma":0.008064516129033722,"Taucorr":1.4277468096679513e-13},"EnergyVariance":{"Mean":0.007999479708636837,"Sigma":0.007934443288241074,"Taucorr":-2.220446049250313e-16},"Iteration":91},
{"Acceptance":[0.016526610644257703],"Energy":{"Mean":-199.97580645161293,"Sigma":0.02419354838709672,"Taucorr":-2.4424906541753444e-15},"EnergyVariance":{"Mean":0.07199531737773153,"Sigma":0.0714099895941738,"Taucorr":0.0},"Iteration":92},
{"Acceptance":[0.017927170868347338],"Energy":{"Mean":-199.95967741935482,"Sigma":0.04032258064516117,"Taucorr":-3.219646771412954e-15},"EnergyVariance":{"Mean":0.1999869927159209,"Sigma":0.19836108220603377,"Taucorr":0.0},"Iteration":93},
{"Acceptance":[0.01680672268907563],"Energy":{"Mean":-199.94354838709677,"Sigma":0.05146989596622012,"Taucorr":-0.002462760675269904},"EnergyVariance":{"Mean":0.3274583766909468,"Sigma":0.2852809840950867,"Taucorr":-0.003536138888322049},"Iteration":94},
{"Acceptance":[0.01904761904761905],"Energy":{"Mean":-199.9112903225806,"Sigma":0.056259272947463565,"Taucorr":-0.01749153635337397},"EnergyVariance":{"Mean":0.4034209157127993,"Sigma":0.22703210877999772,"Taucorr":-0.02364918002348504},"Iteration":95},
{"Acceptance":[0.017086834733893556],"Energy":{"Mean":-200.00806451612905,"Sigma":0.00806451612903274,"Taucorr":5.062616992290714e-14},"EnergyVariance":{"Mean":0.007999479708636834,"Sigma":0.007934443288241074,"Taucorr":0.0},"Iteration":96},
{"Acceptance":[0.015546218487394958],"Energy":{"Mean":-199.91129032258058,"Sigma":0.06814396830412217,"Taucorr":0.23738035264484914},"EnergyVariance":{"Mean":0.3872918834547346,"Sigma":0.2921525478544113,"Taucorr":0.023282268046786125},"Iteration":97},
{"Acceptance":[0.023109243697478993],"Energy":{"Mean":-199.9112903225806,"Sigma":0.055051768277019936,"Taucorr":0.04997121473806143},"EnergyVariance":{"Mean":0.33890478668054114,"Sigma":0.2822613073273073,"Taucorr":-0.0028913833635170194},"Iteration":98},
{"Acceptance":[0.020868347338935573],"Energy":{"Mean":-199.98387096774192,"Sigma":0.016129032258063888,"Taucorr":-2.864375403532904e-14},"EnergyVariance":{"Mean":0.03199791883454735,"Sigma":0.03173777315296522,"Taucorr":0.0},"Iteration":99} 
]}