{"Output": [
{"Acceptance":[0.9106082036775106],"Energy":{"Mean":-622.8548387096774,"Sigma":1.591508641885856,"Taucorr":0.022681402248744265},"EnergyVariance":{"Mean":298.0273152965661,"Sigma":39.08599711544617,"Taucorr":-0.0032484976357299855},"Iteration":0},
{"Acceptance":[0.8958274398868459],"Energy":{"Mean":-623.2822580645162,"Sigma":1.5627012530814255,"Taucorr":-0.002128050864172948},"EnergyVariance":{"Mean":301.6542013527576,"Sigma":38.76321410263229,"Taucorr":0.03332393319053584},"Iteration":1},
{"Acceptance":[0.871994342291372],"Energy":{"Mean":-625.8145161290323,"Sigma":1.7125394486444305,"Taucorr":0.13973104849657336},"EnergyVariance":{"Mean":281.94140218522375,"Sigma":39.26799904235923,"Taucorr":0.06523257505638935},"Iteration":2},
{"Acceptance":[0.8647100424328147],"Energy":{"Mean":-626.3225806451613,"Sigma":1.7154889561446267,"Taucorr":0.07440346547732679},"EnergyVariance":{"Mean":315.089490114464,"Sigma":43.418739859142654,"Taucorr":0.16191367335989337},"Iteration":3},
{"Acceptance":[0.8297736916548798],"Energy":{"Mean":-625.3629032258066,"Sigma":1.6076028500048567,"Taucorr":0.18298023015308928},"EnergyVariance":{"Mean":232.71507544224767,"Sigma":28.29018832089728,"Taucorr":-0.059000402059227686},"Iteration":4},
{"Acceptance":[0.7982319660537482],"Energy":{"Mean":-629.7419354838709,"Sigma":1.6585346180985014,"Taucorr":0.044863937085458994},"EnergyVariance":{"Mean":310.48178980228926,"Sigma":36.46870997267846,"Taucorr":-0.04866245640811284},"Iteration":5},
{"Acceptance":[0.7367751060820368],"Energy":{"Mean":-630.3225806451611,"Sigma":1.889493928249239,"Taucorr":0.10479796206459224},"EnergyVariance":{"Mean":363.0411030176898,"Sigma":47.005469313795345,"Taucorr":0.028564504352182163},"Iteration":6},
{"Acceptance":[0.5917963224893918],"Energy":{"Mean":-638.9354838709678,"Sigma":1.8863533596789235,"Taucorr":0.4348318667958714},"EnergyVariance":{"Mean":234.09261186264308,"Sigma":30.537196444292025,"Taucorr":0.10333589569974488},"Iteration":7},
{"Acceptance":[0.4545968882602546],"Energy":{"Mean":-653.2822580645162,"Sigma":1.418613870617769,"Taucorr":0.039646091778959947},"EnergyVariance":{"Mean":229.3477497398543,"Sigma":28.426606628967246,"Taucorr":0.027128548461538005},"Iteration":8},
{"Acceptance":[0.34667609618104667],"Energy":{"Mean":-666.7338709677418,"Sigma":1.172542928798401,"Taucorr":0.07721499598421788},"EnergyVariance":{"Mean":146.48562695109263,"Sigma":19.647735587414726,"Taucorr":0.017868315406133206},"Iteration":9},
{"Acceptance":[0.28536067892503536],"Energy":{"Mean":-674.8629032258063,"Sigma":1.5785371064571168,"Taucorr":0.22003894338266305},"EnergyVariance":{"Mean":212.82797866805407,"Sigma":24.66208026947615,"Taucorr":0.02455499103505332},"Iteration":10},
{"Acceptance":[0.22793493635077794],"Energy":{"Mean":-684.2499999999999,"Sigma":1.2990898385416396,"Taucorr":0.312121976999162},"EnergyVariance":{"Mean":127.80040322580648,"Sigma":16.036747278280266,"Taucorr":0.016904039892205014},"Iteration":11},
{"Acceptance":[0.191018387553041],"Energy":{"Mean":-693.491935483871,"Sigma":1.0344524726350772,"Taucorr":0.376251265358574},"EnergyVariance":{"Mean":75.10477367325706,"Sigma":8.747842485901087,"Taucorr":0.005688348215193373},"Iteration":12},
{"Acceptance":[0.1483026874115983],"Energy":{"Mean":-700.2822580645161,"Sigma":0.8156518218911062,"Taucorr":0.23240896290061142},"EnergyVariance":{"Mean":55.86387877211238,"Sigma":13.216843910166588,"Taucorr":0.015725840927588997},"Iteration":13},
{"Acceptance":[0.12616690240452616],"Energy":{"Mean":-706.9516129032256,"Sigma":0.6867035322770407,"Taucorr":0.16920806195035853},"EnergyVariance":{"Mean":43.33636836628512,"Sigma":5.407432947408724,"Taucorr":0.0198643949544427},"Iteration":14},
{"Acceptance":[0.09547383309759547],"Energy":{"Mean":-709.8790322580645,"Sigma":0.7014645746063597,"Taucorr":0.1581776285916786},"EnergyVariance":{"Mean":45.977302289282,"Sigma":6.303310131253029,"Taucorr":0.04832430702188284},"Iteration":15},
{"Acceptance":[0.06909476661951909],"Energy":{"Mean":-716.2741935483872,"Sigma":0.44726691513564293,"Taucorr":0.09391019603410333},"EnergyVariance":{"Mean":20.71514047866805,"Sigma":2.4344257598043586,"Taucorr":-0.050348884366531066},"Iteration":16},
{"Acceptance":[0.05431400282885431],"Energy":{"Mean":-717.951612903226,"Sigma":0.3692515233256578,"Taucorr":0.0720274539033452},"EnergyVariance":{"Mean":14.658949011446412,"Sigma":2.019389966874074,"Taucorr":-0.11286683641829104},"Iteration":17},
{"Acceptance":[0.04066478076379067],"Energy":{"Mean":-719.3548387096774,"Sigma":0.39054246006207893,"Taucorr":0.26503118900109657},"EnergyVariance":{"Mean":12.261186264308012,"Sigma":2.1021663074272023,"Taucorr":0.21352877510246915},"Iteration":18},
{"Acceptance":[0.03642149929278642],"Energy":{"Mean":-721.6451612903226,"Sigma":0.3290941856122835,"Taucorr":0.15528959357082983},"EnergyVariance":{"Mean":10.164412070759628,"Sigma":1.6695997476807694,"Taucorr":0.11927377008719253},"Iteration":19},
{"Acceptance":[0.032956152758132955],"Energy":{"Mean":-722.5645161290323,"Sigma":0.5301358800679449,"Taucorr":0.679884924792669},"EnergyVariance":{"Mean":14.649063475546306,"Sigma":5.836035307307177,"Taucorr":0.9771523068181003},"Iteration":20},
{"Acceptance":[0.02666195190947666],"Energy":{"Mean":-724.5322580645162,"Sigma":0.2881489719540162,"Taucorr":0.2770377261391179},"EnergyVariance":{"Mean":6.571540062434963,"Sigma":0.9445749199890404,"Taucorr":0.20731764487401338},"Iteration":21},
{"Acceptance":[0.02050919377652051],"Energy":{"Mean":-725.7258064516129,"Sigma":0.2965652022429627,"Taucorr":0.5771447443402669},"EnergyVariance":{"Mean":5.021592091571279,"Sigma":0.7436720493168167,"Taucorr":0.09009316727260785},"Iteration":22},
{"Acceptance":[0.017114568599717113],"Energy":{"Mean":-726.6370967741933,"Sigma":0.16992989923956217,"Taucorr":-0.08967346386763475},"EnergyVariance":{"Mean":4.32797866805411,"Sigma":0.7317458545679636,"Taucorr":0.14202828472204632},"Iteration":23},
{"Acceptance":[0.01760961810466761],"Energy":{"Mean":-727.1048387096776,"Sigma":0.22233311778023604,"Taucorr":0.08027558810750846},"EnergyVariance":{"Mean":5.239008844953173,"Sigma":1.6557026301309088,"Taucorr":0.40419583830975636},"Iteration":24},
{"Acceptance":[0.014073550212164073],"Energy":{"Mean":-727.8709677419355,"Sigma":0.21247105044486006,"Taucorr":0.2420595188430027},"EnergyVariance":{"Mean":3.7414151925078034,"Sigma":0.6022112826830694,"Taucorr":0.10740571642130436},"Iteration":25},
{"Acceptance":[0.008274398868458275],"Energy":{"Mean":-728.6612903225807,"Sigma":0.1544798709339214,"Taucorr":0.0913007022324902},"EnergyVariance":{"Mean":2.4820499479708635,"Sigma":0.5870140123393809,"Taucorr":-0.0465059271700311},"Iteration":26},
{"Acceptance":[0.005940594059405941],"Energy":{"Mean":-728.524193548387,"Sigma":0.24438721883477257,"Taucorr":0.7279052070877199},"EnergyVariance":{"Mean":2.991350156087409,"Sigma":0.925321625702976,"Taucorr":0.5849216709577685},"Iteration":27},
{"Acceptance":[0.004384724186704385],"Energy":{"Mean":-729.1048387096774,"Sigma":0.11923490050500848,"Taucorr":0.3769095297110415},"EnergyVariance":{"Mean":0.9970733610822059,"Sigma":0.27859672794109197,"Taucorr":0.25489400514444327},"Iteration":28},
{"Acceptance":[0.004314002828854314],"Energy":{"Mean":-728.9677419354838,"Sigma":0.20138697018075974,"Taucorr":0.49170976417047985},"EnergyVariance":{"Mean":2.5150884495317385,"Sigma":0.7146376343092519,"Taucorr":0.14315930956533318},"Iteration":29},
{"Acceptance":[0.005304101838755304],"Energy":{"Mean":-729.258064516129,"Sigma":0.12458742178770402,"Taucorr":0.7902601969057739},"EnergyVariance":{"Mean":0.7398543184183143,"Sigma":0.3056957724733132,"Taucorr":0.7743920706083389},"Iteration":30},
{"Acceptance":[0.006506364922206506],"Energy":{"Mean":-729.5322580645161,"Sigma":0.1780048988557633,"Taucorr":0.5745517142447525},"EnergyVariance":{"Mean":1.813475546305931,"Sigma":0.4522675882066851,"Taucorr":0.2973593327413847},"Iteration":31},
{"Acceptance":[0.00876944837340877],"Energy":{"Mean":-729.9112903225806,"Sigma":0.17411388062697863,"Taucorr":0.33756098986180316},"EnergyVariance":{"Mean":2.226001560874089,"Sigma":0.2437048947520941,"Taucorr":0.16728671445334597},"Iteration":32},
{"Acceptance":[0.009335219236209336],"Energy":{"Mean":-730.0725806451612,"Sigma":0.14208203577771272,"Taucorr":0.016004865522378342},"EnergyVariance":{"Mean":2.4060223725286165,"Sigma":0.21323734915429837,"Taucorr":-0.023559833787397677},"Iteration":33},
{"Acceptance":[0.017397454031117397],"Energy":{"Mean":-730.4677419354839,"Sigma":0.24200715784198654,"Taucorr":0.5662841740469753},"EnergyVariance":{"Mean":3.377991675338189,"Sigma":1.0002782170167985,"Taucorr":0.7301973433496285},"Iteration":34},
{"Acceptance":[0.011881188118811881],"Energy":{"Mean":-731.2096774193549,"Sigma":0.11540996012902482,"Taucorr":-0.13003172365172627},"EnergyVariance":{"Mean":2.214099895941727,"Sigma":0.1571669225637633,"Taucorr":-0.05984861836255234},"Iteration":35},
{"Acceptance":[0.010608203677510608],"Energy":{"Mean":-731.6370967741935,"Sigma":0.1470309700010102,"Taucorr":0.2025189869067633},"EnergyVariance":{"Mean":1.8924947970863686,"Sigma":0.3547659001969424,"Taucorr":0.39267488743290635},"Iteration":36},
{"Acceptance":[0.009476661951909477],"Energy":{"Mean":-732.2983870967743,"Sigma":0.09305114419130527,"Taucorr":0.20274654536094472},"EnergyVariance":{"Mean":0.7577393340270552,"Sigma":0.22527951382006361,"Taucorr":0.2696660520810227},"Iteration":37},
{"Acceptance":[0.011810466760961811],"Energy":{"Mean":-732.1693548387096,"Sigma":0.2206987610178466,"Taucorr":0.15924399215654117},"EnergyVariance":{"Mean":4.543899583766909,"Sigma":2.1270766599997675,"Taucorr":-0.004825654152221026},"Iteration":38},
{"Acceptance":[0.007425742574257425],"Energy":{"Mean":-732.7096774193549,"Sigma":0.04195615702177786,"Taucorr":-0.012704918032783064},"EnergyVariance":{"Mean":0.22216441207075965,"Sigma":0.025773247691231484,"Taucorr":-0.06630480077019252},"Iteration":39},
{"Acceptance":[0.005374823196605375],"Energy":{"Mean":-732.8145161290322,"Sigma":0.04010695032593154,"Taucorr":0.15479982780887025},"EnergyVariance":{"Mean":0.15107960457856398,"Sigma":0.025228565527597523,"Taucorr":0.15479982780886803},"Iteration":40},
{"Acceptance":[0.0036775106082036777],"Energy":{"Mean":-732.7177419354838,"Sigma":0.10089780806619617,"Taucorr":0.19865737716813725},"EnergyVariance":{"Mean":0.896136836628512,"Sigma":0.6231371225721446,"Taucorr":0.0034330186148231467},"Iteration":41},
{"Acceptance":[0.0024045261669024044],"Energy":{"Mean":-732.8870967741935,"Sigma":0.04613955816444316,"Taucorr":0.114499389499365},"EnergyVariance":{"Mean":0.21305931321540061,"Sigma":0.09727806791663413,"Taucorr":0.01380482485228307},"Iteration":42},
{"Acceptance":[0.0015558698727015559],"Energy":{"Mean":-732.9193548387096,"Sigma":0.03357525805590398,"Taucorr":0.2680115273774992},"EnergyVariance":{"Mean":0.09027055150884493,"Sigma":0.040703503231271074,"Taucorr":0.1911390499134158},"Iteration":43},
{"Acceptance":[0.0016973125884016972],"Energy":{"Mean":-732.9516129032259,"Sigma":0.04402369052889326,"Taucorr":0.3345628415301125},"EnergyVariance":{"Mean":0.14281997918834546,"Sigma":0.06954954780172254,"Taucorr":0.40228681215821427},"Iteration":44},
{"Acceptance":[0.0011315417256011315],"Energy":{"Mean":-732.9596774193548,"Sigma":0.03496690869141857,"Taucorr":0.36348020911132406},"EnergyVariance":{"Mean":0.08708376690946931,"Sigma":0.04209901483995454,"Taucorr":0.10534837051609336},"Iteration":45},
{"Acceptance":[0.0],"Energy":{"Mean":-733.0,"Sigma":0.0,"Taucorr":null},"EnergyVariance":{"Mean":0.0,"Sigma":0.0,"Taucorr":null},"Iteration":46},
{"Acceptance":[0.0005657708628005657],"Energy":{"Mean":-732.9516129032257,"Sigma":0.026989033114001543,"Taucorr":-0.025619834710766287},"EnergyVariance":{"Mean":0.09443288241415193,"Sigma":0.05136622431374282,"Taucorr":-0.025619834710743694},"Iteration":47},
{"Acceptance":[0.0008486562942008486],"Energy":{"Mean":-732.8951612903227,"Sigma":0.0673761244329228,"Taucorr":-0.01675109760213639},"EnergyVariance":{"Mean":0.5777185223725285,"Sigma":0.38931663466069155,"Taucorr":-0.013284439156772798},"Iteration":48},
{"Acceptance":[0.0007072135785007072],"Energy":{"Mean":-733.0,"Sigma":0.0,"Taucorr":null},"EnergyVariance":{"Mean":0.0,"Sigma":0.0,"Taucorr":null},"Iteration":49},
{"Acceptance":[0.0007072135785007072],"Energy":{"Mean":-732.6935483870968,"Sigma":0.23723023089150735,"Taucorr":1.0093023255813918},"EnergyVariance":{"Mean":2.29318418314256,"Sigma":1.6063548212345025,"Taucorr":0.71410218235246},"Iteration":50},
{"Acceptance":[0.0004243281471004243],"Energy":{"Mean":-732.9677419354839,"Sigma":0.03972678107938005,"Taucorr":0.004189189189214737},"EnergyVariance":{"Mean":0.19250780437044746,"Sigma":0.13260688064266138,"Taucorr":-0.01288783887128736},"Iteration":51},
{"Acceptance":[0.00014144271570014144],"Energy":{"Mean":-733.0,"Sigma":0.0,"Taucorr":null},"EnergyVariance":{"Mean":0.0,"Sigma":0.0,"Taucorr":null},"Iteration":52},
{"Acceptance":[0.00014144271570014144],"Energy":{"Mean":-732.9354838709677,"Sigma":0.06451612903225726,"Taucorr":0.5081967213114724},"EnergyVariance":{"Mean":0.2539021852237253,"Sigma":0.24973985431841125,"Taucorr":0.5081967213114753},"Iteration":53},
{"Acceptance":[0.0002828854314002829],"Energy":{"Mean":-732.983870967742,"Sigma":0.01612903225806486,"Taucorr":5.551115123125783e-15},"EnergyVariance":{"Mean":0.031997918834547355,"Sigma":0.03173777315296613,"Taucorr":0.0},"Iteration":54},
{"Acceptance":[0.0002828854314002829],"Energy":{"Mean":-732.9354838709676,"Sigma":0.06451612903225984,"Taucorr":1.84297022087776e-14},"EnergyVariance":{"Mean":0.5119667013527576,"Sigma":0.5078043704474288,"Taucorr":-2.220446049250313e-16},"Iteration":55},
{"Acceptance":[0.0010608203677510608],"Energy":{"Mean":-732.8225806451613,"Sigma":0.13969703604581563,"Taucorr":1.1518170426064962},"EnergyVariance":{"Mean":0.7265868886576483,"Sigma":0.4840122090302412,"Taucorr":1.3139360529555366},"Iteration":56},
{"Acceptance":[0.0002828854314002829],"Energy":{"Mean":-732.9516129032259,"Sigma":0.03558148840381719,"Taucorr":0.3245179063361253},"EnergyVariance":{"Mean":0.09443288241415193,"Sigma":0.06771960696210397,"Taucorr":0.324517906336088},"Iteration":57},
{"Acceptance":[0.0004950495049504951],"Energy":{"Mean":-732.983870967742,"Sigma":0.016129032258064762,"Taucorr":1.532107773982716e-14},"EnergyVariance":{"Mean":0.03199791883454735,"Sigma":0.03173777315296613,"Taucorr":-2.220446049250313e-16},"Iteration":58},
{"Acceptance":[0.00014144271570014144],"Energy":{"Mean":-733.0,"Sigma":0.0,"Taucorr":null},"EnergyVariance":{"Mean":0.0,"Sigma":0.0,"Taucorr":null},"Iteration":59},
{"Acceptance":[0.00014144271570014144],"Energy":{"Mean":-733.0,"Sigma":0.0,"Taucorr":null},"EnergyVariance":{"Mean":0.0,"Sigma":0.0,"Taucorr":null},"Iteration":60},
{"Acceptance":[0.0008486562942008486],"Energy":{"Mean":-732.9354838709675,"Sigma":0.04174896485659624,"Taucorr":0.11869369369369509},"EnergyVariance":{"Mean":0.17325702393340273,"Sigma":0.08089752732184058,"Taucorr":-0.017641425235870367},"Iteration":61},
{"Acceptance":[0.0007072135785007072],"Energy":{"Mean":-732.975806451613,"Sigma":0.048297407917160196,"Taucorr":0.3500192678228973},"EnergyVariance":{"Mean":0.16876951092611864,"Sigma":0.07754268884851369,"Taucorr":0.22866681702306668},"Iteration":62},
{"Acceptance":[0.0007072135785007072],"Energy":{"Mean":-732.9193548387094,"Sigma":0.046931511489879695,"Taucorr":0.11767497034396124},"EnergyVariance":{"Mean":0.21930280957336112,"Sigma":0.13740283185639512,"Taucorr":0.031811772127733784},"Iteration":63},
{"Acceptance":[0.0011315417256011315],"Energy":{"Mean":-732.9838709677421,"Sigma":0.02575599906882852,"Taucorr":0.007524271844774},"EnergyVariance":{"Mean":0.08038501560874088,"Sigma":0.07200501637484044,"Taucorr":-0.002888730204549994},"Iteration":64},
{"Acceptance":[0.0004243281471004243],"Energy":{"Mean":-733.016129032258,"Sigma":0.016129032258064682,"Taucorr":0.5081967213115453},"EnergyVariance":{"Mean":0.015868886576482825,"Sigma":0.015608740894901616,"Taucorr":0.5081967213114753},"Iteration":65},
{"Acceptance":[0.0004243281471004243],"Energy":{"Mean":-732.9435483870968,"Sigma":0.056451612903225666,"Taucorr":-4.107825191113079e-15},"EnergyVariance":{"Mean":0.3919745057232051,"Sigma":0.38878772112383525,"Taucorr":2.220446049250313e-16},"Iteration":66},
{"Acceptance":[0.00014144271570014144],"Energy":{"Mean":-733.0,"Sigma":0.0,"Taucorr":null},"EnergyVariance":{"Mean":0.0,"Sigma":0.0,"Taucorr":null},"Iteration":67},
{"Acceptance":[0.0005657708628005657],"Energy":{"Mean":-732.9032258064517,"Sigma":0.09677419354838689,"Taucorr":0.5081967213114693},"EnergyVariance":{"Mean":0.5712799167533817,"Sigma":0.5619146722164581,"Taucorr":0.5081967213114755},"Iteration":68},
{"Acceptance":[0.0005657708628005657],"Energy":{"Mean":-733.0241935483872,"Sigma":0.017790744201909486,"Taucorr":0.32451790633621747},"EnergyVariance":{"Mean":0.02360822060353798,"Sigma":0.016929901740521947,"Taucorr":0.324517906336088},"Iteration":69},
{"Acceptance":[0.0002828854314002829],"Energy":{"Mean":-733.0,"Sigma":0.02318694478800935,"Taucorr":0.18333333333338953},"EnergyVariance":{"Mean":0.04838709677419356,"Sigma":0.03558148840381569,"Taucorr":0.04517304189435356},"Iteration":70},
{"Acceptance":[0.0007072135785007072],"Energy":{"Mean":-732.9677419354839,"Sigma":0.032258064516129566,"Taucorr":1.4210854715202004e-14},"EnergyVariance":{"Mean":0.12799167533818942,"Sigma":0.12695109261186455,"Taucorr":0.0},"Iteration":71},
{"Acceptance":[0.0005657708628005657],"Energy":{"Mean":-732.9677419354838,"Sigma":0.032258064516130044,"Taucorr":0.30392156862747344},"EnergyVariance":{"Mean":0.07960457856399582,"Sigma":0.07856399583766363,"Taucorr":0.106076971252141},"Iteration":72},
{"Acceptance":[0.00014144271570014144],"Energy":{"Mean":-732.8548387096774,"Sigma":0.10674446521144829,"Taucorr":0.3245179063361011},"EnergyVariance":{"Mean":0.8498959417273674,"Sigma":0.6094764626589114,"Taucorr":0.32451790633608824},"Iteration":73},
{"Acceptance":[0.0007072135785007072],"Energy":{"Mean":-732.9838709677421,"Sigma":0.05904195231524118,"Taucorr":0.1046221570066822},"EnergyVariance":{"Mean":0.35457856399583765,"Sigma":0.29397106620432695,"Taucorr":0.007112704885160692},"Iteration":74},
{"Acceptance":[0.0009900990099009901],"Energy":{"Mean":-732.9919354838709,"Sigma":0.03376840590847833,"Taucorr":0.011770289511171428},"EnergyVariance":{"Mean":0.13703173777315295,"Sigma":0.06116436590051554,"Taucorr":-0.044591818312332776},"Iteration":75},
{"Acceptance":[0.0004243281471004243],"Energy":{"Mean":-732.9919354838709,"Sigma":0.00806451612903346,"Taucorr":1.2723155862204294e-13},"EnergyVariance":{"Mean":0.007999479708636839,"Sigma":0.007934443288239699,"Taucorr":-2.220446049250313e-16},"Iteration":76},
{"Acceptance":[0.0004243281471004243],"Energy":{"Mean":-733.0322580645162,"Sigma":0.02524592877822311,"Taucorr":-0.007598039215699792},"EnergyVariance":{"Mean":0.07960457856399583,"Sigma":0.07116884104734682,"Taucorr":-0.0026519242813038413},"Iteration":77},
{"Acceptance":[0.0002828854314002829],"Energy":{"Mean":-733.0322580645162,"Sigma":0.03225806451613096,"Taucorr":0.5081967213115586},"EnergyVariance":{"Mean":0.06347554630593132,"Sigma":0.06243496357959914,"Taucorr":0.5081967213114749},"Iteration":78},
{"Acceptance":[0.0004243281471004243],"Energy":{"Mean":-733.0,"Sigma":0.0,"Taucorr":null},"EnergyVariance":{"Mean":0.0,"Sigma":0.0,"Taucorr":null},"Iteration":79},
{"Acceptance":[0.0004243281471004243],"Energy":{"Mean":-732.9919354838709,"Sigma":0.024549354960928207,"Taucorr":0.011121076233226113},"EnergyVariance":{"Mean":0.0725156087408949,"Sigma":0.04517479260232914,"Taucorr":-0.018464202108139982},"Iteration":80},
{"Acceptance":[0.0008486562942008486],"Energy":{"Mean":-732.9919354838709,"Sigma":0.052471024989094416,"Taucorr":0.34010971281056845},"EnergyVariance":{"Mean":0.20154786680541106,"Sigma":0.0972895867690727,"Taucorr":0.2850964501036044},"Iteration":81},
{"Acceptance":[0.00014144271570014144],"Energy":{"Mean":-733.0483870967741,"Sigma":0.03558148840381524,"Taucorr":0.3245179063360729},"EnergyVariance":{"Mean":0.0944328824141519,"Sigma":0.06771960696210398,"Taucorr":0.32451790633608824},"Iteration":82},
{"Acceptance":[0.0002828854314002829],"Energy":{"Mean":-732.9193548387096,"Sigma":0.05606627315756409,"Taucorr":-0.012704918032799828},"EnergyVariance":{"Mean":0.39672216441207087,"Sigma":0.27128841850434265,"Taucorr":-0.012704918032786783},"Iteration":83},
{"Acceptance":[0.0002828854314002829],"Energy":{"Mean":-732.9435483870969,"Sigma":0.056451612903224146,"Taucorr":-2.2870594307278225e-14},"EnergyVariance":{"Mean":0.39197450572320514,"Sigma":0.3887877211238479,"Taucorr":-1.1102230246251565e-16},"Iteration":84},
{"Acceptance":[0.00014144271570014144],"Energy":{"Mean":-733.0,"Sigma":0.0,"Taucorr":null},"EnergyVariance":{"Mean":0.0,"Sigma":0.0,"Taucorr":null},"Iteration":85},
{"Acceptance":[0.0002828854314002829],"Energy":{"Mean":-733.008064516129,"Sigma":0.008064516129032275,"Taucorr":-5.10702591327572e-15},"EnergyVariance":{"Mean":0.007999479708636837,"Sigma":0.007934443288241532,"Taucorr":-2.220446049250313e-16},"Iteration":86},
{"Acceptance":[0.0009900990099009901],"Energy":{"Mean":-732.5967741935484,"Sigma":0.18428786918972673,"Taucorr":0.45981171548118016},"EnergyVariance":{"Mean":2.176118626430801,"Sigma":0.9683305808224579,"Taucorr":0.6167446369506411},"Iteration":87},
{"Acceptance":[0.0002828854314002829],"Energy":{"Mean":-733.0,"Sigma":0.0,"Taucorr":null},"EnergyVariance":{"Mean":0.0,"Sigma":0.0,"Taucorr":null},"Iteration":88},
{"Acceptance":[0.00014144271570014144],"Energy":{"Mean":-732.9758064516128,"Sigma":0.024193548387096905,"Taucorr":-3.552713678800501e-15},"EnergyVariance":{"Mean":0.07199531737773154,"Sigma":0.07140998959416829,"Taucorr":-2.220446049250313e-16},"Iteration":89},
{"Acceptance":[0.0],"Energy":{"Mean":-733.0,"Sigma":0.0,"Taucorr":null},"EnergyVariance":{"Mean":0.0,"Sigma":0.0,"Taucorr":null},"Iteration":90},
{"Acceptance":[0.0011315417256011315],"Energy":{"Mean":-732.9032258064517,"Sigma":0.06421299753998277,"Taucorr":0.0532207718501837},"EnergyVariance":{"Mean":0.45837669094693045,"Sigma":0.3865101685875913,"Taucorr":0.0014701583559737497},"Iteration":91},
{"Acceptance":[0.00014144271570014144],"Energy":{"Mean":-732.9758064516129,"Sigma":0.024193548387097558,"Taucorr":3.3084646133829665e-14},"EnergyVariance":{"Mean":0.07199531737773153,"Sigma":0.0714099895941738,"Taucorr":0.0},"Iteration":92},
{"Acceptance":[0.0007072135785007072],"Energy":{"Mean":-732.9596774193548,"Sigma":0.038619967733479865,"Taucorr":-0.0010965688008353625},"EnergyVariance":{"Mean":0.18385796045785646,"Sigma":0.10209417190813343,"Taucorr":-0.025309276973001338},"Iteration":93},
{"Acceptance":[0.0002828854314002829],"Energy":{"Mean":-732.9919354838709,"Sigma":0.008064516129032756,"Taucorr":4.0190073491430667e-14},"EnergyVariance":{"Mean":0.007999479708636837,"Sigma":0.007934443288239699,"Taucorr":-2.220446049250313e-16},"Iteration":94},
{"Acceptance":[0.0004243281471004243],"Energy":{"Mean":-732.9354838709677,"Sigma":0.0504918575564481,"Taucorr":-0.007598039215663321},"EnergyVariance":{"Mean":0.3184183142559833,"Sigma":0.28467536418939854,"Taucorr":-0.0026519242813039523},"Iteration":95},
{"Acceptance":[0.0],"Energy":{"Mean":-733.0,"Sigma":0.0,"Taucorr":null},"EnergyVariance":{"Mean":0.0,"Sigma":0.0,"Taucorr":null},"Iteration":96},
{"Acceptance":[0.0005657708628005657],"Energy":{"Mean":-733.0322580645163,"Sigma":0.08339401190103743,"Taucorr":0.44924942263279133},"EnergyVariance":{"Mean":0.4505723204994798,"Sigma":0.3152192856116043,"Taucorr":0.05153360634971249},"Iteration":97},
{"Acceptance":[0.001272984441301273],"Energy":{"Mean":-732.8387096774194,"Sigma":0.1339778042406141,"Taucorr":0.7584519572953761},"EnergyVariance":{"Mean":0.8772112382934442,"Sigma":0.4950823984202597,"Taucorr":0.4788582897367868},"Iteration":98},
{"Acceptance":[0.0004243281471004243],"Energy":{"Mean":-733.0241935483871,"Sigma":0.017790744201907887,"Taucorr":-0.010147299508990015},"EnergyVariance":{"Mean":0.039737252861602505,"Sigma":0.032150136799683995,"Taucorr":-0.005821639123296307},"Iteration":99} 
]}