{"Output": [
{"Acceptance":[0.8785714285714286],"Energy":{"Mean":-21.701612903225804,"Sigma":0.229954224885818,"Taucorr":-0.10618093895456426},"EnergyVariance":{"Mean":8.257739334027056,"Sigma":0.9065091157879746,"Taucorr":0.07403374012384867},"Iteration":0},
{"Acceptance":[0.8454887218045113],"Energy":{"Mean":-22.16935483870968,"Sigma":0.2749357443929738,"Taucorr":-0.07408879381744227},"EnergyVariance":{"Mean":10.914867325702392,"Sigma":1.2335560990031498,"Taucorr":0.03312615912645456},"Iteration":1},
{"Acceptance":[0.8045112781954887],"Energy":{"Mean":-23.000000000000004,"Sigma":0.23816051332562851,"Taucorr":-0.061308316430020326},"EnergyVariance":{"Mean":7.951612903225808,"Sigma":0.7761065075968853,"Taucorr":-0.11713902384594943},"Iteration":2},
{"Acceptance":[0.7522556390977444],"Energy":{"Mean":-23.225806451612907,"Sigma":0.2234128124633996,"Taucorr":-0.1805857831194842},"EnergyVariance":{"Mean":9.610301768990633,"Sigma":1.1758400517005445,"Taucorr":0.03533104231473316},"Iteration":3},
{"Acceptance":[0.706766917293233],"Energy":{"Mean":-23.76612903225806,"Sigma":0.2772598941559851,"Taucorr":0.07014564820116187},"EnergyVariance":{"Mean":8.292078563995839,"Sigma":0.9665960694646837,"Taucorr":-0.008707005896488706},"Iteration":4},
{"Acceptance":[0.6778195488721804],"Energy":{"Mean":-24.41935483870968,"Sigma":0.2737108337902719,"Taucorr":0.008205882352941507},"EnergyVariance":{"Mean":9.066077003121748,"Sigma":1.1774083477395312,"Taucorr":-0.0348203525786237},"Iteration":5},
{"Acceptance":[0.6289473684210526],"Energy":{"Mean":-24.83870967741935,"Sigma":0.3105554309379409,"Taucorr":0.10149052920381962},"EnergyVariance":{"Mean":9.861082206035377,"Sigma":1.1373090430176285,"Taucorr":-0.03074357320596638},"Iteration":6},
{"Acceptance":[0.5699248120300752],"Energy":{"Mean":-25.57258064516129,"Sigma":0.36204198881474,"Taucorr":0.5607277644179336},"EnergyVariance":{"Mean":7.599570759625391,"Sigma":1.1367430729217887,"Taucorr":0.4029613925130029},"Iteration":7},
{"Acceptance":[0.5620300751879699],"Energy":{"Mean":-25.975806451612907,"Sigma":0.31072989833461895,"Taucorr":0.3283170185163342},"EnergyVariance":{"Mean":7.168769510926119,"Sigma":1.1418904656789568,"Taucorr":0.17412964080772042},"Iteration":8},
{"Acceptance":[0.4988721804511278],"Energy":{"Mean":-26.37903225806452,"Sigma":0.28957490343000497,"Taucorr":0.15172972128843487},"EnergyVariance":{"Mean":7.912786160249741,"Sigma":0.9976056634128703,"Taucorr":0.14287818522029316},"Iteration":9},
{"Acceptance":[0.468796992481203],"Energy":{"Mean":-26.879032258064516,"Sigma":0.31852967142515476,"Taucorr":0.3510284817144016},"EnergyVariance":{"Mean":7.332140998959419,"Sigma":0.9144944952339664,"Taucorr":0.10584335668732481},"Iteration":10},
{"Acceptance":[0.4319548872180451],"Energy":{"Mean":-27.104838709677416,"Sigma":0.26304007257071893,"Taucorr":0.057976786430040006},"EnergyVariance":{"Mean":7.626105619146721,"Sigma":1.0003888987948935,"Taucorr":-0.021962581256322777},"Iteration":11},
{"Acceptance":[0.3699248120300752],"Energy":{"Mean":-27.79032258064516,"Sigma":0.20871366601363991,"Taucorr":-0.07110595143892423},"EnergyVariance":{"Mean":6.246357960457855,"Sigma":1.097502063751568,"Taucorr":0.08415447856148162},"Iteration":12},
{"Acceptance":[0.3612781954887218],"Energy":{"Mean":-27.870967741935488,"Sigma":0.288412173262059,"Taucorr":0.38851549792156104},"EnergyVariance":{"Mean":5.7575442247658675,"Sigma":0.7309585841546282,"Taucorr":0.08016755842828827},"Iteration":13},
{"Acceptance":[0.33157894736842103],"Energy":{"Mean":-28.330645161290327,"Sigma":0.1548443099345662,"Taucorr":-0.05559693447539199},"EnergyVariance":{"Mean":3.3180931321540066,"Sigma":0.33577052939128904,"Taucorr":-0.12878500305016694},"Iteration":14},
{"Acceptance":[0.3131578947368421],"Energy":{"Mean":-28.346774193548388,"Sigma":0.24693753818070496,"Taucorr":0.3016349001126074},"EnergyVariance":{"Mean":4.67813475546306,"Sigma":0.7242541680111371,"Taucorr":0.07494049209374842},"Iteration":15},
{"Acceptance":[0.281203007518797],"Energy":{"Mean":-29.056451612903224,"Sigma":0.2419981997565209,"Taucorr":0.43313394105851855},"EnergyVariance":{"Mean":3.859716441207076,"Sigma":0.7578306666145569,"Taucorr":0.33800095921641626},"Iteration":16},
{"Acceptance":[0.28909774436090224],"Energy":{"Mean":-29.04032258064516,"Sigma":0.24541406041121602,"Taucorr":0.3461690463101911},"EnergyVariance":{"Mean":4.377406347554629,"Sigma":0.9625595866174124,"Taucorr":0.3482543931116431},"Iteration":17},
{"Acceptance":[0.23909774436090225],"Energy":{"Mean":-29.048387096774196,"Sigma":0.25358169635372546,"Taucorr":0.45458555729984285},"EnergyVariance":{"Mean":4.142819979188346,"Sigma":0.5872767490989386,"Taucorr":-0.013477611441709614},"Iteration":18},
{"Acceptance":[0.20676691729323307],"Energy":{"Mean":-29.798387096774196,"Sigma":0.21640369323572814,"Taucorr":0.3884718014565738},"EnergyVariance":{"Mean":3.241610301768991,"Sigma":0.5356743917223957,"Taucorr":0.06745083489490611},"Iteration":19},
{"Acceptance":[0.14285714285714285],"Energy":{"Mean":-30.725806451612904,"Sigma":0.183804930605089,"Taucorr":0.6168787582156343},"EnergyVariance":{"Mean":1.860301768990635,"Sigma":0.3852898827146266,"Taucorr":0.24503483397075654},"Iteration":20},
{"Acceptance":[0.1443609022556391],"Energy":{"Mean":-30.35483870967742,"Sigma":0.262272480393116,"Taucorr":0.7419142355277226},"EnergyVariance":{"Mean":3.4063475546305937,"Sigma":0.6399188354407802,"Taucorr":0.5389490312900582},"Iteration":21},
{"Acceptance":[0.18571428571428572],"Energy":{"Mean":-30.443548387096776,"Sigma":0.17836988775418397,"Taucorr":0.44552940067255487},"EnergyVariance":{"Mean":2.0693938605619144,"Sigma":0.3671563875098645,"Taucorr":0.10663978997109058},"Iteration":22},
{"Acceptance":[0.21052631578947367],"Energy":{"Mean":-29.943548387096772,"Sigma":0.16948279856073287,"Taucorr":0.1962779728794466},"EnergyVariance":{"Mean":2.5371357960457854,"Sigma":0.30968792968265946,"Taucorr":0.03673136153998735},"Iteration":23},
{"Acceptance":[0.09022556390977443],"Energy":{"Mean":-30.951612903225804,"Sigma":0.1308673273616998,"Taucorr":0.010754383751734431},"EnergyVariance":{"Mean":2.062174817898023,"Sigma":0.32785763000356927,"Taucorr":-0.09098636011156552},"Iteration":24},
{"Acceptance":[0.11992481203007518],"Energy":{"Mean":-30.403225806451612,"Sigma":0.2026960153640608,"Taucorr":0.5885240390003361},"EnergyVariance":{"Mean":2.3212799167533813,"Sigma":0.32275671294066804,"Taucorr":0.08004410130629191},"Iteration":25},
{"Acceptance":[0.060526315789473685],"Energy":{"Mean":-31.322580645161295,"Sigma":0.10825693028741828,"Taucorr":0.07624272046588998},"EnergyVariance":{"Mean":1.250780437044745,"Sigma":0.2763950356362895,"Taucorr":0.03462170952316579},"Iteration":26},
{"Acceptance":[0.07781954887218046],"Energy":{"Mean":-31.040322580645153,"Sigma":0.1489645146970168,"Taucorr":0.47931581649320787},"EnergyVariance":{"Mean":1.3935353798126946,"Sigma":0.1909042472054654,"Taucorr":0.2291867509930251},"Iteration":27},
{"Acceptance":[0.061654135338345864],"Energy":{"Mean":-31.387096774193548,"Sigma":0.0933535234095984,"Taucorr":0.09648233931673222},"EnergyVariance":{"Mean":0.8985431841831425,"Sigma":0.15950235867979184,"Taucorr":-0.07401219935264342},"Iteration":28},
{"Acceptance":[0.04736842105263158],"Energy":{"Mean":-31.39516129032258,"Sigma":0.12035688057913517,"Taucorr":0.5263055368247547},"EnergyVariance":{"Mean":0.8680411030176899,"Sigma":0.27745138208531706,"Taucorr":0.7753769908360213},"Iteration":29},
{"Acceptance":[0.04473684210526316],"Energy":{"Mean":-31.451612903225808,"Sigma":0.12879682823032618,"Taucorr":0.685504836759371},"EnergyVariance":{"Mean":0.8605619146722164,"Sigma":0.1952652399989757,"Taucorr":0.42762868812432586},"Iteration":30},
{"Acceptance":[0.039097744360902256],"Energy":{"Mean":-31.54032258064516,"Sigma":0.0963701241696107,"Taucorr":0.39880257906048555},"EnergyVariance":{"Mean":0.6354708636836628,"Sigma":0.17836120531879884,"Taucorr":0.12601886179829347},"Iteration":31},
{"Acceptance":[0.03308270676691729],"Energy":{"Mean":-31.467741935483872,"Sigma":0.11461830970606378,"Taucorr":0.2896643783371481},"EnergyVariance":{"Mean":1.02315296566077,"Sigma":0.33220446676080156,"Taucorr":0.39162834106957767},"Iteration":32},
{"Acceptance":[0.03609022556390978],"Energy":{"Mean":-31.62903225806451,"Sigma":0.08021390065186348,"Taucorr":0.27965146078933834},"EnergyVariance":{"Mean":0.5075442247658689,"Sigma":0.11219473328251348,"Taucorr":0.15907322711155725},"Iteration":33},
{"Acceptance":[0.02857142857142857],"Energy":{"Mean":-31.572580645161292,"Sigma":0.10053188414353181,"Taucorr":0.23862740551820139},"EnergyVariance":{"Mean":0.8415062434963579,"Sigma":0.23699064797741434,"Taucorr":0.004843646284880654},"Iteration":34},
{"Acceptance":[0.021052631578947368],"Energy":{"Mean":-31.74193548387097,"Sigma":0.0863568731409086,"Taucorr":0.7433004231311697},"EnergyVariance":{"Mean":0.3688865764828304,"Sigma":0.15196225413371678,"Taucorr":0.4931843390338133},"Iteration":35},
{"Acceptance":[0.02481203007518797],"Energy":{"Mean":-31.685483870967744,"Sigma":0.07774349706190552,"Taucorr":0.019440152685631817},"EnergyVariance":{"Mean":0.715595733610822,"Sigma":0.23189598222497673,"Taucorr":-0.03990495915680897},"Iteration":36},
{"Acceptance":[0.02330827067669173],"Energy":{"Mean":-31.61290322580645,"Sigma":0.09478236933780224,"Taucorr":0.45925925925925914},"EnergyVariance":{"Mean":0.5759625390218522,"Sigma":0.1799721342724492,"Taucorr":0.43468326360571374},"Iteration":37},
{"Acceptance":[0.014285714285714285],"Energy":{"Mean":-31.870967741935484,"Sigma":0.056643299746520104,"Taucorr":0.11268174474959602},"EnergyVariance":{"Mean":0.322060353798127,"Sigma":0.19600481255591987,"Taucorr":-0.003219514907747578},"Iteration":38},
{"Acceptance":[0.015789473684210527],"Energy":{"Mean":-31.733870967741936,"Sigma":0.07507655937510187,"Taucorr":0.14912921690415348},"EnergyVariance":{"Mean":0.5340140478668054,"Sigma":0.1940978641923443,"Taucorr":0.07863681734099837},"Iteration":39} 
]}