{"Output": [
{"Acceptance":[0.9305835010060363],"Energy":{"Mean":-304.05645161290323,"Sigma":0.9381912990598616,"Taucorr":-0.10975631483326598},"EnergyVariance":{"Mean":138.71455515088448,"Sigma":17.980785529630108,"Taucorr":-0.11821269454591427},"Iteration":0},
{"Acceptance":[0.9141851106639839],"Energy":{"Mean":-302.43548387096774,"Sigma":1.032663310910679,"Taucorr":0.07010944167671129},"EnergyVariance":{"Mean":115.03616024973988,"Sigma":17.5366827409176,"Taucorr":-0.06755787749595232},"Iteration":1},
{"Acceptance":[0.8945674044265594],"Energy":{"Mean":-304.43548387096786,"Sigma":0.7745938705145023,"Taucorr":-0.23537079877986306},"EnergyVariance":{"Mean":139.4393860561915,"Sigma":15.792046974602188,"Taucorr":-0.012629861669814724},"Iteration":2},
{"Acceptance":[0.8805835010060362],"Energy":{"Mean":-305.64516129032256,"Sigma":0.8457495080197477,"Taucorr":-0.05939838506274142},"EnergyVariance":{"Mean":99.84183142559836,"Sigma":10.09132046409274,"Taucorr":-0.12687745253499005},"Iteration":3},
{"Acceptance":[0.8635814889336016],"Energy":{"Mean":-304.8629032258064,"Sigma":0.6704033761733296,"Taucorr":-0.3265351468832589},"EnergyVariance":{"Mean":159.3441077003122,"Sigma":28.12999611149947,"Taucorr":0.32946078182850336},"Iteration":4},
{"Acceptance":[0.8379275653923541],"Energy":{"Mean":-306.0403225806452,"Sigma":0.9489734673280803,"Taucorr":-0.0682601220922488},"EnergyVariance":{"Mean":128.2806321540062,"Sigma":15.08832123642485,"Taucorr":0.04383404265220603},"Iteration":5},
{"Acceptance":[0.8267605633802817],"Energy":{"Mean":-305.7177419354838,"Sigma":1.019154056719826,"Taucorr":-0.047248887362605185},"EnergyVariance":{"Mean":141.0896852237253,"Sigma":20.92829654357519,"Taucorr":-0.030742408169068702},"Iteration":6},
{"Acceptance":[0.7953722334004024],"Energy":{"Mean":-308.05645161290323,"Sigma":1.291707925672261,"Taucorr":0.23529864090809283},"EnergyVariance":{"Mean":139.55326482830384,"Sigma":19.132938825945622,"Taucorr":0.052815543720978186},"Iteration":7},
{"Acceptance":[0.7152917505030181],"Energy":{"Mean":-310.7258064516129,"Sigma":1.3353322468599287,"Taucorr":0.32961877424420993},"EnergyVariance":{"Mean":132.18288241415195,"Sigma":15.901111703251773,"Taucorr":-0.04455391556669913},"Iteration":8},
{"Acceptance":[0.60261569416499],"Energy":{"Mean":-315.66935483870964,"Sigma":1.0699579868632445,"Taucorr":0.08142283616599111},"EnergyVariance":{"Mean":121.09228668054114,"Sigma":13.968738303604933,"Taucorr":0.04452113004666891},"Iteration":9},
{"Acceptance":[0.47565392354124747],"Energy":{"Mean":-323.6612903225806,"Sigma":1.2987042957224941,"Taucorr":0.10970799074573856},"EnergyVariance":{"Mean":170.12721123829343,"Sigma":24.480544506856802,"Taucorr":0.12522126962367175},"Iteration":10},
{"Acceptance":[0.37193158953722333],"Energy":{"Mean":-332.0,"Sigma":0.7612948787908155,"Taucorr":-0.007488299531978715},"EnergyVariance":{"Mean":72.37096774193547,"Sigma":8.930826393806422,"Taucorr":0.051287615579580725},"Iteration":11},
{"Acceptance":[0.3107645875251509],"Energy":{"Mean":-338.516129032258,"Sigma":1.1726002424003164,"Taucorr":0.3993664021603198},"EnergyVariance":{"Mean":94.02393340270551,"Sigma":16.52703932729291,"Taucorr":0.003796782660252962},"Iteration":12},
{"Acceptance":[0.23148893360160966],"Energy":{"Mean":-344.48387096774195,"Sigma":1.3286511615628998,"Taucorr":0.46997731540878795},"EnergyVariance":{"Mean":111.92715920915715,"Sigma":12.48440704419371,"Taucorr":0.05835190683463953},"Iteration":13},
{"Acceptance":[0.18893360160965794],"Energy":{"Mean":-349.85483870967744,"Sigma":1.1582322339388587,"Taucorr":0.3527101331203839},"EnergyVariance":{"Mean":96.753121748179,"Sigma":11.715463423304962,"Taucorr":0.00818768532751335},"Iteration":14},
{"Acceptance":[0.14698189134808853],"Energy":{"Mean":-355.87096774193543,"Sigma":0.7626946224158712,"Taucorr":0.14050087562411495},"EnergyVariance":{"Mean":55.854318418314264,"Sigma":8.404417313547144,"Taucorr":0.2649406524996415},"Iteration":15},
{"Acceptance":[0.11016096579476861],"Energy":{"Mean":-361.1693548387097,"Sigma":0.859199669545484,"Taucorr":0.3611465219584945},"EnergyVariance":{"Mean":52.72131893860563,"Sigma":7.03003393139812,"Taucorr":0.03682031286642817},"Iteration":16},
{"Acceptance":[0.0806841046277666],"Energy":{"Mean":-363.5725806451613,"Sigma":0.8034028392376018,"Taucorr":0.4773450097436862},"EnergyVariance":{"Mean":40.61569979188346,"Sigma":10.017057948182728,"Taucorr":0.47582719753194413},"Iteration":17},
{"Acceptance":[0.06841046277665996],"Energy":{"Mean":-365.37096774193543,"Sigma":0.5255400406951976,"Taucorr":0.2075204529446718},"EnergyVariance":{"Mean":24.007544224765873,"Sigma":5.116110515597488,"Taucorr":-0.0566638165558398},"Iteration":18},
{"Acceptance":[0.05824949698189135],"Energy":{"Mean":-366.0967741935483,"Sigma":0.5624539908728262,"Taucorr":0.4843647994103406},"EnergyVariance":{"Mean":19.76482830385016,"Sigma":2.9018173633722397,"Taucorr":0.16398738519939082},"Iteration":19},
{"Acceptance":[0.05],"Energy":{"Mean":-367.5725806451613,"Sigma":0.4156213039915052,"Taucorr":0.3687481053253001},"EnergyVariance":{"Mean":12.228603017689906,"Sigma":2.3436681850110106,"Taucorr":0.09690413909022444},"Iteration":20},
{"Acceptance":[0.04818913480885312],"Energy":{"Mean":-368.6370967741936,"Sigma":0.3284941836929276,"Taucorr":0.4260020872090362},"EnergyVariance":{"Mean":7.166688345473466,"Sigma":1.9806073358873741,"Taucorr":0.46434429620843676},"Iteration":21},
{"Acceptance":[0.05020120724346076],"Energy":{"Mean":-368.69354838709677,"Sigma":0.2970983503162992,"Taucorr":0.22041947177628463},"EnergyVariance":{"Mean":7.535119667013527,"Sigma":1.3017140559683977,"Taucorr":-0.004958846120440452},"Iteration":22},
{"Acceptance":[0.056841046277665994],"Energy":{"Mean":-368.8064516129031,"Sigma":0.40902284511404086,"Taucorr":0.4773797756141045},"EnergyVariance":{"Mean":10.527055150884499,"Sigma":2.5466053045117856,"Taucorr":0.07149098203383908},"Iteration":23},
{"Acceptance":[0.06086519114688129],"Energy":{"Mean":-370.3387096774194,"Sigma":0.2920423971045222,"Taucorr":0.20104568686763225},"EnergyVariance":{"Mean":7.482049947970864,"Sigma":1.0958831411519874,"Taucorr":-0.08675032528469295},"Iteration":24},
{"Acceptance":[0.05835010060362173],"Energy":{"Mean":-370.3709677419355,"Sigma":0.26152750419255144,"Taucorr":0.03281625860875936},"EnergyVariance":{"Mean":7.894640998959418,"Sigma":1.426170635636946,"Taucorr":0.08705487161801129},"Iteration":25},
{"Acceptance":[0.05040241448692153],"Energy":{"Mean":-371.741935483871,"Sigma":0.22042355091219012,"Taucorr":0.1715475912067298},"EnergyVariance":{"Mean":4.449531737773153,"Sigma":0.5523582863429711,"Taucorr":0.1367131128916248},"Iteration":26},
{"Acceptance":[0.053621730382293765],"Energy":{"Mean":-372.08064516129036,"Sigma":0.21514782889004944,"Taucorr":0.08521311300070211},"EnergyVariance":{"Mean":4.864464099895941,"Sigma":0.7004282579454231,"Taucorr":0.06438982874380828},"Iteration":27},
{"Acceptance":[0.039738430583501],"Energy":{"Mean":-373.016129032258,"Sigma":0.20801658195863615,"Taucorr":0.04098577397006997},"EnergyVariance":{"Mean":4.919094693028097,"Sigma":0.3840027550859767,"Taucorr":-0.08845110330743244},"Iteration":28},
{"Acceptance":[0.031388329979879274],"Energy":{"Mean":-373.36290322580646,"Sigma":0.24369432357717988,"Taucorr":0.09537652534376584},"EnergyVariance":{"Mean":6.1344302809573366,"Sigma":0.6600297248076648,"Taucorr":0.03727061658681574},"Iteration":29},
{"Acceptance":[0.02635814889336016],"Energy":{"Mean":-374.5403225806451,"Sigma":0.1891182049833433,"Taucorr":0.15754641780888123},"EnergyVariance":{"Mean":3.345148283038501,"Sigma":0.562054877462583,"Taucorr":0.22430112427512905},"Iteration":30},
{"Acceptance":[0.024748490945674044],"Energy":{"Mean":-374.7580645161291,"Sigma":0.2213363223765843,"Taucorr":0.1710397473781814},"EnergyVariance":{"Mean":4.489854318418314,"Sigma":0.7566720917679568,"Taucorr":0.0241226103690918},"Iteration":31},
{"Acceptance":[0.018913480885311872],"Energy":{"Mean":-375.46774193548384,"Sigma":0.17302725851348347,"Taucorr":0.4638601389077929},"EnergyVariance":{"Mean":1.9102497398543183,"Sigma":0.527043132171051,"Taucorr":0.3615058922489107},"Iteration":32},
{"Acceptance":[0.015492957746478873],"Energy":{"Mean":-375.5403225806451,"Sigma":0.15340962375425862,"Taucorr":0.2515720509270202},"EnergyVariance":{"Mean":1.9257934443288234,"Sigma":0.5760314488301195,"Taucorr":0.2924108858162804},"Iteration":33},
{"Acceptance":[0.01187122736418511],"Energy":{"Mean":-375.5967741935484,"Sigma":0.17339022252746467,"Taucorr":0.6827841570976947},"EnergyVariance":{"Mean":1.5632154006243495,"Sigma":0.5077813584057052,"Taucorr":0.22362999634541325},"Iteration":34},
{"Acceptance":[0.012474849094567404],"Energy":{"Mean":-375.9193548387097,"Sigma":0.13339402018151872,"Taucorr":0.19519087754090525},"EnergyVariance":{"Mean":1.574141519250781,"Sigma":0.36908646880271423,"Taucorr":-0.029502535854413037},"Iteration":35},
{"Acceptance":[0.013078470824949699],"Energy":{"Mean":-375.98387096774206,"Sigma":0.1520184464042886,"Taucorr":0.1294792026731274},"EnergyVariance":{"Mean":2.25780437044745,"Sigma":0.8923345148123053,"Taucorr":0.30472986265248936},"Iteration":36},
{"Acceptance":[0.014084507042253521],"Energy":{"Mean":-376.27419354838713,"Sigma":0.19789036510341348,"Taucorr":0.38701734214811645},"EnergyVariance":{"Mean":2.715140478668054,"Sigma":0.6814377894719432,"Taucorr":0.6615457117837988},"Iteration":37},
{"Acceptance":[0.013782696177062374],"Energy":{"Mean":-376.766129032258,"Sigma":0.2505197510807939,"Taucorr":0.22273640625952307},"EnergyVariance":{"Mean":5.340465660770031,"Sigma":1.9900943106422262,"Taucorr":0.2911002580901412},"Iteration":38},
{"Acceptance":[0.01358148893360161],"Energy":{"Mean":-376.68548387096774,"Sigma":0.1597914223206083,"Taucorr":0.13069508659196905},"EnergyVariance":{"Mean":2.4897892819979193,"Sigma":0.3565058811001658,"Taucorr":-0.10331770852334604},"Iteration":39},
{"Acceptance":[0.01670020120724346],"Energy":{"Mean":-377.2983870967742,"Sigma":0.14453268914335365,"Taucorr":-0.005202514841070427},"EnergyVariance":{"Mean":2.5964490114464094,"Sigma":0.27123030874597265,"Taucorr":0.4371022978617012},"Iteration":40},
{"Acceptance":[0.012776659959758551],"Energy":{"Mean":-377.8951612903226,"Sigma":0.18212241597800538,"Taucorr":0.46677249329594517},"EnergyVariance":{"Mean":2.109976586888658,"Sigma":0.17435919594597413,"Taucorr":0.3051066208718093},"Iteration":41},
{"Acceptance":[0.0096579476861167],"Energy":{"Mean":-378.1048387096775,"Sigma":0.16950837893950074,"Taucorr":0.32487932238380446},"EnergyVariance":{"Mean":2.142234651404787,"Sigma":0.4054222108005819,"Taucorr":0.2495683392578678},"Iteration":42},
{"Acceptance":[0.006941649899396378],"Energy":{"Mean":-378.2338709677419,"Sigma":0.19740775846186123,"Taucorr":0.575904353157572},"EnergyVariance":{"Mean":2.2275624349635805,"Sigma":0.6235898950208789,"Taucorr":0.38318939400179564},"Iteration":43},
{"Acceptance":[0.005331991951710261],"Energy":{"Mean":-378.5725806451613,"Sigma":0.10949146158288382,"Taucorr":0.20138588133391566},"EnergyVariance":{"Mean":1.0511836628511968,"Sigma":0.23281098954786428,"Taucorr":0.21310648631581008},"Iteration":44},
{"Acceptance":[0.0018108651911468814],"Energy":{"Mean":-378.8548387096775,"Sigma":0.0881212153525647,"Taucorr":0.3534518828451714},"EnergyVariance":{"Mean":0.5595733610822061,"Sigma":0.3370685822008218,"Taucorr":0.1180036265963389},"Iteration":45},
{"Acceptance":[0.0026156941649899397],"Energy":{"Mean":-378.89516129032256,"Sigma":0.06431420012057106,"Taucorr":0.2575828006972798},"EnergyVariance":{"Mean":0.3357830385015609,"Sigma":0.2076478691255139,"Taucorr":0.270052847714646},"Iteration":46},
{"Acceptance":[0.002414486921529175],"Energy":{"Mean":-378.8064516129032,"Sigma":0.10415409219976084,"Taucorr":0.18169856459330158},"EnergyVariance":{"Mean":0.9786680541103019,"Sigma":0.5437561028816226,"Taucorr":0.01709889293113309},"Iteration":47},
{"Acceptance":[0.002012072434607646],"Energy":{"Mean":-378.95967741935476,"Sigma":0.02862619249886897,"Taucorr":-0.01172022684310392},"EnergyVariance":{"Mean":0.10321279916753381,"Sigma":0.07616510683433712,"Taucorr":-0.00932225260953573},"Iteration":48},
{"Acceptance":[0.0014084507042253522],"Energy":{"Mean":-379.0,"Sigma":0.0,"Taucorr":null},"EnergyVariance":{"Mean":0.0,"Sigma":0.0,"Taucorr":null},"Iteration":49},
{"Acceptance":[0.0022132796780684103],"Energy":{"Mean":-378.87903225806457,"Sigma":0.07852039641702134,"Taucorr":0.8362823745129708},"EnergyVariance":{"Mean":0.2837539021852237,"Sigma":0.2059007246538647,"Taucorr":0.9544838487120504},"Iteration":50},
{"Acceptance":[0.0012072434607645875],"Energy":{"Mean":-378.9838709677419,"Sigma":0.016129032258065085,"Taucorr":2.4424906541753444e-14},"EnergyVariance":{"Mean":0.031997918834547334,"Sigma":0.0317377731529643,"Taucorr":0.0},"Iteration":51},
{"Acceptance":[0.0008048289738430583],"Energy":{"Mean":-379.0,"Sigma":0.0,"Taucorr":null},"EnergyVariance":{"Mean":0.0,"Sigma":0.0,"Taucorr":null},"Iteration":52},
{"Acceptance":[0.0022132796780684103],"Energy":{"Mean":-378.96774193548384,"Sigma":0.022426509263023885,"Taucorr":-0.01270491803285767},"EnergyVariance":{"Mean":0.06347554630593133,"Sigma":0.043406146960694315,"Taucorr":-0.012704918032786894},"Iteration":53},
{"Acceptance":[0.0008048289738430583],"Energy":{"Mean":-379.0,"Sigma":0.0,"Taucorr":null},"EnergyVariance":{"Mean":0.0,"Sigma":0.0,"Taucorr":null},"Iteration":54},
{"Acceptance":[0.0012072434607645875],"Energy":{"Mean":-379.0,"Sigma":0.0,"Taucorr":null},"EnergyVariance":{"Mean":0.0,"Sigma":0.0,"Taucorr":null},"Iteration":55},
{"Acceptance":[0.0011066398390342052],"Energy":{"Mean":-378.8709677419356,"Sigma":0.07228134225671508,"Taucorr":0.2387111244019342},"EnergyVariance":{"Mean":0.43496357960457854,"Sigma":0.269476145711406,"Taucorr":0.23292123674358156},"Iteration":56},
{"Acceptance":[0.0013078470824949698],"Energy":{"Mean":-379.0,"Sigma":0.0,"Taucorr":null},"EnergyVariance":{"Mean":0.0,"Sigma":0.0,"Taucorr":null},"Iteration":57},
{"Acceptance":[0.0006036217303822937],"Energy":{"Mean":-378.9758064516129,"Sigma":0.024193548387097166,"Taucorr":1.4432899320127035e-14},"EnergyVariance":{"Mean":0.07199531737773152,"Sigma":0.0714099895941738,"Taucorr":0.0},"Iteration":58},
{"Acceptance":[0.00040241448692152917],"Energy":{"Mean":-378.9919354838709,"Sigma":0.018271661793513624,"Taucorr":0.01001615508891085},"EnergyVariance":{"Mean":0.04025754422476587,"Sigma":0.032764881279767795,"Taucorr":-0.006080986408855793},"Iteration":59},
{"Acceptance":[0.002012072434607646],"Energy":{"Mean":-378.8790322580645,"Sigma":0.05781757525462974,"Taucorr":0.04026662109042578},"EnergyVariance":{"Mean":0.38052809573361085,"Sigma":0.18393994358905255,"Taucorr":-0.011816351895416355},"Iteration":60},
{"Acceptance":[0.0012072434607645875],"Energy":{"Mean":-378.83064516129036,"Sigma":0.12877999534412365,"Taucorr":0.6770997523080411},"EnergyVariance":{"Mean":0.8664802289281998,"Sigma":0.6186167354304859,"Taucorr":0.5823431878744607},"Iteration":61},
{"Acceptance":[0.00040241448692152917],"Energy":{"Mean":-378.9032258064515,"Sigma":0.07116297680763398,"Taucorr":0.3245179063361242},"EnergyVariance":{"Mean":0.3777315296566077,"Sigma":0.2708784278483835,"Taucorr":0.324517906336088},"Iteration":62},
{"Acceptance":[0.0018108651911468814],"Energy":{"Mean":-378.9274193548387,"Sigma":0.061558552845021236,"Taucorr":-0.004713199723561767},"EnergyVariance":{"Mean":0.47053850156087407,"Sigma":0.390559098109526,"Taucorr":-0.005060221157112799},"Iteration":63},
{"Acceptance":[0.001006036217303823],"Energy":{"Mean":-378.9596774193548,"Sigma":0.040322580645160956,"Taucorr":-6.8833827526759706e-15},"EnergyVariance":{"Mean":0.1999869927159209,"Sigma":0.19836108220603374,"Taucorr":0.0},"Iteration":64},
{"Acceptance":[0.001006036217303823],"Energy":{"Mean":-379.0,"Sigma":0.0,"Taucorr":null},"EnergyVariance":{"Mean":0.0,"Sigma":0.0,"Taucorr":null},"Iteration":65},
{"Acceptance":[0.0006036217303822937],"Energy":{"Mean":-379.0,"Sigma":0.0,"Taucorr":null},"EnergyVariance":{"Mean":0.0,"Sigma":0.0,"Taucorr":null},"Iteration":66},
{"Acceptance":[0.0012072434607645875],"Energy":{"Mean":-378.9596774193548,"Sigma":0.04931898339167976,"Taucorr":0.48674388674389324},"EnergyVariance":{"Mean":0.1515998959417273,"Sigma":0.14123743660737323,"Taucorr":0.5022228720283992},"Iteration":67},
{"Acceptance":[0.00040241448692152917],"Energy":{"Mean":-378.96774193548384,"Sigma":0.03225806451612848,"Taucorr":0.5081967213114575},"EnergyVariance":{"Mean":0.06347554630593133,"Sigma":0.062434963579602806,"Taucorr":0.5081967213114753},"Iteration":68},
{"Acceptance":[0.0022132796780684103],"Energy":{"Mean":-378.92741935483866,"Sigma":0.05337223260572525,"Taucorr":0.3245179063361211},"EnergyVariance":{"Mean":0.21247398543184176,"Sigma":0.15236911566472178,"Taucorr":0.32451790633608824},"Iteration":69},
{"Acceptance":[0.001006036217303823],"Energy":{"Mean":-378.9838709677419,"Sigma":0.01612903225806528,"Taucorr":3.863576125695545e-14},"EnergyVariance":{"Mean":0.031997918834547334,"Sigma":0.0317377731529643,"Taucorr":-2.220446049250313e-16},"Iteration":70},
{"Acceptance":[0.0022132796780684103],"Energy":{"Mean":-378.95161290322585,"Sigma":0.06394234091892495,"Taucorr":0.15353279242730167},"EnergyVariance":{"Mean":0.3847554630593133,"Sigma":0.2900663623979581,"Taucorr":0.005154223699701421},"Iteration":71},
{"Acceptance":[0.001006036217303823],"Energy":{"Mean":-379.0,"Sigma":0.0,"Taucorr":null},"EnergyVariance":{"Mean":0.0,"Sigma":0.0,"Taucorr":null},"Iteration":72},
{"Acceptance":[0.0008048289738430583],"Energy":{"Mean":-378.95161290322585,"Sigma":0.03558148840381534,"Taucorr":0.3245179063360806},"EnergyVariance":{"Mean":0.0944328824141519,"Sigma":0.06771960696210397,"Taucorr":0.3245179063360877},"Iteration":73},
{"Acceptance":[0.0016096579476861167],"Energy":{"Mean":-378.9758064516129,"Sigma":0.024193548387096614,"Taucorr":-6.439293542825908e-15},"EnergyVariance":{"Mean":0.07199531737773153,"Sigma":0.0714099895941738,"Taucorr":0.0},"Iteration":74},
{"Acceptance":[0.0006036217303822937],"Energy":{"Mean":-378.9596774193548,"Sigma":0.040322580645160706,"Taucorr":-1.1546319456101628e-14},"EnergyVariance":{"Mean":0.19998699271592094,"Sigma":0.19836108220603374,"Taucorr":-1.1102230246251565e-16},"Iteration":75},
{"Acceptance":[0.001006036217303823],"Energy":{"Mean":-379.0,"Sigma":0.0,"Taucorr":null},"EnergyVariance":{"Mean":0.0,"Sigma":0.0,"Taucorr":null},"Iteration":76},
{"Acceptance":[0.001006036217303823],"Energy":{"Mean":-378.9838709677419,"Sigma":0.016129032258065085,"Taucorr":2.4424906541753444e-14},"EnergyVariance":{"Mean":0.03199791883454735,"Sigma":0.0317377731529643,"Taucorr":-2.220446049250313e-16},"Iteration":77},
{"Acceptance":[0.0018108651911468814],"Energy":{"Mean":-379.0,"Sigma":0.0,"Taucorr":null},"EnergyVariance":{"Mean":0.0,"Sigma":0.0,"Taucorr":null},"Iteration":78},
{"Acceptance":[0.0009054325955734407],"Energy":{"Mean":-378.88709677419354,"Sigma":0.11290322580645176,"Taucorr":0.5081967213114731},"EnergyVariance":{"Mean":0.777575442247659,"Sigma":0.7648283038501537,"Taucorr":0.5081967213114755},"Iteration":79},
{"Acceptance":[0.0019114688128772635],"Energy":{"Mean":-379.0,"Sigma":0.0,"Taucorr":null},"EnergyVariance":{"Mean":0.0,"Sigma":0.0,"Taucorr":null},"Iteration":80},
{"Acceptance":[0.0006036217303822937],"Energy":{"Mean":-378.9758064516129,"Sigma":0.02419354838709664,"Taucorr":-5.3290705182007514e-15},"EnergyVariance":{"Mean":0.07199531737773153,"Sigma":0.0714099895941738,"Taucorr":0.0},"Iteration":81},
{"Acceptance":[0.0012072434607645875],"Energy":{"Mean":-378.991935483871,"Sigma":0.00806451612903265,"Taucorr":3.574918139293004e-14},"EnergyVariance":{"Mean":0.007999479708636839,"Sigma":0.007934443288241534,"Taucorr":0.0},"Iteration":82},
{"Acceptance":[0.0009054325955734407],"Energy":{"Mean":-379.0,"Sigma":0.0,"Taucorr":null},"EnergyVariance":{"Mean":0.0,"Sigma":0.0,"Taucorr":null},"Iteration":83},
{"Acceptance":[0.001006036217303823],"Energy":{"Mean":-379.0,"Sigma":0.0,"Taucorr":null},"EnergyVariance":{"Mean":0.0,"Sigma":0.0,"Taucorr":null},"Iteration":84},
{"Acceptance":[0.0005030181086519115],"Energy":{"Mean":-378.8548387096775,"Sigma":0.10674446521144616,"Taucorr":0.3245179063360789},"EnergyVariance":{"Mean":0.8498959417273674,"Sigma":0.6094764626589236,"Taucorr":0.32451790633608824},"Iteration":85},
{"Acceptance":[0.0006036217303822937],"Energy":{"Mean":-379.0,"Sigma":0.0,"Taucorr":null},"EnergyVariance":{"Mean":0.0,"Sigma":0.0,"Taucorr":null},"Iteration":86},
{"Acceptance":[0.0014084507042253522],"Energy":{"Mean":-379.08870967741933,"Sigma":0.09314428850310444,"Taucorr":0.6022571543732524},"EnergyVariance":{"Mean":0.4840660770031217,"Sigma":0.2717517389631533,"Taucorr":0.4238274204996453},"Iteration":87},
{"Acceptance":[0.0008048289738430583],"Energy":{"Mean":-378.95161290322585,"Sigma":0.03558148840381434,"Taucorr":-0.010147299509032537},"EnergyVariance":{"Mean":0.15894901144641005,"Sigma":0.12860054719873595,"Taucorr":-0.005821639123296529},"Iteration":88},
{"Acceptance":[0.00040241448692152917],"Energy":{"Mean":-378.98387096774195,"Sigma":0.016129032258064103,"Taucorr":-2.942091015256665e-14},"EnergyVariance":{"Mean":0.03199791883454735,"Sigma":0.03173777315296613,"Taucorr":-2.220446049250313e-16},"Iteration":89},
{"Acceptance":[0.0014084507042253522],"Energy":{"Mean":-378.8387096774194,"Sigma":0.1612903225806454,"Taucorr":0.5081967213114775},"EnergyVariance":{"Mean":1.586888657648283,"Sigma":1.5608740894901252,"Taucorr":0.5081967213114753},"Iteration":90},
{"Acceptance":[0.001006036217303823],"Energy":{"Mean":-378.96774193548384,"Sigma":0.03225806451612862,"Taucorr":0.508196721311456},"EnergyVariance":{"Mean":0.06347554630593134,"Sigma":0.06243496357960281,"Taucorr":0.5081967213114755},"Iteration":91},
{"Acceptance":[0.001006036217303823],"Energy":{"Mean":-379.01612903225805,"Sigma":0.011213254631513457,"Taucorr":-0.012704918032761914},"EnergyVariance":{"Mean":0.01586888657648283,"Sigma":0.010851536740174215,"Taucorr":-0.012704918032786894},"Iteration":92},
{"Acceptance":[0.001006036217303823],"Energy":{"Mean":-379.0,"Sigma":0.0,"Taucorr":null},"EnergyVariance":{"Mean":0.0,"Sigma":0.0,"Taucorr":null},"Iteration":93},
{"Acceptance":[0.0012072434607645875],"Energy":{"Mean":-379.0,"Sigma":0.0,"Taucorr":null},"EnergyVariance":{"Mean":0.0,"Sigma":0.0,"Taucorr":null},"Iteration":94},
{"Acceptance":[0.0014084507042253522],"Energy":{"Mean":-378.73387096774195,"Sigma":0.1643394581637003,"Taucorr":0.6060109999566894},"EnergyVariance":{"Mean":1.5017559833506762,"Sigma":0.9241087425642893,"Taucorr":0.5061578786931484},"Iteration":95},
{"Acceptance":[0.0006036217303822937],"Energy":{"Mean":-379.0,"Sigma":0.0,"Taucorr":null},"EnergyVariance":{"Mean":0.0,"Sigma":0.0,"Taucorr":null},"Iteration":96},
{"Acceptance":[0.0016096579476861167],"Energy":{"Mean":-379.0,"Sigma":0.0,"Taucorr":null},"EnergyVariance":{"Mean":0.0,"Sigma":0.0,"Taucorr":null},"Iteration":97},
{"Acceptance":[0.0014084507042253522],"Energy":{"Mean":-379.008064516129,"Sigma":0.008064516129032142,"Taucorr":-1.6764367671839864e-14},"EnergyVariance":{"Mean":0.007999479708636839,"Sigma":0.007934443288241534,"Taucorr":0.0},"Iteration":98},
{"Acceptance":[0.002012072434607646],"Energy":{"Mean":-378.87903225806446,"Sigma":0.08268915082547931,"Taucorr":0.41181779720774636},"EnergyVariance":{"Mean":0.46117325702393325,"Sigma":0.38366488942243065,"Taucorr":0.49117299968218475},"Iteration":99} 
]}