{"Output": [
{"Acceptance":[0.9142149929278642],"Energy":{"Mean":-622.2580645161291,"Sigma":1.37701386592802,"Taucorr":-0.08010687823749241},"EnergyVariance":{"Mean":277.7237252861603,"Sigma":36.65946408773619,"Taucorr":0.19700812641137888},"Iteration":0},
{"Acceptance":[0.8911598302687411],"Energy":{"Mean":-625.2983870967741,"Sigma":1.4648855580662292,"Taucorr":-0.04189089886202241},"EnergyVariance":{"Mean":288.08031997918835,"Sigma":47.893281369472014,"Taucorr":-0.007438037198063963},"Iteration":1},
{"Acceptance":[0.8712164073550213],"Energy":{"Mean":-623.9435483870967,"Sigma":1.5495711198803142,"Taucorr":0.04895657120670116},"EnergyVariance":{"Mean":269.0048777315297,"Sigma":28.64046324359491,"Taucorr":-0.08584130387012484},"Iteration":2},
{"Acceptance":[0.84992927864215],"Energy":{"Mean":-628.241935483871,"Sigma":1.6687950336627255,"Taucorr":0.08847911644324669},"EnergyVariance":{"Mean":291.0382414151926,"Sigma":36.54262911159209,"Taucorr":0.20511582206673407},"Iteration":3},
{"Acceptance":[0.8130834512022631],"Energy":{"Mean":-627.9032258064517,"Sigma":1.5187306093879107,"Taucorr":0.04432251736942916},"EnergyVariance":{"Mean":260.6035379812695,"Sigma":41.10321032365493,"Taucorr":0.08933723126660764},"Iteration":4},
{"Acceptance":[0.769024045261669],"Energy":{"Mean":-634.6209677419355,"Sigma":1.5290586291451211,"Taucorr":0.05778630632167003},"EnergyVariance":{"Mean":257.7837539021852,"Sigma":25.565641494185556,"Taucorr":-0.08288234119795057},"Iteration":5},
{"Acceptance":[0.657991513437058],"Energy":{"Mean":-643.8951612903224,"Sigma":1.9045352703237208,"Taucorr":0.19501748172043332},"EnergyVariance":{"Mean":320.964815296566,"Sigma":42.89356385687924,"Taucorr":-0.11105866975932299},"Iteration":6},
{"Acceptance":[0.519024045261669],"Energy":{"Mean":-655.266129032258,"Sigma":2.140304956535846,"Taucorr":0.4959450054731055},"EnergyVariance":{"Mean":282.87272372528616,"Sigma":32.19900621342621,"Taucorr":0.1164074529271032},"Iteration":7},
{"Acceptance":[0.3922206506364922],"Energy":{"Mean":-672.5806451612904,"Sigma":1.870662980369677,"Taucorr":0.3085721511440379},"EnergyVariance":{"Mean":266.1628511966702,"Sigma":38.43794602181575,"Taucorr":-0.021802534752698943},"Iteration":8},
{"Acceptance":[0.30884016973125883],"Energy":{"Mean":-680.4677419354839,"Sigma":1.4632938032976628,"Taucorr":0.4433896938918138},"EnergyVariance":{"Mean":139.587669094693,"Sigma":16.42438797553105,"Taucorr":-0.01585942543626384},"Iteration":9},
{"Acceptance":[0.25353606789250355],"Energy":{"Mean":-685.9354838709678,"Sigma":1.0558317150356875,"Taucorr":0.013070714917045811},"EnergyVariance":{"Mean":133.6248699271592,"Sigma":15.565190006258998,"Taucorr":0.004684114931218453},"Iteration":10},
{"Acceptance":[0.20615275813295617],"Energy":{"Mean":-696.0645161290323,"Sigma":1.0427661557782204,"Taucorr":0.25884046441054054},"EnergyVariance":{"Mean":88.12486992715921,"Sigma":11.081455297298723,"Taucorr":-0.04466766248525095},"Iteration":11},
{"Acceptance":[0.1799151343705799],"Energy":{"Mean":-702.4354838709679,"Sigma":0.8619781997978969,"Taucorr":0.2596941997206106},"EnergyVariance":{"Mean":60.149063475546306,"Sigma":9.481341727499672,"Taucorr":0.01253483261897792},"Iteration":12},
{"Acceptance":[0.1601838755304102],"Energy":{"Mean":-707.241935483871,"Sigma":0.885705164584093,"Taucorr":0.2423486216130758},"EnergyVariance":{"Mean":64.98985431841832,"Sigma":12.769405137555081,"Taucorr":-0.05222952267575043},"Iteration":13},
{"Acceptance":[0.13231966053748231],"Energy":{"Mean":-710.774193548387,"Sigma":0.6473015574507622,"Taucorr":0.11617575704794847},"EnergyVariance":{"Mean":41.81997918834548,"Sigma":5.239968781095757,"Taucorr":0.03368954479847608},"Iteration":14},
{"Acceptance":[0.11471004243281471],"Energy":{"Mean":-715.1370967741935,"Sigma":0.43500072760991765,"Taucorr":-0.0728985213209068},"EnergyVariance":{"Mean":27.24733350676378,"Sigma":3.5988015014779133,"Taucorr":0.008077385256360481},"Iteration":15},
{"Acceptance":[0.11195190947666195],"Energy":{"Mean":-718.6935483870967,"Sigma":0.5728758893507194,"Taucorr":0.2045333399925564},"EnergyVariance":{"Mean":28.648022892819977,"Sigma":3.3955908679625333,"Taucorr":0.05005042952649141},"Iteration":16},
{"Acceptance":[0.10176803394625177],"Energy":{"Mean":-720.6129032258063,"Sigma":0.5468431776827314,"Taucorr":0.15541386215719932},"EnergyVariance":{"Mean":28.059833506763788,"Sigma":3.8890054276213304,"Taucorr":0.01515563557464139},"Iteration":17},
{"Acceptance":[0.08182461103253183],"Energy":{"Mean":-724.2338709677417,"Sigma":0.42988737645372915,"Taucorr":0.09914048170052414},"EnergyVariance":{"Mean":18.969497918834545,"Sigma":2.7700342044238897,"Taucorr":0.1584954866848164},"Iteration":18},
{"Acceptance":[0.07043847241867043],"Energy":{"Mean":-727.3387096774194,"Sigma":0.4251104200480603,"Taucorr":0.09052932395261948},"EnergyVariance":{"Mean":18.820759625390217,"Sigma":2.332173543784867,"Taucorr":0.007913310908952198},"Iteration":19},
{"Acceptance":[0.06216407355021216],"Energy":{"Mean":-729.0645161290322,"Sigma":0.5277217902404195,"Taucorr":0.19826670979784844},"EnergyVariance":{"Mean":24.528095733610826,"Sigma":3.2528600317197376,"Taucorr":0.06101929002950035},"Iteration":20},
{"Acceptance":[0.051555869872701554],"Energy":{"Mean":-732.7983870967743,"Sigma":0.42175697450408156,"Taucorr":0.24946688350747193},"EnergyVariance":{"Mean":14.596449011446408,"Sigma":2.6225862094943055,"Taucorr":0.15922867655070616},"Iteration":21},
{"Acceptance":[0.05099009900990099],"Energy":{"Mean":-733.6693548387096,"Sigma":0.4674034741322931,"Taucorr":0.26936744688378056},"EnergyVariance":{"Mean":17.463254422476588,"Sigma":2.021699827990444,"Taucorr":0.028273599443614517},"Iteration":22},
{"Acceptance":[0.04207920792079208],"Energy":{"Mean":-736.209677419355,"Sigma":0.5258245923382979,"Taucorr":0.3371982068523891},"EnergyVariance":{"Mean":20.310874089490113,"Sigma":2.7274381427699925,"Taucorr":0.041558817550672145},"Iteration":23},
{"Acceptance":[0.03847241867043847],"Energy":{"Mean":-737.8306451612904,"Sigma":0.43693505717678605,"Taucorr":0.3794602362684252},"EnergyVariance":{"Mean":13.35035119667013,"Sigma":1.6308548630262394,"Taucorr":0.15674926443010395},"Iteration":24},
{"Acceptance":[0.02857142857142857],"Energy":{"Mean":-739.9758064516128,"Sigma":0.4110952520744812,"Taucorr":0.33312810514078073},"EnergyVariance":{"Mean":12.475221123829343,"Sigma":2.0698261309101635,"Taucorr":0.16997885824768277},"Iteration":25},
{"Acceptance":[0.018033946251768036],"Energy":{"Mean":-742.2822580645162,"Sigma":0.30733460791285677,"Taucorr":0.3750967501739003},"EnergyVariance":{"Mean":6.6380723204994805,"Sigma":1.673136563693704,"Taucorr":0.3727161039354244},"Iteration":26},
{"Acceptance":[0.015417256011315418],"Energy":{"Mean":-742.7499999999999,"Sigma":0.2808876100193187,"Taucorr":0.44714679260133483},"EnergyVariance":{"Mean":5.122983870967742,"Sigma":1.5751650255725518,"Taucorr":0.207142097735037},"Iteration":27},
{"Acceptance":[0.010042432814710043],"Energy":{"Mean":-743.016129032258,"Sigma":0.3016387775687913,"Taucorr":0.7005148741418772},"EnergyVariance":{"Mean":4.661030176899064,"Sigma":2.2560956536998313,"Taucorr":0.6265848831883181},"Iteration":28},
{"Acceptance":[0.007567185289957567],"Energy":{"Mean":-743.5483870967739,"Sigma":0.18125138295309043,"Taucorr":0.18318305770585108},"EnergyVariance":{"Mean":2.9573361082206038,"Sigma":0.8672662715561288,"Taucorr":0.2945171972373478},"Iteration":29},
{"Acceptance":[0.006435643564356435],"Energy":{"Mean":-743.491935483871,"Sigma":0.15314089327997518,"Taucorr":0.33968422248305397},"EnergyVariance":{"Mean":1.7176768990634754,"Sigma":0.5366968004872386,"Taucorr":0.1657777034330945},"Iteration":30},
{"Acceptance":[0.00586987270155587],"Energy":{"Mean":-743.6612903225805,"Sigma":0.07382446768609899,"Taucorr":-0.047126537785618206},"EnergyVariance":{"Mean":0.740114464099896,"Sigma":0.2627572692881231,"Taucorr":-0.04679925404071272},"Iteration":31},
{"Acceptance":[0.004243281471004243],"Energy":{"Mean":-743.6693548387098,"Sigma":0.09157162480621149,"Taucorr":0.23129207783823447},"EnergyVariance":{"Mean":0.7051899063475544,"Sigma":0.20928054752921138,"Taucorr":0.07420010792460263},"Iteration":32},
{"Acceptance":[0.0019801980198019802],"Energy":{"Mean":-743.8951612903227,"Sigma":0.07928968389114316,"Taucorr":0.034862798020694474},"EnergyVariance":{"Mean":0.7228798126951093,"Sigma":0.3331422693380505,"Taucorr":-0.033510115007359065},"Iteration":33},
{"Acceptance":[0.0024045261669024044],"Energy":{"Mean":-743.9596774193548,"Sigma":0.18297745549537894,"Taucorr":0.6563680192848642},"EnergyVariance":{"Mean":1.7806321540062444,"Sigma":0.7076854804769548,"Taucorr":0.46091098889247406},"Iteration":34},
{"Acceptance":[0.0021216407355021216],"Energy":{"Mean":-743.9516129032259,"Sigma":0.07639329021680402,"Taucorr":0.13843128181395337},"EnergyVariance":{"Mean":0.5621748178980228,"Sigma":0.28360852650762025,"Taucorr":-0.02771249705360701},"Iteration":35},
{"Acceptance":[0.0011315417256011315],"Energy":{"Mean":-743.9354838709675,"Sigma":0.08195178061620959,"Taucorr":0.45761459589869624},"EnergyVariance":{"Mean":0.431321540062435,"Sigma":0.24310230936938684,"Taucorr":0.07836645103438589},"Iteration":36},
{"Acceptance":[0.0016973125884016972],"Energy":{"Mean":-743.7741935483872,"Sigma":0.19789036510341748,"Taucorr":0.4899272882805962},"EnergyVariance":{"Mean":2.4328824141519254,"Sigma":1.3857908708612812,"Taucorr":0.1497057237931546},"Iteration":37},
{"Acceptance":[0.0015558698727015559],"Energy":{"Mean":-744.2177419354838,"Sigma":0.14560862971990332,"Taucorr":0.37340448703987117},"EnergyVariance":{"Mean":1.492911030176899,"Sigma":0.5838793598641855,"Taucorr":0.24666611422742712},"Iteration":38},
{"Acceptance":[0.0039603960396039604],"Energy":{"Mean":-744.3467741935483,"Sigma":0.18134704274755928,"Taucorr":0.17041412464699834},"EnergyVariance":{"Mean":3.0168444328824138,"Sigma":0.8212986528793574,"Taucorr":0.3160514019585694},"Iteration":39},
{"Acceptance":[0.00975954738330976],"Energy":{"Mean":-744.8870967741935,"Sigma":0.36401264114537596,"Taucorr":0.31991951315273015},"EnergyVariance":{"Mean":9.938865764828304,"Sigma":1.4016278960374737,"Taucorr":-0.03621698436665288},"Iteration":40},
{"Acceptance":[0.005940594059405941],"Energy":{"Mean":-744.475806451613,"Sigma":0.2222063238618641,"Taucorr":0.00957468868346445},"EnergyVariance":{"Mean":5.959092091571279,"Sigma":1.9272027559097815,"Taucorr":-0.024295894131766804},"Iteration":41},
{"Acceptance":[0.005374823196605375],"Energy":{"Mean":-744.9516129032257,"Sigma":0.24274952654868467,"Taucorr":0.05774412459461964},"EnergyVariance":{"Mean":6.497658688865766,"Sigma":2.1641574256871534,"Taucorr":0.6406127624223892},"Iteration":42},
{"Acceptance":[0.0072135785007072135],"Energy":{"Mean":-745.6935483870968,"Sigma":0.19733087130861843,"Taucorr":-0.08078578259483754},"EnergyVariance":{"Mean":5.712539021852237,"Sigma":0.32038059022599064,"Taucorr":-0.08027754033621493},"Iteration":43},
{"Acceptance":[0.010042432814710043],"Energy":{"Mean":-746.6532258064516,"Sigma":0.2617346547234013,"Taucorr":0.1417228842858177},"EnergyVariance":{"Mean":6.565231529656607,"Sigma":0.38716602945499645,"Taucorr":0.9845495321428648},"Iteration":44},
{"Acceptance":[0.00487977369165488],"Energy":{"Mean":-747.7499999999999,"Sigma":0.25923792368260284,"Taucorr":0.3817204301075138},"EnergyVariance":{"Mean":4.687499999999998,"Sigma":0.6480948092064569,"Taucorr":0.381720430107527},"Iteration":45},
{"Acceptance":[0.004314002828854314],"Energy":{"Mean":-748.024193548387,"Sigma":0.21357015124775355,"Taucorr":0.25464963695214293},"EnergyVariance":{"Mean":3.7171566077003115,"Sigma":0.6390335673697116,"Taucorr":0.2533295038659672},"Iteration":46},
{"Acceptance":[0.002050919377652051],"Energy":{"Mean":-748.7903225806451,"Sigma":0.0812344064387475,"Taucorr":-0.02768695125642312},"EnergyVariance":{"Mean":0.859261186264308,"Sigma":0.3495873508795712,"Taucorr":-0.044437986277149066},"Iteration":47},
{"Acceptance":[0.0008486562942008486],"Energy":{"Mean":-748.9032258064516,"Sigma":0.05520905936406863,"Taucorr":0.06917456556079782},"EnergyVariance":{"Mean":0.32934443288241416,"Sigma":0.2089823410332703,"Taucorr":0.0032219623453407786},"Iteration":48},
{"Acceptance":[0.0007072135785007072],"Energy":{"Mean":-748.8629032258065,"Sigma":0.07676131635026195,"Taucorr":-0.02535139279326737},"EnergyVariance":{"Mean":0.7634625390218522,"Sigma":0.42151438181904033,"Taucorr":-0.024594034714457147},"Iteration":49},
{"Acceptance":[0.0009900990099009901],"Energy":{"Mean":-748.9596774193549,"Sigma":0.04931898339168259,"Taucorr":0.9493383742911585},"EnergyVariance":{"Mean":0.10321279916753379,"Sigma":0.09299032838716477,"Taucorr":0.9954814110770402},"Iteration":50},
{"Acceptance":[0.0009900990099009901],"Energy":{"Mean":-748.8387096774194,"Sigma":0.07104101788885858,"Taucorr":-0.04600456621001486},"EnergyVariance":{"Mean":0.68366285119667,"Sigma":0.31772464450543575,"Taucorr":-0.03708257873260007},"Iteration":51},
{"Acceptance":[0.0008486562942008486],"Energy":{"Mean":-749.1129032258065,"Sigma":0.09757731265970282,"Taucorr":0.5026280623607784},"EnergyVariance":{"Mean":0.5840270551508848,"Sigma":0.558516141870531,"Taucorr":0.507433247443124},"Iteration":52},
{"Acceptance":[0.0008486562942008486],"Energy":{"Mean":-748.9596774193546,"Sigma":0.04032258064516192,"Taucorr":1.2656542480726785e-14},"EnergyVariance":{"Mean":0.1999869927159209,"Sigma":0.19836108220602,"Taucorr":2.220446049250313e-16},"Iteration":53},
{"Acceptance":[0.0005657708628005657],"Energy":{"Mean":-748.8951612903226,"Sigma":0.09684137453082611,"Taucorr":0.4983451536642962},"EnergyVariance":{"Mean":0.5777185223725287,"Sigma":0.5601775651931724,"Taucorr":0.5076755784681015},"Iteration":54},
{"Acceptance":[0.0004950495049504951],"Energy":{"Mean":-749.0,"Sigma":0.0,"Taucorr":null},"EnergyVariance":{"Mean":0.0,"Sigma":0.0,"Taucorr":null},"Iteration":55},
{"Acceptance":[0.0004950495049504951],"Energy":{"Mean":-749.0483870967741,"Sigma":0.04838709677419419,"Taucorr":1.3766765505351941e-14},"EnergyVariance":{"Mean":0.2879812695109261,"Sigma":0.2856399583766952,"Taucorr":0.0},"Iteration":56},
{"Acceptance":[0.0007072135785007072],"Energy":{"Mean":-749.0080645161291,"Sigma":0.13643102109553118,"Taucorr":0.19244659506667294},"EnergyVariance":{"Mean":1.6531607700312172,"Sigma":0.7479707872287588,"Taucorr":0.13082659993176815},"Iteration":57},
{"Acceptance":[0.0005657708628005657],"Energy":{"Mean":-748.9435483870967,"Sigma":0.04133146471780967,"Taucorr":-0.010336465595670141},"EnergyVariance":{"Mean":0.21455515088449534,"Sigma":0.19683434963396806,"Taucorr":-0.0018604881074293367},"Iteration":58},
{"Acceptance":[0.0008486562942008486],"Energy":{"Mean":-748.8306451612904,"Sigma":0.1397901157025926,"Taucorr":1.0613603717786222},"EnergyVariance":{"Mean":0.7697060353798126,"Sigma":0.6877374076711501,"Taucorr":0.4244557811296127},"Iteration":59},
{"Acceptance":[0.0008486562942008486],"Energy":{"Mean":-748.7580645161289,"Sigma":0.12295852903014495,"Taucorr":0.08012903749395095},"EnergyVariance":{"Mean":1.602757544224766,"Sigma":0.9807365411167277,"Taucorr":-0.00794945275978437},"Iteration":60},
{"Acceptance":[0.00014144271570014144],"Energy":{"Mean":-749.1451612903226,"Sigma":0.14516129032258093,"Taucorr":1.0247933884297635},"EnergyVariance":{"Mean":0.8498959417273672,"Sigma":0.8288241415192561,"Taucorr":1.0247933884297518},"Iteration":61},
{"Acceptance":[0.00021216407355021216],"Energy":{"Mean":-749.0,"Sigma":0.0,"Taucorr":null},"EnergyVariance":{"Mean":0.0,"Sigma":0.0,"Taucorr":null},"Iteration":62},
{"Acceptance":[0.0006364922206506365],"Energy":{"Mean":-749.0,"Sigma":0.0,"Taucorr":null},"EnergyVariance":{"Mean":0.0,"Sigma":0.0,"Taucorr":null},"Iteration":63},
{"Acceptance":[0.0004243281471004243],"Energy":{"Mean":-749.0,"Sigma":0.0,"Taucorr":null},"EnergyVariance":{"Mean":0.0,"Sigma":0.0,"Taucorr":null},"Iteration":64},
{"Acceptance":[0.0002828854314002829],"Energy":{"Mean":-748.9677419354838,"Sigma":0.03225806451612961,"Taucorr":0.5081967213114678},"EnergyVariance":{"Mean":0.06347554630593132,"Sigma":0.06243496357959914,"Taucorr":0.5081967213114753},"Iteration":65},
{"Acceptance":[0.0002828854314002829],"Energy":{"Mean":-748.9516129032259,"Sigma":0.033639763894537184,"Taucorr":-0.012704918032833024},"EnergyVariance":{"Mean":0.14281997918834546,"Sigma":0.09766383066156793,"Taucorr":-0.012704918032787005},"Iteration":66},
{"Acceptance":[0.0007072135785007072],"Energy":{"Mean":-748.9596774193546,"Sigma":0.02346575574494234,"Taucorr":0.11767497034405949},"EnergyVariance":{"Mean":0.05482570239334028,"Sigma":0.03435070796409629,"Taucorr":0.031811772127729454},"Iteration":67},
{"Acceptance":[0.0009900990099009901],"Energy":{"Mean":-748.8306451612905,"Sigma":0.10712964257903537,"Taucorr":0.3145838024468939},"EnergyVariance":{"Mean":0.8664802289281999,"Sigma":0.6481306243147511,"Taucorr":0.02088916770346194},"Iteration":68},
{"Acceptance":[0.0009900990099009901],"Energy":{"Mean":-749.0,"Sigma":0.06454972243679052,"Taucorr":0.012500000000004619},"EnergyVariance":{"Mean":0.49999999999999994,"Sigma":0.3476108935769035,"Taucorr":-0.012704918032787005},"Iteration":69},
{"Acceptance":[0.0011315417256011315],"Energy":{"Mean":-749.0,"Sigma":0.12269377914491274,"Taucorr":0.5250000000000161},"EnergyVariance":{"Mean":0.9032258064516131,"Sigma":0.6279422593647289,"Taucorr":0.4908333333333331},"Iteration":70},
{"Acceptance":[0.0007072135785007072],"Energy":{"Mean":-749.0725806451615,"Sigma":0.10053188414352907,"Taucorr":0.07368989735275944},"EnergyVariance":{"Mean":1.0834417273673256,"Sigma":0.48986426892409,"Taucorr":-0.02158254198148296},"Iteration":71},
{"Acceptance":[0.0005657708628005657],"Energy":{"Mean":-749.0483870967741,"Sigma":0.048387096774193894,"Taucorr":6.217248937900877e-15},"EnergyVariance":{"Mean":0.2879812695109261,"Sigma":0.2856399583766952,"Taucorr":-2.220446049250313e-16},"Iteration":72},
{"Acceptance":[0.0014144271570014145],"Energy":{"Mean":-749.0725806451615,"Sigma":0.16114240529175544,"Taucorr":0.3986897485634926},"EnergyVariance":{"Mean":1.7769901144640998,"Sigma":0.771664846631449,"Taucorr":0.22587503891048344},"Iteration":73},
{"Acceptance":[0.0015558698727015559],"Energy":{"Mean":-749.3387096774194,"Sigma":0.1509594704102906,"Taucorr":0.2308913308913273},"EnergyVariance":{"Mean":1.917533818938606,"Sigma":0.8034939554096061,"Taucorr":0.23089133089133074},"Iteration":74},
{"Acceptance":[0.0033946251768033945],"Energy":{"Mean":-749.322580645161,"Sigma":0.23934092647161545,"Taucorr":0.3513956997359856},"EnergyVariance":{"Mean":4.137877211238294,"Sigma":1.606176112561501,"Taucorr":0.34061552477915025},"Iteration":75},
{"Acceptance":[0.011598302687411598],"Energy":{"Mean":-751.7741935483872,"Sigma":0.25907061942272713,"Taucorr":-0.05479797979797579},"EnergyVariance":{"Mean":9.271592091571282,"Sigma":0.33200623148779035,"Taucorr":0.03309363360938411},"Iteration":76},
{"Acceptance":[0.005304101838755304],"Energy":{"Mean":-753.6854838709678,"Sigma":0.4128265637837758,"Taucorr":0.5195594273314417},"EnergyVariance":{"Mean":10.280111862643082,"Sigma":4.5744295498044325,"Taucorr":0.46771458679514366},"Iteration":77},
{"Acceptance":[0.001768033946251768],"Energy":{"Mean":-754.5887096774193,"Sigma":0.17372747285572163,"Taucorr":0.2991068178636479},"EnergyVariance":{"Mean":2.322775754422477,"Sigma":0.939804242808912,"Taucorr":0.25226158796648535},"Iteration":78},
{"Acceptance":[0.0010608203677510608],"Energy":{"Mean":-754.709677419355,"Sigma":0.16193419868401165,"Taucorr":0.4728813559321786},"EnergyVariance":{"Mean":1.6576482830385015,"Sigma":0.8775788831908375,"Taucorr":0.47288135593220315},"Iteration":79},
{"Acceptance":[0.0002828854314002829],"Energy":{"Mean":-754.8629032258063,"Sigma":0.103590585311812,"Taucorr":0.36442627140298534},"EnergyVariance":{"Mean":0.7634625390218522,"Sigma":0.5799230906930372,"Taucorr":0.3998717857625349},"Iteration":80},
{"Acceptance":[0.0002828854314002829],"Energy":{"Mean":-754.983870967742,"Sigma":0.01612903225806475,"Taucorr":2.886579864025407e-14},"EnergyVariance":{"Mean":0.031997918834547355,"Sigma":0.03173777315296614,"Taucorr":0.0},"Iteration":81},
{"Acceptance":[0.001272984441301273],"Energy":{"Mean":-754.7499999999999,"Sigma":0.11992381093889293,"Taucorr":-0.037723919915705506},"EnergyVariance":{"Mean":1.9133064516129032,"Sigma":1.160454168061193,"Taucorr":-0.01814253057540921},"Iteration":82},
{"Acceptance":[0.0015558698727015559],"Energy":{"Mean":-754.5483870967743,"Sigma":0.19620709750855655,"Taucorr":0.32766233175703374},"EnergyVariance":{"Mean":2.8605619146722168,"Sigma":1.4209962451807243,"Taucorr":0.19962983171575144},"Iteration":83},
{"Acceptance":[0.0004243281471004243],"Energy":{"Mean":-754.9354838709676,"Sigma":0.04010695032593159,"Taucorr":0.12959437086091485},"EnergyVariance":{"Mean":0.1571279916753382,"Sigma":0.12586540630562207,"Taucorr":0.0036278713918657113},"Iteration":84},
{"Acceptance":[0.0008486562942008486],"Energy":{"Mean":-754.8629032258063,"Sigma":0.06940483319352679,"Taucorr":0.12613058419247614},"EnergyVariance":{"Mean":0.47313995837669115,"Sigma":0.2924530997925486,"Taucorr":0.013907778556461303},"Iteration":85},
{"Acceptance":[0.0002828854314002829],"Energy":{"Mean":-754.983870967742,"Sigma":0.016129032258066247,"Taucorr":9.43689570931383e-14},"EnergyVariance":{"Mean":0.031997918834547355,"Sigma":0.03173777315296614,"Taucorr":0.0},"Iteration":86},
{"Acceptance":[0.0004243281471004243],"Energy":{"Mean":-754.9516129032259,"Sigma":0.04838709677419337,"Taucorr":-5.88418203051333e-15},"EnergyVariance":{"Mean":0.28798126951092606,"Sigma":0.2856399583766952,"Taucorr":0.0},"Iteration":87},
{"Acceptance":[0.0007072135785007072],"Energy":{"Mean":-754.8709677419356,"Sigma":0.08021390065186394,"Taucorr":-0.01863924050632365},"EnergyVariance":{"Mean":0.822060353798127,"Sigma":0.5628094390700032,"Taucorr":-0.012460988604136136},"Iteration":88},
{"Acceptance":[0.0005657708628005657],"Energy":{"Mean":-754.9516129032256,"Sigma":0.026989033114002223,"Taucorr":0.07209302325580658},"EnergyVariance":{"Mean":0.07830385015608742,"Sigma":0.044434425796533644,"Taucorr":0.0036723258999663555},"Iteration":89},
{"Acceptance":[0.0008486562942008486],"Energy":{"Mean":-754.6048387096774,"Sigma":0.2238393581849106,"Taucorr":1.0184309201038362},"EnergyVariance":{"Mean":2.0293314255983352,"Sigma":1.1298560439045942,"Taucorr":1.0405499336347719},"Iteration":90},
{"Acceptance":[0.0005657708628005657],"Energy":{"Mean":-754.7983870967741,"Sigma":0.11265333328324695,"Taucorr":0.3964443116456151},"EnergyVariance":{"Mean":0.8706425598335067,"Sigma":0.5679141849432069,"Taucorr":0.398003621612967},"Iteration":91},
{"Acceptance":[0.0007072135785007072],"Energy":{"Mean":-754.8790322580646,"Sigma":0.06009733116059504,"Taucorr":-0.03463687150832906},"EnergyVariance":{"Mean":0.4773022892819979,"Sigma":0.2999423922324804,"Taucorr":-0.01627428013829435},"Iteration":92},
{"Acceptance":[0.0009900990099009901],"Energy":{"Mean":-754.8064516129032,"Sigma":0.14090227558858756,"Taucorr":0.33484080398434823},"EnergyVariance":{"Mean":1.4625390218522374,"Sigma":1.0086581806227009,"Taucorr":0.41538006299121055},"Iteration":93},
{"Acceptance":[0.0005657708628005657],"Energy":{"Mean":-754.7741935483871,"Sigma":0.10835701067330228,"Taucorr":0.2876560726447489},"EnergyVariance":{"Mean":0.9167533818938606,"Sigma":0.5512485724111651,"Taucorr":0.4035136788833765},"Iteration":94},
{"Acceptance":[0.0],"Energy":{"Mean":-755.0,"Sigma":0.0,"Taucorr":null},"EnergyVariance":{"Mean":0.0,"Sigma":0.0,"Taucorr":null},"Iteration":95},
{"Acceptance":[0.0007072135785007072],"Energy":{"Mean":-754.9193548387096,"Sigma":0.080645161290322,"Taucorr":0.5081967213114602},"EnergyVariance":{"Mean":0.39672216441207075,"Sigma":0.3902185223725221,"Taucorr":0.5081967213114753},"Iteration":96},
{"Acceptance":[0.0005657708628005657],"Energy":{"Mean":-754.7903225806452,"Sigma":0.17042671547792962,"Taucorr":0.9910912052117309},"EnergyVariance":{"Mean":1.197970863683663,"Sigma":1.1135150506493654,"Taucorr":1.022226366813075},"Iteration":97},
{"Acceptance":[0.0004243281471004243],"Energy":{"Mean":-754.9032258064517,"Sigma":0.06827110268386974,"Taucorr":-0.012012843224121217},"EnergyVariance":{"Mean":0.5874089490114464,"Sigma":0.4245396065797169,"Taucorr":-0.01020089205051683},"Iteration":98},
{"Acceptance":[0.0002828854314002829],"Energy":{"Mean":-755.0,"Sigma":0.0,"Taucorr":null},"EnergyVariance":{"Mean":0.0,"Sigma":0.0,"Taucorr":null},"Iteration":99} 
]}