{"Output": [
{"Acceptance":[0.8684873949579832],"Energy":{"Mean":-156.24193548387095,"Sigma":0.8553660373932158,"Taucorr":0.05658001010403313},"EnergyVariance":{"Mean":80.84469302809573,"Sigma":9.842120632859924,"Taucorr":-0.05406107981003472},"Iteration":0},
{"Acceptance":[0.8292717086834734],"Energy":{"Mean":-158.59677419354838,"Sigma":0.6507519863686526,"Taucorr":-0.11762893350800735},"EnergyVariance":{"Mean":68.11160249739854,"Sigma":8.085340235052291,"Taucorr":-0.10613589756005376},"Iteration":1},
{"Acceptance":[0.811344537815126],"Energy":{"Mean":-157.44354838709677,"Sigma":0.8150722045180225,"Taucorr":0.15197980395514454},"EnergyVariance":{"Mean":62.6661680541103,"Sigma":8.734252283772797,"Taucorr":0.019720630022934005},"Iteration":2},
{"Acceptance":[0.7469187675070028],"Energy":{"Mean":-161.47580645161287,"Sigma":0.6288702576063191,"Taucorr":-0.11546071403966818},"EnergyVariance":{"Mean":63.249414672216446,"Sigma":8.61875846995124,"Taucorr":0.11473760910188324},"Iteration":3},
{"Acceptance":[0.7105042016806723],"Energy":{"Mean":-160.9596774193548,"Sigma":0.9064506562578654,"Taucorr":0.1577156290023981},"EnergyVariance":{"Mean":76.82901925078042,"Sigma":9.94535527440794,"Taucorr":0.0845268140971891},"Iteration":4},
{"Acceptance":[0.6550420168067227],"Energy":{"Mean":-164.4435483870968,"Sigma":0.997153858167053,"Taucorr":0.19536242087724065},"EnergyVariance":{"Mean":87.9403616024974,"Sigma":11.824208519461427,"Taucorr":0.09667011000147552},"Iteration":5},
{"Acceptance":[0.5494397759103642],"Energy":{"Mean":-170.31451612903226,"Sigma":0.9602984346511657,"Taucorr":0.41655621760759487},"EnergyVariance":{"Mean":61.87688605619148,"Sigma":7.146961295042667,"Taucorr":-0.046504594688149326},"Iteration":6},
{"Acceptance":[0.530812324929972],"Energy":{"Mean":-171.43548387096772,"Sigma":0.8986225826002091,"Taucorr":0.27808825387509184},"EnergyVariance":{"Mean":63.82648283038502,"Sigma":8.563114522220294,"Taucorr":0.05003674833767102},"Iteration":7},
{"Acceptance":[0.4725490196078431],"Energy":{"Mean":-174.24999999999994,"Sigma":1.030058981503655,"Taucorr":0.31720489837141896},"EnergyVariance":{"Mean":79.84879032258065,"Sigma":9.61923649801361,"Taucorr":-0.05100030277402162},"Iteration":8},
{"Acceptance":[0.4180672268907563],"Energy":{"Mean":-177.5564516129032,"Sigma":0.8158963075044379,"Taucorr":0.27615565296195654},"EnergyVariance":{"Mean":52.74681321540062,"Sigma":5.895040346767958,"Taucorr":0.013938857667074145},"Iteration":9},
{"Acceptance":[0.35826330532212886],"Energy":{"Mean":-182.08870967741933,"Sigma":0.7724723249989937,"Taucorr":0.19686374229211667},"EnergyVariance":{"Mean":52.661485431841825,"Sigma":6.803741123099736,"Taucorr":0.1024287988974123},"Iteration":10},
{"Acceptance":[0.31596638655462184],"Energy":{"Mean":-185.8548387096774,"Sigma":0.7936893396978763,"Taucorr":0.3678604521058051},"EnergyVariance":{"Mean":44.640218522372535,"Sigma":7.98400581061809,"Taucorr":0.2771041403162309},"Iteration":11},
{"Acceptance":[0.2971988795518207],"Energy":{"Mean":-187.64516129032256,"Sigma":0.7579129338267553,"Taucorr":0.45513493648806425},"EnergyVariance":{"Mean":36.98699271592093,"Sigma":4.061875200323991,"Taucorr":0.07953187330178302},"Iteration":12},
{"Acceptance":[0.2696078431372549],"Energy":{"Mean":-188.54838709677418,"Sigma":0.6373689360147705,"Taucorr":0.29217842648805603},"EnergyVariance":{"Mean":31.537981269510926,"Sigma":2.839682735698432,"Taucorr":-0.22242788822776838},"Iteration":13},
{"Acceptance":[0.22899159663865545],"Energy":{"Mean":-192.93548387096777,"Sigma":0.6647790220137874,"Taucorr":0.41793047550432194},"EnergyVariance":{"Mean":29.60874089490114,"Sigma":3.1541589434267845,"Taucorr":-0.011786016927410714},"Iteration":14},
{"Acceptance":[0.17703081232492998],"Energy":{"Mean":-195.0241935483871,"Sigma":0.46840424003699443,"Taucorr":0.17604556666699311},"EnergyVariance":{"Mean":19.95909209157128,"Sigma":2.221615631171202,"Taucorr":0.1339425392218908},"Iteration":15},
{"Acceptance":[0.17983193277310924],"Energy":{"Mean":-195.8951612903226,"Sigma":0.4673153412473266,"Taucorr":0.32297045801435387},"EnergyVariance":{"Mean":16.319654006243493,"Sigma":2.261862846139722,"Taucorr":0.17890604395265186},"Iteration":16},
{"Acceptance":[0.14929971988795518],"Energy":{"Mean":-197.54032258064515,"Sigma":0.5462601065959991,"Taucorr":0.45181559676042826},"EnergyVariance":{"Mean":19.28063215400625,"Sigma":4.33007806155513,"Taucorr":0.17149409673732796},"Iteration":17},
{"Acceptance":[0.12100840336134454],"Energy":{"Mean":-198.5806451612903,"Sigma":0.37681230474506033,"Taucorr":0.2902509652509656},"EnergyVariance":{"Mean":11.049947970863684,"Sigma":1.3359363931922368,"Taucorr":0.023571550900526872},"Iteration":18},
{"Acceptance":[0.11512605042016806],"Energy":{"Mean":-198.7016129032258,"Sigma":0.4135506097603527,"Taucorr":0.19154704330387018},"EnergyVariance":{"Mean":15.209352237252862,"Sigma":3.103748170445232,"Taucorr":0.32463195845193293},"Iteration":19},
{"Acceptance":[0.09467787114845938],"Energy":{"Mean":-200.06451612903226,"Sigma":0.37387245214805453,"Taucorr":0.4257332754370232},"EnergyVariance":{"Mean":9.286160249739856,"Sigma":1.8353262102698005,"Taucorr":0.2749235584188382},"Iteration":20},
{"Acceptance":[0.10336134453781512],"Energy":{"Mean":-200.05645161290323,"Sigma":0.4010586926148794,"Taucorr":0.35265069764052326},"EnergyVariance":{"Mean":11.601651925078045,"Sigma":2.6792135680280076,"Taucorr":0.3022589405372781},"Iteration":21},
{"Acceptance":[0.08823529411764706],"Energy":{"Mean":-201.0725806451613,"Sigma":0.3532098489055152,"Taucorr":0.27202164765625425},"EnergyVariance":{"Mean":9.938280437044748,"Sigma":1.8578968184500666,"Taucorr":0.22134370873330023},"Iteration":22},
{"Acceptance":[0.08907563025210084],"Energy":{"Mean":-201.6935483870968,"Sigma":0.351209445946372,"Taucorr":0.6522592563322454},"EnergyVariance":{"Mean":6.583506763787721,"Sigma":1.4213058809287893,"Taucorr":0.5899934578467152},"Iteration":23},
{"Acceptance":[0.08515406162464986],"Energy":{"Mean":-201.80645161290323,"Sigma":0.31680309966004816,"Taucorr":0.2552906347488385},"EnergyVariance":{"Mean":8.172216441207077,"Sigma":1.781821499681729,"Taucorr":0.2252225583757551},"Iteration":24},
{"Acceptance":[0.0726890756302521],"Energy":{"Mean":-202.67741935483866,"Sigma":0.2181895041688497,"Taucorr":0.1379378755243167},"EnergyVariance":{"Mean":4.5894901144641,"Sigma":0.6512002118980971,"Taucorr":0.12470133279426632},"Iteration":25},
{"Acceptance":[0.0850140056022409],"Energy":{"Mean":-202.35483870967738,"Sigma":0.3157543862976113,"Taucorr":0.35777258170172554},"EnergyVariance":{"Mean":7.148283038501561,"Sigma":1.8353699226193074,"Taucorr":0.3197024690457543},"Iteration":26},
{"Acceptance":[0.061764705882352944],"Energy":{"Mean":-203.52419354838713,"Sigma":0.19789036510341554,"Taucorr":0.21286503551696934},"EnergyVariance":{"Mean":3.378446930280957,"Sigma":0.4975070931801061,"Taucorr":0.350580714183941},"Iteration":27},
{"Acceptance":[0.06358543417366946],"Energy":{"Mean":-203.45161290322582,"Sigma":0.3037444089575065,"Taucorr":0.21450484832601735},"EnergyVariance":{"Mean":7.941207075962539,"Sigma":1.3202727347722663,"Taucorr":0.16028121472939671},"Iteration":28},
{"Acceptance":[0.06512605042016807],"Energy":{"Mean":-203.38709677419357,"Sigma":0.3093173870385956,"Taucorr":0.3754712416782784},"EnergyVariance":{"Mean":6.721123829344434,"Sigma":1.2361842147217872,"Taucorr":0.6560002687129434},"Iteration":29} 
]}