{"Output": [
{"Acceptance":[0.8416498993963782],"Energy":{"Mean":-305.5241935483871,"Sigma":1.1007301363912512,"Taucorr":0.01135927967590078},"EnergyVariance":{"Mean":145.71715660770033,"Sigma":18.363620611012866,"Taucorr":-0.06461485361810548},"Iteration":0},
{"Acceptance":[0.8094567404426559],"Energy":{"Mean":-304.8870967741935,"Sigma":1.3892752959996528,"Taucorr":0.2586864184844694},"EnergyVariance":{"Mean":156.45499479708639,"Sigma":18.492664097131797,"Taucorr":-0.044601269813856814},"Iteration":1},
{"Acceptance":[0.7538229376257545],"Energy":{"Mean":-310.99999999999994,"Sigma":1.0076988584132227,"Taucorr":0.0067317759455568504},"EnergyVariance":{"Mean":123.24193548387096,"Sigma":11.587619017675133,"Taucorr":-0.159122612508792},"Iteration":2},
{"Acceptance":[0.6965794768611671],"Energy":{"Mean":-312.5645161290323,"Sigma":1.1864471983873615,"Taucorr":0.2392861030579707},"EnergyVariance":{"Mean":117.1006763787721,"Sigma":11.41336920576218,"Taucorr":-0.12032309465697483},"Iteration":3},
{"Acceptance":[0.6244466800804829],"Energy":{"Mean":-317.0725806451614,"Sigma":1.5332862990267713,"Taucorr":0.33270713542737707},"EnergyVariance":{"Mean":173.63182882414154,"Sigma":27.36786606264676,"Taucorr":0.23224735358696869},"Iteration":4},
{"Acceptance":[0.5184104627766599],"Energy":{"Mean":-327.3306451612902,"Sigma":1.2559207679518931,"Taucorr":0.22842298088507473},"EnergyVariance":{"Mean":133.17293184183143,"Sigma":19.383455956211726,"Taucorr":0.211240125192241},"Iteration":5},
{"Acceptance":[0.4416498993963783],"Energy":{"Mean":-333.96774193548384,"Sigma":1.1847338714526525,"Taucorr":0.0988523976249358},"EnergyVariance":{"Mean":144.14412070759622,"Sigma":16.360985236554104,"Taucorr":-0.07532741257325076},"Iteration":6},
{"Acceptance":[0.38309859154929576],"Energy":{"Mean":-342.7096774193548,"Sigma":0.8645572530742068,"Taucorr":0.06855984066513898},"EnergyVariance":{"Mean":80.8511966701353,"Sigma":12.113952892715698,"Taucorr":0.1687092913399717},"Iteration":7},
{"Acceptance":[0.3380281690140845],"Energy":{"Mean":-346.71774193548384,"Sigma":1.3178745277523096,"Taucorr":0.5034596634306674},"EnergyVariance":{"Mean":106.44452393340268,"Sigma":16.23628467860728,"Taucorr":0.13923547387281243},"Iteration":8},
{"Acceptance":[0.31327967806841045],"Energy":{"Mean":-351.4516129032258,"Sigma":1.2017806767481336,"Taucorr":0.60022717605661},"EnergyVariance":{"Mean":80.73152965660769,"Sigma":15.400352498514657,"Taucorr":0.14898152867340952},"Iteration":9},
{"Acceptance":[0.2720321931589537],"Energy":{"Mean":-357.9435483870967,"Sigma":0.5364045072070757,"Taucorr":-0.12482891563606785},"EnergyVariance":{"Mean":47.16616805411031,"Sigma":3.741252963322972,"Taucorr":-0.223251763320579},"Iteration":10},
{"Acceptance":[0.2385311871227364],"Energy":{"Mean":-361.79838709677415,"Sigma":0.843334025683875,"Taucorr":0.3920626330554501},"EnergyVariance":{"Mean":49.03193288241415,"Sigma":7.261989287193966,"Taucorr":0.05750532191270319},"Iteration":11},
{"Acceptance":[0.22635814889336017],"Energy":{"Mean":-362.20161290322585,"Sigma":0.560508044655456,"Taucorr":0.02311701575059677},"EnergyVariance":{"Mean":36.935158688865776,"Sigma":4.836188682708968,"Taucorr":0.0053801578172600895},"Iteration":12},
{"Acceptance":[0.2012072434607646],"Energy":{"Mean":-364.89516129032256,"Sigma":0.6970342505534993,"Taucorr":0.2924360834041966},"EnergyVariance":{"Mean":37.70675078043704,"Sigma":7.021775840407263,"Taucorr":-0.02544031775174599},"Iteration":13},
{"Acceptance":[0.1772635814889336],"Energy":{"Mean":-367.53225806451616,"Sigma":0.6678828223923393,"Taucorr":0.1995271942102439},"EnergyVariance":{"Mean":39.21670135275755,"Sigma":5.527374561924872,"Taucorr":-0.11428872821417857},"Iteration":14},
{"Acceptance":[0.15352112676056337],"Energy":{"Mean":-371.4838709677419,"Sigma":0.530638624661508,"Taucorr":0.2495054270723076},"EnergyVariance":{"Mean":23.104578563995833,"Sigma":2.622457324662152,"Taucorr":-0.14714922149156484},"Iteration":15},
{"Acceptance":[0.132897384305835],"Energy":{"Mean":-372.4516129032259,"Sigma":0.35854007942430943,"Taucorr":-0.084378760940919},"EnergyVariance":{"Mean":19.021852237252862,"Sigma":2.594767651326827,"Taucorr":-0.03482923105835789},"Iteration":16},
{"Acceptance":[0.11971830985915492],"Energy":{"Mean":-372.6774193548387,"Sigma":0.7085493233363607,"Taucorr":0.7020273349672861},"EnergyVariance":{"Mean":25.686264308012486,"Sigma":7.305567393517309,"Taucorr":0.5727310516596018},"Iteration":17},
{"Acceptance":[0.11307847082494969],"Energy":{"Mean":-374.0887096774194,"Sigma":0.43619018786089686,"Taucorr":0.2868319200206395},"EnergyVariance":{"Mean":14.871162851196672,"Sigma":2.2466701060567487,"Taucorr":-0.015575352050184121},"Iteration":18},
{"Acceptance":[0.09929577464788733],"Energy":{"Mean":-375.62903225806457,"Sigma":0.3779669311468705,"Taucorr":0.34131044017637135},"EnergyVariance":{"Mean":10.443028095733611,"Sigma":2.4870054837075943,"Taucorr":0.061602926203970676},"Iteration":19},
{"Acceptance":[0.09336016096579478],"Energy":{"Mean":-376.02419354838713,"Sigma":0.2682467064578702,"Taucorr":-0.08893741957699486},"EnergyVariance":{"Mean":10.765543704474506,"Sigma":1.844540305876364,"Taucorr":-0.0050647178257886005},"Iteration":20},
{"Acceptance":[0.08329979879275654],"Energy":{"Mean":-376.56451612903226,"Sigma":0.4046051676115823,"Taucorr":0.2859172877363325},"EnergyVariance":{"Mean":12.81035379812695,"Sigma":1.8891461238933964,"Taucorr":0.11234321423404037},"Iteration":21},
{"Acceptance":[0.07686116700201208],"Energy":{"Mean":-376.8064516129032,"Sigma":0.3432744124367303,"Taucorr":0.28049562927265903},"EnergyVariance":{"Mean":9.285119667013527,"Sigma":1.5893741729702457,"Taucorr":0.0707580787411124},"Iteration":22},
{"Acceptance":[0.06841046277665996],"Energy":{"Mean":-377.0887096774194,"Sigma":0.41551697089818734,"Taucorr":0.4989665616300052},"EnergyVariance":{"Mean":10.629227367325704,"Sigma":2.2774086440308654,"Taucorr":0.26110980482381163},"Iteration":23},
{"Acceptance":[0.06629778672032194],"Energy":{"Mean":-377.70967741935476,"Sigma":0.264142143173345,"Taucorr":0.24776951672862213},"EnergyVariance":{"Mean":5.738293444328824,"Sigma":0.6863452133496273,"Taucorr":0.03862414389218771},"Iteration":24},
{"Acceptance":[0.057645875251509056],"Energy":{"Mean":-378.5887096774193,"Sigma":0.25886133703989667,"Taucorr":0.20384995612427714},"EnergyVariance":{"Mean":5.8550338189386055,"Sigma":0.9266004082025338,"Taucorr":0.0007786925156448854},"Iteration":25},
{"Acceptance":[0.05221327967806841],"Energy":{"Mean":-378.79838709677415,"Sigma":0.23629628602699138,"Taucorr":0.3834864380971563},"EnergyVariance":{"Mean":3.8867715920915717,"Sigma":0.7854734431870961,"Taucorr":0.260518874304447},"Iteration":26},
{"Acceptance":[0.04869215291750503],"Energy":{"Mean":-379.15322580645164,"Sigma":0.23235511711799817,"Taucorr":0.372122858265425},"EnergyVariance":{"Mean":3.807167013527576,"Sigma":1.3778600082559058,"Taucorr":0.6952849904837766},"Iteration":27},
{"Acceptance":[0.04154929577464789],"Energy":{"Mean":-379.37096774193554,"Sigma":0.2250659902457814,"Taucorr":0.059086558662870825},"EnergyVariance":{"Mean":5.572060353798126,"Sigma":2.5021942118582206,"Taucorr":-0.006514038123552501},"Iteration":28},
{"Acceptance":[0.04426559356136821],"Energy":{"Mean":-379.08064516129036,"Sigma":0.24929661716490417,"Taucorr":0.26296152048605703},"EnergyVariance":{"Mean":5.009625390218523,"Sigma":1.4233663354458372,"Taucorr":0.17186277036640563},"Iteration":29},
{"Acceptance":[0.04104627766599597],"Energy":{"Mean":-379.03225806451604,"Sigma":0.28791564986295065,"Taucorr":0.2072167087694039},"EnergyVariance":{"Mean":7.2086368366285125,"Sigma":2.4779055663697385,"Taucorr":0.1918062638353616},"Iteration":30},
{"Acceptance":[0.03571428571428571],"Energy":{"Mean":-379.91129032258067,"Sigma":0.14034729729173032,"Taucorr":0.0913298834883648},"EnergyVariance":{"Mean":2.04858220603538,"Sigma":0.6055807783023526,"Taucorr":0.21731717943670426},"Iteration":31},
{"Acceptance":[0.035311871227364185],"Energy":{"Mean":-379.91935483870975,"Sigma":0.14773700512973933,"Taucorr":0.13725453871806914},"EnergyVariance":{"Mean":2.1063995837669096,"Sigma":0.6747500467994724,"Taucorr":0.09354450952170357},"Iteration":32},
{"Acceptance":[0.028672032193158954],"Energy":{"Mean":-379.9274193548387,"Sigma":0.13480050392517312,"Taucorr":0.03638520368346987},"EnergyVariance":{"Mean":2.083441727367326,"Sigma":0.8097169989962362,"Taucorr":-0.0320539941354529},"Iteration":33},
{"Acceptance":[0.03319919517102616],"Energy":{"Mean":-379.5322580645161,"Sigma":0.2745333125789547,"Taucorr":0.603460395119837},"EnergyVariance":{"Mean":4.20057232049948,"Sigma":1.4508163964870124,"Taucorr":0.5696884256173318},"Iteration":34},
{"Acceptance":[0.029577464788732393],"Energy":{"Mean":-379.89516129032256,"Sigma":0.17952079040214694,"Taucorr":0.21105952075410694},"EnergyVariance":{"Mean":2.7873959417273673,"Sigma":0.7885957210937914,"Taucorr":0.07603603138475468},"Iteration":35},
{"Acceptance":[0.02676056338028169],"Energy":{"Mean":-379.98387096774195,"Sigma":0.1321531186043317,"Taucorr":0.15943140073470785},"EnergyVariance":{"Mean":1.6287721123829348,"Sigma":0.36155198692980506,"Taucorr":-0.03536400821451402},"Iteration":36},
{"Acceptance":[0.021730382293762576],"Energy":{"Mean":-380.05645161290323,"Sigma":0.268085024382752,"Taucorr":1.019883707927986},"EnergyVariance":{"Mean":2.9081035379812694,"Sigma":1.6962051651973886,"Taucorr":1.479121682985214},"Iteration":37},
{"Acceptance":[0.0210261569416499],"Energy":{"Mean":-380.3709677419355,"Sigma":0.13109903901185097,"Taucorr":-0.023278188431286373},"EnergyVariance":{"Mean":2.217221644120708,"Sigma":0.8617486336764203,"Taucorr":-0.03402149059806997},"Iteration":38},
{"Acceptance":[0.016398390342052312],"Energy":{"Mean":-380.33064516129036,"Sigma":0.139308534720576,"Taucorr":0.11296636494205325},"EnergyVariance":{"Mean":1.947125390218522,"Sigma":0.53383875342795,"Taucorr":0.03341153200377578},"Iteration":39},
{"Acceptance":[0.018611670020120725],"Energy":{"Mean":-380.3145161290322,"Sigma":0.12322271008889081,"Taucorr":0.15517681952999707},"EnergyVariance":{"Mean":1.4252731529656608,"Sigma":0.5844772503969615,"Taucorr":0.009318474713255087},"Iteration":40},
{"Acceptance":[0.017806841046277666],"Energy":{"Mean":-380.53225806451604,"Sigma":0.0932838305865864,"Taucorr":0.3007687816270651},"EnergyVariance":{"Mean":0.6683142559833507,"Sigma":0.196546814169726,"Taucorr":0.21273163668374206},"Iteration":41},
{"Acceptance":[0.017806841046277666],"Energy":{"Mean":-380.28225806451616,"Sigma":0.18576416409472052,"Taucorr":0.5001501823642927},"EnergyVariance":{"Mean":2.121943288241415,"Sigma":1.0155332215407114,"Taucorr":0.5923066686192886},"Iteration":42},
{"Acceptance":[0.014285714285714285],"Energy":{"Mean":-380.467741935484,"Sigma":0.1134395861927119,"Taucorr":-0.011450136502337727},"EnergyVariance":{"Mean":1.6199271592091575,"Sigma":0.8800803280536869,"Taucorr":-0.009286515161931685},"Iteration":43},
{"Acceptance":[0.011770623742454729],"Energy":{"Mean":-380.5241935483871,"Sigma":0.09154794759190314,"Taucorr":0.10912304972714704},"EnergyVariance":{"Mean":0.8461888657648284,"Sigma":0.28504208945148896,"Taucorr":0.021878993073984665},"Iteration":44},
{"Acceptance":[0.012474849094567404],"Energy":{"Mean":-380.524193548387,"Sigma":0.11439111759030268,"Taucorr":0.26216815522018955},"EnergyVariance":{"Mean":1.055866285119667,"Sigma":0.32866956479396725,"Taucorr":0.19484431000197},"Iteration":45},
{"Acceptance":[0.012474849094567404],"Energy":{"Mean":-380.5403225806451,"Sigma":0.12545442892019476,"Taucorr":0.09773484878911509},"EnergyVariance":{"Mean":1.6193418314255985,"Sigma":0.7274806157825149,"Taucorr":0.01909075597833032},"Iteration":46},
{"Acceptance":[0.012374245472837022],"Energy":{"Mean":-380.4435483870967,"Sigma":0.11976100608240632,"Taucorr":-0.008647610766949088},"EnergyVariance":{"Mean":1.7952003121748175,"Sigma":0.5330920050063412,"Taucorr":-0.06485612352785353},"Iteration":47},
{"Acceptance":[0.012776659959758551],"Energy":{"Mean":-380.3548387096775,"Sigma":0.24173827087568425,"Taucorr":0.6967212404712371},"EnergyVariance":{"Mean":3.0031217481789794,"Sigma":2.0104562130263397,"Taucorr":0.49279526218353376},"Iteration":48},
{"Acceptance":[0.012474849094567404],"Energy":{"Mean":-380.49193548387103,"Sigma":0.13494516557001182,"Taucorr":0.12276228707822379},"EnergyVariance":{"Mean":1.7983220603537984,"Sigma":0.6826131838001672,"Taucorr":0.017447328894183767},"Iteration":49} 
]}