{"Output": [
{"Acceptance":[0.8582494969818913],"Energy":{"Mean":-304.33870967741933,"Sigma":1.5472203825713369,"Taucorr":0.34036097660211806},"EnergyVariance":{"Mean":175.1917273673257,"Sigma":17.514650175130722,"Taucorr":-0.15865902629730738},"Iteration":0},
{"Acceptance":[0.8388329979879275],"Energy":{"Mean":-305.4032258064516,"Sigma":1.3443768502561626,"Taucorr":0.2550655275337572},"EnergyVariance":{"Mean":147.20837669094692,"Sigma":19.318198989579376,"Taucorr":0.05996072195505153},"Iteration":1},
{"Acceptance":[0.8105633802816902],"Energy":{"Mean":-305.4032258064517,"Sigma":0.8383994463462617,"Taucorr":-0.10532447267104644},"EnergyVariance":{"Mean":109.53095733610826,"Sigma":16.37803819808724,"Taucorr":0.08712862275621347},"Iteration":2},
{"Acceptance":[0.7919517102615694],"Energy":{"Mean":-306.5887096774194,"Sigma":1.1037295272091987,"Taucorr":0.058972537499704214},"EnergyVariance":{"Mean":134.0324531737773,"Sigma":14.354016758975797,"Taucorr":-0.06329704797822416},"Iteration":3},
{"Acceptance":[0.7477867203219316],"Energy":{"Mean":-309.55645161290323,"Sigma":1.0685326637106514,"Taucorr":0.052458329389070246},"EnergyVariance":{"Mean":127.10165192507806,"Sigma":11.870454303600823,"Taucorr":-0.17143861259931525},"Iteration":4},
{"Acceptance":[0.7186116700201207],"Energy":{"Mean":-309.99999999999994,"Sigma":1.1428835442418988,"Taucorr":0.15429256437204375},"EnergyVariance":{"Mean":122.77419354838709,"Sigma":17.49120114760125,"Taucorr":0.10257464225371804},"Iteration":5},
{"Acceptance":[0.6559356136820925],"Energy":{"Mean":-315.0887096774193,"Sigma":1.3598282419953145,"Taucorr":0.21938933232290614},"EnergyVariance":{"Mean":158.08084027055153,"Sigma":22.463300384632063,"Taucorr":-0.07626860742358915},"Iteration":6},
{"Acceptance":[0.5639839034205232],"Energy":{"Mean":-325.12903225806446,"Sigma":1.2714223983472515,"Taucorr":0.25675822989853203},"EnergyVariance":{"Mean":131.37044745057233,"Sigma":13.515504268454295,"Taucorr":-0.06793775894553933},"Iteration":7},
{"Acceptance":[0.46911468812877266],"Energy":{"Mean":-329.74193548387086,"Sigma":1.4945008458866353,"Taucorr":0.37637101913999205},"EnergyVariance":{"Mean":156.7398543184183,"Sigma":19.576255228209437,"Taucorr":0.2207859462185301},"Iteration":8},
{"Acceptance":[0.3822937625754527],"Energy":{"Mean":-337.75806451612914,"Sigma":1.2707145918949707,"Taucorr":0.36761395533837127},"EnergyVariance":{"Mean":114.45759625390217,"Sigma":17.99996985116875,"Taucorr":0.035630869792604214},"Iteration":9},
{"Acceptance":[0.33883299798792754],"Energy":{"Mean":-344.98387096774195,"Sigma":1.158357632057602,"Taucorr":0.5123210849314004},"EnergyVariance":{"Mean":81.5158688865765,"Sigma":12.619621722034884,"Taucorr":0.27441164110124283},"Iteration":10},
{"Acceptance":[0.29225352112676056],"Energy":{"Mean":-348.96774193548384,"Sigma":0.9274590921828106,"Taucorr":0.14718024773083127},"EnergyVariance":{"Mean":81.74089490114463,"Sigma":10.803323153939147,"Taucorr":0.15973801268845655},"Iteration":11},
{"Acceptance":[0.26116700201207244],"Energy":{"Mean":-353.35483870967744,"Sigma":0.9940531639108816,"Taucorr":0.3942822661531743},"EnergyVariance":{"Mean":67.95473465140479,"Sigma":8.345559310341113,"Taucorr":0.06917379164499005},"Iteration":12},
{"Acceptance":[0.23782696177062373],"Energy":{"Mean":-357.2016129032258,"Sigma":0.7008462007856917,"Taucorr":0.1783424830186784},"EnergyVariance":{"Mean":44.53193288241416,"Sigma":5.076690164929927,"Taucorr":-0.08718539825329852},"Iteration":13},
{"Acceptance":[0.21187122736418512],"Energy":{"Mean":-359.57258064516134,"Sigma":0.7959232101802539,"Taucorr":0.3516798389470124},"EnergyVariance":{"Mean":45.744732049947984,"Sigma":7.743987401595512,"Taucorr":0.24670232595083208},"Iteration":14},
{"Acceptance":[0.20482897384305834],"Energy":{"Mean":-360.49193548387103,"Sigma":0.7742047490229212,"Taucorr":0.36983405947340586},"EnergyVariance":{"Mean":42.378967221644125,"Sigma":7.494141318395861,"Taucorr":0.3054556544312045},"Iteration":15},
{"Acceptance":[0.19124748490945673],"Energy":{"Mean":-364.7661290322581,"Sigma":0.417354617638737,"Taucorr":-0.009517329275594288},"EnergyVariance":{"Mean":21.840465660770025,"Sigma":2.2046244814325124,"Taucorr":-0.09036813471264615},"Iteration":16},
{"Acceptance":[0.1750503018108652],"Energy":{"Mean":-365.03225806451616,"Sigma":0.6714954758776721,"Taucorr":0.5388956298851983},"EnergyVariance":{"Mean":26.692507804370443,"Sigma":4.963966614366112,"Taucorr":0.42728051434804315},"Iteration":17},
{"Acceptance":[0.16156941649899395],"Energy":{"Mean":-366.5564516129033,"Sigma":0.576384457340667,"Taucorr":0.5147791032337521},"EnergyVariance":{"Mean":20.133909989594173,"Sigma":2.427727143946565,"Taucorr":0.1370313486925353},"Iteration":18},
{"Acceptance":[0.15663983903420522],"Energy":{"Mean":-367.02419354838713,"Sigma":0.5429601807601405,"Taucorr":0.379254018968077},"EnergyVariance":{"Mean":20.62038241415193,"Sigma":3.26126670628463,"Taucorr":0.09080492843983323},"Iteration":19},
{"Acceptance":[0.1460764587525151],"Energy":{"Mean":-367.8709677419355,"Sigma":0.44734445962447295,"Taucorr":0.39985306425229206},"EnergyVariance":{"Mean":13.676899063475545,"Sigma":1.792043509443306,"Taucorr":0.057732624867043114},"Iteration":20},
{"Acceptance":[0.14175050301810865],"Energy":{"Mean":-369.19354838709677,"Sigma":0.5642472477933652,"Taucorr":0.43548958436909757},"EnergyVariance":{"Mean":20.930280957336112,"Sigma":3.53663736309855,"Taucorr":-0.006597251575069296},"Iteration":21},
{"Acceptance":[0.13279678068410464],"Energy":{"Mean":-371.4274193548388,"Sigma":0.3888903341399881,"Taucorr":0.24487408526263255},"EnergyVariance":{"Mean":12.486667533818938,"Sigma":1.921411881128512,"Taucorr":0.151024454572953},"Iteration":22},
{"Acceptance":[0.12867203219315895],"Energy":{"Mean":-369.4596774193549,"Sigma":0.551159185847695,"Taucorr":0.5148067418667668},"EnergyVariance":{"Mean":18.40966441207076,"Sigma":2.3478000281541593,"Taucorr":-0.02684942038005611},"Iteration":23},
{"Acceptance":[0.11680080482897384],"Energy":{"Mean":-372.04838709677415,"Sigma":0.29771065435230926,"Taucorr":0.15134290776834736},"EnergyVariance":{"Mean":8.368626430801248,"Sigma":1.2726412110746492,"Taucorr":0.06141140304307635},"Iteration":24},
{"Acceptance":[0.11659959758551308],"Energy":{"Mean":-372.42741935483866,"Sigma":0.4194840578415489,"Taucorr":0.5288087597920099},"EnergyVariance":{"Mean":10.518925598335068,"Sigma":3.110683381971127,"Taucorr":0.43905031685429763},"Iteration":25},
{"Acceptance":[0.10824949698189135],"Energy":{"Mean":-372.4999999999999,"Sigma":0.38011741253437503,"Taucorr":0.14099767306573674},"EnergyVariance":{"Mean":13.862903225806448,"Sigma":3.489054288280592,"Taucorr":-0.04445569366987456},"Iteration":26},
{"Acceptance":[0.10503018108651911],"Energy":{"Mean":-373.5241935483871,"Sigma":0.3382741695800392,"Taucorr":0.23273878449297847},"EnergyVariance":{"Mean":9.60425338189386,"Sigma":2.210475072831092,"Taucorr":-0.04994595108873329},"Iteration":27},
{"Acceptance":[0.096579476861167],"Energy":{"Mean":-373.9516129032258,"Sigma":0.32074747940215675,"Taucorr":0.4884657589920729},"EnergyVariance":{"Mean":6.400884495317378,"Sigma":1.1119351617512399,"Taucorr":0.24002939574006765},"Iteration":28},
{"Acceptance":[0.0954728370221328],"Energy":{"Mean":-373.97580645161287,"Sigma":0.24901819003107994,"Taucorr":-0.019874560922284956},"EnergyVariance":{"Mean":7.9429630593132154,"Sigma":1.1520239042925349,"Taucorr":-0.04271334053102477},"Iteration":29},
{"Acceptance":[0.08943661971830986],"Energy":{"Mean":-374.5645161290323,"Sigma":0.35920456887845403,"Taucorr":0.4974485791831502},"EnergyVariance":{"Mean":7.955515088449532,"Sigma":1.229293120531104,"Taucorr":0.21711340447495753},"Iteration":30},
{"Acceptance":[0.08430583501006036],"Energy":{"Mean":-375.12096774193543,"Sigma":0.3921047026175207,"Taucorr":0.4859418550241027},"EnergyVariance":{"Mean":9.59020551508845,"Sigma":2.3168006500517917,"Taucorr":0.37839251698224285},"Iteration":31},
{"Acceptance":[0.07645875251509054],"Energy":{"Mean":-375.9838709677419,"Sigma":0.26537037514417744,"Taucorr":0.09938973897389192},"EnergyVariance":{"Mean":7.225546305931321,"Sigma":1.432110188645465,"Taucorr":-0.06096255859241073},"Iteration":32},
{"Acceptance":[0.08128772635814889],"Energy":{"Mean":-375.1209677419355,"Sigma":0.37529038358093525,"Taucorr":0.29845326522904636},"EnergyVariance":{"Mean":10.848270031217483,"Sigma":2.3244132790177727,"Taucorr":0.07849779334936813},"Iteration":33},
{"Acceptance":[0.07283702213279677],"Energy":{"Mean":-376.241935483871,"Sigma":0.2627102002656567,"Taucorr":0.17069305709705362},"EnergyVariance":{"Mean":6.328563995837668,"Sigma":0.7821767867570104,"Taucorr":0.08348095787022258},"Iteration":34},
{"Acceptance":[0.07293762575452717],"Energy":{"Mean":-375.36290322580646,"Sigma":0.3610466247996557,"Taucorr":0.28853719542230005},"EnergyVariance":{"Mean":10.166688345473466,"Sigma":2.750104891555366,"Taucorr":-0.023605036151353287},"Iteration":35},
{"Acceptance":[0.05744466800804829],"Energy":{"Mean":-376.86290322580646,"Sigma":0.23783259385243768,"Taucorr":0.27211981234212246},"EnergyVariance":{"Mean":4.50539802289282,"Sigma":0.6626962159227586,"Taucorr":0.044379718058693784},"Iteration":36},
{"Acceptance":[0.05412474849094567],"Energy":{"Mean":-377.23387096774195,"Sigma":0.2688924625835941,"Taucorr":0.4535921003082316},"EnergyVariance":{"Mean":4.663046305931322,"Sigma":1.0282604025576825,"Taucorr":0.4650128756204499},"Iteration":37},
{"Acceptance":[0.05291750503018108],"Energy":{"Mean":-377.47580645161287,"Sigma":0.2580309117905692,"Taucorr":0.27055331856511444},"EnergyVariance":{"Mean":5.3139308012487,"Sigma":2.5770288122973533,"Taucorr":0.038772226145755484},"Iteration":38},
{"Acceptance":[0.044567404426559355],"Energy":{"Mean":-377.7741935483871,"Sigma":0.16573185636342305,"Taucorr":0.12030712648070296},"EnergyVariance":{"Mean":2.723204994797086,"Sigma":0.40059889171379703,"Taucorr":0.12257269167837326},"Iteration":39},
{"Acceptance":[0.0437625754527163],"Energy":{"Mean":-378.20161290322585,"Sigma":0.22612304994157503,"Taucorr":0.49992348257677466},"EnergyVariance":{"Mean":3.144836108220604,"Sigma":0.7815338380762525,"Taucorr":0.372997069518719},"Iteration":40},
{"Acceptance":[0.044567404426559355],"Energy":{"Mean":-377.55645161290323,"Sigma":0.22321865859648268,"Taucorr":0.022949200324093977},"EnergyVariance":{"Mean":5.859716441207075,"Sigma":2.4501831168079136,"Taucorr":0.2412633021594709},"Iteration":41},
{"Acceptance":[0.03329979879275654],"Energy":{"Mean":-378.08870967741933,"Sigma":0.2466300795019893,"Taucorr":0.43894611404038475},"EnergyVariance":{"Mean":3.9840660770031215,"Sigma":0.6862208183563492,"Taucorr":0.07307889047581184},"Iteration":42},
{"Acceptance":[0.030784708249496983],"Energy":{"Mean":-378.4274193548387,"Sigma":0.2519263280866294,"Taucorr":0.4992807073044846},"EnergyVariance":{"Mean":3.9060223725286156,"Sigma":0.7427898833475327,"Taucorr":0.40380160050827296},"Iteration":43},
{"Acceptance":[0.037826961770623745],"Energy":{"Mean":-378.258064516129,"Sigma":0.19554303728629377,"Taucorr":0.218673477500408},"EnergyVariance":{"Mean":3.2721123829344436,"Sigma":0.8721367194546423,"Taucorr":-0.05008558169842847},"Iteration":44},
{"Acceptance":[0.03420523138832998],"Energy":{"Mean":-377.9758064516129,"Sigma":0.25646344734985055,"Taucorr":0.5301098063896388},"EnergyVariance":{"Mean":3.9268340270551514,"Sigma":0.9301355997650542,"Taucorr":0.44443463747702705},"Iteration":45},
{"Acceptance":[0.02716297786720322],"Energy":{"Mean":-378.93548387096786,"Sigma":0.1627088161787676,"Taucorr":0.2328629976580756},"EnergyVariance":{"Mean":2.2216441207075963,"Sigma":0.7242473217931509,"Taucorr":0.033115600121209066},"Iteration":46},
{"Acceptance":[0.019416498993963784],"Energy":{"Mean":-379.04838709677426,"Sigma":0.15572383659790928,"Taucorr":0.3989846322722195},"EnergyVariance":{"Mean":1.6589490114464098,"Sigma":0.43549876874121446,"Taucorr":0.005801860913889567},"Iteration":47},
{"Acceptance":[0.01579476861167002],"Energy":{"Mean":-379.1612903225806,"Sigma":0.15184722226914715,"Taucorr":0.3187068188645028},"EnergyVariance":{"Mean":1.7320499479708638,"Sigma":0.3981390629359228,"Taucorr":0.05114208977452783},"Iteration":48},
{"Acceptance":[0.01579476861167002],"Energy":{"Mean":-379.0,"Sigma":0.22179618659277467,"Taucorr":0.4018028846153858},"EnergyVariance":{"Mean":3.354838709677418,"Sigma":0.9755598195387297,"Taucorr":0.18935473987376672},"Iteration":49} 
]}