{"Output": [
{"Acceptance":[0.8981946624803767],"Energy":{"Mean":-510.94354838709677,"Sigma":1.243786150791385,"Taucorr":-0.011707074466398348},"EnergyVariance":{"Mean":194.84358740894905,"Sigma":23.276996928350115,"Taucorr":-0.08759775330188496},"Iteration":0},
{"Acceptance":[0.8866562009419152],"Energy":{"Mean":-512.7903225806451,"Sigma":1.5176867998166954,"Taucorr":-0.03838770494791166},"EnergyVariance":{"Mean":306.87539021852234,"Sigma":53.254017034612026,"Taucorr":-0.05150117302363416},"Iteration":1},
{"Acceptance":[0.8841444270015698],"Energy":{"Mean":-514.2741935483868,"Sigma":1.449942288372713,"Taucorr":0.024677093967104158},"EnergyVariance":{"Mean":246.42481789802292,"Sigma":32.52832084649921,"Taucorr":0.11071854353231902},"Iteration":2},
{"Acceptance":[0.8642072213500785],"Energy":{"Mean":-514.9274193548387,"Sigma":1.4215693257458446,"Taucorr":0.01822226380352343},"EnergyVariance":{"Mean":239.8253772112383,"Sigma":27.55540011721447,"Taucorr":-0.04992871914603153},"Iteration":3},
{"Acceptance":[0.8524332810047096],"Energy":{"Mean":-514.3548387096772,"Sigma":1.3913023890738179,"Taucorr":0.011490663617502173},"EnergyVariance":{"Mean":232.74505723205002,"Sigma":27.645420766233226,"Taucorr":-0.08636466458743858},"Iteration":4},
{"Acceptance":[0.8368131868131868],"Energy":{"Mean":-516.766129032258,"Sigma":1.3718039827857917,"Taucorr":0.05727079565649751},"EnergyVariance":{"Mean":207.6791753381894,"Sigma":29.594470393809413,"Taucorr":0.1402001309044021},"Iteration":5},
{"Acceptance":[0.8187598116169544],"Energy":{"Mean":-517.0161290322582,"Sigma":1.6952231862082128,"Taucorr":0.32098918687682243},"EnergyVariance":{"Mean":215.27393340270552,"Sigma":33.592623524774844,"Taucorr":0.13721645180349507},"Iteration":6},
{"Acceptance":[0.7920722135007849],"Energy":{"Mean":-519.8629032258067,"Sigma":1.5204625211370526,"Taucorr":0.0712719473032134},"EnergyVariance":{"Mean":248.87636576482834,"Sigma":28.54310865059846,"Taucorr":-0.003188519359342501},"Iteration":7},
{"Acceptance":[0.7150706436420722],"Energy":{"Mean":-526.25,"Sigma":1.7514203145674538,"Taucorr":0.24810076992572383},"EnergyVariance":{"Mean":252.17137096774192,"Sigma":35.60227663427622,"Taucorr":0.0861217931177809},"Iteration":8},
{"Acceptance":[0.6048665620094191],"Energy":{"Mean":-538.508064516129,"Sigma":1.4607537765004006,"Taucorr":0.05878491377603501},"EnergyVariance":{"Mean":234.84670915712803,"Sigma":23.189675658630144,"Taucorr":-0.026119209284716782},"Iteration":9},
{"Acceptance":[0.5172684458398744],"Energy":{"Mean":-550.3306451612904,"Sigma":1.5539313262724077,"Taucorr":0.1431572946391273},"EnergyVariance":{"Mean":230.89873829344432,"Sigma":24.285516909715856,"Taucorr":-0.1716711792546201},"Iteration":10},
{"Acceptance":[0.41569858712715857],"Energy":{"Mean":-563.5080645161291,"Sigma":1.8896109526961953,"Taucorr":0.26284149375793386},"EnergyVariance":{"Mean":287.862838189386,"Sigma":38.16130767546468,"Taucorr":0.18105134090486097},"Iteration":11},
{"Acceptance":[0.3457613814756672],"Energy":{"Mean":-575.6935483870967,"Sigma":1.369537520902044,"Taucorr":0.3271619194012646},"EnergyVariance":{"Mean":139.45447450572325,"Sigma":15.572981232894808,"Taucorr":0.07071733839111549},"Iteration":12},
{"Acceptance":[0.2934065934065934],"Energy":{"Mean":-583.7258064516128,"Sigma":1.5448211626456203,"Taucorr":0.4922882505131406},"EnergyVariance":{"Mean":147.90868886576484,"Sigma":24.00922404446147,"Taucorr":0.15915827536973937},"Iteration":13},
{"Acceptance":[0.24411302982731553],"Energy":{"Mean":-591.9435483870967,"Sigma":1.2800007181102717,"Taucorr":0.4664192366638851},"EnergyVariance":{"Mean":104.26294224765871,"Sigma":12.615372266457484,"Taucorr":0.050978445062525246},"Iteration":14},
{"Acceptance":[0.21051805337519625],"Energy":{"Mean":-595.733870967742,"Sigma":0.8591643448654233,"Taucorr":0.13290938386030027},"EnergyVariance":{"Mean":71.7275624349636,"Sigma":8.082314494417492,"Taucorr":-0.06166039043906363},"Iteration":15},
{"Acceptance":[0.17888540031397174],"Energy":{"Mean":-600.9193548387096,"Sigma":0.7170529494828966,"Taucorr":0.007825862623611513},"EnergyVariance":{"Mean":62.267689906347556,"Sigma":7.102212245760852,"Taucorr":-0.01271917670425593},"Iteration":16},
{"Acceptance":[0.15259026687598115],"Energy":{"Mean":-606.4274193548387,"Sigma":0.9005817674950453,"Taucorr":0.40871778830716365},"EnergyVariance":{"Mean":54.889893340270554,"Sigma":8.849600416784297,"Taucorr":0.52804177221773},"Iteration":17},
{"Acceptance":[0.1347723704866562],"Energy":{"Mean":-607.483870967742,"Sigma":0.5486953592791565,"Taucorr":0.13406636971046437},"EnergyVariance":{"Mean":29.20135275754422,"Sigma":4.060353661453798,"Taucorr":-0.03006248292260877},"Iteration":18},
{"Acceptance":[0.12448979591836734],"Energy":{"Mean":-610.201612903226,"Sigma":0.5398649964204425,"Taucorr":0.09877531866265321},"EnergyVariance":{"Mean":29.935158688865762,"Sigma":5.644912740727738,"Taucorr":0.07821072136058116},"Iteration":19},
{"Acceptance":[0.11797488226059655],"Energy":{"Mean":-611.0645161290321,"Sigma":0.5447658742863972,"Taucorr":0.2876038415770382},"EnergyVariance":{"Mean":23.173257023933406,"Sigma":3.1561671963849696,"Taucorr":0.04830251742651048},"Iteration":20},
{"Acceptance":[0.10698587127158556],"Energy":{"Mean":-612.1129032258065,"Sigma":0.4105200461487547,"Taucorr":-0.018733012816640915},"EnergyVariance":{"Mean":21.53563995837669,"Sigma":3.9908518360989524,"Taucorr":0.06866243564622487},"Iteration":21},
{"Acceptance":[0.10156985871271586],"Energy":{"Mean":-614.25,"Sigma":0.4322359968688909,"Taucorr":0.312633680307989},"EnergyVariance":{"Mean":14.13911290322581,"Sigma":1.9674747527051226,"Taucorr":0.03778645895983612},"Iteration":22},
{"Acceptance":[0.0967817896389325],"Energy":{"Mean":-614.7177419354839,"Sigma":0.38915781957038886,"Taucorr":0.29697313721889607},"EnergyVariance":{"Mean":11.686459417273674,"Sigma":2.4023097013169403,"Taucorr":0.158671755571968},"Iteration":23},
{"Acceptance":[0.09583987441130298],"Energy":{"Mean":-614.8709677419355,"Sigma":0.36860514609641054,"Taucorr":0.21264698704295815},"EnergyVariance":{"Mean":11.72528616024974,"Sigma":1.897126446683081,"Taucorr":0.04297375424570227},"Iteration":24},
{"Acceptance":[0.08610675039246468],"Energy":{"Mean":-615.9193548387099,"Sigma":0.38230116357912375,"Taucorr":0.30696277179625386},"EnergyVariance":{"Mean":11.138657648283038,"Sigma":1.9426223168896888,"Taucorr":0.21467081862323922},"Iteration":25},
{"Acceptance":[0.08657770800627944],"Energy":{"Mean":-615.8225806451612,"Sigma":0.285678203707485,"Taucorr":-0.012283551151440697},"EnergyVariance":{"Mean":10.291103017689904,"Sigma":2.1499171869684597,"Taucorr":-0.052362802351362814},"Iteration":26},
{"Acceptance":[0.08312401883830456],"Energy":{"Mean":-616.9677419354839,"Sigma":0.25446072417110666,"Taucorr":-0.0051609879097286315},"EnergyVariance":{"Mean":8.047346514047868,"Sigma":0.9464909282905367,"Taucorr":-0.11353053892497456},"Iteration":27},
{"Acceptance":[0.08186813186813187],"Energy":{"Mean":-616.5161290322583,"Sigma":0.3223184418236774,"Taucorr":0.12433334180689215},"EnergyVariance":{"Mean":10.233610822060356,"Sigma":1.4544279818178034,"Taucorr":0.03502892315970241},"Iteration":28},
{"Acceptance":[0.07441130298273155],"Energy":{"Mean":-617.1129032258066,"Sigma":0.3101852355174034,"Taucorr":0.21207385029584214},"EnergyVariance":{"Mean":8.309833506763786,"Sigma":1.4271580141746918,"Taucorr":-0.10074573573954576},"Iteration":29},
{"Acceptance":[0.07197802197802197],"Energy":{"Mean":-617.6774193548388,"Sigma":0.312635679876113,"Taucorr":0.3039866040361878},"EnergyVariance":{"Mean":7.476586888657648,"Sigma":1.4440276838050814,"Taucorr":0.3398320913190849},"Iteration":30},
{"Acceptance":[0.06923076923076923],"Energy":{"Mean":-617.8548387096774,"Sigma":0.24859124413327524,"Taucorr":0.2257128309572295},"EnergyVariance":{"Mean":5.236992715920914,"Sigma":0.7229440908639345,"Taucorr":0.0014731265451984887},"Iteration":31},
{"Acceptance":[0.06993720565149136],"Energy":{"Mean":-617.75,"Sigma":0.25373553245477254,"Taucorr":0.24701407379231244},"EnergyVariance":{"Mean":5.300403225806452,"Sigma":0.9526835830249436,"Taucorr":0.15904119458479193},"Iteration":32},
{"Acceptance":[0.06711145996860282],"Energy":{"Mean":-617.8709677419355,"Sigma":0.2678746917925384,"Taucorr":0.09874876464774252},"EnergyVariance":{"Mean":7.37044745057232,"Sigma":1.4662381206268178,"Taucorr":0.028737632569001526},"Iteration":33},
{"Acceptance":[0.06098901098901099],"Energy":{"Mean":-618.1693548387096,"Sigma":0.24983518674150856,"Taucorr":0.23519425033941288},"EnergyVariance":{"Mean":5.221318938605619,"Sigma":0.6373402632550595,"Taucorr":-0.05685372720660631},"Iteration":34},
{"Acceptance":[0.049921507064364205],"Energy":{"Mean":-619.540322580645,"Sigma":0.2854200767067828,"Taucorr":0.4516708463562634},"EnergyVariance":{"Mean":5.264503121748179,"Sigma":1.218137092088067,"Taucorr":0.25435930107382243},"Iteration":35},
{"Acceptance":[0.04913657770800628],"Energy":{"Mean":-619.9516129032259,"Sigma":0.2463222370545696,"Taucorr":0.21437073559439557},"EnergyVariance":{"Mean":5.223465140478669,"Sigma":1.3553911368900775,"Taucorr":0.363792907576606},"Iteration":36},
{"Acceptance":[0.05416012558869702],"Energy":{"Mean":-618.774193548387,"Sigma":0.3928724584948366,"Taucorr":0.6588952232738488},"EnergyVariance":{"Mean":8.190946930280958,"Sigma":2.007248096887301,"Taucorr":0.2395178472627999},"Iteration":37},
{"Acceptance":[0.04882260596546311],"Energy":{"Mean":-619.7338709677418,"Sigma":0.1943196996744768,"Taucorr":0.14533263450864986},"EnergyVariance":{"Mean":3.598530176899064,"Sigma":0.40271797460785147,"Taucorr":0.030722983684290273},"Iteration":38},
{"Acceptance":[0.044897959183673466],"Energy":{"Mean":-619.7177419354838,"Sigma":0.24722707757771756,"Taucorr":0.4264382002660969},"EnergyVariance":{"Mean":4.0574271592091575,"Sigma":0.9025554284162368,"Taucorr":0.3430863410543772},"Iteration":39},
{"Acceptance":[0.03956043956043956],"Energy":{"Mean":-620.3790322580643,"Sigma":0.19908087449318937,"Taucorr":0.5239078764036196},"EnergyVariance":{"Mean":2.3805280957336103,"Sigma":0.3066946596158191,"Taucorr":0.00023823118469545879},"Iteration":40},
{"Acceptance":[0.04450549450549451],"Energy":{"Mean":-619.5725806451612,"Sigma":0.22456455725383562,"Taucorr":-0.027752304934678784},"EnergyVariance":{"Mean":6.567312695109263,"Sigma":1.938490433827107,"Taucorr":0.0308889446826085},"Iteration":41},
{"Acceptance":[0.04317111459968603],"Energy":{"Mean":-619.7096774193549,"Sigma":0.2481373552470983,"Taucorr":0.4072566068312067},"EnergyVariance":{"Mean":4.173777315296565,"Sigma":0.5853740876586068,"Taucorr":0.0008390666057126461},"Iteration":42},
{"Acceptance":[0.03948194662480377],"Energy":{"Mean":-620.2258064516128,"Sigma":0.22640090722943418,"Taucorr":0.2791634516460846},"EnergyVariance":{"Mean":4.0457856399583765,"Sigma":1.2211443755447349,"Taucorr":-0.036750620439306325},"Iteration":43},
{"Acceptance":[0.038383045525902666],"Energy":{"Mean":-620.2096774193548,"Sigma":0.30011126390880516,"Taucorr":0.5243096646942886},"EnergyVariance":{"Mean":5.407648283038502,"Sigma":1.0635762567766993,"Taucorr":0.010734752804673842},"Iteration":44},
{"Acceptance":[0.02872841444270016],"Energy":{"Mean":-621.4193548387096,"Sigma":0.1190165213830498,"Taucorr":0.12012499999997417},"EnergyVariance":{"Mean":1.4047866805411036,"Sigma":0.38278992794985095,"Taucorr":-0.004465728515900658},"Iteration":45},
{"Acceptance":[0.03775510204081633],"Energy":{"Mean":-620.8306451612904,"Sigma":0.1941299506476722,"Taucorr":0.1338093798353195},"EnergyVariance":{"Mean":3.6568028095733607,"Sigma":1.2059661347058646,"Taucorr":0.011683019253182825},"Iteration":46},
{"Acceptance":[0.030926216640502355],"Energy":{"Mean":-621.0887096774195,"Sigma":0.2091805527338472,"Taucorr":0.32590870077245004},"EnergyVariance":{"Mean":3.2582596253902194,"Sigma":1.2591403165699229,"Taucorr":0.10085585150012888},"Iteration":47},
{"Acceptance":[0.025039246467817897],"Energy":{"Mean":-621.3306451612901,"Sigma":0.1481911984122309,"Taucorr":0.17138146196371007},"EnergyVariance":{"Mean":2.01164151925078,"Sigma":0.7764559875082877,"Taucorr":0.02505460204486032},"Iteration":48},
{"Acceptance":[0.02621664050235479],"Energy":{"Mean":-621.4516129032257,"Sigma":0.1740640697603814,"Taucorr":0.5282371518805655},"EnergyVariance":{"Mean":1.8121748178980228,"Sigma":0.8346003795159374,"Taucorr":0.3130004331682096},"Iteration":49} 
]}