{"Output": [
{"Acceptance":[0.7898034858788646],"Energy":{"Mean":-3938.134072580646,"Sigma":1.4744549988298732,"Taucorr":0.18795392266952127},"EnergyVariance":{"Mean":1565.8398874463448,"Sigma":72.88820586894633,"Taucorr":0.0038268930470490847},"Iteration":0},
{"Acceptance":[0.6673023713317247],"Energy":{"Mean":-3979.3407258064517,"Sigma":2.3451981882672475,"Taucorr":0.7682821614898201},"EnergyVariance":{"Mean":2148.754873666754,"Sigma":76.88262914595528,"Taucorr":-0.15801614339655795},"Iteration":1},
{"Acceptance":[0.49283151585487533],"Energy":{"Mean":-4081.0897177419356,"Sigma":1.7188237654842051,"Taucorr":0.28619316657625304},"EnergyVariance":{"Mean":1861.988926533233,"Sigma":102.01982836331013,"Taucorr":0.2595913480285089},"Iteration":2},
{"Acceptance":[0.3739712552985217],"Energy":{"Mean":-4176.810483870967,"Sigma":1.6481478736953665,"Taucorr":0.3845256431728168},"EnergyVariance":{"Mean":1521.6878739594174,"Sigma":81.08552783286311,"Taucorr":0.14567016002130406},"Iteration":3},
{"Acceptance":[0.28181412891949076],"Energy":{"Mean":-4252.301411290323,"Sigma":1.24294594659181,"Taucorr":0.22240769553011397},"EnergyVariance":{"Mean":1059.6581431695504,"Sigma":51.99969099714655,"Taucorr":0.16881907736825474},"Iteration":4},
{"Acceptance":[0.2145485553346118],"Energy":{"Mean":-4305.901209677419,"Sigma":1.2432842923478615,"Taucorr":0.6727536687216342},"EnergyVariance":{"Mean":653.0970953108741,"Sigma":30.51413686132505,"Taucorr":0.012590708155461816},"Iteration":5},
{"Acceptance":[0.17251774429811836],"Energy":{"Mean":-4341.762096774194,"Sigma":0.804925765851705,"Taucorr":0.33540300900072617},"EnergyVariance":{"Mean":384.29017624869925,"Sigma":13.494080305102969,"Taucorr":-0.1833542853480773},"Iteration":6},
{"Acceptance":[0.14545724738700616],"Energy":{"Mean":-4363.692540322581,"Sigma":0.7445113016192036,"Taucorr":0.6282832669213152},"EnergyVariance":{"Mean":243.42663790159992,"Sigma":11.755337623762715,"Taucorr":0.033441336018084966},"Iteration":7},
{"Acceptance":[0.1260464359259233],"Energy":{"Mean":-4378.454637096775,"Sigma":0.7447633586097772,"Taucorr":0.9145707692555147},"EnergyVariance":{"Mean":194.29229704572063,"Sigma":11.026010270649046,"Taucorr":0.20223024407573342},"Iteration":8},
{"Acceptance":[0.1076051035644279],"Energy":{"Mean":-4389.8689516129025,"Sigma":0.6138426476094262,"Taucorr":0.6402373934244086},"EnergyVariance":{"Mean":163.7429069654006,"Sigma":9.854240105107163,"Taucorr":0.4183791659463222},"Iteration":9},
{"Acceptance":[0.09493818686178908],"Energy":{"Mean":-4399.554435483871,"Sigma":0.5292795679196157,"Taucorr":0.6688973898141715},"EnergyVariance":{"Mean":118.75106903616023,"Sigma":6.627065384630168,"Taucorr":0.18179257257671333},"Iteration":10},
{"Acceptance":[0.08171930395646544],"Energy":{"Mean":-4407.92943548387,"Sigma":0.41838264193956226,"Taucorr":0.28012165671269695},"EnergyVariance":{"Mean":111.18050452003119,"Sigma":5.226808569732267,"Taucorr":-0.03965357293732358},"Iteration":11},
{"Acceptance":[0.07097719247344547],"Energy":{"Mean":-4414.291330645162,"Sigma":0.5668743944510899,"Taucorr":1.2265912575696494},"EnergyVariance":{"Mean":92.22057000357701,"Sigma":4.801128752663011,"Taucorr":0.1388536479374154},"Iteration":12},
{"Acceptance":[0.06422975947011245],"Energy":{"Mean":-4421.607862903227,"Sigma":0.4342811666406177,"Taucorr":0.5885007523275925},"EnergyVariance":{"Mean":85.8532849489464,"Sigma":6.2720823733314495,"Taucorr":0.5798311857559597},"Iteration":13},
{"Acceptance":[0.05732664369166319],"Energy":{"Mean":-4427.645161290322,"Sigma":0.42024475532096395,"Taucorr":0.650825596353509},"EnergyVariance":{"Mean":76.03941207075964,"Sigma":3.7607425769917575,"Taucorr":0.060153827094814316},"Iteration":14},
{"Acceptance":[0.04975479962919194],"Energy":{"Mean":-4432.941532258064,"Sigma":0.41462556672680606,"Taucorr":0.9962847699725641},"EnergyVariance":{"Mean":56.93004926508846,"Sigma":4.147419807318274,"Taucorr":0.5593094172846929},"Iteration":15},
{"Acceptance":[0.044829562743696615],"Energy":{"Mean":-4436.391129032258,"Sigma":0.30980650696343975,"Taucorr":0.5607384639090442},"EnergyVariance":{"Mean":44.83492130593132,"Sigma":2.8231625353277465,"Taucorr":0.3273700010721493},"Iteration":16},
{"Acceptance":[0.04117455577335419],"Energy":{"Mean":-4439.0372983870975,"Sigma":0.37149295160748397,"Taucorr":0.9621712047292135},"EnergyVariance":{"Mean":46.76776205612642,"Sigma":3.1537338022799974,"Taucorr":0.19161321161069134},"Iteration":17},
{"Acceptance":[0.03742755443589762],"Energy":{"Mean":-4442.145161290322,"Sigma":0.23176774895447366,"Taucorr":0.3555035888634219},"EnergyVariance":{"Mean":31.11199271592092,"Sigma":2.534717079181409,"Taucorr":0.25107934691343736},"Iteration":18},
{"Acceptance":[0.03363455591488398],"Energy":{"Mean":-4444.05443548387,"Sigma":0.28165654511170585,"Taucorr":0.7691188073463142},"EnergyVariance":{"Mean":30.972843229708634,"Sigma":2.9100961052945924,"Taucorr":0.3412937696479099},"Iteration":19},
{"Acceptance":[0.03043244429033422],"Energy":{"Mean":-4445.305443548387,"Sigma":0.2675058319406796,"Taucorr":0.827398611977674},"EnergyVariance":{"Mean":26.712147787135795,"Sigma":1.824402066700448,"Taucorr":0.26135144589235804},"Iteration":20},
{"Acceptance":[0.028054743724922688],"Energy":{"Mean":-4447.870967741936,"Sigma":0.27850641335008214,"Taucorr":1.3021991012520526},"EnergyVariance":{"Mean":21.32609261186264,"Sigma":1.746098561801917,"Taucorr":0.40033147160507043},"Iteration":21},
{"Acceptance":[0.027499239277348864],"Energy":{"Mean":-4448.810483870965,"Sigma":0.26881069380558736,"Taucorr":1.0180983762187905},"EnergyVariance":{"Mean":23.585051378772114,"Sigma":2.05882397609423,"Taucorr":0.7564243860527655},"Iteration":22},
{"Acceptance":[0.025616892996398067],"Energy":{"Mean":-4450.518145161291,"Sigma":0.2763680771770884,"Taucorr":0.8246635798145254},"EnergyVariance":{"Mean":28.57023526925078,"Sigma":3.101577719928606,"Taucorr":0.3559749619693434},"Iteration":23},
{"Acceptance":[0.02371331724611324],"Energy":{"Mean":-4452.072580645162,"Sigma":0.27410421635392834,"Taucorr":1.113341412549727},"EnergyVariance":{"Mean":23.075377211238298,"Sigma":2.644112289732194,"Taucorr":0.5642645487090547},"Iteration":24},
{"Acceptance":[0.022305095780289146],"Energy":{"Mean":-4453.26814516129,"Sigma":0.2770776772260029,"Taucorr":1.193067165244237},"EnergyVariance":{"Mean":22.468420753121748,"Sigma":1.8568829328400214,"Taucorr":0.03182631258030344},"Iteration":25},
{"Acceptance":[0.020946409742911128],"Energy":{"Mean":-4454.9546370967755,"Sigma":0.31615084718727754,"Taucorr":1.8908603634632737},"EnergyVariance":{"Mean":20.714676077978673,"Sigma":1.7927439718421407,"Taucorr":0.4454030147309662},"Iteration":26},
{"Acceptance":[0.020642120682456674],"Energy":{"Mean":-4456.648185483872,"Sigma":0.24521619163679026,"Taucorr":1.069466946879432},"EnergyVariance":{"Mean":18.9840894494667,"Sigma":1.3123512400066966,"Taucorr":0.10842832397624969},"Iteration":27},
{"Acceptance":[0.018911918931733104],"Energy":{"Mean":-4457.329637096774,"Sigma":0.3420714108380341,"Taucorr":2.3022140587970306},"EnergyVariance":{"Mean":20.690734545720602,"Sigma":2.0601234590270465,"Taucorr":0.5012446413107763},"Iteration":28},
{"Acceptance":[0.018678394769058755],"Energy":{"Mean":-4459.787298387097,"Sigma":0.24510676366434797,"Taucorr":1.2927363560649499},"EnergyVariance":{"Mean":16.604959636771593,"Sigma":1.4746670295970992,"Taucorr":0.45577104806268975},"Iteration":29},
{"Acceptance":[0.017701839179693306],"Energy":{"Mean":-4460.854838709677,"Sigma":0.282696951411113,"Taucorr":1.9181056864798043},"EnergyVariance":{"Mean":16.376105619146724,"Sigma":1.097820487366874,"Taucorr":0.1893224072208447},"Iteration":30},
{"Acceptance":[0.0174293943232399],"Energy":{"Mean":-4462.040322580646,"Sigma":0.25680503728816445,"Taucorr":1.2249656761608811},"EnergyVariance":{"Mean":18.94393860561914,"Sigma":1.1854088036115495,"Taucorr":0.07219471515252707},"Iteration":31},
{"Acceptance":[0.016583753794767644],"Energy":{"Mean":-4464.306451612902,"Sigma":0.26039147467463286,"Taucorr":1.323907597738524},"EnergyVariance":{"Mean":18.420200312174817,"Sigma":1.3700152207675196,"Taucorr":0.3893114590998783},"Iteration":32},
{"Acceptance":[0.015246297226723656],"Energy":{"Mean":-4464.82056451613,"Sigma":0.32290463820145865,"Taucorr":2.273323356363954},"EnergyVariance":{"Mean":18.629093229708634,"Sigma":1.5564419806228735,"Taucorr":0.468343179747885},"Iteration":33},
{"Acceptance":[0.013070276619985423],"Energy":{"Mean":-4466.719758064516,"Sigma":0.16358126021664612,"Taucorr":0.3320376047690037},"EnergyVariance":{"Mean":15.935577360822066,"Sigma":2.2489754041324934,"Taucorr":0.39235707362056693},"Iteration":34},
{"Acceptance":[0.011439145726154],"Energy":{"Mean":-4467.282258064516,"Sigma":0.19412297104572127,"Taucorr":0.8319157141001987},"EnergyVariance":{"Mean":14.019120707596255,"Sigma":1.5594685859596882,"Taucorr":0.9041511402447597},"Iteration":35},
{"Acceptance":[0.009680638016318386],"Energy":{"Mean":-4468.405241935483,"Sigma":0.23234214218003227,"Taucorr":2.1331527530312417},"EnergyVariance":{"Mean":10.158359618886577,"Sigma":1.2531827669734918,"Taucorr":1.2926319234508665},"Iteration":36},
{"Acceptance":[0.008116733775378061],"Energy":{"Mean":-4468.800403225806,"Sigma":0.1759531300912662,"Taucorr":0.8287699229347678},"EnergyVariance":{"Mean":11.54483854708637,"Sigma":1.8825640792661658,"Taucorr":0.5839884645332551},"Iteration":37},
{"Acceptance":[0.006966804186451353],"Energy":{"Mean":-4469.620967741936,"Sigma":0.09176599047755109,"Taucorr":0.20473049325025594},"EnergyVariance":{"Mean":5.920850676378773,"Sigma":0.7274650942768537,"Taucorr":0.10169088821692196},"Iteration":38},
{"Acceptance":[0.006071628229533023],"Energy":{"Mean":-4469.864919354838,"Sigma":0.10328308485195485,"Taucorr":0.550383585178702},"EnergyVariance":{"Mean":5.032156445109261,"Sigma":0.722503250406477,"Taucorr":0.20914165266750318},"Iteration":39},
{"Acceptance":[0.005116302109501603],"Energy":{"Mean":-4470.227822580644,"Sigma":0.06704247990661874,"Taucorr":0.15743074312134486},"EnergyVariance":{"Mean":3.3876130007804375,"Sigma":0.6171154356529734,"Taucorr":0.21282452811948172},"Iteration":40},
{"Acceptance":[0.0049747723139413925],"Energy":{"Mean":-4470.1189516129025,"Sigma":0.10222059178227827,"Taucorr":0.4155289060624314},"EnergyVariance":{"Mean":5.655205352497399,"Sigma":1.4049307918235114,"Taucorr":0.5584950753052786},"Iteration":41},
{"Acceptance":[0.004493571009036678],"Energy":{"Mean":-4470.399193548387,"Sigma":0.07960901914177133,"Taucorr":0.4921135546415857},"EnergyVariance":{"Mean":3.165241285119667,"Sigma":0.6751346120717648,"Taucorr":0.23127266340067587},"Iteration":42},
{"Acceptance":[0.004401576641922541],"Energy":{"Mean":-4470.477822580644,"Sigma":0.06980485875341165,"Taucorr":0.13237196446007715},"EnergyVariance":{"Mean":3.818056549167534,"Sigma":0.8763314055723463,"Taucorr":0.24120889524696765},"Iteration":43},
{"Acceptance":[0.00467048325348694],"Energy":{"Mean":-4470.53326612903,"Sigma":0.07797277486634474,"Taucorr":0.5999357120846063},"EnergyVariance":{"Mean":2.7388127194979193,"Sigma":0.5916461122122556,"Taucorr":0.42871694722916165},"Iteration":44},
{"Acceptance":[0.004274199825918351],"Energy":{"Mean":-4470.636088709677,"Sigma":0.0796596367993267,"Taucorr":0.621328658362021},"EnergyVariance":{"Mean":2.8040605082596257,"Sigma":0.6710069361266786,"Taucorr":0.5822656880121606},"Iteration":45},
{"Acceptance":[0.004182205458804215],"Energy":{"Mean":-4470.7439516129025,"Sigma":0.07895618801757107,"Taucorr":0.5893402402007664},"EnergyVariance":{"Mean":2.835648900884496,"Sigma":0.763914700634589,"Taucorr":0.3265252293611006},"Iteration":46},
{"Acceptance":[0.0038389957045707047],"Energy":{"Mean":-4470.79939516129,"Sigma":0.0643994660932253,"Taucorr":0.23884889589277303},"EnergyVariance":{"Mean":2.7813302793314265,"Sigma":0.8934742516209231,"Taucorr":0.29256844175992913},"Iteration":47},
{"Acceptance":[0.0038354574596816994],"Energy":{"Mean":-4470.937499999999,"Sigma":0.06088297981527913,"Taucorr":0.7686881654931097},"EnergyVariance":{"Mean":1.447706653225806,"Sigma":0.3419012382633153,"Taucorr":0.6995297918889658},"Iteration":48},
{"Acceptance":[0.004086672846801072],"Energy":{"Mean":-4470.863911290324,"Sigma":0.08705421662872512,"Taucorr":0.6793330522708199},"EnergyVariance":{"Mean":3.1841008308402707,"Sigma":1.2034103589857483,"Taucorr":0.4804349395195401},"Iteration":49} 
]}