{"Output": [
{"Acceptance":[0.9331932773109244],"Energy":{"Mean":-0.6708233218493371,"Sigma":0.2008570117293068,"Taucorr":-0.0656423789117524},"EnergyVariance":{"Mean":5.712177104604703,"Sigma":0.7611343732936096,"Taucorr":-0.01660427688279764},"Iteration":0},
{"Acceptance":[0.9252100840336135],"Energy":{"Mean":-0.24218380883987467,"Sigma":0.20876060783805606,"Taucorr":-0.017067397845327237},"EnergyVariance":{"Mean":5.549906877717546,"Sigma":0.6366460775267953,"Taucorr":-0.05926225516373729},"Iteration":1},
{"Acceptance":[0.8941176470588236],"Energy":{"Mean":-0.5367809542961315,"Sigma":0.19925182366395222,"Taucorr":-0.060536576502890904},"EnergyVariance":{"Mean":5.5559328883961605,"Sigma":0.6692575030814407,"Taucorr":-0.05521547776898833},"Iteration":2},
{"Acceptance":[0.865546218487395],"Energy":{"Mean":-0.8390971151529241,"Sigma":0.1796454115214714,"Taucorr":-0.1484141222629795},"EnergyVariance":{"Mean":5.645156046764674,"Sigma":0.6642632364501907,"Taucorr":0.0013028186266910158},"Iteration":3},
{"Acceptance":[0.8315126050420169],"Energy":{"Mean":-1.2108937562327324,"Sigma":0.1905843140539853,"Taucorr":-0.12003737539545956},"EnergyVariance":{"Mean":5.879068814401844,"Sigma":0.6858165832865925,"Taucorr":-0.00915945521139594},"Iteration":4},
{"Acceptance":[0.7894957983193277],"Energy":{"Mean":-1.6312704794859805,"Sigma":0.20484984453526203,"Taucorr":-0.005057765195761954},"EnergyVariance":{"Mean":5.214250340945736,"Sigma":0.8023914030672057,"Taucorr":0.1206083097318329},"Iteration":5},
{"Acceptance":[0.7428571428571429],"Energy":{"Mean":-2.1066293720865854,"Sigma":0.2487573022178675,"Taucorr":0.13115972244071883},"EnergyVariance":{"Mean":6.029586303125033,"Sigma":0.905083779595728,"Taucorr":0.09154640832944516},"Iteration":6},
{"Acceptance":[0.7256302521008403],"Energy":{"Mean":-2.1713747711407407,"Sigma":0.2198706602001566,"Taucorr":0.08477299247790626},"EnergyVariance":{"Mean":5.0841969996567045,"Sigma":0.6482901900061621,"Taucorr":0.05080015827437079},"Iteration":7},
{"Acceptance":[0.6852941176470588],"Energy":{"Mean":-2.2910842900776416,"Sigma":0.2046978912721669,"Taucorr":-0.026690387573204022},"EnergyVariance":{"Mean":5.444481527219727,"Sigma":0.5715368881467063,"Taucorr":-0.11539373040167583},"Iteration":8},
{"Acceptance":[0.6466386554621849],"Energy":{"Mean":-2.8839114874452405,"Sigma":0.27082084756710334,"Taucorr":0.3328961294526982},"EnergyVariance":{"Mean":5.415623420890768,"Sigma":0.6532766289044721,"Taucorr":0.02379034739698216},"Iteration":9},
{"Acceptance":[0.5983193277310924],"Energy":{"Mean":-3.0100116818916454,"Sigma":0.2757308634407384,"Taucorr":0.3397530421845746},"EnergyVariance":{"Mean":5.567936728926393,"Sigma":0.7752995499247484,"Taucorr":-0.06948306952834793},"Iteration":10},
{"Acceptance":[0.5743697478991596],"Energy":{"Mean":-3.34416101958785,"Sigma":0.25186994016154585,"Taucorr":0.25614614160615445},"EnergyVariance":{"Mean":5.159671511735923,"Sigma":0.5736895385461287,"Taucorr":-0.06758969648189445},"Iteration":11},
{"Acceptance":[0.5126050420168067],"Energy":{"Mean":-4.236299386897616,"Sigma":0.2533964718083077,"Taucorr":0.34033834469563706},"EnergyVariance":{"Mean":4.699179798598281,"Sigma":0.45722786648985675,"Taucorr":-0.12146344944480397},"Iteration":12},
{"Acceptance":[0.48067226890756304],"Energy":{"Mean":-4.212891523241309,"Sigma":0.22306105164107415,"Taucorr":0.23235231766457431},"EnergyVariance":{"Mean":4.178328163759111,"Sigma":0.5655927428406418,"Taucorr":0.002419447802907926},"Iteration":13},
{"Acceptance":[0.46680672268907564],"Energy":{"Mean":-4.280910392704833,"Sigma":0.24392402977386102,"Taucorr":0.399340301787128},"EnergyVariance":{"Mean":4.0687427542694135,"Sigma":0.47431533879320265,"Taucorr":0.048659566175473845},"Iteration":14},
{"Acceptance":[0.4256302521008403],"Energy":{"Mean":-4.486046598283261,"Sigma":0.2377385809312948,"Taucorr":0.22635369802203598},"EnergyVariance":{"Mean":4.785488709638174,"Sigma":0.8956559545713026,"Taucorr":0.20520959242569115},"Iteration":15},
{"Acceptance":[0.39201680672268907],"Energy":{"Mean":-5.152946588313981,"Sigma":0.23779982201234054,"Taucorr":0.485502946653245},"EnergyVariance":{"Mean":3.5289072100495384,"Sigma":0.6249825498854638,"Taucorr":0.2223490957195663},"Iteration":16},
{"Acceptance":[0.3684873949579832],"Energy":{"Mean":-5.447577132980152,"Sigma":0.1442438676889763,"Taucorr":0.14420397047915823},"EnergyVariance":{"Mean":1.9863072887451318,"Sigma":0.20940535889342718,"Taucorr":-0.018935584480019085},"Iteration":17},
{"Acceptance":[0.3453781512605042],"Energy":{"Mean":-5.316932673855486,"Sigma":0.2024339420367461,"Taucorr":0.38318412098432897},"EnergyVariance":{"Mean":2.8535831258335382,"Sigma":0.4532385513692606,"Taucorr":0.1733901499635897},"Iteration":18},
{"Acceptance":[0.326890756302521],"Energy":{"Mean":-5.555932773711853,"Sigma":0.19311404197903567,"Taucorr":0.30330413104953124},"EnergyVariance":{"Mean":2.8551098565701873,"Sigma":0.34090979398569327,"Taucorr":0.15011705884451554},"Iteration":19},
{"Acceptance":[0.3054621848739496],"Energy":{"Mean":-5.999947023503771,"Sigma":0.18372227569835567,"Taucorr":0.32038382081834393},"EnergyVariance":{"Mean":2.5303561997089696,"Sigma":0.5334832608200875,"Taucorr":0.04745446914106388},"Iteration":20},
{"Acceptance":[0.2638655462184874],"Energy":{"Mean":-6.097601620500784,"Sigma":0.18625085250250312,"Taucorr":0.43272376843876226},"EnergyVariance":{"Mean":2.2872761966089876,"Sigma":0.40350919339952024,"Taucorr":0.18744309278539073},"Iteration":21},
{"Acceptance":[0.2533613445378151],"Energy":{"Mean":-6.180119603113142,"Sigma":0.13245574126553278,"Taucorr":-0.059331905050291456},"EnergyVariance":{"Mean":2.4485280443698754,"Sigma":0.32546939293425053,"Taucorr":0.05492851730829773},"Iteration":22},
{"Acceptance":[0.23991596638655463],"Energy":{"Mean":-6.487157958009081,"Sigma":0.14383116916386007,"Taucorr":0.3127200518612736},"EnergyVariance":{"Mean":1.5654534649457745,"Sigma":0.18469414804961762,"Taucorr":0.08153852615936807},"Iteration":23},
{"Acceptance":[0.23361344537815126],"Energy":{"Mean":-6.451380291504943,"Sigma":0.18351252952412905,"Taucorr":0.4022571127146366},"EnergyVariance":{"Mean":2.2954944362231116,"Sigma":0.4625485363766637,"Taucorr":0.38276789955019763},"Iteration":24},
{"Acceptance":[0.22058823529411764],"Energy":{"Mean":-6.386201952371712,"Sigma":0.1768682118611573,"Taucorr":0.40354221347715935},"EnergyVariance":{"Mean":2.129247953080691,"Sigma":0.4829951779943463,"Taucorr":0.4326317038080806},"Iteration":25},
{"Acceptance":[0.18823529411764706],"Energy":{"Mean":-6.670620911943379,"Sigma":0.14568595027852824,"Taucorr":0.345836935534543},"EnergyVariance":{"Mean":1.5432056769327471,"Sigma":0.23818760773966022,"Taucorr":0.018793668575251776},"Iteration":26},
{"Acceptance":[0.19327731092436976],"Energy":{"Mean":-6.735501429691339,"Sigma":0.1437867976082474,"Taucorr":0.3376056943759371},"EnergyVariance":{"Mean":1.5180061015261956,"Sigma":0.38872106681118496,"Taucorr":0.2951597202986014},"Iteration":27},
{"Acceptance":[0.1819327731092437],"Energy":{"Mean":-6.779795941745134,"Sigma":0.15783219158316864,"Taucorr":0.3463514440317874},"EnergyVariance":{"Mean":1.8101541077882792,"Sigma":0.45345476856627026,"Taucorr":0.20711627570775704},"Iteration":28},
{"Acceptance":[0.16260504201680673],"Energy":{"Mean":-7.115418998603285,"Sigma":0.13723624618239433,"Taucorr":0.481949224851302},"EnergyVariance":{"Mean":1.1795700709971395,"Sigma":0.34351388230274243,"Taucorr":0.09210467583643434},"Iteration":29},
{"Acceptance":[0.1584033613445378],"Energy":{"Mean":-6.991796830569798,"Sigma":0.1406685730368869,"Taucorr":0.2727729489348155},"EnergyVariance":{"Mean":1.5747708550769168,"Sigma":0.3189264244899732,"Taucorr":0.1589853496308702},"Iteration":30},
{"Acceptance":[0.17521008403361343],"Energy":{"Mean":-6.758471638851004,"Sigma":0.16308110881853685,"Taucorr":0.394009406402986},"EnergyVariance":{"Mean":1.8295333847437796,"Sigma":0.4304070850033231,"Taucorr":0.34734389615427197},"Iteration":31},
{"Acceptance":[0.14243697478991596],"Energy":{"Mean":-7.08661357921533,"Sigma":0.09258475214789266,"Taucorr":0.1168560225437777},"EnergyVariance":{"Mean":0.8546144724966513,"Sigma":0.10746709612016601,"Taucorr":0.1730288458287792},"Iteration":32},
{"Acceptance":[0.14831932773109244],"Energy":{"Mean":-7.20838258502922,"Sigma":0.1476694687454297,"Taucorr":0.5380250987103798},"EnergyVariance":{"Mean":1.291958864616008,"Sigma":0.3155599228709365,"Taucorr":0.2513100406104005},"Iteration":33},
{"Acceptance":[0.1550420168067227],"Energy":{"Mean":-7.2118412785482695,"Sigma":0.13369311040227885,"Taucorr":0.36537370436285477},"EnergyVariance":{"Mean":1.2702507971455441,"Sigma":0.14601898455409928,"Taucorr":0.019576074648161912},"Iteration":34},
{"Acceptance":[0.14831932773109244],"Energy":{"Mean":-7.185093927553588,"Sigma":0.1106182584792581,"Taucorr":0.249891157334047},"EnergyVariance":{"Mean":1.0035303628300913,"Sigma":0.22128093851007408,"Taucorr":-0.03068627207181629},"Iteration":35},
{"Acceptance":[0.12184873949579832],"Energy":{"Mean":-7.654680624418597,"Sigma":0.13177209508818655,"Taucorr":0.5633861619743625},"EnergyVariance":{"Mean":1.0042249639763934,"Sigma":0.3660810249828652,"Taucorr":0.7395730147786697},"Iteration":36},
{"Acceptance":[0.12521008403361344],"Energy":{"Mean":-7.4107152871933755,"Sigma":0.11792399044728209,"Taucorr":0.3426444261534215},"EnergyVariance":{"Mean":1.0149276801950202,"Sigma":0.16523095352180928,"Taucorr":-0.06696639561637457},"Iteration":37},
{"Acceptance":[0.10966386554621849],"Energy":{"Mean":-7.8067097147278215,"Sigma":0.10364456857944462,"Taucorr":0.32782231095887027},"EnergyVariance":{"Mean":0.798051806419607,"Sigma":0.28349615986187715,"Taucorr":0.0760417033454206},"Iteration":38},
{"Acceptance":[0.11008403361344538],"Energy":{"Mean":-7.437395781628077,"Sigma":0.13380605611819804,"Taucorr":0.6994052232588837},"EnergyVariance":{"Mean":0.9180381316194887,"Sigma":0.22889492813653856,"Taucorr":0.5711988716531633},"Iteration":39},
{"Acceptance":[0.0995798319327731],"Energy":{"Mean":-7.878552110783686,"Sigma":0.05929719756545327,"Taucorr":-0.07776954794119328},"EnergyVariance":{"Mean":0.5121461366683724,"Sigma":0.11729245338964993,"Taucorr":-0.05442499724219424},"Iteration":40},
{"Acceptance":[0.08739495798319327],"Energy":{"Mean":-7.8821813499836075,"Sigma":0.09932151894130048,"Taucorr":0.43378606107195317},"EnergyVariance":{"Mean":0.6497023450737598,"Sigma":0.25182499978651385,"Taucorr":0.12209257166864862},"Iteration":41},
{"Acceptance":[0.09327731092436975],"Energy":{"Mean":-7.678157454488444,"Sigma":0.1171308640089906,"Taucorr":0.5189107440491016},"EnergyVariance":{"Mean":0.8280978702920984,"Sigma":0.26009340538705017,"Taucorr":0.36917902366401756},"Iteration":42},
{"Acceptance":[0.0861344537815126],"Energy":{"Mean":-7.947615082071405,"Sigma":0.06472526359503872,"Taucorr":-0.008119221873174265},"EnergyVariance":{"Mean":0.5237968953557574,"Sigma":0.19733579172530813,"Taucorr":-0.04039431221515838},"Iteration":43},
{"Acceptance":[0.10084033613445378],"Energy":{"Mean":-7.737052745913181,"Sigma":0.11856222099787128,"Taucorr":0.5004612759482416},"EnergyVariance":{"Mean":0.8641069235082827,"Sigma":0.2662045316649769,"Taucorr":0.1760501837219356},"Iteration":44},
{"Acceptance":[0.09285714285714286],"Energy":{"Mean":-7.753530885710302,"Sigma":0.06293009384164447,"Taucorr":0.3390487118057487},"EnergyVariance":{"Mean":0.2902717021009545,"Sigma":0.06050230229194078,"Taucorr":0.047239111139948387},"Iteration":45},
{"Acceptance":[0.07352941176470588],"Energy":{"Mean":-8.090421579519825,"Sigma":0.05651621655056682,"Taucorr":0.3136542136232975},"EnergyVariance":{"Mean":0.24142453243923714,"Sigma":0.1588097446641351,"Taucorr":0.0885539867709999},"Iteration":46},
{"Acceptance":[0.09243697478991597],"Energy":{"Mean":-7.947298630409069,"Sigma":0.08211262218900152,"Taucorr":0.4792402804454393},"EnergyVariance":{"Mean":0.4234534625768558,"Sigma":0.1215889453210243,"Taucorr":0.11033091465971034},"Iteration":47},
{"Acceptance":[0.0953781512605042],"Energy":{"Mean":-7.731896263764851,"Sigma":0.12494168402835834,"Taucorr":0.5845781053354977},"EnergyVariance":{"Mean":0.8851747019043106,"Sigma":0.284555867701062,"Taucorr":0.5013313070344674},"Iteration":48},
{"Acceptance":[0.08865546218487395],"Energy":{"Mean":-7.840962817585723,"Sigma":0.0937064438289548,"Taucorr":0.7772477450047839},"EnergyVariance":{"Mean":0.4228038025032681,"Sigma":0.11314901149537406,"Taucorr":0.5138737737021117},"Iteration":49} 
]}