{"Output": [
{"Acceptance":[0.03288854003139718],"Energy":{"Mean":-600.7580645161289,"Sigma":0.18421727433205348,"Taucorr":0.042842885174912304},"EnergyVariance":{"Mean":3.844693028095733,"Sigma":0.5135999472464372,"Taucorr":-0.09299370974896176},"Iteration":0},
{"Acceptance":[0.01750392464678179],"Energy":{"Mean":-606.1290322580645,"Sigma":0.3333745205216789,"Taucorr":0.02644515909274392},"EnergyVariance":{"Mean":12.983350676378771,"Sigma":1.0401998103134082,"Taucorr":-0.1140456698226246},"Iteration":1},
{"Acceptance":[0.008869701726844583],"Energy":{"Mean":-611.3306451612902,"Sigma":0.21452219249252105,"Taucorr":0.641499881961004},"EnergyVariance":{"Mean":2.479383454734651,"Sigma":1.3112091393314345,"Taucorr":0.6446424316938202},"Iteration":2},
{"Acceptance":[0.00423861852433281],"Energy":{"Mean":-611.8709677419356,"Sigma":0.10098371511289382,"Taucorr":0.9418660287081189},"EnergyVariance":{"Mean":0.4349635796045786,"Sigma":0.3646009431439156,"Taucorr":1.0025777639796025},"Iteration":3},
{"Acceptance":[0.0020408163265306124],"Energy":{"Mean":-611.9032258064517,"Sigma":0.07116297680763153,"Taucorr":0.494352159468449},"EnergyVariance":{"Mean":0.31321540062434966,"Sigma":0.25049948064521527,"Taucorr":0.5004666621752119},"Iteration":4},
{"Acceptance":[0.001726844583987441],"Energy":{"Mean":-611.9758064516128,"Sigma":0.033510628047845235,"Taucorr":0.005907575035761559},"EnergyVariance":{"Mean":0.13651144640998958,"Sigma":0.12746994608686765,"Taucorr":-0.0016661115633267998},"Iteration":5},
{"Acceptance":[0.001098901098901099],"Energy":{"Mean":-611.8306451612904,"Sigma":0.10459027636692787,"Taucorr":0.6057509353287307},"EnergyVariance":{"Mean":0.6084157127991675,"Sigma":0.3948257771752333,"Taucorr":0.5275965132759226},"Iteration":6},
{"Acceptance":[0.002197802197802198],"Energy":{"Mean":-611.741935483871,"Sigma":0.1548863054088108,"Taucorr":0.6038001167769667},"EnergyVariance":{"Mean":1.3366285119667014,"Sigma":0.8415397294575202,"Taucorr":0.6633944768840101},"Iteration":7},
{"Acceptance":[0.002354788069073783],"Energy":{"Mean":-612.0,"Sigma":0.0,"Taucorr":null},"EnergyVariance":{"Mean":0.0,"Sigma":0.0,"Taucorr":null},"Iteration":8},
{"Acceptance":[0.0026687598116169543],"Energy":{"Mean":-611.8790322580644,"Sigma":0.07937166531978698,"Taucorr":0.026868311665324884},"EnergyVariance":{"Mean":0.7353668054110303,"Sigma":0.6359082698316201,"Taucorr":-0.0014616465589510352},"Iteration":9},
{"Acceptance":[0.002354788069073783],"Energy":{"Mean":-611.9919354838709,"Sigma":0.008064516129035963,"Taucorr":3.5704772471945034e-13},"EnergyVariance":{"Mean":0.007999479708636837,"Sigma":0.007934443288239699,"Taucorr":-2.220446049250313e-16},"Iteration":10},
{"Acceptance":[0.0018838304552590266],"Energy":{"Mean":-611.7419354838709,"Sigma":0.14641039636013276,"Taucorr":0.28689440993789517},"EnergyVariance":{"Mean":1.6753381893860564,"Sigma":1.0647208013705607,"Taucorr":0.3121631699799313},"Iteration":11},
{"Acceptance":[0.002354788069073783],"Energy":{"Mean":-612.0,"Sigma":0.0,"Taucorr":null},"EnergyVariance":{"Mean":0.0,"Sigma":0.0,"Taucorr":null},"Iteration":12},
{"Acceptance":[0.0026687598116169543],"Energy":{"Mean":-611.8870967741937,"Sigma":0.07934434758870065,"Taucorr":0.4522072936660063},"EnergyVariance":{"Mean":0.40660770031217486,"Sigma":0.2818847183432195,"Taucorr":0.39493485863046385},"Iteration":13},
{"Acceptance":[0.0025902668759811617],"Energy":{"Mean":-612.0,"Sigma":0.0,"Taucorr":null},"EnergyVariance":{"Mean":0.0,"Sigma":0.0,"Taucorr":null},"Iteration":14},
{"Acceptance":[0.002197802197802198],"Energy":{"Mean":-612.0,"Sigma":0.0,"Taucorr":null},"EnergyVariance":{"Mean":0.0,"Sigma":0.0,"Taucorr":null},"Iteration":15},
{"Acceptance":[0.0025902668759811617],"Energy":{"Mean":-611.9435483870968,"Sigma":0.056451612903224875,"Taucorr":-1.7541523789077473e-14},"EnergyVariance":{"Mean":0.3919745057232051,"Sigma":0.38878772112383525,"Taucorr":4.440892098500626e-16},"Iteration":16},
{"Acceptance":[0.002511773940345369],"Energy":{"Mean":-612.0,"Sigma":0.0,"Taucorr":null},"EnergyVariance":{"Mean":0.0,"Sigma":0.0,"Taucorr":null},"Iteration":17},
{"Acceptance":[0.0031397174254317113],"Energy":{"Mean":-612.0,"Sigma":0.0,"Taucorr":null},"EnergyVariance":{"Mean":0.0,"Sigma":0.0,"Taucorr":null},"Iteration":18},
{"Acceptance":[0.0031397174254317113],"Energy":{"Mean":-611.9435483870968,"Sigma":0.05645161290322621,"Taucorr":5.551115123125783e-15},"EnergyVariance":{"Mean":0.3919745057232051,"Sigma":0.38878772112383525,"Taucorr":2.220446049250313e-16},"Iteration":19},
{"Acceptance":[0.0038461538461538464],"Energy":{"Mean":-611.9354838709677,"Sigma":0.08195178061620861,"Taucorr":0.49481516290727157},"EnergyVariance":{"Mean":0.4151925078043704,"Sigma":0.3924167761608354,"Taucorr":0.5054955286059994},"Iteration":20},
{"Acceptance":[0.0019623233908948193],"Energy":{"Mean":-612.0,"Sigma":0.0,"Taucorr":null},"EnergyVariance":{"Mean":0.0,"Sigma":0.0,"Taucorr":null},"Iteration":21},
{"Acceptance":[0.0015698587127158557],"Energy":{"Mean":-612.0,"Sigma":0.0,"Taucorr":null},"EnergyVariance":{"Mean":0.0,"Sigma":0.0,"Taucorr":null},"Iteration":22},
{"Acceptance":[0.001726844583987441],"Energy":{"Mean":-611.9354838709678,"Sigma":0.04632711811724338,"Taucorr":0.09551056338030639},"EnergyVariance":{"Mean":0.22164412070759626,"Sigma":0.1968374726496168,"Taucorr":0.0011615834411690118},"Iteration":23},
{"Acceptance":[0.00141287284144427],"Energy":{"Mean":-612.0,"Sigma":0.0,"Taucorr":null},"EnergyVariance":{"Mean":0.0,"Sigma":0.0,"Taucorr":null},"Iteration":24},
{"Acceptance":[0.0020408163265306124],"Energy":{"Mean":-612.0,"Sigma":0.0,"Taucorr":null},"EnergyVariance":{"Mean":0.0,"Sigma":0.0,"Taucorr":null},"Iteration":25},
{"Acceptance":[0.001726844583987441],"Energy":{"Mean":-612.0,"Sigma":0.0,"Taucorr":null},"EnergyVariance":{"Mean":0.0,"Sigma":0.0,"Taucorr":null},"Iteration":26},
{"Acceptance":[0.001726844583987441],"Energy":{"Mean":-612.0,"Sigma":0.0,"Taucorr":null},"EnergyVariance":{"Mean":0.0,"Sigma":0.0,"Taucorr":null},"Iteration":27},
{"Acceptance":[0.0018838304552590266],"Energy":{"Mean":-612.0,"Sigma":0.0,"Taucorr":null},"EnergyVariance":{"Mean":0.0,"Sigma":0.0,"Taucorr":null},"Iteration":28},
{"Acceptance":[0.002354788069073783],"Energy":{"Mean":-612.0,"Sigma":0.0,"Taucorr":null},"EnergyVariance":{"Mean":0.0,"Sigma":0.0,"Taucorr":null},"Iteration":29},
{"Acceptance":[0.0012558869701726845],"Energy":{"Mean":-611.9758064516128,"Sigma":0.024193548387098345,"Taucorr":5.728750807065808e-14},"EnergyVariance":{"Mean":0.07199531737773154,"Sigma":0.07140998959416829,"Taucorr":-2.220446049250313e-16},"Iteration":30},
{"Acceptance":[0.0020408163265306124],"Energy":{"Mean":-611.8870967741935,"Sigma":0.11290322580645341,"Taucorr":0.5081967213114984},"EnergyVariance":{"Mean":0.777575442247659,"Sigma":0.7648283038501538,"Taucorr":0.5081967213114755},"Iteration":31},
{"Acceptance":[0.0031397174254317113],"Energy":{"Mean":-612.0,"Sigma":0.0,"Taucorr":null},"EnergyVariance":{"Mean":0.0,"Sigma":0.0,"Taucorr":null},"Iteration":32},
{"Acceptance":[0.0020408163265306124],"Energy":{"Mean":-612.016129032258,"Sigma":0.016129032258064682,"Taucorr":0.5081967213115453},"EnergyVariance":{"Mean":0.015868886576482825,"Sigma":0.015608740894901616,"Taucorr":0.5081967213114753},"Iteration":33},
{"Acceptance":[0.0020408163265306124],"Energy":{"Mean":-612.0,"Sigma":0.0,"Taucorr":null},"EnergyVariance":{"Mean":0.0,"Sigma":0.0,"Taucorr":null},"Iteration":34},
{"Acceptance":[0.002511773940345369],"Energy":{"Mean":-612.0,"Sigma":0.0,"Taucorr":null},"EnergyVariance":{"Mean":0.0,"Sigma":0.0,"Taucorr":null},"Iteration":35},
{"Acceptance":[0.0020408163265306124],"Energy":{"Mean":-612.0,"Sigma":0.0,"Taucorr":null},"EnergyVariance":{"Mean":0.0,"Sigma":0.0,"Taucorr":null},"Iteration":36},
{"Acceptance":[0.002119309262166405],"Energy":{"Mean":-612.016129032258,"Sigma":0.016129032258065775,"Taucorr":0.508196721311561},"EnergyVariance":{"Mean":0.01586888657648283,"Sigma":0.015608740894901618,"Taucorr":0.5081967213114753},"Iteration":37},
{"Acceptance":[0.004160125588697017],"Energy":{"Mean":-611.983870967742,"Sigma":0.016129032258063843,"Taucorr":-3.2085445411667024e-14},"EnergyVariance":{"Mean":0.031997918834547355,"Sigma":0.03173777315296614,"Taucorr":0.0},"Iteration":38},
{"Acceptance":[0.001098901098901099],"Energy":{"Mean":-612.0,"Sigma":0.0,"Taucorr":null},"EnergyVariance":{"Mean":0.0,"Sigma":0.0,"Taucorr":null},"Iteration":39},
{"Acceptance":[0.001726844583987441],"Energy":{"Mean":-612.0,"Sigma":0.011593472394004694,"Taucorr":0.01250000000003948},"EnergyVariance":{"Mean":0.01612903225806452,"Sigma":0.011213254631513016,"Taucorr":-0.012704918032786783},"Iteration":40},
{"Acceptance":[0.0018838304552590266],"Energy":{"Mean":-612.0,"Sigma":0.0,"Taucorr":null},"EnergyVariance":{"Mean":0.0,"Sigma":0.0,"Taucorr":null},"Iteration":41},
{"Acceptance":[0.0015698587127158557],"Energy":{"Mean":-612.0,"Sigma":0.0,"Taucorr":null},"EnergyVariance":{"Mean":0.0,"Sigma":0.0,"Taucorr":null},"Iteration":42},
{"Acceptance":[0.001098901098901099],"Energy":{"Mean":-612.0,"Sigma":0.0,"Taucorr":null},"EnergyVariance":{"Mean":0.0,"Sigma":0.0,"Taucorr":null},"Iteration":43},
{"Acceptance":[0.0018838304552590266],"Energy":{"Mean":-612.0,"Sigma":0.0,"Taucorr":null},"EnergyVariance":{"Mean":0.0,"Sigma":0.0,"Taucorr":null},"Iteration":44},
{"Acceptance":[0.0013343799058084772],"Energy":{"Mean":-612.0,"Sigma":0.0,"Taucorr":null},"EnergyVariance":{"Mean":0.0,"Sigma":0.0,"Taucorr":null},"Iteration":45},
{"Acceptance":[0.0013343799058084772],"Energy":{"Mean":-612.0,"Sigma":0.0,"Taucorr":null},"EnergyVariance":{"Mean":0.0,"Sigma":0.0,"Taucorr":null},"Iteration":46},
{"Acceptance":[0.0012558869701726845],"Energy":{"Mean":-611.9112903225806,"Sigma":0.06814396830412452,"Taucorr":-0.008330534094691366},"EnergyVariance":{"Mean":0.5808402705515089,"Sigma":0.39140014038911697,"Taucorr":-0.013561025141718863},"Iteration":47},
{"Acceptance":[0.002354788069073783],"Energy":{"Mean":-611.8306451612905,"Sigma":0.1693548387096763,"Taucorr":1.0247933884297533},"EnergyVariance":{"Mean":1.1568028095733613,"Sigma":1.1281217481790324,"Taucorr":1.0247933884297522},"Iteration":48},
{"Acceptance":[0.0026687598116169543],"Energy":{"Mean":-612.0,"Sigma":0.0,"Taucorr":null},"EnergyVariance":{"Mean":0.0,"Sigma":0.0,"Taucorr":null},"Iteration":49},
{"Acceptance":[0.0032967032967032967],"Energy":{"Mean":-611.9354838709677,"Sigma":0.0655495195059235,"Taucorr":0.01614583333332653},"EnergyVariance":{"Mean":0.5119667013527575,"Sigma":0.3392440996122608,"Taucorr":-0.01400001418254937},"Iteration":50},
{"Acceptance":[0.001726844583987441],"Energy":{"Mean":-612.008064516129,"Sigma":0.008064516129032558,"Taucorr":2.731148640577885e-14},"EnergyVariance":{"Mean":0.007999479708636837,"Sigma":0.007934443288241534,"Taucorr":0.0},"Iteration":51},
{"Acceptance":[0.0032967032967032967],"Energy":{"Mean":-612.0080645161291,"Sigma":0.008064516129033637,"Taucorr":1.3278267374516872e-13},"EnergyVariance":{"Mean":0.007999479708636837,"Sigma":0.007934443288239699,"Taucorr":-2.220446049250313e-16},"Iteration":52},
{"Acceptance":[0.002197802197802198],"Energy":{"Mean":-611.9919354838709,"Sigma":0.029520976157618103,"Taucorr":0.8313408723747757},"EnergyVariance":{"Mean":0.040257544224765886,"Sigma":0.028446368232263364,"Taucorr":0.7940404998936443},"Iteration":53},
{"Acceptance":[0.003453689167974882],"Energy":{"Mean":-611.9596774193548,"Sigma":0.15208973290124508,"Taucorr":0.509158016147643},"EnergyVariance":{"Mean":1.4096644120707598,"Sigma":1.2914356110905298,"Taucorr":0.5048552026498121},"Iteration":54},
{"Acceptance":[0.008006279434850863],"Energy":{"Mean":-612.5967741935484,"Sigma":0.0672795277890722,"Taucorr":0.2215778826701882},"EnergyVariance":{"Mean":0.38579604578563986,"Sigma":0.05590812544837926,"Taucorr":0.014775548668879646},"Iteration":55},
{"Acceptance":[0.00023547880690737833],"Energy":{"Mean":-613.0,"Sigma":0.0,"Taucorr":null},"EnergyVariance":{"Mean":0.0,"Sigma":0.0,"Taucorr":null},"Iteration":56},
{"Acceptance":[0.0003139717425431711],"Energy":{"Mean":-612.9435483870967,"Sigma":0.03612567188674044,"Taucorr":0.43847908745260944},"EnergyVariance":{"Mean":0.08552289281997921,"Sigma":0.062190281399988015,"Taucorr":0.4828480982968615},"Iteration":57},
{"Acceptance":[0.0003139717425431711],"Energy":{"Mean":-613.0,"Sigma":0.0,"Taucorr":null},"EnergyVariance":{"Mean":0.0,"Sigma":0.0,"Taucorr":null},"Iteration":58},
{"Acceptance":[0.0],"Energy":{"Mean":-613.0,"Sigma":0.0,"Taucorr":null},"EnergyVariance":{"Mean":0.0,"Sigma":0.0,"Taucorr":null},"Iteration":59},
{"Acceptance":[0.0006279434850863422],"Energy":{"Mean":-612.9677419354838,"Sigma":0.032258064516133944,"Taucorr":0.5081967213116245},"EnergyVariance":{"Mean":0.06347554630593132,"Sigma":0.06243496357959914,"Taucorr":0.5081967213114749},"Iteration":60},
{"Acceptance":[0.0],"Energy":{"Mean":-613.0,"Sigma":0.0,"Taucorr":null},"EnergyVariance":{"Mean":0.0,"Sigma":0.0,"Taucorr":null},"Iteration":61},
{"Acceptance":[0.00047095761381475666],"Energy":{"Mean":-612.983870967742,"Sigma":0.016129032258064318,"Taucorr":4.440892098500626e-15},"EnergyVariance":{"Mean":0.031997918834547355,"Sigma":0.03173777315296614,"Taucorr":0.0},"Iteration":62},
{"Acceptance":[0.0003139717425431711],"Energy":{"Mean":-612.9677419354838,"Sigma":0.03225806451613044,"Taucorr":3.375077994860476e-14},"EnergyVariance":{"Mean":0.12799167533818934,"Sigma":0.1269510926118572,"Taucorr":0.0},"Iteration":63},
{"Acceptance":[0.0],"Energy":{"Mean":-613.0,"Sigma":0.0,"Taucorr":null},"EnergyVariance":{"Mean":0.0,"Sigma":0.0,"Taucorr":null},"Iteration":64},
{"Acceptance":[0.0005494505494505495],"Energy":{"Mean":-612.9758064516128,"Sigma":0.024193548387096905,"Taucorr":-3.552713678800501e-15},"EnergyVariance":{"Mean":0.07199531737773154,"Sigma":0.07140998959416829,"Taucorr":-2.220446049250313e-16},"Iteration":65},
{"Acceptance":[7.849293563579278e-05],"Energy":{"Mean":-613.0,"Sigma":0.0,"Taucorr":null},"EnergyVariance":{"Mean":0.0,"Sigma":0.0,"Taucorr":null},"Iteration":66},
{"Acceptance":[0.0],"Energy":{"Mean":-613.0,"Sigma":0.0,"Taucorr":null},"EnergyVariance":{"Mean":0.0,"Sigma":0.0,"Taucorr":null},"Iteration":67},
{"Acceptance":[0.0],"Energy":{"Mean":-613.0,"Sigma":0.0,"Taucorr":null},"EnergyVariance":{"Mean":0.0,"Sigma":0.0,"Taucorr":null},"Iteration":68},
{"Acceptance":[0.00015698587127158556],"Energy":{"Mean":-613.0,"Sigma":0.0,"Taucorr":null},"EnergyVariance":{"Mean":0.0,"Sigma":0.0,"Taucorr":null},"Iteration":69},
{"Acceptance":[0.0],"Energy":{"Mean":-613.0,"Sigma":0.0,"Taucorr":null},"EnergyVariance":{"Mean":0.0,"Sigma":0.0,"Taucorr":null},"Iteration":70},
{"Acceptance":[0.0],"Energy":{"Mean":-613.0,"Sigma":0.0,"Taucorr":null},"EnergyVariance":{"Mean":0.0,"Sigma":0.0,"Taucorr":null},"Iteration":71},
{"Acceptance":[0.0],"Energy":{"Mean":-613.0,"Sigma":0.0,"Taucorr":null},"EnergyVariance":{"Mean":0.0,"Sigma":0.0,"Taucorr":null},"Iteration":72},
{"Acceptance":[0.0],"Energy":{"Mean":-613.0,"Sigma":0.0,"Taucorr":null},"EnergyVariance":{"Mean":0.0,"Sigma":0.0,"Taucorr":null},"Iteration":73},
{"Acceptance":[0.0],"Energy":{"Mean":-613.0,"Sigma":0.0,"Taucorr":null},"EnergyVariance":{"Mean":0.0,"Sigma":0.0,"Taucorr":null},"Iteration":74},
{"Acceptance":[0.00015698587127158556],"Energy":{"Mean":-613.0,"Sigma":0.0,"Taucorr":null},"EnergyVariance":{"Mean":0.0,"Sigma":0.0,"Taucorr":null},"Iteration":75},
{"Acceptance":[0.00015698587127158556],"Energy":{"Mean":-613.0,"Sigma":0.0,"Taucorr":null},"EnergyVariance":{"Mean":0.0,"Sigma":0.0,"Taucorr":null},"Iteration":76},
{"Acceptance":[0.00015698587127158556],"Energy":{"Mean":-613.0,"Sigma":0.0,"Taucorr":null},"EnergyVariance":{"Mean":0.0,"Sigma":0.0,"Taucorr":null},"Iteration":77},
{"Acceptance":[0.0],"Energy":{"Mean":-613.0,"Sigma":0.0,"Taucorr":null},"EnergyVariance":{"Mean":0.0,"Sigma":0.0,"Taucorr":null},"Iteration":78},
{"Acceptance":[0.0003139717425431711],"Energy":{"Mean":-613.0,"Sigma":0.0,"Taucorr":null},"EnergyVariance":{"Mean":0.0,"Sigma":0.0,"Taucorr":null},"Iteration":79},
{"Acceptance":[0.00015698587127158556],"Energy":{"Mean":-613.0,"Sigma":0.0,"Taucorr":null},"EnergyVariance":{"Mean":0.0,"Sigma":0.0,"Taucorr":null},"Iteration":80},
{"Acceptance":[0.0],"Energy":{"Mean":-613.0,"Sigma":0.0,"Taucorr":null},"EnergyVariance":{"Mean":0.0,"Sigma":0.0,"Taucorr":null},"Iteration":81},
{"Acceptance":[0.0],"Energy":{"Mean":-613.0,"Sigma":0.0,"Taucorr":null},"EnergyVariance":{"Mean":0.0,"Sigma":0.0,"Taucorr":null},"Iteration":82},
{"Acceptance":[0.00015698587127158556],"Energy":{"Mean":-612.8870967741937,"Sigma":0.11290322580645176,"Taucorr":0.5081967213114873},"EnergyVariance":{"Mean":0.7775754422476588,"Sigma":0.7648283038501792,"Taucorr":0.5081967213114753},"Iteration":83},
{"Acceptance":[0.0],"Energy":{"Mean":-613.0,"Sigma":0.0,"Taucorr":null},"EnergyVariance":{"Mean":0.0,"Sigma":0.0,"Taucorr":null},"Iteration":84},
{"Acceptance":[0.0],"Energy":{"Mean":-613.0,"Sigma":0.0,"Taucorr":null},"EnergyVariance":{"Mean":0.0,"Sigma":0.0,"Taucorr":null},"Iteration":85},
{"Acceptance":[0.00015698587127158556],"Energy":{"Mean":-613.0,"Sigma":0.0,"Taucorr":null},"EnergyVariance":{"Mean":0.0,"Sigma":0.0,"Taucorr":null},"Iteration":86},
{"Acceptance":[0.00015698587127158556],"Energy":{"Mean":-612.983870967742,"Sigma":0.016129032258064762,"Taucorr":0.5081967213115062},"EnergyVariance":{"Mean":0.01586888657648283,"Sigma":0.015608740894901618,"Taucorr":0.5081967213114753},"Iteration":87},
{"Acceptance":[0.0],"Energy":{"Mean":-613.0,"Sigma":0.0,"Taucorr":null},"EnergyVariance":{"Mean":0.0,"Sigma":0.0,"Taucorr":null},"Iteration":88},
{"Acceptance":[0.00015698587127158556],"Energy":{"Mean":-612.8790322580645,"Sigma":0.08895372100954001,"Taucorr":0.32451790633609345},"EnergyVariance":{"Mean":0.5902055150884497,"Sigma":0.42324754351312954,"Taucorr":0.32451790633608824},"Iteration":89},
{"Acceptance":[0.0],"Energy":{"Mean":-613.0,"Sigma":0.0,"Taucorr":null},"EnergyVariance":{"Mean":0.0,"Sigma":0.0,"Taucorr":null},"Iteration":90},
{"Acceptance":[0.0003139717425431711],"Energy":{"Mean":-612.9919354838709,"Sigma":0.008064516129033219,"Taucorr":6.572520305780927e-14},"EnergyVariance":{"Mean":0.007999479708636837,"Sigma":0.007934443288239699,"Taucorr":-2.220446049250313e-16},"Iteration":91},
{"Acceptance":[0.00015698587127158556],"Energy":{"Mean":-613.0,"Sigma":0.0,"Taucorr":null},"EnergyVariance":{"Mean":0.0,"Sigma":0.0,"Taucorr":null},"Iteration":92},
{"Acceptance":[0.00047095761381475666],"Energy":{"Mean":-612.983870967742,"Sigma":0.016129032258064283,"Taucorr":-2.4091839634365897e-14},"EnergyVariance":{"Mean":0.031997918834547355,"Sigma":0.03173777315296613,"Taucorr":-2.220446049250313e-16},"Iteration":93},
{"Acceptance":[0.0],"Energy":{"Mean":-613.0,"Sigma":0.0,"Taucorr":null},"EnergyVariance":{"Mean":0.0,"Sigma":0.0,"Taucorr":null},"Iteration":94},
{"Acceptance":[0.00047095761381475666],"Energy":{"Mean":-612.8145161290323,"Sigma":0.11821234648841161,"Taucorr":0.12416985499031796},"EnergyVariance":{"Mean":1.3768860561914669,"Sigma":1.0016661132550961,"Taucorr":0.026643801366671993},"Iteration":95},
{"Acceptance":[0.0],"Energy":{"Mean":-613.0,"Sigma":0.0,"Taucorr":null},"EnergyVariance":{"Mean":0.0,"Sigma":0.0,"Taucorr":null},"Iteration":96},
{"Acceptance":[0.0],"Energy":{"Mean":-613.0,"Sigma":0.0,"Taucorr":null},"EnergyVariance":{"Mean":0.0,"Sigma":0.0,"Taucorr":null},"Iteration":97},
{"Acceptance":[0.0],"Energy":{"Mean":-613.0,"Sigma":0.0,"Taucorr":null},"EnergyVariance":{"Mean":0.0,"Sigma":0.0,"Taucorr":null},"Iteration":98},
{"Acceptance":[0.0],"Energy":{"Mean":-613.0,"Sigma":0.0,"Taucorr":null},"EnergyVariance":{"Mean":0.0,"Sigma":0.0,"Taucorr":null},"Iteration":99} 
]}