{"Output": [
{"Acceptance":[0.656182403320261],"Energy":{"Mean":-656.3124999999999,"Sigma":0.7819808409534579,"Taucorr":0.44635609821243494},"EnergyVariance":{"Mean":320.17048891129036,"Sigma":15.401188392580957,"Taucorr":0.10809005585610043},"Iteration":0},
{"Acceptance":[0.5470077203102193],"Energy":{"Mean":-674.8407258064516,"Sigma":0.8367244779877188,"Taucorr":0.5743503722496999},"EnergyVariance":{"Mean":322.89600269901155,"Sigma":18.041464851908223,"Taucorr":0.17012069016482168},"Iteration":1},
{"Acceptance":[0.445113694317922],"Energy":{"Mean":-694.2076612903226,"Sigma":0.616917749147721,"Taucorr":0.23954773740846846},"EnergyVariance":{"Mean":254.99518324011447,"Sigma":15.43291801344533,"Taucorr":0.32087997864439854},"Iteration":2},
{"Acceptance":[0.3812496702600988],"Energy":{"Mean":-704.8407258064517,"Sigma":0.9169217266867841,"Taucorr":1.4077948079477587},"EnergyVariance":{"Mean":218.36172850546302,"Sigma":12.177408474153998,"Taucorr":0.27274122465974626},"Iteration":3},
{"Acceptance":[0.3250619911014192],"Energy":{"Mean":-717.7862903225806,"Sigma":0.8137282599623731,"Taucorr":1.371534471349338},"EnergyVariance":{"Mean":175.30916688345476,"Sigma":8.012677268975372,"Taucorr":0.04734800439716613},"Iteration":4},
{"Acceptance":[0.27957547086857887],"Energy":{"Mean":-727.5241935483872,"Sigma":0.5641268098772391,"Taucorr":0.6232540509216433},"EnergyVariance":{"Mean":140.3844953173777,"Sigma":7.595839981850985,"Taucorr":0.21861648115590449},"Iteration":5},
{"Acceptance":[0.24158064119022915],"Energy":{"Mean":-736.5000000000002,"Sigma":0.4666057587940546,"Taucorr":0.6514953741562015},"EnergyVariance":{"Mean":93.6875,"Sigma":5.011958146509865,"Taucorr":0.1318796864497097},"Iteration":6},
{"Acceptance":[0.21156112058808013],"Energy":{"Mean":-742.2086693548388,"Sigma":0.3282374266456396,"Taucorr":0.18691148738587393},"EnergyVariance":{"Mean":77.71754581002861,"Sigma":3.3782959784916033,"Taucorr":-0.05387317193554175},"Iteration":7},
{"Acceptance":[0.1880308812408772],"Energy":{"Mean":-747.2560483870968,"Sigma":0.3567301852329897,"Taucorr":0.5901781848026655},"EnergyVariance":{"Mean":57.839681158949006,"Sigma":4.185264079118802,"Taucorr":0.2793927047921848},"Iteration":8},
{"Acceptance":[0.16521288008019275],"Energy":{"Mean":-750.6824596774194,"Sigma":0.3170935797512405,"Taucorr":0.5352783701978894},"EnergyVariance":{"Mean":48.12396653063216,"Sigma":2.027865508869168,"Taucorr":-0.14564968084167207},"Iteration":9},
{"Acceptance":[0.1471607196243603],"Energy":{"Mean":-753.6512096774195,"Sigma":0.2931298388638799,"Taucorr":0.6451673316338506},"EnergyVariance":{"Mean":37.17874853668055,"Sigma":1.6309350479425588,"Taucorr":-0.07805006428935524},"Iteration":10},
{"Acceptance":[0.13062096618187574],"Energy":{"Mean":-756.2429435483871,"Sigma":0.2522609026357714,"Taucorr":0.5284988375487938},"EnergyVariance":{"Mean":30.657712303264827,"Sigma":1.9500165118762667,"Taucorr":0.30489580627185753},"Iteration":11},
{"Acceptance":[0.1187063644197457],"Energy":{"Mean":-758.0524193548387,"Sigma":0.2988391346732282,"Taucorr":1.1032761799355664},"EnergyVariance":{"Mean":27.600074791883458,"Sigma":2.021375982919976,"Taucorr":0.460791519932932},"Iteration":12},
{"Acceptance":[0.10716107134692154],"Energy":{"Mean":-760.1592741935484,"Sigma":0.2810160124285481,"Taucorr":1.2249647923687534},"EnergyVariance":{"Mean":22.68430915062435,"Sigma":1.208590663210934,"Taucorr":0.059155789974628115},"Iteration":13},
{"Acceptance":[0.09318009953748484],"Energy":{"Mean":-761.7540322580644,"Sigma":0.2299492165014196,"Taucorr":0.7650050417984895},"EnergyVariance":{"Mean":20.711677289281994,"Sigma":1.1629315419080244,"Taucorr":0.17438774318072814},"Iteration":14},
{"Acceptance":[0.07952447109719853],"Energy":{"Mean":-764.0453629032259,"Sigma":0.21081438666153823,"Taucorr":0.6909305442550786},"EnergyVariance":{"Mean":18.49088575539802,"Sigma":1.2651649248190862,"Taucorr":0.039267467881106466},"Iteration":15},
{"Acceptance":[0.0769393102720574],"Energy":{"Mean":-764.1985887096773,"Sigma":0.26173543122933496,"Taucorr":1.5314391745211307},"EnergyVariance":{"Mean":16.70955445987253,"Sigma":1.263362717375472,"Taucorr":0.2527638698045037},"Iteration":16},
{"Acceptance":[0.06683607970033238],"Energy":{"Mean":-765.6209677419355,"Sigma":0.2672978315379391,"Taucorr":1.6027669556275503},"EnergyVariance":{"Mean":16.836173257023933,"Sigma":1.6556241088847983,"Taucorr":1.0808997868693364},"Iteration":17},
{"Acceptance":[0.0597576631553031],"Energy":{"Mean":-766.8699596774195,"Sigma":0.19712151091844887,"Taucorr":1.099062361790106},"EnergyVariance":{"Mean":12.040549191922478,"Sigma":1.3901857730821456,"Taucorr":1.1070637598045976},"Iteration":18},
{"Acceptance":[0.04971598403179572],"Energy":{"Mean":-767.6804435483872,"Sigma":0.21241157670420135,"Taucorr":1.716038962872466},"EnergyVariance":{"Mean":10.088407867780957,"Sigma":1.1033818143260927,"Taucorr":1.2627643323740272},"Iteration":19},
{"Acceptance":[0.04742099431968064],"Energy":{"Mean":-768.0655241935483,"Sigma":0.18987825731625432,"Taucorr":1.5072757241830295},"EnergyVariance":{"Mean":8.899940451027579,"Sigma":0.980978064687276,"Taucorr":0.6175363740677777},"Iteration":20},
{"Acceptance":[0.04155602061094209],"Energy":{"Mean":-768.8608870967743,"Sigma":0.1302399588717784,"Taucorr":0.7688942325295269},"EnergyVariance":{"Mean":6.62379276144641,"Sigma":0.6878466790604444,"Taucorr":0.08397788877306034},"Iteration":21},
{"Acceptance":[0.03679897297012117],"Energy":{"Mean":-769.2741935483872,"Sigma":0.09988557883312368,"Taucorr":0.3441666389031254},"EnergyVariance":{"Mean":5.856269510926119,"Sigma":0.5910350204940577,"Taucorr":0.5886542876920362},"Iteration":22},
{"Acceptance":[0.03324657510155989],"Energy":{"Mean":-769.586693548387,"Sigma":0.1443500047998267,"Taucorr":1.3100234931141086},"EnergyVariance":{"Mean":5.7041777770551505,"Sigma":0.6266735157580202,"Taucorr":0.959157628444419},"Iteration":23},
{"Acceptance":[0.028762112445702828],"Energy":{"Mean":-769.9465725806451,"Sigma":0.16653762781313725,"Taucorr":1.8577043646597367},"EnergyVariance":{"Mean":5.828798736667533,"Sigma":0.7694920720322188,"Taucorr":0.31885887669723323},"Iteration":24},
{"Acceptance":[0.025341610537607934],"Energy":{"Mean":-770.3810483870968,"Sigma":0.08994775396562933,"Taucorr":0.5565512059217206},"EnergyVariance":{"Mean":3.7943182557232054,"Sigma":0.36846416706936064,"Taucorr":-0.02015731177565988},"Iteration":25},
{"Acceptance":[0.022905931800995375],"Energy":{"Mean":-770.7258064516129,"Sigma":0.09089179856840805,"Taucorr":1.007650753229771},"EnergyVariance":{"Mean":2.715140478668054,"Sigma":0.36269275719165595,"Taucorr":0.1924969383429822},"Iteration":26},
{"Acceptance":[0.02172766122082901],"Energy":{"Mean":-770.6582661290322,"Sigma":0.08619826010478261,"Taucorr":0.5911309314961712},"EnergyVariance":{"Mean":3.3741453807882413,"Sigma":0.5437296383518234,"Taucorr":0.3722441107634563},"Iteration":27},
{"Acceptance":[0.01886112234669293],"Energy":{"Mean":-770.7580645161294,"Sigma":0.12604542456909235,"Taucorr":1.5561837323898464},"EnergyVariance":{"Mean":3.8285639958376687,"Sigma":0.7159678227578699,"Taucorr":0.7773463021717093},"Iteration":28},
{"Acceptance":[0.016267168457520707],"Energy":{"Mean":-771.1743951612904,"Sigma":0.06441576955605723,"Taucorr":0.4509264511916087},"EnergyVariance":{"Mean":2.1621266502991667,"Sigma":0.39537132245256335,"Taucorr":0.22128897276195225},"Iteration":29},
{"Acceptance":[0.014877864340608128],"Energy":{"Mean":-771.2862903225806,"Sigma":0.07456043869494824,"Taucorr":0.9576120684956664},"EnergyVariance":{"Mean":1.8898120447450573,"Sigma":0.43669622401861546,"Taucorr":0.8150497621115216},"Iteration":30},
{"Acceptance":[0.014992174173012327],"Energy":{"Mean":-771.2872983870969,"Sigma":0.059476945496654464,"Taucorr":0.6966060004832226},"EnergyVariance":{"Mean":1.4648386690296566,"Sigma":0.18718757878511103,"Taucorr":0.20946071285581014},"Iteration":31},
{"Acceptance":[0.013787524400752687],"Energy":{"Mean":-771.3225806451612,"Sigma":0.0758213745034961,"Taucorr":1.1792400901290527},"EnergyVariance":{"Mean":1.696344953173777,"Sigma":0.37167970779022197,"Taucorr":0.9540320419968427},"Iteration":32},
{"Acceptance":[0.012433392539964476],"Energy":{"Mean":-771.498991935484,"Sigma":0.05898168168773936,"Taucorr":0.7934763993005964},"EnergyVariance":{"Mean":1.3326602741285123,"Sigma":0.28500948111753605,"Taucorr":0.11688921637082084},"Iteration":33},
{"Acceptance":[0.011606844521041802],"Energy":{"Mean":-771.5262096774195,"Sigma":0.06819018125403582,"Taucorr":0.8891496278540318},"EnergyVariance":{"Mean":1.6585872463579605,"Sigma":0.4800134435432086,"Taucorr":0.6423466323051996},"Iteration":34},
{"Acceptance":[0.010806675694212405],"Energy":{"Mean":-771.6552419354837,"Sigma":0.040173615967138795,"Taucorr":0.6664578182529644},"EnergyVariance":{"Mean":0.6855773608220604,"Sigma":0.18555662400702774,"Taucorr":0.8160292310053516},"Iteration":35},
{"Acceptance":[0.010454953132968714],"Energy":{"Mean":-771.4677419354838,"Sigma":0.1041244928500171,"Taucorr":0.9677048814706621},"EnergyVariance":{"Mean":3.6602497398543172,"Sigma":1.7872335970631776,"Taucorr":0.9202909876094116},"Iteration":36},
{"Acceptance":[0.009725128818388055],"Energy":{"Mean":-771.7550403225807,"Sigma":0.034020248352317185,"Taucorr":0.6079270283834328},"EnergyVariance":{"Mean":0.5176157241805411,"Sigma":0.12776177805774738,"Taucorr":0.5053111264585299},"Iteration":37},
{"Acceptance":[0.009689956562263687],"Energy":{"Mean":-771.7338709677418,"Sigma":0.043761302489304696,"Taucorr":0.6209596202111511},"EnergyVariance":{"Mean":0.8465140478668051,"Sigma":0.25508347891003197,"Taucorr":0.13484106532926576},"Iteration":38},
{"Acceptance":[0.009092028208149411],"Energy":{"Mean":-771.7872983870966,"Sigma":0.027050461654467454,"Taucorr":0.14443206208445636},"EnergyVariance":{"Mean":0.5626209270941728,"Sigma":0.1527445954385679,"Taucorr":0.18304626707867644},"Iteration":39},
{"Acceptance":[0.009478923025517472],"Energy":{"Mean":-771.7741935483872,"Sigma":0.034437860334506784,"Taucorr":0.42616327986196045},"EnergyVariance":{"Mean":0.6344953173777315,"Sigma":0.16815654290757212,"Taucorr":0.043434941394895454},"Iteration":40},
{"Acceptance":[0.008837029351247735],"Energy":{"Mean":-771.8639112903227,"Sigma":0.026026812447569873,"Taucorr":0.3702028890813923},"EnergyVariance":{"Mean":0.38571373406607706,"Sigma":0.14069793472553746,"Taucorr":0.07787938002426886},"Iteration":41},
{"Acceptance":[0.008713926454812443],"Energy":{"Mean":-771.797379032258,"Sigma":0.0328511506790375,"Taucorr":0.14669274472157479},"EnergyVariance":{"Mean":0.8268882918184184,"Sigma":0.23189690011845399,"Taucorr":-0.015183239063239318},"Iteration":42},
{"Acceptance":[0.008151170356822538],"Energy":{"Mean":-771.8407258064516,"Sigma":0.05265854753350331,"Taucorr":1.2366603900895057},"EnergyVariance":{"Mean":0.7911639893340271,"Sigma":0.45733301257908626,"Taucorr":1.3591790764508729},"Iteration":43},
{"Acceptance":[0.008247894061164553],"Energy":{"Mean":-771.8306451612902,"Sigma":0.031208783085734753,"Taucorr":0.30388133959827546},"EnergyVariance":{"Mean":0.6003511966701355,"Sigma":0.18077251268763167,"Taucorr":0.10599040040649854},"Iteration":44},
{"Acceptance":[0.008195135676977999],"Energy":{"Mean":-771.8729838709676,"Sigma":0.031146855446928554,"Taucorr":0.6630654641897376},"EnergyVariance":{"Mean":0.41330238683662845,"Sigma":0.17986967020407815,"Taucorr":0.5553731250287011},"Iteration":45},
{"Acceptance":[0.008054446652480523],"Energy":{"Mean":-771.8205645161291,"Sigma":0.052770356067917266,"Taucorr":1.3495588943069143},"EnergyVariance":{"Mean":0.7460287135796045,"Sigma":0.39397541733983144,"Taucorr":1.5697350622842787},"Iteration":46},
{"Acceptance":[0.007869792307827585],"Energy":{"Mean":-771.7943548387098,"Sigma":0.0727452024932127,"Taucorr":2.1869957499568877},"EnergyVariance":{"Mean":0.9758552289281999,"Sigma":0.5735908847783592,"Taucorr":2.153898679227098},"Iteration":47},
{"Acceptance":[0.00780824085960994],"Energy":{"Mean":-771.8911290322579,"Sigma":0.020641131264086485,"Taucorr":-0.046942859718306085},"EnergyVariance":{"Mean":0.46596969302809566,"Sigma":0.18282796706357354,"Taucorr":-0.026497308639824968},"Iteration":48},
{"Acceptance":[0.007860999243796494],"Energy":{"Mean":-771.8558467741937,"Sigma":0.04463574902531434,"Taucorr":0.6435400542649063},"EnergyVariance":{"Mean":0.8632924281347554,"Sigma":0.441620568567343,"Taucorr":0.44992434589444763},"Iteration":49} 
]}