{"Output": [
{"Acceptance":[0.760589907604833],"Energy":{"Mean":-2498.612903225807,"Sigma":3.148494236234491,"Taucorr":0.045314696038079694},"EnergyVariance":{"Mean":1117.9791883454734,"Sigma":151.5518799622543,"Taucorr":0.0589561825123619},"Iteration":0},
{"Acceptance":[0.5353944562899787],"Energy":{"Mean":-2525.362903225807,"Sigma":3.3960729754418706,"Taucorr":0.18234245642441949},"EnergyVariance":{"Mean":1039.5053980228927,"Sigma":131.94042508736177,"Taucorr":-0.08539625582689825},"Iteration":1},
{"Acceptance":[0.28628287135749825],"Energy":{"Mean":-2581.637096774193,"Sigma":2.1739179334575325,"Taucorr":0.019376164151475028},"EnergyVariance":{"Mean":559.6021722164414,"Sigma":69.68435458248683,"Taucorr":-0.040346931223891325},"Iteration":2},
{"Acceptance":[0.20579246624022743],"Energy":{"Mean":-2635.927419354838,"Sigma":2.8196505528832008,"Taucorr":0.36453263353043885},"EnergyVariance":{"Mean":565.5673126951094,"Sigma":96.39084238181006,"Taucorr":0.08555576847869106},"Iteration":3},
{"Acceptance":[0.15369580668088131],"Energy":{"Mean":-2692.4274193548385,"Sigma":2.3169894244607114,"Taucorr":0.44356495305432553},"EnergyVariance":{"Mean":349.90602237252864,"Sigma":36.03612657125643,"Taucorr":-0.051100402064517325},"Iteration":4},
{"Acceptance":[0.10835110163468373],"Energy":{"Mean":-2730.41129032258,"Sigma":1.4989937658621848,"Taucorr":0.19385610260500663},"EnergyVariance":{"Mean":199.16148543184184,"Sigma":26.9718624321141,"Taucorr":0.09671453973054867},"Iteration":5},
{"Acceptance":[0.08685145700071073],"Energy":{"Mean":-2753.685483870968,"Sigma":1.3646835734471436,"Taucorr":0.21165788085919057},"EnergyVariance":{"Mean":160.9414021852237,"Sigma":21.736494569984043,"Taucorr":0.002969949943140926},"Iteration":6},
{"Acceptance":[0.06300639658848614],"Energy":{"Mean":-2769.66129032258,"Sigma":1.2169031505570105,"Taucorr":0.22990899139952903},"EnergyVariance":{"Mean":124.77237252861597,"Sigma":14.08478292002958,"Taucorr":0.062372271982748195},"Iteration":7},
{"Acceptance":[0.047654584221748404],"Energy":{"Mean":-2784.0806451612902,"Sigma":0.9202316136086116,"Taucorr":0.15674460107142385},"EnergyVariance":{"Mean":79.2999479708637,"Sigma":12.053810846055987,"Taucorr":0.19227745551758768},"Iteration":8},
{"Acceptance":[0.02579957356076759],"Energy":{"Mean":-2793.040322580645,"Sigma":0.7336109665857241,"Taucorr":0.3862832821623874},"EnergyVariance":{"Mean":37.34514828303851,"Sigma":6.608215987764653,"Taucorr":0.3080986425455837},"Iteration":9},
{"Acceptance":[0.01869225302061123],"Energy":{"Mean":-2797.7903225806454,"Sigma":0.4347315285411584,"Taucorr":0.1633910674248974},"EnergyVariance":{"Mean":17.520551508844953,"Sigma":3.2546051321310747,"Taucorr":0.04149986145333073},"Iteration":10},
{"Acceptance":[0.015067519545131485],"Energy":{"Mean":-2800.7258064516127,"Sigma":0.3275755758463778,"Taucorr":-0.007833750460777666},"EnergyVariance":{"Mean":13.408688865764832,"Sigma":1.8480479209027718,"Taucorr":0.04375029105341188},"Iteration":11},
{"Acceptance":[0.014463397299218195],"Energy":{"Mean":-2802.5564516129034,"Sigma":0.4158663837286168,"Taucorr":0.42319260275368575},"EnergyVariance":{"Mean":11.52100676378772,"Sigma":1.399344726771549,"Taucorr":0.09263666912442348},"Iteration":12},
{"Acceptance":[0.00984363894811656],"Energy":{"Mean":-2804.6935483870966,"Sigma":0.2612289188436674,"Taucorr":0.1421907965446959},"EnergyVariance":{"Mean":6.535119667013528,"Sigma":1.6033723865883707,"Taucorr":0.08150747734353658},"Iteration":13},
{"Acceptance":[0.008777540867093106],"Energy":{"Mean":-2805.0322580645166,"Sigma":0.27551075137676256,"Taucorr":0.30188913218348246},"EnergyVariance":{"Mean":5.821540062434964,"Sigma":1.460605646330423,"Taucorr":0.11582580118626251},"Iteration":14},
{"Acceptance":[0.00824449182658138],"Energy":{"Mean":-2805.9435483870975,"Sigma":0.28485746233280285,"Taucorr":0.1284779385867736},"EnergyVariance":{"Mean":7.940361602497401,"Sigma":1.5090611542538253,"Taucorr":0.3069755220808048},"Iteration":15},
{"Acceptance":[0.008315565031982943],"Energy":{"Mean":-2806.862903225806,"Sigma":0.235561189251065,"Taucorr":-0.06405373744421516},"EnergyVariance":{"Mean":7.82797866805411,"Sigma":0.6923474098596072,"Taucorr":-0.11527976815802099},"Iteration":16},
{"Acceptance":[0.01122956645344705],"Energy":{"Mean":-2807.645161290323,"Sigma":0.3485326756769892,"Taucorr":0.1378248267590373},"EnergyVariance":{"Mean":11.71279916753382,"Sigma":1.2926977851394115,"Taucorr":0.04637440644489532},"Iteration":17},
{"Acceptance":[0.011371712864250177],"Energy":{"Mean":-2811.5,"Sigma":0.44465160942409837,"Taucorr":0.5167060013486171},"EnergyVariance":{"Mean":11.95967741935484,"Sigma":1.229077412880886,"Taucorr":0.1294589916594402},"Iteration":18},
{"Acceptance":[0.00806680881307747],"Energy":{"Mean":-2814.024193548387,"Sigma":0.24928792102407646,"Taucorr":0.27827618631386963},"EnergyVariance":{"Mean":4.910704994797088,"Sigma":0.7877686990685301,"Taucorr":0.134915387801534},"Iteration":19},
{"Acceptance":[0.0073916133617626155],"Energy":{"Mean":-2814.8225806451605,"Sigma":0.15213248876572086,"Taucorr":0.04458544839257916},"EnergyVariance":{"Mean":2.613683662851197,"Sigma":1.0475485199382213,"Taucorr":-0.04042084448182959},"Iteration":20},
{"Acceptance":[0.006645344705046198],"Energy":{"Mean":-2815.0887096774204,"Sigma":0.11273028229037597,"Taucorr":0.38082533167202015},"EnergyVariance":{"Mean":0.8872918834547345,"Sigma":0.5600800740778857,"Taucorr":0.030028649754211267},"Iteration":21},
{"Acceptance":[0.007142857142857143],"Energy":{"Mean":-2815.016129032258,"Sigma":0.14753142724745316,"Taucorr":0.0320545962155373},"EnergyVariance":{"Mean":2.515868886576483,"Sigma":1.1889065373633259,"Taucorr":-0.012653974203046425},"Iteration":22},
{"Acceptance":[0.007320540156361052],"Energy":{"Mean":-2815.145161290323,"Sigma":0.11866993257049122,"Taucorr":0.19113556155272937},"EnergyVariance":{"Mean":1.25312174817898,"Sigma":0.7092968256326339,"Taucorr":0.009023541351076969},"Iteration":23},
{"Acceptance":[0.008742004264392323],"Energy":{"Mean":-2815.266129032258,"Sigma":0.1715424505720003,"Taucorr":0.21875758749836793},"EnergyVariance":{"Mean":2.5178850156087407,"Sigma":0.9114507842272047,"Taucorr":0.30518822435081605},"Iteration":24},
{"Acceptance":[0.010199004975124378],"Energy":{"Mean":-2815.9032258064512,"Sigma":0.154535994412957,"Taucorr":0.06411870503602213},"EnergyVariance":{"Mean":2.603537981269511,"Sigma":0.33336054690779005,"Taucorr":-0.03915229236738349},"Iteration":25},
{"Acceptance":[0.010021321961620469],"Energy":{"Mean":-2816.016129032258,"Sigma":0.16877781884237644,"Taucorr":-0.019359788737478678},"EnergyVariance":{"Mean":3.6449011446409987,"Sigma":0.742034816629004,"Taucorr":0.18362702559097754},"Iteration":26},
{"Acceptance":[0.008493248045486852],"Energy":{"Mean":-2816.7983870967737,"Sigma":0.17444973196796298,"Taucorr":0.05526848939736795},"EnergyVariance":{"Mean":3.3706425598335072,"Sigma":0.21281604082121644,"Taucorr":0.10380717925637173},"Iteration":27},
{"Acceptance":[0.0058280028429282165],"Energy":{"Mean":-2817.935483870968,"Sigma":0.1550961122129844,"Taucorr":0.20694927896561421},"EnergyVariance":{"Mean":2.0926118626430803,"Sigma":0.24404774649185357,"Taucorr":0.040627830784235486},"Iteration":28},
{"Acceptance":[0.0048685145700071075],"Energy":{"Mean":-2818.5161290322585,"Sigma":0.11236430518377132,"Taucorr":0.19285051067783465},"EnergyVariance":{"Mean":1.1207075962539021,"Sigma":0.21848735328807864,"Taucorr":0.14472516769206034},"Iteration":29},
{"Acceptance":[0.002771855010660981],"Energy":{"Mean":-2818.822580645161,"Sigma":0.07164873655465355,"Taucorr":0.22367322599877626},"EnergyVariance":{"Mean":0.436264308012487,"Sigma":0.10863379656935856,"Taucorr":0.11525516259520296},"Iteration":30},
{"Acceptance":[0.0032693674484719263],"Energy":{"Mean":-2818.846774193548,"Sigma":0.07210116413951706,"Taucorr":0.13851149499930004},"EnergyVariance":{"Mean":0.5007154006243496,"Sigma":0.16133828505426523,"Taucorr":0.0687435141980387},"Iteration":31},
{"Acceptance":[0.0029140014214641082],"Energy":{"Mean":-2818.8629032258063,"Sigma":0.18029199348178027,"Taucorr":0.40248392495379204},"EnergyVariance":{"Mean":2.2150754422476577,"Sigma":2.110482810529152,"Taucorr":0.0409689020646864},"Iteration":32},
{"Acceptance":[0.003127221037668799],"Energy":{"Mean":-2818.9838709677415,"Sigma":0.05304629225914574,"Taucorr":0.06518691588797232},"EnergyVariance":{"Mean":0.30619146722164414,"Sigma":0.2028042965217772,"Taucorr":-0.01187006440924998},"Iteration":33},
{"Acceptance":[0.003766879886282871],"Energy":{"Mean":-2819.1290322580653,"Sigma":0.06943606146650795,"Taucorr":0.7282327586206969},"EnergyVariance":{"Mean":0.2414151925078044,"Sigma":0.12095313932864458,"Taucorr":0.7282327586206894},"Iteration":34},
{"Acceptance":[0.004015636105188344],"Energy":{"Mean":-2818.975806451613,"Sigma":0.08856292847286598,"Taucorr":0.5889590368523185},"EnergyVariance":{"Mean":0.44296305931321545,"Sigma":0.15073986947762597,"Taucorr":0.43752037095631346},"Iteration":35},
{"Acceptance":[0.0026297085998578536],"Energy":{"Mean":-2818.967741935484,"Sigma":0.06931106395477395,"Taucorr":0.4188511326861658},"EnergyVariance":{"Mean":0.32154006243496364,"Sigma":0.2558959155149103,"Taucorr":0.4659436098817795},"Iteration":36},
{"Acceptance":[0.002416488983653163],"Energy":{"Mean":-2818.983870967742,"Sigma":0.04169700595051659,"Taucorr":0.010590062111756282},"EnergyVariance":{"Mean":0.20941727367325705,"Sigma":0.10684788358432142,"Taucorr":-0.032304034535362736},"Iteration":37},
{"Acceptance":[0.0038024164889836534],"Energy":{"Mean":-2819.016129032258,"Sigma":0.011213254631514995,"Taucorr":-0.012704918032661383},"EnergyVariance":{"Mean":0.015868886576482832,"Sigma":0.010851536740174215,"Taucorr":-0.012704918032786783},"Iteration":38},
{"Acceptance":[0.004761904761904762],"Energy":{"Mean":-2819.072580645162,"Sigma":0.031094610195544846,"Taucorr":-0.04893931919054634},"EnergyVariance":{"Mean":0.13182882414151925,"Sigma":0.056697188157102084,"Taucorr":-0.044270537266649534},"Iteration":39},
{"Acceptance":[0.0035536602700781805],"Energy":{"Mean":-2818.9758064516127,"Sigma":0.04392509311389182,"Taucorr":0.00864231948701455},"EnergyVariance":{"Mean":0.23328563995837667,"Sigma":0.20128738841164132,"Taucorr":-0.004069951350832435},"Iteration":40},
{"Acceptance":[0.0042643923240938165],"Energy":{"Mean":-2819.0725806451615,"Sigma":0.028852490032241798,"Taucorr":-0.057504215851927665},"EnergyVariance":{"Mean":0.11569979188345472,"Sigma":0.050153361742156635,"Taucorr":-0.04290341318206442},"Iteration":41},
{"Acceptance":[0.004442075337597726],"Energy":{"Mean":-2819.016129032258,"Sigma":0.049098709921867545,"Taucorr":0.15732410611328185},"EnergyVariance":{"Mean":0.22554630593132155,"Sigma":0.08957023976318546,"Taucorr":0.08147081201877282},"Iteration":42},
{"Acceptance":[0.004761904761904762],"Energy":{"Mean":-2819.0967741935488,"Sigma":0.0360656125403182,"Taucorr":-0.06567796610171572},"EnergyVariance":{"Mean":0.18418314255983353,"Sigma":0.06515078394377595,"Taucorr":-0.0656779661016949},"Iteration":43},
{"Acceptance":[0.004371002132196162],"Energy":{"Mean":-2819.0564516129034,"Sigma":0.03612567188674181,"Taucorr":0.2895713371722616},"EnergyVariance":{"Mean":0.10165192507804369,"Sigma":0.06720250800421868,"Taucorr":0.31384051277254255},"Iteration":44},
{"Acceptance":[0.005685856432125089],"Energy":{"Mean":-2819.1129032258073,"Sigma":0.03816825666518228,"Taucorr":-0.07948717948675976},"EnergyVariance":{"Mean":0.2130593132154006,"Sigma":0.06771787472844598,"Taucorr":-0.07948717948717943},"Iteration":45},
{"Acceptance":[0.0060767590618336885],"Energy":{"Mean":-2819.104838709677,"Sigma":0.0673761244329183,"Taucorr":0.25856158331860557},"EnergyVariance":{"Mean":0.36804110301768994,"Sigma":0.11341366680696995,"Taucorr":0.16625906235628563},"Iteration":46},
{"Acceptance":[0.0058280028429282165],"Energy":{"Mean":-2819.1048387096776,"Sigma":0.056528365641463206,"Taucorr":0.3817332944266151},"EnergyVariance":{"Mean":0.22287981269510923,"Sigma":0.09900980254355887,"Taucorr":0.3728910258544198},"Iteration":47},
{"Acceptance":[0.007249466950959489],"Energy":{"Mean":-2818.9677419354834,"Sigma":0.22322837030040124,"Taucorr":0.7588507159649931},"EnergyVariance":{"Mean":2.4344432882414146,"Sigma":1.3744528333825945,"Taucorr":0.7774184627029206},"Iteration":48},
{"Acceptance":[0.007107320540156361],"Energy":{"Mean":-2819.2903225806454,"Sigma":0.09775488753391136,"Taucorr":0.43972545757074455},"EnergyVariance":{"Mean":0.6253902185223724,"Sigma":0.1328494487697876,"Taucorr":0.2555481186685019},"Iteration":49},
{"Acceptance":[0.007995735607675906],"Energy":{"Mean":-2819.645161290323,"Sigma":0.0873552516627437,"Taucorr":0.03690476190466929},"EnergyVariance":{"Mean":0.874089490114464,"Sigma":0.06199404956705813,"Taucorr":0.036904761904761996},"Iteration":50},
{"Acceptance":[0.005330490405117271],"Energy":{"Mean":-2820.225806451613,"Sigma":0.08931853616040299,"Taucorr":0.008355795148191514},"EnergyVariance":{"Mean":0.9651404786680541,"Sigma":0.0446867385278905,"Taucorr":0.0185898014776833},"Iteration":51},
{"Acceptance":[0.0032693674484719263],"Energy":{"Mean":-2820.548387096774,"Sigma":0.10962997076107023,"Taucorr":0.32788461538457747},"EnergyVariance":{"Mean":0.8928199791883454,"Sigma":0.17713090029474718,"Taucorr":0.008894369986044426},"Iteration":52},
{"Acceptance":[0.004904051172707889],"Energy":{"Mean":-2820.3870967741937,"Sigma":0.1080364270989152,"Taucorr":0.2988708743486197},"EnergyVariance":{"Mean":0.8985431841831425,"Sigma":0.0883542977542916,"Taucorr":0.35648847994364563},"Iteration":53},
{"Acceptance":[0.0014925373134328358],"Energy":{"Mean":-2820.758064516129,"Sigma":0.07645002493699617,"Taucorr":0.3450764525992768},"EnergyVariance":{"Mean":0.42533818938605616,"Sigma":0.11590810232380896,"Taucorr":0.34507645259938846},"Iteration":54},
{"Acceptance":[0.0008528784648187633],"Energy":{"Mean":-2820.8709677419356,"Sigma":0.051680063830973254,"Taucorr":0.18038793103475304},"EnergyVariance":{"Mean":0.2414151925078044,"Sigma":0.09002333699587581,"Taucorr":0.1803879310344828},"Iteration":55},
{"Acceptance":[0.0011371712864250178],"Energy":{"Mean":-2820.790322580645,"Sigma":0.0898750433274384,"Taucorr":0.7186183790681815},"EnergyVariance":{"Mean":0.4076482830385016,"Sigma":0.1586231760456655,"Taucorr":0.7287660517356864},"Iteration":56},
{"Acceptance":[0.0008528784648187633],"Energy":{"Mean":-2820.9516129032254,"Sigma":0.03558148840381561,"Taucorr":0.32451790633610167},"EnergyVariance":{"Mean":0.09443288241415192,"Sigma":0.06771960696207159,"Taucorr":0.32451790633608746},"Iteration":57},
{"Acceptance":[0.00035536602700781805],"Energy":{"Mean":-2821.0,"Sigma":0.0,"Taucorr":null},"EnergyVariance":{"Mean":0.0,"Sigma":0.0,"Taucorr":null},"Iteration":58},
{"Acceptance":[0.0009239516702203269],"Energy":{"Mean":-2820.983870967742,"Sigma":0.016129032258062396,"Taucorr":-1.1879386363489175e-13},"EnergyVariance":{"Mean":0.031997918834547355,"Sigma":0.03173777315296614,"Taucorr":0.0},"Iteration":59},
{"Acceptance":[0.0009239516702203269],"Energy":{"Mean":-2820.8548387096776,"Sigma":0.10419571221828708,"Taucorr":0.10262972528764702},"EnergyVariance":{"Mean":1.1079604578563993,"Sigma":0.7094044809155114,"Taucorr":0.011294235466727809},"Iteration":60},
{"Acceptance":[0.0012082444918265814],"Energy":{"Mean":-2820.983870967742,"Sigma":0.01612903225806895,"Taucorr":2.4646951146678475e-13},"EnergyVariance":{"Mean":0.031997918834547355,"Sigma":0.03173777315296614,"Taucorr":0.0},"Iteration":61},
{"Acceptance":[0.0008528784648187633],"Energy":{"Mean":-2820.991935483871,"Sigma":0.018271661793520792,"Taucorr":0.010016155089244028},"EnergyVariance":{"Mean":0.04025754422476586,"Sigma":0.03276488127977567,"Taucorr":-0.00608098640885163},"Iteration":62},
{"Acceptance":[0.001279317697228145],"Energy":{"Mean":-2820.951612903226,"Sigma":0.048387096774199126,"Taucorr":1.0247933884298603},"EnergyVariance":{"Mean":0.0944328824141519,"Sigma":0.09209157127992101,"Taucorr":1.0247933884297515},"Iteration":63},
{"Acceptance":[0.001279317697228145],"Energy":{"Mean":-2820.967741935484,"Sigma":0.022426509263021997,"Taucorr":-0.012704918032906798},"EnergyVariance":{"Mean":0.06347554630593133,"Sigma":0.04340614696069686,"Taucorr":-0.012704918032786894},"Iteration":64},
{"Acceptance":[0.0007818052594171997],"Energy":{"Mean":-2821.0,"Sigma":0.0,"Taucorr":null},"EnergyVariance":{"Mean":0.0,"Sigma":0.0,"Taucorr":null},"Iteration":65},
{"Acceptance":[0.0012082444918265814],"Energy":{"Mean":-2821.0080645161293,"Sigma":0.024549354960916436,"Taucorr":0.1573241061126156},"EnergyVariance":{"Mean":0.056386576482830374,"Sigma":0.036224496062268144,"Taucorr":0.033141609503230196},"Iteration":66},
{"Acceptance":[0.0004975124378109452],"Energy":{"Mean":-2821.0,"Sigma":0.0,"Taucorr":null},"EnergyVariance":{"Mean":0.0,"Sigma":0.0,"Taucorr":null},"Iteration":67},
{"Acceptance":[0.0009950248756218905],"Energy":{"Mean":-2820.983870967742,"Sigma":0.016129032258062004,"Taucorr":-1.397770788003072e-13},"EnergyVariance":{"Mean":0.03199791883454735,"Sigma":0.03173777315296613,"Taucorr":-2.220446049250313e-16},"Iteration":68},
{"Acceptance":[0.0009239516702203269],"Energy":{"Mean":-2821.0,"Sigma":0.0,"Taucorr":null},"EnergyVariance":{"Mean":0.0,"Sigma":0.0,"Taucorr":null},"Iteration":69},
{"Acceptance":[0.0009950248756218905],"Energy":{"Mean":-2821.0,"Sigma":0.0,"Taucorr":null},"EnergyVariance":{"Mean":0.0,"Sigma":0.0,"Taucorr":null},"Iteration":70},
{"Acceptance":[0.0010305614783226724],"Energy":{"Mean":-2820.9677419354834,"Sigma":0.04138388257618992,"Taucorr":0.004831670823043588},"EnergyVariance":{"Mean":0.20863683662851204,"Sigma":0.19891042303370898,"Taucorr":-0.001085940064052382},"Iteration":71},
{"Acceptance":[0.0008884150675195451],"Energy":{"Mean":-2821.0,"Sigma":0.0,"Taucorr":null},"EnergyVariance":{"Mean":0.0,"Sigma":0.0,"Taucorr":null},"Iteration":72},
{"Acceptance":[0.0009950248756218905],"Energy":{"Mean":-2820.9112903225796,"Sigma":0.0973771538588724,"Taucorr":1.0057430730480161},"EnergyVariance":{"Mean":0.38729188345473475,"Sigma":0.36973246064366705,"Taucorr":1.022067878591942},"Iteration":73},
{"Acceptance":[0.0007818052594171997],"Energy":{"Mean":-2821.048387096774,"Sigma":0.029373738450852463,"Taucorr":0.652401129943468},"EnergyVariance":{"Mean":0.04604578563995838,"Sigma":0.026531118600775155,"Taucorr":0.6524011299435029},"Iteration":74},
{"Acceptance":[0.0013503909026297085],"Energy":{"Mean":-2820.951612903226,"Sigma":0.0483870967741966,"Taucorr":1.0247933884297484},"EnergyVariance":{"Mean":0.0944328824141519,"Sigma":0.09209157127992101,"Taucorr":1.0247933884297515},"Iteration":75},
{"Acceptance":[0.0011727078891257995],"Energy":{"Mean":-2821.0322580645166,"Sigma":0.01919738824877269,"Taucorr":0.22604166666681524},"EnergyVariance":{"Mean":0.03121748178980229,"Sigma":0.017958847071414697,"Taucorr":0.2260416666666667},"Iteration":76},
{"Acceptance":[0.0012437810945273632],"Energy":{"Mean":-2820.991935483871,"Sigma":0.018271661793522097,"Taucorr":0.010016155089276557},"EnergyVariance":{"Mean":0.040257544224765865,"Sigma":0.032764881279775664,"Taucorr":-0.00608098640885163},"Iteration":77},
{"Acceptance":[0.0008528784648187633],"Energy":{"Mean":-2821.0,"Sigma":0.0,"Taucorr":null},"EnergyVariance":{"Mean":0.0,"Sigma":0.0,"Taucorr":null},"Iteration":78},
{"Acceptance":[0.0010660980810234541],"Energy":{"Mean":-2821.008064516129,"Sigma":0.008064516129033276,"Taucorr":1.1235457009206584e-13},"EnergyVariance":{"Mean":0.007999479708636837,"Sigma":0.007934443288245201,"Taucorr":0.0},"Iteration":79},
{"Acceptance":[0.0014214641080312722],"Energy":{"Mean":-2820.7177419354825,"Sigma":0.2408938148607361,"Taucorr":0.5032066399751791},"EnergyVariance":{"Mean":3.557427159209156,"Sigma":3.0298739337591756,"Taucorr":0.5022158083196986},"Iteration":80},
{"Acceptance":[0.001279317697228145],"Energy":{"Mean":-2820.9435483870966,"Sigma":0.04878865632985561,"Taucorr":0.4756827048114819},"EnergyVariance":{"Mean":0.1500390218522372,"Sigma":0.13964293305194536,"Taucorr":0.5037761075323903},"Iteration":81},
{"Acceptance":[0.0010660980810234541],"Energy":{"Mean":-2821.0241935483878,"Sigma":0.024193548387098276,"Taucorr":1.0247933884301175},"EnergyVariance":{"Mean":0.023608220603537976,"Sigma":0.023022892819947245,"Taucorr":1.0247933884297518},"Iteration":82},
{"Acceptance":[0.0010660980810234541],"Energy":{"Mean":-2821.0080645161293,"Sigma":0.00806451612902859,"Taucorr":-4.547473508864641e-13},"EnergyVariance":{"Mean":0.007999479708636837,"Sigma":0.007934443288237867,"Taucorr":0.0},"Iteration":83},
{"Acceptance":[0.001279317697228145],"Energy":{"Mean":-2821.0,"Sigma":0.0,"Taucorr":null},"EnergyVariance":{"Mean":0.0,"Sigma":0.0,"Taucorr":null},"Iteration":84},
{"Acceptance":[0.0012082444918265814],"Energy":{"Mean":-2821.0080645161293,"Sigma":0.008064516129035195,"Taucorr":1.822986206434507e-13},"EnergyVariance":{"Mean":0.007999479708636837,"Sigma":0.007934443288237865,"Taucorr":0.0},"Iteration":85},
{"Acceptance":[0.0017768301350390902],"Energy":{"Mean":-2821.016129032258,"Sigma":0.011213254631515492,"Taucorr":-0.012704918032565182},"EnergyVariance":{"Mean":0.01586888657648283,"Sigma":0.010851536740174214,"Taucorr":-0.012704918032786894},"Iteration":86},
{"Acceptance":[0.0014925373134328358],"Energy":{"Mean":-2820.959677419355,"Sigma":0.04931898339169279,"Taucorr":0.9493383742914319},"EnergyVariance":{"Mean":0.10321279916753379,"Sigma":0.09299032838718645,"Taucorr":0.995481411077076},"Iteration":87},
{"Acceptance":[0.0017057569296375266],"Energy":{"Mean":-2821.0,"Sigma":0.0,"Taucorr":null},"EnergyVariance":{"Mean":0.0,"Sigma":0.0,"Taucorr":null},"Iteration":88},
{"Acceptance":[0.0013859275053304905],"Energy":{"Mean":-2821.0241935483878,"Sigma":0.024193548387108292,"Taucorr":1.0247933884302172},"EnergyVariance":{"Mean":0.02360822060353799,"Sigma":0.02302289281994725,"Taucorr":1.0247933884297522},"Iteration":89},
{"Acceptance":[0.0013148542999289268],"Energy":{"Mean":-2821.0322580645166,"Sigma":0.03225806451613384,"Taucorr":0.5081967213116878},"EnergyVariance":{"Mean":0.06347554630593132,"Sigma":0.062434963579577125,"Taucorr":0.5081967213114755},"Iteration":90},
{"Acceptance":[0.001279317697228145],"Energy":{"Mean":-2821.0080645161293,"Sigma":0.008064516129036971,"Taucorr":4.565237077258644e-13},"EnergyVariance":{"Mean":0.007999479708636837,"Sigma":0.007934443288237865,"Taucorr":-2.220446049250313e-16},"Iteration":91},
{"Acceptance":[0.0014214641080312722],"Energy":{"Mean":-2821.0483870967746,"Sigma":0.02698903311399165,"Taucorr":0.47288135593174907},"EnergyVariance":{"Mean":0.04604578563995838,"Sigma":0.024377191199721968,"Taucorr":0.4728813559322037},"Iteration":92},
{"Acceptance":[0.001279317697228145],"Energy":{"Mean":-2821.0,"Sigma":0.0,"Taucorr":null},"EnergyVariance":{"Mean":0.0,"Sigma":0.0,"Taucorr":null},"Iteration":93},
{"Acceptance":[0.001279317697228145],"Energy":{"Mean":-2821.0,"Sigma":0.0,"Taucorr":null},"EnergyVariance":{"Mean":0.0,"Sigma":0.0,"Taucorr":null},"Iteration":94},
{"Acceptance":[0.0016702203269367449],"Energy":{"Mean":-2821.0564516129034,"Sigma":0.027702522640851136,"Taucorr":0.3860805860813207},"EnergyVariance":{"Mean":0.05326482830385015,"Sigma":0.02457481847169867,"Taucorr":0.3860805860805865},"Iteration":95},
{"Acceptance":[0.0023098791755508173],"Energy":{"Mean":-2820.733870967742,"Sigma":0.24038932464236526,"Taucorr":1.2334898328204782},"EnergyVariance":{"Mean":2.0501430801248706,"Sigma":1.6056811050458406,"Taucorr":1.2415909512821628},"Iteration":96},
{"Acceptance":[0.001990049751243781],"Energy":{"Mean":-2821.0241935483878,"Sigma":0.013494516557011034,"Taucorr":-0.025619834710141343},"EnergyVariance":{"Mean":0.023608220603537976,"Sigma":0.012841556078418827,"Taucorr":-0.025619834710743805},"Iteration":97},
{"Acceptance":[0.001990049751243781],"Energy":{"Mean":-2820.959677419354,"Sigma":0.09706497532384661,"Taucorr":-0.03585308674125626},"EnergyVariance":{"Mean":1.248374089490114,"Sigma":1.1614175042627084,"Taucorr":0.006640689497737773},"Iteration":98},
{"Acceptance":[0.001990049751243781],"Energy":{"Mean":-2821.032258064517,"Sigma":0.015301343516949862,"Taucorr":-0.038749999999726115},"EnergyVariance":{"Mean":0.031217481789802298,"Sigma":0.014314160064210787,"Taucorr":-0.03874999999999995},"Iteration":99} 
]}