{"Output": [
{"Acceptance":[0.9403361344537815],"Energy":{"Mean":-0.30506928412597034,"Sigma":0.2290490874732164,"Taucorr":0.06608594340342511},"EnergyVariance":{"Mean":5.699672165764886,"Sigma":0.6633369938648387,"Taucorr":-0.05846869266129606},"Iteration":0},
{"Acceptance":[0.9163865546218487],"Energy":{"Mean":-0.8227144148165378,"Sigma":0.23082146690607272,"Taucorr":0.03967446064466851},"EnergyVariance":{"Mean":6.0714950185769,"Sigma":0.5997915291079841,"Taucorr":-0.1433204300381387},"Iteration":1},
{"Acceptance":[0.8823529411764706],"Energy":{"Mean":-1.0564808476257936,"Sigma":0.2456063699132829,"Taucorr":0.1470822570093585},"EnergyVariance":{"Mean":5.733170751857192,"Sigma":0.5529858436121193,"Taucorr":-0.12537230259599275},"Iteration":2},
{"Acceptance":[0.8420168067226891],"Energy":{"Mean":-1.0943197115728054,"Sigma":0.15078561675580016,"Taucorr":-0.15135327303604074},"EnergyVariance":{"Mean":4.010600067101181,"Sigma":0.45709104684726104,"Taucorr":-0.060271779403891446},"Iteration":3},
{"Acceptance":[0.795798319327731],"Energy":{"Mean":-1.396604312240638,"Sigma":0.21940849706070759,"Taucorr":0.052971313626133165},"EnergyVariance":{"Mean":5.354012721574302,"Sigma":0.6740039807438489,"Taucorr":-0.02758056688250604},"Iteration":4},
{"Acceptance":[0.7726890756302521],"Energy":{"Mean":-2.0003556543034637,"Sigma":0.23725967443797014,"Taucorr":0.17094638980863885},"EnergyVariance":{"Mean":5.159827177136615,"Sigma":0.6193426690200324,"Taucorr":0.0061670857550396585},"Iteration":5},
{"Acceptance":[0.7630252100840336],"Energy":{"Mean":-1.9535533861941528,"Sigma":0.23885490156831643,"Taucorr":0.21225942464677683},"EnergyVariance":{"Mean":4.9261227226827415,"Sigma":0.5198444085563586,"Taucorr":-0.04868856244126124},"Iteration":6},
{"Acceptance":[0.7058823529411765],"Energy":{"Mean":-2.9850802566012438,"Sigma":0.2042972952187052,"Taucorr":0.0407950566696933},"EnergyVariance":{"Mean":4.746436077057238,"Sigma":0.6698187940399296,"Taucorr":0.03236620245907895},"Iteration":7},
{"Acceptance":[0.6525210084033614],"Energy":{"Mean":-2.4227282314712006,"Sigma":0.25181950252159063,"Taucorr":0.18078791394448046},"EnergyVariance":{"Mean":5.728514305127133,"Sigma":0.8213523544382446,"Taucorr":0.20828903909359808},"Iteration":8},
{"Acceptance":[0.6491596638655462],"Energy":{"Mean":-2.8238637647019593,"Sigma":0.17810560927079847,"Taucorr":-0.10261590197767712},"EnergyVariance":{"Mean":4.909302876015774,"Sigma":0.5929597161339413,"Taucorr":0.13562474725417684},"Iteration":9},
{"Acceptance":[0.5844537815126051],"Energy":{"Mean":-3.5661377682197344,"Sigma":0.2095591873191415,"Taucorr":0.12435645056891687},"EnergyVariance":{"Mean":4.325695292193058,"Sigma":0.3939372624936508,"Taucorr":-0.06813491748768119},"Iteration":10},
{"Acceptance":[0.561344537815126],"Energy":{"Mean":-3.3300830209248637,"Sigma":0.2101937554768968,"Taucorr":0.11256091466623364},"EnergyVariance":{"Mean":4.435733569830536,"Sigma":0.5847038812504833,"Taucorr":-0.1301877151151481},"Iteration":11},
{"Acceptance":[0.5184873949579832],"Energy":{"Mean":-3.8318679033649428,"Sigma":0.24818668637470806,"Taucorr":0.2823021011365825},"EnergyVariance":{"Mean":4.842365652675865,"Sigma":0.555942623664049,"Taucorr":-0.0011645192809934257},"Iteration":12},
{"Acceptance":[0.5008403361344538],"Energy":{"Mean":-4.259263703219113,"Sigma":0.2334040904179055,"Taucorr":0.20234711768830071},"EnergyVariance":{"Mean":4.770240078142079,"Sigma":0.7477266530711661,"Taucorr":0.1154439176059815},"Iteration":13},
{"Acceptance":[0.5105042016806722],"Energy":{"Mean":-3.8428396253970964,"Sigma":0.1883031208489518,"Taucorr":0.05209420630173667},"EnergyVariance":{"Mean":3.949816883384706,"Sigma":0.5543042486366542,"Taucorr":0.0998295414569107},"Iteration":14},
{"Acceptance":[0.41092436974789914],"Energy":{"Mean":-4.521793318102673,"Sigma":0.20142783016331797,"Taucorr":0.07843909781065239},"EnergyVariance":{"Mean":4.313764424723246,"Sigma":0.5963039633768813,"Taucorr":-0.014003239448973859},"Iteration":15},
{"Acceptance":[0.3907563025210084],"Energy":{"Mean":-4.885089797825562,"Sigma":0.2063473518110338,"Taucorr":0.3025633564534397},"EnergyVariance":{"Mean":3.262823550699518,"Sigma":0.38540686102200483,"Taucorr":0.02937261921813228},"Iteration":16},
{"Acceptance":[0.3558823529411765],"Energy":{"Mean":-5.29112069177232,"Sigma":0.1882691543743729,"Taucorr":0.2041543656986753},"EnergyVariance":{"Mean":3.095747874687713,"Sigma":0.5804080734128688,"Taucorr":0.20852539238246937},"Iteration":17},
{"Acceptance":[0.3542016806722689],"Energy":{"Mean":-5.5659531295504365,"Sigma":0.2074142418492059,"Taucorr":0.3666991239199664},"EnergyVariance":{"Mean":3.052698441564355,"Sigma":0.5321045557525135,"Taucorr":0.07688479258706671},"Iteration":18},
{"Acceptance":[0.3420168067226891],"Energy":{"Mean":-5.3894078139523955,"Sigma":0.1993387842710966,"Taucorr":0.3640381597759823},"EnergyVariance":{"Mean":2.828302145690342,"Sigma":0.4364246624988539,"Taucorr":-0.014900930776694743},"Iteration":19},
{"Acceptance":[0.323109243697479],"Energy":{"Mean":-5.3787634120334715,"Sigma":0.21273408944295696,"Taucorr":0.4274395991165697},"EnergyVariance":{"Mean":3.0009838490132243,"Sigma":0.45737981005334616,"Taucorr":0.25478479242173935},"Iteration":20},
{"Acceptance":[0.26932773109243696],"Energy":{"Mean":-6.105942533947354,"Sigma":0.19490182773036865,"Taucorr":0.36792018960606854},"EnergyVariance":{"Mean":2.691703060736037,"Sigma":0.4670434300064324,"Taucorr":0.11254233434107908},"Iteration":21},
{"Acceptance":[0.2915966386554622],"Energy":{"Mean":-6.1295172694843245,"Sigma":0.16257228531910117,"Taucorr":0.23694738456869602},"EnergyVariance":{"Mean":2.205624896972288,"Sigma":0.3271436727000253,"Taucorr":0.18398056521366002},"Iteration":22},
{"Acceptance":[0.2630252100840336],"Energy":{"Mean":-6.181043584002896,"Sigma":0.15473705709796295,"Taucorr":0.16731937105578687},"EnergyVariance":{"Mean":2.206632700156101,"Sigma":0.29277527254537333,"Taucorr":0.14114569195843552},"Iteration":23},
{"Acceptance":[0.24705882352941178],"Energy":{"Mean":-6.539923479873259,"Sigma":0.14604687230798621,"Taucorr":0.38957441948947047},"EnergyVariance":{"Mean":1.474610599499887,"Sigma":0.20856467408936674,"Taucorr":0.13547047712503524},"Iteration":24},
{"Acceptance":[0.23403361344537815],"Energy":{"Mean":-5.864696289294212,"Sigma":0.23704711352368815,"Taucorr":0.6966967299365152},"EnergyVariance":{"Mean":2.887755064746383,"Sigma":0.6344713002881452,"Taucorr":0.16414483137358604},"Iteration":25},
{"Acceptance":[0.19369747899159664],"Energy":{"Mean":-6.740838629302268,"Sigma":0.1601314141532922,"Taucorr":0.3454777855995522},"EnergyVariance":{"Mean":1.8652025156448133,"Sigma":0.257248707339158,"Taucorr":0.042198578242848894},"Iteration":26},
{"Acceptance":[0.17100840336134454],"Energy":{"Mean":-7.056626439981514,"Sigma":0.20564129882639953,"Taucorr":0.8068715632535561},"EnergyVariance":{"Mean":1.9900449407440641,"Sigma":0.44558418908119063,"Taucorr":0.49350544453615564},"Iteration":27},
{"Acceptance":[0.1726890756302521],"Energy":{"Mean":-6.96904166900142,"Sigma":0.13864798120269345,"Taucorr":0.4391120911508183},"EnergyVariance":{"Mean":1.2588813057273878,"Sigma":0.1759070545113102,"Taucorr":0.139060056038528},"Iteration":28},
{"Acceptance":[0.16596638655462184],"Energy":{"Mean":-7.113074767206663,"Sigma":0.1416602925182017,"Taucorr":0.40075555965581455},"EnergyVariance":{"Mean":1.3701383833441378,"Sigma":0.27956795582509575,"Taucorr":0.0030974269680306143},"Iteration":29},
{"Acceptance":[0.1634453781512605],"Energy":{"Mean":-6.964187905840594,"Sigma":0.13776487417104297,"Taucorr":0.3234245000054694},"EnergyVariance":{"Mean":1.4175171787420588,"Sigma":0.2507845129865499,"Taucorr":-0.010901341319815239},"Iteration":30},
{"Acceptance":[0.16134453781512606],"Energy":{"Mean":-7.30394901750079,"Sigma":0.12510715639768136,"Taucorr":0.4628727648067621},"EnergyVariance":{"Mean":0.9997019034813852,"Sigma":0.23515908727531917,"Taucorr":0.2584305580785762},"Iteration":31},
{"Acceptance":[0.11974789915966387],"Energy":{"Mean":-7.329688052848559,"Sigma":0.10711895769368829,"Taucorr":0.1575710229079278},"EnergyVariance":{"Mean":1.0731616021769443,"Sigma":0.25862035761024743,"Taucorr":0.27553938900525743},"Iteration":32},
{"Acceptance":[0.1403361344537815],"Energy":{"Mean":-7.196254779650107,"Sigma":0.14162420175177964,"Taucorr":0.4691378328881082},"EnergyVariance":{"Mean":1.272812752976993,"Sigma":0.19799827976466985,"Taucorr":0.0110891319839449},"Iteration":33},
{"Acceptance":[0.12983193277310925],"Energy":{"Mean":-7.230984540306977,"Sigma":0.15028477993989373,"Taucorr":0.584154259856841},"EnergyVariance":{"Mean":1.281191458585169,"Sigma":0.37545074841095,"Taucorr":0.29043368558452043},"Iteration":34},
{"Acceptance":[0.10672268907563025],"Energy":{"Mean":-7.709612634724093,"Sigma":0.09761962705059968,"Taucorr":0.1927848131409975},"EnergyVariance":{"Mean":0.8459623701203435,"Sigma":0.22391448929295144,"Taucorr":0.053682606678903344},"Iteration":35},
{"Acceptance":[0.09789915966386555],"Energy":{"Mean":-7.8148499314998245,"Sigma":0.08710970036506224,"Taucorr":0.4972945504132996},"EnergyVariance":{"Mean":0.4679341158683707,"Sigma":0.10862151142559523,"Taucorr":0.15955202043391103},"Iteration":36},
{"Acceptance":[0.09285714285714286],"Energy":{"Mean":-7.799461715422374,"Sigma":0.09765750608953619,"Taucorr":0.2950018246021707},"EnergyVariance":{"Mean":0.7377653413243599,"Sigma":0.19464876395107378,"Taucorr":0.09804703301839701},"Iteration":37},
{"Acceptance":[0.11218487394957984],"Energy":{"Mean":-7.647136693094097,"Sigma":0.1256643203562718,"Taucorr":0.5419285446695667},"EnergyVariance":{"Mean":0.9320970921860322,"Sigma":0.28179092370928266,"Taucorr":0.21719365174459282},"Iteration":38},
{"Acceptance":[0.09201680672268908],"Energy":{"Mean":-7.908707397875746,"Sigma":0.060424753768135504,"Taucorr":0.2668487455066322},"EnergyVariance":{"Mean":0.2928162557401691,"Sigma":0.060156071696939185,"Taucorr":0.009153852353272485},"Iteration":39},
{"Acceptance":[0.08991596638655462],"Energy":{"Mean":-7.890874517737449,"Sigma":0.05690717638998544,"Taucorr":-0.006181082538107174},"EnergyVariance":{"Mean":0.4033123003701967,"Sigma":0.08240452540015078,"Taucorr":-0.05923817640282947},"Iteration":40},
{"Acceptance":[0.08739495798319327],"Energy":{"Mean":-7.786332359829175,"Sigma":0.11157112638087577,"Taucorr":0.4642661541682065},"EnergyVariance":{"Mean":0.7939292959391199,"Sigma":0.26155441370453325,"Taucorr":0.1857816704637586},"Iteration":41},
{"Acceptance":[0.08361344537815125],"Energy":{"Mean":-8.045123860464047,"Sigma":0.053581381885488034,"Taucorr":0.3316958614358767},"EnergyVariance":{"Mean":0.21229433017475827,"Sigma":0.06566876682103623,"Taucorr":0.20244349873100898},"Iteration":42},
{"Acceptance":[0.0865546218487395],"Energy":{"Mean":-7.835101366701077,"Sigma":0.10783818406110182,"Taucorr":0.3991550123490908},"EnergyVariance":{"Mean":0.7954001674746731,"Sigma":0.25631944694893133,"Taucorr":-0.004945928865605742},"Iteration":43},
{"Acceptance":[0.08067226890756303],"Energy":{"Mean":-7.929012569852138,"Sigma":0.09572666998909245,"Taucorr":0.26659625256019526},"EnergyVariance":{"Mean":0.7351472329413521,"Sigma":0.2843155914666201,"Taucorr":0.1013164157962958},"Iteration":44},
{"Acceptance":[0.07563025210084033],"Energy":{"Mean":-8.01262908675144,"Sigma":0.058448905341981425,"Taucorr":0.215541025494301},"EnergyVariance":{"Mean":0.2936252100973927,"Sigma":0.1233824346700482,"Taucorr":0.0015177163009085781},"Iteration":45},
{"Acceptance":[0.06932773109243698],"Energy":{"Mean":-8.008461479488858,"Sigma":0.05412864017606287,"Taucorr":0.33498288276281596},"EnergyVariance":{"Mean":0.21580016727208762,"Sigma":0.06158791584218922,"Taucorr":0.3510605529796834},"Iteration":46},
{"Acceptance":[0.08067226890756303],"Energy":{"Mean":-7.709528036957066,"Sigma":0.09809891495650691,"Taucorr":0.5136186446894031},"EnergyVariance":{"Mean":0.5838871706956988,"Sigma":0.13210749504851857,"Taucorr":0.12724300852177295},"Iteration":47},
{"Acceptance":[0.06218487394957983],"Energy":{"Mean":-8.138945543777721,"Sigma":0.031594137014668934,"Taucorr":0.08777370427890796},"EnergyVariance":{"Mean":0.10444266801279525,"Sigma":0.04950303533762104,"Taucorr":0.04618033014239198},"Iteration":48},
{"Acceptance":[0.07857142857142857],"Energy":{"Mean":-7.895115627899656,"Sigma":0.12344653295320242,"Taucorr":0.8135101972368108},"EnergyVariance":{"Mean":0.7135090093771443,"Sigma":0.3273653596578371,"Taucorr":0.6586452679055452},"Iteration":49} 
]}