{"Output": [
{"Acceptance":[0.7255250235085153],"Energy":{"Mean":-165.0907258064516,"Sigma":0.25179277737033134,"Taucorr":-0.01972279796808657},"EnergyVariance":{"Mean":65.40910753772111,"Sigma":2.7190616223897193,"Taucorr":-0.04982059221289775},"Iteration":0},
{"Acceptance":[0.6331278514958382],"Energy":{"Mean":-171.38810483870967,"Sigma":0.37608147759791527,"Taucorr":0.5002580318866885},"EnergyVariance":{"Mean":70.0640923761056,"Sigma":3.1714373215983445,"Taucorr":0.024021376388445592},"Iteration":1},
{"Acceptance":[0.5451885905339044],"Energy":{"Mean":-176.8266129032258,"Sigma":0.4536544198391681,"Taucorr":0.9159994981890671},"EnergyVariance":{"Mean":72.01630788241415,"Sigma":3.017312159123657,"Taucorr":0.020839251527048575},"Iteration":2},
{"Acceptance":[0.4601400062689374],"Energy":{"Mean":-181.77217741935488,"Sigma":0.4737772390094685,"Taucorr":1.2546942786047233},"EnergyVariance":{"Mean":63.385596871748184,"Sigma":3.2869537416107653,"Taucorr":0.13099699158832434},"Iteration":3},
{"Acceptance":[0.40060251454045204],"Energy":{"Mean":-186.05846774193546,"Sigma":0.344460232606078,"Taucorr":0.6386905945144123},"EnergyVariance":{"Mean":51.631662168314264,"Sigma":2.8802315787325004,"Taucorr":0.22814101275140986},"Iteration":4},
{"Acceptance":[0.33338557447845923],"Energy":{"Mean":-190.46068548387098,"Sigma":0.34458283684373675,"Taucorr":0.9568894900298959},"EnergyVariance":{"Mean":40.383535013982836,"Sigma":2.8345176628468653,"Taucorr":0.3690252769497109},"Iteration":5},
{"Acceptance":[0.31100895064953155],"Energy":{"Mean":-191.6592741935484,"Sigma":0.24845521906578436,"Taucorr":0.41822263756430544},"EnergyVariance":{"Mean":33.31132527965661,"Sigma":2.0129627244023824,"Taucorr":0.32820634304777097},"Iteration":6},
{"Acceptance":[0.27935081670323547],"Energy":{"Mean":-194.12701612903228,"Sigma":0.22303284087687145,"Taucorr":0.372993335380557},"EnergyVariance":{"Mean":28.233866902965662,"Sigma":1.7259428678012763,"Taucorr":0.34012027478361917},"Iteration":7},
{"Acceptance":[0.23982168355797026],"Energy":{"Mean":-196.26108870967738,"Sigma":0.2245138695659386,"Taucorr":0.7892808975243377},"EnergyVariance":{"Mean":19.372356879227368,"Sigma":1.4981137301864416,"Taucorr":0.7701250895394032},"Iteration":8},
{"Acceptance":[0.22068401072684846],"Energy":{"Mean":-197.50504032258064,"Sigma":0.1950329142668382,"Taucorr":0.570969959676398},"EnergyVariance":{"Mean":17.598764917728925,"Sigma":1.0386987721948058,"Taucorr":0.0711217063156423},"Iteration":9},
{"Acceptance":[0.19822031832271098],"Energy":{"Mean":-198.84576612903228,"Sigma":0.17206237027752924,"Taucorr":0.4321487475993223},"EnergyVariance":{"Mean":15.737300622723724,"Sigma":0.9512318800221622,"Taucorr":0.10702550886801909},"Iteration":10},
{"Acceptance":[0.17920454149688295],"Energy":{"Mean":-199.96875000000003,"Sigma":0.1830566705248829,"Taucorr":0.7648753114713309},"EnergyVariance":{"Mean":13.127047631048386,"Sigma":1.2421342387848853,"Taucorr":1.0029019401752282},"Iteration":11},
{"Acceptance":[0.16328840594852506],"Energy":{"Mean":-200.76915322580646,"Sigma":0.1810301631870332,"Taucorr":1.0326707784807605},"EnergyVariance":{"Mean":10.5948952507154,"Sigma":0.5831535871377731,"Taucorr":0.04978947858421745},"Iteration":12},
{"Acceptance":[0.15139483857486155],"Energy":{"Mean":-201.35887096774195,"Sigma":0.1682731150424748,"Taucorr":1.1274393834667074},"EnergyVariance":{"Mean":8.621211628511965,"Sigma":0.5389023515088218,"Taucorr":0.3140150418907287},"Iteration":13},
{"Acceptance":[0.13936196148086233],"Energy":{"Mean":-201.89112903225808,"Sigma":0.16470963938166308,"Taucorr":1.2490277281224453},"EnergyVariance":{"Mean":7.685727757544225,"Sigma":0.47314066263008686,"Taucorr":0.04968033381127912},"Iteration":14},
{"Acceptance":[0.1281301152787936],"Energy":{"Mean":-202.12399193548387,"Sigma":0.17102510956778075,"Taucorr":1.4588170594705034},"EnergyVariance":{"Mean":7.3989405160639965,"Sigma":0.7535077343850132,"Taucorr":0.873377800898915},"Iteration":15},
{"Acceptance":[0.1214084212725943],"Energy":{"Mean":-202.92943548387103,"Sigma":0.1732303461240103,"Taucorr":1.4973272199305037},"EnergyVariance":{"Mean":7.444617423257025,"Sigma":0.47028130123314316,"Taucorr":0.16029159934837578},"Iteration":16},
{"Acceptance":[0.1106815728067426],"Energy":{"Mean":-203.41431451612908,"Sigma":0.16466562362311704,"Taucorr":1.6976103738145767},"EnergyVariance":{"Mean":6.113625739789282,"Sigma":0.4450913058795926,"Taucorr":0.34041584871230457},"Iteration":17},
{"Acceptance":[0.10603211089053739],"Energy":{"Mean":-203.47983870967744,"Sigma":0.19855169269105505,"Taucorr":3.1856597800623145},"EnergyVariance":{"Mean":5.299996748178979,"Sigma":0.588804778160927,"Taucorr":0.9257618115493889},"Iteration":18},
{"Acceptance":[0.09366837321074079],"Energy":{"Mean":-204.20967741935485,"Sigma":0.18373912783048604,"Taucorr":3.063769075717534},"EnergyVariance":{"Mean":4.693938605619149,"Sigma":0.3591840129612251,"Taucorr":0.2147155479007573},"Iteration":19},
{"Acceptance":[0.09286734231881029],"Energy":{"Mean":-203.87600806451613,"Sigma":0.18477797832727258,"Taucorr":3.1709069440539923},"EnergyVariance":{"Mean":4.608617935418835,"Sigma":0.3648119711350578,"Taucorr":0.41107749689819173},"Iteration":20},
{"Acceptance":[0.08713823007000314],"Energy":{"Mean":-204.33669354838713,"Sigma":0.17584586806580538,"Taucorr":3.288855726868902},"EnergyVariance":{"Mean":4.043895518990635,"Sigma":0.3210121736050657,"Taucorr":0.5408467575029317},"Iteration":21},
{"Acceptance":[0.07514018040608783],"Energy":{"Mean":-205.05745967741936,"Sigma":0.13664735001343867,"Taucorr":2.2253429709941006},"EnergyVariance":{"Mean":3.394883869341831,"Sigma":0.3136542552768057,"Taucorr":0.4225303842013609},"Iteration":22},
{"Acceptance":[0.07409535750356981],"Energy":{"Mean":-205.04233870967744,"Sigma":0.15216120861455132,"Taucorr":2.901014695598318},"EnergyVariance":{"Mean":3.3732074336628513,"Sigma":0.32079019633558753,"Taucorr":0.1294861408875605},"Iteration":23},
{"Acceptance":[0.06869710584056002],"Energy":{"Mean":-205.6491935483871,"Sigma":0.07853333713540518,"Taucorr":0.7791747201143184},"EnergyVariance":{"Mean":2.3890316077003115,"Sigma":0.28454054597499345,"Taucorr":0.5235171752443841},"Iteration":24},
{"Acceptance":[0.07115243966147738],"Energy":{"Mean":-205.01008064516134,"Sigma":0.19090978362078947,"Taucorr":4.831942462591488},"EnergyVariance":{"Mean":3.3869951547866806,"Sigma":0.40072211610057457,"Taucorr":0.8640576766812085},"Iteration":25},
{"Acceptance":[0.06528401769233448],"Energy":{"Mean":-205.31350806451613,"Sigma":0.1552216419496726,"Taucorr":3.485513549931833},"EnergyVariance":{"Mean":2.99546269348335,"Sigma":0.39598106475898076,"Taucorr":1.16735684458214},"Iteration":26},
{"Acceptance":[0.05833594539058963],"Energy":{"Mean":-205.93649193548387,"Sigma":0.0866908132851887,"Taucorr":1.7483513973125118},"EnergyVariance":{"Mean":1.6562489838059313,"Sigma":0.19886063711477953,"Taucorr":0.6430310054081532},"Iteration":27},
{"Acceptance":[0.05642043673597325],"Energy":{"Mean":-206.08971774193552,"Sigma":0.09540147041168535,"Taucorr":2.5125522779649976},"EnergyVariance":{"Mean":1.4969910493626435,"Sigma":0.23333356128916746,"Taucorr":0.7644252075013953},"Iteration":28},
{"Acceptance":[0.05304217601783164],"Energy":{"Mean":-206.27217741935488,"Sigma":0.05136317060727267,"Taucorr":0.6935054709197086},"EnergyVariance":{"Mean":1.095274291103018,"Sigma":0.1771733376145775,"Taucorr":0.3031392261821738},"Iteration":29},
{"Acceptance":[0.05231079998606903],"Energy":{"Mean":-206.21068548387098,"Sigma":0.06114058800044801,"Taucorr":0.6377608147576055},"EnergyVariance":{"Mean":1.6279906591441209,"Sigma":0.34735906772392433,"Taucorr":0.3186170615745655},"Iteration":30},
{"Acceptance":[0.04898478041305332],"Energy":{"Mean":-206.3377016129032,"Sigma":0.044911131513070406,"Taucorr":0.4147157254920789},"EnergyVariance":{"Mean":1.0926108464490116,"Sigma":0.1526466031142567,"Taucorr":0.14825404604994807},"Iteration":31},
{"Acceptance":[0.046111517431128755],"Energy":{"Mean":-206.38407258064512,"Sigma":0.057057995153709,"Taucorr":1.1185932187893406},"EnergyVariance":{"Mean":0.9966414786030179,"Sigma":0.1647963948432759,"Taucorr":0.40949435824550695},"Iteration":32},
{"Acceptance":[0.04318601330407829],"Energy":{"Mean":-206.4586693548387,"Sigma":0.05257936702714586,"Taucorr":0.9150658410164765},"EnergyVariance":{"Mean":0.9680498422866807,"Sigma":0.18004897937468847,"Taucorr":0.6805932408226163},"Iteration":33},
{"Acceptance":[0.04546720997457598],"Energy":{"Mean":-206.4879032258065,"Sigma":0.04719708830864769,"Taucorr":0.9524393885904554},"EnergyVariance":{"Mean":0.7599343132154006,"Sigma":0.1306093113264104,"Taucorr":0.38560303050927813},"Iteration":34},
{"Acceptance":[0.04090481663358061],"Energy":{"Mean":-206.4788306451613,"Sigma":0.04870179362781926,"Taucorr":0.45596874632339757},"EnergyVariance":{"Mean":1.2293905680931325,"Sigma":0.3095816134976773,"Taucorr":0.4384332528068031},"Iteration":35},
{"Acceptance":[0.0405913697628252],"Energy":{"Mean":-206.5977822580645,"Sigma":0.04358990329898638,"Taucorr":0.9490855685147139},"EnergyVariance":{"Mean":0.6497128235561913,"Sigma":0.13247604089909307,"Taucorr":0.4055707256161677},"Iteration":36},
{"Acceptance":[0.039424650855013406],"Energy":{"Mean":-206.6209677419355,"Sigma":0.03160889128591183,"Taucorr":0.3746545731356419},"EnergyVariance":{"Mean":0.5660119667013529,"Sigma":0.07917075503873715,"Taucorr":0.26729264333557223},"Iteration":37},
{"Acceptance":[0.03813603594190785],"Energy":{"Mean":-206.6199596774194,"Sigma":0.04215349271995289,"Taucorr":1.006609086972905},"EnergyVariance":{"Mean":0.5843999983740897,"Sigma":0.1167670519362496,"Taucorr":0.33507234459481117},"Iteration":38},
{"Acceptance":[0.03907637655417407],"Energy":{"Mean":-206.71471774193554,"Sigma":0.03492328909521317,"Taucorr":0.7328563876651519},"EnergyVariance":{"Mean":0.49018661387877227,"Sigma":0.10508222228475575,"Taucorr":0.45889852733935066},"Iteration":39},
{"Acceptance":[0.037178281614599656],"Energy":{"Mean":-206.66834677419354,"Sigma":0.04781599008966848,"Taucorr":1.1676893120616618},"EnergyVariance":{"Mean":0.6793206539412071,"Sigma":0.18897711217460236,"Taucorr":0.7895548085153408},"Iteration":40},
{"Acceptance":[0.0347751889388082],"Energy":{"Mean":-206.73084677419354,"Sigma":0.027674385204143732,"Taucorr":0.19311074857102617},"EnergyVariance":{"Mean":0.5475162184573361,"Sigma":0.10254930432137359,"Taucorr":-0.024384673880192276},"Iteration":41},
{"Acceptance":[0.03642949186779507],"Energy":{"Mean":-206.7469758064516,"Sigma":0.026814010828772775,"Taucorr":0.3715609231805975},"EnergyVariance":{"Mean":0.40876101554370453,"Sigma":0.0654647307568168,"Taucorr":0.021693660832658},"Iteration":42},
{"Acceptance":[0.03592449413157803],"Energy":{"Mean":-206.74596774193546,"Sigma":0.03379247176679333,"Taucorr":0.6645623487154719},"EnergyVariance":{"Mean":0.4858708376690946,"Sigma":0.11359852289488749,"Taucorr":-0.00015302292583835309},"Iteration":43},
{"Acceptance":[0.033800020896458054],"Energy":{"Mean":-206.8064516129032,"Sigma":0.03215815340715832,"Taucorr":0.8005886671892544},"EnergyVariance":{"Mean":0.39399063475546314,"Sigma":0.14381338047667883,"Taucorr":0.5108855650280109},"Iteration":44},
{"Acceptance":[0.03237209626301675],"Energy":{"Mean":-206.82056451612905,"Sigma":0.024030589174934006,"Taucorr":0.35480483944755814},"EnergyVariance":{"Mean":0.33473839099895936,"Sigma":0.08660627946166927,"Taucorr":0.21506913924017967},"Iteration":45},
{"Acceptance":[0.03341691916553478],"Energy":{"Mean":-206.82459677419354,"Sigma":0.024961219053611428,"Taucorr":0.32001113834215145},"EnergyVariance":{"Mean":0.37649177289282,"Sigma":0.09330947076913028,"Taucorr":0.004535618776357553},"Iteration":46},
{"Acceptance":[0.03315571343990527],"Energy":{"Mean":-206.76915322580646,"Sigma":0.028349144886258774,"Taucorr":0.3366967077248386},"EnergyVariance":{"Mean":0.47594363781217486,"Sigma":0.09229302641400373,"Taucorr":0.01553006406055868},"Iteration":47},
{"Acceptance":[0.029951589872183333],"Energy":{"Mean":-206.8447580645161,"Sigma":0.029361050757689973,"Taucorr":0.9026787819735458},"EnergyVariance":{"Mean":0.30452897372528615,"Sigma":0.08705702795144701,"Taucorr":0.3506483806441518},"Iteration":48},
{"Acceptance":[0.030926757914533486],"Energy":{"Mean":-206.8689516129032,"Sigma":0.019357288711423067,"Taucorr":0.48511531189570856},"EnergyVariance":{"Mean":0.18847148152965662,"Sigma":0.03137522272804476,"Taucorr":0.08655368621762005},"Iteration":49} 
]}