{"Output": [
{"Acceptance":[0.9523809523809523],"Energy":{"Mean":-154.27419354838707,"Sigma":0.7812791791290414,"Taucorr":-0.028603466017672607},"EnergyVariance":{"Mean":79.63449531737771,"Sigma":15.254202823640242,"Taucorr":-0.013418149467476104},"Iteration":0},
{"Acceptance":[0.9352941176470588],"Energy":{"Mean":-154.51612903225805,"Sigma":0.9207097165994945,"Taucorr":0.19564525031067548},"EnergyVariance":{"Mean":74.94328824141516,"Sigma":12.77766852205503,"Taucorr":0.01941590325503184},"Iteration":1},
{"Acceptance":[0.9236694677871149],"Energy":{"Mean":-154.54032258064515,"Sigma":0.6943606146650739,"Taucorr":-0.09086940251964465},"EnergyVariance":{"Mean":72.47418054110301,"Sigma":11.177541058026735,"Taucorr":0.03761244812861164},"Iteration":2},
{"Acceptance":[0.9095238095238095],"Energy":{"Mean":-155.18548387096772,"Sigma":0.6040819638735709,"Taucorr":-0.14480708836889483},"EnergyVariance":{"Mean":63.18333766909469,"Sigma":9.867474317182094,"Taucorr":0.03517870060598427},"Iteration":3},
{"Acceptance":[0.8910364145658264],"Energy":{"Mean":-156.03225806451618,"Sigma":0.7104010240592192,"Taucorr":0.00047790138682357597},"EnergyVariance":{"Mean":62.015088449531746,"Sigma":8.010855884165881,"Taucorr":0.22995911288163196},"Iteration":4},
{"Acceptance":[0.8918767507002802],"Energy":{"Mean":-155.9193548387097,"Sigma":0.6088932204151218,"Taucorr":-0.16103810470382196},"EnergyVariance":{"Mean":67.26768990634756,"Sigma":12.406330509049049,"Taucorr":0.04570883803268788},"Iteration":5},
{"Acceptance":[0.8634453781512605],"Energy":{"Mean":-156.85483870967738,"Sigma":0.8314042882561392,"Taucorr":0.06417908128916461},"EnergyVariance":{"Mean":75.34989594172735,"Sigma":8.06143595972926,"Taucorr":-0.09011510340199003},"Iteration":6},
{"Acceptance":[0.853501400560224],"Energy":{"Mean":-156.06451612903226,"Sigma":0.7386204575881125,"Taucorr":0.005430369627237752},"EnergyVariance":{"Mean":66.38293444328825,"Sigma":9.394599526211314,"Taucorr":-0.018818673626297966},"Iteration":7},
{"Acceptance":[0.8358543417366947],"Energy":{"Mean":-157.62096774193546,"Sigma":0.762782731624305,"Taucorr":0.12695724904309602},"EnergyVariance":{"Mean":57.07407648283039,"Sigma":7.597681390466434,"Taucorr":-0.024460896562108814},"Iteration":8},
{"Acceptance":[0.8207282913165266],"Energy":{"Mean":-158.29032258064515,"Sigma":0.8715251103879724,"Taucorr":0.1894412704263425},"EnergyVariance":{"Mean":67.75442247658691,"Sigma":6.774604125885346,"Taucorr":-0.09919606571973655},"Iteration":9},
{"Acceptance":[0.8180672268907563],"Energy":{"Mean":-158.1693548387097,"Sigma":0.6384190715014287,"Taucorr":-0.10900448499641396},"EnergyVariance":{"Mean":64.10841571279916,"Sigma":8.585502697073958,"Taucorr":0.05822263378996262},"Iteration":10},
{"Acceptance":[0.7851540616246498],"Energy":{"Mean":-158.44354838709674,"Sigma":0.7184875914084919,"Taucorr":0.10207452758862501},"EnergyVariance":{"Mean":52.73068418314256,"Sigma":7.940493686752915,"Taucorr":0.07137944515468186},"Iteration":11},
{"Acceptance":[0.7495798319327731],"Energy":{"Mean":-160.04838709677415,"Sigma":0.7654694387575961,"Taucorr":0.07928092002090925},"EnergyVariance":{"Mean":62.20733610822059,"Sigma":8.388076538784912,"Taucorr":-0.04577593238843658},"Iteration":12},
{"Acceptance":[0.7112044817927171],"Energy":{"Mean":-160.17741935483863,"Sigma":0.6515277278516671,"Taucorr":-0.03436373338282739},"EnergyVariance":{"Mean":56.06529656607701,"Sigma":7.938969211212074,"Taucorr":0.17097354123264452},"Iteration":13},
{"Acceptance":[0.7068627450980393],"Energy":{"Mean":-161.4838709677419,"Sigma":0.6949254895340665,"Taucorr":-0.015742999058340645},"EnergyVariance":{"Mean":61.330385015608755,"Sigma":7.824124818853586,"Taucorr":-0.01692853815075629},"Iteration":14},
{"Acceptance":[0.6243697478991597],"Energy":{"Mean":-163.8790322580645,"Sigma":0.8579068494486478,"Taucorr":0.12872758184270383},"EnergyVariance":{"Mean":71.99343132154006,"Sigma":10.005808056911963,"Taucorr":0.10672229089173602},"Iteration":15},
{"Acceptance":[0.49117647058823527],"Energy":{"Mean":-168.8548387096774,"Sigma":0.7847482811221991,"Taucorr":0.23640167628566644},"EnergyVariance":{"Mean":51.43054110301768,"Sigma":5.558874098442266,"Taucorr":-0.02355832594706314},"Iteration":16},
{"Acceptance":[0.4295518207282913],"Energy":{"Mean":-170.8548387096774,"Sigma":0.8333420048109361,"Taucorr":0.3059095394010203},"EnergyVariance":{"Mean":52.995057232049945,"Sigma":8.133205516013044,"Taucorr":0.19241332843165393},"Iteration":17},
{"Acceptance":[0.3673669467787115],"Energy":{"Mean":-172.93548387096774,"Sigma":0.845526474498197,"Taucorr":0.42854584212376945},"EnergyVariance":{"Mean":47.350676378772114,"Sigma":9.066649839998323,"Taucorr":0.38891412085423815},"Iteration":18},
{"Acceptance":[0.30462184873949577],"Energy":{"Mean":-176.90322580645162,"Sigma":0.5111232385316169,"Taucorr":0.07038687452668124},"EnergyVariance":{"Mean":28.16805411030177,"Sigma":4.881529295506047,"Taucorr":0.2093182544792055},"Iteration":19},
{"Acceptance":[0.27240896358543415],"Energy":{"Mean":-178.7016129032258,"Sigma":0.47113158145916506,"Taucorr":0.14706839838583896},"EnergyVariance":{"Mean":21.096449011446406,"Sigma":2.3103973667231217,"Taucorr":0.11827195870365814},"Iteration":20},
{"Acceptance":[0.2407563025210084],"Energy":{"Mean":-178.58870967741936,"Sigma":0.5663679304783225,"Taucorr":0.2568668890713154},"EnergyVariance":{"Mean":26.064711238293448,"Sigma":4.432197156570236,"Taucorr":0.27934086928618074},"Iteration":21},
{"Acceptance":[0.20210084033613446],"Energy":{"Mean":-181.0241935483871,"Sigma":0.38439920283267737,"Taucorr":0.033812152585433686},"EnergyVariance":{"Mean":17.023608220603535,"Sigma":2.9779574702213796,"Taucorr":0.06840441468278546},"Iteration":22},
{"Acceptance":[0.1920168067226891],"Energy":{"Mean":-182.34677419354838,"Sigma":0.28224270311501676,"Taucorr":-0.07221379854734344},"EnergyVariance":{"Mean":11.452328303850154,"Sigma":1.1974679326660307,"Taucorr":-0.10051145206968487},"Iteration":23},
{"Acceptance":[0.16568627450980392],"Energy":{"Mean":-182.80645161290326,"Sigma":0.44294191186604465,"Taucorr":0.4038560098214957},"EnergyVariance":{"Mean":13.349635796045785,"Sigma":2.304754923694131,"Taucorr":0.13475368500138796},"Iteration":24},
{"Acceptance":[0.1623249299719888],"Energy":{"Mean":-183.82258064516128,"Sigma":0.34512611618585876,"Taucorr":0.16589732068957497},"EnergyVariance":{"Mean":11.000780437044746,"Sigma":2.2097973432393645,"Taucorr":-0.07644027799355535},"Iteration":25},
{"Acceptance":[0.13669467787114845],"Energy":{"Mean":-184.5645161290323,"Sigma":0.33137213551478634,"Taucorr":0.2851894982002984},"EnergyVariance":{"Mean":8.600676378772112,"Sigma":1.1861714049825423,"Taucorr":0.1335582060790319},"Iteration":26},
{"Acceptance":[0.1303921568627451],"Energy":{"Mean":-185.258064516129,"Sigma":0.2972734230187738,"Taucorr":0.19782717616407353},"EnergyVariance":{"Mean":7.788241415192507,"Sigma":1.1949212061004248,"Taucorr":0.1905790107818507},"Iteration":27},
{"Acceptance":[0.11008403361344538],"Energy":{"Mean":-185.8870967741935,"Sigma":0.2827568557484878,"Taucorr":0.2694280480358211},"EnergyVariance":{"Mean":6.390478668054111,"Sigma":1.331705822700742,"Taucorr":0.2600147933665268},"Iteration":28},
{"Acceptance":[0.09019607843137255],"Energy":{"Mean":-187.00806451612902,"Sigma":0.28004508828786634,"Taucorr":0.30712210093270764},"EnergyVariance":{"Mean":5.975741415192509,"Sigma":1.0567720049506457,"Taucorr":0.1891644784978901},"Iteration":29},
{"Acceptance":[0.07282913165266107],"Energy":{"Mean":-187.48387096774192,"Sigma":0.26663360443671535,"Taucorr":0.32025012201073577},"EnergyVariance":{"Mean":5.330385015608741,"Sigma":1.0451515572613888,"Taucorr":-0.020732865923539623},"Iteration":30},
{"Acceptance":[0.05784313725490196],"Energy":{"Mean":-188.23387096774195,"Sigma":0.21656391811153083,"Taucorr":0.3634561844128995},"EnergyVariance":{"Mean":3.340465660770032,"Sigma":0.5780247464275831,"Taucorr":0.06094819772137561},"Iteration":31},
{"Acceptance":[0.036834733893557424],"Energy":{"Mean":-189.14516129032262,"Sigma":0.14093304363690495,"Taucorr":0.05002049900433503},"EnergyVariance":{"Mean":2.220863683662851,"Sigma":0.6921650804022736,"Taucorr":-0.04574294686834007},"Iteration":32},
{"Acceptance":[0.03305322128851541],"Energy":{"Mean":-189.1129032258064,"Sigma":0.1667360244169291,"Taucorr":0.27824748371817554},"EnergyVariance":{"Mean":2.196930280957336,"Sigma":0.8861704160134696,"Taucorr":0.23267708761100458},"Iteration":33},
{"Acceptance":[0.029551820728291316],"Energy":{"Mean":-189.0887096774193,"Sigma":0.16981504292414618,"Taucorr":0.10411395910409682},"EnergyVariance":{"Mean":2.9356789802289285,"Sigma":0.7896315730781065,"Taucorr":-0.0624260710183937},"Iteration":34},
{"Acceptance":[0.018487394957983194],"Energy":{"Mean":-189.58064516129033,"Sigma":0.11788178467355147,"Taucorr":0.39659525109169846},"EnergyVariance":{"Mean":0.9531737773152966,"Sigma":0.35075430445947997,"Taucorr":0.22302711753436633},"Iteration":35},
{"Acceptance":[0.013865546218487394],"Energy":{"Mean":-189.79032258064515,"Sigma":0.054497674550305464,"Taucorr":-0.08478710821997776},"EnergyVariance":{"Mean":0.43990634755463054,"Sigma":0.14362473214026636,"Taucorr":-0.007835587383925036},"Iteration":36},
{"Acceptance":[0.013025210084033614],"Energy":{"Mean":-189.8225806451613,"Sigma":0.09069145108190248,"Taucorr":0.022273704002156114},"EnergyVariance":{"Mean":0.9685223725286158,"Sigma":0.4520056483358694,"Taucorr":-0.0336621685898551},"Iteration":37},
{"Acceptance":[0.011064425770308124],"Energy":{"Mean":-189.89516129032256,"Sigma":0.04143623412472522,"Taucorr":0.3373388344507263},"EnergyVariance":{"Mean":0.12610561914672216,"Sigma":0.06028636927296248,"Taucorr":0.4357174016375305},"Iteration":38},
{"Acceptance":[0.008123249299719889],"Energy":{"Mean":-189.76612903225808,"Sigma":0.09050001772631497,"Taucorr":0.6520005949724752},"EnergyVariance":{"Mean":0.43723985431841844,"Sigma":0.19911588818244355,"Taucorr":0.859328149783114},"Iteration":39},
{"Acceptance":[0.008403361344537815],"Energy":{"Mean":-189.90322580645162,"Sigma":0.06421299753998244,"Taucorr":0.09510073260073915},"EnergyVariance":{"Mean":0.42611862643080134,"Sigma":0.2826498413543267,"Taucorr":-0.007711168265076285},"Iteration":40},
{"Acceptance":[0.006442577030812325],"Energy":{"Mean":-189.8870967741935,"Sigma":0.047573810334684746,"Taucorr":0.15329670329667933},"EnergyVariance":{"Mean":0.21305931321540061,"Sigma":0.08973339307741784,"Taucorr":0.07301334175317242},"Iteration":41},
{"Acceptance":[0.0054621848739495795],"Energy":{"Mean":-189.9193548387097,"Sigma":0.06067175120581979,"Taucorr":0.027728926622200722},"EnergyVariance":{"Mean":0.4289802289281998,"Sigma":0.2880148961357996,"Taucorr":-0.012121658729728091},"Iteration":42},
{"Acceptance":[0.0054621848739495795],"Energy":{"Mean":-189.88709677419354,"Sigma":0.06006124750008104,"Taucorr":0.25535872453498143},"EnergyVariance":{"Mean":0.2937044745057232,"Sigma":0.1485061395570792,"Taucorr":0.2764709054730069},"Iteration":43},
{"Acceptance":[0.004061624649859944],"Energy":{"Mean":-189.93548387096772,"Sigma":0.03272511353447968,"Taucorr":-0.03288745387454578},"EnergyVariance":{"Mean":0.14099895941727367,"Sigma":0.07933595992584634,"Taucorr":-0.022976772557003367},"Iteration":44},
{"Acceptance":[0.004341736694677871],"Energy":{"Mean":-189.91935483870972,"Sigma":0.05104696442665994,"Taucorr":0.6557692307692526},"EnergyVariance":{"Mean":0.1386576482830385,"Sigma":0.09273999562084749,"Taucorr":0.7297574422556454},"Iteration":45},
{"Acceptance":[0.004201680672268907],"Energy":{"Mean":-189.87096774193546,"Sigma":0.08970603705210485,"Taucorr":0.49083333333334256},"EnergyVariance":{"Mean":0.49947970863683666,"Sigma":0.3356742031627078,"Taucorr":0.49083333333333345},"Iteration":46},
{"Acceptance":[0.005042016806722689],"Energy":{"Mean":-189.93548387096774,"Sigma":0.046327118117241696,"Taucorr":0.1422468354430293},"EnergyVariance":{"Mean":0.2055150884495317,"Sigma":0.13660697015321466,"Taucorr":0.037513646632503894},"Iteration":47},
{"Acceptance":[0.0033613445378151263],"Energy":{"Mean":-189.98387096774186,"Sigma":0.01121325463151257,"Taucorr":-0.01270491803282131},"EnergyVariance":{"Mean":0.015868886576482825,"Sigma":0.010851536740172302,"Taucorr":-0.012704918032787005},"Iteration":48},
{"Acceptance":[0.00196078431372549],"Energy":{"Mean":-190.00806451612902,"Sigma":0.008064516129032388,"Taucorr":1.7985612998927536e-14},"EnergyVariance":{"Mean":0.007999479708636839,"Sigma":0.007934443288241532,"Taucorr":-2.220446049250313e-16},"Iteration":49},
{"Acceptance":[0.0036414565826330533],"Energy":{"Mean":-189.99193548387098,"Sigma":0.00806451612903242,"Taucorr":1.9761969838327786e-14},"EnergyVariance":{"Mean":0.007999479708636837,"Sigma":0.007934443288241534,"Taucorr":0.0},"Iteration":50},
{"Acceptance":[0.005322128851540616],"Energy":{"Mean":-190.0,"Sigma":0.041800859177258,"Taucorr":0.4517857142857078},"EnergyVariance":{"Mean":0.1129032258064516,"Sigma":0.07849278242059111,"Taucorr":0.05656285823462004},"Iteration":51},
{"Acceptance":[0.004201680672268907],"Energy":{"Mean":-189.9112903225806,"Sigma":0.0719807948333125,"Taucorr":0.04859478221925073},"EnergyVariance":{"Mean":0.5808402705515088,"Sigma":0.5058819115571328,"Taucorr":-4.491050808341779e-05},"Iteration":52},
{"Acceptance":[0.004201680672268907],"Energy":{"Mean":-189.83870967741933,"Sigma":0.10404996931838995,"Taucorr":0.8585058386411921},"EnergyVariance":{"Mean":0.49011446409989573,"Sigma":0.26889034004500434,"Taucorr":0.95760746538075},"Iteration":53},
{"Acceptance":[0.002240896358543417],"Energy":{"Mean":-189.93548387096772,"Sigma":0.06131154131854299,"Taucorr":-0.0013047138047079798},"EnergyVariance":{"Mean":0.46357960457856395,"Sigma":0.29699111061692035,"Taucorr":-0.016428659027419468},"Iteration":54},
{"Acceptance":[0.0016806722689075631],"Energy":{"Mean":-189.99193548387095,"Sigma":0.008064516129033604,"Taucorr":1.305622276959184e-13},"EnergyVariance":{"Mean":0.007999479708636837,"Sigma":0.007934443288241074,"Taucorr":-2.220446049250313e-16},"Iteration":55},
{"Acceptance":[0.004761904761904762],"Energy":{"Mean":-189.91129032258058,"Sigma":0.048565977594134016,"Taucorr":0.4979418344518952},"EnergyVariance":{"Mean":0.14535639958376692,"Sigma":0.06889395736090465,"Taucorr":0.3424733420339563},"Iteration":56},
{"Acceptance":[0.0030812324929971988],"Energy":{"Mean":-189.94354838709677,"Sigma":0.036125671886736786,"Taucorr":0.43847908745248965},"EnergyVariance":{"Mean":0.08552289281997918,"Sigma":0.06219028139999199,"Taucorr":0.48284809829685893},"Iteration":57},
{"Acceptance":[0.00392156862745098],"Energy":{"Mean":-189.92741935483866,"Sigma":0.05209785610914133,"Taucorr":0.3501490559787741},"EnergyVariance":{"Mean":0.19634495317377734,"Sigma":0.14004347841498543,"Taucorr":0.4423680017271209},"Iteration":58},
{"Acceptance":[0.0028011204481792717],"Energy":{"Mean":-189.94354838709683,"Sigma":0.037940384439521586,"Taucorr":0.03275929549902956},"EnergyVariance":{"Mean":0.16616805411030175,"Sigma":0.09742898603279959,"Taucorr":-0.01596855525778884},"Iteration":59},
{"Acceptance":[0.0036414565826330533],"Energy":{"Mean":-189.99193548387095,"Sigma":0.008064516129032497,"Taucorr":2.0650148258027912e-14},"EnergyVariance":{"Mean":0.007999479708636834,"Sigma":0.007934443288241074,"Taucorr":0.0},"Iteration":60},
{"Acceptance":[0.0016806722689075631],"Energy":{"Mean":-189.96774193548387,"Sigma":0.022426509263027486,"Taucorr":-0.012704918032739099},"EnergyVariance":{"Mean":0.06347554630593133,"Sigma":0.043406146960695585,"Taucorr":-0.012704918032786783},"Iteration":61},
{"Acceptance":[0.00196078431372549],"Energy":{"Mean":-189.9838709677419,"Sigma":0.01612903225806496,"Taucorr":1.84297022087776e-14},"EnergyVariance":{"Mean":0.03199791883454735,"Sigma":0.0317377731529643,"Taucorr":-2.220446049250313e-16},"Iteration":62},
{"Acceptance":[0.00196078431372549],"Energy":{"Mean":-189.95161290322577,"Sigma":0.026989033114003257,"Taucorr":-0.02561983471072099},"EnergyVariance":{"Mean":0.09443288241415192,"Sigma":0.05136622431374435,"Taucorr":-0.025619834710743472},"Iteration":63},
{"Acceptance":[0.0028011204481792717],"Energy":{"Mean":-190.0161290322581,"Sigma":0.016129032258064602,"Taucorr":0.5081967213114853},"EnergyVariance":{"Mean":0.015868886576482832,"Sigma":0.015608740894899786,"Taucorr":0.5081967213114753},"Iteration":64},
{"Acceptance":[0.004481792717086834],"Energy":{"Mean":-190.02419354838707,"Sigma":0.01779074420190779,"Taucorr":0.32451790633608857},"EnergyVariance":{"Mean":0.023608220603537983,"Sigma":0.016929901740525992,"Taucorr":0.324517906336088},"Iteration":65},
{"Acceptance":[0.0036414565826330533],"Energy":{"Mean":-189.99193548387098,"Sigma":0.035703134872869004,"Taucorr":0.011847133757965311},"EnergyVariance":{"Mean":0.15316077003121753,"Sigma":0.08349489025127114,"Taucorr":-0.027236560443910707},"Iteration":66},
{"Acceptance":[0.0033613445378151263],"Energy":{"Mean":-189.98387096774192,"Sigma":0.01612903225806377,"Taucorr":-3.597122599785507e-14},"EnergyVariance":{"Mean":0.03199791883454735,"Sigma":0.03173777315296522,"Taucorr":0.0},"Iteration":67},
{"Acceptance":[0.0014005602240896359],"Energy":{"Mean":-190.00806451612905,"Sigma":0.008064516129032294,"Taucorr":6.661338147750939e-16},"EnergyVariance":{"Mean":0.007999479708636834,"Sigma":0.007934443288241073,"Taucorr":-2.220446049250313e-16},"Iteration":68},
{"Acceptance":[0.0028011204481792717],"Energy":{"Mean":-189.9677419354839,"Sigma":0.03225806451612929,"Taucorr":0.5081967213114895},"EnergyVariance":{"Mean":0.06347554630593132,"Sigma":0.06243496357960646,"Taucorr":0.5081967213114753},"Iteration":69},
{"Acceptance":[0.0030812324929971988],"Energy":{"Mean":-189.9354838709677,"Sigma":0.03839477649754213,"Taucorr":0.2260416666666627},"EnergyVariance":{"Mean":0.12486992715920915,"Sigma":0.07183538828571992,"Taucorr":0.2260416666666667},"Iteration":70},
{"Acceptance":[0.0030812324929971988],"Energy":{"Mean":-189.96774193548393,"Sigma":0.019197388248770812,"Taucorr":-0.021291208791218652},"EnergyVariance":{"Mean":0.04734651404786681,"Sigma":0.03245251775869764,"Taucorr":-0.012322699191433528},"Iteration":71},
{"Acceptance":[0.0011204481792717086],"Energy":{"Mean":-189.92741935483875,"Sigma":0.10053188414353154,"Taucorr":0.867840274796047},"EnergyVariance":{"Mean":0.4544094693028095,"Sigma":0.3782369034998954,"Taucorr":0.9036056424798677},"Iteration":72},
{"Acceptance":[0.0025210084033613447],"Energy":{"Mean":-189.96774193548393,"Sigma":0.022426509263025685,"Taucorr":-0.012704918032797718},"EnergyVariance":{"Mean":0.06347554630593132,"Sigma":0.04340614696069814,"Taucorr":-0.012704918032786894},"Iteration":73},
{"Acceptance":[0.00196078431372549],"Energy":{"Mean":-190.00806451612905,"Sigma":0.008064516129032497,"Taucorr":2.0650148258027912e-14},"EnergyVariance":{"Mean":0.007999479708636832,"Sigma":0.007934443288241073,"Taucorr":-2.220446049250313e-16},"Iteration":74},
{"Acceptance":[0.004481792717086834],"Energy":{"Mean":-189.95161290322582,"Sigma":0.031578871302341924,"Taucorr":0.14944903581271185},"EnergyVariance":{"Mean":0.09443288241415192,"Sigma":0.0374296512170698,"Taucorr":0.01517859021610446},"Iteration":75},
{"Acceptance":[0.0],"Energy":{"Mean":-190.0,"Sigma":0.0,"Taucorr":null},"EnergyVariance":{"Mean":0.0,"Sigma":0.0,"Taucorr":null},"Iteration":76},
{"Acceptance":[0.0030812324929971988],"Energy":{"Mean":-189.9758064516129,"Sigma":0.024193548387096687,"Taucorr":1.0247933884297356},"EnergyVariance":{"Mean":0.023608220603537983,"Sigma":0.023022892819978876,"Taucorr":1.0247933884297515},"Iteration":77},
{"Acceptance":[0.0014005602240896359],"Energy":{"Mean":-189.99193548387095,"Sigma":0.008064516129032294,"Taucorr":6.661338147750939e-16},"EnergyVariance":{"Mean":0.007999479708636834,"Sigma":0.007934443288241073,"Taucorr":-2.220446049250313e-16},"Iteration":78},
{"Acceptance":[0.0016806722689075631],"Energy":{"Mean":-190.00806451612902,"Sigma":0.00806451612903242,"Taucorr":1.9761969838327786e-14},"EnergyVariance":{"Mean":0.007999479708636837,"Sigma":0.007934443288241534,"Taucorr":0.0},"Iteration":79},
{"Acceptance":[0.0016806722689075631],"Energy":{"Mean":-190.00000000000003,"Sigma":0.011593472394005561,"Taucorr":0.012500000000096323},"EnergyVariance":{"Mean":0.01612903225806452,"Sigma":0.011213254631513016,"Taucorr":-0.012704918032786783},"Iteration":80},
{"Acceptance":[0.0028011204481792717],"Energy":{"Mean":-190.00806451612905,"Sigma":0.00806451612903261,"Taucorr":3.375077994860476e-14},"EnergyVariance":{"Mean":0.007999479708636835,"Sigma":0.007934443288241074,"Taucorr":-2.220446049250313e-16},"Iteration":81},
{"Acceptance":[0.0030812324929971988],"Energy":{"Mean":-189.99999999999997,"Sigma":0.02008048322256313,"Taucorr":0.012500000000026601},"EnergyVariance":{"Mean":0.04838709677419355,"Sigma":0.03363976389453837,"Taucorr":-0.012704918032787782},"Iteration":82},
{"Acceptance":[0.0016806722689075631],"Energy":{"Mean":-190.01612903225805,"Sigma":0.025755999068825492,"Taucorr":0.7750000000000141},"EnergyVariance":{"Mean":0.03199791883454735,"Sigma":0.024586175547785524,"Taucorr":0.7291963158884271},"Iteration":83},
{"Acceptance":[0.0011204481792717086],"Energy":{"Mean":-190.01612903225808,"Sigma":0.016129032258063652,"Taucorr":0.508196721311414},"EnergyVariance":{"Mean":0.015868886576482832,"Sigma":0.015608740894900703,"Taucorr":0.5081967213114755},"Iteration":84},
{"Acceptance":[0.002240896358543417],"Energy":{"Mean":-190.0322580645161,"Sigma":0.025245928778222786,"Taucorr":-0.007598039215706176},"EnergyVariance":{"Mean":0.07960457856399582,"Sigma":0.07116884104735244,"Taucorr":-0.0026519242813040633},"Iteration":85},
{"Acceptance":[0.0029411764705882353],"Energy":{"Mean":-189.99999999999997,"Sigma":0.025923792368261093,"Taucorr":0.14062500000001166},"EnergyVariance":{"Mean":0.06451612903225806,"Sigma":0.036602599090032537,"Taucorr":0.02437913907285405},"Iteration":86},
{"Acceptance":[0.0035014005602240898],"Energy":{"Mean":-189.8629032258065,"Sigma":0.10228485792600778,"Taucorr":0.4890332900130031},"EnergyVariance":{"Mean":0.6505593132154006,"Sigma":0.443395875582674,"Taucorr":0.49092154487915685},"Iteration":87},
{"Acceptance":[0.00196078431372549],"Energy":{"Mean":-189.99193548387098,"Sigma":0.008064516129032388,"Taucorr":1.4432899320127035e-14},"EnergyVariance":{"Mean":0.007999479708636839,"Sigma":0.007934443288241534,"Taucorr":0.0},"Iteration":88},
{"Acceptance":[0.0030812324929971988],"Energy":{"Mean":-189.98387096774192,"Sigma":0.016129032258064273,"Taucorr":0.5081967213114618},"EnergyVariance":{"Mean":0.015868886576482832,"Sigma":0.015608740894900703,"Taucorr":0.5081967213114753},"Iteration":89},
{"Acceptance":[0.002240896358543417],"Energy":{"Mean":-190.00806451612902,"Sigma":0.008064516129032051,"Taucorr":-2.942091015256665e-14},"EnergyVariance":{"Mean":0.007999479708636839,"Sigma":0.007934443288241534,"Taucorr":0.0},"Iteration":90},
{"Acceptance":[0.0025210084033613447],"Energy":{"Mean":-190.0,"Sigma":0.028398091712353492,"Taucorr":0.5250000000000021},"EnergyVariance":{"Mean":0.048387096774193554,"Sigma":0.02698903311400244,"Taucorr":0.4728813559322035},"Iteration":91},
{"Acceptance":[0.002240896358543417],"Energy":{"Mean":-190.0,"Sigma":0.0,"Taucorr":null},"EnergyVariance":{"Mean":0.0,"Sigma":0.0,"Taucorr":null},"Iteration":92},
{"Acceptance":[0.0030812324929971988],"Energy":{"Mean":-189.93548387096772,"Sigma":0.050491857556446786,"Taucorr":-0.007598039215688579},"EnergyVariance":{"Mean":0.3184183142559832,"Sigma":0.2846753641894013,"Taucorr":-0.0026519242813041743},"Iteration":93},
{"Acceptance":[0.00196078431372549],"Energy":{"Mean":-189.99193548387095,"Sigma":0.027149206823554154,"Taucorr":0.011371973587680051},"EnergyVariance":{"Mean":0.0886446409989594,"Sigma":0.07254245243995834,"Taucorr":-0.005917165127870994},"Iteration":94},
{"Acceptance":[0.0030812324929971988],"Energy":{"Mean":-190.0,"Sigma":0.025923792368260642,"Taucorr":0.3541666666666752},"EnergyVariance":{"Mean":0.048387096774193554,"Sigma":0.02437210098202825,"Taucorr":0.2933615819209039},"Iteration":95},
{"Acceptance":[0.0025210084033613447],"Energy":{"Mean":-189.9677419354839,"Sigma":0.03225806451612881,"Taucorr":-7.549516567451064e-15},"EnergyVariance":{"Mean":0.1279916753381894,"Sigma":0.12695109261186455,"Taucorr":0.0},"Iteration":96},
{"Acceptance":[0.00196078431372549],"Energy":{"Mean":-189.99193548387095,"Sigma":0.008064516129033366,"Taucorr":1.0103029524088925e-13},"EnergyVariance":{"Mean":0.007999479708636837,"Sigma":0.007934443288241074,"Taucorr":0.0},"Iteration":97},
{"Acceptance":[0.0036414565826330533],"Energy":{"Mean":-189.991935483871,"Sigma":0.018271661793511737,"Taucorr":0.010016155088832579},"EnergyVariance":{"Mean":0.04025754422476587,"Sigma":0.03276488127977016,"Taucorr":-0.006080986408854461},"Iteration":98},
{"Acceptance":[0.0025210084033613447],"Energy":{"Mean":-189.9032258064516,"Sigma":0.13151179439055005,"Taucorr":0.9519620028409095},"EnergyVariance":{"Mean":0.732570239334027,"Sigma":0.6838028384010573,"Taucorr":0.8713929959504643},"Iteration":99} 
]}