{"Output": [
{"Acceptance":[0.9240442655935613],"Energy":{"Mean":-302.55645161290323,"Sigma":1.0271652763939607,"Taucorr":-0.0729915004731474},"EnergyVariance":{"Mean":151.95649063475548,"Sigma":16.734529388496608,"Taucorr":-0.06686448687561786},"Iteration":0},
{"Acceptance":[0.9149899396378269],"Energy":{"Mean":-301.52419354838713,"Sigma":1.0127118680965281,"Taucorr":-0.0892903681537846},"EnergyVariance":{"Mean":153.57199531737774,"Sigma":19.67573814236628,"Taucorr":-0.08696112060032601},"Iteration":1},
{"Acceptance":[0.8977867203219316],"Energy":{"Mean":-303.44354838709677,"Sigma":1.2000621443036907,"Taucorr":0.1177412411710882},"EnergyVariance":{"Mean":143.37584547346515,"Sigma":19.07368573984375,"Taucorr":0.14039995412434325},"Iteration":2},
{"Acceptance":[0.8759557344064386],"Energy":{"Mean":-304.2338709677419,"Sigma":1.1449946872599996,"Taucorr":0.03377830459405107},"EnergyVariance":{"Mean":151.05014308012488,"Sigma":25.181340624625676,"Taucorr":0.09634015126244022},"Iteration":3},
{"Acceptance":[0.8570422535211267],"Energy":{"Mean":-307.09677419354836,"Sigma":1.1380324831519462,"Taucorr":0.06261236677692017},"EnergyVariance":{"Mean":141.5712799167534,"Sigma":32.399037195408944,"Taucorr":-0.018897355900808932},"Iteration":4},
{"Acceptance":[0.826559356136821],"Energy":{"Mean":-306.71774193548396,"Sigma":1.1761943104115935,"Taucorr":0.0853625741487073},"EnergyVariance":{"Mean":145.34774973985435,"Sigma":27.423225533800792,"Taucorr":-0.024554149134015213},"Iteration":5},
{"Acceptance":[0.7834004024144869],"Energy":{"Mean":-308.02419354838713,"Sigma":1.3672118063718162,"Taucorr":0.25700141539634347},"EnergyVariance":{"Mean":151.86231789802292,"Sigma":18.84523604512879,"Taucorr":0.084519948550836},"Iteration":6},
{"Acceptance":[0.7124748490945674],"Energy":{"Mean":-313.8387096774193,"Sigma":1.1230447996057915,"Taucorr":0.13008708643979072},"EnergyVariance":{"Mean":123.10301768990637,"Sigma":22.36733800207459,"Taucorr":0.3176211077544998},"Iteration":7},
{"Acceptance":[0.5913480885311871],"Energy":{"Mean":-319.37903225806446,"Sigma":1.6287434535861431,"Taucorr":0.6073450844207506},"EnergyVariance":{"Mean":147.3321409989594,"Sigma":26.0871030748843,"Taucorr":0.22016305805503922},"Iteration":8},
{"Acceptance":[0.41509054325955735],"Energy":{"Mean":-331.6209677419355,"Sigma":1.1888748955081925,"Taucorr":0.1449259928538169},"EnergyVariance":{"Mean":134.78375390218523,"Sigma":20.27320379698833,"Taucorr":0.08033736330527286},"Iteration":9},
{"Acceptance":[0.34094567404426557],"Energy":{"Mean":-337.76612903225805,"Sigma":1.5370835166247243,"Taucorr":0.46400074732901053},"EnergyVariance":{"Mean":150.72756243496357,"Sigma":20.546306965909483,"Taucorr":-0.042301667299082746},"Iteration":10},
{"Acceptance":[0.2677062374245473],"Energy":{"Mean":-348.37096774193543,"Sigma":0.7887712446009909,"Taucorr":0.06010257083994752},"EnergyVariance":{"Mean":68.31399583766913,"Sigma":10.521520005874692,"Taucorr":0.23598829757218764},"Iteration":11},
{"Acceptance":[0.21207243460764588],"Energy":{"Mean":-352.47580645161287,"Sigma":0.9717345951866099,"Taucorr":0.24987432427779588},"EnergyVariance":{"Mean":77.44296305931321,"Sigma":11.490473664553713,"Taucorr":0.09782642908576245},"Iteration":12},
{"Acceptance":[0.16569416498993964],"Energy":{"Mean":-358.9838709677419,"Sigma":0.9533426961062933,"Taucorr":0.39896405574685445},"EnergyVariance":{"Mean":62.17715920915713,"Sigma":6.215852099137891,"Taucorr":0.03188947595913594},"Iteration":13},
{"Acceptance":[0.1317907444668008],"Energy":{"Mean":-362.91129032258067,"Sigma":0.6364328921596416,"Taucorr":0.266468623617486},"EnergyVariance":{"Mean":32.50019510926118,"Sigma":3.568402184947044,"Taucorr":-0.011853493321125952},"Iteration":14},
{"Acceptance":[0.10482897384305835],"Energy":{"Mean":-367.1774193548387,"Sigma":0.6085406424330999,"Taucorr":0.14065594104690138},"EnergyVariance":{"Mean":35.549167533818945,"Sigma":4.221526400527032,"Taucorr":-0.09814912667273484},"Iteration":15},
{"Acceptance":[0.09537223340040242],"Energy":{"Mean":-368.96774193548384,"Sigma":0.6142070173367308,"Taucorr":0.3009503987498675},"EnergyVariance":{"Mean":28.966701352757543,"Sigma":6.095580801444237,"Taucorr":0.272835167408888},"Iteration":16},
{"Acceptance":[0.06961770623742455],"Energy":{"Mean":-373.0161290322581,"Sigma":0.4669069298751654,"Taucorr":0.39768511260908146},"EnergyVariance":{"Mean":14.935223725286159,"Sigma":2.4606897303161657,"Taucorr":0.07581325264199312},"Iteration":17},
{"Acceptance":[0.05442655935613682],"Energy":{"Mean":-373.44354838709677,"Sigma":0.4632618220641229,"Taucorr":0.33475639100836974},"EnergyVariance":{"Mean":15.811329344432885,"Sigma":2.235983900807384,"Taucorr":0.20615696850172882},"Iteration":18},
{"Acceptance":[0.03702213279678068],"Energy":{"Mean":-376.6209677419355,"Sigma":0.24425412240001104,"Taucorr":0.043449152787275125},"EnergyVariance":{"Mean":6.751495837669094,"Sigma":0.9821588953035488,"Taucorr":0.03614024604031696},"Iteration":19},
{"Acceptance":[0.02796780684104628],"Energy":{"Mean":-377.1129032258065,"Sigma":0.2713562882479341,"Taucorr":0.2816252076691643},"EnergyVariance":{"Mean":5.793704474505724,"Sigma":0.998487990710974,"Taucorr":-0.023591199335570523},"Iteration":20},
{"Acceptance":[0.01800804828973843],"Energy":{"Mean":-377.7096774193548,"Sigma":0.19053432726079642,"Taucorr":0.0454636456082369},"EnergyVariance":{"Mean":4.093132154006243,"Sigma":0.8817675158667942,"Taucorr":-0.0320112477828709},"Iteration":21},
{"Acceptance":[0.012877263581488933],"Energy":{"Mean":-378.0080645161289,"Sigma":0.2101215313235887,"Taucorr":0.5554999367968438},"EnergyVariance":{"Mean":2.5725156087408947,"Sigma":0.4822476993202103,"Taucorr":0.27367030298883943},"Iteration":22},
{"Acceptance":[0.010764587525150906],"Energy":{"Mean":-378.36290322580646,"Sigma":0.14703097000101084,"Taucorr":0.14734792108680028},"EnergyVariance":{"Mean":2.053785119667013,"Sigma":0.5050486937187958,"Taucorr":-0.010162665708590146},"Iteration":23},
{"Acceptance":[0.007344064386317907],"Energy":{"Mean":-378.6612903225807,"Sigma":0.14319153421203737,"Taucorr":0.4432233897645621},"EnergyVariance":{"Mean":1.336888657648283,"Sigma":0.34330228799579454,"Taucorr":0.2415835681788574},"Iteration":24},
{"Acceptance":[0.006338028169014085],"Energy":{"Mean":-378.7016129032259,"Sigma":0.08473500346170114,"Taucorr":0.20234819488982947},"EnergyVariance":{"Mean":0.628707075962539,"Sigma":0.17899404233252253,"Taucorr":0.015705078026529984},"Iteration":25},
{"Acceptance":[0.004929577464788733],"Energy":{"Mean":-378.69354838709677,"Sigma":0.11162875143869826,"Taucorr":0.085306973971783},"EnergyVariance":{"Mean":1.3093132154006246,"Sigma":0.6166767511283489,"Taucorr":-0.025733358616816637},"Iteration":26},
{"Acceptance":[0.005030181086519115],"Energy":{"Mean":-378.8709677419355,"Sigma":0.1605898769146562,"Taucorr":0.12645910398684668},"EnergyVariance":{"Mean":2.5317377731529653,"Sigma":1.7758116947628317,"Taucorr":-0.007826003089027589},"Iteration":27},
{"Acceptance":[0.006438631790744467],"Energy":{"Mean":-378.93548387096774,"Sigma":0.17657423350411441,"Taucorr":0.7162995049505041},"EnergyVariance":{"Mean":1.5764828303850151,"Sigma":1.1674215532599954,"Taucorr":0.9806448969396715},"Iteration":28},
{"Acceptance":[0.00613682092555332],"Energy":{"Mean":-378.991935483871,"Sigma":0.10465243998392479,"Taucorr":0.14748984057517844},"EnergyVariance":{"Mean":1.040257544224766,"Sigma":0.3870813044240469,"Taucorr":0.0779101126891103},"Iteration":29},
{"Acceptance":[0.007746478873239437],"Energy":{"Mean":-379.28225806451616,"Sigma":0.07754805610650158,"Taucorr":0.09465648854965114},"EnergyVariance":{"Mean":0.6219432882414151,"Sigma":0.1117735076713364,"Taucorr":0.08798179971710529},"Iteration":30},
{"Acceptance":[0.005935613682092555],"Energy":{"Mean":-379.25000000000006,"Sigma":0.09905467155560477,"Taucorr":0.3575931232091403},"EnergyVariance":{"Mean":0.7036290322580645,"Sigma":0.1930184276785915,"Taucorr":0.08366198233121791},"Iteration":31},
{"Acceptance":[0.00875251509054326],"Energy":{"Mean":-379.508064516129,"Sigma":0.13741266579711875,"Taucorr":0.08775799071727164},"EnergyVariance":{"Mean":1.975741415192508,"Sigma":0.8947799840491245,"Taucorr":-0.006005033029148121},"Iteration":32},
{"Acceptance":[0.01227364185110664],"Energy":{"Mean":-379.53225806451627,"Sigma":0.2913958655648041,"Taucorr":1.076006909005253},"EnergyVariance":{"Mean":3.3134755463059307,"Sigma":2.18532176084544,"Taucorr":1.2176611969835571},"Iteration":33},
{"Acceptance":[0.015191146881287726],"Energy":{"Mean":-379.6451612903225,"Sigma":0.18026794332579313,"Taucorr":0.5483590338427802},"EnergyVariance":{"Mean":1.9063475546305932,"Sigma":0.458665648985011,"Taucorr":0.8368869120692002},"Iteration":34},
{"Acceptance":[0.013279678068410463],"Energy":{"Mean":-380.0322580645161,"Sigma":0.10156168704149239,"Taucorr":0.05445088676672216},"EnergyVariance":{"Mean":1.144120707596254,"Sigma":0.1236713527034823,"Taucorr":-0.015162759263878223},"Iteration":35},
{"Acceptance":[0.009557344064386318],"Energy":{"Mean":-380.38709677419354,"Sigma":0.09042812573742959,"Taucorr":0.005266596968116377},"EnergyVariance":{"Mean":0.9953173777315295,"Sigma":0.10705526349285545,"Taucorr":0.05513132694442591},"Iteration":36},
{"Acceptance":[0.005734406438631791],"Energy":{"Mean":-380.6854838709677,"Sigma":0.07510542942399852,"Taucorr":0.12584770620676045},"EnergyVariance":{"Mean":0.5543054110301769,"Sigma":0.10509469659471458,"Taucorr":0.1616349612045508},"Iteration":37},
{"Acceptance":[0.004024144869215292],"Energy":{"Mean":-380.741935483871,"Sigma":0.09090633174635263,"Taucorr":0.23500752445446071},"EnergyVariance":{"Mean":0.6914672216441207,"Sigma":0.21488824849217214,"Taucorr":0.04831154333093124},"Iteration":38},
{"Acceptance":[0.002012072434607646],"Energy":{"Mean":-380.9193548387097,"Sigma":0.052346930944678995,"Taucorr":-0.01620612397312554},"EnergyVariance":{"Mean":0.3483350676378771,"Sigma":0.2835485778453894,"Taucorr":-0.005468147490783559},"Iteration":39},
{"Acceptance":[0.0014084507042253522],"Energy":{"Mean":-380.94354838709677,"Sigma":0.05401821354945619,"Taucorr":-0.022529849454913098},"EnergyVariance":{"Mean":0.3758454734651404,"Sigma":0.297908829038302,"Taucorr":0.03601140636394018},"Iteration":40},
{"Acceptance":[0.0014084507042253522],"Energy":{"Mean":-380.95161290322585,"Sigma":0.026989033114000967,"Taucorr":-0.025619834710783607},"EnergyVariance":{"Mean":0.0944328824141519,"Sigma":0.05136622431374894,"Taucorr":-0.025619834710744027},"Iteration":41},
{"Acceptance":[0.0012072434607645875],"Energy":{"Mean":-380.94354838709677,"Sigma":0.08255796059399832,"Taucorr":0.488072972558644},"EnergyVariance":{"Mean":0.424232570239334,"Sigma":0.3935088645671836,"Taucorr":0.5042192210450225},"Iteration":42},
{"Acceptance":[0.002414486921529175],"Energy":{"Mean":-380.70967741935493,"Sigma":0.13475224886584045,"Taucorr":0.41372924648786213},"EnergyVariance":{"Mean":1.2221644120707593,"Sigma":0.5697845623475436,"Taucorr":0.5389897059343656},"Iteration":43},
{"Acceptance":[0.0014084507042253522],"Energy":{"Mean":-381.008064516129,"Sigma":0.02454935496092677,"Taucorr":0.15732410611303138},"EnergyVariance":{"Mean":0.056386576482830374,"Sigma":0.036224496062265306,"Taucorr":0.03314160950328038},"Iteration":44},
{"Acceptance":[0.0014084507042253522],"Energy":{"Mean":-380.8387096774192,"Sigma":0.12886413778717085,"Taucorr":0.6860271903323314},"EnergyVariance":{"Mean":0.8610822060353799,"Sigma":0.5805264984913348,"Taucorr":0.7899273975867296},"Iteration":45},
{"Acceptance":[0.0014084507042253522],"Energy":{"Mean":-380.93548387096786,"Sigma":0.05180575529466703,"Taucorr":-0.006629082426146793},"EnergyVariance":{"Mean":0.3345473465140478,"Sigma":0.22895899148075405,"Taucorr":-0.012858325399803805},"Iteration":46},
{"Acceptance":[0.0006036217303822937],"Energy":{"Mean":-380.9032258064516,"Sigma":0.09677419354838675,"Taucorr":-3.774758283725532e-15},"EnergyVariance":{"Mean":1.1519250780437047,"Sigma":1.142559833506759,"Taucorr":0.0},"Iteration":47},
{"Acceptance":[0.0014084507042253522],"Energy":{"Mean":-380.9758064516129,"Sigma":0.03351062804784467,"Taucorr":0.005907575035750123},"EnergyVariance":{"Mean":0.13651144640998955,"Sigma":0.1274699460868749,"Taucorr":-0.0016661115633264667},"Iteration":48},
{"Acceptance":[0.001006036217303823],"Energy":{"Mean":-381.008064516129,"Sigma":0.021639367524191617,"Taucorr":0.010726643598617747},"EnergyVariance":{"Mean":0.056386576482830374,"Sigma":0.034381772908865696,"Taucorr":-0.019720103103672948},"Iteration":49},
{"Acceptance":[0.001006036217303823],"Energy":{"Mean":-381.008064516129,"Sigma":0.024549354960928152,"Taucorr":0.15732410611308922},"EnergyVariance":{"Mean":0.056386576482830374,"Sigma":0.0362244960622653,"Taucorr":0.033141609503280156},"Iteration":50},
{"Acceptance":[0.0008048289738430583],"Energy":{"Mean":-380.9838709677419,"Sigma":0.016129032258064863,"Taucorr":1.176836406102666e-14},"EnergyVariance":{"Mean":0.03199791883454733,"Sigma":0.0317377731529643,"Taucorr":0.0},"Iteration":51},
{"Acceptance":[0.0008048289738430583],"Energy":{"Mean":-381.04838709677415,"Sigma":0.035581488403815545,"Taucorr":1.1909604519774035},"EnergyVariance":{"Mean":0.04604578563995838,"Sigma":0.03213811855828828,"Taucorr":1.1909604519774015},"Iteration":52},
{"Acceptance":[0.0007042253521126761],"Energy":{"Mean":-381.0,"Sigma":0.0,"Taucorr":null},"EnergyVariance":{"Mean":0.0,"Sigma":0.0,"Taucorr":null},"Iteration":53},
{"Acceptance":[0.0019114688128772635],"Energy":{"Mean":-380.7177419354838,"Sigma":0.20370952843114054,"Taucorr":0.38614366686989343},"EnergyVariance":{"Mean":2.8800078043704467,"Sigma":2.213781195563546,"Taucorr":0.4790163517976148},"Iteration":54},
{"Acceptance":[0.002012072434607646],"Energy":{"Mean":-380.95967741935493,"Sigma":0.04651392177066397,"Taucorr":0.11567860367133476},"EnergyVariance":{"Mean":0.2161160249739855,"Sigma":0.13293219902492023,"Taucorr":-0.006471070455631556},"Iteration":55},
{"Acceptance":[0.0014084507042253522],"Energy":{"Mean":-380.991935483871,"Sigma":0.037538279687551884,"Taucorr":0.0658174097664721},"EnergyVariance":{"Mean":0.1531607700312175,"Sigma":0.1289632039509305,"Taucorr":-0.000918998163960294},"Iteration":56},
{"Acceptance":[0.0016096579476861167],"Energy":{"Mean":-380.9838709677419,"Sigma":0.05304629225913737,"Taucorr":0.8438888888888718},"EnergyVariance":{"Mean":0.12877211238293443,"Sigma":0.09616086099533658,"Taucorr":0.9486282727856192},"Iteration":57},
{"Acceptance":[0.0022132796780684103],"Energy":{"Mean":-381.0887096774193,"Sigma":0.03389655971214786,"Taucorr":0.37409493161709495},"EnergyVariance":{"Mean":0.08084027055150884,"Sigma":0.027882653956771124,"Taucorr":0.3740949316170553},"Iteration":58},
{"Acceptance":[0.002012072434607646],"Energy":{"Mean":-381.0241935483871,"Sigma":0.02682790311800919,"Taucorr":0.11481481481478273},"EnergyVariance":{"Mean":0.07199531737773153,"Sigma":0.03720152981986338,"Taucorr":0.010372643137944837},"Iteration":59},
{"Acceptance":[0.002414486921529175],"Energy":{"Mean":-380.98387096774195,"Sigma":0.0612761726733628,"Taucorr":0.03057381948596638},"EnergyVariance":{"Mean":0.4352237252861603,"Sigma":0.23219071058559737,"Taucorr":-0.02768245657657764},"Iteration":60},
{"Acceptance":[0.0008048289738430583],"Energy":{"Mean":-381.03225806451616,"Sigma":0.02524592877822168,"Taucorr":0.7556249999999443},"EnergyVariance":{"Mean":0.03121748178980228,"Sigma":0.023617159179626982,"Taucorr":0.7556249999999995},"Iteration":61},
{"Acceptance":[0.002012072434607646],"Energy":{"Mean":-380.9596774193548,"Sigma":0.07522079881523196,"Taucorr":0.2874172185430408},"EnergyVariance":{"Mean":0.44192247658688866,"Sigma":0.4046114078950141,"Taucorr":0.5475352514418517},"Iteration":62},
{"Acceptance":[0.0018108651911468814],"Energy":{"Mean":-381.0403225806453,"Sigma":0.036838747340055523,"Taucorr":0.116082573211709},"EnergyVariance":{"Mean":0.13547086368366285,"Sigma":0.04968642909273437,"Taucorr":-0.029548535340792548},"Iteration":63},
{"Acceptance":[0.0012072434607645875],"Energy":{"Mean":-381.016129032258,"Sigma":0.04327873504838279,"Taucorr":-0.07948717948718353},"EnergyVariance":{"Mean":0.2739334027055151,"Sigma":0.15943343856445621,"Taucorr":0.06673583476911737},"Iteration":64},
{"Acceptance":[0.002414486921529175],"Energy":{"Mean":-381.0080645161291,"Sigma":0.029520976157618284,"Taucorr":0.011545623836140217},"EnergyVariance":{"Mean":0.10477367325702393,"Sigma":0.07346421467110159,"Taucorr":-0.012270369225363065},"Iteration":65},
{"Acceptance":[0.0028169014084507044],"Energy":{"Mean":-380.93548387096774,"Sigma":0.09052396903485298,"Taucorr":0.26692399049880655},"EnergyVariance":{"Mean":0.6571279916753383,"Sigma":0.32838931743269756,"Taucorr":0.14703104274492917},"Iteration":66},
{"Acceptance":[0.0026156941649899397],"Energy":{"Mean":-381.11290322580646,"Sigma":0.036364917361474174,"Taucorr":0.31201298701296054},"EnergyVariance":{"Mean":0.10015608740894902,"Sigma":0.028153484408883038,"Taucorr":0.3120129870129874},"Iteration":67},
{"Acceptance":[0.0026156941649899397],"Energy":{"Mean":-381.05645161290323,"Sigma":0.02232963404010223,"Taucorr":0.07570207570206389},"EnergyVariance":{"Mean":0.053264828303850154,"Sigma":0.019808546325896997,"Taucorr":0.07570207570207532},"Iteration":68},
{"Acceptance":[0.0026156941649899397],"Energy":{"Mean":-381.07258064516134,"Sigma":0.026420779301732412,"Taucorr":0.1377777777777761},"EnergyVariance":{"Mean":0.06731269510926119,"Sigma":0.02258550488696236,"Taucorr":0.13777777777777744},"Iteration":69},
{"Acceptance":[0.0028169014084507044],"Energy":{"Mean":-381.0322580645161,"Sigma":0.05649000230780035,"Taucorr":0.03052039381152727},"EnergyVariance":{"Mean":0.3699271592091572,"Sigma":0.29180427190976155,"Taucorr":-0.006533481397461016},"Iteration":70},
{"Acceptance":[0.0058350100603621734],"Energy":{"Mean":-381.10483870967744,"Sigma":0.06737612443292126,"Taucorr":0.14542174109157247},"EnergyVariance":{"Mean":0.432557232049948,"Sigma":0.2981941421469387,"Taucorr":-0.007906405787532655},"Iteration":71},
{"Acceptance":[0.003822937625754527],"Energy":{"Mean":-381.0725806451612,"Sigma":0.05079151512820187,"Taucorr":0.19402560455191675},"EnergyVariance":{"Mean":0.22860301768990635,"Sigma":0.1343159597592046,"Taucorr":-0.0055253444141117325},"Iteration":72},
{"Acceptance":[0.005030181086519115],"Energy":{"Mean":-381.06451612903226,"Sigma":0.12856096726128244,"Taucorr":0.5548866090712758},"EnergyVariance":{"Mean":0.9635796045785644,"Sigma":0.800882215469239,"Taucorr":0.5016786743912047},"Iteration":73},
{"Acceptance":[0.008148893360160966],"Energy":{"Mean":-381.1774193548388,"Sigma":0.0436776258313744,"Taucorr":0.3039215686274169},"EnergyVariance":{"Mean":0.1459417273673257,"Sigma":0.028179113439591737,"Taucorr":0.30392156862745123},"Iteration":74},
{"Acceptance":[0.008953722334004025],"Energy":{"Mean":-381.1774193548387,"Sigma":0.11251854589492669,"Taucorr":0.24212744854947033},"EnergyVariance":{"Mean":1.0491675338189386,"Sigma":0.8352537442154693,"Taucorr":0.525547452434409},"Iteration":75},
{"Acceptance":[0.009456740442655936],"Energy":{"Mean":-381.16129032258056,"Sigma":0.11567263961723388,"Taucorr":0.512532010243296},"EnergyVariance":{"Mean":0.8126951092611862,"Sigma":0.5171951840033,"Taucorr":0.4577715024036969},"Iteration":76},
{"Acceptance":[0.01187122736418511],"Energy":{"Mean":-381.3790322580645,"Sigma":0.04317843657045484,"Taucorr":-0.012848853274374294},"EnergyVariance":{"Mean":0.2353668054110302,"Sigma":0.010446395944465073,"Taucorr":-0.012848853274385341},"Iteration":77},
{"Acceptance":[0.015694164989939637],"Energy":{"Mean":-381.4758064516129,"Sigma":0.04688529630241492,"Taucorr":0.04203389830508375},"EnergyVariance":{"Mean":0.24941467221644126,"Sigma":0.002268643369469629,"Taucorr":0.042033898305084416},"Iteration":78},
{"Acceptance":[0.013782696177062374],"Energy":{"Mean":-381.58870967741944,"Sigma":0.07104101788885478,"Taucorr":0.0829241480395636},"EnergyVariance":{"Mean":0.5324531737773152,"Sigma":0.2523982953777582,"Taucorr":-0.005274285597709649},"Iteration":79},
{"Acceptance":[0.010462776659959759],"Energy":{"Mean":-381.6048387096774,"Sigma":0.058858077834703974,"Taucorr":0.3914013605442138},"EnergyVariance":{"Mean":0.23900884495317376,"Sigma":0.012341209868562507,"Taucorr":0.3914013605442177},"Iteration":80},
{"Acceptance":[0.006338028169014085],"Energy":{"Mean":-381.8467741935483,"Sigma":0.0428761334137133,"Taucorr":0.3713784461152878},"EnergyVariance":{"Mean":0.12974765868886576,"Sigma":0.029736673174019717,"Taucorr":0.37137844611528803},"Iteration":81},
{"Acceptance":[0.0033199195171026157],"Energy":{"Mean":-381.8870967741935,"Sigma":0.034467355752312565,"Taucorr":0.2294805194805669},"EnergyVariance":{"Mean":0.10015608740894903,"Sigma":0.026684404453397374,"Taucorr":0.2294805194805194},"Iteration":82},
{"Acceptance":[0.0023138832997987926],"Energy":{"Mean":-381.8870967741936,"Sigma":0.03989015441193255,"Taucorr":0.4770779220778666},"EnergyVariance":{"Mean":0.10015608740894902,"Sigma":0.030882700189888434,"Taucorr":0.4770779220779221},"Iteration":83},
{"Acceptance":[0.0015090543259557343],"Energy":{"Mean":-381.95161290322585,"Sigma":0.021438066706856055,"Taucorr":0.11384180790957177},"EnergyVariance":{"Mean":0.04604578563995838,"Sigma":0.019363415090066154,"Taucorr":0.11384180790960452},"Iteration":84},
{"Acceptance":[0.002012072434607646],"Energy":{"Mean":-381.92741935483866,"Sigma":0.037014869845287755,"Taucorr":0.7517874396135389},"EnergyVariance":{"Mean":0.06731269510926119,"Sigma":0.03164174357741932,"Taucorr":0.7517874396135267},"Iteration":85},
{"Acceptance":[0.0014084507042253522],"Energy":{"Mean":-381.8951612903227,"Sigma":0.04302755048326435,"Taucorr":0.09730467417268207},"EnergyVariance":{"Mean":0.19062174817898028,"Sigma":0.12282477906854727,"Taucorr":-0.0030121528922440466},"Iteration":86},
{"Acceptance":[0.0008048289738430583],"Energy":{"Mean":-381.96774193548384,"Sigma":0.01919738824876981,"Taucorr":-0.021291208791260563},"EnergyVariance":{"Mean":0.047346514047866835,"Sigma":0.03245251775869452,"Taucorr":-0.01232269919143264},"Iteration":87},
{"Acceptance":[0.0012072434607645875],"Energy":{"Mean":-381.8145161290322,"Sigma":0.1264527101115444,"Taucorr":0.7350567671322383},"EnergyVariance":{"Mean":0.7962408949011444,"Sigma":0.583779823866959,"Taucorr":0.7543036674499193},"Iteration":88},
{"Acceptance":[0.0012072434607645875],"Energy":{"Mean":-381.6693548387096,"Sigma":0.19204162602301422,"Taucorr":0.65528538774969},"EnergyVariance":{"Mean":1.963254422476587,"Sigma":1.202006559479779,"Taucorr":0.6327171990238225},"Iteration":89},
{"Acceptance":[0.0006036217303822937],"Energy":{"Mean":-381.983870967742,"Sigma":0.04480465946236662,"Taucorr":0.04737600922721141},"EnergyVariance":{"Mean":0.2255463059313215,"Sigma":0.20032154434799954,"Taucorr":-0.001483581016974156},"Iteration":90},
{"Acceptance":[0.00020120724346076458],"Energy":{"Mean":-382.0161290322581,"Sigma":0.016129032258064804,"Taucorr":7.105427357601002e-15},"EnergyVariance":{"Mean":0.03199791883454733,"Sigma":0.03173777315296429,"Taucorr":-2.220446049250313e-16},"Iteration":91},
{"Acceptance":[0.00040241448692152917],"Energy":{"Mean":-382.0,"Sigma":0.011593472394004668,"Taucorr":0.012500000000033151},"EnergyVariance":{"Mean":0.01612903225806452,"Sigma":0.011213254631513016,"Taucorr":-0.012704918032786783},"Iteration":92},
{"Acceptance":[0.001006036217303823],"Energy":{"Mean":-382.01612903225805,"Sigma":0.01121325463151326,"Taucorr":-0.012704918032772405},"EnergyVariance":{"Mean":0.01586888657648283,"Sigma":0.010851536740174215,"Taucorr":-0.012704918032786894},"Iteration":93},
{"Acceptance":[0.00020120724346076458],"Energy":{"Mean":-382.0,"Sigma":0.0,"Taucorr":null},"EnergyVariance":{"Mean":0.0,"Sigma":0.0,"Taucorr":null},"Iteration":94},
{"Acceptance":[0.0006036217303822937],"Energy":{"Mean":-381.91129032258067,"Sigma":0.06407781213205554,"Taucorr":0.058903123650502986},"EnergyVariance":{"Mean":0.4518080124869927,"Sigma":0.3876650804124511,"Taucorr":0.002007433469740083},"Iteration":95},
{"Acceptance":[0.0012072434607645875],"Energy":{"Mean":-382.04838709677415,"Sigma":0.026989033114000725,"Taucorr":0.22050209205015248},"EnergyVariance":{"Mean":0.06217481789802289,"Sigma":0.03595836962444538,"Taucorr":0.06969115750483112},"Iteration":96},
{"Acceptance":[0.001006036217303823],"Energy":{"Mean":-381.33870967741933,"Sigma":0.4038704524370608,"Taucorr":0.9569274946159354},"EnergyVariance":{"Mean":6.8852757544224765,"Sigma":4.304286286842678,"Taucorr":1.000837224693477},"Iteration":97},
{"Acceptance":[0.00040241448692152917],"Energy":{"Mean":-381.9516129032258,"Sigma":0.048387096774193374,"Taucorr":-3.885780586188048e-15},"EnergyVariance":{"Mean":0.28798126951092623,"Sigma":0.28563995837668976,"Taucorr":0.0},"Iteration":98},
{"Acceptance":[0.0006036217303822937],"Energy":{"Mean":-381.94354838709677,"Sigma":0.0652844040838235,"Taucorr":0.003095743352889535},"EnergyVariance":{"Mean":0.521006763787721,"Sigma":0.5086248889731121,"Taucorr":-0.000444525083785674},"Iteration":99} 
]}