{"Output": [
{"Acceptance":[0.579823562891292],"Energy":{"Mean":-3946.266129032257,"Sigma":3.4072963985882008,"Taucorr":-0.04590329283955552},"EnergyVariance":{"Mean":1572.3404656607695,"Sigma":211.26908108615692,"Taucorr":-0.0376319126053522},"Iteration":0},
{"Acceptance":[0.2049516220830962],"Energy":{"Mean":-4025.7338709677415,"Sigma":3.0282925625847787,"Taucorr":0.16760709380937155},"EnergyVariance":{"Mean":844.7920785639958,"Sigma":113.12976997036121,"Taucorr":-0.041196780764297225},"Iteration":1},
{"Acceptance":[0.11425725668753557],"Energy":{"Mean":-4108.080645161288,"Sigma":2.0890262142348646,"Taucorr":0.04077756467348359},"EnergyVariance":{"Mean":496.2999479708637,"Sigma":61.38876027788801,"Taucorr":0.009689529833357913},"Iteration":2},
{"Acceptance":[0.061781445645987476],"Energy":{"Mean":-4152.072580645162,"Sigma":1.4537767623618185,"Taucorr":0.1488354825964392},"EnergyVariance":{"Mean":200.3253772112383,"Sigma":27.795511494048654,"Taucorr":0.041736913565823874},"Iteration":3},
{"Acceptance":[0.03696642003414912],"Energy":{"Mean":-4180.75806451613,"Sigma":1.0402829866600716,"Taucorr":0.1345970576489549},"EnergyVariance":{"Mean":104.87695109261188,"Sigma":13.700941881768536,"Taucorr":0.09965162155938223},"Iteration":4},
{"Acceptance":[0.027205463858850313],"Energy":{"Mean":-4196.298387096774,"Sigma":0.8229258183652333,"Taucorr":0.3533400937846065},"EnergyVariance":{"Mean":48.80612643080125,"Sigma":7.479996803414612,"Taucorr":0.27937890109042374},"Iteration":5},
{"Acceptance":[0.01616391576550939],"Energy":{"Mean":-4206.9758064516145,"Sigma":0.6608640115500198,"Taucorr":0.5543416380099486},"EnergyVariance":{"Mean":25.475221123829346,"Sigma":5.361739668742306,"Taucorr":0.6644169000745583},"Iteration":6},
{"Acceptance":[0.01454183266932271],"Energy":{"Mean":-4210.314516129033,"Sigma":0.417681732698531,"Taucorr":0.4260009542252683},"EnergyVariance":{"Mean":11.586563475546306,"Sigma":2.613427351635497,"Taucorr":0.19973469488604367},"Iteration":7},
{"Acceptance":[0.010273192942515651],"Energy":{"Mean":-4213.346774193549,"Sigma":0.3626881082855688,"Taucorr":0.3939973695368857},"EnergyVariance":{"Mean":9.049102497398541,"Sigma":1.680804737906666,"Taucorr":0.09174714172897325},"Iteration":8},
{"Acceptance":[0.009476380193511668],"Energy":{"Mean":-4215.685483870968,"Sigma":0.2426244669866981,"Taucorr":0.10933391713647422},"EnergyVariance":{"Mean":5.941402185223725,"Sigma":0.6973866351034964,"Taucorr":-0.05660249259905076},"Iteration":9},
{"Acceptance":[0.00919180421172453],"Energy":{"Mean":-4217.274193548386,"Sigma":0.22521042690271942,"Taucorr":0.35068818730042095},"EnergyVariance":{"Mean":3.6667533818938605,"Sigma":0.7947191614575071,"Taucorr":0.05165491447475479},"Iteration":10},
{"Acceptance":[0.009049516220830962],"Energy":{"Mean":-4217.677419354838,"Sigma":0.20418785770660178,"Taucorr":0.08759985692129113},"EnergyVariance":{"Mean":4.363683662851197,"Sigma":1.2345459387793545,"Taucorr":0.27586997895209686},"Iteration":11},
{"Acceptance":[0.0070859419464997155],"Energy":{"Mean":-4218.588709677419,"Sigma":0.15140399700374613,"Taucorr":0.137944024250354},"EnergyVariance":{"Mean":2.2098725286160255,"Sigma":0.7449233193210744,"Taucorr":-0.0013210290578341},"Iteration":12},
{"Acceptance":[0.004040978941377347],"Energy":{"Mean":-4219.330645161291,"Sigma":0.09517040233394591,"Taucorr":0.20883886452054012},"EnergyVariance":{"Mean":0.7858350676378774,"Sigma":0.1948829679716492,"Taucorr":0.09407472335670608},"Iteration":13},
{"Acceptance":[0.002902675014228799],"Energy":{"Mean":-4219.766129032258,"Sigma":0.06448251812659142,"Taucorr":0.04465992519728379},"EnergyVariance":{"Mean":0.46949791883454745,"Sigma":0.14642529107387522,"Taucorr":0.07354036217233495},"Iteration":14},
{"Acceptance":[0.0013944223107569722],"Energy":{"Mean":-4219.645161290323,"Sigma":0.11753184969184524,"Taucorr":0.09722933430867853},"EnergyVariance":{"Mean":1.4224765868886573,"Sigma":0.6799107998127486,"Taucorr":0.003240236006170849},"Iteration":15},
{"Acceptance":[0.0006260671599317018],"Energy":{"Mean":-4220.032258064516,"Sigma":0.039726781079387166,"Taucorr":0.10568181818202971},"EnergyVariance":{"Mean":0.16024973985431842,"Sigma":0.07781809220919535,"Taucorr":0.2530165024630535},"Iteration":16},
{"Acceptance":[0.0005122367672168469],"Energy":{"Mean":-4220.064516129033,"Sigma":0.03839477649753404,"Taucorr":0.22604166666640102},"EnergyVariance":{"Mean":0.12486992715920917,"Sigma":0.07183538828565879,"Taucorr":0.2260416666666667},"Iteration":17},
{"Acceptance":[0.0003414911781445646],"Energy":{"Mean":-4220.032258064517,"Sigma":0.04451340181762939,"Taucorr":0.26043019480450647},"EnergyVariance":{"Mean":0.16024973985431845,"Sigma":0.07519380312136136,"Taucorr":0.2030843596058599},"Iteration":18},
{"Acceptance":[0.000910643141718839],"Energy":{"Mean":-4220.00806451613,"Sigma":0.07904322943378761,"Taucorr":0.060593984249123656},"EnergyVariance":{"Mean":0.6854188345473465,"Sigma":0.35020957650413154,"Taucorr":-0.02479931933847107},"Iteration":19},
{"Acceptance":[0.00039840637450199205],"Energy":{"Mean":-4220.096774193549,"Sigma":0.04287613341377059,"Taucorr":0.11384180791079312},"EnergyVariance":{"Mean":0.1841831425598335,"Sigma":0.07745366036018662,"Taucorr":0.11384180790960474},"Iteration":20},
{"Acceptance":[0.000910643141718839],"Energy":{"Mean":-4220.225806451613,"Sigma":0.09227911632887276,"Taucorr":0.8072077922076761},"EnergyVariance":{"Mean":0.4006243496357961,"Sigma":0.14288379302541346,"Taucorr":0.807207792207792},"Iteration":21},
{"Acceptance":[0.0010813887307911212],"Energy":{"Mean":-4220.1612903225805,"Sigma":0.10143353344214441,"Taucorr":0.26344161958588397},"EnergyVariance":{"Mean":0.8288241415192507,"Sigma":0.38915114163162257,"Taucorr":0.19180047334323236},"Iteration":22},
{"Acceptance":[0.0008537279453614115],"Energy":{"Mean":-4220.274193548387,"Sigma":0.08625639972335437,"Taucorr":0.46695986805923306},"EnergyVariance":{"Mean":0.47320499479708633,"Sigma":0.1252109028241981,"Taucorr":0.46695986805937295},"Iteration":23},
{"Acceptance":[0.0019351166761525328],"Energy":{"Mean":-4220.516129032259,"Sigma":0.09968733638944995,"Taucorr":0.29799592391317054},"EnergyVariance":{"Mean":0.7658688865764831,"Sigma":0.0964716158604746,"Taucorr":0.29799592391304375},"Iteration":24},
{"Acceptance":[0.004126351735913489],"Energy":{"Mean":-4220.806451612904,"Sigma":0.10543667353561167,"Taucorr":0.21029729729718816},"EnergyVariance":{"Mean":0.9625390218522374,"Sigma":0.04081419620710871,"Taucorr":0.2102972972972973},"Iteration":25},
{"Acceptance":[0.0022481502561183834],"Energy":{"Mean":-4221.379032258066,"Sigma":0.10296084947426308,"Taucorr":0.24041657434123131},"EnergyVariance":{"Mean":0.8805280957336108,"Sigma":0.08267434262904828,"Taucorr":0.13186120942480484},"Iteration":26},
{"Acceptance":[0.001109846328969835],"Energy":{"Mean":-4221.709677419353,"Sigma":0.13673259663670356,"Taucorr":0.4049549549552657},"EnergyVariance":{"Mean":1.2705515088449533,"Sigma":0.9533097855572851,"Taucorr":0.49689654319960075},"Iteration":27},
{"Acceptance":[0.00019920318725099602],"Energy":{"Mean":-4221.870967741936,"Sigma":0.09828568720519394,"Taucorr":0.8658492822964727},"EnergyVariance":{"Mean":0.4349635796045786,"Sigma":0.3623568442351128,"Taucorr":0.9841381183803544},"Iteration":28},
{"Acceptance":[8.537279453614115e-05],"Energy":{"Mean":-4221.967741935484,"Sigma":0.032258064516131904,"Taucorr":0.5081967213116594},"EnergyVariance":{"Mean":0.06347554630593133,"Sigma":0.06243496357960648,"Taucorr":0.5081967213114755},"Iteration":29},
{"Acceptance":[0.0002845759817871372],"Energy":{"Mean":-4221.758064516128,"Sigma":0.11269181435466889,"Taucorr":0.04182006857971576},"EnergyVariance":{"Mean":1.441467221644121,"Sigma":0.8570188521867488,"Taucorr":-0.01576336931526434},"Iteration":30},
{"Acceptance":[0.0],"Energy":{"Mean":-4222.0,"Sigma":0.0,"Taucorr":null},"EnergyVariance":{"Mean":0.0,"Sigma":0.0,"Taucorr":null},"Iteration":31},
{"Acceptance":[0.00011383039271485487],"Energy":{"Mean":-4222.0,"Sigma":0.0,"Taucorr":null},"EnergyVariance":{"Mean":0.0,"Sigma":0.0,"Taucorr":null},"Iteration":32},
{"Acceptance":[0.0],"Energy":{"Mean":-4222.0,"Sigma":0.0,"Taucorr":null},"EnergyVariance":{"Mean":0.0,"Sigma":0.0,"Taucorr":null},"Iteration":33},
{"Acceptance":[0.0],"Energy":{"Mean":-4222.0,"Sigma":0.0,"Taucorr":null},"EnergyVariance":{"Mean":0.0,"Sigma":0.0,"Taucorr":null},"Iteration":34},
{"Acceptance":[5.6915196357427435e-05],"Energy":{"Mean":-4222.0,"Sigma":0.0,"Taucorr":null},"EnergyVariance":{"Mean":0.0,"Sigma":0.0,"Taucorr":null},"Iteration":35},
{"Acceptance":[0.00011383039271485487],"Energy":{"Mean":-4222.0,"Sigma":0.0,"Taucorr":null},"EnergyVariance":{"Mean":0.0,"Sigma":0.0,"Taucorr":null},"Iteration":36},
{"Acceptance":[0.0],"Energy":{"Mean":-4222.0,"Sigma":0.0,"Taucorr":null},"EnergyVariance":{"Mean":0.0,"Sigma":0.0,"Taucorr":null},"Iteration":37},
{"Acceptance":[5.6915196357427435e-05],"Energy":{"Mean":-4221.959677419355,"Sigma":0.04032258064515639,"Taucorr":-6.006306563222097e-14},"EnergyVariance":{"Mean":0.19998699271592088,"Sigma":0.19836108220605667,"Taucorr":0.0},"Iteration":38},
{"Acceptance":[0.0],"Energy":{"Mean":-4222.0,"Sigma":0.0,"Taucorr":null},"EnergyVariance":{"Mean":0.0,"Sigma":0.0,"Taucorr":null},"Iteration":39},
{"Acceptance":[0.0],"Energy":{"Mean":-4222.0,"Sigma":0.0,"Taucorr":null},"EnergyVariance":{"Mean":0.0,"Sigma":0.0,"Taucorr":null},"Iteration":40},
{"Acceptance":[0.00011383039271485487],"Energy":{"Mean":-4221.975806451614,"Sigma":0.02419354838709266,"Taucorr":-1.4810375148499588e-13},"EnergyVariance":{"Mean":0.07199531737773153,"Sigma":0.0714099895942068,"Taucorr":2.220446049250313e-16},"Iteration":41},
{"Acceptance":[0.0],"Energy":{"Mean":-4222.0,"Sigma":0.0,"Taucorr":null},"EnergyVariance":{"Mean":0.0,"Sigma":0.0,"Taucorr":null},"Iteration":42},
{"Acceptance":[0.0],"Energy":{"Mean":-4222.0,"Sigma":0.0,"Taucorr":null},"EnergyVariance":{"Mean":0.0,"Sigma":0.0,"Taucorr":null},"Iteration":43},
{"Acceptance":[5.6915196357427435e-05],"Energy":{"Mean":-4221.943548387097,"Sigma":0.05645161290321943,"Taucorr":-8.859579736508749e-14},"EnergyVariance":{"Mean":0.3919745057232048,"Sigma":0.3887877211238094,"Taucorr":2.220446049250313e-16},"Iteration":44},
{"Acceptance":[0.0],"Energy":{"Mean":-4222.0,"Sigma":0.0,"Taucorr":null},"EnergyVariance":{"Mean":0.0,"Sigma":0.0,"Taucorr":null},"Iteration":45},
{"Acceptance":[5.6915196357427435e-05],"Energy":{"Mean":-4221.959677419355,"Sigma":0.040322580645155114,"Taucorr":-1.2256862191861728e-13},"EnergyVariance":{"Mean":0.19998699271592088,"Sigma":0.19836108220605667,"Taucorr":0.0},"Iteration":46},
{"Acceptance":[5.6915196357427435e-05],"Energy":{"Mean":-4221.854838709675,"Sigma":0.14516129032261832,"Taucorr":0.5081967213117582},"EnergyVariance":{"Mean":1.285379812695109,"Sigma":1.264308012486371,"Taucorr":0.5081967213114749},"Iteration":47},
{"Acceptance":[5.6915196357427435e-05],"Energy":{"Mean":-4221.975806451614,"Sigma":0.02419354838709266,"Taucorr":-1.4810375148499588e-13},"EnergyVariance":{"Mean":0.0719953173777315,"Sigma":0.07140998959420677,"Taucorr":0.0},"Iteration":48},
{"Acceptance":[5.6915196357427435e-05],"Energy":{"Mean":-4222.032258064516,"Sigma":0.03225806451613516,"Taucorr":1.532107773982716e-13},"EnergyVariance":{"Mean":0.12799167533818942,"Sigma":0.12695109261186455,"Taucorr":0.0},"Iteration":49},
{"Acceptance":[5.6915196357427435e-05],"Energy":{"Mean":-4221.935483870967,"Sigma":0.0645161290322907,"Taucorr":0.5081967213120318},"EnergyVariance":{"Mean":0.25390218522372526,"Sigma":0.2497398543183085,"Taucorr":0.5081967213114753},"Iteration":50},
{"Acceptance":[0.0],"Energy":{"Mean":-4222.0,"Sigma":0.0,"Taucorr":null},"EnergyVariance":{"Mean":0.0,"Sigma":0.0,"Taucorr":null},"Iteration":51},
{"Acceptance":[5.6915196357427435e-05],"Energy":{"Mean":-4222.0,"Sigma":0.0,"Taucorr":null},"EnergyVariance":{"Mean":0.0,"Sigma":0.0,"Taucorr":null},"Iteration":52},
{"Acceptance":[5.6915196357427435e-05],"Energy":{"Mean":-4221.975806451614,"Sigma":0.024193548387078462,"Taucorr":-6.127320872906239e-13},"EnergyVariance":{"Mean":0.07199531737773152,"Sigma":0.07140998959420682,"Taucorr":2.220446049250313e-16},"Iteration":53},
{"Acceptance":[0.00011383039271485487],"Energy":{"Mean":-4221.967741935484,"Sigma":0.032258064516131904,"Taucorr":9.015010959956271e-14},"EnergyVariance":{"Mean":0.12799167533818942,"Sigma":0.12695109261186455,"Taucorr":0.0},"Iteration":54},
{"Acceptance":[5.6915196357427435e-05],"Energy":{"Mean":-4222.0,"Sigma":0.0,"Taucorr":null},"EnergyVariance":{"Mean":0.0,"Sigma":0.0,"Taucorr":null},"Iteration":55},
{"Acceptance":[0.0],"Energy":{"Mean":-4222.0,"Sigma":0.0,"Taucorr":null},"EnergyVariance":{"Mean":0.0,"Sigma":0.0,"Taucorr":null},"Iteration":56},
{"Acceptance":[0.0],"Energy":{"Mean":-4222.0,"Sigma":0.0,"Taucorr":null},"EnergyVariance":{"Mean":0.0,"Sigma":0.0,"Taucorr":null},"Iteration":57},
{"Acceptance":[8.537279453614115e-05],"Energy":{"Mean":-4221.967741935483,"Sigma":0.0322580645161762,"Taucorr":1.0942358130705543e-12},"EnergyVariance":{"Mean":0.12799167533818945,"Sigma":0.12695109261180587,"Taucorr":0.0},"Iteration":58},
{"Acceptance":[2.8457598178713718e-05],"Energy":{"Mean":-4222.0,"Sigma":0.0,"Taucorr":null},"EnergyVariance":{"Mean":0.0,"Sigma":0.0,"Taucorr":null},"Iteration":59},
{"Acceptance":[5.6915196357427435e-05],"Energy":{"Mean":-4221.991935483872,"Sigma":0.008064516129016064,"Taucorr":-1.6570078642530461e-12},"EnergyVariance":{"Mean":0.007999479708636835,"Sigma":0.007934443288259872,"Taucorr":2.220446049250313e-16},"Iteration":60},
{"Acceptance":[0.00011383039271485487],"Energy":{"Mean":-4222.0,"Sigma":0.0,"Taucorr":null},"EnergyVariance":{"Mean":0.0,"Sigma":0.0,"Taucorr":null},"Iteration":61},
{"Acceptance":[0.0],"Energy":{"Mean":-4222.0,"Sigma":0.0,"Taucorr":null},"EnergyVariance":{"Mean":0.0,"Sigma":0.0,"Taucorr":null},"Iteration":62},
{"Acceptance":[0.0],"Energy":{"Mean":-4222.0,"Sigma":0.0,"Taucorr":null},"EnergyVariance":{"Mean":0.0,"Sigma":0.0,"Taucorr":null},"Iteration":63},
{"Acceptance":[0.0],"Energy":{"Mean":-4222.0,"Sigma":0.0,"Taucorr":null},"EnergyVariance":{"Mean":0.0,"Sigma":0.0,"Taucorr":null},"Iteration":64},
{"Acceptance":[0.0],"Energy":{"Mean":-4222.0,"Sigma":0.0,"Taucorr":null},"EnergyVariance":{"Mean":0.0,"Sigma":0.0,"Taucorr":null},"Iteration":65},
{"Acceptance":[0.0],"Energy":{"Mean":-4222.0,"Sigma":0.0,"Taucorr":null},"EnergyVariance":{"Mean":0.0,"Sigma":0.0,"Taucorr":null},"Iteration":66},
{"Acceptance":[0.0],"Energy":{"Mean":-4222.0,"Sigma":0.0,"Taucorr":null},"EnergyVariance":{"Mean":0.0,"Sigma":0.0,"Taucorr":null},"Iteration":67},
{"Acceptance":[0.0],"Energy":{"Mean":-4222.0,"Sigma":0.0,"Taucorr":null},"EnergyVariance":{"Mean":0.0,"Sigma":0.0,"Taucorr":null},"Iteration":68},
{"Acceptance":[0.0],"Energy":{"Mean":-4222.0,"Sigma":0.0,"Taucorr":null},"EnergyVariance":{"Mean":0.0,"Sigma":0.0,"Taucorr":null},"Iteration":69},
{"Acceptance":[0.0],"Energy":{"Mean":-4222.0,"Sigma":0.0,"Taucorr":null},"EnergyVariance":{"Mean":0.0,"Sigma":0.0,"Taucorr":null},"Iteration":70},
{"Acceptance":[0.0],"Energy":{"Mean":-4222.0,"Sigma":0.0,"Taucorr":null},"EnergyVariance":{"Mean":0.0,"Sigma":0.0,"Taucorr":null},"Iteration":71},
{"Acceptance":[5.6915196357427435e-05],"Energy":{"Mean":-4221.9516129032245,"Sigma":0.04838709677421323,"Taucorr":3.157474282033945e-13},"EnergyVariance":{"Mean":0.287981269510926,"Sigma":0.2856399583765632,"Taucorr":0.0},"Iteration":72},
{"Acceptance":[0.0001707455890722823],"Energy":{"Mean":-4221.9838709677415,"Sigma":0.016129032258079497,"Taucorr":6.918909889463976e-13},"EnergyVariance":{"Mean":0.03199791883454736,"Sigma":0.03173777315295147,"Taucorr":0.0},"Iteration":73},
{"Acceptance":[5.6915196357427435e-05],"Energy":{"Mean":-4221.903225806452,"Sigma":0.09677419354838346,"Taucorr":0.5081967213113776},"EnergyVariance":{"Mean":0.5712799167533819,"Sigma":0.5619146722164581,"Taucorr":0.5081967213114746},"Iteration":74},
{"Acceptance":[0.0],"Energy":{"Mean":-4222.0,"Sigma":0.0,"Taucorr":null},"EnergyVariance":{"Mean":0.0,"Sigma":0.0,"Taucorr":null},"Iteration":75},
{"Acceptance":[0.0],"Energy":{"Mean":-4222.0,"Sigma":0.0,"Taucorr":null},"EnergyVariance":{"Mean":0.0,"Sigma":0.0,"Taucorr":null},"Iteration":76},
{"Acceptance":[5.6915196357427435e-05],"Energy":{"Mean":-4222.0,"Sigma":0.0,"Taucorr":null},"EnergyVariance":{"Mean":0.0,"Sigma":0.0,"Taucorr":null},"Iteration":77},
{"Acceptance":[0.0],"Energy":{"Mean":-4222.0,"Sigma":0.0,"Taucorr":null},"EnergyVariance":{"Mean":0.0,"Sigma":0.0,"Taucorr":null},"Iteration":78},
{"Acceptance":[5.6915196357427435e-05],"Energy":{"Mean":-4222.0,"Sigma":0.0,"Taucorr":null},"EnergyVariance":{"Mean":0.0,"Sigma":0.0,"Taucorr":null},"Iteration":79},
{"Acceptance":[0.0],"Energy":{"Mean":-4222.0,"Sigma":0.0,"Taucorr":null},"EnergyVariance":{"Mean":0.0,"Sigma":0.0,"Taucorr":null},"Iteration":80},
{"Acceptance":[0.0],"Energy":{"Mean":-4222.0,"Sigma":0.0,"Taucorr":null},"EnergyVariance":{"Mean":0.0,"Sigma":0.0,"Taucorr":null},"Iteration":81},
{"Acceptance":[5.6915196357427435e-05],"Energy":{"Mean":-4221.927419354839,"Sigma":0.07258064516129262,"Taucorr":1.024793388429775},"EnergyVariance":{"Mean":0.2124739854318419,"Sigma":0.2072060353798553,"Taucorr":1.0247933884297522},"Iteration":82},
{"Acceptance":[0.0],"Energy":{"Mean":-4222.0,"Sigma":0.0,"Taucorr":null},"EnergyVariance":{"Mean":0.0,"Sigma":0.0,"Taucorr":null},"Iteration":83},
{"Acceptance":[0.0],"Energy":{"Mean":-4222.0,"Sigma":0.0,"Taucorr":null},"EnergyVariance":{"Mean":0.0,"Sigma":0.0,"Taucorr":null},"Iteration":84},
{"Acceptance":[0.0],"Energy":{"Mean":-4222.0,"Sigma":0.0,"Taucorr":null},"EnergyVariance":{"Mean":0.0,"Sigma":0.0,"Taucorr":null},"Iteration":85},
{"Acceptance":[0.00011383039271485487],"Energy":{"Mean":-4221.758064516129,"Sigma":0.17790744201906863,"Taucorr":1.1909604519774661},"EnergyVariance":{"Mean":1.1511446409989594,"Sigma":0.803452963957045,"Taucorr":1.1909604519774006},"Iteration":86},
{"Acceptance":[0.0],"Energy":{"Mean":-4222.0,"Sigma":0.0,"Taucorr":null},"EnergyVariance":{"Mean":0.0,"Sigma":0.0,"Taucorr":null},"Iteration":87},
{"Acceptance":[0.0],"Energy":{"Mean":-4222.0,"Sigma":0.0,"Taucorr":null},"EnergyVariance":{"Mean":0.0,"Sigma":0.0,"Taucorr":null},"Iteration":88},
{"Acceptance":[5.6915196357427435e-05],"Energy":{"Mean":-4222.0,"Sigma":0.0,"Taucorr":null},"EnergyVariance":{"Mean":0.0,"Sigma":0.0,"Taucorr":null},"Iteration":89},
{"Acceptance":[0.0001707455890722823],"Energy":{"Mean":-4221.9516129032245,"Sigma":0.03363976389455991,"Taucorr":-0.01270491803235968},"EnergyVariance":{"Mean":0.1428199791883455,"Sigma":0.09766383066147614,"Taucorr":-0.012704918032787005},"Iteration":90},
{"Acceptance":[5.6915196357427435e-05],"Energy":{"Mean":-4222.0,"Sigma":0.0,"Taucorr":null},"EnergyVariance":{"Mean":0.0,"Sigma":0.0,"Taucorr":null},"Iteration":91},
{"Acceptance":[0.0],"Energy":{"Mean":-4222.0,"Sigma":0.0,"Taucorr":null},"EnergyVariance":{"Mean":0.0,"Sigma":0.0,"Taucorr":null},"Iteration":92},
{"Acceptance":[0.0],"Energy":{"Mean":-4222.0,"Sigma":0.0,"Taucorr":null},"EnergyVariance":{"Mean":0.0,"Sigma":0.0,"Taucorr":null},"Iteration":93},
{"Acceptance":[0.0],"Energy":{"Mean":-4222.0,"Sigma":0.0,"Taucorr":null},"EnergyVariance":{"Mean":0.0,"Sigma":0.0,"Taucorr":null},"Iteration":94},
{"Acceptance":[5.6915196357427435e-05],"Energy":{"Mean":-4222.0,"Sigma":0.0,"Taucorr":null},"EnergyVariance":{"Mean":0.0,"Sigma":0.0,"Taucorr":null},"Iteration":95},
{"Acceptance":[5.6915196357427435e-05],"Energy":{"Mean":-4222.0,"Sigma":0.0,"Taucorr":null},"EnergyVariance":{"Mean":0.0,"Sigma":0.0,"Taucorr":null},"Iteration":96},
{"Acceptance":[0.0],"Energy":{"Mean":-4222.0,"Sigma":0.0,"Taucorr":null},"EnergyVariance":{"Mean":0.0,"Sigma":0.0,"Taucorr":null},"Iteration":97},
{"Acceptance":[5.6915196357427435e-05],"Energy":{"Mean":-4222.0,"Sigma":0.0,"Taucorr":null},"EnergyVariance":{"Mean":0.0,"Sigma":0.0,"Taucorr":null},"Iteration":98},
{"Acceptance":[5.6915196357427435e-05],"Energy":{"Mean":-4222.0,"Sigma":0.0,"Taucorr":null},"EnergyVariance":{"Mean":0.0,"Sigma":0.0,"Taucorr":null},"Iteration":99} 
]}