{"Output": [
{"Acceptance":[0.8521008403361344],"Energy":{"Mean":-155.18548387096774,"Sigma":0.6691118875061783,"Taucorr":-0.06576910887311488},"EnergyVariance":{"Mean":63.4091441207076,"Sigma":7.971162937275424,"Taucorr":-0.02021818311961676},"Iteration":0},
{"Acceptance":[0.8189075630252101],"Energy":{"Mean":-158.12096774193543,"Sigma":0.7366984406379805,"Taucorr":0.04150429172096182},"EnergyVariance":{"Mean":61.63859261186263,"Sigma":8.494319078930587,"Taucorr":-0.04401155722827266},"Iteration":1},
{"Acceptance":[0.8134453781512605],"Energy":{"Mean":-157.5,"Sigma":0.7669237530620318,"Taucorr":0.06512536222754162},"EnergyVariance":{"Mean":64.00806451612902,"Sigma":8.337274475605424,"Taucorr":0.04783151424767018},"Iteration":2},
{"Acceptance":[0.753921568627451],"Energy":{"Mean":-159.93548387096777,"Sigma":0.6833236042385841,"Taucorr":-0.09255981382232581},"EnergyVariance":{"Mean":70.47970863683662,"Sigma":10.308585512659835,"Taucorr":0.20681319787304941},"Iteration":3},
{"Acceptance":[0.7043417366946779],"Energy":{"Mean":-161.29838709677423,"Sigma":0.860374649173653,"Taucorr":0.1057005646051008},"EnergyVariance":{"Mean":75.16096514047867,"Sigma":9.33412953552837,"Taucorr":-0.08555372490927637},"Iteration":4},
{"Acceptance":[0.6274509803921569],"Energy":{"Mean":-166.11290322580646,"Sigma":1.014401586777996,"Taucorr":0.36859314021287626},"EnergyVariance":{"Mean":72.858220603538,"Sigma":12.022040038465512,"Taucorr":0.44691533593695065},"Iteration":5},
{"Acceptance":[0.5443977591036414],"Energy":{"Mean":-169.6451612903226,"Sigma":0.9316546583142564,"Taucorr":0.23494715220023032},"EnergyVariance":{"Mean":72.63215400624352,"Sigma":11.351867361819771,"Taucorr":0.03226881935227455},"Iteration":6},
{"Acceptance":[0.46862745098039216],"Energy":{"Mean":-173.80645161290323,"Sigma":0.7005863210208471,"Taucorr":0.16847030187809564},"EnergyVariance":{"Mean":45.15608740894901,"Sigma":6.311858896598636,"Taucorr":0.025756233113187088},"Iteration":7},
{"Acceptance":[0.41498599439775913],"Energy":{"Mean":-176.6854838709677,"Sigma":0.8732869361445799,"Taucorr":0.41175099214501565},"EnergyVariance":{"Mean":51.44140218522372,"Sigma":8.01493516285911,"Taucorr":0.20785838344076435},"Iteration":8},
{"Acceptance":[0.37478991596638656],"Energy":{"Mean":-180.64516129032256,"Sigma":0.8428840493438133,"Taucorr":0.5264344863411354},"EnergyVariance":{"Mean":42.567637877211226,"Sigma":4.234717631838279,"Taucorr":-0.12106778803305368},"Iteration":9},
{"Acceptance":[0.3126050420168067],"Energy":{"Mean":-183.70161290322577,"Sigma":0.6265217340022976,"Taucorr":0.16109904945437548},"EnergyVariance":{"Mean":36.51580385015608,"Sigma":3.8690322895179876,"Taucorr":-0.15662932025827953},"Iteration":10},
{"Acceptance":[0.3],"Energy":{"Mean":-183.89516129032256,"Sigma":0.4276678117386952,"Taucorr":-0.02713045617968285},"EnergyVariance":{"Mean":23.787395941727365,"Sigma":3.8230416663016293,"Taucorr":0.032381937128386884},"Iteration":11},
{"Acceptance":[0.2879551820728291],"Energy":{"Mean":-184.61290322580643,"Sigma":0.6266739636183007,"Taucorr":0.36521867777529127},"EnergyVariance":{"Mean":27.914672216441204,"Sigma":4.012030954561206,"Taucorr":0.1405567437223807},"Iteration":12},
{"Acceptance":[0.25140056022408963],"Energy":{"Mean":-186.83870967741936,"Sigma":0.5002080732507883,"Taucorr":0.2112365630185422},"EnergyVariance":{"Mean":21.635275754422477,"Sigma":2.956848012552188,"Taucorr":-0.024971281773145615},"Iteration":13},
{"Acceptance":[0.22759103641456582],"Energy":{"Mean":-188.32258064516128,"Sigma":0.477897718787108,"Taucorr":0.27923846842166133},"EnergyVariance":{"Mean":18.024973985431846,"Sigma":2.495605729883011,"Taucorr":-0.030962327998859784},"Iteration":14},
{"Acceptance":[0.20672268907563024],"Energy":{"Mean":-189.81451612903223,"Sigma":0.3975678311529645,"Taucorr":0.08097424076931659},"EnergyVariance":{"Mean":16.731724765868893,"Sigma":2.5093286710041105,"Taucorr":0.02119746472863071},"Iteration":15},
{"Acceptance":[0.18865546218487395],"Energy":{"Mean":-189.94354838709677,"Sigma":0.39344591473947405,"Taucorr":0.19580281301840774},"EnergyVariance":{"Mean":13.682297086368367,"Sigma":1.7669215442164956,"Taucorr":0.07643609876694502},"Iteration":16},
{"Acceptance":[0.1850140056022409],"Energy":{"Mean":-191.62903225806448,"Sigma":0.3022920879165166,"Taucorr":0.1295468454028864},"EnergyVariance":{"Mean":8.926899063475549,"Sigma":1.3373271481254,"Taucorr":0.03621346828053318},"Iteration":17},
{"Acceptance":[0.17170868347338936],"Energy":{"Mean":-191.23387096774192,"Sigma":0.44569860046423365,"Taucorr":0.43614340747238234},"EnergyVariance":{"Mean":13.050143080124872,"Sigma":2.015862970147532,"Taucorr":0.07991998033167258},"Iteration":18},
{"Acceptance":[0.16176470588235295],"Energy":{"Mean":-192.4193548387097,"Sigma":0.3012936036292987,"Taucorr":0.21947247552634963},"EnergyVariance":{"Mean":7.759625390218527,"Sigma":1.1727479374013265,"Taucorr":0.15307188247139591},"Iteration":19},
{"Acceptance":[0.16134453781512606],"Energy":{"Mean":-192.61290322580643,"Sigma":0.33916380206923763,"Taucorr":0.20550186789809277},"EnergyVariance":{"Mean":10.02757544224766,"Sigma":1.6333257905514666,"Taucorr":0.17610630789621273},"Iteration":20},
{"Acceptance":[0.15826330532212884],"Energy":{"Mean":-192.8629032258065,"Sigma":0.32188096161666074,"Taucorr":0.19756427508526153},"EnergyVariance":{"Mean":9.134430280957336,"Sigma":2.8248336753171603,"Taucorr":0.17931868155845077},"Iteration":21},
{"Acceptance":[0.1407563025210084],"Energy":{"Mean":-193.0,"Sigma":0.3242029100451146,"Taucorr":0.23267824497257839},"EnergyVariance":{"Mean":8.82258064516129,"Sigma":1.6772590907724751,"Taucorr":0.13693921821202992},"Iteration":22},
{"Acceptance":[0.14257703081232492],"Energy":{"Mean":-192.9435483870968,"Sigma":0.38568290178384557,"Taucorr":0.2430720711678337},"EnergyVariance":{"Mean":12.311329344432885,"Sigma":1.8584346295955718,"Taucorr":0.069940098500051},"Iteration":23},
{"Acceptance":[0.1261904761904762],"Energy":{"Mean":-193.96774193548384,"Sigma":0.35236183433541524,"Taucorr":0.3800641640681196},"EnergyVariance":{"Mean":8.676378772112383,"Sigma":1.1132632850755197,"Taucorr":-0.062432025401353675},"Iteration":24},
{"Acceptance":[0.10350140056022408],"Energy":{"Mean":-195.4193548387097,"Sigma":0.3128921403645476,"Taucorr":0.42607634443021825},"EnergyVariance":{"Mean":6.50156087408949,"Sigma":1.1575226774995713,"Taucorr":0.17516726781323044},"Iteration":25},
{"Acceptance":[0.10168067226890756],"Energy":{"Mean":-195.5806451612903,"Sigma":0.3131068509375956,"Taucorr":0.5497452214874508},"EnergyVariance":{"Mean":5.743496357960458,"Sigma":0.7994486680912436,"Taucorr":0.20736538184235165},"Iteration":26},
{"Acceptance":[0.09313725490196079],"Energy":{"Mean":-196.01612903225808,"Sigma":0.2610296721976317,"Taucorr":0.306886490006511},"EnergyVariance":{"Mean":5.1932882414151935,"Sigma":0.7522624597125381,"Taucorr":0.11687717482759419},"Iteration":27},
{"Acceptance":[0.08991596638655462],"Energy":{"Mean":-196.16129032258064,"Sigma":0.2814966689141837,"Taucorr":0.4926292920729125},"EnergyVariance":{"Mean":4.9094693028095735,"Sigma":0.7171652754352983,"Taucorr":0.27877265468767654},"Iteration":28},
{"Acceptance":[0.08347338935574229],"Energy":{"Mean":-196.66935483870964,"Sigma":0.17250023249719068,"Taucorr":0.09803829886718174},"EnergyVariance":{"Mean":3.0600286160249737,"Sigma":0.42589042036644775,"Taucorr":-0.04241546091177678},"Iteration":29},
{"Acceptance":[0.08137254901960785],"Energy":{"Mean":-196.6048387096774,"Sigma":0.33795999984974423,"Taucorr":0.8532758642292413},"EnergyVariance":{"Mean":5.190621748178979,"Sigma":1.0451973915818085,"Taucorr":0.653703146881464},"Iteration":30},
{"Acceptance":[0.07492997198879552],"Energy":{"Mean":-196.78225806451613,"Sigma":0.3595363530686978,"Taucorr":0.443226204714686},"EnergyVariance":{"Mean":8.42839490114464,"Sigma":2.584556291652125,"Taucorr":0.16064159969072245},"Iteration":31},
{"Acceptance":[0.07717086834733894],"Energy":{"Mean":-196.94354838709677,"Sigma":0.28272618631342405,"Taucorr":0.6402392481634038},"EnergyVariance":{"Mean":4.311329344432882,"Sigma":0.7562903306759496,"Taucorr":0.42398595256958427},"Iteration":32},
{"Acceptance":[0.055322128851540614],"Energy":{"Mean":-198.06451612903228,"Sigma":0.16678802380207491,"Taucorr":0.32390378351290217},"EnergyVariance":{"Mean":2.0764828303850154,"Sigma":0.31389616759036704,"Taucorr":-0.01840622334312797},"Iteration":33},
{"Acceptance":[0.06050420168067227],"Energy":{"Mean":-197.6532258064516,"Sigma":0.24910523194014092,"Taucorr":0.5285393770486055},"EnergyVariance":{"Mean":3.7103928199791882,"Sigma":0.7047403779795717,"Taucorr":0.39807212524480184},"Iteration":34},
{"Acceptance":[0.05896358543417367],"Energy":{"Mean":-197.92741935483875,"Sigma":0.18592747328151044,"Taucorr":0.21960067801088023},"EnergyVariance":{"Mean":2.9544094693028096,"Sigma":0.6679119478810488,"Taucorr":0.0248683986676016},"Iteration":35},
{"Acceptance":[0.04957983193277311],"Energy":{"Mean":-198.16129032258064,"Sigma":0.18203907292706978,"Taucorr":0.5158292271784233},"EnergyVariance":{"Mean":2.00624349635796,"Sigma":0.42147995364417934,"Taucorr":0.3742079705255801},"Iteration":36},
{"Acceptance":[0.04803921568627451],"Energy":{"Mean":-198.37903225806454,"Sigma":0.183261582150203,"Taucorr":0.5278196705394991},"EnergyVariance":{"Mean":2.009560353798127,"Sigma":0.5312705975192092,"Taucorr":0.1579790727633742},"Iteration":37},
{"Acceptance":[0.04831932773109244],"Energy":{"Mean":-198.24999999999994,"Sigma":0.17273884819987534,"Taucorr":0.32073940486925556},"EnergyVariance":{"Mean":2.2358870967741935,"Sigma":0.4798240261600714,"Taucorr":0.06210336888347723},"Iteration":38},
{"Acceptance":[0.04257703081232493],"Energy":{"Mean":-198.4516129032258,"Sigma":0.2148453290981914,"Taucorr":0.4294846678023809},"EnergyVariance":{"Mean":3.054110301768991,"Sigma":1.157980960589539,"Taucorr":0.4175816751538569},"Iteration":39},
{"Acceptance":[0.03571428571428571],"Energy":{"Mean":-198.58870967741933,"Sigma":0.126229643891116,"Taucorr":0.19031474778942614},"EnergyVariance":{"Mean":1.4195499479708638,"Sigma":0.3580294941025991,"Taucorr":0.09803425256839504},"Iteration":40},
{"Acceptance":[0.038375350140056025],"Energy":{"Mean":-198.83064516129036,"Sigma":0.13389687532701172,"Taucorr":0.23726897151553228},"EnergyVariance":{"Mean":1.4955124869927157,"Sigma":0.4145308952285105,"Taucorr":0.11218499131976167},"Iteration":41},
{"Acceptance":[0.04131652661064426],"Energy":{"Mean":-198.77419354838707,"Sigma":0.12876316025740026,"Taucorr":0.0457532720690661},"EnergyVariance":{"Mean":1.868366285119667,"Sigma":0.4715430887991159,"Taucorr":0.12480919760016951},"Iteration":42},
{"Acceptance":[0.041736694677871146],"Energy":{"Mean":-198.6532258064516,"Sigma":0.15840154983002397,"Taucorr":0.31740104041065176},"EnergyVariance":{"Mean":1.8878121748178978,"Sigma":0.5859669641827677,"Taucorr":0.41946754194728675},"Iteration":43},
{"Acceptance":[0.03627450980392157],"Energy":{"Mean":-198.98387096774192,"Sigma":0.11988765118805234,"Taucorr":0.18519358741681613},"EnergyVariance":{"Mean":1.2900624349635799,"Sigma":0.28839542662237017,"Taucorr":0.03537464659356171},"Iteration":44},
{"Acceptance":[0.03725490196078431],"Energy":{"Mean":-198.8467741935484,"Sigma":0.14465263330436431,"Taucorr":0.3307065787816438},"EnergyVariance":{"Mean":1.549102497398543,"Sigma":0.4149798951111076,"Taucorr":0.2280407953431952},"Iteration":45},
{"Acceptance":[0.031932773109243695],"Energy":{"Mean":-199.21774193548384,"Sigma":0.1355702489624693,"Taucorr":0.6025756518429191},"EnergyVariance":{"Mean":1.025169094693028,"Sigma":0.17045511540666836,"Taucorr":0.06771288731371083},"Iteration":46},
{"Acceptance":[0.0376750700280112],"Energy":{"Mean":-199.0967741935484,"Sigma":0.1186151154457544,"Taucorr":0.1431022815158589},"EnergyVariance":{"Mean":1.3454734651404785,"Sigma":0.38831994484354027,"Taucorr":0.1044853917314692},"Iteration":47},
{"Acceptance":[0.03263305322128852],"Energy":{"Mean":-198.76612903225808,"Sigma":0.21656391811153186,"Taucorr":0.41188855762311205},"EnergyVariance":{"Mean":3.1630463059313216,"Sigma":0.82969543899165,"Taucorr":0.145115076225251},"Iteration":48},
{"Acceptance":[0.02969187675070028],"Energy":{"Mean":-199.29032258064515,"Sigma":0.1372232180979389,"Taucorr":0.34695110350076463},"EnergyVariance":{"Mean":1.36732570239334,"Sigma":0.6450329774889889,"Taucorr":0.4008944143011477},"Iteration":49} 
]}