{"Output": [
{"Acceptance":[0.8902404526166903],"Energy":{"Mean":-623.524193548387,"Sigma":1.305352650756615,"Taucorr":-0.021193726307319027},"EnergyVariance":{"Mean":218.86231789802292,"Sigma":23.759871450427475,"Taucorr":-0.044644781548930035},"Iteration":0},
{"Acceptance":[0.868953323903819],"Energy":{"Mean":-625.9999999999999,"Sigma":1.5844506527398508,"Taucorr":0.02337206123564728},"EnergyVariance":{"Mean":294.99999999999994,"Sigma":37.45962701247804,"Taucorr":-0.01762118405811397},"Iteration":1},
{"Acceptance":[0.8642857142857143],"Energy":{"Mean":-628.6129032258063,"Sigma":1.5129742973424936,"Taucorr":-0.005862301967766381},"EnergyVariance":{"Mean":284.89854318418315,"Sigma":37.907251498559205,"Taucorr":0.06475884508014151},"Iteration":2},
{"Acceptance":[0.8434936350777935],"Energy":{"Mean":-625.1935483870966,"Sigma":1.713196317795791,"Taucorr":0.10448896543793307},"EnergyVariance":{"Mean":298.6077003121748,"Sigma":35.56800815910938,"Taucorr":-0.11364850339639038},"Iteration":3},
{"Acceptance":[0.8140735502121641],"Energy":{"Mean":-630.798387096774,"Sigma":1.764281942746063,"Taucorr":0.21065829873319597},"EnergyVariance":{"Mean":269.3706425598335,"Sigma":39.577245174146896,"Taucorr":0.04912007775837268},"Iteration":4},
{"Acceptance":[0.7688826025459689],"Energy":{"Mean":-633.8790322580643,"Sigma":1.728278051282828,"Taucorr":0.1344053772446847},"EnergyVariance":{"Mean":289.55794745057227,"Sigma":33.31208360041642,"Taucorr":-0.08691261872472761},"Iteration":5},
{"Acceptance":[0.7007779349363508],"Energy":{"Mean":-638.6854838709676,"Sigma":1.843543213005097,"Taucorr":0.1681522711505583},"EnergyVariance":{"Mean":312.8284989594173,"Sigma":29.815464692760266,"Taucorr":-0.11843446344514752},"Iteration":6},
{"Acceptance":[0.5915841584158416],"Energy":{"Mean":-650.7016129032257,"Sigma":1.8689029670856523,"Taucorr":0.1404141580559064},"EnergyVariance":{"Mean":335.41902965660773,"Sigma":39.243687067463114,"Taucorr":-0.10040754531183793},"Iteration":7},
{"Acceptance":[0.4975247524752475],"Energy":{"Mean":-662.0161290322582,"Sigma":1.4323891371778965,"Taucorr":0.03463323027407206},"EnergyVariance":{"Mean":236.01586888657647,"Sigma":23.301301989624115,"Taucorr":-0.17115867012665215},"Iteration":8},
{"Acceptance":[0.42135785007072135],"Energy":{"Mean":-675.0,"Sigma":1.9315921896447914,"Taucorr":0.3203487198708318},"EnergyVariance":{"Mean":279.7096774193548,"Sigma":31.83741057203012,"Taucorr":0.024540258697143713},"Iteration":9},
{"Acceptance":[0.35332390381895334],"Energy":{"Mean":-686.3225806451613,"Sigma":1.3620328709138723,"Taucorr":0.18839383817518718},"EnergyVariance":{"Mean":165.7346514047867,"Sigma":30.26479055305933,"Taucorr":0.3711203611237558},"Iteration":10},
{"Acceptance":[0.32107496463932106],"Energy":{"Mean":-693.9435483870968,"Sigma":0.9806398556732536,"Taucorr":-0.10884676580235875},"EnergyVariance":{"Mean":151.19842611862643,"Sigma":21.726075019930498,"Taucorr":0.02264276728450121},"Iteration":11},
{"Acceptance":[0.2794908062234795],"Energy":{"Mean":-702.1290322580646,"Sigma":1.327180239506821,"Taucorr":0.26156831133773983},"EnergyVariance":{"Mean":142.24141519250787,"Sigma":26.245983319742486,"Taucorr":0.2007983124453695},"Iteration":12},
{"Acceptance":[0.24328147100424327],"Energy":{"Mean":-708.4758064516128,"Sigma":1.1403142157226964,"Taucorr":0.3289119679547676},"EnergyVariance":{"Mean":96.47522112382934,"Sigma":13.253420267369574,"Taucorr":0.10497966422780702},"Iteration":13},
{"Acceptance":[0.206011315417256],"Energy":{"Mean":-716.0887096774195,"Sigma":0.8841912338689203,"Taucorr":0.11948743860919386},"EnergyVariance":{"Mean":77.61309833506762,"Sigma":9.953047420970284,"Taucorr":0.030324251098902466},"Iteration":14},
{"Acceptance":[0.1782178217821782],"Energy":{"Mean":-718.4596774193548,"Sigma":0.90444665955061,"Taucorr":0.18970572107476125},"EnergyVariance":{"Mean":72.94192247658688,"Sigma":7.954800369084101,"Taucorr":-0.10470488790975557},"Iteration":15},
{"Acceptance":[0.1613861386138614],"Energy":{"Mean":-724.2096774193549,"Sigma":0.7940552625430104,"Taucorr":0.25955097402762617},"EnergyVariance":{"Mean":51.05280957336109,"Sigma":8.020387026674006,"Taucorr":0.03995569276010014},"Iteration":16},
{"Acceptance":[0.14413012729844413],"Energy":{"Mean":-726.6854838709678,"Sigma":0.8219900895080099,"Taucorr":0.2587754185910315},"EnergyVariance":{"Mean":54.76398283038502,"Sigma":9.324591182579347,"Taucorr":-0.05646613100620207},"Iteration":17},
{"Acceptance":[0.1357142857142857],"Energy":{"Mean":-729.8306451612904,"Sigma":0.6753520683562677,"Taucorr":0.29349071929382153},"EnergyVariance":{"Mean":35.35035119667014,"Sigma":4.834509029444484,"Taucorr":0.15576792684579077},"Iteration":18},
{"Acceptance":[0.1272984441301273],"Energy":{"Mean":-731.3225806451612,"Sigma":0.5994165564251175,"Taucorr":0.26943244198054417},"EnergyVariance":{"Mean":28.718522372528604,"Sigma":4.3651590564910085,"Taucorr":-0.03909876964575021},"Iteration":19},
{"Acceptance":[0.11577086280056577],"Energy":{"Mean":-734.2822580645161,"Sigma":0.70774725299656,"Taucorr":0.46240717149121},"EnergyVariance":{"Mean":32.00904006243496,"Sigma":3.750055175052399,"Taucorr":-0.07247325446305436},"Iteration":20},
{"Acceptance":[0.10905233380480905],"Energy":{"Mean":-735.5161290322579,"Sigma":0.6101664989445638,"Taucorr":0.4680242405578363},"EnergyVariance":{"Mean":23.652965660770032,"Sigma":4.6848247729958965,"Taucorr":0.07648390690222662},"Iteration":21},
{"Acceptance":[0.11499292786421499],"Energy":{"Mean":-736.3709677419355,"Sigma":0.47897613805441897,"Taucorr":0.19345520451086673},"EnergyVariance":{"Mean":20.346253902185218,"Sigma":3.200341469797152,"Taucorr":0.15554587469995573},"Iteration":22},
{"Acceptance":[0.09879773691654879],"Energy":{"Mean":-739.1451612903226,"Sigma":0.4427999550678816,"Taucorr":0.08928476080296255},"EnergyVariance":{"Mean":20.462799167533824,"Sigma":2.365049288002757,"Taucorr":0.05443512488116775},"Iteration":23},
{"Acceptance":[0.09724186704384724],"Energy":{"Mean":-739.5887096774194,"Sigma":0.55751806797193,"Taucorr":0.3201876309775218},"EnergyVariance":{"Mean":23.306646722164405,"Sigma":4.724810994894322,"Taucorr":0.1351770121876772},"Iteration":24},
{"Acceptance":[0.09787835926449788],"Energy":{"Mean":-740.467741935484,"Sigma":0.36785156826458765,"Taucorr":0.04631073349842829},"EnergyVariance":{"Mean":15.232830385015607,"Sigma":1.9619310750961396,"Taucorr":0.09899302434176738},"Iteration":25},
{"Acceptance":[0.08606789250353607],"Energy":{"Mean":-743.0564516129032,"Sigma":0.41618945964525034,"Taucorr":0.31508297877634284},"EnergyVariance":{"Mean":13.069393860561915,"Sigma":1.7027971482753252,"Taucorr":0.12584504162735843},"Iteration":26},
{"Acceptance":[0.08012729844413012],"Energy":{"Mean":-742.6290322580645,"Sigma":0.5970211636598687,"Taucorr":0.37996908842172994},"EnergyVariance":{"Mean":24.91077003121748,"Sigma":7.084859765676421,"Taucorr":-0.009616125558741084},"Iteration":27},
{"Acceptance":[0.0814002828854314],"Energy":{"Mean":-744.2258064516128,"Sigma":0.491097470603362,"Taucorr":0.2840863771384545},"EnergyVariance":{"Mean":18.91675338189386,"Sigma":3.6025409268444797,"Taucorr":0.03989154069701506},"Iteration":28},
{"Acceptance":[0.08132956152758133],"Energy":{"Mean":-744.3306451612901,"Sigma":0.479889533768122,"Taucorr":0.2711373462746457},"EnergyVariance":{"Mean":18.366480228928197,"Sigma":4.082308519505733,"Taucorr":0.36565002740622976},"Iteration":29},
{"Acceptance":[0.06732673267326733],"Energy":{"Mean":-745.75,"Sigma":0.33460777873713077,"Taucorr":0.17270041363009203},"EnergyVariance":{"Mean":10.235887096774194,"Sigma":1.7389307892003234,"Taucorr":0.02735919943384746},"Iteration":30},
{"Acceptance":[0.06492220650636492],"Energy":{"Mean":-746.3629032258065,"Sigma":0.4311211175150149,"Taucorr":0.46509787771463074},"EnergyVariance":{"Mean":11.844107700312176,"Sigma":3.140052484651371,"Taucorr":0.1711373137623552},"Iteration":31},
{"Acceptance":[0.05594059405940594],"Energy":{"Mean":-747.2903225806452,"Sigma":0.2301521160697625,"Taucorr":-0.022263657866637143},"EnergyVariance":{"Mean":6.818938605619148,"Sigma":1.0155551977173427,"Taucorr":-0.005050784372520822},"Iteration":32},
{"Acceptance":[0.0594059405940594],"Energy":{"Mean":-747.0645161290324,"Sigma":0.36697831488179017,"Taucorr":0.21148487083221368},"EnergyVariance":{"Mean":11.64099895941727,"Sigma":2.6927182460436923,"Taucorr":0.11241665623273267},"Iteration":33},
{"Acceptance":[0.05466760961810467],"Energy":{"Mean":-747.4112903225807,"Sigma":0.410144936861884,"Taucorr":0.33191761980221224},"EnergyVariance":{"Mean":12.435678980228928,"Sigma":2.051365318314348,"Taucorr":0.06905775163193661},"Iteration":34},
{"Acceptance":[0.051909476661951906],"Energy":{"Mean":-747.8629032258065,"Sigma":0.2832318073187989,"Taucorr":0.07244991133079637},"EnergyVariance":{"Mean":8.618301248699273,"Sigma":1.4494319954894401,"Taucorr":-0.10511555905182862},"Iteration":35},
{"Acceptance":[0.049434229137199436],"Energy":{"Mean":-748.7741935483872,"Sigma":0.2866554539668356,"Taucorr":0.23404625151147174},"EnergyVariance":{"Mean":6.88449531737773,"Sigma":1.0456585232407942,"Taucorr":0.1461282112023734},"Iteration":36},
{"Acceptance":[0.04575671852899576],"Energy":{"Mean":-749.0483870967741,"Sigma":0.3701604118339439,"Taucorr":0.4365382947350197},"EnergyVariance":{"Mean":8.997658688865764,"Sigma":2.243978685707321,"Taucorr":0.2767835585508319},"Iteration":37},
{"Acceptance":[0.04384724186704385],"Energy":{"Mean":-749.5564516129033,"Sigma":0.19354838709677522,"Taucorr":0.0323795067554431},"EnergyVariance":{"Mean":4.327458376690946,"Sigma":0.7614345091426732,"Taucorr":0.07341304152696537},"Iteration":38},
{"Acceptance":[0.04321074964639321],"Energy":{"Mean":-749.6129032258063,"Sigma":0.3185228654537327,"Taucorr":0.21150993770394333},"EnergyVariance":{"Mean":8.769510926118626,"Sigma":1.6821348336230424,"Taucorr":0.13261921638527907},"Iteration":39},
{"Acceptance":[0.04285714285714286],"Energy":{"Mean":-749.9032258064516,"Sigma":0.33090731805007506,"Taucorr":0.33102327447834234},"EnergyVariance":{"Mean":8.103537981269511,"Sigma":1.467744288566216,"Taucorr":-0.00022860005196495559},"Iteration":40},
{"Acceptance":[0.040594059405940595],"Energy":{"Mean":-751.2338709677421,"Sigma":0.24178310613598458,"Taucorr":0.3408033826638486},"EnergyVariance":{"Mean":4.275949531737774,"Sigma":1.0450162721606449,"Taucorr":-0.013713782995092516},"Iteration":41},
{"Acceptance":[0.03762376237623762],"Energy":{"Mean":-750.258064516129,"Sigma":0.42809340236866494,"Taucorr":0.5819273798821345},"EnergyVariance":{"Mean":10.417273673257025,"Sigma":4.228511562104244,"Taucorr":0.4157435669782138},"Iteration":42},
{"Acceptance":[0.041584158415841586],"Energy":{"Mean":-750.3548387096774,"Sigma":0.24146010644372415,"Taucorr":0.14965945512819834},"EnergyVariance":{"Mean":5.519250780437043,"Sigma":1.013466256395493,"Taucorr":0.026343017006189462},"Iteration":43},
{"Acceptance":[0.03698727015558699],"Energy":{"Mean":-751.4193548387096,"Sigma":0.28759923410693694,"Taucorr":0.1461544180820814},"EnergyVariance":{"Mean":7.872528616024973,"Sigma":2.082224213646236,"Taucorr":0.09113631599540106},"Iteration":44},
{"Acceptance":[0.036492220650636495],"Energy":{"Mean":-751.6129032258063,"Sigma":0.28582993422790764,"Taucorr":0.3684386241007297},"EnergyVariance":{"Mean":5.785639958376691,"Sigma":1.6297237767028727,"Taucorr":0.3553468040543222},"Iteration":45},
{"Acceptance":[0.03147100424328147],"Energy":{"Mean":-751.6693548387098,"Sigma":0.29338291448662285,"Taucorr":0.5428207197858077},"EnergyVariance":{"Mean":5.076157648283039,"Sigma":1.1123079159415599,"Taucorr":0.36379228982025147},"Iteration":46},
{"Acceptance":[0.027369165487977368],"Energy":{"Mean":-752.0887096774193,"Sigma":0.2793397522559688,"Taucorr":0.30194433274282007},"EnergyVariance":{"Mean":5.984066077003121,"Sigma":0.7527814398302166,"Taucorr":0.01486606963973991},"Iteration":47},
{"Acceptance":[0.0272984441301273],"Energy":{"Mean":-752.6774193548385,"Sigma":0.2901134252570759,"Taucorr":0.6199651018799794},"EnergyVariance":{"Mean":4.621748178980231,"Sigma":0.6392962489244701,"Taucorr":0.3008536601743276},"Iteration":48},
{"Acceptance":[0.023196605374823195],"Energy":{"Mean":-753.3064516129034,"Sigma":0.34678044505492944,"Taucorr":0.7837841499209806},"EnergyVariance":{"Mean":5.760926118626431,"Sigma":1.7266350798061394,"Taucorr":0.6959816788427438},"Iteration":49} 
]}