{"Output": [
{"Acceptance":[0.8635761589403973],"Energy":{"Mean":-1431.3870967741939,"Sigma":2.6732153807224095,"Taucorr":0.0030675520748041363},"EnergyVariance":{"Mean":873.6082206035379,"Sigma":111.20407787499937,"Taucorr":-0.07818953701371695},"Iteration":0},
{"Acceptance":[0.8323557237464522],"Energy":{"Mean":-1428.2903225806454,"Sigma":2.6331758691400977,"Taucorr":0.0005393442092312961},"EnergyVariance":{"Mean":851.9157127991674,"Sigma":138.14696649534977,"Taucorr":-0.060925029695761856},"Iteration":1},
{"Acceptance":[0.7393093661305582],"Energy":{"Mean":-1447.6854838709678,"Sigma":2.8198596715908493,"Taucorr":0.23686902941593557},"EnergyVariance":{"Mean":663.6510796045786,"Sigma":81.79035165164525,"Taucorr":-0.03513246424028921},"Iteration":2},
{"Acceptance":[0.498155156102176],"Energy":{"Mean":-1482.5483870967741,"Sigma":3.256577697580936,"Taucorr":0.4273419566695298},"EnergyVariance":{"Mean":703.3283038501562,"Sigma":125.09633241288321,"Taucorr":0.22791588414411923},"Iteration":3},
{"Acceptance":[0.3515137180700095],"Energy":{"Mean":-1515.8951612903227,"Sigma":2.2523814814197314,"Taucorr":0.144660037617796},"EnergyVariance":{"Mean":483.98094432882414,"Sigma":71.03565815602487,"Taucorr":0.10110727546847997},"Iteration":4},
{"Acceptance":[0.24432355723746452],"Energy":{"Mean":-1553.661290322581,"Sigma":2.2012810415919435,"Taucorr":0.39392420897546276},"EnergyVariance":{"Mean":333.36914672216443,"Sigma":41.85313644819928,"Taucorr":-0.05900669979245354},"Iteration":5},
{"Acceptance":[0.17218543046357615],"Energy":{"Mean":-1579.5967741935483,"Sigma":1.4720823804595742,"Taucorr":0.2668616260880635},"EnergyVariance":{"Mean":173.78902185223723,"Sigma":21.485438309091762,"Taucorr":0.07187054729458886},"Iteration":6},
{"Acceptance":[0.1281929990539262],"Energy":{"Mean":-1593.5645161290324,"Sigma":1.2368647354969984,"Taucorr":0.16134903219317753},"EnergyVariance":{"Mean":142.26196670135278,"Sigma":18.530156144371475,"Taucorr":-0.06328590274660695},"Iteration":7},
{"Acceptance":[0.09768211920529801],"Energy":{"Mean":-1608.4596774193549,"Sigma":0.9404369247507302,"Taucorr":0.11388212979947099},"EnergyVariance":{"Mean":88.60321279916754,"Sigma":12.499109641261278,"Taucorr":-0.012977530989235098},"Iteration":8},
{"Acceptance":[0.07587511825922422],"Energy":{"Mean":-1618.516129032258,"Sigma":0.8398616984738049,"Taucorr":0.3264188861025502},"EnergyVariance":{"Mean":52.49167533818938,"Sigma":8.234762998588954,"Taucorr":0.12442423918702139},"Iteration":9},
{"Acceptance":[0.06064333017975402],"Energy":{"Mean":-1623.9516129032259,"Sigma":0.6941982451773772,"Taucorr":0.3968558360689255},"EnergyVariance":{"Mean":33.04604578563997,"Sigma":4.934942873957915,"Taucorr":0.23547313042429585},"Iteration":10},
{"Acceptance":[0.05335856196783349],"Energy":{"Mean":-1627.5080645161288,"Sigma":0.6302717316961278,"Taucorr":0.3717634526884489},"EnergyVariance":{"Mean":28.0241285119667,"Sigma":6.569204351799677,"Taucorr":0.466736483699143},"Iteration":11},
{"Acceptance":[0.0423368022705771],"Energy":{"Mean":-1631.7016129032259,"Sigma":0.4939716366360525,"Taucorr":0.19641950604092973},"EnergyVariance":{"Mean":21.548061914672214,"Sigma":3.1232464287502846,"Taucorr":0.14526888845498076},"Iteration":12},
{"Acceptance":[0.03235572374645222],"Energy":{"Mean":-1634.5,"Sigma":0.40494258188496374,"Taucorr":0.17631151974041503},"EnergyVariance":{"Mean":14.911290322580644,"Sigma":2.1574311557530828,"Taucorr":0.1453011091504175},"Iteration":13},
{"Acceptance":[0.025496688741721854],"Energy":{"Mean":-1637.032258064516,"Sigma":0.4024023850581842,"Taucorr":0.3576188502553813},"EnergyVariance":{"Mean":11.611862643080125,"Sigma":2.993385052635506,"Taucorr":0.2849476778503722},"Iteration":14},
{"Acceptance":[0.019820245979186378],"Energy":{"Mean":-1638.8548387096776,"Sigma":0.24993929197003417,"Taucorr":0.2642018111254847},"EnergyVariance":{"Mean":5.027315296566076,"Sigma":0.6879927673962619,"Taucorr":0.13772645541957307},"Iteration":15},
{"Acceptance":[0.014049195837275307],"Energy":{"Mean":-1639.943548387097,"Sigma":0.19527678089961387,"Taucorr":0.013236738353808897},"EnergyVariance":{"Mean":4.569393860561914,"Sigma":0.8941041030025325,"Taucorr":-0.03571225098369546},"Iteration":16},
{"Acceptance":[0.007805108798486282],"Energy":{"Mean":-1640.7983870967741,"Sigma":0.19029524133874395,"Taucorr":0.09521301559159534},"EnergyVariance":{"Mean":3.7416103017689926,"Sigma":1.3160247346905904,"Taucorr":-0.03160475543453589},"Iteration":17},
{"Acceptance":[0.0043992431409649955],"Energy":{"Mean":-1641.2822580645166,"Sigma":0.16343997594554033,"Taucorr":0.49312364851580626},"EnergyVariance":{"Mean":1.6542013527575443,"Sigma":0.3573825110485452,"Taucorr":0.1381127683228257},"Iteration":18},
{"Acceptance":[0.002838221381267739],"Energy":{"Mean":-1641.6693548387095,"Sigma":0.08470941535799943,"Taucorr":0.12579544406525112},"EnergyVariance":{"Mean":0.7051899063475545,"Sigma":0.19282619317250496,"Taucorr":0.17937691681402046},"Iteration":19},
{"Acceptance":[0.0024124881740775783],"Energy":{"Mean":-1641.6209677419356,"Sigma":0.09551147523098381,"Taucorr":0.2800343611538698},"EnergyVariance":{"Mean":0.7192377731529657,"Sigma":0.15006494866791512,"Taucorr":0.1523634763657492},"Iteration":20},
{"Acceptance":[0.001750236518448439],"Energy":{"Mean":-1641.9677419354837,"Sigma":0.06833458117521236,"Taucorr":0.35048151001545147},"EnergyVariance":{"Mean":0.3376690946930282,"Sigma":0.16273974470300037,"Taucorr":0.35769619133165775},"Iteration":21},
{"Acceptance":[0.0011352885525070956],"Energy":{"Mean":-1641.8467741935483,"Sigma":0.05641319737451527,"Taucorr":0.10539126936230159},"EnergyVariance":{"Mean":0.32329604578564,"Sigma":0.14579911857054786,"Taucorr":-0.026071203731862447},"Iteration":22},
{"Acceptance":[0.000946073793755913],"Energy":{"Mean":-1641.8629032258066,"Sigma":0.06225890021166376,"Taucorr":0.40481362626494377},"EnergyVariance":{"Mean":0.26346253902185224,"Sigma":0.14578506897371019,"Taucorr":0.3210531219119951},"Iteration":23},
{"Acceptance":[0.000946073793755913],"Energy":{"Mean":-1641.8145161290324,"Sigma":0.09052396903485443,"Taucorr":0.40918690601900454},"EnergyVariance":{"Mean":0.5543054110301769,"Sigma":0.37803260473863526,"Taucorr":0.4698590341241181},"Iteration":24},
{"Acceptance":[0.0008514664143803217],"Energy":{"Mean":-1641.967741935484,"Sigma":0.025245928778222387,"Taucorr":0.11752049180326507},"EnergyVariance":{"Mean":0.06347554630593132,"Sigma":0.022968668691670222,"Taucorr":0.07197664929558567},"Iteration":25},
{"Acceptance":[0.0004730368968779565],"Energy":{"Mean":-1641.975806451613,"Sigma":0.02419354838709767,"Taucorr":1.0247933884296216},"EnergyVariance":{"Mean":0.023608220603537976,"Sigma":0.023022892819980253,"Taucorr":1.0247933884297515},"Iteration":26},
{"Acceptance":[0.0004730368968779565],"Energy":{"Mean":-1641.9193548387095,"Sigma":0.04693151148987876,"Taucorr":-0.02273143904680941},"EnergyVariance":{"Mean":0.28381893860561924,"Sigma":0.20430758248782413,"Taucorr":-0.010066083729822095},"Iteration":27},
{"Acceptance":[0.0008514664143803217],"Energy":{"Mean":-1641.9435483870966,"Sigma":0.07305697936394767,"Taucorr":0.15014813860621},"EnergyVariance":{"Mean":0.5048777315296566,"Sigma":0.23140132878850722,"Taucorr":0.07033171871070099},"Iteration":28},
{"Acceptance":[0.0005676442762535478],"Energy":{"Mean":-1641.7822580645163,"Sigma":0.19425275059422906,"Taucorr":0.9747799132052193},"EnergyVariance":{"Mean":1.5735561914672218,"Sigma":1.4633461912231216,"Taucorr":1.0180999678803897},"Iteration":29},
{"Acceptance":[0.0005203405865657521],"Energy":{"Mean":-1641.991935483871,"Sigma":0.008064516129030542,"Taucorr":-1.8762769116165146e-13},"EnergyVariance":{"Mean":0.007999479708636837,"Sigma":0.007934443288241534,"Taucorr":0.0},"Iteration":30},
{"Acceptance":[0.0006149479659413434],"Energy":{"Mean":-1641.975806451613,"Sigma":0.03351062804784301,"Taucorr":0.005907575035702939},"EnergyVariance":{"Mean":0.1365114464099896,"Sigma":0.08249423564089428,"Taucorr":-0.020074127895443106},"Iteration":31},
{"Acceptance":[0.0001892147587511826],"Energy":{"Mean":-1642.024193548387,"Sigma":0.02419354838709714,"Taucorr":0.4058919803600928},"EnergyVariance":{"Mean":0.0397372528616025,"Sigma":0.03915192507804477,"Taucorr":0.23286556493185584},"Iteration":32},
{"Acceptance":[0.0001892147587511826],"Energy":{"Mean":-1641.991935483871,"Sigma":0.008064516129034473,"Taucorr":2.498001805406602e-13},"EnergyVariance":{"Mean":0.007999479708636839,"Sigma":0.007934443288241532,"Taucorr":-2.220446049250313e-16},"Iteration":33},
{"Acceptance":[0.0005676442762535478],"Energy":{"Mean":-1642.024193548387,"Sigma":0.033510628047844306,"Taucorr":0.45925925925931055},"EnergyVariance":{"Mean":0.07199531737773153,"Sigma":0.0632405091527936,"Taucorr":0.4858422455260373},"Iteration":34},
{"Acceptance":[0.0005676442762535478],"Energy":{"Mean":-1641.9274193548388,"Sigma":0.07440945676680152,"Taucorr":0.012750954852633},"EnergyVariance":{"Mean":0.6640868886576486,"Sigma":0.5084306760970894,"Taucorr":-0.007966989538824187},"Iteration":35},
{"Acceptance":[0.0003784295175023652],"Energy":{"Mean":-1641.9838709677417,"Sigma":0.01612903225807098,"Taucorr":0.5081967213119063},"EnergyVariance":{"Mean":0.01586888657648283,"Sigma":0.015608740894894283,"Taucorr":0.5081967213114755},"Iteration":36},
{"Acceptance":[0.000946073793755913],"Energy":{"Mean":-1641.8225806451612,"Sigma":0.12443071893816891,"Taucorr":0.026885706060157277},"EnergyVariance":{"Mean":1.8072320499479704,"Sigma":1.5395053529288962,"Taucorr":-0.0022775986885176236},"Iteration":37},
{"Acceptance":[0.0001892147587511826],"Energy":{"Mean":-1641.975806451613,"Sigma":0.02419354838709767,"Taucorr":1.0658141036401503e-14},"EnergyVariance":{"Mean":0.07199531737773153,"Sigma":0.0714099895941738,"Taucorr":-2.220446049250313e-16},"Iteration":38},
{"Acceptance":[0.0],"Energy":{"Mean":-1642.0,"Sigma":0.0,"Taucorr":null},"EnergyVariance":{"Mean":0.0,"Sigma":0.0,"Taucorr":null},"Iteration":39},
{"Acceptance":[9.46073793755913e-05],"Energy":{"Mean":-1641.967741935484,"Sigma":0.03225806451612926,"Taucorr":1.7319479184152442e-14},"EnergyVariance":{"Mean":0.1279916753381894,"Sigma":0.12695109261186455,"Taucorr":0.0},"Iteration":40},
{"Acceptance":[0.0004730368968779565],"Energy":{"Mean":-1642.1209677419356,"Sigma":0.07852039641701822,"Taucorr":0.5887394957983085},"EnergyVariance":{"Mean":0.3482700312174819,"Sigma":0.2165643191501494,"Taucorr":0.5887394957983194},"Iteration":41},
{"Acceptance":[0.0005676442762535478],"Energy":{"Mean":-1641.991935483871,"Sigma":0.008064516129032445,"Taucorr":1.865174681370263e-14},"EnergyVariance":{"Mean":0.007999479708636839,"Sigma":0.007934443288241534,"Taucorr":0.0},"Iteration":42},
{"Acceptance":[0.0002838221381267739],"Energy":{"Mean":-1641.9516129032256,"Sigma":0.04838709677419528,"Taucorr":0.5081967213115153},"EnergyVariance":{"Mean":0.14281997918834552,"Sigma":0.14047866805409254,"Taucorr":0.5081967213114749},"Iteration":43},
{"Acceptance":[0.0003784295175023652],"Energy":{"Mean":-1642.024193548387,"Sigma":0.03351062804784555,"Taucorr":0.4592592592593767},"EnergyVariance":{"Mean":0.07199531737773153,"Sigma":0.0632405091527936,"Taucorr":0.4858422455260373},"Iteration":44},
{"Acceptance":[0.0001892147587511826],"Energy":{"Mean":-1642.0,"Sigma":0.0,"Taucorr":null},"EnergyVariance":{"Mean":0.0,"Sigma":0.0,"Taucorr":null},"Iteration":45},
{"Acceptance":[0.0003784295175023652],"Energy":{"Mean":-1641.975806451613,"Sigma":0.024193548387099563,"Taucorr":1.0247933884298603},"EnergyVariance":{"Mean":0.023608220603537976,"Sigma":0.023022892819980253,"Taucorr":1.0247933884297515},"Iteration":46},
{"Acceptance":[0.0006622516556291391],"Energy":{"Mean":-1641.991935483871,"Sigma":0.07556585016208,"Taucorr":0.1500180570603168},"EnergyVariance":{"Mean":0.5402575442247658,"Sigma":0.41580863747800895,"Taucorr":0.023736082284781412},"Iteration":47},
{"Acceptance":[0.0004730368968779565],"Energy":{"Mean":-1642.0241935483873,"Sigma":0.054814985380541977,"Taucorr":0.5949132947977818},"EnergyVariance":{"Mean":0.1687695109261186,"Sigma":0.11786653658355745,"Taucorr":0.3419506208838389},"Iteration":48},
{"Acceptance":[0.0004730368968779565],"Energy":{"Mean":-1641.967741935484,"Sigma":0.06215435118709394,"Taucorr":0.00907190635457833},"EnergyVariance":{"Mean":0.4667013527575442,"Sigma":0.3960417904765924,"Taucorr":-0.004621218993163478},"Iteration":49},
{"Acceptance":[0.0002838221381267739],"Energy":{"Mean":-1642.0161290322583,"Sigma":0.016129032258067274,"Taucorr":1.3278267374516872e-13},"EnergyVariance":{"Mean":0.03199791883454735,"Sigma":0.031737773152958795,"Taucorr":-2.220446049250313e-16},"Iteration":50},
{"Acceptance":[0.0004730368968779565],"Energy":{"Mean":-1642.0887096774195,"Sigma":0.047161908120039175,"Taucorr":-0.029147078576288066},"EnergyVariance":{"Mean":0.2905176899063475,"Sigma":0.12924810072651932,"Taucorr":-0.042230703711929496},"Iteration":51},
{"Acceptance":[0.0004730368968779565],"Energy":{"Mean":-1641.967741935484,"Sigma":0.0552875371000079,"Taucorr":0.3363715277777548},"EnergyVariance":{"Mean":0.22476586888657654,"Sigma":0.15785536208439788,"Taucorr":0.3110518544274944},"Iteration":52},
{"Acceptance":[9.46073793755913e-05],"Energy":{"Mean":-1642.0,"Sigma":0.0,"Taucorr":null},"EnergyVariance":{"Mean":0.0,"Sigma":0.0,"Taucorr":null},"Iteration":53},
{"Acceptance":[0.0001892147587511826],"Energy":{"Mean":-1642.016129032258,"Sigma":0.01612903225806455,"Taucorr":-5.10702591327572e-15},"EnergyVariance":{"Mean":0.03199791883454735,"Sigma":0.03173777315296613,"Taucorr":-2.220446049250313e-16},"Iteration":54},
{"Acceptance":[0.0004730368968779565],"Energy":{"Mean":-1642.1048387096776,"Sigma":0.04604549168908864,"Taucorr":0.08503063904274111},"EnergyVariance":{"Mean":0.22287981269510923,"Sigma":0.09614596909971569,"Taucorr":0.048126578312714385},"Iteration":55},
{"Acceptance":[0.0004730368968779565],"Energy":{"Mean":-1642.024193548387,"Sigma":0.1071094046186125,"Taucorr":0.5810762331839179},"EnergyVariance":{"Mean":0.652640478668054,"Sigma":0.29909428818781375,"Taucorr":0.5123871644564981},"Iteration":56},
{"Acceptance":[0.0004730368968779565],"Energy":{"Mean":-1641.9435483870966,"Sigma":0.11692157870606057,"Taucorr":0.05868015039543795},"EnergyVariance":{"Mean":1.5048777315296569,"Sigma":1.3544377959849367,"Taucorr":0.0003213214469575121},"Iteration":57},
{"Acceptance":[0.0008514664143803217],"Energy":{"Mean":-1642.0806451612905,"Sigma":0.03912190895101637,"Taucorr":-0.03671574903984032},"EnergyVariance":{"Mean":0.20317377731529657,"Sigma":0.10137193279389071,"Taucorr":-0.03157770233666707},"Iteration":58},
{"Acceptance":[0.00042573320719016083],"Energy":{"Mean":-1642.0806451612907,"Sigma":0.05234693094468011,"Taucorr":0.3294494238156136},"EnergyVariance":{"Mean":0.20317377731529657,"Sigma":0.1415068168008576,"Taucorr":0.4127604825020982},"Iteration":59},
{"Acceptance":[0.0008987701040681173],"Energy":{"Mean":-1642.1935483870964,"Sigma":0.08091353195317427,"Taucorr":0.2412595785439433},"EnergyVariance":{"Mean":0.5431841831425599,"Sigma":0.19956125494564425,"Taucorr":0.2211460622877116},"Iteration":60},
{"Acceptance":[0.0010406811731315043],"Energy":{"Mean":-1642.0080645161293,"Sigma":0.039287797648271276,"Taucorr":0.011960715538455124},"EnergyVariance":{"Mean":0.18541883454734648,"Sigma":0.10425735378672935,"Taucorr":-0.02503137816944917},"Iteration":61},
{"Acceptance":[0.0009933774834437086],"Energy":{"Mean":-1642.2096774193546,"Sigma":0.1044035634366568,"Taucorr":0.6782578875171057},"EnergyVariance":{"Mean":0.5689386056191467,"Sigma":0.2684143759876024,"Taucorr":0.7066781879653998},"Iteration":62},
{"Acceptance":[0.001750236518448439],"Energy":{"Mean":-1642.2661290322578,"Sigma":0.08900244942788073,"Taucorr":0.16958970233307447},"EnergyVariance":{"Mean":0.7275624349635795,"Sigma":0.21963507681400496,"Taucorr":0.16958970233306525},"Iteration":63},
{"Acceptance":[0.0020813623462630085],"Energy":{"Mean":-1642.3951612903222,"Sigma":0.11404948083653577,"Taucorr":0.1628940986256694},"EnergyVariance":{"Mean":1.2067507804370448,"Sigma":0.3981126924606045,"Taucorr":0.02608932760606031},"Iteration":64},
{"Acceptance":[0.0017975402081362346],"Energy":{"Mean":-1642.5241935483873,"Sigma":0.14263026431892922,"Taucorr":0.4761607550616507},"EnergyVariance":{"Mean":1.2816727367325704,"Sigma":0.276081153498095,"Taucorr":0.472382765588389},"Iteration":65},
{"Acceptance":[0.0033112582781456954],"Energy":{"Mean":-1642.524193548387,"Sigma":0.12665826870312127,"Taucorr":0.299978906291246},"EnergyVariance":{"Mean":1.2332856399583767,"Sigma":0.24633431637534722,"Taucorr":0.3385138572669607},"Iteration":66},
{"Acceptance":[0.005014191106906339],"Energy":{"Mean":-1643.08064516129,"Sigma":0.1504415976304622,"Taucorr":0.1763367463026021},"EnergyVariance":{"Mean":2.0580124869927157,"Sigma":0.12660176088903144,"Taucorr":0.17756534748253638},"Iteration":67},
{"Acceptance":[0.006811731315042573],"Energy":{"Mean":-1643.8306451612902,"Sigma":0.13930853472057564,"Taucorr":0.000930803876075581},"EnergyVariance":{"Mean":2.3826092611862646,"Sigma":0.20750282384357013,"Taucorr":-0.062151827885674915},"Iteration":68},
{"Acceptance":[0.0031693472090823086],"Energy":{"Mean":-1644.4596774193546,"Sigma":0.15340962375425077,"Taucorr":0.36787037398115496},"EnergyVariance":{"Mean":1.667728928199792,"Sigma":0.35306416927558093,"Taucorr":0.34581029421148746},"Iteration":69},
{"Acceptance":[0.0020813623462630085],"Energy":{"Mean":-1645.2580645161288,"Sigma":0.10465243998392934,"Taucorr":-0.13645745577082302},"EnergyVariance":{"Mean":1.8527575442247657,"Sigma":0.42210501106038656,"Taucorr":0.044934740678944984},"Iteration":70},
{"Acceptance":[0.0012298959318826868],"Energy":{"Mean":-1645.1693548387098,"Sigma":0.1277320241620364,"Taucorr":0.1709415090236942},"EnergyVariance":{"Mean":1.4955124869927159,"Sigma":0.3840750454061657,"Taucorr":0.019567944980674712},"Iteration":71},
{"Acceptance":[0.0010406811731315043],"Energy":{"Mean":-1645.1693548387098,"Sigma":0.09083476133891992,"Taucorr":0.12026393195004237},"EnergyVariance":{"Mean":0.8180931321540064,"Sigma":0.3182482939127865,"Taucorr":0.08962994014527037},"Iteration":72},
{"Acceptance":[0.0024597918637653737],"Energy":{"Mean":-1645.6854838709676,"Sigma":0.1788432597289295,"Taucorr":0.31650244310667675},"EnergyVariance":{"Mean":2.409144120707596,"Sigma":0.4528639320167414,"Taucorr":0.2751304709962852},"Iteration":73},
{"Acceptance":[0.0034058656575212867],"Energy":{"Mean":-1646.2338709677417,"Sigma":0.2315607063716706,"Taucorr":0.4824397899672703},"EnergyVariance":{"Mean":3.3565946930280965,"Sigma":0.353871933995737,"Taucorr":0.42664480161903906},"Iteration":74},
{"Acceptance":[0.00619678334910123],"Energy":{"Mean":-1646.5725806451612,"Sigma":0.22336428981823864,"Taucorr":0.2953923965269992},"EnergyVariance":{"Mean":3.8576352757544217,"Sigma":0.18410854684697076,"Taucorr":0.233601049622023},"Iteration":75},
{"Acceptance":[0.004635761589403974],"Energy":{"Mean":-1647.6209677419354,"Sigma":0.1753916384752528,"Taucorr":-0.008382484663101875},"EnergyVariance":{"Mean":3.8482700312174822,"Sigma":0.28781094357031795,"Taucorr":-0.022381486962055774},"Iteration":76},
{"Acceptance":[0.0013245033112582781],"Energy":{"Mean":-1648.6854838709678,"Sigma":0.11357328050685689,"Taucorr":0.1989570798234097},"EnergyVariance":{"Mean":1.1349505723204996,"Sigma":0.37330428370177016,"Taucorr":0.18394199019309465},"Iteration":77},
{"Acceptance":[0.0014191106906338694],"Energy":{"Mean":-1648.6451612903227,"Sigma":0.1274091461814877,"Taucorr":0.27184231697501027},"EnergyVariance":{"Mean":1.2934443288241415,"Sigma":0.4192171906617128,"Taucorr":0.2718423169750608},"Iteration":78},
{"Acceptance":[0.0004730368968779565],"Energy":{"Mean":-1648.9435483870966,"Sigma":0.03967217379434706,"Taucorr":-0.012192723697235064},"EnergyVariance":{"Mean":0.1984261186264308,"Sigma":0.14148396651478148,"Taucorr":-0.010789284762488527},"Iteration":79},
{"Acceptance":[0.0001892147587511826],"Energy":{"Mean":-1649.0,"Sigma":0.0,"Taucorr":null},"EnergyVariance":{"Mean":0.0,"Sigma":0.0,"Taucorr":null},"Iteration":80},
{"Acceptance":[0.0005676442762535478],"Energy":{"Mean":-1648.8951612903224,"Sigma":0.0784375252631422,"Taucorr":-0.009410574247459669},"EnergyVariance":{"Mean":0.7712669094693029,"Sigma":0.6456022989415158,"Taucorr":-0.0046729230225183715},"Iteration":81},
{"Acceptance":[0.0003784295175023652],"Energy":{"Mean":-1648.967741935484,"Sigma":0.032258064516132876,"Taucorr":1.0236256287043943e-13},"EnergyVariance":{"Mean":0.12799167533818942,"Sigma":0.12695109261186455,"Taucorr":0.0},"Iteration":82},
{"Acceptance":[9.46073793755913e-05],"Energy":{"Mean":-1648.991935483871,"Sigma":0.008064516129031082,"Taucorr":-1.2567724638756772e-13},"EnergyVariance":{"Mean":0.007999479708636839,"Sigma":0.007934443288241534,"Taucorr":0.0},"Iteration":83},
{"Acceptance":[0.0002838221381267739],"Energy":{"Mean":-1648.9677419354837,"Sigma":0.02524592877821937,"Taucorr":-0.007598039215816699},"EnergyVariance":{"Mean":0.07960457856399585,"Sigma":0.07116884104734124,"Taucorr":-0.002651924281302953},"Iteration":84},
{"Acceptance":[0.0003784295175023652],"Energy":{"Mean":-1648.9838709677417,"Sigma":0.01612903225807098,"Taucorr":0.5081967213119063},"EnergyVariance":{"Mean":0.01586888657648283,"Sigma":0.015608740894894281,"Taucorr":0.5081967213114753},"Iteration":85},
{"Acceptance":[0.00023651844843897824],"Energy":{"Mean":-1648.975806451613,"Sigma":0.02419354838710081,"Taucorr":1.389999226830696e-13},"EnergyVariance":{"Mean":0.07199531737773152,"Sigma":0.0714099895941738,"Taucorr":0.0},"Iteration":86},
{"Acceptance":[4.730368968779565e-05],"Energy":{"Mean":-1649.0,"Sigma":0.0,"Taucorr":null},"EnergyVariance":{"Mean":0.0,"Sigma":0.0,"Taucorr":null},"Iteration":87},
{"Acceptance":[9.46073793755913e-05],"Energy":{"Mean":-1649.032258064516,"Sigma":0.032258064516127415,"Taucorr":-4.085620730620576e-14},"EnergyVariance":{"Mean":0.12799167533818942,"Sigma":0.12695109261186455,"Taucorr":0.0},"Iteration":88},
{"Acceptance":[0.0001892147587511826],"Energy":{"Mean":-1649.0,"Sigma":0.0,"Taucorr":null},"EnergyVariance":{"Mean":0.0,"Sigma":0.0,"Taucorr":null},"Iteration":89},
{"Acceptance":[0.0],"Energy":{"Mean":-1649.0,"Sigma":0.0,"Taucorr":null},"EnergyVariance":{"Mean":0.0,"Sigma":0.0,"Taucorr":null},"Iteration":90},
{"Acceptance":[0.0],"Energy":{"Mean":-1649.0,"Sigma":0.0,"Taucorr":null},"EnergyVariance":{"Mean":0.0,"Sigma":0.0,"Taucorr":null},"Iteration":91},
{"Acceptance":[0.0001892147587511826],"Energy":{"Mean":-1649.008064516129,"Sigma":0.040962661610321624,"Taucorr":0.012003872216800993},"EnergyVariance":{"Mean":0.201547866805411,"Sigma":0.14565334617484918,"Taucorr":-0.010897787354364918},"Iteration":92},
{"Acceptance":[0.0002838221381267739],"Energy":{"Mean":-1648.9838709677417,"Sigma":0.016129032258071253,"Taucorr":0.5081967213118288},"EnergyVariance":{"Mean":0.01586888657648283,"Sigma":0.015608740894894283,"Taucorr":0.5081967213114755},"Iteration":93},
{"Acceptance":[0.0002838221381267739],"Energy":{"Mean":-1648.9838709677417,"Sigma":0.01121325463151091,"Taucorr":-0.012704918032948098},"EnergyVariance":{"Mean":0.01586888657648283,"Sigma":0.010851536740169115,"Taucorr":-0.012704918032786894},"Iteration":94},
{"Acceptance":[0.0005676442762535478],"Energy":{"Mean":-1648.967741935484,"Sigma":0.019197388248769973,"Taucorr":0.22604166666665604},"EnergyVariance":{"Mean":0.031217481789802284,"Sigma":0.017958847071432155,"Taucorr":0.22604166666666625},"Iteration":95},
{"Acceptance":[0.0001892147587511826],"Energy":{"Mean":-1649.0,"Sigma":0.0,"Taucorr":null},"EnergyVariance":{"Mean":0.0,"Sigma":0.0,"Taucorr":null},"Iteration":96},
{"Acceptance":[0.0003784295175023652],"Energy":{"Mean":-1648.9274193548385,"Sigma":0.0533722326057239,"Taucorr":0.3245179063361131},"EnergyVariance":{"Mean":0.21247398543184184,"Sigma":0.15236911566470965,"Taucorr":0.324517906336088},"Iteration":97},
{"Acceptance":[0.0001892147587511826],"Energy":{"Mean":-1649.032258064516,"Sigma":0.03225806451613004,"Taucorr":3.885780586188048e-14},"EnergyVariance":{"Mean":0.12799167533818942,"Sigma":0.12695109261186455,"Taucorr":0.0},"Iteration":98},
{"Acceptance":[9.46073793755913e-05],"Energy":{"Mean":-1649.0,"Sigma":0.0,"Taucorr":null},"EnergyVariance":{"Mean":0.0,"Sigma":0.0,"Taucorr":null},"Iteration":99} 
]}