{"Output": [
{"Acceptance":[0.9154631083202511],"Energy":{"Mean":-512.3467741935484,"Sigma":1.49446458115336,"Taucorr":-0.007459495033852015},"EnergyVariance":{"Mean":278.8716831425598,"Sigma":44.671888063455576,"Taucorr":0.007652048804381306},"Iteration":0},
{"Acceptance":[0.9043171114599686],"Energy":{"Mean":-512.5887096774195,"Sigma":1.336046385610264,"Taucorr":0.002753358449787968},"EnergyVariance":{"Mean":218.3550338189386,"Sigma":30.12327973791457,"Taucorr":-0.058624445001487446},"Iteration":1},
{"Acceptance":[0.8874411302982732],"Energy":{"Mean":-512.1935483870968,"Sigma":1.3243840969342204,"Taucorr":0.10411625741933583},"EnergyVariance":{"Mean":178.55931321540058,"Sigma":35.79385207039909,"Taucorr":0.11864909496308329},"Iteration":2},
{"Acceptance":[0.8711145996860282],"Energy":{"Mean":-514.8870967741938,"Sigma":1.4467631051708238,"Taucorr":0.19708565600386518},"EnergyVariance":{"Mean":184.6646722164412,"Sigma":23.498547445582773,"Taucorr":-0.01571368849873822},"Iteration":3},
{"Acceptance":[0.8623233908948195],"Energy":{"Mean":-515.0483870967743,"Sigma":1.1784021527962636,"Taucorr":-0.15206315374448964},"EnergyVariance":{"Mean":245.44927159209158,"Sigma":36.82285511088755,"Taucorr":0.14314895642956038},"Iteration":4},
{"Acceptance":[0.8447409733124018],"Energy":{"Mean":-516.2177419354839,"Sigma":1.407866815371077,"Taucorr":0.05532324140021272},"EnergyVariance":{"Mean":219.50904006243496,"Sigma":28.974146618916098,"Taucorr":-0.10104546973295375},"Iteration":5},
{"Acceptance":[0.8253532182103611],"Energy":{"Mean":-517.2822580645161,"Sigma":1.2253890064526158,"Taucorr":-0.14330460283356028},"EnergyVariance":{"Mean":258.89613683662856,"Sigma":33.55501299492655,"Taucorr":0.027320508120612375},"Iteration":6},
{"Acceptance":[0.8078492935635793],"Energy":{"Mean":-515.9032258064516,"Sigma":1.655135272845894,"Taucorr":0.2126013674845001},"EnergyVariance":{"Mean":236.4261186264308,"Sigma":27.70666459894604,"Taucorr":-0.020949928453797728},"Iteration":7},
{"Acceptance":[0.7631083202511774],"Energy":{"Mean":-521.2983870967741,"Sigma":1.7279104850852567,"Taucorr":0.17395163432923255},"EnergyVariance":{"Mean":272.4512877211239,"Sigma":30.12702795036837,"Taucorr":-0.08292742443596196},"Iteration":8},
{"Acceptance":[0.6868131868131868],"Energy":{"Mean":-527.6048387096774,"Sigma":2.0921568266516037,"Taucorr":0.4044176537463744},"EnergyVariance":{"Mean":297.64223465140486,"Sigma":38.28990238381634,"Taucorr":0.069013610275654},"Iteration":9},
{"Acceptance":[0.5423076923076923],"Energy":{"Mean":-538.2258064516129,"Sigma":2.0935241561299653,"Taucorr":0.44669090505410747},"EnergyVariance":{"Mean":284.723204994797,"Sigma":38.91109292326426,"Taucorr":0.014141956632142905},"Iteration":10},
{"Acceptance":[0.44992150706436423],"Energy":{"Mean":-546.7258064516128,"Sigma":1.7832989710804765,"Taucorr":0.31478671406354286},"EnergyVariance":{"Mean":240.03772112382936,"Sigma":30.434622959823532,"Taucorr":-0.01965599163188636},"Iteration":11},
{"Acceptance":[0.3062794348508634],"Energy":{"Mean":-562.0080645161294,"Sigma":1.57720164735535,"Taucorr":0.5616251345478258},"EnergyVariance":{"Mean":144.10477367325703,"Sigma":17.902037275716626,"Taucorr":0.04652112857202595},"Iteration":12},
{"Acceptance":[0.24215070643642073],"Energy":{"Mean":-569.983870967742,"Sigma":0.9452722970520488,"Taucorr":0.07688388758257902},"EnergyVariance":{"Mean":95.25780437044746,"Sigma":11.928903030662516,"Taucorr":0.16443729618884229},"Iteration":13},
{"Acceptance":[0.2010989010989011],"Energy":{"Mean":-573.1209677419353,"Sigma":1.3589048685985299,"Taucorr":0.3748326069824838},"EnergyVariance":{"Mean":129.81601196670135,"Sigma":18.581753263385412,"Taucorr":-0.026966973894624158},"Iteration":14},
{"Acceptance":[0.15502354788069073],"Energy":{"Mean":-578.5483870967741,"Sigma":0.8261859637019404,"Taucorr":0.20833929590448008},"EnergyVariance":{"Mean":59.26378772112383,"Sigma":6.750235906613307,"Taucorr":-0.08277261480025283},"Iteration":15},
{"Acceptance":[0.14175824175824175],"Energy":{"Mean":-584.8467741935481,"Sigma":0.9882153336253183,"Taucorr":0.29530636517167386},"EnergyVariance":{"Mean":75.51684443288242,"Sigma":10.530724523467624,"Taucorr":0.09844351441806098},"Iteration":16},
{"Acceptance":[0.12660910518053375],"Energy":{"Mean":-588.0887096774195,"Sigma":0.6201747485151297,"Taucorr":-0.020582625373201602},"EnergyVariance":{"Mean":49.338904786680544,"Sigma":5.966205751400158,"Taucorr":0.08494770797211848},"Iteration":17},
{"Acceptance":[0.11420722135007849],"Energy":{"Mean":-590.6532258064516,"Sigma":0.5515956106199708,"Taucorr":-0.007173824046812771},"EnergyVariance":{"Mean":37.9684573361082,"Sigma":6.892709713067992,"Taucorr":0.38155046310321517},"Iteration":18},
{"Acceptance":[0.10675039246467818],"Energy":{"Mean":-594.4112903225807,"Sigma":0.4595972388098168,"Taucorr":-0.12608448225835395},"EnergyVariance":{"Mean":34.74213059313215,"Sigma":4.87852104629003,"Taucorr":0.017995527330530225},"Iteration":19},
{"Acceptance":[0.1],"Energy":{"Mean":-596.7258064516129,"Sigma":0.622425324655738,"Taucorr":0.3013757032733312},"EnergyVariance":{"Mean":29.73126951092612,"Sigma":4.291065554129985,"Taucorr":0.024507678794122967},"Iteration":20},
{"Acceptance":[0.08563579277864992],"Energy":{"Mean":-599.790322580645,"Sigma":0.40875775192306185,"Taucorr":0.15256984255480266},"EnergyVariance":{"Mean":15.746357960457855,"Sigma":2.897390640265679,"Taucorr":0.10881807033340885},"Iteration":21},
{"Acceptance":[0.07786499215070644],"Energy":{"Mean":-600.3225806451613,"Sigma":0.4861237878861723,"Taucorr":0.3651294598612421},"EnergyVariance":{"Mean":16.799167533818935,"Sigma":2.534067816890958,"Taucorr":0.07708551535903208},"Iteration":22},
{"Acceptance":[0.06153846153846154],"Energy":{"Mean":-603.0645161290322,"Sigma":0.2832624220091863,"Taucorr":0.04367010604757249},"EnergyVariance":{"Mean":9.076482830385013,"Sigma":1.6059128557484954,"Taucorr":0.23217763370205757},"Iteration":23},
{"Acceptance":[0.051334379905808476],"Energy":{"Mean":-603.2016129032257,"Sigma":0.27174747004953054,"Taucorr":0.012910310179434004},"EnergyVariance":{"Mean":8.854513527575438,"Sigma":1.471918467510027,"Taucorr":0.2597328383402193},"Iteration":24},
{"Acceptance":[0.04113029827315542],"Energy":{"Mean":-604.1774193548387,"Sigma":0.2873201981911254,"Taucorr":0.13713231693382089},"EnergyVariance":{"Mean":7.968522372528615,"Sigma":1.2902777816621789,"Taucorr":-0.041822873349713574},"Iteration":25},
{"Acceptance":[0.04254317111459969],"Energy":{"Mean":-605.2580645161291,"Sigma":0.18458172380948742,"Taucorr":-0.015025891136797087},"EnergyVariance":{"Mean":4.320499479708637,"Sigma":0.6858729457296343,"Taucorr":-0.0503749829150239},"Iteration":26},
{"Acceptance":[0.03751962323390895],"Energy":{"Mean":-605.5564516129032,"Sigma":0.195620627134935,"Taucorr":0.06271634503241497},"EnergyVariance":{"Mean":4.182297086368367,"Sigma":0.8182184134492393,"Taucorr":0.16446771585782993},"Iteration":27},
{"Acceptance":[0.03108320251177394],"Energy":{"Mean":-606.6612903225805,"Sigma":0.21860640820102975,"Taucorr":0.20658265057226366},"EnergyVariance":{"Mean":4.159469302809574,"Sigma":0.8871048811401702,"Taucorr":0.16952500396840098},"Iteration":28},
{"Acceptance":[0.03241758241758242],"Energy":{"Mean":-607.5403225806451,"Sigma":0.2109555749344119,"Taucorr":0.2429408753067599},"EnergyVariance":{"Mean":3.683857960457856,"Sigma":0.5613641944630807,"Taucorr":-0.014464833846511704},"Iteration":29},
{"Acceptance":[0.025824175824175823],"Energy":{"Mean":-607.6370967741934,"Sigma":0.24092081130992776,"Taucorr":0.30090324086909725},"EnergyVariance":{"Mean":4.457010926118626,"Sigma":0.6556373213308407,"Taucorr":0.0952969382624731},"Iteration":30},
{"Acceptance":[0.023312401883830457],"Energy":{"Mean":-608.1370967741935,"Sigma":0.19079583951437906,"Taucorr":0.12430584522750954},"EnergyVariance":{"Mean":3.5860431841831435,"Sigma":0.5754483906078619,"Taucorr":0.14474574390850403},"Iteration":31},
{"Acceptance":[0.018524332810047096],"Energy":{"Mean":-608.709677419355,"Sigma":0.18444073202025196,"Taucorr":0.1183415346763188},"EnergyVariance":{"Mean":3.383454734651405,"Sigma":0.801229480919691,"Taucorr":0.2532217024012009},"Iteration":32},
{"Acceptance":[0.013186813186813187],"Energy":{"Mean":-609.3951612903226,"Sigma":0.15282914134639305,"Taucorr":0.31096750504865145},"EnergyVariance":{"Mean":1.7712669094693025,"Sigma":0.39038000907590376,"Taucorr":0.4153714227459382},"Iteration":33},
{"Acceptance":[0.012244897959183673],"Energy":{"Mean":-609.7177419354839,"Sigma":0.1284428743591449,"Taucorr":0.2712710733178605},"EnergyVariance":{"Mean":1.3154916753381896,"Sigma":0.29671294878039295,"Taucorr":0.16900181602888864},"Iteration":34},
{"Acceptance":[0.011695447409733124],"Energy":{"Mean":-609.733870967742,"Sigma":0.11236430518376692,"Taucorr":0.09354710415111323},"EnergyVariance":{"Mean":1.308207596253902,"Sigma":0.6489037886667354,"Taucorr":0.005426931076043862},"Iteration":35},
{"Acceptance":[0.011459968602825745],"Energy":{"Mean":-610.0564516129033,"Sigma":0.1670867062188839,"Taucorr":0.7334672709433412},"EnergyVariance":{"Mean":1.391974505723205,"Sigma":0.9575885476178119,"Taucorr":0.5478960326881317},"Iteration":36},
{"Acceptance":[0.012009419152276294],"Energy":{"Mean":-609.9999999999999,"Sigma":0.04637388957601811,"Taucorr":-0.08999999999998343},"EnergyVariance":{"Mean":0.32258064516129037,"Sigma":0.1758976778208892,"Taucorr":0.1958143074581764},"Iteration":37},
{"Acceptance":[0.01216640502354788],"Energy":{"Mean":-609.7903225806451,"Sigma":0.1498640845673799,"Taucorr":0.33732849708247903},"EnergyVariance":{"Mean":1.6495837669094693,"Sigma":0.8089869403820906,"Taucorr":0.2975620988070433},"Iteration":38},
{"Acceptance":[0.012637362637362638],"Energy":{"Mean":-610.0806451612902,"Sigma":0.040803582711853296,"Taucorr":0.1615126050420902},"EnergyVariance":{"Mean":0.15478668054110306,"Sigma":0.07502594240566578,"Taucorr":0.1615126050420168},"Iteration":39},
{"Acceptance":[0.013893249607535322],"Energy":{"Mean":-610.0725806451613,"Sigma":0.04211088215788233,"Taucorr":-0.16482110733561456},"EnergyVariance":{"Mean":0.3253772112382935,"Sigma":0.12240513188967915,"Taucorr":0.09803174849835694},"Iteration":40},
{"Acceptance":[0.013814756671899528],"Energy":{"Mean":-610.0725806451615,"Sigma":0.1244307189381693,"Taucorr":0.04575986878889726},"EnergyVariance":{"Mean":1.7447320499479713,"Sigma":1.2044605202364165,"Taucorr":0.018463869153747647},"Iteration":41},
{"Acceptance":[0.014756671899529042],"Energy":{"Mean":-610.3951612903226,"Sigma":0.08179290787109396,"Taucorr":0.044854017741811414},"EnergyVariance":{"Mean":0.7551378772112383,"Sigma":0.11511446409989706,"Taucorr":-0.07359973868029562},"Iteration":42},
{"Acceptance":[0.016483516483516484],"Energy":{"Mean":-610.2580645161289,"Sigma":0.16859789878334142,"Taucorr":0.7060122038765},"EnergyVariance":{"Mean":1.4495317377731534,"Sigma":0.607915042909549,"Taucorr":1.048037982292093},"Iteration":43},
{"Acceptance":[0.01695447409733124],"Energy":{"Mean":-610.5322580645162,"Sigma":0.12472654793020058,"Taucorr":0.27604979953575703},"EnergyVariance":{"Mean":1.2328303850156088,"Sigma":0.32043925201367757,"Taucorr":0.39026856962400924},"Iteration":44},
{"Acceptance":[0.018759811616954475],"Energy":{"Mean":-610.951612903226,"Sigma":0.10461100167701892,"Taucorr":0.1746023468057235},"EnergyVariance":{"Mean":0.9976586888657648,"Sigma":0.010123645323549636,"Taucorr":0.17460234680573694},"Iteration":45},
{"Acceptance":[0.019230769230769232],"Energy":{"Mean":-611.241935483871,"Sigma":0.08635687314091114,"Taucorr":-0.012848853274360139},"EnergyVariance":{"Mean":0.9414672216441208,"Sigma":0.04178558377786029,"Taucorr":-0.012848853274385341},"Iteration":46},
{"Acceptance":[0.0141287284144427],"Energy":{"Mean":-611.4516129032259,"Sigma":0.10200895677962497,"Taucorr":0.30392156862744923},"EnergyVariance":{"Mean":0.7960457856399583,"Sigma":0.09213712225257362,"Taucorr":0.30392156862745123},"Iteration":47},
{"Acceptance":[0.00902668759811617],"Energy":{"Mean":-611.7741935483871,"Sigma":0.05602759341983948,"Taucorr":-0.08495525727070846},"EnergyVariance":{"Mean":0.46514047866805414,"Sigma":0.12978532218662725,"Taucorr":-0.06495795522135522},"Iteration":48},
{"Acceptance":[0.0062009419152276295],"Energy":{"Mean":-611.9516129032259,"Sigma":0.03558148840381607,"Taucorr":0.3245179063361022},"EnergyVariance":{"Mean":0.09443288241415192,"Sigma":0.06771960696210397,"Taucorr":0.324517906336088},"Iteration":49},
{"Acceptance":[0.007927786499215071],"Energy":{"Mean":-611.9032258064516,"Sigma":0.053978066228002865,"Taucorr":0.2704697986576854},"EnergyVariance":{"Mean":0.23257023933402698,"Sigma":0.14151408602927665,"Taucorr":0.37392193279630614},"Iteration":50},
{"Acceptance":[0.007456828885400314],"Energy":{"Mean":-611.8629032258063,"Sigma":0.06940483319352347,"Taucorr":0.2871263176084251},"EnergyVariance":{"Mean":0.37636576482830386,"Sigma":0.24224380480330238,"Taucorr":0.4390816360182611},"Iteration":51},
{"Acceptance":[0.005886970172684459],"Energy":{"Mean":-611.9516129032259,"Sigma":0.048387096774193825,"Taucorr":4.218847493575595e-15},"EnergyVariance":{"Mean":0.28798126951092606,"Sigma":0.2856399583766952,"Taucorr":0.0},"Iteration":52},
{"Acceptance":[0.0062009419152276295],"Energy":{"Mean":-611.9354838709677,"Sigma":0.044853018526053556,"Taucorr":0.49083333333338097},"EnergyVariance":{"Mean":0.12486992715920912,"Sigma":0.08391855079067312,"Taucorr":0.4908333333333331},"Iteration":53},
{"Acceptance":[0.006436420722135008],"Energy":{"Mean":-611.9677419354838,"Sigma":0.032258064516129725,"Taucorr":0.5081967213114793},"EnergyVariance":{"Mean":0.06347554630593132,"Sigma":0.06243496357959914,"Taucorr":0.5081967213114753},"Iteration":54},
{"Acceptance":[0.005180533751962323],"Energy":{"Mean":-612.0161290322582,"Sigma":0.05429841364710906,"Taucorr":0.6260096930533172},"EnergyVariance":{"Mean":0.1610301768990635,"Sigma":0.103569612244358,"Taucorr":0.572108974621143},"Iteration":55},
{"Acceptance":[0.005808477237048666],"Energy":{"Mean":-611.7903225806454,"Sigma":0.10310813185181891,"Taucorr":0.15094535094537254},"EnergyVariance":{"Mean":1.0044224765868888,"Sigma":0.5121512728161084,"Taucorr":0.12566697387936365},"Iteration":56},
{"Acceptance":[0.005180533751962323],"Energy":{"Mean":-611.9032258064517,"Sigma":0.08171335566435746,"Taucorr":0.4636752136751978},"EnergyVariance":{"Mean":0.42611862643080123,"Sigma":0.38774089141829815,"Taucorr":0.4999132434724822},"Iteration":57},
{"Acceptance":[0.004709576138147566],"Energy":{"Mean":-611.9758064516129,"Sigma":0.017790744201908053,"Taucorr":-0.010147299508980967},"EnergyVariance":{"Mean":0.03973725286160251,"Sigma":0.032150136799683995,"Taucorr":-0.005821639123296307},"Iteration":58},
{"Acceptance":[0.005494505494505495],"Energy":{"Mean":-611.9677419354838,"Sigma":0.03225806451612994,"Taucorr":1.7763568394002505e-14},"EnergyVariance":{"Mean":0.12799167533818934,"Sigma":0.12695109261185716,"Taucorr":-2.220446049250313e-16},"Iteration":59},
{"Acceptance":[0.005886970172684459],"Energy":{"Mean":-611.9758064516128,"Sigma":0.024193548387098383,"Taucorr":5.795364188543317e-14},"EnergyVariance":{"Mean":0.07199531737773154,"Sigma":0.07140998959416829,"Taucorr":-2.220446049250313e-16},"Iteration":60},
{"Acceptance":[0.005023547880690738],"Energy":{"Mean":-611.9193548387095,"Sigma":0.057252384997734836,"Taucorr":0.07871545929792856},"EnergyVariance":{"Mean":0.34833506763787725,"Sigma":0.28673586983621757,"Taucorr":0.005712133074360248},"Iteration":61},
{"Acceptance":[0.0047880690737833595],"Energy":{"Mean":-611.9274193548388,"Sigma":0.050791515128199856,"Taucorr":0.10820244328093498},"EnergyVariance":{"Mean":0.26086108220603543,"Sigma":0.2027831694361803,"Taucorr":0.015212510845688865},"Iteration":62},
{"Acceptance":[0.003924646781789639],"Energy":{"Mean":-611.983870967742,"Sigma":0.0161290322580653,"Taucorr":3.574918139293004e-14},"EnergyVariance":{"Mean":0.031997918834547355,"Sigma":0.03173777315296614,"Taucorr":0.0},"Iteration":63},
{"Acceptance":[0.004945054945054945],"Energy":{"Mean":-611.9596774193546,"Sigma":0.023465755744939455,"Taucorr":-0.022731439046798585},"EnergyVariance":{"Mean":0.07095473465140478,"Sigma":0.04332654540725917,"Taucorr":-0.018332376969072195},"Iteration":64},
{"Acceptance":[0.004631083202511774],"Energy":{"Mean":-611.983870967742,"Sigma":0.019863390539689548,"Taucorr":0.004189189189186648},"EnergyVariance":{"Mean":0.048126951092611885,"Sigma":0.03315172016066535,"Taucorr":-0.012887838871287138},"Iteration":65},
{"Acceptance":[0.0037676609105180532],"Energy":{"Mean":-612.0,"Sigma":0.0,"Taucorr":null},"EnergyVariance":{"Mean":0.0,"Sigma":0.0,"Taucorr":null},"Iteration":66},
{"Acceptance":[0.005180533751962323],"Energy":{"Mean":-611.983870967742,"Sigma":0.016129032258066438,"Taucorr":1.0236256287043943e-13},"EnergyVariance":{"Mean":0.031997918834547355,"Sigma":0.03173777315296613,"Taucorr":-2.220446049250313e-16},"Iteration":67},
{"Acceptance":[0.004081632653061225],"Energy":{"Mean":-611.9596774193546,"Sigma":0.040322580645161865,"Taucorr":0.46880907372401004},"EnergyVariance":{"Mean":0.10321279916753381,"Sigma":0.1015868886576329,"Taucorr":0.3728901043814171},"Iteration":68},
{"Acceptance":[0.0057299843014128726],"Energy":{"Mean":-611.9677419354839,"Sigma":0.03225806451612965,"Taucorr":1.5765166949677223e-14},"EnergyVariance":{"Mean":0.1279916753381894,"Sigma":0.12695109261186452,"Taucorr":-2.220446049250313e-16},"Iteration":69},
{"Acceptance":[0.004945054945054945],"Energy":{"Mean":-612.0,"Sigma":0.0,"Taucorr":null},"EnergyVariance":{"Mean":0.0,"Sigma":0.0,"Taucorr":null},"Iteration":70},
{"Acceptance":[0.004866562009419153],"Energy":{"Mean":-611.9596774193546,"Sigma":0.04032258064516115,"Taucorr":0.46880907372399494},"EnergyVariance":{"Mean":0.10321279916753381,"Sigma":0.10158688865763289,"Taucorr":0.3728901043814168},"Iteration":71},
{"Acceptance":[0.004395604395604396],"Energy":{"Mean":-611.9596774193549,"Sigma":0.028626192498870367,"Taucorr":0.8023529411765582},"EnergyVariance":{"Mean":0.03869667013527576,"Sigma":0.02631762858767209,"Taucorr":0.8023529411764712},"Iteration":72},
{"Acceptance":[0.0032967032967032967],"Energy":{"Mean":-611.9919354838709,"Sigma":0.008064516129034869,"Taucorr":2.3092638912203256e-13},"EnergyVariance":{"Mean":0.007999479708636839,"Sigma":0.007934443288239699,"Taucorr":-2.220446049250313e-16},"Iteration":73},
{"Acceptance":[0.00423861852433281],"Energy":{"Mean":-611.5645161290322,"Sigma":0.20963605878251457,"Taucorr":1.0200292611558077},"EnergyVariance":{"Mean":1.778095733610822,"Sigma":0.8735646434785077,"Taucorr":1.0348018985099616},"Iteration":74},
{"Acceptance":[0.005023547880690738],"Energy":{"Mean":-612.0322580645162,"Sigma":0.03225806451613056,"Taucorr":0.5081967213115355},"EnergyVariance":{"Mean":0.06347554630593132,"Sigma":0.06243496357959914,"Taucorr":0.5081967213114753},"Iteration":75},
{"Acceptance":[0.004866562009419153],"Energy":{"Mean":-611.9596774193545,"Sigma":0.040322580645163794,"Taucorr":4.374278717023117e-14},"EnergyVariance":{"Mean":0.19998699271592088,"Sigma":0.1983610822060108,"Taucorr":-3.3306690738754696e-16},"Iteration":76},
{"Acceptance":[0.005180533751962323],"Energy":{"Mean":-611.8709677419356,"Sigma":0.08665759444498397,"Taucorr":0.34297245963912293},"EnergyVariance":{"Mean":0.5478668054110302,"Sigma":0.39696417108128473,"Taucorr":0.40662440342480777},"Iteration":77},
{"Acceptance":[0.005180533751962323],"Energy":{"Mean":-612.0,"Sigma":0.0,"Taucorr":null},"EnergyVariance":{"Mean":0.0,"Sigma":0.0,"Taucorr":null},"Iteration":78},
{"Acceptance":[0.005023547880690738],"Energy":{"Mean":-611.9032258064515,"Sigma":0.06627311866337889,"Taucorr":0.05054347826082106},"EnergyVariance":{"Mean":0.4906347554630593,"Sigma":0.273329980797886,"Taucorr":-0.013767999992210178},"Iteration":79},
{"Acceptance":[0.004866562009419153],"Energy":{"Mean":-611.9677419354839,"Sigma":0.03225806451612902,"Taucorr":0.5081967213114655},"EnergyVariance":{"Mean":0.06347554630593132,"Sigma":0.06243496357960647,"Taucorr":0.5081967213114753},"Iteration":80},
{"Acceptance":[0.006279434850863423],"Energy":{"Mean":-612.0322580645161,"Sigma":0.0322580645161295,"Taucorr":0.5081967213115055},"EnergyVariance":{"Mean":0.06347554630593132,"Sigma":0.06243496357960647,"Taucorr":0.5081967213114753},"Iteration":81},
{"Acceptance":[0.00565149136577708],"Energy":{"Mean":-612.0080645161291,"Sigma":0.008064516129035963,"Taucorr":3.5704772471945034e-13},"EnergyVariance":{"Mean":0.007999479708636839,"Sigma":0.007934443288239699,"Taucorr":-2.220446049250313e-16},"Iteration":82},
{"Acceptance":[0.005494505494505495],"Energy":{"Mean":-611.9516129032259,"Sigma":0.035581488403816836,"Taucorr":0.3245179063361342},"EnergyVariance":{"Mean":0.0944328824141519,"Sigma":0.06771960696210397,"Taucorr":0.3245179063360877},"Iteration":83},
{"Acceptance":[0.0043171114599686025],"Energy":{"Mean":-611.983870967742,"Sigma":0.016129032258063707,"Taucorr":-4.085620730620576e-14},"EnergyVariance":{"Mean":0.031997918834547355,"Sigma":0.03173777315296614,"Taucorr":0.0},"Iteration":84},
{"Acceptance":[0.0052590266875981164],"Energy":{"Mean":-611.9193548387096,"Sigma":0.05361538754385343,"Taucorr":0.3061387900355832},"EnergyVariance":{"Mean":0.21930280957336115,"Sigma":0.1513525697455714,"Taucorr":0.32146153922647147},"Iteration":85},
{"Acceptance":[0.004552590266875981],"Energy":{"Mean":-612.0,"Sigma":0.0,"Taucorr":null},"EnergyVariance":{"Mean":0.0,"Sigma":0.0,"Taucorr":null},"Iteration":86},
{"Acceptance":[0.003453689167974882],"Energy":{"Mean":-612.0,"Sigma":0.0,"Taucorr":null},"EnergyVariance":{"Mean":0.0,"Sigma":0.0,"Taucorr":null},"Iteration":87},
{"Acceptance":[0.00423861852433281],"Energy":{"Mean":-611.9677419354839,"Sigma":0.03225806451612894,"Taucorr":-7.105427357601002e-15},"EnergyVariance":{"Mean":0.1279916753381894,"Sigma":0.12695109261186455,"Taucorr":0.0},"Iteration":88},
{"Acceptance":[0.004395604395604396],"Energy":{"Mean":-611.9919354838709,"Sigma":0.03753827968755217,"Taucorr":0.011909335382283004},"EnergyVariance":{"Mean":0.16928980228928198,"Sigma":0.13142808116149352,"Taucorr":-0.00789615376226388},"Iteration":89},
{"Acceptance":[0.004631083202511774],"Energy":{"Mean":-612.0,"Sigma":0.0,"Taucorr":null},"EnergyVariance":{"Mean":0.0,"Sigma":0.0,"Taucorr":null},"Iteration":90},
{"Acceptance":[0.0043171114599686025],"Energy":{"Mean":-612.0,"Sigma":0.0,"Taucorr":null},"EnergyVariance":{"Mean":0.0,"Sigma":0.0,"Taucorr":null},"Iteration":91},
{"Acceptance":[0.004081632653061225],"Energy":{"Mean":-612.0,"Sigma":0.0,"Taucorr":null},"EnergyVariance":{"Mean":0.0,"Sigma":0.0,"Taucorr":null},"Iteration":92},
{"Acceptance":[0.004866562009419153],"Energy":{"Mean":-611.9354838709677,"Sigma":0.06451612903225697,"Taucorr":0.5081967213114575},"EnergyVariance":{"Mean":0.2539021852237253,"Sigma":0.24973985431841123,"Taucorr":0.5081967213114753},"Iteration":93},
{"Acceptance":[0.0043171114599686025],"Energy":{"Mean":-611.983870967742,"Sigma":0.016129032258065012,"Taucorr":1.0880185641326534e-14},"EnergyVariance":{"Mean":0.031997918834547355,"Sigma":0.03173777315296613,"Taucorr":0.0},"Iteration":94},
{"Acceptance":[0.004866562009419153],"Energy":{"Mean":-612.0,"Sigma":0.0,"Taucorr":null},"EnergyVariance":{"Mean":0.0,"Sigma":0.0,"Taucorr":null},"Iteration":95},
{"Acceptance":[0.004631083202511774],"Energy":{"Mean":-611.8306451612904,"Sigma":0.09931695269844769,"Taucorr":0.40146902483812075},"EnergyVariance":{"Mean":0.6729318418314256,"Sigma":0.4187667518267789,"Taucorr":0.33001403726570977},"Iteration":96},
{"Acceptance":[0.005494505494505495],"Energy":{"Mean":-611.9596774193546,"Sigma":0.04032258064516145,"Taucorr":2.6645352591003757e-15},"EnergyVariance":{"Mean":0.1999869927159209,"Sigma":0.19836108220602,"Taucorr":2.220446049250313e-16},"Iteration":97},
{"Acceptance":[0.004160125588697017],"Energy":{"Mean":-611.983870967742,"Sigma":0.016129032258065248,"Taucorr":5.5067062021407764e-14},"EnergyVariance":{"Mean":0.03199791883454735,"Sigma":0.03173777315296614,"Taucorr":0.0},"Iteration":98},
{"Acceptance":[0.003532182103610675],"Energy":{"Mean":-612.0,"Sigma":0.0,"Taucorr":null},"EnergyVariance":{"Mean":0.0,"Sigma":0.0,"Taucorr":null},"Iteration":99} 
]}