{"Output": [
{"Acceptance":[0.9348739495798319],"Energy":{"Mean":-0.45622907950828934,"Sigma":0.21682191991371605,"Taucorr":0.0010506559948133543},"EnergyVariance":{"Mean":5.770319388159285,"Sigma":0.47612560686254846,"Taucorr":-0.17742618345970362},"Iteration":0},
{"Acceptance":[0.911344537815126],"Energy":{"Mean":-0.46237736075912733,"Sigma":0.2132999873283446,"Taucorr":0.060002077775538454},"EnergyVariance":{"Mean":4.996514323058013,"Sigma":0.6006145405032576,"Taucorr":0.03644035708016069},"Iteration":1},
{"Acceptance":[0.8890756302521008],"Energy":{"Mean":-1.0733700875420418,"Sigma":0.26547593716284895,"Taucorr":0.1085813235077171},"EnergyVariance":{"Mean":7.122079556411744,"Sigma":0.8410756613034248,"Taucorr":-0.03833289747535046},"Iteration":2},
{"Acceptance":[0.853781512605042],"Energy":{"Mean":-1.2169422090365725,"Sigma":0.21790212272429488,"Taucorr":-0.02116581935234374},"EnergyVariance":{"Mean":6.098357690228402,"Sigma":0.8061731513794885,"Taucorr":0.033212160566781335},"Iteration":3},
{"Acceptance":[0.8147058823529412],"Energy":{"Mean":-1.42557340347027,"Sigma":0.21460209900992744,"Taucorr":0.09708488228004863},"EnergyVariance":{"Mean":4.743588105097534,"Sigma":0.4156103681010292,"Taucorr":-0.1460637324965378},"Iteration":4},
{"Acceptance":[0.7659663865546219],"Energy":{"Mean":-1.511945698862035,"Sigma":0.25164976102782005,"Taucorr":0.09295537898476613},"EnergyVariance":{"Mean":6.5681966550802375,"Sigma":0.8684576195490953,"Taucorr":0.018356697394793953},"Iteration":5},
{"Acceptance":[0.7533613445378151],"Energy":{"Mean":-2.343361529147378,"Sigma":0.2393976382284347,"Taucorr":0.11355408042546966},"EnergyVariance":{"Mean":5.744629051608643,"Sigma":0.6545305795867256,"Taucorr":0.036503306410664016},"Iteration":6},
{"Acceptance":[0.7100840336134454],"Energy":{"Mean":-2.264001587851541,"Sigma":0.25506095543140395,"Taucorr":0.15085235574756628},"EnergyVariance":{"Mean":6.147246084740269,"Sigma":0.9067845613679123,"Taucorr":0.256742371816301},"Iteration":7},
{"Acceptance":[0.6596638655462185],"Energy":{"Mean":-2.6283429811684513,"Sigma":0.254319916348779,"Taucorr":0.29090255704612267},"EnergyVariance":{"Mean":5.029361816369124,"Sigma":0.46835230947988876,"Taucorr":-0.1700518684786655},"Iteration":8},
{"Acceptance":[0.5995798319327731],"Energy":{"Mean":-2.878644682084929,"Sigma":0.2410361118139701,"Taucorr":0.2518180144140134},"EnergyVariance":{"Mean":4.752549119864235,"Sigma":0.5633045787711841,"Taucorr":0.010881671488270572},"Iteration":9},
{"Acceptance":[0.5726890756302521],"Energy":{"Mean":-3.1704403073931937,"Sigma":0.23216906663407055,"Taucorr":0.3059996957942489},"EnergyVariance":{"Mean":4.1129075614477255,"Sigma":0.5001305565788142,"Taucorr":0.12919347544143667},"Iteration":10},
{"Acceptance":[0.5205882352941177],"Energy":{"Mean":-3.566944694222947,"Sigma":0.24349870736009432,"Taucorr":0.11243378970763629},"EnergyVariance":{"Mean":5.954006328801684,"Sigma":0.8441015991248486,"Taucorr":-0.02686617268446556},"Iteration":11},
{"Acceptance":[0.49495798319327733],"Energy":{"Mean":-4.050393066170704,"Sigma":0.27364236857000235,"Taucorr":0.38223972906476655},"EnergyVariance":{"Mean":5.219815906831478,"Sigma":0.7402771802582804,"Taucorr":0.07907730078450148},"Iteration":12},
{"Acceptance":[0.44789915966386556],"Energy":{"Mean":-4.450833841414798,"Sigma":0.21405285377499145,"Taucorr":0.15692943965683648},"EnergyVariance":{"Mean":4.289418647973627,"Sigma":0.5823646036158343,"Taucorr":0.1379264928027757},"Iteration":13},
{"Acceptance":[0.4336134453781513],"Energy":{"Mean":-4.575774870537675,"Sigma":0.24450481413674274,"Taucorr":0.29376917969005534},"EnergyVariance":{"Mean":4.631863076117761,"Sigma":0.5329335488188098,"Taucorr":-0.09263448279522368},"Iteration":14},
{"Acceptance":[0.4436974789915966],"Energy":{"Mean":-4.607149831431574,"Sigma":0.2613019444375093,"Taucorr":0.47705321114557253},"EnergyVariance":{"Mean":4.297760225705857,"Sigma":0.7047075011826633,"Taucorr":0.2895335694365061},"Iteration":15},
{"Acceptance":[0.3668067226890756],"Energy":{"Mean":-5.0814503152238775,"Sigma":0.23298976679541705,"Taucorr":0.3659924206168552},"EnergyVariance":{"Mean":3.855091746244167,"Sigma":0.4024678563440292,"Taucorr":-0.07236040804128008},"Iteration":16},
{"Acceptance":[0.3373949579831933],"Energy":{"Mean":-5.475445637461708,"Sigma":0.2364450517445395,"Taucorr":0.47237333734802256},"EnergyVariance":{"Mean":3.535920835496763,"Sigma":0.5981901588125437,"Taucorr":-0.0029856106723790132},"Iteration":17},
{"Acceptance":[0.34789915966386553],"Energy":{"Mean":-5.420645923264008,"Sigma":0.2115848721170869,"Taucorr":0.4210836271992624},"EnergyVariance":{"Mean":2.9891332799641943,"Sigma":0.47606397317120047,"Taucorr":0.12432261112450582},"Iteration":18},
{"Acceptance":[0.2966386554621849],"Energy":{"Mean":-5.847393962162837,"Sigma":0.16641091426176655,"Taucorr":0.2745859229556391},"EnergyVariance":{"Mean":2.1987159606590403,"Sigma":0.24989583967491916,"Taucorr":-0.09853619280266501},"Iteration":19},
{"Acceptance":[0.27016806722689074],"Energy":{"Mean":-6.195996885500283,"Sigma":0.1866870357379158,"Taucorr":0.30623955035514727},"EnergyVariance":{"Mean":2.658516357553214,"Sigma":0.4318973009461504,"Taucorr":0.26351431258557456},"Iteration":20},
{"Acceptance":[0.2592436974789916],"Energy":{"Mean":-6.215546532597359,"Sigma":0.19041190123953844,"Taucorr":0.36356090878248437},"EnergyVariance":{"Mean":2.5820837228071776,"Sigma":0.6490905476225028,"Taucorr":0.26334769029636607},"Iteration":21},
{"Acceptance":[0.24327731092436974],"Energy":{"Mean":-6.457143449545462,"Sigma":0.17064030832347032,"Taucorr":0.38618107046648253},"EnergyVariance":{"Mean":2.020765418491938,"Sigma":0.3784981271561626,"Taucorr":0.09536137198482153},"Iteration":22},
{"Acceptance":[0.19747899159663865],"Energy":{"Mean":-6.795113906252101,"Sigma":0.1399014566536174,"Taucorr":0.17090568523339433},"EnergyVariance":{"Mean":1.7941473850682923,"Sigma":0.288296859115624,"Taucorr":0.03278170120735524},"Iteration":23},
{"Acceptance":[0.21932773109243697],"Energy":{"Mean":-6.540544010102285,"Sigma":0.15940577657553073,"Taucorr":0.2876236769414753},"EnergyVariance":{"Mean":1.9841041407183004,"Sigma":0.371240917930163,"Taucorr":-0.02589326158443006},"Iteration":24},
{"Acceptance":[0.22478991596638656],"Energy":{"Mean":-6.634703528080504,"Sigma":0.170126183619526,"Taucorr":0.3847822737744744},"EnergyVariance":{"Mean":2.0117824819349925,"Sigma":0.5133052912224002,"Taucorr":0.3710970142663751},"Iteration":25},
{"Acceptance":[0.15252100840336136],"Energy":{"Mean":-7.133143506915137,"Sigma":0.14440014384467748,"Taucorr":0.267999820989792},"EnergyVariance":{"Mean":1.6697415283283021,"Sigma":0.24138816596573756,"Taucorr":0.08935555661562355},"Iteration":26},
{"Acceptance":[0.16680672268907562],"Energy":{"Mean":-7.038384702983855,"Sigma":0.15836955864818436,"Taucorr":0.4245187300773269},"EnergyVariance":{"Mean":1.6684101163811575,"Sigma":0.26229594738363077,"Taucorr":0.15439872704788038},"Iteration":27},
{"Acceptance":[0.16134453781512606],"Energy":{"Mean":-7.169209200733147,"Sigma":0.1578177381156907,"Taucorr":0.48762003149259436},"EnergyVariance":{"Mean":1.550946636043984,"Sigma":0.2234589771109249,"Taucorr":0.08207380311200141},"Iteration":28},
{"Acceptance":[0.14873949579831933],"Energy":{"Mean":-7.371589671493939,"Sigma":0.14649978207009584,"Taucorr":0.6170471253897094},"EnergyVariance":{"Mean":1.1816193050535126,"Sigma":0.2512228192467635,"Taucorr":0.356057049421146},"Iteration":29},
{"Acceptance":[0.13865546218487396],"Energy":{"Mean":-7.3263911050713935,"Sigma":0.14855629967711703,"Taucorr":0.5614159995073054},"EnergyVariance":{"Mean":1.278708736552014,"Sigma":0.40067741562263903,"Taucorr":0.41815870531514776},"Iteration":30},
{"Acceptance":[0.10840336134453782],"Energy":{"Mean":-7.516160328689664,"Sigma":0.12057304522475394,"Taucorr":0.46365051438780946},"EnergyVariance":{"Mean":0.9278035237768557,"Sigma":0.22406815938283706,"Taucorr":0.09869107628486917},"Iteration":31},
{"Acceptance":[0.13109243697478992],"Energy":{"Mean":-7.374822191932539,"Sigma":0.12656090220625296,"Taucorr":0.3697304108768069},"EnergyVariance":{"Mean":1.1326339733175854,"Sigma":0.22376835133539635,"Taucorr":0.14199054931299926},"Iteration":32},
{"Acceptance":[0.09915966386554621],"Energy":{"Mean":-7.729406586147177,"Sigma":0.10057884326972472,"Taucorr":0.3603549703454151},"EnergyVariance":{"Mean":0.723120572115702,"Sigma":0.1947834805411899,"Taucorr":0.31002005491922624},"Iteration":33},
{"Acceptance":[0.11050420168067226],"Energy":{"Mean":-7.641032600245118,"Sigma":0.10083524107396072,"Taucorr":0.42312722693558114},"EnergyVariance":{"Mean":0.677389151857319,"Sigma":0.15547744353054246,"Taucorr":0.15075417264820756},"Iteration":34},
{"Acceptance":[0.11302521008403361],"Energy":{"Mean":-7.601929543550936,"Sigma":0.11371175006075912,"Taucorr":0.36604769051967523},"EnergyVariance":{"Mean":0.9182141791619824,"Sigma":0.22599471851029537,"Taucorr":0.1256016051412292},"Iteration":35},
{"Acceptance":[0.09369747899159664],"Energy":{"Mean":-7.90653699107554,"Sigma":0.09437357971429235,"Taucorr":0.19994671046640788},"EnergyVariance":{"Mean":0.7825480190378228,"Sigma":0.31522157520649435,"Taucorr":-0.008336131302270122},"Iteration":36},
{"Acceptance":[0.09285714285714286],"Energy":{"Mean":-7.9036023916921625,"Sigma":0.07174539238095545,"Taucorr":0.3589155675673701},"EnergyVariance":{"Mean":0.36856379558035113,"Sigma":0.09078664036622779,"Taucorr":0.11820897134006003},"Iteration":37},
{"Acceptance":[0.08361344537815125],"Energy":{"Mean":-7.831406078874669,"Sigma":0.0882177262104322,"Taucorr":0.2923802834006274},"EnergyVariance":{"Mean":0.6040225809719528,"Sigma":0.1910552310467751,"Taucorr":0.23812130292373068},"Iteration":38},
{"Acceptance":[0.08697478991596638],"Energy":{"Mean":-7.810824305711009,"Sigma":0.09961261510816735,"Taucorr":0.4857098282937784},"EnergyVariance":{"Mean":0.6190913161641207,"Sigma":0.17984349612677689,"Taucorr":0.16607234452150443},"Iteration":39},
{"Acceptance":[0.08529411764705883],"Energy":{"Mean":-7.793902558375975,"Sigma":0.09220097665930459,"Taucorr":0.3448949956439773},"EnergyVariance":{"Mean":0.6187901912742247,"Sigma":0.15314396269068106,"Taucorr":0.034395882608285966},"Iteration":40},
{"Acceptance":[0.0726890756302521],"Energy":{"Mean":-7.945000954413859,"Sigma":0.06000524257554603,"Taucorr":0.24444377079838508},"EnergyVariance":{"Mean":0.29745522843229516,"Sigma":0.0832510156041739,"Taucorr":0.1405111112190287},"Iteration":41},
{"Acceptance":[0.08067226890756303],"Energy":{"Mean":-7.840507878387206,"Sigma":0.07637862886970993,"Taucorr":0.3268399346242332},"EnergyVariance":{"Mean":0.43390773023812207,"Sigma":0.08443936918140461,"Taucorr":0.1070658618601752},"Iteration":42},
{"Acceptance":[0.07352941176470588],"Energy":{"Mean":-7.767330799317743,"Sigma":0.11875992232043253,"Taucorr":0.6081681044089258},"EnergyVariance":{"Mean":0.7827251337109103,"Sigma":0.22271193367425354,"Taucorr":0.4958746798828393},"Iteration":43},
{"Acceptance":[0.07226890756302522],"Energy":{"Mean":-8.133371259845742,"Sigma":0.03594435539169925,"Taucorr":0.38392008233300623},"EnergyVariance":{"Mean":0.0898925114231525,"Sigma":0.045485640337229155,"Taucorr":0.2046645857213688},"Iteration":44},
{"Acceptance":[0.07773109243697479],"Energy":{"Mean":-8.01532056320265,"Sigma":0.08056248682820581,"Taucorr":0.5833375108304162},"EnergyVariance":{"Mean":0.36844872855610944,"Sigma":0.17205157172079483,"Taucorr":0.4698658342028552},"Iteration":45},
{"Acceptance":[0.073109243697479],"Energy":{"Mean":-8.006413112062232,"Sigma":0.098739528941967,"Taucorr":0.37716743880032677},"EnergyVariance":{"Mean":0.683556969721151,"Sigma":0.4701810977762482,"Taucorr":0.4445818248548109},"Iteration":46},
{"Acceptance":[0.073109243697479],"Energy":{"Mean":-8.085438754946992,"Sigma":0.043328074295158385,"Taucorr":0.499647096798819},"EnergyVariance":{"Mean":0.1154960632912552,"Sigma":0.03740556067201536,"Taucorr":0.2993617378247905},"Iteration":47},
{"Acceptance":[0.06092436974789916],"Energy":{"Mean":-8.039852761759947,"Sigma":0.052616054211801495,"Taucorr":0.31008035141854284},"EnergyVariance":{"Mean":0.2101762165842421,"Sigma":0.10521908479831045,"Taucorr":0.46257359983375235},"Iteration":48},
{"Acceptance":[0.058403361344537816],"Energy":{"Mean":-7.956709670475524,"Sigma":0.10859345402274,"Taucorr":0.607029759686575},"EnergyVariance":{"Mean":0.6551234024508538,"Sigma":0.3577381659713483,"Taucorr":0.37140497207640066},"Iteration":49} 
]}