{"Output": [
{"Acceptance":[0.013932107496463932],"Energy":{"Mean":-675.8306451612902,"Sigma":0.3732282692458789,"Taucorr":0.13938180459084215},"EnergyVariance":{"Mean":13.398738293444328,"Sigma":0.6586241309681495,"Taucorr":0.023441450215305637},"Iteration":0},
{"Acceptance":[0.00021216407355021216],"Energy":{"Mean":-681.0,"Sigma":0.0,"Taucorr":null},"EnergyVariance":{"Mean":0.0,"Sigma":0.0,"Taucorr":null},"Iteration":1},
{"Acceptance":[0.00014144271570014144],"Energy":{"Mean":-681.0,"Sigma":0.0,"Taucorr":null},"EnergyVariance":{"Mean":0.0,"Sigma":0.0,"Taucorr":null},"Iteration":2},
{"Acceptance":[0.0004243281471004243],"Energy":{"Mean":-681.0,"Sigma":0.0,"Taucorr":null},"EnergyVariance":{"Mean":0.0,"Sigma":0.0,"Taucorr":null},"Iteration":3},
{"Acceptance":[0.0008486562942008486],"Energy":{"Mean":-681.0645161290323,"Sigma":0.038394776497542124,"Taucorr":-0.021291208791210714},"EnergyVariance":{"Mean":0.1893860561914672,"Sigma":0.12981007103477807,"Taucorr":-0.01232269919143264},"Iteration":4},
{"Acceptance":[0.0007072135785007072],"Energy":{"Mean":-681.0322580645162,"Sigma":0.03225806451613096,"Taucorr":5.062616992290714e-14},"EnergyVariance":{"Mean":0.1279916753381894,"Sigma":0.1269510926118572,"Taucorr":-2.220446049250313e-16},"Iteration":5},
{"Acceptance":[0.0016973125884016972],"Energy":{"Mean":-680.8709677419355,"Sigma":0.31278126433684067,"Taucorr":0.9863817480719834},"EnergyVariance":{"Mean":4.047866805411031,"Sigma":3.4153047971575106,"Taucorr":1.0141475237871114},"Iteration":6},
{"Acceptance":[0.0010608203677510608],"Energy":{"Mean":-684.7741935483871,"Sigma":0.12876316025739973,"Taucorr":0.6964590964590924},"EnergyVariance":{"Mean":0.8522372528616026,"Sigma":0.45690153639721875,"Taucorr":0.6964590964590962},"Iteration":7},
{"Acceptance":[0.0008486562942008486],"Energy":{"Mean":-684.9516129032259,"Sigma":0.048387096774194165,"Taucorr":1.3766765505351941e-14},"EnergyVariance":{"Mean":0.2879812695109261,"Sigma":0.2856399583766952,"Taucorr":-2.220446049250313e-16},"Iteration":8},
{"Acceptance":[0.0009900990099009901],"Energy":{"Mean":-685.0,"Sigma":0.0,"Taucorr":null},"EnergyVariance":{"Mean":0.0,"Sigma":0.0,"Taucorr":null},"Iteration":9},
{"Acceptance":[0.0005657708628005657],"Energy":{"Mean":-685.0,"Sigma":0.0,"Taucorr":null},"EnergyVariance":{"Mean":0.0,"Sigma":0.0,"Taucorr":null},"Iteration":10},
{"Acceptance":[0.0011315417256011315],"Energy":{"Mean":-684.9516129032259,"Sigma":0.04838709677419428,"Taucorr":0.508196721311506},"EnergyVariance":{"Mean":0.14281997918834546,"Sigma":0.14047866805411455,"Taucorr":0.5081967213114749},"Iteration":11},
{"Acceptance":[0.0008486562942008486],"Energy":{"Mean":-684.9516129032259,"Sigma":0.04838709677419291,"Taucorr":-1.4210854715202004e-14},"EnergyVariance":{"Mean":0.2879812695109261,"Sigma":0.2856399583766952,"Taucorr":-2.220446049250313e-16},"Iteration":12},
{"Acceptance":[0.0009900990099009901],"Energy":{"Mean":-685.0,"Sigma":0.0,"Taucorr":null},"EnergyVariance":{"Mean":0.0,"Sigma":0.0,"Taucorr":null},"Iteration":13},
{"Acceptance":[0.0009900990099009901],"Energy":{"Mean":-685.0,"Sigma":0.0,"Taucorr":null},"EnergyVariance":{"Mean":0.0,"Sigma":0.0,"Taucorr":null},"Iteration":14},
{"Acceptance":[0.0008486562942008486],"Energy":{"Mean":-685.0,"Sigma":0.0,"Taucorr":null},"EnergyVariance":{"Mean":0.0,"Sigma":0.0,"Taucorr":null},"Iteration":15},
{"Acceptance":[0.0009900990099009901],"Energy":{"Mean":-685.0,"Sigma":0.0,"Taucorr":null},"EnergyVariance":{"Mean":0.0,"Sigma":0.0,"Taucorr":null},"Iteration":16},
{"Acceptance":[0.0011315417256011315],"Energy":{"Mean":-685.0,"Sigma":0.0,"Taucorr":null},"EnergyVariance":{"Mean":0.0,"Sigma":0.0,"Taucorr":null},"Iteration":17},
{"Acceptance":[0.0011315417256011315],"Energy":{"Mean":-684.8225806451613,"Sigma":0.1233458009466416,"Taucorr":-0.01270491803279783},"EnergyVariance":{"Mean":1.9201352757544214,"Sigma":1.3130359455610519,"Taucorr":-0.012704918032787005},"Iteration":18},
{"Acceptance":[0.0011315417256011315],"Energy":{"Mean":-685.0,"Sigma":0.0,"Taucorr":null},"EnergyVariance":{"Mean":0.0,"Sigma":0.0,"Taucorr":null},"Iteration":19},
{"Acceptance":[0.0007072135785007072],"Energy":{"Mean":-685.0,"Sigma":0.0,"Taucorr":null},"EnergyVariance":{"Mean":0.0,"Sigma":0.0,"Taucorr":null},"Iteration":20},
{"Acceptance":[0.0009900990099009901],"Energy":{"Mean":-684.9758064516129,"Sigma":0.024193548387096833,"Taucorr":6.661338147750939e-15},"EnergyVariance":{"Mean":0.07199531737773153,"Sigma":0.0714099895941738,"Taucorr":-2.220446049250313e-16},"Iteration":21},
{"Acceptance":[0.0002828854314002829],"Energy":{"Mean":-684.9677419354838,"Sigma":0.032258064516130044,"Taucorr":1.709743457922741e-14},"EnergyVariance":{"Mean":0.12799167533818934,"Sigma":0.12695109261185716,"Taucorr":-2.220446049250313e-16},"Iteration":22},
{"Acceptance":[0.0011315417256011315],"Energy":{"Mean":-685.0,"Sigma":0.0,"Taucorr":null},"EnergyVariance":{"Mean":0.0,"Sigma":0.0,"Taucorr":null},"Iteration":23},
{"Acceptance":[0.0009900990099009901],"Energy":{"Mean":-685.0,"Sigma":0.0,"Taucorr":null},"EnergyVariance":{"Mean":0.0,"Sigma":0.0,"Taucorr":null},"Iteration":24},
{"Acceptance":[0.0011315417256011315],"Energy":{"Mean":-685.0,"Sigma":0.0,"Taucorr":null},"EnergyVariance":{"Mean":0.0,"Sigma":0.0,"Taucorr":null},"Iteration":25},
{"Acceptance":[0.0014144271570014145],"Energy":{"Mean":-685.0,"Sigma":0.0,"Taucorr":null},"EnergyVariance":{"Mean":0.0,"Sigma":0.0,"Taucorr":null},"Iteration":26},
{"Acceptance":[0.001272984441301273],"Energy":{"Mean":-685.0,"Sigma":0.0,"Taucorr":null},"EnergyVariance":{"Mean":0.0,"Sigma":0.0,"Taucorr":null},"Iteration":27},
{"Acceptance":[0.0002828854314002829],"Energy":{"Mean":-685.0,"Sigma":0.0,"Taucorr":null},"EnergyVariance":{"Mean":0.0,"Sigma":0.0,"Taucorr":null},"Iteration":28},
{"Acceptance":[0.0014144271570014145],"Energy":{"Mean":-685.0,"Sigma":0.0,"Taucorr":null},"EnergyVariance":{"Mean":0.0,"Sigma":0.0,"Taucorr":null},"Iteration":29},
{"Acceptance":[0.0009900990099009901],"Energy":{"Mean":-685.0,"Sigma":0.0,"Taucorr":null},"EnergyVariance":{"Mean":0.0,"Sigma":0.0,"Taucorr":null},"Iteration":30},
{"Acceptance":[0.0005657708628005657],"Energy":{"Mean":-685.0,"Sigma":0.0,"Taucorr":null},"EnergyVariance":{"Mean":0.0,"Sigma":0.0,"Taucorr":null},"Iteration":31},
{"Acceptance":[0.0009900990099009901],"Energy":{"Mean":-685.0,"Sigma":0.0,"Taucorr":null},"EnergyVariance":{"Mean":0.0,"Sigma":0.0,"Taucorr":null},"Iteration":32},
{"Acceptance":[0.0007072135785007072],"Energy":{"Mean":-685.0,"Sigma":0.0,"Taucorr":null},"EnergyVariance":{"Mean":0.0,"Sigma":0.0,"Taucorr":null},"Iteration":33},
{"Acceptance":[0.0014144271570014145],"Energy":{"Mean":-685.0,"Sigma":0.0,"Taucorr":null},"EnergyVariance":{"Mean":0.0,"Sigma":0.0,"Taucorr":null},"Iteration":34},
{"Acceptance":[0.0008486562942008486],"Energy":{"Mean":-684.991935483871,"Sigma":0.00806451612903225,"Taucorr":-1.0547118733938987e-14},"EnergyVariance":{"Mean":0.007999479708636837,"Sigma":0.007934443288241534,"Taucorr":0.0},"Iteration":35},
{"Acceptance":[0.0002828854314002829],"Energy":{"Mean":-685.0,"Sigma":0.0,"Taucorr":null},"EnergyVariance":{"Mean":0.0,"Sigma":0.0,"Taucorr":null},"Iteration":36},
{"Acceptance":[0.0009900990099009901],"Energy":{"Mean":-685.0,"Sigma":0.0,"Taucorr":null},"EnergyVariance":{"Mean":0.0,"Sigma":0.0,"Taucorr":null},"Iteration":37},
{"Acceptance":[0.0005657708628005657],"Energy":{"Mean":-685.0,"Sigma":0.0,"Taucorr":null},"EnergyVariance":{"Mean":0.0,"Sigma":0.0,"Taucorr":null},"Iteration":38},
{"Acceptance":[0.0011315417256011315],"Energy":{"Mean":-685.0,"Sigma":0.0,"Taucorr":null},"EnergyVariance":{"Mean":0.0,"Sigma":0.0,"Taucorr":null},"Iteration":39},
{"Acceptance":[0.0008486562942008486],"Energy":{"Mean":-685.0,"Sigma":0.0,"Taucorr":null},"EnergyVariance":{"Mean":0.0,"Sigma":0.0,"Taucorr":null},"Iteration":40},
{"Acceptance":[0.0009193776520509194],"Energy":{"Mean":-685.0,"Sigma":0.0,"Taucorr":null},"EnergyVariance":{"Mean":0.0,"Sigma":0.0,"Taucorr":null},"Iteration":41},
{"Acceptance":[0.0009193776520509194],"Energy":{"Mean":-684.9516129032259,"Sigma":0.03558148840381772,"Taucorr":0.32451790633616273},"EnergyVariance":{"Mean":0.09443288241415192,"Sigma":0.06771960696210397,"Taucorr":0.324517906336088},"Iteration":42},
{"Acceptance":[0.0007072135785007072],"Energy":{"Mean":-685.0,"Sigma":0.0,"Taucorr":null},"EnergyVariance":{"Mean":0.0,"Sigma":0.0,"Taucorr":null},"Iteration":43},
{"Acceptance":[0.0005657708628005657],"Energy":{"Mean":-685.0,"Sigma":0.0,"Taucorr":null},"EnergyVariance":{"Mean":0.0,"Sigma":0.0,"Taucorr":null},"Iteration":44},
{"Acceptance":[0.0009900990099009901],"Energy":{"Mean":-685.0,"Sigma":0.0,"Taucorr":null},"EnergyVariance":{"Mean":0.0,"Sigma":0.0,"Taucorr":null},"Iteration":45},
{"Acceptance":[0.0008486562942008486],"Energy":{"Mean":-685.0,"Sigma":0.0,"Taucorr":null},"EnergyVariance":{"Mean":0.0,"Sigma":0.0,"Taucorr":null},"Iteration":46},
{"Acceptance":[0.0014144271570014145],"Energy":{"Mean":-685.0,"Sigma":0.0,"Taucorr":null},"EnergyVariance":{"Mean":0.0,"Sigma":0.0,"Taucorr":null},"Iteration":47},
{"Acceptance":[0.0005657708628005657],"Energy":{"Mean":-685.0,"Sigma":0.0,"Taucorr":null},"EnergyVariance":{"Mean":0.0,"Sigma":0.0,"Taucorr":null},"Iteration":48},
{"Acceptance":[0.001272984441301273],"Energy":{"Mean":-684.9354838709677,"Sigma":0.06451612903225795,"Taucorr":3.9968028886505635e-15},"EnergyVariance":{"Mean":0.5119667013527572,"Sigma":0.5078043704474434,"Taucorr":0.0},"Iteration":49},
{"Acceptance":[0.001272984441301273],"Energy":{"Mean":-685.0,"Sigma":0.0,"Taucorr":null},"EnergyVariance":{"Mean":0.0,"Sigma":0.0,"Taucorr":null},"Iteration":50},
{"Acceptance":[0.0009900990099009901],"Energy":{"Mean":-685.0,"Sigma":0.0,"Taucorr":null},"EnergyVariance":{"Mean":0.0,"Sigma":0.0,"Taucorr":null},"Iteration":51},
{"Acceptance":[0.0005657708628005657],"Energy":{"Mean":-685.0,"Sigma":0.0,"Taucorr":null},"EnergyVariance":{"Mean":0.0,"Sigma":0.0,"Taucorr":null},"Iteration":52},
{"Acceptance":[0.0005657708628005657],"Energy":{"Mean":-685.0,"Sigma":0.0,"Taucorr":null},"EnergyVariance":{"Mean":0.0,"Sigma":0.0,"Taucorr":null},"Iteration":53},
{"Acceptance":[0.0007072135785007072],"Energy":{"Mean":-685.0,"Sigma":0.0,"Taucorr":null},"EnergyVariance":{"Mean":0.0,"Sigma":0.0,"Taucorr":null},"Iteration":54},
{"Acceptance":[0.0009900990099009901],"Energy":{"Mean":-685.0,"Sigma":0.0,"Taucorr":null},"EnergyVariance":{"Mean":0.0,"Sigma":0.0,"Taucorr":null},"Iteration":55},
{"Acceptance":[0.0009900990099009901],"Energy":{"Mean":-685.0,"Sigma":0.0,"Taucorr":null},"EnergyVariance":{"Mean":0.0,"Sigma":0.0,"Taucorr":null},"Iteration":56},
{"Acceptance":[0.0011315417256011315],"Energy":{"Mean":-685.0,"Sigma":0.0,"Taucorr":null},"EnergyVariance":{"Mean":0.0,"Sigma":0.0,"Taucorr":null},"Iteration":57},
{"Acceptance":[0.0015558698727015559],"Energy":{"Mean":-685.0,"Sigma":0.0,"Taucorr":null},"EnergyVariance":{"Mean":0.0,"Sigma":0.0,"Taucorr":null},"Iteration":58},
{"Acceptance":[0.0014144271570014145],"Energy":{"Mean":-685.0,"Sigma":0.0,"Taucorr":null},"EnergyVariance":{"Mean":0.0,"Sigma":0.0,"Taucorr":null},"Iteration":59},
{"Acceptance":[0.0008486562942008486],"Energy":{"Mean":-685.0,"Sigma":0.02318694478800876,"Taucorr":0.1833333333333692},"EnergyVariance":{"Mean":0.048387096774193554,"Sigma":0.0355814884038157,"Taucorr":0.04517304189435334},"Iteration":60},
{"Acceptance":[0.0011315417256011315],"Energy":{"Mean":-685.0,"Sigma":0.0,"Taucorr":null},"EnergyVariance":{"Mean":0.0,"Sigma":0.0,"Taucorr":null},"Iteration":61},
{"Acceptance":[0.0011315417256011315],"Energy":{"Mean":-685.0,"Sigma":0.0,"Taucorr":null},"EnergyVariance":{"Mean":0.0,"Sigma":0.0,"Taucorr":null},"Iteration":62},
{"Acceptance":[0.0002828854314002829],"Energy":{"Mean":-685.0,"Sigma":0.0,"Taucorr":null},"EnergyVariance":{"Mean":0.0,"Sigma":0.0,"Taucorr":null},"Iteration":63},
{"Acceptance":[0.0011315417256011315],"Energy":{"Mean":-685.0,"Sigma":0.0,"Taucorr":null},"EnergyVariance":{"Mean":0.0,"Sigma":0.0,"Taucorr":null},"Iteration":64},
{"Acceptance":[0.0008486562942008486],"Energy":{"Mean":-685.0,"Sigma":0.0,"Taucorr":null},"EnergyVariance":{"Mean":0.0,"Sigma":0.0,"Taucorr":null},"Iteration":65},
{"Acceptance":[0.0014144271570014145],"Energy":{"Mean":-685.0,"Sigma":0.0,"Taucorr":null},"EnergyVariance":{"Mean":0.0,"Sigma":0.0,"Taucorr":null},"Iteration":66},
{"Acceptance":[0.0008486562942008486],"Energy":{"Mean":-685.0,"Sigma":0.0,"Taucorr":null},"EnergyVariance":{"Mean":0.0,"Sigma":0.0,"Taucorr":null},"Iteration":67},
{"Acceptance":[0.0016973125884016972],"Energy":{"Mean":-685.0,"Sigma":0.0,"Taucorr":null},"EnergyVariance":{"Mean":0.0,"Sigma":0.0,"Taucorr":null},"Iteration":68},
{"Acceptance":[0.0015558698727015559],"Energy":{"Mean":-685.0,"Sigma":0.0,"Taucorr":null},"EnergyVariance":{"Mean":0.0,"Sigma":0.0,"Taucorr":null},"Iteration":69},
{"Acceptance":[0.0008486562942008486],"Energy":{"Mean":-685.0,"Sigma":0.0,"Taucorr":null},"EnergyVariance":{"Mean":0.0,"Sigma":0.0,"Taucorr":null},"Iteration":70},
{"Acceptance":[0.001272984441301273],"Energy":{"Mean":-685.0,"Sigma":0.0,"Taucorr":null},"EnergyVariance":{"Mean":0.0,"Sigma":0.0,"Taucorr":null},"Iteration":71},
{"Acceptance":[0.0007072135785007072],"Energy":{"Mean":-685.0,"Sigma":0.0,"Taucorr":null},"EnergyVariance":{"Mean":0.0,"Sigma":0.0,"Taucorr":null},"Iteration":72},
{"Acceptance":[0.0007072135785007072],"Energy":{"Mean":-685.0,"Sigma":0.0,"Taucorr":null},"EnergyVariance":{"Mean":0.0,"Sigma":0.0,"Taucorr":null},"Iteration":73},
{"Acceptance":[0.0014144271570014145],"Energy":{"Mean":-685.0,"Sigma":0.0,"Taucorr":null},"EnergyVariance":{"Mean":0.0,"Sigma":0.0,"Taucorr":null},"Iteration":74},
{"Acceptance":[0.0011315417256011315],"Energy":{"Mean":-684.983870967742,"Sigma":0.01612903225806486,"Taucorr":5.551115123125783e-15},"EnergyVariance":{"Mean":0.031997918834547355,"Sigma":0.03173777315296614,"Taucorr":0.0},"Iteration":75},
{"Acceptance":[0.001272984441301273],"Energy":{"Mean":-685.0,"Sigma":0.0,"Taucorr":null},"EnergyVariance":{"Mean":0.0,"Sigma":0.0,"Taucorr":null},"Iteration":76},
{"Acceptance":[0.0014144271570014145],"Energy":{"Mean":-685.0,"Sigma":0.0,"Taucorr":null},"EnergyVariance":{"Mean":0.0,"Sigma":0.0,"Taucorr":null},"Iteration":77},
{"Acceptance":[0.0009900990099009901],"Energy":{"Mean":-685.0,"Sigma":0.0,"Taucorr":null},"EnergyVariance":{"Mean":0.0,"Sigma":0.0,"Taucorr":null},"Iteration":78},
{"Acceptance":[0.0008486562942008486],"Energy":{"Mean":-685.0,"Sigma":0.0,"Taucorr":null},"EnergyVariance":{"Mean":0.0,"Sigma":0.0,"Taucorr":null},"Iteration":79},
{"Acceptance":[0.0011315417256011315],"Energy":{"Mean":-685.0,"Sigma":0.0,"Taucorr":null},"EnergyVariance":{"Mean":0.0,"Sigma":0.0,"Taucorr":null},"Iteration":80},
{"Acceptance":[0.0007072135785007072],"Energy":{"Mean":-685.0,"Sigma":0.0,"Taucorr":null},"EnergyVariance":{"Mean":0.0,"Sigma":0.0,"Taucorr":null},"Iteration":81},
{"Acceptance":[0.0009900990099009901],"Energy":{"Mean":-685.0,"Sigma":0.0,"Taucorr":null},"EnergyVariance":{"Mean":0.0,"Sigma":0.0,"Taucorr":null},"Iteration":82},
{"Acceptance":[0.0014851485148514852],"Energy":{"Mean":-685.0,"Sigma":0.0,"Taucorr":null},"EnergyVariance":{"Mean":0.0,"Sigma":0.0,"Taucorr":null},"Iteration":83},
{"Acceptance":[0.0016265912305516265],"Energy":{"Mean":-685.0241935483871,"Sigma":0.017790744201908938,"Taucorr":0.32451790633618327},"EnergyVariance":{"Mean":0.02360822060353798,"Sigma":0.01692990174052599,"Taucorr":0.32451790633608824},"Iteration":84},
{"Acceptance":[0.0018387553041018388],"Energy":{"Mean":-684.8870967741937,"Sigma":0.07934434758870065,"Taucorr":-0.10782608695653656},"EnergyVariance":{"Mean":0.9872528616024969,"Sigma":0.7404673277213035,"Taucorr":0.6094376572867657},"Iteration":85},
{"Acceptance":[0.0009900990099009901],"Energy":{"Mean":-685.0,"Sigma":0.0,"Taucorr":null},"EnergyVariance":{"Mean":0.0,"Sigma":0.0,"Taucorr":null},"Iteration":86},
{"Acceptance":[0.0002828854314002829],"Energy":{"Mean":-684.9758064516128,"Sigma":0.024193548387096264,"Taucorr":-2.4202861936828413e-14},"EnergyVariance":{"Mean":0.07199531737773153,"Sigma":0.0714099895941683,"Taucorr":0.0},"Iteration":87},
{"Acceptance":[0.0005657708628005657],"Energy":{"Mean":-685.0,"Sigma":0.0,"Taucorr":null},"EnergyVariance":{"Mean":0.0,"Sigma":0.0,"Taucorr":null},"Iteration":88},
{"Acceptance":[0.00014144271570014144],"Energy":{"Mean":-685.0,"Sigma":0.0,"Taucorr":null},"EnergyVariance":{"Mean":0.0,"Sigma":0.0,"Taucorr":null},"Iteration":89},
{"Acceptance":[0.0007072135785007072],"Energy":{"Mean":-685.0,"Sigma":0.0,"Taucorr":null},"EnergyVariance":{"Mean":0.0,"Sigma":0.0,"Taucorr":null},"Iteration":90},
{"Acceptance":[0.0002828854314002829],"Energy":{"Mean":-685.0403225806454,"Sigma":0.040322580645161865,"Taucorr":7.105427357601002e-15},"EnergyVariance":{"Mean":0.1999869927159209,"Sigma":0.19836108220602,"Taucorr":2.220446049250313e-16},"Iteration":91},
{"Acceptance":[0.0008486562942008486],"Energy":{"Mean":-685.0,"Sigma":0.0,"Taucorr":null},"EnergyVariance":{"Mean":0.0,"Sigma":0.0,"Taucorr":null},"Iteration":92},
{"Acceptance":[0.0004243281471004243],"Energy":{"Mean":-685.0322580645161,"Sigma":0.032258064516128206,"Taucorr":-2.942091015256665e-14},"EnergyVariance":{"Mean":0.1279916753381894,"Sigma":0.12695109261186452,"Taucorr":-2.220446049250313e-16},"Iteration":93},
{"Acceptance":[0.0007072135785007072],"Energy":{"Mean":-685.0403225806455,"Sigma":0.040322580645163794,"Taucorr":4.6629367034256575e-14},"EnergyVariance":{"Mean":0.19998699271592088,"Sigma":0.1983610822060108,"Taucorr":-3.3306690738754696e-16},"Iteration":94},
{"Acceptance":[0.0007072135785007072],"Energy":{"Mean":-684.9516129032259,"Sigma":0.04838709677419402,"Taucorr":7.549516567451064e-15},"EnergyVariance":{"Mean":0.28798126951092606,"Sigma":0.2856399583766952,"Taucorr":0.0},"Iteration":95},
{"Acceptance":[0.00014144271570014144],"Energy":{"Mean":-685.0,"Sigma":0.0,"Taucorr":null},"EnergyVariance":{"Mean":0.0,"Sigma":0.0,"Taucorr":null},"Iteration":96},
{"Acceptance":[0.0002828854314002829],"Energy":{"Mean":-685.0,"Sigma":0.0,"Taucorr":null},"EnergyVariance":{"Mean":0.0,"Sigma":0.0,"Taucorr":null},"Iteration":97},
{"Acceptance":[0.0009900990099009901],"Energy":{"Mean":-685.0,"Sigma":0.0,"Taucorr":null},"EnergyVariance":{"Mean":0.0,"Sigma":0.0,"Taucorr":null},"Iteration":98},
{"Acceptance":[0.0004243281471004243],"Energy":{"Mean":-685.0,"Sigma":0.0,"Taucorr":null},"EnergyVariance":{"Mean":0.0,"Sigma":0.0,"Taucorr":null},"Iteration":99} 
]}