{"Output": [
{"Acceptance":[0.759965713174801],"Energy":{"Mean":-2525.9768145161293,"Sigma":1.2644153399938702,"Taucorr":0.240871523077677},"EnergyVariance":{"Mean":1069.2524866268861,"Sigma":44.34884087860419,"Taucorr":-0.16821744063475857},"Iteration":0},
{"Acceptance":[0.6466601274268091],"Energy":{"Mean":-2560.4062500000005,"Sigma":1.8979249288679405,"Taucorr":0.9188755255823886},"EnergyVariance":{"Mean":1257.9327431955644,"Sigma":61.34613125310862,"Taucorr":0.04772833582095326},"Iteration":1},
{"Acceptance":[0.4977510316976397],"Energy":{"Mean":-2620.184475806452,"Sigma":1.4421240748838347,"Taucorr":0.38792624605154646},"EnergyVariance":{"Mean":1160.5718154510278,"Sigma":73.01601792390176,"Taucorr":0.416488717551905},"Iteration":2},
{"Acceptance":[0.39330434859450525],"Energy":{"Mean":-2682.1169354838717,"Sigma":1.2259128906462633,"Taucorr":0.28302682546013547},"EnergyVariance":{"Mean":951.0125357700311,"Sigma":55.30860303372867,"Taucorr":0.2309575078139925},"Iteration":3},
{"Acceptance":[0.3113915325680655],"Energy":{"Mean":-2730.711693548387,"Sigma":0.9550240640236175,"Taucorr":0.20485952676930896},"EnergyVariance":{"Mean":641.1648632609262,"Sigma":33.683620633249994,"Taucorr":0.13269569653972024},"Iteration":4},
{"Acceptance":[0.25547661338069866],"Energy":{"Mean":-2764.78125,"Sigma":0.7754407673939598,"Taucorr":0.16352307953961787},"EnergyVariance":{"Mean":449.03985005040334,"Sigma":19.611588034070476,"Taucorr":0.007146530579617227},"Iteration":5},
{"Acceptance":[0.21082862773167907],"Energy":{"Mean":-2791.0584677419347,"Sigma":0.7231497262519143,"Taucorr":0.38656121540879973},"EnergyVariance":{"Mean":292.2748073296046,"Sigma":20.06421470342104,"Taucorr":0.4648875454267971},"Iteration":6},
{"Acceptance":[0.17609996200171435],"Energy":{"Mean":-2809.067540322581,"Sigma":0.8012534503387039,"Taucorr":0.7581292079631259},"EnergyVariance":{"Mean":252.84725282095474,"Sigma":10.891597963961166,"Taucorr":-0.03884368098592017},"Iteration":7},
{"Acceptance":[0.15288124210210052],"Energy":{"Mean":-2823.2620967741937,"Sigma":0.6931641025579375,"Taucorr":0.9382997311531664},"EnergyVariance":{"Mean":165.5260633454735,"Sigma":6.70379780320095,"Taucorr":-0.07416563989203684},"Iteration":8},
{"Acceptance":[0.13019273083958538],"Energy":{"Mean":-2834.9747983870975,"Sigma":0.5120798405463738,"Taucorr":0.4642197998573123},"EnergyVariance":{"Mean":134.75440520128768,"Sigma":6.176060547039805,"Taucorr":-0.009299262005604991},"Iteration":9},
{"Acceptance":[0.11183425678004295],"Energy":{"Mean":-2841.905241935484,"Sigma":0.45053191539054777,"Taucorr":0.4947198614875239},"EnergyVariance":{"Mean":101.1099725221124,"Sigma":4.393457405873866,"Taucorr":-0.08916112372201662},"Iteration":10},
{"Acceptance":[0.10103125579915696],"Energy":{"Mean":-2848.4788306451615,"Sigma":0.39275664908629804,"Taucorr":0.5169488585875284},"EnergyVariance":{"Mean":75.16084218099634,"Sigma":4.424937487502429,"Taucorr":0.31855863496433134},"Iteration":11},
{"Acceptance":[0.08986594558292021],"Energy":{"Mean":-2853.667338709677,"Sigma":0.32442809348533247,"Taucorr":0.326080097568454},"EnergyVariance":{"Mean":63.133288078824144,"Sigma":4.729461498351784,"Taucorr":0.3364474911826506},"Iteration":12},
{"Acceptance":[0.08138260738934104],"Energy":{"Mean":-2857.9899193548385,"Sigma":0.346595587287691,"Taucorr":0.6090832970108937},"EnergyVariance":{"Mean":53.66925321930281,"Sigma":2.939399217980422,"Taucorr":0.2562524832671922},"Iteration":13},
{"Acceptance":[0.07596122407500684],"Energy":{"Mean":-2861.3437500000005,"Sigma":0.3827848972383208,"Taucorr":0.9363088601672032},"EnergyVariance":{"Mean":50.5481665826613,"Sigma":2.711767482991714,"Taucorr":0.06944721525245579},"Iteration":14},
{"Acceptance":[0.0698152222899711],"Energy":{"Mean":-2864.184475806451,"Sigma":0.34753945864675995,"Taucorr":0.7808616003038567},"EnergyVariance":{"Mean":46.725041257479184,"Sigma":2.418406194517324,"Taucorr":0.03584354139035817},"Iteration":15},
{"Acceptance":[0.06372665977395438],"Energy":{"Mean":-2868.070564516129,"Sigma":0.33088387576758843,"Taucorr":0.7503850052002254},"EnergyVariance":{"Mean":43.386149681321534,"Sigma":2.3135023272741657,"Taucorr":0.006934280213924948},"Iteration":16},
{"Acceptance":[0.06057191838321713],"Energy":{"Mean":-2869.3901209677406,"Sigma":0.45446160156215476,"Taucorr":1.7653524778959473},"EnergyVariance":{"Mean":45.17542659827003,"Sigma":2.997526413941794,"Taucorr":0.5302191682030934},"Iteration":17},
{"Acceptance":[0.05476171540167723],"Energy":{"Mean":-2874.0594758064517,"Sigma":0.3315952085084327,"Taucorr":0.8328000416501444},"EnergyVariance":{"Mean":40.87851908005984,"Sigma":3.998385031336522,"Taucorr":0.46114691516379946},"Iteration":18},
{"Acceptance":[0.04834619089278298],"Energy":{"Mean":-2877.2379032258063,"Sigma":0.2073431311034287,"Taucorr":0.3148310323490999},"EnergyVariance":{"Mean":26.14299882934443,"Sigma":1.6250293426160394,"Taucorr":0.09509490520256159},"Iteration":19},
{"Acceptance":[0.04594257840460221],"Energy":{"Mean":-2878.6381048387093,"Sigma":0.3925250140605146,"Taucorr":2.1921769801900663},"EnergyVariance":{"Mean":28.35794318255723,"Sigma":2.735541782557129,"Taucorr":1.1707230612916786},"Iteration":20},
{"Acceptance":[0.042376925320113466],"Energy":{"Mean":-2880.3487903225805,"Sigma":0.22596165820942316,"Taucorr":0.4727090052443731},"EnergyVariance":{"Mean":26.00939369797086,"Sigma":1.66362940451245,"Taucorr":0.09582907025909515},"Iteration":21},
{"Acceptance":[0.038144093033942186],"Energy":{"Mean":-2882.027217741936,"Sigma":0.17755161400943326,"Taucorr":0.21268856875171782},"EnergyVariance":{"Mean":21.917605968717485,"Sigma":1.9696243611148776,"Taucorr":0.5426074331664494},"Iteration":22},
{"Acceptance":[0.034949585995422534],"Energy":{"Mean":-2883.3750000000005,"Sigma":0.2480645849500769,"Taucorr":0.9004295726555642},"EnergyVariance":{"Mean":21.772681451612904,"Sigma":2.8683462048383124,"Taucorr":1.0033289733892072},"Iteration":23},
{"Acceptance":[0.03349151224340111],"Energy":{"Mean":-2884.6280241935488,"Sigma":0.2598260298228397,"Taucorr":1.1078979786956853},"EnergyVariance":{"Mean":20.804174321995312,"Sigma":2.4096103547248098,"Taucorr":0.8906370438772631},"Iteration":24},
{"Acceptance":[0.0310525525127471],"Energy":{"Mean":-2885.563508064516,"Sigma":0.2197676208833042,"Taucorr":0.6952528526432347},"EnergyVariance":{"Mean":20.02217640316077,"Sigma":1.69919702536134,"Taucorr":0.3247754650868915},"Iteration":25},
{"Acceptance":[0.029143801419191786],"Energy":{"Mean":-2887.2368951612907,"Sigma":0.1919869390908597,"Taucorr":0.5990085331856891},"EnergyVariance":{"Mean":16.618275843847556,"Sigma":1.2853312043742346,"Taucorr":0.18801953179055986},"Iteration":26},
{"Acceptance":[0.02663414720359128],"Energy":{"Mean":-2888.4868951612902,"Sigma":0.1393160722256898,"Taucorr":0.21313559403955096},"EnergyVariance":{"Mean":13.485715359976586,"Sigma":0.9464048560484378,"Taucorr":0.3186527280245206},"Iteration":27},
{"Acceptance":[0.026002315244382],"Energy":{"Mean":-2889.192540322581,"Sigma":0.18973852342386435,"Taucorr":0.4626497251162274},"EnergyVariance":{"Mean":18.53046854676119,"Sigma":1.777601046201426,"Taucorr":0.459579584246008},"Iteration":28},
{"Acceptance":[0.02421286109417389],"Energy":{"Mean":-2890.3901209677415,"Sigma":0.2510222336977479,"Taucorr":1.2253067048611914},"EnergyVariance":{"Mean":18.096797566011965,"Sigma":2.3029996612679366,"Taucorr":0.6530596780734093},"Iteration":29},
{"Acceptance":[0.022286436379381953],"Energy":{"Mean":-2890.9002016129034,"Sigma":0.182616852934554,"Taucorr":0.8989950028604969},"EnergyVariance":{"Mean":11.811612862578043,"Sigma":0.8655763618457101,"Taucorr":0.2532584291499581},"Iteration":30},
{"Acceptance":[0.01949842262930463],"Energy":{"Mean":-2892.098790322581,"Sigma":0.20024502366413993,"Taucorr":1.294997531629362},"EnergyVariance":{"Mean":11.068869504422473,"Sigma":1.631128567541752,"Taucorr":1.1827721247988},"Iteration":31},
{"Acceptance":[0.017845939043680356],"Energy":{"Mean":-2892.631048387098,"Sigma":0.161585122054182,"Taucorr":0.5853211233114475},"EnergyVariance":{"Mean":11.920326320239335,"Sigma":1.4279079567873822,"Taucorr":0.3968588197850681},"Iteration":32},
{"Acceptance":[0.01539814250240803],"Energy":{"Mean":-2893.414314516129,"Sigma":0.14021908068109795,"Taucorr":0.799885608226248},"EnergyVariance":{"Mean":7.494674126886056,"Sigma":0.9644923923356561,"Taucorr":0.2710166192904738},"Iteration":33},
{"Acceptance":[0.014222846690172583],"Energy":{"Mean":-2893.6854838709673,"Sigma":0.13177964915793744,"Taucorr":0.8430029079456205},"EnergyVariance":{"Mean":6.407127991675339,"Sigma":0.9142769631203693,"Taucorr":0.389289290673588},"Iteration":34},
{"Acceptance":[0.01385611904951265],"Energy":{"Mean":-2894.021169354839,"Sigma":0.1038710903584002,"Taucorr":0.47226656568556014},"EnergyVariance":{"Mean":5.498543793899582,"Sigma":0.8388620760104194,"Taucorr":0.13031141334881435},"Iteration":35},
{"Acceptance":[0.012314095596617268],"Energy":{"Mean":-2894.1764112903234,"Sigma":0.13948009432710132,"Taucorr":1.095341935502256},"EnergyVariance":{"Mean":6.042467766324142,"Sigma":1.594768326227027,"Taucorr":1.1558913467386267},"Iteration":36},
{"Acceptance":[0.012084338520541166],"Energy":{"Mean":-2894.26310483871,"Sigma":0.1055994293818538,"Taucorr":0.6254342232051942},"EnergyVariance":{"Mean":4.909606489008845,"Sigma":0.8002095159037799,"Taucorr":0.3354698418184485},"Iteration":37},
{"Acceptance":[0.010856021844595849],"Energy":{"Mean":-2894.5221774193537,"Sigma":0.14265591083787546,"Taucorr":1.5088526453962885},"EnergyVariance":{"Mean":5.019669452393341,"Sigma":1.087624090094801,"Taucorr":0.7882601656191175},"Iteration":38},
{"Acceptance":[0.010741143306557796],"Energy":{"Mean":-2894.4727822580644,"Sigma":0.116294125480308,"Taucorr":0.7995791573413138},"EnergyVariance":{"Mean":5.156517259040061,"Sigma":1.110978834516031,"Taucorr":0.3208438462287867},"Iteration":39},
{"Acceptance":[0.01008280091549358],"Energy":{"Mean":-2894.581653225807,"Sigma":0.13670559110529704,"Taucorr":1.8801792132775774},"EnergyVariance":{"Mean":3.89051017007024,"Sigma":0.9363237656734453,"Taucorr":0.8716908865261939},"Iteration":40},
{"Acceptance":[0.009808859786325919],"Energy":{"Mean":-2894.699596774193,"Sigma":0.12404437653162136,"Taucorr":1.0650904497877403},"EnergyVariance":{"Mean":4.871451450312175,"Sigma":1.2921399813385883,"Taucorr":0.4246612598943236},"Iteration":41},
{"Acceptance":[0.009252140717372286],"Energy":{"Mean":-2894.9627016129034,"Sigma":0.10330374451896292,"Taucorr":1.2121924141640317},"EnergyVariance":{"Mean":3.0883265722554625,"Sigma":0.637598782622935,"Taucorr":0.03174022287975897},"Iteration":42},
{"Acceptance":[0.008964944372277158],"Energy":{"Mean":-2894.943548387096,"Sigma":0.10761515613775997,"Taucorr":1.6014500147856836},"EnergyVariance":{"Mean":2.7306841831425603,"Sigma":0.5768207599042955,"Taucorr":0.6295062755151897},"Iteration":43},
{"Acceptance":[0.007997313609572032],"Energy":{"Mean":-2895.274193548387,"Sigma":0.09511450633745848,"Taucorr":1.954877602219292},"EnergyVariance":{"Mean":1.8260275754422475,"Sigma":0.2514685131517012,"Taucorr":0.013882314815896524},"Iteration":44},
{"Acceptance":[0.008576124705071445],"Energy":{"Mean":-2895.0030241935483,"Sigma":0.1524081092596935,"Taucorr":4.169756440537946},"EnergyVariance":{"Mean":2.4647085961888657,"Sigma":0.5372637496441014,"Taucorr":0.6174979490150394},"Iteration":45},
{"Acceptance":[0.007621749158293788],"Energy":{"Mean":-2895.1300403225796,"Sigma":0.13931096621839975,"Taucorr":2.060099754311215},"EnergyVariance":{"Mean":3.75627499837409,"Sigma":1.2751623125094647,"Taucorr":0.649910264948528},"Iteration":46},
{"Acceptance":[0.00757756510520223],"Energy":{"Mean":-2895.3820564516127,"Sigma":0.09302711530194416,"Taucorr":2.9918503929925815},"EnergyVariance":{"Mean":1.2280248032648278,"Sigma":0.21824360041884502,"Taucorr":0.05539241917605331},"Iteration":47},
{"Acceptance":[0.006424361319512561],"Energy":{"Mean":-2895.723790322581,"Sigma":0.07778618431314145,"Taucorr":1.9819211843660973},"EnergyVariance":{"Mean":1.207982407648283,"Sigma":0.3542836765799224,"Taucorr":0.5132488959493606},"Iteration":48},
{"Acceptance":[0.006044378462925161],"Energy":{"Mean":-2895.908266129032,"Sigma":0.03477846929945004,"Taucorr":0.34612755147690377},"EnergyVariance":{"Mean":0.7083187678850155,"Sigma":0.18351166998790186,"Taucorr":-0.031183956747568964},"Iteration":49} 
]}