{"Output": [
{"Acceptance":[0.6344052361980649],"Energy":{"Mean":-3939.33064516129,"Sigma":3.9072992607435784,"Taucorr":0.023217409308669335},"EnergyVariance":{"Mean":1794.5116415192504,"Sigma":296.77544530295006,"Taucorr":0.053957399787886384},"Iteration":0},
{"Acceptance":[0.1831815594763802],"Energy":{"Mean":-4022.717741935484,"Sigma":2.5230854003709466,"Taucorr":0.1569335311182155},"EnergyVariance":{"Mean":595.9606529656608,"Sigma":85.90787860911342,"Taucorr":0.19932998230287458},"Iteration":1},
{"Acceptance":[0.11627774615822424],"Energy":{"Mean":-4092.4999999999995,"Sigma":2.4660054330229957,"Taucorr":0.5341658675824561},"EnergyVariance":{"Mean":361.6370967741936,"Sigma":48.22264509363408,"Taucorr":0.2215307383023727},"Iteration":2},
{"Acceptance":[0.05896414342629482],"Energy":{"Mean":-4148.540322580644,"Sigma":1.6366968100855732,"Taucorr":0.20964297310343072},"EnergyVariance":{"Mean":232.15159989594173,"Sigma":24.7665914990931,"Taucorr":-0.023252744917315382},"Iteration":3},
{"Acceptance":[0.035685828116107],"Energy":{"Mean":-4180.435483870968,"Sigma":0.8845270698836366,"Taucorr":0.05821686288831385},"EnergyVariance":{"Mean":86.1974505723205,"Sigma":9.72803033137096,"Taucorr":0.09792733761997818},"Iteration":4},
{"Acceptance":[0.026607854297097326],"Energy":{"Mean":-4197.572580645162,"Sigma":0.9734509025777738,"Taucorr":0.4550776091500409},"EnergyVariance":{"Mean":61.01892559833505,"Sigma":10.393323157997745,"Taucorr":0.25689865690692815},"Iteration":5},
{"Acceptance":[0.023676721684689813],"Energy":{"Mean":-4204.967741935484,"Sigma":0.6915136443778445,"Taucorr":0.3291933780274767},"EnergyVariance":{"Mean":35.46670135275754,"Sigma":7.0850465265803395,"Taucorr":0.23980403201850375},"Iteration":6},
{"Acceptance":[0.017416050085372795],"Energy":{"Mean":-4213.669354838708,"Sigma":0.8723952857006072,"Taucorr":0.29316591044597384},"EnergyVariance":{"Mean":59.011641519250766,"Sigma":13.165159777723487,"Taucorr":0.6281848646696355},"Iteration":7},
{"Acceptance":[0.013745019920318725],"Energy":{"Mean":-4226.467741935484,"Sigma":0.974040880297028,"Taucorr":0.0033935460848211196},"EnergyVariance":{"Mean":115.91024973985432,"Sigma":11.038451691331282,"Taucorr":-0.040795633433186096},"Iteration":8},
{"Acceptance":[0.012350597609561753],"Energy":{"Mean":-4236.532258064516,"Sigma":1.046611399439123,"Taucorr":0.12728590703518416},"EnergyVariance":{"Mean":107.39412070759627,"Sigma":9.841081202101314,"Taucorr":-0.024574425216229934},"Iteration":9},
{"Acceptance":[0.010984632896983494],"Energy":{"Mean":-4243.935483870968,"Sigma":0.5908086018530874,"Taucorr":0.17330284436758292},"EnergyVariance":{"Mean":31.882934443288246,"Sigma":6.426276837120903,"Taucorr":0.1308176937715968},"Iteration":10},
{"Acceptance":[0.007626636311895276],"Energy":{"Mean":-4246.395161290322,"Sigma":0.611029251709496,"Taucorr":0.24385801903387916},"EnergyVariance":{"Mean":30.868041103017685,"Sigma":7.107175433266265,"Taucorr":0.09121702113774133},"Iteration":11},
{"Acceptance":[0.007825839499146272],"Energy":{"Mean":-4249.435483870968,"Sigma":0.35145009548301037,"Taucorr":0.21658691010834663},"EnergyVariance":{"Mean":10.600676378772112,"Sigma":2.716587232191638,"Taucorr":-0.03483229648480962},"Iteration":12},
{"Acceptance":[0.0037848605577689245],"Energy":{"Mean":-4250.056451612903,"Sigma":0.2352388620823301,"Taucorr":0.13306234045903265},"EnergyVariance":{"Mean":5.37584547346514,"Sigma":0.9013140696043581,"Taucorr":0.2593887026228169},"Iteration":13},
{"Acceptance":[0.0026750142287990893],"Energy":{"Mean":-4251.112903225808,"Sigma":0.15019642590450655,"Taucorr":0.4130414312616979},"EnergyVariance":{"Mean":1.5195109261186266,"Sigma":0.44600462915784705,"Taucorr":0.34635077105886414},"Iteration":14},
{"Acceptance":[0.0031872509960159364],"Energy":{"Mean":-4251.443548387097,"Sigma":0.14466761933217342,"Taucorr":0.19815853529457006},"EnergyVariance":{"Mean":1.8435874089490114,"Sigma":0.6994653026601111,"Taucorr":0.42664122424582507},"Iteration":15},
{"Acceptance":[0.00398406374501992],"Energy":{"Mean":-4251.741935483872,"Sigma":0.21704388305843875,"Taucorr":0.5700062451960255},"EnergyVariance":{"Mean":2.707596253902185,"Sigma":1.4937998621369746,"Taucorr":0.7924684678234744},"Iteration":16},
{"Acceptance":[0.0019351166761525328],"Energy":{"Mean":-4252.653225806452,"Sigma":0.1284091135819992,"Taucorr":0.5831747134420502},"EnergyVariance":{"Mean":0.9361992715920915,"Sigma":0.517117403282803,"Taucorr":0.9525341329546522},"Iteration":17},
{"Acceptance":[0.00099601593625498],"Energy":{"Mean":-4252.233870967741,"Sigma":0.3970549317157741,"Taucorr":0.7265222506518725},"EnergyVariance":{"Mean":7.904981789802289,"Sigma":4.985994009898407,"Taucorr":0.7976265210944165},"Iteration":18},
{"Acceptance":[0.00022766078542970974],"Energy":{"Mean":-4252.919354838708,"Sigma":0.07275963592674858,"Taucorr":0.9846085409259462},"EnergyVariance":{"Mean":0.21930280957336104,"Sigma":0.20592091019130265,"Taucorr":1.0205774123603664},"Iteration":19},
{"Acceptance":[0.00022766078542970974],"Energy":{"Mean":-4253.0,"Sigma":0.0,"Taucorr":null},"EnergyVariance":{"Mean":0.0,"Sigma":0.0,"Taucorr":null},"Iteration":20},
{"Acceptance":[0.00022766078542970974],"Energy":{"Mean":-4252.9516129032245,"Sigma":0.03558148840383459,"Taucorr":0.32451790633657074},"EnergyVariance":{"Mean":0.0944328824141519,"Sigma":0.06771960696200686,"Taucorr":0.3245179063360877},"Iteration":21},
{"Acceptance":[5.6915196357427435e-05],"Energy":{"Mean":-4252.975806451614,"Sigma":0.02419354838710208,"Taucorr":2.318145675417327e-13},"EnergyVariance":{"Mean":0.07199531737773154,"Sigma":0.0714099895942068,"Taucorr":0.0},"Iteration":22},
{"Acceptance":[0.0],"Energy":{"Mean":-4253.0,"Sigma":0.0,"Taucorr":null},"EnergyVariance":{"Mean":0.0,"Sigma":0.0,"Taucorr":null},"Iteration":23},
{"Acceptance":[5.6915196357427435e-05],"Energy":{"Mean":-4252.959677419354,"Sigma":0.04032258064515542,"Taucorr":-1.504352198367087e-13},"EnergyVariance":{"Mean":0.19998699271592094,"Sigma":0.19836108220598334,"Taucorr":0.0},"Iteration":24},
{"Acceptance":[0.00011383039271485487],"Energy":{"Mean":-4252.9838709677415,"Sigma":0.016129032258066542,"Taucorr":-7.771561172376096e-15},"EnergyVariance":{"Mean":0.03199791883454735,"Sigma":0.03173777315295146,"Taucorr":0.0},"Iteration":25},
{"Acceptance":[5.6915196357427435e-05],"Energy":{"Mean":-4252.975806451614,"Sigma":0.02419354838708101,"Taucorr":-5.028200078527334e-13},"EnergyVariance":{"Mean":0.0719953173777315,"Sigma":0.07140998959420679,"Taucorr":-2.220446049250313e-16},"Iteration":26},
{"Acceptance":[5.6915196357427435e-05],"Energy":{"Mean":-4252.935483870968,"Sigma":0.06451612903225955,"Taucorr":0.5081967213114744},"EnergyVariance":{"Mean":0.2539021852237252,"Sigma":0.24973985431842585,"Taucorr":0.5081967213114749},"Iteration":27},
{"Acceptance":[5.6915196357427435e-05],"Energy":{"Mean":-4252.943548387096,"Sigma":0.056451612903229066,"Taucorr":4.574118861455645e-14},"EnergyVariance":{"Mean":0.3919745057232051,"Sigma":0.38878772112370685,"Taucorr":2.220446049250313e-16},"Iteration":28},
{"Acceptance":[0.00011383039271485487],"Energy":{"Mean":-4252.959677419355,"Sigma":0.04032258064515738,"Taucorr":-8.781864124784988e-14},"EnergyVariance":{"Mean":0.19998699271592088,"Sigma":0.19836108220605667,"Taucorr":0.0},"Iteration":29},
{"Acceptance":[0.00011383039271485487],"Energy":{"Mean":-4252.919354838709,"Sigma":0.05234693094467472,"Taucorr":0.3294494238154191},"EnergyVariance":{"Mean":0.20317377731529657,"Sigma":0.14150681680085764,"Taucorr":0.4127604825020985},"Iteration":30},
{"Acceptance":[0.0],"Energy":{"Mean":-4253.0,"Sigma":0.0,"Taucorr":null},"EnergyVariance":{"Mean":0.0,"Sigma":0.0,"Taucorr":null},"Iteration":31},
{"Acceptance":[0.00011383039271485487],"Energy":{"Mean":-4252.967741935484,"Sigma":0.032258064516126755,"Taucorr":-1.2112533198660458e-13},"EnergyVariance":{"Mean":0.1279916753381894,"Sigma":0.12695109261186452,"Taucorr":-2.220446049250313e-16},"Iteration":32},
{"Acceptance":[0.0],"Energy":{"Mean":-4253.0,"Sigma":0.0,"Taucorr":null},"EnergyVariance":{"Mean":0.0,"Sigma":0.0,"Taucorr":null},"Iteration":33},
{"Acceptance":[0.0],"Energy":{"Mean":-4253.0,"Sigma":0.0,"Taucorr":null},"EnergyVariance":{"Mean":0.0,"Sigma":0.0,"Taucorr":null},"Iteration":34},
{"Acceptance":[0.00011383039271485487],"Energy":{"Mean":-4252.975806451614,"Sigma":0.024193548387098626,"Taucorr":9.747758156208874e-14},"EnergyVariance":{"Mean":0.07199531737773153,"Sigma":0.0714099895942068,"Taucorr":0.0},"Iteration":35},
{"Acceptance":[0.0],"Energy":{"Mean":-4253.0,"Sigma":0.0,"Taucorr":null},"EnergyVariance":{"Mean":0.0,"Sigma":0.0,"Taucorr":null},"Iteration":36},
{"Acceptance":[5.6915196357427435e-05],"Energy":{"Mean":-4252.959677419355,"Sigma":0.04032258064514847,"Taucorr":-2.4713564528155985e-13},"EnergyVariance":{"Mean":0.19998699271592088,"Sigma":0.19836108220605667,"Taucorr":2.220446049250313e-16},"Iteration":37},
{"Acceptance":[0.0],"Energy":{"Mean":-4253.0,"Sigma":0.0,"Taucorr":null},"EnergyVariance":{"Mean":0.0,"Sigma":0.0,"Taucorr":null},"Iteration":38},
{"Acceptance":[0.0001707455890722823],"Energy":{"Mean":-4252.967741935484,"Sigma":0.032258064516130315,"Taucorr":3.3306690738754696e-15},"EnergyVariance":{"Mean":0.12799167533818942,"Sigma":0.12695109261186455,"Taucorr":0.0},"Iteration":39},
{"Acceptance":[0.00011383039271485487],"Energy":{"Mean":-4252.983870967743,"Sigma":0.011213254631529711,"Taucorr":-0.012704918031531842},"EnergyVariance":{"Mean":0.01586888657648283,"Sigma":0.010851536740204813,"Taucorr":-0.012704918032786672},"Iteration":40},
{"Acceptance":[0.0],"Energy":{"Mean":-4253.0,"Sigma":0.0,"Taucorr":null},"EnergyVariance":{"Mean":0.0,"Sigma":0.0,"Taucorr":null},"Iteration":41},
{"Acceptance":[0.00011383039271485487],"Energy":{"Mean":-4252.782258064516,"Sigma":0.21774193548389342,"Taucorr":1.0247933884299194},"EnergyVariance":{"Mean":1.9122658688865761,"Sigma":1.864854318418301,"Taucorr":1.0247933884297502},"Iteration":42},
{"Acceptance":[5.6915196357427435e-05],"Energy":{"Mean":-4253.0,"Sigma":0.0,"Taucorr":null},"EnergyVariance":{"Mean":0.0,"Sigma":0.0,"Taucorr":null},"Iteration":43},
{"Acceptance":[0.0],"Energy":{"Mean":-4253.0,"Sigma":0.0,"Taucorr":null},"EnergyVariance":{"Mean":0.0,"Sigma":0.0,"Taucorr":null},"Iteration":44},
{"Acceptance":[0.0],"Energy":{"Mean":-4253.0,"Sigma":0.0,"Taucorr":null},"EnergyVariance":{"Mean":0.0,"Sigma":0.0,"Taucorr":null},"Iteration":45},
{"Acceptance":[0.0],"Energy":{"Mean":-4253.0,"Sigma":0.0,"Taucorr":null},"EnergyVariance":{"Mean":0.0,"Sigma":0.0,"Taucorr":null},"Iteration":46},
{"Acceptance":[0.00011383039271485487],"Energy":{"Mean":-4252.870967741936,"Sigma":0.0732051981800531,"Taucorr":0.31841085271298186},"EnergyVariance":{"Mean":0.4027055150884496,"Sigma":0.21556079945430426,"Taucorr":0.24411438675854458},"Iteration":47},
{"Acceptance":[5.6915196357427435e-05],"Energy":{"Mean":-4252.983870967742,"Sigma":0.016129032258066552,"Taucorr":1.1235457009206584e-13},"EnergyVariance":{"Mean":0.03199791883454734,"Sigma":0.0317377731529808,"Taucorr":-2.220446049250313e-16},"Iteration":48},
{"Acceptance":[0.0],"Energy":{"Mean":-4253.0,"Sigma":0.0,"Taucorr":null},"EnergyVariance":{"Mean":0.0,"Sigma":0.0,"Taucorr":null},"Iteration":49},
{"Acceptance":[0.0],"Energy":{"Mean":-4253.0,"Sigma":0.0,"Taucorr":null},"EnergyVariance":{"Mean":0.0,"Sigma":0.0,"Taucorr":null},"Iteration":50},
{"Acceptance":[0.00011383039271485487],"Energy":{"Mean":-4252.959677419355,"Sigma":0.028626192498866714,"Taucorr":-0.011720226843178527},"EnergyVariance":{"Mean":0.10321279916753379,"Sigma":0.07616510683435633,"Taucorr":-0.009322252609536563},"Iteration":51},
{"Acceptance":[0.0],"Energy":{"Mean":-4253.0,"Sigma":0.0,"Taucorr":null},"EnergyVariance":{"Mean":0.0,"Sigma":0.0,"Taucorr":null},"Iteration":52},
{"Acceptance":[0.0],"Energy":{"Mean":-4253.0,"Sigma":0.0,"Taucorr":null},"EnergyVariance":{"Mean":0.0,"Sigma":0.0,"Taucorr":null},"Iteration":53},
{"Acceptance":[5.6915196357427435e-05],"Energy":{"Mean":-4252.903225806452,"Sigma":0.06727952778907619,"Taucorr":-0.012704918032788337},"EnergyVariance":{"Mean":0.5712799167533819,"Sigma":0.3906553226462718,"Taucorr":-0.012704918032786783},"Iteration":54},
{"Acceptance":[5.6915196357427435e-05],"Energy":{"Mean":-4253.0,"Sigma":0.0,"Taucorr":null},"EnergyVariance":{"Mean":0.0,"Sigma":0.0,"Taucorr":null},"Iteration":55},
{"Acceptance":[5.6915196357427435e-05],"Energy":{"Mean":-4253.0,"Sigma":0.0,"Taucorr":null},"EnergyVariance":{"Mean":0.0,"Sigma":0.0,"Taucorr":null},"Iteration":56},
{"Acceptance":[5.6915196357427435e-05],"Energy":{"Mean":-4253.0,"Sigma":0.0,"Taucorr":null},"EnergyVariance":{"Mean":0.0,"Sigma":0.0,"Taucorr":null},"Iteration":57},
{"Acceptance":[5.6915196357427435e-05],"Energy":{"Mean":-4253.0,"Sigma":0.0,"Taucorr":null},"EnergyVariance":{"Mean":0.0,"Sigma":0.0,"Taucorr":null},"Iteration":58},
{"Acceptance":[5.6915196357427435e-05],"Energy":{"Mean":-4253.032258064516,"Sigma":0.03225806451613516,"Taucorr":1.8096635301390052e-13},"EnergyVariance":{"Mean":0.12799167533818942,"Sigma":0.12695109261186455,"Taucorr":0.0},"Iteration":59},
{"Acceptance":[0.0],"Energy":{"Mean":-4253.0,"Sigma":0.0,"Taucorr":null},"EnergyVariance":{"Mean":0.0,"Sigma":0.0,"Taucorr":null},"Iteration":60},
{"Acceptance":[0.0],"Energy":{"Mean":-4253.0,"Sigma":0.0,"Taucorr":null},"EnergyVariance":{"Mean":0.0,"Sigma":0.0,"Taucorr":null},"Iteration":61},
{"Acceptance":[5.6915196357427435e-05],"Energy":{"Mean":-4253.0,"Sigma":0.0,"Taucorr":null},"EnergyVariance":{"Mean":0.0,"Sigma":0.0,"Taucorr":null},"Iteration":62},
{"Acceptance":[0.0],"Energy":{"Mean":-4253.0,"Sigma":0.0,"Taucorr":null},"EnergyVariance":{"Mean":0.0,"Sigma":0.0,"Taucorr":null},"Iteration":63},
{"Acceptance":[5.6915196357427435e-05],"Energy":{"Mean":-4252.9838709677415,"Sigma":0.016129032258119062,"Taucorr":2.652988939644274e-12},"EnergyVariance":{"Mean":0.03199791883454736,"Sigma":0.03173777315295147,"Taucorr":0.0},"Iteration":64},
{"Acceptance":[0.0],"Energy":{"Mean":-4253.0,"Sigma":0.0,"Taucorr":null},"EnergyVariance":{"Mean":0.0,"Sigma":0.0,"Taucorr":null},"Iteration":65},
{"Acceptance":[5.6915196357427435e-05],"Energy":{"Mean":-4253.0,"Sigma":0.0,"Taucorr":null},"EnergyVariance":{"Mean":0.0,"Sigma":0.0,"Taucorr":null},"Iteration":66},
{"Acceptance":[0.0],"Energy":{"Mean":-4253.0,"Sigma":0.0,"Taucorr":null},"EnergyVariance":{"Mean":0.0,"Sigma":0.0,"Taucorr":null},"Iteration":67},
{"Acceptance":[0.00011383039271485487],"Energy":{"Mean":-4253.0161290322585,"Sigma":0.01612903225807282,"Taucorr":2.915445662665661e-13},"EnergyVariance":{"Mean":0.031997918834547355,"Sigma":0.03173777315295146,"Taucorr":-2.220446049250313e-16},"Iteration":68},
{"Acceptance":[0.0],"Energy":{"Mean":-4253.0,"Sigma":0.0,"Taucorr":null},"EnergyVariance":{"Mean":0.0,"Sigma":0.0,"Taucorr":null},"Iteration":69},
{"Acceptance":[0.0],"Energy":{"Mean":-4253.0,"Sigma":0.0,"Taucorr":null},"EnergyVariance":{"Mean":0.0,"Sigma":0.0,"Taucorr":null},"Iteration":70},
{"Acceptance":[5.6915196357427435e-05],"Energy":{"Mean":-4253.0,"Sigma":0.0,"Taucorr":null},"EnergyVariance":{"Mean":0.0,"Sigma":0.0,"Taucorr":null},"Iteration":71},
{"Acceptance":[0.0],"Energy":{"Mean":-4253.0,"Sigma":0.0,"Taucorr":null},"EnergyVariance":{"Mean":0.0,"Sigma":0.0,"Taucorr":null},"Iteration":72},
{"Acceptance":[0.0],"Energy":{"Mean":-4253.0,"Sigma":0.0,"Taucorr":null},"EnergyVariance":{"Mean":0.0,"Sigma":0.0,"Taucorr":null},"Iteration":73},
{"Acceptance":[0.0],"Energy":{"Mean":-4253.0,"Sigma":0.0,"Taucorr":null},"EnergyVariance":{"Mean":0.0,"Sigma":0.0,"Taucorr":null},"Iteration":74},
{"Acceptance":[5.6915196357427435e-05],"Energy":{"Mean":-4253.0,"Sigma":0.0,"Taucorr":null},"EnergyVariance":{"Mean":0.0,"Sigma":0.0,"Taucorr":null},"Iteration":75},
{"Acceptance":[5.6915196357427435e-05],"Energy":{"Mean":-4252.967741935484,"Sigma":0.03225806451612401,"Taucorr":-1.9706458687096529e-13},"EnergyVariance":{"Mean":0.1279916753381894,"Sigma":0.12695109261186452,"Taucorr":-2.220446049250313e-16},"Iteration":76},
{"Acceptance":[5.6915196357427435e-05],"Energy":{"Mean":-4253.0,"Sigma":0.0,"Taucorr":null},"EnergyVariance":{"Mean":0.0,"Sigma":0.0,"Taucorr":null},"Iteration":77},
{"Acceptance":[0.0],"Energy":{"Mean":-4253.0,"Sigma":0.0,"Taucorr":null},"EnergyVariance":{"Mean":0.0,"Sigma":0.0,"Taucorr":null},"Iteration":78},
{"Acceptance":[0.0],"Energy":{"Mean":-4253.0,"Sigma":0.0,"Taucorr":null},"EnergyVariance":{"Mean":0.0,"Sigma":0.0,"Taucorr":null},"Iteration":79},
{"Acceptance":[5.6915196357427435e-05],"Energy":{"Mean":-4252.991935483872,"Sigma":0.008064516129024694,"Taucorr":-6.020739462542224e-13},"EnergyVariance":{"Mean":0.007999479708636835,"Sigma":0.00793444328825987,"Taucorr":2.220446049250313e-16},"Iteration":80},
{"Acceptance":[5.6915196357427435e-05],"Energy":{"Mean":-4252.975806451614,"Sigma":0.02419354838709266,"Taucorr":-1.4810375148499588e-13},"EnergyVariance":{"Mean":0.07199531737773153,"Sigma":0.0714099895942068,"Taucorr":2.220446049250313e-16},"Iteration":81},
{"Acceptance":[0.0],"Energy":{"Mean":-4253.0,"Sigma":0.0,"Taucorr":null},"EnergyVariance":{"Mean":0.0,"Sigma":0.0,"Taucorr":null},"Iteration":82},
{"Acceptance":[5.6915196357427435e-05],"Energy":{"Mean":-4253.0,"Sigma":0.0,"Taucorr":null},"EnergyVariance":{"Mean":0.0,"Sigma":0.0,"Taucorr":null},"Iteration":83},
{"Acceptance":[0.0],"Energy":{"Mean":-4253.0,"Sigma":0.0,"Taucorr":null},"EnergyVariance":{"Mean":0.0,"Sigma":0.0,"Taucorr":null},"Iteration":84},
{"Acceptance":[5.6915196357427435e-05],"Energy":{"Mean":-4252.879032258064,"Sigma":0.08895372100954457,"Taucorr":0.3245179063361744},"EnergyVariance":{"Mean":0.5902055150884497,"Sigma":0.42324754351310934,"Taucorr":0.324517906336088},"Iteration":85},
{"Acceptance":[0.0],"Energy":{"Mean":-4253.0,"Sigma":0.0,"Taucorr":null},"EnergyVariance":{"Mean":0.0,"Sigma":0.0,"Taucorr":null},"Iteration":86},
{"Acceptance":[5.6915196357427435e-05],"Energy":{"Mean":-4253.0,"Sigma":0.0,"Taucorr":null},"EnergyVariance":{"Mean":0.0,"Sigma":0.0,"Taucorr":null},"Iteration":87},
{"Acceptance":[0.0],"Energy":{"Mean":-4253.0,"Sigma":0.0,"Taucorr":null},"EnergyVariance":{"Mean":0.0,"Sigma":0.0,"Taucorr":null},"Iteration":88},
{"Acceptance":[5.6915196357427435e-05],"Energy":{"Mean":-4253.0,"Sigma":0.0,"Taucorr":null},"EnergyVariance":{"Mean":0.0,"Sigma":0.0,"Taucorr":null},"Iteration":89},
{"Acceptance":[0.0],"Energy":{"Mean":-4253.0,"Sigma":0.0,"Taucorr":null},"EnergyVariance":{"Mean":0.0,"Sigma":0.0,"Taucorr":null},"Iteration":90},
{"Acceptance":[0.0],"Energy":{"Mean":-4253.0,"Sigma":0.0,"Taucorr":null},"EnergyVariance":{"Mean":0.0,"Sigma":0.0,"Taucorr":null},"Iteration":91},
{"Acceptance":[5.6915196357427435e-05],"Energy":{"Mean":-4253.0,"Sigma":0.0,"Taucorr":null},"EnergyVariance":{"Mean":0.0,"Sigma":0.0,"Taucorr":null},"Iteration":92},
{"Acceptance":[0.0],"Energy":{"Mean":-4253.0,"Sigma":0.0,"Taucorr":null},"EnergyVariance":{"Mean":0.0,"Sigma":0.0,"Taucorr":null},"Iteration":93},
{"Acceptance":[0.0],"Energy":{"Mean":-4253.0,"Sigma":0.0,"Taucorr":null},"EnergyVariance":{"Mean":0.0,"Sigma":0.0,"Taucorr":null},"Iteration":94},
{"Acceptance":[0.0],"Energy":{"Mean":-4253.0,"Sigma":0.0,"Taucorr":null},"EnergyVariance":{"Mean":0.0,"Sigma":0.0,"Taucorr":null},"Iteration":95},
{"Acceptance":[0.0],"Energy":{"Mean":-4253.0,"Sigma":0.0,"Taucorr":null},"EnergyVariance":{"Mean":0.0,"Sigma":0.0,"Taucorr":null},"Iteration":96},
{"Acceptance":[0.0],"Energy":{"Mean":-4253.0,"Sigma":0.0,"Taucorr":null},"EnergyVariance":{"Mean":0.0,"Sigma":0.0,"Taucorr":null},"Iteration":97},
{"Acceptance":[5.6915196357427435e-05],"Energy":{"Mean":-4252.927419354839,"Sigma":0.0725806451612895,"Taucorr":1.024793388429601},"EnergyVariance":{"Mean":0.2124739854318419,"Sigma":0.2072060353798553,"Taucorr":1.0247933884297526},"Iteration":98},
{"Acceptance":[0.0],"Energy":{"Mean":-4253.0,"Sigma":0.0,"Taucorr":null},"EnergyVariance":{"Mean":0.0,"Sigma":0.0,"Taucorr":null},"Iteration":99} 
]}