{"Output": [
{"Acceptance":[0.01020408163265306],"Energy":{"Mean":-584.5241935483872,"Sigma":0.17748043914240472,"Taucorr":0.30358539941185136},"EnergyVariance":{"Mean":2.4107049947970856,"Sigma":0.6783433050356056,"Taucorr":0.02825030721118371},"Iteration":0},
{"Acceptance":[0.007770800627943485],"Energy":{"Mean":-587.3306451612904,"Sigma":0.09446161589900864,"Taucorr":0.2963945257196875},"EnergyVariance":{"Mean":0.68906087408949,"Sigma":0.14560343185306585,"Taucorr":0.2779843881699786},"Iteration":1},
{"Acceptance":[0.005023547880690738],"Energy":{"Mean":-589.0564516129035,"Sigma":0.08091353195319016,"Taucorr":0.15175281608595925},"EnergyVariance":{"Mean":0.6177809573361083,"Sigma":0.39885590705088914,"Taucorr":-0.011626402885315246},"Iteration":2},
{"Acceptance":[0.002904238618524333],"Energy":{"Mean":-589.9758064516128,"Sigma":0.02419354838709745,"Taucorr":0.14435389988359704},"EnergyVariance":{"Mean":0.05586628511966702,"Sigma":0.021722579810382628,"Taucorr":0.06694715896598591},"Iteration":3},
{"Acceptance":[0.0020408163265306124],"Energy":{"Mean":-589.8467741935483,"Sigma":0.08650736446588932,"Taucorr":-0.02477335303198208},"EnergyVariance":{"Mean":0.9684573361082206,"Sigma":0.5647532933130606,"Taucorr":-0.021025794456185964},"Iteration":4},
{"Acceptance":[0.001805337519623234],"Energy":{"Mean":-589.9677419354837,"Sigma":0.025245928778226175,"Taucorr":-0.007598039215593044},"EnergyVariance":{"Mean":0.07960457856399586,"Sigma":0.07116884104734124,"Taucorr":-0.002651924281302731},"Iteration":5},
{"Acceptance":[0.0027472527472527475],"Energy":{"Mean":-590.0,"Sigma":0.059115341967326,"Taucorr":0.7113636363636209},"EnergyVariance":{"Mean":0.1774193548387097,"Sigma":0.10251773278755294,"Taucorr":0.7125915080527088},"Iteration":6},
{"Acceptance":[0.003532182103610675],"Energy":{"Mean":-589.9112903225806,"Sigma":0.0916899191648029,"Taucorr":0.7816217959051928},"EnergyVariance":{"Mean":0.4034209157127991,"Sigma":0.3461676827680548,"Taucorr":0.6208613243203536},"Iteration":7},
{"Acceptance":[0.003610675039246468],"Energy":{"Mean":-590.0645161290323,"Sigma":0.030602687033886987,"Taucorr":0.454310344827611},"EnergyVariance":{"Mean":0.06035379812695108,"Sigma":0.02665395322305997,"Taucorr":0.45431034482758614},"Iteration":8},
{"Acceptance":[0.00847723704866562],"Energy":{"Mean":-590.1290322580645,"Sigma":0.07134552429046766,"Taucorr":0.011193712829232982},"EnergyVariance":{"Mean":0.6123829344432882,"Sigma":0.23289795495493654,"Taucorr":-0.009801487027384481},"Iteration":9},
{"Acceptance":[0.01185243328100471],"Energy":{"Mean":-590.3790322580646,"Sigma":0.10031601126366313,"Taucorr":0.42254968492485556},"EnergyVariance":{"Mean":0.670850676378772,"Sigma":0.1324451587843706,"Taucorr":0.1655460781049951},"Iteration":10},
{"Acceptance":[0.002119309262166405],"Energy":{"Mean":-590.7983870967741,"Sigma":0.08785018622778781,"Taucorr":0.6327021573801381},"EnergyVariance":{"Mean":0.4190296566077002,"Sigma":0.22196725560427666,"Taucorr":0.7577118681424788},"Iteration":11},
{"Acceptance":[0.0009419152276295133],"Energy":{"Mean":-590.9758064516127,"Sigma":0.017790744201908498,"Taucorr":0.3245179063361524},"EnergyVariance":{"Mean":0.02360822060353798,"Sigma":0.016929901740517905,"Taucorr":0.32451790633608824},"Iteration":12},
{"Acceptance":[0.0006279434850863422],"Energy":{"Mean":-590.991935483871,"Sigma":0.00806451612903225,"Taucorr":1.7985612998927536e-14},"EnergyVariance":{"Mean":0.007999479708636837,"Sigma":0.007934443288241534,"Taucorr":0.0},"Iteration":13},
{"Acceptance":[0.0009419152276295133],"Energy":{"Mean":-590.9596774193549,"Sigma":0.028626192498871383,"Taucorr":0.07871545929805801},"EnergyVariance":{"Mean":0.08708376690946933,"Sigma":0.07168396745906044,"Taucorr":0.005712133074363135},"Iteration":14},
{"Acceptance":[0.0007849293563579278],"Energy":{"Mean":-590.9274193548387,"Sigma":0.057024740418267286,"Taucorr":-0.007448342143234032},"EnergyVariance":{"Mean":0.40602237252861606,"Sigma":0.38662568154611415,"Taucorr":-0.0009059516816232738},"Iteration":15},
{"Acceptance":[0.00015698587127158556],"Energy":{"Mean":-590.991935483871,"Sigma":0.008064516129032558,"Taucorr":2.731148640577885e-14},"EnergyVariance":{"Mean":0.007999479708636837,"Sigma":0.007934443288241534,"Taucorr":0.0},"Iteration":16},
{"Acceptance":[0.0003139717425431711],"Energy":{"Mean":-590.8709677419355,"Sigma":0.10098371511289729,"Taucorr":0.7556250000000322},"EnergyVariance":{"Mean":0.49947970863683655,"Sigma":0.37787454687405464,"Taucorr":0.7556249999999998},"Iteration":17},
{"Acceptance":[0.00047095761381475666],"Energy":{"Mean":-591.0,"Sigma":0.0,"Taucorr":null},"EnergyVariance":{"Mean":0.0,"Sigma":0.0,"Taucorr":null},"Iteration":18},
{"Acceptance":[0.0003139717425431711],"Energy":{"Mean":-591.0,"Sigma":0.0,"Taucorr":null},"EnergyVariance":{"Mean":0.0,"Sigma":0.0,"Taucorr":null},"Iteration":19},
{"Acceptance":[0.0006279434850863422],"Energy":{"Mean":-590.9758064516128,"Sigma":0.01779074420191031,"Taucorr":0.32451790633624855},"EnergyVariance":{"Mean":0.023608220603537986,"Sigma":0.016929901740521947,"Taucorr":0.324517906336088},"Iteration":20},
{"Acceptance":[0.0009419152276295133],"Energy":{"Mean":-590.9435483870969,"Sigma":0.030030623750037212,"Taucorr":0.5412698412697283},"EnergyVariance":{"Mean":0.05326482830385015,"Sigma":0.026640069455691206,"Taucorr":0.5412698412698416},"Iteration":21},
{"Acceptance":[0.001098901098901099],"Energy":{"Mean":-590.9758064516127,"Sigma":0.017790744201909934,"Taucorr":-0.010147299508902752},"EnergyVariance":{"Mean":0.0397372528616025,"Sigma":0.03215013679967612,"Taucorr":-0.005821639123294975},"Iteration":22},
{"Acceptance":[0.0003139717425431711],"Energy":{"Mean":-591.0,"Sigma":0.0,"Taucorr":null},"EnergyVariance":{"Mean":0.0,"Sigma":0.0,"Taucorr":null},"Iteration":23},
{"Acceptance":[0.00015698587127158556],"Energy":{"Mean":-591.0,"Sigma":0.0,"Taucorr":null},"EnergyVariance":{"Mean":0.0,"Sigma":0.0,"Taucorr":null},"Iteration":24},
{"Acceptance":[0.0003139717425431711],"Energy":{"Mean":-591.0,"Sigma":0.0,"Taucorr":null},"EnergyVariance":{"Mean":0.0,"Sigma":0.0,"Taucorr":null},"Iteration":25},
{"Acceptance":[0.00015698587127158556],"Energy":{"Mean":-591.0,"Sigma":0.0,"Taucorr":null},"EnergyVariance":{"Mean":0.0,"Sigma":0.0,"Taucorr":null},"Iteration":26},
{"Acceptance":[0.0006279434850863422],"Energy":{"Mean":-591.0,"Sigma":0.0,"Taucorr":null},"EnergyVariance":{"Mean":0.0,"Sigma":0.0,"Taucorr":null},"Iteration":27},
{"Acceptance":[0.0006279434850863422],"Energy":{"Mean":-591.0,"Sigma":0.0,"Taucorr":null},"EnergyVariance":{"Mean":0.0,"Sigma":0.0,"Taucorr":null},"Iteration":28},
{"Acceptance":[0.00015698587127158556],"Energy":{"Mean":-590.9758064516128,"Sigma":0.0241935483870978,"Taucorr":3.3306690738754696e-14},"EnergyVariance":{"Mean":0.07199531737773154,"Sigma":0.0714099895941683,"Taucorr":0.0},"Iteration":29},
{"Acceptance":[0.00015698587127158556],"Energy":{"Mean":-591.0,"Sigma":0.0,"Taucorr":null},"EnergyVariance":{"Mean":0.0,"Sigma":0.0,"Taucorr":null},"Iteration":30},
{"Acceptance":[0.00047095761381475666],"Energy":{"Mean":-590.9758064516128,"Sigma":0.02419354838709789,"Taucorr":1.0247933884297915},"EnergyVariance":{"Mean":0.023608220603537986,"Sigma":0.02302289281997475,"Taucorr":1.0247933884297518},"Iteration":31},
{"Acceptance":[0.00047095761381475666],"Energy":{"Mean":-591.0,"Sigma":0.0,"Taucorr":null},"EnergyVariance":{"Mean":0.0,"Sigma":0.0,"Taucorr":null},"Iteration":32},
{"Acceptance":[0.0],"Energy":{"Mean":-591.0,"Sigma":0.0,"Taucorr":null},"EnergyVariance":{"Mean":0.0,"Sigma":0.0,"Taucorr":null},"Iteration":33},
{"Acceptance":[0.00015698587127158556],"Energy":{"Mean":-591.0,"Sigma":0.0,"Taucorr":null},"EnergyVariance":{"Mean":0.0,"Sigma":0.0,"Taucorr":null},"Iteration":34},
{"Acceptance":[0.00015698587127158556],"Energy":{"Mean":-591.0,"Sigma":0.0,"Taucorr":null},"EnergyVariance":{"Mean":0.0,"Sigma":0.0,"Taucorr":null},"Iteration":35},
{"Acceptance":[0.0003139717425431711],"Energy":{"Mean":-591.0,"Sigma":0.0,"Taucorr":null},"EnergyVariance":{"Mean":0.0,"Sigma":0.0,"Taucorr":null},"Iteration":36},
{"Acceptance":[0.00015698587127158556],"Energy":{"Mean":-591.0,"Sigma":0.0,"Taucorr":null},"EnergyVariance":{"Mean":0.0,"Sigma":0.0,"Taucorr":null},"Iteration":37},
{"Acceptance":[0.00047095761381475666],"Energy":{"Mean":-590.9919354838709,"Sigma":0.008064516129035963,"Taucorr":3.5704772471945034e-13},"EnergyVariance":{"Mean":0.007999479708636839,"Sigma":0.007934443288239699,"Taucorr":-2.220446049250313e-16},"Iteration":38},
{"Acceptance":[0.00015698587127158556],"Energy":{"Mean":-591.0,"Sigma":0.0,"Taucorr":null},"EnergyVariance":{"Mean":0.0,"Sigma":0.0,"Taucorr":null},"Iteration":39},
{"Acceptance":[0.0],"Energy":{"Mean":-591.0,"Sigma":0.0,"Taucorr":null},"EnergyVariance":{"Mean":0.0,"Sigma":0.0,"Taucorr":null},"Iteration":40},
{"Acceptance":[0.0006279434850863422],"Energy":{"Mean":-590.9435483870969,"Sigma":0.04292666511470472,"Taucorr":-0.008739780095913363},"EnergyVariance":{"Mean":0.2306841831425598,"Sigma":0.19839187083007973,"Taucorr":-0.003811424610193681},"Iteration":41},
{"Acceptance":[0.0],"Energy":{"Mean":-591.0,"Sigma":0.0,"Taucorr":null},"EnergyVariance":{"Mean":0.0,"Sigma":0.0,"Taucorr":null},"Iteration":42},
{"Acceptance":[0.00015698587127158556],"Energy":{"Mean":-591.0,"Sigma":0.0,"Taucorr":null},"EnergyVariance":{"Mean":0.0,"Sigma":0.0,"Taucorr":null},"Iteration":43},
{"Acceptance":[0.0003139717425431711],"Energy":{"Mean":-590.9516129032259,"Sigma":0.04838709677419353,"Taucorr":-4.440892098500626e-16},"EnergyVariance":{"Mean":0.2879812695109261,"Sigma":0.28563995837669526,"Taucorr":0.0},"Iteration":44},
{"Acceptance":[0.00047095761381475666],"Energy":{"Mean":-590.9354838709676,"Sigma":0.06451612903225949,"Taucorr":0.5081967213114917},"EnergyVariance":{"Mean":0.25390218522372526,"Sigma":0.24973985431839657,"Taucorr":0.5081967213114753},"Iteration":45},
{"Acceptance":[0.0003139717425431711],"Energy":{"Mean":-591.0,"Sigma":0.0,"Taucorr":null},"EnergyVariance":{"Mean":0.0,"Sigma":0.0,"Taucorr":null},"Iteration":46},
{"Acceptance":[0.0003139717425431711],"Energy":{"Mean":-590.9919354838709,"Sigma":0.008064516129034109,"Taucorr":1.942890293094024e-13},"EnergyVariance":{"Mean":0.007999479708636837,"Sigma":0.007934443288239699,"Taucorr":-2.220446049250313e-16},"Iteration":47},
{"Acceptance":[0.0003139717425431711],"Energy":{"Mean":-591.0,"Sigma":0.0,"Taucorr":null},"EnergyVariance":{"Mean":0.0,"Sigma":0.0,"Taucorr":null},"Iteration":48},
{"Acceptance":[0.0],"Energy":{"Mean":-591.0,"Sigma":0.0,"Taucorr":null},"EnergyVariance":{"Mean":0.0,"Sigma":0.0,"Taucorr":null},"Iteration":49},
{"Acceptance":[0.0003139717425431711],"Energy":{"Mean":-591.0,"Sigma":0.0,"Taucorr":null},"EnergyVariance":{"Mean":0.0,"Sigma":0.0,"Taucorr":null},"Iteration":50},
{"Acceptance":[0.0009419152276295133],"Energy":{"Mean":-591.0,"Sigma":0.0,"Taucorr":null},"EnergyVariance":{"Mean":0.0,"Sigma":0.0,"Taucorr":null},"Iteration":51},
{"Acceptance":[0.0003139717425431711],"Energy":{"Mean":-590.983870967742,"Sigma":0.016129032258063843,"Taucorr":-3.2085445411667024e-14},"EnergyVariance":{"Mean":0.031997918834547355,"Sigma":0.03173777315296613,"Taucorr":0.0},"Iteration":52},
{"Acceptance":[0.00015698587127158556],"Energy":{"Mean":-591.0,"Sigma":0.0,"Taucorr":null},"EnergyVariance":{"Mean":0.0,"Sigma":0.0,"Taucorr":null},"Iteration":53},
{"Acceptance":[0.0009419152276295133],"Energy":{"Mean":-590.9596774193548,"Sigma":0.028626192498870776,"Taucorr":-0.011720226843059234},"EnergyVariance":{"Mean":0.10321279916753381,"Sigma":0.07616510683433711,"Taucorr":-0.00932225260953573},"Iteration":54},
{"Acceptance":[0.0003139717425431711],"Energy":{"Mean":-591.0,"Sigma":0.0,"Taucorr":null},"EnergyVariance":{"Mean":0.0,"Sigma":0.0,"Taucorr":null},"Iteration":55},
{"Acceptance":[0.0003139717425431711],"Energy":{"Mean":-590.983870967742,"Sigma":0.016129032258064762,"Taucorr":8.215650382226158e-15},"EnergyVariance":{"Mean":0.03199791883454735,"Sigma":0.03173777315296613,"Taucorr":-2.220446049250313e-16},"Iteration":56},
{"Acceptance":[0.0003139717425431711],"Energy":{"Mean":-591.0,"Sigma":0.0,"Taucorr":null},"EnergyVariance":{"Mean":0.0,"Sigma":0.0,"Taucorr":null},"Iteration":57},
{"Acceptance":[0.00015698587127158556],"Energy":{"Mean":-591.0,"Sigma":0.0,"Taucorr":null},"EnergyVariance":{"Mean":0.0,"Sigma":0.0,"Taucorr":null},"Iteration":58},
{"Acceptance":[0.0006279434850863422],"Energy":{"Mean":-590.9919354838709,"Sigma":0.008064516129035963,"Taucorr":3.5704772471945034e-13},"EnergyVariance":{"Mean":0.007999479708636837,"Sigma":0.007934443288239699,"Taucorr":-2.220446049250313e-16},"Iteration":59},
{"Acceptance":[0.0],"Energy":{"Mean":-591.0,"Sigma":0.0,"Taucorr":null},"EnergyVariance":{"Mean":0.0,"Sigma":0.0,"Taucorr":null},"Iteration":60},
{"Acceptance":[0.0003139717425431711],"Energy":{"Mean":-591.0,"Sigma":0.0,"Taucorr":null},"EnergyVariance":{"Mean":0.0,"Sigma":0.0,"Taucorr":null},"Iteration":61},
{"Acceptance":[0.0006279434850863422],"Energy":{"Mean":-590.9758064516128,"Sigma":0.024193548387097398,"Taucorr":1.6431300764452317e-14},"EnergyVariance":{"Mean":0.07199531737773154,"Sigma":0.07140998959416829,"Taucorr":-2.220446049250313e-16},"Iteration":62},
{"Acceptance":[0.00047095761381475666],"Energy":{"Mean":-590.9758064516128,"Sigma":0.017790744201908806,"Taucorr":-0.01014729950895793},"EnergyVariance":{"Mean":0.039737252861602505,"Sigma":0.032150136799680054,"Taucorr":-0.00582163912329553},"Iteration":63},
{"Acceptance":[0.0003139717425431711],"Energy":{"Mean":-591.0,"Sigma":0.0,"Taucorr":null},"EnergyVariance":{"Mean":0.0,"Sigma":0.0,"Taucorr":null},"Iteration":64},
{"Acceptance":[0.00047095761381475666],"Energy":{"Mean":-591.0,"Sigma":0.0,"Taucorr":null},"EnergyVariance":{"Mean":0.0,"Sigma":0.0,"Taucorr":null},"Iteration":65},
{"Acceptance":[0.0006279434850863422],"Energy":{"Mean":-590.9919354838709,"Sigma":0.00806451612903253,"Taucorr":2.220446049250313e-16},"EnergyVariance":{"Mean":0.007999479708636837,"Sigma":0.007934443288239699,"Taucorr":-2.220446049250313e-16},"Iteration":66},
{"Acceptance":[0.00015698587127158556],"Energy":{"Mean":-591.0,"Sigma":0.0,"Taucorr":null},"EnergyVariance":{"Mean":0.0,"Sigma":0.0,"Taucorr":null},"Iteration":67},
{"Acceptance":[0.0003139717425431711],"Energy":{"Mean":-590.983870967742,"Sigma":0.01612903225806502,"Taucorr":3.885780586188048e-14},"EnergyVariance":{"Mean":0.031997918834547355,"Sigma":0.03173777315296614,"Taucorr":0.0},"Iteration":68},
{"Acceptance":[0.0003139717425431711],"Energy":{"Mean":-591.0,"Sigma":0.0,"Taucorr":null},"EnergyVariance":{"Mean":0.0,"Sigma":0.0,"Taucorr":null},"Iteration":69},
{"Acceptance":[0.00015698587127158556],"Energy":{"Mean":-591.0,"Sigma":0.0,"Taucorr":null},"EnergyVariance":{"Mean":0.0,"Sigma":0.0,"Taucorr":null},"Iteration":70},
{"Acceptance":[0.00047095761381475666],"Energy":{"Mean":-591.0,"Sigma":0.0,"Taucorr":null},"EnergyVariance":{"Mean":0.0,"Sigma":0.0,"Taucorr":null},"Iteration":71},
{"Acceptance":[0.00047095761381475666],"Energy":{"Mean":-591.0,"Sigma":0.0,"Taucorr":null},"EnergyVariance":{"Mean":0.0,"Sigma":0.0,"Taucorr":null},"Iteration":72},
{"Acceptance":[0.0],"Energy":{"Mean":-591.0,"Sigma":0.0,"Taucorr":null},"EnergyVariance":{"Mean":0.0,"Sigma":0.0,"Taucorr":null},"Iteration":73},
{"Acceptance":[0.00015698587127158556],"Energy":{"Mean":-591.0,"Sigma":0.0,"Taucorr":null},"EnergyVariance":{"Mean":0.0,"Sigma":0.0,"Taucorr":null},"Iteration":74},
{"Acceptance":[0.00047095761381475666],"Energy":{"Mean":-590.983870967742,"Sigma":0.0161290322580653,"Taucorr":3.574918139293004e-14},"EnergyVariance":{"Mean":0.031997918834547355,"Sigma":0.03173777315296614,"Taucorr":0.0},"Iteration":75},
{"Acceptance":[0.00047095761381475666],"Energy":{"Mean":-591.0,"Sigma":0.0,"Taucorr":null},"EnergyVariance":{"Mean":0.0,"Sigma":0.0,"Taucorr":null},"Iteration":76},
{"Acceptance":[0.0003139717425431711],"Energy":{"Mean":-591.0,"Sigma":0.0,"Taucorr":null},"EnergyVariance":{"Mean":0.0,"Sigma":0.0,"Taucorr":null},"Iteration":77},
{"Acceptance":[0.00047095761381475666],"Energy":{"Mean":-591.0,"Sigma":0.0,"Taucorr":null},"EnergyVariance":{"Mean":0.0,"Sigma":0.0,"Taucorr":null},"Iteration":78},
{"Acceptance":[0.00015698587127158556],"Energy":{"Mean":-591.0,"Sigma":0.0,"Taucorr":null},"EnergyVariance":{"Mean":0.0,"Sigma":0.0,"Taucorr":null},"Iteration":79},
{"Acceptance":[0.0003139717425431711],"Energy":{"Mean":-591.0,"Sigma":0.0,"Taucorr":null},"EnergyVariance":{"Mean":0.0,"Sigma":0.0,"Taucorr":null},"Iteration":80},
{"Acceptance":[0.0007849293563579278],"Energy":{"Mean":-591.0,"Sigma":0.0,"Taucorr":null},"EnergyVariance":{"Mean":0.0,"Sigma":0.0,"Taucorr":null},"Iteration":81},
{"Acceptance":[0.0003924646781789639],"Energy":{"Mean":-591.0,"Sigma":0.0,"Taucorr":null},"EnergyVariance":{"Mean":0.0,"Sigma":0.0,"Taucorr":null},"Iteration":82},
{"Acceptance":[7.849293563579278e-05],"Energy":{"Mean":-591.0,"Sigma":0.0,"Taucorr":null},"EnergyVariance":{"Mean":0.0,"Sigma":0.0,"Taucorr":null},"Iteration":83},
{"Acceptance":[0.00015698587127158556],"Energy":{"Mean":-591.0,"Sigma":0.0,"Taucorr":null},"EnergyVariance":{"Mean":0.0,"Sigma":0.0,"Taucorr":null},"Iteration":84},
{"Acceptance":[0.0005494505494505495],"Energy":{"Mean":-591.0,"Sigma":0.0,"Taucorr":null},"EnergyVariance":{"Mean":0.0,"Sigma":0.0,"Taucorr":null},"Iteration":85},
{"Acceptance":[0.00023547880690737833],"Energy":{"Mean":-591.0,"Sigma":0.0,"Taucorr":null},"EnergyVariance":{"Mean":0.0,"Sigma":0.0,"Taucorr":null},"Iteration":86},
{"Acceptance":[0.0006279434850863422],"Energy":{"Mean":-591.0,"Sigma":0.0,"Taucorr":null},"EnergyVariance":{"Mean":0.0,"Sigma":0.0,"Taucorr":null},"Iteration":87},
{"Acceptance":[0.0],"Energy":{"Mean":-591.0,"Sigma":0.0,"Taucorr":null},"EnergyVariance":{"Mean":0.0,"Sigma":0.0,"Taucorr":null},"Iteration":88},
{"Acceptance":[0.00015698587127158556],"Energy":{"Mean":-590.9354838709677,"Sigma":0.0645161290322574,"Taucorr":-4.551914400963142e-15},"EnergyVariance":{"Mean":0.5119667013527573,"Sigma":0.5078043704474434,"Taucorr":-2.220446049250313e-16},"Iteration":89},
{"Acceptance":[0.00047095761381475666],"Energy":{"Mean":-591.0,"Sigma":0.0,"Taucorr":null},"EnergyVariance":{"Mean":0.0,"Sigma":0.0,"Taucorr":null},"Iteration":90},
{"Acceptance":[0.00047095761381475666],"Energy":{"Mean":-591.0,"Sigma":0.0,"Taucorr":null},"EnergyVariance":{"Mean":0.0,"Sigma":0.0,"Taucorr":null},"Iteration":91},
{"Acceptance":[0.00047095761381475666],"Energy":{"Mean":-591.0,"Sigma":0.0,"Taucorr":null},"EnergyVariance":{"Mean":0.0,"Sigma":0.0,"Taucorr":null},"Iteration":92},
{"Acceptance":[0.00015698587127158556],"Energy":{"Mean":-591.0,"Sigma":0.0,"Taucorr":null},"EnergyVariance":{"Mean":0.0,"Sigma":0.0,"Taucorr":null},"Iteration":93},
{"Acceptance":[0.0],"Energy":{"Mean":-591.0,"Sigma":0.0,"Taucorr":null},"EnergyVariance":{"Mean":0.0,"Sigma":0.0,"Taucorr":null},"Iteration":94},
{"Acceptance":[0.0003139717425431711],"Energy":{"Mean":-591.0,"Sigma":0.0,"Taucorr":null},"EnergyVariance":{"Mean":0.0,"Sigma":0.0,"Taucorr":null},"Iteration":95},
{"Acceptance":[0.0003139717425431711],"Energy":{"Mean":-591.0,"Sigma":0.0,"Taucorr":null},"EnergyVariance":{"Mean":0.0,"Sigma":0.0,"Taucorr":null},"Iteration":96},
{"Acceptance":[0.00015698587127158556],"Energy":{"Mean":-591.0,"Sigma":0.0,"Taucorr":null},"EnergyVariance":{"Mean":0.0,"Sigma":0.0,"Taucorr":null},"Iteration":97},
{"Acceptance":[0.00015698587127158556],"Energy":{"Mean":-591.0,"Sigma":0.0,"Taucorr":null},"EnergyVariance":{"Mean":0.0,"Sigma":0.0,"Taucorr":null},"Iteration":98},
{"Acceptance":[0.00047095761381475666],"Energy":{"Mean":-590.9838709677418,"Sigma":0.01121325463151366,"Taucorr":-0.01270491803274798},"EnergyVariance":{"Mean":0.015868886576482832,"Sigma":0.010851536740171667,"Taucorr":-0.012704918032786783},"Iteration":99} 
]}