{"Output": [
{"Acceptance":[0.9346076458752515],"Energy":{"Mean":-301.9274193548387,"Sigma":1.0685630958614356,"Taucorr":0.02625352930941316},"EnergyVariance":{"Mean":133.43828043704477,"Sigma":19.207929422480486,"Taucorr":-0.0305133477321754},"Iteration":0},
{"Acceptance":[0.9219315895372233],"Energy":{"Mean":-301.66935483870964,"Sigma":0.852288751044986,"Taucorr":-0.17796326171049964},"EnergyVariance":{"Mean":138.72131893860563,"Sigma":19.923890633423678,"Taucorr":-0.005748554559464769},"Iteration":1},
{"Acceptance":[0.8989939637826961],"Energy":{"Mean":-303.8225806451612,"Sigma":1.1319643187261843,"Taucorr":0.1053441212617785},"EnergyVariance":{"Mean":130.17819979188343,"Sigma":16.96500450326425,"Taucorr":0.006512466056853516},"Iteration":2},
{"Acceptance":[0.8817907444668008],"Energy":{"Mean":-305.6209677419355,"Sigma":0.9493822954827354,"Taucorr":-0.11134036461171443},"EnergyVariance":{"Mean":142.6224635796046,"Sigma":20.183397245925434,"Taucorr":0.004202709514678715},"Iteration":3},
{"Acceptance":[0.8621730382293763],"Energy":{"Mean":-306.4274193548387,"Sigma":1.0459338542524497,"Taucorr":-0.016712675499677143},"EnergyVariance":{"Mean":139.21247398543184,"Sigma":15.391606199057,"Taucorr":-0.14199790498289078},"Iteration":4},
{"Acceptance":[0.8530181086519115],"Energy":{"Mean":-307.91935483870964,"Sigma":0.776882650592887,"Taucorr":-0.2219481086390116},"EnergyVariance":{"Mean":133.49349635796045,"Sigma":20.09850776104873,"Taucorr":0.15890791556569595},"Iteration":5},
{"Acceptance":[0.8014084507042254],"Energy":{"Mean":-309.6129032258065,"Sigma":1.144812910812541,"Taucorr":0.06182888705137901},"EnergyVariance":{"Mean":143.4630593132154,"Sigma":17.50158249771596,"Taucorr":-0.10855112932756261},"Iteration":6},
{"Acceptance":[0.7830985915492957],"Energy":{"Mean":-309.3387096774195,"Sigma":0.969532393879556,"Taucorr":-0.12425453703093181},"EnergyVariance":{"Mean":153.85301768990635,"Sigma":17.47214559649727,"Taucorr":-0.03558642919824273},"Iteration":7},
{"Acceptance":[0.7558350100603621],"Energy":{"Mean":-311.46774193548384,"Sigma":1.2662249124712741,"Taucorr":0.05803169585873569},"EnergyVariance":{"Mean":176.70057232049948,"Sigma":19.834394325234005,"Taucorr":-0.18360575561299675},"Iteration":8},
{"Acceptance":[0.644466800804829],"Energy":{"Mean":-314.17741935483866,"Sigma":1.3528242832865924,"Taucorr":0.2624849540117067},"EnergyVariance":{"Mean":147.6136836628512,"Sigma":17.008624140516712,"Taucorr":-0.013874160566348714},"Iteration":9},
{"Acceptance":[0.46398390342052315],"Energy":{"Mean":-326.66935483870964,"Sigma":1.1161321399670816,"Taucorr":0.037170399385314745},"EnergyVariance":{"Mean":142.62454474505725,"Sigma":22.461109992284527,"Taucorr":0.13563141996973604},"Iteration":10},
{"Acceptance":[0.3682092555331992],"Energy":{"Mean":-331.8951612903227,"Sigma":0.998168631751379,"Taucorr":0.038809323785903405},"EnergyVariance":{"Mean":113.72287981269508,"Sigma":14.847428399645139,"Taucorr":-0.05159844850957851},"Iteration":11},
{"Acceptance":[0.306841046277666],"Energy":{"Mean":-339.4516129032258,"Sigma":1.1429082030489601,"Taucorr":0.6013487656302394},"EnergyVariance":{"Mean":72.94120707596252,"Sigma":10.840949471770973,"Taucorr":0.2476647634644874},"Iteration":12},
{"Acceptance":[0.23893360160965796],"Energy":{"Mean":-343.0967741935484,"Sigma":0.9452539497315935,"Taucorr":0.2457578678303366},"EnergyVariance":{"Mean":73.68418314255985,"Sigma":9.358486410029542,"Taucorr":0.015401182331064911},"Iteration":13},
{"Acceptance":[0.2050301810865191],"Energy":{"Mean":-348.10483870967744,"Sigma":0.8139223855322342,"Taucorr":0.19801697444028632},"EnergyVariance":{"Mean":58.36804110301768,"Sigma":9.102025350638073,"Taucorr":0.22500459858624788},"Iteration":14},
{"Acceptance":[0.1722334004024145],"Energy":{"Mean":-352.2096774193548,"Sigma":0.6931982111721374,"Taucorr":0.3138666991452872},"EnergyVariance":{"Mean":36.31087408949011,"Sigma":5.106018645013498,"Taucorr":0.062078926350070174},"Iteration":15},
{"Acceptance":[0.15482897384305835],"Energy":{"Mean":-356.0403225806452,"Sigma":0.5585475565030045,"Taucorr":0.07846847076494112},"EnergyVariance":{"Mean":33.16772892819979,"Sigma":4.010357693442058,"Taucorr":-0.04155617897509417},"Iteration":16},
{"Acceptance":[0.12464788732394366],"Energy":{"Mean":-358.9596774193548,"Sigma":0.4231374071724159,"Taucorr":0.11371816946080593},"EnergyVariance":{"Mean":17.94192247658689,"Sigma":2.3748397953501197,"Taucorr":0.21719885997713428},"Iteration":17},
{"Acceptance":[0.11096579476861167],"Energy":{"Mean":-361.1048387096775,"Sigma":0.5697073142097013,"Taucorr":0.47002177602614503},"EnergyVariance":{"Mean":20.577718522372525,"Sigma":4.928582737292716,"Taucorr":0.3077817371194166},"Iteration":18},
{"Acceptance":[0.09456740442655935],"Energy":{"Mean":-362.9274193548387,"Sigma":0.39912430158604045,"Taucorr":0.34577304653943763},"EnergyVariance":{"Mean":11.583441727367326,"Sigma":1.3908552324902,"Taucorr":-0.08083925209062442},"Iteration":19},
{"Acceptance":[0.07323943661971831],"Energy":{"Mean":-363.65322580645153,"Sigma":0.3186997734737377,"Taucorr":0.24903569451052754},"EnergyVariance":{"Mean":8.339425078043703,"Sigma":1.0855260350799283,"Taucorr":0.0060332610131991204},"Iteration":20},
{"Acceptance":[0.06287726358148893],"Energy":{"Mean":-364.7741935483871,"Sigma":0.25356459769241024,"Taucorr":0.3095294524925455},"EnergyVariance":{"Mean":4.8844953173777315,"Sigma":0.7197666131669682,"Taucorr":-0.0553516631228147},"Iteration":21},
{"Acceptance":[0.04919517102615694],"Energy":{"Mean":-365.4435483870967,"Sigma":0.19424159017075296,"Taucorr":-0.020937227257479096},"EnergyVariance":{"Mean":4.843587408949011,"Sigma":1.113517458417176,"Taucorr":0.016766619702108576},"Iteration":22},
{"Acceptance":[0.04295774647887324],"Energy":{"Mean":-366.266129032258,"Sigma":0.10809660894022884,"Taucorr":0.01741980800747167},"EnergyVariance":{"Mean":1.388852757544225,"Sigma":0.264053221309597,"Taucorr":-0.05737687265710467},"Iteration":23},
{"Acceptance":[0.039336016096579475],"Energy":{"Mean":-366.3467741935484,"Sigma":0.12086016722151166,"Taucorr":0.1398712187890897},"EnergyVariance":{"Mean":1.4039412070759623,"Sigma":0.34936198905899796,"Taucorr":0.1439262098281061},"Iteration":24},
{"Acceptance":[0.031388329979879274],"Energy":{"Mean":-366.29032258064507,"Sigma":0.1915895500051527,"Taucorr":0.41017935808686357},"EnergyVariance":{"Mean":2.4802289281997916,"Sigma":1.0055118811565633,"Taucorr":0.573322572235242},"Iteration":25},
{"Acceptance":[0.031287726358148894],"Energy":{"Mean":-366.21774193548384,"Sigma":0.177626955765443,"Taucorr":0.38096672276847443},"EnergyVariance":{"Mean":2.2025884495317376,"Sigma":0.5453388374871337,"Taucorr":0.1585305439175777},"Iteration":26},
{"Acceptance":[0.02414486921529175],"Energy":{"Mean":-366.34677419354836,"Sigma":0.1776025447221395,"Taucorr":0.22433764783020815},"EnergyVariance":{"Mean":2.6781347554630592,"Sigma":1.2770304587100512,"Taucorr":0.011020938693874771},"Iteration":27},
{"Acceptance":[0.022937625754527163],"Energy":{"Mean":-366.5403225806453,"Sigma":0.15208973290124397,"Taucorr":0.18691706183463075},"EnergyVariance":{"Mean":2.070954734651405,"Sigma":1.4264163689070484,"Taucorr":0.11901852416306125},"Iteration":28},
{"Acceptance":[0.026257545271629778],"Energy":{"Mean":-366.5887096774193,"Sigma":0.10723077508770731,"Taucorr":0.03459855450120275},"EnergyVariance":{"Mean":1.3227757544224767,"Sigma":0.3399299243059179,"Taucorr":-0.08445752161320369},"Iteration":29},
{"Acceptance":[0.018611670020120725],"Energy":{"Mean":-366.7177419354839,"Sigma":0.17380232850279484,"Taucorr":0.5911302952748376},"EnergyVariance":{"Mean":1.702588449531738,"Sigma":0.86844833013704,"Taucorr":0.6446037182300546},"Iteration":30},
{"Acceptance":[0.01881287726358149],"Energy":{"Mean":-366.9516129032258,"Sigma":0.029373738450854767,"Taucorr":-0.020058823529428282},"EnergyVariance":{"Mean":0.11056191467221645,"Sigma":0.0516377928864468,"Taucorr":-0.03820742059813648},"Iteration":31},
{"Acceptance":[0.017605633802816902],"Energy":{"Mean":-366.9193548387096,"Sigma":0.039121908951022924,"Taucorr":0.38465770171144664},"EnergyVariance":{"Mean":0.10639958376690946,"Sigma":0.04833167918460278,"Taucorr":0.09320541367096735},"Iteration":32},
{"Acceptance":[0.017706237424547282],"Energy":{"Mean":-366.96774193548384,"Sigma":0.05649000230780162,"Taucorr":0.2635627530364537},"EnergyVariance":{"Mean":0.2570239334027055,"Sigma":0.15229373471678326,"Taucorr":0.0800798284469475},"Iteration":33},
{"Acceptance":[0.01710261569416499],"Energy":{"Mean":-367.0241935483871,"Sigma":0.11141492167930724,"Taucorr":0.47664531158998524},"EnergyVariance":{"Mean":0.7816727367325701,"Sigma":0.36388924482081886,"Taucorr":0.34600666576009753},"Iteration":34},
{"Acceptance":[0.015995975855130785],"Energy":{"Mean":-366.93548387096786,"Sigma":0.036602599090032883,"Taucorr":0.389676966292138},"EnergyVariance":{"Mean":0.09261186264308012,"Sigma":0.05294532393379063,"Taucorr":0.21095409190775538},"Iteration":35},
{"Acceptance":[0.012977867203219315],"Energy":{"Mean":-366.95161290322585,"Sigma":0.02698903311400089,"Taucorr":0.4728813559321471},"EnergyVariance":{"Mean":0.046045785639958384,"Sigma":0.02437719119974651,"Taucorr":0.4728813559322028},"Iteration":36},
{"Acceptance":[0.01981891348088531],"Energy":{"Mean":-366.7177419354839,"Sigma":0.14880434558157718,"Taucorr":0.5104087246055193},"EnergyVariance":{"Mean":1.3477497398543183,"Sigma":0.9639063062875007,"Taucorr":0.48835081129733837},"Iteration":37},
{"Acceptance":[0.01609657947686117],"Energy":{"Mean":-366.9596774193549,"Sigma":0.03496690869141865,"Taucorr":-0.003989703989679461},"EnergyVariance":{"Mean":0.15159989594172735,"Sigma":0.08168669677394101,"Taucorr":-0.027331432656751198},"Iteration":38},
{"Acceptance":[0.017002012072434607],"Energy":{"Mean":-366.9516129032258,"Sigma":0.029373738450856727,"Taucorr":-0.0200588235293766},"EnergyVariance":{"Mean":0.11056191467221643,"Sigma":0.07573757783853023,"Taucorr":-0.012389170929706927},"Iteration":39},
{"Acceptance":[0.01448692152917505],"Energy":{"Mean":-366.8387096774194,"Sigma":0.09457629557690624,"Taucorr":0.0466843329886274},"EnergyVariance":{"Mean":1.0062434963579605,"Sigma":0.7868077389610756,"Taucorr":0.00010017421379782121},"Iteration":40},
{"Acceptance":[0.014386317907444667],"Energy":{"Mean":-366.94354838709677,"Sigma":0.03967217379435219,"Taucorr":0.14512353706114123},"EnergyVariance":{"Mean":0.15003902185223728,"Sigma":0.09176420898004568,"Taucorr":0.12431496432441425},"Iteration":41},
{"Acceptance":[0.014587525150905433],"Energy":{"Mean":-366.9516129032258,"Sigma":0.033639763894537995,"Taucorr":0.23698347107434947},"EnergyVariance":{"Mean":0.09443288241415193,"Sigma":0.07286122799365465,"Taucorr":0.024043193019456455},"Iteration":42},
{"Acceptance":[0.014185110663983903],"Energy":{"Mean":-367.0322580645161,"Sigma":0.03972678107937817,"Taucorr":0.004189189189176656},"EnergyVariance":{"Mean":0.19250780437044748,"Sigma":0.1326068806426614,"Taucorr":-0.012887838871287138},"Iteration":43},
{"Acceptance":[0.01187122736418511],"Energy":{"Mean":-367.0887096774194,"Sigma":0.07198079483331181,"Taucorr":0.32275398824518087},"EnergyVariance":{"Mean":0.3872918834547347,"Sigma":0.27176138890965773,"Taucorr":0.32230771609361275},"Iteration":44},
{"Acceptance":[0.012776659959758551],"Energy":{"Mean":-366.991935483871,"Sigma":0.008064516129032159,"Taucorr":-0.3342318059299213},"EnergyVariance":{"Mean":0.024128511966701353,"Sigma":0.01773610477039096,"Taucorr":0.32814572486182825},"Iteration":45},
{"Acceptance":[0.014989939637826962],"Energy":{"Mean":-366.9838709677419,"Sigma":0.016129032258067208,"Taucorr":0.5081967213116636},"EnergyVariance":{"Mean":0.01586888657648283,"Sigma":0.015608740894899786,"Taucorr":0.5081967213114753},"Iteration":46},
{"Acceptance":[0.015191146881287726],"Energy":{"Mean":-367.0,"Sigma":0.0,"Taucorr":null},"EnergyVariance":{"Mean":0.0,"Sigma":0.0,"Taucorr":null},"Iteration":47},
{"Acceptance":[0.014989939637826962],"Energy":{"Mean":-366.9032258064516,"Sigma":0.03212337472320256,"Taucorr":0.22604166666662584},"EnergyVariance":{"Mean":0.08740894901144641,"Sigma":0.025905947357420578,"Taucorr":0.2260416666666667},"Iteration":48},
{"Acceptance":[0.01488933601609658],"Energy":{"Mean":-366.89516129032256,"Sigma":0.05532673422446245,"Taucorr":-0.029715678310340277},"EnergyVariance":{"Mean":0.40029916753381894,"Sigma":0.23173435533293832,"Taucorr":-0.021277658528942034},"Iteration":49},
{"Acceptance":[0.018913480885311872],"Energy":{"Mean":-367.05645161290323,"Sigma":0.06528440408382336,"Taucorr":0.4968587682413992},"EnergyVariance":{"Mean":0.2629422476586889,"Sigma":0.25064183203638163,"Taucorr":0.5056653717947623},"Iteration":50},
{"Acceptance":[0.016297786720321932],"Energy":{"Mean":-366.92741935483866,"Sigma":0.05079151512820284,"Taucorr":0.30804902285526725},"EnergyVariance":{"Mean":0.19634495317377731,"Sigma":0.15603951673055108,"Taucorr":0.21010392696926794},"Iteration":51},
{"Acceptance":[0.01488933601609658],"Energy":{"Mean":-366.9838709677419,"Sigma":0.016129032258067444,"Taucorr":1.4277468096679513e-13},"EnergyVariance":{"Mean":0.03199791883454735,"Sigma":0.0317377731529643,"Taucorr":-2.220446049250313e-16},"Iteration":52},
{"Acceptance":[0.015191146881287726],"Energy":{"Mean":-366.8790322580645,"Sigma":0.13513780687518423,"Taucorr":0.7090737240075695},"EnergyVariance":{"Mean":0.9289151925078043,"Sigma":0.6570003678355573,"Taucorr":0.5453341151850093},"Iteration":53},
{"Acceptance":[0.015090543259557344],"Energy":{"Mean":-367.01612903225805,"Sigma":0.03465553197738449,"Taucorr":0.009739676840237577},"EnergyVariance":{"Mean":0.14490114464099893,"Sigma":0.12796008735752826,"Taucorr":-0.0033639743087888196},"Iteration":54},
{"Acceptance":[0.013883299798792756],"Energy":{"Mean":-366.91129032258067,"Sigma":0.05125886639377706,"Taucorr":0.2149928057554057},"EnergyVariance":{"Mean":0.2260015608740895,"Sigma":0.13955997534085776,"Taucorr":0.44637268364638505},"Iteration":55},
{"Acceptance":[0.012575452716297788],"Energy":{"Mean":-366.86290322580646,"Sigma":0.12901545589528554,"Taucorr":0.5020946074998478},"EnergyVariance":{"Mean":1.0215270551508844,"Sigma":0.9967003107538132,"Taucorr":0.5079608047795714},"Iteration":56},
{"Acceptance":[0.015191146881287726],"Energy":{"Mean":-366.9758064516129,"Sigma":0.054814985380538216,"Taucorr":0.03377794476800933},"EnergyVariance":{"Mean":0.3461888657648283,"Sigma":0.23468863794731146,"Taucorr":-0.012834665114570876},"Iteration":57},
{"Acceptance":[0.015492957746478873],"Energy":{"Mean":-366.96774193548384,"Sigma":0.03225806451612895,"Taucorr":-0.05595667870036353},"EnergyVariance":{"Mean":0.1441207075962539,"Sigma":0.12743711800622068,"Taucorr":0.0008441535787749865},"Iteration":58},
{"Acceptance":[0.013279678068410463],"Energy":{"Mean":-367.0,"Sigma":0.0,"Taucorr":null},"EnergyVariance":{"Mean":0.0,"Sigma":0.0,"Taucorr":null},"Iteration":59},
{"Acceptance":[0.014788732394366197],"Energy":{"Mean":-367.0,"Sigma":0.0,"Taucorr":null},"EnergyVariance":{"Mean":0.0,"Sigma":0.0,"Taucorr":null},"Iteration":60},
{"Acceptance":[0.012474849094567404],"Energy":{"Mean":-367.0161290322581,"Sigma":0.016129032258064994,"Taucorr":2.0650148258027912e-14},"EnergyVariance":{"Mean":0.031997918834547334,"Sigma":0.0317377731529643,"Taucorr":0.0},"Iteration":61},
{"Acceptance":[0.014084507042253521],"Energy":{"Mean":-367.03225806451616,"Sigma":0.032258064516127304,"Taucorr":-4.196643033083092e-14},"EnergyVariance":{"Mean":0.1279916753381894,"Sigma":0.12695109261186088,"Taucorr":0.0},"Iteration":62},
{"Acceptance":[0.011971830985915493],"Energy":{"Mean":-367.0161290322581,"Sigma":0.08192532322064866,"Taucorr":0.5243382827631},"EnergyVariance":{"Mean":0.40296566077003126,"Sigma":0.2907765016909394,"Taucorr":0.4932485736357627},"Iteration":63},
{"Acceptance":[0.011971830985915493],"Energy":{"Mean":-367.0,"Sigma":0.0,"Taucorr":null},"EnergyVariance":{"Mean":0.0,"Sigma":0.0,"Taucorr":null},"Iteration":64},
{"Acceptance":[0.01267605633802817],"Energy":{"Mean":-367.0,"Sigma":0.0,"Taucorr":null},"EnergyVariance":{"Mean":0.0,"Sigma":0.0,"Taucorr":null},"Iteration":65},
{"Acceptance":[0.010865191146881288],"Energy":{"Mean":-366.9838709677419,"Sigma":0.016129032258065085,"Taucorr":0.5081967213115024},"EnergyVariance":{"Mean":0.01586888657648283,"Sigma":0.015608740894899786,"Taucorr":0.5081967213114753},"Iteration":66},
{"Acceptance":[0.012977867203219315],"Energy":{"Mean":-367.0161290322581,"Sigma":0.016129032258066972,"Taucorr":1.13464793116691e-13},"EnergyVariance":{"Mean":0.03199791883454733,"Sigma":0.0317377731529643,"Taucorr":0.0},"Iteration":67},
{"Acceptance":[0.012575452716297788],"Energy":{"Mean":-367.0967741935484,"Sigma":0.15234608809695915,"Taucorr":0.7220100222717196},"EnergyVariance":{"Mean":1.1680541103017692,"Sigma":0.5299257526177121,"Taucorr":0.7618684075566455},"Iteration":68},
{"Acceptance":[0.011770623742454729],"Energy":{"Mean":-366.9999999999999,"Sigma":0.06024144966769044,"Taucorr":0.012500000000038924},"EnergyVariance":{"Mean":0.435483870967742,"Sigma":0.2001235310489562,"Taucorr":-0.04174894729199696},"Iteration":69},
{"Acceptance":[0.01448692152917505],"Energy":{"Mean":-367.0,"Sigma":0.04016096644512496,"Taucorr":0.012499999999998956},"EnergyVariance":{"Mean":0.19354838709677424,"Sigma":0.13455905557815617,"Taucorr":-0.012704918032787116},"Iteration":70},
{"Acceptance":[0.011468812877263581],"Energy":{"Mean":-366.9838709677419,"Sigma":0.016129032258065022,"Taucorr":2.0650148258027912e-14},"EnergyVariance":{"Mean":0.031997918834547334,"Sigma":0.0317377731529643,"Taucorr":0.0},"Iteration":71},
{"Acceptance":[0.015291750503018108],"Energy":{"Mean":-366.94354838709677,"Sigma":0.03612567188673672,"Taucorr":0.6566073102155778},"EnergyVariance":{"Mean":0.0693938605619147,"Sigma":0.04135505006632072,"Taucorr":0.23953913337154864},"Iteration":72},
{"Acceptance":[0.01317907444668008],"Energy":{"Mean":-367.0241935483872,"Sigma":0.052305500838512334,"Taucorr":0.03596436710175355},"EnergyVariance":{"Mean":0.3139308012486992,"Sigma":0.17834118604661092,"Taucorr":-0.022158524959638493},"Iteration":73},
{"Acceptance":[0.01579476861167002],"Energy":{"Mean":-367.0645161290322,"Sigma":0.04485301852605185,"Taucorr":-0.012704918032791834},"EnergyVariance":{"Mean":0.2539021852237253,"Sigma":0.17362458784278742,"Taucorr":-0.012704918032786894},"Iteration":74},
{"Acceptance":[0.012977867203219315],"Energy":{"Mean":-367.0483870967742,"Sigma":0.04838709677419337,"Taucorr":0.029665071770331508},"EnergyVariance":{"Mean":0.27185223725286156,"Sigma":0.17511701612200348,"Taucorr":-0.0137309261671138},"Iteration":75},
{"Acceptance":[0.010764587525150906],"Energy":{"Mean":-367.0967741935483,"Sigma":0.07116297680763232,"Taucorr":0.3245179063361062},"EnergyVariance":{"Mean":0.37773152965660767,"Sigma":0.27087842784841587,"Taucorr":0.324517906336088},"Iteration":76},
{"Acceptance":[0.012776659959758551],"Energy":{"Mean":-367.05645161290323,"Sigma":0.04595123265127308,"Taucorr":-0.006134058867165448},"EnergyVariance":{"Mean":0.26294224765868884,"Sigma":0.17414859661882057,"Taucorr":-0.014503233556760031},"Iteration":77},
{"Acceptance":[0.014386317907444667],"Energy":{"Mean":-367.2419354838709,"Sigma":0.10592898752886394,"Taucorr":0.2869178285375311},"EnergyVariance":{"Mean":0.8769510926118625,"Sigma":0.3609073087947459,"Taucorr":0.2577876770029034},"Iteration":78},
{"Acceptance":[0.01609657947686117],"Energy":{"Mean":-367.29032258064524,"Sigma":0.11540996012902048,"Taucorr":0.14471744471743742},"EnergyVariance":{"Mean":1.2705515088449533,"Sigma":0.3691368038624615,"Taucorr":0.09396041701202862},"Iteration":79},
{"Acceptance":[0.015291750503018108],"Energy":{"Mean":-367.27419354838713,"Sigma":0.12178932470260093,"Taucorr":0.17059189137501707},"EnergyVariance":{"Mean":1.3603017689906352,"Sigma":0.4798697947513657,"Taucorr":0.4108143310849949},"Iteration":80},
{"Acceptance":[0.01740442655935614],"Energy":{"Mean":-367.38709677419365,"Sigma":0.1726760865627337,"Taucorr":0.22549660354054868},"EnergyVariance":{"Mean":2.5275754422476586,"Sigma":0.7289194137100182,"Taucorr":0.07898760863449827},"Iteration":81},
{"Acceptance":[0.017002012072434607],"Energy":{"Mean":-367.3306451612904,"Sigma":0.1239943941534377,"Taucorr":0.0938242862394435},"EnergyVariance":{"Mean":1.5922866805411025,"Sigma":0.42256323182541966,"Taucorr":0.14487256047272534},"Iteration":82},
{"Acceptance":[0.019014084507042252],"Energy":{"Mean":-367.83870967741933,"Sigma":0.1741138806269792,"Taucorr":0.20317896389325185},"EnergyVariance":{"Mean":2.651404786680541,"Sigma":0.4043935291981523,"Taucorr":0.20317896389324952},"Iteration":83},
{"Acceptance":[0.025553319919517103],"Energy":{"Mean":-368.26612903225805,"Sigma":0.20044824898285027,"Taucorr":0.17756932679446424},"EnergyVariance":{"Mean":3.646917273673257,"Sigma":0.30055930130036496,"Taucorr":0.16097298775677682},"Iteration":84},
{"Acceptance":[0.030080482897384304],"Energy":{"Mean":-369.0080645161291,"Sigma":0.2022999047803985,"Taucorr":0.07689578581756351},"EnergyVariance":{"Mean":4.362838189386056,"Sigma":0.42173991575971326,"Taucorr":0.02457705962804535},"Iteration":85},
{"Acceptance":[0.02454728370221328],"Energy":{"Mean":-369.7258064516128,"Sigma":0.22817498199236244,"Taucorr":0.3809820342137318},"EnergyVariance":{"Mean":3.634495317377731,"Sigma":0.4936815518738063,"Taucorr":0.20994006401135146},"Iteration":86},
{"Acceptance":[0.022132796780684104],"Energy":{"Mean":-370.1612903225806,"Sigma":0.16458990544797036,"Taucorr":0.23057266712295588},"EnergyVariance":{"Mean":2.2804370447450575,"Sigma":0.38010781610380756,"Taucorr":0.2145726998242008},"Iteration":87},
{"Acceptance":[0.013883299798792756],"Energy":{"Mean":-370.88709677419354,"Sigma":0.0600612475000815,"Taucorr":0.14851711026616043},"EnergyVariance":{"Mean":0.34209157127991674,"Sigma":0.1917198487209966,"Taucorr":0.08378849307460678},"Iteration":88},
{"Acceptance":[0.015492957746478873],"Energy":{"Mean":-370.0161290322581,"Sigma":0.22893379679721884,"Taucorr":0.5745121845460055},"EnergyVariance":{"Mean":2.9997398543184186,"Sigma":0.5152402401276783,"Taucorr":0.5523726293375926},"Iteration":89},
{"Acceptance":[0.010261569416498993],"Energy":{"Mean":-370.8951612903226,"Sigma":0.04887744376695501,"Taucorr":-0.040366225839262526},"EnergyVariance":{"Mean":0.3196540062434963,"Sigma":0.17171275303635042,"Taucorr":-0.02580541922617091},"Iteration":90},
{"Acceptance":[0.012072434607645875],"Energy":{"Mean":-370.6935483870968,"Sigma":0.1134204741403178,"Taucorr":0.30178618507778077},"EnergyVariance":{"Mean":0.9867325702393339,"Sigma":0.3739504787120476,"Taucorr":0.34596246122940955},"Iteration":91},
{"Acceptance":[0.006841046277665996],"Energy":{"Mean":-370.9354838709677,"Sigma":0.03839477649753997,"Taucorr":-0.021291208791248184},"EnergyVariance":{"Mean":0.18938605619146723,"Sigma":0.12981007103477804,"Taucorr":-0.01232269919143264},"Iteration":92},
{"Acceptance":[0.008048289738430584],"Energy":{"Mean":-370.7822580645161,"Sigma":0.0910969112673746,"Taucorr":0.28013719057561626},"EnergyVariance":{"Mean":0.6542013527575442,"Sigma":0.28138447333107286,"Taucorr":0.2829775700436705},"Iteration":93},
{"Acceptance":[0.007344064386317907],"Energy":{"Mean":-370.8790322580645,"Sigma":0.05544415933192218,"Taucorr":-0.04200409642350894},"EnergyVariance":{"Mean":0.4127861602497398,"Sigma":0.27980763089738997,"Taucorr":-0.012192728409900544},"Iteration":94},
{"Acceptance":[0.006639839034205231],"Energy":{"Mean":-370.9193548387096,"Sigma":0.046931511489880645,"Taucorr":-0.022731439046771107},"EnergyVariance":{"Mean":0.28381893860561913,"Sigma":0.17330618162906297,"Taucorr":-0.018332376969072917},"Iteration":95},
{"Acceptance":[0.005331991951710261],"Energy":{"Mean":-370.8548387096775,"Sigma":0.07843752526314712,"Taucorr":0.4130414312617664},"EnergyVariance":{"Mean":0.41441207075962533,"Sigma":0.22340113971591027,"Taucorr":0.07676748886288076},"Iteration":96},
{"Acceptance":[0.006036217303822937],"Energy":{"Mean":-370.8548387096773,"Sigma":0.062189220391057363,"Taucorr":0.24881244881241749},"EnergyVariance":{"Mean":0.3176378772112384,"Sigma":0.14532052279326474,"Taucorr":0.3413757461097856},"Iteration":97},
{"Acceptance":[0.005633802816901409],"Energy":{"Mean":-370.8467741935484,"Sigma":0.07394183575334727,"Taucorr":0.24336448598129568},"EnergyVariance":{"Mean":0.45232830385015604,"Sigma":0.23367117935940715,"Taucorr":0.09112546285250733},"Iteration":98},
{"Acceptance":[0.006639839034205231],"Energy":{"Mean":-370.87096774193543,"Sigma":0.0654502270689597,"Taucorr":0.5912715517241447},"EnergyVariance":{"Mean":0.24141519250780435,"Sigma":0.1140100729588266,"Taucorr":0.5912715517241383},"Iteration":99} 
]}