{"Output": [
{"Acceptance":[0.8074229691876751],"Energy":{"Mean":-156.20967741935488,"Sigma":0.9724772141367952,"Taucorr":0.2460780109656514},"EnergyVariance":{"Mean":77.95603537981269,"Sigma":13.120275783903836,"Taucorr":-0.016276281048928865},"Iteration":0},
{"Acceptance":[0.6894957983193277],"Energy":{"Mean":-158.6048387096774,"Sigma":0.6852687834597908,"Taucorr":-0.024396926125256846},"EnergyVariance":{"Mean":60.72287981269512,"Sigma":6.757981183727285,"Taucorr":-0.11888159699588696},"Iteration":1},
{"Acceptance":[0.4142857142857143],"Energy":{"Mean":-170.04032258064512,"Sigma":0.8061504814126988,"Taucorr":0.20569791703748097},"EnergyVariance":{"Mean":56.635470863683665,"Sigma":7.984043978992324,"Taucorr":0.07034486667041351},"Iteration":2},
{"Acceptance":[0.10294117647058823],"Energy":{"Mean":-185.27419354838713,"Sigma":0.4260273539083874,"Taucorr":0.5875605150432159},"EnergyVariance":{"Mean":10.263527575442252,"Sigma":1.7610792055343187,"Taucorr":0.2312523372265739},"Iteration":3},
{"Acceptance":[0.05714285714285714],"Energy":{"Mean":-190.79838709677423,"Sigma":0.1744497319679728,"Taucorr":0.2487420320020809},"EnergyVariance":{"Mean":2.499674817898023,"Sigma":0.33079677754302156,"Taucorr":-0.038527967884462555},"Iteration":4},
{"Acceptance":[0.04257703081232493],"Energy":{"Mean":-192.2661290322581,"Sigma":0.1274941933481504,"Taucorr":0.17289322768462634},"EnergyVariance":{"Mean":1.4856269510926121,"Sigma":0.445229162668191,"Taucorr":-0.014571999863106866},"Iteration":5},
{"Acceptance":[0.01876750700280112],"Energy":{"Mean":-193.7258064516129,"Sigma":0.1628686218969529,"Taucorr":0.7589741015860301},"EnergyVariance":{"Mean":1.2957856399583767,"Sigma":0.7499206045932147,"Taucorr":0.8342552804652905},"Iteration":6},
{"Acceptance":[0.017366946778711485],"Energy":{"Mean":-194.22580645161293,"Sigma":0.09372434323451735,"Taucorr":0.06925712719298305},"EnergyVariance":{"Mean":0.9490114464099894,"Sigma":0.31488957177666477,"Taucorr":-0.02087054301613428},"Iteration":7},
{"Acceptance":[0.03669467787114846],"Energy":{"Mean":-195.1370967741936,"Sigma":0.09116827587782442,"Taucorr":0.15568532576959715},"EnergyVariance":{"Mean":0.7795915712799166,"Sigma":0.2535311821386557,"Taucorr":0.11922786243294758},"Iteration":8},
{"Acceptance":[0.007282913165266107],"Energy":{"Mean":-195.95967741935485,"Sigma":0.016787629027953072,"Taucorr":-0.05210084033611839},"EnergyVariance":{"Mean":0.038696670135275765,"Sigma":0.015433787977311614,"Taucorr":-0.052100840336134546},"Iteration":9},
{"Acceptance":[0.0056022408963585435],"Energy":{"Mean":-195.79838709677418,"Sigma":0.1298362051451499,"Taucorr":1.2864843662445433},"EnergyVariance":{"Mean":0.5803199791883455,"Sigma":0.46303182659557574,"Taucorr":1.5085587253605794},"Iteration":10},
{"Acceptance":[0.005322128851540616],"Energy":{"Mean":-195.86290322580643,"Sigma":0.0793443475887025,"Taucorr":0.5747788409460179},"EnergyVariance":{"Mean":0.3602367325702393,"Sigma":0.25126065308263434,"Taucorr":0.5307585248130195},"Iteration":11},
{"Acceptance":[0.0056022408963585435],"Energy":{"Mean":-195.7741935483871,"Sigma":0.08308147858959909,"Taucorr":0.25546296296295956},"EnergyVariance":{"Mean":0.5619146722164411,"Sigma":0.2579277810414038,"Taucorr":0.26714680484486564},"Iteration":12},
{"Acceptance":[0.0033613445378151263],"Energy":{"Mean":-195.93548387096774,"Sigma":0.04332879722249278,"Taucorr":0.1664039039039229},"EnergyVariance":{"Mean":0.1732570239334027,"Sigma":0.13421898723913253,"Taucorr":0.045758026053495326},"Iteration":13},
{"Acceptance":[0.005042016806722689],"Energy":{"Mean":-195.9112903225806,"Sigma":0.04267340824297733,"Taucorr":0.07804632426989211},"EnergyVariance":{"Mean":0.1937434963579605,"Sigma":0.126307091234179,"Taucorr":-0.005804212987058299},"Iteration":14},
{"Acceptance":[0.0036414565826330533],"Energy":{"Mean":-195.84677419354836,"Sigma":0.07210116413951972,"Taucorr":-0.03949414519906613},"EnergyVariance":{"Mean":0.6942637877211241,"Sigma":0.3708760456686551,"Taucorr":-0.02624401828835432},"Iteration":15},
{"Acceptance":[0.004761904761904762],"Energy":{"Mean":-195.6774193548387,"Sigma":0.11010353655403876,"Taucorr":0.059964830011722814},"EnergyVariance":{"Mean":1.3314255983350674,"Sigma":0.5003092007364746,"Taucorr":-0.0007037701719818656},"Iteration":16},
{"Acceptance":[0.0025210084033613447],"Energy":{"Mean":-195.83870967741936,"Sigma":0.09737715385886135,"Taucorr":0.9825892857142833},"EnergyVariance":{"Mean":0.39334027055150894,"Sigma":0.22574941016489966,"Taucorr":0.8571932945424581},"Iteration":17},
{"Acceptance":[0.0028011204481792717],"Energy":{"Mean":-195.83870967741936,"Sigma":0.09598694124385602,"Taucorr":0.22604166666667258},"EnergyVariance":{"Mean":0.7804370447450572,"Sigma":0.4489711767857767,"Taucorr":0.2260416666666667},"Iteration":18},
{"Acceptance":[0.0033613445378151263],"Energy":{"Mean":-195.8629032258064,"Sigma":0.10359058531181638,"Taucorr":0.8058164972333106},"EnergyVariance":{"Mean":0.50539802289282,"Sigma":0.37797014064226353,"Taucorr":0.7674190658474753},"Iteration":19},
{"Acceptance":[0.0036414565826330533],"Energy":{"Mean":-195.77419354838707,"Sigma":0.11729181895729751,"Taucorr":0.3217091965639205},"EnergyVariance":{"Mean":1.0296566077003124,"Sigma":0.6002030177945289,"Taucorr":0.3015905167014675},"Iteration":20},
{"Acceptance":[0.002240896358543417],"Energy":{"Mean":-196.0,"Sigma":0.0,"Taucorr":null},"EnergyVariance":{"Mean":0.0,"Sigma":0.0,"Taucorr":null},"Iteration":21},
{"Acceptance":[0.00392156862745098],"Energy":{"Mean":-195.85483870967738,"Sigma":0.1289818449904831,"Taucorr":0.8300388907676746},"EnergyVariance":{"Mean":0.7692507804370445,"Sigma":0.7363939233366394,"Taucorr":0.4902594174775843},"Iteration":22},
{"Acceptance":[0.0025210084033613447],"Energy":{"Mean":-195.83870967741936,"Sigma":0.0887096774193542,"Taucorr":0.3246343085106316},"EnergyVariance":{"Mean":0.5868886576482831,"Sigma":0.33408380017936995,"Taucorr":0.11202899432766456},"Iteration":23},
{"Acceptance":[0.00196078431372549],"Energy":{"Mean":-195.95161290322582,"Sigma":0.0336397638945391,"Taucorr":1.0114406779661127},"EnergyVariance":{"Mean":0.04604578563995838,"Sigma":0.03038430287248793,"Taucorr":1.0114406779661016},"Iteration":24},
{"Acceptance":[0.0016806722689075631],"Energy":{"Mean":-195.95967741935485,"Sigma":0.03298903001428471,"Taucorr":0.4432630614115436},"EnergyVariance":{"Mean":0.07095473465140478,"Sigma":0.062111136672022206,"Taucorr":0.48987027775881575},"Iteration":25},
{"Acceptance":[0.0014005602240896359],"Energy":{"Mean":-195.9354838709677,"Sigma":0.03839477649754231,"Taucorr":0.22604166666667047},"EnergyVariance":{"Mean":0.12486992715920918,"Sigma":0.07183538828571992,"Taucorr":0.2260416666666667},"Iteration":26},
{"Acceptance":[0.0014005602240896359],"Energy":{"Mean":-196.0,"Sigma":0.0,"Taucorr":null},"EnergyVariance":{"Mean":0.0,"Sigma":0.0,"Taucorr":null},"Iteration":27},
{"Acceptance":[0.0011204481792717086],"Energy":{"Mean":-196.0,"Sigma":0.0,"Taucorr":null},"EnergyVariance":{"Mean":0.0,"Sigma":0.0,"Taucorr":null},"Iteration":28},
{"Acceptance":[0.00196078431372549],"Energy":{"Mean":-195.95967741935485,"Sigma":0.02862619249886956,"Taucorr":0.07871545929799662},"EnergyVariance":{"Mean":0.08708376690946931,"Sigma":0.07168396745905893,"Taucorr":0.005712133074362691},"Iteration":29},
{"Acceptance":[0.0005602240896358543],"Energy":{"Mean":-196.0,"Sigma":0.0,"Taucorr":null},"EnergyVariance":{"Mean":0.0,"Sigma":0.0,"Taucorr":null},"Iteration":30},
{"Acceptance":[0.0005602240896358543],"Energy":{"Mean":-196.0,"Sigma":0.0,"Taucorr":null},"EnergyVariance":{"Mean":0.0,"Sigma":0.0,"Taucorr":null},"Iteration":31},
{"Acceptance":[0.00196078431372549],"Energy":{"Mean":-195.9758064516129,"Sigma":0.0241935483870968,"Taucorr":1.0247933884297538},"EnergyVariance":{"Mean":0.023608220603537983,"Sigma":0.023022892819978876,"Taucorr":1.0247933884297518},"Iteration":32},
{"Acceptance":[0.0011204481792717086],"Energy":{"Mean":-195.7983870967742,"Sigma":0.11846881244163777,"Taucorr":0.4733553355335529},"EnergyVariance":{"Mean":0.8867715920915712,"Sigma":0.5108308433084235,"Taucorr":0.21430202823097888},"Iteration":33},
{"Acceptance":[0.00196078431372549],"Energy":{"Mean":-195.79032258064518,"Sigma":0.11828567921661148,"Taucorr":0.5404765649575392},"EnergyVariance":{"Mean":0.827003121748179,"Sigma":0.5000262033737175,"Taucorr":0.2108405912747643},"Iteration":34},
{"Acceptance":[0.0011204481792717086],"Energy":{"Mean":-196.00806451612905,"Sigma":0.00806451612903274,"Taucorr":5.062616992290714e-14},"EnergyVariance":{"Mean":0.007999479708636837,"Sigma":0.007934443288241074,"Taucorr":-2.220446049250313e-16},"Iteration":35},
{"Acceptance":[0.0005602240896358543],"Energy":{"Mean":-196.0,"Sigma":0.0,"Taucorr":null},"EnergyVariance":{"Mean":0.0,"Sigma":0.0,"Taucorr":null},"Iteration":36},
{"Acceptance":[0.0014005602240896359],"Energy":{"Mean":-196.0,"Sigma":0.0,"Taucorr":null},"EnergyVariance":{"Mean":0.0,"Sigma":0.0,"Taucorr":null},"Iteration":37},
{"Acceptance":[0.00196078431372549],"Energy":{"Mean":-195.95161290322582,"Sigma":0.035581488403815975,"Taucorr":-0.0101472995089954},"EnergyVariance":{"Mean":0.15894901144641,"Sigma":0.128600547198734,"Taucorr":-0.005821639123296196},"Iteration":38},
{"Acceptance":[0.0011204481792717086],"Energy":{"Mean":-196.0,"Sigma":0.0,"Taucorr":null},"EnergyVariance":{"Mean":0.0,"Sigma":0.0,"Taucorr":null},"Iteration":39},
{"Acceptance":[0.0014005602240896359],"Energy":{"Mean":-195.96774193548387,"Sigma":0.03225806451612995,"Taucorr":0.8516483516483817},"EnergyVariance":{"Mean":0.047346514047866786,"Sigma":0.04630593132154012,"Taucorr":0.4929079676573165},"Iteration":40},
{"Acceptance":[0.0016806722689075631],"Energy":{"Mean":-195.9032258064516,"Sigma":0.06627311866338335,"Taucorr":0.0011221042471136755},"EnergyVariance":{"Mean":0.5390218522372527,"Sigma":0.5030124455271915,"Taucorr":-0.0011549456700241656},"Iteration":41},
{"Acceptance":[0.0014005602240896359],"Energy":{"Mean":-195.92741935483875,"Sigma":0.04519008298749047,"Taucorr":-0.018548990276731292},"EnergyVariance":{"Mean":0.2608610822060353,"Sigma":0.17270794371948395,"Taucorr":-0.014104588138974472},"Iteration":42},
{"Acceptance":[0.00196078431372549],"Energy":{"Mean":-196.0,"Sigma":0.0,"Taucorr":null},"EnergyVariance":{"Mean":0.0,"Sigma":0.0,"Taucorr":null},"Iteration":43},
{"Acceptance":[0.0005602240896358543],"Energy":{"Mean":-196.0,"Sigma":0.0,"Taucorr":null},"EnergyVariance":{"Mean":0.0,"Sigma":0.0,"Taucorr":null},"Iteration":44},
{"Acceptance":[0.0014005602240896359],"Energy":{"Mean":-195.97580645161293,"Sigma":0.02419354838709684,"Taucorr":1.0247933884297562},"EnergyVariance":{"Mean":0.023608220603537976,"Sigma":0.023022892819980253,"Taucorr":1.0247933884297515},"Iteration":45},
{"Acceptance":[0.0016806722689075631],"Energy":{"Mean":-195.8870967741935,"Sigma":0.07676131635026365,"Taucorr":0.6695843828715407},"EnergyVariance":{"Mean":0.30983350676378774,"Sigma":0.210839882019379,"Taucorr":0.716333407402993},"Iteration":46},
{"Acceptance":[0.0005602240896358543],"Energy":{"Mean":-196.0,"Sigma":0.0,"Taucorr":null},"EnergyVariance":{"Mean":0.0,"Sigma":0.0,"Taucorr":null},"Iteration":47},
{"Acceptance":[0.0005602240896358543],"Energy":{"Mean":-195.87096774193546,"Sigma":0.12903225806451712,"Taucorr":0.5081967213114844},"EnergyVariance":{"Mean":1.0156087408949013,"Sigma":0.9989594172736668,"Taucorr":0.5081967213114749},"Iteration":48},
{"Acceptance":[0.0011204481792717086],"Energy":{"Mean":-195.99193548387095,"Sigma":0.008064516129032718,"Taucorr":4.907185768843192e-14},"EnergyVariance":{"Mean":0.007999479708636834,"Sigma":0.007934443288241074,"Taucorr":0.0},"Iteration":49},
{"Acceptance":[0.0011204481792717086],"Energy":{"Mean":-195.95967741935482,"Sigma":0.028626192498868882,"Taucorr":0.8023529411764567},"EnergyVariance":{"Mean":0.03869667013527576,"Sigma":0.026317628587668833,"Taucorr":0.8023529411764707},"Iteration":50},
{"Acceptance":[0.0011204481792717086],"Energy":{"Mean":-195.7741935483871,"Sigma":0.17672150144756385,"Taucorr":0.7556250000000004},"EnergyVariance":{"Mean":1.5296566077003122,"Sigma":1.1572407998017926,"Taucorr":0.7556250000000002},"Iteration":51},
{"Acceptance":[0.0011204481792717086],"Energy":{"Mean":-195.92741935483875,"Sigma":0.05819131912855699,"Taucorr":-0.006686180865819735},"EnergyVariance":{"Mean":0.4221514047866805,"Sigma":0.3871258894261559,"Taucorr":-0.001939333270446486},"Iteration":52},
{"Acceptance":[0.0011204481792717086],"Energy":{"Mean":-195.9032258064516,"Sigma":0.09677419354838784,"Taucorr":1.0247933884297595},"EnergyVariance":{"Mean":0.37773152965660767,"Sigma":0.3683662851196621,"Taucorr":1.024793388429753},"Iteration":53},
{"Acceptance":[0.0016806722689075631],"Energy":{"Mean":-195.99193548387095,"Sigma":0.008064516129032431,"Taucorr":1.176836406102666e-14},"EnergyVariance":{"Mean":0.007999479708636834,"Sigma":0.007934443288241074,"Taucorr":0.0},"Iteration":54},
{"Acceptance":[0.0011204481792717086],"Energy":{"Mean":-195.99193548387098,"Sigma":0.00806451612903242,"Taucorr":1.9761969838327786e-14},"EnergyVariance":{"Mean":0.007999479708636837,"Sigma":0.007934443288241534,"Taucorr":0.0},"Iteration":55},
{"Acceptance":[0.0014005602240896359],"Energy":{"Mean":-196.0,"Sigma":0.0,"Taucorr":null},"EnergyVariance":{"Mean":0.0,"Sigma":0.0,"Taucorr":null},"Iteration":56},
{"Acceptance":[0.0016806722689075631],"Energy":{"Mean":-196.0,"Sigma":0.0,"Taucorr":null},"EnergyVariance":{"Mean":0.0,"Sigma":0.0,"Taucorr":null},"Iteration":57},
{"Acceptance":[0.002240896358543417],"Energy":{"Mean":-195.95161290322582,"Sigma":0.03742259904364443,"Taucorr":-0.008060921248150998},"EnergyVariance":{"Mean":0.1750780437044745,"Sigma":0.1284394846298918,"Taucorr":-0.009671713048583996},"Iteration":58},
{"Acceptance":[0.0005602240896358543],"Energy":{"Mean":-195.96774193548387,"Sigma":0.022426509263027226,"Taucorr":0.49083333333339163},"EnergyVariance":{"Mean":0.031217481789802284,"Sigma":0.020979637697669556,"Taucorr":0.4908333333333338},"Iteration":59},
{"Acceptance":[0.0008403361344537816],"Energy":{"Mean":-195.99193548387095,"Sigma":0.008064516129033366,"Taucorr":1.0103029524088925e-13},"EnergyVariance":{"Mean":0.007999479708636839,"Sigma":0.007934443288241076,"Taucorr":0.0},"Iteration":60},
{"Acceptance":[0.00028011204481792715],"Energy":{"Mean":-195.93548387096772,"Sigma":0.06451612903225884,"Taucorr":0.5081967213114891},"EnergyVariance":{"Mean":0.25390218522372543,"Sigma":0.24973985431841494,"Taucorr":0.508196721311476},"Iteration":61},
{"Acceptance":[0.0014005602240896359],"Energy":{"Mean":-195.98387096774192,"Sigma":0.016129032258064273,"Taucorr":-1.099120794378905e-14},"EnergyVariance":{"Mean":0.03199791883454734,"Sigma":0.031737773152965214,"Taucorr":-2.220446049250313e-16},"Iteration":62},
{"Acceptance":[0.0014005602240896359],"Energy":{"Mean":-195.99193548387095,"Sigma":0.00806451612903274,"Taucorr":4.973799150320701e-14},"EnergyVariance":{"Mean":0.007999479708636834,"Sigma":0.007934443288241074,"Taucorr":-2.220446049250313e-16},"Iteration":63},
{"Acceptance":[0.0005602240896358543],"Energy":{"Mean":-195.9516129032258,"Sigma":0.048387096774193644,"Taucorr":1.5543122344752192e-15},"EnergyVariance":{"Mean":0.2879812695109262,"Sigma":0.28563995837668965,"Taucorr":-2.220446049250313e-16},"Iteration":64},
{"Acceptance":[0.0011204481792717086],"Energy":{"Mean":-196.0,"Sigma":0.0,"Taucorr":null},"EnergyVariance":{"Mean":0.0,"Sigma":0.0,"Taucorr":null},"Iteration":65},
{"Acceptance":[0.0005602240896358543],"Energy":{"Mean":-196.0,"Sigma":0.0,"Taucorr":null},"EnergyVariance":{"Mean":0.0,"Sigma":0.0,"Taucorr":null},"Iteration":66},
{"Acceptance":[0.0005602240896358543],"Energy":{"Mean":-196.0,"Sigma":0.0,"Taucorr":null},"EnergyVariance":{"Mean":0.0,"Sigma":0.0,"Taucorr":null},"Iteration":67},
{"Acceptance":[0.0014005602240896359],"Energy":{"Mean":-195.95161290322577,"Sigma":0.035581488403816156,"Taucorr":0.32451790633609856},"EnergyVariance":{"Mean":0.09443288241415192,"Sigma":0.06771960696209789,"Taucorr":0.324517906336088},"Iteration":68},
{"Acceptance":[0.00196078431372549],"Energy":{"Mean":-196.0,"Sigma":0.0,"Taucorr":null},"EnergyVariance":{"Mean":0.0,"Sigma":0.0,"Taucorr":null},"Iteration":69},
{"Acceptance":[0.0008403361344537816],"Energy":{"Mean":-196.0,"Sigma":0.0,"Taucorr":null},"EnergyVariance":{"Mean":0.0,"Sigma":0.0,"Taucorr":null},"Iteration":70},
{"Acceptance":[0.0],"Energy":{"Mean":-196.0,"Sigma":0.0,"Taucorr":null},"EnergyVariance":{"Mean":0.0,"Sigma":0.0,"Taucorr":null},"Iteration":71},
{"Acceptance":[0.00028011204481792715],"Energy":{"Mean":-196.0,"Sigma":0.0,"Taucorr":null},"EnergyVariance":{"Mean":0.0,"Sigma":0.0,"Taucorr":null},"Iteration":72},
{"Acceptance":[0.0014005602240896359],"Energy":{"Mean":-195.9758064516129,"Sigma":0.017790744201907537,"Taucorr":-0.010147299509012608},"EnergyVariance":{"Mean":0.0397372528616025,"Sigma":0.03215013679968301,"Taucorr":-0.005821639123295974},"Iteration":73},
{"Acceptance":[0.00196078431372549],"Energy":{"Mean":-195.9112903225807,"Sigma":0.05125886639377705,"Taucorr":0.3340382678751386},"EnergyVariance":{"Mean":0.19374349635796043,"Sigma":0.13839307712014537,"Taucorr":0.4457371418231735},"Iteration":74},
{"Acceptance":[0.0008403361344537816],"Energy":{"Mean":-196.0,"Sigma":0.0,"Taucorr":null},"EnergyVariance":{"Mean":0.0,"Sigma":0.0,"Taucorr":null},"Iteration":75},
{"Acceptance":[0.0011204481792717086],"Energy":{"Mean":-196.0,"Sigma":0.023186944788008413,"Taucorr":-0.15833333333333283},"EnergyVariance":{"Mean":0.09677419354838711,"Sigma":0.0817133556643584,"Taucorr":0.1146806853582556},"Iteration":76},
{"Acceptance":[0.0005602240896358543],"Energy":{"Mean":-196.0,"Sigma":0.0,"Taucorr":null},"EnergyVariance":{"Mean":0.0,"Sigma":0.0,"Taucorr":null},"Iteration":77},
{"Acceptance":[0.0008403361344537816],"Energy":{"Mean":-196.0,"Sigma":0.0,"Taucorr":null},"EnergyVariance":{"Mean":0.0,"Sigma":0.0,"Taucorr":null},"Iteration":78},
{"Acceptance":[0.0008403361344537816],"Energy":{"Mean":-195.97580645161293,"Sigma":0.02419354838709663,"Taucorr":1.0247933884297615},"EnergyVariance":{"Mean":0.023608220603537983,"Sigma":0.023022892819980253,"Taucorr":1.0247933884297515},"Iteration":79},
{"Acceptance":[0.0014005602240896359],"Energy":{"Mean":-196.0,"Sigma":0.0,"Taucorr":null},"EnergyVariance":{"Mean":0.0,"Sigma":0.0,"Taucorr":null},"Iteration":80},
{"Acceptance":[0.0011204481792717086],"Energy":{"Mean":-195.9838709677419,"Sigma":0.016129032258064613,"Taucorr":1.7763568394002505e-15},"EnergyVariance":{"Mean":0.031997918834547334,"Sigma":0.03173777315296429,"Taucorr":-2.220446049250313e-16},"Iteration":81},
{"Acceptance":[0.0008403361344537816],"Energy":{"Mean":-196.0,"Sigma":0.0,"Taucorr":null},"EnergyVariance":{"Mean":0.0,"Sigma":0.0,"Taucorr":null},"Iteration":82},
{"Acceptance":[0.00028011204481792715],"Energy":{"Mean":-196.0,"Sigma":0.0,"Taucorr":null},"EnergyVariance":{"Mean":0.0,"Sigma":0.0,"Taucorr":null},"Iteration":83},
{"Acceptance":[0.0008403361344537816],"Energy":{"Mean":-196.0,"Sigma":0.0,"Taucorr":null},"EnergyVariance":{"Mean":0.0,"Sigma":0.0,"Taucorr":null},"Iteration":84},
{"Acceptance":[0.0005602240896358543],"Energy":{"Mean":-195.98387096774192,"Sigma":0.01612903225806476,"Taucorr":0.5081967213115131},"EnergyVariance":{"Mean":0.015868886576482832,"Sigma":0.0156087408949007,"Taucorr":0.5081967213114753},"Iteration":85},
{"Acceptance":[0.0011204481792717086],"Energy":{"Mean":-196.0,"Sigma":0.0,"Taucorr":null},"EnergyVariance":{"Mean":0.0,"Sigma":0.0,"Taucorr":null},"Iteration":86},
{"Acceptance":[0.0008403361344537816],"Energy":{"Mean":-196.0,"Sigma":0.0,"Taucorr":null},"EnergyVariance":{"Mean":0.0,"Sigma":0.0,"Taucorr":null},"Iteration":87},
{"Acceptance":[0.00196078431372549],"Energy":{"Mean":-195.9112903225806,"Sigma":0.06614214399255583,"Taucorr":0.6904748201438877},"EnergyVariance":{"Mean":0.22600156087408954,"Sigma":0.18335451073148878,"Taucorr":0.4550928116998475},"Iteration":88},
{"Acceptance":[0.00028011204481792715],"Energy":{"Mean":-196.0,"Sigma":0.0,"Taucorr":null},"EnergyVariance":{"Mean":0.0,"Sigma":0.0,"Taucorr":null},"Iteration":89},
{"Acceptance":[0.0],"Energy":{"Mean":-196.0,"Sigma":0.0,"Taucorr":null},"EnergyVariance":{"Mean":0.0,"Sigma":0.0,"Taucorr":null},"Iteration":90},
{"Acceptance":[0.0011204481792717086],"Energy":{"Mean":-196.0,"Sigma":0.0,"Taucorr":null},"EnergyVariance":{"Mean":0.0,"Sigma":0.0,"Taucorr":null},"Iteration":91},
{"Acceptance":[0.0011204481792717086],"Energy":{"Mean":-195.9193548387097,"Sigma":0.046931511489882935,"Taucorr":-0.02273143904673325},"EnergyVariance":{"Mean":0.28381893860561913,"Sigma":0.17330618162907344,"Taucorr":-0.018332376969073694},"Iteration":92},
{"Acceptance":[0.0011204481792717086],"Energy":{"Mean":-195.97580645161293,"Sigma":0.024193548387096694,"Taucorr":-5.551115123125783e-16},"EnergyVariance":{"Mean":0.07199531737773152,"Sigma":0.0714099895941738,"Taucorr":0.0},"Iteration":93},
{"Acceptance":[0.0008403361344537816],"Energy":{"Mean":-196.0,"Sigma":0.0,"Taucorr":null},"EnergyVariance":{"Mean":0.0,"Sigma":0.0,"Taucorr":null},"Iteration":94},
{"Acceptance":[0.00028011204481792715],"Energy":{"Mean":-196.0,"Sigma":0.0,"Taucorr":null},"EnergyVariance":{"Mean":0.0,"Sigma":0.0,"Taucorr":null},"Iteration":95},
{"Acceptance":[0.0005602240896358543],"Energy":{"Mean":-196.0,"Sigma":0.0,"Taucorr":null},"EnergyVariance":{"Mean":0.0,"Sigma":0.0,"Taucorr":null},"Iteration":96},
{"Acceptance":[0.00028011204481792715],"Energy":{"Mean":-196.0,"Sigma":0.0,"Taucorr":null},"EnergyVariance":{"Mean":0.0,"Sigma":0.0,"Taucorr":null},"Iteration":97},
{"Acceptance":[0.00028011204481792715],"Energy":{"Mean":-195.99193548387095,"Sigma":0.008064516129032542,"Taucorr":2.4424906541753444e-14},"EnergyVariance":{"Mean":0.007999479708636837,"Sigma":0.007934443288241074,"Taucorr":-2.220446049250313e-16},"Iteration":98},
{"Acceptance":[0.00028011204481792715],"Energy":{"Mean":-196.0,"Sigma":0.0,"Taucorr":null},"EnergyVariance":{"Mean":0.0,"Sigma":0.0,"Taucorr":null},"Iteration":99} 
]}