{"Output": [
{"Acceptance":[0.011173974540311174],"Energy":{"Mean":-697.6048387096772,"Sigma":0.2053629731615481,"Taucorr":0.3516603668823557},"EnergyVariance":{"Mean":3.045460457856399,"Sigma":1.1205368254010217,"Taucorr":0.14527724023881106},"Iteration":0},
{"Acceptance":[0.008698727015558698],"Energy":{"Mean":-699.5806451612905,"Sigma":0.16038725681009763,"Taucorr":0.0569999084081213},"EnergyVariance":{"Mean":2.840270551508844,"Sigma":0.5789764674638024,"Taucorr":0.0034060927240819883},"Iteration":1},
{"Acceptance":[0.0004243281471004243],"Energy":{"Mean":-700.991935483871,"Sigma":0.05247102498909224,"Taucorr":0.012197521148892942},"EnergyVariance":{"Mean":0.3305801248699272,"Sigma":0.23544452538833482,"Taucorr":-0.011563220747416059},"Iteration":2},
{"Acceptance":[0.0004243281471004243],"Energy":{"Mean":-701.016129032258,"Sigma":0.016129032258064283,"Taucorr":-0.46182495344506636},"EnergyVariance":{"Mean":0.4190946930280957,"Sigma":0.4188345473465145,"Taucorr":0.3798258496823437},"Iteration":3},
{"Acceptance":[0.0007072135785007072],"Energy":{"Mean":-700.8064516129032,"Sigma":0.15147557266934172,"Taucorr":0.2696225879682239},"EnergyVariance":{"Mean":1.8335067637877211,"Sigma":1.2296845995883152,"Taucorr":0.2082338992150451},"Iteration":4},
{"Acceptance":[0.001272984441301273],"Energy":{"Mean":-700.8145161290323,"Sigma":0.14385613984054957,"Taucorr":0.28619983126432824},"EnergyVariance":{"Mean":1.6188215400624348,"Sigma":0.8255309183028433,"Taucorr":0.09972676440381634},"Iteration":5},
{"Acceptance":[0.0019094766619519095],"Energy":{"Mean":-701.0483870967743,"Sigma":0.1574406164030601,"Taucorr":0.15701592106739304},"EnergyVariance":{"Mean":2.3202393340270553,"Sigma":0.8396184254592011,"Taucorr":0.0023359747530498076},"Iteration":6},
{"Acceptance":[0.0011315417256011315],"Energy":{"Mean":-705.2903225806451,"Sigma":0.09496517060567752,"Taucorr":-0.08456742010910728},"EnergyVariance":{"Mean":1.335067637877211,"Sigma":0.39365103793497713,"Taucorr":0.08721349074456597},"Iteration":7},
{"Acceptance":[0.0003536067892503536],"Energy":{"Mean":-708.9032258064517,"Sigma":0.09677419354838623,"Taucorr":-6.772360450213455e-15},"EnergyVariance":{"Mean":1.1519250780437045,"Sigma":1.1425598335067808,"Taucorr":-2.220446049250313e-16},"Iteration":8},
{"Acceptance":[0.0007072135785007072],"Energy":{"Mean":-708.758064516129,"Sigma":0.18675348558296131,"Taucorr":0.4971096867819691},"EnergyVariance":{"Mean":2.151144640998959,"Sigma":1.8719833751894923,"Taucorr":0.5040880779705661},"Iteration":9},
{"Acceptance":[0.00014144271570014144],"Energy":{"Mean":-708.9193548387096,"Sigma":0.08064516129032247,"Taucorr":0.5081967213114673},"EnergyVariance":{"Mean":0.39672216441207087,"Sigma":0.390218522372522,"Taucorr":0.5081967213114749},"Iteration":10},
{"Acceptance":[0.0002828854314002829],"Energy":{"Mean":-709.0322580645162,"Sigma":0.032258064516130766,"Taucorr":4.6629367034256575e-14},"EnergyVariance":{"Mean":0.12799167533818934,"Sigma":0.12695109261185716,"Taucorr":-2.220446049250313e-16},"Iteration":11},
{"Acceptance":[0.0005657708628005657],"Energy":{"Mean":-708.9516129032259,"Sigma":0.18887732650471414,"Taucorr":0.7972927241962875},"EnergyVariance":{"Mean":1.6912070759625393,"Sigma":0.9560380815486078,"Taucorr":0.6040858621586018},"Iteration":12},
{"Acceptance":[0.0031117397454031117],"Energy":{"Mean":-709.6774193548388,"Sigma":0.28941764581300594,"Taucorr":0.3481956223764209},"EnergyVariance":{"Mean":6.073361082206036,"Sigma":1.5809906757153618,"Taucorr":0.2973273046528043},"Iteration":13},
{"Acceptance":[0.0009193776520509194],"Energy":{"Mean":-716.0483870967741,"Sigma":0.035581488403815524,"Taucorr":0.32451790633607347},"EnergyVariance":{"Mean":0.09443288241415193,"Sigma":0.06771960696210397,"Taucorr":0.324517906336088},"Iteration":14},
{"Acceptance":[0.0028995756718528994],"Energy":{"Mean":-715.9838709677416,"Sigma":0.32892286817499455,"Taucorr":0.7241815440578219},"EnergyVariance":{"Mean":5.43522372528616,"Sigma":3.595740032586237,"Taucorr":0.7428716897575873},"Iteration":15},
{"Acceptance":[0.00014144271570014144],"Energy":{"Mean":-718.0967741935483,"Sigma":0.07573778633467014,"Taucorr":0.7556250000000013},"EnergyVariance":{"Mean":0.2809573361082206,"Sigma":0.21255443261666865,"Taucorr":0.7556249999999998},"Iteration":16},
{"Acceptance":[0.0036775106082036777],"Energy":{"Mean":-718.8225806451612,"Sigma":0.17164352140155376,"Taucorr":0.5116013071895409},"EnergyVariance":{"Mean":1.7911030176899063,"Sigma":0.2325492870601933,"Taucorr":0.5116013071895422},"Iteration":17},
{"Acceptance":[0.0003536067892503536],"Energy":{"Mean":-720.8870967741935,"Sigma":0.0784927824205948,"Taucorr":-0.012704918032749535},"EnergyVariance":{"Mean":0.777575442247659,"Sigma":0.5317253002685189,"Taucorr":-0.012704918032786339},"Iteration":18},
{"Acceptance":[0.0004243281471004243],"Energy":{"Mean":-721.0161290322582,"Sigma":0.025755999068826686,"Taucorr":0.007524271844723818},"EnergyVariance":{"Mean":0.08038501560874088,"Sigma":0.07200501637482984,"Taucorr":-0.002888730204551493},"Iteration":19},
{"Acceptance":[0.00021216407355021216],"Energy":{"Mean":-721.0,"Sigma":0.0,"Taucorr":null},"EnergyVariance":{"Mean":0.0,"Sigma":0.0,"Taucorr":null},"Iteration":20},
{"Acceptance":[0.0003536067892503536],"Energy":{"Mean":-721.0483870967741,"Sigma":0.03363976389454046,"Taucorr":-0.012704918032755419},"EnergyVariance":{"Mean":0.14281997918834544,"Sigma":0.09766383066156795,"Taucorr":-0.012704918032786672},"Iteration":21},
{"Acceptance":[0.0007072135785007072],"Energy":{"Mean":-721.1209677419354,"Sigma":0.07039726723482166,"Taucorr":0.37512605042014857},"EnergyVariance":{"Mean":0.34827003121748173,"Sigma":0.19416020479283436,"Taucorr":0.375126050420168},"Iteration":22},
{"Acceptance":[0.003748231966053748],"Energy":{"Mean":-723.4193548387095,"Sigma":0.13785369795380847,"Taucorr":0.3319583333332733},"EnergyVariance":{"Mean":1.4047866805411027,"Sigma":0.2534729284956851,"Taucorr":0.3319583333333329},"Iteration":23},
{"Acceptance":[0.0002828854314002829],"Energy":{"Mean":-723.8467741935484,"Sigma":0.11039848360417996,"Taucorr":0.48783749035743607},"EnergyVariance":{"Mean":0.7587799167533817,"Sigma":0.511408514781235,"Taucorr":0.21662838971134346},"Iteration":24},
{"Acceptance":[0.00014144271570014144],"Energy":{"Mean":-724.0,"Sigma":0.0,"Taucorr":null},"EnergyVariance":{"Mean":0.0,"Sigma":0.0,"Taucorr":null},"Iteration":25},
{"Acceptance":[0.0002828854314002829],"Energy":{"Mean":-724.0,"Sigma":0.0,"Taucorr":null},"EnergyVariance":{"Mean":0.0,"Sigma":0.0,"Taucorr":null},"Iteration":26},
{"Acceptance":[0.00014144271570014144],"Energy":{"Mean":-723.983870967742,"Sigma":0.016129032258066247,"Taucorr":9.43689570931383e-14},"EnergyVariance":{"Mean":0.031997918834547355,"Sigma":0.03173777315296614,"Taucorr":2.220446049250313e-16},"Iteration":27},
{"Acceptance":[0.0],"Energy":{"Mean":-724.0,"Sigma":0.0,"Taucorr":null},"EnergyVariance":{"Mean":0.0,"Sigma":0.0,"Taucorr":null},"Iteration":28},
{"Acceptance":[0.0],"Energy":{"Mean":-724.0,"Sigma":0.0,"Taucorr":null},"EnergyVariance":{"Mean":0.0,"Sigma":0.0,"Taucorr":null},"Iteration":29},
{"Acceptance":[0.00014144271570014144],"Energy":{"Mean":-724.0,"Sigma":0.0,"Taucorr":null},"EnergyVariance":{"Mean":0.0,"Sigma":0.0,"Taucorr":null},"Iteration":30},
{"Acceptance":[0.0],"Energy":{"Mean":-724.0,"Sigma":0.0,"Taucorr":null},"EnergyVariance":{"Mean":0.0,"Sigma":0.0,"Taucorr":null},"Iteration":31},
{"Acceptance":[0.0],"Energy":{"Mean":-724.0,"Sigma":0.0,"Taucorr":null},"EnergyVariance":{"Mean":0.0,"Sigma":0.0,"Taucorr":null},"Iteration":32},
{"Acceptance":[0.00014144271570014144],"Energy":{"Mean":-724.0322580645161,"Sigma":0.03225806451612894,"Taucorr":-3.4416913763379853e-15},"EnergyVariance":{"Mean":0.1279916753381894,"Sigma":0.12695109261186455,"Taucorr":0.0},"Iteration":33},
{"Acceptance":[0.0004243281471004243],"Energy":{"Mean":-723.9596774193548,"Sigma":0.10245427395584855,"Taucorr":0.01052306742782938},"EnergyVariance":{"Mean":1.264503121748179,"Sigma":1.00292356148125,"Taucorr":-0.00704059353952502},"Iteration":34},
{"Acceptance":[0.0005657708628005657],"Energy":{"Mean":-724.1129032258063,"Sigma":0.07934434758870243,"Taucorr":0.2228266148615865},"EnergyVariance":{"Mean":0.535639958376691,"Sigma":0.3644412041285897,"Taucorr":0.12437430757189205},"Iteration":35},
{"Acceptance":[0.0026874115983026876],"Energy":{"Mean":-724.467741935484,"Sigma":0.13507362363391434,"Taucorr":0.07763492701220465},"EnergyVariance":{"Mean":1.942507804370448,"Sigma":0.5277904248435018,"Taucorr":0.044097932814541996},"Iteration":36},
{"Acceptance":[0.003748231966053748],"Energy":{"Mean":-731.3870967741937,"Sigma":0.15153280885981002,"Taucorr":0.18025062656642477},"EnergyVariance":{"Mean":2.0759625390218517,"Sigma":0.42038134070788885,"Taucorr":0.18025062656641644},"Iteration":37},
{"Acceptance":[0.0003536067892503536],"Energy":{"Mean":-732.0161290322579,"Sigma":0.03654332358702684,"Taucorr":0.35094339622647963},"EnergyVariance":{"Mean":0.09651404786680542,"Sigma":0.07046174368565919,"Taucorr":0.316915361990995},"Iteration":38},
{"Acceptance":[0.0],"Energy":{"Mean":-732.0,"Sigma":0.0,"Taucorr":null},"EnergyVariance":{"Mean":0.0,"Sigma":0.0,"Taucorr":null},"Iteration":39},
{"Acceptance":[0.0],"Energy":{"Mean":-732.0,"Sigma":0.0,"Taucorr":null},"EnergyVariance":{"Mean":0.0,"Sigma":0.0,"Taucorr":null},"Iteration":40},
{"Acceptance":[0.00014144271570014144],"Energy":{"Mean":-732.016129032258,"Sigma":0.01612903225806637,"Taucorr":1.0014211682118912e-13},"EnergyVariance":{"Mean":0.031997918834547355,"Sigma":0.03173777315296613,"Taucorr":-2.220446049250313e-16},"Iteration":41},
{"Acceptance":[0.00014144271570014144],"Energy":{"Mean":-731.983870967742,"Sigma":0.01612903225806486,"Taucorr":5.551115123125783e-15},"EnergyVariance":{"Mean":0.031997918834547355,"Sigma":0.03173777315296614,"Taucorr":0.0},"Iteration":42},
{"Acceptance":[0.0],"Energy":{"Mean":-732.0,"Sigma":0.0,"Taucorr":null},"EnergyVariance":{"Mean":0.0,"Sigma":0.0,"Taucorr":null},"Iteration":43},
{"Acceptance":[0.0002828854314002829],"Energy":{"Mean":-732.0,"Sigma":0.0,"Taucorr":null},"EnergyVariance":{"Mean":0.0,"Sigma":0.0,"Taucorr":null},"Iteration":44},
{"Acceptance":[0.0002828854314002829],"Energy":{"Mean":-732.016129032258,"Sigma":0.01612903225806575,"Taucorr":5.6621374255882984e-14},"EnergyVariance":{"Mean":0.031997918834547355,"Sigma":0.03173777315296614,"Taucorr":0.0},"Iteration":45},
{"Acceptance":[0.00014144271570014144],"Energy":{"Mean":-732.0,"Sigma":0.0,"Taucorr":null},"EnergyVariance":{"Mean":0.0,"Sigma":0.0,"Taucorr":null},"Iteration":46},
{"Acceptance":[0.00014144271570014144],"Energy":{"Mean":-732.0,"Sigma":0.0,"Taucorr":null},"EnergyVariance":{"Mean":0.0,"Sigma":0.0,"Taucorr":null},"Iteration":47},
{"Acceptance":[0.0002828854314002829],"Energy":{"Mean":-731.9677419354838,"Sigma":0.051511998137650825,"Taucorr":0.7750000000000505},"EnergyVariance":{"Mean":0.12799167533818934,"Sigma":0.09834470219113288,"Taucorr":0.7291963158883312},"Iteration":48},
{"Acceptance":[0.00014144271570014144],"Energy":{"Mean":-732.0,"Sigma":0.0,"Taucorr":null},"EnergyVariance":{"Mean":0.0,"Sigma":0.0,"Taucorr":null},"Iteration":49},
{"Acceptance":[0.0002828854314002829],"Energy":{"Mean":-732.0,"Sigma":0.0,"Taucorr":null},"EnergyVariance":{"Mean":0.0,"Sigma":0.0,"Taucorr":null},"Iteration":50},
{"Acceptance":[0.00014144271570014144],"Energy":{"Mean":-732.0,"Sigma":0.0,"Taucorr":null},"EnergyVariance":{"Mean":0.0,"Sigma":0.0,"Taucorr":null},"Iteration":51},
{"Acceptance":[0.0005657708628005657],"Energy":{"Mean":-732.0967741935484,"Sigma":0.05397806622800304,"Taucorr":0.4728813559321843},"EnergyVariance":{"Mean":0.18418314255983348,"Sigma":0.09750876479897377,"Taucorr":0.4728813559322037},"Iteration":52},
{"Acceptance":[0.006718528995756719],"Energy":{"Mean":-732.774193548387,"Sigma":0.10327619737795037,"Taucorr":0.19120065789474805},"EnergyVariance":{"Mean":0.9490114464099896,"Sigma":0.04664086333200507,"Taucorr":0.19120065789473706},"Iteration":53},
{"Acceptance":[0.0],"Energy":{"Mean":-734.0,"Sigma":0.0,"Taucorr":null},"EnergyVariance":{"Mean":0.0,"Sigma":0.0,"Taucorr":null},"Iteration":54},
{"Acceptance":[0.0002828854314002829],"Energy":{"Mean":-733.9354838709677,"Sigma":0.06451612903225715,"Taucorr":-1.609823385706477e-14},"EnergyVariance":{"Mean":0.5119667013527575,"Sigma":0.5078043704474434,"Taucorr":0.0},"Iteration":55},
{"Acceptance":[0.0],"Energy":{"Mean":-734.0,"Sigma":0.0,"Taucorr":null},"EnergyVariance":{"Mean":0.0,"Sigma":0.0,"Taucorr":null},"Iteration":56},
{"Acceptance":[0.00014144271570014144],"Energy":{"Mean":-734.0,"Sigma":0.0,"Taucorr":null},"EnergyVariance":{"Mean":0.0,"Sigma":0.0,"Taucorr":null},"Iteration":57},
{"Acceptance":[0.00014144271570014144],"Energy":{"Mean":-734.0,"Sigma":0.0,"Taucorr":null},"EnergyVariance":{"Mean":0.0,"Sigma":0.0,"Taucorr":null},"Iteration":58},
{"Acceptance":[0.0],"Energy":{"Mean":-734.0,"Sigma":0.0,"Taucorr":null},"EnergyVariance":{"Mean":0.0,"Sigma":0.0,"Taucorr":null},"Iteration":59},
{"Acceptance":[0.0],"Energy":{"Mean":-734.0,"Sigma":0.0,"Taucorr":null},"EnergyVariance":{"Mean":0.0,"Sigma":0.0,"Taucorr":null},"Iteration":60},
{"Acceptance":[0.0],"Energy":{"Mean":-734.0,"Sigma":0.0,"Taucorr":null},"EnergyVariance":{"Mean":0.0,"Sigma":0.0,"Taucorr":null},"Iteration":61},
{"Acceptance":[0.00014144271570014144],"Energy":{"Mean":-733.9919354838709,"Sigma":0.008064516129033875,"Taucorr":1.765254609153999e-13},"EnergyVariance":{"Mean":0.007999479708636837,"Sigma":0.007934443288239699,"Taucorr":-2.220446049250313e-16},"Iteration":62},
{"Acceptance":[0.0],"Energy":{"Mean":-734.0,"Sigma":0.0,"Taucorr":null},"EnergyVariance":{"Mean":0.0,"Sigma":0.0,"Taucorr":null},"Iteration":63},
{"Acceptance":[0.0],"Energy":{"Mean":-734.0,"Sigma":0.0,"Taucorr":null},"EnergyVariance":{"Mean":0.0,"Sigma":0.0,"Taucorr":null},"Iteration":64},
{"Acceptance":[0.0002828854314002829],"Energy":{"Mean":-734.0,"Sigma":0.0,"Taucorr":null},"EnergyVariance":{"Mean":0.0,"Sigma":0.0,"Taucorr":null},"Iteration":65},
{"Acceptance":[0.0],"Energy":{"Mean":-734.0,"Sigma":0.0,"Taucorr":null},"EnergyVariance":{"Mean":0.0,"Sigma":0.0,"Taucorr":null},"Iteration":66},
{"Acceptance":[0.00014144271570014144],"Energy":{"Mean":-734.0,"Sigma":0.0,"Taucorr":null},"EnergyVariance":{"Mean":0.0,"Sigma":0.0,"Taucorr":null},"Iteration":67},
{"Acceptance":[0.00014144271570014144],"Energy":{"Mean":-734.0,"Sigma":0.0,"Taucorr":null},"EnergyVariance":{"Mean":0.0,"Sigma":0.0,"Taucorr":null},"Iteration":68},
{"Acceptance":[0.0],"Energy":{"Mean":-734.0,"Sigma":0.0,"Taucorr":null},"EnergyVariance":{"Mean":0.0,"Sigma":0.0,"Taucorr":null},"Iteration":69},
{"Acceptance":[0.0],"Energy":{"Mean":-734.0,"Sigma":0.0,"Taucorr":null},"EnergyVariance":{"Mean":0.0,"Sigma":0.0,"Taucorr":null},"Iteration":70},
{"Acceptance":[0.0],"Energy":{"Mean":-734.0,"Sigma":0.0,"Taucorr":null},"EnergyVariance":{"Mean":0.0,"Sigma":0.0,"Taucorr":null},"Iteration":71},
{"Acceptance":[0.0],"Energy":{"Mean":-734.0,"Sigma":0.0,"Taucorr":null},"EnergyVariance":{"Mean":0.0,"Sigma":0.0,"Taucorr":null},"Iteration":72},
{"Acceptance":[0.0],"Energy":{"Mean":-734.0,"Sigma":0.0,"Taucorr":null},"EnergyVariance":{"Mean":0.0,"Sigma":0.0,"Taucorr":null},"Iteration":73},
{"Acceptance":[0.0],"Energy":{"Mean":-734.0,"Sigma":0.0,"Taucorr":null},"EnergyVariance":{"Mean":0.0,"Sigma":0.0,"Taucorr":null},"Iteration":74},
{"Acceptance":[0.0],"Energy":{"Mean":-734.0,"Sigma":0.0,"Taucorr":null},"EnergyVariance":{"Mean":0.0,"Sigma":0.0,"Taucorr":null},"Iteration":75},
{"Acceptance":[0.0],"Energy":{"Mean":-734.0,"Sigma":0.0,"Taucorr":null},"EnergyVariance":{"Mean":0.0,"Sigma":0.0,"Taucorr":null},"Iteration":76},
{"Acceptance":[0.0],"Energy":{"Mean":-734.0,"Sigma":0.0,"Taucorr":null},"EnergyVariance":{"Mean":0.0,"Sigma":0.0,"Taucorr":null},"Iteration":77},
{"Acceptance":[0.0],"Energy":{"Mean":-734.0,"Sigma":0.0,"Taucorr":null},"EnergyVariance":{"Mean":0.0,"Sigma":0.0,"Taucorr":null},"Iteration":78},
{"Acceptance":[0.00014144271570014144],"Energy":{"Mean":-734.0,"Sigma":0.0,"Taucorr":null},"EnergyVariance":{"Mean":0.0,"Sigma":0.0,"Taucorr":null},"Iteration":79},
{"Acceptance":[0.0],"Energy":{"Mean":-734.0,"Sigma":0.0,"Taucorr":null},"EnergyVariance":{"Mean":0.0,"Sigma":0.0,"Taucorr":null},"Iteration":80},
{"Acceptance":[0.00014144271570014144],"Energy":{"Mean":-734.0,"Sigma":0.0,"Taucorr":null},"EnergyVariance":{"Mean":0.0,"Sigma":0.0,"Taucorr":null},"Iteration":81},
{"Acceptance":[0.0],"Energy":{"Mean":-734.0,"Sigma":0.0,"Taucorr":null},"EnergyVariance":{"Mean":0.0,"Sigma":0.0,"Taucorr":null},"Iteration":82},
{"Acceptance":[0.00014144271570014144],"Energy":{"Mean":-733.9758064516127,"Sigma":0.02419354838710017,"Taucorr":1.0591527654923993e-13},"EnergyVariance":{"Mean":0.07199531737773152,"Sigma":0.0714099895941628,"Taucorr":2.220446049250313e-16},"Iteration":83},
{"Acceptance":[0.00014144271570014144],"Energy":{"Mean":-734.0,"Sigma":0.0,"Taucorr":null},"EnergyVariance":{"Mean":0.0,"Sigma":0.0,"Taucorr":null},"Iteration":84},
{"Acceptance":[0.0],"Energy":{"Mean":-734.0,"Sigma":0.0,"Taucorr":null},"EnergyVariance":{"Mean":0.0,"Sigma":0.0,"Taucorr":null},"Iteration":85},
{"Acceptance":[0.0],"Energy":{"Mean":-734.0,"Sigma":0.0,"Taucorr":null},"EnergyVariance":{"Mean":0.0,"Sigma":0.0,"Taucorr":null},"Iteration":86},
{"Acceptance":[0.0],"Energy":{"Mean":-734.0,"Sigma":0.0,"Taucorr":null},"EnergyVariance":{"Mean":0.0,"Sigma":0.0,"Taucorr":null},"Iteration":87},
{"Acceptance":[0.00014144271570014144],"Energy":{"Mean":-734.0,"Sigma":0.0,"Taucorr":null},"EnergyVariance":{"Mean":0.0,"Sigma":0.0,"Taucorr":null},"Iteration":88},
{"Acceptance":[0.00014144271570014144],"Energy":{"Mean":-733.9677419354838,"Sigma":0.02242650926303377,"Taucorr":-0.012704918032527157},"EnergyVariance":{"Mean":0.06347554630593132,"Sigma":0.04340614696069176,"Taucorr":-0.012704918032787005},"Iteration":89},
{"Acceptance":[0.0004243281471004243],"Energy":{"Mean":-733.6612903225807,"Sigma":0.23547834726176817,"Taucorr":1.0114406779660803},"EnergyVariance":{"Mean":2.25624349635796,"Sigma":1.4888308407518953,"Taucorr":1.0114406779661012},"Iteration":90},
{"Acceptance":[0.0],"Energy":{"Mean":-734.0,"Sigma":0.0,"Taucorr":null},"EnergyVariance":{"Mean":0.0,"Sigma":0.0,"Taucorr":null},"Iteration":91},
{"Acceptance":[0.00014144271570014144],"Energy":{"Mean":-734.0,"Sigma":0.0,"Taucorr":null},"EnergyVariance":{"Mean":0.0,"Sigma":0.0,"Taucorr":null},"Iteration":92},
{"Acceptance":[0.0],"Energy":{"Mean":-734.0,"Sigma":0.0,"Taucorr":null},"EnergyVariance":{"Mean":0.0,"Sigma":0.0,"Taucorr":null},"Iteration":93},
{"Acceptance":[0.00014144271570014144],"Energy":{"Mean":-734.0,"Sigma":0.0,"Taucorr":null},"EnergyVariance":{"Mean":0.0,"Sigma":0.0,"Taucorr":null},"Iteration":94},
{"Acceptance":[0.0002828854314002829],"Energy":{"Mean":-733.8951612903226,"Sigma":0.07311630294608511,"Taucorr":-0.012554237778417243},"EnergyVariance":{"Mean":0.6744927159209156,"Sigma":0.4672012165890986,"Taucorr":-0.012100630247773081},"Iteration":95},
{"Acceptance":[0.00014144271570014144],"Energy":{"Mean":-734.0080645161291,"Sigma":0.00806451612903549,"Taucorr":3.079758670310184e-13},"EnergyVariance":{"Mean":0.007999479708636839,"Sigma":0.0079344432882397,"Taucorr":0.0},"Iteration":96},
{"Acceptance":[0.00014144271570014144],"Energy":{"Mean":-734.0080645161291,"Sigma":0.008064516129035963,"Taucorr":3.5704772471945034e-13},"EnergyVariance":{"Mean":0.007999479708636837,"Sigma":0.007934443288239699,"Taucorr":-2.220446049250313e-16},"Iteration":97},
{"Acceptance":[0.0],"Energy":{"Mean":-734.0,"Sigma":0.0,"Taucorr":null},"EnergyVariance":{"Mean":0.0,"Sigma":0.0,"Taucorr":null},"Iteration":98},
{"Acceptance":[0.00014144271570014144],"Energy":{"Mean":-734.0,"Sigma":0.0,"Taucorr":null},"EnergyVariance":{"Mean":0.0,"Sigma":0.0,"Taucorr":null},"Iteration":99} 
]}