{"Output": [
{"Acceptance":[0.670770096547843],"Energy":{"Mean":-653.2832661290321,"Sigma":0.845721431784423,"Taucorr":0.7366050109721489},"EnergyVariance":{"Mean":286.59415546143344,"Sigma":13.68821993130994,"Taucorr":0.046879831137375705},"Iteration":0},
{"Acceptance":[0.571856919262086],"Energy":{"Mean":-666.9778225806451,"Sigma":0.848950017541714,"Taucorr":0.8252327616685944},"EnergyVariance":{"Mean":269.47329848465137,"Sigma":13.01686856818235,"Taucorr":0.10565059902207985},"Iteration":1},
{"Acceptance":[0.48379438299069694],"Energy":{"Mean":-683.0453629032257,"Sigma":0.7868453376158413,"Taucorr":0.575044627619735},"EnergyVariance":{"Mean":285.3618534973335,"Sigma":16.957017244521097,"Taucorr":0.4012561612028458},"Iteration":2},
{"Acceptance":[0.406046110827779],"Energy":{"Mean":-697.79435483871,"Sigma":0.7857087472171326,"Taucorr":0.830030955982709},"EnergyVariance":{"Mean":229.98795200312168,"Sigma":10.78040181623756,"Taucorr":0.031919402303887456},"Iteration":3},
{"Acceptance":[0.33640504370152824],"Energy":{"Mean":-710.9183467741937,"Sigma":0.790664614242162,"Taucorr":1.0718624232664242},"EnergyVariance":{"Mean":197.0669214603928,"Sigma":12.26608686263845,"Taucorr":0.3852893356228386},"Iteration":4},
{"Acceptance":[0.28108787788192674],"Energy":{"Mean":-722.3770161290321,"Sigma":0.700242276807029,"Taucorr":0.9964107519807979},"EnergyVariance":{"Mean":162.3639072255463,"Sigma":9.617386819347947,"Taucorr":0.2369719301624632},"Iteration":5},
{"Acceptance":[0.26001090339939853],"Energy":{"Mean":-727.6925403225805,"Sigma":0.46149424021277513,"Taucorr":0.4167429179126353},"EnergyVariance":{"Mean":115.1141379015999,"Sigma":6.06488408893566,"Taucorr":0.032215769132097116},"Iteration":6},
{"Acceptance":[0.20865940945781966],"Energy":{"Mean":-737.8608870967743,"Sigma":0.6080701647401793,"Taucorr":1.2345598550295118},"EnergyVariance":{"Mean":105.62379276144641,"Sigma":5.792447702086303,"Taucorr":0.15174591384857805},"Iteration":7},
{"Acceptance":[0.1804952253662311],"Energy":{"Mean":-742.3518145161291,"Sigma":0.4762305609398469,"Taucorr":1.1571205987796647},"EnergyVariance":{"Mean":67.81473461075703,"Sigma":4.107941510647945,"Taucorr":0.44903862178400644},"Iteration":8},
{"Acceptance":[0.1503526018676468],"Energy":{"Mean":-747.6844758064515,"Sigma":0.47294128627425214,"Taucorr":1.4107910876593328},"EnergyVariance":{"Mean":58.002258999414664,"Sigma":5.2619814727115966,"Taucorr":1.2570217951723766},"Iteration":9},
{"Acceptance":[0.12446582136011114],"Energy":{"Mean":-753.1502016129033,"Sigma":0.480087837423927,"Taucorr":1.7315230653925826},"EnergyVariance":{"Mean":51.178044314190956,"Sigma":3.194281907672849,"Taucorr":0.29797234501865644},"Iteration":10},
{"Acceptance":[0.1028964352918418],"Energy":{"Mean":-757.8669354838709,"Sigma":0.3026018714469368,"Taucorr":0.8569803640719738},"EnergyVariance":{"Mean":33.43592286680542,"Sigma":2.208032774603757,"Taucorr":0.4712339962422626},"Iteration":11},
{"Acceptance":[0.09704025464713434],"Energy":{"Mean":-757.1925403225806,"Sigma":0.665241930595697,"Taucorr":5.245850417779303},"EnergyVariance":{"Mean":38.163533062890224,"Sigma":3.321665655908994,"Taucorr":1.1519716353763454},"Iteration":12},
{"Acceptance":[0.07382656560505074],"Energy":{"Mean":-761.701612903226,"Sigma":0.22008921237318924,"Taucorr":0.613553456355926},"EnergyVariance":{"Mean":21.554110301768986,"Sigma":1.432119143171105,"Taucorr":0.1693541067385369},"Iteration":13},
{"Acceptance":[0.06720538838963826],"Energy":{"Mean":-763.3870967741938,"Sigma":0.177840790402082,"Taucorr":0.6176635928090883},"EnergyVariance":{"Mean":14.021527055150887,"Sigma":1.0405856299956804,"Taucorr":0.30663970156690845},"Iteration":14},
{"Acceptance":[0.06013576490864007],"Energy":{"Mean":-764.2167338709676,"Sigma":0.13000671608762046,"Taucorr":0.31445971997267463},"EnergyVariance":{"Mean":10.282663525949532,"Sigma":0.6272068006330811,"Taucorr":0.042144071628680724},"Iteration":15},
{"Acceptance":[0.05471044440145613],"Energy":{"Mean":-764.6643145161289,"Sigma":0.13049069713460118,"Taucorr":0.4774116192220035},"EnergyVariance":{"Mean":8.632274933337671,"Sigma":0.7195357333302139,"Taucorr":0.29008345266271485},"Iteration":16},
{"Acceptance":[0.05136908006964107],"Energy":{"Mean":-765.4596774193549,"Sigma":0.0931002748756886,"Taucorr":0.0651696380176151},"EnergyVariance":{"Mean":7.599180541103017,"Sigma":0.6058674984892415,"Taucorr":-0.120277577546762},"Iteration":17},
{"Acceptance":[0.047139616270685684],"Energy":{"Mean":-765.4858870967743,"Sigma":0.1397755760920688,"Taucorr":0.8044689777460416},"EnergyVariance":{"Mean":7.421171793704475,"Sigma":0.7565102166986685,"Taucorr":0.41878551693456867},"Iteration":18},
{"Acceptance":[0.046594446300757965],"Energy":{"Mean":-766.2066532258066,"Sigma":0.11195054572365343,"Taucorr":0.876118931107905},"EnergyVariance":{"Mean":4.512737992650885,"Sigma":0.5298532513802207,"Taucorr":0.4248032515443295},"Iteration":19},
{"Acceptance":[0.044624799957793296],"Energy":{"Mean":-766.3024193548387,"Sigma":0.10478700130945487,"Taucorr":0.8134242632388797},"EnergyVariance":{"Mean":4.142413501560873,"Sigma":0.38100131261357195,"Taucorr":0.3389926156997033},"Iteration":20},
{"Acceptance":[0.04161757205915974],"Energy":{"Mean":-766.5342741935485,"Sigma":0.07848846685605314,"Taucorr":0.16714872221299004},"EnergyVariance":{"Mean":4.575438182882415,"Sigma":0.6188480295531186,"Taucorr":0.4182643597394031},"Iteration":21},
{"Acceptance":[0.041301021754040414],"Energy":{"Mean":-766.6471774193549,"Sigma":0.08260595118498569,"Taucorr":0.33549765015839317},"EnergyVariance":{"Mean":4.046887194328823,"Sigma":0.4463593798128821,"Taucorr":0.22069925970074056},"Iteration":22},
{"Acceptance":[0.04095809225682782],"Energy":{"Mean":-766.9818548387099,"Sigma":0.08452326918763764,"Taucorr":0.5648790039735698},"EnergyVariance":{"Mean":3.324267527315297,"Sigma":0.23601948966370054,"Taucorr":-0.16059303766434324},"Iteration":23},
{"Acceptance":[0.039173100258516086],"Energy":{"Mean":-767.0967741935484,"Sigma":0.0775056747444081,"Taucorr":0.4145202755020654},"EnergyVariance":{"Mean":3.2547476586888666,"Sigma":0.4357229741898435,"Taucorr":0.351695810845129},"Iteration":24},
{"Acceptance":[0.03655276717725058],"Energy":{"Mean":-767.4324596774192,"Sigma":0.07481351106410286,"Taucorr":0.28886797752134585},"EnergyVariance":{"Mean":3.5155995951482835,"Sigma":0.6626917604377685,"Taucorr":0.6287533872550344},"Iteration":25},
{"Acceptance":[0.036623111689499326],"Energy":{"Mean":-767.5635080645162,"Sigma":0.07840988208158128,"Taucorr":0.7859653194200988},"EnergyVariance":{"Mean":2.3689505967091575,"Sigma":0.3249007450809602,"Taucorr":0.6353871522213947},"Iteration":26},
{"Acceptance":[0.03485570581924977],"Energy":{"Mean":-767.7227822580646,"Sigma":0.07187342119998429,"Taucorr":0.4027312956996766},"EnergyVariance":{"Mean":2.8354487106529653,"Sigma":0.35314794758181606,"Taucorr":0.4576950013201474},"Iteration":27},
{"Acceptance":[0.03296519705256494],"Energy":{"Mean":-767.8487903225806,"Sigma":0.08229906868583331,"Taucorr":0.685070495513896},"EnergyVariance":{"Mean":2.831974343132154,"Sigma":0.38608263198223436,"Taucorr":0.5738901546793627},"Iteration":28},
{"Acceptance":[0.03239364789054394],"Energy":{"Mean":-768.0635080645162,"Sigma":0.08148337903929,"Taucorr":0.8282762691451007},"EnergyVariance":{"Mean":2.4768134999349636,"Sigma":0.22249636732416933,"Taucorr":0.14475008805605827},"Iteration":29},
{"Acceptance":[0.030599862828201114],"Energy":{"Mean":-768.0282258064515,"Sigma":0.10250715904374481,"Taucorr":1.0275365913769798},"EnergyVariance":{"Mean":3.408477497398544,"Sigma":0.5331837704059104,"Taucorr":1.2125918228310095},"Iteration":30},
{"Acceptance":[0.030010727538117933],"Energy":{"Mean":-768.3104838709677,"Sigma":0.07990164647620036,"Taucorr":0.6612395576563928},"EnergyVariance":{"Mean":2.724164281997919,"Sigma":0.29283176181600606,"Taucorr":0.4158659341410016},"Iteration":31},
{"Acceptance":[0.028735733253609553],"Energy":{"Mean":-768.640120967742,"Sigma":0.10063089552018288,"Taucorr":0.7853576284320365},"EnergyVariance":{"Mean":3.903753211173256,"Sigma":0.6363786011564876,"Taucorr":0.9585328720665769},"Iteration":32},
{"Acceptance":[0.02768935863390957],"Energy":{"Mean":-768.7701612903224,"Sigma":0.10403434189793469,"Taucorr":1.2606469199327839},"EnergyVariance":{"Mean":3.045964490114464,"Sigma":0.2741323723358258,"Taucorr":0.02159142712189044},"Iteration":33},
{"Acceptance":[0.026036262596064223],"Energy":{"Mean":-768.7570564516128,"Sigma":0.09756689785861114,"Taucorr":1.2965702320199244},"EnergyVariance":{"Mean":2.625454238748698,"Sigma":0.3473482704368246,"Taucorr":0.3195588830598064},"Iteration":34},
{"Acceptance":[0.024708509927369292],"Energy":{"Mean":-769.1058467741937,"Sigma":0.14652302411712506,"Taucorr":2.1541969451761664},"EnergyVariance":{"Mean":4.007949686199271,"Sigma":0.709396829237836,"Taucorr":1.1393586140344414},"Iteration":35},
{"Acceptance":[0.02462937235108946],"Energy":{"Mean":-769.509072580645,"Sigma":0.13847250134291605,"Taucorr":1.9660450223925463},"EnergyVariance":{"Mean":3.8527402689255985,"Sigma":0.3896249965240296,"Taucorr":0.9062697734500953},"Iteration":36},
{"Acceptance":[0.022167314422383625],"Energy":{"Mean":-769.6028225806452,"Sigma":0.15392895398682221,"Taucorr":2.401826156468119},"EnergyVariance":{"Mean":4.045879129812694,"Sigma":0.5300291461002746,"Taucorr":1.3765034471789805},"Iteration":37},
{"Acceptance":[0.021200077378963473],"Energy":{"Mean":-770.1612903225806,"Sigma":0.1988505315154387,"Taucorr":2.8132366395473714},"EnergyVariance":{"Mean":5.913501560874091,"Sigma":1.3549677623371472,"Taucorr":2.6088291680237767},"Iteration":38},
{"Acceptance":[0.02111214673865255],"Energy":{"Mean":-770.3719758064515,"Sigma":0.22123850870918485,"Taucorr":4.173692056301113},"EnergyVariance":{"Mean":5.189254967156606,"Sigma":0.3918230989843242,"Taucorr":0.42951737450628846},"Iteration":39},
{"Acceptance":[0.021349559467492042],"Energy":{"Mean":-771.1280241935483,"Sigma":0.18919126812511106,"Taucorr":3.67829390962431},"EnergyVariance":{"Mean":4.244698515543705,"Sigma":0.33861606149293244,"Taucorr":0.5828290870058783},"Iteration":40},
{"Acceptance":[0.01785871304714841],"Energy":{"Mean":-770.8124999999999,"Sigma":0.2538886082580834,"Taucorr":6.0746640987731695},"EnergyVariance":{"Mean":4.857988911290321,"Sigma":0.36996501498403705,"Taucorr":0.531121236362887},"Iteration":41},
{"Acceptance":[0.015607688655188787],"Energy":{"Mean":-772.1320564516128,"Sigma":0.15320767790324227,"Taucorr":3.520497553402639},"EnergyVariance":{"Mean":2.8928433516519245,"Sigma":0.3379918643951983,"Taucorr":1.684215926780038},"Iteration":42},
{"Acceptance":[0.015361482862318204],"Energy":{"Mean":-771.758064516129,"Sigma":0.2682281432356148,"Taucorr":7.786023711132055},"EnergyVariance":{"Mean":4.302354318418312,"Sigma":0.38598558499610486,"Taucorr":2.6577379437591437},"Iteration":43},
{"Acceptance":[0.015132863197509804],"Energy":{"Mean":-772.5120967741937,"Sigma":0.12367134443814556,"Taucorr":2.648368606478857},"EnergyVariance":{"Mean":2.407111732570239,"Sigma":0.35349522437489983,"Taucorr":3.3862831547805023},"Iteration":44},
{"Acceptance":[0.014209591474245116],"Energy":{"Mean":-772.8760080645162,"Sigma":0.08325538866917963,"Taucorr":1.236747162850074},"EnergyVariance":{"Mean":1.9775695483220603,"Sigma":0.35912944006211567,"Taucorr":0.23392327878703978},"Iteration":45},
{"Acceptance":[0.01406890244974764],"Energy":{"Mean":-773.0252016129033,"Sigma":0.07411296904065368,"Taucorr":1.0711841269301328},"EnergyVariance":{"Mean":1.7322277819328826,"Sigma":0.24914931842946492,"Taucorr":0.3216508863601577},"Iteration":46},
{"Acceptance":[0.013541318607882102],"Energy":{"Mean":-772.9485887096776,"Sigma":0.1171649699408287,"Taucorr":3.218973851528402},"EnergyVariance":{"Mean":1.8290101050338194,"Sigma":0.401056552118925,"Taucorr":3.376234501496733},"Iteration":47},
{"Acceptance":[0.014024937129592178],"Energy":{"Mean":-773.1350806451613,"Sigma":0.07095657215983953,"Taucorr":1.2653214533280717},"EnergyVariance":{"Mean":1.4132048322060355,"Sigma":0.25626308894606925,"Taucorr":0.506568169384279},"Iteration":48},
{"Acceptance":[0.012037704658565324],"Energy":{"Mean":-773.3618951612905,"Sigma":0.04090639191809719,"Taucorr":0.19171427594467616},"EnergyVariance":{"Mean":1.198668989008845,"Sigma":0.1819613469912729,"Taucorr":0.03324377746676821},"Iteration":49} 
]}