{"Output": [
{"Acceptance":[0.03540031397174254],"Energy":{"Mean":-585.4354838709679,"Sigma":0.228943266066833,"Taucorr":0.04273684902105657},"EnergyVariance":{"Mean":5.939386056191466,"Sigma":0.8608382685324538,"Taucorr":-0.08889777677244853},"Iteration":0},
{"Acceptance":[0.0282574568288854],"Energy":{"Mean":-591.0725806451613,"Sigma":0.23934092647160415,"Taucorr":0.2527368230896322},"EnergyVariance":{"Mean":4.680215920915711,"Sigma":1.0274669327183832,"Taucorr":-0.025763273012604282},"Iteration":1},
{"Acceptance":[0.005808477237048666],"Energy":{"Mean":-595.0725806451613,"Sigma":0.19612973967048394,"Taucorr":0.20457706238983442},"EnergyVariance":{"Mean":3.357635275754422,"Sigma":1.2140284462149185,"Taucorr":0.06980941603963797},"Iteration":2},
{"Acceptance":[0.002904238618524333],"Energy":{"Mean":-598.0725806451611,"Sigma":0.27119646005157283,"Taucorr":0.5081363155377239},"EnergyVariance":{"Mean":4.486667533818937,"Sigma":2.4711706050524587,"Taucorr":0.4668252925590146},"Iteration":3},
{"Acceptance":[0.011381475667189953],"Energy":{"Mean":-603.9193548387096,"Sigma":0.0649514880736603,"Taucorr":0.4692176870747937},"EnergyVariance":{"Mean":0.2676899063475547,"Sigma":0.24738618755147507,"Taucorr":0.5047809160823908},"Iteration":4},
{"Acceptance":[0.012009419152276294],"Energy":{"Mean":-603.7661290322582,"Sigma":0.0859290497768977,"Taucorr":-0.03927416694158509},"EnergyVariance":{"Mean":0.985626951092612,"Sigma":0.40248808433897765,"Taucorr":-0.04482901846688875},"Iteration":5},
{"Acceptance":[0.006357927786499215],"Energy":{"Mean":-604.0483870967741,"Sigma":0.048387096774193825,"Taucorr":1.0247933884297564},"EnergyVariance":{"Mean":0.09443288241415193,"Sigma":0.09209157127992101,"Taucorr":1.0247933884297518},"Iteration":6},
{"Acceptance":[0.004160125588697017],"Energy":{"Mean":-604.0161290322578,"Sigma":0.049098709921860495,"Taucorr":0.42067851373199106},"EnergyVariance":{"Mean":0.16103017689906352,"Sigma":0.09372131048073608,"Taucorr":0.3779119004787438},"Iteration":7},
{"Acceptance":[0.004395604395604396],"Energy":{"Mean":-604.0403225806452,"Sigma":0.08447877365384329,"Taucorr":0.09939603872456093},"EnergyVariance":{"Mean":0.7322450572320499,"Sigma":0.2935225273909251,"Taucorr":-0.037837876075436816},"Iteration":8},
{"Acceptance":[0.012951334379905808],"Energy":{"Mean":-605.4032258064516,"Sigma":0.11458047563679935,"Taucorr":0.2370458323438408},"EnergyVariance":{"Mean":1.0954734651404787,"Sigma":0.31865640873114903,"Taucorr":0.29571862233561996},"Iteration":9},
{"Acceptance":[0.001726844583987441],"Energy":{"Mean":-605.9838709677421,"Sigma":0.0704588302262449,"Taucorr":0.04109036422317314},"EnergyVariance":{"Mean":0.5642559833506765,"Sigma":0.512997504337542,"Taucorr":-0.0020061893131261277},"Iteration":10},
{"Acceptance":[0.0012558869701726845],"Energy":{"Mean":-605.9435483870968,"Sigma":0.06528440408382352,"Taucorr":0.0030957433528921996},"EnergyVariance":{"Mean":0.5210067637877211,"Sigma":0.5086248889731196,"Taucorr":-0.0004445250837852299},"Iteration":11},
{"Acceptance":[0.0015698587127158557],"Energy":{"Mean":-606.0403225806454,"Sigma":0.026173465472342207,"Taucorr":-0.01620612397304705},"EnergyVariance":{"Mean":0.08708376690946931,"Sigma":0.07088714446133738,"Taucorr":-0.005468147490782227},"Iteration":12},
{"Acceptance":[0.002197802197802198],"Energy":{"Mean":-606.008064516129,"Sigma":0.0456197923346175,"Taucorr":0.01209992193601439},"EnergyVariance":{"Mean":0.2499349635796046,"Sigma":0.2014528920937793,"Taucorr":-0.0064812425883398195},"Iteration":13},
{"Acceptance":[0.006122448979591836],"Energy":{"Mean":-606.0967741935484,"Sigma":0.08493943078766338,"Taucorr":0.11931735657226605},"EnergyVariance":{"Mean":0.7164412070759624,"Sigma":0.2913316344865654,"Taucorr":-0.02498989673097929},"Iteration":14},
{"Acceptance":[0.0003924646781789639],"Energy":{"Mean":-607.0322580645162,"Sigma":0.03799748061093332,"Taucorr":0.6154411764705268},"EnergyVariance":{"Mean":0.07960457856399586,"Sigma":0.04470616972892081,"Taucorr":0.20778363098151598},"Iteration":15},
{"Acceptance":[0.0009419152276295133],"Energy":{"Mean":-606.9677419354839,"Sigma":0.022426509263027417,"Taucorr":0.15329670329676592},"EnergyVariance":{"Mean":0.0473465140478668,"Sigma":0.034216822159121696,"Taucorr":0.042144547420516876},"Iteration":16},
{"Acceptance":[0.0006279434850863422],"Energy":{"Mean":-607.0,"Sigma":0.0,"Taucorr":null},"EnergyVariance":{"Mean":0.0,"Sigma":0.0,"Taucorr":null},"Iteration":17},
{"Acceptance":[0.0012558869701726845],"Energy":{"Mean":-606.8145161290323,"Sigma":0.175428715241016,"Taucorr":0.18878369742728263},"EnergyVariance":{"Mean":2.7478537981269513,"Sigma":1.793569581665299,"Taucorr":0.06849343738822788},"Iteration":18},
{"Acceptance":[0.0020408163265306124],"Energy":{"Mean":-607.0483870967741,"Sigma":0.04246971539383141,"Taucorr":-0.135243798118047},"EnergyVariance":{"Mean":0.3041103017689907,"Sigma":0.12845908410735565,"Taucorr":0.11002682254681562},"Iteration":19},
{"Acceptance":[0.010439560439560439],"Energy":{"Mean":-608.9274193548389,"Sigma":0.13628793660824745,"Taucorr":0.0318194204741874},"EnergyVariance":{"Mean":2.1479578563995845,"Sigma":0.1276572261211078,"Taucorr":0.015037953880052135},"Iteration":20},
{"Acceptance":[0.0005494505494505495],"Energy":{"Mean":-609.9919354838709,"Sigma":0.008064516129033875,"Taucorr":1.4788170688007085e-13},"EnergyVariance":{"Mean":0.007999479708636837,"Sigma":0.007934443288239699,"Taucorr":-2.220446049250313e-16},"Iteration":21},
{"Acceptance":[0.0010204081632653062],"Energy":{"Mean":-610.0887096774194,"Sigma":0.057441399658502354,"Taucorr":0.7565847764800704},"EnergyVariance":{"Mean":0.16148543184183142,"Sigma":0.10424643173154817,"Taucorr":0.7911463299271326},"Iteration":22},
{"Acceptance":[0.0026687598116169543],"Energy":{"Mean":-610.1935483870967,"Sigma":0.08575226682742662,"Taucorr":0.5919597989949521},"EnergyVariance":{"Mean":0.4141519250780437,"Sigma":0.1359438131897437,"Taucorr":0.5032775383956836},"Iteration":23},
{"Acceptance":[0.0010204081632653062],"Energy":{"Mean":-611.9516129032259,"Sigma":0.04975660495236103,"Taucorr":0.028703703703639616},"EnergyVariance":{"Mean":0.2879812695109261,"Sigma":0.17465156308943447,"Taucorr":-0.01722437825699824},"Iteration":24},
{"Acceptance":[0.0015698587127158557],"Energy":{"Mean":-611.8790322580645,"Sigma":0.10617428848457561,"Taucorr":0.09212353496637404},"EnergyVariance":{"Mean":1.1708506763787725,"Sigma":0.9522326962976464,"Taucorr":-0.002863021082860573},"Iteration":25},
{"Acceptance":[0.00423861852433281],"Energy":{"Mean":-611.9838709677418,"Sigma":0.09901089048316836,"Taucorr":0.12315810701802143},"EnergyVariance":{"Mean":0.9674817898022892,"Sigma":0.6557765633412622,"Taucorr":-0.010294363569194387},"Iteration":26},
{"Acceptance":[0.003532182103610675],"Energy":{"Mean":-612.7983870967741,"Sigma":0.08150083682424476,"Taucorr":0.01709887214948902},"EnergyVariance":{"Mean":0.7899973985431844,"Sigma":0.6231837847516367,"Taucorr":-0.004908079495110129},"Iteration":27},
{"Acceptance":[0.0003139717425431711],"Energy":{"Mean":-612.9516129032259,"Sigma":0.033639763894538384,"Taucorr":-0.012704918032794887},"EnergyVariance":{"Mean":0.14281997918834546,"Sigma":0.09766383066156796,"Taucorr":-0.01270491803278645},"Iteration":28},
{"Acceptance":[0.0010204081632653062],"Energy":{"Mean":-612.9274193548387,"Sigma":0.06679444916402842,"Taucorr":-0.002194690265480581},"EnergyVariance":{"Mean":0.5511836628511966,"Sigma":0.402511884354894,"Taucorr":-0.010032087145695479},"Iteration":29},
{"Acceptance":[0.0005494505494505495],"Energy":{"Mean":-613.0,"Sigma":0.0,"Taucorr":null},"EnergyVariance":{"Mean":0.0,"Sigma":0.0,"Taucorr":null},"Iteration":30},
{"Acceptance":[0.00047095761381475666],"Energy":{"Mean":-612.8870967741935,"Sigma":0.11290322580645143,"Taucorr":0.5081967213114722},"EnergyVariance":{"Mean":0.7775754422476587,"Sigma":0.7648283038501535,"Taucorr":0.5081967213114753},"Iteration":31},
{"Acceptance":[0.0006279434850863422],"Energy":{"Mean":-612.9435483870966,"Sigma":0.04133146471780993,"Taucorr":-0.010336465595670918},"EnergyVariance":{"Mean":0.21455515088449534,"Sigma":0.1968343496339589,"Taucorr":-0.0018604881074290036},"Iteration":32},
{"Acceptance":[0.0007849293563579278],"Energy":{"Mean":-613.0,"Sigma":0.0,"Taucorr":null},"EnergyVariance":{"Mean":0.0,"Sigma":0.0,"Taucorr":null},"Iteration":33},
{"Acceptance":[0.0006279434850863422],"Energy":{"Mean":-612.9677419354838,"Sigma":0.032258064516130044,"Taucorr":2.0650148258027912e-14},"EnergyVariance":{"Mean":0.12799167533818934,"Sigma":0.1269510926118572,"Taucorr":0.0},"Iteration":34},
{"Acceptance":[0.0],"Energy":{"Mean":-613.0,"Sigma":0.0,"Taucorr":null},"EnergyVariance":{"Mean":0.0,"Sigma":0.0,"Taucorr":null},"Iteration":35},
{"Acceptance":[0.0],"Energy":{"Mean":-613.0,"Sigma":0.0,"Taucorr":null},"EnergyVariance":{"Mean":0.0,"Sigma":0.0,"Taucorr":null},"Iteration":36},
{"Acceptance":[0.0],"Energy":{"Mean":-613.0,"Sigma":0.0,"Taucorr":null},"EnergyVariance":{"Mean":0.0,"Sigma":0.0,"Taucorr":null},"Iteration":37},
{"Acceptance":[0.00047095761381475666],"Energy":{"Mean":-612.782258064516,"Sigma":0.16011669781716853,"Taucorr":0.5676575505350578},"EnergyVariance":{"Mean":1.4767819979188346,"Sigma":1.0026957079451086,"Taucorr":0.34887298618318097},"Iteration":38},
{"Acceptance":[0.0003139717425431711],"Energy":{"Mean":-612.9354838709677,"Sigma":0.06451612903225715,"Taucorr":0.5081967213114538},"EnergyVariance":{"Mean":0.2539021852237253,"Sigma":0.24973985431841125,"Taucorr":0.5081967213114755},"Iteration":39},
{"Acceptance":[0.0003139717425431711],"Energy":{"Mean":-612.9758064516129,"Sigma":0.02419354838709746,"Taucorr":2.9753977059954195e-14},"EnergyVariance":{"Mean":0.07199531737773153,"Sigma":0.0714099895941738,"Taucorr":0.0},"Iteration":40},
{"Acceptance":[0.00015698587127158556],"Energy":{"Mean":-613.0,"Sigma":0.0,"Taucorr":null},"EnergyVariance":{"Mean":0.0,"Sigma":0.0,"Taucorr":null},"Iteration":41},
{"Acceptance":[0.00047095761381475666],"Energy":{"Mean":-612.9516129032259,"Sigma":0.04838709677419402,"Taucorr":7.549516567451064e-15},"EnergyVariance":{"Mean":0.28798126951092606,"Sigma":0.2856399583766952,"Taucorr":0.0},"Iteration":42},
{"Acceptance":[0.0006279434850863422],"Energy":{"Mean":-612.9193548387096,"Sigma":0.05361538754385104,"Taucorr":0.059320987654284396},"EnergyVariance":{"Mean":0.31607700312174813,"Sigma":0.2824098193255884,"Taucorr":-0.0007229132782647363},"Iteration":43},
{"Acceptance":[0.0],"Energy":{"Mean":-613.0,"Sigma":0.0,"Taucorr":null},"EnergyVariance":{"Mean":0.0,"Sigma":0.0,"Taucorr":null},"Iteration":44},
{"Acceptance":[0.0003139717425431711],"Energy":{"Mean":-612.9516129032259,"Sigma":0.048387096774192576,"Taucorr":-1.9984014443252818e-14},"EnergyVariance":{"Mean":0.2879812695109261,"Sigma":0.2856399583766952,"Taucorr":-2.220446049250313e-16},"Iteration":45},
{"Acceptance":[0.0],"Energy":{"Mean":-613.0,"Sigma":0.0,"Taucorr":null},"EnergyVariance":{"Mean":0.0,"Sigma":0.0,"Taucorr":null},"Iteration":46},
{"Acceptance":[0.00015698587127158556],"Energy":{"Mean":-612.8064516129031,"Sigma":0.19354838709677522,"Taucorr":0.5081967213114782},"EnergyVariance":{"Mean":2.2851196670135288,"Sigma":2.247658688865701,"Taucorr":0.5081967213114749},"Iteration":47},
{"Acceptance":[0.00015698587127158556],"Energy":{"Mean":-612.9758064516128,"Sigma":0.02419354838709693,"Taucorr":-1.3322676295501878e-15},"EnergyVariance":{"Mean":0.07199531737773154,"Sigma":0.07140998959416829,"Taucorr":-2.220446049250313e-16},"Iteration":48},
{"Acceptance":[0.0],"Energy":{"Mean":-613.0,"Sigma":0.0,"Taucorr":null},"EnergyVariance":{"Mean":0.0,"Sigma":0.0,"Taucorr":null},"Iteration":49},
{"Acceptance":[0.00047095761381475666],"Energy":{"Mean":-613.0,"Sigma":0.0,"Taucorr":null},"EnergyVariance":{"Mean":0.0,"Sigma":0.0,"Taucorr":null},"Iteration":50},
{"Acceptance":[0.0],"Energy":{"Mean":-613.0,"Sigma":0.0,"Taucorr":null},"EnergyVariance":{"Mean":0.0,"Sigma":0.0,"Taucorr":null},"Iteration":51},
{"Acceptance":[0.00015698587127158556],"Energy":{"Mean":-613.0,"Sigma":0.0,"Taucorr":null},"EnergyVariance":{"Mean":0.0,"Sigma":0.0,"Taucorr":null},"Iteration":52},
{"Acceptance":[0.0],"Energy":{"Mean":-613.0,"Sigma":0.0,"Taucorr":null},"EnergyVariance":{"Mean":0.0,"Sigma":0.0,"Taucorr":null},"Iteration":53},
{"Acceptance":[0.0],"Energy":{"Mean":-613.0,"Sigma":0.0,"Taucorr":null},"EnergyVariance":{"Mean":0.0,"Sigma":0.0,"Taucorr":null},"Iteration":54},
{"Acceptance":[0.0003139717425431711],"Energy":{"Mean":-612.991935483871,"Sigma":0.008064516129032698,"Taucorr":4.6407322429331543e-14},"EnergyVariance":{"Mean":0.007999479708636839,"Sigma":0.007934443288241534,"Taucorr":0.0},"Iteration":55},
{"Acceptance":[0.0003139717425431711],"Energy":{"Mean":-613.0,"Sigma":0.0,"Taucorr":null},"EnergyVariance":{"Mean":0.0,"Sigma":0.0,"Taucorr":null},"Iteration":56},
{"Acceptance":[0.00015698587127158556],"Energy":{"Mean":-613.0,"Sigma":0.0,"Taucorr":null},"EnergyVariance":{"Mean":0.0,"Sigma":0.0,"Taucorr":null},"Iteration":57},
{"Acceptance":[0.00047095761381475666],"Energy":{"Mean":-612.9919354838709,"Sigma":0.008064516129034869,"Taucorr":2.3092638912203256e-13},"EnergyVariance":{"Mean":0.007999479708636839,"Sigma":0.007934443288239699,"Taucorr":-2.220446049250313e-16},"Iteration":58},
{"Acceptance":[0.0003139717425431711],"Energy":{"Mean":-613.0,"Sigma":0.0,"Taucorr":null},"EnergyVariance":{"Mean":0.0,"Sigma":0.0,"Taucorr":null},"Iteration":59},
{"Acceptance":[0.0003139717425431711],"Energy":{"Mean":-612.9758064516128,"Sigma":0.024193548387098345,"Taucorr":5.81756864903582e-14},"EnergyVariance":{"Mean":0.07199531737773154,"Sigma":0.07140998959416829,"Taucorr":-2.220446049250313e-16},"Iteration":60},
{"Acceptance":[0.00015698587127158556],"Energy":{"Mean":-612.9516129032259,"Sigma":0.04838709677419337,"Taucorr":-5.88418203051333e-15},"EnergyVariance":{"Mean":0.28798126951092606,"Sigma":0.2856399583766952,"Taucorr":0.0},"Iteration":61},
{"Acceptance":[0.0003139717425431711],"Energy":{"Mean":-613.0,"Sigma":0.0,"Taucorr":null},"EnergyVariance":{"Mean":0.0,"Sigma":0.0,"Taucorr":null},"Iteration":62},
{"Acceptance":[0.0003139717425431711],"Energy":{"Mean":-612.967741935484,"Sigma":0.02242650926302755,"Taucorr":0.15329670329676826},"EnergyVariance":{"Mean":0.04734651404786679,"Sigma":0.0342168221591265,"Taucorr":0.042144547420527756},"Iteration":63},
{"Acceptance":[0.00015698587127158556],"Energy":{"Mean":-613.0,"Sigma":0.0,"Taucorr":null},"EnergyVariance":{"Mean":0.0,"Sigma":0.0,"Taucorr":null},"Iteration":64},
{"Acceptance":[0.00015698587127158556],"Energy":{"Mean":-613.0,"Sigma":0.0,"Taucorr":null},"EnergyVariance":{"Mean":0.0,"Sigma":0.0,"Taucorr":null},"Iteration":65},
{"Acceptance":[0.00015698587127158556],"Energy":{"Mean":-613.0,"Sigma":0.0,"Taucorr":null},"EnergyVariance":{"Mean":0.0,"Sigma":0.0,"Taucorr":null},"Iteration":66},
{"Acceptance":[0.00015698587127158556],"Energy":{"Mean":-612.9919354838709,"Sigma":0.008064516129034869,"Taucorr":2.3092638912203256e-13},"EnergyVariance":{"Mean":0.007999479708636839,"Sigma":0.007934443288239699,"Taucorr":-2.220446049250313e-16},"Iteration":67},
{"Acceptance":[0.0003139717425431711],"Energy":{"Mean":-612.983870967742,"Sigma":0.016129032258065477,"Taucorr":0.5081967213115384},"EnergyVariance":{"Mean":0.01586888657648283,"Sigma":0.015608740894901616,"Taucorr":0.5081967213114749},"Iteration":68},
{"Acceptance":[0.0],"Energy":{"Mean":-613.0,"Sigma":0.0,"Taucorr":null},"EnergyVariance":{"Mean":0.0,"Sigma":0.0,"Taucorr":null},"Iteration":69},
{"Acceptance":[0.00015698587127158556],"Energy":{"Mean":-612.983870967742,"Sigma":0.016129032258065775,"Taucorr":6.039613253960852e-14},"EnergyVariance":{"Mean":0.031997918834547355,"Sigma":0.03173777315296614,"Taucorr":2.220446049250313e-16},"Iteration":70},
{"Acceptance":[0.00047095761381475666],"Energy":{"Mean":-613.0,"Sigma":0.0,"Taucorr":null},"EnergyVariance":{"Mean":0.0,"Sigma":0.0,"Taucorr":null},"Iteration":71},
{"Acceptance":[0.0003139717425431711],"Energy":{"Mean":-613.0,"Sigma":0.0,"Taucorr":null},"EnergyVariance":{"Mean":0.0,"Sigma":0.0,"Taucorr":null},"Iteration":72},
{"Acceptance":[0.00047095761381475666],"Energy":{"Mean":-613.0,"Sigma":0.0,"Taucorr":null},"EnergyVariance":{"Mean":0.0,"Sigma":0.0,"Taucorr":null},"Iteration":73},
{"Acceptance":[0.0006279434850863422],"Energy":{"Mean":-612.9596774193549,"Sigma":0.028626192498870013,"Taucorr":0.07871545929801693},"EnergyVariance":{"Mean":0.0870837669094693,"Sigma":0.07168396745906042,"Taucorr":0.005712133074362913},"Iteration":74},
{"Acceptance":[0.0],"Energy":{"Mean":-613.0,"Sigma":0.0,"Taucorr":null},"EnergyVariance":{"Mean":0.0,"Sigma":0.0,"Taucorr":null},"Iteration":75},
{"Acceptance":[0.00015698587127158556],"Energy":{"Mean":-613.0,"Sigma":0.0,"Taucorr":null},"EnergyVariance":{"Mean":0.0,"Sigma":0.0,"Taucorr":null},"Iteration":76},
{"Acceptance":[0.00047095761381475666],"Energy":{"Mean":-612.8709677419357,"Sigma":0.1290322580645156,"Taucorr":0.5081967213114706},"EnergyVariance":{"Mean":1.0156087408949008,"Sigma":0.9989594172737328,"Taucorr":0.5081967213114755},"Iteration":77},
{"Acceptance":[0.00015698587127158556],"Energy":{"Mean":-613.0,"Sigma":0.0,"Taucorr":null},"EnergyVariance":{"Mean":0.0,"Sigma":0.0,"Taucorr":null},"Iteration":78},
{"Acceptance":[0.00015698587127158556],"Energy":{"Mean":-612.983870967742,"Sigma":0.016129032258065477,"Taucorr":4.551914400963142e-14},"EnergyVariance":{"Mean":0.031997918834547355,"Sigma":0.03173777315296613,"Taucorr":0.0},"Iteration":79},
{"Acceptance":[0.00015698587127158556],"Energy":{"Mean":-613.0,"Sigma":0.0,"Taucorr":null},"EnergyVariance":{"Mean":0.0,"Sigma":0.0,"Taucorr":null},"Iteration":80},
{"Acceptance":[0.00015698587127158556],"Energy":{"Mean":-612.983870967742,"Sigma":0.016129032258065477,"Taucorr":4.551914400963142e-14},"EnergyVariance":{"Mean":0.031997918834547355,"Sigma":0.03173777315296614,"Taucorr":0.0},"Iteration":81},
{"Acceptance":[0.00015698587127158556],"Energy":{"Mean":-613.0,"Sigma":0.0,"Taucorr":null},"EnergyVariance":{"Mean":0.0,"Sigma":0.0,"Taucorr":null},"Iteration":82},
{"Acceptance":[0.0],"Energy":{"Mean":-613.0,"Sigma":0.0,"Taucorr":null},"EnergyVariance":{"Mean":0.0,"Sigma":0.0,"Taucorr":null},"Iteration":83},
{"Acceptance":[0.00047095761381475666],"Energy":{"Mean":-612.9516129032259,"Sigma":0.04838709677419418,"Taucorr":0.5081967213114928},"EnergyVariance":{"Mean":0.14281997918834546,"Sigma":0.14047866805411452,"Taucorr":0.5081967213114753},"Iteration":84},
{"Acceptance":[0.0],"Energy":{"Mean":-613.0,"Sigma":0.0,"Taucorr":null},"EnergyVariance":{"Mean":0.0,"Sigma":0.0,"Taucorr":null},"Iteration":85},
{"Acceptance":[0.0],"Energy":{"Mean":-613.0,"Sigma":0.0,"Taucorr":null},"EnergyVariance":{"Mean":0.0,"Sigma":0.0,"Taucorr":null},"Iteration":86},
{"Acceptance":[0.0003139717425431711],"Energy":{"Mean":-613.0,"Sigma":0.0,"Taucorr":null},"EnergyVariance":{"Mean":0.0,"Sigma":0.0,"Taucorr":null},"Iteration":87},
{"Acceptance":[0.0],"Energy":{"Mean":-613.0,"Sigma":0.0,"Taucorr":null},"EnergyVariance":{"Mean":0.0,"Sigma":0.0,"Taucorr":null},"Iteration":88},
{"Acceptance":[0.0003139717425431711],"Energy":{"Mean":-612.8548387096774,"Sigma":0.14516129032258068,"Taucorr":1.0247933884297569},"EnergyVariance":{"Mean":0.8498959417273674,"Sigma":0.8288241415192561,"Taucorr":1.0247933884297518},"Iteration":89},
{"Acceptance":[0.00015698587127158556],"Energy":{"Mean":-613.0,"Sigma":0.0,"Taucorr":null},"EnergyVariance":{"Mean":0.0,"Sigma":0.0,"Taucorr":null},"Iteration":90},
{"Acceptance":[0.00015698587127158556],"Energy":{"Mean":-613.0,"Sigma":0.0,"Taucorr":null},"EnergyVariance":{"Mean":0.0,"Sigma":0.0,"Taucorr":null},"Iteration":91},
{"Acceptance":[0.00015698587127158556],"Energy":{"Mean":-613.0,"Sigma":0.0,"Taucorr":null},"EnergyVariance":{"Mean":0.0,"Sigma":0.0,"Taucorr":null},"Iteration":92},
{"Acceptance":[0.0],"Energy":{"Mean":-613.0,"Sigma":0.0,"Taucorr":null},"EnergyVariance":{"Mean":0.0,"Sigma":0.0,"Taucorr":null},"Iteration":93},
{"Acceptance":[0.0],"Energy":{"Mean":-613.0,"Sigma":0.0,"Taucorr":null},"EnergyVariance":{"Mean":0.0,"Sigma":0.0,"Taucorr":null},"Iteration":94},
{"Acceptance":[0.0003139717425431711],"Energy":{"Mean":-613.0,"Sigma":0.0,"Taucorr":null},"EnergyVariance":{"Mean":0.0,"Sigma":0.0,"Taucorr":null},"Iteration":95},
{"Acceptance":[0.0],"Energy":{"Mean":-613.0,"Sigma":0.0,"Taucorr":null},"EnergyVariance":{"Mean":0.0,"Sigma":0.0,"Taucorr":null},"Iteration":96},
{"Acceptance":[0.00015698587127158556],"Energy":{"Mean":-613.0,"Sigma":0.0,"Taucorr":null},"EnergyVariance":{"Mean":0.0,"Sigma":0.0,"Taucorr":null},"Iteration":97},
{"Acceptance":[0.0003139717425431711],"Energy":{"Mean":-612.983870967742,"Sigma":0.016129032258066247,"Taucorr":0.508196721311639},"EnergyVariance":{"Mean":0.015868886576482832,"Sigma":0.015608740894901618,"Taucorr":0.5081967213114753},"Iteration":98},
{"Acceptance":[0.0005494505494505495],"Energy":{"Mean":-612.9435483870969,"Sigma":0.0487886563298507,"Taucorr":-0.004097818902868311},"EnergyVariance":{"Mean":0.29520031217481796,"Sigma":0.28471084907182215,"Taucorr":-0.0006328176706957289},"Iteration":99} 
]}