{"Output": [
{"Acceptance":[0.9127298444130127],"Energy":{"Mean":-623.4596774193549,"Sigma":1.4817934849415635,"Taucorr":-0.028944941504871757},"EnergyVariance":{"Mean":286.6677289281997,"Sigma":35.970880301846016,"Taucorr":0.06599828007841879},"Iteration":0},
{"Acceptance":[0.8942008486562942],"Energy":{"Mean":-626.1290322580646,"Sigma":1.6446749755602554,"Taucorr":-0.07153497040460721},"EnergyVariance":{"Mean":388.25754422476587,"Sigma":48.87847175735516,"Taucorr":-0.03585588989916855},"Iteration":1},
{"Acceptance":[0.88005657708628],"Energy":{"Mean":-623.3467741935485,"Sigma":1.2516482369472215,"Taucorr":-0.13285074415652215},"EnergyVariance":{"Mean":262.42007023933405,"Sigma":34.1795688609183,"Taucorr":-0.010951002585544378},"Iteration":2},
{"Acceptance":[0.8592644978783592],"Energy":{"Mean":-625.516129032258,"Sigma":1.602666439273644,"Taucorr":0.05515975907227566},"EnergyVariance":{"Mean":284.54006243496355,"Sigma":36.21516367495742,"Taucorr":-0.10475013346146334},"Iteration":3},
{"Acceptance":[0.8292079207920792],"Energy":{"Mean":-627.6129032258066,"Sigma":1.5680289794302216,"Taucorr":0.04835579568224735},"EnergyVariance":{"Mean":275.75338189386065,"Sigma":38.230227434196316,"Taucorr":0.009737264573473348},"Iteration":4},
{"Acceptance":[0.8088401697312588],"Energy":{"Mean":-627.1532258064516,"Sigma":1.6619426634453864,"Taucorr":0.07679413406038371},"EnergyVariance":{"Mean":294.50071540062436,"Sigma":38.13307425430576,"Taucorr":0.10013890089027488},"Iteration":5},
{"Acceptance":[0.7466053748231966],"Energy":{"Mean":-633.6935483870967,"Sigma":1.4460136935048977,"Taucorr":0.10569066690192663},"EnergyVariance":{"Mean":212.30931321540064,"Sigma":27.96467307373415,"Taucorr":0.08186286719119762},"Iteration":6},
{"Acceptance":[0.656011315417256],"Energy":{"Mean":-637.0322580645163,"Sigma":1.5357628281888998,"Taucorr":0.032050645908042075},"EnergyVariance":{"Mean":272.62799167533814,"Sigma":47.33598297517062,"Taucorr":0.2263252318192207},"Iteration":7},
{"Acceptance":[0.5198727015558698],"Energy":{"Mean":-647.0483870967743,"Sigma":1.4559120924051876,"Taucorr":0.08504703912688572},"EnergyVariance":{"Mean":222.820239334027,"Sigma":32.722059140840024,"Taucorr":-0.011633091065509638},"Iteration":8},
{"Acceptance":[0.4510608203677511],"Energy":{"Mean":-659.6612903225807,"Sigma":1.2770486591495207,"Taucorr":0.01084377099291245},"EnergyVariance":{"Mean":196.33688865764827,"Sigma":23.94200513296436,"Taucorr":-0.0937187765489696},"Iteration":9},
{"Acceptance":[0.37036775106082037],"Energy":{"Mean":-667.0322580645162,"Sigma":1.9521060427346544,"Taucorr":0.39588294844536354},"EnergyVariance":{"Mean":261.5957336108221,"Sigma":39.48868683876869,"Taucorr":0.14595131479776502},"Iteration":10},
{"Acceptance":[0.30424328147100427],"Energy":{"Mean":-676.9032258064516,"Sigma":1.316289456278132,"Taucorr":0.17707166589526502},"EnergyVariance":{"Mean":157.37773152965661,"Sigma":18.76215160667716,"Taucorr":-0.03541857023756534},"Iteration":11},
{"Acceptance":[0.24328147100424327],"Energy":{"Mean":-686.3709677419356,"Sigma":1.495372385371968,"Taucorr":0.2997394521422476},"EnergyVariance":{"Mean":171.9591571279917,"Sigma":27.636058486584602,"Taucorr":0.02143833341868362},"Iteration":12},
{"Acceptance":[0.20084865629420084],"Energy":{"Mean":-696.9516129032257,"Sigma":1.0692688786222817,"Taucorr":0.12253752501859894},"EnergyVariance":{"Mean":112.94927159209159,"Sigma":13.9997539622334,"Taucorr":-0.11699814307127149},"Iteration":13},
{"Acceptance":[0.17835926449787837],"Energy":{"Mean":-704.1129032258066,"Sigma":1.0245533192513223,"Taucorr":0.32540096324309653},"EnergyVariance":{"Mean":78.2130593132154,"Sigma":12.375312932886064,"Taucorr":0.2141498512071266},"Iteration":14},
{"Acceptance":[0.1468175388967468],"Energy":{"Mean":-710.5483870967741,"Sigma":0.9261304741883057,"Taucorr":0.12720653283429673},"EnergyVariance":{"Mean":84.10249739854319,"Sigma":11.016173943634383,"Taucorr":0.055113426621032136},"Iteration":15},
{"Acceptance":[0.12751060820367752],"Energy":{"Mean":-713.6935483870968,"Sigma":0.8481248828194144,"Taucorr":0.2851737488283649},"EnergyVariance":{"Mean":56.34157127991676,"Sigma":10.702856885301696,"Taucorr":0.24217425212364452},"Iteration":16},
{"Acceptance":[0.10834512022630835],"Energy":{"Mean":-721.040322580645,"Sigma":0.7986965838730826,"Taucorr":0.24443753355176778},"EnergyVariance":{"Mean":52.69998699271593,"Sigma":6.302072860058324,"Taucorr":0.11821841555602475},"Iteration":17},
{"Acceptance":[0.08026874115983026],"Energy":{"Mean":-725.6451612903226,"Sigma":0.586677151232267,"Taucorr":0.1733024410426135},"EnergyVariance":{"Mean":31.43860561914672,"Sigma":4.8433181128408505,"Taucorr":0.33692908065886584},"Iteration":18},
{"Acceptance":[0.07234794908062235],"Energy":{"Mean":-729.0241935483871,"Sigma":0.6482352842120959,"Taucorr":0.5327388548275163},"EnergyVariance":{"Mean":25.02360822060354,"Sigma":2.352831712428544,"Taucorr":0.011369250716065205},"Iteration":19},
{"Acceptance":[0.06216407355021216],"Energy":{"Mean":-730.4032258064517,"Sigma":0.5270476477810748,"Taucorr":0.2289958481810801},"EnergyVariance":{"Mean":23.434183142559828,"Sigma":5.986978497229321,"Taucorr":0.3475249435065112},"Iteration":20},
{"Acceptance":[0.05268741159830269],"Energy":{"Mean":-733.0564516129032,"Sigma":0.3272378860427729,"Taucorr":0.17904883887798018},"EnergyVariance":{"Mean":9.698426118626431,"Sigma":2.227227112935229,"Taucorr":0.1536439670718488},"Iteration":21},
{"Acceptance":[0.040806223479490804],"Energy":{"Mean":-733.9677419354839,"Sigma":0.29529052931785754,"Taucorr":0.2861252002135585},"EnergyVariance":{"Mean":6.821540062434963,"Sigma":1.1102177182740702,"Taucorr":-0.020985218987828846},"Iteration":22},
{"Acceptance":[0.04045261669024045],"Energy":{"Mean":-734.1935483870969,"Sigma":0.5103379753805337,"Taucorr":0.6619310247216414},"EnergyVariance":{"Mean":13.785119667013527,"Sigma":4.92600713043384,"Taucorr":0.9926918273822505},"Iteration":23},
{"Acceptance":[0.028005657708628007],"Energy":{"Mean":-735.1370967741937,"Sigma":0.2851237020913505,"Taucorr":0.5603594532338416},"EnergyVariance":{"Mean":4.7150754422476595,"Sigma":1.7442989017516082,"Taucorr":0.39705672536736436},"Iteration":24},
{"Acceptance":[0.02616690240452617],"Energy":{"Mean":-735.6693548387095,"Sigma":0.15699937366074007,"Taucorr":0.09589671481528916},"EnergyVariance":{"Mean":2.5438995837669087,"Sigma":0.580737460798471,"Taucorr":0.2089818066373884},"Iteration":25},
{"Acceptance":[0.02333804809052334],"Energy":{"Mean":-735.8870967741935,"Sigma":0.25129736211101605,"Taucorr":0.6454864574541659},"EnergyVariance":{"Mean":3.39047866805411,"Sigma":2.24046493195915,"Taucorr":0.8449935670673101},"Iteration":26},
{"Acceptance":[0.025035360678925034],"Energy":{"Mean":-736.1774193548388,"Sigma":0.19056845790634747,"Taucorr":0.5566646153846164},"EnergyVariance":{"Mean":2.1136836628511966,"Sigma":0.8772650247729628,"Taucorr":0.8238466796142951},"Iteration":27},
{"Acceptance":[0.021357850070721357],"Energy":{"Mean":-736.1290322580647,"Sigma":0.13563419719666572,"Taucorr":0.17469360843931914},"EnergyVariance":{"Mean":1.676899063475546,"Sigma":0.48139450992706717,"Taucorr":0.024619571587707},"Iteration":28},
{"Acceptance":[0.016053748231966054],"Energy":{"Mean":-736.3467741935485,"Sigma":0.09815325639652586,"Taucorr":0.05621222296844952},"EnergyVariance":{"Mean":1.0652315296566077,"Sigma":0.277714757112642,"Taucorr":0.013093066118489594},"Iteration":29},
{"Acceptance":[0.013790664780763792],"Energy":{"Mean":-736.725806451613,"Sigma":0.11261483906265402,"Taucorr":0.3014234161988898},"EnergyVariance":{"Mean":0.9732049947970863,"Sigma":0.4149400658429479,"Taucorr":0.41669970605306494},"Iteration":30},
{"Acceptance":[0.012234794908062235],"Energy":{"Mean":-736.7016129032257,"Sigma":0.10652083119428891,"Taucorr":0.16582066397769968},"EnergyVariance":{"Mean":1.0480619146722163,"Sigma":0.4074184602554113,"Taucorr":0.25464547032560636},"Iteration":31},
{"Acceptance":[0.007920792079207921],"Energy":{"Mean":-736.6854838709677,"Sigma":0.11649434774204682,"Taucorr":0.5073789151424901},"EnergyVariance":{"Mean":0.8284989594172737,"Sigma":0.3506237506452405,"Taucorr":0.17193911736625123},"Iteration":32},
{"Acceptance":[0.007920792079207921],"Energy":{"Mean":-736.6693548387096,"Sigma":0.1972209805213996,"Taucorr":0.6987452335169397},"EnergyVariance":{"Mean":1.9955124869927159,"Sigma":1.0369203973766639,"Taucorr":0.9134684603649887},"Iteration":33},
{"Acceptance":[0.007001414427157002],"Energy":{"Mean":-736.9193548387096,"Sigma":0.0727596359267118,"Taucorr":0.4800509005481992},"EnergyVariance":{"Mean":0.33220603537981275,"Sigma":0.1438185467207723,"Taucorr":0.26163529943396646},"Iteration":34},
{"Acceptance":[0.007142857142857143],"Energy":{"Mean":-736.9354838709678,"Sigma":0.09344636632008219,"Taucorr":0.2611910029499521},"EnergyVariance":{"Mean":0.7055150884495318,"Sigma":0.2841516394673462,"Taucorr":0.3643888688147625},"Iteration":35},
{"Acceptance":[0.004243281471004243],"Energy":{"Mean":-737.0806451612901,"Sigma":0.05955378067117219,"Taucorr":0.008459672528775553},"EnergyVariance":{"Mean":0.4289802289281998,"Sigma":0.16629828379808967,"Taucorr":0.12939781830622843},"Iteration":36},
{"Acceptance":[0.005374823196605375],"Energy":{"Mean":-736.8467741935485,"Sigma":0.0939553624246038,"Taucorr":0.3847482776894521},"EnergyVariance":{"Mean":0.6136186264308013,"Sigma":0.40900530075910563,"Taucorr":0.30486515294258065},"Iteration":37},
{"Acceptance":[0.005657708628005658],"Energy":{"Mean":-737.0645161290323,"Sigma":0.07510542942399703,"Taucorr":0.05517277268943632},"EnergyVariance":{"Mean":0.6248699271592091,"Sigma":0.25128163417440713,"Taucorr":-0.04352642665678741},"Iteration":38},
{"Acceptance":[0.0029702970297029703],"Energy":{"Mean":-737.0483870967743,"Sigma":0.04975660495236307,"Taucorr":0.1354777415852053},"EnergyVariance":{"Mean":0.23959417273673259,"Sigma":0.10402427470971125,"Taucorr":0.03943069094023155},"Iteration":39},
{"Acceptance":[0.0026874115983026876],"Energy":{"Mean":-736.8629032258063,"Sigma":0.13611285130352305,"Taucorr":0.2997124206874314},"EnergyVariance":{"Mean":1.424752861602497,"Sigma":0.8379730121141961,"Taucorr":0.2981165429812612},"Iteration":40},
{"Acceptance":[0.0036775106082036777],"Energy":{"Mean":-737.0403225806454,"Sigma":0.05325023877167517,"Taucorr":0.1593066142119558},"EnergyVariance":{"Mean":0.26450312174817897,"Sigma":0.08562728468805035,"Taucorr":0.04285241158351849},"Iteration":41},
{"Acceptance":[0.003536067892503536],"Energy":{"Mean":-736.9354838709677,"Sigma":0.12698305594332068,"Taucorr":0.8441378702397588},"EnergyVariance":{"Mean":0.7377731529656607,"Sigma":0.5880054949489678,"Taucorr":0.9762931824332639},"Iteration":42},
{"Acceptance":[0.004101838755304102],"Energy":{"Mean":-737.2016129032259,"Sigma":0.06601090945058218,"Taucorr":0.03631393986721798},"EnergyVariance":{"Mean":0.49967481789802287,"Sigma":0.13606995660595322,"Taucorr":-0.043282571495201816},"Iteration":43},
{"Acceptance":[0.0026874115983026876],"Energy":{"Mean":-737.1129032258065,"Sigma":0.07849278242059261,"Taucorr":0.1672125515345988},"EnergyVariance":{"Mean":0.56789802289282,"Sigma":0.22471961600639023,"Taucorr":-0.01099052329518968},"Iteration":44},
{"Acceptance":[0.004384724186704385],"Energy":{"Mean":-737.1451612903227,"Sigma":0.12474392778786342,"Taucorr":0.3162247614821141},"EnergyVariance":{"Mean":1.1724765868886573,"Sigma":0.4660654332037025,"Taucorr":0.7709926916373566},"Iteration":45},
{"Acceptance":[0.0036775106082036777],"Energy":{"Mean":-737.1693548387098,"Sigma":0.08310756792250375,"Taucorr":0.3048428835489798},"EnergyVariance":{"Mean":0.5277705515088448,"Sigma":0.13028701150437744,"Taucorr":0.17741312876744597},"Iteration":46},
{"Acceptance":[0.005374823196605375],"Energy":{"Mean":-737.241935483871,"Sigma":0.14732556250234408,"Taucorr":0.24983925179015498},"EnergyVariance":{"Mean":1.780176899063475,"Sigma":0.7797953078990909,"Taucorr":0.3693129321601655},"Iteration":47},
{"Acceptance":[0.007496463932107496],"Energy":{"Mean":-737.4435483870969,"Sigma":0.14651400783490773,"Taucorr":0.3160442211055001},"EnergyVariance":{"Mean":1.617780957336108,"Sigma":0.6069763870019129,"Taucorr":0.006504863495093383},"Iteration":48},
{"Acceptance":[0.008557284299858556],"Energy":{"Mean":-737.4516129032257,"Sigma":0.1120551868396809,"Taucorr":0.28033648790745413},"EnergyVariance":{"Mean":0.9895941727367324,"Sigma":0.2021019992525553,"Taucorr":0.367855818820206},"Iteration":49},
{"Acceptance":[0.013507779349363508],"Energy":{"Mean":-737.9919354838711,"Sigma":0.10270787403182517,"Taucorr":0.03993504736129572},"EnergyVariance":{"Mean":1.201547866805411,"Sigma":0.11318199379508173,"Taucorr":0.14541788396331656},"Iteration":50},
{"Acceptance":[0.009264497878359264],"Energy":{"Mean":-738.1612903225808,"Sigma":0.15491429606692358,"Taucorr":0.08889090720365422},"EnergyVariance":{"Mean":2.5062434963579605,"Sigma":1.0319025954456167,"Taucorr":-0.010233195838564912},"Iteration":51},
{"Acceptance":[0.006223479490806223],"Energy":{"Mean":-738.5241935483872,"Sigma":0.16894471590100557,"Taucorr":0.5621502498917927},"EnergyVariance":{"Mean":1.652640478668054,"Sigma":0.5954201105342458,"Taucorr":0.7833420219677116},"Iteration":52},
{"Acceptance":[0.005799151343705799],"Energy":{"Mean":-738.8870967741935,"Sigma":0.12094981946084178,"Taucorr":0.14702525724977067},"EnergyVariance":{"Mean":1.39047866805411,"Sigma":0.4199339461706664,"Taucorr":0.22045649383878319},"Iteration":53},
{"Acceptance":[0.0024045261669024044],"Energy":{"Mean":-738.9516129032259,"Sigma":0.07461311939496865,"Taucorr":0.21102106969203982},"EnergyVariance":{"Mean":0.48152965660770014,"Sigma":0.15185955234067228,"Taucorr":0.34777538024143995},"Iteration":54},
{"Acceptance":[0.004031117397454031],"Energy":{"Mean":-739.3306451612904,"Sigma":0.09230260598596639,"Taucorr":0.10470614726415184},"EnergyVariance":{"Mean":0.8664802289281996,"Sigma":0.16727428349914858,"Taucorr":0.18007103966833915},"Iteration":55},
{"Acceptance":[0.006930693069306931],"Energy":{"Mean":-739.516129032258,"Sigma":0.07684599515852675,"Taucorr":-0.053977635782743505},"EnergyVariance":{"Mean":0.8142559833506766,"Sigma":0.09600801998132898,"Taucorr":-0.008608789391889693},"Iteration":56},
{"Acceptance":[0.008628005657708628],"Energy":{"Mean":-739.5241935483871,"Sigma":0.10392488415677696,"Taucorr":0.018247323286138317},"EnergyVariance":{"Mean":1.28167273673257,"Sigma":0.38159402449233226,"Taucorr":0.09346826662461283},"Iteration":57},
{"Acceptance":[0.011386138613861386],"Energy":{"Mean":-740.1451612903226,"Sigma":0.14654359765806502,"Taucorr":0.3556927355469566},"EnergyVariance":{"Mean":1.5434443288241417,"Sigma":0.2619191371340612,"Taucorr":0.04938514278059847},"Iteration":58},
{"Acceptance":[0.006577086280056577],"Energy":{"Mean":-740.7096774193549,"Sigma":0.10113387685400119,"Taucorr":0.14171311040341228},"EnergyVariance":{"Mean":0.9802289281997915,"Sigma":0.24568386433137931,"Taucorr":0.2717472612229901},"Iteration":59},
{"Acceptance":[0.006789250353606789],"Energy":{"Mean":-740.5806451612901,"Sigma":0.07275963592670723,"Taucorr":-0.1125309597523414},"EnergyVariance":{"Mean":0.8402705515088449,"Sigma":0.11651516276045516,"Taucorr":-0.1359868246268272},"Iteration":60},
{"Acceptance":[0.002545968882602546],"Energy":{"Mean":-740.9596774193545,"Sigma":0.04032258064516443,"Taucorr":0.15958815958823225},"EnergyVariance":{"Mean":0.15159989594172735,"Sigma":0.07543951906985365,"Taucorr":0.2046380257453253},"Iteration":61},
{"Acceptance":[0.001272984441301273],"Energy":{"Mean":-741.0080645161293,"Sigma":0.04412206761364952,"Taucorr":0.01207232267048497},"EnergyVariance":{"Mean":0.23380593132154,"Sigma":0.1198349206217737,"Taucorr":0.5330681028512252},"Iteration":62},
{"Acceptance":[0.0014144271570014145],"Energy":{"Mean":-741.0080645161291,"Sigma":0.049843668194719394,"Taucorr":0.40253553592012836},"EnergyVariance":{"Mean":0.169289802289282,"Sigma":0.09367778807877092,"Taucorr":0.522927411463807},"Iteration":63},
{"Acceptance":[0.0021216407355021216],"Energy":{"Mean":-740.9032258064517,"Sigma":0.09323733976357321,"Taucorr":0.17073270234986715},"EnergyVariance":{"Mean":0.7970863683662849,"Sigma":0.44610877490427037,"Taucorr":0.05681314773096291},"Iteration":64},
{"Acceptance":[0.0015558698727015559],"Energy":{"Mean":-740.8870967741935,"Sigma":0.08968186729898936,"Taucorr":0.6700769230769175},"EnergyVariance":{"Mean":0.42273673257023936,"Sigma":0.19361886535279157,"Taucorr":0.3484702298739687},"Iteration":65},
{"Acceptance":[0.0015558698727015559],"Energy":{"Mean":-741.016129032258,"Sigma":0.016129032258065716,"Taucorr":0.5081967213115723},"EnergyVariance":{"Mean":0.01586888657648283,"Sigma":0.015608740894901616,"Taucorr":0.5081967213114749},"Iteration":66},
{"Acceptance":[0.0016973125884016972],"Energy":{"Mean":-741.0,"Sigma":0.02318694478800892,"Taucorr":0.012500000000022604},"EnergyVariance":{"Mean":0.06451612903225806,"Sigma":0.04485301852605206,"Taucorr":-0.012704918032787116},"Iteration":67},
{"Acceptance":[0.0015558698727015559],"Energy":{"Mean":-741.0080645161291,"Sigma":0.033768405908478585,"Taucorr":0.08004303388921685},"EnergyVariance":{"Mean":0.12090270551508848,"Sigma":0.0555148994961622,"Taucorr":-0.023800990896770957},"Iteration":68},
{"Acceptance":[0.0018387553041018388],"Energy":{"Mean":-741.0564516129032,"Sigma":0.051469895966221584,"Taucorr":0.3937210132001907},"EnergyVariance":{"Mean":0.18229708636836628,"Sigma":0.06758385039091676,"Taucorr":0.029893902457609367},"Iteration":69},
{"Acceptance":[0.002828854314002829],"Energy":{"Mean":-741.0241935483871,"Sigma":0.03144127208003184,"Taucorr":0.1898892988930866},"EnergyVariance":{"Mean":0.08812434963579603,"Sigma":0.03943268527638972,"Taucorr":0.0301808050582294},"Iteration":70},
{"Acceptance":[0.0016973125884016972],"Energy":{"Mean":-740.9274193548388,"Sigma":0.1503551120828563,"Taucorr":0.4776100974070452},"EnergyVariance":{"Mean":1.42215140478668,"Sigma":1.2823148873285364,"Taucorr":0.5021843217605779},"Iteration":71},
{"Acceptance":[0.0024045261669024044],"Energy":{"Mean":-741.1129032258065,"Sigma":0.046139558164447335,"Taucorr":0.07125425652673578},"EnergyVariance":{"Mean":0.22918834547346512,"Sigma":0.07870995531113026,"Taucorr":0.059574144105747684},"Iteration":72},
{"Acceptance":[0.0031117397454031117],"Energy":{"Mean":-741.0887096774193,"Sigma":0.07738014239931541,"Taucorr":0.5372046162300637},"EnergyVariance":{"Mean":0.35503381893860564,"Sigma":0.1390561000467488,"Taucorr":0.5604710246434075},"Iteration":73},
{"Acceptance":[0.0024045261669024044],"Energy":{"Mean":-741.1129032258062,"Sigma":0.04312819986167779,"Taucorr":-0.03369565217396203},"EnergyVariance":{"Mean":0.24531737773152965,"Sigma":0.0864079536838005,"Taucorr":0.12532663564823665},"Iteration":74},
{"Acceptance":[0.0024752475247524753],"Energy":{"Mean":-741.0887096774194,"Sigma":0.04993057962636187,"Taucorr":0.6864620030195923},"EnergyVariance":{"Mean":0.12922736732570245,"Sigma":0.0881649220624053,"Taucorr":0.9311775268694567},"Iteration":75},
{"Acceptance":[0.0026166902404526167],"Energy":{"Mean":-741.2258064516129,"Sigma":0.06491810257257598,"Taucorr":0.14694805194807026},"EnergyVariance":{"Mean":0.4006243496357959,"Sigma":0.10051835237043515,"Taucorr":0.14694805194805205},"Iteration":76},
{"Acceptance":[0.0029702970297029703],"Energy":{"Mean":-741.008064516129,"Sigma":0.09523871463056269,"Taucorr":0.012408148634936556},"EnergyVariance":{"Mean":1.0886446409989596,"Sigma":0.5464355758496259,"Taucorr":-0.027618338095511397},"Iteration":77},
{"Acceptance":[0.0036067892503536068],"Energy":{"Mean":-741.1935483870968,"Sigma":0.05878436700073269,"Taucorr":0.13722698907958042},"EnergyVariance":{"Mean":0.3335067637877211,"Sigma":0.08559488726148184,"Taucorr":0.07604031371376208},"Iteration":78},
{"Acceptance":[0.004455445544554455],"Energy":{"Mean":-741.4758064516128,"Sigma":0.09081089200167271,"Taucorr":0.12310827007591207},"EnergyVariance":{"Mean":0.8139308012486992,"Sigma":0.17474294167340787,"Taucorr":-0.011670846087078912},"Iteration":79},
{"Acceptance":[0.005799151343705799],"Energy":{"Mean":-741.4032258064518,"Sigma":0.0865073644658868,"Taucorr":0.2525095703956133},"EnergyVariance":{"Mean":0.6116024973985432,"Sigma":0.1000237649085178,"Taucorr":0.21835713538486567},"Iteration":80},
{"Acceptance":[0.00975954738330976],"Energy":{"Mean":-741.6290322580646,"Sigma":0.1135160022244146,"Taucorr":0.19725337605861182},"EnergyVariance":{"Mean":1.1365764828303848,"Sigma":0.20897710563680352,"Taucorr":0.10466637730083583},"Iteration":81},
{"Acceptance":[0.01166902404526167],"Energy":{"Mean":-741.8548387096774,"Sigma":0.12202050855980082,"Taucorr":0.2500213083315804},"EnergyVariance":{"Mean":1.220863683662851,"Sigma":0.18823596964673825,"Taucorr":0.1327181381079462},"Iteration":82},
{"Acceptance":[0.009193776520509194],"Energy":{"Mean":-742.0806451612904,"Sigma":0.1013266149624927,"Taucorr":0.1568876860622489},"EnergyVariance":{"Mean":0.9612382934443288,"Sigma":0.022729051915302716,"Taucorr":0.0736533150859523},"Iteration":83},
{"Acceptance":[0.0072135785007072135],"Energy":{"Mean":-742.5161290322582,"Sigma":0.09968733638943776,"Taucorr":0.33308510638300615},"EnergyVariance":{"Mean":0.7336108220603539,"Sigma":0.14671001762746322,"Taucorr":0.2512860039626992},"Iteration":84},
{"Acceptance":[0.00487977369165488],"Energy":{"Mean":-742.5322580645162,"Sigma":0.09035617654762167,"Taucorr":0.21670070553284682},"EnergyVariance":{"Mean":0.7005723204994796,"Sigma":0.09664618060996552,"Taucorr":0.22578265122546792},"Iteration":85},
{"Acceptance":[0.002545968882602546],"Energy":{"Mean":-742.8709677419355,"Sigma":0.04317843657045536,"Taucorr":0.14816176470590758},"EnergyVariance":{"Mean":0.17689906347554632,"Sigma":0.05954408276500697,"Taucorr":0.043270795001430384},"Iteration":86},
{"Acceptance":[0.0024045261669024044],"Energy":{"Mean":-742.9274193548387,"Sigma":0.02642077930173143,"Taucorr":0.014497272018680563},"EnergyVariance":{"Mean":0.08344172736732572,"Sigma":0.03410464245637029,"Taucorr":-0.010463016106666112},"Iteration":87},
{"Acceptance":[0.002333804809052334],"Energy":{"Mean":-742.8790322580646,"Sigma":0.049010323333671384,"Taucorr":0.36463646745338796},"EnergyVariance":{"Mean":0.1708506763787721,"Sigma":0.08487291567737368,"Taucorr":0.15752081395004758},"Iteration":88},
{"Acceptance":[0.001272984441301273],"Energy":{"Mean":-742.9435483870967,"Sigma":0.02232963404010094,"Taucorr":0.0757020757020267},"EnergyVariance":{"Mean":0.05326482830385016,"Sigma":0.019808546325894464,"Taucorr":0.07570207570207599},"Iteration":89},
{"Acceptance":[0.001768033946251768],"Energy":{"Mean":-742.9274193548385,"Sigma":0.031094610195528234,"Taucorr":0.09719137818415735},"EnergyVariance":{"Mean":0.09957075962539022,"Sigma":0.04717031388518783,"Taucorr":0.06420509579420952},"Iteration":90},
{"Acceptance":[0.0015558698727015559],"Energy":{"Mean":-742.8951612903227,"Sigma":0.07928968389114313,"Taucorr":0.023189298600720498},"EnergyVariance":{"Mean":0.739008844953174,"Sigma":0.6368270447778098,"Taucorr":-0.0034161844841976707},"Iteration":91},
{"Acceptance":[0.0012022630834512022],"Energy":{"Mean":-742.9596774193545,"Sigma":0.020401791355931294,"Taucorr":0.16151260504231768},"EnergyVariance":{"Mean":0.03869667013527575,"Sigma":0.018756485601402525,"Taucorr":0.1615126050420166},"Iteration":92},
{"Acceptance":[0.0018387553041018388],"Energy":{"Mean":-742.8790322580646,"Sigma":0.04317843657045297,"Taucorr":0.5782874617736735},"EnergyVariance":{"Mean":0.10633454734651407,"Sigma":0.032732040625999076,"Taucorr":0.5782874617737006},"Iteration":93},
{"Acceptance":[0.0021216407355021216],"Energy":{"Mean":-742.8548387096773,"Sigma":0.0599890150656518,"Taucorr":0.014048338368613411},"EnergyVariance":{"Mean":0.43054110301769,"Sigma":0.2266937591372024,"Taucorr":-0.023829844871149253},"Iteration":94},
{"Acceptance":[0.0014144271570014145],"Energy":{"Mean":-742.9516129032257,"Sigma":0.02143806670685376,"Taucorr":0.11384180790947684},"EnergyVariance":{"Mean":0.04604578563995838,"Sigma":0.019363415090061283,"Taucorr":0.11384180790960474},"Iteration":95},
{"Acceptance":[0.0007072135785007072],"Energy":{"Mean":-742.9193548387096,"Sigma":0.06495148807366047,"Taucorr":-0.006519049975270086},"EnergyVariance":{"Mean":0.5257544224765869,"Sigma":0.5053596018777361,"Taucorr":-0.0006787237053524353},"Iteration":96},
{"Acceptance":[0.0007072135785007072],"Energy":{"Mean":-742.9193548387095,"Sigma":0.0572523849977352,"Taucorr":-0.011720226843143167},"EnergyVariance":{"Mean":0.4128511966701352,"Sigma":0.30466042733734844,"Taucorr":-0.00932225260953573},"Iteration":97},
{"Acceptance":[0.0005657708628005657],"Energy":{"Mean":-742.9677419354838,"Sigma":0.025245928778222505,"Taucorr":0.7556249999999654},"EnergyVariance":{"Mean":0.03121748178980229,"Sigma":0.023617159179624116,"Taucorr":0.7556250000000002},"Iteration":98},
{"Acceptance":[0.0007072135785007072],"Energy":{"Mean":-742.9919354838709,"Sigma":0.008064516129035963,"Taucorr":3.5704772471945034e-13},"EnergyVariance":{"Mean":0.007999479708636837,"Sigma":0.007934443288239699,"Taucorr":-2.220446049250313e-16},"Iteration":99} 
]}