{"Output": [
{"Acceptance":[0.5614997834981399],"Energy":{"Mean":-2605.097278225807,"Sigma":1.600326686802702,"Taucorr":1.4499539289168923},"EnergyVariance":{"Mean":1302.2239038822681,"Sigma":43.962464197524476,"Taucorr":0.0551072380944968},"Iteration":0},
{"Acceptance":[0.43927785583627155],"Energy":{"Mean":-2675.0287298387093,"Sigma":1.7696808636331376,"Taucorr":2.2215642615091458},"EnergyVariance":{"Mean":1140.9432270157226,"Sigma":47.10250546310007,"Taucorr":0.26650688049643134},"Iteration":1},
{"Acceptance":[0.32910933785778035],"Energy":{"Mean":-2751.192036290323,"Sigma":2.2222693050996662,"Taucorr":3.9321958850213097},"EnergyVariance":{"Mean":1104.7579809341669,"Sigma":39.868704320310414,"Taucorr":0.13898997759563958},"Iteration":2},
{"Acceptance":[0.24145701333474723],"Energy":{"Mean":-2812.1663306451615,"Sigma":0.7877183664975833,"Taucorr":0.6312811167401535},"EnergyVariance":{"Mean":543.8312050842221,"Sigma":17.71232142781329,"Taucorr":0.055010275460162905},"Iteration":3},
{"Acceptance":[0.19527363184079602],"Energy":{"Mean":-2842.75756048387,"Sigma":0.624230402758626,"Taucorr":0.637980413776259},"EnergyVariance":{"Mean":339.5062432423094,"Sigma":11.211374122185097,"Taucorr":-0.07798836483145405},"Iteration":4},
{"Acceptance":[0.16143969318593535],"Energy":{"Mean":-2863.328125000001,"Sigma":0.49207908112071974,"Taucorr":0.6989393790837495},"EnergyVariance":{"Mean":200.24666866179433,"Sigma":8.029723701203663,"Taucorr":0.1543942152505554},"Iteration":5},
{"Acceptance":[0.13851258803672578],"Energy":{"Mean":-2875.0887096774195,"Sigma":0.42169101118900304,"Taucorr":0.7297837751302763},"EnergyVariance":{"Mean":143.36813865764825,"Sigma":5.57965022609435,"Taucorr":0.052238125006333624},"Iteration":6},
{"Acceptance":[0.11827187331548297],"Energy":{"Mean":-2884.546875,"Sigma":0.29946784398885373,"Taucorr":0.38339135608940544},"EnergyVariance":{"Mean":100.65606886340726,"Sigma":4.031186446123775,"Taucorr":0.18050352996458385},"Iteration":7},
{"Acceptance":[0.1029377976900577],"Energy":{"Mean":-2891.226310483871,"Sigma":0.30861060035300386,"Taucorr":0.6664139215558891},"EnergyVariance":{"Mean":80.95836017779331,"Sigma":3.4195973739319423,"Taucorr":0.157554098004418},"Iteration":8},
{"Acceptance":[0.09266500534627042],"Energy":{"Mean":-2895.8986895161297,"Sigma":0.24063642333386182,"Taucorr":0.37417271048373457},"EnergyVariance":{"Mean":65.67774021811589,"Sigma":2.57331703346904,"Taucorr":0.08733995944098127},"Iteration":9},
{"Acceptance":[0.08210280745473343],"Energy":{"Mean":-2900.0196572580644,"Sigma":0.29318498314257585,"Taucorr":1.0848088338283775},"EnergyVariance":{"Mean":53.77733536639892,"Sigma":2.25748237228519,"Taucorr":0.20462696653971713},"Iteration":10},
{"Acceptance":[0.07455396198404073],"Energy":{"Mean":-2903.816532258065,"Sigma":0.5086362310696367,"Taucorr":4.112232575330501},"EnergyVariance":{"Mean":55.61553313605618,"Sigma":3.3133037554292613,"Taucorr":0.9188673814568917},"Iteration":11},
{"Acceptance":[0.06770764295750378],"Energy":{"Mean":-2907.7348790322585,"Sigma":0.45341370337408193,"Taucorr":3.6336284133424517},"EnergyVariance":{"Mean":49.311767324076484,"Sigma":2.4400976663521594,"Taucorr":0.5205794414862732},"Iteration":12},
{"Acceptance":[0.05738845735797036],"Energy":{"Mean":-2909.037298387097,"Sigma":0.5274908894284622,"Taucorr":5.853792500283206},"EnergyVariance":{"Mean":43.41997979806191,"Sigma":2.5133147682234784,"Taucorr":0.9475034745093824},"Iteration":13},
{"Acceptance":[0.05535820011841326],"Energy":{"Mean":-2916.219758064516,"Sigma":0.19147463939493603,"Taucorr":0.6046100864152981},"EnergyVariance":{"Mean":32.90835961888657,"Sigma":1.5175156779982713,"Taucorr":0.13802859813272084},"Iteration":14},
{"Acceptance":[0.04906860016082995],"Energy":{"Mean":-2918.5786290322585,"Sigma":0.2107485387585171,"Taucorr":1.0185915200454543},"EnergyVariance":{"Mean":28.998857797866805,"Sigma":1.0277522983111882,"Taucorr":-0.01921738359830827},"Iteration":15},
{"Acceptance":[0.04373779415533346],"Energy":{"Mean":-2920.8301411290327,"Sigma":0.1973894833141894,"Taucorr":1.0324733199668261},"EnergyVariance":{"Mean":25.208547157501947,"Sigma":1.3482747188121786,"Taucorr":0.47845475781071534},"Iteration":16},
{"Acceptance":[0.038528494295838746],"Energy":{"Mean":-2922.8724798387098,"Sigma":0.17284230608293893,"Taucorr":0.7490692513377177},"EnergyVariance":{"Mean":23.714081350399976,"Sigma":1.337550731372177,"Taucorr":0.3745974848986321},"Iteration":17},
{"Acceptance":[0.03360859998409374],"Energy":{"Mean":-2924.3775201612907,"Sigma":0.1840293951596172,"Taucorr":0.9056695730421498},"EnergyVariance":{"Mean":23.88822449556126,"Sigma":1.7221865566066605,"Taucorr":0.6456473432212337},"Iteration":18},
{"Acceptance":[0.029419951751014025],"Energy":{"Mean":-2926.2973790322576,"Sigma":0.16049097327518963,"Taucorr":0.8509886207343844},"EnergyVariance":{"Mean":18.903501195044218,"Sigma":0.7265098517890043,"Taucorr":0.01291590747963367},"Iteration":19},
{"Acceptance":[0.02586092627448901],"Energy":{"Mean":-2927.649697580645,"Sigma":0.22713593563884116,"Taucorr":2.188545774031839},"EnergyVariance":{"Mean":19.02597773112318,"Sigma":1.2869752107503198,"Taucorr":1.4006311424285915},"Iteration":20},
{"Acceptance":[0.021195090268020467],"Energy":{"Mean":-2929.3422379032254,"Sigma":0.1335459759786906,"Taucorr":0.6759137852797592},"EnergyVariance":{"Mean":15.037611120821408,"Sigma":0.7527412629821282,"Taucorr":0.3347502431622301},"Iteration":21},
{"Acceptance":[0.01867659924180165],"Energy":{"Mean":-2930.206653225807,"Sigma":0.208825497720729,"Taucorr":2.7546251447713366},"EnergyVariance":{"Mean":13.284915412005722,"Sigma":1.1310694049041357,"Taucorr":1.3640622039712031},"Iteration":22},
{"Acceptance":[0.015210360276768909],"Energy":{"Mean":-2931.2908266129034,"Sigma":0.15698027833092768,"Taucorr":2.005311421698395},"EnergyVariance":{"Mean":9.752617461872399,"Sigma":0.9343135699812384,"Taucorr":0.7665940197390266},"Iteration":23},
{"Acceptance":[0.012974647190336063],"Energy":{"Mean":-2931.990423387096,"Sigma":0.10752241884219489,"Taucorr":1.319547896766778},"EnergyVariance":{"Mean":6.299807482033689,"Sigma":0.5964546698850499,"Taucorr":0.7712844587693635},"Iteration":24},
{"Acceptance":[0.01160494154449776],"Energy":{"Mean":-2932.209173387097,"Sigma":0.09432139217993031,"Taucorr":1.1052435116469126},"EnergyVariance":{"Mean":5.49505697800143,"Sigma":0.5125460107682402,"Taucorr":0.3584898199044386},"Iteration":25},
{"Acceptance":[0.010087219320802737],"Energy":{"Mean":-2932.5745967741937,"Sigma":0.08938573112309803,"Taucorr":1.3286346144810754},"EnergyVariance":{"Mean":4.332136934183142,"Sigma":0.5930105854972477,"Taucorr":0.8072807203469665},"Iteration":26},
{"Acceptance":[0.008925178724494755],"Energy":{"Mean":-2932.8986895161283,"Sigma":0.039798977768545976,"Taucorr":-0.03177577724114167},"EnergyVariance":{"Mean":3.3541515084384756,"Sigma":0.28747041409058177,"Taucorr":-0.08870085417595269},"Iteration":27},
{"Acceptance":[0.008253581117503071],"Energy":{"Mean":-2932.828629032258,"Sigma":0.08352470006108352,"Taucorr":0.8831735071674442},"EnergyVariance":{"Mean":5.000873926899063,"Sigma":0.9863585164306651,"Taucorr":0.7964427245226868},"Iteration":28},
{"Acceptance":[0.007288159557452524],"Energy":{"Mean":-2933.166330645161,"Sigma":0.05613389856545754,"Taucorr":0.8548249094962788},"EnergyVariance":{"Mean":2.306003471318938,"Sigma":0.3989858311385632,"Taucorr":0.06753981488170646},"Iteration":29},
{"Acceptance":[0.006841900621227787],"Energy":{"Mean":-2933.1249999999995,"Sigma":0.06783744926545984,"Taucorr":0.834601439258359},"EnergyVariance":{"Mean":3.4188508064516125,"Sigma":0.7814595592111209,"Taucorr":1.0014939933834008},"Iteration":30},
{"Acceptance":[0.00636250364518438],"Energy":{"Mean":-2933.322076612903,"Sigma":0.03474022000024673,"Taucorr":0.21786035478911592},"EnergyVariance":{"Mean":1.6669319780014313,"Sigma":0.22126984322614512,"Taucorr":0.010710950411294329},"Iteration":31},
{"Acceptance":[0.005615793147937046],"Energy":{"Mean":-2933.3976814516127,"Sigma":0.044730508324361665,"Taucorr":0.5032250269051988},"EnergyVariance":{"Mean":1.9774341404624087,"Sigma":0.3703232151675904,"Taucorr":0.12383709489217298},"Iteration":32},
{"Acceptance":[0.005279994344441204],"Energy":{"Mean":-2933.482358870968,"Sigma":0.03742531440075653,"Taucorr":0.48213956861102614},"EnergyVariance":{"Mean":1.4140033066954991,"Sigma":0.26984040472237464,"Taucorr":0.021667652940228432},"Iteration":33},
{"Acceptance":[0.005209299859494711],"Energy":{"Mean":-2933.4627016129025,"Sigma":0.07017582078249744,"Taucorr":1.7161785359320834},"EnergyVariance":{"Mean":2.203245927094173,"Sigma":0.7660681975385721,"Taucorr":1.575594887709003},"Iteration":34},
{"Acceptance":[0.0047122292622146815],"Energy":{"Mean":-2933.609879032258,"Sigma":0.026941612548041647,"Taucorr":0.3291568955722409},"EnergyVariance":{"Mean":0.8679669208506765,"Sigma":0.14576187012358927,"Taucorr":0.3219235517223914},"Iteration":35},
{"Acceptance":[0.004405150093228352],"Energy":{"Mean":-2933.609375,"Sigma":0.03800483442293265,"Taucorr":0.23717472118880867},"EnergyVariance":{"Mean":1.9426742061491935,"Sigma":0.6896888152660692,"Taucorr":0.35413416241849605},"Iteration":36},
{"Acceptance":[0.00419527584104345],"Energy":{"Mean":-2933.595262096774,"Sigma":0.04062470816883791,"Taucorr":0.41864752026124996},"EnergyVariance":{"Mean":1.7812477135633455,"Sigma":0.47210564622194884,"Taucorr":0.4466091492165998},"Iteration":37},
{"Acceptance":[0.003746807702164135],"Energy":{"Mean":-2933.672883064516,"Sigma":0.04316607905399524,"Taucorr":1.0606008425634907},"EnergyVariance":{"Mean":1.1838211234228668,"Sigma":0.3435315416919748,"Taucorr":0.2999129590149914},"Iteration":38},
{"Acceptance":[0.0037114604596908884],"Energy":{"Mean":-2933.6743951612893,"Sigma":0.02877548957523765,"Taucorr":0.02447648575981276},"EnergyVariance":{"Mean":1.5653524567507806,"Sigma":0.34355008232394874,"Taucorr":0.10323994624218125},"Iteration":39},
{"Acceptance":[0.0034110088986682927],"Energy":{"Mean":-2933.787298387097,"Sigma":0.023565147684588172,"Taucorr":0.05840924667169245},"EnergyVariance":{"Mean":0.9860080238683663,"Sigma":0.18778814965199475,"Taucorr":0.2952466790382724},"Iteration":40},
{"Acceptance":[0.0034353101278686497],"Energy":{"Mean":-2933.791834677419,"Sigma":0.02722178633828898,"Taucorr":0.24714378458970332},"EnergyVariance":{"Mean":0.9833809081523155,"Sigma":0.22986247692244535,"Taucorr":0.17292555661344056},"Iteration":41},
{"Acceptance":[0.0033425236163763775],"Energy":{"Mean":-2933.8150201612907,"Sigma":0.03213707990988736,"Taucorr":0.3496640048304702},"EnergyVariance":{"Mean":1.2051977818515869,"Sigma":0.26496641810831517,"Taucorr":0.20198454250009035},"Iteration":42},
{"Acceptance":[0.0031679966066647225],"Energy":{"Mean":-2933.803427419355,"Sigma":0.040962041410288974,"Taucorr":0.7639639853522069},"EnergyVariance":{"Mean":1.316197930215921,"Sigma":0.3940782229029878,"Taucorr":0.3816610357015816},"Iteration":43},
{"Acceptance":[0.0031282309588823204],"Energy":{"Mean":-2933.935987903226,"Sigma":0.019420618645928544,"Taucorr":0.452566429752873},"EnergyVariance":{"Mean":0.3925758385633454,"Sigma":0.041973304998803924,"Taucorr":0.17286484038563},"Iteration":44},
{"Acceptance":[0.003088465311099918],"Energy":{"Mean":-2933.9833669354834,"Sigma":0.020170948627442734,"Taucorr":0.08486784748604592},"EnergyVariance":{"Mean":0.689743502455125,"Sigma":0.1502296367862671,"Taucorr":0.46070287008853184},"Iteration":45},
{"Acceptance":[0.0031017205270273854],"Energy":{"Mean":-2933.9969758064512,"Sigma":0.04643848812583713,"Taucorr":0.8450280463441955},"EnergyVariance":{"Mean":1.5897085961888653,"Sigma":1.0362775009992302,"Taucorr":1.0043150620115067},"Iteration":46},
{"Acceptance":[0.0031459045801189435],"Energy":{"Mean":-2933.9763104838707,"Sigma":0.027732769080648385,"Taucorr":0.26107814796742257},"EnergyVariance":{"Mean":1.001958968115895,"Sigma":0.2197058816447478,"Taucorr":-0.018023048573384715},"Iteration":47},
{"Acceptance":[0.0034132181013228706],"Energy":{"Mean":-2934.099798387097,"Sigma":0.025686530949603922,"Taucorr":0.39992804231744694},"EnergyVariance":{"Mean":0.726935443223205,"Sigma":0.09640360689326025,"Taucorr":0.29922868865921304},"Iteration":48},
{"Acceptance":[0.003324849995139754],"Energy":{"Mean":-2934.0957661290317,"Sigma":0.030135902826669038,"Taucorr":0.5686053074298216},"EnergyVariance":{"Mean":0.8426433646592092,"Sigma":0.10766013681567994,"Taucorr":0.01337093153037272},"Iteration":49} 
]}