{"Output": [
{"Acceptance":[0.9995798319327731],"Energy":{"Mean":-0.22928675837827636,"Sigma":0.23335522778300377,"Taucorr":-0.012504930596203057},"EnergyVariance":{"Mean":6.869734575194161,"Sigma":0.7090300501768647,"Taucorr":-0.07835939855991708},"Iteration":0},
{"Acceptance":[1.0],"Energy":{"Mean":0.1401507683628332,"Sigma":0.20908657285817223,"Taucorr":-0.09875231807088408},"EnergyVariance":{"Mean":6.700618123131925,"Sigma":0.8788385472009272,"Taucorr":0.11682138086646343},"Iteration":1},
{"Acceptance":[1.0],"Energy":{"Mean":0.0462640074705077,"Sigma":0.2346000671236278,"Taucorr":0.11046303304436023},"EnergyVariance":{"Mean":5.544622841495293,"Sigma":0.7465486093623753,"Taucorr":0.1285885086607208},"Iteration":2},
{"Acceptance":[1.0],"Energy":{"Mean":-0.6212585299195239,"Sigma":0.171902813150358,"Taucorr":-0.11932763217647108},"EnergyVariance":{"Mean":4.7740804153571,"Sigma":0.5596736457837379,"Taucorr":0.08643229108935002},"Iteration":3},
{"Acceptance":[1.0],"Energy":{"Mean":0.33273280837746627,"Sigma":0.18544516201454436,"Taucorr":-0.13294369211439816},"EnergyVariance":{"Mean":5.762002460143252,"Sigma":0.606467330643783,"Taucorr":-0.035133820603232335},"Iteration":4},
{"Acceptance":[0.9995798319327731],"Energy":{"Mean":0.33384972078795705,"Sigma":0.19254863889653168,"Taucorr":-0.04675728059827533},"EnergyVariance":{"Mean":5.030662535463335,"Sigma":0.7022149317099825,"Taucorr":0.020075854215354294},"Iteration":5},
{"Acceptance":[1.0],"Energy":{"Mean":-0.1980908513801765,"Sigma":0.21156353512861414,"Taucorr":-0.013229845687462438},"EnergyVariance":{"Mean":5.655002537591395,"Sigma":0.600914580325478,"Taucorr":-0.0713648498446024},"Iteration":6},
{"Acceptance":[1.0],"Energy":{"Mean":-0.2616907828107005,"Sigma":0.2965512649620041,"Taucorr":0.2782178533467009},"EnergyVariance":{"Mean":6.94981889826964,"Sigma":0.8508853193047524,"Taucorr":0.06217523236847433},"Iteration":7},
{"Acceptance":[1.0],"Energy":{"Mean":0.04129114566499832,"Sigma":0.20232487858804896,"Taucorr":-0.015638331708395348},"EnergyVariance":{"Mean":5.197612836216386,"Sigma":0.5782847497051904,"Taucorr":0.001504752174240509},"Iteration":8},
{"Acceptance":[1.0],"Energy":{"Mean":-0.016720554508996364,"Sigma":0.22969250349624032,"Taucorr":0.04063614544171401},"EnergyVariance":{"Mean":6.001553477958466,"Sigma":0.49133546070320777,"Taucorr":-0.21530413733360476},"Iteration":9},
{"Acceptance":[0.9995798319327731],"Energy":{"Mean":-0.230595481886049,"Sigma":0.21686358326652205,"Taucorr":-0.07074315381410984},"EnergyVariance":{"Mean":6.73800213357578,"Sigma":0.7913072114641448,"Taucorr":0.07019786285934537},"Iteration":10},
{"Acceptance":[1.0],"Energy":{"Mean":0.3310879595793322,"Sigma":0.24962906224469403,"Taucorr":0.13283204726235298},"EnergyVariance":{"Mean":6.055875556057121,"Sigma":0.7642194411436896,"Taucorr":0.039573445853391065},"Iteration":11},
{"Acceptance":[0.9995798319327731],"Energy":{"Mean":0.03210437903117328,"Sigma":0.21284940706897132,"Taucorr":-0.00016133017776048808},"EnergyVariance":{"Mean":5.574297625876102,"Sigma":0.757772997117252,"Taucorr":0.2216034320314738},"Iteration":12},
{"Acceptance":[1.0],"Energy":{"Mean":0.3604047547796359,"Sigma":0.20592777279160107,"Taucorr":0.04837601175050976},"EnergyVariance":{"Mean":4.755832078612978,"Sigma":0.5492635617706892,"Taucorr":0.02031113337631052},"Iteration":13},
{"Acceptance":[0.9995798319327731],"Energy":{"Mean":-0.005540475528014378,"Sigma":0.23188119509442082,"Taucorr":0.06860278931097408},"EnergyVariance":{"Mean":5.815635648340311,"Sigma":0.6664441808960897,"Taucorr":-0.059377569179521805},"Iteration":14},
{"Acceptance":[1.0],"Energy":{"Mean":0.12206814617081069,"Sigma":0.23096948642552267,"Taucorr":0.1094448724589937},"EnergyVariance":{"Mean":5.3833163971536,"Sigma":0.5942974622262217,"Taucorr":-0.10813972489465246},"Iteration":15},
{"Acceptance":[1.0],"Energy":{"Mean":0.1495200760302403,"Sigma":0.2175159438052827,"Taucorr":-0.011351181741789562},"EnergyVariance":{"Mean":5.954707795378031,"Sigma":0.6207387235303838,"Taucorr":-0.08178760702560006},"Iteration":16},
{"Acceptance":[1.0],"Energy":{"Mean":0.3294507847030868,"Sigma":0.19287622802432153,"Taucorr":-0.07036341026351678},"EnergyVariance":{"Mean":5.325142862301376,"Sigma":0.6084707409311485,"Taucorr":-0.09198293315856249},"Iteration":17},
{"Acceptance":[1.0],"Energy":{"Mean":0.043705518815875075,"Sigma":0.20452705926288722,"Taucorr":-0.06092396901422126},"EnergyVariance":{"Mean":5.859181266223314,"Sigma":0.778140794346127,"Taucorr":0.14183246306939756},"Iteration":18},
{"Acceptance":[1.0],"Energy":{"Mean":-0.6032821307157272,"Sigma":0.2554787882819267,"Taucorr":0.1459589135733409},"EnergyVariance":{"Mean":6.214124007373643,"Sigma":0.7094921085354249,"Taucorr":-0.025211704875998497},"Iteration":19},
{"Acceptance":[1.0],"Energy":{"Mean":0.039461780947882615,"Sigma":0.21501263656365646,"Taucorr":0.015848545909960543},"EnergyVariance":{"Mean":5.511640395789057,"Sigma":1.0104327333376337,"Taucorr":0.34897999932119284},"Iteration":20},
{"Acceptance":[1.0],"Energy":{"Mean":-0.07046587594630113,"Sigma":0.2091274605606293,"Taucorr":0.004671867487154535},"EnergyVariance":{"Mean":5.329520627264844,"Sigma":0.6495490148002049,"Taucorr":0.02679321122056011},"Iteration":21},
{"Acceptance":[1.0],"Energy":{"Mean":0.30900617533807984,"Sigma":0.21627444824213174,"Taucorr":0.013051962094035585},"EnergyVariance":{"Mean":5.606917789474746,"Sigma":0.691418366011485,"Taucorr":0.06283528138390315},"Iteration":22},
{"Acceptance":[0.9995798319327731],"Energy":{"Mean":-0.2978430331868347,"Sigma":0.21710431840582314,"Taucorr":0.015202283731814092},"EnergyVariance":{"Mean":5.626447365171312,"Sigma":0.6396139606427932,"Taucorr":-0.002944680711533365},"Iteration":23},
{"Acceptance":[1.0],"Energy":{"Mean":0.09348446360102883,"Sigma":0.20144216611358784,"Taucorr":-0.05772149940600585},"EnergyVariance":{"Mean":5.642610240817005,"Sigma":0.8189566437820106,"Taucorr":0.20127870921322355},"Iteration":24},
{"Acceptance":[0.9995798319327731],"Energy":{"Mean":-0.211236910417522,"Sigma":0.19535895166663925,"Taucorr":-0.03355149845947064},"EnergyVariance":{"Mean":5.031970028888145,"Sigma":0.44427531235960144,"Taucorr":-0.1715031776966357},"Iteration":25},
{"Acceptance":[1.0],"Energy":{"Mean":0.1389590662973896,"Sigma":0.2167622144292172,"Taucorr":0.007473209879914178},"EnergyVariance":{"Mean":5.6941532802207435,"Sigma":0.6858619297208126,"Taucorr":0.0530939284062909},"Iteration":26},
{"Acceptance":[1.0],"Energy":{"Mean":-0.029502059651298783,"Sigma":0.20373062389366287,"Taucorr":-0.0622358599859808},"EnergyVariance":{"Mean":5.831060710711646,"Sigma":0.5696536489897166,"Taucorr":-0.0769289135805768},"Iteration":27},
{"Acceptance":[1.0],"Energy":{"Mean":-0.3681090414992909,"Sigma":0.19359282118336782,"Taucorr":-0.06740743201471361},"EnergyVariance":{"Mean":5.32812689357882,"Sigma":0.4801268943918484,"Taucorr":0.013404679688084342},"Iteration":28},
{"Acceptance":[0.9995798319327731],"Energy":{"Mean":0.11735341516833911,"Sigma":0.17455529160668457,"Taucorr":-0.18848159245736495},"EnergyVariance":{"Mean":6.015302046506066,"Sigma":0.5815244597801954,"Taucorr":-0.12307820105852985},"Iteration":29},
{"Acceptance":[0.9995798319327731],"Energy":{"Mean":-0.12877268029779246,"Sigma":0.19457201634830562,"Taucorr":-0.027312545967051516},"EnergyVariance":{"Mean":4.925630154142391,"Sigma":0.5967700487831935,"Taucorr":-0.06115467809516345},"Iteration":30},
{"Acceptance":[0.9991596638655462],"Energy":{"Mean":-0.12403799437922218,"Sigma":0.19762041302765665,"Taucorr":-0.07047919973091316},"EnergyVariance":{"Mean":5.591837225755864,"Sigma":0.8364037431388874,"Taucorr":0.22113226958008014},"Iteration":31},
{"Acceptance":[1.0],"Energy":{"Mean":0.2549686683993572,"Sigma":0.20535332121960417,"Taucorr":-0.11214016371196012},"EnergyVariance":{"Mean":6.686575740297066,"Sigma":0.7820410358206,"Taucorr":0.06388503837525483},"Iteration":32},
{"Acceptance":[1.0],"Energy":{"Mean":0.4846168223338004,"Sigma":0.14768066572352412,"Taucorr":-0.25240503616873283},"EnergyVariance":{"Mean":5.417271375396323,"Sigma":0.6756052573864284,"Taucorr":0.07130427044269205},"Iteration":33},
{"Acceptance":[1.0],"Energy":{"Mean":-0.13528034744014533,"Sigma":0.2001647016078699,"Taucorr":-0.09945744885613711},"EnergyVariance":{"Mean":6.151789168975691,"Sigma":0.7721704252756955,"Taucorr":0.02447914700911169},"Iteration":34},
{"Acceptance":[1.0],"Energy":{"Mean":-0.19829581072468472,"Sigma":0.21946741236753584,"Taucorr":0.007390502473463512},"EnergyVariance":{"Mean":5.838117995261446,"Sigma":0.6727008526636155,"Taucorr":-0.006779131474871247},"Iteration":35},
{"Acceptance":[1.0],"Energy":{"Mean":-0.13393522377018008,"Sigma":0.21911950456151144,"Taucorr":0.017490129201153892},"EnergyVariance":{"Mean":5.706044050026828,"Sigma":0.77239555905491,"Taucorr":0.1778844936638656},"Iteration":36},
{"Acceptance":[0.9995798319327731],"Energy":{"Mean":-0.0870415675535908,"Sigma":0.21593877954590546,"Taucorr":-0.0385172898162246},"EnergyVariance":{"Mean":6.214139039644987,"Sigma":0.7903614330557801,"Taucorr":0.1479278264108851},"Iteration":37},
{"Acceptance":[1.0],"Energy":{"Mean":0.08337332610233085,"Sigma":0.18111214770440465,"Taucorr":-0.09734628150951458},"EnergyVariance":{"Mean":5.01000965643124,"Sigma":0.5436790183466138,"Taucorr":0.06514740118402251},"Iteration":38},
{"Acceptance":[1.0],"Energy":{"Mean":-0.42979158059145156,"Sigma":0.2116675495083092,"Taucorr":0.03193647876847261},"EnergyVariance":{"Mean":5.179930176141813,"Sigma":0.5670126172615421,"Taucorr":-0.13245190477238555},"Iteration":39},
{"Acceptance":[1.0],"Energy":{"Mean":0.2784712875435603,"Sigma":0.21720558884579047,"Taucorr":0.060147278275596516},"EnergyVariance":{"Mean":5.179822492794516,"Sigma":0.709982737754401,"Taucorr":0.16905849300529452},"Iteration":40},
{"Acceptance":[1.0],"Energy":{"Mean":-0.16487920166740452,"Sigma":0.1957882648934599,"Taucorr":0.061477872026983627},"EnergyVariance":{"Mean":4.1987090937239815,"Sigma":0.6028896999051556,"Taucorr":0.08315208783501848},"Iteration":41},
{"Acceptance":[1.0],"Energy":{"Mean":-0.0753790776851411,"Sigma":0.20882392712158676,"Taucorr":0.03284199444501523},"EnergyVariance":{"Mean":5.033118877782772,"Sigma":0.727272796602379,"Taucorr":0.06857262072749493},"Iteration":42},
{"Acceptance":[1.0],"Energy":{"Mean":0.11807778064983447,"Sigma":0.17983090922672465,"Taucorr":-0.06725499717463812},"EnergyVariance":{"Mean":4.5959123171463085,"Sigma":0.5260872068037714,"Taucorr":0.08280253577804397},"Iteration":43},
{"Acceptance":[0.9995798319327731],"Energy":{"Mean":-0.1424886579948662,"Sigma":0.26285096392442847,"Taucorr":0.03768664710808989},"EnergyVariance":{"Mean":7.902509241892876,"Sigma":0.9177483314466643,"Taucorr":0.009865980907322158},"Iteration":44},
{"Acceptance":[1.0],"Energy":{"Mean":0.24866256193603947,"Sigma":0.21369928834401022,"Taucorr":-0.014803264496726143},"EnergyVariance":{"Mean":5.788464809370793,"Sigma":0.5906861984655091,"Taucorr":-0.16396500618314191},"Iteration":45},
{"Acceptance":[0.9995798319327731],"Energy":{"Mean":-0.28726964990770365,"Sigma":0.2101709858648878,"Taucorr":-0.05686884207792936},"EnergyVariance":{"Mean":6.13039348361958,"Sigma":0.604354352907265,"Taucorr":-0.15862108171114947},"Iteration":46},
{"Acceptance":[0.9995798319327731],"Energy":{"Mean":-0.2961977246346597,"Sigma":0.20574674279374666,"Taucorr":0.0020457144336065713},"EnergyVariance":{"Mean":5.185585373249537,"Sigma":0.5390017478823536,"Taucorr":-0.07089303260367469},"Iteration":47},
{"Acceptance":[0.9995798319327731],"Energy":{"Mean":-0.08451904513325391,"Sigma":0.20236478349781442,"Taucorr":-0.04512174991907919},"EnergyVariance":{"Mean":5.536685022770778,"Sigma":0.7240906575364214,"Taucorr":0.015828502182860582},"Iteration":48},
{"Acceptance":[1.0],"Energy":{"Mean":-0.22787089646822503,"Sigma":0.2113443265566527,"Taucorr":0.005680322673424443},"EnergyVariance":{"Mean":5.43225626041746,"Sigma":0.722614960953639,"Taucorr":0.08600823586882256},"Iteration":49} 
]}