{"Output": [
{"Acceptance":[0.633702886811235],"Energy":{"Mean":-542.9899193548387,"Sigma":0.6651397801985439,"Taucorr":0.30843517977963075},"EnergyVariance":{"Mean":271.15917257414156,"Sigma":12.111548102093588,"Taucorr":0.009574904641829862},"Iteration":0},
{"Acceptance":[0.528614369644565],"Energy":{"Mean":-557.6350806451613,"Sigma":0.6817797016714178,"Taucorr":0.5697619699548411},"EnergyVariance":{"Mean":215.30030160639964,"Sigma":10.226757917371264,"Taucorr":0.058849332962256806},"Iteration":1},
{"Acceptance":[0.4555462299689653],"Energy":{"Mean":-569.0181451612904,"Sigma":0.8728429323266923,"Taucorr":1.4167716609641763},"EnergyVariance":{"Mean":196.94523526925076,"Sigma":12.369497702020707,"Taucorr":0.38775435997406094},"Iteration":2},
{"Acceptance":[0.38188277087033745],"Energy":{"Mean":-579.1118951612904,"Sigma":0.5063893140018251,"Taucorr":0.3164434373457423},"EnergyVariance":{"Mean":155.62760044062173,"Sigma":7.5760706421564965,"Taucorr":0.06443365772116227},"Iteration":3},
{"Acceptance":[0.3256202057267777],"Energy":{"Mean":-588.8679435483871,"Sigma":0.6719882370151864,"Taucorr":1.1699458466333827},"EnergyVariance":{"Mean":133.9876014161681,"Sigma":6.49185368577977,"Taucorr":0.09856354097819997},"Iteration":4},
{"Acceptance":[0.2696406612925263],"Energy":{"Mean":-598.6189516129033,"Sigma":0.5772855525614237,"Taucorr":1.0252770967506786},"EnergyVariance":{"Mean":108.26206019120708,"Sigma":5.92356919641276,"Taucorr":0.2975044915658889},"Iteration":5},
{"Acceptance":[0.2306813967559971],"Energy":{"Mean":-605.9939516129031,"Sigma":0.5783922467071896,"Taucorr":1.2652961182823943},"EnergyVariance":{"Mean":93.90117309443288,"Sigma":4.857142631335164,"Taucorr":0.18650942443275464},"Iteration":6},
{"Acceptance":[0.19020943532488827],"Energy":{"Mean":-611.6038306451613,"Sigma":0.7406073297322321,"Taucorr":2.86683545433696},"EnergyVariance":{"Mean":80.72309016486733,"Sigma":8.266661194681209,"Taucorr":1.5359887566756978},"Iteration":7},
{"Acceptance":[0.1859738840200652],"Energy":{"Mean":-609.8548387096774,"Sigma":1.1352861487703647,"Taucorr":6.786700248218861},"EnergyVariance":{"Mean":87.64425078043703,"Sigma":3.929672187682923,"Taucorr":0.090031323790153},"Iteration":8},
{"Acceptance":[0.14751234555852674],"Energy":{"Mean":-619.2278225806451,"Sigma":0.2743829891906529,"Taucorr":0.47239051679123323},"EnergyVariance":{"Mean":38.363419452393344,"Sigma":2.211359260176384,"Taucorr":0.1880731090275376},"Iteration":9},
{"Acceptance":[0.12884273807897254],"Energy":{"Mean":-622.2489919354839,"Sigma":0.229220808018115,"Taucorr":0.44410167477655094},"EnergyVariance":{"Mean":27.576107854773674,"Sigma":1.4827130014124255,"Taucorr":0.006783643867740663},"Iteration":10},
{"Acceptance":[0.11550172740226027],"Energy":{"Mean":-623.8316532258066,"Sigma":0.2392939349884047,"Taucorr":0.6732988135396951},"EnergyVariance":{"Mean":24.182344847489585,"Sigma":1.0325822680223096,"Taucorr":-0.13955063023541708},"Iteration":11},
{"Acceptance":[0.10705990279702536],"Energy":{"Mean":-625.2762096774193,"Sigma":0.21240360308715397,"Taucorr":0.7891163141846518},"EnergyVariance":{"Mean":17.34104692377731,"Sigma":1.1451967192011359,"Taucorr":0.09221922325710075},"Iteration":12},
{"Acceptance":[0.09973064235941678],"Energy":{"Mean":-626.2106854838709,"Sigma":0.18372640692940764,"Taucorr":0.5224948957323536},"EnergyVariance":{"Mean":16.35782936882154,"Sigma":1.1409398639918071,"Taucorr":0.22626144379080249},"Iteration":13},
{"Acceptance":[0.08931743212382644],"Energy":{"Mean":-627.4747983870968,"Sigma":0.15580864652052864,"Taucorr":0.47351163510281524},"EnergyVariance":{"Mean":12.356219717416755,"Sigma":0.989920353358826,"Taucorr":0.3027521664334567},"Iteration":14},
{"Acceptance":[0.08416450334745183],"Energy":{"Mean":-627.992943548387,"Sigma":0.1522589045675806,"Taucorr":0.5981229886012875},"EnergyVariance":{"Mean":10.460635690361599,"Sigma":1.0290470178886815,"Taucorr":0.36721208012716844},"Iteration":15},
{"Acceptance":[0.07761598969414245],"Energy":{"Mean":-628.7429435483872,"Sigma":0.12563439218069053,"Taucorr":0.4906727195970536},"EnergyVariance":{"Mean":7.8946074645551505,"Sigma":0.5770413396410378,"Taucorr":0.26044658492430095},"Iteration":16},
{"Acceptance":[0.07437589053930084],"Energy":{"Mean":-629.0181451612901,"Sigma":0.13969994572383243,"Taucorr":0.7626040725187062},"EnergyVariance":{"Mean":7.658944946670135,"Sigma":0.7268568835322229,"Taucorr":0.5060642631446899},"Iteration":17},
{"Acceptance":[0.07069662131829095],"Energy":{"Mean":-629.5312499999998,"Sigma":0.12458769366986801,"Taucorr":0.6860144015828638},"EnergyVariance":{"Mean":6.484910534274195,"Sigma":0.9872980046862866,"Taucorr":0.9181626265956466},"Iteration":18},
{"Acceptance":[0.06742724415903811],"Energy":{"Mean":-629.7046370967741,"Sigma":0.09157236462051148,"Taucorr":0.1947834542254303},"EnergyVariance":{"Mean":5.980301077978668,"Sigma":0.4799764373870702,"Taucorr":0.03999605986505017},"Iteration":19},
{"Acceptance":[0.06459703706595359],"Energy":{"Mean":-630.202620967742,"Sigma":0.08266538804424982,"Taucorr":0.15754977512825108},"EnergyVariance":{"Mean":5.149468936979709,"Sigma":0.4146374347649818,"Taucorr":0.02469458327499041},"Iteration":20},
{"Acceptance":[0.05904397556262565],"Energy":{"Mean":-630.577620967742,"Sigma":0.09384930859943696,"Taucorr":0.5105683054528671},"EnergyVariance":{"Mean":4.318571759560354,"Sigma":0.4961480179809165,"Taucorr":0.3055707891100804},"Iteration":21},
{"Acceptance":[0.0569457185798216],"Energy":{"Mean":-630.8971774193549,"Sigma":0.08980491415651057,"Taucorr":0.5652121221969348},"EnergyVariance":{"Mean":3.751524291103019,"Sigma":0.4608054769617265,"Taucorr":0.3583696709937756},"Iteration":22},
{"Acceptance":[0.053168856010774306],"Energy":{"Mean":-631.0362903225806,"Sigma":0.07244611187572723,"Taucorr":0.22370786974402423},"EnergyVariance":{"Mean":3.593441077003121,"Sigma":0.356121694602913,"Taucorr":0.10046782596417358},"Iteration":23},
{"Acceptance":[0.052349071887260165],"Energy":{"Mean":-631.1784274193545,"Sigma":0.0752487132329744,"Taucorr":0.2664383075534652},"EnergyVariance":{"Mean":3.6607039786030175,"Sigma":0.5093827345033843,"Taucorr":0.5195443183014596},"Iteration":24},
{"Acceptance":[0.04766459118146507],"Energy":{"Mean":-631.4889112903227,"Sigma":0.07095895901174766,"Taucorr":0.3201024695461836},"EnergyVariance":{"Mean":3.0422157501951097,"Sigma":0.3486859607653844,"Taucorr":0.28222604358893766},"Iteration":25},
{"Acceptance":[0.04509788612808151],"Energy":{"Mean":-631.4969758064515,"Sigma":0.08019574033652802,"Taucorr":0.657120746137551},"EnergyVariance":{"Mean":2.7540231123178978,"Sigma":0.21998147777668786,"Taucorr":0.20096054409243436},"Iteration":26},
{"Acceptance":[0.043243612515370955],"Energy":{"Mean":-631.5997983870969,"Sigma":0.08077065169133657,"Taucorr":0.36385430643522065},"EnergyVariance":{"Mean":3.74205641096514,"Sigma":0.5132325201534215,"Taucorr":0.2345272486557115},"Iteration":27},
{"Acceptance":[0.04209201100852966],"Energy":{"Mean":-631.6975806451613,"Sigma":0.07000304658030171,"Taucorr":0.4561230219704282},"EnergyVariance":{"Mean":2.5395909209157126,"Sigma":0.29609304970704914,"Taucorr":0.22857840707496924},"Iteration":28},
{"Acceptance":[0.03987664200808073],"Energy":{"Mean":-632.0453629032257,"Sigma":0.08322201961148029,"Taucorr":1.0960606583344847},"EnergyVariance":{"Mean":2.1501599489464094,"Sigma":0.303019975561282,"Taucorr":0.3194250278309412},"Iteration":29},
{"Acceptance":[0.03666582085765034],"Energy":{"Mean":-631.9979838709677,"Sigma":0.06864813267934389,"Taucorr":0.3902380823241193},"EnergyVariance":{"Mean":2.6229798061914673,"Sigma":0.4450672852966381,"Taucorr":0.14341252866202825},"Iteration":30},
{"Acceptance":[0.03787597837331407],"Energy":{"Mean":-632.3014112903228,"Sigma":0.08141975116739306,"Taucorr":0.867455053236805},"EnergyVariance":{"Mean":2.4020947824531738,"Sigma":0.31157023844541964,"Taucorr":0.2328916828261831},"Iteration":31},
{"Acceptance":[0.034411414517986454],"Energy":{"Mean":-632.2620967741935,"Sigma":0.051841051111048655,"Taucorr":0.148867645621918},"EnergyVariance":{"Mean":2.0522730228928197,"Sigma":0.2252384484257933,"Taucorr":0.15574016367547483},"Iteration":32},
{"Acceptance":[0.033064626315070365],"Energy":{"Mean":-632.5423387096774,"Sigma":0.09310427697432534,"Taucorr":1.5661375304455345},"EnergyVariance":{"Mean":2.0788525949531738,"Sigma":0.28550809033508734,"Taucorr":0.6095087151746363},"Iteration":33},
{"Acceptance":[0.031376261394023386],"Energy":{"Mean":-632.5292338709678,"Sigma":0.08037336591382738,"Taucorr":0.9347239840755841},"EnergyVariance":{"Mean":2.2310002194979184,"Sigma":0.41963875107064036,"Taucorr":0.42596889320103515},"Iteration":34},
{"Acceptance":[0.031600726094509396],"Energy":{"Mean":-632.5796370967741,"Sigma":0.08656177469608559,"Taucorr":1.3381166006515666},"EnergyVariance":{"Mean":2.0198676102367323,"Sigma":0.33968792303761014,"Taucorr":0.5313641676048484},"Iteration":35},
{"Acceptance":[0.03065407061854664],"Energy":{"Mean":-632.7116935483872,"Sigma":0.09192568272127424,"Taucorr":1.8158847217128962},"EnergyVariance":{"Mean":1.8080084222164412,"Sigma":0.2568681154122292,"Taucorr":0.006202797955801476},"Iteration":36},
{"Acceptance":[0.027033357406359183],"Energy":{"Mean":-632.9647177419355,"Sigma":0.07303286539414873,"Taucorr":1.3440137522149322},"EnergyVariance":{"Mean":1.4332309687174818,"Sigma":0.2929592780129968,"Taucorr":0.8279989683486768},"Iteration":37},
{"Acceptance":[0.026194054613237563],"Energy":{"Mean":-632.8155241935484,"Sigma":0.06839403875295283,"Taucorr":1.346453797077322},"EnergyVariance":{"Mean":1.2552831929630595,"Sigma":0.16677884878862848,"Taucorr":0.2722998939467286},"Iteration":38},
{"Acceptance":[0.025071731110807488],"Energy":{"Mean":-632.9435483870969,"Sigma":0.08380769752171811,"Taucorr":1.909493969224195},"EnergyVariance":{"Mean":1.4443938605619149,"Sigma":0.20578492688687625,"Taucorr":0.3016531233590817},"Iteration":39},
{"Acceptance":[0.023344328850545548],"Energy":{"Mean":-632.9778225806451,"Sigma":0.0923869726432615,"Taucorr":1.9513020618597419},"EnergyVariance":{"Mean":1.7253146136836626,"Sigma":0.4756576354044098,"Taucorr":0.7707861054434235},"Iteration":40},
{"Acceptance":[0.023012511467218395],"Energy":{"Mean":-633.0413306451611,"Sigma":0.14295880835178373,"Taucorr":3.6216130016442705},"EnergyVariance":{"Mean":2.4569611326092606,"Sigma":0.5284219903533306,"Taucorr":0.9649616338071307},"Iteration":41},
{"Acceptance":[0.02103136650205922],"Energy":{"Mean":-633.5544354838709,"Sigma":0.12591206020181506,"Taucorr":4.266023378833064},"EnergyVariance":{"Mean":1.6482464555150882,"Sigma":0.19254289882675749,"Taucorr":0.31587330407685077},"Iteration":42},
{"Acceptance":[0.0210508851716667],"Energy":{"Mean":-633.5977822580643,"Sigma":0.12277712659439885,"Taucorr":3.452767893202655},"EnergyVariance":{"Mean":1.889632178394901,"Sigma":0.19369978274298016,"Taucorr":-0.006642743227205539},"Iteration":43},
{"Acceptance":[0.020387250405012394],"Energy":{"Mean":-633.6794354838709,"Sigma":0.1671655487670515,"Taucorr":3.7762705390847033},"EnergyVariance":{"Mean":3.2379641974505717,"Sigma":0.9538914943661001,"Taucorr":1.6506135243549256},"Iteration":44},
{"Acceptance":[0.01935276091581598],"Energy":{"Mean":-633.5332661290322,"Sigma":0.14372469012132313,"Taucorr":7.094836854277262},"EnergyVariance":{"Mean":1.347683687239854,"Sigma":0.13380203895822104,"Taucorr":0.19901093082567844},"Iteration":45},
{"Acceptance":[0.018132844065348507],"Energy":{"Mean":-633.5514112903224,"Sigma":0.14169840024801802,"Taucorr":4.8831093743499006},"EnergyVariance":{"Mean":1.848163330840271,"Sigma":0.3024703794301011,"Taucorr":0.516967922063599},"Iteration":46},
{"Acceptance":[0.016073624421759414],"Energy":{"Mean":-633.9758064516128,"Sigma":0.15021762381287976,"Taucorr":6.531531739945309},"EnergyVariance":{"Mean":1.590140478668054,"Sigma":0.22891757592922765,"Taucorr":0.7755522834669273},"Iteration":47},
{"Acceptance":[0.015205043624226573],"Energy":{"Mean":-634.233870967742,"Sigma":0.11792717697239698,"Taucorr":4.497801149764249},"EnergyVariance":{"Mean":1.3787721123829342,"Sigma":0.19160761344049163,"Taucorr":0.4690608592462775},"Iteration":48},
{"Acceptance":[0.014980578923740558],"Energy":{"Mean":-634.1431451612904,"Sigma":0.14511951497150075,"Taucorr":4.755484387933432},"EnergyVariance":{"Mean":1.9855578498959408,"Sigma":0.5367384748600321,"Taucorr":1.3806621931529666},"Iteration":49} 
]}