{"Output": [
{"Acceptance":[0.8511204481792717],"Energy":{"Mean":-157.04838709677426,"Sigma":0.8491313837287824,"Taucorr":0.07929814812926539},"EnergyVariance":{"Mean":76.54604578563995,"Sigma":11.22257397996494,"Taucorr":-0.07391641112847075},"Iteration":0},
{"Acceptance":[0.8135854341736695],"Energy":{"Mean":-158.44354838709677,"Sigma":0.7913943796674757,"Taucorr":0.14765536917779132},"EnergyVariance":{"Mean":59.472619667013525,"Sigma":6.001071728309435,"Taucorr":-0.09085950092553963},"Iteration":1},
{"Acceptance":[0.7448179271708684],"Energy":{"Mean":-160.59677419354838,"Sigma":0.8764908512237171,"Taucorr":0.026952180889184052},"EnergyVariance":{"Mean":89.65998959417273,"Sigma":8.72274466164799,"Taucorr":0.005870970765287642},"Iteration":2},
{"Acceptance":[0.6303921568627451],"Energy":{"Mean":-165.80645161290326,"Sigma":1.1253858166034791,"Taucorr":0.28335627011328857},"EnergyVariance":{"Mean":99.43028095733611,"Sigma":11.875995101332192,"Taucorr":0.006500827973211498},"Iteration":3},
{"Acceptance":[0.5487394957983194],"Energy":{"Mean":-170.5564516129032,"Sigma":1.255723973880354,"Taucorr":0.5242234181758232},"EnergyVariance":{"Mean":94.68229708636837,"Sigma":12.735135757965693,"Taucorr":-0.03466338568549027},"Iteration":4},
{"Acceptance":[0.43935574229691876],"Energy":{"Mean":-177.42741935483872,"Sigma":1.2124019497206506,"Taucorr":0.605881501177095},"EnergyVariance":{"Mean":81.74473204994797,"Sigma":14.001703510502598,"Taucorr":0.1642725665785839},"Iteration":5},
{"Acceptance":[0.3803921568627451],"Energy":{"Mean":-180.3387096774193,"Sigma":0.9594989442788093,"Taucorr":0.27340402471829583},"EnergyVariance":{"Mean":73.20785639958378,"Sigma":8.907373589244784,"Taucorr":-0.016511795078777647},"Iteration":6},
{"Acceptance":[0.31736694677871147],"Energy":{"Mean":-184.64516129032256,"Sigma":0.812682915187851,"Taucorr":0.6010477342284528},"EnergyVariance":{"Mean":36.89021852237252,"Sigma":4.539193089216303,"Taucorr":0.04565516221609822},"Iteration":7},
{"Acceptance":[0.2859943977591036],"Energy":{"Mean":-188.00806451612902,"Sigma":0.719307824299037,"Taucorr":0.32702318953757836},"EnergyVariance":{"Mean":38.4757414151925,"Sigma":6.0513557216017295,"Taucorr":0.15333141011848272},"Iteration":8},
{"Acceptance":[0.24859943977591037],"Energy":{"Mean":-190.13709677419357,"Sigma":0.5877145810000652,"Taucorr":0.18193377052055248},"EnergyVariance":{"Mean":31.150559313215403,"Sigma":4.627339790844829,"Taucorr":0.05955353061824309},"Iteration":9},
{"Acceptance":[0.2253501400560224],"Energy":{"Mean":-191.46774193548387,"Sigma":0.7046067628494688,"Taucorr":0.45394521884016614},"EnergyVariance":{"Mean":32.00702393340271,"Sigma":5.14637498322328,"Taucorr":0.13010345610530905},"Iteration":10},
{"Acceptance":[0.2030812324929972],"Energy":{"Mean":-192.99193548387098,"Sigma":0.5125421397529637,"Taucorr":0.16934559495164858},"EnergyVariance":{"Mean":24.13703173777315,"Sigma":2.493497906123074,"Taucorr":-0.12885970042142442},"Iteration":11},
{"Acceptance":[0.1788515406162465],"Energy":{"Mean":-195.48387096774192,"Sigma":0.42800730508773216,"Taucorr":0.17132653852115887},"EnergyVariance":{"Mean":16.781997918834545,"Sigma":2.2240898629653576,"Taucorr":-0.13095668981193953},"Iteration":12},
{"Acceptance":[0.14817927170868347],"Energy":{"Mean":-196.52419354838707,"Sigma":0.46015349804391736,"Taucorr":0.5729678314783164},"EnergyVariance":{"Mean":12.136511446409989,"Sigma":1.9235094503727406,"Taucorr":0.042366630954755014},"Iteration":13},
{"Acceptance":[0.14313725490196078],"Energy":{"Mean":-197.4516129032258,"Sigma":0.4048462065021507,"Taucorr":0.3029145426665033},"EnergyVariance":{"Mean":12.55411030176899,"Sigma":2.81811943102403,"Taucorr":0.2334902183369587},"Iteration":14},
{"Acceptance":[0.12282913165266106],"Energy":{"Mean":-198.08870967741936,"Sigma":0.39461230243548845,"Taucorr":0.32350358758689335},"EnergyVariance":{"Mean":11.629227367325703,"Sigma":3.3072108991885796,"Taucorr":0.5314369162409132},"Iteration":15},
{"Acceptance":[0.11736694677871148],"Energy":{"Mean":-198.74193548387098,"Sigma":0.3402805355467875,"Taucorr":0.12108385896446949},"EnergyVariance":{"Mean":11.465660770031219,"Sigma":1.5416270638792966,"Taucorr":0.07885794220937892},"Iteration":16},
{"Acceptance":[0.10700280112044817],"Energy":{"Mean":-199.1209677419355,"Sigma":0.4240534950121038,"Taucorr":0.34901564286534503},"EnergyVariance":{"Mean":13.02568938605619,"Sigma":2.8439240915831836,"Taucorr":-0.02220159753048523},"Iteration":17},
{"Acceptance":[0.09747899159663866],"Energy":{"Mean":-200.11290322580643,"Sigma":0.25606584903626567,"Taucorr":0.1423718453441608},"EnergyVariance":{"Mean":6.2775754422476595,"Sigma":1.0024119074013627,"Taucorr":-0.06593199872842909},"Iteration":18},
{"Acceptance":[0.08515406162464986],"Energy":{"Mean":-201.2258064516129,"Sigma":0.26062240398894787,"Taucorr":0.3440732758620707},"EnergyVariance":{"Mean":4.94901144640999,"Sigma":0.7589252340879828,"Taucorr":0.27032222308329},"Iteration":19},
{"Acceptance":[0.0753501400560224],"Energy":{"Mean":-200.93548387096774,"Sigma":0.3695332245192393,"Taucorr":0.7524198867163248},"EnergyVariance":{"Mean":6.705515088449532,"Sigma":2.185828256361271,"Taucorr":0.8603151588522691},"Iteration":20},
{"Acceptance":[0.07198879551820728],"Energy":{"Mean":-201.31451612903226,"Sigma":0.2830250715402447,"Taucorr":0.27843834462063277},"EnergyVariance":{"Mean":6.328498959417273,"Sigma":1.3893313566373042,"Taucorr":0.13716145641645394},"Iteration":21},
{"Acceptance":[0.06722689075630252],"Energy":{"Mean":-201.5,"Sigma":0.25741686203552133,"Taucorr":0.41378842676310734},"EnergyVariance":{"Mean":4.459677419354841,"Sigma":1.0293473748141426,"Taucorr":0.4301938852434052},"Iteration":22},
{"Acceptance":[0.0711484593837535],"Energy":{"Mean":-201.1693548387097,"Sigma":0.25803931328546187,"Taucorr":0.3824006726928749},"EnergyVariance":{"Mean":4.640673777315296,"Sigma":0.9132761957225338,"Taucorr":0.32867011074508856},"Iteration":23},
{"Acceptance":[0.06162464985994398],"Energy":{"Mean":-202.1451612903226,"Sigma":0.17497088603766245,"Taucorr":0.05404769195437431},"EnergyVariance":{"Mean":3.3982830385015603,"Sigma":0.6191318127954197,"Taucorr":0.017980585228902557},"Iteration":24},
{"Acceptance":[0.054481792717086835],"Energy":{"Mean":-201.91129032258064,"Sigma":0.23260689157381112,"Taucorr":0.21880610854324833},"EnergyVariance":{"Mean":4.6292273673257025,"Sigma":1.0264695875363534,"Taucorr":0.13822749806022017},"Iteration":25},
{"Acceptance":[0.05392156862745098],"Energy":{"Mean":-202.2983870967742,"Sigma":0.19240252204447214,"Taucorr":0.2930809488207675},"EnergyVariance":{"Mean":2.870642559833508,"Sigma":0.4697344255281039,"Taucorr":0.12040225862331488},"Iteration":26},
{"Acceptance":[0.04985994397759104],"Energy":{"Mean":-202.8790322580645,"Sigma":0.12851036930566123,"Taucorr":0.1260031266284547},"EnergyVariance":{"Mean":1.6224635796045785,"Sigma":0.3909427275011313,"Taucorr":0.05406779247872695},"Iteration":27},
{"Acceptance":[0.04747899159663865],"Energy":{"Mean":-202.81451612903226,"Sigma":0.14385613984054715,"Taucorr":0.09613427970877608},"EnergyVariance":{"Mean":2.134950572320499,"Sigma":0.4550537301241851,"Taucorr":0.1478869264260394},"Iteration":28},
{"Acceptance":[0.039355742296918766],"Energy":{"Mean":-203.16935483870967,"Sigma":0.12507368622447607,"Taucorr":0.20405025938793953},"EnergyVariance":{"Mean":1.3664802289281996,"Sigma":0.346973919328513,"Taucorr":0.014466570452677296},"Iteration":29} 
]}