{"Output": [
{"Acceptance":[0.8250700280112044],"Energy":{"Mean":-157.75,"Sigma":0.9606505412300522,"Taucorr":0.2115025906735759},"EnergyVariance":{"Mean":79.76814516129033,"Sigma":10.80605469901798,"Taucorr":-0.06652771288110487},"Iteration":0},
{"Acceptance":[0.7619047619047619],"Energy":{"Mean":-159.14516129032256,"Sigma":1.243303254642171,"Taucorr":0.32984669605124817},"EnergyVariance":{"Mean":114.5595733610822,"Sigma":13.144686096703865,"Taucorr":-0.18865885336184152},"Iteration":1},
{"Acceptance":[0.6509803921568628],"Energy":{"Mean":-165.13709677419354,"Sigma":1.1740838747079,"Taucorr":0.32135371935716617},"EnergyVariance":{"Mean":103.21507544224767,"Sigma":13.643972437069914,"Taucorr":0.08915145958656323},"Iteration":2},
{"Acceptance":[0.5413165266106442],"Energy":{"Mean":-169.50000000000003,"Sigma":1.0840361657261022,"Taucorr":0.4857633923660756},"EnergyVariance":{"Mean":73.31451612903227,"Sigma":9.381397227695288,"Taucorr":0.18448387556497525},"Iteration":3},
{"Acceptance":[0.45140056022408964],"Energy":{"Mean":-176.08870967741936,"Sigma":1.3521462622049163,"Taucorr":0.5519531195333849},"EnergyVariance":{"Mean":106.88729188345475,"Sigma":20.263622724705055,"Taucorr":0.2529873311836026},"Iteration":4},
{"Acceptance":[0.37184873949579833],"Energy":{"Mean":-181.3225806451613,"Sigma":1.19812765828016,"Taucorr":0.48489456362749883},"EnergyVariance":{"Mean":89.63787721123829,"Sigma":12.206470925699092,"Taucorr":0.03756330426891841},"Iteration":5},
{"Acceptance":[0.2991596638655462],"Energy":{"Mean":-189.64516129032256,"Sigma":0.6419240016263841,"Taucorr":0.22133593240921723},"EnergyVariance":{"Mean":35.1321540062435,"Sigma":4.713568994286864,"Taucorr":-0.02601657959802134},"Iteration":6},
{"Acceptance":[0.27535014005602243],"Energy":{"Mean":-192.2822580645161,"Sigma":0.700877132434308,"Taucorr":0.2505549370737402},"EnergyVariance":{"Mean":40.250975546305924,"Sigma":5.422372949157964,"Taucorr":0.057343873581567006},"Iteration":7},
{"Acceptance":[0.2319327731092437],"Energy":{"Mean":-194.45967741935482,"Sigma":0.5535924676034746,"Taucorr":0.26008209297750806},"EnergyVariance":{"Mean":24.796761186264312,"Sigma":3.898671650189539,"Taucorr":0.11287756793637715},"Iteration":8},
{"Acceptance":[0.21876750700280112],"Energy":{"Mean":-196.06451612903223,"Sigma":0.5922855019764905,"Taucorr":0.23789238366402654},"EnergyVariance":{"Mean":29.237773152965666,"Sigma":3.500478788833035,"Taucorr":0.04674655511427994},"Iteration":9},
{"Acceptance":[0.18795518207282913],"Energy":{"Mean":-197.9274193548387,"Sigma":0.45484156942592113,"Taucorr":0.188235045786997},"EnergyVariance":{"Mean":18.486667533818938,"Sigma":2.7182297785688805,"Taucorr":0.08463090877413793},"Iteration":10},
{"Acceptance":[0.17591036414565828],"Energy":{"Mean":-198.4516129032258,"Sigma":0.46783925572652735,"Taucorr":0.2337770860513917},"EnergyVariance":{"Mean":18.344432882414154,"Sigma":2.4606033288575686,"Taucorr":0.11934518460864674},"Iteration":11},
{"Acceptance":[0.16512605042016806],"Energy":{"Mean":-199.233870967742,"Sigma":0.4683440692343175,"Taucorr":0.3738472297704387},"EnergyVariance":{"Mean":15.43723985431842,"Sigma":2.048025265519777,"Taucorr":-0.002027127931202244},"Iteration":12},
{"Acceptance":[0.1400560224089636],"Energy":{"Mean":-201.40322580645162,"Sigma":0.4824441328393726,"Taucorr":0.3263978793385699},"EnergyVariance":{"Mean":17.321279916753383,"Sigma":5.252952115030503,"Taucorr":0.4725551168404437},"Iteration":13},
{"Acceptance":[0.13277310924369748],"Energy":{"Mean":-201.87096774193546,"Sigma":0.3544780669735639,"Taucorr":0.2216033862896587},"EnergyVariance":{"Mean":10.709157127991674,"Sigma":1.603129890867847,"Taucorr":-0.019023696045732674},"Iteration":14},
{"Acceptance":[0.12128851540616246],"Energy":{"Mean":-202.71774193548384,"Sigma":0.30558025525833027,"Taucorr":0.004641699861126836},"EnergyVariance":{"Mean":11.380007804370448,"Sigma":2.150382811297647,"Taucorr":0.11305873956918555},"Iteration":15},
{"Acceptance":[0.1072829131652661],"Energy":{"Mean":-202.80645161290323,"Sigma":0.2961921595047101,"Taucorr":0.06824620527152092},"EnergyVariance":{"Mean":9.494797086368367,"Sigma":1.8016342051398153,"Taucorr":0.07807018017918055},"Iteration":16},
{"Acceptance":[0.11204481792717087],"Energy":{"Mean":-203.71774193548387,"Sigma":0.2450427698798981,"Taucorr":0.19262738018272874},"EnergyVariance":{"Mean":5.3316207075962545,"Sigma":0.8599248652384407,"Taucorr":0.15451888197869557},"Iteration":17},
{"Acceptance":[0.10098039215686275],"Energy":{"Mean":-204.4274193548387,"Sigma":0.3190193197850496,"Taucorr":0.4820036121343253},"EnergyVariance":{"Mean":6.373764308012487,"Sigma":1.365337143365745,"Taucorr":0.12850441828018144},"Iteration":18},
{"Acceptance":[0.08711484593837535],"Energy":{"Mean":-204.60483870967744,"Sigma":0.3138330050310615,"Taucorr":0.4835739405012087},"EnergyVariance":{"Mean":6.158363683662852,"Sigma":2.055689762155167,"Taucorr":0.5443966008140932},"Iteration":19},
{"Acceptance":[0.07857142857142857],"Energy":{"Mean":-205.29032258064518,"Sigma":0.1684435286315332,"Taucorr":0.03353483932547996},"EnergyVariance":{"Mean":3.2705515088449526,"Sigma":0.5861523617261203,"Taucorr":-0.08026519287140554},"Iteration":20},
{"Acceptance":[0.080812324929972],"Energy":{"Mean":-205.24193548387095,"Sigma":0.33490567420386247,"Taucorr":0.8103891771682721},"EnergyVariance":{"Mean":5.264047866805412,"Sigma":1.4972520541742136,"Taucorr":0.6359896415121455},"Iteration":21},
{"Acceptance":[0.06876750700280113],"Energy":{"Mean":-205.8790322580645,"Sigma":0.15720636040014488,"Taucorr":0.13847225637243032},"EnergyVariance":{"Mean":2.3805280957336103,"Sigma":0.6060595543268695,"Taucorr":-0.02408924193810852},"Iteration":22},
{"Acceptance":[0.0784313725490196],"Energy":{"Mean":-205.50806451612902,"Sigma":0.18747181543284294,"Taucorr":0.2814206108485603},"EnergyVariance":{"Mean":2.7660639958376683,"Sigma":0.5739614616395826,"Taucorr":0.31604667303664025},"Iteration":23},
{"Acceptance":[0.07324929971988796],"Energy":{"Mean":-205.06451612903228,"Sigma":0.3018686742553865,"Taucorr":0.32582323851874406},"EnergyVariance":{"Mean":6.786160249739854,"Sigma":1.5674870364000932,"Taucorr":0.3486771630996527},"Iteration":24},
{"Acceptance":[0.07184873949579831],"Energy":{"Mean":-205.6532258064516,"Sigma":0.23778701371559305,"Taucorr":0.470964461474207},"EnergyVariance":{"Mean":3.581360561914672,"Sigma":0.9494551526662812,"Taucorr":0.26548221594353305},"Iteration":25},
{"Acceptance":[0.06722689075630252],"Energy":{"Mean":-206.04838709677418,"Sigma":0.2006104108482079,"Taucorr":0.2564641806472129},"EnergyVariance":{"Mean":3.2718522372528613,"Sigma":1.6890219465306722,"Taucorr":0.17691933557811512},"Iteration":26},
{"Acceptance":[0.05938375350140056],"Energy":{"Mean":-206.0645161290322,"Sigma":0.164352649114332,"Taucorr":0.25321420146261653},"EnergyVariance":{"Mean":2.2055150884495314,"Sigma":0.4993169284697968,"Taucorr":0.08661151894437136},"Iteration":27},
{"Acceptance":[0.06288515406162465],"Energy":{"Mean":-205.89516129032253,"Sigma":0.20272809851756354,"Taucorr":0.5057164298838128},"EnergyVariance":{"Mean":2.51320239334027,"Sigma":0.6492725793546796,"Taucorr":0.26783482539576153},"Iteration":28},
{"Acceptance":[0.06526610644257703],"Energy":{"Mean":-206.28225806451616,"Sigma":0.17185809955379133,"Taucorr":0.4745350500715332},"EnergyVariance":{"Mean":1.8638787721123833,"Sigma":0.7021504281855095,"Taucorr":0.12582879762722188},"Iteration":29} 
]}