{"Output": [
{"Acceptance":[0.6736797338203288],"Energy":{"Mean":-324.3407258064516,"Sigma":0.3948045350309787,"Taucorr":0.04592043606273155},"EnergyVariance":{"Mean":141.47463173126954,"Sigma":6.852142654508575,"Taucorr":0.13840153371829622},"Iteration":0},
{"Acceptance":[0.5753633702749356],"Energy":{"Mean":-333.3266129032258,"Sigma":0.5748254591143847,"Taucorr":0.6657878812716971},"EnergyVariance":{"Mean":140.44171110822057,"Sigma":7.884993238274623,"Taucorr":0.33288119836384567},"Iteration":1},
{"Acceptance":[0.4778350386510895],"Energy":{"Mean":-343.5211693548387,"Sigma":0.6241734909672333,"Taucorr":0.821943296207392},"EnergyVariance":{"Mean":146.02979379389956,"Sigma":8.756899691911745,"Taucorr":0.420594735538667},"Iteration":2},
{"Acceptance":[0.395654566832612],"Energy":{"Mean":-353.0171370967742,"Sigma":0.6822900076567264,"Taucorr":1.3426939429300668},"EnergyVariance":{"Mean":125.178133739269,"Sigma":7.81962283768973,"Taucorr":0.45183655340476303},"Iteration":3},
{"Acceptance":[0.3345132964751207],"Energy":{"Mean":-360.523185483871,"Sigma":0.6892663765910054,"Taucorr":1.7726524989671555},"EnergyVariance":{"Mean":103.58212372366027,"Sigma":5.192288591477967,"Taucorr":0.11565894629304774},"Iteration":4},
{"Acceptance":[0.2698946789082631],"Energy":{"Mean":-369.3901209677419,"Sigma":0.40135562604494057,"Taucorr":0.5436784634911367},"EnergyVariance":{"Mean":76.47784595310877,"Sigma":3.5118829418941178,"Taucorr":0.06162110530480147},"Iteration":5},
{"Acceptance":[0.22377604883296226],"Energy":{"Mean":-374.93649193548384,"Sigma":0.3048853313185265,"Taucorr":0.37915879703198896},"EnergyVariance":{"Mean":52.39011995154786,"Sigma":3.041930670818379,"Taucorr":0.21357292881563983},"Iteration":6},
{"Acceptance":[0.19344307407500064],"Energy":{"Mean":-377.64314516129036,"Sigma":0.36070937460320746,"Taucorr":0.9064041907090516},"EnergyVariance":{"Mean":45.84039655957336,"Sigma":3.008424570823497,"Taucorr":0.355718833223196},"Iteration":7},
{"Acceptance":[0.1684386961198809],"Energy":{"Mean":-380.46874999999994,"Sigma":0.3102269482308119,"Taucorr":0.9450240632820663},"EnergyVariance":{"Mean":33.00103956653226,"Sigma":1.6423079682726789,"Taucorr":0.0038749583287205347},"Iteration":8},
{"Acceptance":[0.14572336327020738],"Energy":{"Mean":-383.02721774193543,"Sigma":0.28556553909015614,"Taucorr":1.1114493764492674},"EnergyVariance":{"Mean":25.07486403323361,"Sigma":1.779915953166775,"Taucorr":0.24137043729085128},"Iteration":9},
{"Acceptance":[0.1288869987241388],"Energy":{"Mean":-384.8054435483871,"Sigma":0.19913344316508927,"Taucorr":0.5422416936671155},"EnergyVariance":{"Mean":18.852268754877738,"Sigma":1.1687792933119998,"Taucorr":0.2753165791953912},"Iteration":10},
{"Acceptance":[0.11197558351887524],"Energy":{"Mean":-385.93548387096774,"Sigma":0.15745460044408435,"Taucorr":0.26527475952449586},"EnergyVariance":{"Mean":16.05228928199792,"Sigma":0.9070441922921947,"Taucorr":0.12346166860525154},"Iteration":11},
{"Acceptance":[0.09791609336302004],"Energy":{"Mean":-387.2862903225806,"Sigma":0.170598551791108,"Taucorr":0.4972745508717543},"EnergyVariance":{"Mean":14.46037656087409,"Sigma":1.2699528952583923,"Taucorr":0.5337714462325629},"Iteration":12},
{"Acceptance":[0.08678357891576814],"Energy":{"Mean":-388.2832661290322,"Sigma":0.15494709118469,"Taucorr":0.5925518276216657},"EnergyVariance":{"Mean":10.888510300143079,"Sigma":0.8832457454199442,"Taucorr":0.5613985130308028},"Iteration":13},
{"Acceptance":[0.07413754284141796],"Energy":{"Mean":-389.38709677419354,"Sigma":0.1515535963419189,"Taucorr":0.8560792518449938},"EnergyVariance":{"Mean":8.392494797086371,"Sigma":0.7329643366117073,"Taucorr":0.40824364700537885},"Iteration":14},
{"Acceptance":[0.06803342256022815],"Energy":{"Mean":-389.7479838709677,"Sigma":0.16963462551650094,"Taucorr":1.34339909426103},"EnergyVariance":{"Mean":7.7348749674817885,"Sigma":0.7576335325086127,"Taucorr":0.6466507091677589},"Iteration":15},
{"Acceptance":[0.06491882020363746],"Energy":{"Mean":-389.7288306451612,"Sigma":0.13628023162045208,"Taucorr":0.7149171474301332},"EnergyVariance":{"Mean":7.574652664867325,"Sigma":0.5624831538551279,"Taucorr":0.3704480576908238},"Iteration":16},
{"Acceptance":[0.05705100943136617],"Energy":{"Mean":-390.4627016129031,"Sigma":0.1372708512959181,"Taucorr":0.8794010361659088},"EnergyVariance":{"Mean":6.76877012064256,"Sigma":0.8894998624257433,"Taucorr":1.1364259363719487},"Iteration":17},
{"Acceptance":[0.05122207490055788],"Energy":{"Mean":-390.87096774193554,"Sigma":0.11905152310443276,"Taucorr":0.9551840274033763},"EnergyVariance":{"Mean":4.826092611862643,"Sigma":0.47599683906793827,"Taucorr":0.5704309177645119},"Iteration":18},
{"Acceptance":[0.0457558852225252],"Energy":{"Mean":-391.3780241935484,"Sigma":0.11810054113555458,"Taucorr":1.1134211668577045},"EnergyVariance":{"Mean":4.283508999414672,"Sigma":0.6422960292953243,"Taucorr":0.5807732426478498},"Iteration":19},
{"Acceptance":[0.043166637480299204],"Energy":{"Mean":-391.56854838709666,"Sigma":0.07797929093310156,"Taucorr":0.43774698698646364},"EnergyVariance":{"Mean":3.213043054110301,"Sigma":0.2630493733760093,"Taucorr":0.2133865591262577},"Iteration":20},
{"Acceptance":[0.039326545418157256],"Energy":{"Mean":-391.59879032258056,"Sigma":0.0797985636819102,"Taucorr":0.45301603252345946},"EnergyVariance":{"Mean":3.3108049882934445,"Sigma":0.3334764969178965,"Taucorr":0.18865458536677493},"Iteration":21},
{"Acceptance":[0.03656217947114302],"Energy":{"Mean":-391.9304435483871,"Sigma":0.08311938695551031,"Taucorr":0.7823574919315912},"EnergyVariance":{"Mean":2.669557061329345,"Sigma":0.37211915531959305,"Taucorr":0.8371941543490984},"Iteration":22},
{"Acceptance":[0.035211267605633804],"Energy":{"Mean":-391.9405241935484,"Sigma":0.07116297680763084,"Taucorr":0.5096250923874959},"EnergyVariance":{"Mean":2.4853739187695107,"Sigma":0.29815006379384834,"Taucorr":0.34019397726229905},"Iteration":23},
{"Acceptance":[0.030908363145122957],"Energy":{"Mean":-392.3296370967741,"Sigma":0.07596598333123952,"Taucorr":1.043956899757088},"EnergyVariance":{"Mean":1.8520248683012488,"Sigma":0.6281388099801136,"Taucorr":0.9625603317381486},"Iteration":24},
{"Acceptance":[0.029519925950016263],"Energy":{"Mean":-392.2923387096773,"Sigma":0.058031604696064276,"Taucorr":0.6085624826162968},"EnergyVariance":{"Mean":1.5052638852757543,"Sigma":0.17749214374939545,"Taucorr":-0.0481579629938223},"Iteration":25},
{"Acceptance":[0.02821904785730368],"Energy":{"Mean":-392.30745967741933,"Sigma":0.06407781213205589,"Taucorr":0.5973264982599287},"EnergyVariance":{"Mean":1.8540572564386055,"Sigma":0.458402292584057,"Taucorr":0.5004121330943379},"Iteration":26},
{"Acceptance":[0.027618642583744028],"Energy":{"Mean":-392.4163306451613,"Sigma":0.044980466768793026,"Taucorr":0.41149948213419507},"EnergyVariance":{"Mean":1.0998542777705518,"Sigma":0.12497551626154918,"Taucorr":0.27617578857884806},"Iteration":27},
{"Acceptance":[0.024979361068721388],"Energy":{"Mean":-392.4546370967742,"Sigma":0.058289610924777684,"Taucorr":0.8987765748316485},"EnergyVariance":{"Mean":1.2035873683012486,"Sigma":0.22198238042279994,"Taucorr":1.1981037218816075},"Iteration":28},
{"Acceptance":[0.024516548670352488],"Energy":{"Mean":-392.53830645161287,"Sigma":0.062073641131671894,"Taucorr":0.9407695744773923},"EnergyVariance":{"Mean":1.325145518990635,"Sigma":0.3552156119194956,"Taucorr":0.8198957651209047},"Iteration":29},
{"Acceptance":[0.023966177169589473],"Energy":{"Mean":-392.56250000000006,"Sigma":0.0565738883117431,"Taucorr":0.5362865376697945},"EnergyVariance":{"Mean":1.530367943548387,"Sigma":0.3987934048185822,"Taucorr":0.2806684252171381},"Iteration":30},
{"Acceptance":[0.023665974532809646],"Energy":{"Mean":-392.68346774193543,"Sigma":0.02513162324282896,"Taucorr":0.04407390002679523},"EnergyVariance":{"Mean":0.5752105554110304,"Sigma":0.08756845423836253,"Taucorr":0.16763171559266143},"Iteration":31},
{"Acceptance":[0.021914792484927326],"Energy":{"Mean":-392.6441532258064,"Sigma":0.046321268364316326,"Taucorr":0.6938937000491401},"EnergyVariance":{"Mean":0.8905101700702395,"Sigma":0.23067445080913088,"Taucorr":0.7098249759902211},"Iteration":32},
{"Acceptance":[0.021552047632151704],"Energy":{"Mean":-392.7016129032258,"Sigma":0.0437365260952471,"Taucorr":0.8672852753540994},"EnergyVariance":{"Mean":0.6932232049947971,"Sigma":0.20220303389928954,"Taucorr":0.619955813563116},"Iteration":33},
{"Acceptance":[0.021014184574587848],"Energy":{"Mean":-392.7530241935483,"Sigma":0.04053455706567432,"Taucorr":1.238717233646041},"EnergyVariance":{"Mean":0.46823682199531735,"Sigma":0.12217826756348575,"Taucorr":1.1966774396578685},"Iteration":34},
{"Acceptance":[0.02026367798263828],"Energy":{"Mean":-392.75000000000006,"Sigma":0.03001595677785707,"Taucorr":0.2715211236932644},"EnergyVariance":{"Mean":0.5786290322580645,"Sigma":0.10898905570547714,"Taucorr":0.0918823400393659},"Iteration":35},
{"Acceptance":[0.019763340254671902],"Energy":{"Mean":-392.7590725806451,"Sigma":0.027041694692105253,"Taucorr":0.21971184220354534},"EnergyVariance":{"Mean":0.5034459140868885,"Sigma":0.08450005995878812,"Taucorr":0.06075561186602607},"Iteration":36},
{"Acceptance":[0.01963825582268031],"Energy":{"Mean":-392.75302419354836,"Sigma":0.03732471462565588,"Taucorr":0.5691418765320588},"EnergyVariance":{"Mean":0.645656176834027,"Sigma":0.2592118588368559,"Taucorr":0.7389516977236539},"Iteration":37},
{"Acceptance":[0.019225477197108046],"Energy":{"Mean":-392.77217741935493,"Sigma":0.027541877189710403,"Taucorr":0.21086461560560144},"EnergyVariance":{"Mean":0.5287420330385015,"Sigma":0.11132366158058006,"Taucorr":0.04298852919900731},"Iteration":38},
{"Acceptance":[0.01739924449003077],"Energy":{"Mean":-392.790322580645,"Sigma":0.04096844969119997,"Taucorr":1.1164218203554377},"EnergyVariance":{"Mean":0.5145031217481789,"Sigma":0.16579418021128553,"Taucorr":0.8654193698534984},"Iteration":39},
{"Acceptance":[0.01897530833312486],"Energy":{"Mean":-392.82560483870964,"Sigma":0.032038906066026926,"Taucorr":0.8043404085284043},"EnergyVariance":{"Mean":0.38994923094432876,"Sigma":0.12493676508491013,"Taucorr":0.5816124352865724},"Iteration":40},
{"Acceptance":[0.017724464013208915],"Energy":{"Mean":-392.8326612903225,"Sigma":0.029111953786679926,"Taucorr":0.5056922717493415},"EnergyVariance":{"Mean":0.4175622723725285,"Sigma":0.13257503137050916,"Taucorr":0.12966561460592485},"Iteration":41},
{"Acceptance":[0.017837040002001352],"Energy":{"Mean":-392.85584677419354,"Sigma":0.022898823975001256,"Taucorr":0.1602179913908771},"EnergyVariance":{"Mean":0.39353436361862637,"Sigma":0.11815346150473148,"Taucorr":0.006923658137251598},"Iteration":42},
{"Acceptance":[0.017374227603632452],"Energy":{"Mean":-392.87802419354847,"Sigma":0.020203249348870914,"Taucorr":0.006335581443044358},"EnergyVariance":{"Mean":0.399436418769511,"Sigma":0.1527096486162939,"Taucorr":-0.034051689770464966},"Iteration":43},
{"Acceptance":[0.017449278262827408],"Energy":{"Mean":-392.86895161290323,"Sigma":0.02223538368339255,"Taucorr":0.2524728967684019},"EnergyVariance":{"Mean":0.3255682557232051,"Sigma":0.11496518359650688,"Taucorr":0.4253231160431725},"Iteration":44},
{"Acceptance":[0.016448602806894655],"Energy":{"Mean":-392.86088709677426,"Sigma":0.030702143542538904,"Taucorr":0.5511114261936267},"EnergyVariance":{"Mean":0.44435727757544224,"Sigma":0.17297994506396427,"Taucorr":0.2525203067065308},"Iteration":45},
{"Acceptance":[0.016961448978060192],"Energy":{"Mean":-392.86189516129036,"Sigma":0.02441237284952488,"Taucorr":-0.07916060231727368},"EnergyVariance":{"Mean":0.701693182557232,"Sigma":0.2519843320387281,"Taucorr":-0.07343391466008986},"Iteration":46},
{"Acceptance":[0.016448602806894655],"Energy":{"Mean":-392.8941532258065,"Sigma":0.022341766414832022,"Taucorr":0.43686694304277507},"EnergyVariance":{"Mean":0.2639980732960458,"Sigma":0.08789151004586805,"Taucorr":0.4161244315864916},"Iteration":47},
{"Acceptance":[0.0171740925124459],"Energy":{"Mean":-392.90221774193554,"Sigma":0.029690309554513784,"Taucorr":0.899919011374106},"EnergyVariance":{"Mean":0.3120112106529657,"Sigma":0.16596131211534157,"Taucorr":0.8711202599575791},"Iteration":48},
{"Acceptance":[0.015860705976534162],"Energy":{"Mean":-392.92036290322585,"Sigma":0.01803280627016216,"Taucorr":0.36535575312060986},"EnergyVariance":{"Mean":0.1861982553980229,"Sigma":0.06313272796596901,"Taucorr":0.04111897963300304},"Iteration":49} 
]}