{"Output": [
{"Acceptance":[0.884458398744113],"Energy":{"Mean":-511.70967741935476,"Sigma":1.487090359886338,"Taucorr":0.11857040595383272},"EnergyVariance":{"Mean":219.86732570239334,"Sigma":25.76598776436519,"Taucorr":-0.07381469173135585},"Iteration":0},
{"Acceptance":[0.8693877551020408],"Energy":{"Mean":-513.3225806451611,"Sigma":1.1158193833629995,"Taucorr":-0.12431302060331989},"EnergyVariance":{"Mean":203.815296566077,"Sigma":24.14454140583157,"Taucorr":0.0074115369245801865},"Iteration":1},
{"Acceptance":[0.8494505494505494],"Energy":{"Mean":-512.0403225806451,"Sigma":1.2877157807588087,"Taucorr":-0.09524995050472163},"EnergyVariance":{"Mean":251.958051508845,"Sigma":32.12060165453568,"Taucorr":-0.12614999237916058},"Iteration":2},
{"Acceptance":[0.8121664050235479],"Energy":{"Mean":-515.548387096774,"Sigma":1.8361446927297436,"Taucorr":0.2553313589840781},"EnergyVariance":{"Mean":274.50572320499487,"Sigma":32.735701301701056,"Taucorr":-0.07499130837118267},"Iteration":3},
{"Acceptance":[0.7841444270015698],"Energy":{"Mean":-518.1290322580644,"Sigma":1.6975579775259766,"Taucorr":0.20526037363943317},"EnergyVariance":{"Mean":251.28980228928202,"Sigma":25.776967520547068,"Taucorr":-0.09918983569300427},"Iteration":4},
{"Acceptance":[0.7302197802197802],"Energy":{"Mean":-521.8790322580645,"Sigma":1.8068667917672079,"Taucorr":0.17623631232872328},"EnergyVariance":{"Mean":296.9127861602497,"Sigma":30.872313076813143,"Taucorr":-0.13969818308388765},"Iteration":5},
{"Acceptance":[0.6040816326530613],"Energy":{"Mean":-532.451612903226,"Sigma":2.009333709540437,"Taucorr":0.4931830644875984},"EnergyVariance":{"Mean":250.00572320499478,"Sigma":28.21249773891615,"Taucorr":-0.012740823212683161},"Iteration":6},
{"Acceptance":[0.5059654631083202],"Energy":{"Mean":-547.5241935483871,"Sigma":1.2921056228833538,"Taucorr":0.0664929844762483},"EnergyVariance":{"Mean":181.24941467221637,"Sigma":16.119509359438364,"Taucorr":-0.18236401061601232},"Iteration":7},
{"Acceptance":[0.4346153846153846],"Energy":{"Mean":-553.6370967741935,"Sigma":1.464858919666509,"Taucorr":0.14759878914185076},"EnergyVariance":{"Mean":203.7795915712799,"Sigma":37.08649327745564,"Taucorr":0.251986422544095},"Iteration":8},
{"Acceptance":[0.38869701726844585],"Energy":{"Mean":-563.008064516129,"Sigma":1.7061512632807752,"Taucorr":0.5247393819770667},"EnergyVariance":{"Mean":174.70154786680544,"Sigma":18.558368230866797,"Taucorr":-0.008379557517997294},"Iteration":9},
{"Acceptance":[0.3361067503924647],"Energy":{"Mean":-570.3145161290323,"Sigma":1.0202234457668609,"Taucorr":0.16252760648649056},"EnergyVariance":{"Mean":96.61882154006243,"Sigma":12.412138557463955,"Taucorr":0.05892895469613635},"Iteration":10},
{"Acceptance":[0.3047095761381476],"Energy":{"Mean":-573.2822580645162,"Sigma":1.2699346956097457,"Taucorr":0.2505107521986908},"EnergyVariance":{"Mean":132.15420135275758,"Sigma":13.706494482269772,"Taucorr":-0.195210936057507},"Iteration":11},
{"Acceptance":[0.23579277864992151],"Energy":{"Mean":-585.8951612903227,"Sigma":0.9371925441040642,"Taucorr":0.3446973634029151},"EnergyVariance":{"Mean":63.948686264308016,"Sigma":7.326123300995172,"Taucorr":0.06848882352778096},"Iteration":12},
{"Acceptance":[0.21687598116169546],"Energy":{"Mean":-587.6612903225807,"Sigma":0.941397695940251,"Taucorr":0.1518648044032247},"EnergyVariance":{"Mean":83.61108220603538,"Sigma":10.230509075298128,"Taucorr":-0.08274635210954184},"Iteration":13},
{"Acceptance":[0.19285714285714287],"Energy":{"Mean":-593.6935483870969,"Sigma":0.7287038940780622,"Taucorr":0.06208744710859926},"EnergyVariance":{"Mean":58.09963579604578,"Sigma":7.370559981176527,"Taucorr":0.11082171384208805},"Iteration":14},
{"Acceptance":[0.16821036106750392],"Energy":{"Mean":-597.1693548387096,"Sigma":0.8640355348481943,"Taucorr":0.42671914852839676},"EnergyVariance":{"Mean":49.54389958376691,"Sigma":6.603090157125421,"Taucorr":0.05169143802612475},"Iteration":15},
{"Acceptance":[0.14968602825745683],"Energy":{"Mean":-598.6774193548385,"Sigma":0.7343523176215222,"Taucorr":0.36558926971020644},"EnergyVariance":{"Mean":38.315296566077016,"Sigma":4.69252481856129,"Taucorr":0.04861434323645042},"Iteration":16},
{"Acceptance":[0.13453689167974883],"Energy":{"Mean":-600.6532258064518,"Sigma":0.5762640872901801,"Taucorr":0.18258323533695586},"EnergyVariance":{"Mean":29.920070239334024,"Sigma":4.96088306055838,"Taucorr":0.0053360194355542845},"Iteration":17},
{"Acceptance":[0.12032967032967033],"Energy":{"Mean":-604.0,"Sigma":0.5381919152443752,"Taucorr":0.22948315719947143},"EnergyVariance":{"Mean":24.41935483870968,"Sigma":3.950183524673086,"Taucorr":0.11878257573775164},"Iteration":18},
{"Acceptance":[0.11240188383045525],"Energy":{"Mean":-603.4516129032259,"Sigma":0.5899493502542558,"Taucorr":0.26649649724251123},"EnergyVariance":{"Mean":27.925078043704474,"Sigma":3.825778199128135,"Taucorr":-0.009928931028038768},"Iteration":19},
{"Acceptance":[0.10282574568288853],"Energy":{"Mean":-606.2500000000002,"Sigma":0.451699300491506,"Taucorr":0.2869262865090402},"EnergyVariance":{"Mean":15.94556451612903,"Sigma":2.5926898855961324,"Taucorr":0.1591985749789394},"Iteration":20},
{"Acceptance":[0.0956043956043956],"Energy":{"Mean":-607.1209677419356,"Sigma":0.45744600829272636,"Taucorr":0.26164747905143704},"EnergyVariance":{"Mean":16.896657127991677,"Sigma":2.4772784214217043,"Taucorr":-0.0267024867623038},"Iteration":21},
{"Acceptance":[0.09615384615384616],"Energy":{"Mean":-606.9354838709677,"Sigma":0.5069367924608216,"Taucorr":0.3673515932842166},"EnergyVariance":{"Mean":18.2216441207076,"Sigma":3.2155527393251293,"Taucorr":0.2665774156345002},"Iteration":22},
{"Acceptance":[0.08108320251177394],"Energy":{"Mean":-608.3467741935484,"Sigma":0.41049364122137005,"Taucorr":0.2075752125935345},"EnergyVariance":{"Mean":14.645876690946935,"Sigma":3.4195149797229223,"Taucorr":-0.017669933360396406},"Iteration":23},
{"Acceptance":[0.08430141287284144],"Energy":{"Mean":-608.4516129032259,"Sigma":0.48352137909037884,"Taucorr":0.4419853768278976},"EnergyVariance":{"Mean":15.263787721123828,"Sigma":2.5656335514485624,"Taucorr":0.3275742260550286},"Iteration":24},
{"Acceptance":[0.0773155416012559],"Energy":{"Mean":-609.032258064516,"Sigma":0.3452328837417564,"Taucorr":0.1027773618004445},"EnergyVariance":{"Mean":12.16024973985432,"Sigma":2.2700723159138536,"Taucorr":-0.04618165099037386},"Iteration":25},
{"Acceptance":[0.06766091051805337],"Energy":{"Mean":-610.7983870967743,"Sigma":0.4063374562337753,"Taucorr":0.6222594394887966},"EnergyVariance":{"Mean":9.048061914672216,"Sigma":1.568078773868668,"Taucorr":0.21948364303756085},"Iteration":26},
{"Acceptance":[0.06891679748822606],"Energy":{"Mean":-610.5322580645159,"Sigma":0.4974048154855913,"Taucorr":0.5727111416781123},"EnergyVariance":{"Mean":14.184443288241416,"Sigma":3.318997605161828,"Taucorr":0.437046241144709},"Iteration":27},
{"Acceptance":[0.06562009419152276],"Energy":{"Mean":-610.4516129032257,"Sigma":0.4288675000971905,"Taucorr":0.40567642157884376},"EnergyVariance":{"Mean":12.489594172736732,"Sigma":2.529404513688197,"Taucorr":0.15412618863011052},"Iteration":28},
{"Acceptance":[0.0641287284144427],"Energy":{"Mean":-610.9677419354839,"Sigma":0.3779439879071294,"Taucorr":0.3458226881074048},"EnergyVariance":{"Mean":10.38605619146722,"Sigma":2.0450363279388424,"Taucorr":-0.008689940566626642},"Iteration":29},
{"Acceptance":[0.054945054945054944],"Energy":{"Mean":-612.5161290322582,"Sigma":0.2656235016076548,"Taucorr":0.12494660921692802},"EnergyVariance":{"Mean":6.943288241415193,"Sigma":1.0163433845208651,"Taucorr":-0.04980808952435534},"Iteration":30},
{"Acceptance":[0.06012558869701727],"Energy":{"Mean":-612.5161290322579,"Sigma":0.28372888673071955,"Taucorr":0.17837652384687153},"EnergyVariance":{"Mean":7.29812695109261,"Sigma":1.6809435007478646,"Taucorr":0.09140956052891724},"Iteration":31},
{"Acceptance":[0.05],"Energy":{"Mean":-613.0080645161291,"Sigma":0.3519309008897132,"Taucorr":0.5413774707247627},"EnergyVariance":{"Mean":7.314451092611862,"Sigma":1.7438492080740602,"Taucorr":0.23705007324730543},"Iteration":32},
{"Acceptance":[0.044897959183673466],"Energy":{"Mean":-613.6854838709678,"Sigma":0.33399820961135,"Taucorr":0.41797328460166594},"EnergyVariance":{"Mean":7.473660249739853,"Sigma":1.553199820205183,"Taucorr":0.36704377056894255},"Iteration":33},
{"Acceptance":[0.04686028257456829],"Energy":{"Mean":-613.5483870967743,"Sigma":0.30987756748941936,"Taucorr":0.3507861104864656},"EnergyVariance":{"Mean":6.941207075962539,"Sigma":1.3849404149555145,"Taucorr":0.37403238928593174},"Iteration":34},
{"Acceptance":[0.04097331240188383],"Energy":{"Mean":-614.0806451612905,"Sigma":0.27248041677048057,"Taucorr":0.39987695462703277},"EnergyVariance":{"Mean":5.07414151925078,"Sigma":1.1532081405095291,"Taucorr":0.04740721487483768},"Iteration":35},
{"Acceptance":[0.03901098901098901],"Energy":{"Mean":-614.2177419354839,"Sigma":0.2991344897222321,"Taucorr":0.27445153259685584},"EnergyVariance":{"Mean":7.105814255983352,"Sigma":1.9131686491273547,"Taucorr":0.3402009977854452},"Iteration":36},
{"Acceptance":[0.03579277864992151],"Energy":{"Mean":-614.8629032258063,"Sigma":0.25289684817501135,"Taucorr":0.3516863584514863},"EnergyVariance":{"Mean":4.6183012486992725,"Sigma":0.7656159943844782,"Taucorr":0.2953461030431753},"Iteration":37},
{"Acceptance":[0.033124018838304556],"Energy":{"Mean":-615.0322580645161,"Sigma":0.24504276987989543,"Taucorr":0.38081564904441934},"EnergyVariance":{"Mean":4.192507804370448,"Sigma":1.0523433163094038,"Taucorr":-0.012601560871251694},"Iteration":38},
{"Acceptance":[0.032574568288854],"Energy":{"Mean":-615.1612903225804,"Sigma":0.21488568700764846,"Taucorr":0.3830488594078587},"EnergyVariance":{"Mean":3.2159209157127986,"Sigma":0.6273059057623512,"Taucorr":0.19925333380906407},"Iteration":39},
{"Acceptance":[0.031004709576138146],"Energy":{"Mean":-615.2983870967741,"Sigma":0.215470027241866,"Taucorr":0.2631155377100908},"EnergyVariance":{"Mean":3.741610301768991,"Sigma":0.7153074199052435,"Taucorr":0.03260762146003915},"Iteration":40},
{"Acceptance":[0.026766091051805337],"Energy":{"Mean":-615.8145161290323,"Sigma":0.18034008417174013,"Taucorr":0.21119256295816558},"EnergyVariance":{"Mean":2.812369927159209,"Sigma":0.6190329189199464,"Taucorr":0.1555864858529138},"Iteration":41},
{"Acceptance":[0.028335949764521192],"Energy":{"Mean":-615.516129032258,"Sigma":0.25318813499666276,"Taucorr":0.36223401228949526},"EnergyVariance":{"Mean":4.572320499479709,"Sigma":1.1488656684885143,"Taucorr":0.1663393915731708},"Iteration":42},
{"Acceptance":[0.027629513343799057],"Energy":{"Mean":-615.516129032258,"Sigma":0.26964121020482196,"Taucorr":0.5100026442590186},"EnergyVariance":{"Mean":4.427159209157128,"Sigma":1.7925091617808764,"Taucorr":0.6808363349092486},"Iteration":43},
{"Acceptance":[0.027001569858712715],"Energy":{"Mean":-615.6935483870966,"Sigma":0.2419981997565228,"Taucorr":0.35826514165272505},"EnergyVariance":{"Mean":4.196409989594174,"Sigma":1.2827826766854404,"Taucorr":0.09465924336558973},"Iteration":44},
{"Acceptance":[0.02433281004709576],"Energy":{"Mean":-616.1048387096773,"Sigma":0.26150263510164506,"Taucorr":0.5827520385780862},"EnergyVariance":{"Mean":3.8841701352757547,"Sigma":1.296541589811425,"Taucorr":0.3440438428804815},"Iteration":45},
{"Acceptance":[0.028021978021978023],"Energy":{"Mean":-615.8709677419357,"Sigma":0.26837598198656065,"Taucorr":0.45369665061051434},"EnergyVariance":{"Mean":4.6446409989594155,"Sigma":1.3555024214369227,"Taucorr":0.46044293524519897},"Iteration":46},
{"Acceptance":[0.024097331240188383],"Energy":{"Mean":-616.3225806451613,"Sigma":0.18264541576916166,"Taucorr":0.167542745894681},"EnergyVariance":{"Mean":3.073361082206035,"Sigma":0.6233484573080788,"Taucorr":0.0553117388177351},"Iteration":47},
{"Acceptance":[0.019309262166405022],"Energy":{"Mean":-616.758064516129,"Sigma":0.1924250555717555,"Taucorr":0.4916732751784284},"EnergyVariance":{"Mean":2.29630593132154,"Sigma":0.5188026742605264,"Taucorr":0.4306185982613865},"Iteration":48},
{"Acceptance":[0.020800627943485087],"Energy":{"Mean":-615.9677419354839,"Sigma":0.2836830389665457,"Taucorr":0.3743921775898522},"EnergyVariance":{"Mean":5.660249739854319,"Sigma":1.2575292118559054,"Taucorr":0.2576260506485506},"Iteration":49} 
]}