{"Output": [
{"Acceptance":[0.6642608760913616],"Energy":{"Mean":-324.4264112903226,"Sigma":0.5658735240625781,"Taucorr":0.47492337169524523},"EnergyVariance":{"Mean":162.7466008308403,"Sigma":6.954489369665272,"Taucorr":0.009435468430287086},"Iteration":0},
{"Acceptance":[0.558689615490456],"Energy":{"Mean":-334.0322580645161,"Sigma":0.5918182424142429,"Taucorr":0.6372776052094982},"EnergyVariance":{"Mean":152.59976586888655,"Sigma":6.585531249273317,"Taucorr":-0.048197019884031855},"Iteration":1},
{"Acceptance":[0.45932254271633355],"Energy":{"Mean":-344.2409274193549,"Sigma":0.5863023166231135,"Taucorr":0.7482928668564905},"EnergyVariance":{"Mean":136.44901043021594,"Sigma":6.806741204322822,"Taucorr":0.12066809546713075},"Iteration":2},
{"Acceptance":[0.3836089360318215],"Energy":{"Mean":-353.59475806451616,"Sigma":0.6511748259591175,"Taucorr":1.2197507237203753},"EnergyVariance":{"Mean":122.1724725221124,"Sigma":6.2810699468079205,"Taucorr":0.24537652553940215},"Iteration":3},
{"Acceptance":[0.3191028944537563],"Energy":{"Mean":-361.3457661290322,"Sigma":0.45295970632700266,"Taucorr":0.6667229516979385},"EnergyVariance":{"Mean":87.13548610659468,"Sigma":5.726859338543616,"Taucorr":0.18435119579812353},"Iteration":4},
{"Acceptance":[0.2748855477447277],"Energy":{"Mean":-366.11290322580635,"Sigma":0.545564727228976,"Taucorr":1.4599505391479812},"EnergyVariance":{"Mean":75.24733350676378,"Sigma":5.285890031282665,"Taucorr":0.7832816224242938},"Iteration":5},
{"Acceptance":[0.22880444299902433],"Energy":{"Mean":-370.37600806451616,"Sigma":0.3612670328394898,"Taucorr":0.6565896016421464},"EnergyVariance":{"Mean":55.91406148380593,"Sigma":1.9959515775102443,"Taucorr":-0.153284984134891},"Iteration":6},
{"Acceptance":[0.193393040302204],"Energy":{"Mean":-374.5110887096775,"Sigma":0.28914598796915036,"Taucorr":0.573710508973964},"EnergyVariance":{"Mean":38.58253833084027,"Sigma":1.6808011324514092,"Taucorr":0.0030173154999845186},"Iteration":7},
{"Acceptance":[0.16527405999049358],"Energy":{"Mean":-376.9233870967743,"Sigma":0.3194944353173491,"Taucorr":0.8636497260918365},"EnergyVariance":{"Mean":37.090904656607705,"Sigma":2.3607268804538855,"Taucorr":0.32705731740549304},"Iteration":8},
{"Acceptance":[0.14252120181122258],"Energy":{"Mean":-379.46673387096774,"Sigma":0.2506122186389028,"Taucorr":0.7156631956748658},"EnergyVariance":{"Mean":25.599699816272114,"Sigma":1.325244220239116,"Taucorr":0.17821612377908858},"Iteration":9},
{"Acceptance":[0.12373352012608511],"Energy":{"Mean":-381.3245967741936,"Sigma":0.2047080958988557,"Taucorr":0.5419098068034636},"EnergyVariance":{"Mean":19.92891112773153,"Sigma":1.1380372326494375,"Taucorr":0.15119851788929894},"Iteration":10},
{"Acceptance":[0.11388937532834663],"Energy":{"Mean":-382.3598790322581,"Sigma":0.2248798914399741,"Taucorr":0.7593368764634421},"EnergyVariance":{"Mean":19.897704824076488,"Sigma":1.48494964984325,"Taucorr":0.4069337559279541},"Iteration":11},
{"Acceptance":[0.10269431866509894],"Energy":{"Mean":-383.59778225806446,"Sigma":0.2274514652653068,"Taucorr":1.1308598273938253},"EnergyVariance":{"Mean":15.718261210652969,"Sigma":1.6014279717620652,"Taucorr":0.5895013995824647},"Iteration":12},
{"Acceptance":[0.08760913616691267],"Energy":{"Mean":-384.2167338709677,"Sigma":0.16830471594902902,"Taucorr":0.7185360829429301},"EnergyVariance":{"Mean":11.518550622723728,"Sigma":0.7908840711054684,"Taucorr":0.14375705436320985},"Iteration":13},
{"Acceptance":[0.07922847922347584],"Energy":{"Mean":-384.7500000000001,"Sigma":0.12784891904960047,"Taucorr":0.4824316509742007},"EnergyVariance":{"Mean":8.243951612903224,"Sigma":0.7123637646748447,"Taucorr":0.22140228990592636},"Iteration":14},
{"Acceptance":[0.07151076976959447],"Energy":{"Mean":-385.5715725806451,"Sigma":0.18177987034480397,"Taucorr":1.3149988917459823},"EnergyVariance":{"Mean":9.021087043119147,"Sigma":1.2800730758007546,"Taucorr":1.177408960115173},"Iteration":15},
{"Acceptance":[0.0643809571460736],"Energy":{"Mean":-385.72379032258067,"Sigma":0.1225575967826406,"Taucorr":0.9030032259176797},"EnergyVariance":{"Mean":5.304756601196671,"Sigma":0.4314946192092633,"Taucorr":0.49215400118191877},"Iteration":16},
{"Acceptance":[0.059865409151177044],"Energy":{"Mean":-386.14012096774195,"Sigma":0.10047425101520034,"Taucorr":0.5211069385499425},"EnergyVariance":{"Mean":4.898712888592612,"Sigma":0.7650834968993632,"Taucorr":0.7008913757621535},"Iteration":17},
{"Acceptance":[0.05676331523778551],"Energy":{"Mean":-386.32157258064507,"Sigma":0.09316792360238499,"Taucorr":0.740157686265335},"EnergyVariance":{"Mean":3.4681636560223734,"Sigma":0.6195245003525631,"Taucorr":0.6925063355461654},"Iteration":18},
{"Acceptance":[0.05307332449403347],"Energy":{"Mean":-386.4395161290323,"Sigma":0.09177964709215522,"Taucorr":0.7515087684872099},"EnergyVariance":{"Mean":3.335051378772113,"Sigma":0.4531819919769471,"Taucorr":0.5557124051762063},"Iteration":19},
{"Acceptance":[0.04801991344157306],"Energy":{"Mean":-386.71572580645176,"Sigma":0.09297794595919527,"Taucorr":0.9942073921467998},"EnergyVariance":{"Mean":2.8667688280437043,"Sigma":0.4860088663503484,"Taucorr":0.6330641356116842},"Iteration":20},
{"Acceptance":[0.0454181572561479],"Energy":{"Mean":-386.93749999999994,"Sigma":0.05522132886204782,"Taucorr":0.13942302564925257},"EnergyVariance":{"Mean":2.3630292338709675,"Sigma":0.2541579433515958,"Taucorr":0.1254674771654588},"Iteration":21},
{"Acceptance":[0.04309158682110425],"Energy":{"Mean":-386.95362903225805,"Sigma":0.06256500261767146,"Taucorr":0.27399897809386564},"EnergyVariance":{"Mean":2.5059142494797078,"Sigma":0.3327066856306842,"Taucorr":0.22581958312673012},"Iteration":22},
{"Acceptance":[0.040652440397268154],"Energy":{"Mean":-387.12500000000006,"Sigma":0.05845441542600188,"Taucorr":0.3950378586019845},"EnergyVariance":{"Mean":1.8916330645161288,"Sigma":0.2723470340302597,"Taucorr":0.21316956901287787},"Iteration":23},
{"Acceptance":[0.039539188952542964],"Energy":{"Mean":-387.273185483871,"Sigma":0.05441619032840908,"Taucorr":0.46841661060590745},"EnergyVariance":{"Mean":1.5150874333376692,"Sigma":0.21645032144268514,"Taucorr":0.31822007067588987},"Iteration":24},
{"Acceptance":[0.03785054912065644],"Energy":{"Mean":-387.27520161290323,"Sigma":0.05609707697921545,"Taucorr":0.6018155937515577},"EnergyVariance":{"Mean":1.4151914916103014,"Sigma":0.23887777586558206,"Taucorr":0.5017462929740013},"Iteration":25},
{"Acceptance":[0.03448577790008255],"Energy":{"Mean":-387.4566532258065,"Sigma":0.06321296003872681,"Taucorr":1.167140208315061},"EnergyVariance":{"Mean":1.1876371861992716,"Sigma":0.23820861834088722,"Taucorr":0.7649656846786907},"Iteration":26},
{"Acceptance":[0.034923573412053134],"Energy":{"Mean":-387.4294354838711,"Sigma":0.04443037922204492,"Taucorr":0.2257120217376034},"EnergyVariance":{"Mean":1.3478432297086371,"Sigma":0.18778202510018427,"Taucorr":0.027670341877337967},"Iteration":27},
{"Acceptance":[0.03337252645535737],"Energy":{"Mean":-387.4022177419355,"Sigma":0.06619998897721131,"Taucorr":1.2170987216337743},"EnergyVariance":{"Mean":1.2646321783949013,"Sigma":0.20728064766497456,"Taucorr":0.5731596645055448},"Iteration":28},
{"Acceptance":[0.031683886623470846],"Energy":{"Mean":-387.56350806451616,"Sigma":0.04694738745332293,"Taucorr":0.5579829304845363},"EnergyVariance":{"Mean":1.0322570483220603,"Sigma":0.1954493769872383,"Taucorr":0.33825332072283043},"Iteration":29},
{"Acceptance":[0.031721411953068324],"Energy":{"Mean":-387.43850806451616,"Sigma":0.0570081057760746,"Taucorr":0.45527323502950456},"EnergyVariance":{"Mean":1.6857348709027056,"Sigma":0.32524462123820974,"Taucorr":0.29018385506698574},"Iteration":30},
{"Acceptance":[0.03059565206514397],"Energy":{"Mean":-387.56653225806457,"Sigma":0.04226904791393373,"Taucorr":0.5122231801344801},"EnergyVariance":{"Mean":0.8746057167013529,"Sigma":0.12581789244556124,"Taucorr":0.1926206879213379},"Iteration":31},
{"Acceptance":[0.029269757086033073],"Energy":{"Mean":-387.5917338709678,"Sigma":0.05460819872210286,"Taucorr":1.4295508299329407},"EnergyVariance":{"Mean":0.7657784453043704,"Sigma":0.15197757694618852,"Taucorr":0.7828380495697789},"Iteration":32},
{"Acceptance":[0.028932029119655766],"Energy":{"Mean":-387.65826612903214,"Sigma":0.04941984241842227,"Taucorr":1.2572783600688007},"EnergyVariance":{"Mean":0.6886615098204998,"Sigma":0.1437456949575649,"Taucorr":0.8830000042394615},"Iteration":33},
{"Acceptance":[0.02774372701573562],"Energy":{"Mean":-387.6864919354839,"Sigma":0.05023223684845951,"Taucorr":0.7846018462930011},"EnergyVariance":{"Mean":0.9732852741285121,"Sigma":0.2624410917777559,"Taucorr":0.18885076464661477},"Iteration":34},
{"Acceptance":[0.02579240987666675],"Energy":{"Mean":-387.7540322580645,"Sigma":0.034009294155713535,"Taucorr":0.4140531403158644},"EnergyVariance":{"Mean":0.6269998699271592,"Sigma":0.15718301793608838,"Taucorr":0.24231474572627265},"Iteration":35},
{"Acceptance":[0.026530408025417156],"Energy":{"Mean":-387.80040322580646,"Sigma":0.034619348413848366,"Taucorr":0.48763697634648406},"EnergyVariance":{"Mean":0.6012901599895942,"Sigma":0.1553304002581226,"Taucorr":0.23644843370196877},"Iteration":36},
{"Acceptance":[0.02534210592149701],"Energy":{"Mean":-387.7469758064517,"Sigma":0.038076737661192704,"Taucorr":0.21158662303553144},"EnergyVariance":{"Mean":1.009567467156608,"Sigma":0.31559428720704874,"Taucorr":0.30009871115667464},"Iteration":37},
{"Acceptance":[0.024779225977534836],"Energy":{"Mean":-387.80645161290323,"Sigma":0.040820182355636815,"Taucorr":0.6237605485230557},"EnergyVariance":{"Mean":0.7347164412070761,"Sigma":0.27680169875920235,"Taucorr":0.4300147231828909},"Iteration":38},
{"Acceptance":[0.026042578740649937],"Energy":{"Mean":-387.81149193548384,"Sigma":0.030102726191766085,"Taucorr":0.37038218212521123},"EnergyVariance":{"Mean":0.5158759999349636,"Sigma":0.11913814951205466,"Taucorr":0.14663493800824245},"Iteration":39},
{"Acceptance":[0.023878618067195358],"Energy":{"Mean":-387.84375,"Sigma":0.03564521450636134,"Taucorr":0.6678353688230994},"EnergyVariance":{"Mean":0.5390940020161289,"Sigma":0.14527620805197702,"Taucorr":0.6148868983040858},"Iteration":40},
{"Acceptance":[0.02422885447677182],"Energy":{"Mean":-387.8215725806451,"Sigma":0.05399437967758546,"Taucorr":1.4328097800051784},"EnergyVariance":{"Mean":0.7473975269901144,"Sigma":0.35364391529273037,"Taucorr":1.761683903271043},"Iteration":41},
{"Acceptance":[0.022227503564906312],"Energy":{"Mean":-387.8901209677419,"Sigma":0.0309417243416991,"Taucorr":0.4783141754423661},"EnergyVariance":{"Mean":0.4849024047216443,"Sigma":0.23255457929455797,"Taucorr":0.29020721627198254},"Iteration":42},
{"Acceptance":[0.026192680059039852],"Energy":{"Mean":-387.8598790322581,"Sigma":0.04098580902942855,"Taucorr":1.6417651791092251},"EnergyVariance":{"Mean":0.3886322434313215,"Sigma":0.10944126274584087,"Taucorr":0.8517855519787851},"Iteration":43},
{"Acceptance":[0.023215670577639905],"Energy":{"Mean":-387.91330645161287,"Sigma":0.02816453603399739,"Taucorr":0.5300154986737442},"EnergyVariance":{"Mean":0.3815971318938606,"Sigma":0.10397393180148003,"Taucorr":0.2338493024250785},"Iteration":44},
{"Acceptance":[0.02227753733770295],"Energy":{"Mean":-387.93145161290323,"Sigma":0.024696551986478063,"Taucorr":0.3681259049086888},"EnergyVariance":{"Mean":0.3481236992715919,"Sigma":0.15914028571579336,"Taucorr":-0.004441607898572231},"Iteration":45},
{"Acceptance":[0.022365096440097064],"Energy":{"Mean":-387.92540322580646,"Sigma":0.0254610304101313,"Taucorr":0.26143483679088675},"EnergyVariance":{"Mean":0.4218546761186264,"Sigma":0.10767229868539194,"Taucorr":0.07201836678944151},"Iteration":46},
{"Acceptance":[0.02186475871213069],"Energy":{"Mean":-387.9354838709678,"Sigma":0.02216519702304746,"Taucorr":0.38825096899242395},"EnergyVariance":{"Mean":0.27406347554630595,"Sigma":0.08611411084826119,"Taucorr":0.30354750599141134},"Iteration":47},
{"Acceptance":[0.022565231531283616],"Energy":{"Mean":-387.898185483871,"Sigma":0.04276855531370215,"Taucorr":0.6172785454709293},"EnergyVariance":{"Mean":0.8112063849505725,"Sigma":0.30463501030092516,"Taucorr":0.621400534203276},"Iteration":48},
{"Acceptance":[0.022865434168063442],"Energy":{"Mean":-387.8790322580645,"Sigma":0.04111041508857662,"Taucorr":0.3378637496205652},"EnergyVariance":{"Mean":0.9994797086368366,"Sigma":0.36783072626167,"Taucorr":0.39959858030205286},"Iteration":49} 
]}