{"Output": [
{"Acceptance":[0.9223392145702902],"Energy":{"Mean":-3899.596774193548,"Sigma":3.7490442764086276,"Taucorr":0.034743148229594234},"EnergyVariance":{"Mean":1616.482570239334,"Sigma":227.25510456716083,"Taucorr":0.18149656037213457},"Iteration":0},
{"Acceptance":[0.9208878770631759],"Energy":{"Mean":-3896.4596774193546,"Sigma":4.3105599387757865,"Taucorr":0.02605725167333628},"EnergyVariance":{"Mean":2172.2483740894904,"Sigma":253.2829801081107,"Taucorr":-0.0904574658016295},"Iteration":1},
{"Acceptance":[0.9177859988616961],"Energy":{"Mean":-3900.0080645161293,"Sigma":4.097787953480417,"Taucorr":0.012340012641048226},"EnergyVariance":{"Mean":2015.653160770031,"Sigma":230.88146542468445,"Taucorr":-0.06581699106726974},"Iteration":2},
{"Acceptance":[0.9098178713716563],"Energy":{"Mean":-3904.91935483871,"Sigma":3.8910461576778115,"Taucorr":0.1363324898071928},"EnergyVariance":{"Mean":1463.2676899063476,"Sigma":187.70440128531692,"Taucorr":-0.045195771681651065},"Iteration":3},
{"Acceptance":[0.9097894137734776],"Energy":{"Mean":-3909.854838709678,"Sigma":3.7793435133110047,"Taucorr":-0.08421795577283836},"EnergyVariance":{"Mean":2112.7208636836626,"Sigma":364.3362227485994,"Taucorr":-0.033577592765362874},"Iteration":4},
{"Acceptance":[0.9001138303927149],"Energy":{"Mean":-3904.274193548387,"Sigma":3.3318549444407535,"Taucorr":-0.04407061613786861},"EnergyVariance":{"Mean":1497.4409469302814,"Sigma":203.7789121836088,"Taucorr":-0.05655077365572664},"Iteration":5},
{"Acceptance":[0.9012236767216847],"Energy":{"Mean":-3900.8064516129025,"Sigma":5.2477940792849305,"Taucorr":0.3098639911471175},"EnergyVariance":{"Mean":2091.3012486992716,"Sigma":349.24271015202703,"Taucorr":0.0925742350024189},"Iteration":6},
{"Acceptance":[0.8990608992601025],"Energy":{"Mean":-3906.233870967742,"Sigma":3.8174214310501164,"Taucorr":-0.024425254759103454},"EnergyVariance":{"Mean":1884.5017559833502,"Sigma":216.04123039212436,"Taucorr":-0.10471774452197158},"Iteration":7},
{"Acceptance":[0.897609561752988],"Energy":{"Mean":-3897.6129032258073,"Sigma":4.030259181973457,"Taucorr":0.08576496835904557},"EnergyVariance":{"Mean":1705.3662851196673,"Sigma":209.829738616802,"Taucorr":-0.013495696913012611},"Iteration":8},
{"Acceptance":[0.8894991462720546],"Energy":{"Mean":-3904.556451612903,"Sigma":3.703632873547112,"Taucorr":-0.01074920020236575},"EnergyVariance":{"Mean":1724.2468132154006,"Sigma":188.76897187510355,"Taucorr":-0.1350226414305868},"Iteration":9},
{"Acceptance":[0.8834661354581673],"Energy":{"Mean":-3899.4032258064512,"Sigma":2.8992647709857327,"Taucorr":-0.24179830341783698},"EnergyVariance":{"Mean":2002.1277315296568,"Sigma":365.71168367323975,"Taucorr":0.04760998296103747},"Iteration":10},
{"Acceptance":[0.8822993739328401],"Energy":{"Mean":-3900.870967741935,"Sigma":4.346050471401054,"Taucorr":0.06805262606180573},"EnergyVariance":{"Mean":2044.9188345473463,"Sigma":207.62752748836732,"Taucorr":-0.15174253476412886},"Iteration":11},
{"Acceptance":[0.8760102447353444],"Energy":{"Mean":-3903.58064516129,"Sigma":4.582288059157051,"Taucorr":0.09782778561408334},"EnergyVariance":{"Mean":2160.0499479708637,"Sigma":268.868324108256,"Taucorr":-0.11216116720723945},"Iteration":12},
{"Acceptance":[0.8661639157655094],"Energy":{"Mean":-3907.427419354839,"Sigma":3.5544949875782206,"Taucorr":-0.021731631046140176},"EnergyVariance":{"Mean":1624.6479578563997,"Sigma":175.53117495823435,"Taucorr":-0.05420217601167876},"Iteration":13},
{"Acceptance":[0.8655947638019351],"Energy":{"Mean":-3915.1532258064517,"Sigma":4.03058997754888,"Taucorr":0.1325143119074964},"EnergyVariance":{"Mean":1579.5813605619148,"Sigma":171.38651011231502,"Taucorr":-0.08716469288861567},"Iteration":14},
{"Acceptance":[0.8559760956175299],"Energy":{"Mean":-3910.8629032258063,"Sigma":3.809559966504986,"Taucorr":0.02815011289709124},"EnergyVariance":{"Mean":1689.9247528616024,"Sigma":318.34503656329326,"Taucorr":0.14173833273989633},"Iteration":15},
{"Acceptance":[0.8593910073989756],"Energy":{"Mean":-3908.1451612903224,"Sigma":3.106721255841654,"Taucorr":-0.16993338125327645},"EnergyVariance":{"Mean":1798.3660249739858,"Sigma":230.44741207135922,"Taucorr":0.01857456659815826},"Iteration":16},
{"Acceptance":[0.8437108708025043],"Energy":{"Mean":-3916.8467741935488,"Sigma":4.379520359339624,"Taucorr":0.21644574691742502},"EnergyVariance":{"Mean":1646.4361992715922,"Sigma":166.9682109170841,"Taucorr":-0.06108704798774395},"Iteration":17},
{"Acceptance":[0.7999715424018213],"Energy":{"Mean":-3922.443548387097,"Sigma":4.5988063796960175,"Taucorr":0.22853006945599474},"EnergyVariance":{"Mean":1785.327458376691,"Sigma":318.2034011592105,"Taucorr":0.33253636114743323},"Iteration":18},
{"Acceptance":[0.7302788844621514],"Energy":{"Mean":-3935.104838709678,"Sigma":4.754154580859001,"Taucorr":0.22869056131590593},"EnergyVariance":{"Mean":1907.5615894901148,"Sigma":233.98062637855094,"Taucorr":0.018879270882702137},"Iteration":19},
{"Acceptance":[0.6025042686397268],"Energy":{"Mean":-3967.7661290322585,"Sigma":4.31887479565226,"Taucorr":0.17312058046199663},"EnergyVariance":{"Mean":1704.211433402705,"Sigma":368.55628440479325,"Taucorr":0.2874019220584021},"Iteration":20},
{"Acceptance":[0.5093625498007968],"Energy":{"Mean":-4005.540322580645,"Sigma":5.1098299844172566,"Taucorr":0.3740635731827511},"EnergyVariance":{"Mean":1837.1515998959414,"Sigma":219.32275363962836,"Taucorr":0.062171029702162706},"Iteration":21},
{"Acceptance":[0.4203187250996016],"Energy":{"Mean":-4041.9274193548395,"Sigma":3.892199835948216,"Taucorr":0.18029509173427893},"EnergyVariance":{"Mean":1369.518925598335,"Sigma":154.32777555452168,"Taucorr":-0.11298543560572322},"Iteration":22},
{"Acceptance":[0.3737905520774047],"Energy":{"Mean":-4081.120967741935,"Sigma":3.8717662706837146,"Taucorr":0.16707120731378966},"EnergyVariance":{"Mean":1382.0418184183143,"Sigma":177.84237019150362,"Taucorr":-0.03879030811647788},"Iteration":23},
{"Acceptance":[0.321570859419465],"Energy":{"Mean":-4123.064516129032,"Sigma":3.9836353375966005,"Taucorr":0.3501588038435186},"EnergyVariance":{"Mean":1147.9797086368364,"Sigma":135.8247011153051,"Taucorr":0.0004058339544050771},"Iteration":24},
{"Acceptance":[0.27248150256118386],"Energy":{"Mean":-4160.475806451614,"Sigma":3.7671178274156767,"Taucorr":0.46326610494221476},"EnergyVariance":{"Mean":906.0397372528618,"Sigma":132.53321664385354,"Taucorr":0.0058530264315634906},"Iteration":25},
{"Acceptance":[0.24641434262948206],"Energy":{"Mean":-4186.00806451613,"Sigma":3.210020514434021,"Taucorr":0.19125747989830977},"EnergyVariance":{"Mean":916.7499349635797,"Sigma":124.51511478732625,"Taucorr":-0.033089097573213544},"Iteration":26},
{"Acceptance":[0.22316448491747296],"Energy":{"Mean":-4212.467741935486,"Sigma":2.7964008630786545,"Taucorr":0.1625225913572239},"EnergyVariance":{"Mean":725.8941207075964,"Sigma":85.50014228660245,"Taucorr":-0.14795365653313136},"Iteration":27},
{"Acceptance":[0.20253272623790552],"Energy":{"Mean":-4233.362903225807,"Sigma":2.2304056814823667,"Taucorr":0.09788083091142585},"EnergyVariance":{"Mean":511.7150754422475,"Sigma":57.60315906276933,"Taucorr":-0.004221225511867488},"Iteration":28},
{"Acceptance":[0.17692088787706317],"Energy":{"Mean":-4254.145161290323,"Sigma":2.470573433543461,"Taucorr":0.20682876918668391},"EnergyVariance":{"Mean":531.0757023933404,"Sigma":79.25049718254749,"Taucorr":0.019438898927074733},"Iteration":29},
{"Acceptance":[0.15045532157085942],"Energy":{"Mean":-4282.362903225806,"Sigma":1.6433246653056153,"Taucorr":-0.017844822426525297},"EnergyVariance":{"Mean":344.45701092611864,"Sigma":41.37270209861004,"Taucorr":0.013641330518371464},"Iteration":30},
{"Acceptance":[0.13289698349459306],"Energy":{"Mean":-4299.959677419356,"Sigma":2.1963158538481453,"Taucorr":0.2737192172747067},"EnergyVariance":{"Mean":383.42579344432886,"Sigma":40.16162470042577,"Taucorr":-0.046194829787198965},"Iteration":31},
{"Acceptance":[0.11994877632327831],"Energy":{"Mean":-4316.879032258064,"Sigma":1.9262222403762652,"Taucorr":0.21482353923902586},"EnergyVariance":{"Mean":319.21923777315294,"Sigma":37.131021313459094,"Taucorr":-0.15935869283027226},"Iteration":32},
{"Acceptance":[0.10364257256687535],"Energy":{"Mean":-4338.604838709677,"Sigma":1.5956415011549832,"Taucorr":0.13180309878204444},"EnergyVariance":{"Mean":247.83578303850152,"Sigma":28.054622365991122,"Taucorr":-0.043743531116533174},"Iteration":33},
{"Acceptance":[0.08699487763232783],"Energy":{"Mean":-4349.782258064517,"Sigma":1.75558792711247,"Taucorr":0.5052559291874155},"EnergyVariance":{"Mean":188.55742715920917,"Sigma":26.128429812382524,"Taucorr":0.13841673631637708},"Iteration":34},
{"Acceptance":[0.0769778030734206],"Energy":{"Mean":-4364.241935483869,"Sigma":1.5430856824937726,"Taucorr":0.23692468413840517},"EnergyVariance":{"Mean":198.7156607700312,"Sigma":19.59913319060417,"Taucorr":-0.08853480983790213},"Iteration":35},
{"Acceptance":[0.06465566306203756],"Energy":{"Mean":-4374.395161290323,"Sigma":1.882637641284201,"Taucorr":0.6280121821069473},"EnergyVariance":{"Mean":193.2390088449532,"Sigma":32.65876317385781,"Taucorr":0.490289799049872},"Iteration":36},
{"Acceptance":[0.05586226522481503],"Energy":{"Mean":-4383.548387096775,"Sigma":1.4980910503054055,"Taucorr":0.35648318546355406},"EnergyVariance":{"Mean":161.15088449531743,"Sigma":38.484673956132795,"Taucorr":0.2627951234925602},"Iteration":37},
{"Acceptance":[0.04815025611838361],"Energy":{"Mean":-4389.532258064516,"Sigma":1.0597563840237185,"Taucorr":0.33064132124880075},"EnergyVariance":{"Mean":83.15218522372527,"Sigma":10.79756476657883,"Taucorr":0.17128168669586752},"Iteration":38},
{"Acceptance":[0.04339783722253842],"Energy":{"Mean":-4396.887096774195,"Sigma":0.9541109912157989,"Taucorr":0.22265840382271196},"EnergyVariance":{"Mean":77.47112382934444,"Sigma":12.580894871412369,"Taucorr":-0.04371971915652001},"Iteration":39},
{"Acceptance":[0.04083665338645418],"Energy":{"Mean":-4398.750000000001,"Sigma":0.8967534034876259,"Taucorr":0.3276917366804867},"EnergyVariance":{"Mean":59.752016129032256,"Sigma":9.601290220072213,"Taucorr":0.10596735373998489},"Iteration":40},
{"Acceptance":[0.03523050654524758],"Energy":{"Mean":-4403.201612903225,"Sigma":0.8744752155047453,"Taucorr":0.3753662767542638},"EnergyVariance":{"Mean":53.725481269510915,"Sigma":6.348019671940942,"Taucorr":0.08493984460863935},"Iteration":41},
{"Acceptance":[0.03255549231644849],"Energy":{"Mean":-4405.661290322581,"Sigma":0.6620013224713629,"Taucorr":0.254113804272622},"EnergyVariance":{"Mean":35.740114464099896,"Sigma":3.6249097260811345,"Taucorr":-0.05183309037239292},"Iteration":42},
{"Acceptance":[0.030591918042117246],"Energy":{"Mean":-4407.217741935484,"Sigma":0.935683145256823,"Taucorr":0.36606313635606613},"EnergyVariance":{"Mean":62.170330385015625,"Sigma":13.011225686778149,"Taucorr":0.26999669964014483},"Iteration":43},
{"Acceptance":[0.02953898690950484],"Energy":{"Mean":-4409.959677419355,"Sigma":0.6317215740095017,"Taucorr":0.17407754070397252},"EnergyVariance":{"Mean":36.409664412070754,"Sigma":10.020031894350181,"Taucorr":0.04644454581974988},"Iteration":44},
{"Acceptance":[0.02970973249857712],"Energy":{"Mean":-4410.516129032258,"Sigma":0.6219479764952527,"Taucorr":0.5225015094930532},"EnergyVariance":{"Mean":23.265868886576484,"Sigma":4.0691052805032735,"Taucorr":0.15280643891494927},"Iteration":45},
{"Acceptance":[0.027973819009675584],"Energy":{"Mean":-4411.362903225807,"Sigma":0.8898953899555759,"Taucorr":0.7522390056370254},"EnergyVariance":{"Mean":38.89249479708637,"Sigma":20.40412489106561,"Taucorr":0.830297313364933},"Iteration":46},
{"Acceptance":[0.0271770062606716],"Energy":{"Mean":-4413.17741935484,"Sigma":0.46275146438877945,"Taucorr":0.3434616538096229},"EnergyVariance":{"Mean":15.613683662851194,"Sigma":4.00573324723484,"Taucorr":0.5322578947833361},"Iteration":47},
{"Acceptance":[0.02771770062606716],"Energy":{"Mean":-4411.185483870968,"Sigma":0.7817618423900546,"Taucorr":0.4238627952815358},"EnergyVariance":{"Mean":40.6833376690947,"Sigma":10.42222525752929,"Taucorr":0.26937529448635245},"Iteration":48},
{"Acceptance":[0.025754126351735913],"Energy":{"Mean":-4413.645161290322,"Sigma":0.46760287142981877,"Taucorr":0.09121088388691789},"EnergyVariance":{"Mean":22.745057232049948,"Sigma":4.6199524373680925,"Taucorr":0.15716032110865585},"Iteration":49} 
]}