{"Output": [
{"Acceptance":[0.6562615408965408],"Energy":{"Mean":-655.3568548387099,"Sigma":0.8964767485675994,"Taucorr":0.8515490319915939},"EnergyVariance":{"Mean":294.6387836563475,"Sigma":14.665143090524964,"Taucorr":0.1631071033720144},"Iteration":0},
{"Acceptance":[0.5449061780067882],"Energy":{"Mean":-673.4052419354838,"Sigma":0.8461664966094944,"Taucorr":0.6885037937343537},"EnergyVariance":{"Mean":298.50714994146716,"Sigma":13.835304873733664,"Taucorr":0.05720883878063954},"Iteration":1},
{"Acceptance":[0.44464766192427413],"Energy":{"Mean":-691.7762096774194,"Sigma":0.9560662650877372,"Taucorr":1.1859701596161918},"EnergyVariance":{"Mean":268.63943402055145,"Sigma":18.54761780606473,"Taucorr":0.6870108860820929},"Iteration":2},
{"Acceptance":[0.3655980162847546],"Energy":{"Mean":-707.9657258064515,"Sigma":0.6143401335127493,"Taucorr":0.3802705399921137},"EnergyVariance":{"Mean":212.44438979578564,"Sigma":10.814605371272204,"Taucorr":0.003868359539057953},"Iteration":3},
{"Acceptance":[0.3037827761461759],"Energy":{"Mean":-720.7651209677418,"Sigma":0.6085777127939691,"Taucorr":0.6589528569856864},"EnergyVariance":{"Mean":158.347049582141,"Sigma":7.010820191145231,"Taucorr":-0.027489310493436447},"Iteration":4},
{"Acceptance":[0.25196524981094914],"Energy":{"Mean":-731.6260080645159,"Sigma":0.4217959251633316,"Taucorr":0.25766649708126854},"EnergyVariance":{"Mean":116.35105745154787,"Sigma":6.557893634052832,"Taucorr":0.2262187626190184},"Iteration":5},
{"Acceptance":[0.21244042699118934],"Energy":{"Mean":-740.210685483871,"Sigma":0.39817229799862847,"Taucorr":0.3132909335689251},"EnergyVariance":{"Mean":96.59170033656349,"Sigma":4.790125133206551,"Taucorr":0.041914741950930146},"Iteration":6},
{"Acceptance":[0.17852557902326643],"Energy":{"Mean":-745.695564516129,"Sigma":0.37007850191048636,"Taucorr":0.3721534785076772},"EnergyVariance":{"Mean":77.81054484261185,"Sigma":5.51900986669256,"Taucorr":0.5173281914297931},"Iteration":7},
{"Acceptance":[0.14486572991224522],"Energy":{"Mean":-752.4495967741937,"Sigma":0.4100337580643083,"Taucorr":1.0379761168905273},"EnergyVariance":{"Mean":54.16681435353798,"Sigma":2.4369603315022577,"Taucorr":0.053206292405007294},"Iteration":8},
{"Acceptance":[0.12602219369361448],"Energy":{"Mean":-755.0856854838707,"Sigma":0.3821863164824452,"Taucorr":1.0784490069415513},"EnergyVariance":{"Mean":45.85253703011187,"Sigma":5.161936558063286,"Taucorr":1.360315393113434},"Iteration":9},
{"Acceptance":[0.10781175808522238],"Energy":{"Mean":-757.9415322580644,"Sigma":0.3274442244514382,"Taucorr":0.946491508631103},"EnergyVariance":{"Mean":36.72843636186264,"Sigma":1.7204156998422457,"Taucorr":0.025586475632676464},"Iteration":10},
{"Acceptance":[0.0905949387123437],"Energy":{"Mean":-760.6592741935485,"Sigma":0.2710414116364658,"Taucorr":0.7952452717218843},"EnergyVariance":{"Mean":28.103663989334024,"Sigma":1.549128771098687,"Taucorr":0.042795192915020874},"Iteration":11},
{"Acceptance":[0.08781633047851854],"Energy":{"Mean":-761.6381048387098,"Sigma":0.34331526209896196,"Taucorr":1.8923228142450035},"EnergyVariance":{"Mean":24.4123786664282,"Sigma":2.0447072558314643,"Taucorr":0.6690278352021388},"Iteration":12},
{"Acceptance":[0.06974658389462392],"Energy":{"Mean":-763.9768145161291,"Sigma":0.2761293394270802,"Taucorr":1.6128290574688742},"EnergyVariance":{"Mean":17.881518884950577,"Sigma":1.7108169592832367,"Taucorr":0.5456609598860522},"Iteration":13},
{"Acceptance":[0.0607776585829098],"Energy":{"Mean":-764.9374999999999,"Sigma":0.2724273295130115,"Taucorr":1.8590183866421919},"EnergyVariance":{"Mean":15.588835685483867,"Sigma":1.4421284807803771,"Taucorr":0.6910702918716058},"Iteration":14},
{"Acceptance":[0.05424441200780824],"Energy":{"Mean":-766.2207661290324,"Sigma":0.11256098522381008,"Taucorr":0.20909662265313245},"EnergyVariance":{"Mean":8.853480058207595,"Sigma":0.46221317032432513,"Taucorr":-0.06599781470327326},"Iteration":15},
{"Acceptance":[0.048150818634261294],"Energy":{"Mean":-766.6864919354839,"Sigma":0.1560245946130816,"Taucorr":0.9181681343888797},"EnergyVariance":{"Mean":8.50554333864464,"Sigma":0.726755293559199,"Taucorr":0.5108709276093188},"Iteration":16},
{"Acceptance":[0.0425672229745177],"Energy":{"Mean":-767.4052419354841,"Sigma":0.13045461014072782,"Taucorr":0.7911003444700868},"EnergyVariance":{"Mean":6.531343489854319,"Sigma":0.5076345772714764,"Taucorr":0.08346781204887044},"Iteration":17},
{"Acceptance":[0.03985895925294128],"Energy":{"Mean":-767.5826612903226,"Sigma":0.12758210436137726,"Taucorr":0.7257629338915894},"EnergyVariance":{"Mean":6.579860659469302,"Sigma":0.803312311125717,"Taucorr":0.45677527285897135},"Iteration":18},
{"Acceptance":[0.03669345620174806],"Energy":{"Mean":-768.0483870967743,"Sigma":0.10342990837307466,"Taucorr":0.615546691793676},"EnergyVariance":{"Mean":4.75169094693028,"Sigma":0.5904271211889124,"Taucorr":0.5201780165376066},"Iteration":19},
{"Acceptance":[0.03444243180978844],"Energy":{"Mean":-768.2006048387099,"Sigma":0.12428199528238071,"Taucorr":1.2505493893345019},"EnergyVariance":{"Mean":4.372056085783038,"Sigma":0.4735944388319671,"Taucorr":0.3854530210894517},"Iteration":20},
{"Acceptance":[0.0307317587886675],"Energy":{"Mean":-768.6320564516127,"Sigma":0.08124107784732572,"Taucorr":0.4918954385348324},"EnergyVariance":{"Mean":3.297077222619668,"Sigma":0.44947689569817845,"Taucorr":0.4668300274006164},"Iteration":21},
{"Acceptance":[0.026722121590489423],"Energy":{"Mean":-768.7358870967741,"Sigma":0.09683367907423285,"Taucorr":0.9039881796834344},"EnergyVariance":{"Mean":3.3092766324141527,"Sigma":0.47656851655804583,"Taucorr":0.34573090059037137},"Iteration":22},
{"Acceptance":[0.026915568999173453],"Energy":{"Mean":-768.8064516129032,"Sigma":0.07726229799050043,"Taucorr":0.5674346962743755},"EnergyVariance":{"Mean":2.7710067637877214,"Sigma":0.34072870994692095,"Taucorr":0.25667869572679636},"Iteration":23},
{"Acceptance":[0.025420748113887764],"Energy":{"Mean":-768.9879032258065,"Sigma":0.07841247404383117,"Taucorr":0.5832882631577736},"EnergyVariance":{"Mean":2.81235366805411,"Sigma":0.4266894796543008,"Taucorr":0.4845374775146589},"Iteration":24},
{"Acceptance":[0.023732479819918047],"Energy":{"Mean":-769.1068548387096,"Sigma":0.07168371275226874,"Taucorr":0.50521803716518},"EnergyVariance":{"Mean":2.532936882154006,"Sigma":0.5471723028621003,"Taucorr":0.5186282841669982},"Iteration":25},
{"Acceptance":[0.023248861298207975],"Energy":{"Mean":-769.0413306451615,"Sigma":0.09279743547385423,"Taucorr":0.9569192507821169},"EnergyVariance":{"Mean":2.928735326157648,"Sigma":0.63135145193053,"Taucorr":1.1677518628775647},"Iteration":26},
{"Acceptance":[0.023090586145648313],"Energy":{"Mean":-769.2127016129033,"Sigma":0.07840901807512414,"Taucorr":0.8976794355525832},"EnergyVariance":{"Mean":2.1795564109651404,"Sigma":0.30344193411186576,"Taucorr":0.17198582414060293},"Iteration":27},
{"Acceptance":[0.02096266465012398],"Energy":{"Mean":-769.3467741935483,"Sigma":0.061147235884344855,"Taucorr":0.5755750306777918},"EnergyVariance":{"Mean":1.7224895941727367,"Sigma":0.37995259098600687,"Taucorr":0.588774570437377},"Iteration":28},
{"Acceptance":[0.019335947804371912],"Energy":{"Mean":-769.5262096774194,"Sigma":0.05961233645957116,"Taucorr":0.7359120321368386},"EnergyVariance":{"Mean":1.4247162786160246,"Sigma":0.3423725605300319,"Taucorr":0.15569295232433622},"Iteration":29},
{"Acceptance":[0.018702847194133267],"Energy":{"Mean":-769.6068548387095,"Sigma":0.03674115132698524,"Taucorr":0.256873030839616},"EnergyVariance":{"Mean":0.8837433337669094,"Sigma":0.09927042835923043,"Taucorr":-0.06405651611678725},"Iteration":30},
{"Acceptance":[0.018201642544361008],"Energy":{"Mean":-769.5504032258066,"Sigma":0.059692969675543744,"Taucorr":0.8478208040231008},"EnergyVariance":{"Mean":1.3099595148283039,"Sigma":0.2708669214270423,"Taucorr":0.2894268359580068},"Iteration":31},
{"Acceptance":[0.018113711904050086],"Energy":{"Mean":-769.6028225806452,"Sigma":0.057988978830456575,"Taucorr":0.8711175202166952},"EnergyVariance":{"Mean":1.2152339685223725,"Sigma":0.3647380230294887,"Taucorr":0.6026806054241902},"Iteration":32},
{"Acceptance":[0.018553365105604697],"Energy":{"Mean":-769.5262096774193,"Sigma":0.07793453630125506,"Taucorr":1.3145345788026357},"EnergyVariance":{"Mean":1.6585872463579605,"Sigma":0.40313111637778176,"Taucorr":0.49002560340486656},"Iteration":33},
{"Acceptance":[0.016882682939697167],"Energy":{"Mean":-769.6209677419354,"Sigma":0.050112062245714156,"Taucorr":0.4754011598267135},"EnergyVariance":{"Mean":1.2756893860561915,"Sigma":0.26040513112032415,"Taucorr":0.1886745226644453},"Iteration":34},
{"Acceptance":[0.01666285633891986],"Energy":{"Mean":-769.6411290322582,"Sigma":0.08888438929348759,"Taucorr":2.1128640017218663},"EnergyVariance":{"Mean":1.4982277575442244,"Sigma":0.5683712452751809,"Taucorr":1.0564189858612427},"Iteration":35},
{"Acceptance":[0.015757170743717356],"Energy":{"Mean":-769.7510080645161,"Sigma":0.0449593760537693,"Taucorr":0.8886309980864284},"EnergyVariance":{"Mean":0.7212691450962537,"Sigma":0.17737743694526142,"Taucorr":0.596878280640875},"Iteration":36},
{"Acceptance":[0.015598895591157695],"Energy":{"Mean":-769.6985887096773,"Sigma":0.05044218924103368,"Taucorr":0.4163245957471906},"EnergyVariance":{"Mean":1.3758851050338188,"Sigma":0.38294072339187607,"Taucorr":0.15899957410259768},"Iteration":37},
{"Acceptance":[0.015484585758753494],"Energy":{"Mean":-769.7631048387098,"Sigma":0.03363774995949505,"Taucorr":0.31391480776082337},"EnergyVariance":{"Mean":0.688840359976587,"Sigma":0.1585833895105471,"Taucorr":0.21337519329586618},"Iteration":38},
{"Acceptance":[0.015801136063872817],"Energy":{"Mean":-769.7893145161291,"Sigma":0.028507617751364622,"Taucorr":0.2667736715177995},"EnergyVariance":{"Mean":0.5251680784989594,"Sigma":0.1041706641363519,"Taucorr":-0.0006973351228550251},"Iteration":39},
{"Acceptance":[0.015141656261540896],"Energy":{"Mean":-769.7489919354836,"Sigma":0.04168725644584594,"Taucorr":0.3838133422053901},"EnergyVariance":{"Mean":0.9742933386446408,"Sigma":0.23346078623142127,"Taucorr":0.2682636888101073},"Iteration":40},
{"Acceptance":[0.014930622724794682],"Energy":{"Mean":-769.8870967741937,"Sigma":0.031673124010732454,"Taucorr":0.759988048137},"EnergyVariance":{"Mean":0.3945109261186264,"Sigma":0.1546622697946945,"Taucorr":0.000573790578733413},"Iteration":41},
{"Acceptance":[0.013945799553312347],"Energy":{"Mean":-769.8739919354837,"Sigma":0.03796983537453504,"Taucorr":0.8543295643620512},"EnergyVariance":{"Mean":0.5274687418704473,"Sigma":0.26788648323139563,"Taucorr":0.7293210998356461},"Iteration":42},
{"Acceptance":[0.014983381108981236],"Energy":{"Mean":-769.8780241935485,"Sigma":0.03159602907122122,"Taucorr":0.8852290933301745},"EnergyVariance":{"Mean":0.3570977090920915,"Sigma":0.14915389204215798,"Taucorr":0.14396332592293049},"Iteration":43},
{"Acceptance":[0.013963385681374531],"Energy":{"Mean":-769.8004032258065,"Sigma":0.04468277475569365,"Taucorr":0.3966600781290681},"EnergyVariance":{"Mean":1.1033062890218523,"Sigma":0.45945462889932653,"Taucorr":0.41315251544481835},"Iteration":44},
{"Acceptance":[0.014156833090058562],"Energy":{"Mean":-769.7782258064517,"Sigma":0.054191633230686605,"Taucorr":1.1233629521804496},"EnergyVariance":{"Mean":0.8963807232049948,"Sigma":0.2523505735295373,"Taucorr":0.6574175741204002},"Iteration":45},
{"Acceptance":[0.013849075848970332],"Energy":{"Mean":-769.8548387096774,"Sigma":0.039965658222390676,"Taucorr":1.012449703268839},"EnergyVariance":{"Mean":0.5232830385015608,"Sigma":0.21182435206266947,"Taucorr":0.6517577380218091},"Iteration":46},
{"Acceptance":[0.01406890244974764],"Energy":{"Mean":-769.8669354838711,"Sigma":0.031748964862777916,"Taucorr":0.6352576006751967},"EnergyVariance":{"Mean":0.4399551248699272,"Sigma":0.13995464252144435,"Taucorr":0.4140501830830222},"Iteration":47},
{"Acceptance":[0.013136837662451857],"Energy":{"Mean":-769.860887096774,"Sigma":0.02919444876232899,"Taucorr":0.3398995308655963},"EnergyVariance":{"Mean":0.5028250195109262,"Sigma":0.13399526929500652,"Taucorr":0.23325022990205324},"Iteration":48},
{"Acceptance":[0.01384028278493924],"Energy":{"Mean":-769.9062500000001,"Sigma":0.024678715090023288,"Taucorr":0.3355574938216662},"EnergyVariance":{"Mean":0.3611706149193548,"Sigma":0.16365303220599056,"Taucorr":0.4224730017097068},"Iteration":49} 
]}