{"Output": [
{"Acceptance":[0.6688890000750507],"Energy":{"Mean":-324.3326612903226,"Sigma":0.41455922449192073,"Taucorr":0.07691997088001712},"EnergyVariance":{"Mean":147.60506227237258,"Sigma":8.118857662046512,"Taucorr":0.26480793490272714},"Iteration":0},
{"Acceptance":[0.5799539689290271],"Energy":{"Mean":-332.4143145161291,"Sigma":0.4853381374433239,"Taucorr":0.2898050850310582},"EnergyVariance":{"Mean":147.77894832043447,"Sigma":5.492719342680051,"Taucorr":-0.1295995548895757},"Iteration":1},
{"Acceptance":[0.48784179321041704],"Energy":{"Mean":-342.53729838709677,"Sigma":0.4940706461798558,"Taucorr":0.44225071486353784},"EnergyVariance":{"Mean":128.3675604432232,"Sigma":6.75815923473598,"Taucorr":0.19721222616924805},"Iteration":2},
{"Acceptance":[0.4221974833012283],"Energy":{"Mean":-350.366935483871,"Sigma":0.4778836135650014,"Taucorr":0.5397067071247792},"EnergyVariance":{"Mean":108.83713254422477,"Sigma":6.387475107638864,"Taucorr":0.17459772591393607},"Iteration":3},
{"Acceptance":[0.3580666950191379],"Energy":{"Mean":-357.8629032258064,"Sigma":0.44933277665564875,"Taucorr":0.5848942989727197},"EnergyVariance":{"Mean":92.21305931321538,"Sigma":4.682557374065037,"Taucorr":0.09484214438710636},"Iteration":4},
{"Acceptance":[0.3101593575663573],"Energy":{"Mean":-362.43346774193543,"Sigma":0.5632196373632153,"Taucorr":1.4828077547643976},"EnergyVariance":{"Mean":79.27178313605621,"Sigma":3.5075280404948757,"Taucorr":0.02541838053086165},"Iteration":5},
{"Acceptance":[0.2569359317539339],"Energy":{"Mean":-368.71673387096774,"Sigma":0.5639466453562185,"Taucorr":1.8180912830705598},"EnergyVariance":{"Mean":67.98125223562695,"Sigma":3.9531546149751877,"Taucorr":0.2906616837910263},"Iteration":6},
{"Acceptance":[0.2210492082155455],"Energy":{"Mean":-373.3034274193549,"Sigma":0.5449128462169469,"Taucorr":1.8439417800085773},"EnergyVariance":{"Mean":62.769826962473985,"Sigma":4.5030097397074105,"Taucorr":0.7064591723777056},"Iteration":7},
{"Acceptance":[0.17699447126810597],"Energy":{"Mean":-378.8477822580645,"Sigma":0.4241871920391333,"Taucorr":1.5189095254508578},"EnergyVariance":{"Mean":44.16130556549165,"Sigma":3.9504289537732142,"Taucorr":1.0834085727123395},"Iteration":8},
{"Acceptance":[0.16120881595076678],"Energy":{"Mean":-380.48487903225816,"Sigma":0.440062748896706,"Taucorr":2.434315019152757},"EnergyVariance":{"Mean":32.70138425956035,"Sigma":2.002869457385148,"Taucorr":0.2178217541039854},"Iteration":9},
{"Acceptance":[0.13177644910314462],"Energy":{"Mean":-383.7883064516129,"Sigma":0.3351869340242069,"Taucorr":1.494406512667504},"EnergyVariance":{"Mean":27.91284713189387,"Sigma":2.158691910225562,"Taucorr":0.7019776338718562},"Iteration":10},
{"Acceptance":[0.12787381482500687],"Energy":{"Mean":-383.586693548387,"Sigma":0.5060199382612988,"Taucorr":4.404838639767724},"EnergyVariance":{"Mean":25.867484228668054,"Sigma":1.7623684152917678,"Taucorr":0.36615677459853413},"Iteration":11},
{"Acceptance":[0.09999249493408051],"Energy":{"Mean":-387.46370967741933,"Sigma":0.13609294099356126,"Taucorr":0.12148068545878421},"EnergyVariance":{"Mean":14.766828173777318,"Sigma":0.9491570530827741,"Taucorr":0.06994665280412615},"Iteration":12},
{"Acceptance":[0.09017336702274036],"Energy":{"Mean":-388.2540322580645,"Sigma":0.11722046521539818,"Taucorr":0.1288666778549059},"EnergyVariance":{"Mean":10.826596644120709,"Sigma":0.7765990218293825,"Taucorr":0.37472699458227177},"Iteration":13},
{"Acceptance":[0.08244314912565982],"Energy":{"Mean":-389.05443548387086,"Sigma":0.12965920019261806,"Taucorr":0.436150999195587},"EnergyVariance":{"Mean":8.898246455515089,"Sigma":0.7239811322001432,"Taucorr":0.3959939758445873},"Iteration":14},
{"Acceptance":[0.07678933279963976],"Energy":{"Mean":-389.7449596774194,"Sigma":0.1043925317494038,"Taucorr":0.2911795726354325},"EnergyVariance":{"Mean":6.8250754015998965,"Sigma":0.62258454797091,"Taucorr":0.3572396629360368},"Iteration":15},
{"Acceptance":[0.07097290671203062],"Energy":{"Mean":-390.1038306451614,"Sigma":0.10609162667691653,"Taucorr":0.45911194242129627},"EnergyVariance":{"Mean":5.814824035835068,"Sigma":0.556318925167497,"Taucorr":0.2750127981941278},"Iteration":16},
{"Acceptance":[0.06356790833812824],"Energy":{"Mean":-390.63911290322574,"Sigma":0.08284262499435746,"Taucorr":0.2876531153447356},"EnergyVariance":{"Mean":4.317341148543184,"Sigma":0.41441619377669553,"Taucorr":0.35878598774345005},"Iteration":17},
{"Acceptance":[0.05912741100242664],"Energy":{"Mean":-390.8497983870968,"Sigma":0.08889086762253841,"Taucorr":0.46889058717803866},"EnergyVariance":{"Mean":4.040947539997398,"Sigma":0.3379633784956883,"Taucorr":0.2641375136168529},"Iteration":18},
{"Acceptance":[0.055700097565856956],"Energy":{"Mean":-391.14516129032245,"Sigma":0.06991540928457012,"Taucorr":0.3202900037077947},"EnergyVariance":{"Mean":2.9527185223725287,"Sigma":0.25303727140125887,"Taucorr":0.12884829124374275},"Iteration":19},
{"Acceptance":[0.05067170339979486],"Energy":{"Mean":-391.3286290322581,"Sigma":0.0731496513186038,"Taucorr":0.43305077108596346},"EnergyVariance":{"Mean":2.8415997333506757,"Sigma":0.3595702538396388,"Taucorr":0.3359159909251235},"Iteration":20},
{"Acceptance":[0.04768218547519576],"Energy":{"Mean":-391.51612903225816,"Sigma":0.06841731222205108,"Taucorr":0.5574990023179205},"EnergyVariance":{"Mean":2.1932882414151917,"Sigma":0.2834091108545264,"Taucorr":0.7623599813980437},"Iteration":21},
{"Acceptance":[0.04546819102894454],"Energy":{"Mean":-391.6391129032258,"Sigma":0.05548385631563983,"Taucorr":0.2788610254973485},"EnergyVariance":{"Mean":1.958470180801249,"Sigma":0.2065682401397955,"Taucorr":0.12848999889356638},"Iteration":22},
{"Acceptance":[0.043491857003477345],"Energy":{"Mean":-391.6270161290323,"Sigma":0.06091635254558231,"Taucorr":0.27815525309748346},"EnergyVariance":{"Mean":2.3628991610301773,"Sigma":0.28051567066092475,"Taucorr":0.25485620230077743},"Iteration":23},
{"Acceptance":[0.0405148475220774],"Energy":{"Mean":-391.78729838709666,"Sigma":0.0607002179091132,"Taucorr":0.3438822218077151},"EnergyVariance":{"Mean":2.1634273787070764,"Sigma":0.40001240377877545,"Taucorr":0.6402098096115403},"Iteration":24},
{"Acceptance":[0.036174417731969076],"Energy":{"Mean":-391.9959677419356,"Sigma":0.03912104310599715,"Taucorr":0.09234943399511886},"EnergyVariance":{"Mean":1.280225676378772,"Sigma":0.1401741256838159,"Taucorr":0.22337169585278138},"Iteration":25},
{"Acceptance":[0.033810321967327944],"Energy":{"Mean":-392.13104838709677,"Sigma":0.04938761737432776,"Taucorr":0.7049922121219423},"EnergyVariance":{"Mean":1.0029876105619147,"Sigma":0.11078662245360077,"Taucorr":0.5706805609177705},"Iteration":26},
{"Acceptance":[0.034435744127285915],"Energy":{"Mean":-392.1451612903227,"Sigma":0.050066076699433526,"Taucorr":0.4383086440983408},"EnergyVariance":{"Mean":1.3236862643080125,"Sigma":0.24137429774519586,"Taucorr":0.27062887774145183},"Iteration":27},
{"Acceptance":[0.03105846446351287],"Energy":{"Mean":-392.1995967741936,"Sigma":0.041414156385412085,"Taucorr":0.2214923753290695},"EnergyVariance":{"Mean":1.1779030632154006,"Sigma":0.19829901885868326,"Taucorr":0.5223576271852775},"Iteration":28},
{"Acceptance":[0.029882670802791885],"Energy":{"Mean":-392.2651209677419,"Sigma":0.05699681521824369,"Taucorr":0.79688685519543},"EnergyVariance":{"Mean":1.2412028079474506,"Sigma":0.21390059057316496,"Taucorr":0.30136057725783594},"Iteration":29},
{"Acceptance":[0.027255897730968405],"Energy":{"Mean":-392.3256048387097,"Sigma":0.037252041825747984,"Taucorr":0.15851725913172143},"EnergyVariance":{"Mean":1.0441831019120706,"Sigma":0.1980776342426434,"Taucorr":0.3027854666379307},"Iteration":30},
{"Acceptance":[0.02779376078853226],"Energy":{"Mean":-392.35584677419365,"Sigma":0.04489378096736531,"Taucorr":0.3191486671929662},"EnergyVariance":{"Mean":1.2191392023283039,"Sigma":0.28604752808580075,"Taucorr":0.2723548463875587},"Iteration":31},
{"Acceptance":[0.02474170064793736],"Energy":{"Mean":-392.5131048387096,"Sigma":0.03841770770554569,"Taucorr":0.6061835307717347},"EnergyVariance":{"Mean":0.6611185857830386,"Sigma":0.12453214450882862,"Taucorr":0.3711375799349723},"Iteration":32},
{"Acceptance":[0.02384109273759788],"Energy":{"Mean":-392.5211693548386,"Sigma":0.03799480614458659,"Taucorr":0.5114438969858806},"EnergyVariance":{"Mean":0.7072131487382936,"Sigma":0.12072706654086743,"Taucorr":0.40007816063221646},"Iteration":33},
{"Acceptance":[0.02088910014259625],"Energy":{"Mean":-392.5806451612902,"Sigma":0.039389403448874774,"Taucorr":0.5396457233948682},"EnergyVariance":{"Mean":0.7394640998959418,"Sigma":0.21306522021131202,"Taucorr":0.8219492509139843},"Iteration":34},
{"Acceptance":[0.021914792484927326],"Energy":{"Mean":-392.5544354838711,"Sigma":0.03901960660956506,"Taucorr":0.5554503820555468},"EnergyVariance":{"Mean":0.7147787135796045,"Sigma":0.1296866942939533,"Taucorr":0.2369026095808785},"Iteration":35},
{"Acceptance":[0.019062867435518976],"Energy":{"Mean":-392.6411290322581,"Sigma":0.03438174932952308,"Taucorr":0.36177821169143654},"EnergyVariance":{"Mean":0.6796793704474505,"Sigma":0.2002374703707609,"Taucorr":0.4283698904267439},"Iteration":36},
{"Acceptance":[0.019200460310709728],"Energy":{"Mean":-392.68749999999994,"Sigma":0.030741836052371456,"Taucorr":0.36807988787659285},"EnergyVariance":{"Mean":0.5394405241935484,"Sigma":0.2323307292847442,"Taucorr":0.6062911185464646},"Iteration":37},
{"Acceptance":[0.017987141320391264],"Energy":{"Mean":-392.6290322580645,"Sigma":0.04229388307970087,"Taucorr":0.5781894448841576},"EnergyVariance":{"Mean":0.8220603537981268,"Sigma":0.2526139781932135,"Taucorr":0.6590420527982741},"Iteration":38},
{"Acceptance":[0.018087208865984538],"Energy":{"Mean":-392.67540322580646,"Sigma":0.03906558910782403,"Taucorr":1.0451579747340445},"EnergyVariance":{"Mean":0.48939499869927167,"Sigma":0.10588400057649038,"Taucorr":0.6146544917559795},"Iteration":39},
{"Acceptance":[0.017061516523653467],"Energy":{"Mean":-392.7016129032259,"Sigma":0.024415147771148206,"Taucorr":0.222259412770613},"EnergyVariance":{"Mean":0.40894901144641005,"Sigma":0.06374995568230747,"Taucorr":-0.018997023678578695},"Iteration":40},
{"Acceptance":[0.015698096214945088],"Energy":{"Mean":-392.734879032258,"Sigma":0.032690938024065655,"Taucorr":0.7649582919649092},"EnergyVariance":{"Mean":0.41862216278616027,"Sigma":0.11554905280820156,"Taucorr":0.28916717295285044},"Iteration":41},
{"Acceptance":[0.015510469566957697],"Energy":{"Mean":-392.7560483870967,"Sigma":0.027778229415912476,"Taucorr":0.7602314696961894},"EnergyVariance":{"Mean":0.3033908363683662,"Sigma":0.04963034005401386,"Taucorr":0.26661630238752776},"Iteration":42},
{"Acceptance":[0.015698096214945088],"Energy":{"Mean":-392.7741935483871,"Sigma":0.03534077328917799,"Taucorr":0.8721217856284413},"EnergyVariance":{"Mean":0.4510275754422477,"Sigma":0.13996554350888982,"Taucorr":0.1837386357972124},"Iteration":43},
{"Acceptance":[0.015485452680559378],"Energy":{"Mean":-392.74294354838713,"Sigma":0.02595252258876077,"Taucorr":0.25336323075693834},"EnergyVariance":{"Mean":0.44299456132934445,"Sigma":0.12491501519555696,"Taucorr":0.55460677617915},"Iteration":44},
{"Acceptance":[0.014634878543016537],"Energy":{"Mean":-392.7772177419355,"Sigma":0.026474571239268965,"Taucorr":0.324671571478061},"EnergyVariance":{"Mean":0.42113419452393347,"Sigma":0.1376838408664244,"Taucorr":0.2775105969905137},"Iteration":45},
{"Acceptance":[0.013484101768693869],"Energy":{"Mean":-392.8165322580645,"Sigma":0.032428773774838854,"Taucorr":0.5666575832965424},"EnergyVariance":{"Mean":0.48851700702393336,"Sigma":0.19059116419823494,"Taucorr":0.6335392890779534},"Iteration":46},
{"Acceptance":[0.01344657643909639],"Energy":{"Mean":-392.828629032258,"Sigma":0.024287173234697652,"Taucorr":0.5107151558597778},"EnergyVariance":{"Mean":0.28918037851196676,"Sigma":0.06488374754874743,"Taucorr":0.30439023205707905},"Iteration":47},
{"Acceptance":[0.011420208640832562],"Energy":{"Mean":-392.8941532258065,"Sigma":0.015176867998168954,"Taucorr":0.21709348775952986},"EnergyVariance":{"Mean":0.15915936361862645,"Sigma":0.03660623830501691,"Taucorr":-0.025874809103024754},"Iteration":48},
{"Acceptance":[0.012933730267930854],"Energy":{"Mean":-392.8679435483871,"Sigma":0.02058196866425859,"Taucorr":0.27205321512196756},"EnergyVariance":{"Mean":0.27187560971644137,"Sigma":0.1009845863089487,"Taucorr":0.3431022932052945},"Iteration":49} 
]}