{"Output": [
{"Acceptance":[0.7596078223447593],"Energy":{"Mean":-2526.207661290323,"Sigma":0.9973961694113829,"Taucorr":-0.03679904579338367},"EnergyVariance":{"Mean":1064.1665542078567,"Sigma":41.92895057649488,"Taucorr":-0.11646923665666026},"Iteration":0},
{"Acceptance":[0.6571096559829627],"Energy":{"Mean":-2553.4032258064512,"Sigma":1.7501184164756993,"Taucorr":0.7155894657162991},"EnergyVariance":{"Mean":1248.5087799167536,"Sigma":53.613169810568444,"Taucorr":0.006224995094779473},"Iteration":1},
{"Acceptance":[0.5104495285561536],"Energy":{"Mean":-2617.423387096775,"Sigma":2.0636263006452924,"Taucorr":1.1945350679004967},"EnergyVariance":{"Mean":1245.2461465920912,"Sigma":53.24673818182258,"Taucorr":-0.09986383889105438},"Iteration":2},
{"Acceptance":[0.40635631787775156],"Energy":{"Mean":-2681.160282258065,"Sigma":1.6375451070181257,"Taucorr":0.9362749505435186},"EnergyVariance":{"Mean":925.1083821783948,"Sigma":50.175003801728145,"Taucorr":0.23011451061418442},"Iteration":3},
{"Acceptance":[0.33091204722391593],"Energy":{"Mean":-2733.1018145161293,"Sigma":0.9745587294770983,"Taucorr":0.1931802773769714},"EnergyVariance":{"Mean":678.9120128365633,"Sigma":36.33330101941108,"Taucorr":0.2542099767947529},"Iteration":4},
{"Acceptance":[0.27298233521557397],"Energy":{"Mean":-2767.6582661290327,"Sigma":0.8966959487965437,"Taucorr":0.2337522414639972},"EnergyVariance":{"Mean":542.981000219498,"Sigma":30.199499023671965,"Taucorr":0.24964730124858658},"Iteration":5},
{"Acceptance":[0.22900152876823696],"Energy":{"Mean":-2793.3749999999995,"Sigma":0.6018581917114109,"Taucorr":0.03577361572301696},"EnergyVariance":{"Mean":335.00453629032256,"Sigma":17.255512800466747,"Taucorr":-0.052156047190124455},"Iteration":6},
{"Acceptance":[0.19455122257274904],"Energy":{"Mean":-2813.296370967742,"Sigma":0.6463261283825552,"Taucorr":0.22227904506906948},"EnergyVariance":{"Mean":286.5774868301249,"Sigma":15.235160774163823,"Taucorr":0.12232209084980983},"Iteration":7},
{"Acceptance":[0.1647932628155846],"Energy":{"Mean":-2828.460685483871,"Sigma":0.5111614760186275,"Taucorr":0.21436372924831903},"EnergyVariance":{"Mean":181.23434146559578,"Sigma":9.6067369630489,"Taucorr":0.11859169426943661},"Iteration":8},
{"Acceptance":[0.14036389986126208],"Energy":{"Mean":-2840.379032258065,"Sigma":0.5761117078877107,"Taucorr":0.7191828796525148},"EnergyVariance":{"Mean":134.89262486992712,"Sigma":5.771120079454844,"Taucorr":0.003643189267058533},"Iteration":9},
{"Acceptance":[0.12266818659809302],"Energy":{"Mean":-2848.6885080645166,"Sigma":0.5576242611268732,"Taucorr":0.7553769351756552},"EnergyVariance":{"Mean":122.73059374187046,"Sigma":6.764605084411263,"Taucorr":0.1785418031726016},"Iteration":10},
{"Acceptance":[0.10576778629057201],"Energy":{"Mean":-2857.688508064516,"Sigma":0.48059733504474905,"Taucorr":0.6761951021022106},"EnergyVariance":{"Mean":97.30317438703172,"Sigma":5.928590361507918,"Taucorr":0.08784797719525994},"Iteration":11},
{"Acceptance":[0.09370553979657661],"Energy":{"Mean":-2863.2358870967746,"Sigma":0.41280342454616425,"Taucorr":0.42196226555842087},"EnergyVariance":{"Mean":91.58347018080124,"Sigma":6.3061681744931555,"Taucorr":0.32731327244330777},"Iteration":12},
{"Acceptance":[0.08221768599277149],"Energy":{"Mean":-2867.89314516129,"Sigma":0.4100135179672565,"Taucorr":0.7769160337562515},"EnergyVariance":{"Mean":65.23454978537981,"Sigma":4.017530641366456,"Taucorr":0.3818355126063233},"Iteration":13},
{"Acceptance":[0.07251928633917447],"Energy":{"Mean":-2872.4395161290317,"Sigma":0.38856766147622557,"Taucorr":0.8900348854487043},"EnergyVariance":{"Mean":53.8209384755463,"Sigma":3.446196438339971,"Taucorr":0.23225478878012729},"Iteration":14},
{"Acceptance":[0.06394758003941217],"Energy":{"Mean":-2875.9596774193546,"Sigma":0.5050945794262724,"Taucorr":1.9430154139555045},"EnergyVariance":{"Mean":51.74434183142561,"Sigma":3.6296912639778975,"Taucorr":0.5547656607071374},"Iteration":15},
{"Acceptance":[0.057205093537640396],"Energy":{"Mean":-2879.1885080645166,"Sigma":0.3796405408451671,"Taucorr":1.2279027663861337},"EnergyVariance":{"Mean":41.33039212896721,"Sigma":3.736244770444609,"Taucorr":0.45582835353831774},"Iteration":16},
{"Acceptance":[0.05214601945865698],"Energy":{"Mean":-2882.6552419354844,"Sigma":0.43224446044634424,"Taucorr":2.0862017231282532},"EnergyVariance":{"Mean":35.796464457596265,"Sigma":2.238328258507009,"Taucorr":0.12775040599639165},"Iteration":17},
{"Acceptance":[0.048938257204209856],"Energy":{"Mean":-2882.269153225807,"Sigma":0.46014429636601056,"Taucorr":2.6773423338099898},"EnergyVariance":{"Mean":33.019290412005724,"Sigma":3.175312561170122,"Taucorr":0.4924086578202874},"Iteration":18},
{"Acceptance":[0.045549340332087344],"Energy":{"Mean":-2885.2006048387098,"Sigma":0.44532596823046344,"Taucorr":2.9348918369357713},"EnergyVariance":{"Mean":28.60794318255723,"Sigma":2.3950560232768634,"Taucorr":0.438039430825512},"Iteration":19},
{"Acceptance":[0.038678720076350044],"Energy":{"Mean":-2888.466733870968,"Sigma":0.21116325028493504,"Taucorr":0.5262513656590391},"EnergyVariance":{"Mean":21.52913530014308,"Sigma":1.823322478128889,"Taucorr":0.28338756134865695},"Iteration":20},
{"Acceptance":[0.03804688811714076],"Energy":{"Mean":-2889.7439516129034,"Sigma":0.13498758028262137,"Taucorr":0.037708765691860435},"EnergyVariance":{"Mean":16.791294062174817,"Sigma":1.3361028070809358,"Taucorr":0.3118624440541078},"Iteration":21},
{"Acceptance":[0.03419845709286604],"Energy":{"Mean":-2890.6834677419356,"Sigma":0.19053183832870674,"Taucorr":0.734650955509542},"EnergyVariance":{"Mean":14.569162168314259,"Sigma":1.1910700989312535,"Taucorr":0.3116661461996656},"Iteration":22},
{"Acceptance":[0.031922978358650794],"Energy":{"Mean":-2891.191532258065,"Sigma":0.14402251762692814,"Taucorr":0.31333730964059525},"EnergyVariance":{"Mean":12.6367024908949,"Sigma":0.9944858925009515,"Taucorr":0.2667129425142041},"Iteration":23},
{"Acceptance":[0.030031900886332105],"Energy":{"Mean":-2892.1552419354834,"Sigma":0.16969372136415745,"Taucorr":0.6622715344329404},"EnergyVariance":{"Mean":12.27630316727367,"Sigma":1.4784400109137557,"Taucorr":0.3781742870728225},"Iteration":24},
{"Acceptance":[0.02825128354674231],"Energy":{"Mean":-2892.5756048387098,"Sigma":0.18937666453869828,"Taucorr":0.8076988596063692},"EnergyVariance":{"Mean":13.589041972879814,"Sigma":1.8446356874215224,"Taucorr":0.7608851673755277},"Iteration":25},
{"Acceptance":[0.026386716506278555],"Energy":{"Mean":-2893.1754032258063,"Sigma":0.1786655130349579,"Taucorr":0.8861502966210466},"EnergyVariance":{"Mean":11.410765966441208,"Sigma":0.9669048006512885,"Taucorr":0.18344605227146127},"Iteration":26},
{"Acceptance":[0.02444703657555915],"Energy":{"Mean":-2893.8306451612907,"Sigma":0.1937617831221563,"Taucorr":1.2927777995401701},"EnergyVariance":{"Mean":10.376560874089488,"Sigma":1.2921819594851882,"Taucorr":0.6566799190638799},"Iteration":27},
{"Acceptance":[0.02305082049786591],"Energy":{"Mean":-2894.2812499999995,"Sigma":0.1902740577953082,"Taucorr":1.0454972204505795},"EnergyVariance":{"Mean":11.607390372983875,"Sigma":1.5862500345650623,"Taucorr":0.34880921181423064},"Iteration":28},
{"Acceptance":[0.02225992594752702],"Energy":{"Mean":-2894.78629032258,"Sigma":0.2103119920936078,"Taucorr":1.7398146786525346},"EnergyVariance":{"Mean":9.78497333506764,"Sigma":1.0494770807650677,"Taucorr":0.17266431343378907},"Iteration":29},
{"Acceptance":[0.021066956514054946],"Energy":{"Mean":-2895.4002016129034,"Sigma":0.1820005510815842,"Taucorr":1.3293840012199878},"EnergyVariance":{"Mean":8.971895120642559,"Sigma":1.3227671716052152,"Taucorr":0.4435462788914868},"Iteration":30},
{"Acceptance":[0.01964864840981593],"Energy":{"Mean":-2895.7933467741927,"Sigma":0.1710201580103588,"Taucorr":1.2117533004770022},"EnergyVariance":{"Mean":8.46636702490895,"Sigma":1.4824391335752078,"Taucorr":0.6575235716879506},"Iteration":31},
{"Acceptance":[0.01952051465585041],"Energy":{"Mean":-2895.7772177419356,"Sigma":0.19934969637251587,"Taucorr":1.4121219584809923},"EnergyVariance":{"Mean":10.29815032355619,"Sigma":1.7678151218863545,"Taucorr":0.6807713516653275},"Iteration":32},
{"Acceptance":[0.018278942763977624],"Energy":{"Mean":-2896.491935483871,"Sigma":0.16507324497125633,"Taucorr":1.6471769161287617},"EnergyVariance":{"Mean":6.288241415192507,"Sigma":1.6227102416614125,"Taucorr":1.440139779645227},"Iteration":33},
{"Acceptance":[0.017187596652616138],"Energy":{"Mean":-2896.7610887096776,"Sigma":0.14451604840208054,"Taucorr":1.0520241496955804},"EnergyVariance":{"Mean":6.667719782453172,"Sigma":1.4303359792406056,"Taucorr":0.8110300139703674},"Iteration":34},
{"Acceptance":[0.0180315120666649],"Energy":{"Mean":-2896.9737903225805,"Sigma":0.13691604350841302,"Taucorr":1.2251049965262213},"EnergyVariance":{"Mean":5.384393697970865,"Sigma":0.6801822211697551,"Taucorr":0.21984455258920688},"Iteration":35},
{"Acceptance":[0.016904818712830165],"Energy":{"Mean":-2897.2620967741937,"Sigma":0.11397698885697548,"Taucorr":0.861539636575672},"EnergyVariance":{"Mean":4.727676248699272,"Sigma":0.5150909717226763,"Taucorr":-0.08930236304488459},"Iteration":36},
{"Acceptance":[0.016361354859804],"Energy":{"Mean":-2897.538306451613,"Sigma":0.15880114691669323,"Taucorr":1.681321932876708},"EnergyVariance":{"Mean":5.728371325442247,"Sigma":2.2518023360274233,"Taucorr":2.4807206638888832},"Iteration":37},
{"Acceptance":[0.016988768413704124],"Energy":{"Mean":-2897.5372983870966,"Sigma":0.13358002334561472,"Taucorr":0.9640860137253355},"EnergyVariance":{"Mean":6.03893141096514,"Sigma":1.5544414400344209,"Taucorr":0.38456511401048854},"Iteration":38},
{"Acceptance":[0.016250894727075103],"Energy":{"Mean":-2897.9082661290327,"Sigma":0.1091316944734452,"Taucorr":0.865011463971995},"EnergyVariance":{"Mean":4.323238122723724,"Sigma":0.6946284679223138,"Taucorr":0.14694610611382974},"Iteration":39},
{"Acceptance":[0.015800217385541212],"Energy":{"Mean":-2898.1401209677415,"Sigma":0.10696383161133395,"Taucorr":0.701273939753678},"EnergyVariance":{"Mean":4.719277404721644,"Sigma":0.6369891448641511,"Taucorr":0.014602654799951709},"Iteration":40},
{"Acceptance":[0.014837005028145242],"Energy":{"Mean":-2898.1239919354844,"Sigma":0.12386483782296723,"Taucorr":1.112183581028064},"EnergyVariance":{"Mean":4.715472774128512,"Sigma":0.8584547059450998,"Taucorr":0.4612026213528291},"Iteration":41},
{"Acceptance":[0.015411397718335499],"Energy":{"Mean":-2898.459677419355,"Sigma":0.1467415570621584,"Taucorr":1.4541229361218608},"EnergyVariance":{"Mean":5.460067637877211,"Sigma":1.1941926875550481,"Taucorr":0.9846004118230618},"Iteration":42},
{"Acceptance":[0.014598411141450827],"Energy":{"Mean":-2898.410282258065,"Sigma":0.13680590586409885,"Taucorr":1.282156138620778},"EnergyVariance":{"Mean":5.203644275169095,"Sigma":1.0966454847212441,"Taucorr":0.4439690580581114},"Iteration":43},
{"Acceptance":[0.01313591898412025],"Energy":{"Mean":-2898.979838709677,"Sigma":0.16636953764910445,"Taucorr":2.293894156191668},"EnergyVariance":{"Mean":4.908867715920915,"Sigma":0.7331790839993713,"Taucorr":0.5828412951413924},"Iteration":44},
{"Acceptance":[0.01324196071153999],"Energy":{"Mean":-2899.642137096774,"Sigma":0.15112452799659112,"Taucorr":2.37113146855759},"EnergyVariance":{"Mean":3.9414905941077,"Sigma":0.4916660515754426,"Taucorr":0.20816542964787133},"Iteration":45},
{"Acceptance":[0.01261896556294902],"Energy":{"Mean":-2899.519153225806,"Sigma":0.20658207534654438,"Taucorr":3.288054257264701},"EnergyVariance":{"Mean":5.582294444263788,"Sigma":1.1612848803595006,"Taucorr":1.02145884309027},"Iteration":46},
{"Acceptance":[0.012194798653270061],"Energy":{"Mean":-2899.21370967742,"Sigma":0.19832705457783004,"Taucorr":4.00600591866067},"EnergyVariance":{"Mean":4.3252959157127995,"Sigma":0.5123098960004191,"Taucorr":0.3398519510258292},"Iteration":47},
{"Acceptance":[0.010065127294256957],"Energy":{"Mean":-2899.9566532258063,"Sigma":0.18053063015565748,"Taucorr":4.902720448040083},"EnergyVariance":{"Mean":2.989048476521853,"Sigma":0.22743358494198576,"Taucorr":0.3682645777948177},"Iteration":48},
{"Acceptance":[0.011337628023293833],"Energy":{"Mean":-2899.779233870968,"Sigma":0.17045592993635592,"Taucorr":1.6282117066225226},"EnergyVariance":{"Mean":6.7647703807882404,"Sigma":1.4562037902413127,"Taucorr":0.08336031173292979},"Iteration":49} 
]}