{"Output": [
{"Acceptance":[0.8864922206506365],"Energy":{"Mean":-624.4838709677418,"Sigma":1.6539678376701188,"Taucorr":0.08002551175989403},"EnergyVariance":{"Mean":290.0561914672216,"Sigma":32.98562099347751,"Taucorr":-0.06097075612559344},"Iteration":0},
{"Acceptance":[0.8714285714285714],"Energy":{"Mean":-624.1935483870968,"Sigma":1.6733083930189825,"Taucorr":0.13942369739391947},"EnergyVariance":{"Mean":269.3012486992716,"Sigma":50.629256536452324,"Taucorr":0.26675606373431704},"Iteration":1},
{"Acceptance":[0.85997171145686],"Energy":{"Mean":-623.7499999999999,"Sigma":1.895913829083967,"Taucorr":0.14094780468699775},"EnergyVariance":{"Mean":344.89717741935493,"Sigma":42.08408417318176,"Taucorr":0.04985461757130094},"Iteration":2},
{"Acceptance":[0.8397454031117397],"Energy":{"Mean":-625.8548387096774,"Sigma":1.6974353754919662,"Taucorr":0.09797148116901999},"EnergyVariance":{"Mean":296.3337669094693,"Sigma":40.46114633119827,"Taucorr":-0.07956253622688486},"Iteration":3},
{"Acceptance":[0.8128005657708628],"Energy":{"Mean":-628.5403225806452,"Sigma":1.8945698001694742,"Taucorr":0.21643595771146285},"EnergyVariance":{"Mean":308.11934183142563,"Sigma":49.208938701334446,"Taucorr":0.1871643297373673},"Iteration":4},
{"Acceptance":[0.7693069306930693],"Energy":{"Mean":-632.2822580645162,"Sigma":1.513813720566635,"Taucorr":0.01610770654992988},"EnergyVariance":{"Mean":273.0735561914673,"Sigma":34.491199849217644,"Taucorr":0.18898977954218665},"Iteration":5},
{"Acceptance":[0.6905940594059405],"Energy":{"Mean":-641.2983870967743,"Sigma":1.5923801821385433,"Taucorr":0.04235364076423864},"EnergyVariance":{"Mean":287.53193288241414,"Sigma":32.10404399927271,"Taucorr":0.02131451892095859},"Iteration":6},
{"Acceptance":[0.602970297029703],"Energy":{"Mean":-647.2338709677418,"Sigma":1.5671757130500912,"Taucorr":0.07424680627166835},"EnergyVariance":{"Mean":263.0340140478669,"Sigma":24.01483956633906,"Taucorr":-0.15259942239350455},"Iteration":7},
{"Acceptance":[0.5164073550212164],"Energy":{"Mean":-659.5887096774195,"Sigma":1.538989176842306,"Taucorr":0.09713279059816327},"EnergyVariance":{"Mean":243.93567898022891,"Sigma":29.811274808415885,"Taucorr":-0.01381361801653258},"Iteration":8},
{"Acceptance":[0.4594059405940594],"Energy":{"Mean":-671.3951612903226,"Sigma":1.5464916153465398,"Taucorr":0.10043575350470568},"EnergyVariance":{"Mean":244.96481529656612,"Sigma":31.54730188084121,"Taucorr":-0.04987552102625803},"Iteration":9},
{"Acceptance":[0.39519094766619517],"Energy":{"Mean":-680.3064516129034,"Sigma":1.6892970191792716,"Taucorr":0.32463849206882656},"EnergyVariance":{"Mean":212.82544224765869,"Sigma":30.781554341374385,"Taucorr":0.1296326289971962},"Iteration":10},
{"Acceptance":[0.3483026874115983],"Energy":{"Mean":-690.6935483870968,"Sigma":1.3437284470599256,"Taucorr":0.10904707651610202},"EnergyVariance":{"Mean":182.32544224765869,"Sigma":22.013549793056875,"Taucorr":-0.006395002288428098},"Iteration":11},
{"Acceptance":[0.3032531824611033],"Energy":{"Mean":-700.2258064516127,"Sigma":1.3687347406086972,"Taucorr":0.163340500068898},"EnergyVariance":{"Mean":173.69094693028094,"Sigma":22.60332374280415,"Taucorr":0.08044688155182977},"Iteration":12},
{"Acceptance":[0.2637199434229137],"Energy":{"Mean":-709.1935483870967,"Sigma":1.2904065832871365,"Taucorr":0.3621170145200523},"EnergyVariance":{"Mean":118.78511966701353,"Sigma":15.554115580098799,"Taucorr":0.0397005340529103},"Iteration":13},
{"Acceptance":[0.23387553041018388],"Energy":{"Mean":-714.7903225806451,"Sigma":1.1474080640071336,"Taucorr":0.3409711020143493},"EnergyVariance":{"Mean":96.27861602497399,"Sigma":9.87473556001932,"Taucorr":-0.10378879722888107},"Iteration":14},
{"Acceptance":[0.2084158415841584],"Energy":{"Mean":-719.3951612903227,"Sigma":1.0627979780483199,"Taucorr":0.23814365236500734},"EnergyVariance":{"Mean":94.10997658688865,"Sigma":9.254282253060671,"Taucorr":-0.12274435604247907},"Iteration":15},
{"Acceptance":[0.19002828854314002],"Energy":{"Mean":-724.4354838709677,"Sigma":0.8501239427295748,"Taucorr":0.32450523359344186},"EnergyVariance":{"Mean":53.907127991675345,"Sigma":6.979030535422024,"Taucorr":0.09303577081835812},"Iteration":16},
{"Acceptance":[0.16485148514851486],"Energy":{"Mean":-728.4435483870967,"Sigma":0.7757852142042081,"Taucorr":0.2687081197533612},"EnergyVariance":{"Mean":48.15003902185224,"Sigma":8.659157276655751,"Taucorr":0.1452322704470711},"Iteration":17},
{"Acceptance":[0.1582036775106082],"Energy":{"Mean":-729.209677419355,"Sigma":0.6560406628937674,"Taucorr":0.2015315268728165},"EnergyVariance":{"Mean":37.7302289281998,"Sigma":4.6337310374178635,"Taucorr":-0.04828649839121074},"Iteration":18},
{"Acceptance":[0.14285714285714285],"Energy":{"Mean":-732.0967741935484,"Sigma":0.5613776041395064,"Taucorr":0.011465598912563935},"EnergyVariance":{"Mean":37.893860561914664,"Sigma":5.543343692832427,"Taucorr":0.010623764811864667},"Iteration":19},
{"Acceptance":[0.1338048090523338],"Energy":{"Mean":-735.7177419354839,"Sigma":0.6084907664326985,"Taucorr":0.3954970369858838},"EnergyVariance":{"Mean":25.428394901144642,"Sigma":2.9628205765392424,"Taucorr":0.027134102006072025},"Iteration":20},
{"Acceptance":[0.12524752475247525],"Energy":{"Mean":-735.8225806451611,"Sigma":0.4365975405537901,"Taucorr":0.014002349693737037},"EnergyVariance":{"Mean":22.807232049947974,"Sigma":2.9699000164077387,"Taucorr":-0.016965055140585217},"Iteration":21},
{"Acceptance":[0.1214992927864215],"Energy":{"Mean":-736.2177419354839,"Sigma":0.48314910311891157,"Taucorr":0.1494279182933801},"EnergyVariance":{"Mean":22.10581425598335,"Sigma":2.2578199417169214,"Taucorr":-0.10980615379150233},"Iteration":22},
{"Acceptance":[0.10912305516265912],"Energy":{"Mean":-737.3225806451612,"Sigma":0.5662071446892828,"Taucorr":0.13188478597988984},"EnergyVariance":{"Mean":31.202393340270543,"Sigma":5.0367063742110245,"Taucorr":0.00802532224062602},"Iteration":23},
{"Acceptance":[0.10671852899575672],"Energy":{"Mean":-739.1612903225806,"Sigma":0.4429174398019905,"Taucorr":0.25148507631979966},"EnergyVariance":{"Mean":16.054630593132156,"Sigma":2.4478436792751994,"Taucorr":0.3145813953347677},"Iteration":24},
{"Acceptance":[0.09582743988684583],"Energy":{"Mean":-740.451612903226,"Sigma":0.42761204826619215,"Taucorr":0.2633560252878461},"EnergyVariance":{"Mean":14.731529656607702,"Sigma":2.044603014742179,"Taucorr":0.1355774896652514},"Iteration":25},
{"Acceptance":[0.09370579915134371],"Energy":{"Mean":-740.4435483870969,"Sigma":0.5548793433483009,"Taucorr":0.46204735076907455},"EnergyVariance":{"Mean":19.68229708636837,"Sigma":3.4745281667682093,"Taucorr":0.19741233914055079},"Iteration":26},
{"Acceptance":[0.08656294200848656],"Energy":{"Mean":-741.4596774193549,"Sigma":0.5431757441238632,"Taucorr":0.4514444046583854},"EnergyVariance":{"Mean":19.07095473465141,"Sigma":3.8838052637434686,"Taucorr":0.19520757490725538},"Iteration":27},
{"Acceptance":[0.08267326732673268],"Energy":{"Mean":-741.9354838709677,"Sigma":0.2996341276877501,"Taucorr":0.07175461990194199},"EnergyVariance":{"Mean":9.657127991675338,"Sigma":1.2598319586091737,"Taucorr":0.14194555633279893},"Iteration":28},
{"Acceptance":[0.07496463932107496],"Energy":{"Mean":-743.1290322580644,"Sigma":0.3800945991018392,"Taucorr":0.18264360809081692},"EnergyVariance":{"Mean":13.0156087408949,"Sigma":1.927058953773497,"Taucorr":0.02189382981306709},"Iteration":29},
{"Acceptance":[0.07050919377652051],"Energy":{"Mean":-744.6854838709677,"Sigma":0.3493403426335523,"Taucorr":0.23238540086690673},"EnergyVariance":{"Mean":10.247853798126952,"Sigma":1.3158473972869829,"Taucorr":-0.05852286260283096},"Iteration":30},
{"Acceptance":[0.07171145685997171],"Energy":{"Mean":-744.7983870967741,"Sigma":0.3394768577395051,"Taucorr":0.23980191029618914},"EnergyVariance":{"Mean":9.580319979188346,"Sigma":1.564691238139516,"Taucorr":-0.001645649164440266},"Iteration":31},
{"Acceptance":[0.06421499292786421],"Energy":{"Mean":-745.5806451612904,"Sigma":0.3441889127077462,"Taucorr":0.48821718419195437},"EnergyVariance":{"Mean":7.372528616024975,"Sigma":1.1018710683524318,"Taucorr":0.18606222894346025},"Iteration":32},
{"Acceptance":[0.06181046676096181],"Energy":{"Mean":-745.7741935483872,"Sigma":0.44831746964624203,"Taucorr":0.3233105766564963},"EnergyVariance":{"Mean":15.01352757544225,"Sigma":3.101673196291655,"Taucorr":-0.04470152755793605},"Iteration":33},
{"Acceptance":[0.05799151343705799],"Energy":{"Mean":-747.0645161290322,"Sigma":0.320443187291682,"Taucorr":0.3043964146066729},"EnergyVariance":{"Mean":7.850676378772113,"Sigma":2.288817775079269,"Taucorr":0.19284223874280837},"Iteration":34},
{"Acceptance":[0.05594059405940594],"Energy":{"Mean":-746.0887096774195,"Sigma":0.4493945130653264,"Taucorr":0.3508792878369996},"EnergyVariance":{"Mean":14.59696930280957,"Sigma":2.693723086358529,"Taucorr":0.1878110235195768},"Iteration":35},
{"Acceptance":[0.04547383309759547],"Energy":{"Mean":-747.3870967741933,"Sigma":0.26761559397658374,"Taucorr":0.15848436527692455},"EnergyVariance":{"Mean":6.688865764828303,"Sigma":0.8930233628600999,"Taucorr":0.002130235653842183},"Iteration":36},
{"Acceptance":[0.0475954738330976],"Energy":{"Mean":-747.233870967742,"Sigma":0.3176982667443044,"Taucorr":0.39478376630073464},"EnergyVariance":{"Mean":6.937239854318418,"Sigma":0.868544951933801,"Taucorr":0.032618070425655565},"Iteration":37},
{"Acceptance":[0.044978783592644976],"Energy":{"Mean":-747.7258064516129,"Sigma":0.3449627607121982,"Taucorr":0.6030917931223738},"EnergyVariance":{"Mean":6.6344953173777315,"Sigma":1.015643692927061,"Taucorr":-0.06790986273309052},"Iteration":38},
{"Acceptance":[0.04512022630834512],"Energy":{"Mean":-747.4516129032259,"Sigma":0.5023358549160484,"Taucorr":0.7555246874605459},"EnergyVariance":{"Mean":12.360561914672218,"Sigma":5.268524454067064,"Taucorr":0.8052257147048294},"Iteration":39},
{"Acceptance":[0.03847241867043847],"Energy":{"Mean":-749.0967741935485,"Sigma":0.17948455895294282,"Taucorr":0.47164455218168244},"EnergyVariance":{"Mean":2.039021852237253,"Sigma":0.41998644821221864,"Taucorr":0.3748308798274711},"Iteration":40},
{"Acceptance":[0.034653465346534656],"Energy":{"Mean":-748.516129032258,"Sigma":0.2948791177222943,"Taucorr":0.21535269348552388},"EnergyVariance":{"Mean":7.4755463059313225,"Sigma":1.7463363803366467,"Taucorr":0.11538967475789641},"Iteration":41},
{"Acceptance":[0.03712871287128713],"Energy":{"Mean":-749.1693548387098,"Sigma":0.18454648596059248,"Taucorr":0.4858725931368144},"EnergyVariance":{"Mean":2.1245447450572317,"Sigma":0.4738652039215676,"Taucorr":0.12397906771493938},"Iteration":42},
{"Acceptance":[0.03323903818953324],"Energy":{"Mean":-748.9274193548385,"Sigma":0.3179642800462922,"Taucorr":0.28967679053744144},"EnergyVariance":{"Mean":7.873764308012487,"Sigma":2.892826547937234,"Taucorr":0.3356865862689775},"Iteration":43},
{"Acceptance":[0.030905233380480904],"Energy":{"Mean":-748.8629032258063,"Sigma":0.3540925684050055,"Taucorr":0.6853179641496807},"EnergyVariance":{"Mean":6.5053980228928205,"Sigma":3.6321161328816927,"Taucorr":0.8760294305031275},"Iteration":44},
{"Acceptance":[0.03154172560113154],"Energy":{"Mean":-749.2258064516128,"Sigma":0.23168238092919638,"Taucorr":0.11124759152215791},"EnergyVariance":{"Mean":5.4006243496357955,"Sigma":1.995784538356581,"Taucorr":-0.016346770116959897},"Iteration":45},
{"Acceptance":[0.0330975954738331],"Energy":{"Mean":-749.3306451612904,"Sigma":0.24794507520640724,"Taucorr":0.520412139509564},"EnergyVariance":{"Mean":3.705189906347555,"Sigma":1.9781371476869343,"Taucorr":0.17604839331631306},"Iteration":46},
{"Acceptance":[0.03189533239038189],"Energy":{"Mean":-749.1290322580644,"Sigma":0.18796839979143712,"Taucorr":0.16375754926892838},"EnergyVariance":{"Mean":3.273673257023933,"Sigma":1.2982457455182683,"Taucorr":0.00013859292435791648},"Iteration":47},
{"Acceptance":[0.029066478076379066],"Energy":{"Mean":-749.7661290322579,"Sigma":0.11236430518377116,"Taucorr":0.6167524085679637},"EnergyVariance":{"Mean":0.6953043704474506,"Sigma":0.19351584283992923,"Taucorr":0.37538834760058026},"Iteration":48},
{"Acceptance":[0.029137199434229138],"Energy":{"Mean":-749.7338709677418,"Sigma":0.08975435703247567,"Taucorr":-0.0353583409575971},"EnergyVariance":{"Mean":1.0662721123829346,"Sigma":0.271822972400281,"Taucorr":-0.055299141056611933},"Iteration":49} 
]}