{"Output": [
{"Acceptance":[0.8550235478806908],"Energy":{"Mean":-510.6451612903226,"Sigma":1.2278562375103454,"Taucorr":0.0014392639072566826},"EnergyVariance":{"Mean":184.9063475546306,"Sigma":20.62344532796827,"Taucorr":0.009340397004879986},"Iteration":0},
{"Acceptance":[0.8482731554160126],"Energy":{"Mean":-512.2258064516128,"Sigma":1.56470456685823,"Taucorr":0.14267334516245822},"EnergyVariance":{"Mean":234.2877211238293,"Sigma":26.077223389779043,"Taucorr":-0.1163388779594578},"Iteration":1},
{"Acceptance":[0.8324960753532182],"Energy":{"Mean":-512.7741935483871,"Sigma":1.156407746502357,"Taucorr":-0.12706761462565203},"EnergyVariance":{"Mean":220.52965660770036,"Sigma":27.74606933831879,"Taucorr":-0.11782251875322658},"Iteration":2},
{"Acceptance":[0.8131868131868132],"Energy":{"Mean":-513.6693548387096,"Sigma":1.4591842569747615,"Taucorr":0.07814368308689423},"EnergyVariance":{"Mean":226.49551248699262,"Sigma":52.91398555368592,"Taucorr":0.3179322568372507},"Iteration":3},
{"Acceptance":[0.7963108320251178],"Energy":{"Mean":-514.8951612903224,"Sigma":1.522579790869084,"Taucorr":0.009104224614191359},"EnergyVariance":{"Mean":280.0454604578564,"Sigma":39.56589441662333,"Taucorr":0.08688269797374193},"Iteration":4},
{"Acceptance":[0.7548665620094192],"Energy":{"Mean":-515.6532258064516,"Sigma":1.614104391442021,"Taucorr":0.11212074230713787},"EnergyVariance":{"Mean":261.7587799167532,"Sigma":28.864145046157514,"Taucorr":-0.003191953253131652},"Iteration":5},
{"Acceptance":[0.6845368916797488],"Energy":{"Mean":-525.2177419354839,"Sigma":1.4089165905299061,"Taucorr":0.024583186964251436},"EnergyVariance":{"Mean":232.7187174817898,"Sigma":25.643423000732504,"Taucorr":-0.1279239685952862},"Iteration":6},
{"Acceptance":[0.5948979591836735],"Energy":{"Mean":-534.2338709677421,"Sigma":1.4887542369174522,"Taucorr":0.13308285348273285},"EnergyVariance":{"Mean":215.30820759625385,"Sigma":23.6884155911048,"Taucorr":-0.049681808161696706},"Iteration":7},
{"Acceptance":[0.4912087912087912],"Energy":{"Mean":-547.8629032258066,"Sigma":1.707228414368624,"Taucorr":0.1948385201917504},"EnergyVariance":{"Mean":257.97313995837675,"Sigma":38.50746942641718,"Taucorr":0.20574582887539483},"Iteration":8},
{"Acceptance":[0.43540031397174256],"Energy":{"Mean":-562.3951612903227,"Sigma":1.3890302853219043,"Taucorr":0.2517071802057659},"EnergyVariance":{"Mean":157.85191207075962,"Sigma":20.67029880598462,"Taucorr":-0.01410464856300947},"Iteration":9},
{"Acceptance":[0.3968602825745683],"Energy":{"Mean":-564.0806451612905,"Sigma":1.2569905120628024,"Taucorr":0.11409474120314844},"EnergyVariance":{"Mean":158.23543184183143,"Sigma":21.921022227044773,"Taucorr":0.06467624325055865},"Iteration":10},
{"Acceptance":[0.3393249607535322],"Energy":{"Mean":-575.8709677419355,"Sigma":1.1479804009827814,"Taucorr":0.1572946466999181},"EnergyVariance":{"Mean":123.30593132154009,"Sigma":16.156892131600618,"Taucorr":0.02621596484633426},"Iteration":11},
{"Acceptance":[0.2953689167974882],"Energy":{"Mean":-580.8790322580643,"Sigma":1.0947007599014238,"Taucorr":0.16554834268826468},"EnergyVariance":{"Mean":110.735366805411,"Sigma":11.662222592397853,"Taucorr":0.010400247079813352},"Iteration":12},
{"Acceptance":[0.2627158555729984],"Energy":{"Mean":-586.1290322580643,"Sigma":0.8735103269928584,"Taucorr":0.03188547140102582},"EnergyVariance":{"Mean":88.22528616024974,"Sigma":13.414604279363317,"Taucorr":-0.05823049903444011},"Iteration":13},
{"Acceptance":[0.23006279434850863],"Energy":{"Mean":-594.4193548387098,"Sigma":0.9780787548258526,"Taucorr":0.40130310457516205},"EnergyVariance":{"Mean":65.27575442247657,"Sigma":14.380376323470655,"Taucorr":0.0070564449170970045},"Iteration":14},
{"Acceptance":[0.20604395604395603],"Energy":{"Mean":-595.991935483871,"Sigma":0.8163717816551228,"Taucorr":0.18895913296244593},"EnergyVariance":{"Mean":59.49187044745057,"Sigma":11.338569048754747,"Taucorr":0.06059982993854429},"Iteration":15},
{"Acceptance":[0.19089481946624803],"Energy":{"Mean":-597.5483870967741,"Sigma":0.8208816525409319,"Taucorr":0.28064430766818993},"EnergyVariance":{"Mean":53.08636836628513,"Sigma":7.183170311667436,"Taucorr":-0.02429065634841615},"Iteration":16},
{"Acceptance":[0.17197802197802198],"Energy":{"Mean":-600.6693548387096,"Sigma":0.6615787464379915,"Taucorr":0.18970672781294506},"EnergyVariance":{"Mean":39.02777055150884,"Sigma":4.452734525144024,"Taucorr":0.011274718374508774},"Iteration":17},
{"Acceptance":[0.16130298273155416],"Energy":{"Mean":-602.0806451612902,"Sigma":0.6366270215912841,"Taucorr":0.16824701320258795},"EnergyVariance":{"Mean":37.299947970863684,"Sigma":5.010851930683816,"Taucorr":-0.05313953051892767},"Iteration":18},
{"Acceptance":[0.14521193092621665],"Energy":{"Mean":-603.2016129032257,"Sigma":0.6166833063911727,"Taucorr":0.2976311884646884},"EnergyVariance":{"Mean":29.32225546305931,"Sigma":3.600500333347528,"Taucorr":-0.04649378520955949},"Iteration":19},
{"Acceptance":[0.1305337519623234],"Energy":{"Mean":-605.5564516129034,"Sigma":0.5605428529342982,"Taucorr":0.3066210584897765},"EnergyVariance":{"Mean":23.95649063475546,"Sigma":6.901142259418987,"Taucorr":0.37196410653956224},"Iteration":20},
{"Acceptance":[0.11985871271585558],"Energy":{"Mean":-606.2983870967743,"Sigma":0.6225402516285047,"Taucorr":0.517749957649601},"EnergyVariance":{"Mean":23.419029656607698,"Sigma":6.822265575371348,"Taucorr":0.44217927406547985},"Iteration":21},
{"Acceptance":[0.1164050235478807],"Energy":{"Mean":-606.4032258064515,"Sigma":0.4725925720539789,"Taucorr":0.32767388271440145},"EnergyVariance":{"Mean":16.595473465140483,"Sigma":1.8925432425164845,"Taucorr":0.030074967417315412},"Iteration":22},
{"Acceptance":[0.1043956043956044],"Energy":{"Mean":-607.2741935483871,"Sigma":0.5352311879531603,"Taucorr":0.40398440941308333},"EnergyVariance":{"Mean":19.489334027055158,"Sigma":3.8595097496358166,"Taucorr":0.487402632763304},"Iteration":23},
{"Acceptance":[0.09984301412872841],"Energy":{"Mean":-608.483870967742,"Sigma":0.4713477992227379,"Taucorr":0.46430846766790324},"EnergyVariance":{"Mean":14.169094693028097,"Sigma":2.087311853580823,"Taucorr":0.1182543891884893},"Iteration":24},
{"Acceptance":[0.09693877551020408],"Energy":{"Mean":-608.6451612903226,"Sigma":0.3580439304360502,"Taucorr":0.08808116971319879},"EnergyVariance":{"Mean":13.406347554630592,"Sigma":1.7497647225630029,"Taucorr":-0.06693874920674803},"Iteration":25},
{"Acceptance":[0.0956828885400314],"Energy":{"Mean":-609.516129032258,"Sigma":0.3975623782581969,"Taucorr":0.28833178615131727},"EnergyVariance":{"Mean":12.33038501560874,"Sigma":1.8849709772756862,"Taucorr":0.21042319139976284},"Iteration":26},
{"Acceptance":[0.08626373626373626],"Energy":{"Mean":-609.7419354838709,"Sigma":0.31162164105383156,"Taucorr":0.05028824488230277},"EnergyVariance":{"Mean":10.852757544224763,"Sigma":1.6146444326254503,"Taucorr":0.0034115225742656907},"Iteration":27},
{"Acceptance":[0.07982731554160126],"Energy":{"Mean":-610.2016129032256,"Sigma":0.3199082855042001,"Taucorr":0.0764239893740647},"EnergyVariance":{"Mean":10.919029656607702,"Sigma":1.7181721102297869,"Taucorr":-0.05195408759766784},"Iteration":28},
{"Acceptance":[0.07558869701726845],"Energy":{"Mean":-610.4758064516129,"Sigma":0.3207339614386309,"Taucorr":0.164298835660868},"EnergyVariance":{"Mean":9.523608220603538,"Sigma":1.9934351646779431,"Taucorr":-0.010880326046126376},"Iteration":29},
{"Acceptance":[0.06789638932496075],"Energy":{"Mean":-611.2338709677422,"Sigma":0.3963773257784315,"Taucorr":0.35083352899742315},"EnergyVariance":{"Mean":11.356594693028097,"Sigma":2.1937601815398518,"Taucorr":0.05289114822149721},"Iteration":30},
{"Acceptance":[0.06773940345368917],"Energy":{"Mean":-611.8870967741937,"Sigma":0.2610047556722379,"Taucorr":0.06320335723028858},"EnergyVariance":{"Mean":7.438865764828304,"Sigma":1.2305408086016862,"Taucorr":0.059757753095445065},"Iteration":31},
{"Acceptance":[0.06373626373626373],"Energy":{"Mean":-611.6209677419356,"Sigma":0.3665941340298574,"Taucorr":0.3011877517825824},"EnergyVariance":{"Mean":10.31601196670135,"Sigma":2.045500646347942,"Taucorr":0.11634215169954931},"Iteration":32},
{"Acceptance":[0.058398744113029824],"Energy":{"Mean":-612.4274193548388,"Sigma":0.332834347296374,"Taucorr":0.39648355598155793},"EnergyVariance":{"Mean":7.599570759625393,"Sigma":2.098346048921946,"Taucorr":0.3445170379982193},"Iteration":33},
{"Acceptance":[0.05620094191522763],"Energy":{"Mean":-612.4354838709677,"Sigma":0.2895973618329,"Taucorr":0.1933096128964551},"EnergyVariance":{"Mean":7.439386056191467,"Sigma":1.6056217655985507,"Taucorr":0.09196332400597984},"Iteration":34},
{"Acceptance":[0.05094191522762952],"Energy":{"Mean":-613.1048387096773,"Sigma":0.2069927384149135,"Taucorr":0.43989839237248374},"EnergyVariance":{"Mean":2.803524973985432,"Sigma":0.3869806323768799,"Taucorr":0.09276062823627662},"Iteration":35},
{"Acceptance":[0.04882260596546311],"Energy":{"Mean":-612.8145161290323,"Sigma":0.35010899645672106,"Taucorr":0.5130406663229099},"EnergyVariance":{"Mean":7.441402185223725,"Sigma":1.9773512452159636,"Taucorr":0.8215165220883729},"Iteration":36},
{"Acceptance":[0.046546310832025116],"Energy":{"Mean":-613.5967741935483,"Sigma":0.3210109659121704,"Taucorr":0.6525370203907792},"EnergyVariance":{"Mean":5.498699271592091,"Sigma":1.6193268022894385,"Taucorr":0.30887334059509597},"Iteration":37},
{"Acceptance":[0.043014128728414446],"Energy":{"Mean":-613.6854838709677,"Sigma":0.1946763725907475,"Taucorr":0.22849070027441265},"EnergyVariance":{"Mean":3.1994667013527573,"Sigma":0.882620294449441,"Taucorr":0.3961566886000507},"Iteration":38},
{"Acceptance":[0.03775510204081633],"Energy":{"Mean":-613.5403225806452,"Sigma":0.24127149026617611,"Taucorr":0.2669755193601825},"EnergyVariance":{"Mean":4.667728928199791,"Sigma":1.1514240486242002,"Taucorr":0.1731057557482838},"Iteration":39},
{"Acceptance":[0.037205651491365774],"Energy":{"Mean":-613.2741935483871,"Sigma":0.3744807944580944,"Taucorr":0.4576970852471268},"EnergyVariance":{"Mean":9.005463059313215,"Sigma":3.9482963980586323,"Taucorr":0.40911366330924603},"Iteration":40},
{"Acceptance":[0.038618524332810045],"Energy":{"Mean":-613.7983870967741,"Sigma":0.21390486116229349,"Taucorr":0.1659478844407638},"EnergyVariance":{"Mean":4.225481269510927,"Sigma":1.1978869574075794,"Taucorr":-0.033090804375488114},"Iteration":41},
{"Acceptance":[0.03642072213500785],"Energy":{"Mean":-613.5806451612904,"Sigma":0.43493095125792225,"Taucorr":0.47064865862128447},"EnergyVariance":{"Mean":11.985431841831423,"Sigma":6.2935425232315065,"Taucorr":0.5928491471900283},"Iteration":42},
{"Acceptance":[0.04010989010989011],"Energy":{"Mean":-613.9354838709678,"Sigma":0.2589701849861449,"Taucorr":0.1716385664661494},"EnergyVariance":{"Mean":6.1409989594172725,"Sigma":2.7557370173460094,"Taucorr":-0.02087785018674554},"Iteration":43},
{"Acceptance":[0.036891679748822605],"Energy":{"Mean":-614.0403225806451,"Sigma":0.3147572827894929,"Taucorr":0.4411132429907445},"EnergyVariance":{"Mean":6.474180541103019,"Sigma":2.868061307118578,"Taucorr":0.6460952100012256},"Iteration":44},
{"Acceptance":[0.03453689167974882],"Energy":{"Mean":-614.3629032258065,"Sigma":0.18177688885618545,"Taucorr":0.19865840842519844},"EnergyVariance":{"Mean":2.9086238293444335,"Sigma":0.5895542299231059,"Taucorr":0.20161011356187875},"Iteration":45},
{"Acceptance":[0.030612244897959183],"Energy":{"Mean":-614.1370967741935,"Sigma":0.19497680785622534,"Taucorr":0.3560257173472988},"EnergyVariance":{"Mean":2.731204474505724,"Sigma":0.5465822476473037,"Taucorr":0.009492679856777375},"Iteration":46},
{"Acceptance":[0.0282574568288854],"Energy":{"Mean":-614.6935483870967,"Sigma":0.1846639193074776,"Taucorr":0.40184864078754734},"EnergyVariance":{"Mean":2.325442247658689,"Sigma":0.9022089775837898,"Taucorr":0.5000754334715194},"Iteration":47},
{"Acceptance":[0.03626373626373627],"Energy":{"Mean":-614.258064516129,"Sigma":0.1709728138829728,"Taucorr":0.07197070021519014},"EnergyVariance":{"Mean":3.143080124869927,"Sigma":0.7626190541030343,"Taucorr":-0.05422958933772565},"Iteration":48},
{"Acceptance":[0.024097331240188383],"Energy":{"Mean":-614.6774193548389,"Sigma":0.15035511208286412,"Taucorr":0.08027687296420905},"EnergyVariance":{"Mean":2.3959417273673256,"Sigma":0.8412086409971943,"Taucorr":-0.038665450888447916},"Iteration":49} 
]}