{"Output": [
{"Acceptance":[0.9254797441364605],"Energy":{"Mean":-2488.137096774193,"Sigma":3.69001920890032,"Taucorr":0.10147974393545933},"EnergyVariance":{"Mean":1392.2312044745056,"Sigma":303.5379649707733,"Taucorr":-0.02158641441450826},"Iteration":0},
{"Acceptance":[0.92181947405828],"Energy":{"Mean":-2491.0241935483873,"Sigma":3.135500741137852,"Taucorr":0.26366199962066494},"EnergyVariance":{"Mean":791.7494146722165,"Sigma":126.96283908450737,"Taucorr":-0.026523070844603536},"Iteration":1},
{"Acceptance":[0.9134683724235964],"Energy":{"Mean":-2492.9112903225805,"Sigma":2.9597557928154163,"Taucorr":-0.06717422786996124},"EnergyVariance":{"Mean":1244.7260015608745,"Sigma":162.21368679855183,"Taucorr":-0.0943443638987762},"Iteration":2},
{"Acceptance":[0.9082444918265814],"Energy":{"Mean":-2489.5,"Sigma":2.999843185865726,"Taucorr":0.03521462608112824},"EnergyVariance":{"Mean":1034.0564516129032,"Sigma":121.60651704518088,"Taucorr":-0.07802998790520221},"Iteration":3},
{"Acceptance":[0.9009950248756219],"Energy":{"Mean":-2491.620967741935,"Sigma":3.602565374925283,"Taucorr":0.07135297479708358},"EnergyVariance":{"Mean":1396.9934313215404,"Sigma":318.5326001095007,"Taucorr":-0.04150813597984476},"Iteration":4},
{"Acceptance":[0.8967661691542289],"Energy":{"Mean":-2495.5806451612907,"Sigma":2.7442115790198423,"Taucorr":-0.053588837802708844},"EnergyVariance":{"Mean":1037.4693028095735,"Sigma":147.69823588565436,"Taucorr":0.17944842026545393},"Iteration":5},
{"Acceptance":[0.8949182658137882],"Energy":{"Mean":-2496.6048387096776,"Sigma":3.0572664672581586,"Taucorr":0.04848099073476697},"EnergyVariance":{"Mean":1048.0454604578563,"Sigma":105.42845178481369,"Taucorr":0.009166419837569717},"Iteration":6},
{"Acceptance":[0.8899431414356788],"Energy":{"Mean":-2495.5,"Sigma":3.5216114651999915,"Taucorr":0.13460437761271382},"EnergyVariance":{"Mean":1201.8629032258066,"Sigma":176.81757306610635,"Taucorr":0.007018967204940441},"Iteration":7},
{"Acceptance":[0.8857498223169865],"Energy":{"Mean":-2494.0080645161283,"Sigma":2.9999884379474486,"Taucorr":-0.0004296320811149057},"EnergyVariance":{"Mean":1107.9434833506764,"Sigma":104.49200959961111,"Taucorr":-0.16491449737691255},"Iteration":8},
{"Acceptance":[0.8872068230277186],"Energy":{"Mean":-2496.5725806451615,"Sigma":3.340694698461925,"Taucorr":0.049614515950702875},"EnergyVariance":{"Mean":1248.7931191467223,"Sigma":184.28191143587244,"Taucorr":-0.012406011827123753},"Iteration":9},
{"Acceptance":[0.8840440653873489],"Energy":{"Mean":-2499.6290322580644,"Sigma":2.886864741081353,"Taucorr":-0.09920655723498123},"EnergyVariance":{"Mean":1278.813995837669,"Sigma":160.10019110034864,"Taucorr":0.1124374218079689},"Iteration":10},
{"Acceptance":[0.864498933901919],"Energy":{"Mean":-2498.451612903225,"Sigma":2.8707230776502284,"Taucorr":-0.08968724358531488},"EnergyVariance":{"Mean":1235.2154006243495,"Sigma":168.02598850936295,"Taucorr":0.0071687118155688845},"Iteration":11},
{"Acceptance":[0.863859275053305],"Energy":{"Mean":-2497.25,"Sigma":3.7866311239434505,"Taucorr":0.265560582855644},"EnergyVariance":{"Mean":1151.8649193548388,"Sigma":145.16157383858214,"Taucorr":0.03651569924638021},"Iteration":12},
{"Acceptance":[0.8519900497512438],"Energy":{"Mean":-2501.7258064516136,"Sigma":3.073743183114116,"Taucorr":-0.05808238357848766},"EnergyVariance":{"Mean":1314.8280437044743,"Sigma":165.28227800650095,"Taucorr":-0.11273162755579696},"Iteration":13},
{"Acceptance":[0.8383795309168444],"Energy":{"Mean":-2505.9193548387098,"Sigma":3.5311286061877563,"Taucorr":0.15675852592942907},"EnergyVariance":{"Mean":1167.6063995837667,"Sigma":157.03267553404314,"Taucorr":0.007370370664211312},"Iteration":14},
{"Acceptance":[0.8284648187633262],"Energy":{"Mean":-2501.4516129032263,"Sigma":3.172280381131302,"Taucorr":0.061634096834597085},"EnergyVariance":{"Mean":1101.9573361082207,"Sigma":125.07219098111983,"Taucorr":-0.1564810048580454},"Iteration":15},
{"Acceptance":[0.8147121535181236],"Energy":{"Mean":-2510.854838709678,"Sigma":3.170041513617385,"Taucorr":0.06735764309724224},"EnergyVariance":{"Mean":1089.301508844953,"Sigma":153.30059428048583,"Taucorr":-0.0389240072047225},"Iteration":16},
{"Acceptance":[0.7944918265813788],"Energy":{"Mean":-2508.6370967741937,"Sigma":2.9257808145786703,"Taucorr":0.0013262714627740868},"EnergyVariance":{"Mean":1050.1183012486995,"Sigma":136.12812943209303,"Taucorr":0.13717829588085428},"Iteration":17},
{"Acceptance":[0.737953091684435],"Energy":{"Mean":-2519.2258064516122,"Sigma":3.8087045683636465,"Taucorr":0.32398387789692384},"EnergyVariance":{"Mean":1082.707075962539,"Sigma":162.0561900022142,"Taucorr":0.211535110791908},"Iteration":18},
{"Acceptance":[0.6869225302061123],"Energy":{"Mean":-2524.483870967742,"Sigma":4.116661260126673,"Taucorr":0.3194135475349348},"EnergyVariance":{"Mean":1271.9271592091568,"Sigma":164.33704034121524,"Taucorr":0.30490672879737},"Iteration":19},
{"Acceptance":[0.5742359630419331],"Energy":{"Mean":-2560.298387096774,"Sigma":4.061860691712133,"Taucorr":0.23736306698015353},"EnergyVariance":{"Mean":1376.0803199791885,"Sigma":151.2903501991763,"Taucorr":-0.08390559993372476},"Iteration":20},
{"Acceptance":[0.4916488983653163],"Energy":{"Mean":-2591.4677419354844,"Sigma":2.430533315062661,"Taucorr":-0.1427590730135993},"EnergyVariance":{"Mean":1016.9908949011449,"Sigma":128.4175068495174,"Taucorr":0.07638913798917446},"Iteration":21},
{"Acceptance":[0.42217484008528783],"Energy":{"Mean":-2628.225806451613,"Sigma":3.6027049806008247,"Taucorr":0.20285572071839197},"EnergyVariance":{"Mean":1135.707075962539,"Sigma":144.7138054593311,"Taucorr":0.01851646009868113},"Iteration":22},
{"Acceptance":[0.34410092395167025],"Energy":{"Mean":-2664.701612903226,"Sigma":2.778140946313888,"Taucorr":0.14970423477195505},"EnergyVariance":{"Mean":730.5803199791884,"Sigma":105.01309490108812,"Taucorr":0.18118370691823704},"Iteration":23},
{"Acceptance":[0.2916133617626155],"Energy":{"Mean":-2694.532258064516,"Sigma":2.3773896279199547,"Taucorr":0.13908920046548412},"EnergyVariance":{"Mean":543.8941207075961,"Sigma":67.87172086503587,"Taucorr":0.04673366445710059},"Iteration":24},
{"Acceptance":[0.25515280739161333],"Energy":{"Mean":-2711.040322580645,"Sigma":2.295744566542843,"Taucorr":0.2301230975274019},"EnergyVariance":{"Mean":443.94192247658697,"Sigma":74.8556643389114,"Taucorr":0.051716358579686816},"Iteration":25},
{"Acceptance":[0.21748400852878466],"Energy":{"Mean":-2732.467741935485,"Sigma":2.1327496871146536,"Taucorr":0.13367251690811055},"EnergyVariance":{"Mean":441.4586368366286,"Sigma":60.64980483631088,"Taucorr":-0.1099542185996063},"Iteration":26},
{"Acceptance":[0.1806680881307747],"Energy":{"Mean":-2749.887096774193,"Sigma":1.6046738987075182,"Taucorr":0.021805002550132846},"EnergyVariance":{"Mean":303.4872528616026,"Sigma":36.8900070284844,"Taucorr":0.028855563249208682},"Iteration":27},
{"Acceptance":[0.1699715707178394],"Energy":{"Mean":-2770.104838709678,"Sigma":1.889905776280627,"Taucorr":0.340743985958755},"EnergyVariance":{"Mean":261.27126690946926,"Sigma":39.90532236181149,"Taucorr":0.0804246981855079},"Iteration":28},
{"Acceptance":[0.1507818052594172],"Energy":{"Mean":-2777.3306451612907,"Sigma":1.7575255660040454,"Taucorr":0.463060411721712},"EnergyVariance":{"Mean":197.2535770031218,"Sigma":24.601564458876194,"Taucorr":0.09045274196122244},"Iteration":29},
{"Acceptance":[0.13230277185501066],"Energy":{"Mean":-2789.564516129032,"Sigma":1.0707478884325388,"Taucorr":-0.09425373089641448},"EnergyVariance":{"Mean":173.7780957336108,"Sigma":18.049682693106703,"Taucorr":-0.13712795702279312},"Iteration":30},
{"Acceptance":[0.11517412935323383],"Energy":{"Mean":-2798.612903225807,"Sigma":1.4772849401220745,"Taucorr":0.25036949395109165},"EnergyVariance":{"Mean":178.86628511966697,"Sigma":19.245229199798533,"Taucorr":-0.049755861985534944},"Iteration":31},
{"Acceptance":[0.10280739161336176],"Energy":{"Mean":-2807.201612903226,"Sigma":1.178002874996417,"Taucorr":0.16323367899242747},"EnergyVariance":{"Mean":128.67709417273673,"Sigma":17.192731839411557,"Taucorr":-0.033399400579905314},"Iteration":32},
{"Acceptance":[0.09548685145700071],"Energy":{"Mean":-2814.0967741935483,"Sigma":1.3158809459414582,"Taucorr":0.27983051638541867},"EnergyVariance":{"Mean":136.5551508844953,"Sigma":19.2002263287128,"Taucorr":0.027689163342631495},"Iteration":33},
{"Acceptance":[0.08606965174129354],"Energy":{"Mean":-2822.5564516129034,"Sigma":0.9350341892877584,"Taucorr":0.05208624513272053},"EnergyVariance":{"Mean":97.39197450572321,"Sigma":10.625962370012337,"Taucorr":-0.1522693557512248},"Iteration":34},
{"Acceptance":[0.0857498223169865],"Energy":{"Mean":-2827.9758064516127,"Sigma":0.8958802692412688,"Taucorr":0.023985681097180023},"EnergyVariance":{"Mean":94.20102757544225,"Sigma":13.841961503206177,"Taucorr":0.1018835744008807},"Iteration":35},
{"Acceptance":[0.0749822316986496],"Energy":{"Mean":-2833.258064516129,"Sigma":1.0992717451812002,"Taucorr":0.23488322288877206},"EnergyVariance":{"Mean":101.12695109261188,"Sigma":10.772681825029725,"Taucorr":-0.09393809650661045},"Iteration":36},
{"Acceptance":[0.07565742714996446],"Energy":{"Mean":-2836.806451612903,"Sigma":1.2401607204537528,"Taucorr":0.40045742051482935},"EnergyVariance":{"Mean":105.04318418314256,"Sigma":19.671221055254403,"Taucorr":0.19722588090012683},"Iteration":37},
{"Acceptance":[0.06293532338308458],"Energy":{"Mean":-2843.806451612903,"Sigma":0.7020237333835809,"Taucorr":0.09007191694102945},"EnergyVariance":{"Mean":51.36576482830385,"Sigma":8.034949287346628,"Taucorr":0.2885409302672379},"Iteration":38},
{"Acceptance":[0.058173418621179813],"Energy":{"Mean":-2847.556451612904,"Sigma":0.5362792059645005,"Taucorr":0.22752567473937757},"EnergyVariance":{"Mean":24.31132934443288,"Sigma":2.6536488967317933,"Taucorr":-0.06532923677098013},"Iteration":39},
{"Acceptance":[0.05490405117270789],"Energy":{"Mean":-2848.2096774193546,"Sigma":0.6765162951523479,"Taucorr":0.19325467255287532},"EnergyVariance":{"Mean":40.60119667013527,"Sigma":5.5904730137137495,"Taucorr":0.009814543513197216},"Iteration":40},
{"Acceptance":[0.04896943852167733],"Energy":{"Mean":-2850.209677419354,"Sigma":0.6421671111805141,"Taucorr":0.3802677676547822},"EnergyVariance":{"Mean":28.81087408949011,"Sigma":3.689352230860654,"Taucorr":-0.08264442905849873},"Iteration":41},
{"Acceptance":[0.046908315565031986],"Energy":{"Mean":-2851.556451612903,"Sigma":0.6457792739171012,"Taucorr":0.2736762700725123},"EnergyVariance":{"Mean":33.15003902185224,"Sigma":3.9628015766371636,"Taucorr":-0.10915601704806893},"Iteration":42},
{"Acceptance":[0.04253731343283582],"Energy":{"Mean":-2852.306451612904,"Sigma":0.5021070760128676,"Taucorr":0.011554257611029461},"EnergyVariance":{"Mean":30.309313215400625,"Sigma":4.814779741822727,"Taucorr":-0.03209102804406355},"Iteration":43},
{"Acceptance":[0.03710021321961621],"Energy":{"Mean":-2854.9596774193556,"Sigma":0.568800942914496,"Taucorr":0.27763346186204685},"EnergyVariance":{"Mean":25.587083766909466,"Sigma":4.1106736721286135,"Taucorr":0.21543052412335295},"Iteration":44},
{"Acceptance":[0.03649609097370291],"Energy":{"Mean":-2855.354838709677,"Sigma":0.44882974978731405,"Taucorr":0.1541696428571564},"EnergyVariance":{"Mean":18.93860561914672,"Sigma":3.6487742721723926,"Taucorr":0.02242035160054312},"Iteration":45},
{"Acceptance":[0.03212508884150675],"Energy":{"Mean":-2856.2580645161293,"Sigma":0.5190567166794435,"Taucorr":0.3193011962952865},"EnergyVariance":{"Mean":20.22372528616025,"Sigma":4.39813539395048,"Taucorr":0.15852355388307648},"Iteration":46},
{"Acceptance":[0.031769722814498934],"Energy":{"Mean":-2856.3709677419356,"Sigma":0.4768668700940329,"Taucorr":0.18681665452967322},"EnergyVariance":{"Mean":20.36238293444329,"Sigma":3.483290323612123,"Taucorr":0.07579578698991851},"Iteration":47},
{"Acceptance":[0.02892679459843639],"Energy":{"Mean":-2857.5241935483878,"Sigma":0.5620568551567633,"Taucorr":0.4648312926532092},"EnergyVariance":{"Mean":20.136511446409994,"Sigma":4.7481816252284785,"Taucorr":0.6383980457969152},"Iteration":48},
{"Acceptance":[0.02700781805259417],"Energy":{"Mean":-2859.709677419355,"Sigma":0.3893917185943688,"Taucorr":0.2773187101530644},"EnergyVariance":{"Mean":11.996357960457855,"Sigma":3.7577348043210517,"Taucorr":-0.03323320320134665},"Iteration":49} 
]}