{"Output": [
{"Acceptance":[0.9335010060362173],"Energy":{"Mean":-302.4596774193548,"Sigma":1.1834486223291154,"Taucorr":0.04798161580795546},"EnergyVariance":{"Mean":157.18385796045783,"Sigma":20.63385207721059,"Taucorr":-0.034542529732696},"Iteration":0},
{"Acceptance":[0.9127766599597585],"Energy":{"Mean":-303.04838709677415,"Sigma":1.2619546280184744,"Taucorr":0.15224592913163482},"EnergyVariance":{"Mean":150.1589490114464,"Sigma":19.266868459660984,"Taucorr":0.026966010381712313},"Iteration":1},
{"Acceptance":[0.8966800804828974],"Energy":{"Mean":-303.7983870967742,"Sigma":0.9294624526677673,"Taucorr":-0.102598572628738},"EnergyVariance":{"Mean":133.69322320499478,"Sigma":22.018602809701083,"Taucorr":0.25971787698160154},"Iteration":2},
{"Acceptance":[0.8805835010060362],"Energy":{"Mean":-304.6209677419355,"Sigma":0.8463926431727339,"Taucorr":-0.2311350031096464},"EnergyVariance":{"Mean":163.86439906347553,"Sigma":20.35659651098979,"Taucorr":0.022192991910900406},"Iteration":3},
{"Acceptance":[0.8605633802816901],"Energy":{"Mean":-304.86290322580646,"Sigma":0.8080441265429215,"Taucorr":-0.1619783828231971},"EnergyVariance":{"Mean":118.79572060353799,"Sigma":15.060666455199543,"Taucorr":0.032272581244960685},"Iteration":4},
{"Acceptance":[0.8416498993963782],"Energy":{"Mean":-305.86290322580646,"Sigma":0.9809912907824677,"Taucorr":-0.08374611140868382},"EnergyVariance":{"Mean":142.18281737773154,"Sigma":15.42986241549291,"Taucorr":-0.08038900685717537},"Iteration":5},
{"Acceptance":[0.8106639839034205],"Energy":{"Mean":-307.6935483870968,"Sigma":1.025135034209062,"Taucorr":-0.0031001302054694535},"EnergyVariance":{"Mean":130.06737773152966,"Sigma":16.172837281079904,"Taucorr":-0.03837203787762167},"Iteration":6},
{"Acceptance":[0.7448692152917505],"Energy":{"Mean":-312.3548387096774,"Sigma":1.573588042369997,"Taucorr":0.4360986113243276},"EnergyVariance":{"Mean":162.68054110301765,"Sigma":18.21303096486574,"Taucorr":-0.002055332642821761},"Iteration":7},
{"Acceptance":[0.6331991951710262],"Energy":{"Mean":-315.46774193548384,"Sigma":1.586728473744954,"Taucorr":0.317409892124616},"EnergyVariance":{"Mean":189.4263787721124,"Sigma":19.367004540764068,"Taucorr":-0.09919557808726448},"Iteration":8},
{"Acceptance":[0.4518108651911469],"Energy":{"Mean":-329.64516129032256,"Sigma":1.3508148772004935,"Taucorr":0.22845181483820742},"EnergyVariance":{"Mean":154.05150884495316,"Sigma":19.82134776786261,"Taucorr":0.016614774810667643},"Iteration":9},
{"Acceptance":[0.35020120724346077],"Energy":{"Mean":-338.20161290322585,"Sigma":1.4136631358537541,"Taucorr":0.5158759366383849},"EnergyVariance":{"Mean":120.98354578563996,"Sigma":15.234641591497528,"Taucorr":0.06605531829188016},"Iteration":10},
{"Acceptance":[0.2590543259557344],"Energy":{"Mean":-344.9435483870968,"Sigma":1.2778462684042413,"Taucorr":0.521645018780762},"EnergyVariance":{"Mean":98.29520031217481,"Sigma":14.210460574534814,"Taucorr":0.06464549453190982},"Iteration":11},
{"Acceptance":[0.19014084507042253],"Energy":{"Mean":-352.5403225806452,"Sigma":0.8625338371260025,"Taucorr":0.34845898816035004},"EnergyVariance":{"Mean":53.92579344432883,"Sigma":8.337804597700982,"Taucorr":0.24541978061965442},"Iteration":12},
{"Acceptance":[0.16448692152917505],"Energy":{"Mean":-356.48387096774195,"Sigma":0.750083820035753,"Taucorr":0.269064111756132},"EnergyVariance":{"Mean":44.99167533818938,"Sigma":5.5675879652877915,"Taucorr":-0.03139282342565708},"Iteration":13},
{"Acceptance":[0.13601609657947686],"Energy":{"Mean":-357.83064516129036,"Sigma":0.8097513139394334,"Taucorr":0.5235195074241283},"EnergyVariance":{"Mean":39.398738293444325,"Sigma":5.139490770615538,"Taucorr":0.07451441827605598},"Iteration":14},
{"Acceptance":[0.11398390342052314],"Energy":{"Mean":-361.27419354838713,"Sigma":0.641984787645708,"Taucorr":0.3704775710035646},"EnergyVariance":{"Mean":29.118366285119667,"Sigma":4.374775562421944,"Taucorr":0.132230801963522},"Iteration":15},
{"Acceptance":[0.10201207243460765],"Energy":{"Mean":-362.37903225806457,"Sigma":0.44568887234600807,"Taucorr":0.12410464795611598},"EnergyVariance":{"Mean":19.574076482830385,"Sigma":2.8003115691066305,"Taucorr":-0.049709563265519785},"Iteration":16},
{"Acceptance":[0.079476861167002],"Energy":{"Mean":-364.28225806451616,"Sigma":0.3151083478716034,"Taucorr":0.04746511804183695},"EnergyVariance":{"Mean":11.154201352757545,"Sigma":1.3408642127314971,"Taucorr":-0.07761053511033439},"Iteration":17},
{"Acceptance":[0.07253521126760563],"Energy":{"Mean":-365.4193548387097,"Sigma":0.40748822411479735,"Taucorr":0.4406312901370689},"EnergyVariance":{"Mean":10.85639958376691,"Sigma":1.5551248740613646,"Taucorr":0.15087446303366359},"Iteration":18},
{"Acceptance":[0.06297786720321931],"Energy":{"Mean":-366.5403225806452,"Sigma":0.3989395846870998,"Taucorr":0.4217046477587998},"EnergyVariance":{"Mean":10.619341831425599,"Sigma":2.35246812993424,"Taucorr":0.36352590203390367},"Iteration":19},
{"Acceptance":[0.05593561368209256],"Energy":{"Mean":-367.491935483871,"Sigma":0.27956472286370176,"Taucorr":0.24225025358789587},"EnergyVariance":{"Mean":6.475741415192506,"Sigma":1.1174446473470157,"Taucorr":0.020860630891561427},"Iteration":20},
{"Acceptance":[0.04607645875251509],"Energy":{"Mean":-367.32258064516134,"Sigma":0.3348474111617197,"Taucorr":0.38965899174329965},"EnergyVariance":{"Mean":7.750780437044744,"Sigma":1.689256301513487,"Taucorr":0.23481107051516925},"Iteration":21},
{"Acceptance":[0.035211267605633804],"Energy":{"Mean":-368.6451612903227,"Sigma":0.31060429168729636,"Taucorr":0.7989677070281294},"EnergyVariance":{"Mean":4.567637877211238,"Sigma":1.3775001839381251,"Taucorr":1.1436230978834094},"Iteration":22},
{"Acceptance":[0.0317907444668008],"Energy":{"Mean":-369.3467741935484,"Sigma":0.21114047054125198,"Taucorr":0.17711013668706244},"EnergyVariance":{"Mean":4.049102497398545,"Sigma":0.8316585124940968,"Taucorr":0.22216161608350138},"Iteration":23},
{"Acceptance":[0.023943661971830985],"Energy":{"Mean":-369.7822580645161,"Sigma":0.15015311875020393,"Taucorr":0.153446532013366},"EnergyVariance":{"Mean":2.121943288241415,"Sigma":0.37289459614285814,"Taucorr":0.3082282197116255},"Iteration":24},
{"Acceptance":[0.025251509054325955],"Energy":{"Mean":-370.19354838709677,"Sigma":0.2027067103127749,"Taucorr":0.31739523729383945},"EnergyVariance":{"Mean":3.0915712799167534,"Sigma":0.9396867857395867,"Taucorr":0.24918480501612705},"Iteration":25},
{"Acceptance":[0.025553319919517103],"Energy":{"Mean":-370.4596774193548,"Sigma":0.15471825511837808,"Taucorr":0.184221503491232},"EnergyVariance":{"Mean":2.1515998959417275,"Sigma":0.2442280971038007,"Taucorr":-0.06646167847132861},"Iteration":26},
{"Acceptance":[0.0210261569416499],"Energy":{"Mean":-371.04838709677415,"Sigma":0.1272218422903093,"Taucorr":0.15062489372555077},"EnergyVariance":{"Mean":1.5299167533818938,"Sigma":0.1897965557214869,"Taucorr":-0.015565465789275867},"Iteration":27},
{"Acceptance":[0.01670020120724346],"Energy":{"Mean":-371.14516129032256,"Sigma":0.13104942100501862,"Taucorr":0.14393735130847618},"EnergyVariance":{"Mean":1.6402185223725285,"Sigma":0.3336369870700963,"Taucorr":0.33628793252055256},"Iteration":28},
{"Acceptance":[0.010462776659959759],"Energy":{"Mean":-371.24999999999994,"Sigma":0.18257418583505236,"Taucorr":0.44410399257194066},"EnergyVariance":{"Mean":2.171370967741935,"Sigma":0.6327673777018756,"Taucorr":0.39970730374290986},"Iteration":29},
{"Acceptance":[0.009054325955734407],"Energy":{"Mean":-371.5725806451613,"Sigma":0.11546629889739056,"Taucorr":0.2682347206142288},"EnergyVariance":{"Mean":1.0673126951092609,"Sigma":0.2713407399016998,"Taucorr":0.23599392428985366},"Iteration":30},
{"Acceptance":[0.006438631790744467],"Energy":{"Mean":-371.8709677419355,"Sigma":0.07039726723482388,"Taucorr":0.13055705059204492},"EnergyVariance":{"Mean":0.48335067637877216,"Sigma":0.18746164722325953,"Taucorr":-0.018467802935377142},"Iteration":31},
{"Acceptance":[0.005432595573440644],"Energy":{"Mean":-371.76612903225805,"Sigma":0.09625758165291451,"Taucorr":0.3009598683608996},"EnergyVariance":{"Mean":0.7114334027055151,"Sigma":0.4024975535118716,"Taucorr":0.31409902626331976},"Iteration":32},
{"Acceptance":[0.005734406438631791],"Energy":{"Mean":-371.9516129032258,"Sigma":0.03157887130234103,"Taucorr":0.05470588235295015},"EnergyVariance":{"Mean":0.11056191467221645,"Sigma":0.046944583906168555,"Taucorr":-0.02682203261683186},"Iteration":33},
{"Acceptance":[0.004728370221327968],"Energy":{"Mean":-371.87096774193543,"Sigma":0.06229371089385144,"Taucorr":0.06979813664595536},"EnergyVariance":{"Mean":0.41883454734651404,"Sigma":0.2822931800007463,"Taucorr":-0.00044524979188648173},"Iteration":34},
{"Acceptance":[0.004627766599597585],"Energy":{"Mean":-371.92741935483883,"Sigma":0.08613064313261112,"Taucorr":0.6701584653877839},"EnergyVariance":{"Mean":0.38989334027055145,"Sigma":0.15535546022526164,"Taucorr":0.6080516854026321},"Iteration":35},
{"Acceptance":[0.004225352112676056],"Energy":{"Mean":-371.93548387096774,"Sigma":0.04485301852605166,"Taucorr":0.21411411411411163},"EnergyVariance":{"Mean":0.1732570239334027,"Sigma":0.07864274662806525,"Taucorr":0.2649171945950155},"Iteration":36},
{"Acceptance":[0.005533199195171026],"Energy":{"Mean":-371.8709677419354,"Sigma":0.07678955299508361,"Taucorr":0.4005167958656214},"EnergyVariance":{"Mean":0.40270551508844954,"Sigma":0.23085074300872757,"Taucorr":0.1581480283750104},"Iteration":37},
{"Acceptance":[0.005331991951710261],"Energy":{"Mean":-371.9596774193548,"Sigma":0.026173465472340476,"Taucorr":0.09376718606784584},"EnergyVariance":{"Mean":0.07095473465140478,"Sigma":0.0353465455908732,"Taucorr":0.009823845264660402},"Iteration":38},
{"Acceptance":[0.0032193158953722333],"Energy":{"Mean":-371.91129032258067,"Sigma":0.0710410178888556,"Taucorr":-0.006728682170542899},"EnergyVariance":{"Mean":0.6292273673257025,"Sigma":0.4252140173309656,"Taucorr":-0.013472626853607395},"Iteration":39},
{"Acceptance":[0.004627766599597585],"Energy":{"Mean":-371.9274193548387,"Sigma":0.059334966285253005,"Taucorr":-0.005980115744181613},"EnergyVariance":{"Mean":0.43828043704474506,"Sigma":0.29088554393877675,"Taucorr":-0.014401348117555501},"Iteration":40},
{"Acceptance":[0.006237424547283702],"Energy":{"Mean":-371.9516129032258,"Sigma":0.04085667783217969,"Taucorr":0.4285294117647175},"EnergyVariance":{"Mean":0.11056191467221646,"Sigma":0.05551194320645695,"Taucorr":0.20794105036645794},"Iteration":41},
{"Acceptance":[0.00482897384305835],"Energy":{"Mean":-371.9032258064516,"Sigma":0.06727952778907821,"Taucorr":0.04933264887063815},"EnergyVariance":{"Mean":0.5067637877211238,"Sigma":0.30611012681743244,"Taucorr":-0.010639027212438201},"Iteration":42},
{"Acceptance":[0.004024144869215292],"Energy":{"Mean":-371.9274193548387,"Sigma":0.06679444916402784,"Taucorr":0.08312370421561766},"EnergyVariance":{"Mean":0.47053850156087396,"Sigma":0.1922927857933209,"Taucorr":-0.02405108023610697},"Iteration":43},
{"Acceptance":[0.005130784708249497],"Energy":{"Mean":-371.991935483871,"Sigma":0.06505154177313746,"Taucorr":0.10897884644652422},"EnergyVariance":{"Mean":0.4273543184183144,"Sigma":0.29407379970742475,"Taucorr":-0.00044113871152090534},"Iteration":44},
{"Acceptance":[0.002716297786720322],"Energy":{"Mean":-371.98387096774195,"Sigma":0.019863390539689472,"Taucorr":0.2583333333333273},"EnergyVariance":{"Mean":0.03199791883454735,"Sigma":0.018781004836400002,"Taucorr":0.21726054617223756},"Iteration":45},
{"Acceptance":[0.003923541247484909],"Energy":{"Mean":-371.98387096774195,"Sigma":0.025755999068825114,"Taucorr":0.7750000000000326},"EnergyVariance":{"Mean":0.03199791883454735,"Sigma":0.02458617554778553,"Taucorr":0.7291963158884271},"Iteration":46},
{"Acceptance":[0.0035211267605633804],"Energy":{"Mean":-371.90322580645153,"Sigma":0.07484519808729095,"Taucorr":0.34029187817260786},"EnergyVariance":{"Mean":0.4099895941727367,"Sigma":0.19261843995805009,"Taucorr":0.3619888216944174},"Iteration":47},
{"Acceptance":[0.006237424547283702],"Energy":{"Mean":-371.98387096774195,"Sigma":0.025755999068825062,"Taucorr":0.13491902834009073},"EnergyVariance":{"Mean":0.06425598335067638,"Sigma":0.03676071120219692,"Taucorr":0.02156628900815205},"Iteration":48},
{"Acceptance":[0.004426559356136821],"Energy":{"Mean":-371.991935483871,"Sigma":0.008064516129032381,"Taucorr":1.532107773982716e-14},"EnergyVariance":{"Mean":0.007999479708636837,"Sigma":0.007934443288241532,"Taucorr":-2.220446049250313e-16},"Iteration":49},
{"Acceptance":[0.0032193158953722333],"Energy":{"Mean":-371.91129032258067,"Sigma":0.07562320565433209,"Taucorr":0.27845112998416677},"EnergyVariance":{"Mean":0.4518080124869928,"Sigma":0.27249044863656696,"Taucorr":0.29686584274614736},"Iteration":50},
{"Acceptance":[0.004627766599597585],"Energy":{"Mean":-371.991935483871,"Sigma":0.05247102498909505,"Taucorr":-0.17694503040078952},"EnergyVariance":{"Mean":0.5241285119667013,"Sigma":0.25875004360564596,"Taucorr":0.044380609068075505},"Iteration":51},
{"Acceptance":[0.0032193158953722333],"Energy":{"Mean":-371.96774193548384,"Sigma":0.032258064516128976,"Taucorr":2.4424906541753444e-15},"EnergyVariance":{"Mean":0.12799167533818934,"Sigma":0.12695109261186088,"Taucorr":0.0},"Iteration":52},
{"Acceptance":[0.003420523138832998],"Energy":{"Mean":-372.0241935483871,"Sigma":0.0523055008385104,"Taucorr":0.33697832416694096},"EnergyVariance":{"Mean":0.20102757544224764,"Sigma":0.09689970354765312,"Taucorr":0.2901214810839179},"Iteration":53},
{"Acceptance":[0.004426559356136821],"Energy":{"Mean":-372.0403225806452,"Sigma":0.023465755744942873,"Taucorr":0.3751260504202535},"EnergyVariance":{"Mean":0.03869667013527576,"Sigma":0.021573356088090037,"Taucorr":0.3751260504201682},"Iteration":54},
{"Acceptance":[0.004225352112676056],"Energy":{"Mean":-371.99193548387103,"Sigma":0.047069884797015085,"Taucorr":0.04517304189439575},"EnergyVariance":{"Mean":0.24993496357960465,"Sigma":0.2025369462495588,"Taucorr":-0.004671699972226495},"Iteration":55},
{"Acceptance":[0.003822937625754527],"Energy":{"Mean":-372.1209677419355,"Sigma":0.06229371089385325,"Taucorr":0.44892681665376044},"EnergyVariance":{"Mean":0.2514958376690946,"Sigma":0.11984505730639333,"Taucorr":0.6715695094152523},"Iteration":56},
{"Acceptance":[0.0036217303822937627],"Energy":{"Mean":-372.12903225806446,"Sigma":0.0684613615832338,"Taucorr":0.7794745958429872},"EnergyVariance":{"Mean":0.22528616024973985,"Sigma":0.11883172641050924,"Taucorr":0.8349886187962527},"Iteration":57},
{"Acceptance":[0.00482897384305835],"Energy":{"Mean":-372.00806451612897,"Sigma":0.07556585016207922,"Taucorr":0.13117475160723213},"EnergyVariance":{"Mean":0.5563865764828305,"Sigma":0.24692836840959523,"Taucorr":-0.015361736313502572},"Iteration":58},
{"Acceptance":[0.004024144869215292],"Energy":{"Mean":-372.03225806451616,"Sigma":0.0981974198437078,"Taucorr":0.2670255720053972},"EnergyVariance":{"Mean":0.7731529656607701,"Sigma":0.295958082065866,"Taucorr":-0.011265300232026987},"Iteration":59},
{"Acceptance":[0.004225352112676056],"Energy":{"Mean":-372.09677419354836,"Sigma":0.053978066228005106,"Taucorr":0.47288135593221303},"EnergyVariance":{"Mean":0.1841831425598335,"Sigma":0.09750876479897994,"Taucorr":0.4728813559322037},"Iteration":60},
{"Acceptance":[0.0035211267605633804],"Energy":{"Mean":-371.87096774193543,"Sigma":0.0989670900428533,"Taucorr":-0.0018341222031066917},"EnergyVariance":{"Mean":1.2091571279916757,"Sigma":0.9537861465324032,"Taucorr":-0.0067368671188320906},"Iteration":61},
{"Acceptance":[0.006740442655935613],"Energy":{"Mean":-372.14516129032256,"Sigma":0.0553267342244631,"Taucorr":0.06402961808260554},"EnergyVariance":{"Mean":0.3337669094693027,"Sigma":0.09809674784350905,"Taucorr":-0.015055249874947385},"Iteration":62},
{"Acceptance":[0.004225352112676056],"Energy":{"Mean":-372.1612903225806,"Sigma":0.06302029360039736,"Taucorr":0.3235964912280558},"EnergyVariance":{"Mean":0.29656607700312176,"Sigma":0.10571146023293033,"Taucorr":0.3235964912280703},"Iteration":63},
{"Acceptance":[0.0058350100603621734],"Energy":{"Mean":-372.38709677419354,"Sigma":0.11525958878160554,"Taucorr":0.5844613259668578},"EnergyVariance":{"Mean":0.7533818938605618,"Sigma":0.1482723888807096,"Taucorr":0.47094826191898165},"Iteration":64},
{"Acceptance":[0.007847082494969819],"Energy":{"Mean":-372.16129032258067,"Sigma":0.06085014544912199,"Taucorr":0.1306556195965375},"EnergyVariance":{"Mean":0.36108220603537977,"Sigma":0.11314381401919767,"Taucorr":0.34457923046275085},"Iteration":65},
{"Acceptance":[0.009054325955734407],"Energy":{"Mean":-372.35483870967744,"Sigma":0.11106413043072005,"Taucorr":0.35216978375220576},"EnergyVariance":{"Mean":0.8902185223725287,"Sigma":0.15989060949283876,"Taucorr":0.3450760595468634},"Iteration":66},
{"Acceptance":[0.011267605633802818],"Energy":{"Mean":-372.41935483870964,"Sigma":0.10132661496249079,"Taucorr":0.33123287671231183},"EnergyVariance":{"Mean":0.7596253902185225,"Sigma":0.11272698040724101,"Taucorr":0.09610160535798418},"Iteration":67},
{"Acceptance":[0.01096579476861167],"Energy":{"Mean":-372.6209677419355,"Sigma":0.12955204445850624,"Taucorr":0.3579436726309626},"EnergyVariance":{"Mean":1.203108740894901,"Sigma":0.2257878665161192,"Taucorr":0.16569388111186134},"Iteration":68},
{"Acceptance":[0.0158953722334004],"Energy":{"Mean":-373.0080645161291,"Sigma":0.10400829097931728,"Taucorr":0.18183030060654104},"EnergyVariance":{"Mean":0.9757414151925078,"Sigma":0.017680818042469938,"Taucorr":0.30590998742543773},"Iteration":69},
{"Acceptance":[0.012072434607645875],"Energy":{"Mean":-373.19354838709677,"Sigma":0.10087631987341364,"Taucorr":0.08192428640540472},"EnergyVariance":{"Mean":1.0754422476586887,"Sigma":0.08948217361859856,"Taucorr":0.004308896534917395},"Iteration":70},
{"Acceptance":[0.011770623742454729],"Energy":{"Mean":-373.4032258064516,"Sigma":0.09395536242460342,"Taucorr":0.08114731272626285},"EnergyVariance":{"Mean":0.9341831425598334,"Sigma":0.09881390956061005,"Taucorr":0.13113605357984592},"Iteration":71},
{"Acceptance":[0.006338028169014085],"Energy":{"Mean":-373.68548387096774,"Sigma":0.0927244022697072,"Taucorr":0.4539246744104105},"EnergyVariance":{"Mean":0.5543054110301769,"Sigma":0.1244873197720551,"Taucorr":0.428340029370176},"Iteration":72},
{"Acceptance":[0.005030181086519115],"Energy":{"Mean":-373.7580645161291,"Sigma":0.06906039020787542,"Taucorr":0.09877854487517768},"EnergyVariance":{"Mean":0.48985431841831434,"Sigma":0.14166397845320086,"Taucorr":0.020076738610209532},"Iteration":73},
{"Acceptance":[0.00482897384305835],"Energy":{"Mean":-373.85483870967744,"Sigma":0.05284155860346484,"Taucorr":0.178417266187051},"EnergyVariance":{"Mean":0.25312174817898025,"Sigma":0.08814478934025706,"Taucorr":0.17432392784284945},"Iteration":74},
{"Acceptance":[0.004225352112676056],"Energy":{"Mean":-373.88709677419354,"Sigma":0.07131513215946568,"Taucorr":0.5095088161209171},"EnergyVariance":{"Mean":0.30983350676378774,"Sigma":0.11722269485976189,"Taucorr":0.4668267823711667},"Iteration":75},
{"Acceptance":[0.003118712273641851],"Energy":{"Mean":-373.9354838709678,"Sigma":0.043328797222494816,"Taucorr":0.16640390390396564},"EnergyVariance":{"Mean":0.1732570239334027,"Sigma":0.0939304128221865,"Taucorr":0.09063437670259877},"Iteration":76},
{"Acceptance":[0.003722334004024145],"Energy":{"Mean":-373.9193548387097,"Sigma":0.04080358271185072,"Taucorr":-0.03309608540924219},"EnergyVariance":{"Mean":0.2193028095733611,"Sigma":0.13062111295485043,"Taucorr":-0.01938940656546395},"Iteration":77},
{"Acceptance":[0.002012072434607646],"Energy":{"Mean":-373.9758064516129,"Sigma":0.024193548387096607,"Taucorr":-5.88418203051333e-15},"EnergyVariance":{"Mean":0.07199531737773152,"Sigma":0.07140998959417381,"Taucorr":0.0},"Iteration":78},
{"Acceptance":[0.002716297786720322],"Energy":{"Mean":-373.991935483871,"Sigma":0.008064516129031921,"Taucorr":-3.2085445411667024e-14},"EnergyVariance":{"Mean":0.007999479708636839,"Sigma":0.007934443288241534,"Taucorr":0.0},"Iteration":79},
{"Acceptance":[0.0030181086519114686],"Energy":{"Mean":-373.9758064516129,"Sigma":0.03351062804784342,"Taucorr":1.2379705400982035},"EnergyVariance":{"Mean":0.03973725286160249,"Sigma":0.03156735019195761,"Taucorr":1.177063487470391},"Iteration":80},
{"Acceptance":[0.0032193158953722333],"Energy":{"Mean":-373.991935483871,"Sigma":0.027149206823554154,"Taucorr":0.011371973587679607},"EnergyVariance":{"Mean":0.08864464099895944,"Sigma":0.07254245243995966,"Taucorr":-0.0059171651278703274},"Iteration":81},
{"Acceptance":[0.003722334004024145],"Energy":{"Mean":-374.0241935483871,"Sigma":0.013494516557003377,"Taucorr":-0.02561983471063256},"EnergyVariance":{"Mean":0.023608220603537983,"Sigma":0.012841556078437235,"Taucorr":-0.025619834710744027},"Iteration":82},
{"Acceptance":[0.0022132796780684103],"Energy":{"Mean":-374.0161290322581,"Sigma":0.01121325463151415,"Taucorr":-0.012704918032710955},"EnergyVariance":{"Mean":0.01586888657648283,"Sigma":0.01085153674017294,"Taucorr":-0.012704918032787005},"Iteration":83},
{"Acceptance":[0.003420523138832998],"Energy":{"Mean":-373.9112903225806,"Sigma":0.058599684272855175,"Taucorr":0.22693082605776727},"EnergyVariance":{"Mean":0.2905176899063477,"Sigma":0.16230380453626445,"Taucorr":0.22186455991365495},"Iteration":84},
{"Acceptance":[0.002012072434607646],"Energy":{"Mean":-374.008064516129,"Sigma":0.00806451612903243,"Taucorr":5.551115123125783e-15},"EnergyVariance":{"Mean":0.007999479708636839,"Sigma":0.007934443288241534,"Taucorr":0.0},"Iteration":85},
{"Acceptance":[0.004426559356136821],"Energy":{"Mean":-373.9354838709678,"Sigma":0.08029493845732735,"Taucorr":0.7452410130718816},"EnergyVariance":{"Mean":0.3184183142559833,"Sigma":0.21736374830141958,"Taucorr":0.7442290614726943},"Iteration":86},
{"Acceptance":[0.002012072434607646],"Energy":{"Mean":-374.0,"Sigma":0.011593472394004397,"Taucorr":0.012500000000010392},"EnergyVariance":{"Mean":0.01612903225806452,"Sigma":0.011213254631513016,"Taucorr":-0.012704918032786783},"Iteration":87},
{"Acceptance":[0.0026156941649899397],"Energy":{"Mean":-374.0241935483871,"Sigma":0.013494516557000551,"Taucorr":-0.025619834710778944},"EnergyVariance":{"Mean":0.023608220603537983,"Sigma":0.012841556078437235,"Taucorr":-0.025619834710744027},"Iteration":88},
{"Acceptance":[0.0028169014084507044],"Energy":{"Mean":-373.91129032258067,"Sigma":0.09737715385886118,"Taucorr":0.5039973127309307},"EnergyVariance":{"Mean":0.5808402705515088,"Sigma":0.5632389904771855,"Taucorr":0.5073301507819361},"Iteration":89},
{"Acceptance":[0.003118712273641851],"Energy":{"Mean":-373.96774193548384,"Sigma":0.0552875371000081,"Taucorr":0.4010286783042333},"EnergyVariance":{"Mean":0.20863683662851198,"Sigma":0.14448234473195956,"Taucorr":0.4404151876460053},"Iteration":90},
{"Acceptance":[0.002112676056338028],"Energy":{"Mean":-374.0241935483872,"Sigma":0.026827903118011243,"Taucorr":0.6139116202946402},"EnergyVariance":{"Mean":0.03973725286160249,"Sigma":0.02512667042918325,"Taucorr":0.562534730018994},"Iteration":91},
{"Acceptance":[0.0032193158953722333],"Energy":{"Mean":-374.008064516129,"Sigma":0.008064516129032875,"Taucorr":5.6621374255882984e-14},"EnergyVariance":{"Mean":0.007999479708636839,"Sigma":0.007934443288241532,"Taucorr":-2.220446049250313e-16},"Iteration":92},
{"Acceptance":[0.005231388329979879],"Energy":{"Mean":-373.89516129032256,"Sigma":0.10025115875525989,"Taucorr":0.8297607387715129},"EnergyVariance":{"Mean":0.46481529656607695,"Sigma":0.37023204614733807,"Taucorr":0.918223662796851},"Iteration":93},
{"Acceptance":[0.0019114688128772635],"Energy":{"Mean":-374.008064516129,"Sigma":0.008064516129032858,"Taucorr":6.039613253960852e-14},"EnergyVariance":{"Mean":0.007999479708636839,"Sigma":0.007934443288241534,"Taucorr":0.0},"Iteration":94},
{"Acceptance":[0.004124748490945674],"Energy":{"Mean":-373.88709677419354,"Sigma":0.06744044533008357,"Taucorr":-0.07916829745595588},"EnergyVariance":{"Mean":0.6646722164412069,"Sigma":0.3470681136224758,"Taucorr":-0.006805423886113049},"Iteration":95},
{"Acceptance":[0.0026156941649899397],"Energy":{"Mean":-373.9838709677419,"Sigma":0.03465553197738244,"Taucorr":0.6494939271254632},"EnergyVariance":{"Mean":0.06425598335067638,"Sigma":0.032244914688550605,"Taucorr":0.5756378555848098},"Iteration":96},
{"Acceptance":[0.0028169014084507044],"Energy":{"Mean":-374.008064516129,"Sigma":0.029520976157617673,"Taucorr":0.4505190311418533},"EnergyVariance":{"Mean":0.05638657648283038,"Sigma":0.03965387406271425,"Taucorr":0.1388650347171866},"Iteration":97},
{"Acceptance":[0.002012072434607646],"Energy":{"Mean":-374.0241935483871,"Sigma":0.01779074420190697,"Taucorr":0.3245179063360524},"EnergyVariance":{"Mean":0.023608220603537976,"Sigma":0.016929901740525992,"Taucorr":0.3245179063360877},"Iteration":98},
{"Acceptance":[0.0032193158953722333],"Energy":{"Mean":-374.0241935483871,"Sigma":0.024193548387096947,"Taucorr":1.024793388429767},"EnergyVariance":{"Mean":0.023608220603537983,"Sigma":0.023022892819980253,"Taucorr":1.0247933884297515},"Iteration":99} 
]}