{"Output": [
{"Acceptance":[0.0018387553041018388],"Energy":{"Mean":-702.8951612903224,"Sigma":0.05885807783470213,"Taucorr":0.6176731490958429},"EnergyVariance":{"Mean":0.19062174817898023,"Sigma":0.09665702792660363,"Taucorr":0.695128361083462},"Iteration":0},
{"Acceptance":[0.001272984441301273],"Energy":{"Mean":-702.9758064516127,"Sigma":0.09585133447789532,"Taucorr":0.011685022675074874},"EnergyVariance":{"Mean":1.1042533818938602,"Sigma":0.844709075067441,"Taucorr":-0.008477143566485712},"Iteration":1},
{"Acceptance":[0.0026874115983026876],"Energy":{"Mean":-703.3467741935483,"Sigma":0.13099978420467667,"Taucorr":0.2517394728308744},"EnergyVariance":{"Mean":1.4039412070759625,"Sigma":0.5097208145129425,"Taucorr":0.1717924579638821},"Iteration":2},
{"Acceptance":[0.014214992927864215],"Energy":{"Mean":-708.5887096774194,"Sigma":0.06912314386935302,"Taucorr":0.03564908120921806},"EnergyVariance":{"Mean":0.5485822060353797,"Sigma":0.1734883379818234,"Taucorr":-0.025496629813520355},"Iteration":3},
{"Acceptance":[0.007142857142857143],"Energy":{"Mean":-709.0967741935485,"Sigma":0.1596692731711577,"Taucorr":0.20739436619719365},"EnergyVariance":{"Mean":2.2164412070759627,"Sigma":0.5150328699557057,"Taucorr":-0.0493235213482105},"Iteration":4},
{"Acceptance":[0.00586987270155587],"Energy":{"Mean":-712.9596774193548,"Sigma":0.04032258064516207,"Taucorr":2.3314683517128287e-14},"EnergyVariance":{"Mean":0.19998699271592096,"Sigma":0.1983610822060292,"Taucorr":2.220446049250313e-16},"Iteration":5},
{"Acceptance":[0.005445544554455445],"Energy":{"Mean":-712.983870967742,"Sigma":0.016129032258065716,"Taucorr":6.039613253960852e-14},"EnergyVariance":{"Mean":0.031997918834547355,"Sigma":0.03173777315296613,"Taucorr":-2.220446049250313e-16},"Iteration":6},
{"Acceptance":[0.006435643564356435],"Energy":{"Mean":-713.0,"Sigma":0.0,"Taucorr":null},"EnergyVariance":{"Mean":0.0,"Sigma":0.0,"Taucorr":null},"Iteration":7},
{"Acceptance":[0.005516265912305516],"Energy":{"Mean":-713.0,"Sigma":0.0,"Taucorr":null},"EnergyVariance":{"Mean":0.0,"Sigma":0.0,"Taucorr":null},"Iteration":8},
{"Acceptance":[0.006435643564356435],"Energy":{"Mean":-712.9274193548388,"Sigma":0.07258064516128922,"Taucorr":-1.1435297153639112e-14},"EnergyVariance":{"Mean":0.6479578563995834,"Sigma":0.642689906347564,"Taucorr":-3.3306690738754696e-16},"Iteration":9},
{"Acceptance":[0.00876944837340877],"Energy":{"Mean":-712.9919354838709,"Sigma":0.014122500576950501,"Taucorr":0.008355795148235035},"EnergyVariance":{"Mean":0.02412851196670135,"Sigma":0.013423702026383698,"Taucorr":-0.02561070557143652},"Iteration":10},
{"Acceptance":[0.008345120226308345],"Energy":{"Mean":-712.9516129032259,"Sigma":0.02698903311400094,"Taucorr":-0.025619834710772282},"EnergyVariance":{"Mean":0.0944328824141519,"Sigma":0.051366224313748945,"Taucorr":-0.025619834710743916},"Iteration":11},
{"Acceptance":[0.007425742574257425],"Energy":{"Mean":-713.0,"Sigma":0.0,"Taucorr":null},"EnergyVariance":{"Mean":0.0,"Sigma":0.0,"Taucorr":null},"Iteration":12},
{"Acceptance":[0.00785007072135785],"Energy":{"Mean":-712.7983870967741,"Sigma":0.1421888013180234,"Taucorr":0.32028146050541817},"EnergyVariance":{"Mean":1.515803850156088,"Sigma":1.0810106639688162,"Taucorr":0.3243083729163826},"Iteration":13},
{"Acceptance":[0.006506364922206506],"Energy":{"Mean":-712.9516129032259,"Sigma":0.033639763894537385,"Taucorr":-0.012704918032824808},"EnergyVariance":{"Mean":0.14281997918834546,"Sigma":0.09766383066156793,"Taucorr":-0.012704918032787005},"Iteration":14},
{"Acceptance":[0.011810466760961811],"Energy":{"Mean":-713.0,"Sigma":0.0,"Taucorr":null},"EnergyVariance":{"Mean":0.0,"Sigma":0.0,"Taucorr":null},"Iteration":15},
{"Acceptance":[0.00891089108910891],"Energy":{"Mean":-712.983870967742,"Sigma":0.016129032258064318,"Taucorr":-1.7763568394002505e-15},"EnergyVariance":{"Mean":0.031997918834547355,"Sigma":0.03173777315296614,"Taucorr":2.220446049250313e-16},"Iteration":16},
{"Acceptance":[0.008203677510608205],"Energy":{"Mean":-712.983870967742,"Sigma":0.01612903225806502,"Taucorr":3.885780586188048e-14},"EnergyVariance":{"Mean":0.03199791883454735,"Sigma":0.03173777315296613,"Taucorr":-2.220446049250313e-16},"Iteration":17},
{"Acceptance":[0.010183875530410185],"Energy":{"Mean":-713.0,"Sigma":0.0,"Taucorr":null},"EnergyVariance":{"Mean":0.0,"Sigma":0.0,"Taucorr":null},"Iteration":18},
{"Acceptance":[0.010113154172560113],"Energy":{"Mean":-713.0,"Sigma":0.0,"Taucorr":null},"EnergyVariance":{"Mean":0.0,"Sigma":0.0,"Taucorr":null},"Iteration":19},
{"Acceptance":[0.008486562942008486],"Energy":{"Mean":-712.9758064516129,"Sigma":0.0439250931138967,"Taucorr":0.046421084157011294},"EnergyVariance":{"Mean":0.2171566077003122,"Sigma":0.19981413968796197,"Taucorr":-0.00032606584030397956},"Iteration":20},
{"Acceptance":[0.004243281471004243],"Energy":{"Mean":-713.0,"Sigma":0.0,"Taucorr":null},"EnergyVariance":{"Mean":0.0,"Sigma":0.0,"Taucorr":null},"Iteration":21},
{"Acceptance":[0.006082036775106082],"Energy":{"Mean":-713.0080645161291,"Sigma":0.008064516129034869,"Taucorr":2.3092638912203256e-13},"EnergyVariance":{"Mean":0.007999479708636839,"Sigma":0.007934443288239699,"Taucorr":-2.220446049250313e-16},"Iteration":22},
{"Acceptance":[0.006577086280056577],"Energy":{"Mean":-713.016129032258,"Sigma":0.01612903225806502,"Taucorr":0.5081967213115408},"EnergyVariance":{"Mean":0.01586888657648283,"Sigma":0.015608740894901618,"Taucorr":0.5081967213114753},"Iteration":23},
{"Acceptance":[0.005586987270155587],"Energy":{"Mean":-712.9354838709676,"Sigma":0.06451612903225949,"Taucorr":1.509903313490213e-14},"EnergyVariance":{"Mean":0.5119667013527573,"Sigma":0.5078043704474288,"Taucorr":0.0},"Iteration":24},
{"Acceptance":[0.006506364922206506],"Energy":{"Mean":-713.0,"Sigma":0.0,"Taucorr":null},"EnergyVariance":{"Mean":0.0,"Sigma":0.0,"Taucorr":null},"Iteration":25},
{"Acceptance":[0.0072842998585572845],"Energy":{"Mean":-713.0241935483872,"Sigma":0.013494516557003063,"Taucorr":-0.025619834710630895},"EnergyVariance":{"Mean":0.023608220603537986,"Sigma":0.01284155607843417,"Taucorr":-0.025619834710743805},"Iteration":26},
{"Acceptance":[0.007637906647807638],"Energy":{"Mean":-712.8145161290321,"Sigma":0.1939847232149778,"Taucorr":1.5390751246346945},"EnergyVariance":{"Mean":1.1349505723204996,"Sigma":1.0891776292831217,"Taucorr":1.5493453781048392},"Iteration":27},
{"Acceptance":[0.007142857142857143],"Energy":{"Mean":-713.0080645161291,"Sigma":0.008064516129032985,"Taucorr":5.240252676230739e-14},"EnergyVariance":{"Mean":0.007999479708636837,"Sigma":0.007934443288239699,"Taucorr":-2.220446049250313e-16},"Iteration":28},
{"Acceptance":[0.009123055162659124],"Energy":{"Mean":-712.983870967742,"Sigma":0.03654332358702473,"Taucorr":-0.13587081891579667},"EnergyVariance":{"Mean":0.2255463059313215,"Sigma":0.2087461427058586,"Taucorr":0.04132871578912467},"Iteration":29},
{"Acceptance":[0.011598302687411598],"Energy":{"Mean":-713.1290322580646,"Sigma":0.03822501246849835,"Taucorr":0.2995949074073121},"EnergyVariance":{"Mean":0.11238293444328824,"Sigma":0.028360493121783407,"Taucorr":0.29959490740740724},"Iteration":30},
{"Acceptance":[0.008345120226308345],"Energy":{"Mean":-713.8387096774194,"Sigma":0.04106837188058099,"Taucorr":0.18509450171833353},"EnergyVariance":{"Mean":0.15140478668054108,"Sigma":0.035788898628260776,"Taucorr":0.05607532491358347},"Iteration":31},
{"Acceptance":[0.0049504950495049506],"Energy":{"Mean":-714.0,"Sigma":0.0,"Taucorr":null},"EnergyVariance":{"Mean":0.0,"Sigma":0.0,"Taucorr":null},"Iteration":32},
{"Acceptance":[0.005445544554455445],"Energy":{"Mean":-713.983870967742,"Sigma":0.011213254631513313,"Taucorr":-0.012704918032775292},"EnergyVariance":{"Mean":0.015868886576482832,"Sigma":0.010851536740174215,"Taucorr":-0.012704918032786894},"Iteration":33},
{"Acceptance":[0.0049504950495049506],"Energy":{"Mean":-714.0,"Sigma":0.0,"Taucorr":null},"EnergyVariance":{"Mean":0.0,"Sigma":0.0,"Taucorr":null},"Iteration":34},
{"Acceptance":[0.0036775106082036777],"Energy":{"Mean":-714.0,"Sigma":0.0,"Taucorr":null},"EnergyVariance":{"Mean":0.0,"Sigma":0.0,"Taucorr":null},"Iteration":35},
{"Acceptance":[0.005374823196605375],"Energy":{"Mean":-714.0,"Sigma":0.0,"Taucorr":null},"EnergyVariance":{"Mean":0.0,"Sigma":0.0,"Taucorr":null},"Iteration":36},
{"Acceptance":[0.005657708628005658],"Energy":{"Mean":-714.0,"Sigma":0.0,"Taucorr":null},"EnergyVariance":{"Mean":0.0,"Sigma":0.0,"Taucorr":null},"Iteration":37},
{"Acceptance":[0.005657708628005658],"Energy":{"Mean":-714.0,"Sigma":0.0,"Taucorr":null},"EnergyVariance":{"Mean":0.0,"Sigma":0.0,"Taucorr":null},"Iteration":38},
{"Acceptance":[0.004809052333804809],"Energy":{"Mean":-714.0,"Sigma":0.0,"Taucorr":null},"EnergyVariance":{"Mean":0.0,"Sigma":0.0,"Taucorr":null},"Iteration":39},
{"Acceptance":[0.005233380480905233],"Energy":{"Mean":-714.0,"Sigma":0.0,"Taucorr":null},"EnergyVariance":{"Mean":0.0,"Sigma":0.0,"Taucorr":null},"Iteration":40},
{"Acceptance":[0.004738330975954739],"Energy":{"Mean":-713.8548387096774,"Sigma":0.14516129032257996,"Taucorr":0.49570257845292476},"EnergyVariance":{"Mean":1.301508844953174,"Sigma":1.2804370447450626,"Taucorr":0.459656779464543},"Iteration":41},
{"Acceptance":[0.0018387553041018388],"Energy":{"Mean":-714.0,"Sigma":0.0,"Taucorr":null},"EnergyVariance":{"Mean":0.0,"Sigma":0.0,"Taucorr":null},"Iteration":42},
{"Acceptance":[0.0026874115983026876],"Energy":{"Mean":-714.0,"Sigma":0.0,"Taucorr":null},"EnergyVariance":{"Mean":0.0,"Sigma":0.0,"Taucorr":null},"Iteration":43},
{"Acceptance":[0.0026166902404526167],"Energy":{"Mean":-713.983870967742,"Sigma":0.01612903225806475,"Taucorr":2.19824158875781e-14},"EnergyVariance":{"Mean":0.03199791883454735,"Sigma":0.03173777315296614,"Taucorr":0.0},"Iteration":44},
{"Acceptance":[0.0024045261669024044],"Energy":{"Mean":-713.983870967742,"Sigma":0.016129032258064488,"Taucorr":0.5081967213115257},"EnergyVariance":{"Mean":0.01586888657648283,"Sigma":0.015608740894901618,"Taucorr":0.5081967213114753},"Iteration":45},
{"Acceptance":[0.0031117397454031117],"Energy":{"Mean":-714.0,"Sigma":0.0,"Taucorr":null},"EnergyVariance":{"Mean":0.0,"Sigma":0.0,"Taucorr":null},"Iteration":46},
{"Acceptance":[0.003253182461103253],"Energy":{"Mean":-713.983870967742,"Sigma":0.016129032258064283,"Taucorr":0.5081967213114076},"EnergyVariance":{"Mean":0.01586888657648283,"Sigma":0.015608740894901618,"Taucorr":0.5081967213114753},"Iteration":47},
{"Acceptance":[0.0036775106082036777],"Energy":{"Mean":-714.0,"Sigma":0.0,"Taucorr":null},"EnergyVariance":{"Mean":0.0,"Sigma":0.0,"Taucorr":null},"Iteration":48},
{"Acceptance":[0.0029702970297029703],"Energy":{"Mean":-714.0,"Sigma":0.0,"Taucorr":null},"EnergyVariance":{"Mean":0.0,"Sigma":0.0,"Taucorr":null},"Iteration":49},
{"Acceptance":[0.0021216407355021216],"Energy":{"Mean":-714.0,"Sigma":0.0,"Taucorr":null},"EnergyVariance":{"Mean":0.0,"Sigma":0.0,"Taucorr":null},"Iteration":50},
{"Acceptance":[0.003536067892503536],"Energy":{"Mean":-713.9919354838709,"Sigma":0.00806451612903346,"Taucorr":1.2723155862204294e-13},"EnergyVariance":{"Mean":0.007999479708636839,"Sigma":0.007934443288239699,"Taucorr":-2.220446049250313e-16},"Iteration":51},
{"Acceptance":[0.0031117397454031117],"Energy":{"Mean":-713.9677419354839,"Sigma":0.03225806451612902,"Taucorr":0.50819672131148},"EnergyVariance":{"Mean":0.06347554630593132,"Sigma":0.06243496357960647,"Taucorr":0.5081967213114753},"Iteration":52},
{"Acceptance":[0.0019094766619519095],"Energy":{"Mean":-713.991935483871,"Sigma":0.008064516129032443,"Taucorr":2.55351295663786e-14},"EnergyVariance":{"Mean":0.007999479708636837,"Sigma":0.007934443288241532,"Taucorr":-2.220446049250313e-16},"Iteration":53},
{"Acceptance":[0.0031824611032531826],"Energy":{"Mean":-714.0,"Sigma":0.0,"Taucorr":null},"EnergyVariance":{"Mean":0.0,"Sigma":0.0,"Taucorr":null},"Iteration":54},
{"Acceptance":[0.0033946251768033945],"Energy":{"Mean":-713.9758064516128,"Sigma":0.024193548387096656,"Taucorr":-1.1324274851176597e-14},"EnergyVariance":{"Mean":0.07199531737773154,"Sigma":0.07140998959416829,"Taucorr":-2.220446049250313e-16},"Iteration":55},
{"Acceptance":[0.0015558698727015559],"Energy":{"Mean":-713.9919354838709,"Sigma":0.00806451612903539,"Taucorr":2.744471316873387e-13},"EnergyVariance":{"Mean":0.007999479708636839,"Sigma":0.0079344432882397,"Taucorr":0.0},"Iteration":56},
{"Acceptance":[0.0024045261669024044],"Energy":{"Mean":-714.0,"Sigma":0.0,"Taucorr":null},"EnergyVariance":{"Mean":0.0,"Sigma":0.0,"Taucorr":null},"Iteration":57},
{"Acceptance":[0.0014144271570014145],"Energy":{"Mean":-713.5806451612902,"Sigma":0.29154462041933665,"Taucorr":0.4908333333333269},"EnergyVariance":{"Mean":5.275754422476586,"Sigma":3.545558770906105,"Taucorr":0.4908333333333331},"Iteration":58},
{"Acceptance":[0.00014144271570014144],"Energy":{"Mean":-714.0,"Sigma":0.0,"Taucorr":null},"EnergyVariance":{"Mean":0.0,"Sigma":0.0,"Taucorr":null},"Iteration":59},
{"Acceptance":[0.0],"Energy":{"Mean":-714.0,"Sigma":0.0,"Taucorr":null},"EnergyVariance":{"Mean":0.0,"Sigma":0.0,"Taucorr":null},"Iteration":60},
{"Acceptance":[0.00014144271570014144],"Energy":{"Mean":-713.9596774193546,"Sigma":0.04032258064516163,"Taucorr":6.8833827526759706e-15},"EnergyVariance":{"Mean":0.1999869927159209,"Sigma":0.19836108220602,"Taucorr":2.220446049250313e-16},"Iteration":61},
{"Acceptance":[0.0],"Energy":{"Mean":-714.0,"Sigma":0.0,"Taucorr":null},"EnergyVariance":{"Mean":0.0,"Sigma":0.0,"Taucorr":null},"Iteration":62},
{"Acceptance":[0.0],"Energy":{"Mean":-714.0,"Sigma":0.0,"Taucorr":null},"EnergyVariance":{"Mean":0.0,"Sigma":0.0,"Taucorr":null},"Iteration":63},
{"Acceptance":[0.0],"Energy":{"Mean":-714.0,"Sigma":0.0,"Taucorr":null},"EnergyVariance":{"Mean":0.0,"Sigma":0.0,"Taucorr":null},"Iteration":64},
{"Acceptance":[0.0],"Energy":{"Mean":-714.0,"Sigma":0.0,"Taucorr":null},"EnergyVariance":{"Mean":0.0,"Sigma":0.0,"Taucorr":null},"Iteration":65},
{"Acceptance":[0.0],"Energy":{"Mean":-714.0,"Sigma":0.0,"Taucorr":null},"EnergyVariance":{"Mean":0.0,"Sigma":0.0,"Taucorr":null},"Iteration":66},
{"Acceptance":[0.0],"Energy":{"Mean":-714.0,"Sigma":0.0,"Taucorr":null},"EnergyVariance":{"Mean":0.0,"Sigma":0.0,"Taucorr":null},"Iteration":67},
{"Acceptance":[0.0],"Energy":{"Mean":-714.0,"Sigma":0.0,"Taucorr":null},"EnergyVariance":{"Mean":0.0,"Sigma":0.0,"Taucorr":null},"Iteration":68},
{"Acceptance":[0.0],"Energy":{"Mean":-714.0,"Sigma":0.0,"Taucorr":null},"EnergyVariance":{"Mean":0.0,"Sigma":0.0,"Taucorr":null},"Iteration":69},
{"Acceptance":[0.0],"Energy":{"Mean":-714.0,"Sigma":0.0,"Taucorr":null},"EnergyVariance":{"Mean":0.0,"Sigma":0.0,"Taucorr":null},"Iteration":70},
{"Acceptance":[0.0],"Energy":{"Mean":-714.0,"Sigma":0.0,"Taucorr":null},"EnergyVariance":{"Mean":0.0,"Sigma":0.0,"Taucorr":null},"Iteration":71},
{"Acceptance":[0.00014144271570014144],"Energy":{"Mean":-714.0,"Sigma":0.0,"Taucorr":null},"EnergyVariance":{"Mean":0.0,"Sigma":0.0,"Taucorr":null},"Iteration":72},
{"Acceptance":[0.0],"Energy":{"Mean":-714.0,"Sigma":0.0,"Taucorr":null},"EnergyVariance":{"Mean":0.0,"Sigma":0.0,"Taucorr":null},"Iteration":73},
{"Acceptance":[0.0],"Energy":{"Mean":-714.0,"Sigma":0.0,"Taucorr":null},"EnergyVariance":{"Mean":0.0,"Sigma":0.0,"Taucorr":null},"Iteration":74},
{"Acceptance":[0.0],"Energy":{"Mean":-714.0,"Sigma":0.0,"Taucorr":null},"EnergyVariance":{"Mean":0.0,"Sigma":0.0,"Taucorr":null},"Iteration":75},
{"Acceptance":[0.0002828854314002829],"Energy":{"Mean":-713.9274193548388,"Sigma":0.05819131912856261,"Taucorr":-0.006686180865744518},"EnergyVariance":{"Mean":0.42215140478668073,"Sigma":0.3871258894261591,"Taucorr":-0.001939333270446597},"Iteration":76},
{"Acceptance":[0.00014144271570014144],"Energy":{"Mean":-714.0,"Sigma":0.0,"Taucorr":null},"EnergyVariance":{"Mean":0.0,"Sigma":0.0,"Taucorr":null},"Iteration":77},
{"Acceptance":[0.0],"Energy":{"Mean":-714.0,"Sigma":0.0,"Taucorr":null},"EnergyVariance":{"Mean":0.0,"Sigma":0.0,"Taucorr":null},"Iteration":78},
{"Acceptance":[0.0],"Energy":{"Mean":-714.0,"Sigma":0.0,"Taucorr":null},"EnergyVariance":{"Mean":0.0,"Sigma":0.0,"Taucorr":null},"Iteration":79},
{"Acceptance":[0.0],"Energy":{"Mean":-714.0,"Sigma":0.0,"Taucorr":null},"EnergyVariance":{"Mean":0.0,"Sigma":0.0,"Taucorr":null},"Iteration":80},
{"Acceptance":[0.0],"Energy":{"Mean":-714.0,"Sigma":0.0,"Taucorr":null},"EnergyVariance":{"Mean":0.0,"Sigma":0.0,"Taucorr":null},"Iteration":81},
{"Acceptance":[0.00014144271570014144],"Energy":{"Mean":-714.0,"Sigma":0.0,"Taucorr":null},"EnergyVariance":{"Mean":0.0,"Sigma":0.0,"Taucorr":null},"Iteration":82},
{"Acceptance":[0.0],"Energy":{"Mean":-714.0,"Sigma":0.0,"Taucorr":null},"EnergyVariance":{"Mean":0.0,"Sigma":0.0,"Taucorr":null},"Iteration":83},
{"Acceptance":[0.0],"Energy":{"Mean":-714.0,"Sigma":0.0,"Taucorr":null},"EnergyVariance":{"Mean":0.0,"Sigma":0.0,"Taucorr":null},"Iteration":84},
{"Acceptance":[0.0],"Energy":{"Mean":-714.0,"Sigma":0.0,"Taucorr":null},"EnergyVariance":{"Mean":0.0,"Sigma":0.0,"Taucorr":null},"Iteration":85},
{"Acceptance":[0.0],"Energy":{"Mean":-714.0,"Sigma":0.0,"Taucorr":null},"EnergyVariance":{"Mean":0.0,"Sigma":0.0,"Taucorr":null},"Iteration":86},
{"Acceptance":[0.00014144271570014144],"Energy":{"Mean":-713.8790322580646,"Sigma":0.12096774193548308,"Taucorr":1.0247933884297469},"EnergyVariance":{"Mean":0.5902055150884495,"Sigma":0.5755723204995064,"Taucorr":1.0247933884297518},"Iteration":87},
{"Acceptance":[0.0],"Energy":{"Mean":-714.0,"Sigma":0.0,"Taucorr":null},"EnergyVariance":{"Mean":0.0,"Sigma":0.0,"Taucorr":null},"Iteration":88},
{"Acceptance":[0.0],"Energy":{"Mean":-714.0,"Sigma":0.0,"Taucorr":null},"EnergyVariance":{"Mean":0.0,"Sigma":0.0,"Taucorr":null},"Iteration":89},
{"Acceptance":[0.0],"Energy":{"Mean":-714.0,"Sigma":0.0,"Taucorr":null},"EnergyVariance":{"Mean":0.0,"Sigma":0.0,"Taucorr":null},"Iteration":90},
{"Acceptance":[0.00014144271570014144],"Energy":{"Mean":-713.9677419354838,"Sigma":0.03225806451613056,"Taucorr":0.5081967213115355},"EnergyVariance":{"Mean":0.06347554630593132,"Sigma":0.06243496357959914,"Taucorr":0.5081967213114753},"Iteration":91},
{"Acceptance":[0.0],"Energy":{"Mean":-714.0,"Sigma":0.0,"Taucorr":null},"EnergyVariance":{"Mean":0.0,"Sigma":0.0,"Taucorr":null},"Iteration":92},
{"Acceptance":[0.0002828854314002829],"Energy":{"Mean":-714.0403225806451,"Sigma":0.06965426736028947,"Taucorr":0.4068788298082754},"EnergyVariance":{"Mean":0.3290192507804371,"Sigma":0.26122319124270893,"Taucorr":0.4231741176014303},"Iteration":93},
{"Acceptance":[0.0],"Energy":{"Mean":-714.0,"Sigma":0.0,"Taucorr":null},"EnergyVariance":{"Mean":0.0,"Sigma":0.0,"Taucorr":null},"Iteration":94},
{"Acceptance":[0.0],"Energy":{"Mean":-714.0,"Sigma":0.0,"Taucorr":null},"EnergyVariance":{"Mean":0.0,"Sigma":0.0,"Taucorr":null},"Iteration":95},
{"Acceptance":[0.0],"Energy":{"Mean":-714.0,"Sigma":0.0,"Taucorr":null},"EnergyVariance":{"Mean":0.0,"Sigma":0.0,"Taucorr":null},"Iteration":96},
{"Acceptance":[0.00014144271570014144],"Energy":{"Mean":-714.0,"Sigma":0.0,"Taucorr":null},"EnergyVariance":{"Mean":0.0,"Sigma":0.0,"Taucorr":null},"Iteration":97},
{"Acceptance":[0.0],"Energy":{"Mean":-714.0,"Sigma":0.0,"Taucorr":null},"EnergyVariance":{"Mean":0.0,"Sigma":0.0,"Taucorr":null},"Iteration":98},
{"Acceptance":[0.0],"Energy":{"Mean":-714.0,"Sigma":0.0,"Taucorr":null},"EnergyVariance":{"Mean":0.0,"Sigma":0.0,"Taucorr":null},"Iteration":99} 
]}