{"Output": [
{"Acceptance":[0.9065934065934066],"Energy":{"Mean":-510.3306451612903,"Sigma":1.2374307353687486,"Taucorr":-0.10126276541108836},"EnergyVariance":{"Mean":236.1729318418314,"Sigma":27.458936547254137,"Taucorr":-0.1060206435280403},"Iteration":0},
{"Acceptance":[0.8729199372056515],"Energy":{"Mean":-511.7258064516129,"Sigma":1.476853439062838,"Taucorr":0.04583450219286889},"EnergyVariance":{"Mean":245.74739854318418,"Sigma":29.36574347190014,"Taucorr":-0.011768307514087972},"Iteration":1},
{"Acceptance":[0.7841444270015698],"Energy":{"Mean":-514.9838709677421,"Sigma":1.6743613564978104,"Taucorr":0.21393197425470478},"EnergyVariance":{"Mean":241.4997398543184,"Sigma":31.797085310143828,"Taucorr":-0.02705907502714433},"Iteration":2},
{"Acceptance":[0.6339089481946625],"Energy":{"Mean":-529.8306451612902,"Sigma":1.8525769286181168,"Taucorr":0.24733489320713287},"EnergyVariance":{"Mean":282.4309963579604,"Sigma":37.72439302287125,"Taucorr":0.07175258569836285},"Iteration":3},
{"Acceptance":[0.41554160125588696],"Energy":{"Mean":-547.9999999999998,"Sigma":1.6180268083960117,"Taucorr":0.20752533843646115},"EnergyVariance":{"Mean":227.56451612903226,"Sigma":26.31885993232542,"Taucorr":0.028001857208960645},"Iteration":4},
{"Acceptance":[0.2781789638932496],"Energy":{"Mean":-559.3790322580644,"Sigma":1.170646302040648,"Taucorr":0.04501520992983654},"EnergyVariance":{"Mean":154.6385926118627,"Sigma":21.50443381912403,"Taucorr":-0.0681562372752425},"Iteration":5},
{"Acceptance":[0.19489795918367347],"Energy":{"Mean":-572.1048387096774,"Sigma":1.187738328859737,"Taucorr":0.2886273818947309},"EnergyVariance":{"Mean":110.0132023933403,"Sigma":15.402987444240981,"Taucorr":-0.024711274901064673},"Iteration":6},
{"Acceptance":[0.14905808477237048],"Energy":{"Mean":-580.5645161290323,"Sigma":0.9355557072900262,"Taucorr":0.2353912627811674},"EnergyVariance":{"Mean":73.1974505723205,"Sigma":8.25167207381566,"Taucorr":0.10306386733250528},"Iteration":7},
{"Acceptance":[0.1108320251177394],"Energy":{"Mean":-587.8709677419356,"Sigma":0.7204642103948938,"Taucorr":0.3931577989664471},"EnergyVariance":{"Mean":35.741415192507795,"Sigma":4.859631749628193,"Taucorr":0.062393097570103806},"Iteration":8},
{"Acceptance":[0.09654631083202511],"Energy":{"Mean":-590.7016129032261,"Sigma":0.6915794758010733,"Taucorr":0.2652980901182598},"EnergyVariance":{"Mean":38.43515868886577,"Sigma":5.746209611770456,"Taucorr":0.07164453770447132},"Iteration":9},
{"Acceptance":[0.07982731554160126],"Energy":{"Mean":-594.1129032258067,"Sigma":0.4987671237900954,"Taucorr":0.07169075832838778},"EnergyVariance":{"Mean":26.76144640998959,"Sigma":4.054502622448734,"Taucorr":0.07543218927542772},"Iteration":10},
{"Acceptance":[0.07307692307692308],"Energy":{"Mean":-598.7096774193548,"Sigma":0.5224910317429587,"Taucorr":0.28515414000340755},"EnergyVariance":{"Mean":21.383454734651405,"Sigma":4.405595597058107,"Taucorr":0.27828111272115996},"Iteration":11},
{"Acceptance":[0.06075353218210361],"Energy":{"Mean":-602.0967741935483,"Sigma":0.41098449519371044,"Taucorr":0.16780822490550884},"EnergyVariance":{"Mean":15.555150884495317,"Sigma":1.6885884202941535,"Taucorr":-0.021161414998362382},"Iteration":12},
{"Acceptance":[0.04945054945054945],"Energy":{"Mean":-604.4758064516129,"Sigma":0.345352173125469,"Taucorr":0.02668033380187773},"EnergyVariance":{"Mean":13.926834027055149,"Sigma":2.7908435388619304,"Taucorr":0.0005631765754383622},"Iteration":13},
{"Acceptance":[0.030298273155416014],"Energy":{"Mean":-606.0887096774194,"Sigma":0.30043614959942344,"Taucorr":0.176150037628242},"EnergyVariance":{"Mean":8.209872528616026,"Sigma":0.9951201059712508,"Taucorr":0.07442791293622752},"Iteration":14},
{"Acceptance":[0.022527472527472527],"Energy":{"Mean":-606.9516129032259,"Sigma":0.25516686371575936,"Taucorr":0.05808074399043284},"EnergyVariance":{"Mean":7.175078043704475,"Sigma":0.9109320165107415,"Taucorr":-0.11469431564411187},"Iteration":15},
{"Acceptance":[0.017111459968602825],"Energy":{"Mean":-607.9354838709677,"Sigma":0.20212837329876004,"Taucorr":0.3715552246886684},"EnergyVariance":{"Mean":2.882934443288241,"Sigma":0.8698455408963277,"Taucorr":0.22165950138056834},"Iteration":16},
{"Acceptance":[0.016248037676609105],"Energy":{"Mean":-608.2177419354839,"Sigma":0.174188570219586,"Taucorr":0.046854213124438826},"EnergyVariance":{"Mean":3.412265868886576,"Sigma":1.0725176911715935,"Taucorr":0.08432276442464148},"Iteration":17},
{"Acceptance":[0.013657770800627944],"Energy":{"Mean":-608.7096774193548,"Sigma":0.09209098337820085,"Taucorr":-0.015724637681111875},"EnergyVariance":{"Mean":1.077003121748179,"Sigma":0.29662753195463337,"Taucorr":-0.06334486351294111},"Iteration":18},
{"Acceptance":[0.014756671899529042],"Energy":{"Mean":-608.3870967741937,"Sigma":0.18579917100431267,"Taucorr":0.5306958827986896},"EnergyVariance":{"Mean":2.059833506763788,"Sigma":0.47075605824504196,"Taucorr":0.30012020075612933},"Iteration":19},
{"Acceptance":[0.012244897959183673],"Energy":{"Mean":-608.838709677419,"Sigma":0.11092741202612716,"Taucorr":0.22869488977957642},"EnergyVariance":{"Mean":1.0385015608740893,"Sigma":0.3728036052666933,"Taucorr":0.030135272112367884},"Iteration":20},
{"Acceptance":[0.01130298273155416],"Energy":{"Mean":-609.032258064516,"Sigma":0.06106353060000135,"Taucorr":0.21318770226534212},"EnergyVariance":{"Mean":0.32154006243496364,"Sigma":0.10726922460381076,"Taucorr":0.10365403088744629},"Iteration":21},
{"Acceptance":[0.01436420722135008],"Energy":{"Mean":-609.1209677419354,"Sigma":0.07039726723482387,"Taucorr":0.030905177296937647},"EnergyVariance":{"Mean":0.5740764828303849,"Sigma":0.21882766269654666,"Taucorr":-0.04593641457310743},"Iteration":22},
{"Acceptance":[0.012951334379905808],"Energy":{"Mean":-608.8951612903226,"Sigma":0.06326063337494134,"Taucorr":0.09101983445264916},"EnergyVariance":{"Mean":0.41642819979188356,"Sigma":0.16012410485561182,"Taucorr":0.01089023281350232},"Iteration":23},
{"Acceptance":[0.011930926216640502],"Energy":{"Mean":-609.0241935483871,"Sigma":0.11729181895729507,"Taucorr":0.41286927233174797},"EnergyVariance":{"Mean":0.926834027055151,"Sigma":0.36578676703010676,"Taucorr":0.11369066243490056},"Iteration":24},
{"Acceptance":[0.010125588697017268],"Energy":{"Mean":-609.0000000000001,"Sigma":0.10304503660968793,"Taucorr":0.2639150943395966},"EnergyVariance":{"Mean":0.8548387096774194,"Sigma":0.3723967334575403,"Taucorr":0.02683837117742527},"Iteration":25},
{"Acceptance":[0.00934065934065934],"Energy":{"Mean":-609.0564516129032,"Sigma":0.04878865632985438,"Taucorr":-0.004097818902805861},"EnergyVariance":{"Mean":0.2952003121748179,"Sigma":0.1184091442228538,"Taucorr":0.09413536196981376},"Iteration":26},
{"Acceptance":[0.00902668759811617],"Energy":{"Mean":-609.1532258064516,"Sigma":0.08572698236076154,"Taucorr":0.009083583620231095},"EnergyVariance":{"Mean":0.8878121748178978,"Sigma":0.27652106264582804,"Taucorr":0.48107476616957945},"Iteration":27},
{"Acceptance":[0.008241758241758242],"Energy":{"Mean":-609.4193548387096,"Sigma":0.08064516129032283,"Taucorr":0.10341444270015954},"EnergyVariance":{"Mean":0.6628511966701353,"Sigma":0.09365244536941336,"Taucorr":0.10341444270015687},"Iteration":28},
{"Acceptance":[0.00934065934065934],"Energy":{"Mean":-609.4596774193549,"Sigma":0.08205752489324754,"Taucorr":-0.00048638895426522666},"EnergyVariance":{"Mean":0.829019250780437,"Sigma":0.12771729855949207,"Taucorr":0.03832970242968847},"Iteration":29},
{"Acceptance":[0.00847723704866562],"Energy":{"Mean":-609.6935483870967,"Sigma":0.10795613245600719,"Taucorr":0.2910422049956659},"EnergyVariance":{"Mean":0.9060874089490115,"Sigma":0.06616666182789041,"Taucorr":0.29104220499569355},"Iteration":30},
{"Acceptance":[0.011381475667189953],"Energy":{"Mean":-609.7096774193549,"Sigma":0.105683117206929,"Taucorr":0.2501136363636187},"EnergyVariance":{"Mean":0.9157127991675338,"Sigma":0.061364390636274184,"Taucorr":0.2501136363636358},"Iteration":31},
{"Acceptance":[0.012872841444270016],"Energy":{"Mean":-609.5806451612905,"Sigma":0.2514439741713224,"Taucorr":0.8847090976468397},"EnergyVariance":{"Mean":2.808012486992715,"Sigma":1.2035080091868613,"Taucorr":1.1110883534604514},"Iteration":32},
{"Acceptance":[0.0075353218210361065],"Energy":{"Mean":-610.2741935483872,"Sigma":0.1108100905633388,"Taucorr":0.3165400843881805},"EnergyVariance":{"Mean":0.9248178980228926,"Sigma":0.06076682385733569,"Taucorr":0.31654008438818615},"Iteration":33},
{"Acceptance":[0.00510204081632653],"Energy":{"Mean":-610.5645161290323,"Sigma":0.097666140454752,"Taucorr":0.3610156548300295},"EnergyVariance":{"Mean":0.6813215400624351,"Sigma":0.11026822309409212,"Taucorr":0.36101565483008713},"Iteration":34},
{"Acceptance":[0.004552590266875981],"Energy":{"Mean":-610.5806451612901,"Sigma":0.08705694031349183,"Taucorr":0.20317896389327483},"EnergyVariance":{"Mean":0.6628511966701351,"Sigma":0.10109838229950344,"Taucorr":0.20317896389324952},"Iteration":35},
{"Acceptance":[0.0025902668759811617],"Energy":{"Mean":-610.6048387096773,"Sigma":0.12581679031133192,"Taucorr":0.7364004295036071},"EnergyVariance":{"Mean":0.7873959417273674,"Sigma":0.24598642329031686,"Taucorr":0.5597891674248909},"Iteration":36},
{"Acceptance":[0.0020408163265306124],"Energy":{"Mean":-610.8387096774194,"Sigma":0.05381717744620483,"Taucorr":0.10061403508774791},"EnergyVariance":{"Mean":0.29656607700312176,"Sigma":0.09027397507105374,"Taucorr":0.10061403508771916},"Iteration":37},
{"Acceptance":[0.001098901098901099],"Energy":{"Mean":-610.983870967742,"Sigma":0.01612903225806486,"Taucorr":5.551115123125783e-15},"EnergyVariance":{"Mean":0.031997918834547355,"Sigma":0.03173777315296613,"Taucorr":0.0},"Iteration":38},
{"Acceptance":[0.0006279434850863422],"Energy":{"Mean":-610.9193548387096,"Sigma":0.05234693094467923,"Taucorr":0.5887394957982985},"EnergyVariance":{"Mean":0.15478668054110306,"Sigma":0.09625080851118147,"Taucorr":0.5887394957983194},"Iteration":39},
{"Acceptance":[0.00047095761381475666],"Energy":{"Mean":-610.983870967742,"Sigma":0.016129032258064495,"Taucorr":-2.9976021664879227e-15},"EnergyVariance":{"Mean":0.03199791883454735,"Sigma":0.03173777315296613,"Taucorr":-2.220446049250313e-16},"Iteration":40},
{"Acceptance":[0.0012558869701726845],"Energy":{"Mean":-611.0,"Sigma":0.0,"Taucorr":null},"EnergyVariance":{"Mean":0.0,"Sigma":0.0,"Taucorr":null},"Iteration":41},
{"Acceptance":[0.00023547880690737833],"Energy":{"Mean":-610.983870967742,"Sigma":0.016129032258063707,"Taucorr":-5.5289106626332796e-14},"EnergyVariance":{"Mean":0.03199791883454735,"Sigma":0.03173777315296613,"Taucorr":-2.220446049250313e-16},"Iteration":42},
{"Acceptance":[0.0008634222919937205],"Energy":{"Mean":-610.983870967742,"Sigma":0.01612903225806463,"Taucorr":1.7319479184152442e-14},"EnergyVariance":{"Mean":0.031997918834547355,"Sigma":0.03173777315296614,"Taucorr":0.0},"Iteration":43},
{"Acceptance":[0.00015698587127158556],"Energy":{"Mean":-611.0,"Sigma":0.0,"Taucorr":null},"EnergyVariance":{"Mean":0.0,"Sigma":0.0,"Taucorr":null},"Iteration":44},
{"Acceptance":[0.00047095761381475666],"Energy":{"Mean":-611.0,"Sigma":0.0,"Taucorr":null},"EnergyVariance":{"Mean":0.0,"Sigma":0.0,"Taucorr":null},"Iteration":45},
{"Acceptance":[0.00015698587127158556],"Energy":{"Mean":-611.0,"Sigma":0.0,"Taucorr":null},"EnergyVariance":{"Mean":0.0,"Sigma":0.0,"Taucorr":null},"Iteration":46},
{"Acceptance":[0.00015698587127158556],"Energy":{"Mean":-611.0,"Sigma":0.0,"Taucorr":null},"EnergyVariance":{"Mean":0.0,"Sigma":0.0,"Taucorr":null},"Iteration":47},
{"Acceptance":[0.0009419152276295133],"Energy":{"Mean":-610.991935483871,"Sigma":0.018271661793514794,"Taucorr":0.010016155088945156},"EnergyVariance":{"Mean":0.04025754422476587,"Sigma":0.03276488127976937,"Taucorr":-0.006080986408855238},"Iteration":48},
{"Acceptance":[0.00047095761381475666],"Energy":{"Mean":-610.9596774193548,"Sigma":0.0403225806451614,"Taucorr":-1.3322676295501878e-15},"EnergyVariance":{"Mean":0.1999869927159209,"Sigma":0.1983610822060292,"Taucorr":2.220446049250313e-16},"Iteration":49},
{"Acceptance":[0.0006279434850863422],"Energy":{"Mean":-610.9677419354839,"Sigma":0.051511998137649444,"Taucorr":0.034327086882455116},"EnergyVariance":{"Mean":0.3054110301768991,"Sigma":0.2871417280720536,"Taucorr":-0.0006054773214740905},"Iteration":50},
{"Acceptance":[0.00047095761381475666],"Energy":{"Mean":-611.0080645161291,"Sigma":0.008064516129034109,"Taucorr":1.942890293094024e-13},"EnergyVariance":{"Mean":0.007999479708636837,"Sigma":0.007934443288239699,"Taucorr":-2.220446049250313e-16},"Iteration":51},
{"Acceptance":[0.00047095761381475666],"Energy":{"Mean":-611.0,"Sigma":0.0,"Taucorr":-0.5},"EnergyVariance":{"Mean":0.048387096774193554,"Sigma":0.04838709677419355,"Taucorr":0.5081967213114755},"Iteration":52},
{"Acceptance":[0.00015698587127158556],"Energy":{"Mean":-610.9758064516128,"Sigma":0.02419354838709717,"Taucorr":7.327471962526033e-15},"EnergyVariance":{"Mean":0.07199531737773154,"Sigma":0.07140998959416829,"Taucorr":-2.220446049250313e-16},"Iteration":53},
{"Acceptance":[0.001098901098901099],"Energy":{"Mean":-610.9758064516128,"Sigma":0.024193548387098345,"Taucorr":5.728750807065808e-14},"EnergyVariance":{"Mean":0.07199531737773154,"Sigma":0.07140998959416829,"Taucorr":-2.220446049250313e-16},"Iteration":54},
{"Acceptance":[0.00015698587127158556],"Energy":{"Mean":-611.0,"Sigma":0.0,"Taucorr":null},"EnergyVariance":{"Mean":0.0,"Sigma":0.0,"Taucorr":null},"Iteration":55},
{"Acceptance":[0.0003139717425431711],"Energy":{"Mean":-611.0,"Sigma":0.0,"Taucorr":null},"EnergyVariance":{"Mean":0.0,"Sigma":0.0,"Taucorr":null},"Iteration":56},
{"Acceptance":[0.00047095761381475666],"Energy":{"Mean":-611.0,"Sigma":0.0,"Taucorr":null},"EnergyVariance":{"Mean":0.0,"Sigma":0.0,"Taucorr":null},"Iteration":57},
{"Acceptance":[0.00015698587127158556],"Energy":{"Mean":-611.0,"Sigma":0.0,"Taucorr":null},"EnergyVariance":{"Mean":0.0,"Sigma":0.0,"Taucorr":null},"Iteration":58},
{"Acceptance":[0.00015698587127158556],"Energy":{"Mean":-611.0,"Sigma":0.0,"Taucorr":null},"EnergyVariance":{"Mean":0.0,"Sigma":0.0,"Taucorr":null},"Iteration":59},
{"Acceptance":[0.0006279434850863422],"Energy":{"Mean":-611.0,"Sigma":0.0,"Taucorr":null},"EnergyVariance":{"Mean":0.0,"Sigma":0.0,"Taucorr":null},"Iteration":60},
{"Acceptance":[0.0],"Energy":{"Mean":-611.0,"Sigma":0.0,"Taucorr":null},"EnergyVariance":{"Mean":0.0,"Sigma":0.0,"Taucorr":null},"Iteration":61},
{"Acceptance":[0.0003139717425431711],"Energy":{"Mean":-611.0,"Sigma":0.0,"Taucorr":null},"EnergyVariance":{"Mean":0.0,"Sigma":0.0,"Taucorr":null},"Iteration":62},
{"Acceptance":[0.0006279434850863422],"Energy":{"Mean":-611.0,"Sigma":0.0,"Taucorr":null},"EnergyVariance":{"Mean":0.0,"Sigma":0.0,"Taucorr":null},"Iteration":63},
{"Acceptance":[0.00015698587127158556],"Energy":{"Mean":-610.9516129032259,"Sigma":0.048387096774193214,"Taucorr":0.5081967213114658},"EnergyVariance":{"Mean":0.1428199791883455,"Sigma":0.14047866805411455,"Taucorr":0.508196721311476},"Iteration":64},
{"Acceptance":[0.0003139717425431711],"Energy":{"Mean":-610.9516129032259,"Sigma":0.04838709677419448,"Taucorr":0.5081967213115091},"EnergyVariance":{"Mean":0.14281997918834546,"Sigma":0.14047866805411452,"Taucorr":0.5081967213114753},"Iteration":65},
{"Acceptance":[0.00015698587127158556],"Energy":{"Mean":-611.016129032258,"Sigma":0.016129032258064318,"Taucorr":0.5081967213114933},"EnergyVariance":{"Mean":0.01586888657648283,"Sigma":0.015608740894901616,"Taucorr":0.5081967213114753},"Iteration":66},
{"Acceptance":[0.00047095761381475666],"Energy":{"Mean":-610.9354838709677,"Sigma":0.044853018526048276,"Taucorr":-0.01270491803285384},"EnergyVariance":{"Mean":0.2539021852237253,"Sigma":0.17362458784277723,"Taucorr":-0.012704918032787005},"Iteration":67},
{"Acceptance":[0.0003139717425431711],"Energy":{"Mean":-611.0,"Sigma":0.0,"Taucorr":null},"EnergyVariance":{"Mean":0.0,"Sigma":0.0,"Taucorr":null},"Iteration":68},
{"Acceptance":[0.0007849293563579278],"Energy":{"Mean":-610.959677419355,"Sigma":0.06769711779092383,"Taucorr":0.023204153084708024},"EnergyVariance":{"Mean":0.5386966701352757,"Sigma":0.510416090892832,"Taucorr":-0.0010110085761105836},"Iteration":69},
{"Acceptance":[0.0006279434850863422],"Energy":{"Mean":-611.0,"Sigma":0.0,"Taucorr":null},"EnergyVariance":{"Mean":0.0,"Sigma":0.0,"Taucorr":null},"Iteration":70},
{"Acceptance":[0.0006279434850863422],"Energy":{"Mean":-611.0,"Sigma":0.0,"Taucorr":null},"EnergyVariance":{"Mean":0.0,"Sigma":0.0,"Taucorr":null},"Iteration":71},
{"Acceptance":[0.00047095761381475666],"Energy":{"Mean":-611.0,"Sigma":0.0,"Taucorr":null},"EnergyVariance":{"Mean":0.0,"Sigma":0.0,"Taucorr":null},"Iteration":72},
{"Acceptance":[0.0],"Energy":{"Mean":-611.0,"Sigma":0.0,"Taucorr":null},"EnergyVariance":{"Mean":0.0,"Sigma":0.0,"Taucorr":null},"Iteration":73},
{"Acceptance":[0.00015698587127158556],"Energy":{"Mean":-611.0,"Sigma":0.0,"Taucorr":null},"EnergyVariance":{"Mean":0.0,"Sigma":0.0,"Taucorr":null},"Iteration":74},
{"Acceptance":[0.001098901098901099],"Energy":{"Mean":-610.8709677419356,"Sigma":0.12903225806451638,"Taucorr":0.5081967213114775},"EnergyVariance":{"Mean":1.0156087408949008,"Sigma":0.9989594172737034,"Taucorr":0.5081967213114749},"Iteration":75},
{"Acceptance":[0.00015698587127158556],"Energy":{"Mean":-611.0,"Sigma":0.0,"Taucorr":null},"EnergyVariance":{"Mean":0.0,"Sigma":0.0,"Taucorr":null},"Iteration":76},
{"Acceptance":[0.0003139717425431711],"Energy":{"Mean":-611.0,"Sigma":0.0,"Taucorr":null},"EnergyVariance":{"Mean":0.0,"Sigma":0.0,"Taucorr":null},"Iteration":77},
{"Acceptance":[0.00015698587127158556],"Energy":{"Mean":-610.9516129032259,"Sigma":0.033639763894538564,"Taucorr":-0.012704918032798829},"EnergyVariance":{"Mean":0.14281997918834544,"Sigma":0.09766383066156795,"Taucorr":-0.012704918032786339},"Iteration":78},
{"Acceptance":[0.0003139717425431711],"Energy":{"Mean":-611.0,"Sigma":0.0,"Taucorr":null},"EnergyVariance":{"Mean":0.0,"Sigma":0.0,"Taucorr":null},"Iteration":79},
{"Acceptance":[0.0006279434850863422],"Energy":{"Mean":-610.9193548387095,"Sigma":0.04693151148988385,"Taucorr":-0.022731439046718593},"EnergyVariance":{"Mean":0.28381893860561913,"Sigma":0.17330618162905767,"Taucorr":-0.018332376969073028},"Iteration":80},
{"Acceptance":[0.00047095761381475666],"Energy":{"Mean":-611.016129032258,"Sigma":0.0161290322580653,"Taucorr":0.5081967213115206},"EnergyVariance":{"Mean":0.015868886576482832,"Sigma":0.01560874089490162,"Taucorr":0.5081967213114753},"Iteration":81},
{"Acceptance":[0.0008634222919937205],"Energy":{"Mean":-610.983870967742,"Sigma":0.016129032258064495,"Taucorr":3.9968028886505635e-15},"EnergyVariance":{"Mean":0.03199791883454735,"Sigma":0.03173777315296613,"Taucorr":-2.220446049250313e-16},"Iteration":82},
{"Acceptance":[0.000706436420722135],"Energy":{"Mean":-611.0,"Sigma":0.0,"Taucorr":null},"EnergyVariance":{"Mean":0.0,"Sigma":0.0,"Taucorr":null},"Iteration":83},
{"Acceptance":[0.00047095761381475666],"Energy":{"Mean":-611.008064516129,"Sigma":0.0080645161290325,"Taucorr":1.9095836023552692e-14},"EnergyVariance":{"Mean":0.007999479708636839,"Sigma":0.007934443288241534,"Taucorr":0.0},"Iteration":84},
{"Acceptance":[0.00015698587127158556],"Energy":{"Mean":-611.0,"Sigma":0.0,"Taucorr":null},"EnergyVariance":{"Mean":0.0,"Sigma":0.0,"Taucorr":null},"Iteration":85},
{"Acceptance":[0.0005494505494505495],"Energy":{"Mean":-610.9758064516128,"Sigma":0.02419354838709789,"Taucorr":3.68594044175552e-14},"EnergyVariance":{"Mean":0.07199531737773154,"Sigma":0.07140998959416829,"Taucorr":-2.220446049250313e-16},"Iteration":86},
{"Acceptance":[0.0005494505494505495],"Energy":{"Mean":-611.0,"Sigma":0.0,"Taucorr":null},"EnergyVariance":{"Mean":0.0,"Sigma":0.0,"Taucorr":null},"Iteration":87},
{"Acceptance":[0.0003139717425431711],"Energy":{"Mean":-611.008064516129,"Sigma":0.0080645161290325,"Taucorr":1.9095836023552692e-14},"EnergyVariance":{"Mean":0.007999479708636839,"Sigma":0.007934443288241534,"Taucorr":0.0},"Iteration":88},
{"Acceptance":[0.00015698587127158556],"Energy":{"Mean":-611.0,"Sigma":0.0,"Taucorr":null},"EnergyVariance":{"Mean":0.0,"Sigma":0.0,"Taucorr":null},"Iteration":89},
{"Acceptance":[0.00015698587127158556],"Energy":{"Mean":-611.0,"Sigma":0.0,"Taucorr":null},"EnergyVariance":{"Mean":0.0,"Sigma":0.0,"Taucorr":null},"Iteration":90},
{"Acceptance":[0.0003139717425431711],"Energy":{"Mean":-610.9435483870968,"Sigma":0.05645161290322663,"Taucorr":1.4876988529977098e-14},"EnergyVariance":{"Mean":0.39197450572320497,"Sigma":0.38878772112383514,"Taucorr":0.0},"Iteration":91},
{"Acceptance":[0.0003139717425431711],"Energy":{"Mean":-611.0,"Sigma":0.0,"Taucorr":null},"EnergyVariance":{"Mean":0.0,"Sigma":0.0,"Taucorr":null},"Iteration":92},
{"Acceptance":[0.0007849293563579278],"Energy":{"Mean":-610.9516129032259,"Sigma":0.048387096774193464,"Taucorr":1.0247933884297318},"EnergyVariance":{"Mean":0.09443288241415193,"Sigma":0.09209157127992101,"Taucorr":1.0247933884297515},"Iteration":93},
{"Acceptance":[0.0],"Energy":{"Mean":-611.0,"Sigma":0.0,"Taucorr":null},"EnergyVariance":{"Mean":0.0,"Sigma":0.0,"Taucorr":null},"Iteration":94},
{"Acceptance":[0.0003139717425431711],"Energy":{"Mean":-611.016129032258,"Sigma":0.016129032258065716,"Taucorr":0.5081967213115683},"EnergyVariance":{"Mean":0.01586888657648283,"Sigma":0.015608740894901616,"Taucorr":0.5081967213114749},"Iteration":95},
{"Acceptance":[0.0003139717425431711],"Energy":{"Mean":-610.9274193548388,"Sigma":0.05337223260572265,"Taucorr":0.3245179063360669},"EnergyVariance":{"Mean":0.21247398543184182,"Sigma":0.15236911566473393,"Taucorr":0.32451790633608857},"Iteration":96},
{"Acceptance":[0.0003139717425431711],"Energy":{"Mean":-610.9274193548387,"Sigma":0.0725806451612901,"Taucorr":1.0247933884297336},"EnergyVariance":{"Mean":0.21247398543184182,"Sigma":0.2072060353798058,"Taucorr":1.0247933884297526},"Iteration":97},
{"Acceptance":[0.0006279434850863422],"Energy":{"Mean":-610.9516129032259,"Sigma":0.07550845110316247,"Taucorr":0.963490770901201},"EnergyVariance":{"Mean":0.2395941727367325,"Sigma":0.21073692870299246,"Taucorr":1.0105463140294364},"Iteration":98},
{"Acceptance":[0.0003139717425431711],"Energy":{"Mean":-610.8870967741935,"Sigma":0.11290322580645262,"Taucorr":0.5081967213114831},"EnergyVariance":{"Mean":0.7775754422476587,"Sigma":0.7648283038501537,"Taucorr":0.5081967213114755},"Iteration":99} 
]}