{"Output": [
{"Acceptance":[0.9192307692307692],"Energy":{"Mean":-512.1129032258062,"Sigma":1.4514934239957427,"Taucorr":0.08636729129410647},"EnergyVariance":{"Mean":220.9711238293444,"Sigma":20.111719493688287,"Taucorr":-0.18927678887207677},"Iteration":0},
{"Acceptance":[0.8950549450549451],"Energy":{"Mean":-509.5887096774194,"Sigma":1.6774736343575178,"Taucorr":0.16178132011150925},"EnergyVariance":{"Mean":261.50019510926114,"Sigma":31.01836884975639,"Taucorr":-0.13264042068462195},"Iteration":1},
{"Acceptance":[0.8670329670329671],"Energy":{"Mean":-511.9838709677419,"Sigma":1.2957714252682841,"Taucorr":0.013690541668554879},"EnergyVariance":{"Mean":201.01586888657647,"Sigma":24.184928670094234,"Taucorr":-0.1294966820333895},"Iteration":2},
{"Acceptance":[0.8362637362637363],"Energy":{"Mean":-514.6854838709677,"Sigma":1.664903680814353,"Taucorr":0.24592400746385323},"EnergyVariance":{"Mean":228.5381763787721,"Sigma":32.737617275213864,"Taucorr":0.0845461259806034},"Iteration":3},
{"Acceptance":[0.8139717425431711],"Energy":{"Mean":-515.1935483870968,"Sigma":1.4042805947888262,"Taucorr":0.04607315630417641},"EnergyVariance":{"Mean":222.0915712799168,"Sigma":33.86666243138405,"Taucorr":-0.02079287421598397},"Iteration":4},
{"Acceptance":[0.7562009419152276],"Energy":{"Mean":-519.3225806451615,"Sigma":1.3004958498312733,"Taucorr":0.1251011919465419},"EnergyVariance":{"Mean":166.39594172736727,"Sigma":17.503634822422107,"Taucorr":-0.10223811371937541},"Iteration":5},
{"Acceptance":[0.6901883830455259],"Energy":{"Mean":-519.9274193548387,"Sigma":1.5997392911078974,"Taucorr":0.1477686456999161},"EnergyVariance":{"Mean":242.97053850156084,"Sigma":29.741301345958117,"Taucorr":-0.009729441415647744},"Iteration":6},
{"Acceptance":[0.52425431711146],"Energy":{"Mean":-534.1935483870968,"Sigma":1.4589688174891953,"Taucorr":0.20315693792740963},"EnergyVariance":{"Mean":186.17221644120707,"Sigma":22.072805423045192,"Taucorr":-0.06240455956107427},"Iteration":7},
{"Acceptance":[0.4427001569858713],"Energy":{"Mean":-541.9193548387094,"Sigma":1.4028287041625354,"Taucorr":0.22939395388433603},"EnergyVariance":{"Mean":165.92898022892822,"Sigma":22.230220591346743,"Taucorr":0.0082893518718693},"Iteration":8},
{"Acceptance":[0.37574568288854004],"Energy":{"Mean":-549.4596774193549,"Sigma":1.5294640627069445,"Taucorr":0.31099071235806597},"EnergyVariance":{"Mean":177.3935353798127,"Sigma":20.7517303822946,"Taucorr":0.03360866114173888},"Iteration":9},
{"Acceptance":[0.3069073783359498],"Energy":{"Mean":-559.3629032258063,"Sigma":1.158061895345527,"Taucorr":0.3094619962098689},"EnergyVariance":{"Mean":101.89249479708639,"Sigma":16.58110355984718,"Taucorr":0.2704335942483176},"Iteration":10},
{"Acceptance":[0.2551805337519623],"Energy":{"Mean":-565.25,"Sigma":1.0750093773034377,"Taucorr":0.42405567642664344},"EnergyVariance":{"Mean":76.9133064516129,"Sigma":8.789028586813595,"Taucorr":-0.1108347863469058},"Iteration":11},
{"Acceptance":[0.20235478806907378],"Energy":{"Mean":-573.6129032258065,"Sigma":0.9294927734075518,"Taucorr":0.1406949332781262},"EnergyVariance":{"Mean":82.93080124869927,"Sigma":16.53474673153179,"Taucorr":0.0866123283682747},"Iteration":12},
{"Acceptance":[0.15808477237048665],"Energy":{"Mean":-581.7983870967743,"Sigma":0.746804964646229,"Taucorr":0.21171076585080761},"EnergyVariance":{"Mean":48.1932232049948,"Sigma":7.786418535437456,"Taucorr":0.39327282095003313},"Iteration":13},
{"Acceptance":[0.12142857142857143],"Energy":{"Mean":-586.3387096774192,"Sigma":0.6561893481543933,"Taucorr":0.22426127914505556},"EnergyVariance":{"Mean":36.562695109261185,"Sigma":6.093788380633428,"Taucorr":0.0746165216655773},"Iteration":14},
{"Acceptance":[0.09442700156985871],"Energy":{"Mean":-588.75,"Sigma":0.45005973319200626,"Taucorr":0.05658949644176148},"EnergyVariance":{"Mean":22.38104838709678,"Sigma":3.2514359870905905,"Taucorr":0.08958704783948479},"Iteration":15},
{"Acceptance":[0.07417582417582418],"Energy":{"Mean":-591.0564516129032,"Sigma":0.45091151371585847,"Taucorr":0.07033938779082138},"EnergyVariance":{"Mean":21.92423257023933,"Sigma":3.3617866118954254,"Taucorr":0.030441061744032383},"Iteration":16},
{"Acceptance":[0.06098901098901099],"Energy":{"Mean":-593.6854838709679,"Sigma":0.35582097670661306,"Taucorr":0.1274749348804839},"EnergyVariance":{"Mean":12.409144120707596,"Sigma":2.1122088349700676,"Taucorr":-0.031699409137966816},"Iteration":17},
{"Acceptance":[0.04599686028257457],"Energy":{"Mean":-595.5887096774193,"Sigma":0.3042150986106459,"Taucorr":0.3263959055326321},"EnergyVariance":{"Mean":6.8872918834547345,"Sigma":1.0786754215542063,"Taucorr":0.2828945751617524},"Iteration":18},
{"Acceptance":[0.039874411302982735],"Energy":{"Mean":-596.0403225806451,"Sigma":0.2359198350592852,"Taucorr":0.13087130065804786},"EnergyVariance":{"Mean":5.425793444328824,"Sigma":0.8934919973196135,"Taucorr":0.3221964997290808},"Iteration":19},
{"Acceptance":[0.03304552590266876],"Energy":{"Mean":-596.0645161290323,"Sigma":0.21873528888642774,"Taucorr":0.19699747350256314},"EnergyVariance":{"Mean":4.221644120707597,"Sigma":0.6701854818556265,"Taucorr":-0.021835924018871022},"Iteration":20},
{"Acceptance":[0.02943485086342229],"Energy":{"Mean":-596.9354838709678,"Sigma":0.2718830546787236,"Taucorr":0.6469693489104607},"EnergyVariance":{"Mean":3.963579604578564,"Sigma":0.7983700587031994,"Taucorr":0.7598612219863037},"Iteration":21},
{"Acceptance":[0.024175824175824177],"Energy":{"Mean":-597.3306451612902,"Sigma":0.20359243256733045,"Taucorr":0.41504610715537404},"EnergyVariance":{"Mean":2.7858350676378767,"Sigma":0.5389473230475557,"Taucorr":0.30685125818262327},"Iteration":22},
{"Acceptance":[0.027551020408163266],"Energy":{"Mean":-598.258064516129,"Sigma":0.15181866613871106,"Taucorr":0.17671385991058308},"EnergyVariance":{"Mean":2.0946930280957328,"Sigma":0.3371472376346257,"Taucorr":0.028410578411458776},"Iteration":23},
{"Acceptance":[0.024175824175824177],"Energy":{"Mean":-598.5403225806452,"Sigma":0.13624020838523945,"Taucorr":0.17149087570298138},"EnergyVariance":{"Mean":1.6999869927159208,"Sigma":0.3809458827636613,"Taucorr":0.11747112139257776},"Iteration":24},
{"Acceptance":[0.028178963893249608],"Energy":{"Mean":-598.3145161290323,"Sigma":0.2486435626109907,"Taucorr":0.4726304756517379},"EnergyVariance":{"Mean":3.9091441207075963,"Sigma":1.5525147379318363,"Taucorr":0.034324399191713484},"Iteration":25},
{"Acceptance":[0.026687598116169546],"Energy":{"Mean":-598.7419354838707,"Sigma":0.12019466232118042,"Taucorr":0.03548134211350318},"EnergyVariance":{"Mean":1.6592091571279919,"Sigma":0.3264821877934194,"Taucorr":-0.07147505794955966},"Iteration":26},
{"Acceptance":[0.021036106750392466],"Energy":{"Mean":-599.241935483871,"Sigma":0.12241074813555343,"Taucorr":0.15394129592027705},"EnergyVariance":{"Mean":1.4092091571279919,"Sigma":0.3381145091740488,"Taucorr":0.017880990270341512},"Iteration":27},
{"Acceptance":[0.01695447409733124],"Energy":{"Mean":-599.467741935484,"Sigma":0.08655747009676466,"Taucorr":-0.04965675057209462},"EnergyVariance":{"Mean":1.0231529656607699,"Sigma":0.22495969020109616,"Taucorr":0.004954556115061015},"Iteration":28},
{"Acceptance":[0.012637362637362638],"Energy":{"Mean":-599.7177419354839,"Sigma":0.13256259197391754,"Taucorr":0.32154051515302884},"EnergyVariance":{"Mean":1.3154916753381893,"Sigma":0.5398780427770223,"Taucorr":0.049531776471442246},"Iteration":29},
{"Acceptance":[0.01130298273155416],"Energy":{"Mean":-599.7741935483868,"Sigma":0.08780081831929666,"Taucorr":0.3201845184519124},"EnergyVariance":{"Mean":0.5780437044745058,"Sigma":0.14099383960608278,"Taucorr":0.011082041782603413},"Iteration":30},
{"Acceptance":[0.010439560439560439],"Energy":{"Mean":-599.7096774193546,"Sigma":0.1998308337639304,"Taucorr":0.6214362081254297},"EnergyVariance":{"Mean":2.189906347554631,"Sigma":1.3303760727528753,"Taucorr":0.5411483173066272},"Iteration":31},
{"Acceptance":[0.009183673469387756],"Energy":{"Mean":-599.9032258064516,"Sigma":0.08493943078766472,"Taucorr":0.5822335025380885},"EnergyVariance":{"Mean":0.40998959417273667,"Sigma":0.10869877384587721,"Taucorr":0.42754640667868404},"Iteration":32},
{"Acceptance":[0.008791208791208791],"Energy":{"Mean":-599.991935483871,"Sigma":0.08635687314090879,"Taucorr":-0.013889846281104401},"EnergyVariance":{"Mean":0.9434833506763787,"Sigma":0.6480641499920916,"Taucorr":-0.011634395087970428},"Iteration":33},
{"Acceptance":[0.008634222919937205],"Energy":{"Mean":-600.25,"Sigma":0.08519427513705675,"Taucorr":0.4668122270742011},"EnergyVariance":{"Mean":0.46169354838709664,"Sigma":0.18435255739470338,"Taucorr":0.20718509838870325},"Iteration":34},
{"Acceptance":[0.01185243328100471],"Energy":{"Mean":-600.2338709677418,"Sigma":0.06343174711291906,"Taucorr":0.04580404533071014},"EnergyVariance":{"Mean":0.4533688865764828,"Sigma":0.11810400018842947,"Taucorr":-0.05015277799453849},"Iteration":35},
{"Acceptance":[0.01216640502354788],"Energy":{"Mean":-600.2338709677421,"Sigma":0.07417601475849932,"Taucorr":0.1743875567077553},"EnergyVariance":{"Mean":0.5017559833506764,"Sigma":0.16213604387793443,"Taucorr":0.05144878451311241},"Iteration":36},
{"Acceptance":[0.0141287284144427],"Energy":{"Mean":-600.4274193548388,"Sigma":0.07070454616025584,"Taucorr":0.25721608201182067},"EnergyVariance":{"Mean":0.406022372528616,"Sigma":0.1545700067961024,"Taucorr":-0.010384121084865416},"Iteration":37},
{"Acceptance":[0.015463108320251178],"Energy":{"Mean":-600.4919354838709,"Sigma":0.06077885058521695,"Taucorr":0.05245927566030695},"EnergyVariance":{"Mean":0.4112252861602497,"Sigma":0.16075912830221925,"Taucorr":0.0003498257411961303},"Iteration":38},
{"Acceptance":[0.011616954474097331],"Energy":{"Mean":-600.516129032258,"Sigma":0.09832979117296822,"Taucorr":0.34783011869437286},"EnergyVariance":{"Mean":0.7013527575442248,"Sigma":0.2550218258217207,"Taucorr":0.3226898739604246},"Iteration":39},
{"Acceptance":[0.009262166405023548],"Energy":{"Mean":-600.6693548387096,"Sigma":0.05234693094467625,"Taucorr":0.26144578313247435},"EnergyVariance":{"Mean":0.22131893860561913,"Sigma":0.017730412094161565,"Taucorr":0.2614457831325302},"Iteration":40},
{"Acceptance":[0.00706436420722135],"Energy":{"Mean":-600.7016129032256,"Sigma":0.06601090945058666,"Taucorr":0.1158272306083068},"EnergyVariance":{"Mean":0.4351586888657648,"Sigma":0.13613932066874548,"Taucorr":-0.01910010015323954},"Iteration":41},
{"Acceptance":[0.005808477237048666],"Energy":{"Mean":-600.8225806451612,"Sigma":0.06155855284502117,"Taucorr":0.015152386428986642},"EnergyVariance":{"Mean":0.4523933402705516,"Sigma":0.27712250373752495,"Taucorr":-0.013435805666353495},"Iteration":42},
{"Acceptance":[0.004003139717425432],"Energy":{"Mean":-600.766129032258,"Sigma":0.08514336728958767,"Taucorr":0.24488753667281937},"EnergyVariance":{"Mean":0.5985301768990636,"Sigma":0.24832974984638947,"Taucorr":0.06579741400683226},"Iteration":43},
{"Acceptance":[0.003924646781789639],"Energy":{"Mean":-600.8629032258065,"Sigma":0.06842968850192428,"Taucorr":0.020023487962420927},"EnergyVariance":{"Mean":0.5537851196670136,"Sigma":0.39350458223422086,"Taucorr":-0.009278427556809465},"Iteration":44},
{"Acceptance":[0.0038461538461538464],"Energy":{"Mean":-600.8064516129031,"Sigma":0.12894822532485933,"Taucorr":0.409924768518552},"EnergyVariance":{"Mean":1.1238293444328828,"Sigma":0.7498163084576182,"Taucorr":0.4635009114324289},"Iteration":45},
{"Acceptance":[0.002354788069073783],"Energy":{"Mean":-600.9758064516128,"Sigma":0.017790744201909233,"Taucorr":-0.010147299508936503},"EnergyVariance":{"Mean":0.03973725286160249,"Sigma":0.032150136799680054,"Taucorr":-0.00582163912329553},"Iteration":46},
{"Acceptance":[0.002197802197802198],"Energy":{"Mean":-600.9274193548384,"Sigma":0.03515241083500089,"Taucorr":0.2632266492487183},"EnergyVariance":{"Mean":0.09957075962539023,"Sigma":0.060402789166292034,"Taucorr":0.4251527800013777},"Iteration":47},
{"Acceptance":[0.0025902668759811617],"Energy":{"Mean":-600.9516129032256,"Sigma":0.029373738450855003,"Taucorr":0.6524011299434658},"EnergyVariance":{"Mean":0.046045785639958384,"Sigma":0.026531118600761797,"Taucorr":0.6524011299435029},"Iteration":48},
{"Acceptance":[0.003532182103610675],"Energy":{"Mean":-600.9516129032257,"Sigma":0.021438066706858723,"Taucorr":0.11384180790967435},"EnergyVariance":{"Mean":0.046045785639958384,"Sigma":0.019363415090061283,"Taucorr":0.11384180790960474},"Iteration":49},
{"Acceptance":[0.0032967032967032967],"Energy":{"Mean":-600.9354838709675,"Sigma":0.0383947764975429,"Taucorr":0.47893258426967256},"EnergyVariance":{"Mean":0.09261186264308012,"Sigma":0.06253850242440574,"Taucorr":0.49193061149762496},"Iteration":50},
{"Acceptance":[0.0032967032967032967],"Energy":{"Mean":-600.8387096774195,"Sigma":0.05255359156257459,"Taucorr":0.28665662650608315},"EnergyVariance":{"Mean":0.21592091571279914,"Sigma":0.0772633258238436,"Taucorr":0.014278800631469024},"Iteration":51},
{"Acceptance":[0.0032967032967032967],"Energy":{"Mean":-600.8951612903226,"Sigma":0.06737612443292125,"Taucorr":-0.016751097602155596},"EnergyVariance":{"Mean":0.5777185223725284,"Sigma":0.3204060765437481,"Taucorr":-0.024677109516569595},"Iteration":52},
{"Acceptance":[0.0020408163265306124],"Energy":{"Mean":-600.9516129032259,"Sigma":0.0269890331140093,"Taucorr":-0.025619834710555234},"EnergyVariance":{"Mean":0.0944328824141519,"Sigma":0.05136622431374894,"Taucorr":-0.02561983471074425},"Iteration":53},
{"Acceptance":[0.001726844583987441],"Energy":{"Mean":-601.0,"Sigma":0.0,"Taucorr":null},"EnergyVariance":{"Mean":0.0,"Sigma":0.0,"Taucorr":null},"Iteration":54},
{"Acceptance":[0.002511773940345369],"Energy":{"Mean":-600.9274193548387,"Sigma":0.050791515128202534,"Taucorr":0.4669044787950789},"EnergyVariance":{"Mean":0.16408688865764828,"Sigma":0.13828506535481064,"Taucorr":0.5004373446999872},"Iteration":55},
{"Acceptance":[0.001726844583987441],"Energy":{"Mean":-600.9919354838709,"Sigma":0.008064516129034869,"Taucorr":2.3092638912203256e-13},"EnergyVariance":{"Mean":0.007999479708636839,"Sigma":0.007934443288239699,"Taucorr":-2.220446049250313e-16},"Iteration":56},
{"Acceptance":[0.0029827315541601255],"Energy":{"Mean":-600.9516129032259,"Sigma":0.0243721009820253,"Taucorr":0.293361581920801},"EnergyVariance":{"Mean":0.04604578563995837,"Sigma":0.022013510564414758,"Taucorr":0.2933615819209042},"Iteration":57},
{"Acceptance":[0.0037676609105180532],"Energy":{"Mean":-600.9274193548385,"Sigma":0.026420779301727176,"Taucorr":0.13777777777760336},"EnergyVariance":{"Mean":0.06731269510926119,"Sigma":0.02258550488695636,"Taucorr":0.1377777777777779},"Iteration":58},
{"Acceptance":[0.002904238618524333],"Energy":{"Mean":-600.9274193548388,"Sigma":0.05079151512820017,"Taucorr":-0.01239256446135284},"EnergyVariance":{"Mean":0.32537721123829344,"Sigma":0.2837105656093682,"Taucorr":-0.003307848503133981},"Iteration":59},
{"Acceptance":[0.003532182103610675],"Energy":{"Mean":-600.9919354838709,"Sigma":0.021639367524191478,"Taucorr":0.010726643598610974},"EnergyVariance":{"Mean":0.056386576482830394,"Sigma":0.03438177290886806,"Taucorr":-0.019720103103667064},"Iteration":60},
{"Acceptance":[0.0031397174254317113],"Energy":{"Mean":-600.9919354838709,"Sigma":0.008064516129032985,"Taucorr":3.7969627442180354e-14},"EnergyVariance":{"Mean":0.007999479708636837,"Sigma":0.007934443288239699,"Taucorr":-2.220446049250313e-16},"Iteration":61},
{"Acceptance":[0.0018838304552590266],"Energy":{"Mean":-600.983870967742,"Sigma":0.016129032258066247,"Taucorr":0.508196721311639},"EnergyVariance":{"Mean":0.015868886576482832,"Sigma":0.01560874089490162,"Taucorr":0.5081967213114755},"Iteration":62},
{"Acceptance":[0.0020408163265306124],"Energy":{"Mean":-600.9516129032259,"Sigma":0.04838709677419419,"Taucorr":1.3766765505351941e-14},"EnergyVariance":{"Mean":0.2879812695109261,"Sigma":0.2856399583766952,"Taucorr":0.0},"Iteration":63},
{"Acceptance":[0.001805337519623234],"Energy":{"Mean":-600.9919354838709,"Sigma":0.008064516129035627,"Taucorr":2.9753977059954195e-13},"EnergyVariance":{"Mean":0.007999479708636839,"Sigma":0.0079344432882397,"Taucorr":0.0},"Iteration":64},
{"Acceptance":[0.0025902668759811617],"Energy":{"Mean":-600.9677419354839,"Sigma":0.022426509263027698,"Taucorr":0.1532967032967707},"EnergyVariance":{"Mean":0.04734651404786681,"Sigma":0.0342168221591217,"Taucorr":0.0421445474205171},"Iteration":65},
{"Acceptance":[0.002904238618524333],"Energy":{"Mean":-600.9919354838709,"Sigma":0.008064516129035963,"Taucorr":3.5704772471945034e-13},"EnergyVariance":{"Mean":0.007999479708636839,"Sigma":0.007934443288239699,"Taucorr":-2.220446049250313e-16},"Iteration":66},
{"Acceptance":[0.0022762951334379905],"Energy":{"Mean":-600.983870967742,"Sigma":0.011213254631512766,"Taucorr":-0.012704918032807377},"EnergyVariance":{"Mean":0.01586888657648283,"Sigma":0.010851536740174214,"Taucorr":-0.012704918032787116},"Iteration":67},
{"Acceptance":[0.002197802197802198],"Energy":{"Mean":-600.9838709677418,"Sigma":0.011213254631511042,"Taucorr":-0.012704918032933887},"EnergyVariance":{"Mean":0.01586888657648283,"Sigma":0.010851536740171665,"Taucorr":-0.012704918032786894},"Iteration":68},
{"Acceptance":[0.0016483516483516484],"Energy":{"Mean":-601.0,"Sigma":0.0,"Taucorr":null},"EnergyVariance":{"Mean":0.0,"Sigma":0.0,"Taucorr":null},"Iteration":69},
{"Acceptance":[0.001726844583987441],"Energy":{"Mean":-600.9677419354838,"Sigma":0.03225806451613056,"Taucorr":3.863576125695545e-14},"EnergyVariance":{"Mean":0.1279916753381893,"Sigma":0.12695109261185716,"Taucorr":-2.220446049250313e-16},"Iteration":70},
{"Acceptance":[0.0016483516483516484],"Energy":{"Mean":-601.0,"Sigma":0.0,"Taucorr":null},"EnergyVariance":{"Mean":0.0,"Sigma":0.0,"Taucorr":null},"Iteration":71},
{"Acceptance":[0.0020408163265306124],"Energy":{"Mean":-600.8306451612902,"Sigma":0.11788178467355312,"Taucorr":0.43413663183338225},"EnergyVariance":{"Mean":0.9148673257023935,"Sigma":0.756955265088936,"Taucorr":0.4781975545405628},"Iteration":72},
{"Acceptance":[0.003453689167974882],"Energy":{"Mean":-600.9193548387096,"Sigma":0.05361538754385468,"Taucorr":0.3061387900356043},"EnergyVariance":{"Mean":0.21930280957336112,"Sigma":0.15135256974557137,"Taucorr":0.3214615392264709},"Iteration":73},
{"Acceptance":[0.0029827315541601255],"Energy":{"Mean":-600.9354838709677,"Sigma":0.05049185755644628,"Taucorr":0.49784768211918384},"EnergyVariance":{"Mean":0.15712799167533817,"Sigma":0.13915960667764415,"Taucorr":0.504766299432706},"Iteration":74},
{"Acceptance":[0.00141287284144427],"Energy":{"Mean":-601.0,"Sigma":0.0,"Taucorr":null},"EnergyVariance":{"Mean":0.0,"Sigma":0.0,"Taucorr":null},"Iteration":75},
{"Acceptance":[0.0020408163265306124],"Energy":{"Mean":-601.0,"Sigma":0.0,"Taucorr":null},"EnergyVariance":{"Mean":0.0,"Sigma":0.0,"Taucorr":null},"Iteration":76},
{"Acceptance":[0.0015698587127158557],"Energy":{"Mean":-600.9919354838709,"Sigma":0.008064516129035963,"Taucorr":3.5704772471945034e-13},"EnergyVariance":{"Mean":0.007999479708636837,"Sigma":0.007934443288239699,"Taucorr":-2.220446049250313e-16},"Iteration":77},
{"Acceptance":[0.00282574568288854],"Energy":{"Mean":-601.0,"Sigma":0.0,"Taucorr":null},"EnergyVariance":{"Mean":0.0,"Sigma":0.0,"Taucorr":null},"Iteration":78},
{"Acceptance":[0.002197802197802198],"Energy":{"Mean":-601.0,"Sigma":0.0,"Taucorr":null},"EnergyVariance":{"Mean":0.0,"Sigma":0.0,"Taucorr":null},"Iteration":79},
{"Acceptance":[0.00282574568288854],"Energy":{"Mean":-600.9516129032256,"Sigma":0.029373738450854617,"Taucorr":0.6524011299435044},"EnergyVariance":{"Mean":0.04604578563995839,"Sigma":0.0265311186007618,"Taucorr":0.6524011299435031},"Iteration":80},
{"Acceptance":[0.0018838304552590266],"Energy":{"Mean":-600.8064516129033,"Sigma":0.13455905557815692,"Taucorr":1.1565015479876317},"EnergyVariance":{"Mean":0.6722164412070759,"Sigma":0.4774633832778636,"Taucorr":1.2126550426048046},"Iteration":81},
{"Acceptance":[0.0029827315541601255],"Energy":{"Mean":-600.9758064516129,"Sigma":0.024193548387096402,"Taucorr":-1.2101430968414206e-14},"EnergyVariance":{"Mean":0.07199531737773153,"Sigma":0.0714099895941738,"Taucorr":0.0},"Iteration":82},
{"Acceptance":[0.002354788069073783],"Energy":{"Mean":-600.9435483870967,"Sigma":0.03612567188673422,"Taucorr":-0.016986301369904255},"EnergyVariance":{"Mean":0.16616805411030175,"Sigma":0.12795134728544214,"Taucorr":-0.00747796907458298},"Iteration":83},
{"Acceptance":[0.0020408163265306124],"Energy":{"Mean":-601.0,"Sigma":0.0,"Taucorr":null},"EnergyVariance":{"Mean":0.0,"Sigma":0.0,"Taucorr":null},"Iteration":84},
{"Acceptance":[0.002354788069073783],"Energy":{"Mean":-600.9838709677418,"Sigma":0.011213254631511745,"Taucorr":-0.01270491803289625},"EnergyVariance":{"Mean":0.015868886576482832,"Sigma":0.010851536740171665,"Taucorr":-0.012704918032786894},"Iteration":85},
{"Acceptance":[0.0020408163265306124],"Energy":{"Mean":-601.0,"Sigma":0.0,"Taucorr":null},"EnergyVariance":{"Mean":0.0,"Sigma":0.0,"Taucorr":null},"Iteration":86},
{"Acceptance":[0.00141287284144427],"Energy":{"Mean":-601.0,"Sigma":0.0,"Taucorr":null},"EnergyVariance":{"Mean":0.0,"Sigma":0.0,"Taucorr":null},"Iteration":87},
{"Acceptance":[0.0029827315541601255],"Energy":{"Mean":-600.9435483870968,"Sigma":0.03421484425095908,"Taucorr":-0.02015604681410843},"EnergyVariance":{"Mean":0.15003902185223728,"Sigma":0.09704169695890244,"Taucorr":-0.01525236975074673},"Iteration":88},
{"Acceptance":[0.0015698587127158557],"Energy":{"Mean":-600.9516129032259,"Sigma":0.048387096774192576,"Taucorr":-1.9984014443252818e-14},"EnergyVariance":{"Mean":0.2879812695109261,"Sigma":0.2856399583766952,"Taucorr":-2.220446049250313e-16},"Iteration":89},
{"Acceptance":[0.0012558869701726845],"Energy":{"Mean":-601.0,"Sigma":0.0,"Taucorr":null},"EnergyVariance":{"Mean":0.0,"Sigma":0.0,"Taucorr":null},"Iteration":90},
{"Acceptance":[0.0015698587127158557],"Energy":{"Mean":-600.9919354838709,"Sigma":0.008064516129032756,"Taucorr":2.5979218776228663e-14},"EnergyVariance":{"Mean":0.007999479708636837,"Sigma":0.007934443288239699,"Taucorr":-2.220446049250313e-16},"Iteration":91},
{"Acceptance":[0.002197802197802198],"Energy":{"Mean":-601.0322580645161,"Sigma":0.05151199813764992,"Taucorr":0.9588372093023392},"EnergyVariance":{"Mean":0.11186264308012486,"Sigma":0.09464870719539618,"Taucorr":0.9950020163822841},"Iteration":92},
{"Acceptance":[0.00282574568288854],"Energy":{"Mean":-600.9919354838709,"Sigma":0.008064516129035627,"Taucorr":2.9753977059954195e-13},"EnergyVariance":{"Mean":0.007999479708636839,"Sigma":0.0079344432882397,"Taucorr":0.0},"Iteration":93},
{"Acceptance":[0.0026687598116169543],"Energy":{"Mean":-601.0,"Sigma":0.023186944788008337,"Taucorr":0.18333333333334279},"EnergyVariance":{"Mean":0.04838709677419355,"Sigma":0.03558148840381569,"Taucorr":0.04517304189435334},"Iteration":94},
{"Acceptance":[0.002354788069073783],"Energy":{"Mean":-600.9758064516128,"Sigma":0.02419354838709719,"Taucorr":1.354472090042691e-14},"EnergyVariance":{"Mean":0.07199531737773154,"Sigma":0.07140998959416829,"Taucorr":0.0},"Iteration":95},
{"Acceptance":[0.0032967032967032967],"Energy":{"Mean":-600.9758064516128,"Sigma":0.017790744201907436,"Taucorr":0.32451790633606803},"EnergyVariance":{"Mean":0.02360822060353798,"Sigma":0.016929901740521947,"Taucorr":0.324517906336088},"Iteration":96},
{"Acceptance":[0.003610675039246468],"Energy":{"Mean":-600.9435483870968,"Sigma":0.03967217379435075,"Taucorr":-0.012192723697148966},"EnergyVariance":{"Mean":0.1984261186264308,"Sigma":0.14148396651479936,"Taucorr":-0.010789284762488638},"Iteration":97},
{"Acceptance":[0.001726844583987441],"Energy":{"Mean":-601.0,"Sigma":0.0,"Taucorr":null},"EnergyVariance":{"Mean":0.0,"Sigma":0.0,"Taucorr":null},"Iteration":98},
{"Acceptance":[0.002197802197802198],"Energy":{"Mean":-601.0,"Sigma":0.0,"Taucorr":null},"EnergyVariance":{"Mean":0.0,"Sigma":0.0,"Taucorr":null},"Iteration":99} 
]}