{"Output": [
{"Acceptance":[0.631526555150001],"Energy":{"Mean":-543.8437499999999,"Sigma":0.6838782290171657,"Taucorr":0.4316382505083993},"EnergyVariance":{"Mean":248.74473916330643,"Sigma":11.114697348846041,"Taucorr":0.030557164721483843},"Iteration":0},
{"Acceptance":[0.5288193156754436],"Energy":{"Mean":-557.5272177419356,"Sigma":0.8768913673463793,"Taucorr":0.9904453454362674},"EnergyVariance":{"Mean":255.63433983968523,"Sigma":11.981140325222166,"Taucorr":0.10903955354634742},"Iteration":1},
{"Acceptance":[0.4249409560244374],"Energy":{"Mean":-574.3971774193548,"Sigma":0.8232209781033625,"Taucorr":1.1446524678649308},"EnergyVariance":{"Mean":204.17491138787722,"Sigma":14.562799265615505,"Taucorr":0.6835473732105097},"Iteration":2},
{"Acceptance":[0.36230554525403547],"Energy":{"Mean":-585.1320564516128,"Sigma":0.5533088504319684,"Taucorr":0.5469645042243929},"EnergyVariance":{"Mean":144.89284335165192,"Sigma":8.52911883518318,"Taucorr":0.21980360798279608},"Iteration":3},
{"Acceptance":[0.30801436574083113],"Energy":{"Mean":-593.8125,"Sigma":0.4122998659173727,"Taucorr":0.2646739646452778},"EnergyVariance":{"Mean":110.15234374999999,"Sigma":5.361368247745599,"Taucorr":0.06510863346137419},"Iteration":4},
{"Acceptance":[0.26558077801417057],"Energy":{"Mean":-600.7207661290322,"Sigma":0.3913492894961977,"Taucorr":0.3821733182724756},"EnergyVariance":{"Mean":86.02384296143342,"Sigma":4.3963047378825255,"Taucorr":0.06926919512163465},"Iteration":5},
{"Acceptance":[0.23211601897214687],"Energy":{"Mean":-606.0292338709678,"Sigma":0.4376918153908551,"Taucorr":0.8418076175859086},"EnergyVariance":{"Mean":70.7441050582076,"Sigma":4.4708824141833805,"Taucorr":0.29585053636123837},"Iteration":6},
{"Acceptance":[0.20350164932758183],"Energy":{"Mean":-610.835685483871,"Sigma":0.32959290749814185,"Taucorr":0.522756355047554},"EnergyVariance":{"Mean":52.62925073978927,"Sigma":2.4782288718392076,"Taucorr":0.013305284181939103},"Iteration":7},
{"Acceptance":[0.18653992543868209],"Energy":{"Mean":-613.5665322580645,"Sigma":0.346396647595378,"Taucorr":0.7228436777827183},"EnergyVariance":{"Mean":48.620573458636834,"Sigma":3.0317571383242767,"Taucorr":0.21063047419561276},"Iteration":8},
{"Acceptance":[0.1620732730857065],"Energy":{"Mean":-617.0524193548387,"Sigma":0.24687813517461962,"Taucorr":0.25467489049855896},"EnergyVariance":{"Mean":40.01741350156088,"Sigma":1.701984922127655,"Taucorr":-0.091034570803946},"Iteration":9},
{"Acceptance":[0.14720004684480706],"Energy":{"Mean":-618.9889112903227,"Sigma":0.32666662076510616,"Taucorr":0.9611949801060156},"EnergyVariance":{"Mean":36.18636897600156,"Sigma":2.6318526065364662,"Taucorr":0.3843304239185741},"Iteration":10},
{"Acceptance":[0.13194620654656178],"Energy":{"Mean":-621.2076612903227,"Sigma":0.2735794980263927,"Taucorr":0.9053965248659179},"EnergyVariance":{"Mean":26.388328401404788,"Sigma":1.4708638091305897,"Taucorr":0.1575719963746598},"Iteration":11},
{"Acceptance":[0.11922979329728886],"Energy":{"Mean":-623.3870967741935,"Sigma":0.3341137037395128,"Taucorr":1.898491037587529},"EnergyVariance":{"Mean":23.061849635796044,"Sigma":1.6805195227553666,"Taucorr":0.4993826361831827},"Iteration":12},
{"Acceptance":[0.1043468077215857],"Energy":{"Mean":-624.5403225806454,"Sigma":0.2961168997297888,"Taucorr":1.4892768126287927},"EnergyVariance":{"Mean":21.84111602497398,"Sigma":1.2302407282715868,"Taucorr":0.16740374295633043},"Iteration":13},
{"Acceptance":[0.0942361368649113],"Energy":{"Mean":-625.774193548387,"Sigma":0.23172770006433915,"Taucorr":0.8922974131330219},"EnergyVariance":{"Mean":19.110301768990638,"Sigma":1.434464165735798,"Taucorr":0.447002466918486},"Iteration":14},
{"Acceptance":[0.08436944937833037],"Energy":{"Mean":-627.4667338709677,"Sigma":0.22531869363416063,"Taucorr":1.2732342458172188},"EnergyVariance":{"Mean":14.18639336465921,"Sigma":0.7376855527410421,"Taucorr":0.05636266842779469},"Iteration":15},
{"Acceptance":[0.07712802295395546],"Energy":{"Mean":-628.0645161290323,"Sigma":0.3012627974204739,"Taucorr":2.529872386476538},"EnergyVariance":{"Mean":14.84261186264308,"Sigma":1.3301452041469766,"Taucorr":0.538501786151071},"Iteration":16},
{"Acceptance":[0.06676360939238382],"Energy":{"Mean":-629.0826612903228,"Sigma":0.24377131656125378,"Taucorr":1.8561132756829108},"EnergyVariance":{"Mean":12.497199369146722,"Sigma":1.1298712254015135,"Taucorr":0.5826124241685844},"Iteration":17},
{"Acceptance":[0.06336736088068237],"Energy":{"Mean":-629.6905241935484,"Sigma":0.19896275700925653,"Taucorr":1.5336591108464406},"EnergyVariance":{"Mean":9.645152144575961,"Sigma":0.8181633197240785,"Taucorr":0.5418900709389312},"Iteration":18},
{"Acceptance":[0.05294439131028829],"Energy":{"Mean":-630.8034274193548,"Sigma":0.20700108409459697,"Taucorr":2.0689594678719527},"EnergyVariance":{"Mean":8.26478663989334,"Sigma":1.0936645584787992,"Taucorr":1.0682849303491648},"Iteration":19},
{"Acceptance":[0.04839654129174555],"Energy":{"Mean":-631.2368951612902,"Sigma":0.12100273911311213,"Taucorr":0.6620412320335578},"EnergyVariance":{"Mean":6.243275843847556,"Sigma":0.4895679555295962,"Taucorr":0.25740025693986157},"Iteration":20},
{"Acceptance":[0.0455370561942498],"Energy":{"Mean":-631.2499999999999,"Sigma":0.12627874153837826,"Taucorr":0.6486211349648534},"EnergyVariance":{"Mean":6.879032258064514,"Sigma":0.7322180660400645,"Taucorr":0.27514911808165754},"Iteration":21},
{"Acceptance":[0.03890070852770675],"Energy":{"Mean":-631.7570564516128,"Sigma":0.1658521955460062,"Taucorr":2.021357780008195},"EnergyVariance":{"Mean":5.40569617423257,"Sigma":0.6958745718526631,"Taucorr":0.9351953036434402},"Iteration":22},
{"Acceptance":[0.036255928795893275],"Energy":{"Mean":-632.2026209677421,"Sigma":0.12519198099843168,"Taucorr":1.744535645353067},"EnergyVariance":{"Mean":3.459952807947451,"Sigma":0.2937433246201932,"Taucorr":0.24858494703775413},"Iteration":23},
{"Acceptance":[0.03249858489645346],"Energy":{"Mean":-632.4586693548387,"Sigma":0.1330993865192968,"Taucorr":2.086746791440393},"EnergyVariance":{"Mean":3.3934530680931325,"Sigma":0.43899988156370523,"Taucorr":0.34248302688878773},"Iteration":24},
{"Acceptance":[0.03205941483028517],"Energy":{"Mean":-632.5786290322582,"Sigma":0.12819235843929153,"Taucorr":2.3087353392736985},"EnergyVariance":{"Mean":2.899059410770031,"Sigma":0.36822834653662134,"Taucorr":0.7140716027244915},"Iteration":25},
{"Acceptance":[0.026603946674994633],"Energy":{"Mean":-632.9002016129031,"Sigma":0.08645958050870106,"Taucorr":0.8593029510278307},"EnergyVariance":{"Mean":2.7249193141909474,"Sigma":0.40774596510797984,"Taucorr":0.35078437962132847},"Iteration":26},
{"Acceptance":[0.02454472703140554],"Energy":{"Mean":-633.0735887096773,"Sigma":0.10142785623262364,"Taucorr":1.8744666304712285},"EnergyVariance":{"Mean":2.1468024437434967,"Sigma":0.3171549451042631,"Taucorr":0.4711035705572404},"Iteration":27},
{"Acceptance":[0.023910370269162453],"Energy":{"Mean":-633.0877016129033,"Sigma":0.07848932998794479,"Taucorr":0.5902920384400301},"EnergyVariance":{"Mean":2.799768104513527,"Sigma":0.46189837340068085,"Taucorr":0.3102850865014729},"Iteration":28},
{"Acceptance":[0.023002752132414653],"Energy":{"Mean":-633.1895161290322,"Sigma":0.08602754305088423,"Taucorr":1.4574828153343358},"EnergyVariance":{"Mean":1.8733578303850154,"Sigma":0.27289910489113733,"Taucorr":0.1115481701766391},"Iteration":29},
{"Acceptance":[0.021568129916264906],"Energy":{"Mean":-633.3125000000001,"Sigma":0.09144799185905518,"Taucorr":1.6089388400778253},"EnergyVariance":{"Mean":1.9648437500000007,"Sigma":0.517823227938184,"Taucorr":0.5463028089296853},"Iteration":30},
{"Acceptance":[0.01889407218004021],"Energy":{"Mean":-633.4052419354837,"Sigma":0.05757628236386495,"Taucorr":0.47625237054144187},"EnergyVariance":{"Mean":1.6825531672736738,"Sigma":0.2944972398064922,"Taucorr":0.17743822937067077},"Iteration":31},
{"Acceptance":[0.019059980871703786],"Energy":{"Mean":-633.4102822580644,"Sigma":0.04454306956148058,"Taucorr":0.27399803456439753},"EnergyVariance":{"Mean":1.2701765332336103,"Sigma":0.13598490402885757,"Taucorr":-0.025339821939116935},"Iteration":32},
{"Acceptance":[0.015214802959030313],"Energy":{"Mean":-633.5272177419354,"Sigma":0.04288561264299655,"Taucorr":0.33146335214517275},"EnergyVariance":{"Mean":1.0960333880723203,"Sigma":0.18948713465047787,"Taucorr":-0.06793854788395937},"Iteration":33},
{"Acceptance":[0.016864130540862336],"Energy":{"Mean":-633.5836693548388,"Sigma":0.03903089034972353,"Taucorr":0.22625682720881823},"EnergyVariance":{"Mean":1.0393704068028098,"Sigma":0.21518491658425964,"Taucorr":0.3174208223063224},"Iteration":34},
{"Acceptance":[0.016942205219292253],"Energy":{"Mean":-633.6370967741935,"Sigma":0.036566489516589765,"Taucorr":0.2071968283580783},"EnergyVariance":{"Mean":0.9368496357960457,"Sigma":0.13862874856325486,"Taucorr":0.12453846493738097},"Iteration":35},
{"Acceptance":[0.01616145843499307],"Energy":{"Mean":-633.7076612903226,"Sigma":0.042807346225998695,"Taucorr":0.25360443409869926},"EnergyVariance":{"Mean":1.2048606594693028,"Sigma":0.2719450167804757,"Taucorr":0.09416539651244316},"Iteration":36},
{"Acceptance":[0.015039134932562996],"Energy":{"Mean":-633.6491935483871,"Sigma":0.04489453547834773,"Taucorr":0.44539746579232364},"EnergyVariance":{"Mean":1.056370317377731,"Sigma":0.1964961349752899,"Taucorr":-0.10176740700903153},"Iteration":37},
{"Acceptance":[0.014717076884039584],"Energy":{"Mean":-633.7328629032257,"Sigma":0.043229398472564656,"Taucorr":0.5984974424938263},"EnergyVariance":{"Mean":0.8429522876560877,"Sigma":0.1924436955962278,"Taucorr":0.18655570103614771},"Iteration":38},
{"Acceptance":[0.014336462826693732],"Energy":{"Mean":-633.7681451612904,"Sigma":0.03991901542160563,"Taucorr":0.5216557533682582},"EnergyVariance":{"Mean":0.7728562369927158,"Sigma":0.21568446750777534,"Taucorr":0.665264358141042},"Iteration":39},
{"Acceptance":[0.014170554135030156],"Energy":{"Mean":-633.8689516129031,"Sigma":0.03280471793402049,"Taucorr":0.41364315413397434},"EnergyVariance":{"Mean":0.5836327718522373,"Sigma":0.14535739760642719,"Taucorr":0.006613415047815319},"Iteration":40},
{"Acceptance":[0.012667616575254231],"Energy":{"Mean":-633.8487903225807,"Sigma":0.045322562708064805,"Taucorr":1.0646244040513941},"EnergyVariance":{"Mean":0.650522730228928,"Sigma":0.31909743150893094,"Taucorr":0.9866550904494968},"Iteration":41},
{"Acceptance":[0.013770421408076826],"Energy":{"Mean":-633.8024193548388,"Sigma":0.03652941697752394,"Taucorr":0.5765346900511161},"EnergyVariance":{"Mean":0.6141876951092612,"Sigma":0.1561984782984285,"Taucorr":0.5069902315694037},"Iteration":42},
{"Acceptance":[0.013858255421310483],"Energy":{"Mean":-633.8457661290322,"Sigma":0.03745336156346647,"Taucorr":0.5488316212855162},"EnergyVariance":{"Mean":0.6627038485301769,"Sigma":0.17426477630473258,"Taucorr":0.32123485280887887},"Iteration":43},
{"Acceptance":[0.014121757461011457],"Energy":{"Mean":-633.8800403225805,"Sigma":0.04180329014289185,"Taucorr":0.32219410048116903},"EnergyVariance":{"Mean":1.0531499983740893,"Sigma":0.33710198260397717,"Taucorr":0.30143366606426925},"Iteration":44},
{"Acceptance":[0.011984463138992447],"Energy":{"Mean":-633.8225806451613,"Sigma":0.044722934969028016,"Taucorr":0.636876274495018},"EnergyVariance":{"Mean":0.8717481789802289,"Sigma":0.23895141487601607,"Taucorr":0.43441051959688903},"Iteration":45},
{"Acceptance":[0.012960396619366423],"Energy":{"Mean":-633.9042338709677,"Sigma":0.03332920055458717,"Taucorr":0.3981965787728392},"EnergyVariance":{"Mean":0.6128046549817898,"Sigma":0.12785888549867724,"Taucorr":0.0908572199761215},"Iteration":46},
{"Acceptance":[0.010881658306169852],"Energy":{"Mean":-633.8971774193546,"Sigma":0.030611540697324365,"Taucorr":0.3382015326400648},"EnergyVariance":{"Mean":0.5539436459417274,"Sigma":0.13624745718084294,"Taucorr":0.07352691026130642},"Iteration":47},
{"Acceptance":[0.014970819588936818],"Energy":{"Mean":-633.9274193548387,"Sigma":0.03378144370991354,"Taucorr":0.1987443994616257},"EnergyVariance":{"Mean":0.8092481789802289,"Sigma":0.15523863146277672,"Taucorr":-0.07168383895386082},"Iteration":48},
{"Acceptance":[0.014590205531590968],"Energy":{"Mean":-633.9324596774193,"Sigma":0.024767771117433526,"Taucorr":0.20045695355451565},"EnergyVariance":{"Mean":0.43394636934183145,"Sigma":0.10052753332239689,"Taucorr":0.14023605211569334},"Iteration":49} 
]}