{"Output": [
{"Acceptance":[0.85],"Energy":{"Mean":-156.58064516129028,"Sigma":1.046203267270823,"Taucorr":0.2542766840012596},"EnergyVariance":{"Mean":89.24349635796048,"Sigma":11.33738410697483,"Taucorr":-0.04168534758558956},"Iteration":0},
{"Acceptance":[0.8126050420168067],"Energy":{"Mean":-157.3306451612903,"Sigma":0.8066747003266369,"Taucorr":0.174843254257661},"EnergyVariance":{"Mean":59.30196409989593,"Sigma":5.1899390917948525,"Taucorr":-0.11620604354233643},"Iteration":1},
{"Acceptance":[0.7955182072829131],"Energy":{"Mean":-158.5725806451613,"Sigma":0.7356324128436856,"Taucorr":-0.02093310203626919},"EnergyVariance":{"Mean":69.47053850156087,"Sigma":8.22195872326177,"Taucorr":-0.04845236064353747},"Iteration":2},
{"Acceptance":[0.7705882352941177],"Energy":{"Mean":-159.89516129032256,"Sigma":0.8617291781947516,"Taucorr":0.11555618866452444},"EnergyVariance":{"Mean":74.19062174817898,"Sigma":8.510210038229246,"Taucorr":-0.07141060211376887},"Iteration":3},
{"Acceptance":[0.707843137254902],"Energy":{"Mean":-162.18548387096772,"Sigma":0.9630238933055343,"Taucorr":0.1516760679448239},"EnergyVariance":{"Mean":87.52204734651403,"Sigma":12.599481930991404,"Taucorr":-0.024931868115915745},"Iteration":4},
{"Acceptance":[0.6187675070028011],"Energy":{"Mean":-166.47580645161293,"Sigma":0.8528379914212993,"Taucorr":0.1463915190759706},"EnergyVariance":{"Mean":69.20102757544227,"Sigma":9.179735871975314,"Taucorr":0.006705400791493288},"Iteration":5},
{"Acceptance":[0.5592436974789916],"Energy":{"Mean":-170.5564516129032,"Sigma":1.1059899033534657,"Taucorr":0.28635574110293827},"EnergyVariance":{"Mean":95.6661680541103,"Sigma":11.16378812891995,"Taucorr":-0.00812041971309957},"Iteration":6},
{"Acceptance":[0.5011204481792717],"Energy":{"Mean":-173.4032258064516,"Sigma":1.044743461549733,"Taucorr":0.393499191456797},"EnergyVariance":{"Mean":75.12773152965661,"Sigma":8.361602575097457,"Taucorr":-0.009901816414460973},"Iteration":7},
{"Acceptance":[0.4591036414565826],"Energy":{"Mean":-177.6612903225806,"Sigma":0.9909230780705395,"Taucorr":0.4121063405932345},"EnergyVariance":{"Mean":66.20785639958376,"Sigma":9.742693256750616,"Taucorr":0.19268543002490568},"Iteration":8},
{"Acceptance":[0.38823529411764707],"Energy":{"Mean":-182.0483870967742,"Sigma":0.8034217276278731,"Taucorr":0.1012035151032814},"EnergyVariance":{"Mean":66.0299167533819,"Sigma":9.307138672519915,"Taucorr":0.18034995230716766},"Iteration":9},
{"Acceptance":[0.3484593837535014],"Energy":{"Mean":-185.11290322580646,"Sigma":0.828899930864245,"Taucorr":0.4055055218280845},"EnergyVariance":{"Mean":46.664672216441204,"Sigma":5.906047915059418,"Taucorr":0.06982254309495661},"Iteration":10},
{"Acceptance":[0.32366946778711486],"Energy":{"Mean":-187.44354838709677,"Sigma":0.7488081638976731,"Taucorr":0.3119087249390927},"EnergyVariance":{"Mean":42.47261966701352,"Sigma":6.006948235481984,"Taucorr":-0.010773534480619573},"Iteration":11},
{"Acceptance":[0.3026610644257703],"Energy":{"Mean":-188.81451612903223,"Sigma":0.6570510591621987,"Taucorr":0.21219045425919214},"EnergyVariance":{"Mean":37.28011186264307,"Sigma":7.507402961885851,"Taucorr":0.18342528939612035},"Iteration":12},
{"Acceptance":[0.2557422969187675],"Energy":{"Mean":-191.86290322580646,"Sigma":0.698292725005318,"Taucorr":0.4175519520188812},"EnergyVariance":{"Mean":32.68281737773153,"Sigma":6.0190958253810285,"Taucorr":0.2135618834827807},"Iteration":13},
{"Acceptance":[0.23291316526610645],"Energy":{"Mean":-192.9274193548387,"Sigma":0.5457796963370377,"Taucorr":0.24421373295534032},"EnergyVariance":{"Mean":24.615699791883458,"Sigma":3.096502404342284,"Taucorr":0.04206216648296235},"Iteration":14},
{"Acceptance":[0.20742296918767508],"Energy":{"Mean":-195.3629032258064,"Sigma":0.5996009772722962,"Taucorr":0.49965009365140944},"EnergyVariance":{"Mean":22.118301248699265,"Sigma":3.0529974820984953,"Taucorr":0.2565652910338251},"Iteration":15},
{"Acceptance":[0.2015406162464986],"Energy":{"Mean":-196.90322580645162,"Sigma":0.5244912306116793,"Taucorr":0.39390222949197284},"EnergyVariance":{"Mean":18.926118626430803,"Sigma":3.069963470665126,"Taucorr":0.023726500797224936},"Iteration":16},
{"Acceptance":[0.19173669467787116],"Energy":{"Mean":-197.95161290322582,"Sigma":0.4528018144588714,"Taucorr":0.25326277837350664},"EnergyVariance":{"Mean":16.739594172736734,"Sigma":2.280533642235625,"Taucorr":-0.05404793012132991},"Iteration":17},
{"Acceptance":[0.1627450980392157],"Energy":{"Mean":-200.00806451612902,"Sigma":0.5079322237732881,"Taucorr":0.3834656903750545},"EnergyVariance":{"Mean":17.95961238293444,"Sigma":6.401106370028611,"Taucorr":0.1527206844494835},"Iteration":18},
{"Acceptance":[0.1530812324929972],"Energy":{"Mean":-200.63709677419357,"Sigma":0.38692312413307683,"Taucorr":0.3186059824562417},"EnergyVariance":{"Mean":11.247333506763788,"Sigma":1.4391358724592802,"Taucorr":0.1030035847053199},"Iteration":19},
{"Acceptance":[0.14635854341736695],"Energy":{"Mean":-201.58870967741936,"Sigma":0.3645125606448238,"Taucorr":0.2247815176949044},"EnergyVariance":{"Mean":11.274388657648283,"Sigma":1.5846250071300128,"Taucorr":0.08124978699159024},"Iteration":20},
{"Acceptance":[0.14495798319327732],"Energy":{"Mean":-201.87096774193552,"Sigma":0.40225690043031953,"Taucorr":0.3440644307149141},"EnergyVariance":{"Mean":11.789802289282,"Sigma":2.5563390924119713,"Taucorr":0.012994884696241993},"Iteration":21},
{"Acceptance":[0.11302521008403361],"Energy":{"Mean":-203.45161290322577,"Sigma":0.31780060590365256,"Taucorr":0.4941851265822722},"EnergyVariance":{"Mean":6.247658688865765,"Sigma":0.8486286759116738,"Taucorr":0.06608813734321184},"Iteration":22},
{"Acceptance":[0.10588235294117647],"Energy":{"Mean":-203.66129032258067,"Sigma":0.29841615667850674,"Taucorr":0.32239442946990327},"EnergyVariance":{"Mean":6.659469302809573,"Sigma":1.4724396638964197,"Taucorr":0.62828919008505},"Iteration":23},
{"Acceptance":[0.10084033613445378],"Energy":{"Mean":-204.56451612903226,"Sigma":0.2312796746248024,"Taucorr":0.3858441330998269},"EnergyVariance":{"Mean":3.7135796045785643,"Sigma":0.5285684830904921,"Taucorr":-0.08169434800272335},"Iteration":24},
{"Acceptance":[0.0938375350140056],"Energy":{"Mean":-204.14516129032256,"Sigma":0.3417173172950109,"Taucorr":0.43796676973259463},"EnergyVariance":{"Mean":7.656347554630594,"Sigma":2.302441237335278,"Taucorr":0.059446892263487316},"Iteration":25},
{"Acceptance":[0.08459383753501401],"Energy":{"Mean":-204.63709677419357,"Sigma":0.21372235710000984,"Taucorr":0.08773863466274612},"EnergyVariance":{"Mean":4.779591571279917,"Sigma":0.7279776699691761,"Taucorr":-0.059567012855337775},"Iteration":26},
{"Acceptance":[0.07184873949579831],"Energy":{"Mean":-205.32258064516128,"Sigma":0.22724198070331247,"Taucorr":0.39683734939759086},"EnergyVariance":{"Mean":3.541103017689905,"Sigma":0.9911240063856128,"Taucorr":0.5816089153638277},"Iteration":27},
{"Acceptance":[0.07871148459383753],"Energy":{"Mean":-204.9758064516129,"Sigma":0.2611376163352944,"Taucorr":0.4271051685716363},"EnergyVariance":{"Mean":4.5236082206035375,"Sigma":1.009164474348792,"Taucorr":0.10488670153687296},"Iteration":28},
{"Acceptance":[0.06932773109243698],"Energy":{"Mean":-205.41935483870972,"Sigma":0.19722098052139922,"Taucorr":0.195979034211328},"EnergyVariance":{"Mean":3.437044745057232,"Sigma":0.7100746883191558,"Taucorr":0.10489357108113373},"Iteration":29} 
]}