{"Output": [
{"Acceptance":[0.9037482319660537],"Energy":{"Mean":-624.6693548387095,"Sigma":1.7111818801593741,"Taucorr":0.025147311821226093},"EnergyVariance":{"Mean":342.9148673257024,"Sigma":44.07459588623993,"Taucorr":0.017984909892237333},"Iteration":0},
{"Acceptance":[0.8795615275813295],"Energy":{"Mean":-624.3629032258063,"Sigma":1.1165205354759216,"Taucorr":-0.14467100858788884},"EnergyVariance":{"Mean":215.76346253902184,"Sigma":32.06962804894557,"Taucorr":-0.02207159857285451},"Iteration":1},
{"Acceptance":[0.8257425742574257],"Energy":{"Mean":-626.6854838709678,"Sigma":1.8173287639504447,"Taucorr":-0.007529906417822696},"EnergyVariance":{"Mean":412.4414021852237,"Sigma":63.02413590102516,"Taucorr":0.09420195626597305},"Iteration":2},
{"Acceptance":[0.6513437057991514],"Energy":{"Mean":-637.8870967741934,"Sigma":1.7821108779782031,"Taucorr":0.06344973460000725},"EnergyVariance":{"Mean":346.6485431841832,"Sigma":45.748754081176536,"Taucorr":0.14651061776133156},"Iteration":3},
{"Acceptance":[0.4053748231966054],"Energy":{"Mean":-658.3790322580647,"Sigma":2.011254321879047,"Taucorr":0.5160429262000745},"EnergyVariance":{"Mean":244.84827003121745,"Sigma":49.32477694401084,"Taucorr":0.3175302411957245},"Iteration":4},
{"Acceptance":[0.29264497878359264],"Energy":{"Mean":-675.1774193548388,"Sigma":1.6104578236218847,"Taucorr":0.2715738362589152},"EnergyVariance":{"Mean":206.72658688865772,"Sigma":25.536444443731202,"Taucorr":-0.05183623371215268},"Iteration":5},
{"Acceptance":[0.22022630834512022],"Energy":{"Mean":-690.6209677419355,"Sigma":1.2382170979621236,"Taucorr":0.20976210116636218},"EnergyVariance":{"Mean":132.8482700312175,"Sigma":26.265465008047908,"Taucorr":0.06449832294601432},"Iteration":6},
{"Acceptance":[0.16817538896746817],"Energy":{"Mean":-698.3064516129033,"Sigma":0.8400036544194835,"Taucorr":0.15570555077300563},"EnergyVariance":{"Mean":66.1802809573361,"Sigma":8.606810041868734,"Taucorr":0.02110862615589848},"Iteration":7},
{"Acceptance":[0.14794908062234796],"Energy":{"Mean":-704.8387096774195,"Sigma":0.9405406523355604,"Taucorr":0.13493933836923933},"EnergyVariance":{"Mean":85.68366285119666,"Sigma":9.562762206404358,"Taucorr":-0.1350518681532194},"Iteration":8},
{"Acceptance":[0.11605374823196606],"Energy":{"Mean":-712.225806451613,"Sigma":0.5979753967308254,"Taucorr":0.08220570409245687},"EnergyVariance":{"Mean":37.77159209157129,"Sigma":5.156794545012134,"Taucorr":-0.03607407834777687},"Iteration":9},
{"Acceptance":[0.09695898161244695],"Energy":{"Mean":-715.7500000000001,"Sigma":0.6566451063542047,"Taucorr":0.22089887640449468},"EnergyVariance":{"Mean":36.78427419354839,"Sigma":4.129387165526751,"Taucorr":-0.1461912771540787},"Iteration":10},
{"Acceptance":[0.07347949080622349],"Energy":{"Mean":-720.766129032258,"Sigma":0.3660556034557683,"Taucorr":0.08119017149881369},"EnergyVariance":{"Mean":14.179175338189385,"Sigma":2.589697952826881,"Taucorr":-0.02010875661371947},"Iteration":11},
{"Acceptance":[0.06633663366336634],"Energy":{"Mean":-722.451612903226,"Sigma":0.28146586216509906,"Taucorr":0.1922747098395795},"EnergyVariance":{"Mean":7.037981269510926,"Sigma":1.6279753104935646,"Taucorr":0.1971937470255658},"Iteration":12},
{"Acceptance":[0.062093352192362096],"Energy":{"Mean":-723.4919354838709,"Sigma":0.2570207386113223,"Taucorr":-0.051402862457000764},"EnergyVariance":{"Mean":9.05638657648283,"Sigma":1.9089825190600023,"Taucorr":-0.034411287351387654},"Iteration":13},
{"Acceptance":[0.05304101838755304],"Energy":{"Mean":-724.1612903225807,"Sigma":0.3188833817697619,"Taucorr":0.2702443127202723},"EnergyVariance":{"Mean":8.11914672216441,"Sigma":4.249227964247779,"Taucorr":0.413553165300133},"Iteration":14},
{"Acceptance":[0.04865629420084865],"Energy":{"Mean":-724.7661290322582,"Sigma":0.2815890689392921,"Taucorr":0.25564916806917226},"EnergyVariance":{"Mean":6.453368886576483,"Sigma":1.1698296388854212,"Taucorr":0.09127881563181894},"Iteration":15},
{"Acceptance":[0.03564356435643564],"Energy":{"Mean":-726.1532258064514,"Sigma":0.20103141951873035,"Taucorr":0.266483483423268},"EnergyVariance":{"Mean":3.242650884495317,"Sigma":0.47814263552846914,"Taucorr":0.06149804120888869},"Iteration":16},
{"Acceptance":[0.03253182461103253],"Energy":{"Mean":-726.782258064516,"Sigma":0.2640518479868176,"Taucorr":0.694530301657776},"EnergyVariance":{"Mean":3.5896852237252865,"Sigma":0.5916852466479139,"Taucorr":0.25729868570012226},"Iteration":17},
{"Acceptance":[0.025176803394625177],"Energy":{"Mean":-727.6290322580645,"Sigma":0.16755314023921924,"Taucorr":0.07407447452642368},"EnergyVariance":{"Mean":3.007544224765869,"Sigma":0.5826414480327317,"Taucorr":0.21593014286757184},"Iteration":18},
{"Acceptance":[0.018033946251768036],"Energy":{"Mean":-727.5806451612902,"Sigma":0.20259973541993645,"Taucorr":0.42556991606254213},"EnergyVariance":{"Mean":2.727367325702393,"Sigma":0.6770001714780505,"Taucorr":0.025130325427898614},"Iteration":19},
{"Acceptance":[0.0185997171145686],"Energy":{"Mean":-727.5322580645159,"Sigma":0.2563027903881271,"Taucorr":0.6959780515980398},"EnergyVariance":{"Mean":3.3779916753381896,"Sigma":0.49108949161852905,"Taucorr":0.32157011917161105},"Iteration":20},
{"Acceptance":[0.02164073550212164],"Energy":{"Mean":-727.8951612903226,"Sigma":0.2927837731885521,"Taucorr":0.4733210859359064},"EnergyVariance":{"Mean":5.4164281997918815,"Sigma":2.2337032585697227,"Taucorr":0.4321304421052906},"Iteration":21},
{"Acceptance":[0.019306930693069307],"Energy":{"Mean":-728.758064516129,"Sigma":0.11446689839860584,"Taucorr":-0.10149877782068178},"EnergyVariance":{"Mean":2.0221123829344436,"Sigma":0.401365091286174,"Taucorr":0.1731700427147922},"Iteration":22},
{"Acceptance":[0.02178217821782178],"Energy":{"Mean":-729.2096774193548,"Sigma":0.1568750505262947,"Taucorr":0.23153526970954386},"EnergyVariance":{"Mean":2.0689386056191466,"Sigma":0.31280079452187703,"Taucorr":0.2402407771940902},"Iteration":23},
{"Acceptance":[0.019943422913719942],"Energy":{"Mean":-729.6048387096773,"Sigma":0.2494009472038531,"Taucorr":0.4418359994235318},"EnergyVariance":{"Mean":4.061589490114464,"Sigma":1.061875081367368,"Taucorr":0.55742361169838},"Iteration":24},
{"Acceptance":[0.017326732673267328],"Energy":{"Mean":-730.3870967741935,"Sigma":0.15761951843300256,"Taucorr":0.07864532019705617},"EnergyVariance":{"Mean":2.6404786680541106,"Sigma":0.5562303944258523,"Taucorr":0.1674923277635656},"Iteration":25},
{"Acceptance":[0.01287128712871287],"Energy":{"Mean":-731.1854838709678,"Sigma":0.13617654473298504,"Taucorr":0.12371332029166171},"EnergyVariance":{"Mean":1.8284989594172738,"Sigma":0.29572365343048923,"Taucorr":0.0268341688790128},"Iteration":26},
{"Acceptance":[0.008062234794908063],"Energy":{"Mean":-731.5645161290323,"Sigma":0.13216952189597075,"Taucorr":0.2814049195837095},"EnergyVariance":{"Mean":1.3748699271592093,"Sigma":0.2869849686691515,"Taucorr":0.0063549283065473805},"Iteration":27},
{"Acceptance":[0.00685997171145686],"Energy":{"Mean":-731.9112903225807,"Sigma":0.09737715385886299,"Taucorr":0.15723814410321957},"EnergyVariance":{"Mean":0.8872918834547346,"Sigma":0.26659270948785235,"Taucorr":0.03966978830173429},"Iteration":28},
{"Acceptance":[0.0061527581329561525],"Energy":{"Mean":-731.9516129032259,"Sigma":0.10134800768203046,"Taucorr":0.11334301591311302},"EnergyVariance":{"Mean":1.029916753381894,"Sigma":0.5110787393566514,"Taucorr":-0.021877796107702407},"Iteration":29},
{"Acceptance":[0.006364922206506365],"Energy":{"Mean":-732.1774193548385,"Sigma":0.12225125523636819,"Taucorr":0.04769415594480919},"EnergyVariance":{"Mean":1.678199791883455,"Sigma":1.0248938873643576,"Taucorr":-0.004697733227851553},"Iteration":30},
{"Acceptance":[0.008132956152758133],"Energy":{"Mean":-732.258064516129,"Sigma":0.06708591723575591,"Taucorr":0.13862545018002914},"EnergyVariance":{"Mean":0.4334027055150885,"Sigma":0.15131106947156708,"Taucorr":0.00038112741101548053},"Iteration":31},
{"Acceptance":[0.01074964639321075],"Energy":{"Mean":-732.5483870967741,"Sigma":0.05108941513206207,"Taucorr":-0.033950151057405564},"EnergyVariance":{"Mean":0.344432882414152,"Sigma":0.061368287252536166,"Taucorr":0.052348097506819014},"Iteration":32},
{"Acceptance":[0.007708628005657709],"Energy":{"Mean":-732.4193548387096,"Sigma":0.32593684178877425,"Taucorr":0.6806388679954836},"EnergyVariance":{"Mean":5.53381893860562,"Sigma":3.1304033919881458,"Taucorr":0.7072171462393655},"Iteration":33},
{"Acceptance":[0.0039603960396039604],"Energy":{"Mean":-732.5725806451615,"Sigma":0.15124641130867103,"Taucorr":0.2639625640120531},"EnergyVariance":{"Mean":1.8415062434963576,"Sigma":1.0431649347795544,"Taucorr":0.07249982615867867},"Iteration":34},
{"Acceptance":[0.0016265912305516265],"Energy":{"Mean":-732.9435483870968,"Sigma":0.03003062375003783,"Taucorr":0.5412698412697552},"EnergyVariance":{"Mean":0.05326482830385015,"Sigma":0.026640069455684378,"Taucorr":0.5412698412698416},"Iteration":35},
{"Acceptance":[0.0009900990099009901],"Energy":{"Mean":-733.0,"Sigma":0.030673444786228507,"Taucorr":0.012500000000014722},"EnergyVariance":{"Mean":0.11290322580645161,"Sigma":0.07849278242059111,"Taucorr":-0.012704918032786894},"Iteration":36},
{"Acceptance":[0.0007072135785007072],"Energy":{"Mean":-733.0322580645161,"Sigma":0.06734394094675936,"Taucorr":0.46416366906473905},"EnergyVariance":{"Mean":0.28928199791883463,"Sigma":0.25327925708664123,"Taucorr":0.4987001584590154},"Iteration":37},
{"Acceptance":[0.0005657708628005657],"Energy":{"Mean":-733.1451612903227,"Sigma":0.08422176431576571,"Taucorr":0.3533842239185577},"EnergyVariance":{"Mean":0.5111862643080124,"Sigma":0.2893861622078909,"Taucorr":0.3370725731414975},"Iteration":38},
{"Acceptance":[0.008062234794908063],"Energy":{"Mean":-733.1532258064518,"Sigma":0.14465263330435965,"Taucorr":0.050070890439494975},"EnergyVariance":{"Mean":2.339425078043704,"Sigma":0.4981048818772612,"Taucorr":0.08764049803953378},"Iteration":39},
{"Acceptance":[0.0026874115983026876],"Energy":{"Mean":-732.9112903225807,"Sigma":0.10076881017658837,"Taucorr":0.16742197817475568},"EnergyVariance":{"Mean":0.9356789802289283,"Sigma":0.43390074303842224,"Taucorr":-0.009385505555052742},"Iteration":40},
{"Acceptance":[0.0016973125884016972],"Energy":{"Mean":-733.0887096774193,"Sigma":0.1835098321092084,"Taucorr":0.41710681680731154},"EnergyVariance":{"Mean":2.2582596253902185,"Sigma":1.2811085500684567,"Taucorr":0.695206018063615},"Iteration":41},
{"Acceptance":[0.0015558698727015559],"Energy":{"Mean":-733.1209677419355,"Sigma":0.1497627908183503,"Taucorr":0.30991713445602953},"EnergyVariance":{"Mean":1.703108740894901,"Sigma":0.6074719522700973,"Taucorr":0.10912858566984074},"Iteration":42},
{"Acceptance":[0.0009193776520509194],"Energy":{"Mean":-733.1612903225807,"Sigma":0.08160716542369992,"Taucorr":0.16151260504202147},"EnergyVariance":{"Mean":0.6191467221644122,"Sigma":0.30010376962262597,"Taucorr":0.1615126050420168},"Iteration":43},
{"Acceptance":[0.002333804809052334],"Energy":{"Mean":-733.2741935483871,"Sigma":0.1266582687031149,"Taucorr":0.39509086617889666},"EnergyVariance":{"Mean":1.1022372528616025,"Sigma":0.42808777445327373,"Taucorr":0.3791970133023026},"Iteration":44},
{"Acceptance":[0.001272984441301273],"Energy":{"Mean":-733.5161290322582,"Sigma":0.1904774292611166,"Taucorr":0.7409143518518235},"EnergyVariance":{"Mean":1.7981269510926121,"Sigma":0.5652878545813569,"Taucorr":0.7409143518518515},"Iteration":45},
{"Acceptance":[0.0026874115983026876],"Energy":{"Mean":-733.2258064516128,"Sigma":0.1083570106733002,"Taucorr":0.19047263681593585},"EnergyVariance":{"Mean":1.0457856399583765,"Sigma":0.4710305689239284,"Taucorr":0.08181168261895866},"Iteration":46},
{"Acceptance":[0.002758132956152758],"Energy":{"Mean":-733.483870967742,"Sigma":0.12155770117043582,"Taucorr":0.03412844036700824},"EnergyVariance":{"Mean":1.701352757544225,"Sigma":0.3685943196780769,"Taucorr":0.03412844036697249},"Iteration":47},
{"Acceptance":[0.004031117397454031],"Energy":{"Mean":-733.5887096774194,"Sigma":0.2062688202872266,"Taucorr":0.5075705592146418},"EnergyVariance":{"Mean":2.5969693028095735,"Sigma":0.5594269873154329,"Taucorr":0.44348318244866203},"Iteration":48},
{"Acceptance":[0.005799151343705799],"Energy":{"Mean":-734.1129032258063,"Sigma":0.21560078278449774,"Taucorr":0.22577934086256368},"EnergyVariance":{"Mean":3.9388657648283036,"Sigma":0.7450224482585971,"Taucorr":0.05978110554913307},"Iteration":49},
{"Acceptance":[0.009971711456859971],"Energy":{"Mean":-734.7580645161291,"Sigma":0.19242505557175668,"Taucorr":0.07539604285808577},"EnergyVariance":{"Mean":3.9575962539021856,"Sigma":0.09096621592509745,"Taucorr":-0.02162973412855923},"Iteration":50},
{"Acceptance":[0.008062234794908063],"Energy":{"Mean":-735.3951612903227,"Sigma":0.231803991619422,"Taucorr":0.26216568917155303},"EnergyVariance":{"Mean":4.33578303850156,"Sigma":0.4727419227143875,"Taucorr":0.24793104203079952},"Iteration":51},
{"Acceptance":[0.005445544554455445],"Energy":{"Mean":-735.717741935484,"Sigma":0.21400618505654745,"Taucorr":0.3138975023961369},"EnergyVariance":{"Mean":3.4606529656607696,"Sigma":0.3101467300617729,"Taucorr":0.335114728668781},"Iteration":52},
{"Acceptance":[0.0021923620933521925],"Energy":{"Mean":-736.5483870967741,"Sigma":0.1661629571791992,"Taucorr":0.5596103896103977},"EnergyVariance":{"Mean":1.6024973985431843,"Sigma":0.5145691577162138,"Taucorr":0.5596103896103897},"Iteration":53},
{"Acceptance":[0.0016973125884016972],"Energy":{"Mean":-736.6451612903226,"Sigma":0.14329747310931298,"Taucorr":0.47634754625905584},"EnergyVariance":{"Mean":1.2934443288241413,"Sigma":0.47149491152096135,"Taucorr":0.4763475462590506},"Iteration":54},
{"Acceptance":[0.0009900990099009901],"Energy":{"Mean":-736.9354838709677,"Sigma":0.04485301852605072,"Taucorr":-0.012704918032816037},"EnergyVariance":{"Mean":0.2539021852237254,"Sigma":0.17362458784277726,"Taucorr":-0.012704918032787005},"Iteration":55},
{"Acceptance":[0.0002828854314002829],"Energy":{"Mean":-737.0,"Sigma":0.0,"Taucorr":null},"EnergyVariance":{"Mean":0.0,"Sigma":0.0,"Taucorr":null},"Iteration":56},
{"Acceptance":[0.0008486562942008486],"Energy":{"Mean":-737.1451612903226,"Sigma":0.08812121535256433,"Taucorr":0.65240112994349},"EnergyVariance":{"Mean":0.41441207075962555,"Sigma":0.23878006740695634,"Taucorr":0.6524011299435031},"Iteration":57},
{"Acceptance":[0.0002828854314002829],"Energy":{"Mean":-737.0,"Sigma":0.03478041718201346,"Taucorr":0.012500000000017164},"EnergyVariance":{"Mean":0.1451612903225806,"Sigma":0.10091929168361713,"Taucorr":-0.012704918032787005},"Iteration":58},
{"Acceptance":[0.0007072135785007072],"Energy":{"Mean":-736.9516129032259,"Sigma":0.057290237818401785,"Taucorr":0.0035204412719131994},"EnergyVariance":{"Mean":0.40088449531737763,"Sigma":0.23933297138919096,"Taucorr":-0.020725393638872602},"Iteration":59},
{"Acceptance":[0.0004243281471004243],"Energy":{"Mean":-736.9838709677418,"Sigma":0.07417601475849935,"Taucorr":0.3397191736604772},"EnergyVariance":{"Mean":0.4029656607700313,"Sigma":0.2709769128146772,"Taucorr":0.3625890023361419},"Iteration":60},
{"Acceptance":[0.00014144271570014144],"Energy":{"Mean":-737.0241935483872,"Sigma":0.02419354838709764,"Taucorr":2.7977620220553945e-14},"EnergyVariance":{"Mean":0.07199531737773152,"Sigma":0.07140998959416828,"Taucorr":-2.220446049250313e-16},"Iteration":61},
{"Acceptance":[0.00014144271570014144],"Energy":{"Mean":-736.8870967741935,"Sigma":0.11290322580645315,"Taucorr":9.769962616701378e-15},"EnergyVariance":{"Mean":1.5678980228928205,"Sigma":1.555150884495315,"Taucorr":2.220446049250313e-16},"Iteration":62},
{"Acceptance":[0.0008486562942008486],"Energy":{"Mean":-737.0483870967741,"Sigma":0.03363976389453995,"Taucorr":-0.012704918032770574},"EnergyVariance":{"Mean":0.14281997918834544,"Sigma":0.09766383066156796,"Taucorr":-0.012704918032786672},"Iteration":63},
{"Acceptance":[0.0002828854314002829],"Energy":{"Mean":-737.0,"Sigma":0.0,"Taucorr":null},"EnergyVariance":{"Mean":0.0,"Sigma":0.0,"Taucorr":null},"Iteration":64},
{"Acceptance":[0.0008486562942008486],"Energy":{"Mean":-737.0241935483872,"Sigma":0.02419354838709764,"Taucorr":2.7977620220553945e-14},"EnergyVariance":{"Mean":0.07199531737773152,"Sigma":0.07140998959416828,"Taucorr":-2.220446049250313e-16},"Iteration":65},
{"Acceptance":[0.0008486562942008486],"Energy":{"Mean":-737.0403225806452,"Sigma":0.06360240049396854,"Taucorr":0.220802713397391},"EnergyVariance":{"Mean":0.34514828303850165,"Sigma":0.199362783531923,"Taucorr":0.12896104450234613},"Iteration":66},
{"Acceptance":[0.0009900990099009901],"Energy":{"Mean":-737.1209677419354,"Sigma":0.06120537406777503,"Taucorr":0.16151260504201637},"EnergyVariance":{"Mean":0.3482700312174819,"Sigma":0.168808370412748,"Taucorr":0.1615126050420166},"Iteration":67},
{"Acceptance":[0.0004243281471004243],"Energy":{"Mean":-737.0,"Sigma":0.0695608343640258,"Taucorr":0.5250000000000057},"EnergyVariance":{"Mean":0.2903225806451612,"Sigma":0.20183858336723431,"Taucorr":0.49083333333333345},"Iteration":68},
{"Acceptance":[0.0007072135785007072],"Energy":{"Mean":-737.0483870967743,"Sigma":0.033639763894538266,"Taucorr":-0.012704918032799495},"EnergyVariance":{"Mean":0.14281997918834546,"Sigma":0.09766383066156029,"Taucorr":-0.012704918032786783},"Iteration":69},
{"Acceptance":[0.0015558698727015559],"Energy":{"Mean":-737.266129032258,"Sigma":0.11296081480575958,"Taucorr":0.39919517102613256},"EnergyVariance":{"Mean":0.8727237252861605,"Sigma":0.27296766049875526,"Taucorr":0.32321712792098634},"Iteration":70},
{"Acceptance":[0.0016973125884016972],"Energy":{"Mean":-737.1612903225807,"Sigma":0.09386302297976261,"Taucorr":0.506183574879205},"EnergyVariance":{"Mean":0.5385015608740896,"Sigma":0.2400559547264837,"Taucorr":0.5089710311360036},"Iteration":71},
{"Acceptance":[0.0031117397454031117],"Energy":{"Mean":-737.2741935483871,"Sigma":0.12178932470260198,"Taucorr":0.13306102184509638},"EnergyVariance":{"Mean":1.4409469302809574,"Sigma":0.3576445893594759,"Taucorr":0.26641958141885447},"Iteration":72},
{"Acceptance":[0.0024045261669024044],"Energy":{"Mean":-737.3145161290321,"Sigma":0.1030239962753003,"Taucorr":0.27283437283438694},"EnergyVariance":{"Mean":0.8446279916753381,"Sigma":0.24426657181405037,"Taucorr":0.27283437283437284},"Iteration":73},
{"Acceptance":[0.0034653465346534654],"Energy":{"Mean":-737.5080645161291,"Sigma":0.11209387325092561,"Taucorr":0.11035598705498839},"EnergyVariance":{"Mean":1.2660639958376692,"Sigma":0.22237978080423929,"Taucorr":0.11035598705501615},"Iteration":74},
{"Acceptance":[0.007355021216407355],"Energy":{"Mean":-738.1612903225805,"Sigma":0.1468982106330859,"Taucorr":0.12151864035090976},"EnergyVariance":{"Mean":2.1352757544224765,"Sigma":0.09951169107406525,"Taucorr":0.121518640350877},"Iteration":75},
{"Acceptance":[0.009335219236209336],"Energy":{"Mean":-738.3951612903227,"Sigma":0.12257003349654064,"Taucorr":-0.11764230924503849},"EnergyVariance":{"Mean":2.4164281997918833,"Sigma":0.1463704886227597,"Taucorr":0.02353206369406291},"Iteration":76},
{"Acceptance":[0.007779349363507779],"Energy":{"Mean":-738.8629032258065,"Sigma":0.15504019149287687,"Taucorr":0.19787234042553614},"EnergyVariance":{"Mean":2.1183012486992716,"Sigma":0.112529171244833,"Taucorr":0.19787234042553192},"Iteration":77},
{"Acceptance":[0.00487977369165488],"Energy":{"Mean":-739.1774193548388,"Sigma":0.14065588890724265,"Taucorr":0.179313725490181},"EnergyVariance":{"Mean":1.7911030176899059,"Sigma":0.19056604303564056,"Taucorr":0.17931372549019575},"Iteration":78},
{"Acceptance":[0.0018387553041018388],"Energy":{"Mean":-739.4838709677421,"Sigma":0.1537765991813282,"Taucorr":0.16551785714284994},"EnergyVariance":{"Mean":2.185223725286161,"Sigma":0.8108834119494316,"Taucorr":-0.020470580398530336},"Iteration":79},
{"Acceptance":[0.0010608203677510608],"Energy":{"Mean":-739.9596774193548,"Sigma":0.06360240049396856,"Taucorr":0.3865121668597833},"EnergyVariance":{"Mean":0.28063215400624353,"Sigma":0.1668358593337371,"Taucorr":0.3321093480236088},"Iteration":80},
{"Acceptance":[0.0002828854314002829],"Energy":{"Mean":-739.9354838709676,"Sigma":0.046327118117241724,"Taucorr":-0.011199421965324252},"EnergyVariance":{"Mean":0.2700312174817898,"Sigma":0.20613570198651832,"Taucorr":-0.007962867310379373},"Iteration":81},
{"Acceptance":[0.0002828854314002829],"Energy":{"Mean":-739.9193548387096,"Sigma":0.053615387543854025,"Taucorr":0.3061387900355942},"EnergyVariance":{"Mean":0.21930280957336115,"Sigma":0.15135256974557137,"Taucorr":0.3214615392264709},"Iteration":82},
{"Acceptance":[0.0004243281471004243],"Energy":{"Mean":-739.9354838709676,"Sigma":0.04632711811724338,"Taucorr":-0.011199421965291945},"EnergyVariance":{"Mean":0.27003121748178976,"Sigma":0.20613570198651826,"Taucorr":-0.007962867310379373},"Iteration":83},
{"Acceptance":[0.00014144271570014144],"Energy":{"Mean":-740.0,"Sigma":0.0,"Taucorr":null},"EnergyVariance":{"Mean":0.0,"Sigma":0.0,"Taucorr":null},"Iteration":84},
{"Acceptance":[0.00014144271570014144],"Energy":{"Mean":-739.9758064516128,"Sigma":0.024193548387097977,"Taucorr":4.618527782440651e-14},"EnergyVariance":{"Mean":0.07199531737773154,"Sigma":0.07140998959416829,"Taucorr":-2.220446049250313e-16},"Iteration":85},
{"Acceptance":[0.0002828854314002829],"Energy":{"Mean":-739.9758064516128,"Sigma":0.017790744201909677,"Taucorr":0.3245179063362129},"EnergyVariance":{"Mean":0.02360822060353798,"Sigma":0.016929901740521947,"Taucorr":0.3245179063360877},"Iteration":86},
{"Acceptance":[0.0005657708628005657],"Energy":{"Mean":-739.7741935483872,"Sigma":0.153084258332301,"Taucorr":0.36890291718947443},"EnergyVariance":{"Mean":1.6586888657648287,"Sigma":1.2547933532487952,"Taucorr":0.45659343816638676},"Iteration":87},
{"Acceptance":[0.0002828854314002829],"Energy":{"Mean":-739.9919354838709,"Sigma":0.00806451612903539,"Taucorr":2.744471316873387e-13},"EnergyVariance":{"Mean":0.007999479708636839,"Sigma":0.0079344432882397,"Taucorr":0.0},"Iteration":88},
{"Acceptance":[0.00014144271570014144],"Energy":{"Mean":-739.9758064516129,"Sigma":0.024193548387097127,"Taucorr":1.4876988529977098e-14},"EnergyVariance":{"Mean":0.07199531737773153,"Sigma":0.0714099895941738,"Taucorr":0.0},"Iteration":89},
{"Acceptance":[0.00014144271570014144],"Energy":{"Mean":-740.0,"Sigma":0.0,"Taucorr":null},"EnergyVariance":{"Mean":0.0,"Sigma":0.0,"Taucorr":null},"Iteration":90},
{"Acceptance":[0.0],"Energy":{"Mean":-740.0,"Sigma":0.0,"Taucorr":null},"EnergyVariance":{"Mean":0.0,"Sigma":0.0,"Taucorr":null},"Iteration":91},
{"Acceptance":[0.00014144271570014144],"Energy":{"Mean":-740.016129032258,"Sigma":0.016129032258066438,"Taucorr":1.0236256287043943e-13},"EnergyVariance":{"Mean":0.031997918834547355,"Sigma":0.03173777315296614,"Taucorr":0.0},"Iteration":92},
{"Acceptance":[0.0],"Energy":{"Mean":-740.0,"Sigma":0.0,"Taucorr":null},"EnergyVariance":{"Mean":0.0,"Sigma":0.0,"Taucorr":null},"Iteration":93},
{"Acceptance":[0.0],"Energy":{"Mean":-740.0,"Sigma":0.0,"Taucorr":null},"EnergyVariance":{"Mean":0.0,"Sigma":0.0,"Taucorr":null},"Iteration":94},
{"Acceptance":[0.0004243281471004243],"Energy":{"Mean":-740.0,"Sigma":0.0,"Taucorr":null},"EnergyVariance":{"Mean":0.0,"Sigma":0.0,"Taucorr":null},"Iteration":95},
{"Acceptance":[0.0005657708628005657],"Energy":{"Mean":-740.0080645161291,"Sigma":0.02952097615762058,"Taucorr":0.011545623836192287},"EnergyVariance":{"Mean":0.10477367325702396,"Sigma":0.053968505428037404,"Taucorr":-0.031581677436243016},"Iteration":96},
{"Acceptance":[0.0],"Energy":{"Mean":-740.0,"Sigma":0.0,"Taucorr":null},"EnergyVariance":{"Mean":0.0,"Sigma":0.0,"Taucorr":null},"Iteration":97},
{"Acceptance":[0.0],"Energy":{"Mean":-740.0,"Sigma":0.0,"Taucorr":null},"EnergyVariance":{"Mean":0.0,"Sigma":0.0,"Taucorr":null},"Iteration":98},
{"Acceptance":[0.00014144271570014144],"Energy":{"Mean":-739.9274193548387,"Sigma":0.0725806451612911,"Taucorr":5.773159728050814e-15},"EnergyVariance":{"Mean":0.6479578563995837,"Sigma":0.6426899063475476,"Taucorr":0.0},"Iteration":99} 
]}